Current configuration:
[NAME]		[DEFLT]	[VALUE]
-allphones	no	no
-cntthresh	0.00001	1.000000e-05
-csplitmax	100	2000
-csplitmin	1	1
-csplitthr	8e-4	0.000000e+00
-example	no	no
-fullvar	no	no
-help		no	no
-meanfn			/home/alex/repos/speech/an4/model_parameters/an4.cd_cont_untied/means
-mixwfn			/home/alex/repos/speech/an4/model_parameters/an4.cd_cont_untied/mixture_weights
-moddeffn		/home/alex/repos/speech/an4/model_architecture/an4.untied.mdef
-mwfloor	1e-4	1.000000e-08
-phone			Z
-psetfn			/home/alex/repos/speech/an4/model_architecture/an4.tree_questions
-ssplitmax	5	7
-ssplitmin	1	1
-ssplitthr	8e-4	0.000000e+00
-state			2
-stwt			1.0,0.05,0.0,
-treefn			/home/alex/repos/speech/an4/trees/an4.unpruned/Z-2.dtree
-ts2cbfn	.semi.	.cont.
-varfloor	0.00001	1.000000e-05
-varfn			/home/alex/repos/speech/an4/model_parameters/an4.cd_cont_untied/variances

INFO: main.c(223): Reading: /home/alex/repos/speech/an4/model_architecture/an4.untied.mdef
INFO: model_def_io.c(573): Model definition info:
INFO: model_def_io.c(574): 1618 total models defined (34 base, 1584 tri)
INFO: model_def_io.c(575): 6472 total states
INFO: model_def_io.c(576): 4854 total tied states
INFO: model_def_io.c(577): 102 total tied CI states
INFO: model_def_io.c(578): 34 total tied transition matrices
INFO: model_def_io.c(579): 4 max state/model
INFO: model_def_io.c(580): 4 min state/model
INFO: main.c(242): Building trees for [Z AH IY b] through [Z V IH b]
INFO: main.c(269): Covering states |[4779 4853]| == 75
INFO: main.c(275): Reading: /home/alex/repos/speech/an4/model_parameters/an4.cd_cont_untied/mixture_weights
INFO: s3mixw_io.c(173): Read /home/alex/repos/speech/an4/model_parameters/an4.cd_cont_untied/mixture_weights [75x1x1 array]
INFO: main.c(311): 25 of 25 models have observation count greater than 0.000010
INFO: main.c(95): nrm stwt: 0.000 0.048 0.952 
INFO: s3gau_io.c(169): Read /home/alex/repos/speech/an4/model_parameters/an4.cd_cont_untied/means [4854x1x1 array]
INFO: s3gau_io.c(169): Read /home/alex/repos/speech/an4/model_parameters/an4.cd_cont_untied/variances [4854x1x1 array]
INFO: main.c(549): Reading: /home/alex/repos/speech/an4/model_architecture/an4.tree_questions
INFO: main.c(588): 180 total simple questions (172 phone; 8 word bndry)
INFO: main.c(590): 42 Left Only questions, and 42 Right Only questions
INFO: dtree.c(1478): Final simple tree
|( QUESTION0 1 -1.176e+05 6.090e+02 5.551e+02
|    ( WDBNDRY_B 0 -4.038e+04 2.409e+02 1.861e+02
|        ( QUESTION0 -1 -3.306e+04 2.251e+02 1.529e+02
|            ( QUESTION3 -1 -1.967e+04 1.969e+02 9.187e+01
|                ( - -6.692e+02 1 0)
|                ( - -1.881e+04 4 0 QUESTION1 -1 1.583e+02 8.787e+01))
|            ( - -1.316e+04 5 0 QUESTION2_14_L -1 1.532e+02 6.106e+01))
|        ( - -7.078e+03 1 0))
|    ( QUESTION0 -1 -7.659e+04 2.366e+02 3.690e+02
|        ( QUESTION3 -1 -1.719e+04 2.399e+02 8.304e+01
|            ( - -4.084e+03 2 0 QUESTION6 -1 1.516e+02 2.000e+01)
|            ( - -1.287e+04 3 0 QUESTION14 -1 1.800e+02 6.304e+01))
|        ( QUESTION2_8_L -1 -5.917e+04 1.943e+02 2.860e+02
|            ( - -1.700e+03 1 0)
|            ( - -5.727e+04 8 0 QUESTION2_7_L -1 1.848e+02 2.770e+02))))
s>    ( QUESTION0 1 -1.176e+05 6.090e+02 5.551e+02
s>        ( WDBNDRY_B 0 -4.038e+04 2.409e+02 1.861e+02
s>            ( QUESTION0 -1 -3.306e+04 2.251e+02 1.529e+02
s>                ( QUESTION3 -1 -1.967e+04 1.969e+02 9.187e+01
s>                    ( - -6.692e+02 1 0)
s>                    ( - -1.881e+04 4 0 QUESTION1 -1 1.583e+02 8.787e+01))
s>                ( - -1.316e+04 5 0 QUESTION2_14_L -1 1.532e+02 6.106e+01))
s>            ( - -7.078e+03 1 0))
s>        ( QUESTION0 -1 -7.659e+04 2.366e+02 3.690e+02
s>            ( QUESTION3 -1 -1.719e+04 2.399e+02 8.304e+01
s>                ( - -4.084e+03 2 0 QUESTION6 -1 1.516e+02 2.000e+01)
s>                ( - -1.287e+04 3 0 QUESTION14 -1 1.800e+02 6.304e+01))
s>            ( QUESTION2_8_L -1 -5.917e+04 1.943e+02 2.860e+02
s>                ( - -1.700e+03 1 0)
s>                ( - -5.727e+04 8 0 QUESTION2_7_L -1 1.848e+02 2.770e+02))))INFO: dtree.c(1315): Comp split 0
INFO: dtree.c(1478): Final simple tree
|( QUESTION8 1 -4.463e+04 2.726e+02 2.061e+02
|    ( QUESTION0 -1 -3.306e+04 2.251e+02 1.529e+02
|        ( QUESTION3 -1 -1.967e+04 1.969e+02 9.187e+01
|            ( - -6.692e+02 1 0)
|            ( QUESTION1 -1 -1.881e+04 1.583e+02 8.787e+01
|                ( - -8.396e+03 1 0)
|                ( QUESTION10 -1 -1.025e+04 1.444e+02 4.851e+01
|                    ( - -9.776e+02 1 0)
|                    ( - -9.131e+03 2 0 QUESTION9 -1 7.965e+01 4.351e+01))))
|        ( QUESTION2_14_L -1 -1.316e+04 1.532e+02 6.106e+01
|            ( - -2.624e+03 1 0)
|            ( - -1.038e+04 4 0 QUESTION2_7_L -1 1.436e+02 4.826e+01)))
|    ( QUESTION6 -1 -1.130e+04 1.543e+02 5.312e+01
|        ( - -7.380e+02 1 0)
|        ( - -1.040e+04 2 0 WDBNDRY_B 0 1.304e+02 4.912e+01)))
s>    ( QUESTION8 1 -4.463e+04 2.726e+02 2.061e+02
s>        ( QUESTION0 -1 -3.306e+04 2.251e+02 1.529e+02
s>            ( QUESTION3 -1 -1.967e+04 1.969e+02 9.187e+01
s>                ( - -6.692e+02 1 0)
s>                ( QUESTION1 -1 -1.881e+04 1.583e+02 8.787e+01
s>                    ( - -8.396e+03 1 0)
s>                    ( QUESTION10 -1 -1.025e+04 1.444e+02 4.851e+01
s>                        ( - -9.776e+02 1 0)
s>                        ( - -9.131e+03 2 0 QUESTION9 -1 7.965e+01 4.351e+01))))
s>            ( QUESTION2_14_L -1 -1.316e+04 1.532e+02 6.106e+01
s>                ( - -2.624e+03 1 0)
s>                ( - -1.038e+04 4 0 QUESTION2_7_L -1 1.436e+02 4.826e+01)))
s>        ( QUESTION6 -1 -1.130e+04 1.543e+02 5.312e+01
s>            ( - -7.380e+02 1 0)
s>            ( - -1.040e+04 2 0 WDBNDRY_B 0 1.304e+02 4.912e+01)))INFO: dtree.c(1478): Final simple tree
|( QUESTION0 -1 -7.231e+04 2.735e+02 3.490e+02
|    ( QUESTION14 -1 -1.287e+04 1.800e+02 6.304e+01
|        ( - -5.399e+03 1 0)
|        ( QUESTION1 -1 -7.288e+03 1.429e+02 3.601e+01
|            ( - -5.833e+03 1 0)
|            ( - -1.312e+03 1 0)))
|    ( QUESTION2_8_L -1 -5.917e+04 1.943e+02 2.860e+02
|        ( - -1.700e+03 1 0)
|        ( QUESTION2_7_L -1 -5.727e+04 1.848e+02 2.770e+02
|            ( - -2.562e+03 1 0)
|            ( QUESTION2_14_L -1 -5.453e+04 1.739e+02 2.650e+02
|                ( - -2.897e+04 2 0)
|                ( SILENCE -1 -2.538e+04 1.803e+02 1.240e+02
|                    ( - -7.580e+03 1 0)
|                    ( - -1.762e+04 4 0 QUESTION2_0_L -1 1.226e+02 8.702e+01))))))
s>    ( QUESTION0 -1 -7.231e+04 2.735e+02 3.490e+02
s>        ( QUESTION14 -1 -1.287e+04 1.800e+02 6.304e+01
s>            ( - -5.399e+03 1 0)
s>            ( QUESTION1 -1 -7.288e+03 1.429e+02 3.601e+01
s>                ( - -5.833e+03 1 0)
s>                ( - -1.312e+03 1 0)))
s>        ( QUESTION2_8_L -1 -5.917e+04 1.943e+02 2.860e+02
s>            ( - -1.700e+03 1 0)
s>            ( QUESTION2_7_L -1 -5.727e+04 1.848e+02 2.770e+02
s>                ( - -2.562e+03 1 0)
s>                ( QUESTION2_14_L -1 -5.453e+04 1.739e+02 2.650e+02
s>                    ( - -2.897e+04 2 0)
s>                    ( SILENCE -1 -2.538e+04 1.803e+02 1.240e+02
s>                        ( - -7.580e+03 1 0)
s>                        ( - -1.762e+04 4 0 QUESTION2_0_L -1 1.226e+02 8.702e+01))))))INFO: dtree.c(1315): Comp split 1
INFO: dtree.c(1439): stop. leaf nodes are specific
INFO: dtree.c(1478): Final simple tree
|( QUESTION8 1 -2.921e+04 2.264e+02 1.360e+02
|    ( QUESTION1 -1 -1.768e+04 1.579e+02 8.287e+01
|        ( - -8.396e+03 1 0)
|        ( QUESTION9 -1 -9.131e+03 7.965e+01 4.351e+01
|            ( - -3.834e+03 1 0)
|            ( - -5.217e+03 1 0)))
|    ( QUESTION6 -1 -1.130e+04 1.543e+02 5.312e+01
|        ( - -7.380e+02 1 0)
|        ( WDBNDRY_B 0 -1.040e+04 1.304e+02 4.912e+01
|            ( - -3.195e+03 1 0)
|            ( - -7.078e+03 1 0))))
s>    ( QUESTION8 1 -2.921e+04 2.264e+02 1.360e+02
s>        ( QUESTION1 -1 -1.768e+04 1.579e+02 8.287e+01
s>            ( - -8.396e+03 1 0)
s>            ( QUESTION9 -1 -9.131e+03 7.965e+01 4.351e+01
s>                ( - -3.834e+03 1 0)
s>                ( - -5.217e+03 1 0)))
s>        ( QUESTION6 -1 -1.130e+04 1.543e+02 5.312e+01
s>            ( - -7.380e+02 1 0)
s>            ( WDBNDRY_B 0 -1.040e+04 1.304e+02 4.912e+01
s>                ( - -3.195e+03 1 0)
s>                ( - -7.078e+03 1 0))))INFO: dtree.c(1439): stop. leaf nodes are specific
INFO: dtree.c(1478): Final simple tree
|( QUESTION1 -1 -1.511e+04 1.706e+02 7.006e+01
|    ( - -6.692e+02 1 0)
|    ( QUESTION2_7_L -1 -1.427e+04 1.493e+02 6.606e+01
|        ( - -2.728e+03 1 0)
|        ( QUESTION2_15_L -1 -1.139e+04 1.655e+02 5.306e+01
|            ( - -7.512e+03 3 0)
|            ( QUESTION0 -1 -3.711e+03 1.099e+02 1.780e+01
|                ( - -9.776e+02 1 0)
|                ( - -2.624e+03 1 0)))))
s>    ( QUESTION1 -1 -1.511e+04 1.706e+02 7.006e+01
s>        ( - -6.692e+02 1 0)
s>        ( QUESTION2_7_L -1 -1.427e+04 1.493e+02 6.606e+01
s>            ( - -2.728e+03 1 0)
s>            ( QUESTION2_15_L -1 -1.139e+04 1.655e+02 5.306e+01
s>                ( - -7.512e+03 3 0)
s>                ( QUESTION0 -1 -3.711e+03 1.099e+02 1.780e+01
s>                    ( - -9.776e+02 1 0)
s>                    ( - -2.624e+03 1 0)))))INFO: dtree.c(1315): Comp split 2
INFO: dtree.c(1439): stop. leaf nodes are specific
INFO: dtree.c(1478): Final simple tree
|( QUESTION14 -1 -3.068e+04 1.908e+02 1.501e+02
|    ( - -5.399e+03 1 0)
|    ( QUESTION0 -1 -2.509e+04 1.787e+02 1.230e+02
|        ( QUESTION1 -1 -7.288e+03 1.429e+02 3.601e+01
|            ( - -5.833e+03 1 0)
|            ( - -1.312e+03 1 0))
|        ( QUESTION2_0_L -1 -1.762e+04 1.226e+02 8.702e+01
|            ( - -4.132e+03 1 0)
|            ( - -1.337e+04 3 0))))
s>    ( QUESTION14 -1 -3.068e+04 1.908e+02 1.501e+02
s>        ( - -5.399e+03 1 0)
s>        ( QUESTION0 -1 -2.509e+04 1.787e+02 1.230e+02
s>            ( QUESTION1 -1 -7.288e+03 1.429e+02 3.601e+01
s>                ( - -5.833e+03 1 0)
s>                ( - -1.312e+03 1 0))
s>            ( QUESTION2_0_L -1 -1.762e+04 1.226e+02 8.702e+01
s>                ( - -4.132e+03 1 0)
s>                ( - -1.337e+04 3 0))))INFO: dtree.c(1439): stop. leaf nodes are specific
INFO: dtree.c(1478): Final simple tree
|( QUESTION2_13_L -1 -4.135e+04 2.030e+02 1.989e+02
|    ( - -2.897e+04 2 0)
|    ( QUESTION2_8_L -1 -1.218e+04 1.782e+02 5.804e+01
|        ( - -1.700e+03 1 0)
|        ( SILENCE -1 -1.030e+04 1.601e+02 4.904e+01
|            ( - -7.580e+03 1 0)
|            ( - -2.562e+03 1 0))))
s>    ( QUESTION2_13_L -1 -4.135e+04 2.030e+02 1.989e+02
s>        ( - -2.897e+04 2 0)
s>        ( QUESTION2_8_L -1 -1.218e+04 1.782e+02 5.804e+01
s>            ( - -1.700e+03 1 0)
s>            ( SILENCE -1 -1.030e+04 1.601e+02 4.904e+01
s>                ( - -7.580e+03 1 0)
s>                ( - -2.562e+03 1 0))))INFO: dtree.c(1315): Comp split 3
INFO: dtree.c(1439): stop. leaf nodes are specific
INFO: dtree.c(1478): Final simple tree
|( QUESTION6 -1 -1.130e+04 1.543e+02 5.312e+01
|    ( - -7.380e+02 1 0)
|    ( WDBNDRY_B 0 -1.040e+04 1.304e+02 4.912e+01
|        ( - -3.195e+03 1 0)
|        ( - -7.078e+03 1 0)))
s>    ( QUESTION6 -1 -1.130e+04 1.543e+02 5.312e+01
s>        ( - -7.380e+02 1 0)
s>        ( WDBNDRY_B 0 -1.040e+04 1.304e+02 4.912e+01
s>            ( - -3.195e+03 1 0)
s>            ( - -7.078e+03 1 0)))INFO: dtree.c(1439): stop. leaf nodes are specific
INFO: dtree.c(1478): Final simple tree
|( QUESTION1 -1 -1.768e+04 1.579e+02 8.287e+01
|    ( - -8.396e+03 1 0)
|    ( QUESTION9 -1 -9.131e+03 7.965e+01 4.351e+01
|        ( - -3.834e+03 1 0)
|        ( - -5.217e+03 1 0)))
s>    ( QUESTION1 -1 -1.768e+04 1.579e+02 8.287e+01
s>        ( - -8.396e+03 1 0)
s>        ( QUESTION9 -1 -9.131e+03 7.965e+01 4.351e+01
s>            ( - -3.834e+03 1 0)
s>            ( - -5.217e+03 1 0)))INFO: dtree.c(1315): Comp split 4
INFO: dtree.c(1439): stop. leaf nodes are specific
INFO: dtree.c(1478): Final simple tree
|( QUESTION2_8_L -1 -1.218e+04 1.782e+02 5.804e+01
|    ( - -1.700e+03 1 0)
|    ( SILENCE -1 -1.030e+04 1.601e+02 4.904e+01
|        ( - -7.580e+03 1 0)
|        ( - -2.562e+03 1 0)))
s>    ( QUESTION2_8_L -1 -1.218e+04 1.782e+02 5.804e+01
s>        ( - -1.700e+03 1 0)
s>        ( SILENCE -1 -1.030e+04 1.601e+02 4.904e+01
s>            ( - -7.580e+03 1 0)
s>            ( - -2.562e+03 1 0)))INFO: dtree.c(1315): Comp split 5
INFO: dtree.c(1439): stop. leaf nodes are specific
INFO: dtree.c(1478): Final simple tree
|( QUESTION8 -1 -1.154e+04 1.387e+02 5.701e+01
|    ( - -1.312e+03 1 0)
|    ( QUESTION0 -1 -1.008e+04 1.192e+02 5.001e+01
|        ( - -5.833e+03 1 0)
|        ( - -4.132e+03 1 0)))
s>    ( QUESTION8 -1 -1.154e+04 1.387e+02 5.701e+01
s>        ( - -1.312e+03 1 0)
s>        ( QUESTION0 -1 -1.008e+04 1.192e+02 5.001e+01
s>            ( - -5.833e+03 1 0)
s>            ( - -4.132e+03 1 0)))INFO: dtree.c(1439): stop. leaf nodes are specific
INFO: dtree.c(1478): Final simple tree
|( QUESTION0 -1 -1.895e+04 1.856e+02 9.305e+01
|    ( - -5.399e+03 1 0)
|    ( - -1.337e+04 3 0))
s>    ( QUESTION0 -1 -1.895e+04 1.856e+02 9.305e+01
s>        ( - -5.399e+03 1 0)
s>        ( - -1.337e+04 3 0))INFO: dtree.c(1315): Comp split 6
INFO: dtree.c(1439): stop. leaf nodes are specific
INFO: dtree.c(1478): Final simple tree
|( QUESTION1 -1 -4.534e+03 1.534e+02 2.180e+01
|    ( - -6.692e+02 1 0)
|    ( QUESTION0 -1 -3.711e+03 1.099e+02 1.780e+01
|        ( - -9.776e+02 1 0)
|        ( - -2.624e+03 1 0)))
s>    ( QUESTION1 -1 -4.534e+03 1.534e+02 2.180e+01
s>        ( - -6.692e+02 1 0)
s>        ( QUESTION0 -1 -3.711e+03 1.099e+02 1.780e+01
s>            ( - -9.776e+02 1 0)
s>            ( - -2.624e+03 1 0)))INFO: dtree.c(1439): stop. leaf nodes are specific
INFO: dtree.c(1478): Final simple tree
|( QUESTION2_7_L -1 -1.038e+04 1.436e+02 4.826e+01
|    ( - -2.728e+03 1 0)
|    ( - -7.512e+03 3 0))
s>    ( QUESTION2_7_L -1 -1.038e+04 1.436e+02 4.826e+01
s>        ( - -2.728e+03 1 0)
s>        ( - -7.512e+03 3 0))INFO: dtree.c(1315): Comp split 7
INFO: dtree.c(1315): Comp split 8
INFO: dtree.c(1439): stop. leaf nodes are specific
INFO: dtree.c(1478): Final simple tree
|( SILENCE -1 -1.030e+04 1.601e+02 4.904e+01
|    ( - -7.580e+03 1 0)
|    ( - -2.562e+03 1 0))
s>    ( SILENCE -1 -1.030e+04 1.601e+02 4.904e+01
s>        ( - -7.580e+03 1 0)
s>        ( - -2.562e+03 1 0))INFO: dtree.c(1315): Comp split 9
INFO: dtree.c(1315): Comp split 10
INFO: dtree.c(1439): stop. leaf nodes are specific
INFO: dtree.c(1478): Final simple tree
|( QUESTION9 -1 -9.131e+03 7.965e+01 4.351e+01
|    ( - -3.834e+03 1 0)
|    ( - -5.217e+03 1 0))
s>    ( QUESTION9 -1 -9.131e+03 7.965e+01 4.351e+01
s>        ( - -3.834e+03 1 0)
s>        ( - -5.217e+03 1 0))INFO: dtree.c(1315): Comp split 11
INFO: dtree.c(1439): stop. leaf nodes are specific
INFO: dtree.c(1478): Final simple tree
|( WDBNDRY_B 0 -1.040e+04 1.304e+02 4.912e+01
|    ( - -3.195e+03 1 0)
|    ( - -7.078e+03 1 0))
s>    ( WDBNDRY_B 0 -1.040e+04 1.304e+02 4.912e+01
s>        ( - -3.195e+03 1 0)
s>        ( - -7.078e+03 1 0))INFO: dtree.c(1315): Comp split 12
INFO: dtree.c(1439): stop. leaf nodes are specific
INFO: dtree.c(1478): Final simple tree
|( QUESTION0 -1 -3.711e+03 1.099e+02 1.780e+01
|    ( - -9.776e+02 1 0)
|    ( - -2.624e+03 1 0))
s>    ( QUESTION0 -1 -3.711e+03 1.099e+02 1.780e+01
s>        ( - -9.776e+02 1 0)
s>        ( - -2.624e+03 1 0))INFO: dtree.c(1315): Comp split 13
INFO: dtree.c(1315): Comp split 14
INFO: dtree.c(1439): stop. leaf nodes are specific
INFO: dtree.c(1478): Final simple tree
|( QUESTION0 -1 -1.008e+04 1.192e+02 5.001e+01
|    ( - -5.833e+03 1 0)
|    ( - -4.132e+03 1 0))
s>    ( QUESTION0 -1 -1.008e+04 1.192e+02 5.001e+01
s>        ( - -5.833e+03 1 0)
s>        ( - -4.132e+03 1 0))INFO: dtree.c(1315): Comp split 15
INFO: dtree.c(1315): Comp split 16
INFO: dtree.c(1315): Comp split 17
INFO: dtree.c(1315): Comp split 18
INFO: dtree.c(1315): Comp split 19
INFO: dtree.c(1318): stop. leaf nodes are specific
Wed Dec 20 23:52:25 2017
