Current configuration:
[NAME]		[DEFLT]	[VALUE]
-allphones	no	no
-cntthresh	0.00001	1.000000e-05
-csplitmax	100	2000
-csplitmin	1	1
-csplitthr	8e-4	0.000000e+00
-example	no	no
-fullvar	no	no
-help		no	no
-meanfn			/home/alex/repos/speech/an4/model_parameters/an4.cd_cont_untied/means
-mixwfn			/home/alex/repos/speech/an4/model_parameters/an4.cd_cont_untied/mixture_weights
-moddeffn		/home/alex/repos/speech/an4/model_architecture/an4.untied.mdef
-mwfloor	1e-4	1.000000e-08
-phone			AH
-psetfn			/home/alex/repos/speech/an4/model_architecture/an4.tree_questions
-ssplitmax	5	7
-ssplitmin	1	1
-ssplitthr	8e-4	0.000000e+00
-state			0
-stwt			1.0,0.05,0.0,
-treefn			/home/alex/repos/speech/an4/trees/an4.unpruned/AH-0.dtree
-ts2cbfn	.semi.	.cont.
-varfloor	0.00001	1.000000e-05
-varfn			/home/alex/repos/speech/an4/model_parameters/an4.cd_cont_untied/variances

INFO: main.c(223): Reading: /home/alex/repos/speech/an4/model_architecture/an4.untied.mdef
INFO: model_def_io.c(573): Model definition info:
INFO: model_def_io.c(574): 1618 total models defined (34 base, 1584 tri)
INFO: model_def_io.c(575): 6472 total states
INFO: model_def_io.c(576): 4854 total tied states
INFO: model_def_io.c(577): 102 total tied CI states
INFO: model_def_io.c(578): 34 total tied transition matrices
INFO: model_def_io.c(579): 4 max state/model
INFO: model_def_io.c(580): 4 min state/model
INFO: main.c(242): Building trees for [AH AH AY s] through [AH Z N i]
INFO: main.c(269): Covering states |[177 470]| == 294
INFO: main.c(275): Reading: /home/alex/repos/speech/an4/model_parameters/an4.cd_cont_untied/mixture_weights
INFO: s3mixw_io.c(173): Read /home/alex/repos/speech/an4/model_parameters/an4.cd_cont_untied/mixture_weights [294x1x1 array]
INFO: main.c(311): 98 of 98 models have observation count greater than 0.000010
INFO: main.c(95): nrm stwt: 0.952 0.048 0.000 
INFO: s3gau_io.c(169): Read /home/alex/repos/speech/an4/model_parameters/an4.cd_cont_untied/means [4854x1x1 array]
INFO: s3gau_io.c(169): Read /home/alex/repos/speech/an4/model_parameters/an4.cd_cont_untied/variances [4854x1x1 array]
INFO: main.c(549): Reading: /home/alex/repos/speech/an4/model_architecture/an4.tree_questions
INFO: main.c(588): 180 total simple questions (172 phone; 8 word bndry)
INFO: main.c(590): 42 Left Only questions, and 42 Right Only questions
INFO: dtree.c(1478): Final simple tree
|( QUESTION4 -1 -6.867e+05 1.233e+04 3.024e+03
|    ( - -1.390e+05 1 0)
|    ( QUESTION2_11_L -1 -5.354e+05 3.314e+03 2.366e+03
|        ( - -8.505e+04 3 0 WDBNDRY_S 0 2.474e+02 4.012e+02)
|        ( QUESTION2_18_L -1 -4.470e+05 2.342e+03 1.965e+03
|            ( QUESTION18 1 -5.150e+04 1.371e+03 2.312e+02
|                ( - -3.096e+04 2 0 WDBNDRY_S 0 5.278e+02 1.442e+02)
|                ( - -1.916e+04 9 0 QUESTION0_6_R 1 2.538e+02 8.698e+01))
|            ( WDBNDRY_I 0 -3.932e+05 1.480e+03 1.733e+03
|                ( - -6.514e+04 8 0 QUESTION0_15_R 1 6.315e+02 2.809e+02)
|                ( QUESTION17 1 -3.266e+05 1.280e+03 1.452e+03
|                    ( - -4.900e+04 6 0 QUESTION1 -1 2.691e+02 2.355e+02)
|                    ( QUESTION2_15_L -1 -2.763e+05 6.760e+02 1.217e+03
|                        ( - -8.229e+04 29 0 QUESTION15 1 4.644e+02 3.569e+02)
|                        ( - -1.933e+05 40 0 WDBNDRY_E 0 4.723e+02 8.601e+02)))))))
s>    ( QUESTION4 -1 -6.867e+05 1.233e+04 3.024e+03
s>        ( - -1.390e+05 1 0)
s>        ( QUESTION2_11_L -1 -5.354e+05 3.314e+03 2.366e+03
s>            ( - -8.505e+04 3 0 WDBNDRY_S 0 2.474e+02 4.012e+02)
s>            ( QUESTION2_18_L -1 -4.470e+05 2.342e+03 1.965e+03
s>                ( QUESTION18 1 -5.150e+04 1.371e+03 2.312e+02
s>                    ( - -3.096e+04 2 0 WDBNDRY_S 0 5.278e+02 1.442e+02)
s>                    ( - -1.916e+04 9 0 QUESTION0_6_R 1 2.538e+02 8.698e+01))
s>                ( WDBNDRY_I 0 -3.932e+05 1.480e+03 1.733e+03
s>                    ( - -6.514e+04 8 0 QUESTION0_15_R 1 6.315e+02 2.809e+02)
s>                    ( QUESTION17 1 -3.266e+05 1.280e+03 1.452e+03
s>                        ( - -4.900e+04 6 0 QUESTION1 -1 2.691e+02 2.355e+02)
s>                        ( QUESTION2_15_L -1 -2.763e+05 6.760e+02 1.217e+03
s>                            ( - -8.229e+04 29 0 QUESTION15 1 4.644e+02 3.569e+02)
s>                            ( - -1.933e+05 40 0 WDBNDRY_E 0 4.723e+02 8.601e+02)))))))INFO: dtree.c(1315): Comp split 0
INFO: dtree.c(1439): stop. leaf nodes are specific
INFO: dtree.c(1478): Final simple tree
|( QUESTION0_0_R 1 -1.729e+05 2.943e+03 8.025e+02
|    ( WDBNDRY_S 0 -3.096e+04 5.278e+02 1.442e+02
|        ( - -1.167e+03 1 0)
|        ( - -2.926e+04 1 0))
|    ( - -1.390e+05 1 0))
s>    ( QUESTION0_0_R 1 -1.729e+05 2.943e+03 8.025e+02
s>        ( WDBNDRY_S 0 -3.096e+04 5.278e+02 1.442e+02
s>            ( - -1.167e+03 1 0)
s>            ( - -2.926e+04 1 0))
s>        ( - -1.390e+05 1 0))INFO: dtree.c(1478): Final simple tree
|( QUESTION2_11_L -1 -5.013e+05 3.502e+03 2.222e+03
|    ( - -8.505e+04 3 0 WDBNDRY_S 0 2.474e+02 4.012e+02)
|    ( QUESTION16 -1 -4.127e+05 1.416e+03 1.820e+03
|        ( QUESTION0_15_R 1 -6.380e+04 6.239e+02 2.749e+02
|            ( - -2.343e+04 1 0)
|            ( - -3.974e+04 6 0 QUESTION2_12_L -1 2.701e+02 1.715e+02))
|        ( QUESTION17 1 -3.475e+05 1.198e+03 1.545e+03
|            ( - -4.952e+04 6 0 QUESTION1 -1 3.869e+02 2.375e+02)
|            ( QUESTION2_15_L -1 -2.968e+05 6.914e+02 1.308e+03
|                ( QUESTION1 -1 -1.006e+05 5.082e+02 4.389e+02
|                    ( - -6.078e+04 19 0 QUESTION4 1 3.048e+02 2.702e+02)
|                    ( - -3.934e+04 18 0 QUESTION0_3_R 1 4.495e+02 1.687e+02))
|                ( WDBNDRY_E 0 -1.955e+05 4.719e+02 8.691e+02
|                    ( - 2.405e+02 1 0)
|                    ( - -1.952e+05 41 0 SILENCE -1 4.698e+02 8.681e+02))))))
s>    ( QUESTION2_11_L -1 -5.013e+05 3.502e+03 2.222e+03
s>        ( - -8.505e+04 3 0 WDBNDRY_S 0 2.474e+02 4.012e+02)
s>        ( QUESTION16 -1 -4.127e+05 1.416e+03 1.820e+03
s>            ( QUESTION0_15_R 1 -6.380e+04 6.239e+02 2.749e+02
s>                ( - -2.343e+04 1 0)
s>                ( - -3.974e+04 6 0 QUESTION2_12_L -1 2.701e+02 1.715e+02))
s>            ( QUESTION17 1 -3.475e+05 1.198e+03 1.545e+03
s>                ( - -4.952e+04 6 0 QUESTION1 -1 3.869e+02 2.375e+02)
s>                ( QUESTION2_15_L -1 -2.968e+05 6.914e+02 1.308e+03
s>                    ( QUESTION1 -1 -1.006e+05 5.082e+02 4.389e+02
s>                        ( - -6.078e+04 19 0 QUESTION4 1 3.048e+02 2.702e+02)
s>                        ( - -3.934e+04 18 0 QUESTION0_3_R 1 4.495e+02 1.687e+02))
s>                    ( WDBNDRY_E 0 -1.955e+05 4.719e+02 8.691e+02
s>                        ( - 2.405e+02 1 0)
s>                        ( - -1.952e+05 41 0 SILENCE -1 4.698e+02 8.681e+02))))))INFO: dtree.c(1315): Comp split 1
INFO: dtree.c(1478): Final simple tree
|( QUESTION16 -1 -4.127e+05 1.416e+03 1.820e+03
|    ( QUESTION0_15_R 1 -6.380e+04 6.239e+02 2.749e+02
|        ( - -2.343e+04 1 0)
|        ( - -3.974e+04 6 0 QUESTION2_12_L -1 2.701e+02 1.715e+02))
|    ( QUESTION17 1 -3.475e+05 1.198e+03 1.545e+03
|        ( - -4.952e+04 6 0 QUESTION1 -1 3.869e+02 2.375e+02)
|        ( QUESTION2_15_L -1 -2.968e+05 6.914e+02 1.308e+03
|            ( QUESTION1 -1 -1.006e+05 5.082e+02 4.389e+02
|                ( - -6.078e+04 19 0 QUESTION4 1 3.048e+02 2.702e+02)
|                ( - -3.934e+04 18 0 QUESTION0_3_R 1 4.495e+02 1.687e+02))
|            ( WDBNDRY_E 0 -1.955e+05 4.719e+02 8.691e+02
|                ( - 2.405e+02 1 0)
|                ( SILENCE -1 -1.952e+05 4.698e+02 8.681e+02
|                    ( - -2.948e+04 6 0 QUESTION0_20_R 1 4.632e+02 1.348e+02)
|                    ( - -1.653e+05 35 0 QUESTION2_13_L -1 4.015e+02 7.333e+02))))))
s>    ( QUESTION16 -1 -4.127e+05 1.416e+03 1.820e+03
s>        ( QUESTION0_15_R 1 -6.380e+04 6.239e+02 2.749e+02
s>            ( - -2.343e+04 1 0)
s>            ( - -3.974e+04 6 0 QUESTION2_12_L -1 2.701e+02 1.715e+02))
s>        ( QUESTION17 1 -3.475e+05 1.198e+03 1.545e+03
s>            ( - -4.952e+04 6 0 QUESTION1 -1 3.869e+02 2.375e+02)
s>            ( QUESTION2_15_L -1 -2.968e+05 6.914e+02 1.308e+03
s>                ( QUESTION1 -1 -1.006e+05 5.082e+02 4.389e+02
s>                    ( - -6.078e+04 19 0 QUESTION4 1 3.048e+02 2.702e+02)
s>                    ( - -3.934e+04 18 0 QUESTION0_3_R 1 4.495e+02 1.687e+02))
s>                ( WDBNDRY_E 0 -1.955e+05 4.719e+02 8.691e+02
s>                    ( - 2.405e+02 1 0)
s>                    ( SILENCE -1 -1.952e+05 4.698e+02 8.681e+02
s>                        ( - -2.948e+04 6 0 QUESTION0_20_R 1 4.632e+02 1.348e+02)
s>                        ( - -1.653e+05 35 0 QUESTION2_13_L -1 4.015e+02 7.333e+02))))))INFO: dtree.c(1439): stop. leaf nodes are specific
INFO: dtree.c(1478): Final simple tree
|( WDBNDRY_S 0 -8.505e+04 2.474e+02 4.012e+02
|    ( - -7.451e+02 1 0)
|    ( WDBNDRY_B 0 -8.406e+04 1.694e+02 3.972e+02
|        ( - -9.245e+02 1 0)
|        ( - -8.296e+04 1 0)))
s>    ( WDBNDRY_S 0 -8.505e+04 2.474e+02 4.012e+02
s>        ( - -7.451e+02 1 0)
s>        ( WDBNDRY_B 0 -8.406e+04 1.694e+02 3.972e+02
s>            ( - -9.245e+02 1 0)
s>            ( - -8.296e+04 1 0)))INFO: dtree.c(1315): Comp split 2
INFO: dtree.c(1439): stop. leaf nodes are specific
INFO: dtree.c(1478): Final simple tree
|( WDBNDRY_S 0 -3.096e+04 5.278e+02 1.442e+02
|    ( - -1.167e+03 1 0)
|    ( - -2.926e+04 1 0))
s>    ( WDBNDRY_S 0 -3.096e+04 5.278e+02 1.442e+02
s>        ( - -1.167e+03 1 0)
s>        ( - -2.926e+04 1 0))INFO: dtree.c(1315): Comp split 3
INFO: dtree.c(1478): Final simple tree
|( QUESTION0_15_R 1 -6.403e+04 6.259e+02 2.759e+02
|    ( - -2.343e+04 1 0)
|    ( WDBNDRY_E 0 -3.997e+04 4.642e+02 1.725e+02
|        ( - 2.405e+02 1 0)
|        ( QUESTION2_12_L -1 -3.974e+04 2.701e+02 1.715e+02
|            ( - -6.232e+03 1 0)
|            ( QUESTION0_6_R 1 -3.324e+04 1.961e+02 1.433e+02
|                ( - -2.453e+04 1 0)
|                ( WDBNDRY_S 0 -8.514e+03 1.297e+02 3.777e+01
|                    ( - -5.609e+02 1 0)
|                    ( QUESTION17 -1 -7.824e+03 1.482e+02 3.477e+01
|                        ( - -5.713e+03 1 0)
|                        ( QUESTION0_13_R 1 -1.963e+03 1.608e+02 9.000e+00
|                            ( - -1.208e+03 1 0)
|                            ( - -5.937e+02 1 0))))))))
s>    ( QUESTION0_15_R 1 -6.403e+04 6.259e+02 2.759e+02
s>        ( - -2.343e+04 1 0)
s>        ( WDBNDRY_E 0 -3.997e+04 4.642e+02 1.725e+02
s>            ( - 2.405e+02 1 0)
s>            ( QUESTION2_12_L -1 -3.974e+04 2.701e+02 1.715e+02
s>                ( - -6.232e+03 1 0)
s>                ( QUESTION0_6_R 1 -3.324e+04 1.961e+02 1.433e+02
s>                    ( - -2.453e+04 1 0)
s>                    ( WDBNDRY_S 0 -8.514e+03 1.297e+02 3.777e+01
s>                        ( - -5.609e+02 1 0)
s>                        ( QUESTION17 -1 -7.824e+03 1.482e+02 3.477e+01
s>                            ( - -5.713e+03 1 0)
s>                            ( QUESTION0_13_R 1 -1.963e+03 1.608e+02 9.000e+00
s>                                ( - -1.208e+03 1 0)
s>                                ( - -5.937e+02 1 0))))))))INFO: dtree.c(1478): Final simple tree
|( QUESTION17 1 -3.473e+05 1.198e+03 1.544e+03
|    ( - -4.952e+04 6 0 QUESTION1 -1 3.869e+02 2.375e+02)
|    ( QUESTION2_15_L -1 -2.965e+05 6.923e+02 1.307e+03
|        ( QUESTION1 -1 -1.006e+05 5.082e+02 4.389e+02
|            ( - -6.078e+04 19 0 QUESTION4 1 3.048e+02 2.702e+02)
|            ( QUESTION0_3_R 1 -3.934e+04 4.495e+02 1.687e+02
|                ( - 2.085e+02 1 0)
|                ( - -3.910e+04 17 0 QUESTION0_8_R 1 2.310e+02 1.677e+02)))
|        ( SILENCE -1 -1.952e+05 4.698e+02 8.681e+02
|            ( QUESTION0_20_R 1 -2.948e+04 4.632e+02 1.348e+02
|                ( - -1.062e+04 1 0)
|                ( - -1.840e+04 5 0 QUESTION0_0_R 1 1.483e+02 8.278e+01))
|            ( QUESTION2_13_L -1 -1.653e+05 4.015e+02 7.333e+02
|                ( - -8.923e+04 18 0 QUESTION15 1 2.721e+02 3.970e+02)
|                ( - -7.563e+04 17 0 QUESTION0_5_R 1 3.212e+02 3.363e+02)))))
s>    ( QUESTION17 1 -3.473e+05 1.198e+03 1.544e+03
s>        ( - -4.952e+04 6 0 QUESTION1 -1 3.869e+02 2.375e+02)
s>        ( QUESTION2_15_L -1 -2.965e+05 6.923e+02 1.307e+03
s>            ( QUESTION1 -1 -1.006e+05 5.082e+02 4.389e+02
s>                ( - -6.078e+04 19 0 QUESTION4 1 3.048e+02 2.702e+02)
s>                ( QUESTION0_3_R 1 -3.934e+04 4.495e+02 1.687e+02
s>                    ( - 2.085e+02 1 0)
s>                    ( - -3.910e+04 17 0 QUESTION0_8_R 1 2.310e+02 1.677e+02)))
s>            ( SILENCE -1 -1.952e+05 4.698e+02 8.681e+02
s>                ( QUESTION0_20_R 1 -2.948e+04 4.632e+02 1.348e+02
s>                    ( - -1.062e+04 1 0)
s>                    ( - -1.840e+04 5 0 QUESTION0_0_R 1 1.483e+02 8.278e+01))
s>                ( QUESTION2_13_L -1 -1.653e+05 4.015e+02 7.333e+02
s>                    ( - -8.923e+04 18 0 QUESTION15 1 2.721e+02 3.970e+02)
s>                    ( - -7.563e+04 17 0 QUESTION0_5_R 1 3.212e+02 3.363e+02)))))INFO: dtree.c(1315): Comp split 4
INFO: dtree.c(1439): stop. leaf nodes are specific
INFO: dtree.c(1478): Final simple tree
|( QUESTION0_20_R 1 -6.072e+04 5.799e+02 2.895e+02
|    ( - -1.062e+04 1 0)
|    ( QUESTION1 -1 -4.952e+04 3.869e+02 2.375e+02
|        ( QUESTION2_18_L -1 -2.881e+03 1.673e+02 1.300e+01
|            ( - -9.519e+02 1 0)
|            ( WDBNDRY_B 0 -1.762e+03 1.573e+02 8.000e+00
|                ( - -1.070e+03 1 0)
|                ( - -5.346e+02 1 0)))
|        ( QUESTION20 -1 -4.625e+04 2.339e+02 2.245e+02
|            ( - -3.978e+04 1 0)
|            ( SILENCE -1 -6.241e+03 1.254e+02 3.102e+01
|                ( - -1.010e+03 1 0)
|                ( - -5.105e+03 1 0)))))
s>    ( QUESTION0_20_R 1 -6.072e+04 5.799e+02 2.895e+02
s>        ( - -1.062e+04 1 0)
s>        ( QUESTION1 -1 -4.952e+04 3.869e+02 2.375e+02
s>            ( QUESTION2_18_L -1 -2.881e+03 1.673e+02 1.300e+01
s>                ( - -9.519e+02 1 0)
s>                ( WDBNDRY_B 0 -1.762e+03 1.573e+02 8.000e+00
s>                    ( - -1.070e+03 1 0)
s>                    ( - -5.346e+02 1 0)))
s>            ( QUESTION20 -1 -4.625e+04 2.339e+02 2.245e+02
s>                ( - -3.978e+04 1 0)
s>                ( SILENCE -1 -6.241e+03 1.254e+02 3.102e+01
s>                    ( - -1.010e+03 1 0)
s>                    ( - -5.105e+03 1 0)))))INFO: dtree.c(1478): Final simple tree
|( QUESTION2_15_L -1 -2.853e+05 6.730e+02 1.255e+03
|    ( QUESTION1 -1 -1.006e+05 5.082e+02 4.389e+02
|        ( QUESTION4 1 -6.078e+04 3.048e+02 2.702e+02
|            ( - -1.292e+04 1 0)
|            ( - -4.755e+04 18 0 QUESTION0_6_R 1 2.490e+02 2.135e+02))
|        ( QUESTION0_3_R 1 -3.934e+04 4.495e+02 1.687e+02
|            ( - 2.085e+02 1 0)
|            ( - -3.910e+04 17 0 QUESTION0_8_R 1 2.310e+02 1.677e+02)))
|    ( QUESTION2_7_L -1 -1.840e+05 4.140e+02 8.161e+02
|        ( - -5.170e+04 12 0 QUESTION0_20_R 1 2.647e+02 2.292e+02)
|        ( SILENCE -1 -1.319e+05 3.278e+02 5.868e+02
|            ( - -1.840e+04 5 0 QUESTION0_0_R 1 1.483e+02 8.278e+01)
|            ( QUESTION15 1 -1.132e+05 2.721e+02 5.041e+02
|                ( - -1.668e+02 1 0)
|                ( - -1.127e+05 22 0 QUESTION2_0_L -1 2.023e+02 5.021e+02)))))
s>    ( QUESTION2_15_L -1 -2.853e+05 6.730e+02 1.255e+03
s>        ( QUESTION1 -1 -1.006e+05 5.082e+02 4.389e+02
s>            ( QUESTION4 1 -6.078e+04 3.048e+02 2.702e+02
s>                ( - -1.292e+04 1 0)
s>                ( - -4.755e+04 18 0 QUESTION0_6_R 1 2.490e+02 2.135e+02))
s>            ( QUESTION0_3_R 1 -3.934e+04 4.495e+02 1.687e+02
s>                ( - 2.085e+02 1 0)
s>                ( - -3.910e+04 17 0 QUESTION0_8_R 1 2.310e+02 1.677e+02)))
s>        ( QUESTION2_7_L -1 -1.840e+05 4.140e+02 8.161e+02
s>            ( - -5.170e+04 12 0 QUESTION0_20_R 1 2.647e+02 2.292e+02)
s>            ( SILENCE -1 -1.319e+05 3.278e+02 5.868e+02
s>                ( - -1.840e+04 5 0 QUESTION0_0_R 1 1.483e+02 8.278e+01)
s>                ( QUESTION15 1 -1.132e+05 2.721e+02 5.041e+02
s>                    ( - -1.668e+02 1 0)
s>                    ( - -1.127e+05 22 0 QUESTION2_0_L -1 2.023e+02 5.021e+02)))))INFO: dtree.c(1315): Comp split 5
INFO: dtree.c(1478): Final simple tree
|( QUESTION0_3_R 1 -3.934e+04 4.495e+02 1.687e+02
|    ( - 2.085e+02 1 0)
|    ( QUESTION0_8_R 1 -3.910e+04 2.310e+02 1.677e+02
|        ( - -2.492e+03 1 0)
|        ( QUESTION0_14_R 1 -3.638e+04 2.297e+02 1.577e+02
|            ( - -5.085e+02 1 0)
|            ( WDBNDRY_B 0 -3.564e+04 1.958e+02 1.547e+02
|                ( - -9.382e+02 1 0)
|                ( QUESTION5 1 -3.450e+04 1.953e+02 1.497e+02
|                    ( - -2.596e+03 2 0)
|                    ( QUESTION0_6_R 1 -3.171e+04 2.063e+02 1.367e+02
|                        ( - -3.191e+03 1 0)
|                        ( QUESTION0_20_R 1 -2.832e+04 1.593e+02 1.217e+02
|                            ( - -1.326e+03 1 0)
|                            ( - -2.683e+04 10 0 WDBNDRY_S 0 1.395e+02 1.157e+02))))))))
s>    ( QUESTION0_3_R 1 -3.934e+04 4.495e+02 1.687e+02
s>        ( - 2.085e+02 1 0)
s>        ( QUESTION0_8_R 1 -3.910e+04 2.310e+02 1.677e+02
s>            ( - -2.492e+03 1 0)
s>            ( QUESTION0_14_R 1 -3.638e+04 2.297e+02 1.577e+02
s>                ( - -5.085e+02 1 0)
s>                ( WDBNDRY_B 0 -3.564e+04 1.958e+02 1.547e+02
s>                    ( - -9.382e+02 1 0)
s>                    ( QUESTION5 1 -3.450e+04 1.953e+02 1.497e+02
s>                        ( - -2.596e+03 2 0)
s>                        ( QUESTION0_6_R 1 -3.171e+04 2.063e+02 1.367e+02
s>                            ( - -3.191e+03 1 0)
s>                            ( QUESTION0_20_R 1 -2.832e+04 1.593e+02 1.217e+02
s>                                ( - -1.326e+03 1 0)
s>                                ( - -2.683e+04 10 0 WDBNDRY_S 0 1.395e+02 1.157e+02))))))))INFO: dtree.c(1478): Final simple tree
|( QUESTION2_14_L -1 -2.453e+05 5.156e+02 1.086e+03
|    ( QUESTION15 1 -8.923e+04 2.721e+02 3.970e+02
|        ( - -1.668e+02 1 0)
|        ( - -8.879e+04 17 0 QUESTION20 1 2.076e+02 3.950e+02))
|    ( QUESTION0_5_R 1 -1.555e+05 3.673e+02 6.892e+02
|        ( QUESTION2_18_L -1 -7.280e+04 2.806e+02 3.283e+02
|            ( - -1.218e+04 2 0 QUESTION0_6_R 1 2.100e+02 5.698e+01)
|            ( QUESTION3 -1 -6.035e+04 2.540e+02 2.713e+02
|                ( - -1.072e+04 3 0 QUESTION0_6_R 1 2.094e+02 4.831e+01)
|                ( - -4.937e+04 7 0 SILENCE -1 2.358e+02 2.230e+02)))
|        ( QUESTION8 -1 -8.234e+04 3.003e+02 3.609e+02
|            ( - -2.628e+04 6 0 QUESTION0_18_R 1 2.035e+02 1.162e+02)
|            ( QUESTION4 1 -5.576e+04 3.023e+02 2.447e+02
|                ( - -1.506e+04 3 0 QUESTION0_13_R 1 1.878e+02 6.565e+01)
|                ( - -4.039e+04 20 0 QUESTION2_13_L -1 1.861e+02 1.791e+02)))))
s>    ( QUESTION2_14_L -1 -2.453e+05 5.156e+02 1.086e+03
s>        ( QUESTION15 1 -8.923e+04 2.721e+02 3.970e+02
s>            ( - -1.668e+02 1 0)
s>            ( - -8.879e+04 17 0 QUESTION20 1 2.076e+02 3.950e+02))
s>        ( QUESTION0_5_R 1 -1.555e+05 3.673e+02 6.892e+02
s>            ( QUESTION2_18_L -1 -7.280e+04 2.806e+02 3.283e+02
s>                ( - -1.218e+04 2 0 QUESTION0_6_R 1 2.100e+02 5.698e+01)
s>                ( QUESTION3 -1 -6.035e+04 2.540e+02 2.713e+02
s>                    ( - -1.072e+04 3 0 QUESTION0_6_R 1 2.094e+02 4.831e+01)
s>                    ( - -4.937e+04 7 0 SILENCE -1 2.358e+02 2.230e+02)))
s>            ( QUESTION8 -1 -8.234e+04 3.003e+02 3.609e+02
s>                ( - -2.628e+04 6 0 QUESTION0_18_R 1 2.035e+02 1.162e+02)
s>                ( QUESTION4 1 -5.576e+04 3.023e+02 2.447e+02
s>                    ( - -1.506e+04 3 0 QUESTION0_13_R 1 1.878e+02 6.565e+01)
s>                    ( - -4.039e+04 20 0 QUESTION2_13_L -1 1.861e+02 1.791e+02)))))INFO: dtree.c(1315): Comp split 6
INFO: dtree.c(1439): stop. leaf nodes are specific
INFO: dtree.c(1478): Final simple tree
|( QUESTION0 -1 -4.509e+04 2.057e+02 2.195e+02
|    ( - -5.105e+03 1 0)
|    ( - -3.978e+04 1 0))
s>    ( QUESTION0 -1 -4.509e+04 2.057e+02 2.195e+02
s>        ( - -5.105e+03 1 0)
s>        ( - -3.978e+04 1 0))INFO: dtree.c(1439): stop. leaf nodes are specific
INFO: dtree.c(1478): Final simple tree
|( QUESTION0_20_R 1 -1.498e+04 3.550e+02 7.002e+01
|    ( - -1.062e+04 1 0)
|    ( QUESTION2_18_L -1 -4.000e+03 1.602e+02 1.800e+01
|        ( - -9.519e+02 1 0)
|        ( QUESTION0_0_R 1 -2.887e+03 1.545e+02 1.300e+01
|            ( - -5.346e+02 1 0)
|            ( WDBNDRY_B 0 -2.198e+03 1.184e+02 1.000e+01
|                ( - -1.070e+03 1 0)
|                ( - -1.010e+03 1 0)))))
s>    ( QUESTION0_20_R 1 -1.498e+04 3.550e+02 7.002e+01
s>        ( - -1.062e+04 1 0)
s>        ( QUESTION2_18_L -1 -4.000e+03 1.602e+02 1.800e+01
s>            ( - -9.519e+02 1 0)
s>            ( QUESTION0_0_R 1 -2.887e+03 1.545e+02 1.300e+01
s>                ( - -5.346e+02 1 0)
s>                ( WDBNDRY_B 0 -2.198e+03 1.184e+02 1.000e+01
s>                    ( - -1.070e+03 1 0)
s>                    ( - -1.010e+03 1 0)))))INFO: dtree.c(1315): Comp split 7
INFO: dtree.c(1439): stop. leaf nodes are specific
INFO: dtree.c(1478): Final simple tree
|( WDBNDRY_E 0 -3.997e+04 4.642e+02 1.725e+02
|    ( - 2.405e+02 1 0)
|    ( QUESTION2_12_L -1 -3.974e+04 2.701e+02 1.715e+02
|        ( - -6.232e+03 1 0)
|        ( QUESTION0_6_R 1 -3.324e+04 1.961e+02 1.433e+02
|            ( - -2.453e+04 1 0)
|            ( WDBNDRY_S 0 -8.514e+03 1.297e+02 3.777e+01
|                ( - -5.609e+02 1 0)
|                ( QUESTION17 -1 -7.824e+03 1.482e+02 3.477e+01
|                    ( - -5.713e+03 1 0)
|                    ( QUESTION0_13_R 1 -1.963e+03 1.608e+02 9.000e+00
|                        ( - -1.208e+03 1 0)
|                        ( - -5.937e+02 1 0)))))))
s>    ( WDBNDRY_E 0 -3.997e+04 4.642e+02 1.725e+02
s>        ( - 2.405e+02 1 0)
s>        ( QUESTION2_12_L -1 -3.974e+04 2.701e+02 1.715e+02
s>            ( - -6.232e+03 1 0)
s>            ( QUESTION0_6_R 1 -3.324e+04 1.961e+02 1.433e+02
s>                ( - -2.453e+04 1 0)
s>                ( WDBNDRY_S 0 -8.514e+03 1.297e+02 3.777e+01
s>                    ( - -5.609e+02 1 0)
s>                    ( QUESTION17 -1 -7.824e+03 1.482e+02 3.477e+01
s>                        ( - -5.713e+03 1 0)
s>                        ( QUESTION0_13_R 1 -1.963e+03 1.608e+02 9.000e+00
s>                            ( - -1.208e+03 1 0)
s>                            ( - -5.937e+02 1 0)))))))INFO: dtree.c(1315): Comp split 8
INFO: dtree.c(1315): Comp split 9
INFO: dtree.c(1478): Final simple tree
|( QUESTION0_5_R 1 -1.555e+05 3.673e+02 6.892e+02
|    ( QUESTION2_18_L -1 -7.280e+04 2.806e+02 3.283e+02
|        ( QUESTION0_6_R 1 -1.218e+04 2.100e+02 5.698e+01
|            ( - -3.552e+03 1 0)
|            ( - -8.415e+03 1 0))
|        ( QUESTION3 -1 -6.035e+04 2.540e+02 2.713e+02
|            ( - -1.072e+04 3 0 QUESTION0_6_R 1 2.094e+02 4.831e+01)
|            ( SILENCE -1 -4.937e+04 2.358e+02 2.230e+02
|                ( - -1.193e+04 1 0)
|                ( - -3.721e+04 6 0 QUESTION8 -1 1.587e+02 1.692e+02))))
|    ( QUESTION8 -1 -8.234e+04 3.003e+02 3.609e+02
|        ( - -2.628e+04 6 0 QUESTION0_18_R 1 2.035e+02 1.162e+02)
|        ( QUESTION4 1 -5.576e+04 3.023e+02 2.447e+02
|            ( - -1.506e+04 3 0 QUESTION0_13_R 1 1.878e+02 6.565e+01)
|            ( - -4.039e+04 20 0 QUESTION2_13_L -1 1.861e+02 1.791e+02))))
s>    ( QUESTION0_5_R 1 -1.555e+05 3.673e+02 6.892e+02
s>        ( QUESTION2_18_L -1 -7.280e+04 2.806e+02 3.283e+02
s>            ( QUESTION0_6_R 1 -1.218e+04 2.100e+02 5.698e+01
s>                ( - -3.552e+03 1 0)
s>                ( - -8.415e+03 1 0))
s>            ( QUESTION3 -1 -6.035e+04 2.540e+02 2.713e+02
s>                ( - -1.072e+04 3 0 QUESTION0_6_R 1 2.094e+02 4.831e+01)
s>                ( SILENCE -1 -4.937e+04 2.358e+02 2.230e+02
s>                    ( - -1.193e+04 1 0)
s>                    ( - -3.721e+04 6 0 QUESTION8 -1 1.587e+02 1.692e+02))))
s>        ( QUESTION8 -1 -8.234e+04 3.003e+02 3.609e+02
s>            ( - -2.628e+04 6 0 QUESTION0_18_R 1 2.035e+02 1.162e+02)
s>            ( QUESTION4 1 -5.576e+04 3.023e+02 2.447e+02
s>                ( - -1.506e+04 3 0 QUESTION0_13_R 1 1.878e+02 6.565e+01)
s>                ( - -4.039e+04 20 0 QUESTION2_13_L -1 1.861e+02 1.791e+02))))INFO: dtree.c(1478): Final simple tree
|( QUESTION15 1 -8.923e+04 2.721e+02 3.970e+02
|    ( - -1.668e+02 1 0)
|    ( QUESTION20 1 -8.879e+04 2.076e+02 3.950e+02
|        ( QUESTION0_20_R 1 -2.244e+04 1.696e+02 1.000e+02
|            ( - -9.019e+03 3 0)
|            ( - -1.325e+04 2 0 QUESTION0_0_R 1 8.061e+01 5.805e+01))
|        ( QUESTION0_20_R 1 -6.615e+04 2.105e+02 2.950e+02
|            ( - -3.911e+03 1 0)
|            ( WDBNDRY_S 0 -6.203e+04 1.581e+02 2.759e+02
|                ( QUESTION0_14_R 1 -6.111e+04 1.405e+02 2.719e+02
|                    ( - -2.306e+03 1 0)
|                    ( QUESTION0_7_R 1 -5.867e+04 1.348e+02 2.609e+02
|                        ( - -2.752e+03 2 0 QUESTION9 1 1.780e+02 1.300e+01)
|                        ( - -5.578e+04 7 0 SILENCE 1 1.258e+02 2.479e+02)))
|                ( - -7.592e+02 1 0)))))
s>    ( QUESTION15 1 -8.923e+04 2.721e+02 3.970e+02
s>        ( - -1.668e+02 1 0)
s>        ( QUESTION20 1 -8.879e+04 2.076e+02 3.950e+02
s>            ( QUESTION0_20_R 1 -2.244e+04 1.696e+02 1.000e+02
s>                ( - -9.019e+03 3 0)
s>                ( - -1.325e+04 2 0 QUESTION0_0_R 1 8.061e+01 5.805e+01))
s>            ( QUESTION0_20_R 1 -6.615e+04 2.105e+02 2.950e+02
s>                ( - -3.911e+03 1 0)
s>                ( WDBNDRY_S 0 -6.203e+04 1.581e+02 2.759e+02
s>                    ( QUESTION0_14_R 1 -6.111e+04 1.405e+02 2.719e+02
s>                        ( - -2.306e+03 1 0)
s>                        ( QUESTION0_7_R 1 -5.867e+04 1.348e+02 2.609e+02
s>                            ( - -2.752e+03 2 0 QUESTION9 1 1.780e+02 1.300e+01)
s>                            ( - -5.578e+04 7 0 SILENCE 1 1.258e+02 2.479e+02)))
s>                    ( - -7.592e+02 1 0)))))INFO: dtree.c(1315): Comp split 10
INFO: dtree.c(1439): stop. leaf nodes are specific
INFO: dtree.c(1478): Final simple tree
|( QUESTION2_12_L -1 -3.974e+04 2.701e+02 1.715e+02
|    ( - -6.232e+03 1 0)
|    ( QUESTION0_6_R 1 -3.324e+04 1.961e+02 1.433e+02
|        ( - -2.453e+04 1 0)
|        ( WDBNDRY_S 0 -8.514e+03 1.297e+02 3.777e+01
|            ( - -5.609e+02 1 0)
|            ( QUESTION17 -1 -7.824e+03 1.482e+02 3.477e+01
|                ( - -5.713e+03 1 0)
|                ( QUESTION0_13_R 1 -1.963e+03 1.608e+02 9.000e+00
|                    ( - -1.208e+03 1 0)
|                    ( - -5.937e+02 1 0))))))
s>    ( QUESTION2_12_L -1 -3.974e+04 2.701e+02 1.715e+02
s>        ( - -6.232e+03 1 0)
s>        ( QUESTION0_6_R 1 -3.324e+04 1.961e+02 1.433e+02
s>            ( - -2.453e+04 1 0)
s>            ( WDBNDRY_S 0 -8.514e+03 1.297e+02 3.777e+01
s>                ( - -5.609e+02 1 0)
s>                ( QUESTION17 -1 -7.824e+03 1.482e+02 3.477e+01
s>                    ( - -5.713e+03 1 0)
s>                    ( QUESTION0_13_R 1 -1.963e+03 1.608e+02 9.000e+00
s>                        ( - -1.208e+03 1 0)
s>                        ( - -5.937e+02 1 0))))))INFO: dtree.c(1315): Comp split 11
INFO: dtree.c(1478): Final simple tree
|( QUESTION0_5_R 1 -1.025e+05 3.230e+02 4.591e+02
|    ( QUESTION0_7_R 1 -6.182e+04 2.809e+02 2.800e+02
|        ( - -3.552e+03 1 0)
|        ( SILENCE -1 -5.799e+04 2.296e+02 2.620e+02
|            ( - -1.193e+04 1 0)
|            ( QUESTION3 -1 -4.583e+04 2.061e+02 2.082e+02
|                ( - -8.415e+03 1 0)
|                ( - -3.721e+04 6 0 QUESTION8 -1 1.587e+02 1.692e+02))))
|    ( QUESTION2_13_L -1 -4.039e+04 1.861e+02 1.791e+02
|        ( QUESTION0_18_R 1 -2.312e+04 2.342e+02 1.041e+02
|            ( - -3.061e+03 1 0)
|            ( QUESTION0_20_R 1 -1.982e+04 1.815e+02 8.908e+01
|                ( - -5.477e+03 2 0)
|                ( - -1.417e+04 10 0 QUESTION20 1 1.761e+02 6.330e+01)))
|        ( - -1.709e+04 7 0 SILENCE -1 1.618e+02 7.501e+01)))
s>    ( QUESTION0_5_R 1 -1.025e+05 3.230e+02 4.591e+02
s>        ( QUESTION0_7_R 1 -6.182e+04 2.809e+02 2.800e+02
s>            ( - -3.552e+03 1 0)
s>            ( SILENCE -1 -5.799e+04 2.296e+02 2.620e+02
s>                ( - -1.193e+04 1 0)
s>                ( QUESTION3 -1 -4.583e+04 2.061e+02 2.082e+02
s>                    ( - -8.415e+03 1 0)
s>                    ( - -3.721e+04 6 0 QUESTION8 -1 1.587e+02 1.692e+02))))
s>        ( QUESTION2_13_L -1 -4.039e+04 1.861e+02 1.791e+02
s>            ( QUESTION0_18_R 1 -2.312e+04 2.342e+02 1.041e+02
s>                ( - -3.061e+03 1 0)
s>                ( QUESTION0_20_R 1 -1.982e+04 1.815e+02 8.908e+01
s>                    ( - -5.477e+03 2 0)
s>                    ( - -1.417e+04 10 0 QUESTION20 1 1.761e+02 6.330e+01)))
s>            ( - -1.709e+04 7 0 SILENCE -1 1.618e+02 7.501e+01)))INFO: dtree.c(1478): Final simple tree
|( QUESTION0_18_R 1 -5.252e+04 2.888e+02 2.302e+02
|    ( QUESTION8 -1 -3.151e+04 2.204e+02 1.388e+02
|        ( - -1.695e+04 1 0)
|        ( - -1.434e+04 2 0 SILENCE -1 1.242e+02 6.265e+01))
|    ( QUESTION2_13_L -1 -2.072e+04 2.212e+02 9.131e+01
|        ( QUESTION0_6_R 1 -7.111e+03 2.082e+02 3.231e+01
|            ( - -2.591e+02 1 0)
|            ( - -6.644e+03 1 0))
|        ( QUESTION0_20_R 1 -1.339e+04 1.608e+02 5.900e+01
|            ( QUESTION0 -1 -7.327e+03 1.585e+02 3.200e+01
|                ( - -6.633e+03 3 0 QUESTION0 1 1.984e+02 2.900e+01)
|                ( - -5.353e+02 1 0))
|            ( WDBNDRY_S 0 -5.898e+03 1.597e+02 2.700e+01
|                ( - -4.739e+03 2 0 QUESTION0_1_R 1 1.288e+02 2.200e+01)
|                ( - -9.993e+02 1 0)))))
s>    ( QUESTION0_18_R 1 -5.252e+04 2.888e+02 2.302e+02
s>        ( QUESTION8 -1 -3.151e+04 2.204e+02 1.388e+02
s>            ( - -1.695e+04 1 0)
s>            ( - -1.434e+04 2 0 SILENCE -1 1.242e+02 6.265e+01))
s>        ( QUESTION2_13_L -1 -2.072e+04 2.212e+02 9.131e+01
s>            ( QUESTION0_6_R 1 -7.111e+03 2.082e+02 3.231e+01
s>                ( - -2.591e+02 1 0)
s>                ( - -6.644e+03 1 0))
s>            ( QUESTION0_20_R 1 -1.339e+04 1.608e+02 5.900e+01
s>                ( QUESTION0 -1 -7.327e+03 1.585e+02 3.200e+01
s>                    ( - -6.633e+03 3 0 QUESTION0 1 1.984e+02 2.900e+01)
s>                    ( - -5.353e+02 1 0))
s>                ( WDBNDRY_S 0 -5.898e+03 1.597e+02 2.700e+01
s>                    ( - -4.739e+03 2 0 QUESTION0_1_R 1 1.288e+02 2.200e+01)
s>                    ( - -9.993e+02 1 0)))))INFO: dtree.c(1315): Comp split 12
INFO: dtree.c(1478): Final simple tree
|( QUESTION0_8_R 1 -3.910e+04 2.310e+02 1.677e+02
|    ( - -2.492e+03 1 0)
|    ( QUESTION0_14_R 1 -3.638e+04 2.297e+02 1.577e+02
|        ( - -5.085e+02 1 0)
|        ( WDBNDRY_B 0 -3.564e+04 1.958e+02 1.547e+02
|            ( - -9.382e+02 1 0)
|            ( QUESTION5 1 -3.450e+04 1.953e+02 1.497e+02
|                ( - -2.596e+03 2 0)
|                ( QUESTION0_6_R 1 -3.171e+04 2.063e+02 1.367e+02
|                    ( - -3.191e+03 1 0)
|                    ( QUESTION0_20_R 1 -2.832e+04 1.593e+02 1.217e+02
|                        ( - -1.326e+03 1 0)
|                        ( WDBNDRY_S 0 -2.683e+04 1.395e+02 1.157e+02
|                            ( - -2.421e+04 9 0 QUESTION0_1_R 1 1.568e+02 1.047e+02)
|                            ( - -2.485e+03 1 0))))))))
s>    ( QUESTION0_8_R 1 -3.910e+04 2.310e+02 1.677e+02
s>        ( - -2.492e+03 1 0)
s>        ( QUESTION0_14_R 1 -3.638e+04 2.297e+02 1.577e+02
s>            ( - -5.085e+02 1 0)
s>            ( WDBNDRY_B 0 -3.564e+04 1.958e+02 1.547e+02
s>                ( - -9.382e+02 1 0)
s>                ( QUESTION5 1 -3.450e+04 1.953e+02 1.497e+02
s>                    ( - -2.596e+03 2 0)
s>                    ( QUESTION0_6_R 1 -3.171e+04 2.063e+02 1.367e+02
s>                        ( - -3.191e+03 1 0)
s>                        ( QUESTION0_20_R 1 -2.832e+04 1.593e+02 1.217e+02
s>                            ( - -1.326e+03 1 0)
s>                            ( WDBNDRY_S 0 -2.683e+04 1.395e+02 1.157e+02
s>                                ( - -2.421e+04 9 0 QUESTION0_1_R 1 1.568e+02 1.047e+02)
s>                                ( - -2.485e+03 1 0))))))))INFO: dtree.c(1315): Comp split 13
INFO: dtree.c(1439): stop. leaf nodes are specific
INFO: dtree.c(1478): Final simple tree
|( QUESTION2_18_L -1 -4.000e+03 1.602e+02 1.800e+01
|    ( - -9.519e+02 1 0)
|    ( QUESTION0_0_R 1 -2.887e+03 1.545e+02 1.300e+01
|        ( - -5.346e+02 1 0)
|        ( WDBNDRY_B 0 -2.198e+03 1.184e+02 1.000e+01
|            ( - -1.070e+03 1 0)
|            ( - -1.010e+03 1 0))))
s>    ( QUESTION2_18_L -1 -4.000e+03 1.602e+02 1.800e+01
s>        ( - -9.519e+02 1 0)
s>        ( QUESTION0_0_R 1 -2.887e+03 1.545e+02 1.300e+01
s>            ( - -5.346e+02 1 0)
s>            ( WDBNDRY_B 0 -2.198e+03 1.184e+02 1.000e+01
s>                ( - -1.070e+03 1 0)
s>                ( - -1.010e+03 1 0))))INFO: dtree.c(1315): Comp split 14
INFO: dtree.c(1478): Final simple tree
|( QUESTION0_7_R 1 -5.532e+04 2.812e+02 2.520e+02
|    ( - -3.552e+03 1 0)
|    ( QUESTION3 -1 -5.149e+04 2.320e+02 2.340e+02
|        ( QUESTION0_0_R 1 -1.405e+04 1.585e+02 6.476e+01
|            ( - -8.415e+03 1 0)
|            ( - -5.477e+03 2 0))
|        ( QUESTION8 -1 -3.721e+04 1.587e+02 1.692e+02
|            ( QUESTION0_6_R 1 -1.574e+04 1.366e+02 7.103e+01
|                ( QUESTION14 -1 -6.306e+03 1.341e+02 2.952e+01
|                    ( - -3.135e+03 1 0)
|                    ( - -3.036e+03 1 0))
|                ( - -9.303e+03 1 0))
|            ( QUESTION2_7_L -1 -2.130e+04 1.496e+02 9.820e+01
|                ( - -6.027e+03 1 0)
|                ( - -1.513e+04 2 0 QUESTION0 -1 1.044e+02 6.920e+01)))))
s>    ( QUESTION0_7_R 1 -5.532e+04 2.812e+02 2.520e+02
s>        ( - -3.552e+03 1 0)
s>        ( QUESTION3 -1 -5.149e+04 2.320e+02 2.340e+02
s>            ( QUESTION0_0_R 1 -1.405e+04 1.585e+02 6.476e+01
s>                ( - -8.415e+03 1 0)
s>                ( - -5.477e+03 2 0))
s>            ( QUESTION8 -1 -3.721e+04 1.587e+02 1.692e+02
s>                ( QUESTION0_6_R 1 -1.574e+04 1.366e+02 7.103e+01
s>                    ( QUESTION14 -1 -6.306e+03 1.341e+02 2.952e+01
s>                        ( - -3.135e+03 1 0)
s>                        ( - -3.036e+03 1 0))
s>                    ( - -9.303e+03 1 0))
s>                ( QUESTION2_7_L -1 -2.130e+04 1.496e+02 9.820e+01
s>                    ( - -6.027e+03 1 0)
s>                    ( - -1.513e+04 2 0 QUESTION0 -1 1.044e+02 6.920e+01)))))INFO: dtree.c(1478): Final simple tree
|( SILENCE -1 -4.686e+04 2.536e+02 2.071e+02
|    ( - -1.698e+04 4 0 QUESTION0_0_R 1 1.407e+02 7.678e+01)
|    ( QUESTION3 1 -2.963e+04 2.164e+02 1.303e+02
|        ( - -3.061e+03 1 0)
|        ( QUESTION2_13_L -1 -2.635e+04 2.174e+02 1.153e+02
|            ( QUESTION20 1 -1.417e+04 1.761e+02 6.330e+01
|                ( - -5.005e+03 4 0 QUESTION0_0_R 1 1.335e+02 2.300e+01)
|                ( QUESTION2_18_L -1 -8.985e+03 2.001e+02 4.030e+01
|                    ( SILENCE 1 -6.946e+02 1.913e+02 4.000e+00
|                        ( - -1.952e+02 1 0)
|                        ( - -3.081e+02 1 0))
|                    ( QUESTION15 1 -8.091e+03 4.609e+02 3.630e+01
|                        ( - 2.199e+02 1 0)
|                        ( - -7.850e+03 3 0 QUESTION2 -1 1.782e+02 3.530e+01))))
|            ( - -1.197e+04 4 0 QUESTION0_0_R 1 1.364e+02 5.201e+01))))
s>    ( SILENCE -1 -4.686e+04 2.536e+02 2.071e+02
s>        ( - -1.698e+04 4 0 QUESTION0_0_R 1 1.407e+02 7.678e+01)
s>        ( QUESTION3 1 -2.963e+04 2.164e+02 1.303e+02
s>            ( - -3.061e+03 1 0)
s>            ( QUESTION2_13_L -1 -2.635e+04 2.174e+02 1.153e+02
s>                ( QUESTION20 1 -1.417e+04 1.761e+02 6.330e+01
s>                    ( - -5.005e+03 4 0 QUESTION0_0_R 1 1.335e+02 2.300e+01)
s>                    ( QUESTION2_18_L -1 -8.985e+03 2.001e+02 4.030e+01
s>                        ( SILENCE 1 -6.946e+02 1.913e+02 4.000e+00
s>                            ( - -1.952e+02 1 0)
s>                            ( - -3.081e+02 1 0))
s>                        ( QUESTION15 1 -8.091e+03 4.609e+02 3.630e+01
s>                            ( - 2.199e+02 1 0)
s>                            ( - -7.850e+03 3 0 QUESTION2 -1 1.782e+02 3.530e+01))))
s>                ( - -1.197e+04 4 0 QUESTION0_0_R 1 1.364e+02 5.201e+01))))INFO: dtree.c(1315): Comp split 15
INFO: dtree.c(1478): Final simple tree
|( SILENCE -1 -4.661e+04 2.517e+02 2.061e+02
|    ( - -1.698e+04 4 0 QUESTION0_0_R 1 1.407e+02 7.678e+01)
|    ( QUESTION3 1 -2.939e+04 2.167e+02 1.293e+02
|        ( - -3.061e+03 1 0)
|        ( QUESTION2_13_L -1 -2.611e+04 2.155e+02 1.143e+02
|            ( QUESTION2 -1 -1.392e+04 1.762e+02 6.230e+01
|                ( - -3.628e+03 2 0 SILENCE 1 1.452e+02 1.703e+01)
|                ( SILENCE 1 -1.012e+04 2.492e+02 4.528e+01
|                    ( - -1.952e+02 1 0)
|                    ( QUESTION0_2_R 1 -9.675e+03 1.686e+02 4.328e+01
|                        ( QUESTION0_4_R 1 -4.502e+03 1.500e+02 2.028e+01
|                            ( - -4.044e+03 1 0)
|                            ( - -3.081e+02 1 0))
|                        ( - -5.005e+03 4 0 QUESTION0_0_R 1 1.335e+02 2.300e+01))))
|            ( - -1.197e+04 4 0 QUESTION0_0_R 1 1.364e+02 5.201e+01))))
s>    ( SILENCE -1 -4.661e+04 2.517e+02 2.061e+02
s>        ( - -1.698e+04 4 0 QUESTION0_0_R 1 1.407e+02 7.678e+01)
s>        ( QUESTION3 1 -2.939e+04 2.167e+02 1.293e+02
s>            ( - -3.061e+03 1 0)
s>            ( QUESTION2_13_L -1 -2.611e+04 2.155e+02 1.143e+02
s>                ( QUESTION2 -1 -1.392e+04 1.762e+02 6.230e+01
s>                    ( - -3.628e+03 2 0 SILENCE 1 1.452e+02 1.703e+01)
s>                    ( SILENCE 1 -1.012e+04 2.492e+02 4.528e+01
s>                        ( - -1.952e+02 1 0)
s>                        ( QUESTION0_2_R 1 -9.675e+03 1.686e+02 4.328e+01
s>                            ( QUESTION0_4_R 1 -4.502e+03 1.500e+02 2.028e+01
s>                                ( - -4.044e+03 1 0)
s>                                ( - -3.081e+02 1 0))
s>                            ( - -5.005e+03 4 0 QUESTION0_0_R 1 1.335e+02 2.300e+01))))
s>                ( - -1.197e+04 4 0 QUESTION0_0_R 1 1.364e+02 5.201e+01))))INFO: dtree.c(1315): Comp split 16
INFO: dtree.c(1439): stop. leaf nodes are specific
INFO: dtree.c(1478): Final simple tree
|( QUESTION0_0_R 1 -1.481e+04 2.112e+02 6.465e+01
|    ( - -2.591e+02 1 0)
|    ( SILENCE -1 -1.434e+04 1.242e+02 6.265e+01
|        ( - -1.292e+03 1 0)
|        ( - -1.292e+04 1 0)))
s>    ( QUESTION0_0_R 1 -1.481e+04 2.112e+02 6.465e+01
s>        ( - -2.591e+02 1 0)
s>        ( SILENCE -1 -1.434e+04 1.242e+02 6.265e+01
s>            ( - -1.292e+03 1 0)
s>            ( - -1.292e+04 1 0)))INFO: dtree.c(1478): Final simple tree
|( QUESTION2_13_L -1 -3.742e+04 2.293e+02 1.655e+02
|    ( - -6.644e+03 1 0)
|    ( QUESTION0_18_R 1 -3.054e+04 2.058e+02 1.352e+02
|        ( - -1.695e+04 1 0)
|        ( QUESTION0_20_R 1 -1.339e+04 1.608e+02 5.900e+01
|            ( QUESTION0 -1 -7.327e+03 1.585e+02 3.200e+01
|                ( QUESTION0 1 -6.633e+03 1.984e+02 2.900e+01
|                    ( - -2.509e+02 1 0)
|                    ( - -6.184e+03 2 0))
|                ( - -5.353e+02 1 0))
|            ( WDBNDRY_S 0 -5.898e+03 1.597e+02 2.700e+01
|                ( QUESTION0_1_R 1 -4.739e+03 1.288e+02 2.200e+01
|                    ( - -1.161e+03 1 0)
|                    ( - -3.449e+03 1 0))
|                ( - -9.993e+02 1 0)))))
s>    ( QUESTION2_13_L -1 -3.742e+04 2.293e+02 1.655e+02
s>        ( - -6.644e+03 1 0)
s>        ( QUESTION0_18_R 1 -3.054e+04 2.058e+02 1.352e+02
s>            ( - -1.695e+04 1 0)
s>            ( QUESTION0_20_R 1 -1.339e+04 1.608e+02 5.900e+01
s>                ( QUESTION0 -1 -7.327e+03 1.585e+02 3.200e+01
s>                    ( QUESTION0 1 -6.633e+03 1.984e+02 2.900e+01
s>                        ( - -2.509e+02 1 0)
s>                        ( - -6.184e+03 2 0))
s>                    ( - -5.353e+02 1 0))
s>                ( WDBNDRY_S 0 -5.898e+03 1.597e+02 2.700e+01
s>                    ( QUESTION0_1_R 1 -4.739e+03 1.288e+02 2.200e+01
s>                        ( - -1.161e+03 1 0)
s>                        ( - -3.449e+03 1 0))
s>                    ( - -9.993e+02 1 0)))))INFO: dtree.c(1315): Comp split 17
INFO: dtree.c(1439): stop. leaf nodes are specific
INFO: dtree.c(1478): Final simple tree
|( QUESTION0_0_R 1 -5.921e+03 1.345e+02 2.799e+01
|    ( - -3.191e+03 1 0)
|    ( - -2.596e+03 2 0))
s>    ( QUESTION0_0_R 1 -5.921e+03 1.345e+02 2.799e+01
s>        ( - -3.191e+03 1 0)
s>        ( - -2.596e+03 2 0))INFO: dtree.c(1478): Final simple tree
|( QUESTION16 1 -3.289e+04 2.361e+02 1.397e+02
|    ( QUESTION0_0_R 1 -3.207e+03 2.070e+02 1.301e+01
|        ( - -2.492e+03 1 0)
|        ( - -5.085e+02 1 0))
|    ( WDBNDRY_B 0 -2.945e+04 1.978e+02 1.267e+02
|        ( - -9.382e+02 1 0)
|        ( QUESTION0_20_R 1 -2.832e+04 1.593e+02 1.217e+02
|            ( - -1.326e+03 1 0)
|            ( WDBNDRY_S 0 -2.683e+04 1.395e+02 1.157e+02
|                ( QUESTION0_1_R 1 -2.421e+04 1.568e+02 1.047e+02
|                    ( - -5.417e+03 2 0)
|                    ( QUESTION20 1 -1.863e+04 1.507e+02 8.010e+01
|                        ( - -3.356e+02 1 0)
|                        ( - -1.815e+04 6 0 QUESTION0_0_R 1 1.138e+02 7.810e+01)))
|                ( - -2.485e+03 1 0)))))
s>    ( QUESTION16 1 -3.289e+04 2.361e+02 1.397e+02
s>        ( QUESTION0_0_R 1 -3.207e+03 2.070e+02 1.301e+01
s>            ( - -2.492e+03 1 0)
s>            ( - -5.085e+02 1 0))
s>        ( WDBNDRY_B 0 -2.945e+04 1.978e+02 1.267e+02
s>            ( - -9.382e+02 1 0)
s>            ( QUESTION0_20_R 1 -2.832e+04 1.593e+02 1.217e+02
s>                ( - -1.326e+03 1 0)
s>                ( WDBNDRY_S 0 -2.683e+04 1.395e+02 1.157e+02
s>                    ( QUESTION0_1_R 1 -2.421e+04 1.568e+02 1.047e+02
s>                        ( - -5.417e+03 2 0)
s>                        ( QUESTION20 1 -1.863e+04 1.507e+02 8.010e+01
s>                            ( - -3.356e+02 1 0)
s>                            ( - -1.815e+04 6 0 QUESTION0_0_R 1 1.138e+02 7.810e+01)))
s>                    ( - -2.485e+03 1 0)))))INFO: dtree.c(1315): Comp split 18
INFO: dtree.c(1478): Final simple tree
|( QUESTION3 -1 -5.149e+04 2.320e+02 2.340e+02
|    ( QUESTION0_0_R 1 -1.405e+04 1.585e+02 6.476e+01
|        ( - -8.415e+03 1 0)
|        ( - -5.477e+03 2 0))
|    ( QUESTION8 -1 -3.721e+04 1.587e+02 1.692e+02
|        ( QUESTION0_6_R 1 -1.574e+04 1.366e+02 7.103e+01
|            ( QUESTION14 -1 -6.306e+03 1.341e+02 2.952e+01
|                ( - -3.135e+03 1 0)
|                ( - -3.036e+03 1 0))
|            ( - -9.303e+03 1 0))
|        ( QUESTION2_7_L -1 -2.130e+04 1.496e+02 9.820e+01
|            ( - -6.027e+03 1 0)
|            ( QUESTION0 -1 -1.513e+04 1.044e+02 6.920e+01
|                ( - -4.509e+03 1 0)
|                ( - -1.051e+04 1 0)))))
s>    ( QUESTION3 -1 -5.149e+04 2.320e+02 2.340e+02
s>        ( QUESTION0_0_R 1 -1.405e+04 1.585e+02 6.476e+01
s>            ( - -8.415e+03 1 0)
s>            ( - -5.477e+03 2 0))
s>        ( QUESTION8 -1 -3.721e+04 1.587e+02 1.692e+02
s>            ( QUESTION0_6_R 1 -1.574e+04 1.366e+02 7.103e+01
s>                ( QUESTION14 -1 -6.306e+03 1.341e+02 2.952e+01
s>                    ( - -3.135e+03 1 0)
s>                    ( - -3.036e+03 1 0))
s>                ( - -9.303e+03 1 0))
s>            ( QUESTION2_7_L -1 -2.130e+04 1.496e+02 9.820e+01
s>                ( - -6.027e+03 1 0)
s>                ( QUESTION0 -1 -1.513e+04 1.044e+02 6.920e+01
s>                    ( - -4.509e+03 1 0)
s>                    ( - -1.051e+04 1 0)))))INFO: dtree.c(1315): Comp split 19
INFO: dtree.c(1478): Final simple tree
|( SILENCE -1 -3.110e+04 1.970e+02 1.391e+02
|    ( QUESTION0_0_R 1 -1.698e+04 1.407e+02 7.678e+01
|        ( - -1.585e+04 3 0 QUESTION15 1 1.301e+02 7.178e+01)
|        ( - -9.830e+02 1 0))
|    ( QUESTION2 -1 -1.392e+04 1.762e+02 6.230e+01
|        ( SILENCE 1 -3.628e+03 1.452e+02 1.703e+01
|            ( - -2.688e+03 1 0)
|            ( - -7.943e+02 1 0))
|        ( SILENCE 1 -1.012e+04 2.492e+02 4.528e+01
|            ( - -1.952e+02 1 0)
|            ( QUESTION0_2_R 1 -9.675e+03 1.686e+02 4.328e+01
|                ( QUESTION0_4_R 1 -4.502e+03 1.500e+02 2.028e+01
|                    ( - -4.044e+03 1 0)
|                    ( - -3.081e+02 1 0))
|                ( - -5.005e+03 4 0 QUESTION0_0_R 1 1.335e+02 2.300e+01)))))
s>    ( SILENCE -1 -3.110e+04 1.970e+02 1.391e+02
s>        ( QUESTION0_0_R 1 -1.698e+04 1.407e+02 7.678e+01
s>            ( - -1.585e+04 3 0 QUESTION15 1 1.301e+02 7.178e+01)
s>            ( - -9.830e+02 1 0))
s>        ( QUESTION2 -1 -1.392e+04 1.762e+02 6.230e+01
s>            ( SILENCE 1 -3.628e+03 1.452e+02 1.703e+01
s>                ( - -2.688e+03 1 0)
s>                ( - -7.943e+02 1 0))
s>            ( SILENCE 1 -1.012e+04 2.492e+02 4.528e+01
s>                ( - -1.952e+02 1 0)
s>                ( QUESTION0_2_R 1 -9.675e+03 1.686e+02 4.328e+01
s>                    ( QUESTION0_4_R 1 -4.502e+03 1.500e+02 2.028e+01
s>                        ( - -4.044e+03 1 0)
s>                        ( - -3.081e+02 1 0))
s>                    ( - -5.005e+03 4 0 QUESTION0_0_R 1 1.335e+02 2.300e+01)))))INFO: dtree.c(1439): stop. leaf nodes are specific
INFO: dtree.c(1478): Final simple tree
|( QUESTION2 -1 -1.524e+04 2.082e+02 6.701e+01
|    ( - -3.061e+03 1 0)
|    ( QUESTION0_0_R 1 -1.197e+04 1.364e+02 5.201e+01
|        ( - -2.321e+03 1 0)
|        ( QUESTION0_15_R 1 -9.512e+03 1.316e+02 4.201e+01
|            ( - -3.132e+03 1 0)
|            ( SILENCE 1 -6.248e+03 1.306e+02 2.801e+01
|                ( - -3.999e+03 1 0)
|                ( - -2.118e+03 1 0)))))
s>    ( QUESTION2 -1 -1.524e+04 2.082e+02 6.701e+01
s>        ( - -3.061e+03 1 0)
s>        ( QUESTION0_0_R 1 -1.197e+04 1.364e+02 5.201e+01
s>            ( - -2.321e+03 1 0)
s>            ( QUESTION0_15_R 1 -9.512e+03 1.316e+02 4.201e+01
s>                ( - -3.132e+03 1 0)
s>                ( SILENCE 1 -6.248e+03 1.306e+02 2.801e+01
s>                    ( - -3.999e+03 1 0)
s>                    ( - -2.118e+03 1 0)))))INFO: dtree.c(1315): Comp split 20
INFO: dtree.c(1439): stop. leaf nodes are specific
INFO: dtree.c(1478): Final simple tree
|( QUESTION0_13_R 1 -6.919e+03 9.291e+01 3.122e+01
|    ( - -6.232e+03 1 0)
|    ( - -5.937e+02 1 0))
s>    ( QUESTION0_13_R 1 -6.919e+03 9.291e+01 3.122e+01
s>        ( - -6.232e+03 1 0)
s>        ( - -5.937e+02 1 0))INFO: dtree.c(1439): stop. leaf nodes are specific
INFO: dtree.c(1478): Final simple tree
|( QUESTION0_6_R 1 -3.255e+04 1.983e+02 1.403e+02
|    ( - -2.453e+04 1 0)
|    ( QUESTION17 -1 -7.821e+03 1.396e+02 3.477e+01
|        ( - -5.713e+03 1 0)
|        ( WDBNDRY_S 0 -1.969e+03 1.999e+02 9.000e+00
|            ( - -5.609e+02 1 0)
|            ( - -1.208e+03 1 0))))
s>    ( QUESTION0_6_R 1 -3.255e+04 1.983e+02 1.403e+02
s>        ( - -2.453e+04 1 0)
s>        ( QUESTION17 -1 -7.821e+03 1.396e+02 3.477e+01
s>            ( - -5.713e+03 1 0)
s>            ( WDBNDRY_S 0 -1.969e+03 1.999e+02 9.000e+00
s>                ( - -5.609e+02 1 0)
s>                ( - -1.208e+03 1 0))))INFO: dtree.c(1315): Comp split 21
INFO: dtree.c(1478): Final simple tree
|( QUESTION20 1 -8.879e+04 2.076e+02 3.950e+02
|    ( QUESTION0_20_R 1 -2.244e+04 1.696e+02 1.000e+02
|        ( - -9.019e+03 3 0)
|        ( - -1.325e+04 2 0 QUESTION0_0_R 1 8.061e+01 5.805e+01))
|    ( QUESTION0_20_R 1 -6.615e+04 2.105e+02 2.950e+02
|        ( - -3.911e+03 1 0)
|        ( WDBNDRY_S 0 -6.203e+04 1.581e+02 2.759e+02
|            ( QUESTION0_14_R 1 -6.111e+04 1.405e+02 2.719e+02
|                ( - -2.306e+03 1 0)
|                ( QUESTION0_7_R 1 -5.867e+04 1.348e+02 2.609e+02
|                    ( QUESTION9 1 -2.752e+03 1.780e+02 1.300e+01
|                        ( - -2.337e+03 1 0)
|                        ( - -2.374e+02 1 0))
|                    ( - -5.578e+04 7 0 SILENCE 1 1.258e+02 2.479e+02)))
|            ( - -7.592e+02 1 0))))
s>    ( QUESTION20 1 -8.879e+04 2.076e+02 3.950e+02
s>        ( QUESTION0_20_R 1 -2.244e+04 1.696e+02 1.000e+02
s>            ( - -9.019e+03 3 0)
s>            ( - -1.325e+04 2 0 QUESTION0_0_R 1 8.061e+01 5.805e+01))
s>        ( QUESTION0_20_R 1 -6.615e+04 2.105e+02 2.950e+02
s>            ( - -3.911e+03 1 0)
s>            ( WDBNDRY_S 0 -6.203e+04 1.581e+02 2.759e+02
s>                ( QUESTION0_14_R 1 -6.111e+04 1.405e+02 2.719e+02
s>                    ( - -2.306e+03 1 0)
s>                    ( QUESTION0_7_R 1 -5.867e+04 1.348e+02 2.609e+02
s>                        ( QUESTION9 1 -2.752e+03 1.780e+02 1.300e+01
s>                            ( - -2.337e+03 1 0)
s>                            ( - -2.374e+02 1 0))
s>                        ( - -5.578e+04 7 0 SILENCE 1 1.258e+02 2.479e+02)))
s>                ( - -7.592e+02 1 0))))INFO: dtree.c(1315): Comp split 22
INFO: dtree.c(1478): Final simple tree
|( SILENCE -1 -3.065e+04 1.962e+02 1.371e+02
|    ( QUESTION0_0_R 1 -1.698e+04 1.407e+02 7.678e+01
|        ( - -1.585e+04 3 0 QUESTION15 1 1.301e+02 7.178e+01)
|        ( - -9.830e+02 1 0))
|    ( QUESTION2 -1 -1.348e+04 1.752e+02 6.030e+01
|        ( SILENCE 1 -3.628e+03 1.452e+02 1.703e+01
|            ( - -2.688e+03 1 0)
|            ( - -7.943e+02 1 0))
|        ( QUESTION0_2_R 1 -9.675e+03 1.686e+02 4.328e+01
|            ( QUESTION0_4_R 1 -4.502e+03 1.500e+02 2.028e+01
|                ( - -4.044e+03 1 0)
|                ( - -3.081e+02 1 0))
|            ( QUESTION0_0_R 1 -5.005e+03 1.335e+02 2.300e+01
|                ( - -3.460e+03 3 0 WDBNDRY_S 0 4.651e+02 1.600e+01)
|                ( - -1.411e+03 1 0)))))
s>    ( SILENCE -1 -3.065e+04 1.962e+02 1.371e+02
s>        ( QUESTION0_0_R 1 -1.698e+04 1.407e+02 7.678e+01
s>            ( - -1.585e+04 3 0 QUESTION15 1 1.301e+02 7.178e+01)
s>            ( - -9.830e+02 1 0))
s>        ( QUESTION2 -1 -1.348e+04 1.752e+02 6.030e+01
s>            ( SILENCE 1 -3.628e+03 1.452e+02 1.703e+01
s>                ( - -2.688e+03 1 0)
s>                ( - -7.943e+02 1 0))
s>            ( QUESTION0_2_R 1 -9.675e+03 1.686e+02 4.328e+01
s>                ( QUESTION0_4_R 1 -4.502e+03 1.500e+02 2.028e+01
s>                    ( - -4.044e+03 1 0)
s>                    ( - -3.081e+02 1 0))
s>                ( QUESTION0_0_R 1 -5.005e+03 1.335e+02 2.300e+01
s>                    ( - -3.460e+03 3 0 WDBNDRY_S 0 4.651e+02 1.600e+01)
s>                    ( - -1.411e+03 1 0)))))INFO: dtree.c(1315): Comp split 23
INFO: dtree.c(1439): stop. leaf nodes are specific
INFO: dtree.c(1478): Final simple tree
|( WDBNDRY_B 0 -8.406e+04 1.694e+02 3.972e+02
|    ( - -9.245e+02 1 0)
|    ( - -8.296e+04 1 0))
s>    ( WDBNDRY_B 0 -8.406e+04 1.694e+02 3.972e+02
s>        ( - -9.245e+02 1 0)
s>        ( - -8.296e+04 1 0))INFO: dtree.c(1315): Comp split 24
INFO: dtree.c(1439): stop. leaf nodes are specific
INFO: dtree.c(1478): Final simple tree
|( QUESTION0_14_R 1 -5.178e+03 2.090e+02 2.101e+01
|    ( - -5.085e+02 1 0)
|    ( QUESTION0_20_R 1 -4.461e+03 1.531e+02 1.801e+01
|        ( - -1.326e+03 1 0)
|        ( QUESTION0_0_R 1 -2.982e+03 1.545e+02 1.201e+01
|            ( - -2.492e+03 1 0)
|            ( - -3.356e+02 1 0))))
s>    ( QUESTION0_14_R 1 -5.178e+03 2.090e+02 2.101e+01
s>        ( - -5.085e+02 1 0)
s>        ( QUESTION0_20_R 1 -4.461e+03 1.531e+02 1.801e+01
s>            ( - -1.326e+03 1 0)
s>            ( QUESTION0_0_R 1 -2.982e+03 1.545e+02 1.201e+01
s>                ( - -2.492e+03 1 0)
s>                ( - -3.356e+02 1 0))))INFO: dtree.c(1439): stop. leaf nodes are specific
INFO: dtree.c(1478): Final simple tree
|( WDBNDRY_B 0 -2.748e+04 1.979e+02 1.187e+02
|    ( - -9.382e+02 1 0)
|    ( WDBNDRY_S 0 -2.634e+04 1.394e+02 1.137e+02
|        ( QUESTION0_1_R 1 -2.372e+04 1.549e+02 1.027e+02
|            ( - -5.417e+03 2 0)
|            ( QUESTION0_0_R 1 -1.815e+04 1.138e+02 7.810e+01
|                ( - -7.952e+03 3 0)
|                ( SILENCE 1 -1.008e+04 1.061e+02 4.401e+01
|                    ( - -8.275e+02 1 0)
|                    ( - -9.146e+03 2 0))))
|        ( - -2.485e+03 1 0)))
s>    ( WDBNDRY_B 0 -2.748e+04 1.979e+02 1.187e+02
s>        ( - -9.382e+02 1 0)
s>        ( WDBNDRY_S 0 -2.634e+04 1.394e+02 1.137e+02
s>            ( QUESTION0_1_R 1 -2.372e+04 1.549e+02 1.027e+02
s>                ( - -5.417e+03 2 0)
s>                ( QUESTION0_0_R 1 -1.815e+04 1.138e+02 7.810e+01
s>                    ( - -7.952e+03 3 0)
s>                    ( SILENCE 1 -1.008e+04 1.061e+02 4.401e+01
s>                        ( - -8.275e+02 1 0)
s>                        ( - -9.146e+03 2 0))))
s>            ( - -2.485e+03 1 0)))INFO: dtree.c(1315): Comp split 25
INFO: dtree.c(1439): stop. leaf nodes are specific
INFO: dtree.c(1478): Final simple tree
|( QUESTION8 -1 -3.101e+04 1.350e+02 1.402e+02
|    ( QUESTION0_6_R 1 -1.574e+04 1.366e+02 7.103e+01
|        ( QUESTION14 -1 -6.306e+03 1.341e+02 2.952e+01
|            ( - -3.135e+03 1 0)
|            ( - -3.036e+03 1 0))
|        ( - -9.303e+03 1 0))
|    ( QUESTION0 -1 -1.513e+04 1.044e+02 6.920e+01
|        ( - -4.509e+03 1 0)
|        ( - -1.051e+04 1 0)))
s>    ( QUESTION8 -1 -3.101e+04 1.350e+02 1.402e+02
s>        ( QUESTION0_6_R 1 -1.574e+04 1.366e+02 7.103e+01
s>            ( QUESTION14 -1 -6.306e+03 1.341e+02 2.952e+01
s>                ( - -3.135e+03 1 0)
s>                ( - -3.036e+03 1 0))
s>            ( - -9.303e+03 1 0))
s>        ( QUESTION0 -1 -1.513e+04 1.044e+02 6.920e+01
s>            ( - -4.509e+03 1 0)
s>            ( - -1.051e+04 1 0)))INFO: dtree.c(1439): stop. leaf nodes are specific
INFO: dtree.c(1478): Final simple tree
|( QUESTION0 -1 -2.025e+04 1.708e+02 9.376e+01
|    ( QUESTION0_0_R 1 -1.405e+04 1.585e+02 6.476e+01
|        ( - -8.415e+03 1 0)
|        ( - -5.477e+03 2 0))
|    ( - -6.027e+03 1 0))
s>    ( QUESTION0 -1 -2.025e+04 1.708e+02 9.376e+01
s>        ( QUESTION0_0_R 1 -1.405e+04 1.585e+02 6.476e+01
s>            ( - -8.415e+03 1 0)
s>            ( - -5.477e+03 2 0))
s>        ( - -6.027e+03 1 0))INFO: dtree.c(1315): Comp split 26
INFO: dtree.c(1439): stop. leaf nodes are specific
INFO: dtree.c(1478): Final simple tree
|( QUESTION0_0_R 1 -7.334e+03 1.545e+02 3.331e+01
|    ( - -6.644e+03 1 0)
|    ( - -5.353e+02 1 0))
s>    ( QUESTION0_0_R 1 -7.334e+03 1.545e+02 3.331e+01
s>        ( - -6.644e+03 1 0)
s>        ( - -5.353e+02 1 0))INFO: dtree.c(1439): stop. leaf nodes are specific
INFO: dtree.c(1478): Final simple tree
|( QUESTION0_18_R 1 -2.985e+04 2.035e+02 1.322e+02
|    ( - -1.695e+04 1 0)
|    ( QUESTION1 1 -1.269e+04 1.923e+02 5.600e+01
|        ( - -2.509e+02 1 0)
|        ( QUESTION0_20_R 1 -1.225e+04 1.690e+02 5.400e+01
|            ( - -6.184e+03 2 0)
|            ( WDBNDRY_S 0 -5.898e+03 1.597e+02 2.700e+01
|                ( QUESTION0_1_R 1 -4.739e+03 1.288e+02 2.200e+01
|                    ( - -1.161e+03 1 0)
|                    ( - -3.449e+03 1 0))
|                ( - -9.993e+02 1 0)))))
s>    ( QUESTION0_18_R 1 -2.985e+04 2.035e+02 1.322e+02
s>        ( - -1.695e+04 1 0)
s>        ( QUESTION1 1 -1.269e+04 1.923e+02 5.600e+01
s>            ( - -2.509e+02 1 0)
s>            ( QUESTION0_20_R 1 -1.225e+04 1.690e+02 5.400e+01
s>                ( - -6.184e+03 2 0)
s>                ( WDBNDRY_S 0 -5.898e+03 1.597e+02 2.700e+01
s>                    ( QUESTION0_1_R 1 -4.739e+03 1.288e+02 2.200e+01
s>                        ( - -1.161e+03 1 0)
s>                        ( - -3.449e+03 1 0))
s>                    ( - -9.993e+02 1 0)))))INFO: dtree.c(1315): Comp split 27
INFO: dtree.c(1478): Final simple tree
|( QUESTION20 1 -8.466e+04 1.902e+02 3.760e+02
|    ( QUESTION0_20_R 1 -2.244e+04 1.696e+02 1.000e+02
|        ( - -9.019e+03 3 0)
|        ( - -1.325e+04 2 0 QUESTION0_0_R 1 8.061e+01 5.805e+01))
|    ( WDBNDRY_S 0 -6.203e+04 1.581e+02 2.759e+02
|        ( QUESTION0_14_R 1 -6.111e+04 1.405e+02 2.719e+02
|            ( - -2.306e+03 1 0)
|            ( QUESTION0_7_R 1 -5.867e+04 1.348e+02 2.609e+02
|                ( QUESTION9 1 -2.752e+03 1.780e+02 1.300e+01
|                    ( - -2.337e+03 1 0)
|                    ( - -2.374e+02 1 0))
|                ( SILENCE 1 -5.578e+04 1.258e+02 2.479e+02
|                    ( - -5.356e+03 1 0)
|                    ( - -5.030e+04 6 0 QUESTION0_6_R 1 1.192e+02 2.230e+02))))
|        ( - -7.592e+02 1 0)))
s>    ( QUESTION20 1 -8.466e+04 1.902e+02 3.760e+02
s>        ( QUESTION0_20_R 1 -2.244e+04 1.696e+02 1.000e+02
s>            ( - -9.019e+03 3 0)
s>            ( - -1.325e+04 2 0 QUESTION0_0_R 1 8.061e+01 5.805e+01))
s>        ( WDBNDRY_S 0 -6.203e+04 1.581e+02 2.759e+02
s>            ( QUESTION0_14_R 1 -6.111e+04 1.405e+02 2.719e+02
s>                ( - -2.306e+03 1 0)
s>                ( QUESTION0_7_R 1 -5.867e+04 1.348e+02 2.609e+02
s>                    ( QUESTION9 1 -2.752e+03 1.780e+02 1.300e+01
s>                        ( - -2.337e+03 1 0)
s>                        ( - -2.374e+02 1 0))
s>                    ( SILENCE 1 -5.578e+04 1.258e+02 2.479e+02
s>                        ( - -5.356e+03 1 0)
s>                        ( - -5.030e+04 6 0 QUESTION0_6_R 1 1.192e+02 2.230e+02))))
s>            ( - -7.592e+02 1 0)))INFO: dtree.c(1315): Comp split 28
INFO: dtree.c(1439): stop. leaf nodes are specific
INFO: dtree.c(1478): Final simple tree
|( QUESTION0_6_R 1 -3.112e+04 1.923e+02 1.343e+02
|    ( - -2.453e+04 1 0)
|    ( WDBNDRY_S 0 -6.400e+03 1.267e+02 2.877e+01
|        ( - -5.609e+02 1 0)
|        ( - -5.713e+03 1 0)))
s>    ( QUESTION0_6_R 1 -3.112e+04 1.923e+02 1.343e+02
s>        ( - -2.453e+04 1 0)
s>        ( WDBNDRY_S 0 -6.400e+03 1.267e+02 2.877e+01
s>            ( - -5.609e+02 1 0)
s>            ( - -5.713e+03 1 0)))INFO: dtree.c(1315): Comp split 29
INFO: dtree.c(1439): stop. leaf nodes are specific
INFO: dtree.c(1478): Final simple tree
|( SILENCE -1 -1.434e+04 1.242e+02 6.265e+01
|    ( - -1.292e+03 1 0)
|    ( - -1.292e+04 1 0))
s>    ( SILENCE -1 -1.434e+04 1.242e+02 6.265e+01
s>        ( - -1.292e+03 1 0)
s>        ( - -1.292e+04 1 0))INFO: dtree.c(1315): Comp split 30
INFO: dtree.c(1439): stop. leaf nodes are specific
INFO: dtree.c(1478): Final simple tree
|( QUESTION0_0_R 1 -2.184e+04 1.512e+02 9.820e+01
|    ( QUESTION0_1_R 1 -4.739e+03 1.288e+02 2.200e+01
|        ( - -1.161e+03 1 0)
|        ( - -3.449e+03 1 0))
|    ( - -1.695e+04 1 0))
s>    ( QUESTION0_0_R 1 -2.184e+04 1.512e+02 9.820e+01
s>        ( QUESTION0_1_R 1 -4.739e+03 1.288e+02 2.200e+01
s>            ( - -1.161e+03 1 0)
s>            ( - -3.449e+03 1 0))
s>        ( - -1.695e+04 1 0))INFO: dtree.c(1439): stop. leaf nodes are specific
INFO: dtree.c(1478): Final simple tree
|( QUESTION0 1 -7.797e+03 1.935e+02 3.400e+01
|    ( - -2.509e+02 1 0)
|    ( WDBNDRY_S 0 -7.353e+03 1.695e+02 3.200e+01
|        ( - -6.184e+03 2 0)
|        ( - -9.993e+02 1 0)))
s>    ( QUESTION0 1 -7.797e+03 1.935e+02 3.400e+01
s>        ( - -2.509e+02 1 0)
s>        ( WDBNDRY_S 0 -7.353e+03 1.695e+02 3.200e+01
s>            ( - -6.184e+03 2 0)
s>            ( - -9.993e+02 1 0)))INFO: dtree.c(1315): Comp split 31
INFO: dtree.c(1439): stop. leaf nodes are specific
INFO: dtree.c(1478): Final simple tree
|( QUESTION0_20_R 1 -4.461e+03 1.531e+02 1.801e+01
|    ( - -1.326e+03 1 0)
|    ( QUESTION0_0_R 1 -2.982e+03 1.545e+02 1.201e+01
|        ( - -2.492e+03 1 0)
|        ( - -3.356e+02 1 0)))
s>    ( QUESTION0_20_R 1 -4.461e+03 1.531e+02 1.801e+01
s>        ( - -1.326e+03 1 0)
s>        ( QUESTION0_0_R 1 -2.982e+03 1.545e+02 1.201e+01
s>            ( - -2.492e+03 1 0)
s>            ( - -3.356e+02 1 0)))INFO: dtree.c(1315): Comp split 32
INFO: dtree.c(1439): stop. leaf nodes are specific
INFO: dtree.c(1478): Final simple tree
|( QUESTION0_0_R 1 -1.197e+04 1.364e+02 5.201e+01
|    ( - -2.321e+03 1 0)
|    ( QUESTION0_15_R 1 -9.512e+03 1.316e+02 4.201e+01
|        ( - -3.132e+03 1 0)
|        ( SILENCE 1 -6.248e+03 1.306e+02 2.801e+01
|            ( - -3.999e+03 1 0)
|            ( - -2.118e+03 1 0))))
s>    ( QUESTION0_0_R 1 -1.197e+04 1.364e+02 5.201e+01
s>        ( - -2.321e+03 1 0)
s>        ( QUESTION0_15_R 1 -9.512e+03 1.316e+02 4.201e+01
s>            ( - -3.132e+03 1 0)
s>            ( SILENCE 1 -6.248e+03 1.306e+02 2.801e+01
s>                ( - -3.999e+03 1 0)
s>                ( - -2.118e+03 1 0))))INFO: dtree.c(1315): Comp split 33
INFO: dtree.c(1439): stop. leaf nodes are specific
INFO: dtree.c(1478): Final simple tree
|( QUESTION0_2_R 1 -1.062e+04 1.675e+02 4.728e+01
|    ( QUESTION2 -1 -5.447e+03 1.513e+02 2.428e+01
|        ( - -7.943e+02 1 0)
|        ( QUESTION0_4_R 1 -4.502e+03 1.500e+02 2.028e+01
|            ( - -4.044e+03 1 0)
|            ( - -3.081e+02 1 0)))
|    ( QUESTION0_0_R 1 -5.005e+03 1.335e+02 2.300e+01
|        ( WDBNDRY_S 0 -3.460e+03 4.651e+02 1.600e+01
|            ( QUESTION6 -1 -3.237e+03 2.606e+02 1.500e+01
|                ( - -2.779e+03 1 0)
|                ( - -1.966e+02 1 0))
|            ( - 2.417e+02 1 0))
|        ( - -1.411e+03 1 0)))
s>    ( QUESTION0_2_R 1 -1.062e+04 1.675e+02 4.728e+01
s>        ( QUESTION2 -1 -5.447e+03 1.513e+02 2.428e+01
s>            ( - -7.943e+02 1 0)
s>            ( QUESTION0_4_R 1 -4.502e+03 1.500e+02 2.028e+01
s>                ( - -4.044e+03 1 0)
s>                ( - -3.081e+02 1 0)))
s>        ( QUESTION0_0_R 1 -5.005e+03 1.335e+02 2.300e+01
s>            ( WDBNDRY_S 0 -3.460e+03 4.651e+02 1.600e+01
s>                ( QUESTION6 -1 -3.237e+03 2.606e+02 1.500e+01
s>                    ( - -2.779e+03 1 0)
s>                    ( - -1.966e+02 1 0))
s>                ( - 2.417e+02 1 0))
s>            ( - -1.411e+03 1 0)))INFO: dtree.c(1439): stop. leaf nodes are specific
INFO: dtree.c(1478): Final simple tree
|( SILENCE -1 -1.982e+04 1.591e+02 8.981e+01
|    ( QUESTION0_0_R 1 -1.698e+04 1.407e+02 7.678e+01
|        ( QUESTION15 1 -1.585e+04 1.301e+02 7.178e+01
|            ( - -2.484e+03 1 0)
|            ( QUESTION0_3_R 1 -1.324e+04 1.264e+02 5.978e+01
|                ( - -1.183e+03 1 0)
|                ( - -1.193e+04 1 0)))
|        ( - -9.830e+02 1 0))
|    ( - -2.688e+03 1 0))
s>    ( SILENCE -1 -1.982e+04 1.591e+02 8.981e+01
s>        ( QUESTION0_0_R 1 -1.698e+04 1.407e+02 7.678e+01
s>            ( QUESTION15 1 -1.585e+04 1.301e+02 7.178e+01
s>                ( - -2.484e+03 1 0)
s>                ( QUESTION0_3_R 1 -1.324e+04 1.264e+02 5.978e+01
s>                    ( - -1.183e+03 1 0)
s>                    ( - -1.193e+04 1 0)))
s>            ( - -9.830e+02 1 0))
s>        ( - -2.688e+03 1 0))INFO: dtree.c(1315): Comp split 34
INFO: dtree.c(1439): stop. leaf nodes are specific
INFO: dtree.c(1478): Final simple tree
|( QUESTION0_2_R 1 -1.040e+04 1.643e+02 4.628e+01
|    ( QUESTION2 -1 -5.447e+03 1.513e+02 2.428e+01
|        ( - -7.943e+02 1 0)
|        ( QUESTION0_4_R 1 -4.502e+03 1.500e+02 2.028e+01
|            ( - -4.044e+03 1 0)
|            ( - -3.081e+02 1 0)))
|    ( WDBNDRY_S 0 -4.785e+03 1.377e+02 2.200e+01
|        ( QUESTION6 -1 -3.237e+03 2.606e+02 1.500e+01
|            ( - -2.779e+03 1 0)
|            ( - -1.966e+02 1 0))
|        ( - -1.411e+03 1 0)))
s>    ( QUESTION0_2_R 1 -1.040e+04 1.643e+02 4.628e+01
s>        ( QUESTION2 -1 -5.447e+03 1.513e+02 2.428e+01
s>            ( - -7.943e+02 1 0)
s>            ( QUESTION0_4_R 1 -4.502e+03 1.500e+02 2.028e+01
s>                ( - -4.044e+03 1 0)
s>                ( - -3.081e+02 1 0)))
s>        ( WDBNDRY_S 0 -4.785e+03 1.377e+02 2.200e+01
s>            ( QUESTION6 -1 -3.237e+03 2.606e+02 1.500e+01
s>                ( - -2.779e+03 1 0)
s>                ( - -1.966e+02 1 0))
s>            ( - -1.411e+03 1 0)))INFO: dtree.c(1315): Comp split 35
INFO: dtree.c(1439): stop. leaf nodes are specific
INFO: dtree.c(1478): Final simple tree
|( QUESTION0_2_R 1 -9.933e+03 1.610e+02 4.428e+01
|    ( QUESTION2 -1 -5.447e+03 1.513e+02 2.428e+01
|        ( - -7.943e+02 1 0)
|        ( QUESTION0_4_R 1 -4.502e+03 1.500e+02 2.028e+01
|            ( - -4.044e+03 1 0)
|            ( - -3.081e+02 1 0)))
|    ( WDBNDRY_S 0 -4.325e+03 1.347e+02 2.000e+01
|        ( - -2.779e+03 1 0)
|        ( - -1.411e+03 1 0)))
s>    ( QUESTION0_2_R 1 -9.933e+03 1.610e+02 4.428e+01
s>        ( QUESTION2 -1 -5.447e+03 1.513e+02 2.428e+01
s>            ( - -7.943e+02 1 0)
s>            ( QUESTION0_4_R 1 -4.502e+03 1.500e+02 2.028e+01
s>                ( - -4.044e+03 1 0)
s>                ( - -3.081e+02 1 0)))
s>        ( WDBNDRY_S 0 -4.325e+03 1.347e+02 2.000e+01
s>            ( - -2.779e+03 1 0)
s>            ( - -1.411e+03 1 0)))INFO: dtree.c(1315): Comp split 36
INFO: dtree.c(1315): Comp split 37
INFO: dtree.c(1439): stop. leaf nodes are specific
INFO: dtree.c(1478): Final simple tree
|( QUESTION0_20_R 1 -2.490e+04 1.698e+02 1.110e+02
|    ( - -9.019e+03 3 0)
|    ( QUESTION0_2_R 1 -1.571e+04 1.223e+02 6.905e+01
|        ( - -2.337e+03 1 0)
|        ( QUESTION0_0_R 1 -1.325e+04 8.061e+01 5.805e+01
|            ( - -1.120e+04 1 0)
|            ( - -1.963e+03 1 0))))
s>    ( QUESTION0_20_R 1 -2.490e+04 1.698e+02 1.110e+02
s>        ( - -9.019e+03 3 0)
s>        ( QUESTION0_2_R 1 -1.571e+04 1.223e+02 6.905e+01
s>            ( - -2.337e+03 1 0)
s>            ( QUESTION0_0_R 1 -1.325e+04 8.061e+01 5.805e+01
s>                ( - -1.120e+04 1 0)
s>                ( - -1.963e+03 1 0))))INFO: dtree.c(1478): Final simple tree
|( QUESTION0_7_R 1 -5.956e+04 1.859e+02 2.649e+02
|    ( - -2.374e+02 1 0)
|    ( WDBNDRY_S 0 -5.914e+04 1.595e+02 2.629e+02
|        ( QUESTION0_14_R 1 -5.822e+04 1.356e+02 2.589e+02
|            ( - -2.306e+03 1 0)
|            ( SILENCE 1 -5.578e+04 1.258e+02 2.479e+02
|                ( - -5.356e+03 1 0)
|                ( QUESTION0_6_R 1 -5.030e+04 1.192e+02 2.230e+02
|                    ( - -2.800e+03 1 0)
|                    ( QUESTION0_0_R 1 -4.738e+04 1.002e+02 2.100e+02
|                        ( QUESTION0_3_R 1 -3.016e+04 9.095e+01 1.336e+02
|                            ( - -4.616e+03 1 0)
|                            ( - -2.545e+04 2 0))
|                        ( - -1.712e+04 2 0)))))
|        ( - -7.592e+02 1 0)))
s>    ( QUESTION0_7_R 1 -5.956e+04 1.859e+02 2.649e+02
s>        ( - -2.374e+02 1 0)
s>        ( WDBNDRY_S 0 -5.914e+04 1.595e+02 2.629e+02
s>            ( QUESTION0_14_R 1 -5.822e+04 1.356e+02 2.589e+02
s>                ( - -2.306e+03 1 0)
s>                ( SILENCE 1 -5.578e+04 1.258e+02 2.479e+02
s>                    ( - -5.356e+03 1 0)
s>                    ( QUESTION0_6_R 1 -5.030e+04 1.192e+02 2.230e+02
s>                        ( - -2.800e+03 1 0)
s>                        ( QUESTION0_0_R 1 -4.738e+04 1.002e+02 2.100e+02
s>                            ( QUESTION0_3_R 1 -3.016e+04 9.095e+01 1.336e+02
s>                                ( - -4.616e+03 1 0)
s>                                ( - -2.545e+04 2 0))
s>                            ( - -1.712e+04 2 0)))))
s>            ( - -7.592e+02 1 0)))INFO: dtree.c(1315): Comp split 38
INFO: dtree.c(1439): stop. leaf nodes are specific
INFO: dtree.c(1478): Final simple tree
|( WDBNDRY_S 0 -2.634e+04 1.394e+02 1.137e+02
|    ( QUESTION0_1_R 1 -2.372e+04 1.549e+02 1.027e+02
|        ( - -5.417e+03 2 0)
|        ( QUESTION0_0_R 1 -1.815e+04 1.138e+02 7.810e+01
|            ( - -7.952e+03 3 0)
|            ( SILENCE 1 -1.008e+04 1.061e+02 4.401e+01
|                ( - -8.275e+02 1 0)
|                ( - -9.146e+03 2 0))))
|    ( - -2.485e+03 1 0))
s>    ( WDBNDRY_S 0 -2.634e+04 1.394e+02 1.137e+02
s>        ( QUESTION0_1_R 1 -2.372e+04 1.549e+02 1.027e+02
s>            ( - -5.417e+03 2 0)
s>            ( QUESTION0_0_R 1 -1.815e+04 1.138e+02 7.810e+01
s>                ( - -7.952e+03 3 0)
s>                ( SILENCE 1 -1.008e+04 1.061e+02 4.401e+01
s>                    ( - -8.275e+02 1 0)
s>                    ( - -9.146e+03 2 0))))
s>        ( - -2.485e+03 1 0))INFO: dtree.c(1315): Comp split 39
INFO: dtree.c(1439): stop. leaf nodes are specific
INFO: dtree.c(1478): Final simple tree
|( WDBNDRY_S 0 -7.353e+03 1.695e+02 3.200e+01
|    ( - -6.184e+03 2 0)
|    ( - -9.993e+02 1 0))
s>    ( WDBNDRY_S 0 -7.353e+03 1.695e+02 3.200e+01
s>        ( - -6.184e+03 2 0)
s>        ( - -9.993e+02 1 0))INFO: dtree.c(1315): Comp split 40
INFO: dtree.c(1439): stop. leaf nodes are specific
INFO: dtree.c(1478): Final simple tree
|( WDBNDRY_S 0 -6.400e+03 1.267e+02 2.877e+01
|    ( - -5.609e+02 1 0)
|    ( - -5.713e+03 1 0))
s>    ( WDBNDRY_S 0 -6.400e+03 1.267e+02 2.877e+01
s>        ( - -5.609e+02 1 0)
s>        ( - -5.713e+03 1 0))INFO: dtree.c(1315): Comp split 41
INFO: dtree.c(1439): stop. leaf nodes are specific
INFO: dtree.c(1478): Final simple tree
|( WDBNDRY_S 0 -5.914e+04 1.595e+02 2.629e+02
|    ( QUESTION0_14_R 1 -5.822e+04 1.356e+02 2.589e+02
|        ( - -2.306e+03 1 0)
|        ( SILENCE 1 -5.578e+04 1.258e+02 2.479e+02
|            ( - -5.356e+03 1 0)
|            ( QUESTION0_6_R 1 -5.030e+04 1.192e+02 2.230e+02
|                ( - -2.800e+03 1 0)
|                ( QUESTION0_0_R 1 -4.738e+04 1.002e+02 2.100e+02
|                    ( QUESTION0_3_R 1 -3.016e+04 9.095e+01 1.336e+02
|                        ( - -4.616e+03 1 0)
|                        ( - -2.545e+04 2 0))
|                    ( - -1.712e+04 2 0)))))
|    ( - -7.592e+02 1 0))
s>    ( WDBNDRY_S 0 -5.914e+04 1.595e+02 2.629e+02
s>        ( QUESTION0_14_R 1 -5.822e+04 1.356e+02 2.589e+02
s>            ( - -2.306e+03 1 0)
s>            ( SILENCE 1 -5.578e+04 1.258e+02 2.479e+02
s>                ( - -5.356e+03 1 0)
s>                ( QUESTION0_6_R 1 -5.030e+04 1.192e+02 2.230e+02
s>                    ( - -2.800e+03 1 0)
s>                    ( QUESTION0_0_R 1 -4.738e+04 1.002e+02 2.100e+02
s>                        ( QUESTION0_3_R 1 -3.016e+04 9.095e+01 1.336e+02
s>                            ( - -4.616e+03 1 0)
s>                            ( - -2.545e+04 2 0))
s>                        ( - -1.712e+04 2 0)))))
s>        ( - -7.592e+02 1 0))INFO: dtree.c(1315): Comp split 42
INFO: dtree.c(1439): stop. leaf nodes are specific
INFO: dtree.c(1478): Final simple tree
|( QUESTION0_0_R 1 -1.405e+04 1.585e+02 6.476e+01
|    ( - -8.415e+03 1 0)
|    ( - -5.477e+03 2 0))
s>    ( QUESTION0_0_R 1 -1.405e+04 1.585e+02 6.476e+01
s>        ( - -8.415e+03 1 0)
s>        ( - -5.477e+03 2 0))INFO: dtree.c(1315): Comp split 43
INFO: dtree.c(1439): stop. leaf nodes are specific
INFO: dtree.c(1478): Final simple tree
|( QUESTION0_2_R 1 -1.571e+04 1.223e+02 6.905e+01
|    ( - -2.337e+03 1 0)
|    ( QUESTION0_0_R 1 -1.325e+04 8.061e+01 5.805e+01
|        ( - -1.120e+04 1 0)
|        ( - -1.963e+03 1 0)))
s>    ( QUESTION0_2_R 1 -1.571e+04 1.223e+02 6.905e+01
s>        ( - -2.337e+03 1 0)
s>        ( QUESTION0_0_R 1 -1.325e+04 8.061e+01 5.805e+01
s>            ( - -1.120e+04 1 0)
s>            ( - -1.963e+03 1 0)))INFO: dtree.c(1315): Comp split 44
INFO: dtree.c(1315): Comp split 45
INFO: dtree.c(1315): Comp split 46
INFO: dtree.c(1439): stop. leaf nodes are specific
INFO: dtree.c(1478): Final simple tree
|( QUESTION0_6_R 1 -1.828e+04 1.193e+02 8.371e+01
|    ( - -3.036e+03 1 0)
|    ( QUESTION0 -1 -1.513e+04 1.044e+02 6.920e+01
|        ( - -4.509e+03 1 0)
|        ( - -1.051e+04 1 0)))
s>    ( QUESTION0_6_R 1 -1.828e+04 1.193e+02 8.371e+01
s>        ( - -3.036e+03 1 0)
s>        ( QUESTION0 -1 -1.513e+04 1.044e+02 6.920e+01
s>            ( - -4.509e+03 1 0)
s>            ( - -1.051e+04 1 0)))INFO: dtree.c(1439): stop. leaf nodes are specific
INFO: dtree.c(1478): Final simple tree
|( QUESTION0_6_R 1 -1.256e+04 1.219e+02 5.651e+01
|    ( - -3.135e+03 1 0)
|    ( - -9.303e+03 1 0))
s>    ( QUESTION0_6_R 1 -1.256e+04 1.219e+02 5.651e+01
s>        ( - -3.135e+03 1 0)
s>        ( - -9.303e+03 1 0))INFO: dtree.c(1315): Comp split 47
INFO: dtree.c(1439): stop. leaf nodes are specific
INFO: dtree.c(1478): Final simple tree
|( WDBNDRY_S 0 -2.076e+04 1.325e+02 8.910e+01
|    ( QUESTION0_0_R 1 -1.815e+04 1.138e+02 7.810e+01
|        ( - -7.952e+03 3 0)
|        ( SILENCE 1 -1.008e+04 1.061e+02 4.401e+01
|            ( - -8.275e+02 1 0)
|            ( - -9.146e+03 2 0)))
|    ( - -2.485e+03 1 0))
s>    ( WDBNDRY_S 0 -2.076e+04 1.325e+02 8.910e+01
s>        ( QUESTION0_0_R 1 -1.815e+04 1.138e+02 7.810e+01
s>            ( - -7.952e+03 3 0)
s>            ( SILENCE 1 -1.008e+04 1.061e+02 4.401e+01
s>                ( - -8.275e+02 1 0)
s>                ( - -9.146e+03 2 0)))
s>        ( - -2.485e+03 1 0))INFO: dtree.c(1315): Comp split 48
INFO: dtree.c(1439): stop. leaf nodes are specific
INFO: dtree.c(1478): Final simple tree
|( QUESTION2 -1 -5.447e+03 1.513e+02 2.428e+01
|    ( - -7.943e+02 1 0)
|    ( QUESTION0_4_R 1 -4.502e+03 1.500e+02 2.028e+01
|        ( - -4.044e+03 1 0)
|        ( - -3.081e+02 1 0)))
s>    ( QUESTION2 -1 -5.447e+03 1.513e+02 2.428e+01
s>        ( - -7.943e+02 1 0)
s>        ( QUESTION0_4_R 1 -4.502e+03 1.500e+02 2.028e+01
s>            ( - -4.044e+03 1 0)
s>            ( - -3.081e+02 1 0)))INFO: dtree.c(1439): stop. leaf nodes are specific
INFO: dtree.c(1478): Final simple tree
|( WDBNDRY_S 0 -4.325e+03 1.347e+02 2.000e+01
|    ( - -2.779e+03 1 0)
|    ( - -1.411e+03 1 0))
s>    ( WDBNDRY_S 0 -4.325e+03 1.347e+02 2.000e+01
s>        ( - -2.779e+03 1 0)
s>        ( - -1.411e+03 1 0))INFO: dtree.c(1315): Comp split 49
INFO: dtree.c(1439): stop. leaf nodes are specific
INFO: dtree.c(1478): Final simple tree
|( QUESTION0_0_R 1 -2.887e+03 1.545e+02 1.300e+01
|    ( - -5.346e+02 1 0)
|    ( WDBNDRY_B 0 -2.198e+03 1.184e+02 1.000e+01
|        ( - -1.070e+03 1 0)
|        ( - -1.010e+03 1 0)))
s>    ( QUESTION0_0_R 1 -2.887e+03 1.545e+02 1.300e+01
s>        ( - -5.346e+02 1 0)
s>        ( WDBNDRY_B 0 -2.198e+03 1.184e+02 1.000e+01
s>            ( - -1.070e+03 1 0)
s>            ( - -1.010e+03 1 0)))INFO: dtree.c(1315): Comp split 50
INFO: dtree.c(1439): stop. leaf nodes are specific
INFO: dtree.c(1478): Final simple tree
|( QUESTION0_14_R 1 -5.822e+04 1.356e+02 2.589e+02
|    ( - -2.306e+03 1 0)
|    ( SILENCE 1 -5.578e+04 1.258e+02 2.479e+02
|        ( - -5.356e+03 1 0)
|        ( QUESTION0_6_R 1 -5.030e+04 1.192e+02 2.230e+02
|            ( - -2.800e+03 1 0)
|            ( QUESTION0_0_R 1 -4.738e+04 1.002e+02 2.100e+02
|                ( QUESTION0_3_R 1 -3.016e+04 9.095e+01 1.336e+02
|                    ( - -4.616e+03 1 0)
|                    ( - -2.545e+04 2 0))
|                ( - -1.712e+04 2 0)))))
s>    ( QUESTION0_14_R 1 -5.822e+04 1.356e+02 2.589e+02
s>        ( - -2.306e+03 1 0)
s>        ( SILENCE 1 -5.578e+04 1.258e+02 2.479e+02
s>            ( - -5.356e+03 1 0)
s>            ( QUESTION0_6_R 1 -5.030e+04 1.192e+02 2.230e+02
s>                ( - -2.800e+03 1 0)
s>                ( QUESTION0_0_R 1 -4.738e+04 1.002e+02 2.100e+02
s>                    ( QUESTION0_3_R 1 -3.016e+04 9.095e+01 1.336e+02
s>                        ( - -4.616e+03 1 0)
s>                        ( - -2.545e+04 2 0))
s>                    ( - -1.712e+04 2 0)))))INFO: dtree.c(1315): Comp split 51
INFO: dtree.c(1439): stop. leaf nodes are specific
INFO: dtree.c(1478): Final simple tree
|( QUESTION0_0_R 1 -1.698e+04 1.407e+02 7.678e+01
|    ( QUESTION15 1 -1.585e+04 1.301e+02 7.178e+01
|        ( - -2.484e+03 1 0)
|        ( QUESTION0_3_R 1 -1.324e+04 1.264e+02 5.978e+01
|            ( - -1.183e+03 1 0)
|            ( - -1.193e+04 1 0)))
|    ( - -9.830e+02 1 0))
s>    ( QUESTION0_0_R 1 -1.698e+04 1.407e+02 7.678e+01
s>        ( QUESTION15 1 -1.585e+04 1.301e+02 7.178e+01
s>            ( - -2.484e+03 1 0)
s>            ( QUESTION0_3_R 1 -1.324e+04 1.264e+02 5.978e+01
s>                ( - -1.183e+03 1 0)
s>                ( - -1.193e+04 1 0)))
s>        ( - -9.830e+02 1 0))INFO: dtree.c(1315): Comp split 52
INFO: dtree.c(1315): Comp split 53
INFO: dtree.c(1439): stop. leaf nodes are specific
INFO: dtree.c(1478): Final simple tree
|( WDBNDRY_B 0 -2.198e+03 1.184e+02 1.000e+01
|    ( - -1.070e+03 1 0)
|    ( - -1.010e+03 1 0))
s>    ( WDBNDRY_B 0 -2.198e+03 1.184e+02 1.000e+01
s>        ( - -1.070e+03 1 0)
s>        ( - -1.010e+03 1 0))INFO: dtree.c(1315): Comp split 54
INFO: dtree.c(1315): Comp split 55
INFO: dtree.c(1439): stop. leaf nodes are specific
INFO: dtree.c(1478): Final simple tree
|( QUESTION0_0_R 1 -2.982e+03 1.545e+02 1.201e+01
|    ( - -2.492e+03 1 0)
|    ( - -3.356e+02 1 0))
s>    ( QUESTION0_0_R 1 -2.982e+03 1.545e+02 1.201e+01
s>        ( - -2.492e+03 1 0)
s>        ( - -3.356e+02 1 0))INFO: dtree.c(1315): Comp split 56
INFO: dtree.c(1315): Comp split 57
INFO: dtree.c(1439): stop. leaf nodes are specific
INFO: dtree.c(1478): Final simple tree
|( QUESTION0_4_R 1 -4.502e+03 1.500e+02 2.028e+01
|    ( - -4.044e+03 1 0)
|    ( - -3.081e+02 1 0))
s>    ( QUESTION0_4_R 1 -4.502e+03 1.500e+02 2.028e+01
s>        ( - -4.044e+03 1 0)
s>        ( - -3.081e+02 1 0))INFO: dtree.c(1315): Comp split 58
INFO: dtree.c(1439): stop. leaf nodes are specific
INFO: dtree.c(1478): Final simple tree
|( QUESTION0_1_R 1 -4.739e+03 1.288e+02 2.200e+01
|    ( - -1.161e+03 1 0)
|    ( - -3.449e+03 1 0))
s>    ( QUESTION0_1_R 1 -4.739e+03 1.288e+02 2.200e+01
s>        ( - -1.161e+03 1 0)
s>        ( - -3.449e+03 1 0))INFO: dtree.c(1315): Comp split 59
INFO: dtree.c(1315): Comp split 60
INFO: dtree.c(1439): stop. leaf nodes are specific
INFO: dtree.c(1478): Final simple tree
|( QUESTION15 1 -1.585e+04 1.301e+02 7.178e+01
|    ( - -2.484e+03 1 0)
|    ( QUESTION0_3_R 1 -1.324e+04 1.264e+02 5.978e+01
|        ( - -1.183e+03 1 0)
|        ( - -1.193e+04 1 0)))
s>    ( QUESTION15 1 -1.585e+04 1.301e+02 7.178e+01
s>        ( - -2.484e+03 1 0)
s>        ( QUESTION0_3_R 1 -1.324e+04 1.264e+02 5.978e+01
s>            ( - -1.183e+03 1 0)
s>            ( - -1.193e+04 1 0)))INFO: dtree.c(1315): Comp split 61
INFO: dtree.c(1439): stop. leaf nodes are specific
INFO: dtree.c(1478): Final simple tree
|( QUESTION0_15_R 1 -9.512e+03 1.316e+02 4.201e+01
|    ( - -3.132e+03 1 0)
|    ( SILENCE 1 -6.248e+03 1.306e+02 2.801e+01
|        ( - -3.999e+03 1 0)
|        ( - -2.118e+03 1 0)))
s>    ( QUESTION0_15_R 1 -9.512e+03 1.316e+02 4.201e+01
s>        ( - -3.132e+03 1 0)
s>        ( SILENCE 1 -6.248e+03 1.306e+02 2.801e+01
s>            ( - -3.999e+03 1 0)
s>            ( - -2.118e+03 1 0)))INFO: dtree.c(1315): Comp split 62
INFO: dtree.c(1439): stop. leaf nodes are specific
INFO: dtree.c(1478): Final simple tree
|( SILENCE 1 -5.578e+04 1.258e+02 2.479e+02
|    ( - -5.356e+03 1 0)
|    ( QUESTION0_6_R 1 -5.030e+04 1.192e+02 2.230e+02
|        ( - -2.800e+03 1 0)
|        ( QUESTION0_0_R 1 -4.738e+04 1.002e+02 2.100e+02
|            ( QUESTION0_3_R 1 -3.016e+04 9.095e+01 1.336e+02
|                ( - -4.616e+03 1 0)
|                ( - -2.545e+04 2 0))
|            ( - -1.712e+04 2 0))))
s>    ( SILENCE 1 -5.578e+04 1.258e+02 2.479e+02
s>        ( - -5.356e+03 1 0)
s>        ( QUESTION0_6_R 1 -5.030e+04 1.192e+02 2.230e+02
s>            ( - -2.800e+03 1 0)
s>            ( QUESTION0_0_R 1 -4.738e+04 1.002e+02 2.100e+02
s>                ( QUESTION0_3_R 1 -3.016e+04 9.095e+01 1.336e+02
s>                    ( - -4.616e+03 1 0)
s>                    ( - -2.545e+04 2 0))
s>                ( - -1.712e+04 2 0))))INFO: dtree.c(1315): Comp split 63
INFO: dtree.c(1315): Comp split 64
INFO: dtree.c(1315): Comp split 65
INFO: dtree.c(1439): stop. leaf nodes are specific
INFO: dtree.c(1478): Final simple tree
|( QUESTION0_0_R 1 -1.815e+04 1.138e+02 7.810e+01
|    ( - -7.952e+03 3 0)
|    ( SILENCE 1 -1.008e+04 1.061e+02 4.401e+01
|        ( - -8.275e+02 1 0)
|        ( - -9.146e+03 2 0)))
s>    ( QUESTION0_0_R 1 -1.815e+04 1.138e+02 7.810e+01
s>        ( - -7.952e+03 3 0)
s>        ( SILENCE 1 -1.008e+04 1.061e+02 4.401e+01
s>            ( - -8.275e+02 1 0)
s>            ( - -9.146e+03 2 0)))INFO: dtree.c(1315): Comp split 66
INFO: dtree.c(1439): stop. leaf nodes are specific
INFO: dtree.c(1478): Final simple tree
|( SILENCE 1 -6.248e+03 1.306e+02 2.801e+01
|    ( - -3.999e+03 1 0)
|    ( - -2.118e+03 1 0))
s>    ( SILENCE 1 -6.248e+03 1.306e+02 2.801e+01
s>        ( - -3.999e+03 1 0)
s>        ( - -2.118e+03 1 0))INFO: dtree.c(1315): Comp split 67
INFO: dtree.c(1315): Comp split 68
INFO: dtree.c(1439): stop. leaf nodes are specific
INFO: dtree.c(1478): Final simple tree
|( QUESTION0_3_R 1 -1.324e+04 1.264e+02 5.978e+01
|    ( - -1.183e+03 1 0)
|    ( - -1.193e+04 1 0))
s>    ( QUESTION0_3_R 1 -1.324e+04 1.264e+02 5.978e+01
s>        ( - -1.183e+03 1 0)
s>        ( - -1.193e+04 1 0))INFO: dtree.c(1315): Comp split 69
INFO: dtree.c(1315): Comp split 70
INFO: dtree.c(1439): stop. leaf nodes are specific
INFO: dtree.c(1478): Final simple tree
|( QUESTION0_0_R 1 -4.738e+04 1.002e+02 2.100e+02
|    ( QUESTION0_3_R 1 -3.016e+04 9.095e+01 1.336e+02
|        ( - -4.616e+03 1 0)
|        ( - -2.545e+04 2 0))
|    ( - -1.712e+04 2 0))
s>    ( QUESTION0_0_R 1 -4.738e+04 1.002e+02 2.100e+02
s>        ( QUESTION0_3_R 1 -3.016e+04 9.095e+01 1.336e+02
s>            ( - -4.616e+03 1 0)
s>            ( - -2.545e+04 2 0))
s>        ( - -1.712e+04 2 0))INFO: dtree.c(1439): stop. leaf nodes are specific
INFO: dtree.c(1478): Final simple tree
|( SILENCE 1 -8.273e+03 1.169e+02 3.796e+01
|    ( - -5.356e+03 1 0)
|    ( - -2.800e+03 1 0))
s>    ( SILENCE 1 -8.273e+03 1.169e+02 3.796e+01
s>        ( - -5.356e+03 1 0)
s>        ( - -2.800e+03 1 0))INFO: dtree.c(1315): Comp split 71
INFO: dtree.c(1315): Comp split 72
INFO: dtree.c(1315): Comp split 73
INFO: dtree.c(1315): Comp split 74
INFO: dtree.c(1439): stop. leaf nodes are specific
INFO: dtree.c(1478): Final simple tree
|( QUESTION0_0_R 1 -1.325e+04 8.061e+01 5.805e+01
|    ( - -1.120e+04 1 0)
|    ( - -1.963e+03 1 0))
s>    ( QUESTION0_0_R 1 -1.325e+04 8.061e+01 5.805e+01
s>        ( - -1.120e+04 1 0)
s>        ( - -1.963e+03 1 0))INFO: dtree.c(1315): Comp split 75
INFO: dtree.c(1315): Comp split 76
INFO: dtree.c(1439): stop. leaf nodes are specific
INFO: dtree.c(1478): Final simple tree
|( QUESTION0 -1 -1.513e+04 1.044e+02 6.920e+01
|    ( - -4.509e+03 1 0)
|    ( - -1.051e+04 1 0))
s>    ( QUESTION0 -1 -1.513e+04 1.044e+02 6.920e+01
s>        ( - -4.509e+03 1 0)
s>        ( - -1.051e+04 1 0))INFO: dtree.c(1315): Comp split 77
INFO: dtree.c(1315): Comp split 78
INFO: dtree.c(1315): Comp split 79
INFO: dtree.c(1439): stop. leaf nodes are specific
INFO: dtree.c(1478): Final simple tree
|( SILENCE 1 -1.008e+04 1.061e+02 4.401e+01
|    ( - -8.275e+02 1 0)
|    ( - -9.146e+03 2 0))
s>    ( SILENCE 1 -1.008e+04 1.061e+02 4.401e+01
s>        ( - -8.275e+02 1 0)
s>        ( - -9.146e+03 2 0))INFO: dtree.c(1315): Comp split 80
INFO: dtree.c(1315): Comp split 81
INFO: dtree.c(1315): Comp split 82
INFO: dtree.c(1439): stop. leaf nodes are specific
INFO: dtree.c(1478): Final simple tree
|( QUESTION0_3_R 1 -3.016e+04 9.095e+01 1.336e+02
|    ( - -4.616e+03 1 0)
|    ( - -2.545e+04 2 0))
s>    ( QUESTION0_3_R 1 -3.016e+04 9.095e+01 1.336e+02
s>        ( - -4.616e+03 1 0)
s>        ( - -2.545e+04 2 0))INFO: dtree.c(1315): Comp split 83
INFO: dtree.c(1315): Comp split 84
INFO: dtree.c(1315): Comp split 85
INFO: dtree.c(1315): Comp split 86
INFO: dtree.c(1318): stop. leaf nodes are specific
Wed Dec 20 23:52:14 2017
