Current configuration:
[NAME]		[DEFLT]	[VALUE]
-allphones	no	no
-cntthresh	0.00001	1.000000e-05
-csplitmax	100	2000
-csplitmin	1	1
-csplitthr	8e-4	0.000000e+00
-example	no	no
-fullvar	no	no
-help		no	no
-meanfn			/home/alex/repos/speech/an4/model_parameters/an4.cd_cont_untied/means
-mixwfn			/home/alex/repos/speech/an4/model_parameters/an4.cd_cont_untied/mixture_weights
-moddeffn		/home/alex/repos/speech/an4/model_architecture/an4.untied.mdef
-mwfloor	1e-4	1.000000e-08
-phone			V
-psetfn			/home/alex/repos/speech/an4/model_architecture/an4.tree_questions
-ssplitmax	5	7
-ssplitmin	1	1
-ssplitthr	8e-4	0.000000e+00
-state			2
-stwt			1.0,0.05,0.0,
-treefn			/home/alex/repos/speech/an4/trees/an4.unpruned/V-2.dtree
-ts2cbfn	.semi.	.cont.
-varfloor	0.00001	1.000000e-05
-varfn			/home/alex/repos/speech/an4/model_parameters/an4.cd_cont_untied/variances

INFO: main.c(223): Reading: /home/alex/repos/speech/an4/model_architecture/an4.untied.mdef
INFO: model_def_io.c(573): Model definition info:
INFO: model_def_io.c(574): 1618 total models defined (34 base, 1584 tri)
INFO: model_def_io.c(575): 6472 total states
INFO: model_def_io.c(576): 4854 total tied states
INFO: model_def_io.c(577): 102 total tied CI states
INFO: model_def_io.c(578): 34 total tied transition matrices
INFO: model_def_io.c(579): 4 max state/model
INFO: model_def_io.c(580): 4 min state/model
INFO: main.c(242): Building trees for [V AH IY b] through [V T IY b]
INFO: main.c(269): Covering states |[4587 4670]| == 84
INFO: main.c(275): Reading: /home/alex/repos/speech/an4/model_parameters/an4.cd_cont_untied/mixture_weights
INFO: s3mixw_io.c(173): Read /home/alex/repos/speech/an4/model_parameters/an4.cd_cont_untied/mixture_weights [84x1x1 array]
INFO: main.c(311): 28 of 28 models have observation count greater than 0.000010
INFO: main.c(95): nrm stwt: 0.000 0.048 0.952 
INFO: s3gau_io.c(169): Read /home/alex/repos/speech/an4/model_parameters/an4.cd_cont_untied/means [4854x1x1 array]
INFO: s3gau_io.c(169): Read /home/alex/repos/speech/an4/model_parameters/an4.cd_cont_untied/variances [4854x1x1 array]
INFO: main.c(549): Reading: /home/alex/repos/speech/an4/model_architecture/an4.tree_questions
INFO: main.c(588): 180 total simple questions (172 phone; 8 word bndry)
INFO: main.c(590): 42 Left Only questions, and 42 Right Only questions
INFO: dtree.c(1478): Final simple tree
|( WDBNDRY_I 0 -4.594e+05 3.159e+03 2.165e+03
|    ( - -7.676e+04 1 0)
|    ( SILENCE 1 -3.795e+05 1.319e+03 1.809e+03
|        ( - -8.048e+04 2 0 QUESTION2_0_L -1 1.951e+02 3.999e+02)
|        ( QUESTION0_20_R 1 -2.977e+05 1.064e+03 1.409e+03
|            ( QUESTION2_8_L -1 -1.207e+05 4.432e+02 5.783e+02
|                ( - 2.164e+02 1 0)
|                ( SILENCE -1 -1.204e+05 3.653e+02 5.773e+02
|                    ( - -3.767e+04 1 0)
|                    ( - -8.241e+04 9 0 QUESTION2_7_L -1 2.788e+02 3.963e+02)))
|            ( QUESTION0_3_R 1 -1.760e+05 4.433e+02 8.310e+02
|                ( - -9.726e+04 2 0 QUESTION2_0_L -1 1.414e+02 4.608e+02)
|                ( QUESTION0_0_R 1 -7.829e+04 4.254e+02 3.702e+02
|                    ( - -4.618e+04 9 0 QUESTION11 1 2.664e+02 2.169e+02)
|                    ( - -3.168e+04 3 0 QUESTION0_14_R 1 2.240e+02 1.532e+02))))))
s>    ( WDBNDRY_I 0 -4.594e+05 3.159e+03 2.165e+03
s>        ( - -7.676e+04 1 0)
s>        ( SILENCE 1 -3.795e+05 1.319e+03 1.809e+03
s>            ( - -8.048e+04 2 0 QUESTION2_0_L -1 1.951e+02 3.999e+02)
s>            ( QUESTION0_20_R 1 -2.977e+05 1.064e+03 1.409e+03
s>                ( QUESTION2_8_L -1 -1.207e+05 4.432e+02 5.783e+02
s>                    ( - 2.164e+02 1 0)
s>                    ( SILENCE -1 -1.204e+05 3.653e+02 5.773e+02
s>                        ( - -3.767e+04 1 0)
s>                        ( - -8.241e+04 9 0 QUESTION2_7_L -1 2.788e+02 3.963e+02)))
s>                ( QUESTION0_3_R 1 -1.760e+05 4.433e+02 8.310e+02
s>                    ( - -9.726e+04 2 0 QUESTION2_0_L -1 1.414e+02 4.608e+02)
s>                    ( QUESTION0_0_R 1 -7.829e+04 4.254e+02 3.702e+02
s>                        ( - -4.618e+04 9 0 QUESTION11 1 2.664e+02 2.169e+02)
s>                        ( - -3.168e+04 3 0 QUESTION0_14_R 1 2.240e+02 1.532e+02))))))INFO: dtree.c(1315): Comp split 0
INFO: dtree.c(1478): Final simple tree
|( SILENCE 1 -3.795e+05 1.319e+03 1.809e+03
|    ( - -8.048e+04 2 0 QUESTION2_0_L -1 1.951e+02 3.999e+02)
|    ( QUESTION0_20_R 1 -2.977e+05 1.064e+03 1.409e+03
|        ( QUESTION2_8_L -1 -1.207e+05 4.432e+02 5.783e+02
|            ( - 2.164e+02 1 0)
|            ( SILENCE -1 -1.204e+05 3.653e+02 5.773e+02
|                ( - -3.767e+04 1 0)
|                ( QUESTION2_7_L -1 -8.241e+04 2.788e+02 3.963e+02
|                    ( - -2.440e+04 2 0 QUESTION0 -1 2.023e+02 1.194e+02)
|                    ( - -5.773e+04 7 0 WDBNDRY_B 0 2.850e+02 2.769e+02))))
|        ( QUESTION0_3_R 1 -1.760e+05 4.433e+02 8.310e+02
|            ( - -9.726e+04 2 0 QUESTION2_0_L -1 1.414e+02 4.608e+02)
|            ( QUESTION0_0_R 1 -7.829e+04 4.254e+02 3.702e+02
|                ( - -4.618e+04 9 0 QUESTION11 1 2.664e+02 2.169e+02)
|                ( - -3.168e+04 3 0 QUESTION0_14_R 1 2.240e+02 1.532e+02)))))
s>    ( SILENCE 1 -3.795e+05 1.319e+03 1.809e+03
s>        ( - -8.048e+04 2 0 QUESTION2_0_L -1 1.951e+02 3.999e+02)
s>        ( QUESTION0_20_R 1 -2.977e+05 1.064e+03 1.409e+03
s>            ( QUESTION2_8_L -1 -1.207e+05 4.432e+02 5.783e+02
s>                ( - 2.164e+02 1 0)
s>                ( SILENCE -1 -1.204e+05 3.653e+02 5.773e+02
s>                    ( - -3.767e+04 1 0)
s>                    ( QUESTION2_7_L -1 -8.241e+04 2.788e+02 3.963e+02
s>                        ( - -2.440e+04 2 0 QUESTION0 -1 2.023e+02 1.194e+02)
s>                        ( - -5.773e+04 7 0 WDBNDRY_B 0 2.850e+02 2.769e+02))))
s>            ( QUESTION0_3_R 1 -1.760e+05 4.433e+02 8.310e+02
s>                ( - -9.726e+04 2 0 QUESTION2_0_L -1 1.414e+02 4.608e+02)
s>                ( QUESTION0_0_R 1 -7.829e+04 4.254e+02 3.702e+02
s>                    ( - -4.618e+04 9 0 QUESTION11 1 2.664e+02 2.169e+02)
s>                    ( - -3.168e+04 3 0 QUESTION0_14_R 1 2.240e+02 1.532e+02)))))INFO: dtree.c(1315): Comp split 1
INFO: dtree.c(1478): Final simple tree
|( QUESTION0_20_R 1 -2.977e+05 1.064e+03 1.409e+03
|    ( QUESTION2_8_L -1 -1.207e+05 4.432e+02 5.783e+02
|        ( - 2.164e+02 1 0)
|        ( SILENCE -1 -1.204e+05 3.653e+02 5.773e+02
|            ( - -3.767e+04 1 0)
|            ( QUESTION2_7_L -1 -8.241e+04 2.788e+02 3.963e+02
|                ( - -2.440e+04 2 0 QUESTION0 -1 2.023e+02 1.194e+02)
|                ( WDBNDRY_B 0 -5.773e+04 2.850e+02 2.769e+02
|                    ( - -5.285e+04 6 0 QUESTION0 -1 2.456e+02 2.546e+02)
|                    ( - -4.596e+03 1 0)))))
|    ( QUESTION0_3_R 1 -1.760e+05 4.433e+02 8.310e+02
|        ( - -9.726e+04 2 0 QUESTION2_0_L -1 1.414e+02 4.608e+02)
|        ( QUESTION0_0_R 1 -7.829e+04 4.254e+02 3.702e+02
|            ( - -4.618e+04 9 0 QUESTION11 1 2.664e+02 2.169e+02)
|            ( - -3.168e+04 3 0 QUESTION0_14_R 1 2.240e+02 1.532e+02))))
s>    ( QUESTION0_20_R 1 -2.977e+05 1.064e+03 1.409e+03
s>        ( QUESTION2_8_L -1 -1.207e+05 4.432e+02 5.783e+02
s>            ( - 2.164e+02 1 0)
s>            ( SILENCE -1 -1.204e+05 3.653e+02 5.773e+02
s>                ( - -3.767e+04 1 0)
s>                ( QUESTION2_7_L -1 -8.241e+04 2.788e+02 3.963e+02
s>                    ( - -2.440e+04 2 0 QUESTION0 -1 2.023e+02 1.194e+02)
s>                    ( WDBNDRY_B 0 -5.773e+04 2.850e+02 2.769e+02
s>                        ( - -5.285e+04 6 0 QUESTION0 -1 2.456e+02 2.546e+02)
s>                        ( - -4.596e+03 1 0)))))
s>        ( QUESTION0_3_R 1 -1.760e+05 4.433e+02 8.310e+02
s>            ( - -9.726e+04 2 0 QUESTION2_0_L -1 1.414e+02 4.608e+02)
s>            ( QUESTION0_0_R 1 -7.829e+04 4.254e+02 3.702e+02
s>                ( - -4.618e+04 9 0 QUESTION11 1 2.664e+02 2.169e+02)
s>                ( - -3.168e+04 3 0 QUESTION0_14_R 1 2.240e+02 1.532e+02))))INFO: dtree.c(1439): stop. leaf nodes are specific
INFO: dtree.c(1478): Final simple tree
|( QUESTION2_0_L -1 -8.048e+04 1.951e+02 3.999e+02
|    ( - -7.946e+04 1 0)
|    ( - -8.218e+02 1 0))
s>    ( QUESTION2_0_L -1 -8.048e+04 1.951e+02 3.999e+02
s>        ( - -7.946e+04 1 0)
s>        ( - -8.218e+02 1 0))INFO: dtree.c(1315): Comp split 2
INFO: dtree.c(1478): Final simple tree
|( QUESTION2_8_L -1 -1.207e+05 4.432e+02 5.783e+02
|    ( - 2.164e+02 1 0)
|    ( SILENCE -1 -1.204e+05 3.653e+02 5.773e+02
|        ( - -3.767e+04 1 0)
|        ( QUESTION2_7_L -1 -8.241e+04 2.788e+02 3.963e+02
|            ( QUESTION0 -1 -2.440e+04 2.023e+02 1.194e+02
|                ( - -7.095e+03 1 0)
|                ( - -1.710e+04 1 0))
|            ( WDBNDRY_B 0 -5.773e+04 2.850e+02 2.769e+02
|                ( QUESTION0 -1 -5.285e+04 2.456e+02 2.546e+02
|                    ( QUESTION6 -1 -1.898e+04 1.974e+02 9.330e+01
|                        ( - -1.567e+04 2 0 QUESTION7 -1 1.157e+02 7.630e+01)
|                        ( - -3.110e+03 1 0))
|                    ( - -3.362e+04 3 0 QUESTION2_0_L -1 1.971e+02 1.613e+02))
|                ( - -4.596e+03 1 0)))))
s>    ( QUESTION2_8_L -1 -1.207e+05 4.432e+02 5.783e+02
s>        ( - 2.164e+02 1 0)
s>        ( SILENCE -1 -1.204e+05 3.653e+02 5.773e+02
s>            ( - -3.767e+04 1 0)
s>            ( QUESTION2_7_L -1 -8.241e+04 2.788e+02 3.963e+02
s>                ( QUESTION0 -1 -2.440e+04 2.023e+02 1.194e+02
s>                    ( - -7.095e+03 1 0)
s>                    ( - -1.710e+04 1 0))
s>                ( WDBNDRY_B 0 -5.773e+04 2.850e+02 2.769e+02
s>                    ( QUESTION0 -1 -5.285e+04 2.456e+02 2.546e+02
s>                        ( QUESTION6 -1 -1.898e+04 1.974e+02 9.330e+01
s>                            ( - -1.567e+04 2 0 QUESTION7 -1 1.157e+02 7.630e+01)
s>                            ( - -3.110e+03 1 0))
s>                        ( - -3.362e+04 3 0 QUESTION2_0_L -1 1.971e+02 1.613e+02))
s>                    ( - -4.596e+03 1 0)))))INFO: dtree.c(1478): Final simple tree
|( QUESTION0_3_R 1 -1.760e+05 4.433e+02 8.310e+02
|    ( - -9.726e+04 2 0 QUESTION2_0_L -1 1.414e+02 4.608e+02)
|    ( QUESTION0_0_R 1 -7.829e+04 4.254e+02 3.702e+02
|        ( QUESTION11 1 -4.618e+04 2.664e+02 2.169e+02
|            ( - -1.260e+04 1 0)
|            ( QUESTION9 1 -3.332e+04 2.322e+02 1.556e+02
|                ( - -3.412e+03 1 0)
|                ( QUESTION0_9_R 1 -2.968e+04 1.642e+02 1.376e+02
|                    ( - -1.075e+04 1 0)
|                    ( - -1.876e+04 6 0 QUESTION2_0_L -1 1.253e+02 8.698e+01))))
|        ( QUESTION0_14_R 1 -3.168e+04 2.240e+02 1.532e+02
|            ( QUESTION2_0_L -1 -1.932e+04 1.810e+02 9.346e+01
|                ( - -1.555e+04 1 0)
|                ( - -3.584e+03 1 0))
|            ( - -1.214e+04 1 0))))
s>    ( QUESTION0_3_R 1 -1.760e+05 4.433e+02 8.310e+02
s>        ( - -9.726e+04 2 0 QUESTION2_0_L -1 1.414e+02 4.608e+02)
s>        ( QUESTION0_0_R 1 -7.829e+04 4.254e+02 3.702e+02
s>            ( QUESTION11 1 -4.618e+04 2.664e+02 2.169e+02
s>                ( - -1.260e+04 1 0)
s>                ( QUESTION9 1 -3.332e+04 2.322e+02 1.556e+02
s>                    ( - -3.412e+03 1 0)
s>                    ( QUESTION0_9_R 1 -2.968e+04 1.642e+02 1.376e+02
s>                        ( - -1.075e+04 1 0)
s>                        ( - -1.876e+04 6 0 QUESTION2_0_L -1 1.253e+02 8.698e+01))))
s>            ( QUESTION0_14_R 1 -3.168e+04 2.240e+02 1.532e+02
s>                ( QUESTION2_0_L -1 -1.932e+04 1.810e+02 9.346e+01
s>                    ( - -1.555e+04 1 0)
s>                    ( - -3.584e+03 1 0))
s>                ( - -1.214e+04 1 0))))INFO: dtree.c(1315): Comp split 3
INFO: dtree.c(1439): stop. leaf nodes are specific
INFO: dtree.c(1478): Final simple tree
|( QUESTION9 1 -4.632e+04 2.588e+02 2.169e+02
|    ( - -1.260e+04 1 0)
|    ( QUESTION0_0_R 1 -3.346e+04 1.991e+02 1.556e+02
|        ( QUESTION0_9_R 1 -2.968e+04 1.642e+02 1.376e+02
|            ( - -1.075e+04 1 0)
|            ( QUESTION2_0_L -1 -1.876e+04 1.253e+02 8.698e+01
|                ( QUESTION0_1_R 1 -1.702e+04 1.295e+02 7.898e+01
|                    ( QUESTION0 -1 -1.455e+04 9.443e+01 6.797e+01
|                        ( - -9.639e+02 1 0)
|                        ( - -1.350e+04 2 0))
|                    ( - -2.332e+03 1 0))
|                ( - -1.621e+03 2 0)))
|        ( - -3.584e+03 1 0)))
s>    ( QUESTION9 1 -4.632e+04 2.588e+02 2.169e+02
s>        ( - -1.260e+04 1 0)
s>        ( QUESTION0_0_R 1 -3.346e+04 1.991e+02 1.556e+02
s>            ( QUESTION0_9_R 1 -2.968e+04 1.642e+02 1.376e+02
s>                ( - -1.075e+04 1 0)
s>                ( QUESTION2_0_L -1 -1.876e+04 1.253e+02 8.698e+01
s>                    ( QUESTION0_1_R 1 -1.702e+04 1.295e+02 7.898e+01
s>                        ( QUESTION0 -1 -1.455e+04 9.443e+01 6.797e+01
s>                            ( - -9.639e+02 1 0)
s>                            ( - -1.350e+04 2 0))
s>                        ( - -2.332e+03 1 0))
s>                    ( - -1.621e+03 2 0)))
s>            ( - -3.584e+03 1 0)))INFO: dtree.c(1439): stop. leaf nodes are specific
INFO: dtree.c(1478): Final simple tree
|( QUESTION0_3_R 1 -1.292e+05 4.326e+02 6.141e+02
|    ( QUESTION2_0_L -1 -9.726e+04 1.414e+02 4.608e+02
|        ( - -9.548e+04 1 0)
|        ( - -1.638e+03 1 0))
|    ( QUESTION0_14_R 1 -3.150e+04 2.141e+02 1.533e+02
|        ( - -1.555e+04 1 0)
|        ( QUESTION0_0_R 1 -1.574e+04 1.856e+02 7.779e+01
|            ( - -3.412e+03 1 0)
|            ( - -1.214e+04 1 0))))
s>    ( QUESTION0_3_R 1 -1.292e+05 4.326e+02 6.141e+02
s>        ( QUESTION2_0_L -1 -9.726e+04 1.414e+02 4.608e+02
s>            ( - -9.548e+04 1 0)
s>            ( - -1.638e+03 1 0))
s>        ( QUESTION0_14_R 1 -3.150e+04 2.141e+02 1.533e+02
s>            ( - -1.555e+04 1 0)
s>            ( QUESTION0_0_R 1 -1.574e+04 1.856e+02 7.779e+01
s>                ( - -3.412e+03 1 0)
s>                ( - -1.214e+04 1 0))))INFO: dtree.c(1315): Comp split 4
INFO: dtree.c(1439): stop. leaf nodes are specific
INFO: dtree.c(1478): Final simple tree
|( QUESTION0 -1 -5.285e+04 2.456e+02 2.546e+02
|    ( QUESTION6 -1 -1.898e+04 1.974e+02 9.330e+01
|        ( QUESTION7 -1 -1.567e+04 1.157e+02 7.630e+01
|            ( - -1.319e+04 1 0)
|            ( - -2.368e+03 1 0))
|        ( - -3.110e+03 1 0))
|    ( QUESTION2_0_L -1 -3.362e+04 1.971e+02 1.613e+02
|        ( - -6.659e+03 1 0)
|        ( - -2.676e+04 2 0)))
s>    ( QUESTION0 -1 -5.285e+04 2.456e+02 2.546e+02
s>        ( QUESTION6 -1 -1.898e+04 1.974e+02 9.330e+01
s>            ( QUESTION7 -1 -1.567e+04 1.157e+02 7.630e+01
s>                ( - -1.319e+04 1 0)
s>                ( - -2.368e+03 1 0))
s>            ( - -3.110e+03 1 0))
s>        ( QUESTION2_0_L -1 -3.362e+04 1.971e+02 1.613e+02
s>            ( - -6.659e+03 1 0)
s>            ( - -2.676e+04 2 0)))INFO: dtree.c(1439): stop. leaf nodes are specific
INFO: dtree.c(1478): Final simple tree
|( QUESTION2_8_L -1 -6.738e+04 4.437e+02 3.237e+02
|    ( - 2.164e+02 1 0)
|    ( WDBNDRY_B 0 -6.715e+04 2.482e+02 3.227e+02
|        ( QUESTION20 -1 -6.230e+04 2.685e+02 3.004e+02
|            ( - -1.710e+04 1 0)
|            ( SILENCE -1 -4.493e+04 1.648e+02 2.161e+02
|                ( - -3.767e+04 1 0)
|                ( - -7.095e+03 1 0)))
|        ( - -4.596e+03 1 0)))
s>    ( QUESTION2_8_L -1 -6.738e+04 4.437e+02 3.237e+02
s>        ( - 2.164e+02 1 0)
s>        ( WDBNDRY_B 0 -6.715e+04 2.482e+02 3.227e+02
s>            ( QUESTION20 -1 -6.230e+04 2.685e+02 3.004e+02
s>                ( - -1.710e+04 1 0)
s>                ( SILENCE -1 -4.493e+04 1.648e+02 2.161e+02
s>                    ( - -3.767e+04 1 0)
s>                    ( - -7.095e+03 1 0)))
s>            ( - -4.596e+03 1 0)))INFO: dtree.c(1315): Comp split 5
INFO: dtree.c(1439): stop. leaf nodes are specific
INFO: dtree.c(1478): Final simple tree
|( WDBNDRY_B 0 -6.715e+04 2.482e+02 3.227e+02
|    ( QUESTION20 -1 -6.230e+04 2.685e+02 3.004e+02
|        ( - -1.710e+04 1 0)
|        ( SILENCE -1 -4.493e+04 1.648e+02 2.161e+02
|            ( - -3.767e+04 1 0)
|            ( - -7.095e+03 1 0)))
|    ( - -4.596e+03 1 0))
s>    ( WDBNDRY_B 0 -6.715e+04 2.482e+02 3.227e+02
s>        ( QUESTION20 -1 -6.230e+04 2.685e+02 3.004e+02
s>            ( - -1.710e+04 1 0)
s>            ( SILENCE -1 -4.493e+04 1.648e+02 2.161e+02
s>                ( - -3.767e+04 1 0)
s>                ( - -7.095e+03 1 0)))
s>        ( - -4.596e+03 1 0))INFO: dtree.c(1315): Comp split 6
INFO: dtree.c(1439): stop. leaf nodes are specific
INFO: dtree.c(1478): Final simple tree
|( QUESTION0_14_R 1 -3.150e+04 2.141e+02 1.533e+02
|    ( - -1.555e+04 1 0)
|    ( QUESTION0_0_R 1 -1.574e+04 1.856e+02 7.779e+01
|        ( - -3.412e+03 1 0)
|        ( - -1.214e+04 1 0)))
s>    ( QUESTION0_14_R 1 -3.150e+04 2.141e+02 1.533e+02
s>        ( - -1.555e+04 1 0)
s>        ( QUESTION0_0_R 1 -1.574e+04 1.856e+02 7.779e+01
s>            ( - -3.412e+03 1 0)
s>            ( - -1.214e+04 1 0)))INFO: dtree.c(1439): stop. leaf nodes are specific
INFO: dtree.c(1478): Final simple tree
|( QUESTION2_0_L -1 -9.726e+04 1.414e+02 4.608e+02
|    ( - -9.548e+04 1 0)
|    ( - -1.638e+03 1 0))
s>    ( QUESTION2_0_L -1 -9.726e+04 1.414e+02 4.608e+02
s>        ( - -9.548e+04 1 0)
s>        ( - -1.638e+03 1 0))INFO: dtree.c(1315): Comp split 7
INFO: dtree.c(1439): stop. leaf nodes are specific
INFO: dtree.c(1478): Final simple tree
|( WDBNDRY_B 0 -4.977e+04 2.416e+02 2.384e+02
|    ( SILENCE -1 -4.493e+04 1.648e+02 2.161e+02
|        ( - -3.767e+04 1 0)
|        ( - -7.095e+03 1 0))
|    ( - -4.596e+03 1 0))
s>    ( WDBNDRY_B 0 -4.977e+04 2.416e+02 2.384e+02
s>        ( SILENCE -1 -4.493e+04 1.648e+02 2.161e+02
s>            ( - -3.767e+04 1 0)
s>            ( - -7.095e+03 1 0))
s>        ( - -4.596e+03 1 0))INFO: dtree.c(1315): Comp split 8
INFO: dtree.c(1439): stop. leaf nodes are specific
INFO: dtree.c(1478): Final simple tree
|( QUESTION0_9_R 1 -2.968e+04 1.642e+02 1.376e+02
|    ( - -1.075e+04 1 0)
|    ( QUESTION2_0_L -1 -1.876e+04 1.253e+02 8.698e+01
|        ( QUESTION0_1_R 1 -1.702e+04 1.295e+02 7.898e+01
|            ( QUESTION0 -1 -1.455e+04 9.443e+01 6.797e+01
|                ( - -9.639e+02 1 0)
|                ( - -1.350e+04 2 0))
|            ( - -2.332e+03 1 0))
|        ( - -1.621e+03 2 0)))
s>    ( QUESTION0_9_R 1 -2.968e+04 1.642e+02 1.376e+02
s>        ( - -1.075e+04 1 0)
s>        ( QUESTION2_0_L -1 -1.876e+04 1.253e+02 8.698e+01
s>            ( QUESTION0_1_R 1 -1.702e+04 1.295e+02 7.898e+01
s>                ( QUESTION0 -1 -1.455e+04 9.443e+01 6.797e+01
s>                    ( - -9.639e+02 1 0)
s>                    ( - -1.350e+04 2 0))
s>                ( - -2.332e+03 1 0))
s>            ( - -1.621e+03 2 0)))INFO: dtree.c(1439): stop. leaf nodes are specific
INFO: dtree.c(1478): Final simple tree
|( QUESTION0_0_R 1 -1.637e+04 1.914e+02 7.932e+01
|    ( - -1.260e+04 1 0)
|    ( - -3.584e+03 1 0))
s>    ( QUESTION0_0_R 1 -1.637e+04 1.914e+02 7.932e+01
s>        ( - -1.260e+04 1 0)
s>        ( - -3.584e+03 1 0))INFO: dtree.c(1315): Comp split 9
INFO: dtree.c(1439): stop. leaf nodes are specific
INFO: dtree.c(1478): Final simple tree
|( QUESTION6 -1 -1.898e+04 1.974e+02 9.330e+01
|    ( QUESTION7 -1 -1.567e+04 1.157e+02 7.630e+01
|        ( - -1.319e+04 1 0)
|        ( - -2.368e+03 1 0))
|    ( - -3.110e+03 1 0))
s>    ( QUESTION6 -1 -1.898e+04 1.974e+02 9.330e+01
s>        ( QUESTION7 -1 -1.567e+04 1.157e+02 7.630e+01
s>            ( - -1.319e+04 1 0)
s>            ( - -2.368e+03 1 0))
s>        ( - -3.110e+03 1 0))INFO: dtree.c(1439): stop. leaf nodes are specific
INFO: dtree.c(1478): Final simple tree
|( QUESTION2_0_L -1 -3.362e+04 1.971e+02 1.613e+02
|    ( - -6.659e+03 1 0)
|    ( - -2.676e+04 2 0))
s>    ( QUESTION2_0_L -1 -3.362e+04 1.971e+02 1.613e+02
s>        ( - -6.659e+03 1 0)
s>        ( - -2.676e+04 2 0))INFO: dtree.c(1315): Comp split 10
INFO: dtree.c(1439): stop. leaf nodes are specific
INFO: dtree.c(1478): Final simple tree
|( SILENCE -1 -4.493e+04 1.648e+02 2.161e+02
|    ( - -3.767e+04 1 0)
|    ( - -7.095e+03 1 0))
s>    ( SILENCE -1 -4.493e+04 1.648e+02 2.161e+02
s>        ( - -3.767e+04 1 0)
s>        ( - -7.095e+03 1 0))INFO: dtree.c(1315): Comp split 11
INFO: dtree.c(1439): stop. leaf nodes are specific
INFO: dtree.c(1478): Final simple tree
|( QUESTION0_0_R 1 -1.574e+04 1.856e+02 7.779e+01
|    ( - -3.412e+03 1 0)
|    ( - -1.214e+04 1 0))
s>    ( QUESTION0_0_R 1 -1.574e+04 1.856e+02 7.779e+01
s>        ( - -3.412e+03 1 0)
s>        ( - -1.214e+04 1 0))INFO: dtree.c(1315): Comp split 12
INFO: dtree.c(1439): stop. leaf nodes are specific
INFO: dtree.c(1478): Final simple tree
|( QUESTION7 -1 -1.567e+04 1.157e+02 7.630e+01
|    ( - -1.319e+04 1 0)
|    ( - -2.368e+03 1 0))
s>    ( QUESTION7 -1 -1.567e+04 1.157e+02 7.630e+01
s>        ( - -1.319e+04 1 0)
s>        ( - -2.368e+03 1 0))INFO: dtree.c(1315): Comp split 13
INFO: dtree.c(1315): Comp split 14
INFO: dtree.c(1315): Comp split 15
INFO: dtree.c(1315): Comp split 16
INFO: dtree.c(1315): Comp split 17
INFO: dtree.c(1315): Comp split 18
INFO: dtree.c(1439): stop. leaf nodes are specific
INFO: dtree.c(1478): Final simple tree
|( QUESTION0_1_R 1 -1.702e+04 1.295e+02 7.898e+01
|    ( QUESTION0 -1 -1.455e+04 9.443e+01 6.797e+01
|        ( - -9.639e+02 1 0)
|        ( - -1.350e+04 2 0))
|    ( - -2.332e+03 1 0))
s>    ( QUESTION0_1_R 1 -1.702e+04 1.295e+02 7.898e+01
s>        ( QUESTION0 -1 -1.455e+04 9.443e+01 6.797e+01
s>            ( - -9.639e+02 1 0)
s>            ( - -1.350e+04 2 0))
s>        ( - -2.332e+03 1 0))INFO: dtree.c(1439): stop. leaf nodes are specific
INFO: dtree.c(1478): Final simple tree
|( QUESTION0_1_R 1 -1.250e+04 1.252e+02 5.862e+01
|    ( - -1.621e+03 2 0)
|    ( - -1.075e+04 1 0))
s>    ( QUESTION0_1_R 1 -1.250e+04 1.252e+02 5.862e+01
s>        ( - -1.621e+03 2 0)
s>        ( - -1.075e+04 1 0))INFO: dtree.c(1315): Comp split 19
INFO: dtree.c(1315): Comp split 20
INFO: dtree.c(1439): stop. leaf nodes are specific
INFO: dtree.c(1478): Final simple tree
|( QUESTION0 -1 -1.455e+04 9.443e+01 6.797e+01
|    ( - -9.639e+02 1 0)
|    ( - -1.350e+04 2 0))
s>    ( QUESTION0 -1 -1.455e+04 9.443e+01 6.797e+01
s>        ( - -9.639e+02 1 0)
s>        ( - -1.350e+04 2 0))INFO: dtree.c(1315): Comp split 21
INFO: dtree.c(1315): Comp split 22
INFO: dtree.c(1315): Comp split 23
INFO: dtree.c(1315): Comp split 24
INFO: dtree.c(1318): stop. leaf nodes are specific
Wed Dec 20 23:52:25 2017
