Current configuration:
[NAME]		[DEFLT]	[VALUE]
-allphones	no	no
-cntthresh	0.00001	1.000000e-05
-csplitmax	100	2000
-csplitmin	1	1
-csplitthr	8e-4	0.000000e+00
-example	no	no
-fullvar	no	no
-help		no	no
-meanfn			/home/alex/repos/speech/an4/model_parameters/an4.cd_cont_untied/means
-mixwfn			/home/alex/repos/speech/an4/model_parameters/an4.cd_cont_untied/mixture_weights
-moddeffn		/home/alex/repos/speech/an4/model_architecture/an4.untied.mdef
-mwfloor	1e-4	1.000000e-08
-phone			TH
-psetfn			/home/alex/repos/speech/an4/model_architecture/an4.tree_questions
-ssplitmax	5	7
-ssplitmin	1	1
-ssplitthr	8e-4	0.000000e+00
-state			2
-stwt			1.0,0.05,0.0,
-treefn			/home/alex/repos/speech/an4/trees/an4.unpruned/TH-2.dtree
-ts2cbfn	.semi.	.cont.
-varfloor	0.00001	1.000000e-05
-varfn			/home/alex/repos/speech/an4/model_parameters/an4.cd_cont_untied/variances

INFO: main.c(223): Reading: /home/alex/repos/speech/an4/model_architecture/an4.untied.mdef
INFO: model_def_io.c(573): Model definition info:
INFO: model_def_io.c(574): 1618 total models defined (34 base, 1584 tri)
INFO: model_def_io.c(575): 6472 total states
INFO: model_def_io.c(576): 4854 total tied states
INFO: model_def_io.c(577): 102 total tied CI states
INFO: model_def_io.c(578): 34 total tied transition matrices
INFO: model_def_io.c(579): 4 max state/model
INFO: model_def_io.c(580): 4 min state/model
INFO: main.c(242): Building trees for [TH AH N e] through [TH V R b]
INFO: main.c(269): Covering states |[4362 4487]| == 126
INFO: main.c(275): Reading: /home/alex/repos/speech/an4/model_parameters/an4.cd_cont_untied/mixture_weights
INFO: s3mixw_io.c(173): Read /home/alex/repos/speech/an4/model_parameters/an4.cd_cont_untied/mixture_weights [126x1x1 array]
INFO: main.c(311): 42 of 42 models have observation count greater than 0.000010
INFO: main.c(95): nrm stwt: 0.000 0.048 0.952 
INFO: s3gau_io.c(169): Read /home/alex/repos/speech/an4/model_parameters/an4.cd_cont_untied/means [4854x1x1 array]
INFO: s3gau_io.c(169): Read /home/alex/repos/speech/an4/model_parameters/an4.cd_cont_untied/variances [4854x1x1 array]
INFO: main.c(549): Reading: /home/alex/repos/speech/an4/model_architecture/an4.tree_questions
INFO: main.c(588): 180 total simple questions (172 phone; 8 word bndry)
INFO: main.c(590): 42 Left Only questions, and 42 Right Only questions
INFO: dtree.c(1478): Final simple tree
|( QUESTION3 1 -1.187e+05 9.351e+02 5.166e+02
|    ( - -9.345e+04 15 0 WDBNDRY_B 0 1.748e+02 4.108e+02)
|    ( QUESTION0_1_R 1 -2.429e+04 4.622e+02 1.059e+02
|        ( - 2.167e+02 1 0)
|        ( QUESTION0_0_R 1 -2.404e+04 4.496e+02 1.049e+02
|            ( - 2.064e+02 1 0)
|            ( QUESTION15 -1 -2.380e+04 4.360e+02 1.039e+02
|                ( - 2.030e+02 1 0)
|                ( WDBNDRY_B 0 -2.357e+04 2.608e+02 1.029e+02
|                    ( - -1.812e+04 18 0 QUESTION6 -1 2.095e+02 7.901e+01)
|                    ( QUESTION8 -1 -5.184e+03 4.588e+02 2.384e+01
|                        ( - 2.419e+02 1 0)
|                        ( QUESTION2_12_L -1 -4.967e+03 4.538e+02 2.284e+01
|                            ( - 2.426e+02 1 0)
|                            ( - -4.756e+03 4 0 QUESTION2_18_L -1 1.524e+02 2.184e+01))))))))
s>    ( QUESTION3 1 -1.187e+05 9.351e+02 5.166e+02
s>        ( - -9.345e+04 15 0 WDBNDRY_B 0 1.748e+02 4.108e+02)
s>        ( QUESTION0_1_R 1 -2.429e+04 4.622e+02 1.059e+02
s>            ( - 2.167e+02 1 0)
s>            ( QUESTION0_0_R 1 -2.404e+04 4.496e+02 1.049e+02
s>                ( - 2.064e+02 1 0)
s>                ( QUESTION15 -1 -2.380e+04 4.360e+02 1.039e+02
s>                    ( - 2.030e+02 1 0)
s>                    ( WDBNDRY_B 0 -2.357e+04 2.608e+02 1.029e+02
s>                        ( - -1.812e+04 18 0 QUESTION6 -1 2.095e+02 7.901e+01)
s>                        ( QUESTION8 -1 -5.184e+03 4.588e+02 2.384e+01
s>                            ( - 2.419e+02 1 0)
s>                            ( QUESTION2_12_L -1 -4.967e+03 4.538e+02 2.284e+01
s>                                ( - 2.426e+02 1 0)
s>                                ( - -4.756e+03 4 0 QUESTION2_18_L -1 1.524e+02 2.184e+01))))))))INFO: dtree.c(1315): Comp split 0
INFO: dtree.c(1478): Final simple tree
|( QUESTION0_0_R 1 -2.404e+04 4.496e+02 1.049e+02
|    ( - 2.064e+02 1 0)
|    ( QUESTION15 -1 -2.380e+04 4.360e+02 1.039e+02
|        ( - 2.030e+02 1 0)
|        ( WDBNDRY_B 0 -2.357e+04 2.608e+02 1.029e+02
|            ( QUESTION6 -1 -1.812e+04 2.095e+02 7.901e+01
|                ( - -1.068e+03 1 0)
|                ( QUESTION0 1 -1.685e+04 1.597e+02 7.401e+01
|                    ( - -1.293e+04 12 0 SILENCE -1 1.387e+02 5.701e+01)
|                    ( - -3.751e+03 5 0 QUESTION8 -1 4.610e+02 1.700e+01)))
|            ( QUESTION8 -1 -5.184e+03 4.588e+02 2.384e+01
|                ( - 2.419e+02 1 0)
|                ( QUESTION2_12_L -1 -4.967e+03 4.538e+02 2.284e+01
|                    ( - 2.426e+02 1 0)
|                    ( - -4.756e+03 4 0 QUESTION2_18_L -1 1.524e+02 2.184e+01))))))
s>    ( QUESTION0_0_R 1 -2.404e+04 4.496e+02 1.049e+02
s>        ( - 2.064e+02 1 0)
s>        ( QUESTION15 -1 -2.380e+04 4.360e+02 1.039e+02
s>            ( - 2.030e+02 1 0)
s>            ( WDBNDRY_B 0 -2.357e+04 2.608e+02 1.029e+02
s>                ( QUESTION6 -1 -1.812e+04 2.095e+02 7.901e+01
s>                    ( - -1.068e+03 1 0)
s>                    ( QUESTION0 1 -1.685e+04 1.597e+02 7.401e+01
s>                        ( - -1.293e+04 12 0 SILENCE -1 1.387e+02 5.701e+01)
s>                        ( - -3.751e+03 5 0 QUESTION8 -1 4.610e+02 1.700e+01)))
s>                ( QUESTION8 -1 -5.184e+03 4.588e+02 2.384e+01
s>                    ( - 2.419e+02 1 0)
s>                    ( QUESTION2_12_L -1 -4.967e+03 4.538e+02 2.284e+01
s>                        ( - 2.426e+02 1 0)
s>                        ( - -4.756e+03 4 0 QUESTION2_18_L -1 1.524e+02 2.184e+01))))))INFO: dtree.c(1478): Final simple tree
|( QUESTION0_0_R 1 -9.368e+04 4.520e+02 4.118e+02
|    ( - 2.167e+02 1 0)
|    ( WDBNDRY_B 0 -9.345e+04 1.748e+02 4.108e+02
|        ( QUESTION2_13_L -1 -9.299e+04 1.570e+02 4.088e+02
|            ( QUESTION2 -1 -6.031e+04 1.358e+02 2.669e+02
|                ( - -1.927e+04 1 0)
|                ( - -4.090e+04 6 0 QUESTION0 -1 9.102e+01 1.812e+02))
|            ( QUESTION20 -1 -3.253e+04 2.362e+02 1.419e+02
|                ( - -6.784e+03 2 0 QUESTION2_0_L -1 1.080e+02 3.020e+01)
|                ( QUESTION14 -1 -2.551e+04 1.346e+02 1.116e+02
|                    ( - -6.937e+03 1 0)
|                    ( QUESTION16 -1 -1.843e+04 1.216e+02 8.044e+01
|                        ( - -5.775e+03 1 0)
|                        ( - -1.254e+04 3 0 QUESTION13 -1 1.183e+02 5.481e+01)))))
|        ( - -2.844e+02 1 0)))
s>    ( QUESTION0_0_R 1 -9.368e+04 4.520e+02 4.118e+02
s>        ( - 2.167e+02 1 0)
s>        ( WDBNDRY_B 0 -9.345e+04 1.748e+02 4.108e+02
s>            ( QUESTION2_13_L -1 -9.299e+04 1.570e+02 4.088e+02
s>                ( QUESTION2 -1 -6.031e+04 1.358e+02 2.669e+02
s>                    ( - -1.927e+04 1 0)
s>                    ( - -4.090e+04 6 0 QUESTION0 -1 9.102e+01 1.812e+02))
s>                ( QUESTION20 -1 -3.253e+04 2.362e+02 1.419e+02
s>                    ( - -6.784e+03 2 0 QUESTION2_0_L -1 1.080e+02 3.020e+01)
s>                    ( QUESTION14 -1 -2.551e+04 1.346e+02 1.116e+02
s>                        ( - -6.937e+03 1 0)
s>                        ( QUESTION16 -1 -1.843e+04 1.216e+02 8.044e+01
s>                            ( - -5.775e+03 1 0)
s>                            ( - -1.254e+04 3 0 QUESTION13 -1 1.183e+02 5.481e+01)))))
s>            ( - -2.844e+02 1 0)))INFO: dtree.c(1315): Comp split 1
INFO: dtree.c(1478): Final simple tree
|( QUESTION0_0_R 1 -2.382e+04 4.496e+02 1.039e+02
|    ( - 2.064e+02 1 0)
|    ( QUESTION15 -1 -2.358e+04 4.359e+02 1.029e+02
|        ( - 2.030e+02 1 0)
|        ( WDBNDRY_B 0 -2.334e+04 2.534e+02 1.019e+02
|            ( QUESTION6 -1 -1.812e+04 2.095e+02 7.901e+01
|                ( - -1.068e+03 1 0)
|                ( QUESTION0 1 -1.685e+04 1.597e+02 7.401e+01
|                    ( - -1.293e+04 12 0 SILENCE -1 1.387e+02 5.701e+01)
|                    ( QUESTION8 -1 -3.751e+03 4.610e+02 1.700e+01
|                        ( - 2.169e+02 1 0)
|                        ( - -3.507e+03 4 0 QUESTION2_7_L -1 1.528e+02 1.600e+01))))
|            ( QUESTION2_12_L -1 -4.967e+03 4.538e+02 2.284e+01
|                ( - 2.426e+02 1 0)
|                ( - -4.756e+03 4 0 QUESTION2_18_L -1 1.524e+02 2.184e+01)))))
s>    ( QUESTION0_0_R 1 -2.382e+04 4.496e+02 1.039e+02
s>        ( - 2.064e+02 1 0)
s>        ( QUESTION15 -1 -2.358e+04 4.359e+02 1.029e+02
s>            ( - 2.030e+02 1 0)
s>            ( WDBNDRY_B 0 -2.334e+04 2.534e+02 1.019e+02
s>                ( QUESTION6 -1 -1.812e+04 2.095e+02 7.901e+01
s>                    ( - -1.068e+03 1 0)
s>                    ( QUESTION0 1 -1.685e+04 1.597e+02 7.401e+01
s>                        ( - -1.293e+04 12 0 SILENCE -1 1.387e+02 5.701e+01)
s>                        ( QUESTION8 -1 -3.751e+03 4.610e+02 1.700e+01
s>                            ( - 2.169e+02 1 0)
s>                            ( - -3.507e+03 4 0 QUESTION2_7_L -1 1.528e+02 1.600e+01))))
s>                ( QUESTION2_12_L -1 -4.967e+03 4.538e+02 2.284e+01
s>                    ( - 2.426e+02 1 0)
s>                    ( - -4.756e+03 4 0 QUESTION2_18_L -1 1.524e+02 2.184e+01)))))INFO: dtree.c(1315): Comp split 2
INFO: dtree.c(1478): Final simple tree
|( QUESTION0_0_R 1 -2.357e+04 4.493e+02 1.029e+02
|    ( - 2.064e+02 1 0)
|    ( QUESTION15 -1 -2.333e+04 4.360e+02 1.019e+02
|        ( - 2.030e+02 1 0)
|        ( WDBNDRY_B 0 -2.310e+04 2.506e+02 1.009e+02
|            ( QUESTION6 -1 -1.788e+04 2.082e+02 7.801e+01
|                ( - -1.068e+03 1 0)
|                ( QUESTION0 1 -1.660e+04 1.624e+02 7.301e+01
|                    ( - -1.293e+04 12 0 SILENCE -1 1.387e+02 5.701e+01)
|                    ( QUESTION2_7_L -1 -3.507e+03 1.528e+02 1.600e+01
|                        ( - -2.925e+02 1 0)
|                        ( - -3.062e+03 3 0 QUESTION0 -1 1.407e+02 1.400e+01))))
|            ( QUESTION2_12_L -1 -4.967e+03 4.538e+02 2.284e+01
|                ( - 2.426e+02 1 0)
|                ( - -4.756e+03 4 0 QUESTION2_18_L -1 1.524e+02 2.184e+01)))))
s>    ( QUESTION0_0_R 1 -2.357e+04 4.493e+02 1.029e+02
s>        ( - 2.064e+02 1 0)
s>        ( QUESTION15 -1 -2.333e+04 4.360e+02 1.019e+02
s>            ( - 2.030e+02 1 0)
s>            ( WDBNDRY_B 0 -2.310e+04 2.506e+02 1.009e+02
s>                ( QUESTION6 -1 -1.788e+04 2.082e+02 7.801e+01
s>                    ( - -1.068e+03 1 0)
s>                    ( QUESTION0 1 -1.660e+04 1.624e+02 7.301e+01
s>                        ( - -1.293e+04 12 0 SILENCE -1 1.387e+02 5.701e+01)
s>                        ( QUESTION2_7_L -1 -3.507e+03 1.528e+02 1.600e+01
s>                            ( - -2.925e+02 1 0)
s>                            ( - -3.062e+03 3 0 QUESTION0 -1 1.407e+02 1.400e+01))))
s>                ( QUESTION2_12_L -1 -4.967e+03 4.538e+02 2.284e+01
s>                    ( - 2.426e+02 1 0)
s>                    ( - -4.756e+03 4 0 QUESTION2_18_L -1 1.524e+02 2.184e+01)))))INFO: dtree.c(1315): Comp split 3
INFO: dtree.c(1478): Final simple tree
|( QUESTION0_0_R 1 -2.336e+04 4.493e+02 1.019e+02
|    ( - 2.064e+02 1 0)
|    ( QUESTION15 -1 -2.311e+04 4.359e+02 1.009e+02
|        ( - 2.030e+02 1 0)
|        ( WDBNDRY_B 0 -2.288e+04 2.444e+02 9.985e+01
|            ( QUESTION6 -1 -1.788e+04 2.082e+02 7.801e+01
|                ( - -1.068e+03 1 0)
|                ( QUESTION0 1 -1.660e+04 1.624e+02 7.301e+01
|                    ( - -1.293e+04 12 0 SILENCE -1 1.387e+02 5.701e+01)
|                    ( QUESTION2_7_L -1 -3.507e+03 1.528e+02 1.600e+01
|                        ( - -2.925e+02 1 0)
|                        ( - -3.062e+03 3 0 QUESTION0 -1 1.407e+02 1.400e+01))))
|            ( QUESTION2_18_L -1 -4.756e+03 1.524e+02 2.184e+01
|                ( - -2.901e+02 1 0)
|                ( - -4.313e+03 3 0 QUESTION3 -1 1.155e+02 1.984e+01)))))
s>    ( QUESTION0_0_R 1 -2.336e+04 4.493e+02 1.019e+02
s>        ( - 2.064e+02 1 0)
s>        ( QUESTION15 -1 -2.311e+04 4.359e+02 1.009e+02
s>            ( - 2.030e+02 1 0)
s>            ( WDBNDRY_B 0 -2.288e+04 2.444e+02 9.985e+01
s>                ( QUESTION6 -1 -1.788e+04 2.082e+02 7.801e+01
s>                    ( - -1.068e+03 1 0)
s>                    ( QUESTION0 1 -1.660e+04 1.624e+02 7.301e+01
s>                        ( - -1.293e+04 12 0 SILENCE -1 1.387e+02 5.701e+01)
s>                        ( QUESTION2_7_L -1 -3.507e+03 1.528e+02 1.600e+01
s>                            ( - -2.925e+02 1 0)
s>                            ( - -3.062e+03 3 0 QUESTION0 -1 1.407e+02 1.400e+01))))
s>                ( QUESTION2_18_L -1 -4.756e+03 1.524e+02 2.184e+01
s>                    ( - -2.901e+02 1 0)
s>                    ( - -4.313e+03 3 0 QUESTION3 -1 1.155e+02 1.984e+01)))))INFO: dtree.c(1315): Comp split 4
INFO: dtree.c(1478): Final simple tree
|( WDBNDRY_B 0 -9.345e+04 1.748e+02 4.108e+02
|    ( QUESTION2_13_L -1 -9.299e+04 1.570e+02 4.088e+02
|        ( QUESTION2 -1 -6.031e+04 1.358e+02 2.669e+02
|            ( - -1.927e+04 1 0)
|            ( - -4.090e+04 6 0 QUESTION0 -1 9.102e+01 1.812e+02))
|        ( QUESTION20 -1 -3.253e+04 2.362e+02 1.419e+02
|            ( - -6.784e+03 2 0 QUESTION2_0_L -1 1.080e+02 3.020e+01)
|            ( QUESTION14 -1 -2.551e+04 1.346e+02 1.116e+02
|                ( - -6.937e+03 1 0)
|                ( QUESTION16 -1 -1.843e+04 1.216e+02 8.044e+01
|                    ( - -5.775e+03 1 0)
|                    ( QUESTION13 -1 -1.254e+04 1.183e+02 5.481e+01
|                        ( - -8.108e+02 1 0)
|                        ( - -1.161e+04 2 0 SILENCE -1 8.558e+01 5.081e+01))))))
|    ( - -2.844e+02 1 0))
s>    ( WDBNDRY_B 0 -9.345e+04 1.748e+02 4.108e+02
s>        ( QUESTION2_13_L -1 -9.299e+04 1.570e+02 4.088e+02
s>            ( QUESTION2 -1 -6.031e+04 1.358e+02 2.669e+02
s>                ( - -1.927e+04 1 0)
s>                ( - -4.090e+04 6 0 QUESTION0 -1 9.102e+01 1.812e+02))
s>            ( QUESTION20 -1 -3.253e+04 2.362e+02 1.419e+02
s>                ( - -6.784e+03 2 0 QUESTION2_0_L -1 1.080e+02 3.020e+01)
s>                ( QUESTION14 -1 -2.551e+04 1.346e+02 1.116e+02
s>                    ( - -6.937e+03 1 0)
s>                    ( QUESTION16 -1 -1.843e+04 1.216e+02 8.044e+01
s>                        ( - -5.775e+03 1 0)
s>                        ( QUESTION13 -1 -1.254e+04 1.183e+02 5.481e+01
s>                            ( - -8.108e+02 1 0)
s>                            ( - -1.161e+04 2 0 SILENCE -1 8.558e+01 5.081e+01))))))
s>        ( - -2.844e+02 1 0))INFO: dtree.c(1315): Comp split 5
INFO: dtree.c(1478): Final simple tree
|( QUESTION15 -1 -2.311e+04 4.359e+02 1.009e+02
|    ( - 2.030e+02 1 0)
|    ( WDBNDRY_B 0 -2.288e+04 2.444e+02 9.985e+01
|        ( QUESTION6 -1 -1.788e+04 2.082e+02 7.801e+01
|            ( - -1.068e+03 1 0)
|            ( QUESTION0 1 -1.660e+04 1.624e+02 7.301e+01
|                ( - -1.293e+04 12 0 SILENCE -1 1.387e+02 5.701e+01)
|                ( QUESTION2_7_L -1 -3.507e+03 1.528e+02 1.600e+01
|                    ( - -2.925e+02 1 0)
|                    ( QUESTION0 -1 -3.062e+03 1.407e+02 1.400e+01
|                        ( - -2.643e+03 2 0 QUESTION2 -1 1.119e+02 1.200e+01)
|                        ( - -2.774e+02 1 0)))))
|        ( QUESTION2_18_L -1 -4.756e+03 1.524e+02 2.184e+01
|            ( - -2.901e+02 1 0)
|            ( - -4.313e+03 3 0 QUESTION3 -1 1.155e+02 1.984e+01))))
s>    ( QUESTION15 -1 -2.311e+04 4.359e+02 1.009e+02
s>        ( - 2.030e+02 1 0)
s>        ( WDBNDRY_B 0 -2.288e+04 2.444e+02 9.985e+01
s>            ( QUESTION6 -1 -1.788e+04 2.082e+02 7.801e+01
s>                ( - -1.068e+03 1 0)
s>                ( QUESTION0 1 -1.660e+04 1.624e+02 7.301e+01
s>                    ( - -1.293e+04 12 0 SILENCE -1 1.387e+02 5.701e+01)
s>                    ( QUESTION2_7_L -1 -3.507e+03 1.528e+02 1.600e+01
s>                        ( - -2.925e+02 1 0)
s>                        ( QUESTION0 -1 -3.062e+03 1.407e+02 1.400e+01
s>                            ( - -2.643e+03 2 0 QUESTION2 -1 1.119e+02 1.200e+01)
s>                            ( - -2.774e+02 1 0)))))
s>            ( QUESTION2_18_L -1 -4.756e+03 1.524e+02 2.184e+01
s>                ( - -2.901e+02 1 0)
s>                ( - -4.313e+03 3 0 QUESTION3 -1 1.155e+02 1.984e+01))))INFO: dtree.c(1315): Comp split 6
INFO: dtree.c(1478): Final simple tree
|( WDBNDRY_B 0 -2.288e+04 2.444e+02 9.985e+01
|    ( QUESTION6 -1 -1.788e+04 2.082e+02 7.801e+01
|        ( - -1.068e+03 1 0)
|        ( QUESTION0 1 -1.660e+04 1.624e+02 7.301e+01
|            ( SILENCE -1 -1.293e+04 1.387e+02 5.701e+01
|                ( - -1.475e+03 1 0)
|                ( - -1.132e+04 11 0 QUESTION3 -1 1.431e+02 5.001e+01))
|            ( QUESTION2_7_L -1 -3.507e+03 1.528e+02 1.600e+01
|                ( - -2.925e+02 1 0)
|                ( QUESTION0 -1 -3.062e+03 1.407e+02 1.400e+01
|                    ( - -2.643e+03 2 0 QUESTION2 -1 1.119e+02 1.200e+01)
|                    ( - -2.774e+02 1 0)))))
|    ( QUESTION2_18_L -1 -4.756e+03 1.524e+02 2.184e+01
|        ( - -2.901e+02 1 0)
|        ( - -4.313e+03 3 0 QUESTION3 -1 1.155e+02 1.984e+01)))
s>    ( WDBNDRY_B 0 -2.288e+04 2.444e+02 9.985e+01
s>        ( QUESTION6 -1 -1.788e+04 2.082e+02 7.801e+01
s>            ( - -1.068e+03 1 0)
s>            ( QUESTION0 1 -1.660e+04 1.624e+02 7.301e+01
s>                ( SILENCE -1 -1.293e+04 1.387e+02 5.701e+01
s>                    ( - -1.475e+03 1 0)
s>                    ( - -1.132e+04 11 0 QUESTION3 -1 1.431e+02 5.001e+01))
s>                ( QUESTION2_7_L -1 -3.507e+03 1.528e+02 1.600e+01
s>                    ( - -2.925e+02 1 0)
s>                    ( QUESTION0 -1 -3.062e+03 1.407e+02 1.400e+01
s>                        ( - -2.643e+03 2 0 QUESTION2 -1 1.119e+02 1.200e+01)
s>                        ( - -2.774e+02 1 0)))))
s>        ( QUESTION2_18_L -1 -4.756e+03 1.524e+02 2.184e+01
s>            ( - -2.901e+02 1 0)
s>            ( - -4.313e+03 3 0 QUESTION3 -1 1.155e+02 1.984e+01)))INFO: dtree.c(1315): Comp split 7
INFO: dtree.c(1439): stop. leaf nodes are specific
INFO: dtree.c(1478): Final simple tree
|( QUESTION2_0_L -1 -6.784e+03 1.080e+02 3.020e+01
|    ( - -5.878e+02 1 0)
|    ( - -6.088e+03 1 0))
s>    ( QUESTION2_0_L -1 -6.784e+03 1.080e+02 3.020e+01
s>        ( - -5.878e+02 1 0)
s>        ( - -6.088e+03 1 0))INFO: dtree.c(1478): Final simple tree
|( WDBNDRY_B 0 -8.639e+04 1.747e+02 3.806e+02
|    ( SILENCE -1 -8.593e+04 1.445e+02 3.786e+02
|        ( - -1.045e+04 1 0)
|        ( QUESTION15 -1 -7.534e+04 1.397e+02 3.327e+02
|            ( - -8.108e+02 1 0)
|            ( QUESTION2 -1 -7.439e+04 1.340e+02 3.287e+02
|                ( - -1.927e+04 1 0)
|                ( QUESTION16 -1 -5.498e+04 1.140e+02 2.430e+02
|                    ( - -5.775e+03 1 0)
|                    ( QUESTION0 -1 -4.909e+04 9.859e+01 2.174e+02
|                        ( QUESTION1 -1 -1.192e+04 9.021e+01 5.261e+01
|                            ( - -3.738e+03 1 0)
|                            ( - -8.095e+03 2 0 QUESTION10 -1 8.392e+01 3.621e+01))
|                        ( - -3.707e+04 5 0 QUESTION2_14_L -1 7.228e+01 1.648e+02))))))
|    ( - -2.844e+02 1 0))
s>    ( WDBNDRY_B 0 -8.639e+04 1.747e+02 3.806e+02
s>        ( SILENCE -1 -8.593e+04 1.445e+02 3.786e+02
s>            ( - -1.045e+04 1 0)
s>            ( QUESTION15 -1 -7.534e+04 1.397e+02 3.327e+02
s>                ( - -8.108e+02 1 0)
s>                ( QUESTION2 -1 -7.439e+04 1.340e+02 3.287e+02
s>                    ( - -1.927e+04 1 0)
s>                    ( QUESTION16 -1 -5.498e+04 1.140e+02 2.430e+02
s>                        ( - -5.775e+03 1 0)
s>                        ( QUESTION0 -1 -4.909e+04 9.859e+01 2.174e+02
s>                            ( QUESTION1 -1 -1.192e+04 9.021e+01 5.261e+01
s>                                ( - -3.738e+03 1 0)
s>                                ( - -8.095e+03 2 0 QUESTION10 -1 8.392e+01 3.621e+01))
s>                            ( - -3.707e+04 5 0 QUESTION2_14_L -1 7.228e+01 1.648e+02))))))
s>        ( - -2.844e+02 1 0))INFO: dtree.c(1315): Comp split 8
INFO: dtree.c(1478): Final simple tree
|( QUESTION0 1 -1.660e+04 1.624e+02 7.301e+01
|    ( SILENCE -1 -1.293e+04 1.387e+02 5.701e+01
|        ( - -1.475e+03 1 0)
|        ( QUESTION3 -1 -1.132e+04 1.431e+02 5.001e+01
|            ( - -3.372e+02 1 0)
|            ( QUESTION13 -1 -1.084e+04 1.302e+02 4.801e+01
|                ( - -3.141e+02 1 0)
|                ( QUESTION2_7_L -1 -1.040e+04 1.213e+02 4.601e+01
|                    ( - -2.153e+03 3 0 QUESTION0 -1 1.188e+02 9.999e+00)
|                    ( - -8.122e+03 6 0 QUESTION2_3_L -1 1.211e+02 3.601e+01)))))
|    ( QUESTION2_7_L -1 -3.507e+03 1.528e+02 1.600e+01
|        ( - -2.925e+02 1 0)
|        ( QUESTION0 -1 -3.062e+03 1.407e+02 1.400e+01
|            ( - -2.643e+03 2 0 QUESTION2 -1 1.119e+02 1.200e+01)
|            ( - -2.774e+02 1 0))))
s>    ( QUESTION0 1 -1.660e+04 1.624e+02 7.301e+01
s>        ( SILENCE -1 -1.293e+04 1.387e+02 5.701e+01
s>            ( - -1.475e+03 1 0)
s>            ( QUESTION3 -1 -1.132e+04 1.431e+02 5.001e+01
s>                ( - -3.372e+02 1 0)
s>                ( QUESTION13 -1 -1.084e+04 1.302e+02 4.801e+01
s>                    ( - -3.141e+02 1 0)
s>                    ( QUESTION2_7_L -1 -1.040e+04 1.213e+02 4.601e+01
s>                        ( - -2.153e+03 3 0 QUESTION0 -1 1.188e+02 9.999e+00)
s>                        ( - -8.122e+03 6 0 QUESTION2_3_L -1 1.211e+02 3.601e+01)))))
s>        ( QUESTION2_7_L -1 -3.507e+03 1.528e+02 1.600e+01
s>            ( - -2.925e+02 1 0)
s>            ( QUESTION0 -1 -3.062e+03 1.407e+02 1.400e+01
s>                ( - -2.643e+03 2 0 QUESTION2 -1 1.119e+02 1.200e+01)
s>                ( - -2.774e+02 1 0))))INFO: dtree.c(1439): stop. leaf nodes are specific
INFO: dtree.c(1478): Final simple tree
|( WDBNDRY_B 0 -6.030e+03 2.070e+02 2.684e+01
|    ( - -1.068e+03 1 0)
|    ( QUESTION2_18_L -1 -4.756e+03 1.524e+02 2.184e+01
|        ( - -2.901e+02 1 0)
|        ( QUESTION3 -1 -4.313e+03 1.155e+02 1.984e+01
|            ( - -1.250e+03 1 0)
|            ( QUESTION0 -1 -2.947e+03 1.082e+02 1.384e+01
|                ( - -2.082e+03 1 0)
|                ( - -7.577e+02 1 0)))))
s>    ( WDBNDRY_B 0 -6.030e+03 2.070e+02 2.684e+01
s>        ( - -1.068e+03 1 0)
s>        ( QUESTION2_18_L -1 -4.756e+03 1.524e+02 2.184e+01
s>            ( - -2.901e+02 1 0)
s>            ( QUESTION3 -1 -4.313e+03 1.155e+02 1.984e+01
s>                ( - -1.250e+03 1 0)
s>                ( QUESTION0 -1 -2.947e+03 1.082e+02 1.384e+01
s>                    ( - -2.082e+03 1 0)
s>                    ( - -7.577e+02 1 0)))))INFO: dtree.c(1315): Comp split 9
INFO: dtree.c(1439): stop. leaf nodes are specific
INFO: dtree.c(1478): Final simple tree
|( QUESTION2_18_L -1 -4.756e+03 1.524e+02 2.184e+01
|    ( - -2.901e+02 1 0)
|    ( QUESTION3 -1 -4.313e+03 1.155e+02 1.984e+01
|        ( - -1.250e+03 1 0)
|        ( QUESTION0 -1 -2.947e+03 1.082e+02 1.384e+01
|            ( - -2.082e+03 1 0)
|            ( - -7.577e+02 1 0))))
s>    ( QUESTION2_18_L -1 -4.756e+03 1.524e+02 2.184e+01
s>        ( - -2.901e+02 1 0)
s>        ( QUESTION3 -1 -4.313e+03 1.155e+02 1.984e+01
s>            ( - -1.250e+03 1 0)
s>            ( QUESTION0 -1 -2.947e+03 1.082e+02 1.384e+01
s>                ( - -2.082e+03 1 0)
s>                ( - -7.577e+02 1 0))))INFO: dtree.c(1315): Comp split 10
INFO: dtree.c(1478): Final simple tree
|( SILENCE -1 -8.593e+04 1.445e+02 3.786e+02
|    ( - -1.045e+04 1 0)
|    ( QUESTION15 -1 -7.534e+04 1.397e+02 3.327e+02
|        ( - -8.108e+02 1 0)
|        ( QUESTION2 -1 -7.439e+04 1.340e+02 3.287e+02
|            ( - -1.927e+04 1 0)
|            ( QUESTION16 -1 -5.498e+04 1.140e+02 2.430e+02
|                ( - -5.775e+03 1 0)
|                ( QUESTION0 -1 -4.909e+04 9.859e+01 2.174e+02
|                    ( QUESTION1 -1 -1.192e+04 9.021e+01 5.261e+01
|                        ( - -3.738e+03 1 0)
|                        ( QUESTION10 -1 -8.095e+03 8.392e+01 3.621e+01
|                            ( - -1.074e+03 1 0)
|                            ( - -6.937e+03 1 0)))
|                    ( - -3.707e+04 5 0 QUESTION2_14_L -1 7.228e+01 1.648e+02))))))
s>    ( SILENCE -1 -8.593e+04 1.445e+02 3.786e+02
s>        ( - -1.045e+04 1 0)
s>        ( QUESTION15 -1 -7.534e+04 1.397e+02 3.327e+02
s>            ( - -8.108e+02 1 0)
s>            ( QUESTION2 -1 -7.439e+04 1.340e+02 3.287e+02
s>                ( - -1.927e+04 1 0)
s>                ( QUESTION16 -1 -5.498e+04 1.140e+02 2.430e+02
s>                    ( - -5.775e+03 1 0)
s>                    ( QUESTION0 -1 -4.909e+04 9.859e+01 2.174e+02
s>                        ( QUESTION1 -1 -1.192e+04 9.021e+01 5.261e+01
s>                            ( - -3.738e+03 1 0)
s>                            ( QUESTION10 -1 -8.095e+03 8.392e+01 3.621e+01
s>                                ( - -1.074e+03 1 0)
s>                                ( - -6.937e+03 1 0)))
s>                        ( - -3.707e+04 5 0 QUESTION2_14_L -1 7.228e+01 1.648e+02))))))INFO: dtree.c(1315): Comp split 11
INFO: dtree.c(1439): stop. leaf nodes are specific
INFO: dtree.c(1478): Final simple tree
|( QUESTION0 -1 -4.793e+04 9.633e+01 2.124e+02
|    ( QUESTION1 -1 -1.077e+04 9.032e+01 4.761e+01
|        ( - -3.738e+03 1 0)
|        ( - -6.937e+03 1 0))
|    ( QUESTION2_14_L -1 -3.707e+04 7.228e+01 1.648e+02
|        ( - -2.263e+04 2 0)
|        ( - -1.437e+04 3 0)))
s>    ( QUESTION0 -1 -4.793e+04 9.633e+01 2.124e+02
s>        ( QUESTION1 -1 -1.077e+04 9.032e+01 4.761e+01
s>            ( - -3.738e+03 1 0)
s>            ( - -6.937e+03 1 0))
s>        ( QUESTION2_14_L -1 -3.707e+04 7.228e+01 1.648e+02
s>            ( - -2.263e+04 2 0)
s>            ( - -1.437e+04 3 0)))INFO: dtree.c(1439): stop. leaf nodes are specific
INFO: dtree.c(1478): Final simple tree
|( QUESTION13 -1 -3.782e+04 1.271e+02 1.662e+02
|    ( - -8.108e+02 1 0)
|    ( SILENCE -1 -3.688e+04 1.315e+02 1.622e+02
|        ( - -1.045e+04 1 0)
|        ( QUESTION1 -1 -2.630e+04 1.060e+02 1.164e+02
|            ( - -1.927e+04 1 0)
|            ( QUESTION9 -1 -6.924e+03 7.498e+01 3.063e+01
|                ( - -1.074e+03 1 0)
|                ( - -5.775e+03 1 0)))))
s>    ( QUESTION13 -1 -3.782e+04 1.271e+02 1.662e+02
s>        ( - -8.108e+02 1 0)
s>        ( SILENCE -1 -3.688e+04 1.315e+02 1.622e+02
s>            ( - -1.045e+04 1 0)
s>            ( QUESTION1 -1 -2.630e+04 1.060e+02 1.164e+02
s>                ( - -1.927e+04 1 0)
s>                ( QUESTION9 -1 -6.924e+03 7.498e+01 3.063e+01
s>                    ( - -1.074e+03 1 0)
s>                    ( - -5.775e+03 1 0)))))INFO: dtree.c(1315): Comp split 12
INFO: dtree.c(1439): stop. leaf nodes are specific
INFO: dtree.c(1478): Final simple tree
|( QUESTION0 1 -9.005e+03 1.531e+02 4.001e+01
|    ( QUESTION13 -1 -8.559e+03 1.227e+02 3.801e+01
|        ( - -3.141e+02 1 0)
|        ( QUESTION2_3_L -1 -8.122e+03 1.211e+02 3.601e+01
|            ( - -3.697e+02 1 0)
|            ( QUESTION0 -1 -7.631e+03 9.523e+01 3.401e+01
|                ( QUESTION1 -1 -3.603e+03 7.750e+01 1.601e+01
|                    ( - -2.473e+03 1 0)
|                    ( - -1.052e+03 1 0))
|                ( QUESTION2_14_L -1 -3.933e+03 1.093e+02 1.801e+01
|                    ( - -1.891e+03 1 0)
|                    ( - -1.933e+03 2 0)))))
|    ( - -2.925e+02 1 0))
s>    ( QUESTION0 1 -9.005e+03 1.531e+02 4.001e+01
s>        ( QUESTION13 -1 -8.559e+03 1.227e+02 3.801e+01
s>            ( - -3.141e+02 1 0)
s>            ( QUESTION2_3_L -1 -8.122e+03 1.211e+02 3.601e+01
s>                ( - -3.697e+02 1 0)
s>                ( QUESTION0 -1 -7.631e+03 9.523e+01 3.401e+01
s>                    ( QUESTION1 -1 -3.603e+03 7.750e+01 1.601e+01
s>                        ( - -2.473e+03 1 0)
s>                        ( - -1.052e+03 1 0))
s>                    ( QUESTION2_14_L -1 -3.933e+03 1.093e+02 1.801e+01
s>                        ( - -1.891e+03 1 0)
s>                        ( - -1.933e+03 2 0)))))
s>        ( - -2.925e+02 1 0))INFO: dtree.c(1478): Final simple tree
|( SILENCE -1 -7.435e+03 1.401e+02 3.300e+01
|    ( - -1.475e+03 1 0)
|    ( QUESTION2_12_L -1 -5.820e+03 1.303e+02 2.600e+01
|        ( - -1.250e+03 1 0)
|        ( QUESTION8 -1 -4.439e+03 1.335e+02 2.000e+01
|            ( - -5.344e+02 1 0)
|            ( QUESTION2_7_L -1 -3.772e+03 4.493e+02 1.700e+01
|                ( - 2.150e+02 1 0)
|                ( QUESTION0 -1 -3.537e+03 1.396e+02 1.600e+01
|                    ( QUESTION0 1 -3.120e+03 1.395e+02 1.400e+01
|                        ( - -3.372e+02 1 0)
|                        ( QUESTION2 -1 -2.643e+03 1.119e+02 1.200e+01
|                            ( - -1.245e+03 1 0)
|                            ( - -1.287e+03 1 0)))
|                    ( - -2.774e+02 1 0))))))
s>    ( SILENCE -1 -7.435e+03 1.401e+02 3.300e+01
s>        ( - -1.475e+03 1 0)
s>        ( QUESTION2_12_L -1 -5.820e+03 1.303e+02 2.600e+01
s>            ( - -1.250e+03 1 0)
s>            ( QUESTION8 -1 -4.439e+03 1.335e+02 2.000e+01
s>                ( - -5.344e+02 1 0)
s>                ( QUESTION2_7_L -1 -3.772e+03 4.493e+02 1.700e+01
s>                    ( - 2.150e+02 1 0)
s>                    ( QUESTION0 -1 -3.537e+03 1.396e+02 1.600e+01
s>                        ( QUESTION0 1 -3.120e+03 1.395e+02 1.400e+01
s>                            ( - -3.372e+02 1 0)
s>                            ( QUESTION2 -1 -2.643e+03 1.119e+02 1.200e+01
s>                                ( - -1.245e+03 1 0)
s>                                ( - -1.287e+03 1 0)))
s>                        ( - -2.774e+02 1 0))))))INFO: dtree.c(1315): Comp split 13
INFO: dtree.c(1439): stop. leaf nodes are specific
INFO: dtree.c(1478): Final simple tree
|( QUESTION2_20_L -1 -7.200e+03 1.456e+02 3.200e+01
|    ( QUESTION0 -1 -1.649e+03 1.264e+02 8.000e+00
|        ( - -1.245e+03 1 0)
|        ( - -2.774e+02 1 0))
|    ( QUESTION20 -1 -5.406e+03 1.304e+02 2.400e+01
|        ( - -1.250e+03 1 0)
|        ( QUESTION0 1 -4.025e+03 1.264e+02 1.800e+01
|            ( QUESTION8 -1 -2.612e+03 1.312e+02 1.200e+01
|                ( - -5.344e+02 1 0)
|                ( SILENCE -1 -1.946e+03 1.341e+02 9.002e+00
|                    ( - -1.475e+03 1 0)
|                    ( - -3.372e+02 1 0)))
|            ( - -1.287e+03 1 0))))
s>    ( QUESTION2_20_L -1 -7.200e+03 1.456e+02 3.200e+01
s>        ( QUESTION0 -1 -1.649e+03 1.264e+02 8.000e+00
s>            ( - -1.245e+03 1 0)
s>            ( - -2.774e+02 1 0))
s>        ( QUESTION20 -1 -5.406e+03 1.304e+02 2.400e+01
s>            ( - -1.250e+03 1 0)
s>            ( QUESTION0 1 -4.025e+03 1.264e+02 1.800e+01
s>                ( QUESTION8 -1 -2.612e+03 1.312e+02 1.200e+01
s>                    ( - -5.344e+02 1 0)
s>                    ( SILENCE -1 -1.946e+03 1.341e+02 9.002e+00
s>                        ( - -1.475e+03 1 0)
s>                        ( - -3.372e+02 1 0)))
s>                ( - -1.287e+03 1 0))))INFO: dtree.c(1315): Comp split 14
INFO: dtree.c(1439): stop. leaf nodes are specific
INFO: dtree.c(1478): Final simple tree
|( QUESTION13 -1 -8.559e+03 1.227e+02 3.801e+01
|    ( - -3.141e+02 1 0)
|    ( QUESTION2_3_L -1 -8.122e+03 1.211e+02 3.601e+01
|        ( - -3.697e+02 1 0)
|        ( QUESTION0 -1 -7.631e+03 9.523e+01 3.401e+01
|            ( QUESTION1 -1 -3.603e+03 7.750e+01 1.601e+01
|                ( - -2.473e+03 1 0)
|                ( - -1.052e+03 1 0))
|            ( QUESTION2_14_L -1 -3.933e+03 1.093e+02 1.801e+01
|                ( - -1.891e+03 1 0)
|                ( - -1.933e+03 2 0)))))
s>    ( QUESTION13 -1 -8.559e+03 1.227e+02 3.801e+01
s>        ( - -3.141e+02 1 0)
s>        ( QUESTION2_3_L -1 -8.122e+03 1.211e+02 3.601e+01
s>            ( - -3.697e+02 1 0)
s>            ( QUESTION0 -1 -7.631e+03 9.523e+01 3.401e+01
s>                ( QUESTION1 -1 -3.603e+03 7.750e+01 1.601e+01
s>                    ( - -2.473e+03 1 0)
s>                    ( - -1.052e+03 1 0))
s>                ( QUESTION2_14_L -1 -3.933e+03 1.093e+02 1.801e+01
s>                    ( - -1.891e+03 1 0)
s>                    ( - -1.933e+03 2 0)))))INFO: dtree.c(1315): Comp split 15
INFO: dtree.c(1439): stop. leaf nodes are specific
INFO: dtree.c(1478): Final simple tree
|( QUESTION3 -1 -4.313e+03 1.155e+02 1.984e+01
|    ( - -1.250e+03 1 0)
|    ( QUESTION0 -1 -2.947e+03 1.082e+02 1.384e+01
|        ( - -2.082e+03 1 0)
|        ( - -7.577e+02 1 0)))
s>    ( QUESTION3 -1 -4.313e+03 1.155e+02 1.984e+01
s>        ( - -1.250e+03 1 0)
s>        ( QUESTION0 -1 -2.947e+03 1.082e+02 1.384e+01
s>            ( - -2.082e+03 1 0)
s>            ( - -7.577e+02 1 0)))INFO: dtree.c(1315): Comp split 16
INFO: dtree.c(1439): stop. leaf nodes are specific
INFO: dtree.c(1478): Final simple tree
|( SILENCE -1 -6.775e+03 1.353e+02 3.000e+01
|    ( - -1.475e+03 1 0)
|    ( QUESTION1 -1 -5.164e+03 1.329e+02 2.300e+01
|        ( QUESTION0 1 -3.120e+03 1.395e+02 1.400e+01
|            ( - -3.372e+02 1 0)
|            ( QUESTION2 -1 -2.643e+03 1.119e+02 1.200e+01
|                ( - -1.245e+03 1 0)
|                ( - -1.287e+03 1 0)))
|        ( QUESTION0 -1 -1.911e+03 1.266e+02 8.999e+00
|            ( - -5.344e+02 1 0)
|            ( - -1.250e+03 1 0))))
s>    ( SILENCE -1 -6.775e+03 1.353e+02 3.000e+01
s>        ( - -1.475e+03 1 0)
s>        ( QUESTION1 -1 -5.164e+03 1.329e+02 2.300e+01
s>            ( QUESTION0 1 -3.120e+03 1.395e+02 1.400e+01
s>                ( - -3.372e+02 1 0)
s>                ( QUESTION2 -1 -2.643e+03 1.119e+02 1.200e+01
s>                    ( - -1.245e+03 1 0)
s>                    ( - -1.287e+03 1 0)))
s>            ( QUESTION0 -1 -1.911e+03 1.266e+02 8.999e+00
s>                ( - -5.344e+02 1 0)
s>                ( - -1.250e+03 1 0))))INFO: dtree.c(1315): Comp split 17
INFO: dtree.c(1439): stop. leaf nodes are specific
INFO: dtree.c(1478): Final simple tree
|( QUESTION1 -1 -2.630e+04 1.060e+02 1.164e+02
|    ( - -1.927e+04 1 0)
|    ( QUESTION9 -1 -6.924e+03 7.498e+01 3.063e+01
|        ( - -1.074e+03 1 0)
|        ( - -5.775e+03 1 0)))
s>    ( QUESTION1 -1 -2.630e+04 1.060e+02 1.164e+02
s>        ( - -1.927e+04 1 0)
s>        ( QUESTION9 -1 -6.924e+03 7.498e+01 3.063e+01
s>            ( - -1.074e+03 1 0)
s>            ( - -5.775e+03 1 0)))INFO: dtree.c(1439): stop. leaf nodes are specific
INFO: dtree.c(1478): Final simple tree
|( SILENCE -1 -1.138e+04 1.194e+02 4.981e+01
|    ( - -1.045e+04 1 0)
|    ( - -8.108e+02 1 0))
s>    ( SILENCE -1 -1.138e+04 1.194e+02 4.981e+01
s>        ( - -1.045e+04 1 0)
s>        ( - -8.108e+02 1 0))INFO: dtree.c(1315): Comp split 18
INFO: dtree.c(1439): stop. leaf nodes are specific
INFO: dtree.c(1478): Final simple tree
|( QUESTION0 -1 -4.025e+03 1.311e+02 1.800e+01
|    ( QUESTION2 -1 -2.643e+03 1.119e+02 1.200e+01
|        ( - -1.245e+03 1 0)
|        ( - -1.287e+03 1 0))
|    ( - -1.250e+03 1 0))
s>    ( QUESTION0 -1 -4.025e+03 1.311e+02 1.800e+01
s>        ( QUESTION2 -1 -2.643e+03 1.119e+02 1.200e+01
s>            ( - -1.245e+03 1 0)
s>            ( - -1.287e+03 1 0))
s>        ( - -1.250e+03 1 0))INFO: dtree.c(1439): stop. leaf nodes are specific
INFO: dtree.c(1478): Final simple tree
|( QUESTION8 -1 -2.612e+03 1.312e+02 1.200e+01
|    ( - -5.344e+02 1 0)
|    ( SILENCE -1 -1.946e+03 1.341e+02 9.002e+00
|        ( - -1.475e+03 1 0)
|        ( - -3.372e+02 1 0)))
s>    ( QUESTION8 -1 -2.612e+03 1.312e+02 1.200e+01
s>        ( - -5.344e+02 1 0)
s>        ( SILENCE -1 -1.946e+03 1.341e+02 9.002e+00
s>            ( - -1.475e+03 1 0)
s>            ( - -3.372e+02 1 0)))INFO: dtree.c(1315): Comp split 19
INFO: dtree.c(1439): stop. leaf nodes are specific
INFO: dtree.c(1478): Final simple tree
|( QUESTION2_3_L -1 -6.495e+03 1.200e+02 2.901e+01
|    ( - -3.697e+02 1 0)
|    ( QUESTION13 -1 -6.005e+03 1.195e+02 2.701e+01
|        ( - -3.141e+02 1 0)
|        ( QUESTION8 -1 -5.571e+03 7.981e+01 2.501e+01
|            ( - -1.052e+03 1 0)
|            ( QUESTION0 -1 -4.439e+03 7.501e+01 2.001e+01
|                ( - -2.473e+03 1 0)
|                ( - -1.891e+03 1 0)))))
s>    ( QUESTION2_3_L -1 -6.495e+03 1.200e+02 2.901e+01
s>        ( - -3.697e+02 1 0)
s>        ( QUESTION13 -1 -6.005e+03 1.195e+02 2.701e+01
s>            ( - -3.141e+02 1 0)
s>            ( QUESTION8 -1 -5.571e+03 7.981e+01 2.501e+01
s>                ( - -1.052e+03 1 0)
s>                ( QUESTION0 -1 -4.439e+03 7.501e+01 2.001e+01
s>                    ( - -2.473e+03 1 0)
s>                    ( - -1.891e+03 1 0)))))INFO: dtree.c(1315): Comp split 20
INFO: dtree.c(1439): stop. leaf nodes are specific
INFO: dtree.c(1478): Final simple tree
|( SILENCE -1 -1.946e+03 1.341e+02 9.002e+00
|    ( - -1.475e+03 1 0)
|    ( - -3.372e+02 1 0))
s>    ( SILENCE -1 -1.946e+03 1.341e+02 9.002e+00
s>        ( - -1.475e+03 1 0)
s>        ( - -3.372e+02 1 0))INFO: dtree.c(1315): Comp split 21
INFO: dtree.c(1315): Comp split 22
INFO: dtree.c(1439): stop. leaf nodes are specific
INFO: dtree.c(1478): Final simple tree
|( QUESTION2 -1 -2.643e+03 1.119e+02 1.200e+01
|    ( - -1.245e+03 1 0)
|    ( - -1.287e+03 1 0))
s>    ( QUESTION2 -1 -2.643e+03 1.119e+02 1.200e+01
s>        ( - -1.245e+03 1 0)
s>        ( - -1.287e+03 1 0))INFO: dtree.c(1315): Comp split 23
INFO: dtree.c(1439): stop. leaf nodes are specific
INFO: dtree.c(1478): Final simple tree
|( QUESTION13 -1 -6.005e+03 1.195e+02 2.701e+01
|    ( - -3.141e+02 1 0)
|    ( QUESTION8 -1 -5.571e+03 7.981e+01 2.501e+01
|        ( - -1.052e+03 1 0)
|        ( QUESTION0 -1 -4.439e+03 7.501e+01 2.001e+01
|            ( - -2.473e+03 1 0)
|            ( - -1.891e+03 1 0))))
s>    ( QUESTION13 -1 -6.005e+03 1.195e+02 2.701e+01
s>        ( - -3.141e+02 1 0)
s>        ( QUESTION8 -1 -5.571e+03 7.981e+01 2.501e+01
s>            ( - -1.052e+03 1 0)
s>            ( QUESTION0 -1 -4.439e+03 7.501e+01 2.001e+01
s>                ( - -2.473e+03 1 0)
s>                ( - -1.891e+03 1 0))))INFO: dtree.c(1315): Comp split 24
INFO: dtree.c(1439): stop. leaf nodes are specific
INFO: dtree.c(1478): Final simple tree
|( QUESTION8 -1 -5.571e+03 7.981e+01 2.501e+01
|    ( - -1.052e+03 1 0)
|    ( QUESTION0 -1 -4.439e+03 7.501e+01 2.001e+01
|        ( - -2.473e+03 1 0)
|        ( - -1.891e+03 1 0)))
s>    ( QUESTION8 -1 -5.571e+03 7.981e+01 2.501e+01
s>        ( - -1.052e+03 1 0)
s>        ( QUESTION0 -1 -4.439e+03 7.501e+01 2.001e+01
s>            ( - -2.473e+03 1 0)
s>            ( - -1.891e+03 1 0)))INFO: dtree.c(1315): Comp split 25
INFO: dtree.c(1315): Comp split 26
INFO: dtree.c(1439): stop. leaf nodes are specific
INFO: dtree.c(1478): Final simple tree
|( QUESTION0 -1 -2.947e+03 1.082e+02 1.384e+01
|    ( - -2.082e+03 1 0)
|    ( - -7.577e+02 1 0))
s>    ( QUESTION0 -1 -2.947e+03 1.082e+02 1.384e+01
s>        ( - -2.082e+03 1 0)
s>        ( - -7.577e+02 1 0))INFO: dtree.c(1315): Comp split 27
INFO: dtree.c(1315): Comp split 28
INFO: dtree.c(1315): Comp split 29
INFO: dtree.c(1315): Comp split 30
INFO: dtree.c(1439): stop. leaf nodes are specific
INFO: dtree.c(1478): Final simple tree
|( QUESTION9 -1 -6.924e+03 7.498e+01 3.063e+01
|    ( - -1.074e+03 1 0)
|    ( - -5.775e+03 1 0))
s>    ( QUESTION9 -1 -6.924e+03 7.498e+01 3.063e+01
s>        ( - -1.074e+03 1 0)
s>        ( - -5.775e+03 1 0))INFO: dtree.c(1315): Comp split 31
INFO: dtree.c(1439): stop. leaf nodes are specific
INFO: dtree.c(1478): Final simple tree
|( QUESTION2_14_L -1 -3.707e+04 7.228e+01 1.648e+02
|    ( - -2.263e+04 2 0)
|    ( - -1.437e+04 3 0))
s>    ( QUESTION2_14_L -1 -3.707e+04 7.228e+01 1.648e+02
s>        ( - -2.263e+04 2 0)
s>        ( - -1.437e+04 3 0))INFO: dtree.c(1439): stop. leaf nodes are specific
INFO: dtree.c(1478): Final simple tree
|( QUESTION1 -1 -1.077e+04 9.032e+01 4.761e+01
|    ( - -3.738e+03 1 0)
|    ( - -6.937e+03 1 0))
s>    ( QUESTION1 -1 -1.077e+04 9.032e+01 4.761e+01
s>        ( - -3.738e+03 1 0)
s>        ( - -6.937e+03 1 0))INFO: dtree.c(1315): Comp split 32
INFO: dtree.c(1315): Comp split 33
INFO: dtree.c(1439): stop. leaf nodes are specific
INFO: dtree.c(1478): Final simple tree
|( QUESTION0 -1 -4.439e+03 7.501e+01 2.001e+01
|    ( - -2.473e+03 1 0)
|    ( - -1.891e+03 1 0))
s>    ( QUESTION0 -1 -4.439e+03 7.501e+01 2.001e+01
s>        ( - -2.473e+03 1 0)
s>        ( - -1.891e+03 1 0))INFO: dtree.c(1315): Comp split 34
INFO: dtree.c(1315): Comp split 35
INFO: dtree.c(1315): Comp split 36
INFO: dtree.c(1315): Comp split 37
INFO: dtree.c(1318): stop. leaf nodes are specific
Wed Dec 20 23:52:24 2017
