Current configuration:
[NAME]		[DEFLT]	[VALUE]
-allphones	no	no
-cntthresh	0.00001	1.000000e-05
-csplitmax	100	2000
-csplitmin	1	1
-csplitthr	8e-4	0.000000e+00
-example	no	no
-fullvar	no	no
-help		no	no
-meanfn			/home/alex/repos/speech/an4/model_parameters/an4.cd_cont_untied/means
-mixwfn			/home/alex/repos/speech/an4/model_parameters/an4.cd_cont_untied/mixture_weights
-moddeffn		/home/alex/repos/speech/an4/model_architecture/an4.untied.mdef
-mwfloor	1e-4	1.000000e-08
-phone			AH
-psetfn			/home/alex/repos/speech/an4/model_architecture/an4.tree_questions
-ssplitmax	5	7
-ssplitmin	1	1
-ssplitthr	8e-4	0.000000e+00
-state			1
-stwt			1.0,0.05,0.0,
-treefn			/home/alex/repos/speech/an4/trees/an4.unpruned/AH-1.dtree
-ts2cbfn	.semi.	.cont.
-varfloor	0.00001	1.000000e-05
-varfn			/home/alex/repos/speech/an4/model_parameters/an4.cd_cont_untied/variances

INFO: main.c(223): Reading: /home/alex/repos/speech/an4/model_architecture/an4.untied.mdef
INFO: model_def_io.c(573): Model definition info:
INFO: model_def_io.c(574): 1618 total models defined (34 base, 1584 tri)
INFO: model_def_io.c(575): 6472 total states
INFO: model_def_io.c(576): 4854 total tied states
INFO: model_def_io.c(577): 102 total tied CI states
INFO: model_def_io.c(578): 34 total tied transition matrices
INFO: model_def_io.c(579): 4 max state/model
INFO: model_def_io.c(580): 4 min state/model
INFO: main.c(242): Building trees for [AH AH AY s] through [AH Z N i]
INFO: main.c(269): Covering states |[177 470]| == 294
INFO: main.c(275): Reading: /home/alex/repos/speech/an4/model_parameters/an4.cd_cont_untied/mixture_weights
INFO: s3mixw_io.c(173): Read /home/alex/repos/speech/an4/model_parameters/an4.cd_cont_untied/mixture_weights [294x1x1 array]
INFO: main.c(311): 98 of 98 models have observation count greater than 0.000010
INFO: main.c(95): nrm stwt: 0.045 0.909 0.045 
INFO: s3gau_io.c(169): Read /home/alex/repos/speech/an4/model_parameters/an4.cd_cont_untied/means [4854x1x1 array]
INFO: s3gau_io.c(169): Read /home/alex/repos/speech/an4/model_parameters/an4.cd_cont_untied/variances [4854x1x1 array]
INFO: main.c(549): Reading: /home/alex/repos/speech/an4/model_architecture/an4.tree_questions
INFO: main.c(588): 180 total simple questions (172 phone; 8 word bndry)
INFO: main.c(590): 42 Left Only questions, and 42 Right Only questions
INFO: dtree.c(1478): Final simple tree
|( WDBNDRY_I 0 -4.875e+05 6.379e+03 2.000e+03
|    ( QUESTION4 -1 -2.923e+05 3.627e+03 1.271e+03
|        ( - -1.173e+05 1 0)
|        ( QUESTION1 -1 -1.714e+05 2.280e+03 7.439e+02
|            ( QUESTION0_0_R 1 -2.822e+04 5.233e+02 1.315e+02
|                ( - -2.786e+04 2 0 QUESTION0_1_R 1 5.052e+02 1.305e+02)
|                ( - 1.627e+02 1 0))
|            ( QUESTION17 -1 -1.409e+05 1.659e+03 6.124e+02
|                ( - -7.918e+04 3 0 QUESTION2_8_L -1 2.890e+02 3.540e+02)
|                ( QUESTION0_13_R 1 -6.004e+04 9.920e+02 2.584e+02
|                    ( - -2.515e+04 3 0 QUESTION0_14_R 1 2.364e+02 1.108e+02)
|                    ( - -3.391e+04 4 0 QUESTION0_1_R 1 1.921e+02 1.476e+02)))))
|    ( QUESTION2_20_L -1 -1.889e+05 7.102e+02 7.294e+02
|        ( - -6.185e+04 31 0 QUESTION0 -1 4.523e+02 2.459e+02)
|        ( - -1.263e+05 53 0 QUESTION5 1 4.692e+02 4.835e+02)))
s>    ( WDBNDRY_I 0 -4.875e+05 6.379e+03 2.000e+03
s>        ( QUESTION4 -1 -2.923e+05 3.627e+03 1.271e+03
s>            ( - -1.173e+05 1 0)
s>            ( QUESTION1 -1 -1.714e+05 2.280e+03 7.439e+02
s>                ( QUESTION0_0_R 1 -2.822e+04 5.233e+02 1.315e+02
s>                    ( - -2.786e+04 2 0 QUESTION0_1_R 1 5.052e+02 1.305e+02)
s>                    ( - 1.627e+02 1 0))
s>                ( QUESTION17 -1 -1.409e+05 1.659e+03 6.124e+02
s>                    ( - -7.918e+04 3 0 QUESTION2_8_L -1 2.890e+02 3.540e+02)
s>                    ( QUESTION0_13_R 1 -6.004e+04 9.920e+02 2.584e+02
s>                        ( - -2.515e+04 3 0 QUESTION0_14_R 1 2.364e+02 1.108e+02)
s>                        ( - -3.391e+04 4 0 QUESTION0_1_R 1 1.921e+02 1.476e+02)))))
s>        ( QUESTION2_20_L -1 -1.889e+05 7.102e+02 7.294e+02
s>            ( - -6.185e+04 31 0 QUESTION0 -1 4.523e+02 2.459e+02)
s>            ( - -1.263e+05 53 0 QUESTION5 1 4.692e+02 4.835e+02)))INFO: dtree.c(1315): Comp split 0
INFO: dtree.c(1478): Final simple tree
|( WDBNDRY_S 0 -2.516e+05 2.365e+03 9.888e+02
|    ( QUESTION2_20_L -1 -1.872e+05 7.239e+02 7.224e+02
|        ( - -6.088e+04 29 0 QUESTION0 -1 4.560e+02 2.419e+02)
|        ( QUESTION5 1 -1.256e+05 4.693e+02 4.805e+02
|            ( - -9.560e+00 1 0)
|            ( - -1.252e+05 50 0 QUESTION2_11_L -1 4.442e+02 4.795e+02)))
|    ( QUESTION0_15_R 1 -6.200e+04 9.624e+02 2.664e+02
|        ( QUESTION1 -1 -2.423e+04 4.858e+02 1.068e+02
|            ( - 1.627e+02 1 0)
|            ( - -2.390e+04 2 0 QUESTION9 -1 1.034e+02 1.058e+02))
|        ( WDBNDRY_E 0 -3.681e+04 4.596e+02 1.596e+02
|            ( - 2.417e+02 1 0)
|            ( QUESTION13 1 -3.659e+04 4.574e+02 1.586e+02
|                ( - 1.853e+02 1 0)
|                ( - -3.632e+04 7 0 QUESTION2 1 2.477e+02 1.576e+02)))))
s>    ( WDBNDRY_S 0 -2.516e+05 2.365e+03 9.888e+02
s>        ( QUESTION2_20_L -1 -1.872e+05 7.239e+02 7.224e+02
s>            ( - -6.088e+04 29 0 QUESTION0 -1 4.560e+02 2.419e+02)
s>            ( QUESTION5 1 -1.256e+05 4.693e+02 4.805e+02
s>                ( - -9.560e+00 1 0)
s>                ( - -1.252e+05 50 0 QUESTION2_11_L -1 4.442e+02 4.795e+02)))
s>        ( QUESTION0_15_R 1 -6.200e+04 9.624e+02 2.664e+02
s>            ( QUESTION1 -1 -2.423e+04 4.858e+02 1.068e+02
s>                ( - 1.627e+02 1 0)
s>                ( - -2.390e+04 2 0 QUESTION9 -1 1.034e+02 1.058e+02))
s>            ( WDBNDRY_E 0 -3.681e+04 4.596e+02 1.596e+02
s>                ( - 2.417e+02 1 0)
s>                ( QUESTION13 1 -3.659e+04 4.574e+02 1.586e+02
s>                    ( - 1.853e+02 1 0)
s>                    ( - -3.632e+04 7 0 QUESTION2 1 2.477e+02 1.576e+02)))))INFO: dtree.c(1439): stop. leaf nodes are specific
INFO: dtree.c(1478): Final simple tree
|( QUESTION4 -1 -2.289e+05 2.431e+03 1.011e+03
|    ( - -1.173e+05 1 0)
|    ( QUESTION0_2_R 1 -1.092e+05 2.203e+03 4.845e+02
|        ( - -2.759e+04 1 0)
|        ( QUESTION0_0_R 1 -7.941e+04 4.760e+02 3.550e+02
|            ( - 2.413e+02 1 0)
|            ( QUESTION2_8_L -1 -7.918e+04 2.890e+02 3.540e+02
|                ( - -6.887e+04 1 0)
|                ( QUESTION2_7_L -1 -1.002e+04 1.946e+02 4.536e+01
|                    ( - -4.243e+03 1 0)
|                    ( - -5.587e+03 1 0))))))
s>    ( QUESTION4 -1 -2.289e+05 2.431e+03 1.011e+03
s>        ( - -1.173e+05 1 0)
s>        ( QUESTION0_2_R 1 -1.092e+05 2.203e+03 4.845e+02
s>            ( - -2.759e+04 1 0)
s>            ( QUESTION0_0_R 1 -7.941e+04 4.760e+02 3.550e+02
s>                ( - 2.413e+02 1 0)
s>                ( QUESTION2_8_L -1 -7.918e+04 2.890e+02 3.540e+02
s>                    ( - -6.887e+04 1 0)
s>                    ( QUESTION2_7_L -1 -1.002e+04 1.946e+02 4.536e+01
s>                        ( - -4.243e+03 1 0)
s>                        ( - -5.587e+03 1 0))))))INFO: dtree.c(1315): Comp split 1
INFO: dtree.c(1439): stop. leaf nodes are specific
INFO: dtree.c(1478): Final simple tree
|( QUESTION0_2_R 1 -1.092e+05 2.203e+03 4.845e+02
|    ( - -2.759e+04 1 0)
|    ( QUESTION0_0_R 1 -7.941e+04 4.760e+02 3.550e+02
|        ( - 2.413e+02 1 0)
|        ( QUESTION2_8_L -1 -7.918e+04 2.890e+02 3.540e+02
|            ( - -6.887e+04 1 0)
|            ( QUESTION2_7_L -1 -1.002e+04 1.946e+02 4.536e+01
|                ( - -4.243e+03 1 0)
|                ( - -5.587e+03 1 0)))))
s>    ( QUESTION0_2_R 1 -1.092e+05 2.203e+03 4.845e+02
s>        ( - -2.759e+04 1 0)
s>        ( QUESTION0_0_R 1 -7.941e+04 4.760e+02 3.550e+02
s>            ( - 2.413e+02 1 0)
s>            ( QUESTION2_8_L -1 -7.918e+04 2.890e+02 3.540e+02
s>                ( - -6.887e+04 1 0)
s>                ( QUESTION2_7_L -1 -1.002e+04 1.946e+02 4.536e+01
s>                    ( - -4.243e+03 1 0)
s>                    ( - -5.587e+03 1 0)))))INFO: dtree.c(1315): Comp split 2
INFO: dtree.c(1478): Final simple tree
|( QUESTION0_15_R 1 -6.178e+04 9.607e+02 2.654e+02
|    ( QUESTION1 -1 -2.423e+04 4.858e+02 1.068e+02
|        ( - 1.627e+02 1 0)
|        ( - -2.390e+04 2 0 QUESTION9 -1 1.034e+02 1.058e+02))
|    ( QUESTION13 1 -3.659e+04 4.574e+02 1.586e+02
|        ( - 1.853e+02 1 0)
|        ( QUESTION2 1 -3.632e+04 2.477e+02 1.576e+02
|            ( - -1.007e+03 1 0)
|            ( QUESTION11 -1 -3.506e+04 2.043e+02 1.526e+02
|                ( - -2.710e+02 1 0)
|                ( QUESTION0_1_R 1 -3.459e+04 1.901e+02 1.506e+02
|                    ( - -1.311e+03 1 0)
|                    ( WDBNDRY_B 0 -3.309e+04 1.830e+02 1.446e+02
|                        ( - -5.003e+02 1 0)
|                        ( - -3.240e+04 3 0 QUESTION0_9_R 1 1.733e+02 1.416e+02)))))))
s>    ( QUESTION0_15_R 1 -6.178e+04 9.607e+02 2.654e+02
s>        ( QUESTION1 -1 -2.423e+04 4.858e+02 1.068e+02
s>            ( - 1.627e+02 1 0)
s>            ( - -2.390e+04 2 0 QUESTION9 -1 1.034e+02 1.058e+02))
s>        ( QUESTION13 1 -3.659e+04 4.574e+02 1.586e+02
s>            ( - 1.853e+02 1 0)
s>            ( QUESTION2 1 -3.632e+04 2.477e+02 1.576e+02
s>                ( - -1.007e+03 1 0)
s>                ( QUESTION11 -1 -3.506e+04 2.043e+02 1.526e+02
s>                    ( - -2.710e+02 1 0)
s>                    ( QUESTION0_1_R 1 -3.459e+04 1.901e+02 1.506e+02
s>                        ( - -1.311e+03 1 0)
s>                        ( WDBNDRY_B 0 -3.309e+04 1.830e+02 1.446e+02
s>                            ( - -5.003e+02 1 0)
s>                            ( - -3.240e+04 3 0 QUESTION0_9_R 1 1.733e+02 1.416e+02)))))))INFO: dtree.c(1478): Final simple tree
|( QUESTION2_20_L -1 -1.875e+05 7.212e+02 7.234e+02
|    ( QUESTION0 -1 -6.088e+04 4.560e+02 2.419e+02
|        ( QUESTION5 1 -3.071e+04 4.489e+02 1.223e+02
|            ( - -1.119e+02 1 0)
|            ( - -3.015e+04 12 0 QUESTION15 1 2.642e+02 1.213e+02))
|        ( - -2.971e+04 16 0 QUESTION0_8_R 1 2.533e+02 1.196e+02))
|    ( QUESTION5 1 -1.259e+05 4.693e+02 4.815e+02
|        ( - -9.560e+00 1 0)
|        ( WDBNDRY_E 0 -1.254e+05 4.610e+02 4.805e+02
|            ( - 2.417e+02 1 0)
|            ( QUESTION2_11_L -1 -1.252e+05 4.442e+02 4.795e+02
|                ( - -4.264e+01 1 0)
|                ( QUESTION2 1 -1.247e+05 4.441e+02 4.785e+02
|                    ( - -1.159e+02 1 0)
|                    ( - -1.241e+05 48 0 QUESTION2_14_L -1 2.611e+02 4.775e+02))))))
s>    ( QUESTION2_20_L -1 -1.875e+05 7.212e+02 7.234e+02
s>        ( QUESTION0 -1 -6.088e+04 4.560e+02 2.419e+02
s>            ( QUESTION5 1 -3.071e+04 4.489e+02 1.223e+02
s>                ( - -1.119e+02 1 0)
s>                ( - -3.015e+04 12 0 QUESTION15 1 2.642e+02 1.213e+02))
s>            ( - -2.971e+04 16 0 QUESTION0_8_R 1 2.533e+02 1.196e+02))
s>        ( QUESTION5 1 -1.259e+05 4.693e+02 4.815e+02
s>            ( - -9.560e+00 1 0)
s>            ( WDBNDRY_E 0 -1.254e+05 4.610e+02 4.805e+02
s>                ( - 2.417e+02 1 0)
s>                ( QUESTION2_11_L -1 -1.252e+05 4.442e+02 4.795e+02
s>                    ( - -4.264e+01 1 0)
s>                    ( QUESTION2 1 -1.247e+05 4.441e+02 4.785e+02
s>                        ( - -1.159e+02 1 0)
s>                        ( - -1.241e+05 48 0 QUESTION2_14_L -1 2.611e+02 4.775e+02))))))INFO: dtree.c(1315): Comp split 3
INFO: dtree.c(1439): stop. leaf nodes are specific
INFO: dtree.c(1478): Final simple tree
|( QUESTION0_0_R 1 -7.941e+04 4.760e+02 3.550e+02
|    ( - 2.413e+02 1 0)
|    ( QUESTION2_8_L -1 -7.918e+04 2.890e+02 3.540e+02
|        ( - -6.887e+04 1 0)
|        ( QUESTION2_7_L -1 -1.002e+04 1.946e+02 4.536e+01
|            ( - -4.243e+03 1 0)
|            ( - -5.587e+03 1 0))))
s>    ( QUESTION0_0_R 1 -7.941e+04 4.760e+02 3.550e+02
s>        ( - 2.413e+02 1 0)
s>        ( QUESTION2_8_L -1 -7.918e+04 2.890e+02 3.540e+02
s>            ( - -6.887e+04 1 0)
s>            ( QUESTION2_7_L -1 -1.002e+04 1.946e+02 4.536e+01
s>                ( - -4.243e+03 1 0)
s>                ( - -5.587e+03 1 0))))INFO: dtree.c(1315): Comp split 4
INFO: dtree.c(1439): stop. leaf nodes are specific
INFO: dtree.c(1478): Final simple tree
|( QUESTION0_14_R 1 -2.515e+04 2.364e+02 1.108e+02
|    ( - -1.007e+03 1 0)
|    ( QUESTION9 -1 -2.390e+04 1.034e+02 1.058e+02
|        ( - -8.126e+02 1 0)
|        ( - -2.299e+04 1 0)))
s>    ( QUESTION0_14_R 1 -2.515e+04 2.364e+02 1.108e+02
s>        ( - -1.007e+03 1 0)
s>        ( QUESTION9 -1 -2.390e+04 1.034e+02 1.058e+02
s>            ( - -8.126e+02 1 0)
s>            ( - -2.299e+04 1 0)))INFO: dtree.c(1478): Final simple tree
|( QUESTION0_15_R 1 -3.564e+04 4.658e+02 1.546e+02
|    ( - 1.627e+02 1 0)
|    ( QUESTION13 1 -3.533e+04 4.568e+02 1.536e+02
|        ( - 1.853e+02 1 0)
|        ( QUESTION11 -1 -3.506e+04 2.043e+02 1.526e+02
|            ( - -2.710e+02 1 0)
|            ( QUESTION0_1_R 1 -3.459e+04 1.901e+02 1.506e+02
|                ( - -1.311e+03 1 0)
|                ( WDBNDRY_B 0 -3.309e+04 1.830e+02 1.446e+02
|                    ( - -5.003e+02 1 0)
|                    ( QUESTION0_9_R 1 -3.240e+04 1.733e+02 1.416e+02
|                        ( - -9.571e+02 1 0)
|                        ( QUESTION0_0_R 1 -3.127e+04 9.919e+01 1.366e+02
|                            ( - -3.077e+04 1 0)
|                            ( - -4.043e+02 1 0))))))))
s>    ( QUESTION0_15_R 1 -3.564e+04 4.658e+02 1.546e+02
s>        ( - 1.627e+02 1 0)
s>        ( QUESTION13 1 -3.533e+04 4.568e+02 1.536e+02
s>            ( - 1.853e+02 1 0)
s>            ( QUESTION11 -1 -3.506e+04 2.043e+02 1.526e+02
s>                ( - -2.710e+02 1 0)
s>                ( QUESTION0_1_R 1 -3.459e+04 1.901e+02 1.506e+02
s>                    ( - -1.311e+03 1 0)
s>                    ( WDBNDRY_B 0 -3.309e+04 1.830e+02 1.446e+02
s>                        ( - -5.003e+02 1 0)
s>                        ( QUESTION0_9_R 1 -3.240e+04 1.733e+02 1.416e+02
s>                            ( - -9.571e+02 1 0)
s>                            ( QUESTION0_0_R 1 -3.127e+04 9.919e+01 1.366e+02
s>                                ( - -3.077e+04 1 0)
s>                                ( - -4.043e+02 1 0))))))))INFO: dtree.c(1315): Comp split 5
INFO: dtree.c(1478): Final simple tree
|( WDBNDRY_E 0 -2.993e+04 4.573e+02 1.206e+02
|    ( - 2.417e+02 1 0)
|    ( QUESTION0_8_R 1 -2.971e+04 2.533e+02 1.196e+02
|        ( - -3.572e+03 1 0)
|        ( QUESTION4 1 -2.589e+04 2.343e+02 1.034e+02
|            ( - -7.069e+03 3 0 QUESTION0_13_R 1 1.264e+02 2.924e+01)
|            ( QUESTION0_6_R 1 -1.858e+04 2.259e+02 7.414e+01
|                ( - -4.584e+02 1 0)
|                ( QUESTION0_14_R 1 -1.790e+04 2.234e+02 7.214e+01
|                    ( - -7.022e+02 1 0)
|                    ( QUESTION0_3_R 1 -1.697e+04 2.235e+02 6.814e+01
|                        ( - -5.548e+02 1 0)
|                        ( QUESTION0_1_R 1 -1.620e+04 1.911e+02 6.514e+01
|                            ( - -3.746e+03 2 0)
|                            ( - -1.226e+04 7 0 QUESTION1 1 1.548e+02 5.057e+01))))))))
s>    ( WDBNDRY_E 0 -2.993e+04 4.573e+02 1.206e+02
s>        ( - 2.417e+02 1 0)
s>        ( QUESTION0_8_R 1 -2.971e+04 2.533e+02 1.196e+02
s>            ( - -3.572e+03 1 0)
s>            ( QUESTION4 1 -2.589e+04 2.343e+02 1.034e+02
s>                ( - -7.069e+03 3 0 QUESTION0_13_R 1 1.264e+02 2.924e+01)
s>                ( QUESTION0_6_R 1 -1.858e+04 2.259e+02 7.414e+01
s>                    ( - -4.584e+02 1 0)
s>                    ( QUESTION0_14_R 1 -1.790e+04 2.234e+02 7.214e+01
s>                        ( - -7.022e+02 1 0)
s>                        ( QUESTION0_3_R 1 -1.697e+04 2.235e+02 6.814e+01
s>                            ( - -5.548e+02 1 0)
s>                            ( QUESTION0_1_R 1 -1.620e+04 1.911e+02 6.514e+01
s>                                ( - -3.746e+03 2 0)
s>                                ( - -1.226e+04 7 0 QUESTION1 1 1.548e+02 5.057e+01))))))))INFO: dtree.c(1478): Final simple tree
|( QUESTION2 1 -1.566e+05 4.442e+02 6.028e+02
|    ( - -1.159e+02 1 0)
|    ( QUESTION2_11_L -1 -1.561e+05 4.438e+02 6.018e+02
|        ( - -4.264e+01 1 0)
|        ( QUESTION2_14_L -1 -1.556e+05 3.479e+02 6.008e+02
|            ( QUESTION15 1 -7.228e+04 4.431e+02 2.875e+02
|                ( - 1.122e+02 1 0)
|                ( QUESTION17 1 -7.195e+04 2.819e+02 2.865e+02
|                    ( - -9.270e+03 1 0)
|                    ( - -6.240e+04 16 0 SILENCE 1 2.216e+02 2.536e+02)))
|            ( QUESTION0_15_R 1 -8.295e+04 2.421e+02 3.133e+02
|                ( QUESTION2 -1 -1.919e+04 4.568e+02 7.529e+01
|                    ( - -1.119e+02 1 0)
|                    ( - -1.862e+04 5 0 QUESTION5 1 4.550e+02 7.429e+01))
|                ( - -6.352e+04 38 0 SILENCE -1 2.149e+02 2.380e+02)))))
s>    ( QUESTION2 1 -1.566e+05 4.442e+02 6.028e+02
s>        ( - -1.159e+02 1 0)
s>        ( QUESTION2_11_L -1 -1.561e+05 4.438e+02 6.018e+02
s>            ( - -4.264e+01 1 0)
s>            ( QUESTION2_14_L -1 -1.556e+05 3.479e+02 6.008e+02
s>                ( QUESTION15 1 -7.228e+04 4.431e+02 2.875e+02
s>                    ( - 1.122e+02 1 0)
s>                    ( QUESTION17 1 -7.195e+04 2.819e+02 2.865e+02
s>                        ( - -9.270e+03 1 0)
s>                        ( - -6.240e+04 16 0 SILENCE 1 2.216e+02 2.536e+02)))
s>                ( QUESTION0_15_R 1 -8.295e+04 2.421e+02 3.133e+02
s>                    ( QUESTION2 -1 -1.919e+04 4.568e+02 7.529e+01
s>                        ( - -1.119e+02 1 0)
s>                        ( - -1.862e+04 5 0 QUESTION5 1 4.550e+02 7.429e+01))
s>                    ( - -6.352e+04 38 0 SILENCE -1 2.149e+02 2.380e+02)))))INFO: dtree.c(1315): Comp split 6
INFO: dtree.c(1439): stop. leaf nodes are specific
INFO: dtree.c(1478): Final simple tree
|( QUESTION2_8_L -1 -7.918e+04 2.890e+02 3.540e+02
|    ( - -6.887e+04 1 0)
|    ( QUESTION2_7_L -1 -1.002e+04 1.946e+02 4.536e+01
|        ( - -4.243e+03 1 0)
|        ( - -5.587e+03 1 0)))
s>    ( QUESTION2_8_L -1 -7.918e+04 2.890e+02 3.540e+02
s>        ( - -6.887e+04 1 0)
s>        ( QUESTION2_7_L -1 -1.002e+04 1.946e+02 4.536e+01
s>            ( - -4.243e+03 1 0)
s>            ( - -5.587e+03 1 0)))INFO: dtree.c(1315): Comp split 7
INFO: dtree.c(1439): stop. leaf nodes are specific
INFO: dtree.c(1478): Final simple tree
|( QUESTION13 1 -3.533e+04 4.568e+02 1.536e+02
|    ( - 1.853e+02 1 0)
|    ( QUESTION11 -1 -3.506e+04 2.043e+02 1.526e+02
|        ( - -2.710e+02 1 0)
|        ( QUESTION0_1_R 1 -3.459e+04 1.901e+02 1.506e+02
|            ( - -1.311e+03 1 0)
|            ( WDBNDRY_B 0 -3.309e+04 1.830e+02 1.446e+02
|                ( - -5.003e+02 1 0)
|                ( QUESTION0_9_R 1 -3.240e+04 1.733e+02 1.416e+02
|                    ( - -9.571e+02 1 0)
|                    ( QUESTION0_0_R 1 -3.127e+04 9.919e+01 1.366e+02
|                        ( - -3.077e+04 1 0)
|                        ( - -4.043e+02 1 0)))))))
s>    ( QUESTION13 1 -3.533e+04 4.568e+02 1.536e+02
s>        ( - 1.853e+02 1 0)
s>        ( QUESTION11 -1 -3.506e+04 2.043e+02 1.526e+02
s>            ( - -2.710e+02 1 0)
s>            ( QUESTION0_1_R 1 -3.459e+04 1.901e+02 1.506e+02
s>                ( - -1.311e+03 1 0)
s>                ( WDBNDRY_B 0 -3.309e+04 1.830e+02 1.446e+02
s>                    ( - -5.003e+02 1 0)
s>                    ( QUESTION0_9_R 1 -3.240e+04 1.733e+02 1.416e+02
s>                        ( - -9.571e+02 1 0)
s>                        ( QUESTION0_0_R 1 -3.127e+04 9.919e+01 1.366e+02
s>                            ( - -3.077e+04 1 0)
s>                            ( - -4.043e+02 1 0)))))))INFO: dtree.c(1315): Comp split 8
INFO: dtree.c(1478): Final simple tree
|( QUESTION0_8_R 1 -2.971e+04 2.533e+02 1.196e+02
|    ( - -3.572e+03 1 0)
|    ( QUESTION4 1 -2.589e+04 2.343e+02 1.034e+02
|        ( - -7.069e+03 3 0 QUESTION0_13_R 1 1.264e+02 2.924e+01)
|        ( QUESTION0_6_R 1 -1.858e+04 2.259e+02 7.414e+01
|            ( - -4.584e+02 1 0)
|            ( QUESTION0_14_R 1 -1.790e+04 2.234e+02 7.214e+01
|                ( - -7.022e+02 1 0)
|                ( QUESTION0_3_R 1 -1.697e+04 2.235e+02 6.814e+01
|                    ( - -5.548e+02 1 0)
|                    ( QUESTION0_1_R 1 -1.620e+04 1.911e+02 6.514e+01
|                        ( - -3.746e+03 2 0)
|                        ( QUESTION1 1 -1.226e+04 1.548e+02 5.057e+01
|                            ( - -9.519e+02 2 0)
|                            ( - -1.115e+04 5 0 SILENCE 1 1.438e+02 4.757e+01))))))))
s>    ( QUESTION0_8_R 1 -2.971e+04 2.533e+02 1.196e+02
s>        ( - -3.572e+03 1 0)
s>        ( QUESTION4 1 -2.589e+04 2.343e+02 1.034e+02
s>            ( - -7.069e+03 3 0 QUESTION0_13_R 1 1.264e+02 2.924e+01)
s>            ( QUESTION0_6_R 1 -1.858e+04 2.259e+02 7.414e+01
s>                ( - -4.584e+02 1 0)
s>                ( QUESTION0_14_R 1 -1.790e+04 2.234e+02 7.214e+01
s>                    ( - -7.022e+02 1 0)
s>                    ( QUESTION0_3_R 1 -1.697e+04 2.235e+02 6.814e+01
s>                        ( - -5.548e+02 1 0)
s>                        ( QUESTION0_1_R 1 -1.620e+04 1.911e+02 6.514e+01
s>                            ( - -3.746e+03 2 0)
s>                            ( QUESTION1 1 -1.226e+04 1.548e+02 5.057e+01
s>                                ( - -9.519e+02 2 0)
s>                                ( - -1.115e+04 5 0 SILENCE 1 1.438e+02 4.757e+01))))))))INFO: dtree.c(1315): Comp split 9
INFO: dtree.c(1439): stop. leaf nodes are specific
INFO: dtree.c(1478): Final simple tree
|( QUESTION11 -1 -3.506e+04 2.043e+02 1.526e+02
|    ( - -2.710e+02 1 0)
|    ( QUESTION0_1_R 1 -3.459e+04 1.901e+02 1.506e+02
|        ( - -1.311e+03 1 0)
|        ( WDBNDRY_B 0 -3.309e+04 1.830e+02 1.446e+02
|            ( - -5.003e+02 1 0)
|            ( QUESTION0_9_R 1 -3.240e+04 1.733e+02 1.416e+02
|                ( - -9.571e+02 1 0)
|                ( QUESTION0_0_R 1 -3.127e+04 9.919e+01 1.366e+02
|                    ( - -3.077e+04 1 0)
|                    ( - -4.043e+02 1 0))))))
s>    ( QUESTION11 -1 -3.506e+04 2.043e+02 1.526e+02
s>        ( - -2.710e+02 1 0)
s>        ( QUESTION0_1_R 1 -3.459e+04 1.901e+02 1.506e+02
s>            ( - -1.311e+03 1 0)
s>            ( WDBNDRY_B 0 -3.309e+04 1.830e+02 1.446e+02
s>                ( - -5.003e+02 1 0)
s>                ( QUESTION0_9_R 1 -3.240e+04 1.733e+02 1.416e+02
s>                    ( - -9.571e+02 1 0)
s>                    ( QUESTION0_0_R 1 -3.127e+04 9.919e+01 1.366e+02
s>                        ( - -3.077e+04 1 0)
s>                        ( - -4.043e+02 1 0))))))INFO: dtree.c(1315): Comp split 10
INFO: dtree.c(1478): Final simple tree
|( QUESTION5 1 -1.561e+05 4.686e+02 6.018e+02
|    ( - -9.560e+00 1 0)
|    ( QUESTION2 1 -1.556e+05 4.444e+02 6.008e+02
|        ( - -1.159e+02 1 0)
|        ( QUESTION2_11_L -1 -1.550e+05 4.441e+02 5.998e+02
|            ( - -4.264e+01 1 0)
|            ( QUESTION2_14_L -1 -1.545e+05 3.417e+02 5.988e+02
|                ( QUESTION15 1 -7.228e+04 4.431e+02 2.875e+02
|                    ( - 1.122e+02 1 0)
|                    ( QUESTION17 1 -7.195e+04 2.819e+02 2.865e+02
|                        ( - -9.270e+03 1 0)
|                        ( - -6.240e+04 16 0 SILENCE 1 2.216e+02 2.536e+02)))
|                ( QUESTION0_15_R 1 -8.192e+04 2.453e+02 3.113e+02
|                    ( - -1.815e+04 4 0 SILENCE -1 1.861e+02 7.329e+01)
|                    ( - -6.352e+04 38 0 SILENCE -1 2.149e+02 2.380e+02))))))
s>    ( QUESTION5 1 -1.561e+05 4.686e+02 6.018e+02
s>        ( - -9.560e+00 1 0)
s>        ( QUESTION2 1 -1.556e+05 4.444e+02 6.008e+02
s>            ( - -1.159e+02 1 0)
s>            ( QUESTION2_11_L -1 -1.550e+05 4.441e+02 5.998e+02
s>                ( - -4.264e+01 1 0)
s>                ( QUESTION2_14_L -1 -1.545e+05 3.417e+02 5.988e+02
s>                    ( QUESTION15 1 -7.228e+04 4.431e+02 2.875e+02
s>                        ( - 1.122e+02 1 0)
s>                        ( QUESTION17 1 -7.195e+04 2.819e+02 2.865e+02
s>                            ( - -9.270e+03 1 0)
s>                            ( - -6.240e+04 16 0 SILENCE 1 2.216e+02 2.536e+02)))
s>                    ( QUESTION0_15_R 1 -8.192e+04 2.453e+02 3.113e+02
s>                        ( - -1.815e+04 4 0 SILENCE -1 1.861e+02 7.329e+01)
s>                        ( - -6.352e+04 38 0 SILENCE -1 2.149e+02 2.380e+02))))))INFO: dtree.c(1315): Comp split 11
INFO: dtree.c(1478): Final simple tree
|( QUESTION2 1 -1.556e+05 4.444e+02 6.008e+02
|    ( - -1.159e+02 1 0)
|    ( QUESTION2_11_L -1 -1.550e+05 4.441e+02 5.998e+02
|        ( - -4.264e+01 1 0)
|        ( QUESTION2_14_L -1 -1.545e+05 3.417e+02 5.988e+02
|            ( QUESTION15 1 -7.228e+04 4.431e+02 2.875e+02
|                ( - 1.122e+02 1 0)
|                ( QUESTION17 1 -7.195e+04 2.819e+02 2.865e+02
|                    ( - -9.270e+03 1 0)
|                    ( SILENCE 1 -6.240e+04 2.216e+02 2.536e+02
|                        ( - -4.615e+03 1 0)
|                        ( - -5.757e+04 15 0 QUESTION0_15_R 1 1.991e+02 2.336e+02))))
|            ( QUESTION0_15_R 1 -8.192e+04 2.453e+02 3.113e+02
|                ( - -1.815e+04 4 0 SILENCE -1 1.861e+02 7.329e+01)
|                ( - -6.352e+04 38 0 SILENCE -1 2.149e+02 2.380e+02)))))
s>    ( QUESTION2 1 -1.556e+05 4.444e+02 6.008e+02
s>        ( - -1.159e+02 1 0)
s>        ( QUESTION2_11_L -1 -1.550e+05 4.441e+02 5.998e+02
s>            ( - -4.264e+01 1 0)
s>            ( QUESTION2_14_L -1 -1.545e+05 3.417e+02 5.988e+02
s>                ( QUESTION15 1 -7.228e+04 4.431e+02 2.875e+02
s>                    ( - 1.122e+02 1 0)
s>                    ( QUESTION17 1 -7.195e+04 2.819e+02 2.865e+02
s>                        ( - -9.270e+03 1 0)
s>                        ( SILENCE 1 -6.240e+04 2.216e+02 2.536e+02
s>                            ( - -4.615e+03 1 0)
s>                            ( - -5.757e+04 15 0 QUESTION0_15_R 1 1.991e+02 2.336e+02))))
s>                ( QUESTION0_15_R 1 -8.192e+04 2.453e+02 3.113e+02
s>                    ( - -1.815e+04 4 0 SILENCE -1 1.861e+02 7.329e+01)
s>                    ( - -6.352e+04 38 0 SILENCE -1 2.149e+02 2.380e+02)))))INFO: dtree.c(1315): Comp split 12
INFO: dtree.c(1478): Final simple tree
|( QUESTION2_11_L -1 -1.550e+05 4.441e+02 5.998e+02
|    ( - -4.264e+01 1 0)
|    ( QUESTION2_14_L -1 -1.545e+05 3.417e+02 5.988e+02
|        ( QUESTION15 1 -7.228e+04 4.431e+02 2.875e+02
|            ( - 1.122e+02 1 0)
|            ( QUESTION17 1 -7.195e+04 2.819e+02 2.865e+02
|                ( - -9.270e+03 1 0)
|                ( SILENCE 1 -6.240e+04 2.216e+02 2.536e+02
|                    ( - -4.615e+03 1 0)
|                    ( - -5.757e+04 15 0 QUESTION0_15_R 1 1.991e+02 2.336e+02))))
|        ( QUESTION0_15_R 1 -8.192e+04 2.453e+02 3.113e+02
|            ( - -1.815e+04 4 0 SILENCE -1 1.861e+02 7.329e+01)
|            ( SILENCE -1 -6.352e+04 2.149e+02 2.380e+02
|                ( - -1.003e+04 5 0 QUESTION0_20_R 1 4.516e+02 3.501e+01)
|                ( - -5.328e+04 33 0 QUESTION13 1 2.072e+02 2.030e+02)))))
s>    ( QUESTION2_11_L -1 -1.550e+05 4.441e+02 5.998e+02
s>        ( - -4.264e+01 1 0)
s>        ( QUESTION2_14_L -1 -1.545e+05 3.417e+02 5.988e+02
s>            ( QUESTION15 1 -7.228e+04 4.431e+02 2.875e+02
s>                ( - 1.122e+02 1 0)
s>                ( QUESTION17 1 -7.195e+04 2.819e+02 2.865e+02
s>                    ( - -9.270e+03 1 0)
s>                    ( SILENCE 1 -6.240e+04 2.216e+02 2.536e+02
s>                        ( - -4.615e+03 1 0)
s>                        ( - -5.757e+04 15 0 QUESTION0_15_R 1 1.991e+02 2.336e+02))))
s>            ( QUESTION0_15_R 1 -8.192e+04 2.453e+02 3.113e+02
s>                ( - -1.815e+04 4 0 SILENCE -1 1.861e+02 7.329e+01)
s>                ( SILENCE -1 -6.352e+04 2.149e+02 2.380e+02
s>                    ( - -1.003e+04 5 0 QUESTION0_20_R 1 4.516e+02 3.501e+01)
s>                    ( - -5.328e+04 33 0 QUESTION13 1 2.072e+02 2.030e+02)))))INFO: dtree.c(1315): Comp split 13
INFO: dtree.c(1478): Final simple tree
|( QUESTION2_14_L -1 -1.545e+05 3.417e+02 5.988e+02
|    ( QUESTION15 1 -7.228e+04 4.431e+02 2.875e+02
|        ( - 1.122e+02 1 0)
|        ( QUESTION17 1 -7.195e+04 2.819e+02 2.865e+02
|            ( - -9.270e+03 1 0)
|            ( SILENCE 1 -6.240e+04 2.216e+02 2.536e+02
|                ( - -4.615e+03 1 0)
|                ( - -5.757e+04 15 0 QUESTION0_15_R 1 1.991e+02 2.336e+02))))
|    ( QUESTION0_15_R 1 -8.192e+04 2.453e+02 3.113e+02
|        ( - -1.815e+04 4 0 SILENCE -1 1.861e+02 7.329e+01)
|        ( SILENCE -1 -6.352e+04 2.149e+02 2.380e+02
|            ( QUESTION0_20_R 1 -1.003e+04 4.516e+02 3.501e+01
|                ( - -4.197e+02 1 0)
|                ( - -9.158e+03 4 0 QUESTION0_4_R 1 4.422e+02 3.401e+01))
|            ( - -5.328e+04 33 0 QUESTION13 1 2.072e+02 2.030e+02))))
s>    ( QUESTION2_14_L -1 -1.545e+05 3.417e+02 5.988e+02
s>        ( QUESTION15 1 -7.228e+04 4.431e+02 2.875e+02
s>            ( - 1.122e+02 1 0)
s>            ( QUESTION17 1 -7.195e+04 2.819e+02 2.865e+02
s>                ( - -9.270e+03 1 0)
s>                ( SILENCE 1 -6.240e+04 2.216e+02 2.536e+02
s>                    ( - -4.615e+03 1 0)
s>                    ( - -5.757e+04 15 0 QUESTION0_15_R 1 1.991e+02 2.336e+02))))
s>        ( QUESTION0_15_R 1 -8.192e+04 2.453e+02 3.113e+02
s>            ( - -1.815e+04 4 0 SILENCE -1 1.861e+02 7.329e+01)
s>            ( SILENCE -1 -6.352e+04 2.149e+02 2.380e+02
s>                ( QUESTION0_20_R 1 -1.003e+04 4.516e+02 3.501e+01
s>                    ( - -4.197e+02 1 0)
s>                    ( - -9.158e+03 4 0 QUESTION0_4_R 1 4.422e+02 3.401e+01))
s>                ( - -5.328e+04 33 0 QUESTION13 1 2.072e+02 2.030e+02))))INFO: dtree.c(1315): Comp split 14
INFO: dtree.c(1478): Final simple tree
|( QUESTION2_14_L -1 -1.537e+05 3.441e+02 5.978e+02
|    ( QUESTION15 1 -7.228e+04 4.431e+02 2.875e+02
|        ( - 1.122e+02 1 0)
|        ( QUESTION17 1 -7.195e+04 2.819e+02 2.865e+02
|            ( - -9.270e+03 1 0)
|            ( SILENCE 1 -6.240e+04 2.216e+02 2.536e+02
|                ( - -4.615e+03 1 0)
|                ( - -5.757e+04 15 0 QUESTION0_15_R 1 1.991e+02 2.336e+02))))
|    ( QUESTION0_15_R 1 -8.104e+04 2.462e+02 3.103e+02
|        ( - -1.815e+04 4 0 SILENCE -1 1.861e+02 7.329e+01)
|        ( SILENCE -1 -6.264e+04 2.061e+02 2.370e+02
|            ( QUESTION0_4_R 1 -9.158e+03 4.422e+02 3.401e+01
|                ( - 1.161e+02 1 0)
|                ( - -8.832e+03 3 0 QUESTION0_0_R 1 1.284e+02 3.301e+01))
|            ( - -5.328e+04 33 0 QUESTION13 1 2.072e+02 2.030e+02))))
s>    ( QUESTION2_14_L -1 -1.537e+05 3.441e+02 5.978e+02
s>        ( QUESTION15 1 -7.228e+04 4.431e+02 2.875e+02
s>            ( - 1.122e+02 1 0)
s>            ( QUESTION17 1 -7.195e+04 2.819e+02 2.865e+02
s>                ( - -9.270e+03 1 0)
s>                ( SILENCE 1 -6.240e+04 2.216e+02 2.536e+02
s>                    ( - -4.615e+03 1 0)
s>                    ( - -5.757e+04 15 0 QUESTION0_15_R 1 1.991e+02 2.336e+02))))
s>        ( QUESTION0_15_R 1 -8.104e+04 2.462e+02 3.103e+02
s>            ( - -1.815e+04 4 0 SILENCE -1 1.861e+02 7.329e+01)
s>            ( SILENCE -1 -6.264e+04 2.061e+02 2.370e+02
s>                ( QUESTION0_4_R 1 -9.158e+03 4.422e+02 3.401e+01
s>                    ( - 1.161e+02 1 0)
s>                    ( - -8.832e+03 3 0 QUESTION0_0_R 1 1.284e+02 3.301e+01))
s>                ( - -5.328e+04 33 0 QUESTION13 1 2.072e+02 2.030e+02))))INFO: dtree.c(1315): Comp split 15
INFO: dtree.c(1478): Final simple tree
|( QUESTION2_14_L -1 -1.533e+05 3.426e+02 5.968e+02
|    ( QUESTION15 1 -7.228e+04 4.431e+02 2.875e+02
|        ( - 1.122e+02 1 0)
|        ( QUESTION17 1 -7.195e+04 2.819e+02 2.865e+02
|            ( - -9.270e+03 1 0)
|            ( SILENCE 1 -6.240e+04 2.216e+02 2.536e+02
|                ( - -4.615e+03 1 0)
|                ( - -5.757e+04 15 0 QUESTION0_15_R 1 1.991e+02 2.336e+02))))
|    ( QUESTION0_15_R 1 -8.071e+04 2.451e+02 3.093e+02
|        ( - -1.815e+04 4 0 SILENCE -1 1.861e+02 7.329e+01)
|        ( QUESTION14 1 -6.231e+04 2.145e+02 2.360e+02
|            ( QUESTION2_20_L -1 -6.464e+03 2.469e+02 2.514e+01
|                ( - -4.634e+03 3 0 QUESTION0_3_R 1 2.169e+02 1.914e+01)
|                ( - -1.583e+03 2 0 QUESTION0_3_R 1 1.600e+02 6.000e+00))
|            ( - -5.564e+04 31 0 SILENCE -1 1.946e+02 2.109e+02))))
s>    ( QUESTION2_14_L -1 -1.533e+05 3.426e+02 5.968e+02
s>        ( QUESTION15 1 -7.228e+04 4.431e+02 2.875e+02
s>            ( - 1.122e+02 1 0)
s>            ( QUESTION17 1 -7.195e+04 2.819e+02 2.865e+02
s>                ( - -9.270e+03 1 0)
s>                ( SILENCE 1 -6.240e+04 2.216e+02 2.536e+02
s>                    ( - -4.615e+03 1 0)
s>                    ( - -5.757e+04 15 0 QUESTION0_15_R 1 1.991e+02 2.336e+02))))
s>        ( QUESTION0_15_R 1 -8.071e+04 2.451e+02 3.093e+02
s>            ( - -1.815e+04 4 0 SILENCE -1 1.861e+02 7.329e+01)
s>            ( QUESTION14 1 -6.231e+04 2.145e+02 2.360e+02
s>                ( QUESTION2_20_L -1 -6.464e+03 2.469e+02 2.514e+01
s>                    ( - -4.634e+03 3 0 QUESTION0_3_R 1 2.169e+02 1.914e+01)
s>                    ( - -1.583e+03 2 0 QUESTION0_3_R 1 1.600e+02 6.000e+00))
s>                ( - -5.564e+04 31 0 SILENCE -1 1.946e+02 2.109e+02))))INFO: dtree.c(1315): Comp split 16
INFO: dtree.c(1478): Final simple tree
|( QUESTION2_14_L -1 -1.530e+05 3.419e+02 5.958e+02
|    ( QUESTION17 1 -7.195e+04 2.819e+02 2.865e+02
|        ( - -9.270e+03 1 0)
|        ( SILENCE 1 -6.240e+04 2.216e+02 2.536e+02
|            ( - -4.615e+03 1 0)
|            ( - -5.757e+04 15 0 QUESTION0_15_R 1 1.991e+02 2.336e+02)))
|    ( QUESTION0_15_R 1 -8.071e+04 2.451e+02 3.093e+02
|        ( - -1.815e+04 4 0 SILENCE -1 1.861e+02 7.329e+01)
|        ( QUESTION14 1 -6.231e+04 2.145e+02 2.360e+02
|            ( QUESTION2_20_L -1 -6.464e+03 2.469e+02 2.514e+01
|                ( QUESTION0_3_R 1 -4.634e+03 2.169e+02 1.914e+01
|                    ( - -4.113e+03 2 0 QUESTION2 -1 1.836e+02 1.714e+01)
|                    ( - -3.045e+02 1 0))
|                ( - -1.583e+03 2 0 QUESTION0_3_R 1 1.600e+02 6.000e+00))
|            ( - -5.564e+04 31 0 SILENCE -1 1.946e+02 2.109e+02))))
s>    ( QUESTION2_14_L -1 -1.530e+05 3.419e+02 5.958e+02
s>        ( QUESTION17 1 -7.195e+04 2.819e+02 2.865e+02
s>            ( - -9.270e+03 1 0)
s>            ( SILENCE 1 -6.240e+04 2.216e+02 2.536e+02
s>                ( - -4.615e+03 1 0)
s>                ( - -5.757e+04 15 0 QUESTION0_15_R 1 1.991e+02 2.336e+02)))
s>        ( QUESTION0_15_R 1 -8.071e+04 2.451e+02 3.093e+02
s>            ( - -1.815e+04 4 0 SILENCE -1 1.861e+02 7.329e+01)
s>            ( QUESTION14 1 -6.231e+04 2.145e+02 2.360e+02
s>                ( QUESTION2_20_L -1 -6.464e+03 2.469e+02 2.514e+01
s>                    ( QUESTION0_3_R 1 -4.634e+03 2.169e+02 1.914e+01
s>                        ( - -4.113e+03 2 0 QUESTION2 -1 1.836e+02 1.714e+01)
s>                        ( - -3.045e+02 1 0))
s>                    ( - -1.583e+03 2 0 QUESTION0_3_R 1 1.600e+02 6.000e+00))
s>                ( - -5.564e+04 31 0 SILENCE -1 1.946e+02 2.109e+02))))INFO: dtree.c(1315): Comp split 17
INFO: dtree.c(1478): Final simple tree
|( SILENCE 1 -6.240e+04 2.216e+02 2.536e+02
|    ( - -4.615e+03 1 0)
|    ( QUESTION0_15_R 1 -5.757e+04 1.991e+02 2.336e+02
|        ( QUESTION0 1 -1.554e+04 1.733e+02 6.414e+01
|            ( - -1.487e+04 2 0)
|            ( - -4.998e+02 1 0))
|        ( QUESTION1 1 -4.182e+04 1.984e+02 1.695e+02
|            ( - -7.706e+02 1 0)
|            ( QUESTION0_2_R 1 -4.085e+04 1.862e+02 1.665e+02
|                ( QUESTION13 1 -3.012e+04 1.736e+02 1.267e+02
|                    ( - -4.352e+03 2 0 QUESTION0_3_R 1 1.428e+02 1.835e+01)
|                    ( QUESTION0_7_R 1 -2.560e+04 4.356e+02 1.083e+02
|                        ( - 4.756e+01 1 0)
|                        ( - -2.521e+04 3 0 QUESTION0_6_R 1 1.097e+02 1.073e+02)))
|                ( - -1.055e+04 5 0 QUESTION0_0_R 1 1.261e+02 3.981e+01)))))
s>    ( SILENCE 1 -6.240e+04 2.216e+02 2.536e+02
s>        ( - -4.615e+03 1 0)
s>        ( QUESTION0_15_R 1 -5.757e+04 1.991e+02 2.336e+02
s>            ( QUESTION0 1 -1.554e+04 1.733e+02 6.414e+01
s>                ( - -1.487e+04 2 0)
s>                ( - -4.998e+02 1 0))
s>            ( QUESTION1 1 -4.182e+04 1.984e+02 1.695e+02
s>                ( - -7.706e+02 1 0)
s>                ( QUESTION0_2_R 1 -4.085e+04 1.862e+02 1.665e+02
s>                    ( QUESTION13 1 -3.012e+04 1.736e+02 1.267e+02
s>                        ( - -4.352e+03 2 0 QUESTION0_3_R 1 1.428e+02 1.835e+01)
s>                        ( QUESTION0_7_R 1 -2.560e+04 4.356e+02 1.083e+02
s>                            ( - 4.756e+01 1 0)
s>                            ( - -2.521e+04 3 0 QUESTION0_6_R 1 1.097e+02 1.073e+02)))
s>                    ( - -1.055e+04 5 0 QUESTION0_0_R 1 1.261e+02 3.981e+01)))))INFO: dtree.c(1478): Final simple tree
|( QUESTION2_15_L -1 -9.023e+04 2.647e+02 3.422e+02
|    ( QUESTION0_14_R 1 -3.945e+04 4.330e+02 1.563e+02
|        ( - 8.747e+01 1 0)
|        ( QUESTION13 1 -3.911e+04 2.284e+02 1.553e+02
|            ( - -6.877e+03 6 0 QUESTION0_3_R 1 1.795e+02 2.714e+01)
|            ( QUESTION17 1 -3.200e+04 2.091e+02 1.281e+02
|                ( - -3.881e+02 1 0)
|                ( - -3.141e+04 11 0 QUESTION0_13_R 1 1.871e+02 1.261e+02))))
|    ( QUESTION0_1_R 1 -5.051e+04 4.386e+02 1.860e+02
|        ( - 1.263e+02 1 0)
|        ( QUESTION20 -1 -5.020e+04 2.372e+02 1.850e+02
|            ( - -1.647e+04 6 0 QUESTION0_3_R 1 1.894e+02 5.574e+01)
|            ( QUESTION0_11_R 1 -3.350e+04 1.998e+02 1.292e+02
|                ( - -8.486e+02 1 0)
|                ( - -3.245e+04 14 0 QUESTION14 -1 1.682e+02 1.242e+02)))))
s>    ( QUESTION2_15_L -1 -9.023e+04 2.647e+02 3.422e+02
s>        ( QUESTION0_14_R 1 -3.945e+04 4.330e+02 1.563e+02
s>            ( - 8.747e+01 1 0)
s>            ( QUESTION13 1 -3.911e+04 2.284e+02 1.553e+02
s>                ( - -6.877e+03 6 0 QUESTION0_3_R 1 1.795e+02 2.714e+01)
s>                ( QUESTION17 1 -3.200e+04 2.091e+02 1.281e+02
s>                    ( - -3.881e+02 1 0)
s>                    ( - -3.141e+04 11 0 QUESTION0_13_R 1 1.871e+02 1.261e+02))))
s>        ( QUESTION0_1_R 1 -5.051e+04 4.386e+02 1.860e+02
s>            ( - 1.263e+02 1 0)
s>            ( QUESTION20 -1 -5.020e+04 2.372e+02 1.850e+02
s>                ( - -1.647e+04 6 0 QUESTION0_3_R 1 1.894e+02 5.574e+01)
s>                ( QUESTION0_11_R 1 -3.350e+04 1.998e+02 1.292e+02
s>                    ( - -8.486e+02 1 0)
s>                    ( - -3.245e+04 14 0 QUESTION14 -1 1.682e+02 1.242e+02)))))INFO: dtree.c(1315): Comp split 18
INFO: dtree.c(1478): Final simple tree
|( QUESTION2_15_L -1 -8.992e+04 2.649e+02 3.412e+02
|    ( QUESTION0_14_R 1 -3.945e+04 4.330e+02 1.563e+02
|        ( - 8.747e+01 1 0)
|        ( QUESTION13 1 -3.911e+04 2.284e+02 1.553e+02
|            ( - -6.877e+03 6 0 QUESTION0_3_R 1 1.795e+02 2.714e+01)
|            ( QUESTION17 1 -3.200e+04 2.091e+02 1.281e+02
|                ( - -3.881e+02 1 0)
|                ( - -3.141e+04 11 0 QUESTION0_13_R 1 1.871e+02 1.261e+02))))
|    ( QUESTION20 -1 -5.020e+04 2.372e+02 1.850e+02
|        ( QUESTION0_3_R 1 -1.647e+04 1.894e+02 5.574e+01
|            ( - -7.074e+02 1 0)
|            ( - -1.557e+04 5 0 SILENCE 1 1.830e+02 5.274e+01))
|        ( QUESTION0_11_R 1 -3.350e+04 1.998e+02 1.292e+02
|            ( - -8.486e+02 1 0)
|            ( - -3.245e+04 14 0 QUESTION14 -1 1.682e+02 1.242e+02))))
s>    ( QUESTION2_15_L -1 -8.992e+04 2.649e+02 3.412e+02
s>        ( QUESTION0_14_R 1 -3.945e+04 4.330e+02 1.563e+02
s>            ( - 8.747e+01 1 0)
s>            ( QUESTION13 1 -3.911e+04 2.284e+02 1.553e+02
s>                ( - -6.877e+03 6 0 QUESTION0_3_R 1 1.795e+02 2.714e+01)
s>                ( QUESTION17 1 -3.200e+04 2.091e+02 1.281e+02
s>                    ( - -3.881e+02 1 0)
s>                    ( - -3.141e+04 11 0 QUESTION0_13_R 1 1.871e+02 1.261e+02))))
s>        ( QUESTION20 -1 -5.020e+04 2.372e+02 1.850e+02
s>            ( QUESTION0_3_R 1 -1.647e+04 1.894e+02 5.574e+01
s>                ( - -7.074e+02 1 0)
s>                ( - -1.557e+04 5 0 SILENCE 1 1.830e+02 5.274e+01))
s>            ( QUESTION0_11_R 1 -3.350e+04 1.998e+02 1.292e+02
s>                ( - -8.486e+02 1 0)
s>                ( - -3.245e+04 14 0 QUESTION14 -1 1.682e+02 1.242e+02))))INFO: dtree.c(1315): Comp split 19
INFO: dtree.c(1478): Final simple tree
|( SILENCE 1 -6.202e+04 2.227e+02 2.526e+02
|    ( - -4.615e+03 1 0)
|    ( QUESTION0_15_R 1 -5.718e+04 2.005e+02 2.326e+02
|        ( QUESTION0 1 -1.554e+04 1.733e+02 6.414e+01
|            ( - -1.487e+04 2 0)
|            ( - -4.998e+02 1 0))
|        ( QUESTION1 1 -4.144e+04 1.983e+02 1.685e+02
|            ( - -7.706e+02 1 0)
|            ( QUESTION0_2_R 1 -4.047e+04 1.879e+02 1.655e+02
|                ( QUESTION13 1 -2.973e+04 1.723e+02 1.257e+02
|                    ( QUESTION0_3_R 1 -4.352e+03 1.428e+02 1.835e+01
|                        ( - -3.545e+03 1 0)
|                        ( - -6.641e+02 1 0))
|                    ( - -2.521e+04 3 0 QUESTION0_6_R 1 1.097e+02 1.073e+02))
|                ( - -1.055e+04 5 0 QUESTION0_0_R 1 1.261e+02 3.981e+01)))))
s>    ( SILENCE 1 -6.202e+04 2.227e+02 2.526e+02
s>        ( - -4.615e+03 1 0)
s>        ( QUESTION0_15_R 1 -5.718e+04 2.005e+02 2.326e+02
s>            ( QUESTION0 1 -1.554e+04 1.733e+02 6.414e+01
s>                ( - -1.487e+04 2 0)
s>                ( - -4.998e+02 1 0))
s>            ( QUESTION1 1 -4.144e+04 1.983e+02 1.685e+02
s>                ( - -7.706e+02 1 0)
s>                ( QUESTION0_2_R 1 -4.047e+04 1.879e+02 1.655e+02
s>                    ( QUESTION13 1 -2.973e+04 1.723e+02 1.257e+02
s>                        ( QUESTION0_3_R 1 -4.352e+03 1.428e+02 1.835e+01
s>                            ( - -3.545e+03 1 0)
s>                            ( - -6.641e+02 1 0))
s>                        ( - -2.521e+04 3 0 QUESTION0_6_R 1 1.097e+02 1.073e+02))
s>                    ( - -1.055e+04 5 0 QUESTION0_0_R 1 1.261e+02 3.981e+01)))))INFO: dtree.c(1315): Comp split 20
INFO: dtree.c(1478): Final simple tree
|( QUESTION2_15_L -1 -8.957e+04 2.657e+02 3.402e+02
|    ( QUESTION13 1 -3.911e+04 2.284e+02 1.553e+02
|        ( - -6.877e+03 6 0 QUESTION0_3_R 1 1.795e+02 2.714e+01)
|        ( QUESTION17 1 -3.200e+04 2.091e+02 1.281e+02
|            ( - -3.881e+02 1 0)
|            ( QUESTION0_13_R 1 -3.141e+04 1.871e+02 1.261e+02
|                ( - -8.578e+03 1 0)
|                ( - -2.264e+04 10 0 QUESTION2 -1 1.666e+02 9.004e+01))))
|    ( QUESTION20 -1 -5.020e+04 2.372e+02 1.850e+02
|        ( QUESTION0_3_R 1 -1.647e+04 1.894e+02 5.574e+01
|            ( - -7.074e+02 1 0)
|            ( - -1.557e+04 5 0 SILENCE 1 1.830e+02 5.274e+01))
|        ( QUESTION0_11_R 1 -3.350e+04 1.998e+02 1.292e+02
|            ( - -8.486e+02 1 0)
|            ( - -3.245e+04 14 0 QUESTION14 -1 1.682e+02 1.242e+02))))
s>    ( QUESTION2_15_L -1 -8.957e+04 2.657e+02 3.402e+02
s>        ( QUESTION13 1 -3.911e+04 2.284e+02 1.553e+02
s>            ( - -6.877e+03 6 0 QUESTION0_3_R 1 1.795e+02 2.714e+01)
s>            ( QUESTION17 1 -3.200e+04 2.091e+02 1.281e+02
s>                ( - -3.881e+02 1 0)
s>                ( QUESTION0_13_R 1 -3.141e+04 1.871e+02 1.261e+02
s>                    ( - -8.578e+03 1 0)
s>                    ( - -2.264e+04 10 0 QUESTION2 -1 1.666e+02 9.004e+01))))
s>        ( QUESTION20 -1 -5.020e+04 2.372e+02 1.850e+02
s>            ( QUESTION0_3_R 1 -1.647e+04 1.894e+02 5.574e+01
s>                ( - -7.074e+02 1 0)
s>                ( - -1.557e+04 5 0 SILENCE 1 1.830e+02 5.274e+01))
s>            ( QUESTION0_11_R 1 -3.350e+04 1.998e+02 1.292e+02
s>                ( - -8.486e+02 1 0)
s>                ( - -3.245e+04 14 0 QUESTION14 -1 1.682e+02 1.242e+02))))INFO: dtree.c(1315): Comp split 21
INFO: dtree.c(1478): Final simple tree
|( QUESTION0_9_R 1 -3.073e+04 1.995e+02 1.222e+02
|    ( QUESTION0_11_R 1 -1.760e+04 1.770e+02 7.602e+01
|        ( - -8.486e+02 1 0)
|        ( QUESTION6 -1 -1.658e+04 1.892e+02 7.102e+01
|            ( - -6.729e+03 1 0)
|            ( - -9.660e+03 2 0 QUESTION2 -1 1.437e+02 4.014e+01)))
|    ( QUESTION0_3_R 1 -1.293e+04 1.767e+02 4.616e+01
|        ( QUESTION2 -1 -5.435e+03 1.733e+02 2.214e+01
|            ( QUESTION0_4_R 1 -1.609e+03 2.790e+02 6.000e+00
|                ( - -1.002e+03 1 0)
|                ( - -3.277e+02 1 0))
|            ( - -3.653e+03 2 0 QUESTION0_4_R 1 1.424e+02 1.614e+01))
|        ( QUESTION0_8_R 1 -7.314e+03 1.532e+02 2.403e+01
|            ( - -1.076e+03 1 0)
|            ( - -6.086e+03 8 0 QUESTION0_1_R 1 1.505e+02 2.003e+01))))
s>    ( QUESTION0_9_R 1 -3.073e+04 1.995e+02 1.222e+02
s>        ( QUESTION0_11_R 1 -1.760e+04 1.770e+02 7.602e+01
s>            ( - -8.486e+02 1 0)
s>            ( QUESTION6 -1 -1.658e+04 1.892e+02 7.102e+01
s>                ( - -6.729e+03 1 0)
s>                ( - -9.660e+03 2 0 QUESTION2 -1 1.437e+02 4.014e+01)))
s>        ( QUESTION0_3_R 1 -1.293e+04 1.767e+02 4.616e+01
s>            ( QUESTION2 -1 -5.435e+03 1.733e+02 2.214e+01
s>                ( QUESTION0_4_R 1 -1.609e+03 2.790e+02 6.000e+00
s>                    ( - -1.002e+03 1 0)
s>                    ( - -3.277e+02 1 0))
s>                ( - -3.653e+03 2 0 QUESTION0_4_R 1 1.424e+02 1.614e+01))
s>            ( QUESTION0_8_R 1 -7.314e+03 1.532e+02 2.403e+01
s>                ( - -1.076e+03 1 0)
s>                ( - -6.086e+03 8 0 QUESTION0_1_R 1 1.505e+02 2.003e+01))))INFO: dtree.c(1478): Final simple tree
|( QUESTION20 -1 -5.853e+04 2.372e+02 2.181e+02
|    ( QUESTION0_3_R 1 -1.647e+04 1.894e+02 5.574e+01
|        ( - -7.074e+02 1 0)
|        ( SILENCE 1 -1.557e+04 1.830e+02 5.274e+01
|            ( - -1.917e+03 1 0)
|            ( QUESTION0_20_R 1 -1.347e+04 1.758e+02 4.574e+01
|                ( - -3.645e+02 1 0)
|                ( QUESTION2_7_L -1 -1.293e+04 1.797e+02 4.374e+01
|                    ( - -7.002e+02 1 0)
|                    ( - -1.205e+04 2 0 QUESTION0_0_R 1 1.373e+02 4.174e+01)))))
|    ( QUESTION2_13_L -1 -4.183e+04 2.063e+02 1.623e+02
|        ( QUESTION0_0_R 1 -9.173e+03 2.071e+02 3.808e+01
|            ( - -3.881e+02 1 0)
|            ( - -8.578e+03 1 0))
|        ( - -3.245e+04 14 0 QUESTION14 -1 1.682e+02 1.242e+02)))
s>    ( QUESTION20 -1 -5.853e+04 2.372e+02 2.181e+02
s>        ( QUESTION0_3_R 1 -1.647e+04 1.894e+02 5.574e+01
s>            ( - -7.074e+02 1 0)
s>            ( SILENCE 1 -1.557e+04 1.830e+02 5.274e+01
s>                ( - -1.917e+03 1 0)
s>                ( QUESTION0_20_R 1 -1.347e+04 1.758e+02 4.574e+01
s>                    ( - -3.645e+02 1 0)
s>                    ( QUESTION2_7_L -1 -1.293e+04 1.797e+02 4.374e+01
s>                        ( - -7.002e+02 1 0)
s>                        ( - -1.205e+04 2 0 QUESTION0_0_R 1 1.373e+02 4.174e+01)))))
s>        ( QUESTION2_13_L -1 -4.183e+04 2.063e+02 1.623e+02
s>            ( QUESTION0_0_R 1 -9.173e+03 2.071e+02 3.808e+01
s>                ( - -3.881e+02 1 0)
s>                ( - -8.578e+03 1 0))
s>            ( - -3.245e+04 14 0 QUESTION14 -1 1.682e+02 1.242e+02)))INFO: dtree.c(1315): Comp split 22
INFO: dtree.c(1439): stop. leaf nodes are specific
INFO: dtree.c(1478): Final simple tree
|( QUESTION0_2_R 1 -1.167e+04 2.062e+02 4.580e+01
|    ( - -4.584e+02 1 0)
|    ( QUESTION0_0_R 1 -1.100e+04 1.863e+02 4.380e+01
|        ( - -3.746e+03 2 0)
|        ( QUESTION0_13_R 1 -7.069e+03 1.264e+02 2.924e+01
|            ( - -5.917e+03 2 0)
|            ( - -1.025e+03 1 0))))
s>    ( QUESTION0_2_R 1 -1.167e+04 2.062e+02 4.580e+01
s>        ( - -4.584e+02 1 0)
s>        ( QUESTION0_0_R 1 -1.100e+04 1.863e+02 4.380e+01
s>            ( - -3.746e+03 2 0)
s>            ( QUESTION0_13_R 1 -7.069e+03 1.264e+02 2.924e+01
s>                ( - -5.917e+03 2 0)
s>                ( - -1.025e+03 1 0))))INFO: dtree.c(1439): stop. leaf nodes are specific
INFO: dtree.c(1478): Final simple tree
|( QUESTION0_6_R 1 -1.774e+04 2.276e+02 7.376e+01
|    ( - -3.572e+03 1 0)
|    ( QUESTION0_3_R 1 -1.394e+04 2.158e+02 5.757e+01
|        ( - -5.548e+02 1 0)
|        ( QUESTION0_14_R 1 -1.317e+04 2.133e+02 5.457e+01
|            ( - -7.022e+02 1 0)
|            ( QUESTION1 1 -1.226e+04 1.548e+02 5.057e+01
|                ( - -9.519e+02 2 0)
|                ( SILENCE 1 -1.115e+04 1.438e+02 4.757e+01
|                    ( - -1.191e+03 1 0)
|                    ( QUESTION0_0_R 1 -9.817e+03 1.141e+02 4.257e+01
|                        ( - -9.079e+03 3 0)
|                        ( - -6.233e+02 1 0)))))))
s>    ( QUESTION0_6_R 1 -1.774e+04 2.276e+02 7.376e+01
s>        ( - -3.572e+03 1 0)
s>        ( QUESTION0_3_R 1 -1.394e+04 2.158e+02 5.757e+01
s>            ( - -5.548e+02 1 0)
s>            ( QUESTION0_14_R 1 -1.317e+04 2.133e+02 5.457e+01
s>                ( - -7.022e+02 1 0)
s>                ( QUESTION1 1 -1.226e+04 1.548e+02 5.057e+01
s>                    ( - -9.519e+02 2 0)
s>                    ( SILENCE 1 -1.115e+04 1.438e+02 4.757e+01
s>                        ( - -1.191e+03 1 0)
s>                        ( QUESTION0_0_R 1 -9.817e+03 1.141e+02 4.257e+01
s>                            ( - -9.079e+03 3 0)
s>                            ( - -6.233e+02 1 0)))))))INFO: dtree.c(1315): Comp split 23
INFO: dtree.c(1439): stop. leaf nodes are specific
INFO: dtree.c(1478): Final simple tree
|( QUESTION2_7_L -1 -1.002e+04 1.946e+02 4.536e+01
|    ( - -4.243e+03 1 0)
|    ( - -5.587e+03 1 0))
s>    ( QUESTION2_7_L -1 -1.002e+04 1.946e+02 4.536e+01
s>        ( - -4.243e+03 1 0)
s>        ( - -5.587e+03 1 0))INFO: dtree.c(1315): Comp split 24
INFO: dtree.c(1439): stop. leaf nodes are specific
INFO: dtree.c(1478): Final simple tree
|( QUESTION0_12_R 1 -1.133e+04 2.163e+02 4.857e+01
|    ( - -7.022e+02 1 0)
|    ( SILENCE 1 -1.041e+04 1.437e+02 4.457e+01
|        ( - -1.191e+03 1 0)
|        ( - -9.079e+03 3 0)))
s>    ( QUESTION0_12_R 1 -1.133e+04 2.163e+02 4.857e+01
s>        ( - -7.022e+02 1 0)
s>        ( SILENCE 1 -1.041e+04 1.437e+02 4.457e+01
s>            ( - -1.191e+03 1 0)
s>            ( - -9.079e+03 3 0)))INFO: dtree.c(1439): stop. leaf nodes are specific
INFO: dtree.c(1478): Final simple tree
|( QUESTION0_3_R 1 -6.135e+03 2.147e+02 2.519e+01
|    ( - -5.548e+02 1 0)
|    ( QUESTION1 1 -5.365e+03 1.199e+02 2.219e+01
|        ( - -9.519e+02 2 0)
|        ( QUESTION0_0_R 1 -4.293e+03 9.811e+01 1.919e+01
|            ( - -3.572e+03 1 0)
|            ( - -6.233e+02 1 0))))
s>    ( QUESTION0_3_R 1 -6.135e+03 2.147e+02 2.519e+01
s>        ( - -5.548e+02 1 0)
s>        ( QUESTION1 1 -5.365e+03 1.199e+02 2.219e+01
s>            ( - -9.519e+02 2 0)
s>            ( QUESTION0_0_R 1 -4.293e+03 9.811e+01 1.919e+01
s>                ( - -3.572e+03 1 0)
s>                ( - -6.233e+02 1 0))))INFO: dtree.c(1315): Comp split 25
INFO: dtree.c(1478): Final simple tree
|( QUESTION15 1 -1.894e+04 2.609e+02 7.016e+01
|    ( - -3.277e+02 1 0)
|    ( QUESTION0_9_R 1 -1.835e+04 2.010e+02 6.816e+01
|        ( - -9.660e+03 2 0 QUESTION2 -1 1.437e+02 4.014e+01)
|        ( QUESTION0_3_R 1 -8.488e+03 1.713e+02 2.803e+01
|            ( - -1.002e+03 1 0)
|            ( QUESTION0_8_R 1 -7.314e+03 1.532e+02 2.403e+01
|                ( - -1.076e+03 1 0)
|                ( QUESTION0_1_R 1 -6.086e+03 1.505e+02 2.003e+01
|                    ( QUESTION6 -1 -1.088e+03 5.176e+02 4.000e+00
|                        ( - -7.337e+02 1 0)
|                        ( - 1.634e+02 1 0))
|                    ( QUESTION6 -1 -4.847e+03 1.474e+02 1.603e+01
|                        ( - -1.444e+03 3 0 QUESTION0_0_R 1 1.757e+02 5.000e+00)
|                        ( - -3.256e+03 3 0 SILENCE 1 1.696e+02 1.103e+01)))))))
s>    ( QUESTION15 1 -1.894e+04 2.609e+02 7.016e+01
s>        ( - -3.277e+02 1 0)
s>        ( QUESTION0_9_R 1 -1.835e+04 2.010e+02 6.816e+01
s>            ( - -9.660e+03 2 0 QUESTION2 -1 1.437e+02 4.014e+01)
s>            ( QUESTION0_3_R 1 -8.488e+03 1.713e+02 2.803e+01
s>                ( - -1.002e+03 1 0)
s>                ( QUESTION0_8_R 1 -7.314e+03 1.532e+02 2.403e+01
s>                    ( - -1.076e+03 1 0)
s>                    ( QUESTION0_1_R 1 -6.086e+03 1.505e+02 2.003e+01
s>                        ( QUESTION6 -1 -1.088e+03 5.176e+02 4.000e+00
s>                            ( - -7.337e+02 1 0)
s>                            ( - 1.634e+02 1 0))
s>                        ( QUESTION6 -1 -4.847e+03 1.474e+02 1.603e+01
s>                            ( - -1.444e+03 3 0 QUESTION0_0_R 1 1.757e+02 5.000e+00)
s>                            ( - -3.256e+03 3 0 SILENCE 1 1.696e+02 1.103e+01)))))))INFO: dtree.c(1439): stop. leaf nodes are specific
INFO: dtree.c(1478): Final simple tree
|( QUESTION0_11_R 1 -1.153e+04 1.670e+02 5.202e+01
|    ( - -8.486e+02 1 0)
|    ( QUESTION6 -1 -1.051e+04 1.442e+02 4.702e+01
|        ( QUESTION0_3_R 1 -9.786e+03 1.294e+02 4.402e+01
|            ( - -2.927e+03 1 0)
|            ( - -6.729e+03 1 0))
|        ( - -5.833e+02 1 0)))
s>    ( QUESTION0_11_R 1 -1.153e+04 1.670e+02 5.202e+01
s>        ( - -8.486e+02 1 0)
s>        ( QUESTION6 -1 -1.051e+04 1.442e+02 4.702e+01
s>            ( QUESTION0_3_R 1 -9.786e+03 1.294e+02 4.402e+01
s>                ( - -2.927e+03 1 0)
s>                ( - -6.729e+03 1 0))
s>            ( - -5.833e+02 1 0)))INFO: dtree.c(1315): Comp split 26
INFO: dtree.c(1478): Final simple tree
|( QUESTION15 1 -1.865e+04 2.612e+02 6.916e+01
|    ( - -3.277e+02 1 0)
|    ( QUESTION0_9_R 1 -1.806e+04 2.185e+02 6.716e+01
|        ( - -9.660e+03 2 0 QUESTION2 -1 1.437e+02 4.014e+01)
|        ( QUESTION0_1_R 1 -8.182e+03 2.089e+02 2.703e+01
|            ( - -7.337e+02 1 0)
|            ( QUESTION0_3_R 1 -7.240e+03 1.600e+02 2.403e+01
|                ( - -1.002e+03 1 0)
|                ( QUESTION0_8_R 1 -6.078e+03 1.551e+02 2.003e+01
|                    ( - -1.076e+03 1 0)
|                    ( QUESTION6 -1 -4.847e+03 1.474e+02 1.603e+01
|                        ( QUESTION0_0_R 1 -1.444e+03 1.757e+02 5.000e+00
|                            ( - -3.045e+02 1 0)
|                            ( - -9.635e+02 2 0))
|                        ( - -3.256e+03 3 0 SILENCE 1 1.696e+02 1.103e+01)))))))
s>    ( QUESTION15 1 -1.865e+04 2.612e+02 6.916e+01
s>        ( - -3.277e+02 1 0)
s>        ( QUESTION0_9_R 1 -1.806e+04 2.185e+02 6.716e+01
s>            ( - -9.660e+03 2 0 QUESTION2 -1 1.437e+02 4.014e+01)
s>            ( QUESTION0_1_R 1 -8.182e+03 2.089e+02 2.703e+01
s>                ( - -7.337e+02 1 0)
s>                ( QUESTION0_3_R 1 -7.240e+03 1.600e+02 2.403e+01
s>                    ( - -1.002e+03 1 0)
s>                    ( QUESTION0_8_R 1 -6.078e+03 1.551e+02 2.003e+01
s>                        ( - -1.076e+03 1 0)
s>                        ( QUESTION6 -1 -4.847e+03 1.474e+02 1.603e+01
s>                            ( QUESTION0_0_R 1 -1.444e+03 1.757e+02 5.000e+00
s>                                ( - -3.045e+02 1 0)
s>                                ( - -9.635e+02 2 0))
s>                            ( - -3.256e+03 3 0 SILENCE 1 1.696e+02 1.103e+01)))))))INFO: dtree.c(1315): Comp split 27
INFO: dtree.c(1478): Final simple tree
|( QUESTION0_9_R 1 -1.806e+04 2.185e+02 6.716e+01
|    ( - -9.660e+03 2 0 QUESTION2 -1 1.437e+02 4.014e+01)
|    ( QUESTION0_1_R 1 -8.182e+03 2.089e+02 2.703e+01
|        ( - -7.337e+02 1 0)
|        ( QUESTION0_3_R 1 -7.240e+03 1.600e+02 2.403e+01
|            ( - -1.002e+03 1 0)
|            ( QUESTION0_8_R 1 -6.078e+03 1.551e+02 2.003e+01
|                ( - -1.076e+03 1 0)
|                ( QUESTION6 -1 -4.847e+03 1.474e+02 1.603e+01
|                    ( QUESTION0_0_R 1 -1.444e+03 1.757e+02 5.000e+00
|                        ( - -3.045e+02 1 0)
|                        ( - -9.635e+02 2 0))
|                    ( SILENCE 1 -3.256e+03 1.696e+02 1.103e+01
|                        ( - -2.371e+03 2 0 QUESTION2 -1 2.255e+02 8.025e+00)
|                        ( - -7.155e+02 1 0)))))))
s>    ( QUESTION0_9_R 1 -1.806e+04 2.185e+02 6.716e+01
s>        ( - -9.660e+03 2 0 QUESTION2 -1 1.437e+02 4.014e+01)
s>        ( QUESTION0_1_R 1 -8.182e+03 2.089e+02 2.703e+01
s>            ( - -7.337e+02 1 0)
s>            ( QUESTION0_3_R 1 -7.240e+03 1.600e+02 2.403e+01
s>                ( - -1.002e+03 1 0)
s>                ( QUESTION0_8_R 1 -6.078e+03 1.551e+02 2.003e+01
s>                    ( - -1.076e+03 1 0)
s>                    ( QUESTION6 -1 -4.847e+03 1.474e+02 1.603e+01
s>                        ( QUESTION0_0_R 1 -1.444e+03 1.757e+02 5.000e+00
s>                            ( - -3.045e+02 1 0)
s>                            ( - -9.635e+02 2 0))
s>                        ( SILENCE 1 -3.256e+03 1.696e+02 1.103e+01
s>                            ( - -2.371e+03 2 0 QUESTION2 -1 2.255e+02 8.025e+00)
s>                            ( - -7.155e+02 1 0)))))))INFO: dtree.c(1315): Comp split 28
INFO: dtree.c(1439): stop. leaf nodes are specific
INFO: dtree.c(1478): Final simple tree
|( QUESTION0_20_R 1 -1.347e+04 1.758e+02 4.574e+01
|    ( - -3.645e+02 1 0)
|    ( QUESTION2_7_L -1 -1.293e+04 1.797e+02 4.374e+01
|        ( - -7.002e+02 1 0)
|        ( QUESTION0_0_R 1 -1.205e+04 1.373e+02 4.174e+01
|            ( - -2.643e+03 1 0)
|            ( - -9.270e+03 1 0))))
s>    ( QUESTION0_20_R 1 -1.347e+04 1.758e+02 4.574e+01
s>        ( - -3.645e+02 1 0)
s>        ( QUESTION2_7_L -1 -1.293e+04 1.797e+02 4.374e+01
s>            ( - -7.002e+02 1 0)
s>            ( QUESTION0_0_R 1 -1.205e+04 1.373e+02 4.174e+01
s>                ( - -2.643e+03 1 0)
s>                ( - -9.270e+03 1 0))))INFO: dtree.c(1478): Final simple tree
|( QUESTION2_13_L -1 -4.481e+04 2.021e+02 1.723e+02
|    ( QUESTION0_0_R 1 -9.173e+03 2.071e+02 3.808e+01
|        ( - -3.881e+02 1 0)
|        ( - -8.578e+03 1 0))
|    ( QUESTION20 -1 -3.543e+04 1.907e+02 1.342e+02
|        ( SILENCE 1 -2.794e+03 1.699e+02 1.000e+01
|            ( - -1.917e+03 1 0)
|            ( - -7.074e+02 1 0))
|        ( QUESTION14 -1 -3.245e+04 1.682e+02 1.242e+02
|            ( - -5.273e+02 1 0)
|            ( SILENCE -1 -3.175e+04 1.512e+02 1.222e+02
|                ( QUESTION0_15_R 1 -9.588e+03 1.854e+02 3.601e+01
|                    ( - -5.709e+02 1 0)
|                    ( - -8.832e+03 3 0 QUESTION0_0_R 1 1.284e+02 3.301e+01))
|                ( - -2.201e+04 9 0 QUESTION0_14_R 1 1.625e+02 8.623e+01)))))
s>    ( QUESTION2_13_L -1 -4.481e+04 2.021e+02 1.723e+02
s>        ( QUESTION0_0_R 1 -9.173e+03 2.071e+02 3.808e+01
s>            ( - -3.881e+02 1 0)
s>            ( - -8.578e+03 1 0))
s>        ( QUESTION20 -1 -3.543e+04 1.907e+02 1.342e+02
s>            ( SILENCE 1 -2.794e+03 1.699e+02 1.000e+01
s>                ( - -1.917e+03 1 0)
s>                ( - -7.074e+02 1 0))
s>            ( QUESTION14 -1 -3.245e+04 1.682e+02 1.242e+02
s>                ( - -5.273e+02 1 0)
s>                ( SILENCE -1 -3.175e+04 1.512e+02 1.222e+02
s>                    ( QUESTION0_15_R 1 -9.588e+03 1.854e+02 3.601e+01
s>                        ( - -5.709e+02 1 0)
s>                        ( - -8.832e+03 3 0 QUESTION0_0_R 1 1.284e+02 3.301e+01))
s>                    ( - -2.201e+04 9 0 QUESTION0_14_R 1 1.625e+02 8.623e+01)))))INFO: dtree.c(1315): Comp split 29
INFO: dtree.c(1439): stop. leaf nodes are specific
INFO: dtree.c(1478): Final simple tree
|( QUESTION2_18_L -1 -5.115e+03 2.051e+02 1.703e+01
|    ( - -2.898e+02 1 0)
|    ( QUESTION0_5_R 1 -4.620e+03 1.909e+02 1.503e+01
|        ( - -3.045e+02 1 0)
|        ( QUESTION0_0_R 1 -4.125e+03 1.622e+02 1.303e+01
|            ( - -1.002e+03 1 0)
|            ( SILENCE 1 -2.960e+03 1.412e+02 9.025e+00
|                ( - -1.856e+03 1 0)
|                ( - -9.635e+02 2 0)))))
s>    ( QUESTION2_18_L -1 -5.115e+03 2.051e+02 1.703e+01
s>        ( - -2.898e+02 1 0)
s>        ( QUESTION0_5_R 1 -4.620e+03 1.909e+02 1.503e+01
s>            ( - -3.045e+02 1 0)
s>            ( QUESTION0_0_R 1 -4.125e+03 1.622e+02 1.303e+01
s>                ( - -1.002e+03 1 0)
s>                ( SILENCE 1 -2.960e+03 1.412e+02 9.025e+00
s>                    ( - -1.856e+03 1 0)
s>                    ( - -9.635e+02 2 0)))))INFO: dtree.c(1439): stop. leaf nodes are specific
INFO: dtree.c(1478): Final simple tree
|( QUESTION0_1_R 1 -1.270e+04 1.852e+02 5.014e+01
|    ( - -7.337e+02 1 0)
|    ( QUESTION0_7_R 1 -1.178e+04 1.817e+02 4.714e+01
|        ( - -7.155e+02 1 0)
|        ( QUESTION0_6_R 1 -1.089e+04 1.502e+02 4.414e+01
|            ( - -1.076e+03 1 0)
|            ( QUESTION2 -1 -9.660e+03 1.437e+02 4.014e+01
|                ( - -4.369e+03 1 0)
|                ( - -5.147e+03 1 0)))))
s>    ( QUESTION0_1_R 1 -1.270e+04 1.852e+02 5.014e+01
s>        ( - -7.337e+02 1 0)
s>        ( QUESTION0_7_R 1 -1.178e+04 1.817e+02 4.714e+01
s>            ( - -7.155e+02 1 0)
s>            ( QUESTION0_6_R 1 -1.089e+04 1.502e+02 4.414e+01
s>                ( - -1.076e+03 1 0)
s>                ( QUESTION2 -1 -9.660e+03 1.437e+02 4.014e+01
s>                    ( - -4.369e+03 1 0)
s>                    ( - -5.147e+03 1 0)))))INFO: dtree.c(1315): Comp split 30
INFO: dtree.c(1439): stop. leaf nodes are specific
INFO: dtree.c(1478): Final simple tree
|( QUESTION9 -1 -2.390e+04 1.034e+02 1.058e+02
|    ( - -8.126e+02 1 0)
|    ( - -2.299e+04 1 0))
s>    ( QUESTION9 -1 -2.390e+04 1.034e+02 1.058e+02
s>        ( - -8.126e+02 1 0)
s>        ( - -2.299e+04 1 0))INFO: dtree.c(1315): Comp split 31
INFO: dtree.c(1478): Final simple tree
|( QUESTION14 -1 -3.168e+04 1.686e+02 1.212e+02
|    ( - -5.273e+02 1 0)
|    ( QUESTION0_14_R 1 -3.099e+04 1.501e+02 1.192e+02
|        ( SILENCE -1 -2.185e+03 1.455e+02 8.000e+00
|            ( - -7.160e+02 1 0)
|            ( - -1.324e+03 1 0))
|        ( SILENCE -1 -2.865e+04 1.392e+02 1.112e+02
|            ( - -7.988e+03 2 0 QUESTION0_3_R 1 9.740e+01 3.001e+01)
|            ( QUESTION0_9_R 1 -2.053e+04 1.604e+02 8.123e+01
|                ( - -8.023e+03 2 0 QUESTION1 -1 9.964e+01 3.402e+01)
|                ( QUESTION1 -1 -1.234e+04 1.657e+02 4.721e+01
|                    ( - -7.598e+02 1 0)
|                    ( QUESTION0 1 -1.142e+04 1.300e+02 4.421e+01
|                        ( - -8.981e+03 3 0 QUESTION0_20_R 1 4.353e+02 3.521e+01)
|                        ( - -2.306e+03 2 0)))))))
s>    ( QUESTION14 -1 -3.168e+04 1.686e+02 1.212e+02
s>        ( - -5.273e+02 1 0)
s>        ( QUESTION0_14_R 1 -3.099e+04 1.501e+02 1.192e+02
s>            ( SILENCE -1 -2.185e+03 1.455e+02 8.000e+00
s>                ( - -7.160e+02 1 0)
s>                ( - -1.324e+03 1 0))
s>            ( SILENCE -1 -2.865e+04 1.392e+02 1.112e+02
s>                ( - -7.988e+03 2 0 QUESTION0_3_R 1 9.740e+01 3.001e+01)
s>                ( QUESTION0_9_R 1 -2.053e+04 1.604e+02 8.123e+01
s>                    ( - -8.023e+03 2 0 QUESTION1 -1 9.964e+01 3.402e+01)
s>                    ( QUESTION1 -1 -1.234e+04 1.657e+02 4.721e+01
s>                        ( - -7.598e+02 1 0)
s>                        ( QUESTION0 1 -1.142e+04 1.300e+02 4.421e+01
s>                            ( - -8.981e+03 3 0 QUESTION0_20_R 1 4.353e+02 3.521e+01)
s>                            ( - -2.306e+03 2 0)))))))INFO: dtree.c(1439): stop. leaf nodes are specific
INFO: dtree.c(1478): Final simple tree
|( QUESTION0_5_R 1 -1.289e+04 2.036e+02 5.108e+01
|    ( - -3.881e+02 1 0)
|    ( SILENCE -1 -1.230e+04 1.818e+02 4.908e+01
|        ( - -5.709e+02 1 0)
|        ( QUESTION0_12_R 1 -1.155e+04 1.775e+02 4.608e+01
|            ( - -8.578e+03 1 0)
|            ( SILENCE 1 -2.794e+03 1.699e+02 1.000e+01
|                ( - -1.917e+03 1 0)
|                ( - -7.074e+02 1 0)))))
s>    ( QUESTION0_5_R 1 -1.289e+04 2.036e+02 5.108e+01
s>        ( - -3.881e+02 1 0)
s>        ( SILENCE -1 -1.230e+04 1.818e+02 4.908e+01
s>            ( - -5.709e+02 1 0)
s>            ( QUESTION0_12_R 1 -1.155e+04 1.775e+02 4.608e+01
s>                ( - -8.578e+03 1 0)
s>                ( SILENCE 1 -2.794e+03 1.699e+02 1.000e+01
s>                    ( - -1.917e+03 1 0)
s>                    ( - -7.074e+02 1 0)))))INFO: dtree.c(1315): Comp split 32
INFO: dtree.c(1478): Final simple tree
|( QUESTION0_15_R 1 -5.718e+04 2.005e+02 2.326e+02
|    ( QUESTION0 1 -1.554e+04 1.733e+02 6.414e+01
|        ( - -1.487e+04 2 0)
|        ( - -4.998e+02 1 0))
|    ( QUESTION1 1 -4.144e+04 1.983e+02 1.685e+02
|        ( - -7.706e+02 1 0)
|        ( QUESTION0_2_R 1 -4.047e+04 1.879e+02 1.655e+02
|            ( QUESTION13 1 -2.973e+04 1.723e+02 1.257e+02
|                ( QUESTION0_3_R 1 -4.352e+03 1.428e+02 1.835e+01
|                    ( - -3.545e+03 1 0)
|                    ( - -6.641e+02 1 0))
|                ( - -2.521e+04 3 0 QUESTION0_6_R 1 1.097e+02 1.073e+02))
|            ( QUESTION0_0_R 1 -1.055e+04 1.261e+02 3.981e+01
|                ( - -6.608e+03 1 0)
|                ( - -3.813e+03 4 0 QUESTION0_13_R 1 1.143e+02 1.400e+01)))))
s>    ( QUESTION0_15_R 1 -5.718e+04 2.005e+02 2.326e+02
s>        ( QUESTION0 1 -1.554e+04 1.733e+02 6.414e+01
s>            ( - -1.487e+04 2 0)
s>            ( - -4.998e+02 1 0))
s>        ( QUESTION1 1 -4.144e+04 1.983e+02 1.685e+02
s>            ( - -7.706e+02 1 0)
s>            ( QUESTION0_2_R 1 -4.047e+04 1.879e+02 1.655e+02
s>                ( QUESTION13 1 -2.973e+04 1.723e+02 1.257e+02
s>                    ( QUESTION0_3_R 1 -4.352e+03 1.428e+02 1.835e+01
s>                        ( - -3.545e+03 1 0)
s>                        ( - -6.641e+02 1 0))
s>                    ( - -2.521e+04 3 0 QUESTION0_6_R 1 1.097e+02 1.073e+02))
s>                ( QUESTION0_0_R 1 -1.055e+04 1.261e+02 3.981e+01
s>                    ( - -6.608e+03 1 0)
s>                    ( - -3.813e+03 4 0 QUESTION0_13_R 1 1.143e+02 1.400e+01)))))INFO: dtree.c(1315): Comp split 33
INFO: dtree.c(1439): stop. leaf nodes are specific
INFO: dtree.c(1478): Final simple tree
|( QUESTION0_15_R 1 -4.421e+04 1.805e+02 1.835e+02
|    ( - -1.487e+04 2 0)
|    ( QUESTION0_9_R 1 -2.916e+04 1.539e+02 1.213e+02
|        ( - -2.308e+04 2 0)
|        ( QUESTION0_13_R 1 -5.929e+03 1.086e+02 2.240e+01
|            ( - -1.230e+03 1 0)
|            ( QUESTION0_0_R 1 -4.591e+03 1.041e+02 1.740e+01
|                ( - -2.018e+03 1 0)
|                ( - -2.469e+03 3 0)))))
s>    ( QUESTION0_15_R 1 -4.421e+04 1.805e+02 1.835e+02
s>        ( - -1.487e+04 2 0)
s>        ( QUESTION0_9_R 1 -2.916e+04 1.539e+02 1.213e+02
s>            ( - -2.308e+04 2 0)
s>            ( QUESTION0_13_R 1 -5.929e+03 1.086e+02 2.240e+01
s>                ( - -1.230e+03 1 0)
s>                ( QUESTION0_0_R 1 -4.591e+03 1.041e+02 1.740e+01
s>                    ( - -2.018e+03 1 0)
s>                    ( - -2.469e+03 3 0)))))INFO: dtree.c(1439): stop. leaf nodes are specific
INFO: dtree.c(1478): Final simple tree
|( QUESTION0_20_R 1 -1.275e+04 1.922e+02 4.916e+01
|    ( - -7.706e+02 1 0)
|    ( QUESTION0_0_R 1 -1.179e+04 1.754e+02 4.616e+01
|        ( QUESTION0_1_R 1 -1.111e+04 1.507e+02 4.416e+01
|            ( - -6.608e+03 1 0)
|            ( QUESTION0_3_R 1 -4.352e+03 1.428e+02 1.835e+01
|                ( - -3.545e+03 1 0)
|                ( - -6.641e+02 1 0)))
|        ( - -4.998e+02 1 0)))
s>    ( QUESTION0_20_R 1 -1.275e+04 1.922e+02 4.916e+01
s>        ( - -7.706e+02 1 0)
s>        ( QUESTION0_0_R 1 -1.179e+04 1.754e+02 4.616e+01
s>            ( QUESTION0_1_R 1 -1.111e+04 1.507e+02 4.416e+01
s>                ( - -6.608e+03 1 0)
s>                ( QUESTION0_3_R 1 -4.352e+03 1.428e+02 1.835e+01
s>                    ( - -3.545e+03 1 0)
s>                    ( - -6.641e+02 1 0)))
s>            ( - -4.998e+02 1 0)))INFO: dtree.c(1315): Comp split 34
INFO: dtree.c(1439): stop. leaf nodes are specific
INFO: dtree.c(1478): Final simple tree
|( SILENCE 1 -1.041e+04 1.437e+02 4.457e+01
|    ( - -1.191e+03 1 0)
|    ( - -9.079e+03 3 0))
s>    ( SILENCE 1 -1.041e+04 1.437e+02 4.457e+01
s>        ( - -1.191e+03 1 0)
s>        ( - -9.079e+03 3 0))INFO: dtree.c(1315): Comp split 35
INFO: dtree.c(1439): stop. leaf nodes are specific
INFO: dtree.c(1478): Final simple tree
|( QUESTION1 1 -5.365e+03 1.199e+02 2.219e+01
|    ( - -9.519e+02 2 0)
|    ( QUESTION0_0_R 1 -4.293e+03 9.811e+01 1.919e+01
|        ( - -3.572e+03 1 0)
|        ( - -6.233e+02 1 0)))
s>    ( QUESTION1 1 -5.365e+03 1.199e+02 2.219e+01
s>        ( - -9.519e+02 2 0)
s>        ( QUESTION0_0_R 1 -4.293e+03 9.811e+01 1.919e+01
s>            ( - -3.572e+03 1 0)
s>            ( - -6.233e+02 1 0)))INFO: dtree.c(1315): Comp split 36
INFO: dtree.c(1439): stop. leaf nodes are specific
INFO: dtree.c(1478): Final simple tree
|( QUESTION0_0_R 1 -1.100e+04 1.863e+02 4.380e+01
|    ( - -3.746e+03 2 0)
|    ( QUESTION0_13_R 1 -7.069e+03 1.264e+02 2.924e+01
|        ( - -5.917e+03 2 0)
|        ( - -1.025e+03 1 0)))
s>    ( QUESTION0_0_R 1 -1.100e+04 1.863e+02 4.380e+01
s>        ( - -3.746e+03 2 0)
s>        ( QUESTION0_13_R 1 -7.069e+03 1.264e+02 2.924e+01
s>            ( - -5.917e+03 2 0)
s>            ( - -1.025e+03 1 0)))INFO: dtree.c(1315): Comp split 37
INFO: dtree.c(1439): stop. leaf nodes are specific
INFO: dtree.c(1478): Final simple tree
|( QUESTION0_5_R 1 -4.620e+03 1.909e+02 1.503e+01
|    ( - -3.045e+02 1 0)
|    ( QUESTION0_0_R 1 -4.125e+03 1.622e+02 1.303e+01
|        ( - -1.002e+03 1 0)
|        ( SILENCE 1 -2.960e+03 1.412e+02 9.025e+00
|            ( - -1.856e+03 1 0)
|            ( - -9.635e+02 2 0))))
s>    ( QUESTION0_5_R 1 -4.620e+03 1.909e+02 1.503e+01
s>        ( - -3.045e+02 1 0)
s>        ( QUESTION0_0_R 1 -4.125e+03 1.622e+02 1.303e+01
s>            ( - -1.002e+03 1 0)
s>            ( SILENCE 1 -2.960e+03 1.412e+02 9.025e+00
s>                ( - -1.856e+03 1 0)
s>                ( - -9.635e+02 2 0))))INFO: dtree.c(1315): Comp split 38
INFO: dtree.c(1439): stop. leaf nodes are specific
INFO: dtree.c(1478): Final simple tree
|( QUESTION0_1_R 1 -3.459e+04 1.901e+02 1.506e+02
|    ( - -1.311e+03 1 0)
|    ( WDBNDRY_B 0 -3.309e+04 1.830e+02 1.446e+02
|        ( - -5.003e+02 1 0)
|        ( QUESTION0_9_R 1 -3.240e+04 1.733e+02 1.416e+02
|            ( - -9.571e+02 1 0)
|            ( QUESTION0_0_R 1 -3.127e+04 9.919e+01 1.366e+02
|                ( - -3.077e+04 1 0)
|                ( - -4.043e+02 1 0)))))
s>    ( QUESTION0_1_R 1 -3.459e+04 1.901e+02 1.506e+02
s>        ( - -1.311e+03 1 0)
s>        ( WDBNDRY_B 0 -3.309e+04 1.830e+02 1.446e+02
s>            ( - -5.003e+02 1 0)
s>            ( QUESTION0_9_R 1 -3.240e+04 1.733e+02 1.416e+02
s>                ( - -9.571e+02 1 0)
s>                ( QUESTION0_0_R 1 -3.127e+04 9.919e+01 1.366e+02
s>                    ( - -3.077e+04 1 0)
s>                    ( - -4.043e+02 1 0)))))INFO: dtree.c(1315): Comp split 39
INFO: dtree.c(1439): stop. leaf nodes are specific
INFO: dtree.c(1478): Final simple tree
|( SILENCE -1 -1.230e+04 1.818e+02 4.908e+01
|    ( - -5.709e+02 1 0)
|    ( QUESTION0_12_R 1 -1.155e+04 1.775e+02 4.608e+01
|        ( - -8.578e+03 1 0)
|        ( SILENCE 1 -2.794e+03 1.699e+02 1.000e+01
|            ( - -1.917e+03 1 0)
|            ( - -7.074e+02 1 0))))
s>    ( SILENCE -1 -1.230e+04 1.818e+02 4.908e+01
s>        ( - -5.709e+02 1 0)
s>        ( QUESTION0_12_R 1 -1.155e+04 1.775e+02 4.608e+01
s>            ( - -8.578e+03 1 0)
s>            ( SILENCE 1 -2.794e+03 1.699e+02 1.000e+01
s>                ( - -1.917e+03 1 0)
s>                ( - -7.074e+02 1 0))))INFO: dtree.c(1315): Comp split 40
INFO: dtree.c(1439): stop. leaf nodes are specific
INFO: dtree.c(1478): Final simple tree
|( QUESTION0_0_R 1 -1.045e+04 1.169e+02 4.302e+01
|    ( QUESTION1 -1 -8.023e+03 9.964e+01 3.402e+01
|        ( - -1.152e+03 1 0)
|        ( - -6.772e+03 1 0))
|    ( - -2.306e+03 2 0))
s>    ( QUESTION0_0_R 1 -1.045e+04 1.169e+02 4.302e+01
s>        ( QUESTION1 -1 -8.023e+03 9.964e+01 3.402e+01
s>            ( - -1.152e+03 1 0)
s>            ( - -6.772e+03 1 0))
s>        ( - -2.306e+03 2 0))INFO: dtree.c(1478): Final simple tree
|( QUESTION0_20_R 1 -2.104e+04 4.387e+02 7.822e+01
|    ( - 1.360e+02 1 0)
|    ( QUESTION0 1 -2.074e+04 1.742e+02 7.722e+01
|        ( QUESTION14 -1 -1.980e+04 1.680e+02 7.422e+01
|            ( - -5.273e+02 1 0)
|            ( QUESTION0_14_R 1 -1.911e+04 1.384e+02 7.222e+01
|                ( SILENCE -1 -2.185e+03 1.455e+02 8.000e+00
|                    ( - -7.160e+02 1 0)
|                    ( - -1.324e+03 1 0))
|                ( QUESTION0_6_R 1 -1.678e+04 1.161e+02 6.422e+01
|                    ( - -8.249e+02 1 0)
|                    ( SILENCE -1 -1.584e+04 1.116e+02 6.122e+01
|                        ( - -7.988e+03 2 0 QUESTION0_3_R 1 9.740e+01 3.001e+01)
|                        ( - -7.744e+03 1 0)))))
|        ( - -7.598e+02 1 0)))
s>    ( QUESTION0_20_R 1 -2.104e+04 4.387e+02 7.822e+01
s>        ( - 1.360e+02 1 0)
s>        ( QUESTION0 1 -2.074e+04 1.742e+02 7.722e+01
s>            ( QUESTION14 -1 -1.980e+04 1.680e+02 7.422e+01
s>                ( - -5.273e+02 1 0)
s>                ( QUESTION0_14_R 1 -1.911e+04 1.384e+02 7.222e+01
s>                    ( SILENCE -1 -2.185e+03 1.455e+02 8.000e+00
s>                        ( - -7.160e+02 1 0)
s>                        ( - -1.324e+03 1 0))
s>                    ( QUESTION0_6_R 1 -1.678e+04 1.161e+02 6.422e+01
s>                        ( - -8.249e+02 1 0)
s>                        ( SILENCE -1 -1.584e+04 1.116e+02 6.122e+01
s>                            ( - -7.988e+03 2 0 QUESTION0_3_R 1 9.740e+01 3.001e+01)
s>                            ( - -7.744e+03 1 0)))))
s>            ( - -7.598e+02 1 0)))INFO: dtree.c(1315): Comp split 41
INFO: dtree.c(1478): Final simple tree
|( QUESTION0 1 -2.074e+04 1.742e+02 7.722e+01
|    ( QUESTION14 -1 -1.980e+04 1.680e+02 7.422e+01
|        ( - -5.273e+02 1 0)
|        ( QUESTION0_14_R 1 -1.911e+04 1.384e+02 7.222e+01
|            ( SILENCE -1 -2.185e+03 1.455e+02 8.000e+00
|                ( - -7.160e+02 1 0)
|                ( - -1.324e+03 1 0))
|            ( QUESTION0_6_R 1 -1.678e+04 1.161e+02 6.422e+01
|                ( - -8.249e+02 1 0)
|                ( SILENCE -1 -1.584e+04 1.116e+02 6.122e+01
|                    ( QUESTION0_3_R 1 -7.988e+03 9.740e+01 3.001e+01
|                        ( - -1.147e+03 1 0)
|                        ( - -6.744e+03 1 0))
|                    ( - -7.744e+03 1 0)))))
|    ( - -7.598e+02 1 0))
s>    ( QUESTION0 1 -2.074e+04 1.742e+02 7.722e+01
s>        ( QUESTION14 -1 -1.980e+04 1.680e+02 7.422e+01
s>            ( - -5.273e+02 1 0)
s>            ( QUESTION0_14_R 1 -1.911e+04 1.384e+02 7.222e+01
s>                ( SILENCE -1 -2.185e+03 1.455e+02 8.000e+00
s>                    ( - -7.160e+02 1 0)
s>                    ( - -1.324e+03 1 0))
s>                ( QUESTION0_6_R 1 -1.678e+04 1.161e+02 6.422e+01
s>                    ( - -8.249e+02 1 0)
s>                    ( SILENCE -1 -1.584e+04 1.116e+02 6.122e+01
s>                        ( QUESTION0_3_R 1 -7.988e+03 9.740e+01 3.001e+01
s>                            ( - -1.147e+03 1 0)
s>                            ( - -6.744e+03 1 0))
s>                        ( - -7.744e+03 1 0)))))
s>        ( - -7.598e+02 1 0))INFO: dtree.c(1315): Comp split 42
INFO: dtree.c(1315): Comp split 43
INFO: dtree.c(1439): stop. leaf nodes are specific
INFO: dtree.c(1478): Final simple tree
|( QUESTION0_0_R 1 -1.179e+04 1.754e+02 4.616e+01
|    ( QUESTION0_1_R 1 -1.111e+04 1.507e+02 4.416e+01
|        ( - -6.608e+03 1 0)
|        ( QUESTION0_3_R 1 -4.352e+03 1.428e+02 1.835e+01
|            ( - -3.545e+03 1 0)
|            ( - -6.641e+02 1 0)))
|    ( - -4.998e+02 1 0))
s>    ( QUESTION0_0_R 1 -1.179e+04 1.754e+02 4.616e+01
s>        ( QUESTION0_1_R 1 -1.111e+04 1.507e+02 4.416e+01
s>            ( - -6.608e+03 1 0)
s>            ( QUESTION0_3_R 1 -4.352e+03 1.428e+02 1.835e+01
s>                ( - -3.545e+03 1 0)
s>                ( - -6.641e+02 1 0)))
s>        ( - -4.998e+02 1 0))INFO: dtree.c(1315): Comp split 44
INFO: dtree.c(1439): stop. leaf nodes are specific
INFO: dtree.c(1478): Final simple tree
|( QUESTION0_0_R 1 -4.125e+03 1.622e+02 1.303e+01
|    ( - -1.002e+03 1 0)
|    ( SILENCE 1 -2.960e+03 1.412e+02 9.025e+00
|        ( - -1.856e+03 1 0)
|        ( - -9.635e+02 2 0)))
s>    ( QUESTION0_0_R 1 -4.125e+03 1.622e+02 1.303e+01
s>        ( - -1.002e+03 1 0)
s>        ( SILENCE 1 -2.960e+03 1.412e+02 9.025e+00
s>            ( - -1.856e+03 1 0)
s>            ( - -9.635e+02 2 0)))INFO: dtree.c(1315): Comp split 45
INFO: dtree.c(1439): stop. leaf nodes are specific
INFO: dtree.c(1478): Final simple tree
|( QUESTION0_6_R 1 -1.089e+04 1.502e+02 4.414e+01
|    ( - -1.076e+03 1 0)
|    ( QUESTION2 -1 -9.660e+03 1.437e+02 4.014e+01
|        ( - -4.369e+03 1 0)
|        ( - -5.147e+03 1 0)))
s>    ( QUESTION0_6_R 1 -1.089e+04 1.502e+02 4.414e+01
s>        ( - -1.076e+03 1 0)
s>        ( QUESTION2 -1 -9.660e+03 1.437e+02 4.014e+01
s>            ( - -4.369e+03 1 0)
s>            ( - -5.147e+03 1 0)))INFO: dtree.c(1439): stop. leaf nodes are specific
INFO: dtree.c(1478): Final simple tree
|( QUESTION0_1_R 1 -1.625e+03 1.762e+02 6.000e+00
|    ( - -7.337e+02 1 0)
|    ( - -7.155e+02 1 0))
s>    ( QUESTION0_1_R 1 -1.625e+03 1.762e+02 6.000e+00
s>        ( - -7.337e+02 1 0)
s>        ( - -7.155e+02 1 0))INFO: dtree.c(1315): Comp split 46
INFO: dtree.c(1439): stop. leaf nodes are specific
INFO: dtree.c(1478): Final simple tree
|( WDBNDRY_B 0 -3.309e+04 1.830e+02 1.446e+02
|    ( - -5.003e+02 1 0)
|    ( QUESTION0_9_R 1 -3.240e+04 1.733e+02 1.416e+02
|        ( - -9.571e+02 1 0)
|        ( QUESTION0_0_R 1 -3.127e+04 9.919e+01 1.366e+02
|            ( - -3.077e+04 1 0)
|            ( - -4.043e+02 1 0))))
s>    ( WDBNDRY_B 0 -3.309e+04 1.830e+02 1.446e+02
s>        ( - -5.003e+02 1 0)
s>        ( QUESTION0_9_R 1 -3.240e+04 1.733e+02 1.416e+02
s>            ( - -9.571e+02 1 0)
s>            ( QUESTION0_0_R 1 -3.127e+04 9.919e+01 1.366e+02
s>                ( - -3.077e+04 1 0)
s>                ( - -4.043e+02 1 0))))INFO: dtree.c(1315): Comp split 47
INFO: dtree.c(1439): stop. leaf nodes are specific
INFO: dtree.c(1478): Final simple tree
|( QUESTION0_13_R 1 -7.069e+03 1.264e+02 2.924e+01
|    ( - -5.917e+03 2 0)
|    ( - -1.025e+03 1 0))
s>    ( QUESTION0_13_R 1 -7.069e+03 1.264e+02 2.924e+01
s>        ( - -5.917e+03 2 0)
s>        ( - -1.025e+03 1 0))INFO: dtree.c(1315): Comp split 48
INFO: dtree.c(1439): stop. leaf nodes are specific
INFO: dtree.c(1478): Final simple tree
|( QUESTION0_9_R 1 -3.240e+04 1.733e+02 1.416e+02
|    ( - -9.571e+02 1 0)
|    ( QUESTION0_0_R 1 -3.127e+04 9.919e+01 1.366e+02
|        ( - -3.077e+04 1 0)
|        ( - -4.043e+02 1 0)))
s>    ( QUESTION0_9_R 1 -3.240e+04 1.733e+02 1.416e+02
s>        ( - -9.571e+02 1 0)
s>        ( QUESTION0_0_R 1 -3.127e+04 9.919e+01 1.366e+02
s>            ( - -3.077e+04 1 0)
s>            ( - -4.043e+02 1 0)))INFO: dtree.c(1315): Comp split 49
INFO: dtree.c(1439): stop. leaf nodes are specific
INFO: dtree.c(1478): Final simple tree
|( QUESTION0_12_R 1 -1.155e+04 1.775e+02 4.608e+01
|    ( - -8.578e+03 1 0)
|    ( SILENCE 1 -2.794e+03 1.699e+02 1.000e+01
|        ( - -1.917e+03 1 0)
|        ( - -7.074e+02 1 0)))
s>    ( QUESTION0_12_R 1 -1.155e+04 1.775e+02 4.608e+01
s>        ( - -8.578e+03 1 0)
s>        ( SILENCE 1 -2.794e+03 1.699e+02 1.000e+01
s>            ( - -1.917e+03 1 0)
s>            ( - -7.074e+02 1 0)))INFO: dtree.c(1315): Comp split 50
INFO: dtree.c(1439): stop. leaf nodes are specific
INFO: dtree.c(1478): Final simple tree
|( QUESTION0_20_R 1 -1.259e+04 1.751e+02 4.374e+01
|    ( - -3.645e+02 1 0)
|    ( QUESTION0_0_R 1 -1.205e+04 1.373e+02 4.174e+01
|        ( - -2.643e+03 1 0)
|        ( - -9.270e+03 1 0)))
s>    ( QUESTION0_20_R 1 -1.259e+04 1.751e+02 4.374e+01
s>        ( - -3.645e+02 1 0)
s>        ( QUESTION0_0_R 1 -1.205e+04 1.373e+02 4.174e+01
s>            ( - -2.643e+03 1 0)
s>            ( - -9.270e+03 1 0)))INFO: dtree.c(1315): Comp split 51
INFO: dtree.c(1439): stop. leaf nodes are specific
INFO: dtree.c(1478): Final simple tree
|( QUESTION0_9_R 1 -2.916e+04 1.539e+02 1.213e+02
|    ( - -2.308e+04 2 0)
|    ( QUESTION0_13_R 1 -5.929e+03 1.086e+02 2.240e+01
|        ( - -1.230e+03 1 0)
|        ( QUESTION0_0_R 1 -4.591e+03 1.041e+02 1.740e+01
|            ( - -2.018e+03 1 0)
|            ( - -2.469e+03 3 0))))
s>    ( QUESTION0_9_R 1 -2.916e+04 1.539e+02 1.213e+02
s>        ( - -2.308e+04 2 0)
s>        ( QUESTION0_13_R 1 -5.929e+03 1.086e+02 2.240e+01
s>            ( - -1.230e+03 1 0)
s>            ( QUESTION0_0_R 1 -4.591e+03 1.041e+02 1.740e+01
s>                ( - -2.018e+03 1 0)
s>                ( - -2.469e+03 3 0))))INFO: dtree.c(1315): Comp split 52
INFO: dtree.c(1439): stop. leaf nodes are specific
INFO: dtree.c(1478): Final simple tree
|( SILENCE 1 -2.794e+03 1.699e+02 1.000e+01
|    ( - -1.917e+03 1 0)
|    ( - -7.074e+02 1 0))
s>    ( SILENCE 1 -2.794e+03 1.699e+02 1.000e+01
s>        ( - -1.917e+03 1 0)
s>        ( - -7.074e+02 1 0))INFO: dtree.c(1315): Comp split 53
INFO: dtree.c(1315): Comp split 54
INFO: dtree.c(1439): stop. leaf nodes are specific
INFO: dtree.c(1478): Final simple tree
|( QUESTION0_1_R 1 -1.111e+04 1.507e+02 4.416e+01
|    ( - -6.608e+03 1 0)
|    ( QUESTION0_3_R 1 -4.352e+03 1.428e+02 1.835e+01
|        ( - -3.545e+03 1 0)
|        ( - -6.641e+02 1 0)))
s>    ( QUESTION0_1_R 1 -1.111e+04 1.507e+02 4.416e+01
s>        ( - -6.608e+03 1 0)
s>        ( QUESTION0_3_R 1 -4.352e+03 1.428e+02 1.835e+01
s>            ( - -3.545e+03 1 0)
s>            ( - -6.641e+02 1 0)))INFO: dtree.c(1315): Comp split 55
INFO: dtree.c(1439): stop. leaf nodes are specific
INFO: dtree.c(1478): Final simple tree
|( QUESTION0_0_R 1 -1.205e+04 1.373e+02 4.174e+01
|    ( - -2.643e+03 1 0)
|    ( - -9.270e+03 1 0))
s>    ( QUESTION0_0_R 1 -1.205e+04 1.373e+02 4.174e+01
s>        ( - -2.643e+03 1 0)
s>        ( - -9.270e+03 1 0))INFO: dtree.c(1315): Comp split 56
INFO: dtree.c(1439): stop. leaf nodes are specific
INFO: dtree.c(1478): Final simple tree
|( QUESTION14 -1 -1.980e+04 1.680e+02 7.422e+01
|    ( - -5.273e+02 1 0)
|    ( QUESTION0_14_R 1 -1.911e+04 1.384e+02 7.222e+01
|        ( SILENCE -1 -2.185e+03 1.455e+02 8.000e+00
|            ( - -7.160e+02 1 0)
|            ( - -1.324e+03 1 0))
|        ( QUESTION0_6_R 1 -1.678e+04 1.161e+02 6.422e+01
|            ( - -8.249e+02 1 0)
|            ( SILENCE -1 -1.584e+04 1.116e+02 6.122e+01
|                ( QUESTION0_3_R 1 -7.988e+03 9.740e+01 3.001e+01
|                    ( - -1.147e+03 1 0)
|                    ( - -6.744e+03 1 0))
|                ( - -7.744e+03 1 0)))))
s>    ( QUESTION14 -1 -1.980e+04 1.680e+02 7.422e+01
s>        ( - -5.273e+02 1 0)
s>        ( QUESTION0_14_R 1 -1.911e+04 1.384e+02 7.222e+01
s>            ( SILENCE -1 -2.185e+03 1.455e+02 8.000e+00
s>                ( - -7.160e+02 1 0)
s>                ( - -1.324e+03 1 0))
s>            ( QUESTION0_6_R 1 -1.678e+04 1.161e+02 6.422e+01
s>                ( - -8.249e+02 1 0)
s>                ( SILENCE -1 -1.584e+04 1.116e+02 6.122e+01
s>                    ( QUESTION0_3_R 1 -7.988e+03 9.740e+01 3.001e+01
s>                        ( - -1.147e+03 1 0)
s>                        ( - -6.744e+03 1 0))
s>                    ( - -7.744e+03 1 0)))))INFO: dtree.c(1315): Comp split 57
INFO: dtree.c(1439): stop. leaf nodes are specific
INFO: dtree.c(1478): Final simple tree
|( QUESTION0_0_R 1 -3.127e+04 9.919e+01 1.366e+02
|    ( - -3.077e+04 1 0)
|    ( - -4.043e+02 1 0))
s>    ( QUESTION0_0_R 1 -3.127e+04 9.919e+01 1.366e+02
s>        ( - -3.077e+04 1 0)
s>        ( - -4.043e+02 1 0))INFO: dtree.c(1315): Comp split 58
INFO: dtree.c(1315): Comp split 59
INFO: dtree.c(1439): stop. leaf nodes are specific
INFO: dtree.c(1478): Final simple tree
|( QUESTION0_14_R 1 -1.911e+04 1.384e+02 7.222e+01
|    ( SILENCE -1 -2.185e+03 1.455e+02 8.000e+00
|        ( - -7.160e+02 1 0)
|        ( - -1.324e+03 1 0))
|    ( QUESTION0_6_R 1 -1.678e+04 1.161e+02 6.422e+01
|        ( - -8.249e+02 1 0)
|        ( SILENCE -1 -1.584e+04 1.116e+02 6.122e+01
|            ( QUESTION0_3_R 1 -7.988e+03 9.740e+01 3.001e+01
|                ( - -1.147e+03 1 0)
|                ( - -6.744e+03 1 0))
|            ( - -7.744e+03 1 0))))
s>    ( QUESTION0_14_R 1 -1.911e+04 1.384e+02 7.222e+01
s>        ( SILENCE -1 -2.185e+03 1.455e+02 8.000e+00
s>            ( - -7.160e+02 1 0)
s>            ( - -1.324e+03 1 0))
s>        ( QUESTION0_6_R 1 -1.678e+04 1.161e+02 6.422e+01
s>            ( - -8.249e+02 1 0)
s>            ( SILENCE -1 -1.584e+04 1.116e+02 6.122e+01
s>                ( QUESTION0_3_R 1 -7.988e+03 9.740e+01 3.001e+01
s>                    ( - -1.147e+03 1 0)
s>                    ( - -6.744e+03 1 0))
s>                ( - -7.744e+03 1 0))))INFO: dtree.c(1315): Comp split 60
INFO: dtree.c(1439): stop. leaf nodes are specific
INFO: dtree.c(1478): Final simple tree
|( QUESTION6 -1 -1.051e+04 1.442e+02 4.702e+01
|    ( QUESTION0_3_R 1 -9.786e+03 1.294e+02 4.402e+01
|        ( - -2.927e+03 1 0)
|        ( - -6.729e+03 1 0))
|    ( - -5.833e+02 1 0))
s>    ( QUESTION6 -1 -1.051e+04 1.442e+02 4.702e+01
s>        ( QUESTION0_3_R 1 -9.786e+03 1.294e+02 4.402e+01
s>            ( - -2.927e+03 1 0)
s>            ( - -6.729e+03 1 0))
s>        ( - -5.833e+02 1 0))INFO: dtree.c(1315): Comp split 61
INFO: dtree.c(1439): stop. leaf nodes are specific
INFO: dtree.c(1478): Final simple tree
|( SILENCE 1 -2.960e+03 1.412e+02 9.025e+00
|    ( - -1.856e+03 1 0)
|    ( - -9.635e+02 2 0))
s>    ( SILENCE 1 -2.960e+03 1.412e+02 9.025e+00
s>        ( - -1.856e+03 1 0)
s>        ( - -9.635e+02 2 0))INFO: dtree.c(1315): Comp split 62
INFO: dtree.c(1439): stop. leaf nodes are specific
INFO: dtree.c(1478): Final simple tree
|( QUESTION0_13_R 1 -5.929e+03 1.086e+02 2.240e+01
|    ( - -1.230e+03 1 0)
|    ( QUESTION0_0_R 1 -4.591e+03 1.041e+02 1.740e+01
|        ( - -2.018e+03 1 0)
|        ( - -2.469e+03 3 0)))
s>    ( QUESTION0_13_R 1 -5.929e+03 1.086e+02 2.240e+01
s>        ( - -1.230e+03 1 0)
s>        ( QUESTION0_0_R 1 -4.591e+03 1.041e+02 1.740e+01
s>            ( - -2.018e+03 1 0)
s>            ( - -2.469e+03 3 0)))INFO: dtree.c(1315): Comp split 63
INFO: dtree.c(1439): stop. leaf nodes are specific
INFO: dtree.c(1478): Final simple tree
|( QUESTION0_3_R 1 -4.352e+03 1.428e+02 1.835e+01
|    ( - -3.545e+03 1 0)
|    ( - -6.641e+02 1 0))
s>    ( QUESTION0_3_R 1 -4.352e+03 1.428e+02 1.835e+01
s>        ( - -3.545e+03 1 0)
s>        ( - -6.641e+02 1 0))INFO: dtree.c(1315): Comp split 64
INFO: dtree.c(1439): stop. leaf nodes are specific
INFO: dtree.c(1478): Final simple tree
|( QUESTION2 -1 -9.660e+03 1.437e+02 4.014e+01
|    ( - -4.369e+03 1 0)
|    ( - -5.147e+03 1 0))
s>    ( QUESTION2 -1 -9.660e+03 1.437e+02 4.014e+01
s>        ( - -4.369e+03 1 0)
s>        ( - -5.147e+03 1 0))INFO: dtree.c(1315): Comp split 65
INFO: dtree.c(1439): stop. leaf nodes are specific
INFO: dtree.c(1478): Final simple tree
|( QUESTION0_14_R 1 -1.764e+04 1.357e+02 6.722e+01
|    ( - -7.160e+02 1 0)
|    ( QUESTION0_6_R 1 -1.678e+04 1.161e+02 6.422e+01
|        ( - -8.249e+02 1 0)
|        ( SILENCE -1 -1.584e+04 1.116e+02 6.122e+01
|            ( QUESTION0_3_R 1 -7.988e+03 9.740e+01 3.001e+01
|                ( - -1.147e+03 1 0)
|                ( - -6.744e+03 1 0))
|            ( - -7.744e+03 1 0))))
s>    ( QUESTION0_14_R 1 -1.764e+04 1.357e+02 6.722e+01
s>        ( - -7.160e+02 1 0)
s>        ( QUESTION0_6_R 1 -1.678e+04 1.161e+02 6.422e+01
s>            ( - -8.249e+02 1 0)
s>            ( SILENCE -1 -1.584e+04 1.116e+02 6.122e+01
s>                ( QUESTION0_3_R 1 -7.988e+03 9.740e+01 3.001e+01
s>                    ( - -1.147e+03 1 0)
s>                    ( - -6.744e+03 1 0))
s>                ( - -7.744e+03 1 0))))INFO: dtree.c(1315): Comp split 66
INFO: dtree.c(1439): stop. leaf nodes are specific
INFO: dtree.c(1478): Final simple tree
|( QUESTION0_3_R 1 -9.786e+03 1.294e+02 4.402e+01
|    ( - -2.927e+03 1 0)
|    ( - -6.729e+03 1 0))
s>    ( QUESTION0_3_R 1 -9.786e+03 1.294e+02 4.402e+01
s>        ( - -2.927e+03 1 0)
s>        ( - -6.729e+03 1 0))INFO: dtree.c(1315): Comp split 67
INFO: dtree.c(1315): Comp split 68
INFO: dtree.c(1315): Comp split 69
INFO: dtree.c(1315): Comp split 70
INFO: dtree.c(1315): Comp split 71
INFO: dtree.c(1315): Comp split 72
INFO: dtree.c(1439): stop. leaf nodes are specific
INFO: dtree.c(1478): Final simple tree
|( QUESTION0_6_R 1 -1.678e+04 1.161e+02 6.422e+01
|    ( - -8.249e+02 1 0)
|    ( SILENCE -1 -1.584e+04 1.116e+02 6.122e+01
|        ( QUESTION0_3_R 1 -7.988e+03 9.740e+01 3.001e+01
|            ( - -1.147e+03 1 0)
|            ( - -6.744e+03 1 0))
|        ( - -7.744e+03 1 0)))
s>    ( QUESTION0_6_R 1 -1.678e+04 1.161e+02 6.422e+01
s>        ( - -8.249e+02 1 0)
s>        ( SILENCE -1 -1.584e+04 1.116e+02 6.122e+01
s>            ( QUESTION0_3_R 1 -7.988e+03 9.740e+01 3.001e+01
s>                ( - -1.147e+03 1 0)
s>                ( - -6.744e+03 1 0))
s>            ( - -7.744e+03 1 0)))INFO: dtree.c(1315): Comp split 73
INFO: dtree.c(1315): Comp split 74
INFO: dtree.c(1315): Comp split 75
INFO: dtree.c(1439): stop. leaf nodes are specific
INFO: dtree.c(1478): Final simple tree
|( QUESTION0_0_R 1 -3.550e+03 9.278e+01 1.301e+01
|    ( - -1.152e+03 1 0)
|    ( - -2.306e+03 2 0))
s>    ( QUESTION0_0_R 1 -3.550e+03 9.278e+01 1.301e+01
s>        ( - -1.152e+03 1 0)
s>        ( - -2.306e+03 2 0))INFO: dtree.c(1315): Comp split 76
INFO: dtree.c(1439): stop. leaf nodes are specific
INFO: dtree.c(1478): Final simple tree
|( QUESTION0_0_R 1 -4.293e+03 9.811e+01 1.919e+01
|    ( - -3.572e+03 1 0)
|    ( - -6.233e+02 1 0))
s>    ( QUESTION0_0_R 1 -4.293e+03 9.811e+01 1.919e+01
s>        ( - -3.572e+03 1 0)
s>        ( - -6.233e+02 1 0))INFO: dtree.c(1315): Comp split 77
INFO: dtree.c(1439): stop. leaf nodes are specific
INFO: dtree.c(1478): Final simple tree
|( SILENCE -1 -1.584e+04 1.116e+02 6.122e+01
|    ( QUESTION0_3_R 1 -7.988e+03 9.740e+01 3.001e+01
|        ( - -1.147e+03 1 0)
|        ( - -6.744e+03 1 0))
|    ( - -7.744e+03 1 0))
s>    ( SILENCE -1 -1.584e+04 1.116e+02 6.122e+01
s>        ( QUESTION0_3_R 1 -7.988e+03 9.740e+01 3.001e+01
s>            ( - -1.147e+03 1 0)
s>            ( - -6.744e+03 1 0))
s>        ( - -7.744e+03 1 0))INFO: dtree.c(1315): Comp split 78
INFO: dtree.c(1439): stop. leaf nodes are specific
INFO: dtree.c(1478): Final simple tree
|( QUESTION0_3_R 1 -7.988e+03 9.740e+01 3.001e+01
|    ( - -1.147e+03 1 0)
|    ( - -6.744e+03 1 0))
s>    ( QUESTION0_3_R 1 -7.988e+03 9.740e+01 3.001e+01
s>        ( - -1.147e+03 1 0)
s>        ( - -6.744e+03 1 0))INFO: dtree.c(1315): Comp split 79
INFO: dtree.c(1439): stop. leaf nodes are specific
INFO: dtree.c(1478): Final simple tree
|( QUESTION0_0_R 1 -4.591e+03 1.041e+02 1.740e+01
|    ( - -2.018e+03 1 0)
|    ( - -2.469e+03 3 0))
s>    ( QUESTION0_0_R 1 -4.591e+03 1.041e+02 1.740e+01
s>        ( - -2.018e+03 1 0)
s>        ( - -2.469e+03 3 0))INFO: dtree.c(1315): Comp split 80
INFO: dtree.c(1315): Comp split 81
INFO: dtree.c(1315): Comp split 82
INFO: dtree.c(1315): Comp split 83
INFO: dtree.c(1315): Comp split 84
INFO: dtree.c(1315): Comp split 85
INFO: dtree.c(1315): Comp split 86
INFO: dtree.c(1318): stop. leaf nodes are specific
Wed Dec 20 23:52:14 2017
