Current configuration:
[NAME]		[DEFLT]	[VALUE]
-allphones	no	no
-cntthresh	0.00001	1.000000e-05
-csplitmax	100	2000
-csplitmin	1	1
-csplitthr	8e-4	0.000000e+00
-example	no	no
-fullvar	no	no
-help		no	no
-meanfn			/home/alex/repos/speech/an4/model_parameters/an4.cd_cont_untied/means
-mixwfn			/home/alex/repos/speech/an4/model_parameters/an4.cd_cont_untied/mixture_weights
-moddeffn		/home/alex/repos/speech/an4/model_architecture/an4.untied.mdef
-mwfloor	1e-4	1.000000e-08
-phone			W
-psetfn			/home/alex/repos/speech/an4/model_architecture/an4.tree_questions
-ssplitmax	5	7
-ssplitmin	1	1
-ssplitthr	8e-4	0.000000e+00
-state			2
-stwt			1.0,0.05,0.0,
-treefn			/home/alex/repos/speech/an4/trees/an4.unpruned/W-2.dtree
-ts2cbfn	.semi.	.cont.
-varfloor	0.00001	1.000000e-05
-varfn			/home/alex/repos/speech/an4/model_parameters/an4.cd_cont_untied/variances

INFO: main.c(223): Reading: /home/alex/repos/speech/an4/model_architecture/an4.untied.mdef
INFO: model_def_io.c(573): Model definition info:
INFO: model_def_io.c(574): 1618 total models defined (34 base, 1584 tri)
INFO: model_def_io.c(575): 6472 total states
INFO: model_def_io.c(576): 4854 total tied states
INFO: model_def_io.c(577): 102 total tied CI states
INFO: model_def_io.c(578): 34 total tied transition matrices
INFO: model_def_io.c(579): 4 max state/model
INFO: model_def_io.c(580): 4 min state/model
INFO: main.c(242): Building trees for [W AH AY b] through [W UW AY b]
INFO: main.c(269): Covering states |[4671 4724]| == 54
INFO: main.c(275): Reading: /home/alex/repos/speech/an4/model_parameters/an4.cd_cont_untied/mixture_weights
INFO: s3mixw_io.c(173): Read /home/alex/repos/speech/an4/model_parameters/an4.cd_cont_untied/mixture_weights [54x1x1 array]
INFO: main.c(311): 18 of 18 models have observation count greater than 0.000010
INFO: main.c(95): nrm stwt: 0.000 0.048 0.952 
INFO: s3gau_io.c(169): Read /home/alex/repos/speech/an4/model_parameters/an4.cd_cont_untied/means [4854x1x1 array]
INFO: s3gau_io.c(169): Read /home/alex/repos/speech/an4/model_parameters/an4.cd_cont_untied/variances [4854x1x1 array]
INFO: main.c(549): Reading: /home/alex/repos/speech/an4/model_architecture/an4.tree_questions
INFO: main.c(588): 180 total simple questions (172 phone; 8 word bndry)
INFO: main.c(590): 42 Left Only questions, and 42 Right Only questions
INFO: dtree.c(1478): Final simple tree
|( WDBNDRY_B 0 -2.364e+05 1.659e+03 1.108e+03
|    ( QUESTION2_18_L -1 -5.202e+04 3.821e+02 2.553e+02
|        ( - -7.532e+03 1 0)
|        ( QUESTION2_8_L -1 -4.411e+04 2.612e+02 2.156e+02
|            ( - -2.045e+03 1 0)
|            ( QUESTION20 -1 -4.180e+04 2.573e+02 2.038e+02
|                ( - -2.932e+04 7 0 QUESTION2_15_L -1 1.957e+02 1.430e+02)
|                ( QUESTION2 -1 -1.222e+04 2.424e+02 6.081e+01
|                    ( - -1.920e+03 1 0)
|                    ( QUESTION14 -1 -1.006e+04 2.088e+02 4.981e+01
|                        ( - -8.400e+02 1 0)
|                        ( - -9.010e+03 4 0 SILENCE -1 2.016e+02 4.481e+01))))))
|    ( QUESTION0_0_R 1 -1.827e+05 7.621e+02 8.523e+02
|        ( - -1.778e+04 2 0 QUESTION1 -1 1.596e+02 7.852e+01)
|        ( - -1.641e+05 1 0)))
s>    ( WDBNDRY_B 0 -2.364e+05 1.659e+03 1.108e+03
s>        ( QUESTION2_18_L -1 -5.202e+04 3.821e+02 2.553e+02
s>            ( - -7.532e+03 1 0)
s>            ( QUESTION2_8_L -1 -4.411e+04 2.612e+02 2.156e+02
s>                ( - -2.045e+03 1 0)
s>                ( QUESTION20 -1 -4.180e+04 2.573e+02 2.038e+02
s>                    ( - -2.932e+04 7 0 QUESTION2_15_L -1 1.957e+02 1.430e+02)
s>                    ( QUESTION2 -1 -1.222e+04 2.424e+02 6.081e+01
s>                        ( - -1.920e+03 1 0)
s>                        ( QUESTION14 -1 -1.006e+04 2.088e+02 4.981e+01
s>                            ( - -8.400e+02 1 0)
s>                            ( - -9.010e+03 4 0 SILENCE -1 2.016e+02 4.481e+01))))))
s>        ( QUESTION0_0_R 1 -1.827e+05 7.621e+02 8.523e+02
s>            ( - -1.778e+04 2 0 QUESTION1 -1 1.596e+02 7.852e+01)
s>            ( - -1.641e+05 1 0)))INFO: dtree.c(1315): Comp split 0
INFO: dtree.c(1439): stop. leaf nodes are specific
INFO: dtree.c(1478): Final simple tree
|( QUESTION0_0_R 1 -1.837e+05 7.643e+02 8.573e+02
|    ( QUESTION1 -1 -1.778e+04 1.596e+02 7.852e+01
|        ( - -9.462e+02 1 0)
|        ( - -1.667e+04 1 0))
|    ( WDBNDRY_B 0 -1.652e+05 2.047e+02 7.788e+02
|        ( - -8.400e+02 1 0)
|        ( - -1.641e+05 1 0)))
s>    ( QUESTION0_0_R 1 -1.837e+05 7.643e+02 8.573e+02
s>        ( QUESTION1 -1 -1.778e+04 1.596e+02 7.852e+01
s>            ( - -9.462e+02 1 0)
s>            ( - -1.667e+04 1 0))
s>        ( WDBNDRY_B 0 -1.652e+05 2.047e+02 7.788e+02
s>            ( - -8.400e+02 1 0)
s>            ( - -1.641e+05 1 0)))INFO: dtree.c(1478): Final simple tree
|( QUESTION2_18_L -1 -5.095e+04 3.711e+02 2.503e+02
|    ( - -7.532e+03 1 0)
|    ( QUESTION0 -1 -4.305e+04 2.677e+02 2.106e+02
|        ( QUESTION2 -1 -8.079e+03 2.176e+02 4.096e+01
|            ( - -1.920e+03 1 0)
|            ( - -5.941e+03 3 0 QUESTION2_13_L -1 1.229e+02 2.996e+01))
|        ( QUESTION2_8_L -1 -3.470e+04 2.577e+02 1.696e+02
|            ( - -2.045e+03 1 0)
|            ( SILENCE -1 -3.240e+04 2.088e+02 1.579e+02
|                ( - -2.867e+03 1 0)
|                ( QUESTION2_15_L -1 -2.932e+04 1.957e+02 1.430e+02
|                    ( - -1.141e+04 3 0)
|                    ( QUESTION2_0_L -1 -1.771e+04 1.875e+02 8.559e+01
|                        ( - -1.746e+03 1 0)
|                        ( - -1.578e+04 3 0 QUESTION2_7_L -1 1.496e+02 7.626e+01)))))))
s>    ( QUESTION2_18_L -1 -5.095e+04 3.711e+02 2.503e+02
s>        ( - -7.532e+03 1 0)
s>        ( QUESTION0 -1 -4.305e+04 2.677e+02 2.106e+02
s>            ( QUESTION2 -1 -8.079e+03 2.176e+02 4.096e+01
s>                ( - -1.920e+03 1 0)
s>                ( - -5.941e+03 3 0 QUESTION2_13_L -1 1.229e+02 2.996e+01))
s>            ( QUESTION2_8_L -1 -3.470e+04 2.577e+02 1.696e+02
s>                ( - -2.045e+03 1 0)
s>                ( SILENCE -1 -3.240e+04 2.088e+02 1.579e+02
s>                    ( - -2.867e+03 1 0)
s>                    ( QUESTION2_15_L -1 -2.932e+04 1.957e+02 1.430e+02
s>                        ( - -1.141e+04 3 0)
s>                        ( QUESTION2_0_L -1 -1.771e+04 1.875e+02 8.559e+01
s>                            ( - -1.746e+03 1 0)
s>                            ( - -1.578e+04 3 0 QUESTION2_7_L -1 1.496e+02 7.626e+01)))))))INFO: dtree.c(1315): Comp split 1
INFO: dtree.c(1439): stop. leaf nodes are specific
INFO: dtree.c(1478): Final simple tree
|( WDBNDRY_B 0 -1.652e+05 2.047e+02 7.788e+02
|    ( - -8.400e+02 1 0)
|    ( - -1.641e+05 1 0))
s>    ( WDBNDRY_B 0 -1.652e+05 2.047e+02 7.788e+02
s>        ( - -8.400e+02 1 0)
s>        ( - -1.641e+05 1 0))INFO: dtree.c(1439): stop. leaf nodes are specific
INFO: dtree.c(1478): Final simple tree
|( QUESTION1 -1 -1.778e+04 1.596e+02 7.852e+01
|    ( - -9.462e+02 1 0)
|    ( - -1.667e+04 1 0))
s>    ( QUESTION1 -1 -1.778e+04 1.596e+02 7.852e+01
s>        ( - -9.462e+02 1 0)
s>        ( - -1.667e+04 1 0))INFO: dtree.c(1315): Comp split 2
INFO: dtree.c(1478): Final simple tree
|( QUESTION20 -1 -3.859e+04 2.568e+02 1.878e+02
|    ( QUESTION2_15_L -1 -2.932e+04 1.957e+02 1.430e+02
|        ( - -1.141e+04 3 0)
|        ( QUESTION2_0_L -1 -1.771e+04 1.875e+02 8.559e+01
|            ( - -1.746e+03 1 0)
|            ( QUESTION2_7_L -1 -1.578e+04 1.496e+02 7.626e+01
|                ( - -1.550e+03 1 0)
|                ( - -1.408e+04 2 0))))
|    ( SILENCE -1 -9.010e+03 2.016e+02 4.481e+01
|        ( - -2.867e+03 1 0)
|        ( QUESTION2_13_L -1 -5.941e+03 1.229e+02 2.996e+01
|            ( - -9.191e+02 1 0)
|            ( QUESTION1 -1 -4.899e+03 1.131e+02 2.496e+01
|                ( - -3.115e+03 1 0)
|                ( - -1.671e+03 1 0)))))
s>    ( QUESTION20 -1 -3.859e+04 2.568e+02 1.878e+02
s>        ( QUESTION2_15_L -1 -2.932e+04 1.957e+02 1.430e+02
s>            ( - -1.141e+04 3 0)
s>            ( QUESTION2_0_L -1 -1.771e+04 1.875e+02 8.559e+01
s>                ( - -1.746e+03 1 0)
s>                ( QUESTION2_7_L -1 -1.578e+04 1.496e+02 7.626e+01
s>                    ( - -1.550e+03 1 0)
s>                    ( - -1.408e+04 2 0))))
s>        ( SILENCE -1 -9.010e+03 2.016e+02 4.481e+01
s>            ( - -2.867e+03 1 0)
s>            ( QUESTION2_13_L -1 -5.941e+03 1.229e+02 2.996e+01
s>                ( - -9.191e+02 1 0)
s>                ( QUESTION1 -1 -4.899e+03 1.131e+02 2.496e+01
s>                    ( - -3.115e+03 1 0)
s>                    ( - -1.671e+03 1 0)))))INFO: dtree.c(1439): stop. leaf nodes are specific
INFO: dtree.c(1478): Final simple tree
|( QUESTION0 -1 -1.194e+04 2.598e+02 6.248e+01
|    ( QUESTION2 -1 -9.638e+03 1.856e+02 5.077e+01
|        ( - -1.920e+03 1 0)
|        ( - -7.532e+03 1 0))
|    ( - -2.045e+03 1 0))
s>    ( QUESTION0 -1 -1.194e+04 2.598e+02 6.248e+01
s>        ( QUESTION2 -1 -9.638e+03 1.856e+02 5.077e+01
s>            ( - -1.920e+03 1 0)
s>            ( - -7.532e+03 1 0))
s>        ( - -2.045e+03 1 0))INFO: dtree.c(1315): Comp split 3
INFO: dtree.c(1439): stop. leaf nodes are specific
INFO: dtree.c(1478): Final simple tree
|( QUESTION2 -1 -9.638e+03 1.856e+02 5.077e+01
|    ( - -1.920e+03 1 0)
|    ( - -7.532e+03 1 0))
s>    ( QUESTION2 -1 -9.638e+03 1.856e+02 5.077e+01
s>        ( - -1.920e+03 1 0)
s>        ( - -7.532e+03 1 0))INFO: dtree.c(1315): Comp split 4
INFO: dtree.c(1439): stop. leaf nodes are specific
INFO: dtree.c(1478): Final simple tree
|( SILENCE -1 -9.010e+03 2.016e+02 4.481e+01
|    ( - -2.867e+03 1 0)
|    ( QUESTION2_13_L -1 -5.941e+03 1.229e+02 2.996e+01
|        ( - -9.191e+02 1 0)
|        ( QUESTION1 -1 -4.899e+03 1.131e+02 2.496e+01
|            ( - -3.115e+03 1 0)
|            ( - -1.671e+03 1 0))))
s>    ( SILENCE -1 -9.010e+03 2.016e+02 4.481e+01
s>        ( - -2.867e+03 1 0)
s>        ( QUESTION2_13_L -1 -5.941e+03 1.229e+02 2.996e+01
s>            ( - -9.191e+02 1 0)
s>            ( QUESTION1 -1 -4.899e+03 1.131e+02 2.496e+01
s>                ( - -3.115e+03 1 0)
s>                ( - -1.671e+03 1 0))))INFO: dtree.c(1439): stop. leaf nodes are specific
INFO: dtree.c(1478): Final simple tree
|( QUESTION2_15_L -1 -2.932e+04 1.957e+02 1.430e+02
|    ( - -1.141e+04 3 0)
|    ( QUESTION2_0_L -1 -1.771e+04 1.875e+02 8.559e+01
|        ( - -1.746e+03 1 0)
|        ( QUESTION2_7_L -1 -1.578e+04 1.496e+02 7.626e+01
|            ( - -1.550e+03 1 0)
|            ( - -1.408e+04 2 0))))
s>    ( QUESTION2_15_L -1 -2.932e+04 1.957e+02 1.430e+02
s>        ( - -1.141e+04 3 0)
s>        ( QUESTION2_0_L -1 -1.771e+04 1.875e+02 8.559e+01
s>            ( - -1.746e+03 1 0)
s>            ( QUESTION2_7_L -1 -1.578e+04 1.496e+02 7.626e+01
s>                ( - -1.550e+03 1 0)
s>                ( - -1.408e+04 2 0))))INFO: dtree.c(1315): Comp split 5
INFO: dtree.c(1315): Comp split 6
INFO: dtree.c(1439): stop. leaf nodes are specific
INFO: dtree.c(1478): Final simple tree
|( QUESTION2_13_L -1 -5.941e+03 1.229e+02 2.996e+01
|    ( - -9.191e+02 1 0)
|    ( QUESTION1 -1 -4.899e+03 1.131e+02 2.496e+01
|        ( - -3.115e+03 1 0)
|        ( - -1.671e+03 1 0)))
s>    ( QUESTION2_13_L -1 -5.941e+03 1.229e+02 2.996e+01
s>        ( - -9.191e+02 1 0)
s>        ( QUESTION1 -1 -4.899e+03 1.131e+02 2.496e+01
s>            ( - -3.115e+03 1 0)
s>            ( - -1.671e+03 1 0)))INFO: dtree.c(1315): Comp split 7
INFO: dtree.c(1439): stop. leaf nodes are specific
INFO: dtree.c(1478): Final simple tree
|( QUESTION2_0_L -1 -1.771e+04 1.875e+02 8.559e+01
|    ( - -1.746e+03 1 0)
|    ( QUESTION2_7_L -1 -1.578e+04 1.496e+02 7.626e+01
|        ( - -1.550e+03 1 0)
|        ( - -1.408e+04 2 0)))
s>    ( QUESTION2_0_L -1 -1.771e+04 1.875e+02 8.559e+01
s>        ( - -1.746e+03 1 0)
s>        ( QUESTION2_7_L -1 -1.578e+04 1.496e+02 7.626e+01
s>            ( - -1.550e+03 1 0)
s>            ( - -1.408e+04 2 0)))INFO: dtree.c(1315): Comp split 8
INFO: dtree.c(1439): stop. leaf nodes are specific
INFO: dtree.c(1478): Final simple tree
|( QUESTION2_7_L -1 -1.578e+04 1.496e+02 7.626e+01
|    ( - -1.550e+03 1 0)
|    ( - -1.408e+04 2 0))
s>    ( QUESTION2_7_L -1 -1.578e+04 1.496e+02 7.626e+01
s>        ( - -1.550e+03 1 0)
s>        ( - -1.408e+04 2 0))INFO: dtree.c(1315): Comp split 9
INFO: dtree.c(1315): Comp split 10
INFO: dtree.c(1315): Comp split 11
INFO: dtree.c(1315): Comp split 12
INFO: dtree.c(1439): stop. leaf nodes are specific
INFO: dtree.c(1478): Final simple tree
|( QUESTION1 -1 -4.899e+03 1.131e+02 2.496e+01
|    ( - -3.115e+03 1 0)
|    ( - -1.671e+03 1 0))
s>    ( QUESTION1 -1 -4.899e+03 1.131e+02 2.496e+01
s>        ( - -3.115e+03 1 0)
s>        ( - -1.671e+03 1 0))INFO: dtree.c(1315): Comp split 13
INFO: dtree.c(1315): Comp split 14
INFO: dtree.c(1318): stop. leaf nodes are specific
Wed Dec 20 23:52:25 2017
