Current configuration:
[NAME]		[DEFLT]	[VALUE]
-allphones	no	no
-cntthresh	0.00001	1.000000e-05
-csplitmax	100	2000
-csplitmin	1	1
-csplitthr	8e-4	0.000000e+00
-example	no	no
-fullvar	no	no
-help		no	no
-meanfn			/home/alex/repos/speech/an4/model_parameters/an4.cd_cont_untied/means
-mixwfn			/home/alex/repos/speech/an4/model_parameters/an4.cd_cont_untied/mixture_weights
-moddeffn		/home/alex/repos/speech/an4/model_architecture/an4.untied.mdef
-mwfloor	1e-4	1.000000e-08
-phone			L
-psetfn			/home/alex/repos/speech/an4/model_architecture/an4.tree_questions
-ssplitmax	5	7
-ssplitmin	1	1
-ssplitthr	8e-4	0.000000e+00
-state			0
-stwt			1.0,0.05,0.0,
-treefn			/home/alex/repos/speech/an4/trees/an4.unpruned/L-0.dtree
-ts2cbfn	.semi.	.cont.
-varfloor	0.00001	1.000000e-05
-varfn			/home/alex/repos/speech/an4/model_parameters/an4.cd_cont_untied/variances

INFO: main.c(223): Reading: /home/alex/repos/speech/an4/model_architecture/an4.untied.mdef
INFO: model_def_io.c(573): Model definition info:
INFO: model_def_io.c(574): 1618 total models defined (34 base, 1584 tri)
INFO: model_def_io.c(575): 6472 total states
INFO: model_def_io.c(576): 4854 total tied states
INFO: model_def_io.c(577): 102 total tied CI states
INFO: model_def_io.c(578): 34 total tied transition matrices
INFO: model_def_io.c(579): 4 max state/model
INFO: model_def_io.c(580): 4 min state/model
INFO: main.c(242): Building trees for [L AH AY i] through [L IH EH i]
INFO: main.c(269): Covering states |[2826 2903]| == 78
INFO: main.c(275): Reading: /home/alex/repos/speech/an4/model_parameters/an4.cd_cont_untied/mixture_weights
INFO: s3mixw_io.c(173): Read /home/alex/repos/speech/an4/model_parameters/an4.cd_cont_untied/mixture_weights [78x1x1 array]
INFO: main.c(311): 26 of 26 models have observation count greater than 0.000010
INFO: main.c(95): nrm stwt: 0.952 0.048 0.000 
INFO: s3gau_io.c(169): Read /home/alex/repos/speech/an4/model_parameters/an4.cd_cont_untied/means [4854x1x1 array]
INFO: s3gau_io.c(169): Read /home/alex/repos/speech/an4/model_parameters/an4.cd_cont_untied/variances [4854x1x1 array]
INFO: main.c(549): Reading: /home/alex/repos/speech/an4/model_architecture/an4.tree_questions
INFO: main.c(588): 180 total simple questions (172 phone; 8 word bndry)
INFO: main.c(590): 42 Left Only questions, and 42 Right Only questions
INFO: dtree.c(1478): Final simple tree
|( QUESTION12 -1 -2.132e+05 1.811e+03 9.788e+02
|    ( WDBNDRY_E 0 -1.759e+05 8.126e+02 8.153e+02
|        ( QUESTION0_1_R 1 -1.566e+05 4.243e+02 7.311e+02
|            ( - -5.750e+03 2 0)
|            ( QUESTION0_20_R 1 -1.504e+05 3.332e+02 7.012e+02
|                ( - -4.141e+04 4 0 QUESTION0 1 2.045e+02 1.890e+02)
|                ( - -1.087e+05 13 0 QUESTION17 1 2.886e+02 5.123e+02)))
|        ( QUESTION0_2_R 1 -1.851e+04 6.786e+02 8.417e+01
|            ( - -9.308e+03 1 0)
|            ( - -8.525e+03 2 0 QUESTION0_0_R 1 1.858e+02 4.124e+01)))
|    ( WDBNDRY_E 0 -3.547e+04 4.996e+02 1.635e+02
|        ( - 2.419e+02 1 0)
|        ( QUESTION0_20_R 1 -3.521e+04 3.053e+02 1.625e+02
|            ( - -3.064e+04 1 0)
|            ( - -4.269e+03 2 0 QUESTION0_0_R 1 1.120e+02 1.959e+01))))
s>    ( QUESTION12 -1 -2.132e+05 1.811e+03 9.788e+02
s>        ( WDBNDRY_E 0 -1.759e+05 8.126e+02 8.153e+02
s>            ( QUESTION0_1_R 1 -1.566e+05 4.243e+02 7.311e+02
s>                ( - -5.750e+03 2 0)
s>                ( QUESTION0_20_R 1 -1.504e+05 3.332e+02 7.012e+02
s>                    ( - -4.141e+04 4 0 QUESTION0 1 2.045e+02 1.890e+02)
s>                    ( - -1.087e+05 13 0 QUESTION17 1 2.886e+02 5.123e+02)))
s>            ( QUESTION0_2_R 1 -1.851e+04 6.786e+02 8.417e+01
s>                ( - -9.308e+03 1 0)
s>                ( - -8.525e+03 2 0 QUESTION0_0_R 1 1.858e+02 4.124e+01)))
s>        ( WDBNDRY_E 0 -3.547e+04 4.996e+02 1.635e+02
s>            ( - 2.419e+02 1 0)
s>            ( QUESTION0_20_R 1 -3.521e+04 3.053e+02 1.625e+02
s>                ( - -3.064e+04 1 0)
s>                ( - -4.269e+03 2 0 QUESTION0_0_R 1 1.120e+02 1.959e+01))))INFO: dtree.c(1315): Comp split 0
INFO: dtree.c(1439): stop. leaf nodes are specific
INFO: dtree.c(1478): Final simple tree
|( QUESTION0_20_R 1 -4.523e+04 5.000e+02 2.065e+02
|    ( - -3.064e+04 1 0)
|    ( WDBNDRY_E 0 -1.409e+04 4.909e+02 6.352e+01
|        ( - 2.419e+02 1 0)
|        ( QUESTION0_6_R 1 -1.384e+04 2.670e+02 6.252e+01
|            ( - -9.308e+03 1 0)
|            ( QUESTION0_0_R 1 -4.269e+03 1.120e+02 1.959e+01
|                ( - -3.116e+03 1 0)
|                ( - -1.040e+03 1 0)))))
s>    ( QUESTION0_20_R 1 -4.523e+04 5.000e+02 2.065e+02
s>        ( - -3.064e+04 1 0)
s>        ( WDBNDRY_E 0 -1.409e+04 4.909e+02 6.352e+01
s>            ( - 2.419e+02 1 0)
s>            ( QUESTION0_6_R 1 -1.384e+04 2.670e+02 6.252e+01
s>                ( - -9.308e+03 1 0)
s>                ( QUESTION0_0_R 1 -4.269e+03 1.120e+02 1.959e+01
s>                    ( - -3.116e+03 1 0)
s>                    ( - -1.040e+03 1 0)))))INFO: dtree.c(1478): Final simple tree
|( WDBNDRY_E 0 -1.661e+05 9.325e+02 7.724e+02
|    ( QUESTION0_1_R 1 -1.566e+05 4.243e+02 7.311e+02
|        ( - -5.750e+03 2 0)
|        ( QUESTION0_20_R 1 -1.504e+05 3.332e+02 7.012e+02
|            ( - -4.141e+04 4 0 QUESTION0 1 2.045e+02 1.890e+02)
|            ( QUESTION17 1 -1.087e+05 2.886e+02 5.123e+02
|                ( - -3.271e+03 1 0)
|                ( QUESTION3 1 -1.051e+05 2.451e+02 4.953e+02
|                    ( - -1.725e+04 2 0 QUESTION4 1 1.838e+02 7.894e+01)
|                    ( QUESTION15 1 -8.765e+04 2.485e+02 4.163e+02
|                        ( - -5.008e+03 1 0)
|                        ( SILENCE 1 -8.239e+04 2.387e+02 3.913e+02
|                            ( - -1.549e+04 1 0)
|                            ( - -6.666e+04 8 0 QUESTION1 1 2.240e+02 3.168e+02)))))))
|    ( - -8.525e+03 2 0 QUESTION0_0_R 1 1.858e+02 4.124e+01))
s>    ( WDBNDRY_E 0 -1.661e+05 9.325e+02 7.724e+02
s>        ( QUESTION0_1_R 1 -1.566e+05 4.243e+02 7.311e+02
s>            ( - -5.750e+03 2 0)
s>            ( QUESTION0_20_R 1 -1.504e+05 3.332e+02 7.012e+02
s>                ( - -4.141e+04 4 0 QUESTION0 1 2.045e+02 1.890e+02)
s>                ( QUESTION17 1 -1.087e+05 2.886e+02 5.123e+02
s>                    ( - -3.271e+03 1 0)
s>                    ( QUESTION3 1 -1.051e+05 2.451e+02 4.953e+02
s>                        ( - -1.725e+04 2 0 QUESTION4 1 1.838e+02 7.894e+01)
s>                        ( QUESTION15 1 -8.765e+04 2.485e+02 4.163e+02
s>                            ( - -5.008e+03 1 0)
s>                            ( SILENCE 1 -8.239e+04 2.387e+02 3.913e+02
s>                                ( - -1.549e+04 1 0)
s>                                ( - -6.666e+04 8 0 QUESTION1 1 2.240e+02 3.168e+02)))))))
s>        ( - -8.525e+03 2 0 QUESTION0_0_R 1 1.858e+02 4.124e+01))INFO: dtree.c(1315): Comp split 1
INFO: dtree.c(1478): Final simple tree
|( QUESTION0_1_R 1 -1.566e+05 4.243e+02 7.311e+02
|    ( - -5.750e+03 2 0)
|    ( QUESTION0_20_R 1 -1.504e+05 3.332e+02 7.012e+02
|        ( - -4.141e+04 4 0 QUESTION0 1 2.045e+02 1.890e+02)
|        ( QUESTION17 1 -1.087e+05 2.886e+02 5.123e+02
|            ( - -3.271e+03 1 0)
|            ( QUESTION3 1 -1.051e+05 2.451e+02 4.953e+02
|                ( - -1.725e+04 2 0 QUESTION4 1 1.838e+02 7.894e+01)
|                ( QUESTION15 1 -8.765e+04 2.485e+02 4.163e+02
|                    ( - -5.008e+03 1 0)
|                    ( SILENCE 1 -8.239e+04 2.387e+02 3.913e+02
|                        ( - -1.549e+04 1 0)
|                        ( QUESTION1 1 -6.666e+04 2.240e+02 3.168e+02
|                            ( - -5.863e+02 1 0)
|                            ( - -6.585e+04 7 0 QUESTION0_6_R 1 1.773e+02 3.138e+02))))))))
s>    ( QUESTION0_1_R 1 -1.566e+05 4.243e+02 7.311e+02
s>        ( - -5.750e+03 2 0)
s>        ( QUESTION0_20_R 1 -1.504e+05 3.332e+02 7.012e+02
s>            ( - -4.141e+04 4 0 QUESTION0 1 2.045e+02 1.890e+02)
s>            ( QUESTION17 1 -1.087e+05 2.886e+02 5.123e+02
s>                ( - -3.271e+03 1 0)
s>                ( QUESTION3 1 -1.051e+05 2.451e+02 4.953e+02
s>                    ( - -1.725e+04 2 0 QUESTION4 1 1.838e+02 7.894e+01)
s>                    ( QUESTION15 1 -8.765e+04 2.485e+02 4.163e+02
s>                        ( - -5.008e+03 1 0)
s>                        ( SILENCE 1 -8.239e+04 2.387e+02 3.913e+02
s>                            ( - -1.549e+04 1 0)
s>                            ( QUESTION1 1 -6.666e+04 2.240e+02 3.168e+02
s>                                ( - -5.863e+02 1 0)
s>                                ( - -6.585e+04 7 0 QUESTION0_6_R 1 1.773e+02 3.138e+02))))))))INFO: dtree.c(1439): stop. leaf nodes are specific
INFO: dtree.c(1478): Final simple tree
|( QUESTION0_0_R 1 -8.525e+03 1.858e+02 4.124e+01
|    ( - -7.856e+02 1 0)
|    ( - -7.553e+03 1 0))
s>    ( QUESTION0_0_R 1 -8.525e+03 1.858e+02 4.124e+01
s>        ( - -7.856e+02 1 0)
s>        ( - -7.553e+03 1 0))INFO: dtree.c(1315): Comp split 2
INFO: dtree.c(1478): Final simple tree
|( QUESTION0_1_R 1 -7.546e+04 3.403e+02 3.607e+02
|    ( - -5.750e+03 2 0)
|    ( QUESTION17 1 -6.937e+04 2.486e+02 3.308e+02
|        ( - -3.271e+03 1 0)
|        ( QUESTION0_6_R 1 -6.585e+04 1.773e+02 3.138e+02
|            ( - -1.045e+04 1 0)
|            ( QUESTION0_14_R 1 -5.523e+04 1.681e+02 2.636e+02
|                ( - -3.731e+03 1 0)
|                ( QUESTION0_10_R 1 -5.133e+04 1.552e+02 2.446e+02
|                    ( - -2.760e+04 1 0)
|                    ( QUESTION0_0_R 1 -2.357e+04 1.688e+02 1.122e+02
|                        ( QUESTION0_3_R 1 -3.983e+03 1.125e+02 1.899e+01
|                            ( - -1.812e+03 1 0)
|                            ( - -2.058e+03 1 0))
|                        ( - -1.942e+04 2 0)))))))
s>    ( QUESTION0_1_R 1 -7.546e+04 3.403e+02 3.607e+02
s>        ( - -5.750e+03 2 0)
s>        ( QUESTION17 1 -6.937e+04 2.486e+02 3.308e+02
s>            ( - -3.271e+03 1 0)
s>            ( QUESTION0_6_R 1 -6.585e+04 1.773e+02 3.138e+02
s>                ( - -1.045e+04 1 0)
s>                ( QUESTION0_14_R 1 -5.523e+04 1.681e+02 2.636e+02
s>                    ( - -3.731e+03 1 0)
s>                    ( QUESTION0_10_R 1 -5.133e+04 1.552e+02 2.446e+02
s>                        ( - -2.760e+04 1 0)
s>                        ( QUESTION0_0_R 1 -2.357e+04 1.688e+02 1.122e+02
s>                            ( QUESTION0_3_R 1 -3.983e+03 1.125e+02 1.899e+01
s>                                ( - -1.812e+03 1 0)
s>                                ( - -2.058e+03 1 0))
s>                            ( - -1.942e+04 2 0)))))))INFO: dtree.c(1439): stop. leaf nodes are specific
INFO: dtree.c(1478): Final simple tree
|( QUESTION20 1 -8.061e+04 2.601e+02 3.705e+02
|    ( - -3.615e+04 3 0)
|    ( QUESTION4 1 -4.420e+04 2.327e+02 2.056e+02
|        ( QUESTION0_13_R 1 -7.913e+03 1.239e+02 3.711e+01
|            ( - -2.730e+03 1 0)
|            ( - -5.059e+03 1 0))
|        ( QUESTION0_14_R 1 -3.606e+04 2.174e+02 1.685e+02
|            ( - -5.863e+02 1 0)
|            ( QUESTION0_0_R 1 -3.525e+04 2.194e+02 1.655e+02
|                ( - -5.008e+03 1 0)
|                ( SILENCE 1 -3.003e+04 1.971e+02 1.405e+02
|                    ( - -1.549e+04 1 0)
|                    ( - -1.433e+04 1 0))))))
s>    ( QUESTION20 1 -8.061e+04 2.601e+02 3.705e+02
s>        ( - -3.615e+04 3 0)
s>        ( QUESTION4 1 -4.420e+04 2.327e+02 2.056e+02
s>            ( QUESTION0_13_R 1 -7.913e+03 1.239e+02 3.711e+01
s>                ( - -2.730e+03 1 0)
s>                ( - -5.059e+03 1 0))
s>            ( QUESTION0_14_R 1 -3.606e+04 2.174e+02 1.685e+02
s>                ( - -5.863e+02 1 0)
s>                ( QUESTION0_0_R 1 -3.525e+04 2.194e+02 1.655e+02
s>                    ( - -5.008e+03 1 0)
s>                    ( SILENCE 1 -3.003e+04 1.971e+02 1.405e+02
s>                        ( - -1.549e+04 1 0)
s>                        ( - -1.433e+04 1 0))))))INFO: dtree.c(1315): Comp split 3
INFO: dtree.c(1439): stop. leaf nodes are specific
INFO: dtree.c(1478): Final simple tree
|( WDBNDRY_E 0 -1.409e+04 4.909e+02 6.352e+01
|    ( - 2.419e+02 1 0)
|    ( QUESTION0_6_R 1 -1.384e+04 2.670e+02 6.252e+01
|        ( - -9.308e+03 1 0)
|        ( QUESTION0_0_R 1 -4.269e+03 1.120e+02 1.959e+01
|            ( - -3.116e+03 1 0)
|            ( - -1.040e+03 1 0))))
s>    ( WDBNDRY_E 0 -1.409e+04 4.909e+02 6.352e+01
s>        ( - 2.419e+02 1 0)
s>        ( QUESTION0_6_R 1 -1.384e+04 2.670e+02 6.252e+01
s>            ( - -9.308e+03 1 0)
s>            ( QUESTION0_0_R 1 -4.269e+03 1.120e+02 1.959e+01
s>                ( - -3.116e+03 1 0)
s>                ( - -1.040e+03 1 0))))INFO: dtree.c(1315): Comp split 4
INFO: dtree.c(1439): stop. leaf nodes are specific
INFO: dtree.c(1478): Final simple tree
|( QUESTION0_6_R 1 -1.384e+04 2.670e+02 6.252e+01
|    ( - -9.308e+03 1 0)
|    ( QUESTION0_0_R 1 -4.269e+03 1.120e+02 1.959e+01
|        ( - -3.116e+03 1 0)
|        ( - -1.040e+03 1 0)))
s>    ( QUESTION0_6_R 1 -1.384e+04 2.670e+02 6.252e+01
s>        ( - -9.308e+03 1 0)
s>        ( QUESTION0_0_R 1 -4.269e+03 1.120e+02 1.959e+01
s>            ( - -3.116e+03 1 0)
s>            ( - -1.040e+03 1 0)))INFO: dtree.c(1315): Comp split 5
INFO: dtree.c(1439): stop. leaf nodes are specific
INFO: dtree.c(1478): Final simple tree
|( QUESTION0_6_R 1 -6.585e+04 1.773e+02 3.138e+02
|    ( - -1.045e+04 1 0)
|    ( QUESTION0_14_R 1 -5.523e+04 1.681e+02 2.636e+02
|        ( - -3.731e+03 1 0)
|        ( QUESTION0_10_R 1 -5.133e+04 1.552e+02 2.446e+02
|            ( - -2.760e+04 1 0)
|            ( QUESTION0_0_R 1 -2.357e+04 1.688e+02 1.122e+02
|                ( QUESTION0_3_R 1 -3.983e+03 1.125e+02 1.899e+01
|                    ( - -1.812e+03 1 0)
|                    ( - -2.058e+03 1 0))
|                ( - -1.942e+04 2 0)))))
s>    ( QUESTION0_6_R 1 -6.585e+04 1.773e+02 3.138e+02
s>        ( - -1.045e+04 1 0)
s>        ( QUESTION0_14_R 1 -5.523e+04 1.681e+02 2.636e+02
s>            ( - -3.731e+03 1 0)
s>            ( QUESTION0_10_R 1 -5.133e+04 1.552e+02 2.446e+02
s>                ( - -2.760e+04 1 0)
s>                ( QUESTION0_0_R 1 -2.357e+04 1.688e+02 1.122e+02
s>                    ( QUESTION0_3_R 1 -3.983e+03 1.125e+02 1.899e+01
s>                        ( - -1.812e+03 1 0)
s>                        ( - -2.058e+03 1 0))
s>                    ( - -1.942e+04 2 0)))))INFO: dtree.c(1439): stop. leaf nodes are specific
INFO: dtree.c(1478): Final simple tree
|( QUESTION0_1_R 1 -9.212e+03 1.899e+02 4.690e+01
|    ( - -5.750e+03 2 0)
|    ( - -3.271e+03 1 0))
s>    ( QUESTION0_1_R 1 -9.212e+03 1.899e+02 4.690e+01
s>        ( - -5.750e+03 2 0)
s>        ( - -3.271e+03 1 0))INFO: dtree.c(1315): Comp split 6
INFO: dtree.c(1439): stop. leaf nodes are specific
INFO: dtree.c(1478): Final simple tree
|( QUESTION0_0_R 1 -4.269e+03 1.120e+02 1.959e+01
|    ( - -3.116e+03 1 0)
|    ( - -1.040e+03 1 0))
s>    ( QUESTION0_0_R 1 -4.269e+03 1.120e+02 1.959e+01
s>        ( - -3.116e+03 1 0)
s>        ( - -1.040e+03 1 0))INFO: dtree.c(1315): Comp split 7
INFO: dtree.c(1439): stop. leaf nodes are specific
INFO: dtree.c(1478): Final simple tree
|( QUESTION4 1 -3.817e+04 2.262e+02 1.776e+02
|    ( QUESTION0_13_R 1 -7.913e+03 1.239e+02 3.711e+01
|        ( - -2.730e+03 1 0)
|        ( - -5.059e+03 1 0))
|    ( SILENCE 1 -3.003e+04 1.971e+02 1.405e+02
|        ( - -1.549e+04 1 0)
|        ( - -1.433e+04 1 0)))
s>    ( QUESTION4 1 -3.817e+04 2.262e+02 1.776e+02
s>        ( QUESTION0_13_R 1 -7.913e+03 1.239e+02 3.711e+01
s>            ( - -2.730e+03 1 0)
s>            ( - -5.059e+03 1 0))
s>        ( SILENCE 1 -3.003e+04 1.971e+02 1.405e+02
s>            ( - -1.549e+04 1 0)
s>            ( - -1.433e+04 1 0)))INFO: dtree.c(1439): stop. leaf nodes are specific
INFO: dtree.c(1478): Final simple tree
|( QUESTION0_20_R 1 -4.218e+04 2.328e+02 1.929e+02
|    ( - -3.615e+04 3 0)
|    ( QUESTION0_0_R 1 -5.802e+03 2.071e+02 2.806e+01
|        ( - -5.008e+03 1 0)
|        ( - -5.863e+02 1 0)))
s>    ( QUESTION0_20_R 1 -4.218e+04 2.328e+02 1.929e+02
s>        ( - -3.615e+04 3 0)
s>        ( QUESTION0_0_R 1 -5.802e+03 2.071e+02 2.806e+01
s>            ( - -5.008e+03 1 0)
s>            ( - -5.863e+02 1 0)))INFO: dtree.c(1315): Comp split 8
INFO: dtree.c(1439): stop. leaf nodes are specific
INFO: dtree.c(1478): Final simple tree
|( QUESTION0_0_R 1 -5.802e+03 2.071e+02 2.806e+01
|    ( - -5.008e+03 1 0)
|    ( - -5.863e+02 1 0))
s>    ( QUESTION0_0_R 1 -5.802e+03 2.071e+02 2.806e+01
s>        ( - -5.008e+03 1 0)
s>        ( - -5.863e+02 1 0))INFO: dtree.c(1315): Comp split 9
INFO: dtree.c(1439): stop. leaf nodes are specific
INFO: dtree.c(1478): Final simple tree
|( SILENCE 1 -3.003e+04 1.971e+02 1.405e+02
|    ( - -1.549e+04 1 0)
|    ( - -1.433e+04 1 0))
s>    ( SILENCE 1 -3.003e+04 1.971e+02 1.405e+02
s>        ( - -1.549e+04 1 0)
s>        ( - -1.433e+04 1 0))INFO: dtree.c(1439): stop. leaf nodes are specific
INFO: dtree.c(1478): Final simple tree
|( QUESTION0_13_R 1 -7.913e+03 1.239e+02 3.711e+01
|    ( - -2.730e+03 1 0)
|    ( - -5.059e+03 1 0))
s>    ( QUESTION0_13_R 1 -7.913e+03 1.239e+02 3.711e+01
s>        ( - -2.730e+03 1 0)
s>        ( - -5.059e+03 1 0))INFO: dtree.c(1315): Comp split 10
INFO: dtree.c(1315): Comp split 11
INFO: dtree.c(1439): stop. leaf nodes are specific
INFO: dtree.c(1478): Final simple tree
|( QUESTION0_6_R 1 -1.262e+04 1.152e+02 6.018e+01
|    ( - -1.045e+04 1 0)
|    ( - -2.058e+03 1 0))
s>    ( QUESTION0_6_R 1 -1.262e+04 1.152e+02 6.018e+01
s>        ( - -1.045e+04 1 0)
s>        ( - -2.058e+03 1 0))INFO: dtree.c(1439): stop. leaf nodes are specific
INFO: dtree.c(1478): Final simple tree
|( QUESTION0_14_R 1 -5.303e+04 1.680e+02 2.536e+02
|    ( - -3.731e+03 1 0)
|    ( QUESTION0_3_R 1 -4.913e+04 1.551e+02 2.346e+02
|        ( - -1.812e+03 1 0)
|        ( QUESTION0_0_R 1 -4.717e+04 1.455e+02 2.256e+02
|            ( - -2.760e+04 1 0)
|            ( - -1.942e+04 2 0))))
s>    ( QUESTION0_14_R 1 -5.303e+04 1.680e+02 2.536e+02
s>        ( - -3.731e+03 1 0)
s>        ( QUESTION0_3_R 1 -4.913e+04 1.551e+02 2.346e+02
s>            ( - -1.812e+03 1 0)
s>            ( QUESTION0_0_R 1 -4.717e+04 1.455e+02 2.256e+02
s>                ( - -2.760e+04 1 0)
s>                ( - -1.942e+04 2 0))))INFO: dtree.c(1315): Comp split 12
INFO: dtree.c(1315): Comp split 13
INFO: dtree.c(1315): Comp split 14
INFO: dtree.c(1315): Comp split 15
INFO: dtree.c(1439): stop. leaf nodes are specific
INFO: dtree.c(1478): Final simple tree
|( QUESTION0_3_R 1 -4.913e+04 1.551e+02 2.346e+02
|    ( - -1.812e+03 1 0)
|    ( QUESTION0_0_R 1 -4.717e+04 1.455e+02 2.256e+02
|        ( - -2.760e+04 1 0)
|        ( - -1.942e+04 2 0)))
s>    ( QUESTION0_3_R 1 -4.913e+04 1.551e+02 2.346e+02
s>        ( - -1.812e+03 1 0)
s>        ( QUESTION0_0_R 1 -4.717e+04 1.455e+02 2.256e+02
s>            ( - -2.760e+04 1 0)
s>            ( - -1.942e+04 2 0)))INFO: dtree.c(1315): Comp split 16
INFO: dtree.c(1439): stop. leaf nodes are specific
INFO: dtree.c(1478): Final simple tree
|( QUESTION0_0_R 1 -4.717e+04 1.455e+02 2.256e+02
|    ( - -2.760e+04 1 0)
|    ( - -1.942e+04 2 0))
s>    ( QUESTION0_0_R 1 -4.717e+04 1.455e+02 2.256e+02
s>        ( - -2.760e+04 1 0)
s>        ( - -1.942e+04 2 0))INFO: dtree.c(1315): Comp split 17
INFO: dtree.c(1315): Comp split 18
INFO: dtree.c(1315): Comp split 19
INFO: dtree.c(1315): Comp split 20
INFO: dtree.c(1315): Comp split 21
INFO: dtree.c(1318): stop. leaf nodes are specific
Wed Dec 20 23:52:20 2017
