Current configuration:
[NAME]		[DEFLT]	[VALUE]
-allphones	no	no
-cntthresh	0.00001	1.000000e-05
-csplitmax	100	2000
-csplitmin	1	1
-csplitthr	8e-4	0.000000e+00
-example	no	no
-fullvar	no	no
-help		no	no
-meanfn			/home/alex/repos/speech/an4/model_parameters/an4.cd_cont_untied/means
-mixwfn			/home/alex/repos/speech/an4/model_parameters/an4.cd_cont_untied/mixture_weights
-moddeffn		/home/alex/repos/speech/an4/model_architecture/an4.untied.mdef
-mwfloor	1e-4	1.000000e-08
-phone			OW
-psetfn			/home/alex/repos/speech/an4/model_architecture/an4.tree_questions
-ssplitmax	5	7
-ssplitmin	1	1
-ssplitthr	8e-4	0.000000e+00
-state			2
-stwt			1.0,0.05,0.0,
-treefn			/home/alex/repos/speech/an4/trees/an4.unpruned/OW-2.dtree
-ts2cbfn	.semi.	.cont.
-varfloor	0.00001	1.000000e-05
-varfn			/home/alex/repos/speech/an4/model_parameters/an4.cd_cont_untied/variances

INFO: main.c(223): Reading: /home/alex/repos/speech/an4/model_architecture/an4.untied.mdef
INFO: model_def_io.c(573): Model definition info:
INFO: model_def_io.c(574): 1618 total models defined (34 base, 1584 tri)
INFO: model_def_io.c(575): 6472 total states
INFO: model_def_io.c(576): 4854 total tied states
INFO: model_def_io.c(577): 102 total tied CI states
INFO: model_def_io.c(578): 34 total tied transition matrices
INFO: model_def_io.c(579): 4 max state/model
INFO: model_def_io.c(580): 4 min state/model
INFO: main.c(242): Building trees for [OW AY AA s] through [OW V SIL s]
INFO: main.c(269): Covering states |[3225 3578]| == 354
INFO: main.c(275): Reading: /home/alex/repos/speech/an4/model_parameters/an4.cd_cont_untied/mixture_weights
INFO: s3mixw_io.c(173): Read /home/alex/repos/speech/an4/model_parameters/an4.cd_cont_untied/mixture_weights [354x1x1 array]
INFO: main.c(311): 118 of 118 models have observation count greater than 0.000010
INFO: main.c(95): nrm stwt: 0.000 0.048 0.952 
INFO: s3gau_io.c(169): Read /home/alex/repos/speech/an4/model_parameters/an4.cd_cont_untied/means [4854x1x1 array]
INFO: s3gau_io.c(169): Read /home/alex/repos/speech/an4/model_parameters/an4.cd_cont_untied/variances [4854x1x1 array]
INFO: main.c(549): Reading: /home/alex/repos/speech/an4/model_architecture/an4.tree_questions
INFO: main.c(588): 180 total simple questions (172 phone; 8 word bndry)
INFO: main.c(590): 42 Left Only questions, and 42 Right Only questions
INFO: dtree.c(1478): Final simple tree
|( SILENCE 1 -4.235e+05 1.148e+03 1.900e+03
|    ( QUESTION3 -1 -8.999e+04 5.374e+02 4.047e+02
|        ( - -2.439e+04 2 0 WDBNDRY_E 0 2.184e+02 1.115e+02)
|        ( - -6.506e+04 9 0 WDBNDRY_E 0 2.533e+02 2.932e+02))
|    ( QUESTION0_15_R 1 -3.323e+05 6.895e+02 1.495e+03
|        ( - -7.036e+04 16 0 QUESTION6 -1 3.153e+02 3.245e+02)
|        ( QUESTION0_10_R 1 -2.613e+05 7.414e+02 1.171e+03
|            ( QUESTION0_11_R 1 -8.549e+04 4.194e+02 3.883e+02
|                ( - -9.918e+03 6 0 QUESTION2 -1 1.763e+02 4.686e+01)
|                ( - -7.516e+04 11 0 QUESTION1 -1 2.582e+02 3.414e+02))
|            ( QUESTION20 -1 -1.750e+05 4.525e+02 7.827e+02
|                ( - -9.068e+04 31 0 QUESTION0_7_R 1 3.495e+02 4.097e+02)
|                ( QUESTION15 1 -8.391e+04 4.904e+02 3.730e+02
|                    ( - 5.322e+01 1 0)
|                    ( - -8.347e+04 42 0 QUESTION0_1_R 1 3.228e+02 3.720e+02))))))
s>    ( SILENCE 1 -4.235e+05 1.148e+03 1.900e+03
s>        ( QUESTION3 -1 -8.999e+04 5.374e+02 4.047e+02
s>            ( - -2.439e+04 2 0 WDBNDRY_E 0 2.184e+02 1.115e+02)
s>            ( - -6.506e+04 9 0 WDBNDRY_E 0 2.533e+02 2.932e+02))
s>        ( QUESTION0_15_R 1 -3.323e+05 6.895e+02 1.495e+03
s>            ( - -7.036e+04 16 0 QUESTION6 -1 3.153e+02 3.245e+02)
s>            ( QUESTION0_10_R 1 -2.613e+05 7.414e+02 1.171e+03
s>                ( QUESTION0_11_R 1 -8.549e+04 4.194e+02 3.883e+02
s>                    ( - -9.918e+03 6 0 QUESTION2 -1 1.763e+02 4.686e+01)
s>                    ( - -7.516e+04 11 0 QUESTION1 -1 2.582e+02 3.414e+02))
s>                ( QUESTION20 -1 -1.750e+05 4.525e+02 7.827e+02
s>                    ( - -9.068e+04 31 0 QUESTION0_7_R 1 3.495e+02 4.097e+02)
s>                    ( QUESTION15 1 -8.391e+04 4.904e+02 3.730e+02
s>                        ( - 5.322e+01 1 0)
s>                        ( - -8.347e+04 42 0 QUESTION0_1_R 1 3.228e+02 3.720e+02))))))INFO: dtree.c(1315): Comp split 0
INFO: dtree.c(1478): Final simple tree
|( SILENCE 1 -1.746e+05 6.833e+02 7.777e+02
|    ( QUESTION3 -1 -8.999e+04 5.374e+02 4.047e+02
|        ( - -2.439e+04 2 0 WDBNDRY_E 0 2.184e+02 1.115e+02)
|        ( - -6.506e+04 9 0 WDBNDRY_E 0 2.533e+02 2.932e+02))
|    ( QUESTION15 1 -8.391e+04 4.904e+02 3.730e+02
|        ( - 5.322e+01 1 0)
|        ( QUESTION0_1_R 1 -8.347e+04 3.228e+02 3.720e+02
|            ( QUESTION8 -1 -3.199e+04 2.887e+02 1.466e+02
|                ( - -8.274e+03 3 0 QUESTION9 -1 1.918e+02 3.986e+01)
|                ( - -2.342e+04 6 0 QUESTION2 -1 2.467e+02 1.067e+02))
|            ( QUESTION0 1 -5.116e+04 3.090e+02 2.254e+02
|                ( QUESTION0_20_R 1 -3.836e+04 2.840e+02 1.699e+02
|                    ( - -3.617e+03 2 0 QUESTION1 -1 1.861e+02 1.700e+01)
|                    ( - -3.446e+04 23 0 QUESTION0_7_R 1 2.404e+02 1.529e+02))
|                ( - -1.249e+04 8 0 SILENCE -1 2.168e+02 5.552e+01)))))
s>    ( SILENCE 1 -1.746e+05 6.833e+02 7.777e+02
s>        ( QUESTION3 -1 -8.999e+04 5.374e+02 4.047e+02
s>            ( - -2.439e+04 2 0 WDBNDRY_E 0 2.184e+02 1.115e+02)
s>            ( - -6.506e+04 9 0 WDBNDRY_E 0 2.533e+02 2.932e+02))
s>        ( QUESTION15 1 -8.391e+04 4.904e+02 3.730e+02
s>            ( - 5.322e+01 1 0)
s>            ( QUESTION0_1_R 1 -8.347e+04 3.228e+02 3.720e+02
s>                ( QUESTION8 -1 -3.199e+04 2.887e+02 1.466e+02
s>                    ( - -8.274e+03 3 0 QUESTION9 -1 1.918e+02 3.986e+01)
s>                    ( - -2.342e+04 6 0 QUESTION2 -1 2.467e+02 1.067e+02))
s>                ( QUESTION0 1 -5.116e+04 3.090e+02 2.254e+02
s>                    ( QUESTION0_20_R 1 -3.836e+04 2.840e+02 1.699e+02
s>                        ( - -3.617e+03 2 0 QUESTION1 -1 1.861e+02 1.700e+01)
s>                        ( - -3.446e+04 23 0 QUESTION0_7_R 1 2.404e+02 1.529e+02))
s>                    ( - -1.249e+04 8 0 SILENCE -1 2.168e+02 5.552e+01)))))INFO: dtree.c(1478): Final simple tree
|( QUESTION0_15_R 1 -2.476e+05 5.144e+02 1.122e+03
|    ( QUESTION6 -1 -7.036e+04 3.153e+02 3.245e+02
|        ( - -8.743e+03 1 0)
|        ( QUESTION0 1 -6.131e+04 3.173e+02 2.821e+02
|            ( - -3.324e+04 10 0 QUESTION2_0_L -1 2.558e+02 1.511e+02)
|            ( QUESTION2_14_L -1 -2.775e+04 3.427e+02 1.310e+02
|                ( - -3.554e+03 1 0)
|                ( - -2.385e+04 4 0 QUESTION2 -1 2.024e+02 1.140e+02))))
|    ( QUESTION0_10_R 1 -1.767e+05 5.248e+02 7.979e+02
|        ( QUESTION0_11_R 1 -8.549e+04 4.194e+02 3.883e+02
|            ( - -9.918e+03 6 0 QUESTION2 -1 1.763e+02 4.686e+01)
|            ( - -7.516e+04 11 0 QUESTION1 -1 2.582e+02 3.414e+02))
|        ( QUESTION0_7_R 1 -9.068e+04 3.495e+02 4.097e+02
|            ( - -3.216e+03 2 0 QUESTION9 1 1.625e+02 1.600e+01)
|            ( - -8.711e+04 29 0 QUESTION0_1_R 1 3.026e+02 3.937e+02))))
s>    ( QUESTION0_15_R 1 -2.476e+05 5.144e+02 1.122e+03
s>        ( QUESTION6 -1 -7.036e+04 3.153e+02 3.245e+02
s>            ( - -8.743e+03 1 0)
s>            ( QUESTION0 1 -6.131e+04 3.173e+02 2.821e+02
s>                ( - -3.324e+04 10 0 QUESTION2_0_L -1 2.558e+02 1.511e+02)
s>                ( QUESTION2_14_L -1 -2.775e+04 3.427e+02 1.310e+02
s>                    ( - -3.554e+03 1 0)
s>                    ( - -2.385e+04 4 0 QUESTION2 -1 2.024e+02 1.140e+02))))
s>        ( QUESTION0_10_R 1 -1.767e+05 5.248e+02 7.979e+02
s>            ( QUESTION0_11_R 1 -8.549e+04 4.194e+02 3.883e+02
s>                ( - -9.918e+03 6 0 QUESTION2 -1 1.763e+02 4.686e+01)
s>                ( - -7.516e+04 11 0 QUESTION1 -1 2.582e+02 3.414e+02))
s>            ( QUESTION0_7_R 1 -9.068e+04 3.495e+02 4.097e+02
s>                ( - -3.216e+03 2 0 QUESTION9 1 1.625e+02 1.600e+01)
s>                ( - -8.711e+04 29 0 QUESTION0_1_R 1 3.026e+02 3.937e+02))))INFO: dtree.c(1315): Comp split 1
INFO: dtree.c(1478): Final simple tree
|( QUESTION0_10_R 1 -9.747e+04 4.396e+02 4.405e+02
|    ( - -9.918e+03 6 0 QUESTION2 -1 1.763e+02 4.686e+01)
|    ( QUESTION0_1_R 1 -8.711e+04 3.026e+02 3.937e+02
|        ( QUESTION2_8_L -1 -2.908e+04 2.654e+02 1.330e+02
|            ( - -2.374e+03 1 0)
|            ( QUESTION2_14_L -1 -2.644e+04 2.706e+02 1.200e+02
|                ( - -1.579e+04 2 0)
|                ( - -1.037e+04 5 0 QUESTION2_7_L -1 1.828e+02 4.588e+01)))
|        ( QUESTION15 1 -5.773e+04 2.862e+02 2.607e+02
|            ( - -9.964e+02 1 0)
|            ( QUESTION2_15_L -1 -5.645e+04 2.522e+02 2.557e+02
|                ( QUESTION0_20_R 1 -2.539e+04 2.680e+02 1.167e+02
|                    ( - -8.606e+03 4 0)
|                    ( - -1.652e+04 6 0 QUESTION0_9_R 1 2.451e+02 7.568e+01))
|                ( - -3.080e+04 10 0 QUESTION0_13_R 1 1.849e+02 1.390e+02)))))
s>    ( QUESTION0_10_R 1 -9.747e+04 4.396e+02 4.405e+02
s>        ( - -9.918e+03 6 0 QUESTION2 -1 1.763e+02 4.686e+01)
s>        ( QUESTION0_1_R 1 -8.711e+04 3.026e+02 3.937e+02
s>            ( QUESTION2_8_L -1 -2.908e+04 2.654e+02 1.330e+02
s>                ( - -2.374e+03 1 0)
s>                ( QUESTION2_14_L -1 -2.644e+04 2.706e+02 1.200e+02
s>                    ( - -1.579e+04 2 0)
s>                    ( - -1.037e+04 5 0 QUESTION2_7_L -1 1.828e+02 4.588e+01)))
s>            ( QUESTION15 1 -5.773e+04 2.862e+02 2.607e+02
s>                ( - -9.964e+02 1 0)
s>                ( QUESTION2_15_L -1 -5.645e+04 2.522e+02 2.557e+02
s>                    ( QUESTION0_20_R 1 -2.539e+04 2.680e+02 1.167e+02
s>                        ( - -8.606e+03 4 0)
s>                        ( - -1.652e+04 6 0 QUESTION0_9_R 1 2.451e+02 7.568e+01))
s>                    ( - -3.080e+04 10 0 QUESTION0_13_R 1 1.849e+02 1.390e+02)))))INFO: dtree.c(1478): Final simple tree
|( QUESTION4 1 -1.494e+05 3.844e+02 6.819e+02
|    ( SILENCE -1 -3.141e+04 3.070e+02 1.453e+02
|        ( - -3.002e+03 1 0)
|        ( QUESTION2_8_L -1 -2.810e+04 2.746e+02 1.303e+02
|            ( - -2.947e+03 1 0)
|            ( - -2.487e+04 6 0 QUESTION8 -1 2.647e+02 1.173e+02)))
|    ( QUESTION0 1 -1.176e+05 3.204e+02 5.365e+02
|        ( QUESTION0_6_R 1 -8.952e+04 3.192e+02 4.056e+02
|            ( - -3.216e+03 2 0 QUESTION9 1 1.625e+02 1.600e+01)
|            ( QUESTION2_14_L -1 -8.598e+04 2.900e+02 3.896e+02
|                ( - -2.542e+04 3 0 QUESTION0_0_R 1 2.082e+02 1.163e+02)
|                ( - -6.028e+04 11 0 QUESTION2_7_L -1 2.511e+02 2.733e+02)))
|        ( QUESTION2_14_L -1 -2.775e+04 3.427e+02 1.310e+02
|            ( - -3.554e+03 1 0)
|            ( - -2.385e+04 4 0 QUESTION2 -1 2.024e+02 1.140e+02))))
s>    ( QUESTION4 1 -1.494e+05 3.844e+02 6.819e+02
s>        ( SILENCE -1 -3.141e+04 3.070e+02 1.453e+02
s>            ( - -3.002e+03 1 0)
s>            ( QUESTION2_8_L -1 -2.810e+04 2.746e+02 1.303e+02
s>                ( - -2.947e+03 1 0)
s>                ( - -2.487e+04 6 0 QUESTION8 -1 2.647e+02 1.173e+02)))
s>        ( QUESTION0 1 -1.176e+05 3.204e+02 5.365e+02
s>            ( QUESTION0_6_R 1 -8.952e+04 3.192e+02 4.056e+02
s>                ( - -3.216e+03 2 0 QUESTION9 1 1.625e+02 1.600e+01)
s>                ( QUESTION2_14_L -1 -8.598e+04 2.900e+02 3.896e+02
s>                    ( - -2.542e+04 3 0 QUESTION0_0_R 1 2.082e+02 1.163e+02)
s>                    ( - -6.028e+04 11 0 QUESTION2_7_L -1 2.511e+02 2.733e+02)))
s>            ( QUESTION2_14_L -1 -2.775e+04 3.427e+02 1.310e+02
s>                ( - -3.554e+03 1 0)
s>                ( - -2.385e+04 4 0 QUESTION2 -1 2.024e+02 1.140e+02))))INFO: dtree.c(1315): Comp split 2
INFO: dtree.c(1478): Final simple tree
|( QUESTION0_0_R 1 -7.955e+04 3.235e+02 3.550e+02
|    ( QUESTION0_7_R 1 -6.395e+04 3.099e+02 2.875e+02
|        ( - -6.524e+03 4 0 QUESTION15 -1 2.122e+02 2.883e+01)
|        ( WDBNDRY_S 0 -5.712e+04 3.156e+02 2.586e+02
|            ( SILENCE -1 -4.484e+04 2.513e+02 2.044e+02
|                ( - -1.839e+03 1 0)
|                ( QUESTION2 -1 -4.275e+04 2.304e+02 1.954e+02
|                    ( QUESTION0_6_R 1 -1.841e+04 2.974e+02 8.456e+01
|                        ( - -2.450e+03 1 0)
|                        ( - -1.566e+04 4 0 QUESTION0_3_R 1 2.408e+02 7.156e+01))
|                    ( - -2.411e+04 14 0 QUESTION17 1 1.937e+02 1.109e+02)))
|            ( QUESTION17 1 -1.197e+04 4.629e+02 5.423e+01
|                ( - 2.414e+02 1 0)
|                ( - -1.174e+04 4 0 QUESTION0_3_R 1 1.897e+02 5.323e+01))))
|    ( - -1.527e+04 11 0 SILENCE -1 2.101e+02 6.752e+01))
s>    ( QUESTION0_0_R 1 -7.955e+04 3.235e+02 3.550e+02
s>        ( QUESTION0_7_R 1 -6.395e+04 3.099e+02 2.875e+02
s>            ( - -6.524e+03 4 0 QUESTION15 -1 2.122e+02 2.883e+01)
s>            ( WDBNDRY_S 0 -5.712e+04 3.156e+02 2.586e+02
s>                ( SILENCE -1 -4.484e+04 2.513e+02 2.044e+02
s>                    ( - -1.839e+03 1 0)
s>                    ( QUESTION2 -1 -4.275e+04 2.304e+02 1.954e+02
s>                        ( QUESTION0_6_R 1 -1.841e+04 2.974e+02 8.456e+01
s>                            ( - -2.450e+03 1 0)
s>                            ( - -1.566e+04 4 0 QUESTION0_3_R 1 2.408e+02 7.156e+01))
s>                        ( - -2.411e+04 14 0 QUESTION17 1 1.937e+02 1.109e+02)))
s>                ( QUESTION17 1 -1.197e+04 4.629e+02 5.423e+01
s>                    ( - 2.414e+02 1 0)
s>                    ( - -1.174e+04 4 0 QUESTION0_3_R 1 1.897e+02 5.323e+01))))
s>        ( - -1.527e+04 11 0 SILENCE -1 2.101e+02 6.752e+01))INFO: dtree.c(1478): Final simple tree
|( QUESTION3 -1 -9.432e+04 5.087e+02 4.227e+02
|    ( SILENCE 1 -2.584e+04 2.737e+02 1.175e+02
|        ( WDBNDRY_E 0 -2.439e+04 2.184e+02 1.115e+02
|            ( - -2.345e+04 1 0)
|            ( - -7.277e+02 1 0))
|        ( - -1.171e+03 1 0))
|    ( QUESTION0_0_R 1 -6.797e+04 4.935e+02 3.052e+02
|        ( - 5.322e+01 1 0)
|        ( WDBNDRY_E 0 -6.753e+04 2.746e+02 3.042e+02
|            ( QUESTION1 -1 -4.970e+04 2.329e+02 2.261e+02
|                ( - -3.181e+04 1 0)
|                ( - -1.766e+04 1 0))
|            ( SILENCE 1 -1.756e+04 1.975e+02 7.810e+01
|                ( - -1.510e+04 7 0 QUESTION2_14_L -1 1.774e+02 6.710e+01)
|                ( - -2.260e+03 1 0)))))
s>    ( QUESTION3 -1 -9.432e+04 5.087e+02 4.227e+02
s>        ( SILENCE 1 -2.584e+04 2.737e+02 1.175e+02
s>            ( WDBNDRY_E 0 -2.439e+04 2.184e+02 1.115e+02
s>                ( - -2.345e+04 1 0)
s>                ( - -7.277e+02 1 0))
s>            ( - -1.171e+03 1 0))
s>        ( QUESTION0_0_R 1 -6.797e+04 4.935e+02 3.052e+02
s>            ( - 5.322e+01 1 0)
s>            ( WDBNDRY_E 0 -6.753e+04 2.746e+02 3.042e+02
s>                ( QUESTION1 -1 -4.970e+04 2.329e+02 2.261e+02
s>                    ( - -3.181e+04 1 0)
s>                    ( - -1.766e+04 1 0))
s>                ( SILENCE 1 -1.756e+04 1.975e+02 7.810e+01
s>                    ( - -1.510e+04 7 0 QUESTION2_14_L -1 1.774e+02 6.710e+01)
s>                    ( - -2.260e+03 1 0)))))INFO: dtree.c(1315): Comp split 3
INFO: dtree.c(1439): stop. leaf nodes are specific
INFO: dtree.c(1478): Final simple tree
|( WDBNDRY_E 0 -2.389e+04 4.927e+02 1.085e+02
|    ( - -2.345e+04 1 0)
|    ( - 5.322e+01 1 0))
s>    ( WDBNDRY_E 0 -2.389e+04 4.927e+02 1.085e+02
s>        ( - -2.345e+04 1 0)
s>        ( - 5.322e+01 1 0))INFO: dtree.c(1478): Final simple tree
|( WDBNDRY_E 0 -6.987e+04 2.707e+02 3.142e+02
|    ( QUESTION1 -1 -4.970e+04 2.329e+02 2.261e+02
|        ( - -3.181e+04 1 0)
|        ( - -1.766e+04 1 0))
|    ( SILENCE 1 -1.989e+04 2.399e+02 8.810e+01
|        ( QUESTION3 -1 -1.604e+04 2.118e+02 7.110e+01
|            ( - -7.277e+02 1 0)
|            ( QUESTION2_14_L -1 -1.510e+04 1.774e+02 6.710e+01
|                ( - -2.052e+03 2 0)
|                ( QUESTION2_0_L -1 -1.287e+04 1.701e+02 5.710e+01
|                    ( - -1.234e+03 1 0)
|                    ( - -1.147e+04 4 0 QUESTION8 -1 1.543e+02 5.104e+01))))
|        ( QUESTION1 -1 -3.617e+03 1.861e+02 1.700e+01
|            ( - -1.171e+03 1 0)
|            ( - -2.260e+03 1 0))))
s>    ( WDBNDRY_E 0 -6.987e+04 2.707e+02 3.142e+02
s>        ( QUESTION1 -1 -4.970e+04 2.329e+02 2.261e+02
s>            ( - -3.181e+04 1 0)
s>            ( - -1.766e+04 1 0))
s>        ( SILENCE 1 -1.989e+04 2.399e+02 8.810e+01
s>            ( QUESTION3 -1 -1.604e+04 2.118e+02 7.110e+01
s>                ( - -7.277e+02 1 0)
s>                ( QUESTION2_14_L -1 -1.510e+04 1.774e+02 6.710e+01
s>                    ( - -2.052e+03 2 0)
s>                    ( QUESTION2_0_L -1 -1.287e+04 1.701e+02 5.710e+01
s>                        ( - -1.234e+03 1 0)
s>                        ( - -1.147e+04 4 0 QUESTION8 -1 1.543e+02 5.104e+01))))
s>            ( QUESTION1 -1 -3.617e+03 1.861e+02 1.700e+01
s>                ( - -1.171e+03 1 0)
s>                ( - -2.260e+03 1 0))))INFO: dtree.c(1315): Comp split 4
INFO: dtree.c(1315): Comp split 5
INFO: dtree.c(1478): Final simple tree
|( QUESTION15 1 -8.446e+04 2.957e+02 3.807e+02
|    ( - -9.964e+02 1 0)
|    ( QUESTION0_20_R 1 -8.317e+04 2.859e+02 3.757e+02
|        ( QUESTION2_15_L -1 -2.379e+04 2.571e+02 1.083e+02
|            ( - -8.606e+03 4 0)
|            ( - -1.493e+04 5 0 QUESTION2_7_L -1 1.393e+02 6.735e+01))
|        ( QUESTION16 1 -5.910e+04 2.700e+02 2.673e+02
|            ( - -1.928e+04 4 0 QUESTION0_0_R 1 1.925e+02 9.041e+01)
|            ( QUESTION2_14_L -1 -3.955e+04 2.305e+02 1.769e+02
|                ( - -2.189e+04 5 0 QUESTION0_2_R 1 1.812e+02 1.000e+02)
|                ( QUESTION0_5_R 1 -1.743e+04 1.966e+02 7.688e+01
|                    ( - -5.265e+02 1 0)
|                    ( QUESTION2_7_L -1 -1.670e+04 1.948e+02 7.388e+01
|                        ( - -6.666e+03 3 0 QUESTION0_1_R 1 2.363e+02 3.000e+01)
|                        ( - -9.842e+03 5 0 QUESTION0_1_R 1 1.483e+02 4.388e+01)))))))
s>    ( QUESTION15 1 -8.446e+04 2.957e+02 3.807e+02
s>        ( - -9.964e+02 1 0)
s>        ( QUESTION0_20_R 1 -8.317e+04 2.859e+02 3.757e+02
s>            ( QUESTION2_15_L -1 -2.379e+04 2.571e+02 1.083e+02
s>                ( - -8.606e+03 4 0)
s>                ( - -1.493e+04 5 0 QUESTION2_7_L -1 1.393e+02 6.735e+01))
s>            ( QUESTION16 1 -5.910e+04 2.700e+02 2.673e+02
s>                ( - -1.928e+04 4 0 QUESTION0_0_R 1 1.925e+02 9.041e+01)
s>                ( QUESTION2_14_L -1 -3.955e+04 2.305e+02 1.769e+02
s>                    ( - -2.189e+04 5 0 QUESTION0_2_R 1 1.812e+02 1.000e+02)
s>                    ( QUESTION0_5_R 1 -1.743e+04 1.966e+02 7.688e+01
s>                        ( - -5.265e+02 1 0)
s>                        ( QUESTION2_7_L -1 -1.670e+04 1.948e+02 7.388e+01
s>                            ( - -6.666e+03 3 0 QUESTION0_1_R 1 2.363e+02 3.000e+01)
s>                            ( - -9.842e+03 5 0 QUESTION0_1_R 1 1.483e+02 4.388e+01)))))))INFO: dtree.c(1439): stop. leaf nodes are specific
INFO: dtree.c(1478): Final simple tree
|( QUESTION0_1_R 1 -1.254e+04 2.448e+02 5.985e+01
|    ( - -2.374e+03 1 0)
|    ( QUESTION2 -1 -9.918e+03 1.763e+02 4.686e+01
|        ( - -1.119e+03 1 0)
|        ( QUESTION2_20_L -1 -8.622e+03 2.810e+02 4.086e+01
|            ( - -5.026e+02 1 0)
|            ( QUESTION8 -1 -7.838e+03 1.884e+02 3.786e+01
|                ( - -1.493e+03 1 0)
|                ( WDBNDRY_E 0 -6.157e+03 1.914e+02 2.988e+01
|                    ( - -3.286e+03 1 0)
|                    ( QUESTION0 -1 -2.679e+03 1.521e+02 1.399e+01
|                        ( - -1.244e+03 1 0)
|                        ( - -1.284e+03 1 0)))))))
s>    ( QUESTION0_1_R 1 -1.254e+04 2.448e+02 5.985e+01
s>        ( - -2.374e+03 1 0)
s>        ( QUESTION2 -1 -9.918e+03 1.763e+02 4.686e+01
s>            ( - -1.119e+03 1 0)
s>            ( QUESTION2_20_L -1 -8.622e+03 2.810e+02 4.086e+01
s>                ( - -5.026e+02 1 0)
s>                ( QUESTION8 -1 -7.838e+03 1.884e+02 3.786e+01
s>                    ( - -1.493e+03 1 0)
s>                    ( WDBNDRY_E 0 -6.157e+03 1.914e+02 2.988e+01
s>                        ( - -3.286e+03 1 0)
s>                        ( QUESTION0 -1 -2.679e+03 1.521e+02 1.399e+01
s>                            ( - -1.244e+03 1 0)
s>                            ( - -1.284e+03 1 0)))))))INFO: dtree.c(1315): Comp split 6
INFO: dtree.c(1478): Final simple tree
|( QUESTION0_0_R 1 -7.933e+04 3.236e+02 3.540e+02
|    ( QUESTION0_7_R 1 -6.373e+04 3.088e+02 2.865e+02
|        ( - -6.524e+03 4 0 QUESTION15 -1 2.122e+02 2.883e+01)
|        ( WDBNDRY_S 0 -5.690e+04 3.134e+02 2.576e+02
|            ( SILENCE -1 -4.484e+04 2.513e+02 2.044e+02
|                ( - -1.839e+03 1 0)
|                ( QUESTION2 -1 -4.275e+04 2.304e+02 1.954e+02
|                    ( QUESTION0_6_R 1 -1.841e+04 2.974e+02 8.456e+01
|                        ( - -2.450e+03 1 0)
|                        ( QUESTION0_3_R 1 -1.566e+04 2.408e+02 7.156e+01
|                            ( - -5.629e+03 1 0)
|                            ( - -9.790e+03 3 0 QUESTION0_1_R 1 1.901e+02 4.548e+01)))
|                    ( - -2.411e+04 14 0 QUESTION17 1 1.937e+02 1.109e+02)))
|            ( - -1.174e+04 4 0 QUESTION0_3_R 1 1.897e+02 5.323e+01)))
|    ( - -1.527e+04 11 0 SILENCE -1 2.101e+02 6.752e+01))
s>    ( QUESTION0_0_R 1 -7.933e+04 3.236e+02 3.540e+02
s>        ( QUESTION0_7_R 1 -6.373e+04 3.088e+02 2.865e+02
s>            ( - -6.524e+03 4 0 QUESTION15 -1 2.122e+02 2.883e+01)
s>            ( WDBNDRY_S 0 -5.690e+04 3.134e+02 2.576e+02
s>                ( SILENCE -1 -4.484e+04 2.513e+02 2.044e+02
s>                    ( - -1.839e+03 1 0)
s>                    ( QUESTION2 -1 -4.275e+04 2.304e+02 1.954e+02
s>                        ( QUESTION0_6_R 1 -1.841e+04 2.974e+02 8.456e+01
s>                            ( - -2.450e+03 1 0)
s>                            ( QUESTION0_3_R 1 -1.566e+04 2.408e+02 7.156e+01
s>                                ( - -5.629e+03 1 0)
s>                                ( - -9.790e+03 3 0 QUESTION0_1_R 1 1.901e+02 4.548e+01)))
s>                        ( - -2.411e+04 14 0 QUESTION17 1 1.937e+02 1.109e+02)))
s>                ( - -1.174e+04 4 0 QUESTION0_3_R 1 1.897e+02 5.323e+01)))
s>        ( - -1.527e+04 11 0 SILENCE -1 2.101e+02 6.752e+01))INFO: dtree.c(1315): Comp split 7
INFO: dtree.c(1478): Final simple tree
|( QUESTION0 1 -4.907e+04 3.458e+02 2.313e+02
|    ( QUESTION8 -1 -2.487e+04 2.647e+02 1.173e+02
|        ( - -1.566e+03 1 0)
|        ( QUESTION2_0_L -1 -2.304e+04 2.396e+02 1.093e+02
|            ( - -2.035e+03 1 0)
|            ( QUESTION2_14_L -1 -2.077e+04 2.182e+02 9.830e+01
|                ( - -7.290e+03 1 0)
|                ( QUESTION0 -1 -1.326e+04 2.548e+02 6.239e+01
|                    ( - -8.743e+03 1 0)
|                    ( - -4.264e+03 2 0)))))
|    ( QUESTION2 -1 -2.385e+04 2.024e+02 1.140e+02
|        ( - -5.061e+03 1 0)
|        ( QUESTION0 -1 -1.859e+04 1.315e+02 8.897e+01
|            ( - -5.596e+03 1 0)
|            ( - -1.286e+04 2 0))))
s>    ( QUESTION0 1 -4.907e+04 3.458e+02 2.313e+02
s>        ( QUESTION8 -1 -2.487e+04 2.647e+02 1.173e+02
s>            ( - -1.566e+03 1 0)
s>            ( QUESTION2_0_L -1 -2.304e+04 2.396e+02 1.093e+02
s>                ( - -2.035e+03 1 0)
s>                ( QUESTION2_14_L -1 -2.077e+04 2.182e+02 9.830e+01
s>                    ( - -7.290e+03 1 0)
s>                    ( QUESTION0 -1 -1.326e+04 2.548e+02 6.239e+01
s>                        ( - -8.743e+03 1 0)
s>                        ( - -4.264e+03 2 0)))))
s>        ( QUESTION2 -1 -2.385e+04 2.024e+02 1.140e+02
s>            ( - -5.061e+03 1 0)
s>            ( QUESTION0 -1 -1.859e+04 1.315e+02 8.897e+01
s>                ( - -5.596e+03 1 0)
s>                ( - -1.286e+04 2 0))))INFO: dtree.c(1478): Final simple tree
|( QUESTION4 1 -9.986e+04 3.344e+02 4.506e+02
|    ( SILENCE -1 -6.216e+03 2.669e+02 2.801e+01
|        ( - -3.002e+03 1 0)
|        ( - -2.947e+03 1 0))
|    ( QUESTION0_6_R 1 -9.331e+04 3.111e+02 4.226e+02
|        ( - -3.216e+03 2 0 QUESTION9 1 1.625e+02 1.600e+01)
|        ( QUESTION2_14_L -1 -8.978e+04 2.822e+02 4.066e+02
|            ( QUESTION0 1 -2.922e+04 2.520e+02 1.333e+02
|                ( - -2.542e+04 3 0 QUESTION0_0_R 1 2.082e+02 1.163e+02)
|                ( - -3.554e+03 1 0))
|            ( QUESTION2_7_L -1 -6.028e+04 2.511e+02 2.733e+02
|                ( - -2.359e+04 3 0 QUESTION2_8_L -1 1.842e+02 1.114e+02)
|                ( QUESTION0 -1 -3.644e+04 2.112e+02 1.619e+02
|                    ( - -1.413e+04 3 0 QUESTION0_0_R 1 1.614e+02 6.016e+01)
|                    ( - -2.210e+04 5 0 SILENCE -1 1.912e+02 1.017e+02))))))
s>    ( QUESTION4 1 -9.986e+04 3.344e+02 4.506e+02
s>        ( SILENCE -1 -6.216e+03 2.669e+02 2.801e+01
s>            ( - -3.002e+03 1 0)
s>            ( - -2.947e+03 1 0))
s>        ( QUESTION0_6_R 1 -9.331e+04 3.111e+02 4.226e+02
s>            ( - -3.216e+03 2 0 QUESTION9 1 1.625e+02 1.600e+01)
s>            ( QUESTION2_14_L -1 -8.978e+04 2.822e+02 4.066e+02
s>                ( QUESTION0 1 -2.922e+04 2.520e+02 1.333e+02
s>                    ( - -2.542e+04 3 0 QUESTION0_0_R 1 2.082e+02 1.163e+02)
s>                    ( - -3.554e+03 1 0))
s>                ( QUESTION2_7_L -1 -6.028e+04 2.511e+02 2.733e+02
s>                    ( - -2.359e+04 3 0 QUESTION2_8_L -1 1.842e+02 1.114e+02)
s>                    ( QUESTION0 -1 -3.644e+04 2.112e+02 1.619e+02
s>                        ( - -1.413e+04 3 0 QUESTION0_0_R 1 1.614e+02 6.016e+01)
s>                        ( - -2.210e+04 5 0 SILENCE -1 1.912e+02 1.017e+02))))))INFO: dtree.c(1315): Comp split 8
INFO: dtree.c(1478): Final simple tree
|( QUESTION0_0_R 1 -4.237e+04 2.989e+02 1.914e+02
|    ( QUESTION2 -1 -2.680e+04 2.384e+02 1.239e+02
|        ( - -2.450e+03 1 0)
|        ( QUESTION17 1 -2.411e+04 1.937e+02 1.109e+02
|            ( - -1.244e+03 1 0)
|            ( QUESTION0_5_R 1 -2.268e+04 2.127e+02 1.049e+02
|                ( - -6.183e+03 5 0 QUESTION15 -1 4.573e+02 2.800e+01)
|                ( - -1.628e+04 8 0 QUESTION9 -1 2.088e+02 7.686e+01))))
|    ( SILENCE -1 -1.527e+04 2.101e+02 6.752e+01
|        ( - -7.440e+02 1 0)
|        ( QUESTION1 1 -1.432e+04 1.956e+02 6.352e+01
|            ( QUESTION1 -1 -1.587e+03 2.174e+02 8.000e+00
|                ( - -4.816e+02 1 0)
|                ( - -8.882e+02 1 0))
|            ( - -1.254e+04 8 0 QUESTION15 -1 1.906e+02 5.552e+01))))
s>    ( QUESTION0_0_R 1 -4.237e+04 2.989e+02 1.914e+02
s>        ( QUESTION2 -1 -2.680e+04 2.384e+02 1.239e+02
s>            ( - -2.450e+03 1 0)
s>            ( QUESTION17 1 -2.411e+04 1.937e+02 1.109e+02
s>                ( - -1.244e+03 1 0)
s>                ( QUESTION0_5_R 1 -2.268e+04 2.127e+02 1.049e+02
s>                    ( - -6.183e+03 5 0 QUESTION15 -1 4.573e+02 2.800e+01)
s>                    ( - -1.628e+04 8 0 QUESTION9 -1 2.088e+02 7.686e+01))))
s>        ( SILENCE -1 -1.527e+04 2.101e+02 6.752e+01
s>            ( - -7.440e+02 1 0)
s>            ( QUESTION1 1 -1.432e+04 1.956e+02 6.352e+01
s>                ( QUESTION1 -1 -1.587e+03 2.174e+02 8.000e+00
s>                    ( - -4.816e+02 1 0)
s>                    ( - -8.882e+02 1 0))
s>                ( - -1.254e+04 8 0 QUESTION15 -1 1.906e+02 5.552e+01))))INFO: dtree.c(1478): Final simple tree
|( QUESTION0_1_R 1 -3.653e+04 3.281e+02 1.626e+02
|    ( QUESTION2 -1 -2.093e+04 2.461e+02 9.572e+01
|        ( - -8.771e+03 2 0)
|        ( WDBNDRY_E 0 -1.192e+04 2.117e+02 5.423e+01
|            ( - -9.866e+03 2 0)
|            ( - -1.839e+03 1 0)))
|    ( QUESTION15 -1 -1.527e+04 2.156e+02 6.690e+01
|        ( - -2.401e+03 1 0)
|        ( QUESTION0_9_R 1 -1.265e+04 2.068e+02 5.607e+01
|            ( - -8.293e+02 1 0)
|            ( WDBNDRY_E 0 -1.162e+04 2.085e+02 5.207e+01
|                ( - -7.695e+02 1 0)
|                ( QUESTION0_3_R 1 -1.064e+04 2.110e+02 4.807e+01
|                    ( - -5.629e+03 1 0)
|                    ( - -4.797e+03 4 0 QUESTION9 -1 1.338e+02 2.200e+01))))))
s>    ( QUESTION0_1_R 1 -3.653e+04 3.281e+02 1.626e+02
s>        ( QUESTION2 -1 -2.093e+04 2.461e+02 9.572e+01
s>            ( - -8.771e+03 2 0)
s>            ( WDBNDRY_E 0 -1.192e+04 2.117e+02 5.423e+01
s>                ( - -9.866e+03 2 0)
s>                ( - -1.839e+03 1 0)))
s>        ( QUESTION15 -1 -1.527e+04 2.156e+02 6.690e+01
s>            ( - -2.401e+03 1 0)
s>            ( QUESTION0_9_R 1 -1.265e+04 2.068e+02 5.607e+01
s>                ( - -8.293e+02 1 0)
s>                ( WDBNDRY_E 0 -1.162e+04 2.085e+02 5.207e+01
s>                    ( - -7.695e+02 1 0)
s>                    ( QUESTION0_3_R 1 -1.064e+04 2.110e+02 4.807e+01
s>                        ( - -5.629e+03 1 0)
s>                        ( - -4.797e+03 4 0 QUESTION9 -1 1.338e+02 2.200e+01))))))INFO: dtree.c(1315): Comp split 9
INFO: dtree.c(1478): Final simple tree
|( QUESTION2_14_L -1 -8.598e+04 2.900e+02 3.896e+02
|    ( QUESTION0_0_R 1 -2.542e+04 2.082e+02 1.163e+02
|        ( - -2.341e+04 2 0)
|        ( - -1.800e+03 1 0))
|    ( QUESTION2_7_L -1 -6.028e+04 2.511e+02 2.733e+02
|        ( QUESTION2_8_L -1 -2.359e+04 1.842e+02 1.114e+02
|            ( - -2.354e+03 1 0)
|            ( - -2.105e+04 2 0 QUESTION0 -1 1.611e+02 9.944e+01))
|        ( QUESTION0 -1 -3.644e+04 2.112e+02 1.619e+02
|            ( - -1.413e+04 3 0 QUESTION0_0_R 1 1.614e+02 6.016e+01)
|            ( SILENCE -1 -2.210e+04 1.912e+02 1.017e+02
|                ( QUESTION0_0_R 1 -1.269e+04 2.029e+02 5.770e+01
|                    ( - -6.627e+03 1 0)
|                    ( - -5.864e+03 1 0))
|                ( - -9.216e+03 3 0)))))
s>    ( QUESTION2_14_L -1 -8.598e+04 2.900e+02 3.896e+02
s>        ( QUESTION0_0_R 1 -2.542e+04 2.082e+02 1.163e+02
s>            ( - -2.341e+04 2 0)
s>            ( - -1.800e+03 1 0))
s>        ( QUESTION2_7_L -1 -6.028e+04 2.511e+02 2.733e+02
s>            ( QUESTION2_8_L -1 -2.359e+04 1.842e+02 1.114e+02
s>                ( - -2.354e+03 1 0)
s>                ( - -2.105e+04 2 0 QUESTION0 -1 1.611e+02 9.944e+01))
s>            ( QUESTION0 -1 -3.644e+04 2.112e+02 1.619e+02
s>                ( - -1.413e+04 3 0 QUESTION0_0_R 1 1.614e+02 6.016e+01)
s>                ( SILENCE -1 -2.210e+04 1.912e+02 1.017e+02
s>                    ( QUESTION0_0_R 1 -1.269e+04 2.029e+02 5.770e+01
s>                        ( - -6.627e+03 1 0)
s>                        ( - -5.864e+03 1 0))
s>                    ( - -9.216e+03 3 0)))))INFO: dtree.c(1439): stop. leaf nodes are specific
INFO: dtree.c(1478): Final simple tree
|( SILENCE -1 -1.350e+04 3.572e+02 6.100e+01
|    ( - -3.002e+03 1 0)
|    ( QUESTION1 1 -1.014e+04 2.465e+02 4.600e+01
|        ( - -2.947e+03 1 0)
|        ( QUESTION9 1 -6.944e+03 1.868e+02 3.299e+01
|            ( - -1.421e+03 1 0)
|            ( QUESTION0_0_R 1 -5.336e+03 1.494e+02 2.599e+01
|                ( - -1.633e+03 1 0)
|                ( - -3.554e+03 1 0)))))
s>    ( SILENCE -1 -1.350e+04 3.572e+02 6.100e+01
s>        ( - -3.002e+03 1 0)
s>        ( QUESTION1 1 -1.014e+04 2.465e+02 4.600e+01
s>            ( - -2.947e+03 1 0)
s>            ( QUESTION9 1 -6.944e+03 1.868e+02 3.299e+01
s>                ( - -1.421e+03 1 0)
s>                ( QUESTION0_0_R 1 -5.336e+03 1.494e+02 2.599e+01
s>                    ( - -1.633e+03 1 0)
s>                    ( - -3.554e+03 1 0)))))INFO: dtree.c(1315): Comp split 10
INFO: dtree.c(1439): stop. leaf nodes are specific
INFO: dtree.c(1478): Final simple tree
|( QUESTION1 1 -1.014e+04 2.465e+02 4.600e+01
|    ( - -2.947e+03 1 0)
|    ( QUESTION9 1 -6.944e+03 1.868e+02 3.299e+01
|        ( - -1.421e+03 1 0)
|        ( QUESTION0_0_R 1 -5.336e+03 1.494e+02 2.599e+01
|            ( - -1.633e+03 1 0)
|            ( - -3.554e+03 1 0))))
s>    ( QUESTION1 1 -1.014e+04 2.465e+02 4.600e+01
s>        ( - -2.947e+03 1 0)
s>        ( QUESTION9 1 -6.944e+03 1.868e+02 3.299e+01
s>            ( - -1.421e+03 1 0)
s>            ( QUESTION0_0_R 1 -5.336e+03 1.494e+02 2.599e+01
s>                ( - -1.633e+03 1 0)
s>                ( - -3.554e+03 1 0))))INFO: dtree.c(1315): Comp split 11
INFO: dtree.c(1439): stop. leaf nodes are specific
INFO: dtree.c(1478): Final simple tree
|( QUESTION0_1_R 1 -2.302e+04 2.552e+02 1.023e+02
|    ( - -2.290e+03 2 0)
|    ( QUESTION15 1 -2.047e+04 2.564e+02 9.235e+01
|        ( - -9.964e+02 1 0)
|        ( QUESTION0_0_R 1 -1.922e+04 1.557e+02 8.735e+01
|            ( - -4.139e+03 1 0)
|            ( QUESTION2_7_L -1 -1.493e+04 1.393e+02 6.735e+01
|                ( - -3.517e+03 2 0)
|                ( - -1.127e+04 3 0)))))
s>    ( QUESTION0_1_R 1 -2.302e+04 2.552e+02 1.023e+02
s>        ( - -2.290e+03 2 0)
s>        ( QUESTION15 1 -2.047e+04 2.564e+02 9.235e+01
s>            ( - -9.964e+02 1 0)
s>            ( QUESTION0_0_R 1 -1.922e+04 1.557e+02 8.735e+01
s>                ( - -4.139e+03 1 0)
s>                ( QUESTION2_7_L -1 -1.493e+04 1.393e+02 6.735e+01
s>                    ( - -3.517e+03 2 0)
s>                    ( - -1.127e+04 3 0)))))INFO: dtree.c(1478): Final simple tree
|( QUESTION8 1 -6.109e+04 2.793e+02 2.783e+02
|    ( QUESTION0_9_R 1 -2.591e+04 2.351e+02 1.183e+02
|        ( - -5.265e+02 1 0)
|        ( QUESTION0_0_R 1 -2.515e+04 1.904e+02 1.153e+02
|            ( QUESTION0_3_R 1 -2.409e+04 1.817e+02 1.103e+02
|                ( - -5.689e+03 3 0 QUESTION2_14_L -1 1.364e+02 2.492e+01)
|                ( QUESTION2_14_L -1 -1.822e+04 1.826e+02 8.541e+01
|                    ( - -5.298e+03 1 0)
|                    ( - -1.274e+04 2 0)))
|            ( - -8.678e+02 1 0)))
|    ( QUESTION0_20_R 1 -3.490e+04 2.312e+02 1.600e+02
|        ( - -8.606e+03 4 0)
|        ( QUESTION2_14_L -1 -2.607e+04 2.167e+02 1.190e+02
|            ( - -1.795e+04 4 0 QUESTION0_0_R 1 1.649e+02 8.312e+01)
|            ( - -7.899e+03 3 0))))
s>    ( QUESTION8 1 -6.109e+04 2.793e+02 2.783e+02
s>        ( QUESTION0_9_R 1 -2.591e+04 2.351e+02 1.183e+02
s>            ( - -5.265e+02 1 0)
s>            ( QUESTION0_0_R 1 -2.515e+04 1.904e+02 1.153e+02
s>                ( QUESTION0_3_R 1 -2.409e+04 1.817e+02 1.103e+02
s>                    ( - -5.689e+03 3 0 QUESTION2_14_L -1 1.364e+02 2.492e+01)
s>                    ( QUESTION2_14_L -1 -1.822e+04 1.826e+02 8.541e+01
s>                        ( - -5.298e+03 1 0)
s>                        ( - -1.274e+04 2 0)))
s>                ( - -8.678e+02 1 0)))
s>        ( QUESTION0_20_R 1 -3.490e+04 2.312e+02 1.600e+02
s>            ( - -8.606e+03 4 0)
s>            ( QUESTION2_14_L -1 -2.607e+04 2.167e+02 1.190e+02
s>                ( - -1.795e+04 4 0 QUESTION0_0_R 1 1.649e+02 8.312e+01)
s>                ( - -7.899e+03 3 0))))INFO: dtree.c(1315): Comp split 12
INFO: dtree.c(1439): stop. leaf nodes are specific
INFO: dtree.c(1478): Final simple tree
|( QUESTION0 1 -3.020e+04 2.920e+02 1.420e+02
|    ( QUESTION0 -1 -6.061e+03 2.310e+02 2.801e+01
|        ( - -1.566e+03 1 0)
|        ( - -4.264e+03 2 0))
|    ( QUESTION2 -1 -2.385e+04 2.024e+02 1.140e+02
|        ( - -5.061e+03 1 0)
|        ( QUESTION0 -1 -1.859e+04 1.315e+02 8.897e+01
|            ( - -5.596e+03 1 0)
|            ( - -1.286e+04 2 0))))
s>    ( QUESTION0 1 -3.020e+04 2.920e+02 1.420e+02
s>        ( QUESTION0 -1 -6.061e+03 2.310e+02 2.801e+01
s>            ( - -1.566e+03 1 0)
s>            ( - -4.264e+03 2 0))
s>        ( QUESTION2 -1 -2.385e+04 2.024e+02 1.140e+02
s>            ( - -5.061e+03 1 0)
s>            ( QUESTION0 -1 -1.859e+04 1.315e+02 8.897e+01
s>                ( - -5.596e+03 1 0)
s>                ( - -1.286e+04 2 0))))INFO: dtree.c(1439): stop. leaf nodes are specific
INFO: dtree.c(1478): Final simple tree
|( QUESTION2_0_L -1 -1.852e+04 2.423e+02 8.930e+01
|    ( - -2.035e+03 1 0)
|    ( QUESTION0 -1 -1.624e+04 2.111e+02 7.830e+01
|        ( - -8.743e+03 1 0)
|        ( - -7.290e+03 1 0)))
s>    ( QUESTION2_0_L -1 -1.852e+04 2.423e+02 8.930e+01
s>        ( - -2.035e+03 1 0)
s>        ( QUESTION0 -1 -1.624e+04 2.111e+02 7.830e+01
s>            ( - -8.743e+03 1 0)
s>            ( - -7.290e+03 1 0)))INFO: dtree.c(1315): Comp split 13
INFO: dtree.c(1439): stop. leaf nodes are specific
INFO: dtree.c(1478): Final simple tree
|( QUESTION15 -1 -1.325e+04 2.115e+02 5.890e+01
|    ( - -2.401e+03 1 0)
|    ( QUESTION0_3_R 1 -1.064e+04 2.110e+02 4.807e+01
|        ( - -5.629e+03 1 0)
|        ( QUESTION9 -1 -4.797e+03 1.338e+02 2.200e+01
|            ( - -1.252e+03 1 0)
|            ( QUESTION2 -1 -3.412e+03 1.279e+02 1.600e+01
|                ( - -7.856e+02 1 0)
|                ( WDBNDRY_S 0 -2.498e+03 1.301e+02 1.200e+01
|                    ( - -1.604e+03 1 0)
|                    ( - -7.638e+02 1 0))))))
s>    ( QUESTION15 -1 -1.325e+04 2.115e+02 5.890e+01
s>        ( - -2.401e+03 1 0)
s>        ( QUESTION0_3_R 1 -1.064e+04 2.110e+02 4.807e+01
s>            ( - -5.629e+03 1 0)
s>            ( QUESTION9 -1 -4.797e+03 1.338e+02 2.200e+01
s>                ( - -1.252e+03 1 0)
s>                ( QUESTION2 -1 -3.412e+03 1.279e+02 1.600e+01
s>                    ( - -7.856e+02 1 0)
s>                    ( WDBNDRY_S 0 -2.498e+03 1.301e+02 1.200e+01
s>                        ( - -1.604e+03 1 0)
s>                        ( - -7.638e+02 1 0))))))INFO: dtree.c(1439): stop. leaf nodes are specific
INFO: dtree.c(1478): Final simple tree
|( QUESTION2 -1 -2.293e+04 2.636e+02 1.037e+02
|    ( QUESTION0_1_R 1 -9.790e+03 1.901e+02 4.548e+01
|        ( - -8.771e+03 2 0)
|        ( - -8.293e+02 1 0))
|    ( WDBNDRY_E 0 -1.288e+04 2.127e+02 5.823e+01
|        ( QUESTION0_1_R 1 -1.083e+04 1.936e+02 4.923e+01
|            ( - -9.866e+03 2 0)
|            ( - -7.695e+02 1 0))
|        ( - -1.839e+03 1 0)))
s>    ( QUESTION2 -1 -2.293e+04 2.636e+02 1.037e+02
s>        ( QUESTION0_1_R 1 -9.790e+03 1.901e+02 4.548e+01
s>            ( - -8.771e+03 2 0)
s>            ( - -8.293e+02 1 0))
s>        ( WDBNDRY_E 0 -1.288e+04 2.127e+02 5.823e+01
s>            ( QUESTION0_1_R 1 -1.083e+04 1.936e+02 4.923e+01
s>                ( - -9.866e+03 2 0)
s>                ( - -7.695e+02 1 0))
s>            ( - -1.839e+03 1 0)))INFO: dtree.c(1315): Comp split 14
INFO: dtree.c(1478): Final simple tree
|( QUESTION0_9_R 1 -2.098e+04 2.220e+02 9.252e+01
|    ( QUESTION1 -1 -3.862e+03 2.195e+02 1.800e+01
|        ( - -2.710e+03 1 0)
|        ( - -9.327e+02 1 0))
|    ( SILENCE -1 -1.690e+04 2.060e+02 7.452e+01
|        ( - -7.440e+02 1 0)
|        ( QUESTION1 1 -1.595e+04 1.979e+02 7.052e+01
|            ( - -8.882e+02 1 0)
|            ( QUESTION0_0_R 1 -1.486e+04 1.757e+02 6.552e+01
|                ( QUESTION1 -1 -2.150e+03 4.718e+02 1.000e+01
|                    ( QUESTION6 -1 -1.899e+03 2.373e+02 9.000e+00
|                        ( - -3.320e+02 1 0)
|                        ( - -1.330e+03 1 0))
|                    ( - 2.210e+02 1 0))
|                ( - -1.254e+04 8 0 QUESTION15 -1 1.906e+02 5.552e+01)))))
s>    ( QUESTION0_9_R 1 -2.098e+04 2.220e+02 9.252e+01
s>        ( QUESTION1 -1 -3.862e+03 2.195e+02 1.800e+01
s>            ( - -2.710e+03 1 0)
s>            ( - -9.327e+02 1 0))
s>        ( SILENCE -1 -1.690e+04 2.060e+02 7.452e+01
s>            ( - -7.440e+02 1 0)
s>            ( QUESTION1 1 -1.595e+04 1.979e+02 7.052e+01
s>                ( - -8.882e+02 1 0)
s>                ( QUESTION0_0_R 1 -1.486e+04 1.757e+02 6.552e+01
s>                    ( QUESTION1 -1 -2.150e+03 4.718e+02 1.000e+01
s>                        ( QUESTION6 -1 -1.899e+03 2.373e+02 9.000e+00
s>                            ( - -3.320e+02 1 0)
s>                            ( - -1.330e+03 1 0))
s>                        ( - 2.210e+02 1 0))
s>                    ( - -1.254e+04 8 0 QUESTION15 -1 1.906e+02 5.552e+01)))))INFO: dtree.c(1478): Final simple tree
|( QUESTION18 1 -2.107e+04 2.206e+02 9.886e+01
|    ( - -2.450e+03 1 0)
|    ( QUESTION16 -1 -1.840e+04 2.151e+02 8.586e+01
|        ( - -6.833e+03 2 0)
|        ( QUESTION0_0_R 1 -1.135e+04 1.996e+02 5.300e+01
|            ( QUESTION6 -1 -1.067e+04 1.866e+02 5.000e+01
|                ( - -2.134e+03 1 0)
|                ( QUESTION0_3_R 1 -8.349e+03 2.598e+02 3.900e+01
|                    ( QUESTION1 -1 -3.011e+03 1.869e+02 1.500e+01
|                        ( - -1.057e+03 1 0)
|                        ( QUESTION14 -1 -1.767e+03 1.904e+02 9.000e+00
|                            ( - -4.562e+02 1 0)
|                            ( - -1.120e+03 1 0)))
|                    ( - -5.078e+03 3 0 QUESTION1 -1 1.836e+02 2.400e+01)))
|            ( - -4.816e+02 1 0))))
s>    ( QUESTION18 1 -2.107e+04 2.206e+02 9.886e+01
s>        ( - -2.450e+03 1 0)
s>        ( QUESTION16 -1 -1.840e+04 2.151e+02 8.586e+01
s>            ( - -6.833e+03 2 0)
s>            ( QUESTION0_0_R 1 -1.135e+04 1.996e+02 5.300e+01
s>                ( QUESTION6 -1 -1.067e+04 1.866e+02 5.000e+01
s>                    ( - -2.134e+03 1 0)
s>                    ( QUESTION0_3_R 1 -8.349e+03 2.598e+02 3.900e+01
s>                        ( QUESTION1 -1 -3.011e+03 1.869e+02 1.500e+01
s>                            ( - -1.057e+03 1 0)
s>                            ( QUESTION14 -1 -1.767e+03 1.904e+02 9.000e+00
s>                                ( - -4.562e+02 1 0)
s>                                ( - -1.120e+03 1 0)))
s>                        ( - -5.078e+03 3 0 QUESTION1 -1 1.836e+02 2.400e+01)))
s>                ( - -4.816e+02 1 0))))INFO: dtree.c(1315): Comp split 15
INFO: dtree.c(1478): Final simple tree
|( QUESTION0_9_R 1 -2.075e+04 2.237e+02 9.152e+01
|    ( QUESTION1 -1 -3.862e+03 2.195e+02 1.800e+01
|        ( - -2.710e+03 1 0)
|        ( - -9.327e+02 1 0))
|    ( SILENCE -1 -1.667e+04 2.066e+02 7.352e+01
|        ( - -7.440e+02 1 0)
|        ( QUESTION0_20_R 1 -1.572e+04 2.027e+02 6.952e+01
|            ( QUESTION15 -1 -1.153e+04 1.924e+02 5.152e+01
|                ( - -2.280e+03 2 0)
|                ( - -9.059e+03 5 0 QUESTION1 -1 1.631e+02 4.099e+01))
|            ( QUESTION6 -1 -3.983e+03 2.369e+02 1.800e+01
|                ( - -3.320e+02 1 0)
|                ( QUESTION1 1 -3.414e+03 1.745e+02 1.600e+01
|                    ( - -8.882e+02 1 0)
|                    ( - -2.351e+03 2 0 QUESTION0_0_R 1 1.761e+02 1.100e+01))))))
s>    ( QUESTION0_9_R 1 -2.075e+04 2.237e+02 9.152e+01
s>        ( QUESTION1 -1 -3.862e+03 2.195e+02 1.800e+01
s>            ( - -2.710e+03 1 0)
s>            ( - -9.327e+02 1 0))
s>        ( SILENCE -1 -1.667e+04 2.066e+02 7.352e+01
s>            ( - -7.440e+02 1 0)
s>            ( QUESTION0_20_R 1 -1.572e+04 2.027e+02 6.952e+01
s>                ( QUESTION15 -1 -1.153e+04 1.924e+02 5.152e+01
s>                    ( - -2.280e+03 2 0)
s>                    ( - -9.059e+03 5 0 QUESTION1 -1 1.631e+02 4.099e+01))
s>                ( QUESTION6 -1 -3.983e+03 2.369e+02 1.800e+01
s>                    ( - -3.320e+02 1 0)
s>                    ( QUESTION1 1 -3.414e+03 1.745e+02 1.600e+01
s>                        ( - -8.882e+02 1 0)
s>                        ( - -2.351e+03 2 0 QUESTION0_0_R 1 1.761e+02 1.100e+01))))))INFO: dtree.c(1315): Comp split 16
INFO: dtree.c(1439): stop. leaf nodes are specific
INFO: dtree.c(1478): Final simple tree
|( QUESTION0_5_R 1 -1.446e+04 2.021e+02 6.380e+01
|    ( - -5.265e+02 1 0)
|    ( QUESTION0_1_R 1 -1.373e+04 1.455e+02 6.080e+01
|        ( - -7.899e+03 3 0)
|        ( QUESTION2_14_L -1 -5.689e+03 1.364e+02 2.492e+01
|            ( - -3.759e+03 1 0)
|            ( - -1.794e+03 2 0))))
s>    ( QUESTION0_5_R 1 -1.446e+04 2.021e+02 6.380e+01
s>        ( - -5.265e+02 1 0)
s>        ( QUESTION0_1_R 1 -1.373e+04 1.455e+02 6.080e+01
s>            ( - -7.899e+03 3 0)
s>            ( QUESTION2_14_L -1 -5.689e+03 1.364e+02 2.492e+01
s>                ( - -3.759e+03 1 0)
s>                ( - -1.794e+03 2 0))))INFO: dtree.c(1439): stop. leaf nodes are specific
INFO: dtree.c(1478): Final simple tree
|( QUESTION8 1 -4.631e+04 2.487e+02 2.145e+02
|    ( QUESTION0_0_R 1 -1.928e+04 1.925e+02 9.041e+01
|        ( QUESTION2_14_L -1 -1.822e+04 1.826e+02 8.541e+01
|            ( - -5.298e+03 1 0)
|            ( - -1.274e+04 2 0))
|        ( - -8.678e+02 1 0))
|    ( QUESTION0_20_R 1 -2.679e+04 2.289e+02 1.241e+02
|        ( - -8.606e+03 4 0)
|        ( QUESTION0_0_R 1 -1.795e+04 1.649e+02 8.312e+01
|            ( - -1.579e+04 2 0)
|            ( - -1.991e+03 2 0))))
s>    ( QUESTION8 1 -4.631e+04 2.487e+02 2.145e+02
s>        ( QUESTION0_0_R 1 -1.928e+04 1.925e+02 9.041e+01
s>            ( QUESTION2_14_L -1 -1.822e+04 1.826e+02 8.541e+01
s>                ( - -5.298e+03 1 0)
s>                ( - -1.274e+04 2 0))
s>            ( - -8.678e+02 1 0))
s>        ( QUESTION0_20_R 1 -2.679e+04 2.289e+02 1.241e+02
s>            ( - -8.606e+03 4 0)
s>            ( QUESTION0_0_R 1 -1.795e+04 1.649e+02 8.312e+01
s>                ( - -1.579e+04 2 0)
s>                ( - -1.991e+03 2 0))))INFO: dtree.c(1315): Comp split 17
INFO: dtree.c(1439): stop. leaf nodes are specific
INFO: dtree.c(1478): Final simple tree
|( QUESTION0 -1 -3.650e+04 1.886e+02 1.705e+02
|    ( - -6.329e+03 1 0)
|    ( SILENCE -1 -2.998e+04 1.703e+02 1.403e+02
|        ( - -5.864e+03 1 0)
|        ( QUESTION2_7_L -1 -2.394e+04 1.699e+02 1.133e+02
|            ( - -1.456e+04 1 0)
|            ( - -9.216e+03 3 0))))
s>    ( QUESTION0 -1 -3.650e+04 1.886e+02 1.705e+02
s>        ( - -6.329e+03 1 0)
s>        ( SILENCE -1 -2.998e+04 1.703e+02 1.403e+02
s>            ( - -5.864e+03 1 0)
s>            ( QUESTION2_7_L -1 -2.394e+04 1.699e+02 1.133e+02
s>                ( - -1.456e+04 1 0)
s>                ( - -9.216e+03 3 0))))INFO: dtree.c(1439): stop. leaf nodes are specific
INFO: dtree.c(1478): Final simple tree
|( QUESTION20 -1 -4.917e+04 2.609e+02 2.191e+02
|    ( QUESTION0_0_R 1 -2.797e+04 2.128e+02 1.283e+02
|        ( QUESTION2_7_L -1 -2.596e+04 1.918e+02 1.191e+02
|            ( - -2.354e+03 1 0)
|            ( - -2.341e+04 2 0))
|        ( - -1.800e+03 1 0))
|    ( QUESTION2_18_L -1 -2.094e+04 1.966e+02 9.082e+01
|        ( QUESTION0_0_R 1 -1.177e+04 1.690e+02 5.015e+01
|            ( - -9.022e+03 1 0)
|            ( - -2.575e+03 1 0))
|        ( SILENCE -1 -8.980e+03 1.510e+02 4.067e+01
|            ( - -6.627e+03 1 0)
|            ( - -2.201e+03 1 0))))
s>    ( QUESTION20 -1 -4.917e+04 2.609e+02 2.191e+02
s>        ( QUESTION0_0_R 1 -2.797e+04 2.128e+02 1.283e+02
s>            ( QUESTION2_7_L -1 -2.596e+04 1.918e+02 1.191e+02
s>                ( - -2.354e+03 1 0)
s>                ( - -2.341e+04 2 0))
s>            ( - -1.800e+03 1 0))
s>        ( QUESTION2_18_L -1 -2.094e+04 1.966e+02 9.082e+01
s>            ( QUESTION0_0_R 1 -1.177e+04 1.690e+02 5.015e+01
s>                ( - -9.022e+03 1 0)
s>                ( - -2.575e+03 1 0))
s>            ( SILENCE -1 -8.980e+03 1.510e+02 4.067e+01
s>                ( - -6.627e+03 1 0)
s>                ( - -2.201e+03 1 0))))INFO: dtree.c(1315): Comp split 18
INFO: dtree.c(1439): stop. leaf nodes are specific
INFO: dtree.c(1478): Final simple tree
|( SILENCE 1 -1.533e+04 2.500e+02 6.804e+01
|    ( QUESTION8 -1 -1.147e+04 1.543e+02 5.104e+01
|        ( QUESTION9 -1 -5.007e+03 1.364e+02 2.332e+01
|            ( - -1.838e+03 1 0)
|            ( - -3.033e+03 1 0))
|        ( QUESTION0 -1 -6.304e+03 1.422e+02 2.773e+01
|            ( - -4.800e+03 1 0)
|            ( - -1.361e+03 1 0)))
|    ( QUESTION1 -1 -3.617e+03 1.861e+02 1.700e+01
|        ( - -1.171e+03 1 0)
|        ( - -2.260e+03 1 0)))
s>    ( SILENCE 1 -1.533e+04 2.500e+02 6.804e+01
s>        ( QUESTION8 -1 -1.147e+04 1.543e+02 5.104e+01
s>            ( QUESTION9 -1 -5.007e+03 1.364e+02 2.332e+01
s>                ( - -1.838e+03 1 0)
s>                ( - -3.033e+03 1 0))
s>            ( QUESTION0 -1 -6.304e+03 1.422e+02 2.773e+01
s>                ( - -4.800e+03 1 0)
s>                ( - -1.361e+03 1 0)))
s>        ( QUESTION1 -1 -3.617e+03 1.861e+02 1.700e+01
s>            ( - -1.171e+03 1 0)
s>            ( - -2.260e+03 1 0)))INFO: dtree.c(1439): stop. leaf nodes are specific
INFO: dtree.c(1478): Final simple tree
|( QUESTION8 -1 -5.423e+04 2.357e+02 2.462e+02
|    ( - -1.766e+04 1 0)
|    ( QUESTION3 -1 -3.633e+04 1.973e+02 1.671e+02
|        ( - -7.277e+02 1 0)
|        ( QUESTION2_14_L -1 -3.541e+04 1.607e+02 1.631e+02
|            ( - -2.052e+03 2 0)
|            ( WDBNDRY_E 0 -3.320e+04 1.484e+02 1.531e+02
|                ( - -3.181e+04 1 0)
|                ( - -1.234e+03 1 0)))))
s>    ( QUESTION8 -1 -5.423e+04 2.357e+02 2.462e+02
s>        ( - -1.766e+04 1 0)
s>        ( QUESTION3 -1 -3.633e+04 1.973e+02 1.671e+02
s>            ( - -7.277e+02 1 0)
s>            ( QUESTION2_14_L -1 -3.541e+04 1.607e+02 1.631e+02
s>                ( - -2.052e+03 2 0)
s>                ( WDBNDRY_E 0 -3.320e+04 1.484e+02 1.531e+02
s>                    ( - -3.181e+04 1 0)
s>                    ( - -1.234e+03 1 0)))))INFO: dtree.c(1315): Comp split 19
INFO: dtree.c(1478): Final simple tree
|( QUESTION0_20_R 1 -1.269e+04 2.134e+02 5.699e+01
|    ( QUESTION1 -1 -9.059e+03 1.631e+02 4.099e+01
|        ( QUESTION2_18_L -1 -7.184e+03 1.529e+02 3.298e+01
|            ( WDBNDRY_E 0 -3.654e+03 1.960e+02 1.699e+01
|                ( - -1.330e+03 1 0)
|                ( - -2.128e+03 1 0))
|            ( QUESTION2 -1 -3.377e+03 1.442e+02 1.598e+01
|                ( - -2.031e+03 1 0)
|                ( - -1.202e+03 1 0)))
|        ( - -1.712e+03 1 0))
|    ( QUESTION1 1 -3.414e+03 1.745e+02 1.600e+01
|        ( - -8.882e+02 1 0)
|        ( QUESTION0_0_R 1 -2.351e+03 1.761e+02 1.100e+01
|            ( - -1.330e+03 1 0)
|            ( - -8.448e+02 1 0))))
s>    ( QUESTION0_20_R 1 -1.269e+04 2.134e+02 5.699e+01
s>        ( QUESTION1 -1 -9.059e+03 1.631e+02 4.099e+01
s>            ( QUESTION2_18_L -1 -7.184e+03 1.529e+02 3.298e+01
s>                ( WDBNDRY_E 0 -3.654e+03 1.960e+02 1.699e+01
s>                    ( - -1.330e+03 1 0)
s>                    ( - -2.128e+03 1 0))
s>                ( QUESTION2 -1 -3.377e+03 1.442e+02 1.598e+01
s>                    ( - -2.031e+03 1 0)
s>                    ( - -1.202e+03 1 0)))
s>            ( - -1.712e+03 1 0))
s>        ( QUESTION1 1 -3.414e+03 1.745e+02 1.600e+01
s>            ( - -8.882e+02 1 0)
s>            ( QUESTION0_0_R 1 -2.351e+03 1.761e+02 1.100e+01
s>                ( - -1.330e+03 1 0)
s>                ( - -8.448e+02 1 0))))INFO: dtree.c(1439): stop. leaf nodes are specific
INFO: dtree.c(1478): Final simple tree
|( QUESTION14 -1 -7.766e+03 2.179e+02 3.453e+01
|    ( - -9.327e+02 1 0)
|    ( QUESTION0_6_R 1 -6.615e+03 2.150e+02 2.953e+01
|        ( - -3.320e+02 1 0)
|        ( SILENCE -1 -6.068e+03 2.035e+02 2.753e+01
|            ( - -7.440e+02 1 0)
|            ( QUESTION0_0_R 1 -5.121e+03 1.306e+02 2.353e+01
|                ( - -2.710e+03 1 0)
|                ( - -2.280e+03 2 0)))))
s>    ( QUESTION14 -1 -7.766e+03 2.179e+02 3.453e+01
s>        ( - -9.327e+02 1 0)
s>        ( QUESTION0_6_R 1 -6.615e+03 2.150e+02 2.953e+01
s>            ( - -3.320e+02 1 0)
s>            ( SILENCE -1 -6.068e+03 2.035e+02 2.753e+01
s>                ( - -7.440e+02 1 0)
s>                ( QUESTION0_0_R 1 -5.121e+03 1.306e+02 2.353e+01
s>                    ( - -2.710e+03 1 0)
s>                    ( - -2.280e+03 2 0)))))INFO: dtree.c(1315): Comp split 20
INFO: dtree.c(1439): stop. leaf nodes are specific
INFO: dtree.c(1478): Final simple tree
|( QUESTION2 -1 -2.385e+04 2.024e+02 1.140e+02
|    ( - -5.061e+03 1 0)
|    ( QUESTION0 -1 -1.859e+04 1.315e+02 8.897e+01
|        ( - -5.596e+03 1 0)
|        ( - -1.286e+04 2 0)))
s>    ( QUESTION2 -1 -2.385e+04 2.024e+02 1.140e+02
s>        ( - -5.061e+03 1 0)
s>        ( QUESTION0 -1 -1.859e+04 1.315e+02 8.897e+01
s>            ( - -5.596e+03 1 0)
s>            ( - -1.286e+04 2 0)))INFO: dtree.c(1439): stop. leaf nodes are specific
INFO: dtree.c(1478): Final simple tree
|( QUESTION0 -1 -6.061e+03 2.310e+02 2.801e+01
|    ( - -1.566e+03 1 0)
|    ( - -4.264e+03 2 0))
s>    ( QUESTION0 -1 -6.061e+03 2.310e+02 2.801e+01
s>        ( - -1.566e+03 1 0)
s>        ( - -4.264e+03 2 0))INFO: dtree.c(1315): Comp split 21
INFO: dtree.c(1439): stop. leaf nodes are specific
INFO: dtree.c(1478): Final simple tree
|( QUESTION0_0_R 1 -3.694e+03 2.010e+02 1.800e+01
|    ( QUESTION1 -1 -3.011e+03 1.869e+02 1.500e+01
|        ( - -1.057e+03 1 0)
|        ( QUESTION14 -1 -1.767e+03 1.904e+02 9.000e+00
|            ( - -4.562e+02 1 0)
|            ( - -1.120e+03 1 0)))
|    ( - -4.816e+02 1 0))
s>    ( QUESTION0_0_R 1 -3.694e+03 2.010e+02 1.800e+01
s>        ( QUESTION1 -1 -3.011e+03 1.869e+02 1.500e+01
s>            ( - -1.057e+03 1 0)
s>            ( QUESTION14 -1 -1.767e+03 1.904e+02 9.000e+00
s>                ( - -4.562e+02 1 0)
s>                ( - -1.120e+03 1 0)))
s>        ( - -4.816e+02 1 0))INFO: dtree.c(1439): stop. leaf nodes are specific
INFO: dtree.c(1478): Final simple tree
|( QUESTION2 -1 -1.708e+04 2.156e+02 8.086e+01
|    ( - -2.450e+03 1 0)
|    ( QUESTION16 -1 -1.442e+04 2.175e+02 6.786e+01
|        ( - -6.833e+03 2 0)
|        ( QUESTION2_18_L -1 -7.369e+03 1.869e+02 3.500e+01
|            ( QUESTION0_1_R 1 -3.645e+03 1.899e+02 1.700e+01
|                ( - -2.211e+03 1 0)
|                ( - -1.244e+03 1 0))
|            ( QUESTION0_1_R 1 -3.537e+03 1.535e+02 1.800e+01
|                ( - -1.250e+03 1 0)
|                ( - -2.134e+03 1 0)))))
s>    ( QUESTION2 -1 -1.708e+04 2.156e+02 8.086e+01
s>        ( - -2.450e+03 1 0)
s>        ( QUESTION16 -1 -1.442e+04 2.175e+02 6.786e+01
s>            ( - -6.833e+03 2 0)
s>            ( QUESTION2_18_L -1 -7.369e+03 1.869e+02 3.500e+01
s>                ( QUESTION0_1_R 1 -3.645e+03 1.899e+02 1.700e+01
s>                    ( - -2.211e+03 1 0)
s>                    ( - -1.244e+03 1 0))
s>                ( QUESTION0_1_R 1 -3.537e+03 1.535e+02 1.800e+01
s>                    ( - -1.250e+03 1 0)
s>                    ( - -2.134e+03 1 0)))))INFO: dtree.c(1315): Comp split 22
INFO: dtree.c(1439): stop. leaf nodes are specific
INFO: dtree.c(1478): Final simple tree
|( QUESTION0_1_R 1 -1.175e+04 2.424e+02 5.685e+01
|    ( - -2.374e+03 1 0)
|    ( QUESTION8 -1 -9.133e+03 1.815e+02 4.386e+01
|        ( - -1.493e+03 1 0)
|        ( WDBNDRY_E 0 -7.458e+03 1.872e+02 3.588e+01
|            ( - -3.286e+03 1 0)
|            ( QUESTION2 -1 -3.985e+03 1.863e+02 1.999e+01
|                ( - -1.119e+03 1 0)
|                ( QUESTION0 -1 -2.679e+03 1.521e+02 1.399e+01
|                    ( - -1.244e+03 1 0)
|                    ( - -1.284e+03 1 0))))))
s>    ( QUESTION0_1_R 1 -1.175e+04 2.424e+02 5.685e+01
s>        ( - -2.374e+03 1 0)
s>        ( QUESTION8 -1 -9.133e+03 1.815e+02 4.386e+01
s>            ( - -1.493e+03 1 0)
s>            ( WDBNDRY_E 0 -7.458e+03 1.872e+02 3.588e+01
s>                ( - -3.286e+03 1 0)
s>                ( QUESTION2 -1 -3.985e+03 1.863e+02 1.999e+01
s>                    ( - -1.119e+03 1 0)
s>                    ( QUESTION0 -1 -2.679e+03 1.521e+02 1.399e+01
s>                        ( - -1.244e+03 1 0)
s>                        ( - -1.284e+03 1 0))))))INFO: dtree.c(1315): Comp split 23
INFO: dtree.c(1439): stop. leaf nodes are specific
INFO: dtree.c(1478): Final simple tree
|( QUESTION0_0_R 1 -1.922e+04 1.557e+02 8.735e+01
|    ( - -4.139e+03 1 0)
|    ( QUESTION2_7_L -1 -1.493e+04 1.393e+02 6.735e+01
|        ( - -3.517e+03 2 0)
|        ( - -1.127e+04 3 0)))
s>    ( QUESTION0_0_R 1 -1.922e+04 1.557e+02 8.735e+01
s>        ( - -4.139e+03 1 0)
s>        ( QUESTION2_7_L -1 -1.493e+04 1.393e+02 6.735e+01
s>            ( - -3.517e+03 2 0)
s>            ( - -1.127e+04 3 0)))INFO: dtree.c(1439): stop. leaf nodes are specific
INFO: dtree.c(1478): Final simple tree
|( QUESTION0_1_R 1 -3.523e+03 2.369e+02 1.500e+01
|    ( - -2.290e+03 2 0)
|    ( - -9.964e+02 1 0))
s>    ( QUESTION0_1_R 1 -3.523e+03 2.369e+02 1.500e+01
s>        ( - -2.290e+03 2 0)
s>        ( - -9.964e+02 1 0))INFO: dtree.c(1315): Comp split 24
INFO: dtree.c(1439): stop. leaf nodes are specific
INFO: dtree.c(1478): Final simple tree
|( QUESTION2_14_L -1 -3.721e+04 2.250e+02 1.664e+02
|    ( QUESTION0_0_R 1 -2.542e+04 2.082e+02 1.163e+02
|        ( - -2.341e+04 2 0)
|        ( - -1.800e+03 1 0))
|    ( QUESTION0 -1 -1.157e+04 1.889e+02 5.015e+01
|        ( - -9.022e+03 1 0)
|        ( - -2.354e+03 1 0)))
s>    ( QUESTION2_14_L -1 -3.721e+04 2.250e+02 1.664e+02
s>        ( QUESTION0_0_R 1 -2.542e+04 2.082e+02 1.163e+02
s>            ( - -2.341e+04 2 0)
s>            ( - -1.800e+03 1 0))
s>        ( QUESTION0 -1 -1.157e+04 1.889e+02 5.015e+01
s>            ( - -9.022e+03 1 0)
s>            ( - -2.354e+03 1 0)))INFO: dtree.c(1439): stop. leaf nodes are specific
INFO: dtree.c(1478): Final simple tree
|( QUESTION6 -1 -1.169e+04 1.507e+02 5.267e+01
|    ( - -2.201e+03 1 0)
|    ( SILENCE -1 -9.342e+03 1.403e+02 4.266e+01
|        ( - -6.627e+03 1 0)
|        ( - -2.575e+03 1 0)))
s>    ( QUESTION6 -1 -1.169e+04 1.507e+02 5.267e+01
s>        ( - -2.201e+03 1 0)
s>        ( SILENCE -1 -9.342e+03 1.403e+02 4.266e+01
s>            ( - -6.627e+03 1 0)
s>            ( - -2.575e+03 1 0)))INFO: dtree.c(1315): Comp split 25
INFO: dtree.c(1439): stop. leaf nodes are specific
INFO: dtree.c(1478): Final simple tree
|( WDBNDRY_E 0 -1.288e+04 2.127e+02 5.823e+01
|    ( QUESTION0_1_R 1 -1.083e+04 1.936e+02 4.923e+01
|        ( - -9.866e+03 2 0)
|        ( - -7.695e+02 1 0))
|    ( - -1.839e+03 1 0))
s>    ( WDBNDRY_E 0 -1.288e+04 2.127e+02 5.823e+01
s>        ( QUESTION0_1_R 1 -1.083e+04 1.936e+02 4.923e+01
s>            ( - -9.866e+03 2 0)
s>            ( - -7.695e+02 1 0))
s>        ( - -1.839e+03 1 0))INFO: dtree.c(1439): stop. leaf nodes are specific
INFO: dtree.c(1478): Final simple tree
|( QUESTION0_1_R 1 -9.790e+03 1.901e+02 4.548e+01
|    ( - -8.771e+03 2 0)
|    ( - -8.293e+02 1 0))
s>    ( QUESTION0_1_R 1 -9.790e+03 1.901e+02 4.548e+01
s>        ( - -8.771e+03 2 0)
s>        ( - -8.293e+02 1 0))INFO: dtree.c(1315): Comp split 26
INFO: dtree.c(1439): stop. leaf nodes are specific
INFO: dtree.c(1478): Final simple tree
|( QUESTION8 -1 -1.147e+04 1.543e+02 5.104e+01
|    ( QUESTION9 -1 -5.007e+03 1.364e+02 2.332e+01
|        ( - -1.838e+03 1 0)
|        ( - -3.033e+03 1 0))
|    ( QUESTION0 -1 -6.304e+03 1.422e+02 2.773e+01
|        ( - -4.800e+03 1 0)
|        ( - -1.361e+03 1 0)))
s>    ( QUESTION8 -1 -1.147e+04 1.543e+02 5.104e+01
s>        ( QUESTION9 -1 -5.007e+03 1.364e+02 2.332e+01
s>            ( - -1.838e+03 1 0)
s>            ( - -3.033e+03 1 0))
s>        ( QUESTION0 -1 -6.304e+03 1.422e+02 2.773e+01
s>            ( - -4.800e+03 1 0)
s>            ( - -1.361e+03 1 0)))INFO: dtree.c(1439): stop. leaf nodes are specific
INFO: dtree.c(1478): Final simple tree
|( QUESTION1 -1 -3.617e+03 1.861e+02 1.700e+01
|    ( - -1.171e+03 1 0)
|    ( - -2.260e+03 1 0))
s>    ( QUESTION1 -1 -3.617e+03 1.861e+02 1.700e+01
s>        ( - -1.171e+03 1 0)
s>        ( - -2.260e+03 1 0))INFO: dtree.c(1315): Comp split 27
INFO: dtree.c(1439): stop. leaf nodes are specific
INFO: dtree.c(1478): Final simple tree
|( QUESTION0_20_R 1 -2.679e+04 2.289e+02 1.241e+02
|    ( - -8.606e+03 4 0)
|    ( QUESTION0_0_R 1 -1.795e+04 1.649e+02 8.312e+01
|        ( - -1.579e+04 2 0)
|        ( - -1.991e+03 2 0)))
s>    ( QUESTION0_20_R 1 -2.679e+04 2.289e+02 1.241e+02
s>        ( - -8.606e+03 4 0)
s>        ( QUESTION0_0_R 1 -1.795e+04 1.649e+02 8.312e+01
s>            ( - -1.579e+04 2 0)
s>            ( - -1.991e+03 2 0)))INFO: dtree.c(1439): stop. leaf nodes are specific
INFO: dtree.c(1478): Final simple tree
|( QUESTION0_0_R 1 -1.928e+04 1.925e+02 9.041e+01
|    ( QUESTION2_14_L -1 -1.822e+04 1.826e+02 8.541e+01
|        ( - -5.298e+03 1 0)
|        ( - -1.274e+04 2 0))
|    ( - -8.678e+02 1 0))
s>    ( QUESTION0_0_R 1 -1.928e+04 1.925e+02 9.041e+01
s>        ( QUESTION2_14_L -1 -1.822e+04 1.826e+02 8.541e+01
s>            ( - -5.298e+03 1 0)
s>            ( - -1.274e+04 2 0))
s>        ( - -8.678e+02 1 0))INFO: dtree.c(1315): Comp split 28
INFO: dtree.c(1439): stop. leaf nodes are specific
INFO: dtree.c(1478): Final simple tree
|( QUESTION9 1 -6.944e+03 1.868e+02 3.299e+01
|    ( - -1.421e+03 1 0)
|    ( QUESTION0_0_R 1 -5.336e+03 1.494e+02 2.599e+01
|        ( - -1.633e+03 1 0)
|        ( - -3.554e+03 1 0)))
s>    ( QUESTION9 1 -6.944e+03 1.868e+02 3.299e+01
s>        ( - -1.421e+03 1 0)
s>        ( QUESTION0_0_R 1 -5.336e+03 1.494e+02 2.599e+01
s>            ( - -1.633e+03 1 0)
s>            ( - -3.554e+03 1 0)))INFO: dtree.c(1315): Comp split 29
INFO: dtree.c(1439): stop. leaf nodes are specific
INFO: dtree.c(1478): Final simple tree
|( QUESTION8 -1 -9.133e+03 1.815e+02 4.386e+01
|    ( - -1.493e+03 1 0)
|    ( WDBNDRY_E 0 -7.458e+03 1.872e+02 3.588e+01
|        ( - -3.286e+03 1 0)
|        ( QUESTION2 -1 -3.985e+03 1.863e+02 1.999e+01
|            ( - -1.119e+03 1 0)
|            ( QUESTION0 -1 -2.679e+03 1.521e+02 1.399e+01
|                ( - -1.244e+03 1 0)
|                ( - -1.284e+03 1 0)))))
s>    ( QUESTION8 -1 -9.133e+03 1.815e+02 4.386e+01
s>        ( - -1.493e+03 1 0)
s>        ( WDBNDRY_E 0 -7.458e+03 1.872e+02 3.588e+01
s>            ( - -3.286e+03 1 0)
s>            ( QUESTION2 -1 -3.985e+03 1.863e+02 1.999e+01
s>                ( - -1.119e+03 1 0)
s>                ( QUESTION0 -1 -2.679e+03 1.521e+02 1.399e+01
s>                    ( - -1.244e+03 1 0)
s>                    ( - -1.284e+03 1 0)))))INFO: dtree.c(1315): Comp split 30
INFO: dtree.c(1439): stop. leaf nodes are specific
INFO: dtree.c(1478): Final simple tree
|( QUESTION0 -1 -1.624e+04 2.111e+02 7.830e+01
|    ( - -8.743e+03 1 0)
|    ( - -7.290e+03 1 0))
s>    ( QUESTION0 -1 -1.624e+04 2.111e+02 7.830e+01
s>        ( - -8.743e+03 1 0)
s>        ( - -7.290e+03 1 0))INFO: dtree.c(1315): Comp split 31
INFO: dtree.c(1315): Comp split 32
INFO: dtree.c(1439): stop. leaf nodes are specific
INFO: dtree.c(1478): Final simple tree
|( QUESTION2_18_L -1 -7.369e+03 1.869e+02 3.500e+01
|    ( QUESTION0_1_R 1 -3.645e+03 1.899e+02 1.700e+01
|        ( - -2.211e+03 1 0)
|        ( - -1.244e+03 1 0))
|    ( QUESTION0_1_R 1 -3.537e+03 1.535e+02 1.800e+01
|        ( - -1.250e+03 1 0)
|        ( - -2.134e+03 1 0)))
s>    ( QUESTION2_18_L -1 -7.369e+03 1.869e+02 3.500e+01
s>        ( QUESTION0_1_R 1 -3.645e+03 1.899e+02 1.700e+01
s>            ( - -2.211e+03 1 0)
s>            ( - -1.244e+03 1 0))
s>        ( QUESTION0_1_R 1 -3.537e+03 1.535e+02 1.800e+01
s>            ( - -1.250e+03 1 0)
s>            ( - -2.134e+03 1 0)))INFO: dtree.c(1439): stop. leaf nodes are specific
INFO: dtree.c(1478): Final simple tree
|( QUESTION0_1_R 1 -9.480e+03 1.970e+02 4.586e+01
|    ( - -6.833e+03 2 0)
|    ( - -2.450e+03 1 0))
s>    ( QUESTION0_1_R 1 -9.480e+03 1.970e+02 4.586e+01
s>        ( - -6.833e+03 2 0)
s>        ( - -2.450e+03 1 0))INFO: dtree.c(1315): Comp split 33
INFO: dtree.c(1439): stop. leaf nodes are specific
INFO: dtree.c(1478): Final simple tree
|( QUESTION3 -1 -3.633e+04 1.973e+02 1.671e+02
|    ( - -7.277e+02 1 0)
|    ( QUESTION2_14_L -1 -3.541e+04 1.607e+02 1.631e+02
|        ( - -2.052e+03 2 0)
|        ( WDBNDRY_E 0 -3.320e+04 1.484e+02 1.531e+02
|            ( - -3.181e+04 1 0)
|            ( - -1.234e+03 1 0))))
s>    ( QUESTION3 -1 -3.633e+04 1.973e+02 1.671e+02
s>        ( - -7.277e+02 1 0)
s>        ( QUESTION2_14_L -1 -3.541e+04 1.607e+02 1.631e+02
s>            ( - -2.052e+03 2 0)
s>            ( WDBNDRY_E 0 -3.320e+04 1.484e+02 1.531e+02
s>                ( - -3.181e+04 1 0)
s>                ( - -1.234e+03 1 0))))INFO: dtree.c(1315): Comp split 34
INFO: dtree.c(1315): Comp split 35
INFO: dtree.c(1439): stop. leaf nodes are specific
INFO: dtree.c(1478): Final simple tree
|( QUESTION0_0_R 1 -1.795e+04 1.649e+02 8.312e+01
|    ( - -1.579e+04 2 0)
|    ( - -1.991e+03 2 0))
s>    ( QUESTION0_0_R 1 -1.795e+04 1.649e+02 8.312e+01
s>        ( - -1.579e+04 2 0)
s>        ( - -1.991e+03 2 0))INFO: dtree.c(1315): Comp split 36
INFO: dtree.c(1439): stop. leaf nodes are specific
INFO: dtree.c(1478): Final simple tree
|( QUESTION0_20_R 1 -5.747e+03 2.058e+02 2.600e+01
|    ( - -2.128e+03 1 0)
|    ( QUESTION1 1 -3.414e+03 1.745e+02 1.600e+01
|        ( - -8.882e+02 1 0)
|        ( QUESTION0_0_R 1 -2.351e+03 1.761e+02 1.100e+01
|            ( - -1.330e+03 1 0)
|            ( - -8.448e+02 1 0))))
s>    ( QUESTION0_20_R 1 -5.747e+03 2.058e+02 2.600e+01
s>        ( - -2.128e+03 1 0)
s>        ( QUESTION1 1 -3.414e+03 1.745e+02 1.600e+01
s>            ( - -8.882e+02 1 0)
s>            ( QUESTION0_0_R 1 -2.351e+03 1.761e+02 1.100e+01
s>                ( - -1.330e+03 1 0)
s>                ( - -8.448e+02 1 0))))INFO: dtree.c(1439): stop. leaf nodes are specific
INFO: dtree.c(1478): Final simple tree
|( QUESTION1 -1 -6.713e+03 1.707e+02 3.099e+01
|    ( QUESTION6 -1 -4.830e+03 1.394e+02 2.298e+01
|        ( - -1.202e+03 1 0)
|        ( WDBNDRY_E 0 -3.489e+03 1.276e+02 1.698e+01
|            ( - -1.330e+03 1 0)
|            ( - -2.031e+03 1 0)))
|    ( - -1.712e+03 1 0))
s>    ( QUESTION1 -1 -6.713e+03 1.707e+02 3.099e+01
s>        ( QUESTION6 -1 -4.830e+03 1.394e+02 2.298e+01
s>            ( - -1.202e+03 1 0)
s>            ( WDBNDRY_E 0 -3.489e+03 1.276e+02 1.698e+01
s>                ( - -1.330e+03 1 0)
s>                ( - -2.031e+03 1 0)))
s>        ( - -1.712e+03 1 0))INFO: dtree.c(1315): Comp split 37
INFO: dtree.c(1439): stop. leaf nodes are specific
INFO: dtree.c(1478): Final simple tree
|( QUESTION9 -1 -4.797e+03 1.338e+02 2.200e+01
|    ( - -1.252e+03 1 0)
|    ( QUESTION2 -1 -3.412e+03 1.279e+02 1.600e+01
|        ( - -7.856e+02 1 0)
|        ( WDBNDRY_S 0 -2.498e+03 1.301e+02 1.200e+01
|            ( - -1.604e+03 1 0)
|            ( - -7.638e+02 1 0))))
s>    ( QUESTION9 -1 -4.797e+03 1.338e+02 2.200e+01
s>        ( - -1.252e+03 1 0)
s>        ( QUESTION2 -1 -3.412e+03 1.279e+02 1.600e+01
s>            ( - -7.856e+02 1 0)
s>            ( WDBNDRY_S 0 -2.498e+03 1.301e+02 1.200e+01
s>                ( - -1.604e+03 1 0)
s>                ( - -7.638e+02 1 0))))INFO: dtree.c(1439): stop. leaf nodes are specific
INFO: dtree.c(1478): Final simple tree
|( QUESTION0_3_R 1 -8.227e+03 1.968e+02 3.690e+01
|    ( - -5.629e+03 1 0)
|    ( - -2.401e+03 1 0))
s>    ( QUESTION0_3_R 1 -8.227e+03 1.968e+02 3.690e+01
s>        ( - -5.629e+03 1 0)
s>        ( - -2.401e+03 1 0))INFO: dtree.c(1315): Comp split 38
INFO: dtree.c(1439): stop. leaf nodes are specific
INFO: dtree.c(1478): Final simple tree
|( QUESTION0 -1 -1.157e+04 1.889e+02 5.015e+01
|    ( - -9.022e+03 1 0)
|    ( - -2.354e+03 1 0))
s>    ( QUESTION0 -1 -1.157e+04 1.889e+02 5.015e+01
s>        ( - -9.022e+03 1 0)
s>        ( - -2.354e+03 1 0))INFO: dtree.c(1439): stop. leaf nodes are specific
INFO: dtree.c(1478): Final simple tree
|( QUESTION0_0_R 1 -2.542e+04 2.082e+02 1.163e+02
|    ( - -2.341e+04 2 0)
|    ( - -1.800e+03 1 0))
s>    ( QUESTION0_0_R 1 -2.542e+04 2.082e+02 1.163e+02
s>        ( - -2.341e+04 2 0)
s>        ( - -1.800e+03 1 0))INFO: dtree.c(1315): Comp split 39
INFO: dtree.c(1439): stop. leaf nodes are specific
INFO: dtree.c(1478): Final simple tree
|( QUESTION0_6_R 1 -6.615e+03 2.150e+02 2.953e+01
|    ( - -3.320e+02 1 0)
|    ( SILENCE -1 -6.068e+03 2.035e+02 2.753e+01
|        ( - -7.440e+02 1 0)
|        ( QUESTION0_0_R 1 -5.121e+03 1.306e+02 2.353e+01
|            ( - -2.710e+03 1 0)
|            ( - -2.280e+03 2 0))))
s>    ( QUESTION0_6_R 1 -6.615e+03 2.150e+02 2.953e+01
s>        ( - -3.320e+02 1 0)
s>        ( SILENCE -1 -6.068e+03 2.035e+02 2.753e+01
s>            ( - -7.440e+02 1 0)
s>            ( QUESTION0_0_R 1 -5.121e+03 1.306e+02 2.353e+01
s>                ( - -2.710e+03 1 0)
s>                ( - -2.280e+03 2 0))))INFO: dtree.c(1315): Comp split 40
INFO: dtree.c(1439): stop. leaf nodes are specific
INFO: dtree.c(1478): Final simple tree
|( SILENCE -1 -6.068e+03 2.035e+02 2.753e+01
|    ( - -7.440e+02 1 0)
|    ( QUESTION0_0_R 1 -5.121e+03 1.306e+02 2.353e+01
|        ( - -2.710e+03 1 0)
|        ( - -2.280e+03 2 0)))
s>    ( SILENCE -1 -6.068e+03 2.035e+02 2.753e+01
s>        ( - -7.440e+02 1 0)
s>        ( QUESTION0_0_R 1 -5.121e+03 1.306e+02 2.353e+01
s>            ( - -2.710e+03 1 0)
s>            ( - -2.280e+03 2 0)))INFO: dtree.c(1315): Comp split 41
INFO: dtree.c(1439): stop. leaf nodes are specific
INFO: dtree.c(1478): Final simple tree
|( QUESTION0_1_R 1 -1.083e+04 1.936e+02 4.923e+01
|    ( - -9.866e+03 2 0)
|    ( - -7.695e+02 1 0))
s>    ( QUESTION0_1_R 1 -1.083e+04 1.936e+02 4.923e+01
s>        ( - -9.866e+03 2 0)
s>        ( - -7.695e+02 1 0))INFO: dtree.c(1315): Comp split 42
INFO: dtree.c(1315): Comp split 43
INFO: dtree.c(1315): Comp split 44
INFO: dtree.c(1439): stop. leaf nodes are specific
INFO: dtree.c(1478): Final simple tree
|( QUESTION0_0_R 1 -2.399e+03 1.809e+02 1.200e+01
|    ( - -1.330e+03 1 0)
|    ( - -8.882e+02 1 0))
s>    ( QUESTION0_0_R 1 -2.399e+03 1.809e+02 1.200e+01
s>        ( - -1.330e+03 1 0)
s>        ( - -8.882e+02 1 0))INFO: dtree.c(1439): stop. leaf nodes are specific
INFO: dtree.c(1478): Final simple tree
|( QUESTION0_13_R 1 -3.141e+03 1.682e+02 1.400e+01
|    ( - -8.448e+02 1 0)
|    ( - -2.128e+03 1 0))
s>    ( QUESTION0_13_R 1 -3.141e+03 1.682e+02 1.400e+01
s>        ( - -8.448e+02 1 0)
s>        ( - -2.128e+03 1 0))INFO: dtree.c(1315): Comp split 45
INFO: dtree.c(1439): stop. leaf nodes are specific
INFO: dtree.c(1478): Final simple tree
|( QUESTION0_0_R 1 -5.121e+03 1.306e+02 2.353e+01
|    ( - -2.710e+03 1 0)
|    ( - -2.280e+03 2 0))
s>    ( QUESTION0_0_R 1 -5.121e+03 1.306e+02 2.353e+01
s>        ( - -2.710e+03 1 0)
s>        ( - -2.280e+03 2 0))INFO: dtree.c(1315): Comp split 46
INFO: dtree.c(1439): stop. leaf nodes are specific
INFO: dtree.c(1478): Final simple tree
|( QUESTION0 -1 -1.859e+04 1.315e+02 8.897e+01
|    ( - -5.596e+03 1 0)
|    ( - -1.286e+04 2 0))
s>    ( QUESTION0 -1 -1.859e+04 1.315e+02 8.897e+01
s>        ( - -5.596e+03 1 0)
s>        ( - -1.286e+04 2 0))INFO: dtree.c(1315): Comp split 47
INFO: dtree.c(1439): stop. leaf nodes are specific
INFO: dtree.c(1478): Final simple tree
|( WDBNDRY_E 0 -3.403e+04 1.626e+02 1.571e+02
|    ( - -3.181e+04 1 0)
|    ( - -2.052e+03 2 0))
s>    ( WDBNDRY_E 0 -3.403e+04 1.626e+02 1.571e+02
s>        ( - -3.181e+04 1 0)
s>        ( - -2.052e+03 2 0))INFO: dtree.c(1439): stop. leaf nodes are specific
INFO: dtree.c(1478): Final simple tree
|( QUESTION0 -1 -2.104e+03 1.416e+02 1.006e+01
|    ( - -7.277e+02 1 0)
|    ( - -1.234e+03 1 0))
s>    ( QUESTION0 -1 -2.104e+03 1.416e+02 1.006e+01
s>        ( - -7.277e+02 1 0)
s>        ( - -1.234e+03 1 0))INFO: dtree.c(1315): Comp split 48
INFO: dtree.c(1439): stop. leaf nodes are specific
INFO: dtree.c(1478): Final simple tree
|( QUESTION0_1_R 1 -1.373e+04 1.455e+02 6.080e+01
|    ( - -7.899e+03 3 0)
|    ( QUESTION2_14_L -1 -5.689e+03 1.364e+02 2.492e+01
|        ( - -3.759e+03 1 0)
|        ( - -1.794e+03 2 0)))
s>    ( QUESTION0_1_R 1 -1.373e+04 1.455e+02 6.080e+01
s>        ( - -7.899e+03 3 0)
s>        ( QUESTION2_14_L -1 -5.689e+03 1.364e+02 2.492e+01
s>            ( - -3.759e+03 1 0)
s>            ( - -1.794e+03 2 0)))INFO: dtree.c(1315): Comp split 49
INFO: dtree.c(1439): stop. leaf nodes are specific
INFO: dtree.c(1478): Final simple tree
|( QUESTION1 -1 -3.011e+03 1.869e+02 1.500e+01
|    ( - -1.057e+03 1 0)
|    ( QUESTION14 -1 -1.767e+03 1.904e+02 9.000e+00
|        ( - -4.562e+02 1 0)
|        ( - -1.120e+03 1 0)))
s>    ( QUESTION1 -1 -3.011e+03 1.869e+02 1.500e+01
s>        ( - -1.057e+03 1 0)
s>        ( QUESTION14 -1 -1.767e+03 1.904e+02 9.000e+00
s>            ( - -4.562e+02 1 0)
s>            ( - -1.120e+03 1 0)))INFO: dtree.c(1315): Comp split 50
INFO: dtree.c(1315): Comp split 51
INFO: dtree.c(1315): Comp split 52
INFO: dtree.c(1439): stop. leaf nodes are specific
INFO: dtree.c(1478): Final simple tree
|( QUESTION0 -1 -2.679e+03 1.521e+02 1.399e+01
|    ( - -1.244e+03 1 0)
|    ( - -1.284e+03 1 0))
s>    ( QUESTION0 -1 -2.679e+03 1.521e+02 1.399e+01
s>        ( - -1.244e+03 1 0)
s>        ( - -1.284e+03 1 0))INFO: dtree.c(1439): stop. leaf nodes are specific
INFO: dtree.c(1478): Final simple tree
|( WDBNDRY_E 0 -6.260e+03 1.831e+02 2.987e+01
|    ( - -3.286e+03 1 0)
|    ( QUESTION1 -1 -2.791e+03 1.782e+02 1.398e+01
|        ( - -1.119e+03 1 0)
|        ( - -1.493e+03 1 0)))
s>    ( WDBNDRY_E 0 -6.260e+03 1.831e+02 2.987e+01
s>        ( - -3.286e+03 1 0)
s>        ( QUESTION1 -1 -2.791e+03 1.782e+02 1.398e+01
s>            ( - -1.119e+03 1 0)
s>            ( - -1.493e+03 1 0)))INFO: dtree.c(1315): Comp split 53
INFO: dtree.c(1315): Comp split 54
INFO: dtree.c(1439): stop. leaf nodes are specific
INFO: dtree.c(1478): Final simple tree
|( QUESTION2_14_L -1 -1.822e+04 1.826e+02 8.541e+01
|    ( - -5.298e+03 1 0)
|    ( - -1.274e+04 2 0))
s>    ( QUESTION2_14_L -1 -1.822e+04 1.826e+02 8.541e+01
s>        ( - -5.298e+03 1 0)
s>        ( - -1.274e+04 2 0))INFO: dtree.c(1315): Comp split 55
INFO: dtree.c(1315): Comp split 56
INFO: dtree.c(1315): Comp split 57
INFO: dtree.c(1439): stop. leaf nodes are specific
INFO: dtree.c(1478): Final simple tree
|( SILENCE -1 -2.998e+04 1.703e+02 1.403e+02
|    ( - -5.864e+03 1 0)
|    ( QUESTION2_7_L -1 -2.394e+04 1.699e+02 1.133e+02
|        ( - -1.456e+04 1 0)
|        ( - -9.216e+03 3 0)))
s>    ( SILENCE -1 -2.998e+04 1.703e+02 1.403e+02
s>        ( - -5.864e+03 1 0)
s>        ( QUESTION2_7_L -1 -2.394e+04 1.699e+02 1.133e+02
s>            ( - -1.456e+04 1 0)
s>            ( - -9.216e+03 3 0)))INFO: dtree.c(1315): Comp split 58
INFO: dtree.c(1439): stop. leaf nodes are specific
INFO: dtree.c(1478): Final simple tree
|( QUESTION0_1_R 1 -3.537e+03 1.535e+02 1.800e+01
|    ( - -1.250e+03 1 0)
|    ( - -2.134e+03 1 0))
s>    ( QUESTION0_1_R 1 -3.537e+03 1.535e+02 1.800e+01
s>        ( - -1.250e+03 1 0)
s>        ( - -2.134e+03 1 0))INFO: dtree.c(1439): stop. leaf nodes are specific
INFO: dtree.c(1478): Final simple tree
|( QUESTION0_1_R 1 -3.645e+03 1.899e+02 1.700e+01
|    ( - -2.211e+03 1 0)
|    ( - -1.244e+03 1 0))
s>    ( QUESTION0_1_R 1 -3.645e+03 1.899e+02 1.700e+01
s>        ( - -2.211e+03 1 0)
s>        ( - -1.244e+03 1 0))INFO: dtree.c(1315): Comp split 59
INFO: dtree.c(1315): Comp split 60
INFO: dtree.c(1439): stop. leaf nodes are specific
INFO: dtree.c(1478): Final simple tree
|( QUESTION14 -1 -1.767e+03 1.904e+02 9.000e+00
|    ( - -4.562e+02 1 0)
|    ( - -1.120e+03 1 0))
s>    ( QUESTION14 -1 -1.767e+03 1.904e+02 9.000e+00
s>        ( - -4.562e+02 1 0)
s>        ( - -1.120e+03 1 0))INFO: dtree.c(1315): Comp split 61
INFO: dtree.c(1315): Comp split 62
INFO: dtree.c(1439): stop. leaf nodes are specific
INFO: dtree.c(1478): Final simple tree
|( QUESTION0_0_R 1 -5.336e+03 1.494e+02 2.599e+01
|    ( - -1.633e+03 1 0)
|    ( - -3.554e+03 1 0))
s>    ( QUESTION0_0_R 1 -5.336e+03 1.494e+02 2.599e+01
s>        ( - -1.633e+03 1 0)
s>        ( - -3.554e+03 1 0))INFO: dtree.c(1315): Comp split 63
INFO: dtree.c(1315): Comp split 64
INFO: dtree.c(1439): stop. leaf nodes are specific
INFO: dtree.c(1478): Final simple tree
|( QUESTION1 -1 -2.791e+03 1.782e+02 1.398e+01
|    ( - -1.119e+03 1 0)
|    ( - -1.493e+03 1 0))
s>    ( QUESTION1 -1 -2.791e+03 1.782e+02 1.398e+01
s>        ( - -1.119e+03 1 0)
s>        ( - -1.493e+03 1 0))INFO: dtree.c(1315): Comp split 65
INFO: dtree.c(1315): Comp split 66
INFO: dtree.c(1315): Comp split 67
INFO: dtree.c(1315): Comp split 68
INFO: dtree.c(1439): stop. leaf nodes are specific
INFO: dtree.c(1478): Final simple tree
|( QUESTION6 -1 -4.830e+03 1.394e+02 2.298e+01
|    ( - -1.202e+03 1 0)
|    ( WDBNDRY_E 0 -3.489e+03 1.276e+02 1.698e+01
|        ( - -1.330e+03 1 0)
|        ( - -2.031e+03 1 0)))
s>    ( QUESTION6 -1 -4.830e+03 1.394e+02 2.298e+01
s>        ( - -1.202e+03 1 0)
s>        ( WDBNDRY_E 0 -3.489e+03 1.276e+02 1.698e+01
s>            ( - -1.330e+03 1 0)
s>            ( - -2.031e+03 1 0)))INFO: dtree.c(1315): Comp split 69
INFO: dtree.c(1439): stop. leaf nodes are specific
INFO: dtree.c(1478): Final simple tree
|( QUESTION2_7_L -1 -2.394e+04 1.699e+02 1.133e+02
|    ( - -1.456e+04 1 0)
|    ( - -9.216e+03 3 0))
s>    ( QUESTION2_7_L -1 -2.394e+04 1.699e+02 1.133e+02
s>        ( - -1.456e+04 1 0)
s>        ( - -9.216e+03 3 0))INFO: dtree.c(1315): Comp split 70
INFO: dtree.c(1315): Comp split 71
INFO: dtree.c(1315): Comp split 72
INFO: dtree.c(1315): Comp split 73
INFO: dtree.c(1315): Comp split 74
INFO: dtree.c(1439): stop. leaf nodes are specific
INFO: dtree.c(1478): Final simple tree
|( QUESTION2_7_L -1 -1.493e+04 1.393e+02 6.735e+01
|    ( - -3.517e+03 2 0)
|    ( - -1.127e+04 3 0))
s>    ( QUESTION2_7_L -1 -1.493e+04 1.393e+02 6.735e+01
s>        ( - -3.517e+03 2 0)
s>        ( - -1.127e+04 3 0))INFO: dtree.c(1315): Comp split 75
INFO: dtree.c(1439): stop. leaf nodes are specific
INFO: dtree.c(1478): Final simple tree
|( QUESTION0 -1 -6.304e+03 1.422e+02 2.773e+01
|    ( - -4.800e+03 1 0)
|    ( - -1.361e+03 1 0))
s>    ( QUESTION0 -1 -6.304e+03 1.422e+02 2.773e+01
s>        ( - -4.800e+03 1 0)
s>        ( - -1.361e+03 1 0))INFO: dtree.c(1439): stop. leaf nodes are specific
INFO: dtree.c(1478): Final simple tree
|( QUESTION9 -1 -5.007e+03 1.364e+02 2.332e+01
|    ( - -1.838e+03 1 0)
|    ( - -3.033e+03 1 0))
s>    ( QUESTION9 -1 -5.007e+03 1.364e+02 2.332e+01
s>        ( - -1.838e+03 1 0)
s>        ( - -3.033e+03 1 0))INFO: dtree.c(1315): Comp split 76
INFO: dtree.c(1315): Comp split 77
INFO: dtree.c(1315): Comp split 78
INFO: dtree.c(1439): stop. leaf nodes are specific
INFO: dtree.c(1478): Final simple tree
|( SILENCE -1 -9.342e+03 1.403e+02 4.266e+01
|    ( - -6.627e+03 1 0)
|    ( - -2.575e+03 1 0))
s>    ( SILENCE -1 -9.342e+03 1.403e+02 4.266e+01
s>        ( - -6.627e+03 1 0)
s>        ( - -2.575e+03 1 0))INFO: dtree.c(1315): Comp split 79
INFO: dtree.c(1315): Comp split 80
INFO: dtree.c(1439): stop. leaf nodes are specific
INFO: dtree.c(1478): Final simple tree
|( QUESTION2_14_L -1 -5.689e+03 1.364e+02 2.492e+01
|    ( - -3.759e+03 1 0)
|    ( - -1.794e+03 2 0))
s>    ( QUESTION2_14_L -1 -5.689e+03 1.364e+02 2.492e+01
s>        ( - -3.759e+03 1 0)
s>        ( - -1.794e+03 2 0))INFO: dtree.c(1315): Comp split 81
INFO: dtree.c(1315): Comp split 82
INFO: dtree.c(1315): Comp split 83
INFO: dtree.c(1315): Comp split 84
INFO: dtree.c(1439): stop. leaf nodes are specific
INFO: dtree.c(1478): Final simple tree
|( WDBNDRY_E 0 -3.489e+03 1.276e+02 1.698e+01
|    ( - -1.330e+03 1 0)
|    ( - -2.031e+03 1 0))
s>    ( WDBNDRY_E 0 -3.489e+03 1.276e+02 1.698e+01
s>        ( - -1.330e+03 1 0)
s>        ( - -2.031e+03 1 0))INFO: dtree.c(1315): Comp split 85
INFO: dtree.c(1315): Comp split 86
INFO: dtree.c(1315): Comp split 87
INFO: dtree.c(1315): Comp split 88
INFO: dtree.c(1439): stop. leaf nodes are specific
INFO: dtree.c(1478): Final simple tree
|( QUESTION2 -1 -3.412e+03 1.279e+02 1.600e+01
|    ( - -7.856e+02 1 0)
|    ( WDBNDRY_S 0 -2.498e+03 1.301e+02 1.200e+01
|        ( - -1.604e+03 1 0)
|        ( - -7.638e+02 1 0)))
s>    ( QUESTION2 -1 -3.412e+03 1.279e+02 1.600e+01
s>        ( - -7.856e+02 1 0)
s>        ( WDBNDRY_S 0 -2.498e+03 1.301e+02 1.200e+01
s>            ( - -1.604e+03 1 0)
s>            ( - -7.638e+02 1 0)))INFO: dtree.c(1315): Comp split 89
INFO: dtree.c(1315): Comp split 90
INFO: dtree.c(1315): Comp split 91
INFO: dtree.c(1439): stop. leaf nodes are specific
INFO: dtree.c(1478): Final simple tree
|( WDBNDRY_S 0 -2.498e+03 1.301e+02 1.200e+01
|    ( - -1.604e+03 1 0)
|    ( - -7.638e+02 1 0))
s>    ( WDBNDRY_S 0 -2.498e+03 1.301e+02 1.200e+01
s>        ( - -1.604e+03 1 0)
s>        ( - -7.638e+02 1 0))INFO: dtree.c(1315): Comp split 92
INFO: dtree.c(1315): Comp split 93
INFO: dtree.c(1315): Comp split 94
INFO: dtree.c(1318): stop. leaf nodes are specific
Wed Dec 20 23:52:22 2017
