Current configuration:
[NAME]		[DEFLT]	[VALUE]
-allphones	no	no
-cntthresh	0.00001	1.000000e-05
-csplitmax	100	2000
-csplitmin	1	1
-csplitthr	8e-4	0.000000e+00
-example	no	no
-fullvar	no	no
-help		no	no
-meanfn			/home/alex/repos/speech/an4/model_parameters/an4.cd_cont_untied/means
-mixwfn			/home/alex/repos/speech/an4/model_parameters/an4.cd_cont_untied/mixture_weights
-moddeffn		/home/alex/repos/speech/an4/model_architecture/an4.untied.mdef
-mwfloor	1e-4	1.000000e-08
-phone			Y
-psetfn			/home/alex/repos/speech/an4/model_architecture/an4.tree_questions
-ssplitmax	5	7
-ssplitmin	1	1
-ssplitthr	8e-4	0.000000e+00
-state			1
-stwt			1.0,0.05,0.0,
-treefn			/home/alex/repos/speech/an4/trees/an4.unpruned/Y-1.dtree
-ts2cbfn	.semi.	.cont.
-varfloor	0.00001	1.000000e-05
-varfn			/home/alex/repos/speech/an4/model_parameters/an4.cd_cont_untied/variances

INFO: main.c(223): Reading: /home/alex/repos/speech/an4/model_architecture/an4.untied.mdef
INFO: model_def_io.c(573): Model definition info:
INFO: model_def_io.c(574): 1618 total models defined (34 base, 1584 tri)
INFO: model_def_io.c(575): 6472 total states
INFO: model_def_io.c(576): 4854 total tied states
INFO: model_def_io.c(577): 102 total tied CI states
INFO: model_def_io.c(578): 34 total tied transition matrices
INFO: model_def_io.c(579): 4 max state/model
INFO: model_def_io.c(580): 4 min state/model
INFO: main.c(242): Building trees for [Y AH UW b] through [Y UW UW b]
INFO: main.c(269): Covering states |[4725 4778]| == 54
INFO: main.c(275): Reading: /home/alex/repos/speech/an4/model_parameters/an4.cd_cont_untied/mixture_weights
INFO: s3mixw_io.c(173): Read /home/alex/repos/speech/an4/model_parameters/an4.cd_cont_untied/mixture_weights [54x1x1 array]
INFO: main.c(311): 18 of 18 models have observation count greater than 0.000010
INFO: main.c(95): nrm stwt: 0.045 0.909 0.045 
INFO: s3gau_io.c(169): Read /home/alex/repos/speech/an4/model_parameters/an4.cd_cont_untied/means [4854x1x1 array]
INFO: s3gau_io.c(169): Read /home/alex/repos/speech/an4/model_parameters/an4.cd_cont_untied/variances [4854x1x1 array]
INFO: main.c(549): Reading: /home/alex/repos/speech/an4/model_architecture/an4.tree_questions
INFO: main.c(588): 180 total simple questions (172 phone; 8 word bndry)
INFO: main.c(590): 42 Left Only questions, and 42 Right Only questions
INFO: dtree.c(1478): Final simple tree
|( QUESTION0_0_R 1 -2.410e+05 2.002e+03 1.177e+03
|    ( - -1.937e+04 1 0)
|    ( WDBNDRY_B 0 -2.197e+05 1.002e+03 1.093e+03
|        ( QUESTION2_14_L -1 -1.187e+05 4.562e+02 5.928e+02
|            ( - -6.019e+04 2 0)
|            ( QUESTION6 -1 -5.804e+04 3.057e+02 2.842e+02
|                ( QUESTION7 -1 -1.160e+04 3.925e+02 6.064e+01
|                    ( - -3.964e+03 1 0)
|                    ( - -7.246e+03 1 0))
|                ( QUESTION3 -1 -4.613e+04 2.481e+02 2.236e+02
|                    ( - -1.871e+03 1 0)
|                    ( - -4.402e+04 9 0 QUESTION20 -1 1.792e+02 2.126e+02))))
|        ( QUESTION0 -1 -9.998e+04 8.351e+02 5.002e+02
|            ( - -2.049e+04 2 0 QUESTION1 -1 1.632e+02 9.444e+01)
|            ( - -7.866e+04 1 0))))
s>    ( QUESTION0_0_R 1 -2.410e+05 2.002e+03 1.177e+03
s>        ( - -1.937e+04 1 0)
s>        ( WDBNDRY_B 0 -2.197e+05 1.002e+03 1.093e+03
s>            ( QUESTION2_14_L -1 -1.187e+05 4.562e+02 5.928e+02
s>                ( - -6.019e+04 2 0)
s>                ( QUESTION6 -1 -5.804e+04 3.057e+02 2.842e+02
s>                    ( QUESTION7 -1 -1.160e+04 3.925e+02 6.064e+01
s>                        ( - -3.964e+03 1 0)
s>                        ( - -7.246e+03 1 0))
s>                    ( QUESTION3 -1 -4.613e+04 2.481e+02 2.236e+02
s>                        ( - -1.871e+03 1 0)
s>                        ( - -4.402e+04 9 0 QUESTION20 -1 1.792e+02 2.126e+02))))
s>            ( QUESTION0 -1 -9.998e+04 8.351e+02 5.002e+02
s>                ( - -2.049e+04 2 0 QUESTION1 -1 1.632e+02 9.444e+01)
s>                ( - -7.866e+04 1 0))))INFO: dtree.c(1315): Comp split 0
INFO: dtree.c(1478): Final simple tree
|( WDBNDRY_B 0 -2.197e+05 1.002e+03 1.093e+03
|    ( QUESTION2_14_L -1 -1.187e+05 4.562e+02 5.928e+02
|        ( - -6.019e+04 2 0)
|        ( QUESTION6 -1 -5.804e+04 3.057e+02 2.842e+02
|            ( QUESTION7 -1 -1.160e+04 3.925e+02 6.064e+01
|                ( - -3.964e+03 1 0)
|                ( - -7.246e+03 1 0))
|            ( QUESTION3 -1 -4.613e+04 2.481e+02 2.236e+02
|                ( - -1.871e+03 1 0)
|                ( QUESTION20 -1 -4.402e+04 1.792e+02 2.126e+02
|                    ( - -2.848e+04 5 0 QUESTION2_13_L -1 1.897e+02 1.397e+02)
|                    ( - -1.536e+04 4 0 QUESTION15 -1 1.733e+02 7.282e+01)))))
|    ( QUESTION0 -1 -9.998e+04 8.351e+02 5.002e+02
|        ( - -2.049e+04 2 0 QUESTION1 -1 1.632e+02 9.444e+01)
|        ( - -7.866e+04 1 0)))
s>    ( WDBNDRY_B 0 -2.197e+05 1.002e+03 1.093e+03
s>        ( QUESTION2_14_L -1 -1.187e+05 4.562e+02 5.928e+02
s>            ( - -6.019e+04 2 0)
s>            ( QUESTION6 -1 -5.804e+04 3.057e+02 2.842e+02
s>                ( QUESTION7 -1 -1.160e+04 3.925e+02 6.064e+01
s>                    ( - -3.964e+03 1 0)
s>                    ( - -7.246e+03 1 0))
s>                ( QUESTION3 -1 -4.613e+04 2.481e+02 2.236e+02
s>                    ( - -1.871e+03 1 0)
s>                    ( QUESTION20 -1 -4.402e+04 1.792e+02 2.126e+02
s>                        ( - -2.848e+04 5 0 QUESTION2_13_L -1 1.897e+02 1.397e+02)
s>                        ( - -1.536e+04 4 0 QUESTION15 -1 1.733e+02 7.282e+01)))))
s>        ( QUESTION0 -1 -9.998e+04 8.351e+02 5.002e+02
s>            ( - -2.049e+04 2 0 QUESTION1 -1 1.632e+02 9.444e+01)
s>            ( - -7.866e+04 1 0)))INFO: dtree.c(1315): Comp split 1
INFO: dtree.c(1439): stop. leaf nodes are specific
INFO: dtree.c(1478): Final simple tree
|( WDBNDRY_B 0 -8.630e+04 4.025e+02 4.461e+02
|    ( - -7.246e+03 1 0)
|    ( - -7.866e+04 1 0))
s>    ( WDBNDRY_B 0 -8.630e+04 4.025e+02 4.461e+02
s>        ( - -7.246e+03 1 0)
s>        ( - -7.866e+04 1 0))INFO: dtree.c(1478): Final simple tree
|( WDBNDRY_B 0 -1.323e+05 7.657e+02 6.469e+02
|    ( QUESTION2_14_L -1 -1.110e+05 4.616e+02 5.525e+02
|        ( - -6.019e+04 2 0)
|        ( QUESTION6 -1 -5.039e+04 2.868e+02 2.439e+02
|            ( - -3.964e+03 1 0)
|            ( QUESTION3 -1 -4.613e+04 2.481e+02 2.236e+02
|                ( - -1.871e+03 1 0)
|                ( QUESTION20 -1 -4.402e+04 1.792e+02 2.126e+02
|                    ( QUESTION2_13_L -1 -2.848e+04 1.897e+02 1.397e+02
|                        ( - -2.160e+04 3 0)
|                        ( QUESTION2_0_L -1 -6.687e+03 1.756e+02 3.161e+01
|                            ( - -2.841e+03 1 0)
|                            ( - -3.671e+03 1 0)))
|                    ( - -1.536e+04 4 0 QUESTION15 -1 1.733e+02 7.282e+01)))))
|    ( - -2.049e+04 2 0 QUESTION1 -1 1.632e+02 9.444e+01))
s>    ( WDBNDRY_B 0 -1.323e+05 7.657e+02 6.469e+02
s>        ( QUESTION2_14_L -1 -1.110e+05 4.616e+02 5.525e+02
s>            ( - -6.019e+04 2 0)
s>            ( QUESTION6 -1 -5.039e+04 2.868e+02 2.439e+02
s>                ( - -3.964e+03 1 0)
s>                ( QUESTION3 -1 -4.613e+04 2.481e+02 2.236e+02
s>                    ( - -1.871e+03 1 0)
s>                    ( QUESTION20 -1 -4.402e+04 1.792e+02 2.126e+02
s>                        ( QUESTION2_13_L -1 -2.848e+04 1.897e+02 1.397e+02
s>                            ( - -2.160e+04 3 0)
s>                            ( QUESTION2_0_L -1 -6.687e+03 1.756e+02 3.161e+01
s>                                ( - -2.841e+03 1 0)
s>                                ( - -3.671e+03 1 0)))
s>                        ( - -1.536e+04 4 0 QUESTION15 -1 1.733e+02 7.282e+01)))))
s>        ( - -2.049e+04 2 0 QUESTION1 -1 1.632e+02 9.444e+01))INFO: dtree.c(1315): Comp split 2
INFO: dtree.c(1478): Final simple tree
|( QUESTION2_14_L -1 -1.110e+05 4.616e+02 5.525e+02
|    ( - -6.019e+04 2 0)
|    ( QUESTION6 -1 -5.039e+04 2.868e+02 2.439e+02
|        ( - -3.964e+03 1 0)
|        ( QUESTION3 -1 -4.613e+04 2.481e+02 2.236e+02
|            ( - -1.871e+03 1 0)
|            ( QUESTION20 -1 -4.402e+04 1.792e+02 2.126e+02
|                ( QUESTION2_13_L -1 -2.848e+04 1.897e+02 1.397e+02
|                    ( - -2.160e+04 3 0)
|                    ( QUESTION2_0_L -1 -6.687e+03 1.756e+02 3.161e+01
|                        ( - -2.841e+03 1 0)
|                        ( - -3.671e+03 1 0)))
|                ( QUESTION15 -1 -1.536e+04 1.733e+02 7.282e+01
|                    ( - -2.346e+03 1 0)
|                    ( - -1.284e+04 3 0 QUESTION1 -1 1.610e+02 6.082e+01))))))
s>    ( QUESTION2_14_L -1 -1.110e+05 4.616e+02 5.525e+02
s>        ( - -6.019e+04 2 0)
s>        ( QUESTION6 -1 -5.039e+04 2.868e+02 2.439e+02
s>            ( - -3.964e+03 1 0)
s>            ( QUESTION3 -1 -4.613e+04 2.481e+02 2.236e+02
s>                ( - -1.871e+03 1 0)
s>                ( QUESTION20 -1 -4.402e+04 1.792e+02 2.126e+02
s>                    ( QUESTION2_13_L -1 -2.848e+04 1.897e+02 1.397e+02
s>                        ( - -2.160e+04 3 0)
s>                        ( QUESTION2_0_L -1 -6.687e+03 1.756e+02 3.161e+01
s>                            ( - -2.841e+03 1 0)
s>                            ( - -3.671e+03 1 0)))
s>                    ( QUESTION15 -1 -1.536e+04 1.733e+02 7.282e+01
s>                        ( - -2.346e+03 1 0)
s>                        ( - -1.284e+04 3 0 QUESTION1 -1 1.610e+02 6.082e+01))))))INFO: dtree.c(1439): stop. leaf nodes are specific
INFO: dtree.c(1478): Final simple tree
|( QUESTION1 -1 -2.049e+04 1.632e+02 9.444e+01
|    ( - -5.530e+02 1 0)
|    ( - -1.977e+04 1 0))
s>    ( QUESTION1 -1 -2.049e+04 1.632e+02 9.444e+01
s>        ( - -5.530e+02 1 0)
s>        ( - -1.977e+04 1 0))INFO: dtree.c(1315): Comp split 3
INFO: dtree.c(1478): Final simple tree
|( QUESTION3 -1 -4.826e+04 2.843e+02 2.329e+02
|    ( - -3.964e+03 1 0)
|    ( QUESTION20 -1 -4.402e+04 1.792e+02 2.126e+02
|        ( QUESTION2_13_L -1 -2.848e+04 1.897e+02 1.397e+02
|            ( - -2.160e+04 3 0)
|            ( QUESTION2_0_L -1 -6.687e+03 1.756e+02 3.161e+01
|                ( - -2.841e+03 1 0)
|                ( - -3.671e+03 1 0)))
|        ( QUESTION15 -1 -1.536e+04 1.733e+02 7.282e+01
|            ( - -2.346e+03 1 0)
|            ( QUESTION1 -1 -1.284e+04 1.610e+02 6.082e+01
|                ( - -4.076e+03 1 0)
|                ( SILENCE -1 -8.601e+03 1.473e+02 4.180e+01
|                    ( - -1.900e+03 1 0)
|                    ( - -6.554e+03 1 0))))))
s>    ( QUESTION3 -1 -4.826e+04 2.843e+02 2.329e+02
s>        ( - -3.964e+03 1 0)
s>        ( QUESTION20 -1 -4.402e+04 1.792e+02 2.126e+02
s>            ( QUESTION2_13_L -1 -2.848e+04 1.897e+02 1.397e+02
s>                ( - -2.160e+04 3 0)
s>                ( QUESTION2_0_L -1 -6.687e+03 1.756e+02 3.161e+01
s>                    ( - -2.841e+03 1 0)
s>                    ( - -3.671e+03 1 0)))
s>            ( QUESTION15 -1 -1.536e+04 1.733e+02 7.282e+01
s>                ( - -2.346e+03 1 0)
s>                ( QUESTION1 -1 -1.284e+04 1.610e+02 6.082e+01
s>                    ( - -4.076e+03 1 0)
s>                    ( SILENCE -1 -8.601e+03 1.473e+02 4.180e+01
s>                        ( - -1.900e+03 1 0)
s>                        ( - -6.554e+03 1 0))))))INFO: dtree.c(1439): stop. leaf nodes are specific
INFO: dtree.c(1478): Final simple tree
|( QUESTION0 -1 -6.229e+04 2.311e+02 3.196e+02
|    ( - -1.871e+03 1 0)
|    ( - -6.019e+04 2 0))
s>    ( QUESTION0 -1 -6.229e+04 2.311e+02 3.196e+02
s>        ( - -1.871e+03 1 0)
s>        ( - -6.019e+04 2 0))INFO: dtree.c(1315): Comp split 4
INFO: dtree.c(1315): Comp split 5
INFO: dtree.c(1439): stop. leaf nodes are specific
INFO: dtree.c(1478): Final simple tree
|( QUESTION1 -1 -6.447e+03 1.362e+02 3.234e+01
|    ( - -3.964e+03 1 0)
|    ( - -2.346e+03 1 0))
s>    ( QUESTION1 -1 -6.447e+03 1.362e+02 3.234e+01
s>        ( - -3.964e+03 1 0)
s>        ( - -2.346e+03 1 0))INFO: dtree.c(1439): stop. leaf nodes are specific
INFO: dtree.c(1478): Final simple tree
|( QUESTION0 -1 -4.150e+04 1.812e+02 2.006e+02
|    ( QUESTION1 -1 -1.078e+04 1.541e+02 5.082e+01
|        ( - -4.076e+03 1 0)
|        ( - -6.554e+03 1 0))
|    ( QUESTION2_7_L -1 -3.053e+04 1.851e+02 1.497e+02
|        ( - -3.671e+03 1 0)
|        ( QUESTION2_0_L -1 -2.667e+04 1.826e+02 1.311e+02
|            ( - -2.841e+03 1 0)
|            ( SILENCE -1 -2.365e+04 1.493e+02 1.181e+02
|                ( - -1.900e+03 1 0)
|                ( - -2.160e+04 3 0)))))
s>    ( QUESTION0 -1 -4.150e+04 1.812e+02 2.006e+02
s>        ( QUESTION1 -1 -1.078e+04 1.541e+02 5.082e+01
s>            ( - -4.076e+03 1 0)
s>            ( - -6.554e+03 1 0))
s>        ( QUESTION2_7_L -1 -3.053e+04 1.851e+02 1.497e+02
s>            ( - -3.671e+03 1 0)
s>            ( QUESTION2_0_L -1 -2.667e+04 1.826e+02 1.311e+02
s>                ( - -2.841e+03 1 0)
s>                ( SILENCE -1 -2.365e+04 1.493e+02 1.181e+02
s>                    ( - -1.900e+03 1 0)
s>                    ( - -2.160e+04 3 0)))))INFO: dtree.c(1315): Comp split 6
INFO: dtree.c(1315): Comp split 7
INFO: dtree.c(1439): stop. leaf nodes are specific
INFO: dtree.c(1478): Final simple tree
|( QUESTION2_7_L -1 -2.751e+04 1.889e+02 1.367e+02
|    ( - -3.671e+03 1 0)
|    ( SILENCE -1 -2.365e+04 1.493e+02 1.181e+02
|        ( - -1.900e+03 1 0)
|        ( - -2.160e+04 3 0)))
s>    ( QUESTION2_7_L -1 -2.751e+04 1.889e+02 1.367e+02
s>        ( - -3.671e+03 1 0)
s>        ( SILENCE -1 -2.365e+04 1.493e+02 1.181e+02
s>            ( - -1.900e+03 1 0)
s>            ( - -2.160e+04 3 0)))INFO: dtree.c(1439): stop. leaf nodes are specific
INFO: dtree.c(1478): Final simple tree
|( QUESTION0 -1 -1.378e+04 1.586e+02 6.382e+01
|    ( QUESTION1 -1 -1.078e+04 1.541e+02 5.082e+01
|        ( - -4.076e+03 1 0)
|        ( - -6.554e+03 1 0))
|    ( - -2.841e+03 1 0))
s>    ( QUESTION0 -1 -1.378e+04 1.586e+02 6.382e+01
s>        ( QUESTION1 -1 -1.078e+04 1.541e+02 5.082e+01
s>            ( - -4.076e+03 1 0)
s>            ( - -6.554e+03 1 0))
s>        ( - -2.841e+03 1 0))INFO: dtree.c(1315): Comp split 8
INFO: dtree.c(1439): stop. leaf nodes are specific
INFO: dtree.c(1478): Final simple tree
|( SILENCE -1 -2.365e+04 1.493e+02 1.181e+02
|    ( - -1.900e+03 1 0)
|    ( - -2.160e+04 3 0))
s>    ( SILENCE -1 -2.365e+04 1.493e+02 1.181e+02
s>        ( - -1.900e+03 1 0)
s>        ( - -2.160e+04 3 0))INFO: dtree.c(1315): Comp split 9
INFO: dtree.c(1315): Comp split 10
INFO: dtree.c(1439): stop. leaf nodes are specific
INFO: dtree.c(1478): Final simple tree
|( QUESTION1 -1 -1.078e+04 1.541e+02 5.082e+01
|    ( - -4.076e+03 1 0)
|    ( - -6.554e+03 1 0))
s>    ( QUESTION1 -1 -1.078e+04 1.541e+02 5.082e+01
s>        ( - -4.076e+03 1 0)
s>        ( - -6.554e+03 1 0))INFO: dtree.c(1315): Comp split 11
INFO: dtree.c(1315): Comp split 12
INFO: dtree.c(1315): Comp split 13
INFO: dtree.c(1315): Comp split 14
INFO: dtree.c(1318): stop. leaf nodes are specific
Wed Dec 20 23:52:25 2017
