Current configuration:
[NAME]		[DEFLT]	[VALUE]
-allphones	no	no
-cntthresh	0.00001	1.000000e-05
-csplitmax	100	2000
-csplitmin	1	1
-csplitthr	8e-4	0.000000e+00
-example	no	no
-fullvar	no	no
-help		no	no
-meanfn			/home/alex/repos/speech/an4/model_parameters/an4.cd_cont_untied/means
-mixwfn			/home/alex/repos/speech/an4/model_parameters/an4.cd_cont_untied/mixture_weights
-moddeffn		/home/alex/repos/speech/an4/model_architecture/an4.untied.mdef
-mwfloor	1e-4	1.000000e-08
-phone			CH
-psetfn			/home/alex/repos/speech/an4/model_architecture/an4.tree_questions
-ssplitmax	5	7
-ssplitmin	1	1
-ssplitthr	8e-4	0.000000e+00
-state			1
-stwt			1.0,0.05,0.0,
-treefn			/home/alex/repos/speech/an4/trees/an4.unpruned/CH-1.dtree
-ts2cbfn	.semi.	.cont.
-varfloor	0.00001	1.000000e-05
-varfn			/home/alex/repos/speech/an4/model_parameters/an4.cd_cont_untied/variances

INFO: main.c(223): Reading: /home/alex/repos/speech/an4/model_architecture/an4.untied.mdef
INFO: model_def_io.c(573): Model definition info:
INFO: model_def_io.c(574): 1618 total models defined (34 base, 1584 tri)
INFO: model_def_io.c(575): 6472 total states
INFO: model_def_io.c(576): 4854 total tied states
INFO: model_def_io.c(577): 102 total tied CI states
INFO: model_def_io.c(578): 34 total tied transition matrices
INFO: model_def_io.c(579): 4 max state/model
INFO: model_def_io.c(580): 4 min state/model
INFO: main.c(242): Building trees for [CH EY AA e] through [CH R TH e]
INFO: main.c(269): Covering states |[789 860]| == 72
INFO: main.c(275): Reading: /home/alex/repos/speech/an4/model_parameters/an4.cd_cont_untied/mixture_weights
INFO: s3mixw_io.c(173): Read /home/alex/repos/speech/an4/model_parameters/an4.cd_cont_untied/mixture_weights [72x1x1 array]
INFO: main.c(311): 24 of 24 models have observation count greater than 0.000010
INFO: main.c(95): nrm stwt: 0.045 0.909 0.045 
INFO: s3gau_io.c(169): Read /home/alex/repos/speech/an4/model_parameters/an4.cd_cont_untied/means [4854x1x1 array]
INFO: s3gau_io.c(169): Read /home/alex/repos/speech/an4/model_parameters/an4.cd_cont_untied/variances [4854x1x1 array]
INFO: main.c(549): Reading: /home/alex/repos/speech/an4/model_architecture/an4.tree_questions
INFO: main.c(588): 180 total simple questions (172 phone; 8 word bndry)
INFO: main.c(590): 42 Left Only questions, and 42 Right Only questions
INFO: dtree.c(1478): Final simple tree
|( SILENCE 1 -1.756e+05 3.493e+02 7.864e+02
|    ( - -6.216e+04 1 0)
|    ( QUESTION3 1 -1.131e+05 1.776e+02 5.190e+02
|        ( - -3.477e+04 3 0 QUESTION4 1 9.930e+01 1.590e+02)
|        ( QUESTION0_10_R 1 -7.815e+04 1.592e+02 3.600e+02
|            ( - -1.160e+04 2 0 QUESTION0_11_R 1 1.409e+02 5.377e+01)
|            ( QUESTION0_4_R 1 -6.639e+04 1.486e+02 3.062e+02
|                ( - -6.257e+03 2 0 QUESTION0 -1 9.053e+01 2.901e+01)
|                ( QUESTION0_20_R 1 -5.999e+04 1.501e+02 2.772e+02
|                    ( - -1.374e+04 3 0)
|                    ( QUESTION1 1 -4.610e+04 1.456e+02 2.112e+02
|                        ( - -1.372e+03 1 0)
|                        ( QUESTION14 1 -4.458e+04 1.440e+02 2.042e+02
|                            ( - -7.450e+02 1 0)
|                            ( - -4.369e+04 11 0 QUESTION0_0_R 1 1.291e+02 2.002e+02))))))))
s>    ( SILENCE 1 -1.756e+05 3.493e+02 7.864e+02
s>        ( - -6.216e+04 1 0)
s>        ( QUESTION3 1 -1.131e+05 1.776e+02 5.190e+02
s>            ( - -3.477e+04 3 0 QUESTION4 1 9.930e+01 1.590e+02)
s>            ( QUESTION0_10_R 1 -7.815e+04 1.592e+02 3.600e+02
s>                ( - -1.160e+04 2 0 QUESTION0_11_R 1 1.409e+02 5.377e+01)
s>                ( QUESTION0_4_R 1 -6.639e+04 1.486e+02 3.062e+02
s>                    ( - -6.257e+03 2 0 QUESTION0 -1 9.053e+01 2.901e+01)
s>                    ( QUESTION0_20_R 1 -5.999e+04 1.501e+02 2.772e+02
s>                        ( - -1.374e+04 3 0)
s>                        ( QUESTION1 1 -4.610e+04 1.456e+02 2.112e+02
s>                            ( - -1.372e+03 1 0)
s>                            ( QUESTION14 1 -4.458e+04 1.440e+02 2.042e+02
s>                                ( - -7.450e+02 1 0)
s>                                ( - -4.369e+04 11 0 QUESTION0_0_R 1 1.291e+02 2.002e+02))))))))INFO: dtree.c(1315): Comp split 0
INFO: dtree.c(1478): Final simple tree
|( QUESTION3 1 -1.131e+05 1.776e+02 5.190e+02
|    ( - -3.477e+04 3 0 QUESTION4 1 9.930e+01 1.590e+02)
|    ( QUESTION0_10_R 1 -7.815e+04 1.592e+02 3.600e+02
|        ( QUESTION0_11_R 1 -1.160e+04 1.409e+02 5.377e+01
|            ( - -1.053e+03 1 0)
|            ( - -1.040e+04 1 0))
|        ( QUESTION0_4_R 1 -6.639e+04 1.486e+02 3.062e+02
|            ( - -6.257e+03 2 0 QUESTION0 -1 9.053e+01 2.901e+01)
|            ( QUESTION0_20_R 1 -5.999e+04 1.501e+02 2.772e+02
|                ( - -1.374e+04 3 0)
|                ( QUESTION1 1 -4.610e+04 1.456e+02 2.112e+02
|                    ( - -1.372e+03 1 0)
|                    ( QUESTION14 1 -4.458e+04 1.440e+02 2.042e+02
|                        ( - -7.450e+02 1 0)
|                        ( - -4.369e+04 11 0 QUESTION0_0_R 1 1.291e+02 2.002e+02)))))))
s>    ( QUESTION3 1 -1.131e+05 1.776e+02 5.190e+02
s>        ( - -3.477e+04 3 0 QUESTION4 1 9.930e+01 1.590e+02)
s>        ( QUESTION0_10_R 1 -7.815e+04 1.592e+02 3.600e+02
s>            ( QUESTION0_11_R 1 -1.160e+04 1.409e+02 5.377e+01
s>                ( - -1.053e+03 1 0)
s>                ( - -1.040e+04 1 0))
s>            ( QUESTION0_4_R 1 -6.639e+04 1.486e+02 3.062e+02
s>                ( - -6.257e+03 2 0 QUESTION0 -1 9.053e+01 2.901e+01)
s>                ( QUESTION0_20_R 1 -5.999e+04 1.501e+02 2.772e+02
s>                    ( - -1.374e+04 3 0)
s>                    ( QUESTION1 1 -4.610e+04 1.456e+02 2.112e+02
s>                        ( - -1.372e+03 1 0)
s>                        ( QUESTION14 1 -4.458e+04 1.440e+02 2.042e+02
s>                            ( - -7.450e+02 1 0)
s>                            ( - -4.369e+04 11 0 QUESTION0_0_R 1 1.291e+02 2.002e+02)))))))INFO: dtree.c(1315): Comp split 1
INFO: dtree.c(1478): Final simple tree
|( QUESTION0_4_R 1 -6.639e+04 1.486e+02 3.062e+02
|    ( - -6.257e+03 2 0 QUESTION0 -1 9.053e+01 2.901e+01)
|    ( QUESTION0_20_R 1 -5.999e+04 1.501e+02 2.772e+02
|        ( - -1.374e+04 3 0)
|        ( QUESTION1 1 -4.610e+04 1.456e+02 2.112e+02
|            ( - -1.372e+03 1 0)
|            ( QUESTION14 1 -4.458e+04 1.440e+02 2.042e+02
|                ( - -7.450e+02 1 0)
|                ( QUESTION0_0_R 1 -4.369e+04 1.291e+02 2.002e+02
|                    ( QUESTION0_9_R 1 -2.104e+04 1.255e+02 9.846e+01
|                        ( - -2.775e+03 2 0 QUESTION0 -1 1.069e+02 1.300e+01)
|                        ( QUESTION0_1_R 1 -1.814e+04 1.076e+02 8.546e+01
|                            ( - -6.216e+03 2 0)
|                            ( - -1.181e+04 4 0 QUESTION17 1 9.179e+01 5.691e+01)))
|                    ( - -2.253e+04 3 0 QUESTION0_14_R 1 8.398e+01 1.018e+02))))))
s>    ( QUESTION0_4_R 1 -6.639e+04 1.486e+02 3.062e+02
s>        ( - -6.257e+03 2 0 QUESTION0 -1 9.053e+01 2.901e+01)
s>        ( QUESTION0_20_R 1 -5.999e+04 1.501e+02 2.772e+02
s>            ( - -1.374e+04 3 0)
s>            ( QUESTION1 1 -4.610e+04 1.456e+02 2.112e+02
s>                ( - -1.372e+03 1 0)
s>                ( QUESTION14 1 -4.458e+04 1.440e+02 2.042e+02
s>                    ( - -7.450e+02 1 0)
s>                    ( QUESTION0_0_R 1 -4.369e+04 1.291e+02 2.002e+02
s>                        ( QUESTION0_9_R 1 -2.104e+04 1.255e+02 9.846e+01
s>                            ( - -2.775e+03 2 0 QUESTION0 -1 1.069e+02 1.300e+01)
s>                            ( QUESTION0_1_R 1 -1.814e+04 1.076e+02 8.546e+01
s>                                ( - -6.216e+03 2 0)
s>                                ( - -1.181e+04 4 0 QUESTION17 1 9.179e+01 5.691e+01)))
s>                        ( - -2.253e+04 3 0 QUESTION0_14_R 1 8.398e+01 1.018e+02))))))INFO: dtree.c(1439): stop. leaf nodes are specific
INFO: dtree.c(1478): Final simple tree
|( QUESTION0_11_R 1 -4.649e+04 1.421e+02 2.128e+02
|    ( - -1.053e+03 1 0)
|    ( QUESTION0_0_R 1 -4.529e+04 1.203e+02 2.078e+02
|        ( - -1.040e+04 1 0)
|        ( QUESTION4 1 -3.477e+04 9.930e+01 1.590e+02
|            ( QUESTION0_13_R 1 -6.927e+03 1.208e+02 3.200e+01
|                ( - -3.463e+03 1 0)
|                ( - -3.343e+03 1 0))
|            ( - -2.775e+04 1 0))))
s>    ( QUESTION0_11_R 1 -4.649e+04 1.421e+02 2.128e+02
s>        ( - -1.053e+03 1 0)
s>        ( QUESTION0_0_R 1 -4.529e+04 1.203e+02 2.078e+02
s>            ( - -1.040e+04 1 0)
s>            ( QUESTION4 1 -3.477e+04 9.930e+01 1.590e+02
s>                ( QUESTION0_13_R 1 -6.927e+03 1.208e+02 3.200e+01
s>                    ( - -3.463e+03 1 0)
s>                    ( - -3.343e+03 1 0))
s>                ( - -2.775e+04 1 0))))INFO: dtree.c(1315): Comp split 2
INFO: dtree.c(1439): stop. leaf nodes are specific
INFO: dtree.c(1478): Final simple tree
|( QUESTION14 1 -2.807e+04 1.433e+02 1.339e+02
|    ( - -7.450e+02 1 0)
|    ( QUESTION0_13_R 1 -2.718e+04 1.339e+02 1.299e+02
|        ( - -1.372e+03 1 0)
|        ( QUESTION0_0_R 1 -2.567e+04 1.266e+02 1.229e+02
|            ( QUESTION17 1 -1.181e+04 9.179e+01 5.691e+01
|                ( - -1.947e+03 1 0)
|                ( QUESTION0_8_R 1 -9.773e+03 9.510e+01 4.691e+01
|                    ( - -8.593e+02 1 0)
|                    ( QUESTION0_3_R 1 -8.819e+03 7.768e+01 4.291e+01
|                        ( - -2.218e+03 1 0)
|                        ( - -6.523e+03 1 0))))
|            ( - -1.374e+04 3 0))))
s>    ( QUESTION14 1 -2.807e+04 1.433e+02 1.339e+02
s>        ( - -7.450e+02 1 0)
s>        ( QUESTION0_13_R 1 -2.718e+04 1.339e+02 1.299e+02
s>            ( - -1.372e+03 1 0)
s>            ( QUESTION0_0_R 1 -2.567e+04 1.266e+02 1.229e+02
s>                ( QUESTION17 1 -1.181e+04 9.179e+01 5.691e+01
s>                    ( - -1.947e+03 1 0)
s>                    ( QUESTION0_8_R 1 -9.773e+03 9.510e+01 4.691e+01
s>                        ( - -8.593e+02 1 0)
s>                        ( QUESTION0_3_R 1 -8.819e+03 7.768e+01 4.291e+01
s>                            ( - -2.218e+03 1 0)
s>                            ( - -6.523e+03 1 0))))
s>                ( - -1.374e+04 3 0))))INFO: dtree.c(1439): stop. leaf nodes are specific
INFO: dtree.c(1478): Final simple tree
|( QUESTION0_3_R 1 -3.815e+04 1.494e+02 1.723e+02
|    ( QUESTION0 -1 -6.257e+03 9.053e+01 2.901e+01
|        ( - -1.636e+03 1 0)
|        ( - -4.531e+03 1 0))
|    ( QUESTION0_1_R 1 -3.174e+04 1.267e+02 1.433e+02
|        ( - -6.216e+03 2 0)
|        ( QUESTION0_0_R 1 -2.540e+04 9.840e+01 1.148e+02
|            ( QUESTION0 -1 -2.775e+03 1.069e+02 1.300e+01
|                ( - -1.376e+03 1 0)
|                ( - -1.292e+03 1 0))
|            ( QUESTION0_14_R 1 -2.253e+04 8.398e+01 1.018e+02
|                ( - -2.589e+03 1 0)
|                ( - -1.986e+04 2 0)))))
s>    ( QUESTION0_3_R 1 -3.815e+04 1.494e+02 1.723e+02
s>        ( QUESTION0 -1 -6.257e+03 9.053e+01 2.901e+01
s>            ( - -1.636e+03 1 0)
s>            ( - -4.531e+03 1 0))
s>        ( QUESTION0_1_R 1 -3.174e+04 1.267e+02 1.433e+02
s>            ( - -6.216e+03 2 0)
s>            ( QUESTION0_0_R 1 -2.540e+04 9.840e+01 1.148e+02
s>                ( QUESTION0 -1 -2.775e+03 1.069e+02 1.300e+01
s>                    ( - -1.376e+03 1 0)
s>                    ( - -1.292e+03 1 0))
s>                ( QUESTION0_14_R 1 -2.253e+04 8.398e+01 1.018e+02
s>                    ( - -2.589e+03 1 0)
s>                    ( - -1.986e+04 2 0)))))INFO: dtree.c(1315): Comp split 3
INFO: dtree.c(1439): stop. leaf nodes are specific
INFO: dtree.c(1478): Final simple tree
|( QUESTION0_1_R 1 -3.174e+04 1.267e+02 1.433e+02
|    ( - -6.216e+03 2 0)
|    ( QUESTION0_0_R 1 -2.540e+04 9.840e+01 1.148e+02
|        ( QUESTION0 -1 -2.775e+03 1.069e+02 1.300e+01
|            ( - -1.376e+03 1 0)
|            ( - -1.292e+03 1 0))
|        ( QUESTION0_14_R 1 -2.253e+04 8.398e+01 1.018e+02
|            ( - -2.589e+03 1 0)
|            ( - -1.986e+04 2 0))))
s>    ( QUESTION0_1_R 1 -3.174e+04 1.267e+02 1.433e+02
s>        ( - -6.216e+03 2 0)
s>        ( QUESTION0_0_R 1 -2.540e+04 9.840e+01 1.148e+02
s>            ( QUESTION0 -1 -2.775e+03 1.069e+02 1.300e+01
s>                ( - -1.376e+03 1 0)
s>                ( - -1.292e+03 1 0))
s>            ( QUESTION0_14_R 1 -2.253e+04 8.398e+01 1.018e+02
s>                ( - -2.589e+03 1 0)
s>                ( - -1.986e+04 2 0))))INFO: dtree.c(1439): stop. leaf nodes are specific
INFO: dtree.c(1478): Final simple tree
|( QUESTION0 -1 -6.257e+03 9.053e+01 2.901e+01
|    ( - -1.636e+03 1 0)
|    ( - -4.531e+03 1 0))
s>    ( QUESTION0 -1 -6.257e+03 9.053e+01 2.901e+01
s>        ( - -1.636e+03 1 0)
s>        ( - -4.531e+03 1 0))INFO: dtree.c(1315): Comp split 4
INFO: dtree.c(1439): stop. leaf nodes are specific
INFO: dtree.c(1478): Final simple tree
|( QUESTION0_13_R 1 -2.718e+04 1.339e+02 1.299e+02
|    ( - -1.372e+03 1 0)
|    ( QUESTION0_0_R 1 -2.567e+04 1.266e+02 1.229e+02
|        ( QUESTION17 1 -1.181e+04 9.179e+01 5.691e+01
|            ( - -1.947e+03 1 0)
|            ( QUESTION0_8_R 1 -9.773e+03 9.510e+01 4.691e+01
|                ( - -8.593e+02 1 0)
|                ( QUESTION0_3_R 1 -8.819e+03 7.768e+01 4.291e+01
|                    ( - -2.218e+03 1 0)
|                    ( - -6.523e+03 1 0))))
|        ( - -1.374e+04 3 0)))
s>    ( QUESTION0_13_R 1 -2.718e+04 1.339e+02 1.299e+02
s>        ( - -1.372e+03 1 0)
s>        ( QUESTION0_0_R 1 -2.567e+04 1.266e+02 1.229e+02
s>            ( QUESTION17 1 -1.181e+04 9.179e+01 5.691e+01
s>                ( - -1.947e+03 1 0)
s>                ( QUESTION0_8_R 1 -9.773e+03 9.510e+01 4.691e+01
s>                    ( - -8.593e+02 1 0)
s>                    ( QUESTION0_3_R 1 -8.819e+03 7.768e+01 4.291e+01
s>                        ( - -2.218e+03 1 0)
s>                        ( - -6.523e+03 1 0))))
s>            ( - -1.374e+04 3 0)))INFO: dtree.c(1315): Comp split 5
INFO: dtree.c(1439): stop. leaf nodes are specific
INFO: dtree.c(1478): Final simple tree
|( QUESTION0_0_R 1 -4.529e+04 1.203e+02 2.078e+02
|    ( - -1.040e+04 1 0)
|    ( QUESTION4 1 -3.477e+04 9.930e+01 1.590e+02
|        ( QUESTION0_13_R 1 -6.927e+03 1.208e+02 3.200e+01
|            ( - -3.463e+03 1 0)
|            ( - -3.343e+03 1 0))
|        ( - -2.775e+04 1 0)))
s>    ( QUESTION0_0_R 1 -4.529e+04 1.203e+02 2.078e+02
s>        ( - -1.040e+04 1 0)
s>        ( QUESTION4 1 -3.477e+04 9.930e+01 1.590e+02
s>            ( QUESTION0_13_R 1 -6.927e+03 1.208e+02 3.200e+01
s>                ( - -3.463e+03 1 0)
s>                ( - -3.343e+03 1 0))
s>            ( - -2.775e+04 1 0)))INFO: dtree.c(1315): Comp split 6
INFO: dtree.c(1439): stop. leaf nodes are specific
INFO: dtree.c(1478): Final simple tree
|( QUESTION0_0_R 1 -4.169e+04 1.171e+02 1.908e+02
|    ( - -1.040e+04 1 0)
|    ( QUESTION0_13_R 1 -3.117e+04 8.400e+01 1.420e+02
|        ( - -2.775e+04 1 0)
|        ( - -3.343e+03 1 0)))
s>    ( QUESTION0_0_R 1 -4.169e+04 1.171e+02 1.908e+02
s>        ( - -1.040e+04 1 0)
s>        ( QUESTION0_13_R 1 -3.117e+04 8.400e+01 1.420e+02
s>            ( - -2.775e+04 1 0)
s>            ( - -3.343e+03 1 0)))INFO: dtree.c(1315): Comp split 7
INFO: dtree.c(1439): stop. leaf nodes are specific
INFO: dtree.c(1478): Final simple tree
|( QUESTION0_0_R 1 -2.567e+04 1.266e+02 1.229e+02
|    ( QUESTION17 1 -1.181e+04 9.179e+01 5.691e+01
|        ( - -1.947e+03 1 0)
|        ( QUESTION0_8_R 1 -9.773e+03 9.510e+01 4.691e+01
|            ( - -8.593e+02 1 0)
|            ( QUESTION0_3_R 1 -8.819e+03 7.768e+01 4.291e+01
|                ( - -2.218e+03 1 0)
|                ( - -6.523e+03 1 0))))
|    ( - -1.374e+04 3 0))
s>    ( QUESTION0_0_R 1 -2.567e+04 1.266e+02 1.229e+02
s>        ( QUESTION17 1 -1.181e+04 9.179e+01 5.691e+01
s>            ( - -1.947e+03 1 0)
s>            ( QUESTION0_8_R 1 -9.773e+03 9.510e+01 4.691e+01
s>                ( - -8.593e+02 1 0)
s>                ( QUESTION0_3_R 1 -8.819e+03 7.768e+01 4.291e+01
s>                    ( - -2.218e+03 1 0)
s>                    ( - -6.523e+03 1 0))))
s>        ( - -1.374e+04 3 0))INFO: dtree.c(1315): Comp split 8
INFO: dtree.c(1439): stop. leaf nodes are specific
INFO: dtree.c(1478): Final simple tree
|( QUESTION0_0_R 1 -2.540e+04 9.840e+01 1.148e+02
|    ( QUESTION0 -1 -2.775e+03 1.069e+02 1.300e+01
|        ( - -1.376e+03 1 0)
|        ( - -1.292e+03 1 0))
|    ( QUESTION0_14_R 1 -2.253e+04 8.398e+01 1.018e+02
|        ( - -2.589e+03 1 0)
|        ( - -1.986e+04 2 0)))
s>    ( QUESTION0_0_R 1 -2.540e+04 9.840e+01 1.148e+02
s>        ( QUESTION0 -1 -2.775e+03 1.069e+02 1.300e+01
s>            ( - -1.376e+03 1 0)
s>            ( - -1.292e+03 1 0))
s>        ( QUESTION0_14_R 1 -2.253e+04 8.398e+01 1.018e+02
s>            ( - -2.589e+03 1 0)
s>            ( - -1.986e+04 2 0)))INFO: dtree.c(1315): Comp split 9
INFO: dtree.c(1439): stop. leaf nodes are specific
INFO: dtree.c(1478): Final simple tree
|( QUESTION17 1 -1.181e+04 9.179e+01 5.691e+01
|    ( - -1.947e+03 1 0)
|    ( QUESTION0_8_R 1 -9.773e+03 9.510e+01 4.691e+01
|        ( - -8.593e+02 1 0)
|        ( QUESTION0_3_R 1 -8.819e+03 7.768e+01 4.291e+01
|            ( - -2.218e+03 1 0)
|            ( - -6.523e+03 1 0))))
s>    ( QUESTION17 1 -1.181e+04 9.179e+01 5.691e+01
s>        ( - -1.947e+03 1 0)
s>        ( QUESTION0_8_R 1 -9.773e+03 9.510e+01 4.691e+01
s>            ( - -8.593e+02 1 0)
s>            ( QUESTION0_3_R 1 -8.819e+03 7.768e+01 4.291e+01
s>                ( - -2.218e+03 1 0)
s>                ( - -6.523e+03 1 0))))INFO: dtree.c(1315): Comp split 10
INFO: dtree.c(1439): stop. leaf nodes are specific
INFO: dtree.c(1478): Final simple tree
|( QUESTION0_13_R 1 -3.117e+04 8.400e+01 1.420e+02
|    ( - -2.775e+04 1 0)
|    ( - -3.343e+03 1 0))
s>    ( QUESTION0_13_R 1 -3.117e+04 8.400e+01 1.420e+02
s>        ( - -2.775e+04 1 0)
s>        ( - -3.343e+03 1 0))INFO: dtree.c(1315): Comp split 11
INFO: dtree.c(1439): stop. leaf nodes are specific
INFO: dtree.c(1478): Final simple tree
|( QUESTION0_0_R 1 -2.400e+04 9.762e+01 1.088e+02
|    ( - -1.376e+03 1 0)
|    ( QUESTION0_14_R 1 -2.253e+04 8.398e+01 1.018e+02
|        ( - -2.589e+03 1 0)
|        ( - -1.986e+04 2 0)))
s>    ( QUESTION0_0_R 1 -2.400e+04 9.762e+01 1.088e+02
s>        ( - -1.376e+03 1 0)
s>        ( QUESTION0_14_R 1 -2.253e+04 8.398e+01 1.018e+02
s>            ( - -2.589e+03 1 0)
s>            ( - -1.986e+04 2 0)))INFO: dtree.c(1315): Comp split 12
INFO: dtree.c(1439): stop. leaf nodes are specific
INFO: dtree.c(1478): Final simple tree
|( QUESTION0_14_R 1 -2.253e+04 8.398e+01 1.018e+02
|    ( - -2.589e+03 1 0)
|    ( - -1.986e+04 2 0))
s>    ( QUESTION0_14_R 1 -2.253e+04 8.398e+01 1.018e+02
s>        ( - -2.589e+03 1 0)
s>        ( - -1.986e+04 2 0))INFO: dtree.c(1315): Comp split 13
INFO: dtree.c(1439): stop. leaf nodes are specific
INFO: dtree.c(1478): Final simple tree
|( QUESTION0_8_R 1 -1.086e+04 9.115e+01 5.291e+01
|    ( - -1.947e+03 1 0)
|    ( QUESTION0_3_R 1 -8.819e+03 7.768e+01 4.291e+01
|        ( - -2.218e+03 1 0)
|        ( - -6.523e+03 1 0)))
s>    ( QUESTION0_8_R 1 -1.086e+04 9.115e+01 5.291e+01
s>        ( - -1.947e+03 1 0)
s>        ( QUESTION0_3_R 1 -8.819e+03 7.768e+01 4.291e+01
s>            ( - -2.218e+03 1 0)
s>            ( - -6.523e+03 1 0)))INFO: dtree.c(1315): Comp split 14
INFO: dtree.c(1439): stop. leaf nodes are specific
INFO: dtree.c(1478): Final simple tree
|( QUESTION0_3_R 1 -8.819e+03 7.768e+01 4.291e+01
|    ( - -2.218e+03 1 0)
|    ( - -6.523e+03 1 0))
s>    ( QUESTION0_3_R 1 -8.819e+03 7.768e+01 4.291e+01
s>        ( - -2.218e+03 1 0)
s>        ( - -6.523e+03 1 0))INFO: dtree.c(1315): Comp split 15
INFO: dtree.c(1315): Comp split 16
INFO: dtree.c(1315): Comp split 17
INFO: dtree.c(1315): Comp split 18
INFO: dtree.c(1315): Comp split 19
INFO: dtree.c(1318): stop. leaf nodes are specific
Wed Dec 20 23:52:16 2017
