Current configuration:
[NAME]		[DEFLT]	[VALUE]
-allphones	no	no
-cntthresh	0.00001	1.000000e-05
-csplitmax	100	2000
-csplitmin	1	1
-csplitthr	8e-4	0.000000e+00
-example	no	no
-fullvar	no	no
-help		no	no
-meanfn			/home/alex/repos/speech/an4/model_parameters/an4.cd_cont_untied/means
-mixwfn			/home/alex/repos/speech/an4/model_parameters/an4.cd_cont_untied/mixture_weights
-moddeffn		/home/alex/repos/speech/an4/model_architecture/an4.untied.mdef
-mwfloor	1e-4	1.000000e-08
-phone			EH
-psetfn			/home/alex/repos/speech/an4/model_architecture/an4.tree_questions
-ssplitmax	5	7
-ssplitmin	1	1
-ssplitthr	8e-4	0.000000e+00
-state			2
-stwt			1.0,0.05,0.0,
-treefn			/home/alex/repos/speech/an4/trees/an4.unpruned/EH-2.dtree
-ts2cbfn	.semi.	.cont.
-varfloor	0.00001	1.000000e-05
-varfn			/home/alex/repos/speech/an4/model_parameters/an4.cd_cont_untied/variances

INFO: main.c(223): Reading: /home/alex/repos/speech/an4/model_architecture/an4.untied.mdef
INFO: model_def_io.c(573): Model definition info:
INFO: model_def_io.c(574): 1618 total models defined (34 base, 1584 tri)
INFO: model_def_io.c(575): 6472 total states
INFO: model_def_io.c(576): 4854 total tied states
INFO: model_def_io.c(577): 102 total tied CI states
INFO: model_def_io.c(578): 34 total tied transition matrices
INFO: model_def_io.c(579): 4 max state/model
INFO: model_def_io.c(580): 4 min state/model
INFO: main.c(242): Building trees for [EH AH F b] through [EH Y S i]
INFO: main.c(269): Covering states |[978 1271]| == 294
INFO: main.c(275): Reading: /home/alex/repos/speech/an4/model_parameters/an4.cd_cont_untied/mixture_weights
INFO: s3mixw_io.c(173): Read /home/alex/repos/speech/an4/model_parameters/an4.cd_cont_untied/mixture_weights [294x1x1 array]
INFO: main.c(311): 98 of 98 models have observation count greater than 0.000010
INFO: main.c(95): nrm stwt: 0.000 0.048 0.952 
INFO: s3gau_io.c(169): Read /home/alex/repos/speech/an4/model_parameters/an4.cd_cont_untied/means [4854x1x1 array]
INFO: s3gau_io.c(169): Read /home/alex/repos/speech/an4/model_parameters/an4.cd_cont_untied/variances [4854x1x1 array]
INFO: main.c(549): Reading: /home/alex/repos/speech/an4/model_architecture/an4.tree_questions
INFO: main.c(588): 180 total simple questions (172 phone; 8 word bndry)
INFO: main.c(590): 42 Left Only questions, and 42 Right Only questions
INFO: dtree.c(1478): Final simple tree
|( QUESTION1 1 -1.301e+06 4.596e+03 6.282e+03
|    ( QUESTION4 -1 -5.076e+05 3.452e+03 2.455e+03
|        ( - -1.519e+04 2 0 QUESTION0_14_R 1 4.138e+02 6.609e+01)
|        ( SILENCE -1 -4.889e+05 3.503e+03 2.389e+03
|            ( - -1.263e+05 3 0 QUESTION0_16_R 1 4.706e+02 5.911e+02)
|            ( QUESTION0_16_R 1 -3.591e+05 1.469e+03 1.798e+03
|                ( - -5.058e+04 15 0 WDBNDRY_B 0 2.161e+02 2.344e+02)
|                ( - -3.071e+05 15 0 QUESTION2_14_L -1 5.953e+02 1.563e+03))))
|    ( QUESTION17 1 -7.892e+05 2.883e+03 3.827e+03
|        ( - -1.361e+05 2 0 QUESTION2_7_L -1 2.953e+02 6.710e+02)
|        ( QUESTION0_15_R 1 -6.502e+05 2.410e+03 3.156e+03
|            ( - -1.744e+05 15 0 QUESTION4 -1 7.302e+02 8.269e+02)
|            ( SILENCE -1 -4.734e+05 8.859e+02 2.329e+03
|                ( - -7.595e+04 3 0 QUESTION0_0_R 1 2.334e+02 3.647e+02)
|                ( - -3.966e+05 43 0 WDBNDRY_B 0 9.286e+02 1.965e+03)))))
s>    ( QUESTION1 1 -1.301e+06 4.596e+03 6.282e+03
s>        ( QUESTION4 -1 -5.076e+05 3.452e+03 2.455e+03
s>            ( - -1.519e+04 2 0 QUESTION0_14_R 1 4.138e+02 6.609e+01)
s>            ( SILENCE -1 -4.889e+05 3.503e+03 2.389e+03
s>                ( - -1.263e+05 3 0 QUESTION0_16_R 1 4.706e+02 5.911e+02)
s>                ( QUESTION0_16_R 1 -3.591e+05 1.469e+03 1.798e+03
s>                    ( - -5.058e+04 15 0 WDBNDRY_B 0 2.161e+02 2.344e+02)
s>                    ( - -3.071e+05 15 0 QUESTION2_14_L -1 5.953e+02 1.563e+03))))
s>        ( QUESTION17 1 -7.892e+05 2.883e+03 3.827e+03
s>            ( - -1.361e+05 2 0 QUESTION2_7_L -1 2.953e+02 6.710e+02)
s>            ( QUESTION0_15_R 1 -6.502e+05 2.410e+03 3.156e+03
s>                ( - -1.744e+05 15 0 QUESTION4 -1 7.302e+02 8.269e+02)
s>                ( SILENCE -1 -4.734e+05 8.859e+02 2.329e+03
s>                    ( - -7.595e+04 3 0 QUESTION0_0_R 1 2.334e+02 3.647e+02)
s>                    ( - -3.966e+05 43 0 WDBNDRY_B 0 9.286e+02 1.965e+03)))))INFO: dtree.c(1315): Comp split 0
INFO: dtree.c(1478): Final simple tree
|( QUESTION2_14_L -1 -3.071e+05 5.953e+02 1.563e+03
|    ( - -6.780e+04 2 0)
|    ( WDBNDRY_B 0 -2.387e+05 5.784e+02 1.220e+03
|        ( QUESTION2_20_L -1 -2.153e+05 3.587e+02 1.103e+03
|            ( QUESTION3 -1 -8.988e+04 2.599e+02 4.634e+02
|                ( - -5.752e+03 1 0)
|                ( - -8.387e+04 4 0 QUESTION0 -1 1.900e+02 4.314e+02))
|            ( QUESTION2_13_L -1 -1.250e+05 3.052e+02 6.399e+02
|                ( - -1.014e+04 1 0)
|                ( QUESTION14 -1 -1.146e+05 2.656e+02 5.850e+02
|                    ( - -6.859e+03 1 0)
|                    ( QUESTION1 -1 -1.074e+05 2.324e+02 5.511e+02
|                        ( - -4.494e+04 1 0)
|                        ( - -6.228e+04 3 0 QUESTION0 -1 2.147e+02 3.198e+02)))))
|        ( - -2.287e+04 2 0 QUESTION0_14_R 1 1.861e+02 1.165e+02)))
s>    ( QUESTION2_14_L -1 -3.071e+05 5.953e+02 1.563e+03
s>        ( - -6.780e+04 2 0)
s>        ( WDBNDRY_B 0 -2.387e+05 5.784e+02 1.220e+03
s>            ( QUESTION2_20_L -1 -2.153e+05 3.587e+02 1.103e+03
s>                ( QUESTION3 -1 -8.988e+04 2.599e+02 4.634e+02
s>                    ( - -5.752e+03 1 0)
s>                    ( - -8.387e+04 4 0 QUESTION0 -1 1.900e+02 4.314e+02))
s>                ( QUESTION2_13_L -1 -1.250e+05 3.052e+02 6.399e+02
s>                    ( - -1.014e+04 1 0)
s>                    ( QUESTION14 -1 -1.146e+05 2.656e+02 5.850e+02
s>                        ( - -6.859e+03 1 0)
s>                        ( QUESTION1 -1 -1.074e+05 2.324e+02 5.511e+02
s>                            ( - -4.494e+04 1 0)
s>                            ( - -6.228e+04 3 0 QUESTION0 -1 2.147e+02 3.198e+02)))))
s>            ( - -2.287e+04 2 0 QUESTION0_14_R 1 1.861e+02 1.165e+02)))INFO: dtree.c(1478): Final simple tree
|( QUESTION1 1 -9.887e+05 4.459e+03 4.719e+03
|    ( QUESTION4 -1 -1.950e+05 2.339e+03 8.916e+02
|        ( - -1.519e+04 2 0 QUESTION0_14_R 1 4.138e+02 6.609e+01)
|        ( QUESTION0_14_R 1 -1.775e+05 8.059e+02 8.255e+02
|            ( - -1.062e+05 1 0)
|            ( - -7.052e+04 17 0 SILENCE -1 2.961e+02 3.248e+02)))
|    ( QUESTION17 1 -7.892e+05 2.883e+03 3.827e+03
|        ( - -1.361e+05 2 0 QUESTION2_7_L -1 2.953e+02 6.710e+02)
|        ( QUESTION0_15_R 1 -6.502e+05 2.410e+03 3.156e+03
|            ( - -1.744e+05 15 0 QUESTION4 -1 7.302e+02 8.269e+02)
|            ( SILENCE -1 -4.734e+05 8.859e+02 2.329e+03
|                ( - -7.595e+04 3 0 QUESTION0_0_R 1 2.334e+02 3.647e+02)
|                ( WDBNDRY_B 0 -3.966e+05 9.286e+02 1.965e+03
|                    ( - -3.685e+05 39 0 QUESTION0_0_R 1 6.454e+02 1.837e+03)
|                    ( - -2.713e+04 4 0 QUESTION0_1_R 1 3.706e+02 1.281e+02))))))
s>    ( QUESTION1 1 -9.887e+05 4.459e+03 4.719e+03
s>        ( QUESTION4 -1 -1.950e+05 2.339e+03 8.916e+02
s>            ( - -1.519e+04 2 0 QUESTION0_14_R 1 4.138e+02 6.609e+01)
s>            ( QUESTION0_14_R 1 -1.775e+05 8.059e+02 8.255e+02
s>                ( - -1.062e+05 1 0)
s>                ( - -7.052e+04 17 0 SILENCE -1 2.961e+02 3.248e+02)))
s>        ( QUESTION17 1 -7.892e+05 2.883e+03 3.827e+03
s>            ( - -1.361e+05 2 0 QUESTION2_7_L -1 2.953e+02 6.710e+02)
s>            ( QUESTION0_15_R 1 -6.502e+05 2.410e+03 3.156e+03
s>                ( - -1.744e+05 15 0 QUESTION4 -1 7.302e+02 8.269e+02)
s>                ( SILENCE -1 -4.734e+05 8.859e+02 2.329e+03
s>                    ( - -7.595e+04 3 0 QUESTION0_0_R 1 2.334e+02 3.647e+02)
s>                    ( WDBNDRY_B 0 -3.966e+05 9.286e+02 1.965e+03
s>                        ( - -3.685e+05 39 0 QUESTION0_0_R 1 6.454e+02 1.837e+03)
s>                        ( - -2.713e+04 4 0 QUESTION0_1_R 1 3.706e+02 1.281e+02))))))INFO: dtree.c(1315): Comp split 1
INFO: dtree.c(1478): Final simple tree
|( QUESTION17 1 -6.122e+05 2.596e+03 3.000e+03
|    ( - -1.361e+05 2 0 QUESTION2_7_L -1 2.953e+02 6.710e+02)
|    ( SILENCE -1 -4.734e+05 8.859e+02 2.329e+03
|        ( - -7.595e+04 3 0 QUESTION0_0_R 1 2.334e+02 3.647e+02)
|        ( WDBNDRY_B 0 -3.966e+05 9.286e+02 1.965e+03
|            ( QUESTION0_0_R 1 -3.685e+05 6.454e+02 1.837e+03
|                ( QUESTION2_14_L -1 -3.268e+05 4.007e+02 1.636e+03
|                    ( - -1.710e+05 4 0)
|                    ( QUESTION7 -1 -1.554e+05 4.422e+02 7.733e+02
|                        ( - -2.564e+04 2 0)
|                        ( - -1.294e+05 22 0 QUESTION8 -1 2.580e+02 6.433e+02)))
|                ( - -4.106e+04 11 0 QUESTION2 -1 3.575e+02 2.002e+02))
|            ( QUESTION0_1_R 1 -2.713e+04 3.706e+02 1.281e+02
|                ( - -2.209e+04 1 0)
|                ( - -4.670e+03 3 0 QUESTION0_0_R 1 2.511e+02 2.100e+01)))))
s>    ( QUESTION17 1 -6.122e+05 2.596e+03 3.000e+03
s>        ( - -1.361e+05 2 0 QUESTION2_7_L -1 2.953e+02 6.710e+02)
s>        ( SILENCE -1 -4.734e+05 8.859e+02 2.329e+03
s>            ( - -7.595e+04 3 0 QUESTION0_0_R 1 2.334e+02 3.647e+02)
s>            ( WDBNDRY_B 0 -3.966e+05 9.286e+02 1.965e+03
s>                ( QUESTION0_0_R 1 -3.685e+05 6.454e+02 1.837e+03
s>                    ( QUESTION2_14_L -1 -3.268e+05 4.007e+02 1.636e+03
s>                        ( - -1.710e+05 4 0)
s>                        ( QUESTION7 -1 -1.554e+05 4.422e+02 7.733e+02
s>                            ( - -2.564e+04 2 0)
s>                            ( - -1.294e+05 22 0 QUESTION8 -1 2.580e+02 6.433e+02)))
s>                    ( - -4.106e+04 11 0 QUESTION2 -1 3.575e+02 2.002e+02))
s>                ( QUESTION0_1_R 1 -2.713e+04 3.706e+02 1.281e+02
s>                    ( - -2.209e+04 1 0)
s>                    ( - -4.670e+03 3 0 QUESTION0_0_R 1 2.511e+02 2.100e+01)))))INFO: dtree.c(1478): Final simple tree
|( QUESTION0 1 -3.721e+05 2.688e+03 1.719e+03
|    ( QUESTION4 -1 -1.950e+05 2.339e+03 8.916e+02
|        ( QUESTION0_14_R 1 -1.519e+04 4.138e+02 6.609e+01
|            ( - -1.362e+04 1 0)
|            ( - -1.153e+03 1 0))
|        ( QUESTION0_14_R 1 -1.775e+05 8.059e+02 8.255e+02
|            ( - -1.062e+05 1 0)
|            ( - -7.052e+04 17 0 SILENCE -1 2.961e+02 3.248e+02)))
|    ( QUESTION4 -1 -1.744e+05 7.302e+02 8.269e+02
|        ( - -4.053e+03 1 0)
|        ( WDBNDRY_B 0 -1.696e+05 5.220e+02 8.055e+02
|            ( QUESTION2_20_L -1 -1.602e+05 3.851e+02 7.656e+02
|                ( - -3.733e+04 4 0 QUESTION0 -1 2.427e+02 1.817e+02)
|                ( - -1.225e+05 9 0 QUESTION2_14_L -1 3.344e+02 5.839e+02))
|            ( - -8.842e+03 1 0))))
s>    ( QUESTION0 1 -3.721e+05 2.688e+03 1.719e+03
s>        ( QUESTION4 -1 -1.950e+05 2.339e+03 8.916e+02
s>            ( QUESTION0_14_R 1 -1.519e+04 4.138e+02 6.609e+01
s>                ( - -1.362e+04 1 0)
s>                ( - -1.153e+03 1 0))
s>            ( QUESTION0_14_R 1 -1.775e+05 8.059e+02 8.255e+02
s>                ( - -1.062e+05 1 0)
s>                ( - -7.052e+04 17 0 SILENCE -1 2.961e+02 3.248e+02)))
s>        ( QUESTION4 -1 -1.744e+05 7.302e+02 8.269e+02
s>            ( - -4.053e+03 1 0)
s>            ( WDBNDRY_B 0 -1.696e+05 5.220e+02 8.055e+02
s>                ( QUESTION2_20_L -1 -1.602e+05 3.851e+02 7.656e+02
s>                    ( - -3.733e+04 4 0 QUESTION0 -1 2.427e+02 1.817e+02)
s>                    ( - -1.225e+05 9 0 QUESTION2_14_L -1 3.344e+02 5.839e+02))
s>                ( - -8.842e+03 1 0))))INFO: dtree.c(1315): Comp split 2
INFO: dtree.c(1478): Final simple tree
|( QUESTION16 -1 -1.711e+05 5.278e+02 8.125e+02
|    ( - -8.842e+03 1 0)
|    ( QUESTION2_20_L -1 -1.617e+05 3.844e+02 7.726e+02
|        ( QUESTION0 -1 -3.733e+04 2.427e+02 1.817e+02
|            ( - -1.746e+03 1 0)
|            ( - -3.534e+04 3 0))
|        ( QUESTION2_14_L -1 -1.240e+05 3.294e+02 5.909e+02
|            ( - -5.583e+04 2 0)
|            ( WDBNDRY_B 0 -6.782e+04 3.333e+02 3.210e+02
|                ( SILENCE -1 -6.633e+04 2.536e+02 3.139e+02
|                    ( - -1.308e+04 1 0)
|                    ( QUESTION14 -1 -5.300e+04 2.274e+02 2.516e+02
|                        ( - -1.913e+03 1 0)
|                        ( - -5.086e+04 5 0 QUESTION2_0_L -1 2.590e+02 2.416e+02)))
|                ( - -1.153e+03 1 0)))))
s>    ( QUESTION16 -1 -1.711e+05 5.278e+02 8.125e+02
s>        ( - -8.842e+03 1 0)
s>        ( QUESTION2_20_L -1 -1.617e+05 3.844e+02 7.726e+02
s>            ( QUESTION0 -1 -3.733e+04 2.427e+02 1.817e+02
s>                ( - -1.746e+03 1 0)
s>                ( - -3.534e+04 3 0))
s>            ( QUESTION2_14_L -1 -1.240e+05 3.294e+02 5.909e+02
s>                ( - -5.583e+04 2 0)
s>                ( WDBNDRY_B 0 -6.782e+04 3.333e+02 3.210e+02
s>                    ( SILENCE -1 -6.633e+04 2.536e+02 3.139e+02
s>                        ( - -1.308e+04 1 0)
s>                        ( QUESTION14 -1 -5.300e+04 2.274e+02 2.516e+02
s>                            ( - -1.913e+03 1 0)
s>                            ( - -5.086e+04 5 0 QUESTION2_0_L -1 2.590e+02 2.416e+02)))
s>                    ( - -1.153e+03 1 0)))))INFO: dtree.c(1478): Final simple tree
|( QUESTION4 -1 -1.982e+05 2.355e+03 9.060e+02
|    ( QUESTION0_14_R 1 -1.838e+04 7.138e+02 8.046e+01
|        ( - -1.362e+04 1 0)
|        ( - -4.053e+03 1 0))
|    ( QUESTION0_14_R 1 -1.775e+05 8.059e+02 8.255e+02
|        ( - -1.062e+05 1 0)
|        ( SILENCE -1 -7.052e+04 2.961e+02 3.248e+02
|            ( QUESTION0_16_R 1 -1.965e+04 2.439e+02 9.035e+01
|                ( - -1.876e+04 1 0)
|                ( - -6.457e+02 1 0))
|            ( WDBNDRY_B 0 -5.058e+04 2.161e+02 2.344e+02
|                ( QUESTION2_15_L -1 -4.812e+04 2.015e+02 2.234e+02
|                    ( - -1.157e+04 5 0 QUESTION2 -1 1.914e+02 5.410e+01)
|                    ( - -3.635e+04 8 0 QUESTION1 -1 1.887e+02 1.693e+02))
|                ( - -2.234e+03 2 0 QUESTION0 -1 1.822e+02 1.100e+01)))))
s>    ( QUESTION4 -1 -1.982e+05 2.355e+03 9.060e+02
s>        ( QUESTION0_14_R 1 -1.838e+04 7.138e+02 8.046e+01
s>            ( - -1.362e+04 1 0)
s>            ( - -4.053e+03 1 0))
s>        ( QUESTION0_14_R 1 -1.775e+05 8.059e+02 8.255e+02
s>            ( - -1.062e+05 1 0)
s>            ( SILENCE -1 -7.052e+04 2.961e+02 3.248e+02
s>                ( QUESTION0_16_R 1 -1.965e+04 2.439e+02 9.035e+01
s>                    ( - -1.876e+04 1 0)
s>                    ( - -6.457e+02 1 0))
s>                ( WDBNDRY_B 0 -5.058e+04 2.161e+02 2.344e+02
s>                    ( QUESTION2_15_L -1 -4.812e+04 2.015e+02 2.234e+02
s>                        ( - -1.157e+04 5 0 QUESTION2 -1 1.914e+02 5.410e+01)
s>                        ( - -3.635e+04 8 0 QUESTION1 -1 1.887e+02 1.693e+02))
s>                    ( - -2.234e+03 2 0 QUESTION0 -1 1.822e+02 1.100e+01)))))INFO: dtree.c(1315): Comp split 3
INFO: dtree.c(1478): Final simple tree
|( SILENCE -1 -4.734e+05 8.859e+02 2.329e+03
|    ( - -7.595e+04 3 0 QUESTION0_0_R 1 2.334e+02 3.647e+02)
|    ( WDBNDRY_B 0 -3.966e+05 9.286e+02 1.965e+03
|        ( QUESTION0_0_R 1 -3.685e+05 6.454e+02 1.837e+03
|            ( QUESTION2_14_L -1 -3.268e+05 4.007e+02 1.636e+03
|                ( - -1.710e+05 4 0)
|                ( QUESTION7 -1 -1.554e+05 4.422e+02 7.733e+02
|                    ( - -2.564e+04 2 0)
|                    ( - -1.294e+05 22 0 QUESTION8 -1 2.580e+02 6.433e+02)))
|            ( QUESTION2 -1 -4.106e+04 3.575e+02 2.002e+02
|                ( - -3.809e+03 1 0)
|                ( - -3.690e+04 10 0 QUESTION14 -1 2.488e+02 1.792e+02)))
|        ( QUESTION0_1_R 1 -2.713e+04 3.706e+02 1.281e+02
|            ( - -2.209e+04 1 0)
|            ( - -4.670e+03 3 0 QUESTION0_0_R 1 2.511e+02 2.100e+01))))
s>    ( SILENCE -1 -4.734e+05 8.859e+02 2.329e+03
s>        ( - -7.595e+04 3 0 QUESTION0_0_R 1 2.334e+02 3.647e+02)
s>        ( WDBNDRY_B 0 -3.966e+05 9.286e+02 1.965e+03
s>            ( QUESTION0_0_R 1 -3.685e+05 6.454e+02 1.837e+03
s>                ( QUESTION2_14_L -1 -3.268e+05 4.007e+02 1.636e+03
s>                    ( - -1.710e+05 4 0)
s>                    ( QUESTION7 -1 -1.554e+05 4.422e+02 7.733e+02
s>                        ( - -2.564e+04 2 0)
s>                        ( - -1.294e+05 22 0 QUESTION8 -1 2.580e+02 6.433e+02)))
s>                ( QUESTION2 -1 -4.106e+04 3.575e+02 2.002e+02
s>                    ( - -3.809e+03 1 0)
s>                    ( - -3.690e+04 10 0 QUESTION14 -1 2.488e+02 1.792e+02)))
s>            ( QUESTION0_1_R 1 -2.713e+04 3.706e+02 1.281e+02
s>                ( - -2.209e+04 1 0)
s>                ( - -4.670e+03 3 0 QUESTION0_0_R 1 2.511e+02 2.100e+01))))INFO: dtree.c(1439): stop. leaf nodes are specific
INFO: dtree.c(1478): Final simple tree
|( QUESTION2_7_L -1 -1.361e+05 2.953e+02 6.710e+02
|    ( - -1.319e+05 1 0)
|    ( - -3.898e+03 1 0))
s>    ( QUESTION2_7_L -1 -1.361e+05 2.953e+02 6.710e+02
s>        ( - -1.319e+05 1 0)
s>        ( - -3.898e+03 1 0))INFO: dtree.c(1315): Comp split 4
INFO: dtree.c(1478): Final simple tree
|( QUESTION0_14_R 1 -1.775e+05 8.059e+02 8.255e+02
|    ( - -1.062e+05 1 0)
|    ( SILENCE -1 -7.052e+04 2.961e+02 3.248e+02
|        ( QUESTION0_16_R 1 -1.965e+04 2.439e+02 9.035e+01
|            ( - -1.876e+04 1 0)
|            ( - -6.457e+02 1 0))
|        ( WDBNDRY_B 0 -5.058e+04 2.161e+02 2.344e+02
|            ( QUESTION2_15_L -1 -4.812e+04 2.015e+02 2.234e+02
|                ( QUESTION2 -1 -1.157e+04 1.914e+02 5.410e+01
|                    ( - -8.443e+02 1 0)
|                    ( QUESTION0 -1 -1.054e+04 1.890e+02 4.910e+01
|                        ( - -2.271e+03 1 0)
|                        ( - -8.077e+03 3 0)))
|                ( - -3.635e+04 8 0 QUESTION1 -1 1.887e+02 1.693e+02))
|            ( - -2.234e+03 2 0 QUESTION0 -1 1.822e+02 1.100e+01))))
s>    ( QUESTION0_14_R 1 -1.775e+05 8.059e+02 8.255e+02
s>        ( - -1.062e+05 1 0)
s>        ( SILENCE -1 -7.052e+04 2.961e+02 3.248e+02
s>            ( QUESTION0_16_R 1 -1.965e+04 2.439e+02 9.035e+01
s>                ( - -1.876e+04 1 0)
s>                ( - -6.457e+02 1 0))
s>            ( WDBNDRY_B 0 -5.058e+04 2.161e+02 2.344e+02
s>                ( QUESTION2_15_L -1 -4.812e+04 2.015e+02 2.234e+02
s>                    ( QUESTION2 -1 -1.157e+04 1.914e+02 5.410e+01
s>                        ( - -8.443e+02 1 0)
s>                        ( QUESTION0 -1 -1.054e+04 1.890e+02 4.910e+01
s>                            ( - -2.271e+03 1 0)
s>                            ( - -8.077e+03 3 0)))
s>                    ( - -3.635e+04 8 0 QUESTION1 -1 1.887e+02 1.693e+02))
s>                ( - -2.234e+03 2 0 QUESTION0 -1 1.822e+02 1.100e+01))))INFO: dtree.c(1439): stop. leaf nodes are specific
INFO: dtree.c(1478): Final simple tree
|( QUESTION0_14_R 1 -1.838e+04 7.138e+02 8.046e+01
|    ( - -1.362e+04 1 0)
|    ( - -4.053e+03 1 0))
s>    ( QUESTION0_14_R 1 -1.838e+04 7.138e+02 8.046e+01
s>        ( - -1.362e+04 1 0)
s>        ( - -4.053e+03 1 0))INFO: dtree.c(1315): Comp split 5
INFO: dtree.c(1478): Final simple tree
|( QUESTION2_14_L -1 -3.268e+05 4.007e+02 1.636e+03
|    ( - -1.710e+05 4 0)
|    ( QUESTION7 -1 -1.554e+05 4.422e+02 7.733e+02
|        ( - -2.564e+04 2 0)
|        ( QUESTION8 -1 -1.294e+05 2.580e+02 6.433e+02
|            ( - -1.281e+04 4 0 QUESTION10 -1 1.971e+02 6.258e+01)
|            ( QUESTION2_12_L -1 -1.163e+05 2.603e+02 5.808e+02
|                ( - -2.259e+04 2 0)
|                ( QUESTION2 -1 -9.345e+04 2.096e+02 4.648e+02
|                    ( - -9.569e+03 2 0)
|                    ( QUESTION2_20_L -1 -8.367e+04 2.421e+02 4.171e+02
|                        ( - -4.950e+04 8 0 QUESTION0 -1 1.369e+02 2.489e+02)
|                        ( QUESTION2_7_L -1 -3.392e+04 2.029e+02 1.681e+02
|                            ( - -5.606e+03 2 0)
|                            ( - -2.812e+04 4 0 QUESTION0 -1 1.482e+02 1.401e+02))))))))
s>    ( QUESTION2_14_L -1 -3.268e+05 4.007e+02 1.636e+03
s>        ( - -1.710e+05 4 0)
s>        ( QUESTION7 -1 -1.554e+05 4.422e+02 7.733e+02
s>            ( - -2.564e+04 2 0)
s>            ( QUESTION8 -1 -1.294e+05 2.580e+02 6.433e+02
s>                ( - -1.281e+04 4 0 QUESTION10 -1 1.971e+02 6.258e+01)
s>                ( QUESTION2_12_L -1 -1.163e+05 2.603e+02 5.808e+02
s>                    ( - -2.259e+04 2 0)
s>                    ( QUESTION2 -1 -9.345e+04 2.096e+02 4.648e+02
s>                        ( - -9.569e+03 2 0)
s>                        ( QUESTION2_20_L -1 -8.367e+04 2.421e+02 4.171e+02
s>                            ( - -4.950e+04 8 0 QUESTION0 -1 1.369e+02 2.489e+02)
s>                            ( QUESTION2_7_L -1 -3.392e+04 2.029e+02 1.681e+02
s>                                ( - -5.606e+03 2 0)
s>                                ( - -2.812e+04 4 0 QUESTION0 -1 1.482e+02 1.401e+02))))))))INFO: dtree.c(1478): Final simple tree
|( WDBNDRY_B 0 -1.451e+05 5.777e+02 6.930e+02
|    ( QUESTION0_0_R 1 -1.174e+05 4.455e+02 5.648e+02
|        ( - -6.980e+04 2 0)
|        ( QUESTION2 -1 -4.717e+04 3.510e+02 2.291e+02
|            ( - -3.809e+03 1 0)
|            ( QUESTION2_13_L -1 -4.301e+04 2.727e+02 2.082e+02
|                ( QUESTION0 -1 -2.416e+04 2.619e+02 1.193e+02
|                    ( - -1.013e+03 1 0)
|                    ( - -2.288e+04 4 0 QUESTION2_14_L -1 2.478e+02 1.133e+02))
|                ( - -1.858e+04 6 0 QUESTION2_8_L -1 2.415e+02 8.883e+01))))
|    ( QUESTION0_1_R 1 -2.713e+04 3.706e+02 1.281e+02
|        ( - -2.209e+04 1 0)
|        ( QUESTION0_0_R 1 -4.670e+03 2.511e+02 2.100e+01
|            ( - -3.155e+03 2 0 QUESTION9 1 1.714e+02 1.400e+01)
|            ( - -1.263e+03 1 0))))
s>    ( WDBNDRY_B 0 -1.451e+05 5.777e+02 6.930e+02
s>        ( QUESTION0_0_R 1 -1.174e+05 4.455e+02 5.648e+02
s>            ( - -6.980e+04 2 0)
s>            ( QUESTION2 -1 -4.717e+04 3.510e+02 2.291e+02
s>                ( - -3.809e+03 1 0)
s>                ( QUESTION2_13_L -1 -4.301e+04 2.727e+02 2.082e+02
s>                    ( QUESTION0 -1 -2.416e+04 2.619e+02 1.193e+02
s>                        ( - -1.013e+03 1 0)
s>                        ( - -2.288e+04 4 0 QUESTION2_14_L -1 2.478e+02 1.133e+02))
s>                    ( - -1.858e+04 6 0 QUESTION2_8_L -1 2.415e+02 8.883e+01))))
s>        ( QUESTION0_1_R 1 -2.713e+04 3.706e+02 1.281e+02
s>            ( - -2.209e+04 1 0)
s>            ( QUESTION0_0_R 1 -4.670e+03 2.511e+02 2.100e+01
s>                ( - -3.155e+03 2 0 QUESTION9 1 1.714e+02 1.400e+01)
s>                ( - -1.263e+03 1 0))))INFO: dtree.c(1315): Comp split 6
INFO: dtree.c(1478): Final simple tree
|( SILENCE -1 -6.809e+04 3.118e+02 3.138e+02
|    ( QUESTION0_16_R 1 -1.965e+04 2.439e+02 9.035e+01
|        ( - -1.876e+04 1 0)
|        ( - -6.457e+02 1 0))
|    ( QUESTION2_15_L -1 -4.812e+04 2.015e+02 2.234e+02
|        ( QUESTION2 -1 -1.157e+04 1.914e+02 5.410e+01
|            ( - -8.443e+02 1 0)
|            ( QUESTION0 -1 -1.054e+04 1.890e+02 4.910e+01
|                ( - -2.271e+03 1 0)
|                ( - -8.077e+03 3 0)))
|        ( QUESTION1 -1 -3.635e+04 1.887e+02 1.693e+02
|            ( - -1.114e+04 1 0)
|            ( QUESTION2_0_L -1 -2.502e+04 2.198e+02 1.191e+02
|                ( - -4.592e+03 1 0)
|                ( - -2.021e+04 6 0 QUESTION16 -1 1.682e+02 9.508e+01)))))
s>    ( SILENCE -1 -6.809e+04 3.118e+02 3.138e+02
s>        ( QUESTION0_16_R 1 -1.965e+04 2.439e+02 9.035e+01
s>            ( - -1.876e+04 1 0)
s>            ( - -6.457e+02 1 0))
s>        ( QUESTION2_15_L -1 -4.812e+04 2.015e+02 2.234e+02
s>            ( QUESTION2 -1 -1.157e+04 1.914e+02 5.410e+01
s>                ( - -8.443e+02 1 0)
s>                ( QUESTION0 -1 -1.054e+04 1.890e+02 4.910e+01
s>                    ( - -2.271e+03 1 0)
s>                    ( - -8.077e+03 3 0)))
s>            ( QUESTION1 -1 -3.635e+04 1.887e+02 1.693e+02
s>                ( - -1.114e+04 1 0)
s>                ( QUESTION2_0_L -1 -2.502e+04 2.198e+02 1.191e+02
s>                    ( - -4.592e+03 1 0)
s>                    ( - -2.021e+04 6 0 QUESTION16 -1 1.682e+02 9.508e+01)))))INFO: dtree.c(1439): stop. leaf nodes are specific
INFO: dtree.c(1478): Final simple tree
|( WDBNDRY_B 0 -1.086e+05 1.936e+02 5.118e+02
|    ( - -1.062e+05 1 0)
|    ( QUESTION0 -1 -2.234e+03 1.822e+02 1.100e+01
|        ( - -1.795e+03 1 0)
|        ( - -2.567e+02 1 0)))
s>    ( WDBNDRY_B 0 -1.086e+05 1.936e+02 5.118e+02
s>        ( - -1.062e+05 1 0)
s>        ( QUESTION0 -1 -2.234e+03 1.822e+02 1.100e+01
s>            ( - -1.795e+03 1 0)
s>            ( - -2.567e+02 1 0)))INFO: dtree.c(1315): Comp split 7
INFO: dtree.c(1478): Final simple tree
|( QUESTION2_20_L -1 -2.153e+05 3.587e+02 1.103e+03
|    ( QUESTION3 -1 -8.988e+04 2.599e+02 4.634e+02
|        ( - -5.752e+03 1 0)
|        ( - -8.387e+04 4 0 QUESTION0 -1 1.900e+02 4.314e+02))
|    ( QUESTION2_13_L -1 -1.250e+05 3.052e+02 6.399e+02
|        ( - -1.014e+04 1 0)
|        ( QUESTION14 -1 -1.146e+05 2.656e+02 5.850e+02
|            ( - -6.859e+03 1 0)
|            ( QUESTION1 -1 -1.074e+05 2.324e+02 5.511e+02
|                ( - -4.494e+04 1 0)
|                ( QUESTION0 -1 -6.228e+04 2.147e+02 3.198e+02
|                    ( - -8.670e+03 1 0)
|                    ( QUESTION2_0_L -1 -5.339e+04 2.630e+02 2.748e+02
|                        ( - -4.692e+04 1 0)
|                        ( - -6.212e+03 1 0)))))))
s>    ( QUESTION2_20_L -1 -2.153e+05 3.587e+02 1.103e+03
s>        ( QUESTION3 -1 -8.988e+04 2.599e+02 4.634e+02
s>            ( - -5.752e+03 1 0)
s>            ( - -8.387e+04 4 0 QUESTION0 -1 1.900e+02 4.314e+02))
s>        ( QUESTION2_13_L -1 -1.250e+05 3.052e+02 6.399e+02
s>            ( - -1.014e+04 1 0)
s>            ( QUESTION14 -1 -1.146e+05 2.656e+02 5.850e+02
s>                ( - -6.859e+03 1 0)
s>                ( QUESTION1 -1 -1.074e+05 2.324e+02 5.511e+02
s>                    ( - -4.494e+04 1 0)
s>                    ( QUESTION0 -1 -6.228e+04 2.147e+02 3.198e+02
s>                        ( - -8.670e+03 1 0)
s>                        ( QUESTION2_0_L -1 -5.339e+04 2.630e+02 2.748e+02
s>                            ( - -4.692e+04 1 0)
s>                            ( - -6.212e+03 1 0)))))))INFO: dtree.c(1439): stop. leaf nodes are specific
INFO: dtree.c(1478): Final simple tree
|( WDBNDRY_B 0 -9.108e+04 4.074e+02 4.602e+02
|    ( - -6.780e+04 2 0)
|    ( QUESTION0_14_R 1 -2.287e+04 1.861e+02 1.165e+02
|        ( - -2.125e+04 1 0)
|        ( - -1.439e+03 1 0)))
s>    ( WDBNDRY_B 0 -9.108e+04 4.074e+02 4.602e+02
s>        ( - -6.780e+04 2 0)
s>        ( QUESTION0_14_R 1 -2.287e+04 1.861e+02 1.165e+02
s>            ( - -2.125e+04 1 0)
s>            ( - -1.439e+03 1 0)))INFO: dtree.c(1315): Comp split 8
INFO: dtree.c(1315): Comp split 9
INFO: dtree.c(1478): Final simple tree
|( QUESTION0_0_R 1 -1.174e+05 4.455e+02 5.648e+02
|    ( - -6.980e+04 2 0)
|    ( QUESTION2 -1 -4.717e+04 3.510e+02 2.291e+02
|        ( - -3.809e+03 1 0)
|        ( QUESTION2_13_L -1 -4.301e+04 2.727e+02 2.082e+02
|            ( QUESTION0 -1 -2.416e+04 2.619e+02 1.193e+02
|                ( - -1.013e+03 1 0)
|                ( QUESTION2_14_L -1 -2.288e+04 2.478e+02 1.133e+02
|                    ( - -1.713e+04 2 0)
|                    ( - -5.501e+03 2 0)))
|            ( QUESTION2_8_L -1 -1.858e+04 2.415e+02 8.883e+01
|                ( - -4.098e+03 1 0)
|                ( QUESTION14 -1 -1.424e+04 2.264e+02 6.795e+01
|                    ( - -7.702e+02 1 0)
|                    ( - -1.324e+04 4 0 QUESTION8 -1 1.845e+02 6.295e+01))))))
s>    ( QUESTION0_0_R 1 -1.174e+05 4.455e+02 5.648e+02
s>        ( - -6.980e+04 2 0)
s>        ( QUESTION2 -1 -4.717e+04 3.510e+02 2.291e+02
s>            ( - -3.809e+03 1 0)
s>            ( QUESTION2_13_L -1 -4.301e+04 2.727e+02 2.082e+02
s>                ( QUESTION0 -1 -2.416e+04 2.619e+02 1.193e+02
s>                    ( - -1.013e+03 1 0)
s>                    ( QUESTION2_14_L -1 -2.288e+04 2.478e+02 1.133e+02
s>                        ( - -1.713e+04 2 0)
s>                        ( - -5.501e+03 2 0)))
s>                ( QUESTION2_8_L -1 -1.858e+04 2.415e+02 8.883e+01
s>                    ( - -4.098e+03 1 0)
s>                    ( QUESTION14 -1 -1.424e+04 2.264e+02 6.795e+01
s>                        ( - -7.702e+02 1 0)
s>                        ( - -1.324e+04 4 0 QUESTION8 -1 1.845e+02 6.295e+01))))))INFO: dtree.c(1439): stop. leaf nodes are specific
INFO: dtree.c(1478): Final simple tree
|( QUESTION0_1_R 1 -2.713e+04 3.706e+02 1.281e+02
|    ( - -2.209e+04 1 0)
|    ( QUESTION0_0_R 1 -4.670e+03 2.511e+02 2.100e+01
|        ( QUESTION9 1 -3.155e+03 1.714e+02 1.400e+01
|            ( - -1.634e+03 1 0)
|            ( - -1.349e+03 1 0))
|        ( - -1.263e+03 1 0)))
s>    ( QUESTION0_1_R 1 -2.713e+04 3.706e+02 1.281e+02
s>        ( - -2.209e+04 1 0)
s>        ( QUESTION0_0_R 1 -4.670e+03 2.511e+02 2.100e+01
s>            ( QUESTION9 1 -3.155e+03 1.714e+02 1.400e+01
s>                ( - -1.634e+03 1 0)
s>                ( - -1.349e+03 1 0))
s>            ( - -1.263e+03 1 0)))INFO: dtree.c(1315): Comp split 10
INFO: dtree.c(1478): Final simple tree
|( QUESTION2_20_L -1 -1.617e+05 3.844e+02 7.726e+02
|    ( QUESTION0 -1 -3.733e+04 2.427e+02 1.817e+02
|        ( - -1.746e+03 1 0)
|        ( - -3.534e+04 3 0))
|    ( QUESTION2_14_L -1 -1.240e+05 3.294e+02 5.909e+02
|        ( - -5.583e+04 2 0)
|        ( WDBNDRY_B 0 -6.782e+04 3.333e+02 3.210e+02
|            ( SILENCE -1 -6.633e+04 2.536e+02 3.139e+02
|                ( - -1.308e+04 1 0)
|                ( QUESTION14 -1 -5.300e+04 2.274e+02 2.516e+02
|                    ( - -1.913e+03 1 0)
|                    ( QUESTION2_0_L -1 -5.086e+04 2.590e+02 2.416e+02
|                        ( - -3.426e+04 2 0 QUESTION0 -1 2.018e+02 1.624e+02)
|                        ( - -1.634e+04 3 0 QUESTION0 -1 2.289e+02 7.917e+01))))
|            ( - -1.153e+03 1 0))))
s>    ( QUESTION2_20_L -1 -1.617e+05 3.844e+02 7.726e+02
s>        ( QUESTION0 -1 -3.733e+04 2.427e+02 1.817e+02
s>            ( - -1.746e+03 1 0)
s>            ( - -3.534e+04 3 0))
s>        ( QUESTION2_14_L -1 -1.240e+05 3.294e+02 5.909e+02
s>            ( - -5.583e+04 2 0)
s>            ( WDBNDRY_B 0 -6.782e+04 3.333e+02 3.210e+02
s>                ( SILENCE -1 -6.633e+04 2.536e+02 3.139e+02
s>                    ( - -1.308e+04 1 0)
s>                    ( QUESTION14 -1 -5.300e+04 2.274e+02 2.516e+02
s>                        ( - -1.913e+03 1 0)
s>                        ( QUESTION2_0_L -1 -5.086e+04 2.590e+02 2.416e+02
s>                            ( - -3.426e+04 2 0 QUESTION0 -1 2.018e+02 1.624e+02)
s>                            ( - -1.634e+04 3 0 QUESTION0 -1 2.289e+02 7.917e+01))))
s>                ( - -1.153e+03 1 0))))INFO: dtree.c(1315): Comp split 11
INFO: dtree.c(1478): Final simple tree
|( QUESTION8 -1 -1.294e+05 2.580e+02 6.433e+02
|    ( QUESTION10 -1 -1.281e+04 1.971e+02 6.258e+01
|        ( - -5.076e+02 1 0)
|        ( QUESTION14 -1 -1.210e+04 1.686e+02 5.958e+01
|            ( - -7.490e+03 2 0)
|            ( - -4.442e+03 1 0)))
|    ( QUESTION2_12_L -1 -1.163e+05 2.603e+02 5.808e+02
|        ( - -2.259e+04 2 0)
|        ( QUESTION2 -1 -9.345e+04 2.096e+02 4.648e+02
|            ( - -9.569e+03 2 0)
|            ( QUESTION2_20_L -1 -8.367e+04 2.421e+02 4.171e+02
|                ( - -4.950e+04 8 0 QUESTION0 -1 1.369e+02 2.489e+02)
|                ( QUESTION2_7_L -1 -3.392e+04 2.029e+02 1.681e+02
|                    ( - -5.606e+03 2 0)
|                    ( - -2.812e+04 4 0 QUESTION0 -1 1.482e+02 1.401e+02))))))
s>    ( QUESTION8 -1 -1.294e+05 2.580e+02 6.433e+02
s>        ( QUESTION10 -1 -1.281e+04 1.971e+02 6.258e+01
s>            ( - -5.076e+02 1 0)
s>            ( QUESTION14 -1 -1.210e+04 1.686e+02 5.958e+01
s>                ( - -7.490e+03 2 0)
s>                ( - -4.442e+03 1 0)))
s>        ( QUESTION2_12_L -1 -1.163e+05 2.603e+02 5.808e+02
s>            ( - -2.259e+04 2 0)
s>            ( QUESTION2 -1 -9.345e+04 2.096e+02 4.648e+02
s>                ( - -9.569e+03 2 0)
s>                ( QUESTION2_20_L -1 -8.367e+04 2.421e+02 4.171e+02
s>                    ( - -4.950e+04 8 0 QUESTION0 -1 1.369e+02 2.489e+02)
s>                    ( QUESTION2_7_L -1 -3.392e+04 2.029e+02 1.681e+02
s>                        ( - -5.606e+03 2 0)
s>                        ( - -2.812e+04 4 0 QUESTION0 -1 1.482e+02 1.401e+02))))))INFO: dtree.c(1439): stop. leaf nodes are specific
INFO: dtree.c(1478): Final simple tree
|( QUESTION0 -1 -1.970e+05 3.404e+02 9.931e+02
|    ( - -2.564e+04 2 0)
|    ( - -1.710e+05 4 0))
s>    ( QUESTION0 -1 -1.970e+05 3.404e+02 9.931e+02
s>        ( - -2.564e+04 2 0)
s>        ( - -1.710e+05 4 0))INFO: dtree.c(1315): Comp split 12
INFO: dtree.c(1439): stop. leaf nodes are specific
INFO: dtree.c(1478): Final simple tree
|( SILENCE -1 -7.107e+04 2.535e+02 3.417e+02
|    ( - -6.980e+04 2 0)
|    ( - -1.013e+03 1 0))
s>    ( SILENCE -1 -7.107e+04 2.535e+02 3.417e+02
s>        ( - -6.980e+04 2 0)
s>        ( - -1.013e+03 1 0))INFO: dtree.c(1478): Final simple tree
|( QUESTION2 -1 -4.590e+04 3.565e+02 2.231e+02
|    ( - -3.809e+03 1 0)
|    ( QUESTION2_15_L -1 -4.173e+04 2.763e+02 2.022e+02
|        ( - -5.501e+03 2 0)
|        ( QUESTION14 -1 -3.596e+04 2.466e+02 1.732e+02
|            ( - -7.702e+02 1 0)
|            ( QUESTION2_13_L -1 -3.494e+04 2.295e+02 1.682e+02
|                ( - -1.713e+04 2 0)
|                ( QUESTION2_8_L -1 -1.758e+04 2.353e+02 8.383e+01
|                    ( - -4.098e+03 1 0)
|                    ( QUESTION8 -1 -1.324e+04 1.845e+02 6.295e+01
|                        ( - -6.697e+02 1 0)
|                        ( SILENCE -1 -1.239e+04 1.520e+02 5.895e+01
|                            ( - -5.920e+03 1 0)
|                            ( - -6.317e+03 2 0 QUESTION0 -1 1.396e+02 2.999e+01))))))))
s>    ( QUESTION2 -1 -4.590e+04 3.565e+02 2.231e+02
s>        ( - -3.809e+03 1 0)
s>        ( QUESTION2_15_L -1 -4.173e+04 2.763e+02 2.022e+02
s>            ( - -5.501e+03 2 0)
s>            ( QUESTION14 -1 -3.596e+04 2.466e+02 1.732e+02
s>                ( - -7.702e+02 1 0)
s>                ( QUESTION2_13_L -1 -3.494e+04 2.295e+02 1.682e+02
s>                    ( - -1.713e+04 2 0)
s>                    ( QUESTION2_8_L -1 -1.758e+04 2.353e+02 8.383e+01
s>                        ( - -4.098e+03 1 0)
s>                        ( QUESTION8 -1 -1.324e+04 1.845e+02 6.295e+01
s>                            ( - -6.697e+02 1 0)
s>                            ( SILENCE -1 -1.239e+04 1.520e+02 5.895e+01
s>                                ( - -5.920e+03 1 0)
s>                                ( - -6.317e+03 2 0 QUESTION0 -1 1.396e+02 2.999e+01))))))))INFO: dtree.c(1315): Comp split 13
INFO: dtree.c(1478): Final simple tree
|( QUESTION2_14_L -1 -1.259e+05 3.306e+02 5.998e+02
|    ( - -5.583e+04 2 0)
|    ( WDBNDRY_B 0 -6.975e+04 3.288e+02 3.298e+02
|        ( QUESTION2_0_L -1 -6.827e+04 2.568e+02 3.228e+02
|            ( QUESTION0 -1 -3.426e+04 2.018e+02 1.624e+02
|                ( - -1.675e+04 1 0)
|                ( - -1.731e+04 1 0))
|            ( QUESTION14 -1 -3.375e+04 2.630e+02 1.604e+02
|                ( - -1.913e+03 1 0)
|                ( QUESTION20 -1 -3.157e+04 2.392e+02 1.504e+02
|                    ( - -2.708e+03 1 0)
|                    ( QUESTION3 -1 -2.863e+04 2.223e+02 1.364e+02
|                        ( - -1.185e+04 1 0)
|                        ( - -1.655e+04 3 0 QUESTION8 -1 1.798e+02 7.797e+01)))))
|        ( - -1.153e+03 1 0)))
s>    ( QUESTION2_14_L -1 -1.259e+05 3.306e+02 5.998e+02
s>        ( - -5.583e+04 2 0)
s>        ( WDBNDRY_B 0 -6.975e+04 3.288e+02 3.298e+02
s>            ( QUESTION2_0_L -1 -6.827e+04 2.568e+02 3.228e+02
s>                ( QUESTION0 -1 -3.426e+04 2.018e+02 1.624e+02
s>                    ( - -1.675e+04 1 0)
s>                    ( - -1.731e+04 1 0))
s>                ( QUESTION14 -1 -3.375e+04 2.630e+02 1.604e+02
s>                    ( - -1.913e+03 1 0)
s>                    ( QUESTION20 -1 -3.157e+04 2.392e+02 1.504e+02
s>                        ( - -2.708e+03 1 0)
s>                        ( QUESTION3 -1 -2.863e+04 2.223e+02 1.364e+02
s>                            ( - -1.185e+04 1 0)
s>                            ( - -1.655e+04 3 0 QUESTION8 -1 1.798e+02 7.797e+01)))))
s>            ( - -1.153e+03 1 0)))INFO: dtree.c(1315): Comp split 14
INFO: dtree.c(1439): stop. leaf nodes are specific
INFO: dtree.c(1478): Final simple tree
|( QUESTION0_14_R 1 -2.287e+04 1.861e+02 1.165e+02
|    ( - -2.125e+04 1 0)
|    ( - -1.439e+03 1 0))
s>    ( QUESTION0_14_R 1 -2.287e+04 1.861e+02 1.165e+02
s>        ( - -2.125e+04 1 0)
s>        ( - -1.439e+03 1 0))INFO: dtree.c(1315): Comp split 15
INFO: dtree.c(1439): stop. leaf nodes are specific
INFO: dtree.c(1478): Final simple tree
|( QUESTION3 -1 -9.873e+04 2.599e+02 5.084e+02
|    ( - -5.752e+03 1 0)
|    ( QUESTION1 -1 -9.272e+04 1.993e+02 4.764e+02
|        ( - -1.554e+04 1 0)
|        ( QUESTION0 -1 -7.698e+04 1.722e+02 3.935e+02
|            ( - -8.670e+03 1 0)
|            ( - -6.814e+04 3 0))))
s>    ( QUESTION3 -1 -9.873e+04 2.599e+02 5.084e+02
s>        ( - -5.752e+03 1 0)
s>        ( QUESTION1 -1 -9.272e+04 1.993e+02 4.764e+02
s>            ( - -1.554e+04 1 0)
s>            ( QUESTION0 -1 -7.698e+04 1.722e+02 3.935e+02
s>                ( - -8.670e+03 1 0)
s>                ( - -6.814e+04 3 0))))INFO: dtree.c(1439): stop. leaf nodes are specific
INFO: dtree.c(1478): Final simple tree
|( QUESTION2_0_L -1 -1.161e+05 3.377e+02 5.949e+02
|    ( QUESTION0 -1 -9.208e+04 2.198e+02 4.732e+02
|        ( - -4.494e+04 1 0)
|        ( - -4.692e+04 1 0))
|    ( QUESTION8 -1 -2.371e+04 2.746e+02 1.217e+02
|        ( - -6.859e+03 1 0)
|        ( QUESTION0 -1 -1.657e+04 2.236e+02 8.781e+01
|            ( - -1.014e+04 1 0)
|            ( - -6.212e+03 1 0))))
s>    ( QUESTION2_0_L -1 -1.161e+05 3.377e+02 5.949e+02
s>        ( QUESTION0 -1 -9.208e+04 2.198e+02 4.732e+02
s>            ( - -4.494e+04 1 0)
s>            ( - -4.692e+04 1 0))
s>        ( QUESTION8 -1 -2.371e+04 2.746e+02 1.217e+02
s>            ( - -6.859e+03 1 0)
s>            ( QUESTION0 -1 -1.657e+04 2.236e+02 8.781e+01
s>                ( - -1.014e+04 1 0)
s>                ( - -6.212e+03 1 0))))INFO: dtree.c(1315): Comp split 16
INFO: dtree.c(1439): stop. leaf nodes are specific
INFO: dtree.c(1478): Final simple tree
|( WDBNDRY_B 0 -3.303e+04 3.008e+02 1.574e+02
|    ( QUESTION20 -1 -3.157e+04 2.392e+02 1.504e+02
|        ( - -2.708e+03 1 0)
|        ( QUESTION3 -1 -2.863e+04 2.223e+02 1.364e+02
|            ( - -1.185e+04 1 0)
|            ( QUESTION8 -1 -1.655e+04 1.798e+02 7.797e+01
|                ( - -1.369e+03 1 0)
|                ( SILENCE -1 -1.500e+04 1.768e+02 7.118e+01
|                    ( - -1.308e+04 1 0)
|                    ( - -1.746e+03 1 0)))))
|    ( - -1.153e+03 1 0))
s>    ( WDBNDRY_B 0 -3.303e+04 3.008e+02 1.574e+02
s>        ( QUESTION20 -1 -3.157e+04 2.392e+02 1.504e+02
s>            ( - -2.708e+03 1 0)
s>            ( QUESTION3 -1 -2.863e+04 2.223e+02 1.364e+02
s>                ( - -1.185e+04 1 0)
s>                ( QUESTION8 -1 -1.655e+04 1.798e+02 7.797e+01
s>                    ( - -1.369e+03 1 0)
s>                    ( SILENCE -1 -1.500e+04 1.768e+02 7.118e+01
s>                        ( - -1.308e+04 1 0)
s>                        ( - -1.746e+03 1 0)))))
s>        ( - -1.153e+03 1 0))INFO: dtree.c(1439): stop. leaf nodes are specific
INFO: dtree.c(1478): Final simple tree
|( QUESTION2_13_L -1 -9.249e+04 2.824e+02 4.424e+02
|    ( - -5.583e+04 2 0)
|    ( QUESTION1 -1 -3.638e+04 2.099e+02 1.724e+02
|        ( - -1.675e+04 1 0)
|        ( QUESTION0 -1 -1.942e+04 1.938e+02 9.348e+01
|            ( - -1.913e+03 1 0)
|            ( - -1.731e+04 1 0))))
s>    ( QUESTION2_13_L -1 -9.249e+04 2.824e+02 4.424e+02
s>        ( - -5.583e+04 2 0)
s>        ( QUESTION1 -1 -3.638e+04 2.099e+02 1.724e+02
s>            ( - -1.675e+04 1 0)
s>            ( QUESTION0 -1 -1.942e+04 1.938e+02 9.348e+01
s>                ( - -1.913e+03 1 0)
s>                ( - -1.731e+04 1 0))))INFO: dtree.c(1315): Comp split 17
INFO: dtree.c(1439): stop. leaf nodes are specific
INFO: dtree.c(1478): Final simple tree
|( QUESTION0_0_R 1 -4.670e+03 2.511e+02 2.100e+01
|    ( QUESTION9 1 -3.155e+03 1.714e+02 1.400e+01
|        ( - -1.634e+03 1 0)
|        ( - -1.349e+03 1 0))
|    ( - -1.263e+03 1 0))
s>    ( QUESTION0_0_R 1 -4.670e+03 2.511e+02 2.100e+01
s>        ( QUESTION9 1 -3.155e+03 1.714e+02 1.400e+01
s>            ( - -1.634e+03 1 0)
s>            ( - -1.349e+03 1 0))
s>        ( - -1.263e+03 1 0))INFO: dtree.c(1315): Comp split 18
INFO: dtree.c(1478): Final simple tree
|( QUESTION2_15_L -1 -4.173e+04 2.763e+02 2.022e+02
|    ( - -5.501e+03 2 0)
|    ( QUESTION14 -1 -3.596e+04 2.466e+02 1.732e+02
|        ( - -7.702e+02 1 0)
|        ( QUESTION2_13_L -1 -3.494e+04 2.295e+02 1.682e+02
|            ( - -1.713e+04 2 0)
|            ( QUESTION2_8_L -1 -1.758e+04 2.353e+02 8.383e+01
|                ( - -4.098e+03 1 0)
|                ( QUESTION8 -1 -1.324e+04 1.845e+02 6.295e+01
|                    ( - -6.697e+02 1 0)
|                    ( SILENCE -1 -1.239e+04 1.520e+02 5.895e+01
|                        ( - -5.920e+03 1 0)
|                        ( QUESTION0 -1 -6.317e+03 1.396e+02 2.999e+01
|                            ( - -9.571e+02 1 0)
|                            ( - -5.220e+03 1 0))))))))
s>    ( QUESTION2_15_L -1 -4.173e+04 2.763e+02 2.022e+02
s>        ( - -5.501e+03 2 0)
s>        ( QUESTION14 -1 -3.596e+04 2.466e+02 1.732e+02
s>            ( - -7.702e+02 1 0)
s>            ( QUESTION2_13_L -1 -3.494e+04 2.295e+02 1.682e+02
s>                ( - -1.713e+04 2 0)
s>                ( QUESTION2_8_L -1 -1.758e+04 2.353e+02 8.383e+01
s>                    ( - -4.098e+03 1 0)
s>                    ( QUESTION8 -1 -1.324e+04 1.845e+02 6.295e+01
s>                        ( - -6.697e+02 1 0)
s>                        ( SILENCE -1 -1.239e+04 1.520e+02 5.895e+01
s>                            ( - -5.920e+03 1 0)
s>                            ( QUESTION0 -1 -6.317e+03 1.396e+02 2.999e+01
s>                                ( - -9.571e+02 1 0)
s>                                ( - -5.220e+03 1 0))))))))INFO: dtree.c(1315): Comp split 19
INFO: dtree.c(1439): stop. leaf nodes are specific
INFO: dtree.c(1478): Final simple tree
|( QUESTION2_7_L -1 -7.232e+04 2.368e+02 3.649e+02
|    ( - -2.259e+04 2 0)
|    ( QUESTION0 -1 -4.950e+04 1.369e+02 2.489e+02
|        ( - -5.205e+03 2 0)
|        ( - -4.416e+04 6 0)))
s>    ( QUESTION2_7_L -1 -7.232e+04 2.368e+02 3.649e+02
s>        ( - -2.259e+04 2 0)
s>        ( QUESTION0 -1 -4.950e+04 1.369e+02 2.489e+02
s>            ( - -5.205e+03 2 0)
s>            ( - -4.416e+04 6 0)))INFO: dtree.c(1439): stop. leaf nodes are specific
INFO: dtree.c(1478): Final simple tree
|( QUESTION2_7_L -1 -5.669e+04 2.397e+02 2.785e+02
|    ( QUESTION14 -1 -1.860e+04 2.151e+02 9.057e+01
|        ( - -7.490e+03 2 0)
|        ( QUESTION10 -1 -1.090e+04 1.955e+02 5.369e+01
|            ( - -5.076e+02 1 0)
|            ( QUESTION0 -1 -1.019e+04 1.471e+02 5.069e+01
|                ( - -4.442e+03 1 0)
|                ( - -5.606e+03 2 0))))
|    ( QUESTION0 -1 -3.785e+04 1.770e+02 1.879e+02
|        ( QUESTION2 -1 -1.690e+04 1.322e+02 8.376e+01
|            ( - -9.569e+03 2 0)
|            ( - -7.195e+03 2 0))
|        ( - -2.077e+04 2 0)))
s>    ( QUESTION2_7_L -1 -5.669e+04 2.397e+02 2.785e+02
s>        ( QUESTION14 -1 -1.860e+04 2.151e+02 9.057e+01
s>            ( - -7.490e+03 2 0)
s>            ( QUESTION10 -1 -1.090e+04 1.955e+02 5.369e+01
s>                ( - -5.076e+02 1 0)
s>                ( QUESTION0 -1 -1.019e+04 1.471e+02 5.069e+01
s>                    ( - -4.442e+03 1 0)
s>                    ( - -5.606e+03 2 0))))
s>        ( QUESTION0 -1 -3.785e+04 1.770e+02 1.879e+02
s>            ( QUESTION2 -1 -1.690e+04 1.322e+02 8.376e+01
s>                ( - -9.569e+03 2 0)
s>                ( - -7.195e+03 2 0))
s>            ( - -2.077e+04 2 0)))INFO: dtree.c(1315): Comp split 20
INFO: dtree.c(1315): Comp split 21
INFO: dtree.c(1439): stop. leaf nodes are specific
INFO: dtree.c(1478): Final simple tree
|( QUESTION8 -1 -2.371e+04 2.746e+02 1.217e+02
|    ( - -6.859e+03 1 0)
|    ( QUESTION0 -1 -1.657e+04 2.236e+02 8.781e+01
|        ( - -1.014e+04 1 0)
|        ( - -6.212e+03 1 0)))
s>    ( QUESTION8 -1 -2.371e+04 2.746e+02 1.217e+02
s>        ( - -6.859e+03 1 0)
s>        ( QUESTION0 -1 -1.657e+04 2.236e+02 8.781e+01
s>            ( - -1.014e+04 1 0)
s>            ( - -6.212e+03 1 0)))INFO: dtree.c(1439): stop. leaf nodes are specific
INFO: dtree.c(1478): Final simple tree
|( QUESTION0 -1 -9.208e+04 2.198e+02 4.732e+02
|    ( - -4.494e+04 1 0)
|    ( - -4.692e+04 1 0))
s>    ( QUESTION0 -1 -9.208e+04 2.198e+02 4.732e+02
s>        ( - -4.494e+04 1 0)
s>        ( - -4.692e+04 1 0))INFO: dtree.c(1315): Comp split 22
INFO: dtree.c(1478): Final simple tree
|( QUESTION7 -1 -3.878e+04 1.978e+02 1.813e+02
|    ( - -1.114e+04 1 0)
|    ( QUESTION2_0_L -1 -2.744e+04 2.101e+02 1.311e+02
|        ( - -4.592e+03 1 0)
|        ( QUESTION16 -1 -2.264e+04 1.677e+02 1.071e+02
|            ( - -6.926e+02 1 0)
|            ( QUESTION1 -1 -2.178e+04 1.595e+02 1.031e+02
|                ( - -2.271e+03 1 0)
|                ( QUESTION2_7_L -1 -1.935e+04 1.614e+02 9.108e+01
|                    ( QUESTION0 -1 -7.931e+03 1.475e+02 3.699e+01
|                        ( - -1.517e+03 1 0)
|                        ( QUESTION2_8_L -1 -6.266e+03 1.224e+02 2.999e+01
|                            ( - -7.778e+02 1 0)
|                            ( - -5.366e+03 1 0)))
|                    ( - -1.126e+04 2 0))))))
s>    ( QUESTION7 -1 -3.878e+04 1.978e+02 1.813e+02
s>        ( - -1.114e+04 1 0)
s>        ( QUESTION2_0_L -1 -2.744e+04 2.101e+02 1.311e+02
s>            ( - -4.592e+03 1 0)
s>            ( QUESTION16 -1 -2.264e+04 1.677e+02 1.071e+02
s>                ( - -6.926e+02 1 0)
s>                ( QUESTION1 -1 -2.178e+04 1.595e+02 1.031e+02
s>                    ( - -2.271e+03 1 0)
s>                    ( QUESTION2_7_L -1 -1.935e+04 1.614e+02 9.108e+01
s>                        ( QUESTION0 -1 -7.931e+03 1.475e+02 3.699e+01
s>                            ( - -1.517e+03 1 0)
s>                            ( QUESTION2_8_L -1 -6.266e+03 1.224e+02 2.999e+01
s>                                ( - -7.778e+02 1 0)
s>                                ( - -5.366e+03 1 0)))
s>                        ( - -1.126e+04 2 0))))))INFO: dtree.c(1439): stop. leaf nodes are specific
INFO: dtree.c(1478): Final simple tree
|( QUESTION0_16_R 1 -2.897e+04 2.355e+02 1.325e+02
|    ( SILENCE -1 -2.809e+04 2.113e+02 1.285e+02
|        ( - -1.876e+04 1 0)
|        ( QUESTION0 -1 -9.117e+03 1.949e+02 4.211e+01
|            ( - -8.443e+02 1 0)
|            ( - -8.077e+03 3 0)))
|    ( - -6.457e+02 1 0))
s>    ( QUESTION0_16_R 1 -2.897e+04 2.355e+02 1.325e+02
s>        ( SILENCE -1 -2.809e+04 2.113e+02 1.285e+02
s>            ( - -1.876e+04 1 0)
s>            ( QUESTION0 -1 -9.117e+03 1.949e+02 4.211e+01
s>                ( - -8.443e+02 1 0)
s>                ( - -8.077e+03 3 0)))
s>        ( - -6.457e+02 1 0))INFO: dtree.c(1315): Comp split 23
INFO: dtree.c(1439): stop. leaf nodes are specific
INFO: dtree.c(1478): Final simple tree
|( QUESTION20 -1 -3.157e+04 2.392e+02 1.504e+02
|    ( - -2.708e+03 1 0)
|    ( QUESTION3 -1 -2.863e+04 2.223e+02 1.364e+02
|        ( - -1.185e+04 1 0)
|        ( QUESTION8 -1 -1.655e+04 1.798e+02 7.797e+01
|            ( - -1.369e+03 1 0)
|            ( SILENCE -1 -1.500e+04 1.768e+02 7.118e+01
|                ( - -1.308e+04 1 0)
|                ( - -1.746e+03 1 0)))))
s>    ( QUESTION20 -1 -3.157e+04 2.392e+02 1.504e+02
s>        ( - -2.708e+03 1 0)
s>        ( QUESTION3 -1 -2.863e+04 2.223e+02 1.364e+02
s>            ( - -1.185e+04 1 0)
s>            ( QUESTION8 -1 -1.655e+04 1.798e+02 7.797e+01
s>                ( - -1.369e+03 1 0)
s>                ( SILENCE -1 -1.500e+04 1.768e+02 7.118e+01
s>                    ( - -1.308e+04 1 0)
s>                    ( - -1.746e+03 1 0)))))INFO: dtree.c(1315): Comp split 24
INFO: dtree.c(1315): Comp split 25
INFO: dtree.c(1439): stop. leaf nodes are specific
INFO: dtree.c(1478): Final simple tree
|( QUESTION0 -1 -1.942e+04 1.938e+02 9.348e+01
|    ( - -1.913e+03 1 0)
|    ( - -1.731e+04 1 0))
s>    ( QUESTION0 -1 -1.942e+04 1.938e+02 9.348e+01
s>        ( - -1.913e+03 1 0)
s>        ( - -1.731e+04 1 0))INFO: dtree.c(1439): stop. leaf nodes are specific
INFO: dtree.c(1478): Final simple tree
|( QUESTION0 -1 -7.277e+04 1.989e+02 3.489e+02
|    ( - -1.675e+04 1 0)
|    ( - -5.583e+04 2 0))
s>    ( QUESTION0 -1 -7.277e+04 1.989e+02 3.489e+02
s>        ( - -1.675e+04 1 0)
s>        ( - -5.583e+04 2 0))INFO: dtree.c(1315): Comp split 26
INFO: dtree.c(1439): stop. leaf nodes are specific
INFO: dtree.c(1478): Final simple tree
|( QUESTION14 -1 -1.424e+04 2.264e+02 6.795e+01
|    ( - -7.702e+02 1 0)
|    ( QUESTION8 -1 -1.324e+04 1.845e+02 6.295e+01
|        ( - -6.697e+02 1 0)
|        ( SILENCE -1 -1.239e+04 1.520e+02 5.895e+01
|            ( - -5.920e+03 1 0)
|            ( QUESTION0 -1 -6.317e+03 1.396e+02 2.999e+01
|                ( - -9.571e+02 1 0)
|                ( - -5.220e+03 1 0)))))
s>    ( QUESTION14 -1 -1.424e+04 2.264e+02 6.795e+01
s>        ( - -7.702e+02 1 0)
s>        ( QUESTION8 -1 -1.324e+04 1.845e+02 6.295e+01
s>            ( - -6.697e+02 1 0)
s>            ( SILENCE -1 -1.239e+04 1.520e+02 5.895e+01
s>                ( - -5.920e+03 1 0)
s>                ( QUESTION0 -1 -6.317e+03 1.396e+02 2.999e+01
s>                    ( - -9.571e+02 1 0)
s>                    ( - -5.220e+03 1 0)))))INFO: dtree.c(1439): stop. leaf nodes are specific
INFO: dtree.c(1478): Final simple tree
|( QUESTION2_15_L -1 -2.722e+04 2.639e+02 1.342e+02
|    ( - -5.501e+03 2 0)
|    ( QUESTION2_7_L -1 -2.145e+04 2.211e+02 1.052e+02
|        ( - -4.098e+03 1 0)
|        ( - -1.713e+04 2 0)))
s>    ( QUESTION2_15_L -1 -2.722e+04 2.639e+02 1.342e+02
s>        ( - -5.501e+03 2 0)
s>        ( QUESTION2_7_L -1 -2.145e+04 2.211e+02 1.052e+02
s>            ( - -4.098e+03 1 0)
s>            ( - -1.713e+04 2 0)))INFO: dtree.c(1315): Comp split 27
INFO: dtree.c(1439): stop. leaf nodes are specific
INFO: dtree.c(1478): Final simple tree
|( QUESTION0 -1 -1.657e+04 2.236e+02 8.781e+01
|    ( - -1.014e+04 1 0)
|    ( - -6.212e+03 1 0))
s>    ( QUESTION0 -1 -1.657e+04 2.236e+02 8.781e+01
s>        ( - -1.014e+04 1 0)
s>        ( - -6.212e+03 1 0))INFO: dtree.c(1315): Comp split 28
INFO: dtree.c(1439): stop. leaf nodes are specific
INFO: dtree.c(1478): Final simple tree
|( QUESTION0 -1 -3.067e+04 1.947e+02 1.413e+02
|    ( QUESTION1 -1 -1.277e+04 1.197e+02 5.727e+01
|        ( - -1.114e+04 1 0)
|        ( - -1.517e+03 1 0))
|    ( QUESTION2_7_L -1 -1.770e+04 1.710e+02 8.408e+01
|        ( QUESTION2_8_L -1 -6.266e+03 1.224e+02 2.999e+01
|            ( - -7.778e+02 1 0)
|            ( - -5.366e+03 1 0))
|        ( - -1.126e+04 2 0)))
s>    ( QUESTION0 -1 -3.067e+04 1.947e+02 1.413e+02
s>        ( QUESTION1 -1 -1.277e+04 1.197e+02 5.727e+01
s>            ( - -1.114e+04 1 0)
s>            ( - -1.517e+03 1 0))
s>        ( QUESTION2_7_L -1 -1.770e+04 1.710e+02 8.408e+01
s>            ( QUESTION2_8_L -1 -6.266e+03 1.224e+02 2.999e+01
s>                ( - -7.778e+02 1 0)
s>                ( - -5.366e+03 1 0))
s>            ( - -1.126e+04 2 0)))INFO: dtree.c(1439): stop. leaf nodes are specific
INFO: dtree.c(1478): Final simple tree
|( QUESTION8 -1 -7.848e+03 1.596e+02 3.999e+01
|    ( - -6.926e+02 1 0)
|    ( QUESTION0 -1 -6.996e+03 1.336e+02 3.599e+01
|        ( - -2.271e+03 1 0)
|        ( - -4.592e+03 1 0)))
s>    ( QUESTION8 -1 -7.848e+03 1.596e+02 3.999e+01
s>        ( - -6.926e+02 1 0)
s>        ( QUESTION0 -1 -6.996e+03 1.336e+02 3.599e+01
s>            ( - -2.271e+03 1 0)
s>            ( - -4.592e+03 1 0)))INFO: dtree.c(1315): Comp split 29
INFO: dtree.c(1439): stop. leaf nodes are specific
INFO: dtree.c(1478): Final simple tree
|( QUESTION2_7_L -1 -2.145e+04 2.211e+02 1.052e+02
|    ( - -4.098e+03 1 0)
|    ( - -1.713e+04 2 0))
s>    ( QUESTION2_7_L -1 -2.145e+04 2.211e+02 1.052e+02
s>        ( - -4.098e+03 1 0)
s>        ( - -1.713e+04 2 0))INFO: dtree.c(1315): Comp split 30
INFO: dtree.c(1439): stop. leaf nodes are specific
INFO: dtree.c(1478): Final simple tree
|( QUESTION1 -1 -9.272e+04 1.993e+02 4.764e+02
|    ( - -1.554e+04 1 0)
|    ( QUESTION0 -1 -7.698e+04 1.722e+02 3.935e+02
|        ( - -8.670e+03 1 0)
|        ( - -6.814e+04 3 0)))
s>    ( QUESTION1 -1 -9.272e+04 1.993e+02 4.764e+02
s>        ( - -1.554e+04 1 0)
s>        ( QUESTION0 -1 -7.698e+04 1.722e+02 3.935e+02
s>            ( - -8.670e+03 1 0)
s>            ( - -6.814e+04 3 0)))INFO: dtree.c(1315): Comp split 31
INFO: dtree.c(1315): Comp split 32
INFO: dtree.c(1439): stop. leaf nodes are specific
INFO: dtree.c(1478): Final simple tree
|( QUESTION9 1 -3.155e+03 1.714e+02 1.400e+01
|    ( - -1.634e+03 1 0)
|    ( - -1.349e+03 1 0))
s>    ( QUESTION9 1 -3.155e+03 1.714e+02 1.400e+01
s>        ( - -1.634e+03 1 0)
s>        ( - -1.349e+03 1 0))INFO: dtree.c(1315): Comp split 33
INFO: dtree.c(1439): stop. leaf nodes are specific
INFO: dtree.c(1478): Final simple tree
|( QUESTION0 -1 -3.785e+04 1.770e+02 1.879e+02
|    ( QUESTION2 -1 -1.690e+04 1.322e+02 8.376e+01
|        ( - -9.569e+03 2 0)
|        ( - -7.195e+03 2 0))
|    ( - -2.077e+04 2 0))
s>    ( QUESTION0 -1 -3.785e+04 1.770e+02 1.879e+02
s>        ( QUESTION2 -1 -1.690e+04 1.322e+02 8.376e+01
s>            ( - -9.569e+03 2 0)
s>            ( - -7.195e+03 2 0))
s>        ( - -2.077e+04 2 0))INFO: dtree.c(1439): stop. leaf nodes are specific
INFO: dtree.c(1478): Final simple tree
|( QUESTION14 -1 -1.860e+04 2.151e+02 9.057e+01
|    ( - -7.490e+03 2 0)
|    ( QUESTION10 -1 -1.090e+04 1.955e+02 5.369e+01
|        ( - -5.076e+02 1 0)
|        ( QUESTION0 -1 -1.019e+04 1.471e+02 5.069e+01
|            ( - -4.442e+03 1 0)
|            ( - -5.606e+03 2 0))))
s>    ( QUESTION14 -1 -1.860e+04 2.151e+02 9.057e+01
s>        ( - -7.490e+03 2 0)
s>        ( QUESTION10 -1 -1.090e+04 1.955e+02 5.369e+01
s>            ( - -5.076e+02 1 0)
s>            ( QUESTION0 -1 -1.019e+04 1.471e+02 5.069e+01
s>                ( - -4.442e+03 1 0)
s>                ( - -5.606e+03 2 0))))INFO: dtree.c(1315): Comp split 34
INFO: dtree.c(1439): stop. leaf nodes are specific
INFO: dtree.c(1478): Final simple tree
|( QUESTION3 -1 -2.863e+04 2.223e+02 1.364e+02
|    ( - -1.185e+04 1 0)
|    ( QUESTION8 -1 -1.655e+04 1.798e+02 7.797e+01
|        ( - -1.369e+03 1 0)
|        ( SILENCE -1 -1.500e+04 1.768e+02 7.118e+01
|            ( - -1.308e+04 1 0)
|            ( - -1.746e+03 1 0))))
s>    ( QUESTION3 -1 -2.863e+04 2.223e+02 1.364e+02
s>        ( - -1.185e+04 1 0)
s>        ( QUESTION8 -1 -1.655e+04 1.798e+02 7.797e+01
s>            ( - -1.369e+03 1 0)
s>            ( SILENCE -1 -1.500e+04 1.768e+02 7.118e+01
s>                ( - -1.308e+04 1 0)
s>                ( - -1.746e+03 1 0))))INFO: dtree.c(1315): Comp split 35
INFO: dtree.c(1439): stop. leaf nodes are specific
INFO: dtree.c(1478): Final simple tree
|( QUESTION0 -1 -4.950e+04 1.369e+02 2.489e+02
|    ( - -5.205e+03 2 0)
|    ( - -4.416e+04 6 0))
s>    ( QUESTION0 -1 -4.950e+04 1.369e+02 2.489e+02
s>        ( - -5.205e+03 2 0)
s>        ( - -4.416e+04 6 0))INFO: dtree.c(1315): Comp split 36
INFO: dtree.c(1439): stop. leaf nodes are specific
INFO: dtree.c(1478): Final simple tree
|( SILENCE -1 -2.809e+04 2.113e+02 1.285e+02
|    ( - -1.876e+04 1 0)
|    ( QUESTION0 -1 -9.117e+03 1.949e+02 4.211e+01
|        ( - -8.443e+02 1 0)
|        ( - -8.077e+03 3 0)))
s>    ( SILENCE -1 -2.809e+04 2.113e+02 1.285e+02
s>        ( - -1.876e+04 1 0)
s>        ( QUESTION0 -1 -9.117e+03 1.949e+02 4.211e+01
s>            ( - -8.443e+02 1 0)
s>            ( - -8.077e+03 3 0)))INFO: dtree.c(1315): Comp split 37
INFO: dtree.c(1439): stop. leaf nodes are specific
INFO: dtree.c(1478): Final simple tree
|( QUESTION8 -1 -1.324e+04 1.845e+02 6.295e+01
|    ( - -6.697e+02 1 0)
|    ( SILENCE -1 -1.239e+04 1.520e+02 5.895e+01
|        ( - -5.920e+03 1 0)
|        ( QUESTION0 -1 -6.317e+03 1.396e+02 2.999e+01
|            ( - -9.571e+02 1 0)
|            ( - -5.220e+03 1 0))))
s>    ( QUESTION8 -1 -1.324e+04 1.845e+02 6.295e+01
s>        ( - -6.697e+02 1 0)
s>        ( SILENCE -1 -1.239e+04 1.520e+02 5.895e+01
s>            ( - -5.920e+03 1 0)
s>            ( QUESTION0 -1 -6.317e+03 1.396e+02 2.999e+01
s>                ( - -9.571e+02 1 0)
s>                ( - -5.220e+03 1 0))))INFO: dtree.c(1315): Comp split 38
INFO: dtree.c(1439): stop. leaf nodes are specific
INFO: dtree.c(1478): Final simple tree
|( SILENCE -1 -1.500e+04 1.768e+02 7.118e+01
|    ( - -1.308e+04 1 0)
|    ( - -1.746e+03 1 0))
s>    ( SILENCE -1 -1.500e+04 1.768e+02 7.118e+01
s>        ( - -1.308e+04 1 0)
s>        ( - -1.746e+03 1 0))INFO: dtree.c(1439): stop. leaf nodes are specific
INFO: dtree.c(1478): Final simple tree
|( QUESTION1 -1 -1.340e+04 1.780e+02 6.517e+01
|    ( - -1.185e+04 1 0)
|    ( - -1.369e+03 1 0))
s>    ( QUESTION1 -1 -1.340e+04 1.780e+02 6.517e+01
s>        ( - -1.185e+04 1 0)
s>        ( - -1.369e+03 1 0))INFO: dtree.c(1315): Comp split 39
INFO: dtree.c(1315): Comp split 40
INFO: dtree.c(1315): Comp split 41
INFO: dtree.c(1315): Comp split 42
INFO: dtree.c(1439): stop. leaf nodes are specific
INFO: dtree.c(1478): Final simple tree
|( QUESTION10 -1 -1.090e+04 1.955e+02 5.369e+01
|    ( - -5.076e+02 1 0)
|    ( QUESTION0 -1 -1.019e+04 1.471e+02 5.069e+01
|        ( - -4.442e+03 1 0)
|        ( - -5.606e+03 2 0)))
s>    ( QUESTION10 -1 -1.090e+04 1.955e+02 5.369e+01
s>        ( - -5.076e+02 1 0)
s>        ( QUESTION0 -1 -1.019e+04 1.471e+02 5.069e+01
s>            ( - -4.442e+03 1 0)
s>            ( - -5.606e+03 2 0)))INFO: dtree.c(1315): Comp split 43
INFO: dtree.c(1439): stop. leaf nodes are specific
INFO: dtree.c(1478): Final simple tree
|( QUESTION0 -1 -9.117e+03 1.949e+02 4.211e+01
|    ( - -8.443e+02 1 0)
|    ( - -8.077e+03 3 0))
s>    ( QUESTION0 -1 -9.117e+03 1.949e+02 4.211e+01
s>        ( - -8.443e+02 1 0)
s>        ( - -8.077e+03 3 0))INFO: dtree.c(1315): Comp split 44
INFO: dtree.c(1439): stop. leaf nodes are specific
INFO: dtree.c(1478): Final simple tree
|( QUESTION0 -1 -7.698e+04 1.722e+02 3.935e+02
|    ( - -8.670e+03 1 0)
|    ( - -6.814e+04 3 0))
s>    ( QUESTION0 -1 -7.698e+04 1.722e+02 3.935e+02
s>        ( - -8.670e+03 1 0)
s>        ( - -6.814e+04 3 0))INFO: dtree.c(1315): Comp split 45
INFO: dtree.c(1315): Comp split 46
INFO: dtree.c(1439): stop. leaf nodes are specific
INFO: dtree.c(1478): Final simple tree
|( QUESTION0 -1 -1.019e+04 1.471e+02 5.069e+01
|    ( - -4.442e+03 1 0)
|    ( - -5.606e+03 2 0))
s>    ( QUESTION0 -1 -1.019e+04 1.471e+02 5.069e+01
s>        ( - -4.442e+03 1 0)
s>        ( - -5.606e+03 2 0))INFO: dtree.c(1315): Comp split 47
INFO: dtree.c(1315): Comp split 48
INFO: dtree.c(1439): stop. leaf nodes are specific
INFO: dtree.c(1478): Final simple tree
|( QUESTION2_7_L -1 -1.770e+04 1.710e+02 8.408e+01
|    ( QUESTION2_8_L -1 -6.266e+03 1.224e+02 2.999e+01
|        ( - -7.778e+02 1 0)
|        ( - -5.366e+03 1 0))
|    ( - -1.126e+04 2 0))
s>    ( QUESTION2_7_L -1 -1.770e+04 1.710e+02 8.408e+01
s>        ( QUESTION2_8_L -1 -6.266e+03 1.224e+02 2.999e+01
s>            ( - -7.778e+02 1 0)
s>            ( - -5.366e+03 1 0))
s>        ( - -1.126e+04 2 0))INFO: dtree.c(1439): stop. leaf nodes are specific
INFO: dtree.c(1478): Final simple tree
|( QUESTION1 -1 -1.277e+04 1.197e+02 5.727e+01
|    ( - -1.114e+04 1 0)
|    ( - -1.517e+03 1 0))
s>    ( QUESTION1 -1 -1.277e+04 1.197e+02 5.727e+01
s>        ( - -1.114e+04 1 0)
s>        ( - -1.517e+03 1 0))INFO: dtree.c(1315): Comp split 49
INFO: dtree.c(1315): Comp split 50
INFO: dtree.c(1439): stop. leaf nodes are specific
INFO: dtree.c(1478): Final simple tree
|( QUESTION0 -1 -2.234e+03 1.822e+02 1.100e+01
|    ( - -1.795e+03 1 0)
|    ( - -2.567e+02 1 0))
s>    ( QUESTION0 -1 -2.234e+03 1.822e+02 1.100e+01
s>        ( - -1.795e+03 1 0)
s>        ( - -2.567e+02 1 0))INFO: dtree.c(1315): Comp split 51
INFO: dtree.c(1315): Comp split 52
INFO: dtree.c(1439): stop. leaf nodes are specific
INFO: dtree.c(1478): Final simple tree
|( SILENCE -1 -1.239e+04 1.520e+02 5.895e+01
|    ( - -5.920e+03 1 0)
|    ( QUESTION0 -1 -6.317e+03 1.396e+02 2.999e+01
|        ( - -9.571e+02 1 0)
|        ( - -5.220e+03 1 0)))
s>    ( SILENCE -1 -1.239e+04 1.520e+02 5.895e+01
s>        ( - -5.920e+03 1 0)
s>        ( QUESTION0 -1 -6.317e+03 1.396e+02 2.999e+01
s>            ( - -9.571e+02 1 0)
s>            ( - -5.220e+03 1 0)))INFO: dtree.c(1315): Comp split 53
INFO: dtree.c(1315): Comp split 54
INFO: dtree.c(1315): Comp split 55
INFO: dtree.c(1439): stop. leaf nodes are specific
INFO: dtree.c(1478): Final simple tree
|( QUESTION2 -1 -1.690e+04 1.322e+02 8.376e+01
|    ( - -9.569e+03 2 0)
|    ( - -7.195e+03 2 0))
s>    ( QUESTION2 -1 -1.690e+04 1.322e+02 8.376e+01
s>        ( - -9.569e+03 2 0)
s>        ( - -7.195e+03 2 0))INFO: dtree.c(1315): Comp split 56
INFO: dtree.c(1315): Comp split 57
INFO: dtree.c(1315): Comp split 58
INFO: dtree.c(1315): Comp split 59
INFO: dtree.c(1439): stop. leaf nodes are specific
INFO: dtree.c(1478): Final simple tree
|( QUESTION2_8_L -1 -6.266e+03 1.224e+02 2.999e+01
|    ( - -7.778e+02 1 0)
|    ( - -5.366e+03 1 0))
s>    ( QUESTION2_8_L -1 -6.266e+03 1.224e+02 2.999e+01
s>        ( - -7.778e+02 1 0)
s>        ( - -5.366e+03 1 0))INFO: dtree.c(1315): Comp split 60
INFO: dtree.c(1439): stop. leaf nodes are specific
INFO: dtree.c(1478): Final simple tree
|( QUESTION0 -1 -6.996e+03 1.336e+02 3.599e+01
|    ( - -2.271e+03 1 0)
|    ( - -4.592e+03 1 0))
s>    ( QUESTION0 -1 -6.996e+03 1.336e+02 3.599e+01
s>        ( - -2.271e+03 1 0)
s>        ( - -4.592e+03 1 0))INFO: dtree.c(1315): Comp split 61
INFO: dtree.c(1439): stop. leaf nodes are specific
INFO: dtree.c(1478): Final simple tree
|( QUESTION0 -1 -6.317e+03 1.396e+02 2.999e+01
|    ( - -9.571e+02 1 0)
|    ( - -5.220e+03 1 0))
s>    ( QUESTION0 -1 -6.317e+03 1.396e+02 2.999e+01
s>        ( - -9.571e+02 1 0)
s>        ( - -5.220e+03 1 0))INFO: dtree.c(1315): Comp split 62
INFO: dtree.c(1315): Comp split 63
INFO: dtree.c(1315): Comp split 64
INFO: dtree.c(1315): Comp split 65
INFO: dtree.c(1315): Comp split 66
INFO: dtree.c(1315): Comp split 67
INFO: dtree.c(1315): Comp split 68
INFO: dtree.c(1315): Comp split 69
INFO: dtree.c(1318): stop. leaf nodes are specific
Wed Dec 20 23:52:17 2017
