Current configuration:
[NAME]		[DEFLT]	[VALUE]
-allphones	no	no
-cntthresh	0.00001	1.000000e-05
-csplitmax	100	2000
-csplitmin	1	1
-csplitthr	8e-4	0.000000e+00
-example	no	no
-fullvar	no	no
-help		no	no
-meanfn			/home/alex/repos/speech/an4/model_parameters/an4.cd_cont_untied/means
-mixwfn			/home/alex/repos/speech/an4/model_parameters/an4.cd_cont_untied/mixture_weights
-moddeffn		/home/alex/repos/speech/an4/model_architecture/an4.untied.mdef
-mwfloor	1e-4	1.000000e-08
-phone			F
-psetfn			/home/alex/repos/speech/an4/model_architecture/an4.tree_questions
-ssplitmax	5	7
-ssplitmin	1	1
-ssplitthr	8e-4	0.000000e+00
-state			1
-stwt			1.0,0.05,0.0,
-treefn			/home/alex/repos/speech/an4/trees/an4.unpruned/F-1.dtree
-ts2cbfn	.semi.	.cont.
-varfloor	0.00001	1.000000e-05
-varfn			/home/alex/repos/speech/an4/model_parameters/an4.cd_cont_untied/variances

INFO: main.c(223): Reading: /home/alex/repos/speech/an4/model_architecture/an4.untied.mdef
INFO: model_def_io.c(573): Model definition info:
INFO: model_def_io.c(574): 1618 total models defined (34 base, 1584 tri)
INFO: model_def_io.c(575): 6472 total states
INFO: model_def_io.c(576): 4854 total tied states
INFO: model_def_io.c(577): 102 total tied CI states
INFO: model_def_io.c(578): 34 total tied transition matrices
INFO: model_def_io.c(579): 4 max state/model
INFO: model_def_io.c(580): 4 min state/model
INFO: main.c(242): Building trees for [F AE SIL e] through [F V IH b]
INFO: main.c(269): Covering states |[1536 1739]| == 204
INFO: main.c(275): Reading: /home/alex/repos/speech/an4/model_parameters/an4.cd_cont_untied/mixture_weights
INFO: s3mixw_io.c(173): Read /home/alex/repos/speech/an4/model_parameters/an4.cd_cont_untied/mixture_weights [204x1x1 array]
INFO: main.c(311): 68 of 68 models have observation count greater than 0.000010
INFO: main.c(95): nrm stwt: 0.045 0.909 0.045 
INFO: s3gau_io.c(169): Read /home/alex/repos/speech/an4/model_parameters/an4.cd_cont_untied/means [4854x1x1 array]
INFO: s3gau_io.c(169): Read /home/alex/repos/speech/an4/model_parameters/an4.cd_cont_untied/variances [4854x1x1 array]
INFO: main.c(549): Reading: /home/alex/repos/speech/an4/model_architecture/an4.tree_questions
INFO: main.c(588): 180 total simple questions (172 phone; 8 word bndry)
INFO: main.c(590): 42 Left Only questions, and 42 Right Only questions
INFO: dtree.c(1478): Final simple tree
|( QUESTION2_19_L -1 -9.605e+05 1.692e+03 4.868e+03
|    ( - -3.028e+04 2 0 QUESTION0_3_R 1 1.985e+02 1.446e+02)
|    ( QUESTION2 -1 -9.285e+05 1.242e+03 4.723e+03
|        ( - -1.411e+05 4 0 QUESTION1 1 3.524e+02 7.107e+02)
|        ( SILENCE -1 -7.861e+05 9.377e+02 4.013e+03
|            ( - -1.176e+05 4 0 QUESTION0_0_R 1 4.577e+02 5.930e+02)
|            ( QUESTION0 -1 -6.676e+05 6.643e+02 3.420e+03
|                ( QUESTION12 -1 -3.563e+05 5.055e+02 1.841e+03
|                    ( - -1.216e+05 19 0 SILENCE 1 4.165e+02 6.228e+02)
|                    ( WDBNDRY_I 0 -2.341e+05 4.652e+02 1.218e+03
|                        ( - 2.423e+02 1 0)
|                        ( - -2.339e+05 19 0 QUESTION6 -1 3.682e+02 1.217e+03)))
|                ( QUESTION2_14_L -1 -3.107e+05 4.996e+02 1.579e+03
|                    ( - -1.316e+05 6 0 QUESTION1 1 3.027e+02 6.653e+02)
|                    ( - -1.786e+05 13 0 QUESTION2_13_L -1 4.370e+02 9.132e+02))))))
s>    ( QUESTION2_19_L -1 -9.605e+05 1.692e+03 4.868e+03
s>        ( - -3.028e+04 2 0 QUESTION0_3_R 1 1.985e+02 1.446e+02)
s>        ( QUESTION2 -1 -9.285e+05 1.242e+03 4.723e+03
s>            ( - -1.411e+05 4 0 QUESTION1 1 3.524e+02 7.107e+02)
s>            ( SILENCE -1 -7.861e+05 9.377e+02 4.013e+03
s>                ( - -1.176e+05 4 0 QUESTION0_0_R 1 4.577e+02 5.930e+02)
s>                ( QUESTION0 -1 -6.676e+05 6.643e+02 3.420e+03
s>                    ( QUESTION12 -1 -3.563e+05 5.055e+02 1.841e+03
s>                        ( - -1.216e+05 19 0 SILENCE 1 4.165e+02 6.228e+02)
s>                        ( WDBNDRY_I 0 -2.341e+05 4.652e+02 1.218e+03
s>                            ( - 2.423e+02 1 0)
s>                            ( - -2.339e+05 19 0 QUESTION6 -1 3.682e+02 1.217e+03)))
s>                    ( QUESTION2_14_L -1 -3.107e+05 4.996e+02 1.579e+03
s>                        ( - -1.316e+05 6 0 QUESTION1 1 3.027e+02 6.653e+02)
s>                        ( - -1.786e+05 13 0 QUESTION2_13_L -1 4.370e+02 9.132e+02))))))INFO: dtree.c(1315): Comp split 0
INFO: dtree.c(1439): stop. leaf nodes are specific
INFO: dtree.c(1478): Final simple tree
|( QUESTION0_3_R 1 -1.727e+05 1.165e+03 8.564e+02
|    ( - -2.771e+04 1 0)
|    ( QUESTION3 -1 -1.439e+05 4.577e+02 7.247e+02
|        ( - 2.423e+02 1 0)
|        ( QUESTION1 1 -1.436e+05 3.503e+02 7.237e+02
|            ( - -3.548e+04 1 0)
|            ( QUESTION0_13_R 1 -1.078e+05 2.403e+02 5.417e+02
|                ( - -9.415e+04 1 0)
|                ( QUESTION0_10_R 1 -1.342e+04 1.607e+02 6.774e+01
|                    ( - -7.145e+02 1 0)
|                    ( WDBNDRY_B 0 -1.255e+04 1.479e+02 6.374e+01
|                        ( - -1.002e+04 1 0)
|                        ( - -2.373e+03 1 0)))))))
s>    ( QUESTION0_3_R 1 -1.727e+05 1.165e+03 8.564e+02
s>        ( - -2.771e+04 1 0)
s>        ( QUESTION3 -1 -1.439e+05 4.577e+02 7.247e+02
s>            ( - 2.423e+02 1 0)
s>            ( QUESTION1 1 -1.436e+05 3.503e+02 7.237e+02
s>                ( - -3.548e+04 1 0)
s>                ( QUESTION0_13_R 1 -1.078e+05 2.403e+02 5.417e+02
s>                    ( - -9.415e+04 1 0)
s>                    ( QUESTION0_10_R 1 -1.342e+04 1.607e+02 6.774e+01
s>                        ( - -7.145e+02 1 0)
s>                        ( WDBNDRY_B 0 -1.255e+04 1.479e+02 6.374e+01
s>                            ( - -1.002e+04 1 0)
s>                            ( - -2.373e+03 1 0)))))))INFO: dtree.c(1478): Final simple tree
|( SILENCE -1 -7.859e+05 9.379e+02 4.012e+03
|    ( QUESTION0_0_R 1 -1.176e+05 4.577e+02 5.930e+02
|        ( - -9.778e+03 1 0)
|        ( - -1.073e+05 3 0 QUESTION1 1 2.084e+02 5.400e+02))
|    ( QUESTION0 -1 -6.674e+05 6.654e+02 3.419e+03
|        ( QUESTION12 -1 -3.560e+05 5.064e+02 1.840e+03
|            ( SILENCE 1 -1.216e+05 4.165e+02 6.228e+02
|                ( - 1.519e+02 1 0)
|                ( - -1.214e+05 18 0 QUESTION0_4_R 1 3.248e+02 6.218e+02))
|            ( - -2.339e+05 19 0 QUESTION6 -1 3.682e+02 1.217e+03))
|        ( QUESTION2_14_L -1 -3.107e+05 4.996e+02 1.579e+03
|            ( - -1.316e+05 6 0 QUESTION1 1 3.027e+02 6.653e+02)
|            ( QUESTION2_13_L -1 -1.786e+05 4.370e+02 9.132e+02
|                ( - -1.326e+05 7 0 QUESTION0_20_R 1 3.166e+02 6.817e+02)
|                ( - -4.561e+04 6 0 QUESTION1 1 2.682e+02 2.316e+02)))))
s>    ( SILENCE -1 -7.859e+05 9.379e+02 4.012e+03
s>        ( QUESTION0_0_R 1 -1.176e+05 4.577e+02 5.930e+02
s>            ( - -9.778e+03 1 0)
s>            ( - -1.073e+05 3 0 QUESTION1 1 2.084e+02 5.400e+02))
s>        ( QUESTION0 -1 -6.674e+05 6.654e+02 3.419e+03
s>            ( QUESTION12 -1 -3.560e+05 5.064e+02 1.840e+03
s>                ( SILENCE 1 -1.216e+05 4.165e+02 6.228e+02
s>                    ( - 1.519e+02 1 0)
s>                    ( - -1.214e+05 18 0 QUESTION0_4_R 1 3.248e+02 6.218e+02))
s>                ( - -2.339e+05 19 0 QUESTION6 -1 3.682e+02 1.217e+03))
s>            ( QUESTION2_14_L -1 -3.107e+05 4.996e+02 1.579e+03
s>                ( - -1.316e+05 6 0 QUESTION1 1 3.027e+02 6.653e+02)
s>                ( QUESTION2_13_L -1 -1.786e+05 4.370e+02 9.132e+02
s>                    ( - -1.326e+05 7 0 QUESTION0_20_R 1 3.166e+02 6.817e+02)
s>                    ( - -4.561e+04 6 0 QUESTION1 1 2.682e+02 2.316e+02)))))INFO: dtree.c(1315): Comp split 1
INFO: dtree.c(1439): stop. leaf nodes are specific
INFO: dtree.c(1478): Final simple tree
|( WDBNDRY_B 0 -2.860e+04 1.703e+02 1.356e+02
|    ( - -7.145e+02 1 0)
|    ( - -2.771e+04 1 0))
s>    ( WDBNDRY_B 0 -2.860e+04 1.703e+02 1.356e+02
s>        ( - -7.145e+02 1 0)
s>        ( - -2.771e+04 1 0))INFO: dtree.c(1439): stop. leaf nodes are specific
INFO: dtree.c(1478): Final simple tree
|( QUESTION3 -1 -1.430e+05 4.575e+02 7.207e+02
|    ( - 2.423e+02 1 0)
|    ( QUESTION1 1 -1.428e+05 3.490e+02 7.197e+02
|        ( - -3.548e+04 1 0)
|        ( QUESTION0_13_R 1 -1.069e+05 2.317e+02 5.377e+02
|            ( - -9.415e+04 1 0)
|            ( WDBNDRY_B 0 -1.255e+04 1.479e+02 6.374e+01
|                ( - -1.002e+04 1 0)
|                ( - -2.373e+03 1 0)))))
s>    ( QUESTION3 -1 -1.430e+05 4.575e+02 7.207e+02
s>        ( - 2.423e+02 1 0)
s>        ( QUESTION1 1 -1.428e+05 3.490e+02 7.197e+02
s>            ( - -3.548e+04 1 0)
s>            ( QUESTION0_13_R 1 -1.069e+05 2.317e+02 5.377e+02
s>                ( - -9.415e+04 1 0)
s>                ( WDBNDRY_B 0 -1.255e+04 1.479e+02 6.374e+01
s>                    ( - -1.002e+04 1 0)
s>                    ( - -2.373e+03 1 0)))))INFO: dtree.c(1315): Comp split 2
INFO: dtree.c(1439): stop. leaf nodes are specific
INFO: dtree.c(1478): Final simple tree
|( QUESTION1 1 -1.073e+05 2.084e+02 5.400e+02
|    ( - -7.681e+04 1 0)
|    ( QUESTION0_13_R 1 -3.033e+04 1.863e+02 1.511e+02
|        ( - -2.356e+04 1 0)
|        ( - -6.579e+03 1 0)))
s>    ( QUESTION1 1 -1.073e+05 2.084e+02 5.400e+02
s>        ( - -7.681e+04 1 0)
s>        ( QUESTION0_13_R 1 -3.033e+04 1.863e+02 1.511e+02
s>            ( - -2.356e+04 1 0)
s>            ( - -6.579e+03 1 0)))INFO: dtree.c(1478): Final simple tree
|( QUESTION0 -1 -6.776e+05 6.826e+02 3.472e+03
|    ( QUESTION12 -1 -3.560e+05 5.064e+02 1.840e+03
|        ( SILENCE 1 -1.216e+05 4.165e+02 6.228e+02
|            ( - 1.519e+02 1 0)
|            ( - -1.214e+05 18 0 QUESTION0_4_R 1 3.248e+02 6.218e+02))
|        ( QUESTION6 -1 -2.339e+05 3.682e+02 1.217e+03
|            ( - -2.182e+04 3 0 QUESTION8 1 1.762e+02 1.180e+02)
|            ( - -2.117e+05 16 0 QUESTION2_7_L -1 3.634e+02 1.099e+03)))
|    ( QUESTION2_14_L -1 -3.209e+05 5.142e+02 1.632e+03
|        ( - -1.316e+05 6 0 QUESTION1 1 3.027e+02 6.653e+02)
|        ( QUESTION2_13_L -1 -1.888e+05 4.441e+02 9.662e+02
|            ( - -1.326e+05 7 0 QUESTION0_20_R 1 3.166e+02 6.817e+02)
|            ( QUESTION8 1 -5.577e+04 4.201e+02 2.846e+02
|                ( - -1.125e+04 2 0 SILENCE -1 1.873e+02 6.000e+01)
|                ( - -4.410e+04 5 0 QUESTION0_13_R 1 2.495e+02 2.246e+02)))))
s>    ( QUESTION0 -1 -6.776e+05 6.826e+02 3.472e+03
s>        ( QUESTION12 -1 -3.560e+05 5.064e+02 1.840e+03
s>            ( SILENCE 1 -1.216e+05 4.165e+02 6.228e+02
s>                ( - 1.519e+02 1 0)
s>                ( - -1.214e+05 18 0 QUESTION0_4_R 1 3.248e+02 6.218e+02))
s>            ( QUESTION6 -1 -2.339e+05 3.682e+02 1.217e+03
s>                ( - -2.182e+04 3 0 QUESTION8 1 1.762e+02 1.180e+02)
s>                ( - -2.117e+05 16 0 QUESTION2_7_L -1 3.634e+02 1.099e+03)))
s>        ( QUESTION2_14_L -1 -3.209e+05 5.142e+02 1.632e+03
s>            ( - -1.316e+05 6 0 QUESTION1 1 3.027e+02 6.653e+02)
s>            ( QUESTION2_13_L -1 -1.888e+05 4.441e+02 9.662e+02
s>                ( - -1.326e+05 7 0 QUESTION0_20_R 1 3.166e+02 6.817e+02)
s>                ( QUESTION8 1 -5.577e+04 4.201e+02 2.846e+02
s>                    ( - -1.125e+04 2 0 SILENCE -1 1.873e+02 6.000e+01)
s>                    ( - -4.410e+04 5 0 QUESTION0_13_R 1 2.495e+02 2.246e+02)))))INFO: dtree.c(1315): Comp split 3
INFO: dtree.c(1478): Final simple tree
|( QUESTION2_14_L -1 -3.431e+05 5.823e+02 1.750e+03
|    ( QUESTION1 1 -1.316e+05 3.027e+02 6.653e+02
|        ( - -7.125e+04 2 0)
|        ( - -6.004e+04 4 0 QUESTION0_13_R 1 2.384e+02 3.048e+02))
|    ( QUESTION2_13_L -1 -2.109e+05 4.240e+02 1.084e+03
|        ( QUESTION0_20_R 1 -1.500e+05 3.793e+02 7.747e+02
|            ( QUESTION1 1 -1.037e+05 2.697e+02 5.419e+02
|                ( - -8.769e+04 3 0 QUESTION0 -1 1.560e+02 4.601e+02)
|                ( - -1.578e+04 3 0 QUESTION0 -1 1.892e+02 8.181e+01))
|            ( - -4.593e+04 3 0 WDBNDRY_B 0 1.171e+02 2.327e+02))
|        ( QUESTION8 1 -6.044e+04 4.312e+02 3.096e+02
|            ( - -1.125e+04 2 0 SILENCE -1 1.873e+02 6.000e+01)
|            ( QUESTION0_20_R 1 -4.876e+04 2.477e+02 2.496e+02
|                ( - -1.499e+04 2 0 QUESTION2_0_L -1 1.957e+02 7.483e+01)
|                ( - -3.352e+04 4 0 QUESTION2_12_L -1 2.069e+02 1.747e+02)))))
s>    ( QUESTION2_14_L -1 -3.431e+05 5.823e+02 1.750e+03
s>        ( QUESTION1 1 -1.316e+05 3.027e+02 6.653e+02
s>            ( - -7.125e+04 2 0)
s>            ( - -6.004e+04 4 0 QUESTION0_13_R 1 2.384e+02 3.048e+02))
s>        ( QUESTION2_13_L -1 -2.109e+05 4.240e+02 1.084e+03
s>            ( QUESTION0_20_R 1 -1.500e+05 3.793e+02 7.747e+02
s>                ( QUESTION1 1 -1.037e+05 2.697e+02 5.419e+02
s>                    ( - -8.769e+04 3 0 QUESTION0 -1 1.560e+02 4.601e+02)
s>                    ( - -1.578e+04 3 0 QUESTION0 -1 1.892e+02 8.181e+01))
s>                ( - -4.593e+04 3 0 WDBNDRY_B 0 1.171e+02 2.327e+02))
s>            ( QUESTION8 1 -6.044e+04 4.312e+02 3.096e+02
s>                ( - -1.125e+04 2 0 SILENCE -1 1.873e+02 6.000e+01)
s>                ( QUESTION0_20_R 1 -4.876e+04 2.477e+02 2.496e+02
s>                    ( - -1.499e+04 2 0 QUESTION2_0_L -1 1.957e+02 7.483e+01)
s>                    ( - -3.352e+04 4 0 QUESTION2_12_L -1 2.069e+02 1.747e+02)))))INFO: dtree.c(1478): Final simple tree
|( WDBNDRY_B 0 -3.338e+05 4.876e+02 1.722e+03
|    ( QUESTION2_7_L -1 -2.117e+05 3.634e+02 1.099e+03
|        ( - -1.075e+05 9 0 QUESTION0_13_R 1 2.342e+02 5.577e+02)
|        ( QUESTION0 1 -1.039e+05 3.953e+02 5.417e+02
|            ( QUESTION1 -1 -7.203e+04 3.631e+02 3.765e+02
|                ( - -2.615e+04 2 0 QUESTION1 1 1.544e+02 1.381e+02)
|                ( - -4.552e+04 3 0 QUESTION1 1 1.858e+02 2.384e+02))
|            ( QUESTION1 -1 -3.145e+04 3.640e+02 1.651e+02
|                ( - -1.520e+04 1 0)
|                ( - -1.589e+04 1 0))))
|    ( SILENCE 1 -1.216e+05 4.165e+02 6.228e+02
|        ( - 1.519e+02 1 0)
|        ( QUESTION0_4_R 1 -1.214e+05 3.248e+02 6.218e+02
|            ( - -2.361e+04 1 0)
|            ( - -9.744e+04 17 0 QUESTION17 1 2.743e+02 4.965e+02))))
s>    ( WDBNDRY_B 0 -3.338e+05 4.876e+02 1.722e+03
s>        ( QUESTION2_7_L -1 -2.117e+05 3.634e+02 1.099e+03
s>            ( - -1.075e+05 9 0 QUESTION0_13_R 1 2.342e+02 5.577e+02)
s>            ( QUESTION0 1 -1.039e+05 3.953e+02 5.417e+02
s>                ( QUESTION1 -1 -7.203e+04 3.631e+02 3.765e+02
s>                    ( - -2.615e+04 2 0 QUESTION1 1 1.544e+02 1.381e+02)
s>                    ( - -4.552e+04 3 0 QUESTION1 1 1.858e+02 2.384e+02))
s>                ( QUESTION1 -1 -3.145e+04 3.640e+02 1.651e+02
s>                    ( - -1.520e+04 1 0)
s>                    ( - -1.589e+04 1 0))))
s>        ( SILENCE 1 -1.216e+05 4.165e+02 6.228e+02
s>            ( - 1.519e+02 1 0)
s>            ( QUESTION0_4_R 1 -1.214e+05 3.248e+02 6.218e+02
s>                ( - -2.361e+04 1 0)
s>                ( - -9.744e+04 17 0 QUESTION17 1 2.743e+02 4.965e+02))))INFO: dtree.c(1315): Comp split 4
INFO: dtree.c(1478): Final simple tree
|( SILENCE 1 -1.242e+05 4.170e+02 6.356e+02
|    ( - 1.519e+02 1 0)
|    ( WDBNDRY_B 0 -1.239e+05 3.388e+02 6.346e+02
|        ( - -2.615e+04 2 0 QUESTION1 1 1.544e+02 1.381e+02)
|        ( QUESTION17 1 -9.744e+04 2.743e+02 4.965e+02
|            ( QUESTION0_0_R 1 -7.621e+03 4.741e+02 4.000e+01
|                ( - 1.962e+02 1 0)
|                ( - -7.343e+03 1 0))
|            ( QUESTION8 1 -8.954e+04 2.509e+02 4.565e+02
|                ( - -2.549e+04 6 0 QUESTION0_8_R 1 1.681e+02 1.289e+02)
|                ( QUESTION5 1 -6.380e+04 1.949e+02 3.276e+02
|                    ( - -3.970e+03 1 0)
|                    ( QUESTION0 1 -5.964e+04 1.743e+02 3.056e+02
|                        ( - -1.701e+04 2 0 QUESTION0_13_R 1 2.047e+02 8.958e+01)
|                        ( - -4.245e+04 6 0 QUESTION0_13_R 1 2.114e+02 2.160e+02)))))))
s>    ( SILENCE 1 -1.242e+05 4.170e+02 6.356e+02
s>        ( - 1.519e+02 1 0)
s>        ( WDBNDRY_B 0 -1.239e+05 3.388e+02 6.346e+02
s>            ( - -2.615e+04 2 0 QUESTION1 1 1.544e+02 1.381e+02)
s>            ( QUESTION17 1 -9.744e+04 2.743e+02 4.965e+02
s>                ( QUESTION0_0_R 1 -7.621e+03 4.741e+02 4.000e+01
s>                    ( - 1.962e+02 1 0)
s>                    ( - -7.343e+03 1 0))
s>                ( QUESTION8 1 -8.954e+04 2.509e+02 4.565e+02
s>                    ( - -2.549e+04 6 0 QUESTION0_8_R 1 1.681e+02 1.289e+02)
s>                    ( QUESTION5 1 -6.380e+04 1.949e+02 3.276e+02
s>                        ( - -3.970e+03 1 0)
s>                        ( QUESTION0 1 -5.964e+04 1.743e+02 3.056e+02
s>                            ( - -1.701e+04 2 0 QUESTION0_13_R 1 2.047e+02 8.958e+01)
s>                            ( - -4.245e+04 6 0 QUESTION0_13_R 1 2.114e+02 2.160e+02)))))))INFO: dtree.c(1478): Final simple tree
|( QUESTION11 -1 -2.090e+05 3.664e+02 1.087e+03
|    ( QUESTION0 1 -6.164e+04 2.392e+02 3.220e+02
|        ( - -4.552e+04 3 0 QUESTION1 1 1.858e+02 2.384e+02)
|        ( - -1.589e+04 1 0))
|    ( QUESTION2_7_L -1 -1.469e+05 4.365e+02 7.645e+02
|        ( QUESTION0_13_R 1 -1.075e+05 2.342e+02 5.577e+02
|            ( - -2.532e+04 2 0 QUESTION9 -1 1.898e+02 1.302e+02)
|            ( QUESTION1 1 -8.192e+04 1.913e+02 4.275e+02
|                ( - -7.177e+04 4 0 QUESTION14 -1 1.719e+02 3.745e+02)
|                ( QUESTION9 -1 -9.963e+03 2.029e+02 5.300e+01
|                    ( - -2.692e+03 1 0)
|                    ( - -7.069e+03 2 0 QUESTION17 -1 1.644e+02 3.800e+01))))
|        ( WDBNDRY_B 0 -3.904e+04 2.287e+02 2.068e+02
|            ( - -1.520e+04 1 0)
|            ( - -2.361e+04 1 0))))
s>    ( QUESTION11 -1 -2.090e+05 3.664e+02 1.087e+03
s>        ( QUESTION0 1 -6.164e+04 2.392e+02 3.220e+02
s>            ( - -4.552e+04 3 0 QUESTION1 1 1.858e+02 2.384e+02)
s>            ( - -1.589e+04 1 0))
s>        ( QUESTION2_7_L -1 -1.469e+05 4.365e+02 7.645e+02
s>            ( QUESTION0_13_R 1 -1.075e+05 2.342e+02 5.577e+02
s>                ( - -2.532e+04 2 0 QUESTION9 -1 1.898e+02 1.302e+02)
s>                ( QUESTION1 1 -8.192e+04 1.913e+02 4.275e+02
s>                    ( - -7.177e+04 4 0 QUESTION14 -1 1.719e+02 3.745e+02)
s>                    ( QUESTION9 -1 -9.963e+03 2.029e+02 5.300e+01
s>                        ( - -2.692e+03 1 0)
s>                        ( - -7.069e+03 2 0 QUESTION17 -1 1.644e+02 3.800e+01))))
s>            ( WDBNDRY_B 0 -3.904e+04 2.287e+02 2.068e+02
s>                ( - -1.520e+04 1 0)
s>                ( - -2.361e+04 1 0))))INFO: dtree.c(1315): Comp split 5
INFO: dtree.c(1478): Final simple tree
|( QUESTION1 1 -1.493e+05 4.396e+02 7.767e+02
|    ( - -8.769e+04 3 0 QUESTION0 -1 1.560e+02 4.601e+02)
|    ( SILENCE -1 -6.114e+04 3.326e+02 3.166e+02
|        ( - -9.778e+03 1 0)
|        ( QUESTION0 -1 -5.103e+04 2.395e+02 2.636e+02
|            ( WDBNDRY_B 0 -1.063e+04 1.883e+02 5.800e+01
|                ( - -5.949e+03 1 0)
|                ( - -4.490e+03 1 0))
|            ( QUESTION0_13_R 1 -4.016e+04 1.943e+02 2.056e+02
|                ( QUESTION2_12_L -1 -2.886e+04 1.994e+02 1.497e+02
|                    ( - -1.131e+04 1 0)
|                    ( - -1.735e+04 2 0 QUESTION2_0_L -1 1.260e+02 9.201e+01))
|                ( QUESTION2_0_L -1 -1.110e+04 1.810e+02 5.581e+01
|                    ( - -1.282e+03 1 0)
|                    ( - -9.639e+03 2 0))))))
s>    ( QUESTION1 1 -1.493e+05 4.396e+02 7.767e+02
s>        ( - -8.769e+04 3 0 QUESTION0 -1 1.560e+02 4.601e+02)
s>        ( SILENCE -1 -6.114e+04 3.326e+02 3.166e+02
s>            ( - -9.778e+03 1 0)
s>            ( QUESTION0 -1 -5.103e+04 2.395e+02 2.636e+02
s>                ( WDBNDRY_B 0 -1.063e+04 1.883e+02 5.800e+01
s>                    ( - -5.949e+03 1 0)
s>                    ( - -4.490e+03 1 0))
s>                ( QUESTION0_13_R 1 -4.016e+04 1.943e+02 2.056e+02
s>                    ( QUESTION2_12_L -1 -2.886e+04 1.994e+02 1.497e+02
s>                        ( - -1.131e+04 1 0)
s>                        ( - -1.735e+04 2 0 QUESTION2_0_L -1 1.260e+02 9.201e+01))
s>                    ( QUESTION2_0_L -1 -1.110e+04 1.810e+02 5.581e+01
s>                        ( - -1.282e+03 1 0)
s>                        ( - -9.639e+03 2 0))))))INFO: dtree.c(1478): Final simple tree
|( QUESTION2_7_L -1 -1.932e+05 3.671e+02 9.729e+02
|    ( - -1.271e+04 1 0)
|    ( QUESTION1 1 -1.801e+05 3.267e+02 9.087e+02
|        ( QUESTION2_0_L -1 -7.351e+04 1.768e+02 3.713e+02
|            ( - -2.076e+03 1 0)
|            ( - -7.125e+04 2 0))
|        ( QUESTION0_20_R 1 -1.062e+05 3.024e+02 5.375e+02
|            ( - -1.177e+04 1 0)
|            ( QUESTION2_14_L -1 -9.418e+04 2.092e+02 4.757e+02
|                ( QUESTION0 1 -4.804e+04 1.258e+02 2.430e+02
|                    ( - -6.633e+02 1 0)
|                    ( - -4.725e+04 2 0))
|                ( WDBNDRY_B 0 -4.593e+04 1.171e+02 2.327e+02
|                    ( - -4.392e+04 2 0)
|                    ( - -1.899e+03 1 0))))))
s>    ( QUESTION2_7_L -1 -1.932e+05 3.671e+02 9.729e+02
s>        ( - -1.271e+04 1 0)
s>        ( QUESTION1 1 -1.801e+05 3.267e+02 9.087e+02
s>            ( QUESTION2_0_L -1 -7.351e+04 1.768e+02 3.713e+02
s>                ( - -2.076e+03 1 0)
s>                ( - -7.125e+04 2 0))
s>            ( QUESTION0_20_R 1 -1.062e+05 3.024e+02 5.375e+02
s>                ( - -1.177e+04 1 0)
s>                ( QUESTION2_14_L -1 -9.418e+04 2.092e+02 4.757e+02
s>                    ( QUESTION0 1 -4.804e+04 1.258e+02 2.430e+02
s>                        ( - -6.633e+02 1 0)
s>                        ( - -4.725e+04 2 0))
s>                    ( WDBNDRY_B 0 -4.593e+04 1.171e+02 2.327e+02
s>                        ( - -4.392e+04 2 0)
s>                        ( - -1.899e+03 1 0))))))INFO: dtree.c(1315): Comp split 6
INFO: dtree.c(1439): stop. leaf nodes are specific
INFO: dtree.c(1478): Final simple tree
|( QUESTION0_13_R 1 -4.627e+04 2.223e+02 2.448e+02
|    ( - -1.520e+04 1 0)
|    ( QUESTION17 -1 -3.084e+04 1.790e+02 1.633e+02
|        ( - -6.263e+03 1 0)
|        ( WDBNDRY_B 0 -2.440e+04 1.522e+02 1.293e+02
|            ( - -6.419e+02 1 0)
|            ( - -2.361e+04 1 0))))
s>    ( QUESTION0_13_R 1 -4.627e+04 2.223e+02 2.448e+02
s>        ( - -1.520e+04 1 0)
s>        ( QUESTION17 -1 -3.084e+04 1.790e+02 1.633e+02
s>            ( - -6.263e+03 1 0)
s>            ( WDBNDRY_B 0 -2.440e+04 1.522e+02 1.293e+02
s>                ( - -6.419e+02 1 0)
s>                ( - -2.361e+04 1 0))))INFO: dtree.c(1478): Final simple tree
|( QUESTION10 -1 -1.622e+05 3.295e+02 8.417e+02
|    ( QUESTION0 1 -6.164e+04 2.392e+02 3.220e+02
|        ( QUESTION1 1 -4.552e+04 1.858e+02 2.384e+02
|            ( - -3.049e+04 1 0)
|            ( - -1.485e+04 2 0 QUESTION0_13_R 1 1.402e+02 7.753e+01))
|        ( - -1.589e+04 1 0))
|    ( QUESTION0_13_R 1 -1.002e+05 2.159e+02 5.197e+02
|        ( QUESTION9 -1 -2.532e+04 1.898e+02 1.302e+02
|            ( - -1.240e+04 1 0)
|            ( - -1.273e+04 1 0))
|        ( QUESTION1 1 -7.466e+04 2.048e+02 3.895e+02
|            ( QUESTION14 -1 -7.177e+04 1.719e+02 3.745e+02
|                ( - -4.454e+04 1 0)
|                ( - -2.706e+04 3 0 QUESTION9 -1 1.384e+02 1.422e+02))
|            ( - -2.692e+03 1 0))))
s>    ( QUESTION10 -1 -1.622e+05 3.295e+02 8.417e+02
s>        ( QUESTION0 1 -6.164e+04 2.392e+02 3.220e+02
s>            ( QUESTION1 1 -4.552e+04 1.858e+02 2.384e+02
s>                ( - -3.049e+04 1 0)
s>                ( - -1.485e+04 2 0 QUESTION0_13_R 1 1.402e+02 7.753e+01))
s>            ( - -1.589e+04 1 0))
s>        ( QUESTION0_13_R 1 -1.002e+05 2.159e+02 5.197e+02
s>            ( QUESTION9 -1 -2.532e+04 1.898e+02 1.302e+02
s>                ( - -1.240e+04 1 0)
s>                ( - -1.273e+04 1 0))
s>            ( QUESTION1 1 -7.466e+04 2.048e+02 3.895e+02
s>                ( QUESTION14 -1 -7.177e+04 1.719e+02 3.745e+02
s>                    ( - -4.454e+04 1 0)
s>                    ( - -2.706e+04 3 0 QUESTION9 -1 1.384e+02 1.422e+02))
s>                ( - -2.692e+03 1 0))))INFO: dtree.c(1315): Comp split 7
INFO: dtree.c(1439): stop. leaf nodes are specific
INFO: dtree.c(1478): Final simple tree
|( SILENCE -1 -3.258e+04 2.299e+02 1.665e+02
|    ( - -9.778e+03 1 0)
|    ( QUESTION2_0_L -1 -2.257e+04 1.820e+02 1.135e+02
|        ( - -1.282e+03 1 0)
|        ( QUESTION0_13_R 1 -2.110e+04 1.546e+02 1.065e+02
|            ( - -1.131e+04 1 0)
|            ( - -9.639e+03 2 0))))
s>    ( SILENCE -1 -3.258e+04 2.299e+02 1.665e+02
s>        ( - -9.778e+03 1 0)
s>        ( QUESTION2_0_L -1 -2.257e+04 1.820e+02 1.135e+02
s>            ( - -1.282e+03 1 0)
s>            ( QUESTION0_13_R 1 -2.110e+04 1.546e+02 1.065e+02
s>                ( - -1.131e+04 1 0)
s>                ( - -9.639e+03 2 0))))INFO: dtree.c(1439): stop. leaf nodes are specific
INFO: dtree.c(1478): Final simple tree
|( QUESTION1 1 -1.162e+05 3.248e+02 6.101e+02
|    ( QUESTION0 -1 -8.769e+04 1.560e+02 4.601e+02
|        ( - -1.107e+04 1 0)
|        ( - -7.646e+04 2 0))
|    ( QUESTION0_20_R 1 -2.819e+04 2.326e+02 1.500e+02
|        ( - -5.949e+03 1 0)
|        ( WDBNDRY_B 0 -2.201e+04 1.629e+02 1.170e+02
|            ( QUESTION2_0_L -1 -1.735e+04 1.260e+02 9.201e+01
|                ( - -8.558e+03 1 0)
|                ( - -8.670e+03 1 0))
|            ( - -4.490e+03 1 0))))
s>    ( QUESTION1 1 -1.162e+05 3.248e+02 6.101e+02
s>        ( QUESTION0 -1 -8.769e+04 1.560e+02 4.601e+02
s>            ( - -1.107e+04 1 0)
s>            ( - -7.646e+04 2 0))
s>        ( QUESTION0_20_R 1 -2.819e+04 2.326e+02 1.500e+02
s>            ( - -5.949e+03 1 0)
s>            ( WDBNDRY_B 0 -2.201e+04 1.629e+02 1.170e+02
s>                ( QUESTION2_0_L -1 -1.735e+04 1.260e+02 9.201e+01
s>                    ( - -8.558e+03 1 0)
s>                    ( - -8.670e+03 1 0))
s>                ( - -4.490e+03 1 0))))INFO: dtree.c(1315): Comp split 8
INFO: dtree.c(1478): Final simple tree
|( SILENCE 1 -1.239e+05 4.171e+02 6.346e+02
|    ( - 1.519e+02 1 0)
|    ( WDBNDRY_B 0 -1.236e+05 3.378e+02 6.336e+02
|        ( - -2.615e+04 2 0 QUESTION1 1 1.544e+02 1.381e+02)
|        ( QUESTION17 1 -9.716e+04 2.754e+02 4.955e+02
|            ( - -7.343e+03 1 0)
|            ( QUESTION8 1 -8.954e+04 2.509e+02 4.565e+02
|                ( - -2.549e+04 6 0 QUESTION0_8_R 1 1.681e+02 1.289e+02)
|                ( QUESTION5 1 -6.380e+04 1.949e+02 3.276e+02
|                    ( - -3.970e+03 1 0)
|                    ( QUESTION0 1 -5.964e+04 1.743e+02 3.056e+02
|                        ( - -1.701e+04 2 0 QUESTION0_13_R 1 2.047e+02 8.958e+01)
|                        ( QUESTION0_13_R 1 -4.245e+04 2.114e+02 2.160e+02
|                            ( - -1.614e+04 2 0)
|                            ( - -2.610e+04 4 0 QUESTION0_0_R 1 1.402e+02 1.333e+02))))))))
s>    ( SILENCE 1 -1.239e+05 4.171e+02 6.346e+02
s>        ( - 1.519e+02 1 0)
s>        ( WDBNDRY_B 0 -1.236e+05 3.378e+02 6.336e+02
s>            ( - -2.615e+04 2 0 QUESTION1 1 1.544e+02 1.381e+02)
s>            ( QUESTION17 1 -9.716e+04 2.754e+02 4.955e+02
s>                ( - -7.343e+03 1 0)
s>                ( QUESTION8 1 -8.954e+04 2.509e+02 4.565e+02
s>                    ( - -2.549e+04 6 0 QUESTION0_8_R 1 1.681e+02 1.289e+02)
s>                    ( QUESTION5 1 -6.380e+04 1.949e+02 3.276e+02
s>                        ( - -3.970e+03 1 0)
s>                        ( QUESTION0 1 -5.964e+04 1.743e+02 3.056e+02
s>                            ( - -1.701e+04 2 0 QUESTION0_13_R 1 2.047e+02 8.958e+01)
s>                            ( QUESTION0_13_R 1 -4.245e+04 2.114e+02 2.160e+02
s>                                ( - -1.614e+04 2 0)
s>                                ( - -2.610e+04 4 0 QUESTION0_0_R 1 1.402e+02 1.333e+02))))))))INFO: dtree.c(1315): Comp split 9
INFO: dtree.c(1478): Final simple tree
|( WDBNDRY_B 0 -6.815e+04 2.190e+02 3.497e+02
|    ( QUESTION1 1 -2.615e+04 1.544e+02 1.381e+02
|        ( - -2.474e+04 1 0)
|        ( - -1.253e+03 1 0))
|    ( QUESTION0_8_R 1 -4.178e+04 1.694e+02 2.116e+02
|        ( - -8.185e+02 1 0)
|        ( QUESTION0_6_R 1 -4.080e+04 1.670e+02 2.066e+02
|            ( - -3.512e+03 1 0)
|            ( QUESTION0_15_R 1 -3.712e+04 1.456e+02 1.876e+02
|                ( - -1.614e+04 2 0)
|                ( QUESTION11 1 -2.083e+04 1.402e+02 1.049e+02
|                    ( - -1.004e+03 1 0)
|                    ( QUESTION0_3_R 1 -1.969e+04 1.213e+02 9.888e+01
|                        ( - -3.205e+03 1 0)
|                        ( - -1.636e+04 2 0 QUESTION0_0_R 1 8.707e+01 8.296e+01)))))))
s>    ( WDBNDRY_B 0 -6.815e+04 2.190e+02 3.497e+02
s>        ( QUESTION1 1 -2.615e+04 1.544e+02 1.381e+02
s>            ( - -2.474e+04 1 0)
s>            ( - -1.253e+03 1 0))
s>        ( QUESTION0_8_R 1 -4.178e+04 1.694e+02 2.116e+02
s>            ( - -8.185e+02 1 0)
s>            ( QUESTION0_6_R 1 -4.080e+04 1.670e+02 2.066e+02
s>                ( - -3.512e+03 1 0)
s>                ( QUESTION0_15_R 1 -3.712e+04 1.456e+02 1.876e+02
s>                    ( - -1.614e+04 2 0)
s>                    ( QUESTION11 1 -2.083e+04 1.402e+02 1.049e+02
s>                        ( - -1.004e+03 1 0)
s>                        ( QUESTION0_3_R 1 -1.969e+04 1.213e+02 9.888e+01
s>                            ( - -3.205e+03 1 0)
s>                            ( - -1.636e+04 2 0 QUESTION0_0_R 1 8.707e+01 8.296e+01)))))))INFO: dtree.c(1439): stop. leaf nodes are specific
INFO: dtree.c(1478): Final simple tree
|( SILENCE 1 -5.524e+04 4.180e+02 2.849e+02
|    ( - 1.519e+02 1 0)
|    ( QUESTION0_14_R 1 -5.498e+04 2.261e+02 2.839e+02
|        ( - -7.343e+03 1 0)
|        ( QUESTION5 1 -4.741e+04 1.910e+02 2.449e+02
|            ( - -3.970e+03 1 0)
|            ( QUESTION0_20_R 1 -4.325e+04 1.878e+02 2.229e+02
|                ( QUESTION0 1 -2.164e+04 1.891e+02 1.094e+02
|                    ( - -3.213e+03 1 0)
|                    ( - -1.824e+04 2 0))
|                ( QUESTION0_0_R 1 -2.142e+04 9.985e+01 1.135e+02
|                    ( - -7.726e+03 2 0)
|                    ( - -1.359e+04 1 0))))))
s>    ( SILENCE 1 -5.524e+04 4.180e+02 2.849e+02
s>        ( - 1.519e+02 1 0)
s>        ( QUESTION0_14_R 1 -5.498e+04 2.261e+02 2.839e+02
s>            ( - -7.343e+03 1 0)
s>            ( QUESTION5 1 -4.741e+04 1.910e+02 2.449e+02
s>                ( - -3.970e+03 1 0)
s>                ( QUESTION0_20_R 1 -4.325e+04 1.878e+02 2.229e+02
s>                    ( QUESTION0 1 -2.164e+04 1.891e+02 1.094e+02
s>                        ( - -3.213e+03 1 0)
s>                        ( - -1.824e+04 2 0))
s>                    ( QUESTION0_0_R 1 -2.142e+04 9.985e+01 1.135e+02
s>                        ( - -7.726e+03 2 0)
s>                        ( - -1.359e+04 1 0))))))INFO: dtree.c(1315): Comp split 10
INFO: dtree.c(1439): stop. leaf nodes are specific
INFO: dtree.c(1478): Final simple tree
|( QUESTION1 1 -1.428e+05 3.490e+02 7.197e+02
|    ( - -3.548e+04 1 0)
|    ( QUESTION0_13_R 1 -1.069e+05 2.317e+02 5.377e+02
|        ( - -9.415e+04 1 0)
|        ( WDBNDRY_B 0 -1.255e+04 1.479e+02 6.374e+01
|            ( - -1.002e+04 1 0)
|            ( - -2.373e+03 1 0))))
s>    ( QUESTION1 1 -1.428e+05 3.490e+02 7.197e+02
s>        ( - -3.548e+04 1 0)
s>        ( QUESTION0_13_R 1 -1.069e+05 2.317e+02 5.377e+02
s>            ( - -9.415e+04 1 0)
s>            ( WDBNDRY_B 0 -1.255e+04 1.479e+02 6.374e+01
s>                ( - -1.002e+04 1 0)
s>                ( - -2.373e+03 1 0))))INFO: dtree.c(1315): Comp split 11
INFO: dtree.c(1439): stop. leaf nodes are specific
INFO: dtree.c(1478): Final simple tree
|( QUESTION0_14_R 1 -5.498e+04 2.261e+02 2.839e+02
|    ( - -7.343e+03 1 0)
|    ( QUESTION5 1 -4.741e+04 1.910e+02 2.449e+02
|        ( - -3.970e+03 1 0)
|        ( QUESTION0_20_R 1 -4.325e+04 1.878e+02 2.229e+02
|            ( QUESTION0 1 -2.164e+04 1.891e+02 1.094e+02
|                ( - -3.213e+03 1 0)
|                ( - -1.824e+04 2 0))
|            ( QUESTION0_0_R 1 -2.142e+04 9.985e+01 1.135e+02
|                ( - -7.726e+03 2 0)
|                ( - -1.359e+04 1 0)))))
s>    ( QUESTION0_14_R 1 -5.498e+04 2.261e+02 2.839e+02
s>        ( - -7.343e+03 1 0)
s>        ( QUESTION5 1 -4.741e+04 1.910e+02 2.449e+02
s>            ( - -3.970e+03 1 0)
s>            ( QUESTION0_20_R 1 -4.325e+04 1.878e+02 2.229e+02
s>                ( QUESTION0 1 -2.164e+04 1.891e+02 1.094e+02
s>                    ( - -3.213e+03 1 0)
s>                    ( - -1.824e+04 2 0))
s>                ( QUESTION0_0_R 1 -2.142e+04 9.985e+01 1.135e+02
s>                    ( - -7.726e+03 2 0)
s>                    ( - -1.359e+04 1 0)))))INFO: dtree.c(1315): Comp split 12
INFO: dtree.c(1439): stop. leaf nodes are specific
INFO: dtree.c(1478): Final simple tree
|( QUESTION1 1 -2.478e+04 3.024e+02 1.259e+02
|    ( - -1.271e+04 1 0)
|    ( - -1.177e+04 1 0))
s>    ( QUESTION1 1 -2.478e+04 3.024e+02 1.259e+02
s>        ( - -1.271e+04 1 0)
s>        ( - -1.177e+04 1 0))INFO: dtree.c(1439): stop. leaf nodes are specific
INFO: dtree.c(1478): Final simple tree
|( QUESTION0_13_R 1 -1.680e+05 3.044e+02 8.469e+02
|    ( QUESTION2_14_L -1 -9.216e+04 2.121e+02 4.657e+02
|        ( QUESTION0 1 -4.804e+04 1.258e+02 2.430e+02
|            ( - -6.633e+02 1 0)
|            ( - -4.725e+04 2 0))
|        ( - -4.392e+04 2 0))
|    ( QUESTION2_0_L -1 -7.552e+04 1.773e+02 3.813e+02
|        ( - -2.076e+03 1 0)
|        ( WDBNDRY_B 0 -7.327e+04 1.133e+02 3.706e+02
|            ( - -7.125e+04 2 0)
|            ( - -1.899e+03 1 0))))
s>    ( QUESTION0_13_R 1 -1.680e+05 3.044e+02 8.469e+02
s>        ( QUESTION2_14_L -1 -9.216e+04 2.121e+02 4.657e+02
s>            ( QUESTION0 1 -4.804e+04 1.258e+02 2.430e+02
s>                ( - -6.633e+02 1 0)
s>                ( - -4.725e+04 2 0))
s>            ( - -4.392e+04 2 0))
s>        ( QUESTION2_0_L -1 -7.552e+04 1.773e+02 3.813e+02
s>            ( - -2.076e+03 1 0)
s>            ( WDBNDRY_B 0 -7.327e+04 1.133e+02 3.706e+02
s>                ( - -7.125e+04 2 0)
s>                ( - -1.899e+03 1 0))))INFO: dtree.c(1315): Comp split 13
INFO: dtree.c(1439): stop. leaf nodes are specific
INFO: dtree.c(1478): Final simple tree
|( QUESTION8 1 -3.936e+04 2.184e+02 2.100e+02
|    ( - -5.949e+03 1 0)
|    ( QUESTION2_3_L -1 -3.319e+04 1.509e+02 1.770e+02
|        ( - -8.558e+03 1 0)
|        ( WDBNDRY_B 0 -2.448e+04 1.386e+02 1.310e+02
|            ( QUESTION0_13_R 1 -1.985e+04 1.142e+02 1.060e+02
|                ( - -8.670e+03 1 0)
|                ( - -1.107e+04 1 0))
|            ( - -4.490e+03 1 0))))
s>    ( QUESTION8 1 -3.936e+04 2.184e+02 2.100e+02
s>        ( - -5.949e+03 1 0)
s>        ( QUESTION2_3_L -1 -3.319e+04 1.509e+02 1.770e+02
s>            ( - -8.558e+03 1 0)
s>            ( WDBNDRY_B 0 -2.448e+04 1.386e+02 1.310e+02
s>                ( QUESTION0_13_R 1 -1.985e+04 1.142e+02 1.060e+02
s>                    ( - -8.670e+03 1 0)
s>                    ( - -1.107e+04 1 0))
s>                ( - -4.490e+03 1 0))))INFO: dtree.c(1315): Comp split 14
INFO: dtree.c(1439): stop. leaf nodes are specific
INFO: dtree.c(1478): Final simple tree
|( QUESTION0_13_R 1 -1.044e+05 2.145e+02 5.247e+02
|    ( - -9.415e+04 1 0)
|    ( - -1.002e+04 1 0))
s>    ( QUESTION0_13_R 1 -1.044e+05 2.145e+02 5.247e+02
s>        ( - -9.415e+04 1 0)
s>        ( - -1.002e+04 1 0))INFO: dtree.c(1439): stop. leaf nodes are specific
INFO: dtree.c(1478): Final simple tree
|( WDBNDRY_B 0 -3.801e+04 1.606e+02 1.950e+02
|    ( - -3.548e+04 1 0)
|    ( - -2.373e+03 1 0))
s>    ( WDBNDRY_B 0 -3.801e+04 1.606e+02 1.950e+02
s>        ( - -3.548e+04 1 0)
s>        ( - -2.373e+03 1 0))INFO: dtree.c(1315): Comp split 15
INFO: dtree.c(1439): stop. leaf nodes are specific
INFO: dtree.c(1478): Final simple tree
|( QUESTION0_13_R 1 -1.002e+05 2.159e+02 5.197e+02
|    ( QUESTION9 -1 -2.532e+04 1.898e+02 1.302e+02
|        ( - -1.240e+04 1 0)
|        ( - -1.273e+04 1 0))
|    ( QUESTION1 1 -7.466e+04 2.048e+02 3.895e+02
|        ( QUESTION14 -1 -7.177e+04 1.719e+02 3.745e+02
|            ( - -4.454e+04 1 0)
|            ( QUESTION9 -1 -2.706e+04 1.384e+02 1.422e+02
|                ( - -8.942e+02 1 0)
|                ( QUESTION17 -1 -2.602e+04 1.222e+02 1.372e+02
|                    ( - -2.233e+04 1 0)
|                    ( - -3.566e+03 1 0))))
|        ( - -2.692e+03 1 0)))
s>    ( QUESTION0_13_R 1 -1.002e+05 2.159e+02 5.197e+02
s>        ( QUESTION9 -1 -2.532e+04 1.898e+02 1.302e+02
s>            ( - -1.240e+04 1 0)
s>            ( - -1.273e+04 1 0))
s>        ( QUESTION1 1 -7.466e+04 2.048e+02 3.895e+02
s>            ( QUESTION14 -1 -7.177e+04 1.719e+02 3.745e+02
s>                ( - -4.454e+04 1 0)
s>                ( QUESTION9 -1 -2.706e+04 1.384e+02 1.422e+02
s>                    ( - -8.942e+02 1 0)
s>                    ( QUESTION17 -1 -2.602e+04 1.222e+02 1.372e+02
s>                        ( - -2.233e+04 1 0)
s>                        ( - -3.566e+03 1 0))))
s>            ( - -2.692e+03 1 0)))INFO: dtree.c(1439): stop. leaf nodes are specific
INFO: dtree.c(1478): Final simple tree
|( QUESTION0 1 -6.164e+04 2.392e+02 3.220e+02
|    ( QUESTION1 1 -4.552e+04 1.858e+02 2.384e+02
|        ( - -3.049e+04 1 0)
|        ( QUESTION0_13_R 1 -1.485e+04 1.402e+02 7.753e+01
|            ( - -1.823e+03 1 0)
|            ( - -1.288e+04 1 0)))
|    ( - -1.589e+04 1 0))
s>    ( QUESTION0 1 -6.164e+04 2.392e+02 3.220e+02
s>        ( QUESTION1 1 -4.552e+04 1.858e+02 2.384e+02
s>            ( - -3.049e+04 1 0)
s>            ( QUESTION0_13_R 1 -1.485e+04 1.402e+02 7.753e+01
s>                ( - -1.823e+03 1 0)
s>                ( - -1.288e+04 1 0)))
s>        ( - -1.589e+04 1 0))INFO: dtree.c(1315): Comp split 16
INFO: dtree.c(1439): stop. leaf nodes are specific
INFO: dtree.c(1478): Final simple tree
|( WDBNDRY_B 0 -7.327e+04 1.133e+02 3.706e+02
|    ( - -7.125e+04 2 0)
|    ( - -1.899e+03 1 0))
s>    ( WDBNDRY_B 0 -7.327e+04 1.133e+02 3.706e+02
s>        ( - -7.125e+04 2 0)
s>        ( - -1.899e+03 1 0))INFO: dtree.c(1439): stop. leaf nodes are specific
INFO: dtree.c(1478): Final simple tree
|( QUESTION2_14_L -1 -9.441e+04 2.143e+02 4.764e+02
|    ( QUESTION0 1 -4.804e+04 1.258e+02 2.430e+02
|        ( - -6.633e+02 1 0)
|        ( - -4.725e+04 2 0))
|    ( QUESTION0_13_R 1 -4.616e+04 1.685e+02 2.334e+02
|        ( - -4.392e+04 2 0)
|        ( - -2.076e+03 1 0)))
s>    ( QUESTION2_14_L -1 -9.441e+04 2.143e+02 4.764e+02
s>        ( QUESTION0 1 -4.804e+04 1.258e+02 2.430e+02
s>            ( - -6.633e+02 1 0)
s>            ( - -4.725e+04 2 0))
s>        ( QUESTION0_13_R 1 -4.616e+04 1.685e+02 2.334e+02
s>            ( - -4.392e+04 2 0)
s>            ( - -2.076e+03 1 0)))INFO: dtree.c(1315): Comp split 17
INFO: dtree.c(1315): Comp split 18
INFO: dtree.c(1439): stop. leaf nodes are specific
INFO: dtree.c(1478): Final simple tree
|( QUESTION0_13_R 1 -1.374e+04 1.196e+02 7.273e+01
|    ( - -1.273e+04 1 0)
|    ( - -8.942e+02 1 0))
s>    ( QUESTION0_13_R 1 -1.374e+04 1.196e+02 7.273e+01
s>        ( - -1.273e+04 1 0)
s>        ( - -8.942e+02 1 0))INFO: dtree.c(1439): stop. leaf nodes are specific
INFO: dtree.c(1478): Final simple tree
|( QUESTION8 1 -8.621e+04 2.091e+02 4.470e+02
|    ( - -2.692e+03 1 0)
|    ( QUESTION0_13_R 1 -8.331e+04 1.716e+02 4.320e+02
|        ( - -1.240e+04 1 0)
|        ( QUESTION9 -1 -7.073e+04 1.693e+02 3.695e+02
|            ( - -4.454e+04 1 0)
|            ( QUESTION17 -1 -2.602e+04 1.222e+02 1.372e+02
|                ( - -2.233e+04 1 0)
|                ( - -3.566e+03 1 0)))))
s>    ( QUESTION8 1 -8.621e+04 2.091e+02 4.470e+02
s>        ( - -2.692e+03 1 0)
s>        ( QUESTION0_13_R 1 -8.331e+04 1.716e+02 4.320e+02
s>            ( - -1.240e+04 1 0)
s>            ( QUESTION9 -1 -7.073e+04 1.693e+02 3.695e+02
s>                ( - -4.454e+04 1 0)
s>                ( QUESTION17 -1 -2.602e+04 1.222e+02 1.372e+02
s>                    ( - -2.233e+04 1 0)
s>                    ( - -3.566e+03 1 0)))))INFO: dtree.c(1315): Comp split 19
INFO: dtree.c(1439): stop. leaf nodes are specific
INFO: dtree.c(1478): Final simple tree
|( QUESTION0_13_R 1 -2.896e+04 1.902e+02 1.512e+02
|    ( - -1.589e+04 1 0)
|    ( - -1.288e+04 1 0))
s>    ( QUESTION0_13_R 1 -2.896e+04 1.902e+02 1.512e+02
s>        ( - -1.589e+04 1 0)
s>        ( - -1.288e+04 1 0))INFO: dtree.c(1439): stop. leaf nodes are specific
INFO: dtree.c(1478): Final simple tree
|( QUESTION0_13_R 1 -3.244e+04 1.339e+02 1.709e+02
|    ( - -1.823e+03 1 0)
|    ( - -3.049e+04 1 0))
s>    ( QUESTION0_13_R 1 -3.244e+04 1.339e+02 1.709e+02
s>        ( - -1.823e+03 1 0)
s>        ( - -3.049e+04 1 0))INFO: dtree.c(1315): Comp split 20
INFO: dtree.c(1439): stop. leaf nodes are specific
INFO: dtree.c(1478): Final simple tree
|( QUESTION2_0_L -1 -2.257e+04 1.820e+02 1.135e+02
|    ( - -1.282e+03 1 0)
|    ( QUESTION0_13_R 1 -2.110e+04 1.546e+02 1.065e+02
|        ( - -1.131e+04 1 0)
|        ( - -9.639e+03 2 0)))
s>    ( QUESTION2_0_L -1 -2.257e+04 1.820e+02 1.135e+02
s>        ( - -1.282e+03 1 0)
s>        ( QUESTION0_13_R 1 -2.110e+04 1.546e+02 1.065e+02
s>            ( - -1.131e+04 1 0)
s>            ( - -9.639e+03 2 0)))INFO: dtree.c(1315): Comp split 21
INFO: dtree.c(1439): stop. leaf nodes are specific
INFO: dtree.c(1478): Final simple tree
|( WDBNDRY_B 0 -3.005e+04 1.792e+02 1.593e+02
|    ( - -6.263e+03 1 0)
|    ( - -2.361e+04 1 0))
s>    ( WDBNDRY_B 0 -3.005e+04 1.792e+02 1.593e+02
s>        ( - -6.263e+03 1 0)
s>        ( - -2.361e+04 1 0))INFO: dtree.c(1439): stop. leaf nodes are specific
INFO: dtree.c(1478): Final simple tree
|( QUESTION0_13_R 1 -1.599e+04 1.478e+02 8.552e+01
|    ( - -1.520e+04 1 0)
|    ( - -6.419e+02 1 0))
s>    ( QUESTION0_13_R 1 -1.599e+04 1.478e+02 8.552e+01
s>        ( - -1.520e+04 1 0)
s>        ( - -6.419e+02 1 0))INFO: dtree.c(1315): Comp split 22
INFO: dtree.c(1439): stop. leaf nodes are specific
INFO: dtree.c(1478): Final simple tree
|( QUESTION5 1 -4.741e+04 1.910e+02 2.449e+02
|    ( - -3.970e+03 1 0)
|    ( QUESTION0_20_R 1 -4.325e+04 1.878e+02 2.229e+02
|        ( QUESTION0 1 -2.164e+04 1.891e+02 1.094e+02
|            ( - -3.213e+03 1 0)
|            ( - -1.824e+04 2 0))
|        ( QUESTION0_0_R 1 -2.142e+04 9.985e+01 1.135e+02
|            ( - -7.726e+03 2 0)
|            ( - -1.359e+04 1 0))))
s>    ( QUESTION5 1 -4.741e+04 1.910e+02 2.449e+02
s>        ( - -3.970e+03 1 0)
s>        ( QUESTION0_20_R 1 -4.325e+04 1.878e+02 2.229e+02
s>            ( QUESTION0 1 -2.164e+04 1.891e+02 1.094e+02
s>                ( - -3.213e+03 1 0)
s>                ( - -1.824e+04 2 0))
s>            ( QUESTION0_0_R 1 -2.142e+04 9.985e+01 1.135e+02
s>                ( - -7.726e+03 2 0)
s>                ( - -1.359e+04 1 0))))INFO: dtree.c(1315): Comp split 23
INFO: dtree.c(1439): stop. leaf nodes are specific
INFO: dtree.c(1478): Final simple tree
|( QUESTION0_6_R 1 -4.080e+04 1.670e+02 2.066e+02
|    ( - -3.512e+03 1 0)
|    ( QUESTION0_15_R 1 -3.712e+04 1.456e+02 1.876e+02
|        ( - -1.614e+04 2 0)
|        ( QUESTION11 1 -2.083e+04 1.402e+02 1.049e+02
|            ( - -1.004e+03 1 0)
|            ( QUESTION0_3_R 1 -1.969e+04 1.213e+02 9.888e+01
|                ( - -3.205e+03 1 0)
|                ( QUESTION0_0_R 1 -1.636e+04 8.707e+01 8.296e+01
|                    ( - -1.304e+04 1 0)
|                    ( - -3.235e+03 1 0))))))
s>    ( QUESTION0_6_R 1 -4.080e+04 1.670e+02 2.066e+02
s>        ( - -3.512e+03 1 0)
s>        ( QUESTION0_15_R 1 -3.712e+04 1.456e+02 1.876e+02
s>            ( - -1.614e+04 2 0)
s>            ( QUESTION11 1 -2.083e+04 1.402e+02 1.049e+02
s>                ( - -1.004e+03 1 0)
s>                ( QUESTION0_3_R 1 -1.969e+04 1.213e+02 9.888e+01
s>                    ( - -3.205e+03 1 0)
s>                    ( QUESTION0_0_R 1 -1.636e+04 8.707e+01 8.296e+01
s>                        ( - -1.304e+04 1 0)
s>                        ( - -3.235e+03 1 0))))))INFO: dtree.c(1439): stop. leaf nodes are specific
INFO: dtree.c(1478): Final simple tree
|( WDBNDRY_B 0 -2.713e+04 1.666e+02 1.431e+02
|    ( QUESTION1 1 -2.615e+04 1.544e+02 1.381e+02
|        ( - -2.474e+04 1 0)
|        ( - -1.253e+03 1 0))
|    ( - -8.185e+02 1 0))
s>    ( WDBNDRY_B 0 -2.713e+04 1.666e+02 1.431e+02
s>        ( QUESTION1 1 -2.615e+04 1.544e+02 1.381e+02
s>            ( - -2.474e+04 1 0)
s>            ( - -1.253e+03 1 0))
s>        ( - -8.185e+02 1 0))INFO: dtree.c(1315): Comp split 24
INFO: dtree.c(1439): stop. leaf nodes are specific
INFO: dtree.c(1478): Final simple tree
|( QUESTION2_3_L -1 -3.319e+04 1.509e+02 1.770e+02
|    ( - -8.558e+03 1 0)
|    ( WDBNDRY_B 0 -2.448e+04 1.386e+02 1.310e+02
|        ( QUESTION0_13_R 1 -1.985e+04 1.142e+02 1.060e+02
|            ( - -8.670e+03 1 0)
|            ( - -1.107e+04 1 0))
|        ( - -4.490e+03 1 0)))
s>    ( QUESTION2_3_L -1 -3.319e+04 1.509e+02 1.770e+02
s>        ( - -8.558e+03 1 0)
s>        ( WDBNDRY_B 0 -2.448e+04 1.386e+02 1.310e+02
s>            ( QUESTION0_13_R 1 -1.985e+04 1.142e+02 1.060e+02
s>                ( - -8.670e+03 1 0)
s>                ( - -1.107e+04 1 0))
s>            ( - -4.490e+03 1 0)))INFO: dtree.c(1315): Comp split 25
INFO: dtree.c(1315): Comp split 26
INFO: dtree.c(1439): stop. leaf nodes are specific
INFO: dtree.c(1478): Final simple tree
|( QUESTION0_13_R 1 -4.616e+04 1.685e+02 2.334e+02
|    ( - -4.392e+04 2 0)
|    ( - -2.076e+03 1 0))
s>    ( QUESTION0_13_R 1 -4.616e+04 1.685e+02 2.334e+02
s>        ( - -4.392e+04 2 0)
s>        ( - -2.076e+03 1 0))INFO: dtree.c(1439): stop. leaf nodes are specific
INFO: dtree.c(1478): Final simple tree
|( QUESTION0 1 -4.804e+04 1.258e+02 2.430e+02
|    ( - -6.633e+02 1 0)
|    ( - -4.725e+04 2 0))
s>    ( QUESTION0 1 -4.804e+04 1.258e+02 2.430e+02
s>        ( - -6.633e+02 1 0)
s>        ( - -4.725e+04 2 0))INFO: dtree.c(1315): Comp split 27
INFO: dtree.c(1439): stop. leaf nodes are specific
INFO: dtree.c(1478): Final simple tree
|( QUESTION0_13_R 1 -8.331e+04 1.716e+02 4.320e+02
|    ( - -1.240e+04 1 0)
|    ( QUESTION9 -1 -7.073e+04 1.693e+02 3.695e+02
|        ( - -4.454e+04 1 0)
|        ( QUESTION17 -1 -2.602e+04 1.222e+02 1.372e+02
|            ( - -2.233e+04 1 0)
|            ( - -3.566e+03 1 0))))
s>    ( QUESTION0_13_R 1 -8.331e+04 1.716e+02 4.320e+02
s>        ( - -1.240e+04 1 0)
s>        ( QUESTION9 -1 -7.073e+04 1.693e+02 3.695e+02
s>            ( - -4.454e+04 1 0)
s>            ( QUESTION17 -1 -2.602e+04 1.222e+02 1.372e+02
s>                ( - -2.233e+04 1 0)
s>                ( - -3.566e+03 1 0))))INFO: dtree.c(1315): Comp split 28
INFO: dtree.c(1439): stop. leaf nodes are specific
INFO: dtree.c(1478): Final simple tree
|( QUESTION0_13_R 1 -3.033e+04 1.863e+02 1.511e+02
|    ( - -2.356e+04 1 0)
|    ( - -6.579e+03 1 0))
s>    ( QUESTION0_13_R 1 -3.033e+04 1.863e+02 1.511e+02
s>        ( - -2.356e+04 1 0)
s>        ( - -6.579e+03 1 0))INFO: dtree.c(1315): Comp split 29
INFO: dtree.c(1439): stop. leaf nodes are specific
INFO: dtree.c(1478): Final simple tree
|( QUESTION5 1 -4.399e+04 1.847e+02 2.279e+02
|    ( - -3.970e+03 1 0)
|    ( QUESTION0_20_R 1 -3.983e+04 1.754e+02 2.059e+02
|        ( - -1.824e+04 2 0)
|        ( QUESTION0_0_R 1 -2.142e+04 9.985e+01 1.135e+02
|            ( - -7.726e+03 2 0)
|            ( - -1.359e+04 1 0))))
s>    ( QUESTION5 1 -4.399e+04 1.847e+02 2.279e+02
s>        ( - -3.970e+03 1 0)
s>        ( QUESTION0_20_R 1 -3.983e+04 1.754e+02 2.059e+02
s>            ( - -1.824e+04 2 0)
s>            ( QUESTION0_0_R 1 -2.142e+04 9.985e+01 1.135e+02
s>                ( - -7.726e+03 2 0)
s>                ( - -1.359e+04 1 0))))INFO: dtree.c(1315): Comp split 30
INFO: dtree.c(1315): Comp split 31
INFO: dtree.c(1315): Comp split 32
INFO: dtree.c(1439): stop. leaf nodes are specific
INFO: dtree.c(1478): Final simple tree
|( QUESTION0_13_R 1 -3.858e+04 1.557e+02 1.997e+02
|    ( - -1.240e+04 1 0)
|    ( QUESTION17 -1 -2.602e+04 1.222e+02 1.372e+02
|        ( - -2.233e+04 1 0)
|        ( - -3.566e+03 1 0)))
s>    ( QUESTION0_13_R 1 -3.858e+04 1.557e+02 1.997e+02
s>        ( - -1.240e+04 1 0)
s>        ( QUESTION17 -1 -2.602e+04 1.222e+02 1.372e+02
s>            ( - -2.233e+04 1 0)
s>            ( - -3.566e+03 1 0)))INFO: dtree.c(1315): Comp split 33
INFO: dtree.c(1439): stop. leaf nodes are specific
INFO: dtree.c(1478): Final simple tree
|( QUESTION0_20_R 1 -3.983e+04 1.754e+02 2.059e+02
|    ( - -1.824e+04 2 0)
|    ( QUESTION0_0_R 1 -2.142e+04 9.985e+01 1.135e+02
|        ( - -7.726e+03 2 0)
|        ( - -1.359e+04 1 0)))
s>    ( QUESTION0_20_R 1 -3.983e+04 1.754e+02 2.059e+02
s>        ( - -1.824e+04 2 0)
s>        ( QUESTION0_0_R 1 -2.142e+04 9.985e+01 1.135e+02
s>            ( - -7.726e+03 2 0)
s>            ( - -1.359e+04 1 0)))INFO: dtree.c(1315): Comp split 34
INFO: dtree.c(1439): stop. leaf nodes are specific
INFO: dtree.c(1478): Final simple tree
|( QUESTION0_13_R 1 -2.110e+04 1.546e+02 1.065e+02
|    ( - -1.131e+04 1 0)
|    ( - -9.639e+03 2 0))
s>    ( QUESTION0_13_R 1 -2.110e+04 1.546e+02 1.065e+02
s>        ( - -1.131e+04 1 0)
s>        ( - -9.639e+03 2 0))INFO: dtree.c(1315): Comp split 35
INFO: dtree.c(1315): Comp split 36
INFO: dtree.c(1439): stop. leaf nodes are specific
INFO: dtree.c(1478): Final simple tree
|( QUESTION0_0_R 1 -2.142e+04 9.985e+01 1.135e+02
|    ( - -7.726e+03 2 0)
|    ( - -1.359e+04 1 0))
s>    ( QUESTION0_0_R 1 -2.142e+04 9.985e+01 1.135e+02
s>        ( - -7.726e+03 2 0)
s>        ( - -1.359e+04 1 0))INFO: dtree.c(1315): Comp split 37
INFO: dtree.c(1315): Comp split 38
INFO: dtree.c(1315): Comp split 39
INFO: dtree.c(1439): stop. leaf nodes are specific
INFO: dtree.c(1478): Final simple tree
|( QUESTION0_15_R 1 -3.712e+04 1.456e+02 1.876e+02
|    ( - -1.614e+04 2 0)
|    ( QUESTION11 1 -2.083e+04 1.402e+02 1.049e+02
|        ( - -1.004e+03 1 0)
|        ( QUESTION0_3_R 1 -1.969e+04 1.213e+02 9.888e+01
|            ( - -3.205e+03 1 0)
|            ( QUESTION0_0_R 1 -1.636e+04 8.707e+01 8.296e+01
|                ( - -1.304e+04 1 0)
|                ( - -3.235e+03 1 0)))))
s>    ( QUESTION0_15_R 1 -3.712e+04 1.456e+02 1.876e+02
s>        ( - -1.614e+04 2 0)
s>        ( QUESTION11 1 -2.083e+04 1.402e+02 1.049e+02
s>            ( - -1.004e+03 1 0)
s>            ( QUESTION0_3_R 1 -1.969e+04 1.213e+02 9.888e+01
s>                ( - -3.205e+03 1 0)
s>                ( QUESTION0_0_R 1 -1.636e+04 8.707e+01 8.296e+01
s>                    ( - -1.304e+04 1 0)
s>                    ( - -3.235e+03 1 0)))))INFO: dtree.c(1315): Comp split 40
INFO: dtree.c(1439): stop. leaf nodes are specific
INFO: dtree.c(1478): Final simple tree
|( QUESTION1 1 -2.615e+04 1.544e+02 1.381e+02
|    ( - -2.474e+04 1 0)
|    ( - -1.253e+03 1 0))
s>    ( QUESTION1 1 -2.615e+04 1.544e+02 1.381e+02
s>        ( - -2.474e+04 1 0)
s>        ( - -1.253e+03 1 0))INFO: dtree.c(1315): Comp split 41
INFO: dtree.c(1315): Comp split 42
INFO: dtree.c(1439): stop. leaf nodes are specific
INFO: dtree.c(1478): Final simple tree
|( QUESTION17 -1 -2.602e+04 1.222e+02 1.372e+02
|    ( - -2.233e+04 1 0)
|    ( - -3.566e+03 1 0))
s>    ( QUESTION17 -1 -2.602e+04 1.222e+02 1.372e+02
s>        ( - -2.233e+04 1 0)
s>        ( - -3.566e+03 1 0))INFO: dtree.c(1315): Comp split 43
INFO: dtree.c(1315): Comp split 44
INFO: dtree.c(1315): Comp split 45
INFO: dtree.c(1439): stop. leaf nodes are specific
INFO: dtree.c(1478): Final simple tree
|( WDBNDRY_B 0 -2.448e+04 1.386e+02 1.310e+02
|    ( QUESTION0_13_R 1 -1.985e+04 1.142e+02 1.060e+02
|        ( - -8.670e+03 1 0)
|        ( - -1.107e+04 1 0))
|    ( - -4.490e+03 1 0))
s>    ( WDBNDRY_B 0 -2.448e+04 1.386e+02 1.310e+02
s>        ( QUESTION0_13_R 1 -1.985e+04 1.142e+02 1.060e+02
s>            ( - -8.670e+03 1 0)
s>            ( - -1.107e+04 1 0))
s>        ( - -4.490e+03 1 0))INFO: dtree.c(1315): Comp split 46
INFO: dtree.c(1315): Comp split 47
INFO: dtree.c(1439): stop. leaf nodes are specific
INFO: dtree.c(1478): Final simple tree
|( QUESTION11 1 -2.083e+04 1.402e+02 1.049e+02
|    ( - -1.004e+03 1 0)
|    ( QUESTION0_3_R 1 -1.969e+04 1.213e+02 9.888e+01
|        ( - -3.205e+03 1 0)
|        ( QUESTION0_0_R 1 -1.636e+04 8.707e+01 8.296e+01
|            ( - -1.304e+04 1 0)
|            ( - -3.235e+03 1 0))))
s>    ( QUESTION11 1 -2.083e+04 1.402e+02 1.049e+02
s>        ( - -1.004e+03 1 0)
s>        ( QUESTION0_3_R 1 -1.969e+04 1.213e+02 9.888e+01
s>            ( - -3.205e+03 1 0)
s>            ( QUESTION0_0_R 1 -1.636e+04 8.707e+01 8.296e+01
s>                ( - -1.304e+04 1 0)
s>                ( - -3.235e+03 1 0))))INFO: dtree.c(1315): Comp split 48
INFO: dtree.c(1439): stop. leaf nodes are specific
INFO: dtree.c(1478): Final simple tree
|( QUESTION0_3_R 1 -1.969e+04 1.213e+02 9.888e+01
|    ( - -3.205e+03 1 0)
|    ( QUESTION0_0_R 1 -1.636e+04 8.707e+01 8.296e+01
|        ( - -1.304e+04 1 0)
|        ( - -3.235e+03 1 0)))
s>    ( QUESTION0_3_R 1 -1.969e+04 1.213e+02 9.888e+01
s>        ( - -3.205e+03 1 0)
s>        ( QUESTION0_0_R 1 -1.636e+04 8.707e+01 8.296e+01
s>            ( - -1.304e+04 1 0)
s>            ( - -3.235e+03 1 0)))INFO: dtree.c(1315): Comp split 49
INFO: dtree.c(1439): stop. leaf nodes are specific
INFO: dtree.c(1478): Final simple tree
|( QUESTION0_13_R 1 -1.985e+04 1.142e+02 1.060e+02
|    ( - -8.670e+03 1 0)
|    ( - -1.107e+04 1 0))
s>    ( QUESTION0_13_R 1 -1.985e+04 1.142e+02 1.060e+02
s>        ( - -8.670e+03 1 0)
s>        ( - -1.107e+04 1 0))INFO: dtree.c(1315): Comp split 50
INFO: dtree.c(1315): Comp split 51
INFO: dtree.c(1315): Comp split 52
INFO: dtree.c(1315): Comp split 53
INFO: dtree.c(1439): stop. leaf nodes are specific
INFO: dtree.c(1478): Final simple tree
|( QUESTION0_0_R 1 -1.636e+04 8.707e+01 8.296e+01
|    ( - -1.304e+04 1 0)
|    ( - -3.235e+03 1 0))
s>    ( QUESTION0_0_R 1 -1.636e+04 8.707e+01 8.296e+01
s>        ( - -1.304e+04 1 0)
s>        ( - -3.235e+03 1 0))INFO: dtree.c(1315): Comp split 54
INFO: dtree.c(1315): Comp split 55
INFO: dtree.c(1315): Comp split 56
INFO: dtree.c(1315): Comp split 57
INFO: dtree.c(1315): Comp split 58
INFO: dtree.c(1315): Comp split 59
INFO: dtree.c(1318): stop. leaf nodes are specific
Wed Dec 20 23:52:18 2017
