Current configuration:
[NAME]		[DEFLT]	[VALUE]
-allphones	no	no
-cntthresh	0.00001	1.000000e-05
-csplitmax	100	2000
-csplitmin	1	1
-csplitthr	8e-4	0.000000e+00
-example	no	no
-fullvar	no	no
-help		no	no
-meanfn			/home/alex/repos/speech/an4/model_parameters/an4.cd_cont_untied/means
-mixwfn			/home/alex/repos/speech/an4/model_parameters/an4.cd_cont_untied/mixture_weights
-moddeffn		/home/alex/repos/speech/an4/model_architecture/an4.untied.mdef
-mwfloor	1e-4	1.000000e-08
-phone			HH
-psetfn			/home/alex/repos/speech/an4/model_architecture/an4.tree_questions
-ssplitmax	5	7
-ssplitmin	1	1
-ssplitthr	8e-4	0.000000e+00
-state			1
-stwt			1.0,0.05,0.0,
-treefn			/home/alex/repos/speech/an4/trees/an4.unpruned/HH-1.dtree
-ts2cbfn	.semi.	.cont.
-varfloor	0.00001	1.000000e-05
-varfn			/home/alex/repos/speech/an4/model_parameters/an4.cd_cont_untied/variances

INFO: main.c(223): Reading: /home/alex/repos/speech/an4/model_architecture/an4.untied.mdef
INFO: model_def_io.c(573): Model definition info:
INFO: model_def_io.c(574): 1618 total models defined (34 base, 1584 tri)
INFO: model_def_io.c(575): 6472 total states
INFO: model_def_io.c(576): 4854 total tied states
INFO: model_def_io.c(577): 102 total tied CI states
INFO: model_def_io.c(578): 34 total tied transition matrices
INFO: model_def_io.c(579): 4 max state/model
INFO: model_def_io.c(580): 4 min state/model
INFO: main.c(242): Building trees for [HH AH AE b] through [HH V W b]
INFO: main.c(269): Covering states |[1746 1808]| == 63
INFO: main.c(275): Reading: /home/alex/repos/speech/an4/model_parameters/an4.cd_cont_untied/mixture_weights
INFO: s3mixw_io.c(173): Read /home/alex/repos/speech/an4/model_parameters/an4.cd_cont_untied/mixture_weights [63x1x1 array]
INFO: main.c(311): 21 of 21 models have observation count greater than 0.000010
INFO: main.c(95): nrm stwt: 0.045 0.909 0.045 
INFO: s3gau_io.c(169): Read /home/alex/repos/speech/an4/model_parameters/an4.cd_cont_untied/means [4854x1x1 array]
INFO: s3gau_io.c(169): Read /home/alex/repos/speech/an4/model_parameters/an4.cd_cont_untied/variances [4854x1x1 array]
INFO: main.c(549): Reading: /home/alex/repos/speech/an4/model_architecture/an4.tree_questions
INFO: main.c(588): 180 total simple questions (172 phone; 8 word bndry)
INFO: main.c(590): 42 Left Only questions, and 42 Right Only questions
INFO: dtree.c(1478): Final simple tree
|( QUESTION2_13_L -1 -1.475e+05 2.068e+03 5.681e+02
|    ( QUESTION2_14_L -1 -6.435e+04 1.137e+03 2.656e+02
|        ( QUESTION0_13_R 1 -2.349e+04 4.882e+02 1.038e+02
|            ( - 2.419e+02 1 0)
|            ( - -2.324e+04 2 0))
|        ( QUESTION0 -1 -3.972e+04 7.091e+02 1.617e+02
|            ( - -1.746e+04 3 0 QUESTION2 -1 2.825e+02 7.335e+01)
|            ( QUESTION0_13_R 1 -2.155e+04 4.967e+02 8.838e+01
|                ( - 1.263e+01 1 0)
|                ( - -2.107e+04 2 0))))
|    ( SILENCE -1 -8.110e+04 6.343e+02 3.026e+02
|        ( QUESTION0_0_R 1 -5.410e+04 3.285e+02 2.003e+02
|            ( - -4.899e+03 1 0)
|            ( - -4.887e+04 1 0))
|        ( - -2.636e+04 10 0 QUESTION16 -1 2.735e+02 1.023e+02)))
s>    ( QUESTION2_13_L -1 -1.475e+05 2.068e+03 5.681e+02
s>        ( QUESTION2_14_L -1 -6.435e+04 1.137e+03 2.656e+02
s>            ( QUESTION0_13_R 1 -2.349e+04 4.882e+02 1.038e+02
s>                ( - 2.419e+02 1 0)
s>                ( - -2.324e+04 2 0))
s>            ( QUESTION0 -1 -3.972e+04 7.091e+02 1.617e+02
s>                ( - -1.746e+04 3 0 QUESTION2 -1 2.825e+02 7.335e+01)
s>                ( QUESTION0_13_R 1 -2.155e+04 4.967e+02 8.838e+01
s>                    ( - 1.263e+01 1 0)
s>                    ( - -2.107e+04 2 0))))
s>        ( SILENCE -1 -8.110e+04 6.343e+02 3.026e+02
s>            ( QUESTION0_0_R 1 -5.410e+04 3.285e+02 2.003e+02
s>                ( - -4.899e+03 1 0)
s>                ( - -4.887e+04 1 0))
s>            ( - -2.636e+04 10 0 QUESTION16 -1 2.735e+02 1.023e+02)))INFO: dtree.c(1315): Comp split 0
INFO: dtree.c(1439): stop. leaf nodes are specific
INFO: dtree.c(1478): Final simple tree
|( QUESTION2_14_L -1 -4.546e+04 1.145e+03 1.902e+02
|    ( - -2.324e+04 2 0)
|    ( - -2.107e+04 2 0))
s>    ( QUESTION2_14_L -1 -4.546e+04 1.145e+03 1.902e+02
s>        ( - -2.324e+04 2 0)
s>        ( - -2.107e+04 2 0))INFO: dtree.c(1478): Final simple tree
|( SILENCE -1 -9.984e+04 8.924e+02 3.779e+02
|    ( QUESTION0_0_R 1 -5.410e+04 3.285e+02 2.003e+02
|        ( - -4.899e+03 1 0)
|        ( - -4.887e+04 1 0))
|    ( QUESTION2_14_L -1 -4.485e+04 4.750e+02 1.776e+02
|        ( - 2.419e+02 1 0)
|        ( QUESTION2_7_L -1 -4.462e+04 3.858e+02 1.766e+02
|            ( QUESTION16 -1 -1.799e+04 2.738e+02 6.996e+01
|                ( - -6.190e+03 2 0 QUESTION0_13_R 1 1.304e+02 2.743e+01)
|                ( - -1.152e+04 5 0 QUESTION0 -1 1.610e+02 4.252e+01))
|            ( QUESTION2_18_L -1 -2.625e+04 2.778e+02 1.067e+02
|                ( - -8.547e+03 1 0)
|                ( QUESTION2_3_L -1 -1.742e+04 2.342e+02 7.071e+01
|                    ( - -4.783e+03 2 0 QUESTION0_13_R 1 1.324e+02 2.000e+01)
|                    ( - -1.241e+04 4 0 QUESTION0 -1 4.516e+02 5.071e+01))))))
s>    ( SILENCE -1 -9.984e+04 8.924e+02 3.779e+02
s>        ( QUESTION0_0_R 1 -5.410e+04 3.285e+02 2.003e+02
s>            ( - -4.899e+03 1 0)
s>            ( - -4.887e+04 1 0))
s>        ( QUESTION2_14_L -1 -4.485e+04 4.750e+02 1.776e+02
s>            ( - 2.419e+02 1 0)
s>            ( QUESTION2_7_L -1 -4.462e+04 3.858e+02 1.766e+02
s>                ( QUESTION16 -1 -1.799e+04 2.738e+02 6.996e+01
s>                    ( - -6.190e+03 2 0 QUESTION0_13_R 1 1.304e+02 2.743e+01)
s>                    ( - -1.152e+04 5 0 QUESTION0 -1 1.610e+02 4.252e+01))
s>                ( QUESTION2_18_L -1 -2.625e+04 2.778e+02 1.067e+02
s>                    ( - -8.547e+03 1 0)
s>                    ( QUESTION2_3_L -1 -1.742e+04 2.342e+02 7.071e+01
s>                        ( - -4.783e+03 2 0 QUESTION0_13_R 1 1.324e+02 2.000e+01)
s>                        ( - -1.241e+04 4 0 QUESTION0 -1 4.516e+02 5.071e+01))))))INFO: dtree.c(1315): Comp split 1
INFO: dtree.c(1315): Comp split 2
INFO: dtree.c(1478): Final simple tree
|( QUESTION2_14_L -1 -4.997e+04 4.753e+02 1.963e+02
|    ( - 2.419e+02 1 0)
|    ( QUESTION2_18_L -1 -4.973e+04 3.775e+02 1.953e+02
|        ( - -8.547e+03 1 0)
|        ( QUESTION2_12_L -1 -4.081e+04 2.980e+02 1.593e+02
|            ( - -1.152e+04 5 0 QUESTION0 -1 1.610e+02 4.252e+01)
|            ( QUESTION0 -1 -2.899e+04 3.217e+02 1.168e+02
|                ( QUESTION16 -1 -1.881e+04 2.059e+02 7.915e+01
|                    ( - -6.190e+03 2 0 QUESTION0_13_R 1 1.304e+02 2.743e+01)
|                    ( - -1.242e+04 4 0 QUESTION1 -1 1.623e+02 5.171e+01))
|                ( QUESTION0_13_R 1 -9.854e+03 4.564e+02 3.768e+01
|                    ( - 1.263e+01 1 0)
|                    ( SILENCE -1 -9.410e+03 1.819e+02 3.668e+01
|                        ( - -4.899e+03 1 0)
|                        ( - -4.330e+03 1 0)))))))
s>    ( QUESTION2_14_L -1 -4.997e+04 4.753e+02 1.963e+02
s>        ( - 2.419e+02 1 0)
s>        ( QUESTION2_18_L -1 -4.973e+04 3.775e+02 1.953e+02
s>            ( - -8.547e+03 1 0)
s>            ( QUESTION2_12_L -1 -4.081e+04 2.980e+02 1.593e+02
s>                ( - -1.152e+04 5 0 QUESTION0 -1 1.610e+02 4.252e+01)
s>                ( QUESTION0 -1 -2.899e+04 3.217e+02 1.168e+02
s>                    ( QUESTION16 -1 -1.881e+04 2.059e+02 7.915e+01
s>                        ( - -6.190e+03 2 0 QUESTION0_13_R 1 1.304e+02 2.743e+01)
s>                        ( - -1.242e+04 4 0 QUESTION1 -1 1.623e+02 5.171e+01))
s>                    ( QUESTION0_13_R 1 -9.854e+03 4.564e+02 3.768e+01
s>                        ( - 1.263e+01 1 0)
s>                        ( SILENCE -1 -9.410e+03 1.819e+02 3.668e+01
s>                            ( - -4.899e+03 1 0)
s>                            ( - -4.330e+03 1 0)))))))INFO: dtree.c(1315): Comp split 3
INFO: dtree.c(1478): Final simple tree
|( QUESTION2_18_L -1 -4.973e+04 3.775e+02 1.953e+02
|    ( - -8.547e+03 1 0)
|    ( QUESTION2_12_L -1 -4.081e+04 2.980e+02 1.593e+02
|        ( - -1.152e+04 5 0 QUESTION0 -1 1.610e+02 4.252e+01)
|        ( QUESTION0 -1 -2.899e+04 3.217e+02 1.168e+02
|            ( QUESTION16 -1 -1.881e+04 2.059e+02 7.915e+01
|                ( - -6.190e+03 2 0 QUESTION0_13_R 1 1.304e+02 2.743e+01)
|                ( QUESTION1 -1 -1.242e+04 1.623e+02 5.171e+01
|                    ( - -9.081e+03 3 0 QUESTION0_16_R 1 1.301e+02 3.941e+01)
|                    ( - -3.175e+03 1 0)))
|            ( QUESTION0_13_R 1 -9.854e+03 4.564e+02 3.768e+01
|                ( - 1.263e+01 1 0)
|                ( SILENCE -1 -9.410e+03 1.819e+02 3.668e+01
|                    ( - -4.899e+03 1 0)
|                    ( - -4.330e+03 1 0))))))
s>    ( QUESTION2_18_L -1 -4.973e+04 3.775e+02 1.953e+02
s>        ( - -8.547e+03 1 0)
s>        ( QUESTION2_12_L -1 -4.081e+04 2.980e+02 1.593e+02
s>            ( - -1.152e+04 5 0 QUESTION0 -1 1.610e+02 4.252e+01)
s>            ( QUESTION0 -1 -2.899e+04 3.217e+02 1.168e+02
s>                ( QUESTION16 -1 -1.881e+04 2.059e+02 7.915e+01
s>                    ( - -6.190e+03 2 0 QUESTION0_13_R 1 1.304e+02 2.743e+01)
s>                    ( QUESTION1 -1 -1.242e+04 1.623e+02 5.171e+01
s>                        ( - -9.081e+03 3 0 QUESTION0_16_R 1 1.301e+02 3.941e+01)
s>                        ( - -3.175e+03 1 0)))
s>                ( QUESTION0_13_R 1 -9.854e+03 4.564e+02 3.768e+01
s>                    ( - 1.263e+01 1 0)
s>                    ( SILENCE -1 -9.410e+03 1.819e+02 3.668e+01
s>                        ( - -4.899e+03 1 0)
s>                        ( - -4.330e+03 1 0))))))INFO: dtree.c(1315): Comp split 4
INFO: dtree.c(1478): Final simple tree
|( QUESTION2_18_L -1 -4.929e+04 3.783e+02 1.943e+02
|    ( - -8.547e+03 1 0)
|    ( QUESTION2_12_L -1 -4.037e+04 2.948e+02 1.583e+02
|        ( QUESTION0 -1 -1.152e+04 1.610e+02 4.252e+01
|            ( - -5.799e+03 3 0 QUESTION0_13_R 1 1.248e+02 2.200e+01)
|            ( - -5.562e+03 2 0 QUESTION0_13_R 1 4.528e+02 2.052e+01))
|        ( QUESTION0 -1 -2.855e+04 3.244e+02 1.158e+02
|            ( QUESTION16 -1 -1.881e+04 2.059e+02 7.915e+01
|                ( - -6.190e+03 2 0 QUESTION0_13_R 1 1.304e+02 2.743e+01)
|                ( QUESTION1 -1 -1.242e+04 1.623e+02 5.171e+01
|                    ( - -9.081e+03 3 0 QUESTION0_16_R 1 1.301e+02 3.941e+01)
|                    ( - -3.175e+03 1 0)))
|            ( SILENCE -1 -9.410e+03 1.819e+02 3.668e+01
|                ( - -4.899e+03 1 0)
|                ( - -4.330e+03 1 0)))))
s>    ( QUESTION2_18_L -1 -4.929e+04 3.783e+02 1.943e+02
s>        ( - -8.547e+03 1 0)
s>        ( QUESTION2_12_L -1 -4.037e+04 2.948e+02 1.583e+02
s>            ( QUESTION0 -1 -1.152e+04 1.610e+02 4.252e+01
s>                ( - -5.799e+03 3 0 QUESTION0_13_R 1 1.248e+02 2.200e+01)
s>                ( - -5.562e+03 2 0 QUESTION0_13_R 1 4.528e+02 2.052e+01))
s>            ( QUESTION0 -1 -2.855e+04 3.244e+02 1.158e+02
s>                ( QUESTION16 -1 -1.881e+04 2.059e+02 7.915e+01
s>                    ( - -6.190e+03 2 0 QUESTION0_13_R 1 1.304e+02 2.743e+01)
s>                    ( QUESTION1 -1 -1.242e+04 1.623e+02 5.171e+01
s>                        ( - -9.081e+03 3 0 QUESTION0_16_R 1 1.301e+02 3.941e+01)
s>                        ( - -3.175e+03 1 0)))
s>                ( SILENCE -1 -9.410e+03 1.819e+02 3.668e+01
s>                    ( - -4.899e+03 1 0)
s>                    ( - -4.330e+03 1 0)))))INFO: dtree.c(1315): Comp split 5
INFO: dtree.c(1439): stop. leaf nodes are specific
INFO: dtree.c(1478): Final simple tree
|( QUESTION2_18_L -1 -2.126e+04 2.990e+02 8.765e+01
|    ( - -8.547e+03 1 0)
|    ( QUESTION1 -1 -1.242e+04 1.623e+02 5.171e+01
|        ( QUESTION0_16_R 1 -9.081e+03 1.301e+02 3.941e+01
|            ( - -3.207e+02 1 0)
|            ( QUESTION0_13_R 1 -8.630e+03 1.324e+02 3.741e+01
|                ( - -9.925e+02 1 0)
|                ( - -7.505e+03 1 0)))
|        ( - -3.175e+03 1 0)))
s>    ( QUESTION2_18_L -1 -2.126e+04 2.990e+02 8.765e+01
s>        ( - -8.547e+03 1 0)
s>        ( QUESTION1 -1 -1.242e+04 1.623e+02 5.171e+01
s>            ( QUESTION0_16_R 1 -9.081e+03 1.301e+02 3.941e+01
s>                ( - -3.207e+02 1 0)
s>                ( QUESTION0_13_R 1 -8.630e+03 1.324e+02 3.741e+01
s>                    ( - -9.925e+02 1 0)
s>                    ( - -7.505e+03 1 0)))
s>            ( - -3.175e+03 1 0)))INFO: dtree.c(1478): Final simple tree
|( QUESTION16 -1 -2.763e+04 2.933e+02 1.066e+02
|    ( QUESTION0_13_R 1 -6.190e+03 1.304e+02 2.743e+01
|        ( - -3.459e+02 1 0)
|        ( - -5.713e+03 1 0))
|    ( SILENCE -1 -2.114e+04 2.151e+02 7.920e+01
|        ( - -4.899e+03 1 0)
|        ( QUESTION2_0_L -1 -1.603e+04 1.778e+02 6.052e+01
|            ( - -4.330e+03 1 0)
|            ( QUESTION0 -1 -1.152e+04 1.610e+02 4.252e+01
|                ( QUESTION0_13_R 1 -5.799e+03 1.248e+02 2.200e+01
|                    ( - -1.068e+03 1 0)
|                    ( - -4.606e+03 2 0 QUESTION14 -1 1.269e+02 1.800e+01))
|                ( QUESTION0_13_R 1 -5.562e+03 4.528e+02 2.052e+01
|                    ( - 1.975e+02 1 0)
|                    ( - -5.306e+03 1 0))))))
s>    ( QUESTION16 -1 -2.763e+04 2.933e+02 1.066e+02
s>        ( QUESTION0_13_R 1 -6.190e+03 1.304e+02 2.743e+01
s>            ( - -3.459e+02 1 0)
s>            ( - -5.713e+03 1 0))
s>        ( SILENCE -1 -2.114e+04 2.151e+02 7.920e+01
s>            ( - -4.899e+03 1 0)
s>            ( QUESTION2_0_L -1 -1.603e+04 1.778e+02 6.052e+01
s>                ( - -4.330e+03 1 0)
s>                ( QUESTION0 -1 -1.152e+04 1.610e+02 4.252e+01
s>                    ( QUESTION0_13_R 1 -5.799e+03 1.248e+02 2.200e+01
s>                        ( - -1.068e+03 1 0)
s>                        ( - -4.606e+03 2 0 QUESTION14 -1 1.269e+02 1.800e+01))
s>                    ( QUESTION0_13_R 1 -5.562e+03 4.528e+02 2.052e+01
s>                        ( - 1.975e+02 1 0)
s>                        ( - -5.306e+03 1 0))))))INFO: dtree.c(1315): Comp split 6
INFO: dtree.c(1478): Final simple tree
|( QUESTION16 -1 -2.737e+04 2.947e+02 1.056e+02
|    ( QUESTION0_13_R 1 -6.190e+03 1.304e+02 2.743e+01
|        ( - -3.459e+02 1 0)
|        ( - -5.713e+03 1 0))
|    ( SILENCE -1 -2.089e+04 2.140e+02 7.820e+01
|        ( - -4.899e+03 1 0)
|        ( QUESTION2_0_L -1 -1.577e+04 1.770e+02 5.952e+01
|            ( - -4.330e+03 1 0)
|            ( QUESTION0 -1 -1.127e+04 1.626e+02 4.152e+01
|                ( QUESTION0_13_R 1 -5.799e+03 1.248e+02 2.200e+01
|                    ( - -1.068e+03 1 0)
|                    ( QUESTION14 -1 -4.606e+03 1.269e+02 1.800e+01
|                        ( - -3.641e+03 1 0)
|                        ( - -8.389e+02 1 0)))
|                ( - -5.306e+03 1 0)))))
s>    ( QUESTION16 -1 -2.737e+04 2.947e+02 1.056e+02
s>        ( QUESTION0_13_R 1 -6.190e+03 1.304e+02 2.743e+01
s>            ( - -3.459e+02 1 0)
s>            ( - -5.713e+03 1 0))
s>        ( SILENCE -1 -2.089e+04 2.140e+02 7.820e+01
s>            ( - -4.899e+03 1 0)
s>            ( QUESTION2_0_L -1 -1.577e+04 1.770e+02 5.952e+01
s>                ( - -4.330e+03 1 0)
s>                ( QUESTION0 -1 -1.127e+04 1.626e+02 4.152e+01
s>                    ( QUESTION0_13_R 1 -5.799e+03 1.248e+02 2.200e+01
s>                        ( - -1.068e+03 1 0)
s>                        ( QUESTION14 -1 -4.606e+03 1.269e+02 1.800e+01
s>                            ( - -3.641e+03 1 0)
s>                            ( - -8.389e+02 1 0)))
s>                    ( - -5.306e+03 1 0)))))INFO: dtree.c(1315): Comp split 7
INFO: dtree.c(1439): stop. leaf nodes are specific
INFO: dtree.c(1478): Final simple tree
|( SILENCE -1 -2.136e+04 2.171e+02 8.020e+01
|    ( - -4.899e+03 1 0)
|    ( QUESTION2_0_L -1 -1.624e+04 1.757e+02 6.152e+01
|        ( - -4.330e+03 1 0)
|        ( QUESTION9 -1 -1.174e+04 1.585e+02 4.352e+01
|            ( QUESTION0_13_R 1 -5.799e+03 1.248e+02 2.200e+01
|                ( - -1.068e+03 1 0)
|                ( QUESTION14 -1 -4.606e+03 1.269e+02 1.800e+01
|                    ( - -3.641e+03 1 0)
|                    ( - -8.389e+02 1 0)))
|            ( QUESTION0_13_R 1 -5.779e+03 1.271e+02 2.152e+01
|                ( - -3.459e+02 1 0)
|                ( - -5.306e+03 1 0)))))
s>    ( SILENCE -1 -2.136e+04 2.171e+02 8.020e+01
s>        ( - -4.899e+03 1 0)
s>        ( QUESTION2_0_L -1 -1.624e+04 1.757e+02 6.152e+01
s>            ( - -4.330e+03 1 0)
s>            ( QUESTION9 -1 -1.174e+04 1.585e+02 4.352e+01
s>                ( QUESTION0_13_R 1 -5.799e+03 1.248e+02 2.200e+01
s>                    ( - -1.068e+03 1 0)
s>                    ( QUESTION14 -1 -4.606e+03 1.269e+02 1.800e+01
s>                        ( - -3.641e+03 1 0)
s>                        ( - -8.389e+02 1 0)))
s>                ( QUESTION0_13_R 1 -5.779e+03 1.271e+02 2.152e+01
s>                    ( - -3.459e+02 1 0)
s>                    ( - -5.306e+03 1 0)))))INFO: dtree.c(1315): Comp split 8
INFO: dtree.c(1439): stop. leaf nodes are specific
INFO: dtree.c(1478): Final simple tree
|( QUESTION1 -1 -1.242e+04 1.623e+02 5.171e+01
|    ( QUESTION0_16_R 1 -9.081e+03 1.301e+02 3.941e+01
|        ( - -3.207e+02 1 0)
|        ( QUESTION0_13_R 1 -8.630e+03 1.324e+02 3.741e+01
|            ( - -9.925e+02 1 0)
|            ( - -7.505e+03 1 0)))
|    ( - -3.175e+03 1 0))
s>    ( QUESTION1 -1 -1.242e+04 1.623e+02 5.171e+01
s>        ( QUESTION0_16_R 1 -9.081e+03 1.301e+02 3.941e+01
s>            ( - -3.207e+02 1 0)
s>            ( QUESTION0_13_R 1 -8.630e+03 1.324e+02 3.741e+01
s>                ( - -9.925e+02 1 0)
s>                ( - -7.505e+03 1 0)))
s>        ( - -3.175e+03 1 0))INFO: dtree.c(1315): Comp split 9
INFO: dtree.c(1439): stop. leaf nodes are specific
INFO: dtree.c(1478): Final simple tree
|( QUESTION9 -1 -9.567e+03 1.472e+02 3.652e+01
|    ( - -3.641e+03 1 0)
|    ( QUESTION0_13_R 1 -5.779e+03 1.271e+02 2.152e+01
|        ( - -3.459e+02 1 0)
|        ( - -5.306e+03 1 0)))
s>    ( QUESTION9 -1 -9.567e+03 1.472e+02 3.652e+01
s>        ( - -3.641e+03 1 0)
s>        ( QUESTION0_13_R 1 -5.779e+03 1.271e+02 2.152e+01
s>            ( - -3.459e+02 1 0)
s>            ( - -5.306e+03 1 0)))INFO: dtree.c(1439): stop. leaf nodes are specific
INFO: dtree.c(1478): Final simple tree
|( QUESTION20 -1 -1.155e+04 1.716e+02 4.368e+01
|    ( - -4.330e+03 1 0)
|    ( QUESTION0_13_R 1 -7.050e+03 1.269e+02 2.568e+01
|        ( - -1.068e+03 1 0)
|        ( SILENCE -1 -5.855e+03 1.172e+02 2.168e+01
|            ( - -4.899e+03 1 0)
|            ( - -8.389e+02 1 0))))
s>    ( QUESTION20 -1 -1.155e+04 1.716e+02 4.368e+01
s>        ( - -4.330e+03 1 0)
s>        ( QUESTION0_13_R 1 -7.050e+03 1.269e+02 2.568e+01
s>            ( - -1.068e+03 1 0)
s>            ( SILENCE -1 -5.855e+03 1.172e+02 2.168e+01
s>                ( - -4.899e+03 1 0)
s>                ( - -8.389e+02 1 0))))INFO: dtree.c(1315): Comp split 10
INFO: dtree.c(1439): stop. leaf nodes are specific
INFO: dtree.c(1478): Final simple tree
|( SILENCE -1 -5.855e+03 1.172e+02 2.168e+01
|    ( - -4.899e+03 1 0)
|    ( - -8.389e+02 1 0))
s>    ( SILENCE -1 -5.855e+03 1.172e+02 2.168e+01
s>        ( - -4.899e+03 1 0)
s>        ( - -8.389e+02 1 0))INFO: dtree.c(1439): stop. leaf nodes are specific
INFO: dtree.c(1478): Final simple tree
|( QUESTION0_13_R 1 -5.517e+03 1.189e+02 2.200e+01
|    ( - -1.068e+03 1 0)
|    ( - -4.330e+03 1 0))
s>    ( QUESTION0_13_R 1 -5.517e+03 1.189e+02 2.200e+01
s>        ( - -1.068e+03 1 0)
s>        ( - -4.330e+03 1 0))INFO: dtree.c(1315): Comp split 11
INFO: dtree.c(1439): stop. leaf nodes are specific
INFO: dtree.c(1478): Final simple tree
|( QUESTION0_16_R 1 -9.081e+03 1.301e+02 3.941e+01
|    ( - -3.207e+02 1 0)
|    ( QUESTION0_13_R 1 -8.630e+03 1.324e+02 3.741e+01
|        ( - -9.925e+02 1 0)
|        ( - -7.505e+03 1 0)))
s>    ( QUESTION0_16_R 1 -9.081e+03 1.301e+02 3.941e+01
s>        ( - -3.207e+02 1 0)
s>        ( QUESTION0_13_R 1 -8.630e+03 1.324e+02 3.741e+01
s>            ( - -9.925e+02 1 0)
s>            ( - -7.505e+03 1 0)))INFO: dtree.c(1315): Comp split 12
INFO: dtree.c(1439): stop. leaf nodes are specific
INFO: dtree.c(1478): Final simple tree
|( QUESTION0_13_R 1 -5.779e+03 1.271e+02 2.152e+01
|    ( - -3.459e+02 1 0)
|    ( - -5.306e+03 1 0))
s>    ( QUESTION0_13_R 1 -5.779e+03 1.271e+02 2.152e+01
s>        ( - -3.459e+02 1 0)
s>        ( - -5.306e+03 1 0))INFO: dtree.c(1315): Comp split 13
INFO: dtree.c(1439): stop. leaf nodes are specific
INFO: dtree.c(1478): Final simple tree
|( QUESTION0_13_R 1 -8.630e+03 1.324e+02 3.741e+01
|    ( - -9.925e+02 1 0)
|    ( - -7.505e+03 1 0))
s>    ( QUESTION0_13_R 1 -8.630e+03 1.324e+02 3.741e+01
s>        ( - -9.925e+02 1 0)
s>        ( - -7.505e+03 1 0))INFO: dtree.c(1315): Comp split 14
INFO: dtree.c(1315): Comp split 15
INFO: dtree.c(1315): Comp split 16
INFO: dtree.c(1315): Comp split 17
INFO: dtree.c(1315): Comp split 18
INFO: dtree.c(1318): stop. leaf nodes are specific
Wed Dec 20 23:52:18 2017
