Current configuration:
[NAME]		[DEFLT]	[VALUE]
-allphones	no	no
-cntthresh	0.00001	1.000000e-05
-csplitmax	100	2000
-csplitmin	1	1
-csplitthr	8e-4	0.000000e+00
-example	no	no
-fullvar	no	no
-help		no	no
-meanfn			/home/alex/repos/speech/an4/model_parameters/an4.cd_cont_untied/means
-mixwfn			/home/alex/repos/speech/an4/model_parameters/an4.cd_cont_untied/mixture_weights
-moddeffn		/home/alex/repos/speech/an4/model_architecture/an4.untied.mdef
-mwfloor	1e-4	1.000000e-08
-phone			T
-psetfn			/home/alex/repos/speech/an4/model_architecture/an4.tree_questions
-ssplitmax	5	7
-ssplitmin	1	1
-ssplitthr	8e-4	0.000000e+00
-state			0
-stwt			1.0,0.05,0.0,
-treefn			/home/alex/repos/speech/an4/trees/an4.unpruned/T-0.dtree
-ts2cbfn	.semi.	.cont.
-varfloor	0.00001	1.000000e-05
-varfn			/home/alex/repos/speech/an4/model_parameters/an4.cd_cont_untied/variances

INFO: main.c(223): Reading: /home/alex/repos/speech/an4/model_architecture/an4.untied.mdef
INFO: model_def_io.c(573): Model definition info:
INFO: model_def_io.c(574): 1618 total models defined (34 base, 1584 tri)
INFO: model_def_io.c(575): 6472 total states
INFO: model_def_io.c(576): 4854 total tied states
INFO: model_def_io.c(577): 102 total tied CI states
INFO: model_def_io.c(578): 34 total tied transition matrices
INFO: model_def_io.c(579): 4 max state/model
INFO: model_def_io.c(580): 4 min state/model
INFO: main.c(242): Building trees for [T AH IY b] through [T V W b]
INFO: main.c(269): Covering states |[4080 4361]| == 282
INFO: main.c(275): Reading: /home/alex/repos/speech/an4/model_parameters/an4.cd_cont_untied/mixture_weights
INFO: s3mixw_io.c(173): Read /home/alex/repos/speech/an4/model_parameters/an4.cd_cont_untied/mixture_weights [282x1x1 array]
INFO: main.c(311): 94 of 94 models have observation count greater than 0.000010
INFO: main.c(95): nrm stwt: 0.952 0.048 0.000 
INFO: s3gau_io.c(169): Read /home/alex/repos/speech/an4/model_parameters/an4.cd_cont_untied/means [4854x1x1 array]
INFO: s3gau_io.c(169): Read /home/alex/repos/speech/an4/model_parameters/an4.cd_cont_untied/variances [4854x1x1 array]
INFO: main.c(549): Reading: /home/alex/repos/speech/an4/model_architecture/an4.tree_questions
INFO: main.c(588): 180 total simple questions (172 phone; 8 word bndry)
INFO: main.c(590): 42 Left Only questions, and 42 Right Only questions
INFO: dtree.c(1478): Final simple tree
|( QUESTION2_7_L -1 -1.286e+06 3.327e+03 5.941e+03
|    ( QUESTION2_11_L -1 -2.532e+05 9.076e+02 1.183e+03
|        ( - -1.181e+05 8 0 WDBNDRY_B 0 2.166e+02 5.576e+02)
|        ( WDBNDRY_B 0 -1.342e+05 8.822e+02 6.258e+02
|            ( - -7.071e+04 10 0 QUESTION0 1 2.512e+02 3.365e+02)
|            ( - -6.259e+04 8 0 QUESTION0_1_R 1 4.843e+02 2.893e+02)))
|    ( QUESTION2_3_L -1 -1.030e+06 2.601e+03 4.758e+03
|        ( - -1.507e+05 5 0 QUESTION0_0_R 1 2.607e+02 6.964e+02)
|        ( QUESTION2_14_L -1 -8.762e+05 2.241e+03 4.061e+03
|            ( - -3.639e+05 19 0 WDBNDRY_B 0 7.644e+02 1.701e+03)
|            ( QUESTION1 -1 -5.101e+05 1.832e+03 2.361e+03
|                ( - -1.366e+05 12 0 QUESTION2_18_L -1 8.673e+02 6.105e+02)
|                ( QUESTION0_4_R 1 -3.716e+05 1.076e+03 1.750e+03
|                    ( - -1.491e+04 1 0)
|                    ( - -3.556e+05 31 0 SILENCE -1 7.649e+02 1.670e+03))))))
s>    ( QUESTION2_7_L -1 -1.286e+06 3.327e+03 5.941e+03
s>        ( QUESTION2_11_L -1 -2.532e+05 9.076e+02 1.183e+03
s>            ( - -1.181e+05 8 0 WDBNDRY_B 0 2.166e+02 5.576e+02)
s>            ( WDBNDRY_B 0 -1.342e+05 8.822e+02 6.258e+02
s>                ( - -7.071e+04 10 0 QUESTION0 1 2.512e+02 3.365e+02)
s>                ( - -6.259e+04 8 0 QUESTION0_1_R 1 4.843e+02 2.893e+02)))
s>        ( QUESTION2_3_L -1 -1.030e+06 2.601e+03 4.758e+03
s>            ( - -1.507e+05 5 0 QUESTION0_0_R 1 2.607e+02 6.964e+02)
s>            ( QUESTION2_14_L -1 -8.762e+05 2.241e+03 4.061e+03
s>                ( - -3.639e+05 19 0 WDBNDRY_B 0 7.644e+02 1.701e+03)
s>                ( QUESTION1 -1 -5.101e+05 1.832e+03 2.361e+03
s>                    ( - -1.366e+05 12 0 QUESTION2_18_L -1 8.673e+02 6.105e+02)
s>                    ( QUESTION0_4_R 1 -3.716e+05 1.076e+03 1.750e+03
s>                        ( - -1.491e+04 1 0)
s>                        ( - -3.556e+05 31 0 SILENCE -1 7.649e+02 1.670e+03))))))INFO: dtree.c(1315): Comp split 0
INFO: dtree.c(1478): Final simple tree
|( QUESTION1 -1 -3.917e+05 1.865e+03 1.794e+03
|    ( QUESTION2_18_L -1 -1.366e+05 8.673e+02 6.105e+02
|        ( WDBNDRY_B 0 -5.968e+04 3.565e+02 2.700e+02
|            ( - -2.736e+04 3 0 QUESTION0 1 1.296e+02 1.262e+02)
|            ( - -3.197e+04 2 0 WDBNDRY_E 0 3.377e+02 1.438e+02))
|        ( - -7.609e+04 7 0 QUESTION0 1 3.118e+02 3.406e+02))
|    ( QUESTION2_11_L -1 -2.532e+05 9.076e+02 1.183e+03
|        ( - -1.181e+05 8 0 WDBNDRY_B 0 2.166e+02 5.576e+02)
|        ( WDBNDRY_B 0 -1.342e+05 8.822e+02 6.258e+02
|            ( - -7.071e+04 10 0 QUESTION0 1 2.512e+02 3.365e+02)
|            ( QUESTION0_1_R 1 -6.259e+04 4.843e+02 2.893e+02
|                ( - 2.418e+02 1 0)
|                ( QUESTION5 1 -6.235e+04 4.754e+02 2.883e+02
|                    ( - 2.418e+02 1 0)
|                    ( - -6.212e+04 6 0 QUESTION0_20_R 1 3.367e+02 2.873e+02))))))
s>    ( QUESTION1 -1 -3.917e+05 1.865e+03 1.794e+03
s>        ( QUESTION2_18_L -1 -1.366e+05 8.673e+02 6.105e+02
s>            ( WDBNDRY_B 0 -5.968e+04 3.565e+02 2.700e+02
s>                ( - -2.736e+04 3 0 QUESTION0 1 1.296e+02 1.262e+02)
s>                ( - -3.197e+04 2 0 WDBNDRY_E 0 3.377e+02 1.438e+02))
s>            ( - -7.609e+04 7 0 QUESTION0 1 3.118e+02 3.406e+02))
s>        ( QUESTION2_11_L -1 -2.532e+05 9.076e+02 1.183e+03
s>            ( - -1.181e+05 8 0 WDBNDRY_B 0 2.166e+02 5.576e+02)
s>            ( WDBNDRY_B 0 -1.342e+05 8.822e+02 6.258e+02
s>                ( - -7.071e+04 10 0 QUESTION0 1 2.512e+02 3.365e+02)
s>                ( QUESTION0_1_R 1 -6.259e+04 4.843e+02 2.893e+02
s>                    ( - 2.418e+02 1 0)
s>                    ( QUESTION5 1 -6.235e+04 4.754e+02 2.883e+02
s>                        ( - 2.418e+02 1 0)
s>                        ( - -6.212e+04 6 0 QUESTION0_20_R 1 3.367e+02 2.873e+02))))))INFO: dtree.c(1478): Final simple tree
|( QUESTION2_3_L -1 -8.909e+05 2.449e+03 4.147e+03
|    ( - -1.507e+05 5 0 QUESTION0_0_R 1 2.607e+02 6.964e+02)
|    ( QUESTION2_14_L -1 -7.377e+05 2.208e+03 3.451e+03
|        ( WDBNDRY_B 0 -3.639e+05 7.644e+02 1.701e+03
|            ( - -1.964e+05 6 0 QUESTION0 1 2.294e+02 9.281e+02)
|            ( - -1.667e+05 13 0 SILENCE 1 3.773e+02 7.724e+02))
|        ( QUESTION0_4_R 1 -3.716e+05 1.076e+03 1.750e+03
|            ( - -1.491e+04 1 0)
|            ( SILENCE -1 -3.556e+05 7.649e+02 1.670e+03
|                ( - -1.141e+05 4 0 QUESTION0 1 2.773e+02 5.448e+02)
|                ( WDBNDRY_E 0 -2.407e+05 7.219e+02 1.125e+03
|                    ( QUESTION8 1 -9.583e+04 8.148e+02 4.587e+02
|                        ( - -2.929e+04 7 0 QUESTION9 1 1.475e+02 1.354e+02)
|                        ( - -6.573e+04 9 0 QUESTION4 1 2.815e+02 3.234e+02))
|                    ( - -1.442e+05 11 0 QUESTION0 -1 4.647e+02 6.667e+02))))))
s>    ( QUESTION2_3_L -1 -8.909e+05 2.449e+03 4.147e+03
s>        ( - -1.507e+05 5 0 QUESTION0_0_R 1 2.607e+02 6.964e+02)
s>        ( QUESTION2_14_L -1 -7.377e+05 2.208e+03 3.451e+03
s>            ( WDBNDRY_B 0 -3.639e+05 7.644e+02 1.701e+03
s>                ( - -1.964e+05 6 0 QUESTION0 1 2.294e+02 9.281e+02)
s>                ( - -1.667e+05 13 0 SILENCE 1 3.773e+02 7.724e+02))
s>            ( QUESTION0_4_R 1 -3.716e+05 1.076e+03 1.750e+03
s>                ( - -1.491e+04 1 0)
s>                ( SILENCE -1 -3.556e+05 7.649e+02 1.670e+03
s>                    ( - -1.141e+05 4 0 QUESTION0 1 2.773e+02 5.448e+02)
s>                    ( WDBNDRY_E 0 -2.407e+05 7.219e+02 1.125e+03
s>                        ( QUESTION8 1 -9.583e+04 8.148e+02 4.587e+02
s>                            ( - -2.929e+04 7 0 QUESTION9 1 1.475e+02 1.354e+02)
s>                            ( - -6.573e+04 9 0 QUESTION4 1 2.815e+02 3.234e+02))
s>                        ( - -1.442e+05 11 0 QUESTION0 -1 4.647e+02 6.667e+02))))))INFO: dtree.c(1315): Comp split 1
INFO: dtree.c(1478): Final simple tree
|( WDBNDRY_B 0 -1.963e+05 9.382e+02 9.480e+02
|    ( QUESTION0 1 -1.141e+05 2.773e+02 5.448e+02
|        ( - -1.669e+04 2 0 QUESTION0_0_R 1 1.271e+02 7.933e+01)
|        ( - -9.716e+04 2 0))
|    ( QUESTION0_2_R 1 -8.125e+04 6.072e+02 4.032e+02
|        ( - -1.491e+04 1 0)
|        ( QUESTION4 1 -6.573e+04 2.815e+02 3.234e+02
|            ( QUESTION0_13_R 1 -1.047e+04 3.352e+02 5.409e+01
|                ( - -9.813e+03 1 0)
|                ( - -3.229e+02 1 0))
|            ( QUESTION0_20_R 1 -5.498e+04 3.878e+02 2.693e+02
|                ( - -3.463e+04 3 0)
|                ( QUESTION0 1 -1.996e+04 1.935e+02 9.610e+01
|                    ( - -5.459e+02 1 0)
|                    ( - -1.922e+04 3 0 QUESTION0_0_R 1 1.398e+02 9.310e+01))))))
s>    ( WDBNDRY_B 0 -1.963e+05 9.382e+02 9.480e+02
s>        ( QUESTION0 1 -1.141e+05 2.773e+02 5.448e+02
s>            ( - -1.669e+04 2 0 QUESTION0_0_R 1 1.271e+02 7.933e+01)
s>            ( - -9.716e+04 2 0))
s>        ( QUESTION0_2_R 1 -8.125e+04 6.072e+02 4.032e+02
s>            ( - -1.491e+04 1 0)
s>            ( QUESTION4 1 -6.573e+04 2.815e+02 3.234e+02
s>                ( QUESTION0_13_R 1 -1.047e+04 3.352e+02 5.409e+01
s>                    ( - -9.813e+03 1 0)
s>                    ( - -3.229e+02 1 0))
s>                ( QUESTION0_20_R 1 -5.498e+04 3.878e+02 2.693e+02
s>                    ( - -3.463e+04 3 0)
s>                    ( QUESTION0 1 -1.996e+04 1.935e+02 9.610e+01
s>                        ( - -5.459e+02 1 0)
s>                        ( - -1.922e+04 3 0 QUESTION0_0_R 1 1.398e+02 9.310e+01))))))INFO: dtree.c(1478): Final simple tree
|( QUESTION2_0_L -1 -6.920e+05 2.520e+03 3.199e+03
|    ( QUESTION8 -1 -1.795e+05 7.691e+02 8.288e+02
|        ( WDBNDRY_B 0 -2.799e+04 2.862e+02 1.324e+02
|            ( - -2.697e+04 2 0 QUESTION0 1 2.203e+02 1.284e+02)
|            ( - -7.356e+02 1 0))
|        ( - -1.507e+05 5 0 QUESTION0_0_R 1 2.607e+02 6.964e+02))
|    ( QUESTION2_14_L -1 -5.100e+05 7.010e+02 2.370e+03
|        ( WDBNDRY_B 0 -3.639e+05 7.644e+02 1.701e+03
|            ( - -1.964e+05 6 0 QUESTION0 1 2.294e+02 9.281e+02)
|            ( SILENCE 1 -1.667e+05 3.773e+02 7.724e+02
|                ( - -6.639e+04 2 0)
|                ( - -9.993e+04 11 0 QUESTION0_10_R 1 2.255e+02 4.590e+02)))
|        ( WDBNDRY_B 0 -1.454e+05 4.131e+02 6.697e+02
|            ( - -1.157e+05 8 0 QUESTION0 1 1.510e+02 5.343e+02)
|            ( - -2.929e+04 7 0 QUESTION9 1 1.475e+02 1.354e+02))))
s>    ( QUESTION2_0_L -1 -6.920e+05 2.520e+03 3.199e+03
s>        ( QUESTION8 -1 -1.795e+05 7.691e+02 8.288e+02
s>            ( WDBNDRY_B 0 -2.799e+04 2.862e+02 1.324e+02
s>                ( - -2.697e+04 2 0 QUESTION0 1 2.203e+02 1.284e+02)
s>                ( - -7.356e+02 1 0))
s>            ( - -1.507e+05 5 0 QUESTION0_0_R 1 2.607e+02 6.964e+02))
s>        ( QUESTION2_14_L -1 -5.100e+05 7.010e+02 2.370e+03
s>            ( WDBNDRY_B 0 -3.639e+05 7.644e+02 1.701e+03
s>                ( - -1.964e+05 6 0 QUESTION0 1 2.294e+02 9.281e+02)
s>                ( SILENCE 1 -1.667e+05 3.773e+02 7.724e+02
s>                    ( - -6.639e+04 2 0)
s>                    ( - -9.993e+04 11 0 QUESTION0_10_R 1 2.255e+02 4.590e+02)))
s>            ( WDBNDRY_B 0 -1.454e+05 4.131e+02 6.697e+02
s>                ( - -1.157e+05 8 0 QUESTION0 1 1.510e+02 5.343e+02)
s>                ( - -2.929e+04 7 0 QUESTION9 1 1.475e+02 1.354e+02))))INFO: dtree.c(1315): Comp split 2
INFO: dtree.c(1478): Final simple tree
|( QUESTION2_14_L -1 -5.378e+05 9.704e+02 2.499e+03
|    ( WDBNDRY_B 0 -3.639e+05 7.644e+02 1.701e+03
|        ( QUESTION0 1 -1.964e+05 2.294e+02 9.281e+02
|            ( - -1.328e+04 2 0)
|            ( - -1.829e+05 4 0))
|        ( SILENCE 1 -1.667e+05 3.773e+02 7.724e+02
|            ( - -6.639e+04 2 0)
|            ( QUESTION0_10_R 1 -9.993e+04 2.255e+02 4.590e+02
|                ( - -5.606e+03 1 0)
|                ( - -9.409e+04 10 0 QUESTION0_0_R 1 2.334e+02 4.341e+02))))
|    ( QUESTION0 -1 -1.729e+05 5.192e+02 7.981e+02
|        ( - -2.697e+04 2 0 QUESTION0 1 2.203e+02 1.284e+02)
|        ( WDBNDRY_B 0 -1.454e+05 4.131e+02 6.697e+02
|            ( - -1.157e+05 8 0 QUESTION0 1 1.510e+02 5.343e+02)
|            ( - -2.929e+04 7 0 QUESTION9 1 1.475e+02 1.354e+02))))
s>    ( QUESTION2_14_L -1 -5.378e+05 9.704e+02 2.499e+03
s>        ( WDBNDRY_B 0 -3.639e+05 7.644e+02 1.701e+03
s>            ( QUESTION0 1 -1.964e+05 2.294e+02 9.281e+02
s>                ( - -1.328e+04 2 0)
s>                ( - -1.829e+05 4 0))
s>            ( SILENCE 1 -1.667e+05 3.773e+02 7.724e+02
s>                ( - -6.639e+04 2 0)
s>                ( QUESTION0_10_R 1 -9.993e+04 2.255e+02 4.590e+02
s>                    ( - -5.606e+03 1 0)
s>                    ( - -9.409e+04 10 0 QUESTION0_0_R 1 2.334e+02 4.341e+02))))
s>        ( QUESTION0 -1 -1.729e+05 5.192e+02 7.981e+02
s>            ( - -2.697e+04 2 0 QUESTION0 1 2.203e+02 1.284e+02)
s>            ( WDBNDRY_B 0 -1.454e+05 4.131e+02 6.697e+02
s>                ( - -1.157e+05 8 0 QUESTION0 1 1.510e+02 5.343e+02)
s>                ( - -2.929e+04 7 0 QUESTION9 1 1.475e+02 1.354e+02))))INFO: dtree.c(1439): stop. leaf nodes are specific
INFO: dtree.c(1478): Final simple tree
|( WDBNDRY_B 0 -1.517e+05 2.664e+02 7.004e+02
|    ( QUESTION0_0_R 1 -1.507e+05 2.607e+02 6.964e+02
|        ( - -1.843e+02 1 0)
|        ( QUESTION0 1 -1.503e+05 1.845e+02 6.944e+02
|            ( - -2.373e+03 1 0)
|            ( QUESTION0 -1 -1.477e+05 1.803e+02 6.834e+02
|                ( - -2.519e+04 2 0)
|                ( - -1.224e+05 1 0))))
|    ( - -7.356e+02 1 0))
s>    ( WDBNDRY_B 0 -1.517e+05 2.664e+02 7.004e+02
s>        ( QUESTION0_0_R 1 -1.507e+05 2.607e+02 6.964e+02
s>            ( - -1.843e+02 1 0)
s>            ( QUESTION0 1 -1.503e+05 1.845e+02 6.944e+02
s>                ( - -2.373e+03 1 0)
s>                ( QUESTION0 -1 -1.477e+05 1.803e+02 6.834e+02
s>                    ( - -2.519e+04 2 0)
s>                    ( - -1.224e+05 1 0))))
s>        ( - -7.356e+02 1 0))INFO: dtree.c(1315): Comp split 3
INFO: dtree.c(1478): Final simple tree
|( QUESTION2_20_L -1 -1.371e+05 8.693e+02 6.125e+02
|    ( QUESTION0 1 -7.609e+04 3.118e+02 3.406e+02
|        ( - -9.863e+03 2 0 QUESTION0_0_R 1 1.173e+02 4.301e+01)
|        ( QUESTION2 -1 -6.592e+04 2.452e+02 2.976e+02
|            ( - -6.253e+04 3 0 WDBNDRY_B 0 1.125e+02 2.816e+02)
|            ( - -3.142e+03 2 0)))
|    ( QUESTION0_13_R 1 -6.015e+04 4.788e+02 2.720e+02
|        ( - 2.418e+02 1 0)
|        ( QUESTION0_0_R 1 -5.991e+04 4.735e+02 2.710e+02
|            ( - 2.418e+02 1 0)
|            ( WDBNDRY_B 0 -5.968e+04 3.565e+02 2.700e+02
|                ( - -2.736e+04 3 0 QUESTION0 1 1.296e+02 1.262e+02)
|                ( WDBNDRY_E 0 -3.197e+04 3.377e+02 1.438e+02
|                    ( - -9.543e+03 1 0)
|                    ( - -2.209e+04 1 0))))))
s>    ( QUESTION2_20_L -1 -1.371e+05 8.693e+02 6.125e+02
s>        ( QUESTION0 1 -7.609e+04 3.118e+02 3.406e+02
s>            ( - -9.863e+03 2 0 QUESTION0_0_R 1 1.173e+02 4.301e+01)
s>            ( QUESTION2 -1 -6.592e+04 2.452e+02 2.976e+02
s>                ( - -6.253e+04 3 0 WDBNDRY_B 0 1.125e+02 2.816e+02)
s>                ( - -3.142e+03 2 0)))
s>        ( QUESTION0_13_R 1 -6.015e+04 4.788e+02 2.720e+02
s>            ( - 2.418e+02 1 0)
s>            ( QUESTION0_0_R 1 -5.991e+04 4.735e+02 2.710e+02
s>                ( - 2.418e+02 1 0)
s>                ( WDBNDRY_B 0 -5.968e+04 3.565e+02 2.700e+02
s>                    ( - -2.736e+04 3 0 QUESTION0 1 1.296e+02 1.262e+02)
s>                    ( WDBNDRY_E 0 -3.197e+04 3.377e+02 1.438e+02
s>                        ( - -9.543e+03 1 0)
s>                        ( - -2.209e+04 1 0))))))INFO: dtree.c(1478): Final simple tree
|( QUESTION2_11_L -1 -2.527e+05 8.950e+02 1.181e+03
|    ( WDBNDRY_B 0 -1.181e+05 2.166e+02 5.576e+02
|        ( QUESTION0 -1 -8.910e+04 3.048e+02 4.219e+02
|            ( - -7.226e+04 4 0 QUESTION0 1 8.742e+01 3.430e+02)
|            ( - -1.653e+04 3 0 QUESTION0 1 1.752e+02 7.883e+01))
|        ( - -2.879e+04 1 0))
|    ( WDBNDRY_B 0 -1.337e+05 8.913e+02 6.238e+02
|        ( QUESTION0 1 -7.071e+04 2.512e+02 3.365e+02
|            ( - -8.119e+03 4 0 QUESTION16 -1 2.076e+02 3.737e+01)
|            ( - -6.234e+04 6 0 QUESTION15 -1 1.633e+02 2.992e+02))
|        ( QUESTION0_20_R 1 -6.212e+04 3.367e+02 2.873e+02
|            ( - -3.438e+04 1 0)
|            ( QUESTION3 1 -2.741e+04 2.197e+02 1.279e+02
|                ( - -1.920e+04 1 0)
|                ( - -7.990e+03 4 0 WDBNDRY_E 0 1.724e+02 3.600e+01)))))
s>    ( QUESTION2_11_L -1 -2.527e+05 8.950e+02 1.181e+03
s>        ( WDBNDRY_B 0 -1.181e+05 2.166e+02 5.576e+02
s>            ( QUESTION0 -1 -8.910e+04 3.048e+02 4.219e+02
s>                ( - -7.226e+04 4 0 QUESTION0 1 8.742e+01 3.430e+02)
s>                ( - -1.653e+04 3 0 QUESTION0 1 1.752e+02 7.883e+01))
s>            ( - -2.879e+04 1 0))
s>        ( WDBNDRY_B 0 -1.337e+05 8.913e+02 6.238e+02
s>            ( QUESTION0 1 -7.071e+04 2.512e+02 3.365e+02
s>                ( - -8.119e+03 4 0 QUESTION16 -1 2.076e+02 3.737e+01)
s>                ( - -6.234e+04 6 0 QUESTION15 -1 1.633e+02 2.992e+02))
s>            ( QUESTION0_20_R 1 -6.212e+04 3.367e+02 2.873e+02
s>                ( - -3.438e+04 1 0)
s>                ( QUESTION3 1 -2.741e+04 2.197e+02 1.279e+02
s>                    ( - -1.920e+04 1 0)
s>                    ( - -7.990e+03 4 0 WDBNDRY_E 0 1.724e+02 3.600e+01)))))INFO: dtree.c(1315): Comp split 4
INFO: dtree.c(1439): stop. leaf nodes are specific
INFO: dtree.c(1478): Final simple tree
|( QUESTION0_13_R 1 -1.349e+05 2.991e+02 6.429e+02
|    ( QUESTION0 1 -1.756e+04 2.021e+02 8.510e+01
|        ( - -5.459e+02 1 0)
|        ( - -1.681e+04 2 0))
|    ( QUESTION0 1 -1.171e+05 2.842e+02 5.578e+02
|        ( WDBNDRY_B 0 -1.721e+04 1.955e+02 8.133e+01
|            ( QUESTION0_0_R 1 -1.669e+04 1.271e+02 7.933e+01
|                ( - -4.442e+03 1 0)
|                ( - -1.212e+04 1 0))
|            ( - -3.229e+02 1 0))
|        ( WDBNDRY_B 0 -9.956e+04 1.333e+02 4.765e+02
|            ( - -9.716e+04 2 0)
|            ( - -2.267e+03 1 0))))
s>    ( QUESTION0_13_R 1 -1.349e+05 2.991e+02 6.429e+02
s>        ( QUESTION0 1 -1.756e+04 2.021e+02 8.510e+01
s>            ( - -5.459e+02 1 0)
s>            ( - -1.681e+04 2 0))
s>        ( QUESTION0 1 -1.171e+05 2.842e+02 5.578e+02
s>            ( WDBNDRY_B 0 -1.721e+04 1.955e+02 8.133e+01
s>                ( QUESTION0_0_R 1 -1.669e+04 1.271e+02 7.933e+01
s>                    ( - -4.442e+03 1 0)
s>                    ( - -1.212e+04 1 0))
s>                ( - -3.229e+02 1 0))
s>            ( WDBNDRY_B 0 -9.956e+04 1.333e+02 4.765e+02
s>                ( - -9.716e+04 2 0)
s>                ( - -2.267e+03 1 0))))INFO: dtree.c(1439): stop. leaf nodes are specific
INFO: dtree.c(1478): Final simple tree
|( QUESTION0_0_R 1 -6.012e+04 4.859e+02 3.051e+02
|    ( - -1.491e+04 1 0)
|    ( QUESTION0_13_R 1 -4.473e+04 2.836e+02 2.253e+02
|        ( - -9.813e+03 1 0)
|        ( - -3.463e+04 3 0)))
s>    ( QUESTION0_0_R 1 -6.012e+04 4.859e+02 3.051e+02
s>        ( - -1.491e+04 1 0)
s>        ( QUESTION0_13_R 1 -4.473e+04 2.836e+02 2.253e+02
s>            ( - -9.813e+03 1 0)
s>            ( - -3.463e+04 3 0)))INFO: dtree.c(1315): Comp split 5
INFO: dtree.c(1478): Final simple tree
|( QUESTION0 -1 -1.923e+05 5.393e+02 8.864e+02
|    ( QUESTION0 1 -2.697e+04 2.203e+02 1.284e+02
|        ( - -6.240e+03 1 0)
|        ( - -2.051e+04 1 0))
|    ( QUESTION9 1 -1.648e+05 3.652e+02 7.580e+02
|        ( WDBNDRY_B 0 -2.126e+04 1.775e+02 9.836e+01
|            ( - -1.170e+03 1 0)
|            ( - -1.991e+04 3 0 QUESTION0_3_R 1 1.215e+02 9.236e+01))
|        ( QUESTION0_9_R 1 -1.432e+05 2.899e+02 6.596e+02
|            ( - -5.606e+03 1 0)
|            ( WDBNDRY_B 0 -1.373e+05 1.765e+02 6.347e+02
|                ( QUESTION2_14_L -1 -1.279e+05 1.673e+02 5.917e+02
|                    ( - -1.328e+04 2 0)
|                    ( - -1.144e+05 7 0 QUESTION0 1 1.278e+02 5.283e+02))
|                ( - -9.233e+03 4 0 QUESTION19 1 1.466e+02 4.301e+01)))))
s>    ( QUESTION0 -1 -1.923e+05 5.393e+02 8.864e+02
s>        ( QUESTION0 1 -2.697e+04 2.203e+02 1.284e+02
s>            ( - -6.240e+03 1 0)
s>            ( - -2.051e+04 1 0))
s>        ( QUESTION9 1 -1.648e+05 3.652e+02 7.580e+02
s>            ( WDBNDRY_B 0 -2.126e+04 1.775e+02 9.836e+01
s>                ( - -1.170e+03 1 0)
s>                ( - -1.991e+04 3 0 QUESTION0_3_R 1 1.215e+02 9.236e+01))
s>            ( QUESTION0_9_R 1 -1.432e+05 2.899e+02 6.596e+02
s>                ( - -5.606e+03 1 0)
s>                ( WDBNDRY_B 0 -1.373e+05 1.765e+02 6.347e+02
s>                    ( QUESTION2_14_L -1 -1.279e+05 1.673e+02 5.917e+02
s>                        ( - -1.328e+04 2 0)
s>                        ( - -1.144e+05 7 0 QUESTION0 1 1.278e+02 5.283e+02))
s>                    ( - -9.233e+03 4 0 QUESTION19 1 1.466e+02 4.301e+01)))))INFO: dtree.c(1478): Final simple tree
|( WDBNDRY_B 0 -3.445e+05 7.315e+02 1.612e+03
|    ( - -1.829e+05 4 0)
|    ( QUESTION20 1 -1.608e+05 3.289e+02 7.475e+02
|        ( QUESTION0_0_R 1 -6.141e+04 2.328e+02 2.817e+02
|            ( - -4.085e+04 2 0)
|            ( - -2.033e+04 3 0 WDBNDRY_E 0 9.748e+01 9.355e+01))
|        ( WDBNDRY_E 0 -9.906e+04 2.325e+02 4.658e+02
|            ( QUESTION9 1 -9.858e+04 1.747e+02 4.638e+02
|                ( QUESTION0_3_R 1 -2.170e+04 1.337e+02 1.015e+02
|                    ( - -9.553e+03 1 0)
|                    ( - -1.201e+04 1 0))
|                ( QUESTION0_0_R 1 -7.671e+04 1.323e+02 3.623e+02
|                    ( - -4.911e+03 1 0)
|                    ( - -7.167e+04 3 0 SILENCE 1 1.028e+02 3.383e+02)))
|            ( - -2.430e+02 1 0))))
s>    ( WDBNDRY_B 0 -3.445e+05 7.315e+02 1.612e+03
s>        ( - -1.829e+05 4 0)
s>        ( QUESTION20 1 -1.608e+05 3.289e+02 7.475e+02
s>            ( QUESTION0_0_R 1 -6.141e+04 2.328e+02 2.817e+02
s>                ( - -4.085e+04 2 0)
s>                ( - -2.033e+04 3 0 WDBNDRY_E 0 9.748e+01 9.355e+01))
s>            ( WDBNDRY_E 0 -9.906e+04 2.325e+02 4.658e+02
s>                ( QUESTION9 1 -9.858e+04 1.747e+02 4.638e+02
s>                    ( QUESTION0_3_R 1 -2.170e+04 1.337e+02 1.015e+02
s>                        ( - -9.553e+03 1 0)
s>                        ( - -1.201e+04 1 0))
s>                    ( QUESTION0_0_R 1 -7.671e+04 1.323e+02 3.623e+02
s>                        ( - -4.911e+03 1 0)
s>                        ( - -7.167e+04 3 0 SILENCE 1 1.028e+02 3.383e+02)))
s>                ( - -2.430e+02 1 0))))INFO: dtree.c(1315): Comp split 6
INFO: dtree.c(1439): stop. leaf nodes are specific
INFO: dtree.c(1478): Final simple tree
|( QUESTION0_20_R 1 -6.212e+04 3.367e+02 2.873e+02
|    ( - -3.438e+04 1 0)
|    ( QUESTION3 1 -2.741e+04 2.197e+02 1.279e+02
|        ( - -1.920e+04 1 0)
|        ( WDBNDRY_E 0 -7.990e+03 1.724e+02 3.600e+01
|            ( QUESTION0_0_R 1 -2.532e+03 1.067e+02 1.200e+01
|                ( - -1.436e+03 1 0)
|                ( - -9.888e+02 1 0))
|            ( QUESTION0_0_R 1 -5.286e+03 8.983e+01 2.400e+01
|                ( - -3.055e+03 1 0)
|                ( - -2.141e+03 1 0)))))
s>    ( QUESTION0_20_R 1 -6.212e+04 3.367e+02 2.873e+02
s>        ( - -3.438e+04 1 0)
s>        ( QUESTION3 1 -2.741e+04 2.197e+02 1.279e+02
s>            ( - -1.920e+04 1 0)
s>            ( WDBNDRY_E 0 -7.990e+03 1.724e+02 3.600e+01
s>                ( QUESTION0_0_R 1 -2.532e+03 1.067e+02 1.200e+01
s>                    ( - -1.436e+03 1 0)
s>                    ( - -9.888e+02 1 0))
s>                ( QUESTION0_0_R 1 -5.286e+03 8.983e+01 2.400e+01
s>                    ( - -3.055e+03 1 0)
s>                    ( - -2.141e+03 1 0)))))INFO: dtree.c(1478): Final simple tree
|( QUESTION2_11_L -1 -1.896e+05 7.991e+02 8.942e+02
|    ( WDBNDRY_B 0 -1.181e+05 2.166e+02 5.576e+02
|        ( QUESTION0 -1 -8.910e+04 3.048e+02 4.219e+02
|            ( - -7.226e+04 4 0 QUESTION0 1 8.742e+01 3.430e+02)
|            ( QUESTION0 1 -1.653e+04 1.752e+02 7.883e+01
|                ( - -9.524e+02 1 0)
|                ( - -1.540e+04 2 0)))
|        ( - -2.879e+04 1 0))
|    ( QUESTION0 1 -7.071e+04 2.512e+02 3.365e+02
|        ( QUESTION16 -1 -8.119e+03 2.076e+02 3.737e+01
|            ( - -1.917e+03 1 0)
|            ( - -5.995e+03 3 0 QUESTION15 -1 1.208e+02 2.737e+01))
|        ( QUESTION15 -1 -6.234e+04 1.633e+02 2.992e+02
|            ( - -6.203e+03 2 0)
|            ( - -5.598e+04 4 0 QUESTION0 -1 1.408e+02 2.682e+02))))
s>    ( QUESTION2_11_L -1 -1.896e+05 7.991e+02 8.942e+02
s>        ( WDBNDRY_B 0 -1.181e+05 2.166e+02 5.576e+02
s>            ( QUESTION0 -1 -8.910e+04 3.048e+02 4.219e+02
s>                ( - -7.226e+04 4 0 QUESTION0 1 8.742e+01 3.430e+02)
s>                ( QUESTION0 1 -1.653e+04 1.752e+02 7.883e+01
s>                    ( - -9.524e+02 1 0)
s>                    ( - -1.540e+04 2 0)))
s>            ( - -2.879e+04 1 0))
s>        ( QUESTION0 1 -7.071e+04 2.512e+02 3.365e+02
s>            ( QUESTION16 -1 -8.119e+03 2.076e+02 3.737e+01
s>                ( - -1.917e+03 1 0)
s>                ( - -5.995e+03 3 0 QUESTION15 -1 1.208e+02 2.737e+01))
s>            ( QUESTION15 -1 -6.234e+04 1.633e+02 2.992e+02
s>                ( - -6.203e+03 2 0)
s>                ( - -5.598e+04 4 0 QUESTION0 -1 1.408e+02 2.682e+02))))INFO: dtree.c(1315): Comp split 7
INFO: dtree.c(1478): Final simple tree
|( QUESTION0 1 -8.748e+04 2.478e+02 4.154e+02
|    ( QUESTION2_8_L -1 -9.277e+03 2.464e+02 4.237e+01
|        ( QUESTION0 -1 -3.036e+03 1.665e+02 1.500e+01
|            ( - -1.917e+03 1 0)
|            ( - -9.524e+02 1 0))
|        ( QUESTION15 -1 -5.995e+03 1.208e+02 2.737e+01
|            ( - -1.049e+03 1 0)
|            ( - -4.825e+03 2 0 QUESTION0 -1 1.002e+02 2.237e+01)))
|    ( QUESTION2_8_L -1 -7.795e+04 2.055e+02 3.730e+02
|        ( - -1.540e+04 2 0)
|        ( QUESTION15 -1 -6.234e+04 1.633e+02 2.992e+02
|            ( - -6.203e+03 2 0)
|            ( QUESTION0 -1 -5.598e+04 1.408e+02 2.682e+02
|                ( - -1.330e+04 2 0)
|                ( - -4.254e+04 2 0)))))
s>    ( QUESTION0 1 -8.748e+04 2.478e+02 4.154e+02
s>        ( QUESTION2_8_L -1 -9.277e+03 2.464e+02 4.237e+01
s>            ( QUESTION0 -1 -3.036e+03 1.665e+02 1.500e+01
s>                ( - -1.917e+03 1 0)
s>                ( - -9.524e+02 1 0))
s>            ( QUESTION15 -1 -5.995e+03 1.208e+02 2.737e+01
s>                ( - -1.049e+03 1 0)
s>                ( - -4.825e+03 2 0 QUESTION0 -1 1.002e+02 2.237e+01)))
s>        ( QUESTION2_8_L -1 -7.795e+04 2.055e+02 3.730e+02
s>            ( - -1.540e+04 2 0)
s>            ( QUESTION15 -1 -6.234e+04 1.633e+02 2.992e+02
s>                ( - -6.203e+03 2 0)
s>                ( QUESTION0 -1 -5.598e+04 1.408e+02 2.682e+02
s>                    ( - -1.330e+04 2 0)
s>                    ( - -4.254e+04 2 0)))))INFO: dtree.c(1439): stop. leaf nodes are specific
INFO: dtree.c(1478): Final simple tree
|( WDBNDRY_B 0 -1.012e+05 1.794e+02 4.788e+02
|    ( QUESTION0 1 -7.226e+04 8.742e+01 3.430e+02
|        ( QUESTION0_0_R 1 -4.397e+03 8.128e+01 2.101e+01
|            ( - -2.273e+03 1 0)
|            ( - -2.043e+03 1 0))
|        ( - -6.777e+04 2 0))
|    ( - -2.879e+04 1 0))
s>    ( WDBNDRY_B 0 -1.012e+05 1.794e+02 4.788e+02
s>        ( QUESTION0 1 -7.226e+04 8.742e+01 3.430e+02
s>            ( QUESTION0_0_R 1 -4.397e+03 8.128e+01 2.101e+01
s>                ( - -2.273e+03 1 0)
s>                ( - -2.043e+03 1 0))
s>            ( - -6.777e+04 2 0))
s>        ( - -2.879e+04 1 0))INFO: dtree.c(1315): Comp split 8
INFO: dtree.c(1439): stop. leaf nodes are specific
INFO: dtree.c(1478): Final simple tree
|( QUESTION0_13_R 1 -6.015e+04 4.788e+02 2.720e+02
|    ( - 2.418e+02 1 0)
|    ( QUESTION0_0_R 1 -5.991e+04 4.735e+02 2.710e+02
|        ( - 2.418e+02 1 0)
|        ( WDBNDRY_B 0 -5.968e+04 3.565e+02 2.700e+02
|            ( QUESTION0 1 -2.736e+04 1.296e+02 1.262e+02
|                ( - -3.022e+03 1 0)
|                ( - -2.420e+04 2 0))
|            ( WDBNDRY_E 0 -3.197e+04 3.377e+02 1.438e+02
|                ( - -9.543e+03 1 0)
|                ( - -2.209e+04 1 0)))))
s>    ( QUESTION0_13_R 1 -6.015e+04 4.788e+02 2.720e+02
s>        ( - 2.418e+02 1 0)
s>        ( QUESTION0_0_R 1 -5.991e+04 4.735e+02 2.710e+02
s>            ( - 2.418e+02 1 0)
s>            ( WDBNDRY_B 0 -5.968e+04 3.565e+02 2.700e+02
s>                ( QUESTION0 1 -2.736e+04 1.296e+02 1.262e+02
s>                    ( - -3.022e+03 1 0)
s>                    ( - -2.420e+04 2 0))
s>                ( WDBNDRY_E 0 -3.197e+04 3.377e+02 1.438e+02
s>                    ( - -9.543e+03 1 0)
s>                    ( - -2.209e+04 1 0)))))INFO: dtree.c(1439): stop. leaf nodes are specific
INFO: dtree.c(1478): Final simple tree
|( QUESTION0 1 -7.609e+04 3.118e+02 3.406e+02
|    ( QUESTION0_0_R 1 -9.863e+03 1.173e+02 4.301e+01
|        ( - -3.182e+03 1 0)
|        ( - -6.563e+03 1 0))
|    ( QUESTION2 -1 -6.592e+04 2.452e+02 2.976e+02
|        ( WDBNDRY_B 0 -6.253e+04 1.125e+02 2.816e+02
|            ( - -3.734e+04 2 0)
|            ( - -2.508e+04 1 0))
|        ( - -3.142e+03 2 0)))
s>    ( QUESTION0 1 -7.609e+04 3.118e+02 3.406e+02
s>        ( QUESTION0_0_R 1 -9.863e+03 1.173e+02 4.301e+01
s>            ( - -3.182e+03 1 0)
s>            ( - -6.563e+03 1 0))
s>        ( QUESTION2 -1 -6.592e+04 2.452e+02 2.976e+02
s>            ( WDBNDRY_B 0 -6.253e+04 1.125e+02 2.816e+02
s>                ( - -3.734e+04 2 0)
s>                ( - -2.508e+04 1 0))
s>            ( - -3.142e+03 2 0)))INFO: dtree.c(1315): Comp split 9
INFO: dtree.c(1439): stop. leaf nodes are specific
INFO: dtree.c(1478): Final simple tree
|( WDBNDRY_B 0 -1.880e+05 1.388e+02 8.887e+02
|    ( - -1.829e+05 4 0)
|    ( - -4.911e+03 1 0))
s>    ( WDBNDRY_B 0 -1.880e+05 1.388e+02 8.887e+02
s>        ( - -1.829e+05 4 0)
s>        ( - -4.911e+03 1 0))INFO: dtree.c(1478): Final simple tree
|( SILENCE 1 -1.557e+05 3.279e+02 7.235e+02
|    ( - -6.639e+04 2 0)
|    ( QUESTION0_0_R 1 -8.902e+04 2.371e+02 4.101e+02
|        ( WDBNDRY_E 0 -6.315e+04 2.284e+02 2.916e+02
|            ( QUESTION0_5_R 1 -6.268e+04 1.414e+02 2.896e+02
|                ( - -1.201e+04 1 0)
|                ( QUESTION0_1_R 1 -5.053e+04 1.247e+02 2.331e+02
|                    ( - -4.085e+04 2 0)
|                    ( - -9.553e+03 1 0)))
|            ( - -2.430e+02 1 0))
|        ( QUESTION0_14_R 1 -2.563e+04 1.362e+02 1.185e+02
|            ( - -5.172e+03 1 0)
|            ( WDBNDRY_E 0 -2.033e+04 9.748e+01 9.355e+01
|                ( - -1.120e+04 2 0 QUESTION0_13_R 1 8.385e+01 5.205e+01)
|                ( - -9.026e+03 1 0)))))
s>    ( SILENCE 1 -1.557e+05 3.279e+02 7.235e+02
s>        ( - -6.639e+04 2 0)
s>        ( QUESTION0_0_R 1 -8.902e+04 2.371e+02 4.101e+02
s>            ( WDBNDRY_E 0 -6.315e+04 2.284e+02 2.916e+02
s>                ( QUESTION0_5_R 1 -6.268e+04 1.414e+02 2.896e+02
s>                    ( - -1.201e+04 1 0)
s>                    ( QUESTION0_1_R 1 -5.053e+04 1.247e+02 2.331e+02
s>                        ( - -4.085e+04 2 0)
s>                        ( - -9.553e+03 1 0)))
s>                ( - -2.430e+02 1 0))
s>            ( QUESTION0_14_R 1 -2.563e+04 1.362e+02 1.185e+02
s>                ( - -5.172e+03 1 0)
s>                ( WDBNDRY_E 0 -2.033e+04 9.748e+01 9.355e+01
s>                    ( - -1.120e+04 2 0 QUESTION0_13_R 1 8.385e+01 5.205e+01)
s>                    ( - -9.026e+03 1 0)))))INFO: dtree.c(1315): Comp split 10
INFO: dtree.c(1478): Final simple tree
|( QUESTION9 1 -1.648e+05 3.652e+02 7.580e+02
|    ( WDBNDRY_B 0 -2.126e+04 1.775e+02 9.836e+01
|        ( - -1.170e+03 1 0)
|        ( - -1.991e+04 3 0 QUESTION0_3_R 1 1.215e+02 9.236e+01))
|    ( QUESTION0_9_R 1 -1.432e+05 2.899e+02 6.596e+02
|        ( - -5.606e+03 1 0)
|        ( WDBNDRY_B 0 -1.373e+05 1.765e+02 6.347e+02
|            ( QUESTION2_14_L -1 -1.279e+05 1.673e+02 5.917e+02
|                ( - -1.328e+04 2 0)
|                ( QUESTION0 1 -1.144e+05 1.278e+02 5.283e+02
|                    ( - -5.175e+03 1 0)
|                    ( - -1.091e+05 6 0)))
|            ( QUESTION19 1 -9.233e+03 1.466e+02 4.301e+01
|                ( - -2.701e+03 1 0)
|                ( - -6.386e+03 3 0 QUESTION0_0_R 1 1.198e+02 3.000e+01)))))
s>    ( QUESTION9 1 -1.648e+05 3.652e+02 7.580e+02
s>        ( WDBNDRY_B 0 -2.126e+04 1.775e+02 9.836e+01
s>            ( - -1.170e+03 1 0)
s>            ( - -1.991e+04 3 0 QUESTION0_3_R 1 1.215e+02 9.236e+01))
s>        ( QUESTION0_9_R 1 -1.432e+05 2.899e+02 6.596e+02
s>            ( - -5.606e+03 1 0)
s>            ( WDBNDRY_B 0 -1.373e+05 1.765e+02 6.347e+02
s>                ( QUESTION2_14_L -1 -1.279e+05 1.673e+02 5.917e+02
s>                    ( - -1.328e+04 2 0)
s>                    ( QUESTION0 1 -1.144e+05 1.278e+02 5.283e+02
s>                        ( - -5.175e+03 1 0)
s>                        ( - -1.091e+05 6 0)))
s>                ( QUESTION19 1 -9.233e+03 1.466e+02 4.301e+01
s>                    ( - -2.701e+03 1 0)
s>                    ( - -6.386e+03 3 0 QUESTION0_0_R 1 1.198e+02 3.000e+01)))))INFO: dtree.c(1439): stop. leaf nodes are specific
INFO: dtree.c(1478): Final simple tree
|( QUESTION0 1 -2.697e+04 2.203e+02 1.284e+02
|    ( - -6.240e+03 1 0)
|    ( - -2.051e+04 1 0))
s>    ( QUESTION0 1 -2.697e+04 2.203e+02 1.284e+02
s>        ( - -6.240e+03 1 0)
s>        ( - -2.051e+04 1 0))INFO: dtree.c(1315): Comp split 11
INFO: dtree.c(1439): stop. leaf nodes are specific
INFO: dtree.c(1478): Final simple tree
|( QUESTION0_13_R 1 -4.473e+04 2.836e+02 2.253e+02
|    ( - -9.813e+03 1 0)
|    ( - -3.463e+04 3 0))
s>    ( QUESTION0_13_R 1 -4.473e+04 2.836e+02 2.253e+02
s>        ( - -9.813e+03 1 0)
s>        ( - -3.463e+04 3 0))INFO: dtree.c(1315): Comp split 12
INFO: dtree.c(1439): stop. leaf nodes are specific
INFO: dtree.c(1478): Final simple tree
|( QUESTION0_0_R 1 -5.991e+04 4.735e+02 2.710e+02
|    ( - 2.418e+02 1 0)
|    ( WDBNDRY_B 0 -5.968e+04 3.565e+02 2.700e+02
|        ( QUESTION0 1 -2.736e+04 1.296e+02 1.262e+02
|            ( - -3.022e+03 1 0)
|            ( - -2.420e+04 2 0))
|        ( WDBNDRY_E 0 -3.197e+04 3.377e+02 1.438e+02
|            ( - -9.543e+03 1 0)
|            ( - -2.209e+04 1 0))))
s>    ( QUESTION0_0_R 1 -5.991e+04 4.735e+02 2.710e+02
s>        ( - 2.418e+02 1 0)
s>        ( WDBNDRY_B 0 -5.968e+04 3.565e+02 2.700e+02
s>            ( QUESTION0 1 -2.736e+04 1.296e+02 1.262e+02
s>                ( - -3.022e+03 1 0)
s>                ( - -2.420e+04 2 0))
s>            ( WDBNDRY_E 0 -3.197e+04 3.377e+02 1.438e+02
s>                ( - -9.543e+03 1 0)
s>                ( - -2.209e+04 1 0))))INFO: dtree.c(1315): Comp split 13
INFO: dtree.c(1439): stop. leaf nodes are specific
INFO: dtree.c(1478): Final simple tree
|( WDBNDRY_B 0 -5.968e+04 3.565e+02 2.700e+02
|    ( QUESTION0 1 -2.736e+04 1.296e+02 1.262e+02
|        ( - -3.022e+03 1 0)
|        ( - -2.420e+04 2 0))
|    ( WDBNDRY_E 0 -3.197e+04 3.377e+02 1.438e+02
|        ( - -9.543e+03 1 0)
|        ( - -2.209e+04 1 0)))
s>    ( WDBNDRY_B 0 -5.968e+04 3.565e+02 2.700e+02
s>        ( QUESTION0 1 -2.736e+04 1.296e+02 1.262e+02
s>            ( - -3.022e+03 1 0)
s>            ( - -2.420e+04 2 0))
s>        ( WDBNDRY_E 0 -3.197e+04 3.377e+02 1.438e+02
s>            ( - -9.543e+03 1 0)
s>            ( - -2.209e+04 1 0)))INFO: dtree.c(1315): Comp split 14
INFO: dtree.c(1439): stop. leaf nodes are specific
INFO: dtree.c(1478): Final simple tree
|( QUESTION0_8_R 1 -2.274e+04 1.284e+02 1.054e+02
|    ( - -2.701e+03 1 0)
|    ( QUESTION0_3_R 1 -1.991e+04 1.215e+02 9.236e+01
|        ( - -2.349e+03 1 0)
|        ( QUESTION0_6_R 1 -1.744e+04 1.108e+02 8.136e+01
|            ( - -1.839e+03 1 0)
|            ( - -1.549e+04 1 0))))
s>    ( QUESTION0_8_R 1 -2.274e+04 1.284e+02 1.054e+02
s>        ( - -2.701e+03 1 0)
s>        ( QUESTION0_3_R 1 -1.991e+04 1.215e+02 9.236e+01
s>            ( - -2.349e+03 1 0)
s>            ( QUESTION0_6_R 1 -1.744e+04 1.108e+02 8.136e+01
s>                ( - -1.839e+03 1 0)
s>                ( - -1.549e+04 1 0))))INFO: dtree.c(1478): Final simple tree
|( QUESTION0_11_R 1 -1.416e+05 2.856e+02 6.526e+02
|    ( - -5.606e+03 1 0)
|    ( QUESTION0 1 -1.357e+05 1.759e+02 6.277e+02
|        ( QUESTION2_14_L -1 -2.643e+04 1.583e+02 1.236e+02
|            ( - -1.328e+04 2 0)
|            ( WDBNDRY_B 0 -1.300e+04 1.511e+02 6.026e+01
|                ( QUESTION0_0_R 1 -6.459e+03 1.130e+02 3.026e+01
|                    ( - -1.170e+03 1 0)
|                    ( - -5.175e+03 1 0))
|                ( QUESTION0_0_R 1 -6.386e+03 1.198e+02 3.000e+01
|                    ( - -3.920e+03 1 0)
|                    ( QUESTION17 1 -2.345e+03 1.749e+02 1.100e+01
|                        ( - -5.360e+02 1 0)
|                        ( - -1.634e+03 1 0)))))
|        ( - -1.091e+05 6 0)))
s>    ( QUESTION0_11_R 1 -1.416e+05 2.856e+02 6.526e+02
s>        ( - -5.606e+03 1 0)
s>        ( QUESTION0 1 -1.357e+05 1.759e+02 6.277e+02
s>            ( QUESTION2_14_L -1 -2.643e+04 1.583e+02 1.236e+02
s>                ( - -1.328e+04 2 0)
s>                ( WDBNDRY_B 0 -1.300e+04 1.511e+02 6.026e+01
s>                    ( QUESTION0_0_R 1 -6.459e+03 1.130e+02 3.026e+01
s>                        ( - -1.170e+03 1 0)
s>                        ( - -5.175e+03 1 0))
s>                    ( QUESTION0_0_R 1 -6.386e+03 1.198e+02 3.000e+01
s>                        ( - -3.920e+03 1 0)
s>                        ( QUESTION17 1 -2.345e+03 1.749e+02 1.100e+01
s>                            ( - -5.360e+02 1 0)
s>                            ( - -1.634e+03 1 0)))))
s>            ( - -1.091e+05 6 0)))INFO: dtree.c(1315): Comp split 15
INFO: dtree.c(1439): stop. leaf nodes are specific
INFO: dtree.c(1478): Final simple tree
|( SILENCE 1 -8.136e+04 1.446e+02 3.834e+02
|    ( - -6.639e+04 2 0)
|    ( QUESTION0_0_R 1 -1.483e+04 9.918e+01 6.995e+01
|        ( - -9.553e+03 1 0)
|        ( - -5.172e+03 1 0)))
s>    ( SILENCE 1 -8.136e+04 1.446e+02 3.834e+02
s>        ( - -6.639e+04 2 0)
s>        ( QUESTION0_0_R 1 -1.483e+04 9.918e+01 6.995e+01
s>            ( - -9.553e+03 1 0)
s>            ( - -5.172e+03 1 0)))INFO: dtree.c(1439): stop. leaf nodes are specific
INFO: dtree.c(1478): Final simple tree
|( QUESTION0_0_R 1 -7.401e+04 2.170e+02 3.401e+02
|    ( WDBNDRY_E 0 -5.347e+04 2.263e+02 2.466e+02
|        ( QUESTION0_1_R 1 -5.300e+04 1.403e+02 2.446e+02
|            ( - -4.085e+04 2 0)
|            ( - -1.201e+04 1 0))
|        ( - -2.430e+02 1 0))
|    ( WDBNDRY_E 0 -2.033e+04 9.748e+01 9.355e+01
|        ( QUESTION0_13_R 1 -1.120e+04 8.385e+01 5.205e+01
|            ( - -3.641e+03 1 0)
|            ( - -7.477e+03 1 0))
|        ( - -9.026e+03 1 0)))
s>    ( QUESTION0_0_R 1 -7.401e+04 2.170e+02 3.401e+02
s>        ( WDBNDRY_E 0 -5.347e+04 2.263e+02 2.466e+02
s>            ( QUESTION0_1_R 1 -5.300e+04 1.403e+02 2.446e+02
s>                ( - -4.085e+04 2 0)
s>                ( - -1.201e+04 1 0))
s>            ( - -2.430e+02 1 0))
s>        ( WDBNDRY_E 0 -2.033e+04 9.748e+01 9.355e+01
s>            ( QUESTION0_13_R 1 -1.120e+04 8.385e+01 5.205e+01
s>                ( - -3.641e+03 1 0)
s>                ( - -7.477e+03 1 0))
s>            ( - -9.026e+03 1 0)))INFO: dtree.c(1315): Comp split 16
INFO: dtree.c(1439): stop. leaf nodes are specific
INFO: dtree.c(1478): Final simple tree
|( QUESTION0 -1 -2.471e+04 2.299e+02 1.159e+02
|    ( QUESTION0_0_R 1 -5.286e+03 8.983e+01 2.400e+01
|        ( - -3.055e+03 1 0)
|        ( - -2.141e+03 1 0))
|    ( - -1.920e+04 1 0))
s>    ( QUESTION0 -1 -2.471e+04 2.299e+02 1.159e+02
s>        ( QUESTION0_0_R 1 -5.286e+03 8.983e+01 2.400e+01
s>            ( - -3.055e+03 1 0)
s>            ( - -2.141e+03 1 0))
s>        ( - -1.920e+04 1 0))INFO: dtree.c(1439): stop. leaf nodes are specific
INFO: dtree.c(1478): Final simple tree
|( QUESTION0_0_R 1 -3.704e+04 1.321e+02 1.714e+02
|    ( - -1.436e+03 1 0)
|    ( WDBNDRY_E 0 -3.547e+04 1.053e+02 1.644e+02
|        ( - -9.888e+02 1 0)
|        ( - -3.438e+04 1 0)))
s>    ( QUESTION0_0_R 1 -3.704e+04 1.321e+02 1.714e+02
s>        ( - -1.436e+03 1 0)
s>        ( WDBNDRY_E 0 -3.547e+04 1.053e+02 1.644e+02
s>            ( - -9.888e+02 1 0)
s>            ( - -3.438e+04 1 0)))INFO: dtree.c(1315): Comp split 17
INFO: dtree.c(1439): stop. leaf nodes are specific
INFO: dtree.c(1478): Final simple tree
|( QUESTION0_13_R 1 -3.739e+04 2.633e+02 1.774e+02
|    ( QUESTION0 1 -1.756e+04 2.021e+02 8.510e+01
|        ( - -5.459e+02 1 0)
|        ( - -1.681e+04 2 0))
|    ( QUESTION0_2_R 1 -1.957e+04 1.348e+02 9.233e+01
|        ( - -4.442e+03 1 0)
|        ( WDBNDRY_B 0 -1.499e+04 1.194e+02 7.075e+01
|            ( - -1.212e+04 1 0)
|            ( QUESTION0_0_R 1 -2.752e+03 1.624e+02 1.300e+01
|                ( - -2.267e+03 1 0)
|                ( - -3.229e+02 1 0)))))
s>    ( QUESTION0_13_R 1 -3.739e+04 2.633e+02 1.774e+02
s>        ( QUESTION0 1 -1.756e+04 2.021e+02 8.510e+01
s>            ( - -5.459e+02 1 0)
s>            ( - -1.681e+04 2 0))
s>        ( QUESTION0_2_R 1 -1.957e+04 1.348e+02 9.233e+01
s>            ( - -4.442e+03 1 0)
s>            ( WDBNDRY_B 0 -1.499e+04 1.194e+02 7.075e+01
s>                ( - -1.212e+04 1 0)
s>                ( QUESTION0_0_R 1 -2.752e+03 1.624e+02 1.300e+01
s>                    ( - -2.267e+03 1 0)
s>                    ( - -3.229e+02 1 0)))))INFO: dtree.c(1315): Comp split 18
INFO: dtree.c(1439): stop. leaf nodes are specific
INFO: dtree.c(1478): Final simple tree
|( WDBNDRY_E 0 -3.197e+04 3.377e+02 1.438e+02
|    ( - -9.543e+03 1 0)
|    ( - -2.209e+04 1 0))
s>    ( WDBNDRY_E 0 -3.197e+04 3.377e+02 1.438e+02
s>        ( - -9.543e+03 1 0)
s>        ( - -2.209e+04 1 0))INFO: dtree.c(1439): stop. leaf nodes are specific
INFO: dtree.c(1478): Final simple tree
|( QUESTION0 1 -2.736e+04 1.296e+02 1.262e+02
|    ( - -3.022e+03 1 0)
|    ( - -2.420e+04 2 0))
s>    ( QUESTION0 1 -2.736e+04 1.296e+02 1.262e+02
s>        ( - -3.022e+03 1 0)
s>        ( - -2.420e+04 2 0))INFO: dtree.c(1315): Comp split 19
INFO: dtree.c(1315): Comp split 20
INFO: dtree.c(1439): stop. leaf nodes are specific
INFO: dtree.c(1478): Final simple tree
|( QUESTION2 -1 -6.592e+04 2.452e+02 2.976e+02
|    ( WDBNDRY_B 0 -6.253e+04 1.125e+02 2.816e+02
|        ( - -3.734e+04 2 0)
|        ( - -2.508e+04 1 0))
|    ( - -3.142e+03 2 0))
s>    ( QUESTION2 -1 -6.592e+04 2.452e+02 2.976e+02
s>        ( WDBNDRY_B 0 -6.253e+04 1.125e+02 2.816e+02
s>            ( - -3.734e+04 2 0)
s>            ( - -2.508e+04 1 0))
s>        ( - -3.142e+03 2 0))INFO: dtree.c(1439): stop. leaf nodes are specific
INFO: dtree.c(1478): Final simple tree
|( QUESTION0_0_R 1 -9.863e+03 1.173e+02 4.301e+01
|    ( - -3.182e+03 1 0)
|    ( - -6.563e+03 1 0))
s>    ( QUESTION0_0_R 1 -9.863e+03 1.173e+02 4.301e+01
s>        ( - -3.182e+03 1 0)
s>        ( - -6.563e+03 1 0))INFO: dtree.c(1315): Comp split 21
INFO: dtree.c(1439): stop. leaf nodes are specific
INFO: dtree.c(1478): Final simple tree
|( QUESTION0 -1 -4.825e+03 1.002e+02 2.237e+01
|    ( - -3.961e+03 1 0)
|    ( - -7.636e+02 1 0))
s>    ( QUESTION0 -1 -4.825e+03 1.002e+02 2.237e+01
s>        ( - -3.961e+03 1 0)
s>        ( - -7.636e+02 1 0))INFO: dtree.c(1439): stop. leaf nodes are specific
INFO: dtree.c(1478): Final simple tree
|( QUESTION2_11_L -1 -8.234e+04 2.207e+02 3.930e+02
|    ( QUESTION0 1 -1.653e+04 1.752e+02 7.883e+01
|        ( - -9.524e+02 1 0)
|        ( - -1.540e+04 2 0))
|    ( QUESTION15 -1 -6.559e+04 1.731e+02 3.142e+02
|        ( QUESTION0 1 -7.361e+03 1.103e+02 3.598e+01
|            ( - -1.049e+03 1 0)
|            ( - -6.203e+03 2 0))
|        ( QUESTION0 1 -5.805e+04 1.594e+02 2.782e+02
|            ( - -1.917e+03 1 0)
|            ( QUESTION0 -1 -5.598e+04 1.408e+02 2.682e+02
|                ( - -1.330e+04 2 0)
|                ( - -4.254e+04 2 0)))))
s>    ( QUESTION2_11_L -1 -8.234e+04 2.207e+02 3.930e+02
s>        ( QUESTION0 1 -1.653e+04 1.752e+02 7.883e+01
s>            ( - -9.524e+02 1 0)
s>            ( - -1.540e+04 2 0))
s>        ( QUESTION15 -1 -6.559e+04 1.731e+02 3.142e+02
s>            ( QUESTION0 1 -7.361e+03 1.103e+02 3.598e+01
s>                ( - -1.049e+03 1 0)
s>                ( - -6.203e+03 2 0))
s>            ( QUESTION0 1 -5.805e+04 1.594e+02 2.782e+02
s>                ( - -1.917e+03 1 0)
s>                ( QUESTION0 -1 -5.598e+04 1.408e+02 2.682e+02
s>                    ( - -1.330e+04 2 0)
s>                    ( - -4.254e+04 2 0)))))INFO: dtree.c(1315): Comp split 22
INFO: dtree.c(1439): stop. leaf nodes are specific
INFO: dtree.c(1478): Final simple tree
|( QUESTION0_13_R 1 -2.027e+04 1.578e+02 9.533e+01
|    ( - -5.459e+02 1 0)
|    ( QUESTION0_2_R 1 -1.957e+04 1.348e+02 9.233e+01
|        ( - -4.442e+03 1 0)
|        ( WDBNDRY_B 0 -1.499e+04 1.194e+02 7.075e+01
|            ( - -1.212e+04 1 0)
|            ( QUESTION0_0_R 1 -2.752e+03 1.624e+02 1.300e+01
|                ( - -2.267e+03 1 0)
|                ( - -3.229e+02 1 0)))))
s>    ( QUESTION0_13_R 1 -2.027e+04 1.578e+02 9.533e+01
s>        ( - -5.459e+02 1 0)
s>        ( QUESTION0_2_R 1 -1.957e+04 1.348e+02 9.233e+01
s>            ( - -4.442e+03 1 0)
s>            ( WDBNDRY_B 0 -1.499e+04 1.194e+02 7.075e+01
s>                ( - -1.212e+04 1 0)
s>                ( QUESTION0_0_R 1 -2.752e+03 1.624e+02 1.300e+01
s>                    ( - -2.267e+03 1 0)
s>                    ( - -3.229e+02 1 0)))))INFO: dtree.c(1315): Comp split 23
INFO: dtree.c(1439): stop. leaf nodes are specific
INFO: dtree.c(1478): Final simple tree
|( QUESTION2_14_L -1 -1.286e+05 1.685e+02 5.947e+02
|    ( - -1.328e+04 2 0)
|    ( WDBNDRY_B 0 -1.151e+05 1.626e+02 5.313e+02
|        ( QUESTION0 1 -1.144e+05 1.278e+02 5.283e+02
|            ( - -5.175e+03 1 0)
|            ( - -1.091e+05 6 0))
|        ( - -5.360e+02 1 0)))
s>    ( QUESTION2_14_L -1 -1.286e+05 1.685e+02 5.947e+02
s>        ( - -1.328e+04 2 0)
s>        ( WDBNDRY_B 0 -1.151e+05 1.626e+02 5.313e+02
s>            ( QUESTION0 1 -1.144e+05 1.278e+02 5.283e+02
s>                ( - -5.175e+03 1 0)
s>                ( - -1.091e+05 6 0))
s>            ( - -5.360e+02 1 0)))INFO: dtree.c(1439): stop. leaf nodes are specific
INFO: dtree.c(1478): Final simple tree
|( QUESTION0_11_R 1 -1.277e+04 1.804e+02 5.795e+01
|    ( - -5.606e+03 1 0)
|    ( WDBNDRY_B 0 -6.979e+03 1.386e+02 3.300e+01
|        ( - -1.170e+03 1 0)
|        ( QUESTION0_0_R 1 -5.670e+03 1.151e+02 2.700e+01
|            ( - -3.920e+03 1 0)
|            ( - -1.634e+03 1 0))))
s>    ( QUESTION0_11_R 1 -1.277e+04 1.804e+02 5.795e+01
s>        ( - -5.606e+03 1 0)
s>        ( WDBNDRY_B 0 -6.979e+03 1.386e+02 3.300e+01
s>            ( - -1.170e+03 1 0)
s>            ( QUESTION0_0_R 1 -5.670e+03 1.151e+02 2.700e+01
s>                ( - -3.920e+03 1 0)
s>                ( - -1.634e+03 1 0))))INFO: dtree.c(1315): Comp split 24
INFO: dtree.c(1315): Comp split 25
INFO: dtree.c(1439): stop. leaf nodes are specific
INFO: dtree.c(1478): Final simple tree
|( QUESTION0_0_R 1 -1.507e+05 2.607e+02 6.964e+02
|    ( - -1.843e+02 1 0)
|    ( QUESTION0 1 -1.503e+05 1.845e+02 6.944e+02
|        ( - -2.373e+03 1 0)
|        ( QUESTION0 -1 -1.477e+05 1.803e+02 6.834e+02
|            ( - -2.519e+04 2 0)
|            ( - -1.224e+05 1 0))))
s>    ( QUESTION0_0_R 1 -1.507e+05 2.607e+02 6.964e+02
s>        ( - -1.843e+02 1 0)
s>        ( QUESTION0 1 -1.503e+05 1.845e+02 6.944e+02
s>            ( - -2.373e+03 1 0)
s>            ( QUESTION0 -1 -1.477e+05 1.803e+02 6.834e+02
s>                ( - -2.519e+04 2 0)
s>                ( - -1.224e+05 1 0))))INFO: dtree.c(1315): Comp split 26
INFO: dtree.c(1439): stop. leaf nodes are specific
INFO: dtree.c(1478): Final simple tree
|( QUESTION0 1 -1.503e+05 1.845e+02 6.944e+02
|    ( - -2.373e+03 1 0)
|    ( QUESTION0 -1 -1.477e+05 1.803e+02 6.834e+02
|        ( - -2.519e+04 2 0)
|        ( - -1.224e+05 1 0)))
s>    ( QUESTION0 1 -1.503e+05 1.845e+02 6.944e+02
s>        ( - -2.373e+03 1 0)
s>        ( QUESTION0 -1 -1.477e+05 1.803e+02 6.834e+02
s>            ( - -2.519e+04 2 0)
s>            ( - -1.224e+05 1 0)))INFO: dtree.c(1315): Comp split 27
INFO: dtree.c(1439): stop. leaf nodes are specific
INFO: dtree.c(1478): Final simple tree
|( WDBNDRY_B 0 -6.253e+04 1.125e+02 2.816e+02
|    ( - -3.734e+04 2 0)
|    ( - -2.508e+04 1 0))
s>    ( WDBNDRY_B 0 -6.253e+04 1.125e+02 2.816e+02
s>        ( - -3.734e+04 2 0)
s>        ( - -2.508e+04 1 0))INFO: dtree.c(1315): Comp split 28
INFO: dtree.c(1439): stop. leaf nodes are specific
INFO: dtree.c(1478): Final simple tree
|( QUESTION0_1_R 1 -5.300e+04 1.403e+02 2.446e+02
|    ( - -4.085e+04 2 0)
|    ( - -1.201e+04 1 0))
s>    ( QUESTION0_1_R 1 -5.300e+04 1.403e+02 2.446e+02
s>        ( - -4.085e+04 2 0)
s>        ( - -1.201e+04 1 0))INFO: dtree.c(1439): stop. leaf nodes are specific
INFO: dtree.c(1478): Final simple tree
|( QUESTION0_0_R 1 -2.078e+04 2.093e+02 9.555e+01
|    ( - -2.430e+02 1 0)
|    ( WDBNDRY_E 0 -2.033e+04 9.748e+01 9.355e+01
|        ( QUESTION0_13_R 1 -1.120e+04 8.385e+01 5.205e+01
|            ( - -3.641e+03 1 0)
|            ( - -7.477e+03 1 0))
|        ( - -9.026e+03 1 0)))
s>    ( QUESTION0_0_R 1 -2.078e+04 2.093e+02 9.555e+01
s>        ( - -2.430e+02 1 0)
s>        ( WDBNDRY_E 0 -2.033e+04 9.748e+01 9.355e+01
s>            ( QUESTION0_13_R 1 -1.120e+04 8.385e+01 5.205e+01
s>                ( - -3.641e+03 1 0)
s>                ( - -7.477e+03 1 0))
s>            ( - -9.026e+03 1 0)))INFO: dtree.c(1315): Comp split 29
INFO: dtree.c(1439): stop. leaf nodes are specific
INFO: dtree.c(1478): Final simple tree
|( QUESTION0_0_R 1 -5.286e+03 8.983e+01 2.400e+01
|    ( - -3.055e+03 1 0)
|    ( - -2.141e+03 1 0))
s>    ( QUESTION0_0_R 1 -5.286e+03 8.983e+01 2.400e+01
s>        ( - -3.055e+03 1 0)
s>        ( - -2.141e+03 1 0))INFO: dtree.c(1315): Comp split 30
INFO: dtree.c(1439): stop. leaf nodes are specific
INFO: dtree.c(1478): Final simple tree
|( QUESTION15 -1 -6.559e+04 1.731e+02 3.142e+02
|    ( QUESTION0 1 -7.361e+03 1.103e+02 3.598e+01
|        ( - -1.049e+03 1 0)
|        ( - -6.203e+03 2 0))
|    ( QUESTION0 1 -5.805e+04 1.594e+02 2.782e+02
|        ( - -1.917e+03 1 0)
|        ( QUESTION0 -1 -5.598e+04 1.408e+02 2.682e+02
|            ( - -1.330e+04 2 0)
|            ( - -4.254e+04 2 0))))
s>    ( QUESTION15 -1 -6.559e+04 1.731e+02 3.142e+02
s>        ( QUESTION0 1 -7.361e+03 1.103e+02 3.598e+01
s>            ( - -1.049e+03 1 0)
s>            ( - -6.203e+03 2 0))
s>        ( QUESTION0 1 -5.805e+04 1.594e+02 2.782e+02
s>            ( - -1.917e+03 1 0)
s>            ( QUESTION0 -1 -5.598e+04 1.408e+02 2.682e+02
s>                ( - -1.330e+04 2 0)
s>                ( - -4.254e+04 2 0))))INFO: dtree.c(1439): stop. leaf nodes are specific
INFO: dtree.c(1478): Final simple tree
|( QUESTION0 1 -1.653e+04 1.752e+02 7.883e+01
|    ( - -9.524e+02 1 0)
|    ( - -1.540e+04 2 0))
s>    ( QUESTION0 1 -1.653e+04 1.752e+02 7.883e+01
s>        ( - -9.524e+02 1 0)
s>        ( - -1.540e+04 2 0))INFO: dtree.c(1315): Comp split 31
INFO: dtree.c(1315): Comp split 32
INFO: dtree.c(1439): stop. leaf nodes are specific
INFO: dtree.c(1478): Final simple tree
|( WDBNDRY_E 0 -2.033e+04 9.748e+01 9.355e+01
|    ( QUESTION0_13_R 1 -1.120e+04 8.385e+01 5.205e+01
|        ( - -3.641e+03 1 0)
|        ( - -7.477e+03 1 0))
|    ( - -9.026e+03 1 0))
s>    ( WDBNDRY_E 0 -2.033e+04 9.748e+01 9.355e+01
s>        ( QUESTION0_13_R 1 -1.120e+04 8.385e+01 5.205e+01
s>            ( - -3.641e+03 1 0)
s>            ( - -7.477e+03 1 0))
s>        ( - -9.026e+03 1 0))INFO: dtree.c(1315): Comp split 33
INFO: dtree.c(1439): stop. leaf nodes are specific
INFO: dtree.c(1478): Final simple tree
|( QUESTION0_13_R 1 -1.976e+04 1.593e+02 9.333e+01
|    ( - -5.459e+02 1 0)
|    ( QUESTION0_2_R 1 -1.906e+04 1.320e+02 9.033e+01
|        ( - -4.442e+03 1 0)
|        ( WDBNDRY_B 0 -1.449e+04 9.559e+01 6.875e+01
|            ( - -1.212e+04 1 0)
|            ( - -2.267e+03 1 0))))
s>    ( QUESTION0_13_R 1 -1.976e+04 1.593e+02 9.333e+01
s>        ( - -5.459e+02 1 0)
s>        ( QUESTION0_2_R 1 -1.906e+04 1.320e+02 9.033e+01
s>            ( - -4.442e+03 1 0)
s>            ( WDBNDRY_B 0 -1.449e+04 9.559e+01 6.875e+01
s>                ( - -1.212e+04 1 0)
s>                ( - -2.267e+03 1 0))))INFO: dtree.c(1315): Comp split 34
INFO: dtree.c(1439): stop. leaf nodes are specific
INFO: dtree.c(1478): Final simple tree
|( QUESTION0 -1 -1.477e+05 1.803e+02 6.834e+02
|    ( - -2.519e+04 2 0)
|    ( - -1.224e+05 1 0))
s>    ( QUESTION0 -1 -1.477e+05 1.803e+02 6.834e+02
s>        ( - -2.519e+04 2 0)
s>        ( - -1.224e+05 1 0))INFO: dtree.c(1315): Comp split 35
INFO: dtree.c(1439): stop. leaf nodes are specific
INFO: dtree.c(1478): Final simple tree
|( WDBNDRY_B 0 -6.979e+03 1.386e+02 3.300e+01
|    ( - -1.170e+03 1 0)
|    ( QUESTION0_0_R 1 -5.670e+03 1.151e+02 2.700e+01
|        ( - -3.920e+03 1 0)
|        ( - -1.634e+03 1 0)))
s>    ( WDBNDRY_B 0 -6.979e+03 1.386e+02 3.300e+01
s>        ( - -1.170e+03 1 0)
s>        ( QUESTION0_0_R 1 -5.670e+03 1.151e+02 2.700e+01
s>            ( - -3.920e+03 1 0)
s>            ( - -1.634e+03 1 0)))INFO: dtree.c(1315): Comp split 36
INFO: dtree.c(1315): Comp split 37
INFO: dtree.c(1439): stop. leaf nodes are specific
INFO: dtree.c(1478): Final simple tree
|( QUESTION0 1 -7.226e+04 8.742e+01 3.430e+02
|    ( QUESTION0_0_R 1 -4.397e+03 8.128e+01 2.101e+01
|        ( - -2.273e+03 1 0)
|        ( - -2.043e+03 1 0))
|    ( - -6.777e+04 2 0))
s>    ( QUESTION0 1 -7.226e+04 8.742e+01 3.430e+02
s>        ( QUESTION0_0_R 1 -4.397e+03 8.128e+01 2.101e+01
s>            ( - -2.273e+03 1 0)
s>            ( - -2.043e+03 1 0))
s>        ( - -6.777e+04 2 0))INFO: dtree.c(1315): Comp split 38
INFO: dtree.c(1315): Comp split 39
INFO: dtree.c(1439): stop. leaf nodes are specific
INFO: dtree.c(1478): Final simple tree
|( QUESTION0 1 -5.805e+04 1.594e+02 2.782e+02
|    ( - -1.917e+03 1 0)
|    ( QUESTION0 -1 -5.598e+04 1.408e+02 2.682e+02
|        ( - -1.330e+04 2 0)
|        ( - -4.254e+04 2 0)))
s>    ( QUESTION0 1 -5.805e+04 1.594e+02 2.782e+02
s>        ( - -1.917e+03 1 0)
s>        ( QUESTION0 -1 -5.598e+04 1.408e+02 2.682e+02
s>            ( - -1.330e+04 2 0)
s>            ( - -4.254e+04 2 0)))INFO: dtree.c(1439): stop. leaf nodes are specific
INFO: dtree.c(1478): Final simple tree
|( QUESTION0 1 -7.361e+03 1.103e+02 3.598e+01
|    ( - -1.049e+03 1 0)
|    ( - -6.203e+03 2 0))
s>    ( QUESTION0 1 -7.361e+03 1.103e+02 3.598e+01
s>        ( - -1.049e+03 1 0)
s>        ( - -6.203e+03 2 0))INFO: dtree.c(1315): Comp split 40
INFO: dtree.c(1439): stop. leaf nodes are specific
INFO: dtree.c(1478): Final simple tree
|( WDBNDRY_B 0 -1.151e+05 1.626e+02 5.313e+02
|    ( QUESTION0 1 -1.144e+05 1.278e+02 5.283e+02
|        ( - -5.175e+03 1 0)
|        ( - -1.091e+05 6 0))
|    ( - -5.360e+02 1 0))
s>    ( WDBNDRY_B 0 -1.151e+05 1.626e+02 5.313e+02
s>        ( QUESTION0 1 -1.144e+05 1.278e+02 5.283e+02
s>            ( - -5.175e+03 1 0)
s>            ( - -1.091e+05 6 0))
s>        ( - -5.360e+02 1 0))INFO: dtree.c(1315): Comp split 41
INFO: dtree.c(1439): stop. leaf nodes are specific
INFO: dtree.c(1478): Final simple tree
|( QUESTION0 1 -1.144e+05 1.278e+02 5.283e+02
|    ( - -5.175e+03 1 0)
|    ( - -1.091e+05 6 0))
s>    ( QUESTION0 1 -1.144e+05 1.278e+02 5.283e+02
s>        ( - -5.175e+03 1 0)
s>        ( - -1.091e+05 6 0))INFO: dtree.c(1315): Comp split 42
INFO: dtree.c(1439): stop. leaf nodes are specific
INFO: dtree.c(1478): Final simple tree
|( QUESTION0 -1 -5.598e+04 1.408e+02 2.682e+02
|    ( - -1.330e+04 2 0)
|    ( - -4.254e+04 2 0))
s>    ( QUESTION0 -1 -5.598e+04 1.408e+02 2.682e+02
s>        ( - -1.330e+04 2 0)
s>        ( - -4.254e+04 2 0))INFO: dtree.c(1315): Comp split 43
INFO: dtree.c(1439): stop. leaf nodes are specific
INFO: dtree.c(1478): Final simple tree
|( QUESTION0_2_R 1 -1.906e+04 1.320e+02 9.033e+01
|    ( - -4.442e+03 1 0)
|    ( WDBNDRY_B 0 -1.449e+04 9.559e+01 6.875e+01
|        ( - -1.212e+04 1 0)
|        ( - -2.267e+03 1 0)))
s>    ( QUESTION0_2_R 1 -1.906e+04 1.320e+02 9.033e+01
s>        ( - -4.442e+03 1 0)
s>        ( WDBNDRY_B 0 -1.449e+04 9.559e+01 6.875e+01
s>            ( - -1.212e+04 1 0)
s>            ( - -2.267e+03 1 0)))INFO: dtree.c(1315): Comp split 44
INFO: dtree.c(1439): stop. leaf nodes are specific
INFO: dtree.c(1478): Final simple tree
|( QUESTION0_0_R 1 -1.483e+04 9.918e+01 6.995e+01
|    ( - -9.553e+03 1 0)
|    ( - -5.172e+03 1 0))
s>    ( QUESTION0_0_R 1 -1.483e+04 9.918e+01 6.995e+01
s>        ( - -9.553e+03 1 0)
s>        ( - -5.172e+03 1 0))INFO: dtree.c(1315): Comp split 45
INFO: dtree.c(1315): Comp split 46
INFO: dtree.c(1315): Comp split 47
INFO: dtree.c(1315): Comp split 48
INFO: dtree.c(1439): stop. leaf nodes are specific
INFO: dtree.c(1478): Final simple tree
|( QUESTION0_0_R 1 -5.670e+03 1.151e+02 2.700e+01
|    ( - -3.920e+03 1 0)
|    ( - -1.634e+03 1 0))
s>    ( QUESTION0_0_R 1 -5.670e+03 1.151e+02 2.700e+01
s>        ( - -3.920e+03 1 0)
s>        ( - -1.634e+03 1 0))INFO: dtree.c(1315): Comp split 49
INFO: dtree.c(1439): stop. leaf nodes are specific
INFO: dtree.c(1478): Final simple tree
|( WDBNDRY_E 0 -3.547e+04 1.053e+02 1.644e+02
|    ( - -9.888e+02 1 0)
|    ( - -3.438e+04 1 0))
s>    ( WDBNDRY_E 0 -3.547e+04 1.053e+02 1.644e+02
s>        ( - -9.888e+02 1 0)
s>        ( - -3.438e+04 1 0))INFO: dtree.c(1315): Comp split 50
INFO: dtree.c(1439): stop. leaf nodes are specific
INFO: dtree.c(1478): Final simple tree
|( WDBNDRY_B 0 -1.449e+04 9.559e+01 6.875e+01
|    ( - -1.212e+04 1 0)
|    ( - -2.267e+03 1 0))
s>    ( WDBNDRY_B 0 -1.449e+04 9.559e+01 6.875e+01
s>        ( - -1.212e+04 1 0)
s>        ( - -2.267e+03 1 0))INFO: dtree.c(1315): Comp split 51
INFO: dtree.c(1315): Comp split 52
INFO: dtree.c(1439): stop. leaf nodes are specific
INFO: dtree.c(1478): Final simple tree
|( QUESTION0_3_R 1 -1.991e+04 1.215e+02 9.236e+01
|    ( - -2.349e+03 1 0)
|    ( QUESTION0_6_R 1 -1.744e+04 1.108e+02 8.136e+01
|        ( - -1.839e+03 1 0)
|        ( - -1.549e+04 1 0)))
s>    ( QUESTION0_3_R 1 -1.991e+04 1.215e+02 9.236e+01
s>        ( - -2.349e+03 1 0)
s>        ( QUESTION0_6_R 1 -1.744e+04 1.108e+02 8.136e+01
s>            ( - -1.839e+03 1 0)
s>            ( - -1.549e+04 1 0)))INFO: dtree.c(1315): Comp split 53
INFO: dtree.c(1315): Comp split 54
INFO: dtree.c(1439): stop. leaf nodes are specific
INFO: dtree.c(1478): Final simple tree
|( QUESTION0_6_R 1 -1.744e+04 1.108e+02 8.136e+01
|    ( - -1.839e+03 1 0)
|    ( - -1.549e+04 1 0))
s>    ( QUESTION0_6_R 1 -1.744e+04 1.108e+02 8.136e+01
s>        ( - -1.839e+03 1 0)
s>        ( - -1.549e+04 1 0))INFO: dtree.c(1315): Comp split 55
INFO: dtree.c(1315): Comp split 56
INFO: dtree.c(1315): Comp split 57
INFO: dtree.c(1315): Comp split 58
INFO: dtree.c(1315): Comp split 59
INFO: dtree.c(1315): Comp split 60
INFO: dtree.c(1315): Comp split 61
INFO: dtree.c(1315): Comp split 62
INFO: dtree.c(1315): Comp split 63
INFO: dtree.c(1439): stop. leaf nodes are specific
INFO: dtree.c(1478): Final simple tree
|( QUESTION0_13_R 1 -1.120e+04 8.385e+01 5.205e+01
|    ( - -3.641e+03 1 0)
|    ( - -7.477e+03 1 0))
s>    ( QUESTION0_13_R 1 -1.120e+04 8.385e+01 5.205e+01
s>        ( - -3.641e+03 1 0)
s>        ( - -7.477e+03 1 0))INFO: dtree.c(1315): Comp split 64
INFO: dtree.c(1315): Comp split 65
INFO: dtree.c(1315): Comp split 66
INFO: dtree.c(1439): stop. leaf nodes are specific
INFO: dtree.c(1478): Final simple tree
|( QUESTION0_0_R 1 -4.397e+03 8.128e+01 2.101e+01
|    ( - -2.273e+03 1 0)
|    ( - -2.043e+03 1 0))
s>    ( QUESTION0_0_R 1 -4.397e+03 8.128e+01 2.101e+01
s>        ( - -2.273e+03 1 0)
s>        ( - -2.043e+03 1 0))INFO: dtree.c(1315): Comp split 67
INFO: dtree.c(1315): Comp split 68
INFO: dtree.c(1315): Comp split 69
INFO: dtree.c(1318): stop. leaf nodes are specific
Wed Dec 20 23:52:24 2017
