Current configuration:
[NAME]		[DEFLT]	[VALUE]
-allphones	no	no
-cntthresh	0.00001	1.000000e-05
-csplitmax	100	2000
-csplitmin	1	1
-csplitthr	8e-4	0.000000e+00
-example	no	no
-fullvar	no	no
-help		no	no
-meanfn			/home/alex/repos/speech/an4/model_parameters/an4.cd_cont_untied/means
-mixwfn			/home/alex/repos/speech/an4/model_parameters/an4.cd_cont_untied/mixture_weights
-moddeffn		/home/alex/repos/speech/an4/model_architecture/an4.untied.mdef
-mwfloor	1e-4	1.000000e-08
-phone			CH
-psetfn			/home/alex/repos/speech/an4/model_architecture/an4.tree_questions
-ssplitmax	5	7
-ssplitmin	1	1
-ssplitthr	8e-4	0.000000e+00
-state			0
-stwt			1.0,0.05,0.0,
-treefn			/home/alex/repos/speech/an4/trees/an4.unpruned/CH-0.dtree
-ts2cbfn	.semi.	.cont.
-varfloor	0.00001	1.000000e-05
-varfn			/home/alex/repos/speech/an4/model_parameters/an4.cd_cont_untied/variances

INFO: main.c(223): Reading: /home/alex/repos/speech/an4/model_architecture/an4.untied.mdef
INFO: model_def_io.c(573): Model definition info:
INFO: model_def_io.c(574): 1618 total models defined (34 base, 1584 tri)
INFO: model_def_io.c(575): 6472 total states
INFO: model_def_io.c(576): 4854 total tied states
INFO: model_def_io.c(577): 102 total tied CI states
INFO: model_def_io.c(578): 34 total tied transition matrices
INFO: model_def_io.c(579): 4 max state/model
INFO: model_def_io.c(580): 4 min state/model
INFO: main.c(242): Building trees for [CH EY AA e] through [CH R TH e]
INFO: main.c(269): Covering states |[789 860]| == 72
INFO: main.c(275): Reading: /home/alex/repos/speech/an4/model_parameters/an4.cd_cont_untied/mixture_weights
INFO: s3mixw_io.c(173): Read /home/alex/repos/speech/an4/model_parameters/an4.cd_cont_untied/mixture_weights [72x1x1 array]
INFO: main.c(311): 24 of 24 models have observation count greater than 0.000010
INFO: main.c(95): nrm stwt: 0.952 0.048 0.000 
INFO: s3gau_io.c(169): Read /home/alex/repos/speech/an4/model_parameters/an4.cd_cont_untied/means [4854x1x1 array]
INFO: s3gau_io.c(169): Read /home/alex/repos/speech/an4/model_parameters/an4.cd_cont_untied/variances [4854x1x1 array]
INFO: main.c(549): Reading: /home/alex/repos/speech/an4/model_architecture/an4.tree_questions
INFO: main.c(588): 180 total simple questions (172 phone; 8 word bndry)
INFO: main.c(590): 42 Left Only questions, and 42 Right Only questions
INFO: dtree.c(1478): Final simple tree
|( SILENCE 1 -1.640e+05 6.766e+02 7.357e+02
|    ( - -7.128e+04 1 0)
|    ( QUESTION17 1 -9.200e+04 1.949e+02 4.059e+02
|        ( QUESTION0_6_R 1 -2.401e+03 1.323e+02 1.100e+01
|            ( - -1.061e+03 1 0)
|            ( - -1.208e+03 1 0))
|        ( QUESTION19 1 -8.940e+04 1.355e+02 3.949e+02
|            ( - -4.515e+03 2 0 QUESTION0_7_R 1 8.412e+01 2.000e+01)
|            ( QUESTION0 -1 -8.475e+04 1.316e+02 3.749e+02
|                ( QUESTION0_3_R 1 -1.387e+03 1.240e+02 6.000e+00
|                    ( - -6.718e+02 1 0)
|                    ( - -5.910e+02 1 0))
|                ( QUESTION2 1 -8.323e+04 1.104e+02 3.689e+02
|                    ( - -1.204e+03 1 0)
|                    ( - -8.192e+04 16 0 QUESTION0_1_R 1 1.093e+02 3.629e+02))))))
s>    ( SILENCE 1 -1.640e+05 6.766e+02 7.357e+02
s>        ( - -7.128e+04 1 0)
s>        ( QUESTION17 1 -9.200e+04 1.949e+02 4.059e+02
s>            ( QUESTION0_6_R 1 -2.401e+03 1.323e+02 1.100e+01
s>                ( - -1.061e+03 1 0)
s>                ( - -1.208e+03 1 0))
s>            ( QUESTION19 1 -8.940e+04 1.355e+02 3.949e+02
s>                ( - -4.515e+03 2 0 QUESTION0_7_R 1 8.412e+01 2.000e+01)
s>                ( QUESTION0 -1 -8.475e+04 1.316e+02 3.749e+02
s>                    ( QUESTION0_3_R 1 -1.387e+03 1.240e+02 6.000e+00
s>                        ( - -6.718e+02 1 0)
s>                        ( - -5.910e+02 1 0))
s>                    ( QUESTION2 1 -8.323e+04 1.104e+02 3.689e+02
s>                        ( - -1.204e+03 1 0)
s>                        ( - -8.192e+04 16 0 QUESTION0_1_R 1 1.093e+02 3.629e+02))))))INFO: dtree.c(1315): Comp split 0
INFO: dtree.c(1478): Final simple tree
|( QUESTION19 1 -8.940e+04 1.355e+02 3.949e+02
|    ( - -4.515e+03 2 0 QUESTION0_7_R 1 8.412e+01 2.000e+01)
|    ( QUESTION0 -1 -8.475e+04 1.316e+02 3.749e+02
|        ( QUESTION0_3_R 1 -1.387e+03 1.240e+02 6.000e+00
|            ( - -6.718e+02 1 0)
|            ( - -5.910e+02 1 0))
|        ( QUESTION2 1 -8.323e+04 1.104e+02 3.689e+02
|            ( - -1.204e+03 1 0)
|            ( QUESTION0_1_R 1 -8.192e+04 1.093e+02 3.629e+02
|                ( - -5.235e+03 2 0)
|                ( QUESTION0_6_R 1 -7.657e+04 9.740e+01 3.389e+02
|                    ( - -5.843e+02 1 0)
|                    ( QUESTION0_14_R 1 -7.589e+04 9.508e+01 3.359e+02
|                        ( - -2.365e+03 1 0)
|                        ( - -7.343e+04 12 0 QUESTION0_10_R 1 9.399e+01 3.249e+02)))))))
s>    ( QUESTION19 1 -8.940e+04 1.355e+02 3.949e+02
s>        ( - -4.515e+03 2 0 QUESTION0_7_R 1 8.412e+01 2.000e+01)
s>        ( QUESTION0 -1 -8.475e+04 1.316e+02 3.749e+02
s>            ( QUESTION0_3_R 1 -1.387e+03 1.240e+02 6.000e+00
s>                ( - -6.718e+02 1 0)
s>                ( - -5.910e+02 1 0))
s>            ( QUESTION2 1 -8.323e+04 1.104e+02 3.689e+02
s>                ( - -1.204e+03 1 0)
s>                ( QUESTION0_1_R 1 -8.192e+04 1.093e+02 3.629e+02
s>                    ( - -5.235e+03 2 0)
s>                    ( QUESTION0_6_R 1 -7.657e+04 9.740e+01 3.389e+02
s>                        ( - -5.843e+02 1 0)
s>                        ( QUESTION0_14_R 1 -7.589e+04 9.508e+01 3.359e+02
s>                            ( - -2.365e+03 1 0)
s>                            ( - -7.343e+04 12 0 QUESTION0_10_R 1 9.399e+01 3.249e+02)))))))INFO: dtree.c(1439): stop. leaf nodes are specific
INFO: dtree.c(1478): Final simple tree
|( QUESTION0_9_R 1 -7.387e+04 1.904e+02 3.408e+02
|    ( - -1.208e+03 1 0)
|    ( SILENCE 1 -7.247e+04 1.302e+02 3.348e+02
|        ( - -7.128e+04 1 0)
|        ( - -1.061e+03 1 0)))
s>    ( QUESTION0_9_R 1 -7.387e+04 1.904e+02 3.408e+02
s>        ( - -1.208e+03 1 0)
s>        ( SILENCE 1 -7.247e+04 1.302e+02 3.348e+02
s>            ( - -7.128e+04 1 0)
s>            ( - -1.061e+03 1 0)))INFO: dtree.c(1315): Comp split 1
INFO: dtree.c(1439): stop. leaf nodes are specific
INFO: dtree.c(1478): Final simple tree
|( SILENCE 1 -7.247e+04 1.302e+02 3.348e+02
|    ( - -7.128e+04 1 0)
|    ( - -1.061e+03 1 0))
s>    ( SILENCE 1 -7.247e+04 1.302e+02 3.348e+02
s>        ( - -7.128e+04 1 0)
s>        ( - -1.061e+03 1 0))INFO: dtree.c(1315): Comp split 2
INFO: dtree.c(1478): Final simple tree
|( QUESTION0 -1 -8.475e+04 1.316e+02 3.749e+02
|    ( QUESTION0_3_R 1 -1.387e+03 1.240e+02 6.000e+00
|        ( - -6.718e+02 1 0)
|        ( - -5.910e+02 1 0))
|    ( QUESTION2 1 -8.323e+04 1.104e+02 3.689e+02
|        ( - -1.204e+03 1 0)
|        ( QUESTION0_1_R 1 -8.192e+04 1.093e+02 3.629e+02
|            ( - -5.235e+03 2 0)
|            ( QUESTION0_6_R 1 -7.657e+04 9.740e+01 3.389e+02
|                ( - -5.843e+02 1 0)
|                ( QUESTION0_14_R 1 -7.589e+04 9.508e+01 3.359e+02
|                    ( - -2.365e+03 1 0)
|                    ( QUESTION0_10_R 1 -7.343e+04 9.399e+01 3.249e+02
|                        ( - -8.269e+03 1 0)
|                        ( - -6.507e+04 11 0 QUESTION0_13_R 1 9.435e+01 2.878e+02)))))))
s>    ( QUESTION0 -1 -8.475e+04 1.316e+02 3.749e+02
s>        ( QUESTION0_3_R 1 -1.387e+03 1.240e+02 6.000e+00
s>            ( - -6.718e+02 1 0)
s>            ( - -5.910e+02 1 0))
s>        ( QUESTION2 1 -8.323e+04 1.104e+02 3.689e+02
s>            ( - -1.204e+03 1 0)
s>            ( QUESTION0_1_R 1 -8.192e+04 1.093e+02 3.629e+02
s>                ( - -5.235e+03 2 0)
s>                ( QUESTION0_6_R 1 -7.657e+04 9.740e+01 3.389e+02
s>                    ( - -5.843e+02 1 0)
s>                    ( QUESTION0_14_R 1 -7.589e+04 9.508e+01 3.359e+02
s>                        ( - -2.365e+03 1 0)
s>                        ( QUESTION0_10_R 1 -7.343e+04 9.399e+01 3.249e+02
s>                            ( - -8.269e+03 1 0)
s>                            ( - -6.507e+04 11 0 QUESTION0_13_R 1 9.435e+01 2.878e+02)))))))INFO: dtree.c(1439): stop. leaf nodes are specific
INFO: dtree.c(1478): Final simple tree
|( QUESTION0_7_R 1 -4.515e+03 8.412e+01 2.000e+01
|    ( - -3.231e+03 1 0)
|    ( - -1.200e+03 1 0))
s>    ( QUESTION0_7_R 1 -4.515e+03 8.412e+01 2.000e+01
s>        ( - -3.231e+03 1 0)
s>        ( - -1.200e+03 1 0))INFO: dtree.c(1315): Comp split 3
INFO: dtree.c(1478): Final simple tree
|( QUESTION2 1 -8.323e+04 1.104e+02 3.689e+02
|    ( - -1.204e+03 1 0)
|    ( QUESTION0_1_R 1 -8.192e+04 1.093e+02 3.629e+02
|        ( - -5.235e+03 2 0)
|        ( QUESTION0_6_R 1 -7.657e+04 9.740e+01 3.389e+02
|            ( - -5.843e+02 1 0)
|            ( QUESTION0_14_R 1 -7.589e+04 9.508e+01 3.359e+02
|                ( - -2.365e+03 1 0)
|                ( QUESTION0_10_R 1 -7.343e+04 9.399e+01 3.249e+02
|                    ( - -8.269e+03 1 0)
|                    ( QUESTION0_13_R 1 -6.507e+04 9.435e+01 2.878e+02
|                        ( QUESTION4 1 -4.574e+04 1.085e+02 2.035e+02
|                            ( - -2.628e+03 1 0)
|                            ( - -4.301e+04 3 0 QUESTION0 1 8.781e+01 1.915e+02))
|                        ( - -1.923e+04 7 0 QUESTION1 1 1.009e+02 8.430e+01)))))))
s>    ( QUESTION2 1 -8.323e+04 1.104e+02 3.689e+02
s>        ( - -1.204e+03 1 0)
s>        ( QUESTION0_1_R 1 -8.192e+04 1.093e+02 3.629e+02
s>            ( - -5.235e+03 2 0)
s>            ( QUESTION0_6_R 1 -7.657e+04 9.740e+01 3.389e+02
s>                ( - -5.843e+02 1 0)
s>                ( QUESTION0_14_R 1 -7.589e+04 9.508e+01 3.359e+02
s>                    ( - -2.365e+03 1 0)
s>                    ( QUESTION0_10_R 1 -7.343e+04 9.399e+01 3.249e+02
s>                        ( - -8.269e+03 1 0)
s>                        ( QUESTION0_13_R 1 -6.507e+04 9.435e+01 2.878e+02
s>                            ( QUESTION4 1 -4.574e+04 1.085e+02 2.035e+02
s>                                ( - -2.628e+03 1 0)
s>                                ( - -4.301e+04 3 0 QUESTION0 1 8.781e+01 1.915e+02))
s>                            ( - -1.923e+04 7 0 QUESTION1 1 1.009e+02 8.430e+01)))))))INFO: dtree.c(1439): stop. leaf nodes are specific
INFO: dtree.c(1478): Final simple tree
|( QUESTION0_3_R 1 -1.387e+03 1.240e+02 6.000e+00
|    ( - -6.718e+02 1 0)
|    ( - -5.910e+02 1 0))
s>    ( QUESTION0_3_R 1 -1.387e+03 1.240e+02 6.000e+00
s>        ( - -6.718e+02 1 0)
s>        ( - -5.910e+02 1 0))INFO: dtree.c(1315): Comp split 4
INFO: dtree.c(1315): Comp split 5
INFO: dtree.c(1315): Comp split 6
INFO: dtree.c(1439): stop. leaf nodes are specific
INFO: dtree.c(1478): Final simple tree
|( QUESTION0_15_R 1 -5.762e+03 9.844e+01 2.600e+01
|    ( - -2.628e+03 1 0)
|    ( QUESTION0_0_R 1 -3.036e+03 8.599e+01 1.400e+01
|        ( - -5.843e+02 1 0)
|        ( - -2.365e+03 1 0)))
s>    ( QUESTION0_15_R 1 -5.762e+03 9.844e+01 2.600e+01
s>        ( - -2.628e+03 1 0)
s>        ( QUESTION0_0_R 1 -3.036e+03 8.599e+01 1.400e+01
s>            ( - -5.843e+02 1 0)
s>            ( - -2.365e+03 1 0)))INFO: dtree.c(1478): Final simple tree
|( QUESTION0_14_R 1 -7.735e+04 1.100e+02 3.429e+02
|    ( - -1.204e+03 1 0)
|    ( QUESTION0_1_R 1 -7.604e+04 1.087e+02 3.369e+02
|        ( - -5.235e+03 2 0)
|        ( QUESTION0_10_R 1 -7.069e+04 9.590e+01 3.129e+02
|            ( - -8.269e+03 1 0)
|            ( QUESTION1 1 -6.233e+04 9.166e+01 2.758e+02
|                ( QUESTION0_13_R 1 -2.611e+04 8.138e+01 1.166e+02
|                    ( - -2.303e+04 1 0)
|                    ( - -2.993e+03 1 0))
|                ( QUESTION0_13_R 1 -3.613e+04 1.069e+02 1.592e+02
|                    ( - -1.989e+04 2 0)
|                    ( QUESTION0_5_R 1 -1.613e+04 8.398e+01 7.030e+01
|                        ( - -1.044e+03 1 0)
|                        ( - -1.501e+04 5 0 QUESTION15 1 7.626e+01 6.530e+01)))))))
s>    ( QUESTION0_14_R 1 -7.735e+04 1.100e+02 3.429e+02
s>        ( - -1.204e+03 1 0)
s>        ( QUESTION0_1_R 1 -7.604e+04 1.087e+02 3.369e+02
s>            ( - -5.235e+03 2 0)
s>            ( QUESTION0_10_R 1 -7.069e+04 9.590e+01 3.129e+02
s>                ( - -8.269e+03 1 0)
s>                ( QUESTION1 1 -6.233e+04 9.166e+01 2.758e+02
s>                    ( QUESTION0_13_R 1 -2.611e+04 8.138e+01 1.166e+02
s>                        ( - -2.303e+04 1 0)
s>                        ( - -2.993e+03 1 0))
s>                    ( QUESTION0_13_R 1 -3.613e+04 1.069e+02 1.592e+02
s>                        ( - -1.989e+04 2 0)
s>                        ( QUESTION0_5_R 1 -1.613e+04 8.398e+01 7.030e+01
s>                            ( - -1.044e+03 1 0)
s>                            ( - -1.501e+04 5 0 QUESTION15 1 7.626e+01 6.530e+01)))))))INFO: dtree.c(1315): Comp split 7
INFO: dtree.c(1439): stop. leaf nodes are specific
INFO: dtree.c(1478): Final simple tree
|( QUESTION0_13_R 1 -2.468e+04 1.063e+02 1.084e+02
|    ( - -1.204e+03 1 0)
|    ( QUESTION0_5_R 1 -2.337e+04 9.376e+01 1.024e+02
|        ( - -8.269e+03 1 0)
|        ( QUESTION15 1 -1.501e+04 7.626e+01 6.530e+01
|            ( - -1.322e+03 1 0)
|            ( QUESTION0_0_R 1 -1.361e+04 7.210e+01 5.930e+01
|                ( - -3.822e+03 1 0)
|                ( - -9.713e+03 3 0)))))
s>    ( QUESTION0_13_R 1 -2.468e+04 1.063e+02 1.084e+02
s>        ( - -1.204e+03 1 0)
s>        ( QUESTION0_5_R 1 -2.337e+04 9.376e+01 1.024e+02
s>            ( - -8.269e+03 1 0)
s>            ( QUESTION15 1 -1.501e+04 7.626e+01 6.530e+01
s>                ( - -1.322e+03 1 0)
s>                ( QUESTION0_0_R 1 -1.361e+04 7.210e+01 5.930e+01
s>                    ( - -3.822e+03 1 0)
s>                    ( - -9.713e+03 3 0)))))INFO: dtree.c(1439): stop. leaf nodes are specific
INFO: dtree.c(1478): Final simple tree
|( QUESTION0_1_R 1 -5.254e+04 9.910e+01 2.345e+02
|    ( - -5.235e+03 2 0)
|    ( QUESTION5 1 -4.720e+04 8.885e+01 2.105e+02
|        ( - -2.303e+04 1 0)
|        ( QUESTION0_13_R 1 -2.408e+04 7.995e+01 1.079e+02
|            ( - -1.989e+04 2 0)
|            ( QUESTION0_0_R 1 -4.116e+03 7.833e+01 1.899e+01
|                ( - -1.044e+03 1 0)
|                ( - -2.993e+03 1 0)))))
s>    ( QUESTION0_1_R 1 -5.254e+04 9.910e+01 2.345e+02
s>        ( - -5.235e+03 2 0)
s>        ( QUESTION5 1 -4.720e+04 8.885e+01 2.105e+02
s>            ( - -2.303e+04 1 0)
s>            ( QUESTION0_13_R 1 -2.408e+04 7.995e+01 1.079e+02
s>                ( - -1.989e+04 2 0)
s>                ( QUESTION0_0_R 1 -4.116e+03 7.833e+01 1.899e+01
s>                    ( - -1.044e+03 1 0)
s>                    ( - -2.993e+03 1 0)))))INFO: dtree.c(1315): Comp split 8
INFO: dtree.c(1439): stop. leaf nodes are specific
INFO: dtree.c(1478): Final simple tree
|( QUESTION0_5_R 1 -2.337e+04 9.376e+01 1.024e+02
|    ( - -8.269e+03 1 0)
|    ( QUESTION15 1 -1.501e+04 7.626e+01 6.530e+01
|        ( - -1.322e+03 1 0)
|        ( QUESTION0_0_R 1 -1.361e+04 7.210e+01 5.930e+01
|            ( - -3.822e+03 1 0)
|            ( - -9.713e+03 3 0))))
s>    ( QUESTION0_5_R 1 -2.337e+04 9.376e+01 1.024e+02
s>        ( - -8.269e+03 1 0)
s>        ( QUESTION15 1 -1.501e+04 7.626e+01 6.530e+01
s>            ( - -1.322e+03 1 0)
s>            ( QUESTION0_0_R 1 -1.361e+04 7.210e+01 5.930e+01
s>                ( - -3.822e+03 1 0)
s>                ( - -9.713e+03 3 0))))INFO: dtree.c(1315): Comp split 9
INFO: dtree.c(1439): stop. leaf nodes are specific
INFO: dtree.c(1478): Final simple tree
|( QUESTION5 1 -4.720e+04 8.885e+01 2.105e+02
|    ( - -2.303e+04 1 0)
|    ( QUESTION0_13_R 1 -2.408e+04 7.995e+01 1.079e+02
|        ( - -1.989e+04 2 0)
|        ( QUESTION0_0_R 1 -4.116e+03 7.833e+01 1.899e+01
|            ( - -1.044e+03 1 0)
|            ( - -2.993e+03 1 0))))
s>    ( QUESTION5 1 -4.720e+04 8.885e+01 2.105e+02
s>        ( - -2.303e+04 1 0)
s>        ( QUESTION0_13_R 1 -2.408e+04 7.995e+01 1.079e+02
s>            ( - -1.989e+04 2 0)
s>            ( QUESTION0_0_R 1 -4.116e+03 7.833e+01 1.899e+01
s>                ( - -1.044e+03 1 0)
s>                ( - -2.993e+03 1 0))))INFO: dtree.c(1315): Comp split 10
INFO: dtree.c(1439): stop. leaf nodes are specific
INFO: dtree.c(1478): Final simple tree
|( QUESTION0_0_R 1 -3.036e+03 8.599e+01 1.400e+01
|    ( - -5.843e+02 1 0)
|    ( - -2.365e+03 1 0))
s>    ( QUESTION0_0_R 1 -3.036e+03 8.599e+01 1.400e+01
s>        ( - -5.843e+02 1 0)
s>        ( - -2.365e+03 1 0))INFO: dtree.c(1315): Comp split 11
INFO: dtree.c(1439): stop. leaf nodes are specific
INFO: dtree.c(1478): Final simple tree
|( QUESTION0_0_R 1 -1.361e+04 7.210e+01 5.930e+01
|    ( - -3.822e+03 1 0)
|    ( - -9.713e+03 3 0))
s>    ( QUESTION0_0_R 1 -1.361e+04 7.210e+01 5.930e+01
s>        ( - -3.822e+03 1 0)
s>        ( - -9.713e+03 3 0))INFO: dtree.c(1439): stop. leaf nodes are specific
INFO: dtree.c(1478): Final simple tree
|( QUESTION0_3_R 1 -9.665e+03 7.379e+01 4.308e+01
|    ( - -1.322e+03 1 0)
|    ( - -8.269e+03 1 0))
s>    ( QUESTION0_3_R 1 -9.665e+03 7.379e+01 4.308e+01
s>        ( - -1.322e+03 1 0)
s>        ( - -8.269e+03 1 0))INFO: dtree.c(1315): Comp split 12
INFO: dtree.c(1439): stop. leaf nodes are specific
INFO: dtree.c(1478): Final simple tree
|( QUESTION0_13_R 1 -2.408e+04 7.995e+01 1.079e+02
|    ( - -1.989e+04 2 0)
|    ( QUESTION0_0_R 1 -4.116e+03 7.833e+01 1.899e+01
|        ( - -1.044e+03 1 0)
|        ( - -2.993e+03 1 0)))
s>    ( QUESTION0_13_R 1 -2.408e+04 7.995e+01 1.079e+02
s>        ( - -1.989e+04 2 0)
s>        ( QUESTION0_0_R 1 -4.116e+03 7.833e+01 1.899e+01
s>            ( - -1.044e+03 1 0)
s>            ( - -2.993e+03 1 0)))INFO: dtree.c(1315): Comp split 13
INFO: dtree.c(1315): Comp split 14
INFO: dtree.c(1315): Comp split 15
INFO: dtree.c(1439): stop. leaf nodes are specific
INFO: dtree.c(1478): Final simple tree
|( QUESTION0_0_R 1 -4.116e+03 7.833e+01 1.899e+01
|    ( - -1.044e+03 1 0)
|    ( - -2.993e+03 1 0))
s>    ( QUESTION0_0_R 1 -4.116e+03 7.833e+01 1.899e+01
s>        ( - -1.044e+03 1 0)
s>        ( - -2.993e+03 1 0))INFO: dtree.c(1315): Comp split 16
INFO: dtree.c(1315): Comp split 17
INFO: dtree.c(1315): Comp split 18
INFO: dtree.c(1315): Comp split 19
INFO: dtree.c(1318): stop. leaf nodes are specific
Wed Dec 20 23:52:16 2017
