Current configuration:
[NAME]		[DEFLT]	[VALUE]
-allphones	no	no
-cntthresh	0.00001	1.000000e-05
-csplitmax	100	2000
-csplitmin	1	1
-csplitthr	8e-4	0.000000e+00
-example	no	no
-fullvar	no	no
-help		no	no
-meanfn			/home/alex/repos/speech/an4/model_parameters/an4.cd_cont_untied/means
-mixwfn			/home/alex/repos/speech/an4/model_parameters/an4.cd_cont_untied/mixture_weights
-moddeffn		/home/alex/repos/speech/an4/model_architecture/an4.untied.mdef
-mwfloor	1e-4	1.000000e-08
-phone			IH
-psetfn			/home/alex/repos/speech/an4/model_architecture/an4.tree_questions
-ssplitmax	5	7
-ssplitmin	1	1
-ssplitthr	8e-4	0.000000e+00
-state			2
-stwt			1.0,0.05,0.0,
-treefn			/home/alex/repos/speech/an4/trees/an4.unpruned/IH-2.dtree
-ts2cbfn	.semi.	.cont.
-varfloor	0.00001	1.000000e-05
-varfn			/home/alex/repos/speech/an4/model_parameters/an4.cd_cont_untied/variances

INFO: main.c(223): Reading: /home/alex/repos/speech/an4/model_architecture/an4.untied.mdef
INFO: model_def_io.c(573): Model definition info:
INFO: model_def_io.c(574): 1618 total models defined (34 base, 1584 tri)
INFO: model_def_io.c(575): 6472 total states
INFO: model_def_io.c(576): 4854 total tied states
INFO: model_def_io.c(577): 102 total tied CI states
INFO: model_def_io.c(578): 34 total tied transition matrices
INFO: model_def_io.c(579): 4 max state/model
INFO: model_def_io.c(580): 4 min state/model
INFO: main.c(242): Building trees for [IH D S i] through [IH Z R i]
INFO: main.c(269): Covering states |[1809 1835]| == 27
INFO: main.c(275): Reading: /home/alex/repos/speech/an4/model_parameters/an4.cd_cont_untied/mixture_weights
INFO: s3mixw_io.c(173): Read /home/alex/repos/speech/an4/model_parameters/an4.cd_cont_untied/mixture_weights [27x1x1 array]
INFO: main.c(311): 9 of 9 models have observation count greater than 0.000010
INFO: main.c(95): nrm stwt: 0.000 0.048 0.952 
INFO: s3gau_io.c(169): Read /home/alex/repos/speech/an4/model_parameters/an4.cd_cont_untied/means [4854x1x1 array]
INFO: s3gau_io.c(169): Read /home/alex/repos/speech/an4/model_parameters/an4.cd_cont_untied/variances [4854x1x1 array]
INFO: main.c(549): Reading: /home/alex/repos/speech/an4/model_architecture/an4.tree_questions
INFO: main.c(588): 180 total simple questions (172 phone; 8 word bndry)
INFO: main.c(590): 42 Left Only questions, and 42 Right Only questions
INFO: dtree.c(1478): Final simple tree
|( QUESTION20 -1 -2.653e+05 3.029e+03 1.185e+03
|    ( QUESTION0_0_R 1 -2.032e+05 8.096e+02 9.239e+02
|        ( - -3.233e+04 1 0)
|        ( WDBNDRY_B 0 -1.700e+05 2.094e+02 7.720e+02
|            ( - -2.494e+02 1 0)
|            ( - -1.696e+05 1 0)))
|    ( QUESTION17 -1 -5.912e+04 7.982e+02 2.606e+02
|        ( - -2.245e+04 1 0)
|        ( WDBNDRY_B 0 -3.587e+04 4.921e+02 1.565e+02
|            ( QUESTION0_16_R 1 -2.726e+04 1.478e+02 1.194e+02
|                ( - -1.327e+03 2 0 SILENCE -1 1.367e+02 6.000e+00)
|                ( - -2.579e+04 1 0))
|            ( QUESTION0_1_R 1 -8.118e+03 2.301e+02 3.709e+01
|                ( - -2.401e+02 1 0)
|                ( - -7.648e+03 1 0)))))
s>    ( QUESTION20 -1 -2.653e+05 3.029e+03 1.185e+03
s>        ( QUESTION0_0_R 1 -2.032e+05 8.096e+02 9.239e+02
s>            ( - -3.233e+04 1 0)
s>            ( WDBNDRY_B 0 -1.700e+05 2.094e+02 7.720e+02
s>                ( - -2.494e+02 1 0)
s>                ( - -1.696e+05 1 0)))
s>        ( QUESTION17 -1 -5.912e+04 7.982e+02 2.606e+02
s>            ( - -2.245e+04 1 0)
s>            ( WDBNDRY_B 0 -3.587e+04 4.921e+02 1.565e+02
s>                ( QUESTION0_16_R 1 -2.726e+04 1.478e+02 1.194e+02
s>                    ( - -1.327e+03 2 0 SILENCE -1 1.367e+02 6.000e+00)
s>                    ( - -2.579e+04 1 0))
s>                ( QUESTION0_1_R 1 -8.118e+03 2.301e+02 3.709e+01
s>                    ( - -2.401e+02 1 0)
s>                    ( - -7.648e+03 1 0)))))INFO: dtree.c(1315): Comp split 0
INFO: dtree.c(1439): stop. leaf nodes are specific
INFO: dtree.c(1478): Final simple tree
|( QUESTION0_0_R 1 -2.032e+05 8.136e+02 9.239e+02
|    ( QUESTION0 -1 -3.278e+04 2.098e+02 1.539e+02
|        ( - -2.401e+02 1 0)
|        ( - -3.233e+04 1 0))
|    ( - -1.696e+05 1 0))
s>    ( QUESTION0_0_R 1 -2.032e+05 8.136e+02 9.239e+02
s>        ( QUESTION0 -1 -3.278e+04 2.098e+02 1.539e+02
s>            ( - -2.401e+02 1 0)
s>            ( - -3.233e+04 1 0))
s>        ( - -1.696e+05 1 0))INFO: dtree.c(1439): stop. leaf nodes are specific
INFO: dtree.c(1478): Final simple tree
|( QUESTION8 -1 -5.911e+04 8.008e+02 2.606e+02
|    ( - -2.245e+04 1 0)
|    ( WDBNDRY_B 0 -3.586e+04 4.945e+02 1.565e+02
|        ( QUESTION20 -1 -2.772e+04 2.076e+02 1.214e+02
|            ( - -2.494e+02 1 0)
|            ( QUESTION0_16_R 1 -2.726e+04 1.478e+02 1.194e+02
|                ( SILENCE -1 -1.327e+03 1.367e+02 6.000e+00
|                    ( - -3.578e+02 1 0)
|                    ( - -8.323e+02 1 0))
|                ( - -2.579e+04 1 0)))
|        ( - -7.648e+03 1 0)))
s>    ( QUESTION8 -1 -5.911e+04 8.008e+02 2.606e+02
s>        ( - -2.245e+04 1 0)
s>        ( WDBNDRY_B 0 -3.586e+04 4.945e+02 1.565e+02
s>            ( QUESTION20 -1 -2.772e+04 2.076e+02 1.214e+02
s>                ( - -2.494e+02 1 0)
s>                ( QUESTION0_16_R 1 -2.726e+04 1.478e+02 1.194e+02
s>                    ( SILENCE -1 -1.327e+03 1.367e+02 6.000e+00
s>                        ( - -3.578e+02 1 0)
s>                        ( - -8.323e+02 1 0))
s>                    ( - -2.579e+04 1 0)))
s>            ( - -7.648e+03 1 0)))INFO: dtree.c(1315): Comp split 1
INFO: dtree.c(1439): stop. leaf nodes are specific
INFO: dtree.c(1478): Final simple tree
|( QUESTION0 -1 -3.278e+04 2.098e+02 1.539e+02
|    ( - -2.401e+02 1 0)
|    ( - -3.233e+04 1 0))
s>    ( QUESTION0 -1 -3.278e+04 2.098e+02 1.539e+02
s>        ( - -2.401e+02 1 0)
s>        ( - -3.233e+04 1 0))INFO: dtree.c(1315): Comp split 2
INFO: dtree.c(1439): stop. leaf nodes are specific
INFO: dtree.c(1478): Final simple tree
|( WDBNDRY_B 0 -3.586e+04 4.945e+02 1.565e+02
|    ( QUESTION20 -1 -2.772e+04 2.076e+02 1.214e+02
|        ( - -2.494e+02 1 0)
|        ( QUESTION0_16_R 1 -2.726e+04 1.478e+02 1.194e+02
|            ( SILENCE -1 -1.327e+03 1.367e+02 6.000e+00
|                ( - -3.578e+02 1 0)
|                ( - -8.323e+02 1 0))
|            ( - -2.579e+04 1 0)))
|    ( - -7.648e+03 1 0))
s>    ( WDBNDRY_B 0 -3.586e+04 4.945e+02 1.565e+02
s>        ( QUESTION20 -1 -2.772e+04 2.076e+02 1.214e+02
s>            ( - -2.494e+02 1 0)
s>            ( QUESTION0_16_R 1 -2.726e+04 1.478e+02 1.194e+02
s>                ( SILENCE -1 -1.327e+03 1.367e+02 6.000e+00
s>                    ( - -3.578e+02 1 0)
s>                    ( - -8.323e+02 1 0))
s>                ( - -2.579e+04 1 0)))
s>        ( - -7.648e+03 1 0))INFO: dtree.c(1315): Comp split 3
INFO: dtree.c(1439): stop. leaf nodes are specific
INFO: dtree.c(1478): Final simple tree
|( QUESTION20 -1 -2.772e+04 2.076e+02 1.214e+02
|    ( - -2.494e+02 1 0)
|    ( QUESTION0_16_R 1 -2.726e+04 1.478e+02 1.194e+02
|        ( SILENCE -1 -1.327e+03 1.367e+02 6.000e+00
|            ( - -3.578e+02 1 0)
|            ( - -8.323e+02 1 0))
|        ( - -2.579e+04 1 0)))
s>    ( QUESTION20 -1 -2.772e+04 2.076e+02 1.214e+02
s>        ( - -2.494e+02 1 0)
s>        ( QUESTION0_16_R 1 -2.726e+04 1.478e+02 1.194e+02
s>            ( SILENCE -1 -1.327e+03 1.367e+02 6.000e+00
s>                ( - -3.578e+02 1 0)
s>                ( - -8.323e+02 1 0))
s>            ( - -2.579e+04 1 0)))INFO: dtree.c(1315): Comp split 4
INFO: dtree.c(1315): Comp split 5
INFO: dtree.c(1439): stop. leaf nodes are specific
INFO: dtree.c(1478): Final simple tree
|( QUESTION0_16_R 1 -2.726e+04 1.478e+02 1.194e+02
|    ( SILENCE -1 -1.327e+03 1.367e+02 6.000e+00
|        ( - -3.578e+02 1 0)
|        ( - -8.323e+02 1 0))
|    ( - -2.579e+04 1 0))
s>    ( QUESTION0_16_R 1 -2.726e+04 1.478e+02 1.194e+02
s>        ( SILENCE -1 -1.327e+03 1.367e+02 6.000e+00
s>            ( - -3.578e+02 1 0)
s>            ( - -8.323e+02 1 0))
s>        ( - -2.579e+04 1 0))INFO: dtree.c(1315): Comp split 6
INFO: dtree.c(1439): stop. leaf nodes are specific
INFO: dtree.c(1478): Final simple tree
|( SILENCE -1 -2.675e+04 1.315e+02 1.174e+02
|    ( - -2.579e+04 1 0)
|    ( - -8.323e+02 1 0))
s>    ( SILENCE -1 -2.675e+04 1.315e+02 1.174e+02
s>        ( - -2.579e+04 1 0)
s>        ( - -8.323e+02 1 0))INFO: dtree.c(1315): Comp split 7
INFO: dtree.c(1315): Comp split 8
INFO: dtree.c(1318): stop. leaf nodes are specific
Wed Dec 20 23:52:18 2017
