Current configuration:
[NAME]		[DEFLT]	[VALUE]
-allphones	no	no
-cntthresh	0.00001	1.000000e-05
-csplitmax	100	2000
-csplitmin	1	1
-csplitthr	8e-4	0.000000e+00
-example	no	no
-fullvar	no	no
-help		no	no
-meanfn			/home/alex/repos/speech/an4/model_parameters/an4.cd_cont_untied/means
-mixwfn			/home/alex/repos/speech/an4/model_parameters/an4.cd_cont_untied/mixture_weights
-moddeffn		/home/alex/repos/speech/an4/model_architecture/an4.untied.mdef
-mwfloor	1e-4	1.000000e-08
-phone			JH
-psetfn			/home/alex/repos/speech/an4/model_architecture/an4.tree_questions
-ssplitmax	5	7
-ssplitmin	1	1
-ssplitthr	8e-4	0.000000e+00
-state			1
-stwt			1.0,0.05,0.0,
-treefn			/home/alex/repos/speech/an4/trees/an4.unpruned/JH-1.dtree
-ts2cbfn	.semi.	.cont.
-varfloor	0.00001	1.000000e-05
-varfn			/home/alex/repos/speech/an4/model_parameters/an4.cd_cont_untied/variances

INFO: main.c(223): Reading: /home/alex/repos/speech/an4/model_architecture/an4.untied.mdef
INFO: model_def_io.c(573): Model definition info:
INFO: model_def_io.c(574): 1618 total models defined (34 base, 1584 tri)
INFO: model_def_io.c(575): 6472 total states
INFO: model_def_io.c(576): 4854 total tied states
INFO: model_def_io.c(577): 102 total tied CI states
INFO: model_def_io.c(578): 34 total tied transition matrices
INFO: model_def_io.c(579): 4 max state/model
INFO: model_def_io.c(580): 4 min state/model
INFO: main.c(242): Building trees for [JH AH EY b] through [JH UW IY b]
INFO: main.c(269): Covering states |[2643 2732]| == 90
INFO: main.c(275): Reading: /home/alex/repos/speech/an4/model_parameters/an4.cd_cont_untied/mixture_weights
INFO: s3mixw_io.c(173): Read /home/alex/repos/speech/an4/model_parameters/an4.cd_cont_untied/mixture_weights [90x1x1 array]
INFO: main.c(311): 30 of 30 models have observation count greater than 0.000010
INFO: main.c(95): nrm stwt: 0.045 0.909 0.045 
INFO: s3gau_io.c(169): Read /home/alex/repos/speech/an4/model_parameters/an4.cd_cont_untied/means [4854x1x1 array]
INFO: s3gau_io.c(169): Read /home/alex/repos/speech/an4/model_parameters/an4.cd_cont_untied/variances [4854x1x1 array]
INFO: main.c(549): Reading: /home/alex/repos/speech/an4/model_architecture/an4.tree_questions
INFO: main.c(588): 180 total simple questions (172 phone; 8 word bndry)
INFO: main.c(590): 42 Left Only questions, and 42 Right Only questions
INFO: dtree.c(1478): Final simple tree
|( QUESTION2_15_L -1 -1.458e+05 2.937e+02 6.163e+02
|    ( QUESTION2_18_L -1 -6.120e+04 1.591e+02 2.582e+02
|        ( - -4.079e+04 1 0)
|        ( QUESTION2 -1 -2.025e+04 1.322e+02 8.706e+01
|            ( - -7.553e+03 2 0)
|            ( - -1.257e+04 7 0 QUESTION0 -1 1.003e+02 5.395e+01)))
|    ( QUESTION2_13_L -1 -8.435e+04 1.736e+02 3.582e+02
|        ( - -2.045e+04 4 0)
|        ( QUESTION0 -1 -6.373e+04 1.438e+02 2.711e+02
|            ( QUESTION1 -1 -1.099e+04 1.353e+02 4.596e+01
|                ( - -4.463e+03 2 0)
|                ( - -6.391e+03 3 0 QUESTION14 -1 8.839e+01 2.601e+01))
|            ( QUESTION2_8_L -1 -5.259e+04 1.254e+02 2.252e+02
|                ( - -2.863e+03 2 0)
|                ( - -4.960e+04 9 0 QUESTION0_18_R 1 1.013e+02 2.122e+02)))))
s>    ( QUESTION2_15_L -1 -1.458e+05 2.937e+02 6.163e+02
s>        ( QUESTION2_18_L -1 -6.120e+04 1.591e+02 2.582e+02
s>            ( - -4.079e+04 1 0)
s>            ( QUESTION2 -1 -2.025e+04 1.322e+02 8.706e+01
s>                ( - -7.553e+03 2 0)
s>                ( - -1.257e+04 7 0 QUESTION0 -1 1.003e+02 5.395e+01)))
s>        ( QUESTION2_13_L -1 -8.435e+04 1.736e+02 3.582e+02
s>            ( - -2.045e+04 4 0)
s>            ( QUESTION0 -1 -6.373e+04 1.438e+02 2.711e+02
s>                ( QUESTION1 -1 -1.099e+04 1.353e+02 4.596e+01
s>                    ( - -4.463e+03 2 0)
s>                    ( - -6.391e+03 3 0 QUESTION14 -1 8.839e+01 2.601e+01))
s>                ( QUESTION2_8_L -1 -5.259e+04 1.254e+02 2.252e+02
s>                    ( - -2.863e+03 2 0)
s>                    ( - -4.960e+04 9 0 QUESTION0_18_R 1 1.013e+02 2.122e+02)))))INFO: dtree.c(1315): Comp split 0
INFO: dtree.c(1478): Final simple tree
|( QUESTION2_13_L -1 -8.435e+04 1.736e+02 3.582e+02
|    ( - -2.045e+04 4 0)
|    ( QUESTION0 -1 -6.373e+04 1.438e+02 2.711e+02
|        ( QUESTION1 -1 -1.099e+04 1.353e+02 4.596e+01
|            ( - -4.463e+03 2 0)
|            ( - -6.391e+03 3 0 QUESTION14 -1 8.839e+01 2.601e+01))
|        ( QUESTION2_8_L -1 -5.259e+04 1.254e+02 2.252e+02
|            ( - -2.863e+03 2 0)
|            ( QUESTION0_18_R 1 -4.960e+04 1.013e+02 2.122e+02
|                ( - -2.105e+03 1 0)
|                ( QUESTION0_13_R 1 -4.740e+04 1.003e+02 2.032e+02
|                    ( - -1.529e+03 1 0)
|                    ( QUESTION2_6_L -1 -4.577e+04 9.637e+01 1.962e+02
|                        ( - -5.796e+03 2 0)
|                        ( - -3.988e+04 5 0 SILENCE -1 9.479e+01 1.712e+02)))))))
s>    ( QUESTION2_13_L -1 -8.435e+04 1.736e+02 3.582e+02
s>        ( - -2.045e+04 4 0)
s>        ( QUESTION0 -1 -6.373e+04 1.438e+02 2.711e+02
s>            ( QUESTION1 -1 -1.099e+04 1.353e+02 4.596e+01
s>                ( - -4.463e+03 2 0)
s>                ( - -6.391e+03 3 0 QUESTION14 -1 8.839e+01 2.601e+01))
s>            ( QUESTION2_8_L -1 -5.259e+04 1.254e+02 2.252e+02
s>                ( - -2.863e+03 2 0)
s>                ( QUESTION0_18_R 1 -4.960e+04 1.013e+02 2.122e+02
s>                    ( - -2.105e+03 1 0)
s>                    ( QUESTION0_13_R 1 -4.740e+04 1.003e+02 2.032e+02
s>                        ( - -1.529e+03 1 0)
s>                        ( QUESTION2_6_L -1 -4.577e+04 9.637e+01 1.962e+02
s>                            ( - -5.796e+03 2 0)
s>                            ( - -3.988e+04 5 0 SILENCE -1 9.479e+01 1.712e+02)))))))INFO: dtree.c(1439): stop. leaf nodes are specific
INFO: dtree.c(1478): Final simple tree
|( QUESTION2_18_L -1 -6.120e+04 1.591e+02 2.582e+02
|    ( - -4.079e+04 1 0)
|    ( QUESTION2 -1 -2.025e+04 1.322e+02 8.706e+01
|        ( - -7.553e+03 2 0)
|        ( QUESTION0 -1 -1.257e+04 1.003e+02 5.395e+01
|            ( - -1.941e+03 2 0)
|            ( - -1.052e+04 5 0))))
s>    ( QUESTION2_18_L -1 -6.120e+04 1.591e+02 2.582e+02
s>        ( - -4.079e+04 1 0)
s>        ( QUESTION2 -1 -2.025e+04 1.322e+02 8.706e+01
s>            ( - -7.553e+03 2 0)
s>            ( QUESTION0 -1 -1.257e+04 1.003e+02 5.395e+01
s>                ( - -1.941e+03 2 0)
s>                ( - -1.052e+04 5 0))))INFO: dtree.c(1315): Comp split 1
INFO: dtree.c(1439): stop. leaf nodes are specific
INFO: dtree.c(1478): Final simple tree
|( QUESTION2_8_L -1 -5.259e+04 1.254e+02 2.252e+02
|    ( - -2.863e+03 2 0)
|    ( QUESTION0_18_R 1 -4.960e+04 1.013e+02 2.122e+02
|        ( - -2.105e+03 1 0)
|        ( QUESTION0_13_R 1 -4.740e+04 1.003e+02 2.032e+02
|            ( - -1.529e+03 1 0)
|            ( QUESTION2_6_L -1 -4.577e+04 9.637e+01 1.962e+02
|                ( - -5.796e+03 2 0)
|                ( SILENCE -1 -3.988e+04 9.479e+01 1.712e+02
|                    ( - -3.572e+04 3 0)
|                    ( - -4.059e+03 2 0))))))
s>    ( QUESTION2_8_L -1 -5.259e+04 1.254e+02 2.252e+02
s>        ( - -2.863e+03 2 0)
s>        ( QUESTION0_18_R 1 -4.960e+04 1.013e+02 2.122e+02
s>            ( - -2.105e+03 1 0)
s>            ( QUESTION0_13_R 1 -4.740e+04 1.003e+02 2.032e+02
s>                ( - -1.529e+03 1 0)
s>                ( QUESTION2_6_L -1 -4.577e+04 9.637e+01 1.962e+02
s>                    ( - -5.796e+03 2 0)
s>                    ( SILENCE -1 -3.988e+04 9.479e+01 1.712e+02
s>                        ( - -3.572e+04 3 0)
s>                        ( - -4.059e+03 2 0))))))INFO: dtree.c(1439): stop. leaf nodes are specific
INFO: dtree.c(1478): Final simple tree
|( QUESTION8 -1 -3.156e+04 1.362e+02 1.330e+02
|    ( QUESTION14 -1 -6.391e+03 8.839e+01 2.601e+01
|        ( - -5.016e+03 2 0)
|        ( - -1.287e+03 1 0))
|    ( QUESTION0 -1 -2.504e+04 1.247e+02 1.070e+02
|        ( - -4.463e+03 2 0)
|        ( - -2.045e+04 4 0)))
s>    ( QUESTION8 -1 -3.156e+04 1.362e+02 1.330e+02
s>        ( QUESTION14 -1 -6.391e+03 8.839e+01 2.601e+01
s>            ( - -5.016e+03 2 0)
s>            ( - -1.287e+03 1 0))
s>        ( QUESTION0 -1 -2.504e+04 1.247e+02 1.070e+02
s>            ( - -4.463e+03 2 0)
s>            ( - -2.045e+04 4 0)))INFO: dtree.c(1315): Comp split 2
INFO: dtree.c(1439): stop. leaf nodes are specific
INFO: dtree.c(1478): Final simple tree
|( QUESTION2 -1 -2.025e+04 1.322e+02 8.706e+01
|    ( - -7.553e+03 2 0)
|    ( QUESTION0 -1 -1.257e+04 1.003e+02 5.395e+01
|        ( - -1.941e+03 2 0)
|        ( - -1.052e+04 5 0)))
s>    ( QUESTION2 -1 -2.025e+04 1.322e+02 8.706e+01
s>        ( - -7.553e+03 2 0)
s>        ( QUESTION0 -1 -1.257e+04 1.003e+02 5.395e+01
s>            ( - -1.941e+03 2 0)
s>            ( - -1.052e+04 5 0)))INFO: dtree.c(1315): Comp split 3
INFO: dtree.c(1439): stop. leaf nodes are specific
INFO: dtree.c(1478): Final simple tree
|( QUESTION0 -1 -2.504e+04 1.247e+02 1.070e+02
|    ( - -4.463e+03 2 0)
|    ( - -2.045e+04 4 0))
s>    ( QUESTION0 -1 -2.504e+04 1.247e+02 1.070e+02
s>        ( - -4.463e+03 2 0)
s>        ( - -2.045e+04 4 0))INFO: dtree.c(1439): stop. leaf nodes are specific
INFO: dtree.c(1478): Final simple tree
|( QUESTION14 -1 -6.391e+03 8.839e+01 2.601e+01
|    ( - -5.016e+03 2 0)
|    ( - -1.287e+03 1 0))
s>    ( QUESTION14 -1 -6.391e+03 8.839e+01 2.601e+01
s>        ( - -5.016e+03 2 0)
s>        ( - -1.287e+03 1 0))INFO: dtree.c(1315): Comp split 4
INFO: dtree.c(1439): stop. leaf nodes are specific
INFO: dtree.c(1478): Final simple tree
|( QUESTION0 -1 -1.257e+04 1.003e+02 5.395e+01
|    ( - -1.941e+03 2 0)
|    ( - -1.052e+04 5 0))
s>    ( QUESTION0 -1 -1.257e+04 1.003e+02 5.395e+01
s>        ( - -1.941e+03 2 0)
s>        ( - -1.052e+04 5 0))INFO: dtree.c(1315): Comp split 5
INFO: dtree.c(1439): stop. leaf nodes are specific
INFO: dtree.c(1478): Final simple tree
|( QUESTION0_13_R 1 -4.797e+04 1.013e+02 2.052e+02
|    ( - -2.105e+03 1 0)
|    ( QUESTION2_6_L -1 -4.577e+04 9.637e+01 1.962e+02
|        ( - -5.796e+03 2 0)
|        ( SILENCE -1 -3.988e+04 9.479e+01 1.712e+02
|            ( - -3.572e+04 3 0)
|            ( - -4.059e+03 2 0))))
s>    ( QUESTION0_13_R 1 -4.797e+04 1.013e+02 2.052e+02
s>        ( - -2.105e+03 1 0)
s>        ( QUESTION2_6_L -1 -4.577e+04 9.637e+01 1.962e+02
s>            ( - -5.796e+03 2 0)
s>            ( SILENCE -1 -3.988e+04 9.479e+01 1.712e+02
s>                ( - -3.572e+04 3 0)
s>                ( - -4.059e+03 2 0))))INFO: dtree.c(1439): stop. leaf nodes are specific
INFO: dtree.c(1478): Final simple tree
|( SILENCE -1 -4.487e+03 9.509e+01 2.000e+01
|    ( - -1.529e+03 1 0)
|    ( - -2.863e+03 2 0))
s>    ( SILENCE -1 -4.487e+03 9.509e+01 2.000e+01
s>        ( - -1.529e+03 1 0)
s>        ( - -2.863e+03 2 0))INFO: dtree.c(1315): Comp split 6
INFO: dtree.c(1315): Comp split 7
INFO: dtree.c(1439): stop. leaf nodes are specific
INFO: dtree.c(1478): Final simple tree
|( SILENCE -1 -3.988e+04 9.479e+01 1.712e+02
|    ( - -3.572e+04 3 0)
|    ( - -4.059e+03 2 0))
s>    ( SILENCE -1 -3.988e+04 9.479e+01 1.712e+02
s>        ( - -3.572e+04 3 0)
s>        ( - -4.059e+03 2 0))INFO: dtree.c(1439): stop. leaf nodes are specific
INFO: dtree.c(1478): Final simple tree
|( SILENCE -1 -7.988e+03 8.675e+01 3.401e+01
|    ( - -2.105e+03 1 0)
|    ( - -5.796e+03 2 0))
s>    ( SILENCE -1 -7.988e+03 8.675e+01 3.401e+01
s>        ( - -2.105e+03 1 0)
s>        ( - -5.796e+03 2 0))INFO: dtree.c(1315): Comp split 8
INFO: dtree.c(1315): Comp split 9
INFO: dtree.c(1315): Comp split 10
INFO: dtree.c(1315): Comp split 11
INFO: dtree.c(1315): Comp split 12
INFO: dtree.c(1315): Comp split 13
INFO: dtree.c(1318): stop. leaf nodes are specific
Wed Dec 20 23:52:20 2017
