Current configuration:
[NAME]		[DEFLT]	[VALUE]
-allphones	no	no
-cntthresh	0.00001	1.000000e-05
-csplitmax	100	2000
-csplitmin	1	1
-csplitthr	8e-4	0.000000e+00
-example	no	no
-fullvar	no	no
-help		no	no
-meanfn			/home/alex/repos/speech/an4/model_parameters/an4.cd_cont_untied/means
-mixwfn			/home/alex/repos/speech/an4/model_parameters/an4.cd_cont_untied/mixture_weights
-moddeffn		/home/alex/repos/speech/an4/model_architecture/an4.untied.mdef
-mwfloor	1e-4	1.000000e-08
-phone			B
-psetfn			/home/alex/repos/speech/an4/model_architecture/an4.tree_questions
-ssplitmax	5	7
-ssplitmin	1	1
-ssplitthr	8e-4	0.000000e+00
-state			2
-stwt			1.0,0.05,0.0,
-treefn			/home/alex/repos/speech/an4/trees/an4.unpruned/B-2.dtree
-ts2cbfn	.semi.	.cont.
-varfloor	0.00001	1.000000e-05
-varfn			/home/alex/repos/speech/an4/model_parameters/an4.cd_cont_untied/variances

INFO: main.c(223): Reading: /home/alex/repos/speech/an4/model_architecture/an4.untied.mdef
INFO: model_def_io.c(573): Model definition info:
INFO: model_def_io.c(574): 1618 total models defined (34 base, 1584 tri)
INFO: model_def_io.c(575): 6472 total states
INFO: model_def_io.c(576): 4854 total tied states
INFO: model_def_io.c(577): 102 total tied CI states
INFO: model_def_io.c(578): 34 total tied transition matrices
INFO: model_def_io.c(579): 4 max state/model
INFO: model_def_io.c(580): 4 min state/model
INFO: main.c(242): Building trees for [B AH AH i] through [B UW IY b]
INFO: main.c(269): Covering states |[735 788]| == 54
INFO: main.c(275): Reading: /home/alex/repos/speech/an4/model_parameters/an4.cd_cont_untied/mixture_weights
INFO: s3mixw_io.c(173): Read /home/alex/repos/speech/an4/model_parameters/an4.cd_cont_untied/mixture_weights [54x1x1 array]
INFO: main.c(311): 18 of 18 models have observation count greater than 0.000010
INFO: main.c(95): nrm stwt: 0.000 0.048 0.952 
INFO: s3gau_io.c(169): Read /home/alex/repos/speech/an4/model_parameters/an4.cd_cont_untied/means [4854x1x1 array]
INFO: s3gau_io.c(169): Read /home/alex/repos/speech/an4/model_parameters/an4.cd_cont_untied/variances [4854x1x1 array]
INFO: main.c(549): Reading: /home/alex/repos/speech/an4/model_architecture/an4.tree_questions
INFO: main.c(588): 180 total simple questions (172 phone; 8 word bndry)
INFO: main.c(590): 42 Left Only questions, and 42 Right Only questions
INFO: dtree.c(1478): Final simple tree
|( WDBNDRY_B 0 -1.293e+05 2.030e+03 5.598e+02
|    ( QUESTION2_12_L -1 -6.537e+04 1.493e+02 2.913e+02
|        ( - -2.726e+04 2 0 QUESTION0 -1 1.018e+02 1.230e+02)
|        ( QUESTION7 -1 -3.795e+04 1.447e+02 1.684e+02
|            ( - -1.285e+03 1 0)
|            ( SILENCE -1 -3.652e+04 1.482e+02 1.624e+02
|                ( - -1.420e+04 1 0)
|                ( QUESTION6 -1 -2.218e+04 1.334e+02 9.805e+01
|                    ( - -1.001e+03 1 0)
|                    ( - -2.105e+04 8 0 QUESTION2_7_L -1 1.166e+02 9.305e+01)))))
|    ( QUESTION1 1 -6.195e+04 1.097e+03 2.685e+02
|        ( - -3.364e+04 2 0 QUESTION1 -1 9.928e+01 1.471e+02)
|        ( QUESTION0 1 -2.721e+04 1.878e+02 1.214e+02
|            ( - -2.024e+03 2 0 QUESTION0 -1 9.485e+01 9.000e+00)
|            ( - -2.500e+04 1 0))))
s>    ( WDBNDRY_B 0 -1.293e+05 2.030e+03 5.598e+02
s>        ( QUESTION2_12_L -1 -6.537e+04 1.493e+02 2.913e+02
s>            ( - -2.726e+04 2 0 QUESTION0 -1 1.018e+02 1.230e+02)
s>            ( QUESTION7 -1 -3.795e+04 1.447e+02 1.684e+02
s>                ( - -1.285e+03 1 0)
s>                ( SILENCE -1 -3.652e+04 1.482e+02 1.624e+02
s>                    ( - -1.420e+04 1 0)
s>                    ( QUESTION6 -1 -2.218e+04 1.334e+02 9.805e+01
s>                        ( - -1.001e+03 1 0)
s>                        ( - -2.105e+04 8 0 QUESTION2_7_L -1 1.166e+02 9.305e+01)))))
s>        ( QUESTION1 1 -6.195e+04 1.097e+03 2.685e+02
s>            ( - -3.364e+04 2 0 QUESTION1 -1 9.928e+01 1.471e+02)
s>            ( QUESTION0 1 -2.721e+04 1.878e+02 1.214e+02
s>                ( - -2.024e+03 2 0 QUESTION0 -1 9.485e+01 9.000e+00)
s>                ( - -2.500e+04 1 0))))INFO: dtree.c(1315): Comp split 0
INFO: dtree.c(1478): Final simple tree
|( QUESTION2_12_L -1 -6.537e+04 1.493e+02 2.913e+02
|    ( QUESTION0 -1 -2.726e+04 1.018e+02 1.230e+02
|        ( - -2.008e+03 1 0)
|        ( - -2.515e+04 1 0))
|    ( QUESTION7 -1 -3.795e+04 1.447e+02 1.684e+02
|        ( - -1.285e+03 1 0)
|        ( SILENCE -1 -3.652e+04 1.482e+02 1.624e+02
|            ( - -1.420e+04 1 0)
|            ( QUESTION6 -1 -2.218e+04 1.334e+02 9.805e+01
|                ( - -1.001e+03 1 0)
|                ( QUESTION2_7_L -1 -2.105e+04 1.166e+02 9.305e+01
|                    ( - -1.191e+03 1 0)
|                    ( QUESTION3 -1 -1.974e+04 8.839e+01 8.705e+01
|                        ( - -1.945e+03 1 0)
|                        ( - -1.770e+04 6 0 QUESTION2_0_L -1 9.366e+01 7.805e+01)))))))
s>    ( QUESTION2_12_L -1 -6.537e+04 1.493e+02 2.913e+02
s>        ( QUESTION0 -1 -2.726e+04 1.018e+02 1.230e+02
s>            ( - -2.008e+03 1 0)
s>            ( - -2.515e+04 1 0))
s>        ( QUESTION7 -1 -3.795e+04 1.447e+02 1.684e+02
s>            ( - -1.285e+03 1 0)
s>            ( SILENCE -1 -3.652e+04 1.482e+02 1.624e+02
s>                ( - -1.420e+04 1 0)
s>                ( QUESTION6 -1 -2.218e+04 1.334e+02 9.805e+01
s>                    ( - -1.001e+03 1 0)
s>                    ( QUESTION2_7_L -1 -2.105e+04 1.166e+02 9.305e+01
s>                        ( - -1.191e+03 1 0)
s>                        ( QUESTION3 -1 -1.974e+04 8.839e+01 8.705e+01
s>                            ( - -1.945e+03 1 0)
s>                            ( - -1.770e+04 6 0 QUESTION2_0_L -1 9.366e+01 7.805e+01)))))))INFO: dtree.c(1439): stop. leaf nodes are specific
INFO: dtree.c(1478): Final simple tree
|( QUESTION1 1 -6.195e+04 1.097e+03 2.685e+02
|    ( QUESTION1 -1 -3.364e+04 9.928e+01 1.471e+02
|        ( - -3.288e+04 1 0)
|        ( - -6.523e+02 1 0))
|    ( QUESTION0 1 -2.721e+04 1.878e+02 1.214e+02
|        ( QUESTION0 -1 -2.024e+03 9.485e+01 9.000e+00
|            ( - -1.273e+03 1 0)
|            ( - -6.560e+02 1 0))
|        ( - -2.500e+04 1 0)))
s>    ( QUESTION1 1 -6.195e+04 1.097e+03 2.685e+02
s>        ( QUESTION1 -1 -3.364e+04 9.928e+01 1.471e+02
s>            ( - -3.288e+04 1 0)
s>            ( - -6.523e+02 1 0))
s>        ( QUESTION0 1 -2.721e+04 1.878e+02 1.214e+02
s>            ( QUESTION0 -1 -2.024e+03 9.485e+01 9.000e+00
s>                ( - -1.273e+03 1 0)
s>                ( - -6.560e+02 1 0))
s>            ( - -2.500e+04 1 0)))INFO: dtree.c(1315): Comp split 1
INFO: dtree.c(1439): stop. leaf nodes are specific
INFO: dtree.c(1478): Final simple tree
|( QUESTION0 1 -2.721e+04 1.878e+02 1.214e+02
|    ( QUESTION0 -1 -2.024e+03 9.485e+01 9.000e+00
|        ( - -1.273e+03 1 0)
|        ( - -6.560e+02 1 0))
|    ( - -2.500e+04 1 0))
s>    ( QUESTION0 1 -2.721e+04 1.878e+02 1.214e+02
s>        ( QUESTION0 -1 -2.024e+03 9.485e+01 9.000e+00
s>            ( - -1.273e+03 1 0)
s>            ( - -6.560e+02 1 0))
s>        ( - -2.500e+04 1 0))INFO: dtree.c(1439): stop. leaf nodes are specific
INFO: dtree.c(1478): Final simple tree
|( QUESTION1 -1 -3.364e+04 9.928e+01 1.471e+02
|    ( - -3.288e+04 1 0)
|    ( - -6.523e+02 1 0))
s>    ( QUESTION1 -1 -3.364e+04 9.928e+01 1.471e+02
s>        ( - -3.288e+04 1 0)
s>        ( - -6.523e+02 1 0))INFO: dtree.c(1315): Comp split 2
INFO: dtree.c(1439): stop. leaf nodes are specific
INFO: dtree.c(1478): Final simple tree
|( QUESTION0 -1 -2.575e+04 9.128e+01 1.154e+02
|    ( - -2.500e+04 1 0)
|    ( - -6.560e+02 1 0))
s>    ( QUESTION0 -1 -2.575e+04 9.128e+01 1.154e+02
s>        ( - -2.500e+04 1 0)
s>        ( - -6.560e+02 1 0))INFO: dtree.c(1315): Comp split 3
INFO: dtree.c(1478): Final simple tree
|( QUESTION2_7_L -1 -4.828e+04 1.500e+02 2.150e+02
|    ( QUESTION0 -1 -2.726e+04 1.018e+02 1.230e+02
|        ( - -2.008e+03 1 0)
|        ( - -2.515e+04 1 0))
|    ( QUESTION6 -1 -2.087e+04 1.307e+02 9.205e+01
|        ( - -1.001e+03 1 0)
|        ( QUESTION3 -1 -1.974e+04 8.839e+01 8.705e+01
|            ( - -1.945e+03 1 0)
|            ( QUESTION2_0_L -1 -1.770e+04 9.366e+01 7.805e+01
|                ( - -2.835e+03 1 0)
|                ( QUESTION0 -1 -1.478e+04 8.461e+01 6.601e+01
|                    ( - -1.886e+03 1 0)
|                    ( QUESTION2_14_L -1 -1.281e+04 7.777e+01 5.701e+01
|                        ( - -7.666e+03 2 0)
|                        ( - -5.062e+03 2 0)))))))
s>    ( QUESTION2_7_L -1 -4.828e+04 1.500e+02 2.150e+02
s>        ( QUESTION0 -1 -2.726e+04 1.018e+02 1.230e+02
s>            ( - -2.008e+03 1 0)
s>            ( - -2.515e+04 1 0))
s>        ( QUESTION6 -1 -2.087e+04 1.307e+02 9.205e+01
s>            ( - -1.001e+03 1 0)
s>            ( QUESTION3 -1 -1.974e+04 8.839e+01 8.705e+01
s>                ( - -1.945e+03 1 0)
s>                ( QUESTION2_0_L -1 -1.770e+04 9.366e+01 7.805e+01
s>                    ( - -2.835e+03 1 0)
s>                    ( QUESTION0 -1 -1.478e+04 8.461e+01 6.601e+01
s>                        ( - -1.886e+03 1 0)
s>                        ( QUESTION2_14_L -1 -1.281e+04 7.777e+01 5.701e+01
s>                            ( - -7.666e+03 2 0)
s>                            ( - -5.062e+03 2 0)))))))INFO: dtree.c(1439): stop. leaf nodes are specific
INFO: dtree.c(1478): Final simple tree
|( QUESTION0 -1 -1.691e+04 1.396e+02 7.633e+01
|    ( - -1.285e+03 1 0)
|    ( SILENCE -1 -1.549e+04 1.028e+02 7.033e+01
|        ( - -1.420e+04 1 0)
|        ( - -1.191e+03 1 0)))
s>    ( QUESTION0 -1 -1.691e+04 1.396e+02 7.633e+01
s>        ( - -1.285e+03 1 0)
s>        ( SILENCE -1 -1.549e+04 1.028e+02 7.033e+01
s>            ( - -1.420e+04 1 0)
s>            ( - -1.191e+03 1 0)))INFO: dtree.c(1315): Comp split 4
INFO: dtree.c(1439): stop. leaf nodes are specific
INFO: dtree.c(1478): Final simple tree
|( QUESTION0 -1 -2.719e+04 8.846e+01 1.230e+02
|    ( - -1.945e+03 1 0)
|    ( - -2.515e+04 1 0))
s>    ( QUESTION0 -1 -2.719e+04 8.846e+01 1.230e+02
s>        ( - -1.945e+03 1 0)
s>        ( - -2.515e+04 1 0))INFO: dtree.c(1439): stop. leaf nodes are specific
INFO: dtree.c(1478): Final simple tree
|( QUESTION3 -1 -2.094e+04 1.272e+02 9.205e+01
|    ( - -1.001e+03 1 0)
|    ( QUESTION8 -1 -1.981e+04 9.709e+01 8.705e+01
|        ( - -2.008e+03 1 0)
|        ( QUESTION2_0_L -1 -1.770e+04 9.366e+01 7.805e+01
|            ( - -2.835e+03 1 0)
|            ( QUESTION0 -1 -1.478e+04 8.461e+01 6.601e+01
|                ( - -1.886e+03 1 0)
|                ( QUESTION2_14_L -1 -1.281e+04 7.777e+01 5.701e+01
|                    ( - -7.666e+03 2 0)
|                    ( - -5.062e+03 2 0))))))
s>    ( QUESTION3 -1 -2.094e+04 1.272e+02 9.205e+01
s>        ( - -1.001e+03 1 0)
s>        ( QUESTION8 -1 -1.981e+04 9.709e+01 8.705e+01
s>            ( - -2.008e+03 1 0)
s>            ( QUESTION2_0_L -1 -1.770e+04 9.366e+01 7.805e+01
s>                ( - -2.835e+03 1 0)
s>                ( QUESTION0 -1 -1.478e+04 8.461e+01 6.601e+01
s>                    ( - -1.886e+03 1 0)
s>                    ( QUESTION2_14_L -1 -1.281e+04 7.777e+01 5.701e+01
s>                        ( - -7.666e+03 2 0)
s>                        ( - -5.062e+03 2 0))))))INFO: dtree.c(1315): Comp split 5
INFO: dtree.c(1439): stop. leaf nodes are specific
INFO: dtree.c(1478): Final simple tree
|( SILENCE -1 -1.549e+04 1.028e+02 7.033e+01
|    ( - -1.420e+04 1 0)
|    ( - -1.191e+03 1 0))
s>    ( SILENCE -1 -1.549e+04 1.028e+02 7.033e+01
s>        ( - -1.420e+04 1 0)
s>        ( - -1.191e+03 1 0))INFO: dtree.c(1315): Comp split 6
INFO: dtree.c(1439): stop. leaf nodes are specific
INFO: dtree.c(1478): Final simple tree
|( QUESTION8 -1 -1.981e+04 9.709e+01 8.705e+01
|    ( - -2.008e+03 1 0)
|    ( QUESTION2_0_L -1 -1.770e+04 9.366e+01 7.805e+01
|        ( - -2.835e+03 1 0)
|        ( QUESTION0 -1 -1.478e+04 8.461e+01 6.601e+01
|            ( - -1.886e+03 1 0)
|            ( QUESTION2_14_L -1 -1.281e+04 7.777e+01 5.701e+01
|                ( - -7.666e+03 2 0)
|                ( - -5.062e+03 2 0)))))
s>    ( QUESTION8 -1 -1.981e+04 9.709e+01 8.705e+01
s>        ( - -2.008e+03 1 0)
s>        ( QUESTION2_0_L -1 -1.770e+04 9.366e+01 7.805e+01
s>            ( - -2.835e+03 1 0)
s>            ( QUESTION0 -1 -1.478e+04 8.461e+01 6.601e+01
s>                ( - -1.886e+03 1 0)
s>                ( QUESTION2_14_L -1 -1.281e+04 7.777e+01 5.701e+01
s>                    ( - -7.666e+03 2 0)
s>                    ( - -5.062e+03 2 0)))))INFO: dtree.c(1315): Comp split 7
INFO: dtree.c(1315): Comp split 8
INFO: dtree.c(1315): Comp split 9
INFO: dtree.c(1439): stop. leaf nodes are specific
INFO: dtree.c(1478): Final simple tree
|( QUESTION2_0_L -1 -1.770e+04 9.366e+01 7.805e+01
|    ( - -2.835e+03 1 0)
|    ( QUESTION0 -1 -1.478e+04 8.461e+01 6.601e+01
|        ( - -1.886e+03 1 0)
|        ( QUESTION2_14_L -1 -1.281e+04 7.777e+01 5.701e+01
|            ( - -7.666e+03 2 0)
|            ( - -5.062e+03 2 0))))
s>    ( QUESTION2_0_L -1 -1.770e+04 9.366e+01 7.805e+01
s>        ( - -2.835e+03 1 0)
s>        ( QUESTION0 -1 -1.478e+04 8.461e+01 6.601e+01
s>            ( - -1.886e+03 1 0)
s>            ( QUESTION2_14_L -1 -1.281e+04 7.777e+01 5.701e+01
s>                ( - -7.666e+03 2 0)
s>                ( - -5.062e+03 2 0))))INFO: dtree.c(1315): Comp split 10
INFO: dtree.c(1439): stop. leaf nodes are specific
INFO: dtree.c(1478): Final simple tree
|( QUESTION0 -1 -1.478e+04 8.461e+01 6.601e+01
|    ( - -1.886e+03 1 0)
|    ( QUESTION2_14_L -1 -1.281e+04 7.777e+01 5.701e+01
|        ( - -7.666e+03 2 0)
|        ( - -5.062e+03 2 0)))
s>    ( QUESTION0 -1 -1.478e+04 8.461e+01 6.601e+01
s>        ( - -1.886e+03 1 0)
s>        ( QUESTION2_14_L -1 -1.281e+04 7.777e+01 5.701e+01
s>            ( - -7.666e+03 2 0)
s>            ( - -5.062e+03 2 0)))INFO: dtree.c(1315): Comp split 11
INFO: dtree.c(1315): Comp split 12
INFO: dtree.c(1315): Comp split 13
INFO: dtree.c(1439): stop. leaf nodes are specific
INFO: dtree.c(1478): Final simple tree
|( QUESTION2_14_L -1 -1.281e+04 7.777e+01 5.701e+01
|    ( - -7.666e+03 2 0)
|    ( - -5.062e+03 2 0))
s>    ( QUESTION2_14_L -1 -1.281e+04 7.777e+01 5.701e+01
s>        ( - -7.666e+03 2 0)
s>        ( - -5.062e+03 2 0))INFO: dtree.c(1315): Comp split 14
INFO: dtree.c(1315): Comp split 15
INFO: dtree.c(1318): stop. leaf nodes are specific
Wed Dec 20 23:52:15 2017
