Current configuration:
[NAME]		[DEFLT]	[VALUE]
-allphones	no	no
-cntthresh	0.00001	1.000000e-05
-csplitmax	100	2000
-csplitmin	1	1
-csplitthr	8e-4	0.000000e+00
-example	no	no
-fullvar	no	no
-help		no	no
-meanfn			/home/alex/repos/speech/an4/model_parameters/an4.cd_cont_untied/means
-mixwfn			/home/alex/repos/speech/an4/model_parameters/an4.cd_cont_untied/mixture_weights
-moddeffn		/home/alex/repos/speech/an4/model_architecture/an4.untied.mdef
-mwfloor	1e-4	1.000000e-08
-phone			S
-psetfn			/home/alex/repos/speech/an4/model_architecture/an4.tree_questions
-ssplitmax	5	7
-ssplitmin	1	1
-ssplitthr	8e-4	0.000000e+00
-state			1
-stwt			1.0,0.05,0.0,
-treefn			/home/alex/repos/speech/an4/trees/an4.unpruned/S-1.dtree
-ts2cbfn	.semi.	.cont.
-varfloor	0.00001	1.000000e-05
-varfn			/home/alex/repos/speech/an4/model_parameters/an4.cd_cont_untied/variances

INFO: main.c(223): Reading: /home/alex/repos/speech/an4/model_architecture/an4.untied.mdef
INFO: model_def_io.c(573): Model definition info:
INFO: model_def_io.c(574): 1618 total models defined (34 base, 1584 tri)
INFO: model_def_io.c(575): 6472 total states
INFO: model_def_io.c(576): 4854 total tied states
INFO: model_def_io.c(577): 102 total tied CI states
INFO: model_def_io.c(578): 34 total tied transition matrices
INFO: model_def_io.c(579): 4 max state/model
INFO: model_def_io.c(580): 4 min state/model
INFO: main.c(242): Building trees for [S AA T i] through [S V IH b]
INFO: main.c(269): Covering states |[3759 4079]| == 321
INFO: main.c(275): Reading: /home/alex/repos/speech/an4/model_parameters/an4.cd_cont_untied/mixture_weights
INFO: s3mixw_io.c(173): Read /home/alex/repos/speech/an4/model_parameters/an4.cd_cont_untied/mixture_weights [321x1x1 array]
INFO: main.c(311): 107 of 107 models have observation count greater than 0.000010
INFO: main.c(95): nrm stwt: 0.045 0.909 0.045 
INFO: s3gau_io.c(169): Read /home/alex/repos/speech/an4/model_parameters/an4.cd_cont_untied/means [4854x1x1 array]
INFO: s3gau_io.c(169): Read /home/alex/repos/speech/an4/model_parameters/an4.cd_cont_untied/variances [4854x1x1 array]
INFO: main.c(549): Reading: /home/alex/repos/speech/an4/model_architecture/an4.tree_questions
INFO: main.c(588): 180 total simple questions (172 phone; 8 word bndry)
INFO: main.c(590): 42 Left Only questions, and 42 Right Only questions
INFO: dtree.c(1478): Final simple tree
|( QUESTION0_4_R 1 -1.467e+06 3.852e+03 7.267e+03
|    ( WDBNDRY_I 0 -1.294e+05 1.336e+03 6.174e+02
|        ( - -4.049e+04 4 0 QUESTION16 -1 2.775e+02 1.906e+02)
|        ( WDBNDRY_B 0 -8.754e+04 8.205e+02 4.268e+02
|            ( - -4.371e+04 1 0)
|            ( - -4.300e+04 3 0 QUESTION9 -1 2.972e+02 2.174e+02)))
|    ( SILENCE 1 -1.334e+06 2.740e+03 6.649e+03
|        ( - -1.955e+05 2 0 QUESTION9 -1 6.375e+02 1.014e+03)
|        ( QUESTION10 1 -1.136e+06 1.385e+03 5.635e+03
|            ( - -6.271e+05 39 0 QUESTION2_5_L -1 6.066e+02 3.102e+03)
|            ( QUESTION16 -1 -5.072e+05 1.328e+03 2.533e+03
|                ( - -9.799e+04 17 0 QUESTION0 1 2.212e+02 4.907e+02)
|                ( QUESTION18 1 -4.079e+05 9.183e+02 2.043e+03
|                    ( - -1.230e+05 6 0 QUESTION0_0_R 1 3.814e+02 6.205e+02)
|                    ( - -2.840e+05 35 0 SILENCE -1 6.078e+02 1.422e+03))))))
s>    ( QUESTION0_4_R 1 -1.467e+06 3.852e+03 7.267e+03
s>        ( WDBNDRY_I 0 -1.294e+05 1.336e+03 6.174e+02
s>            ( - -4.049e+04 4 0 QUESTION16 -1 2.775e+02 1.906e+02)
s>            ( WDBNDRY_B 0 -8.754e+04 8.205e+02 4.268e+02
s>                ( - -4.371e+04 1 0)
s>                ( - -4.300e+04 3 0 QUESTION9 -1 2.972e+02 2.174e+02)))
s>        ( SILENCE 1 -1.334e+06 2.740e+03 6.649e+03
s>            ( - -1.955e+05 2 0 QUESTION9 -1 6.375e+02 1.014e+03)
s>            ( QUESTION10 1 -1.136e+06 1.385e+03 5.635e+03
s>                ( - -6.271e+05 39 0 QUESTION2_5_L -1 6.066e+02 3.102e+03)
s>                ( QUESTION16 -1 -5.072e+05 1.328e+03 2.533e+03
s>                    ( - -9.799e+04 17 0 QUESTION0 1 2.212e+02 4.907e+02)
s>                    ( QUESTION18 1 -4.079e+05 9.183e+02 2.043e+03
s>                        ( - -1.230e+05 6 0 QUESTION0_0_R 1 3.814e+02 6.205e+02)
s>                        ( - -2.840e+05 35 0 SILENCE -1 6.078e+02 1.422e+03))))))INFO: dtree.c(1315): Comp split 0
INFO: dtree.c(1478): Final simple tree
|( SILENCE 1 -1.377e+06 2.705e+03 6.867e+03
|    ( QUESTION9 -1 -1.955e+05 6.375e+02 1.014e+03
|        ( - -9.674e+04 1 0)
|        ( - -9.812e+04 1 0))
|    ( QUESTION18 -1 -1.179e+06 1.449e+03 5.853e+03
|        ( - -1.268e+05 22 0 WDBNDRY_I 0 4.377e+02 6.335e+02)
|        ( QUESTION10 1 -1.051e+06 1.601e+03 5.219e+03
|            ( QUESTION2_5_L -1 -6.075e+05 6.198e+02 3.005e+03
|                ( - -4.985e+04 2 0 QUESTION0_0_R 1 1.733e+02 2.450e+02)
|                ( - -5.570e+05 33 0 QUESTION2_14_L -1 5.406e+02 2.760e+03))
|            ( QUESTION8 1 -4.418e+05 8.760e+02 2.214e+03
|                ( - -1.936e+05 16 0 QUESTION17 1 3.721e+02 9.743e+02)
|                ( SILENCE -1 -2.473e+05 5.827e+02 1.240e+03
|                    ( - -4.137e+04 1 0)
|                    ( - -2.054e+05 26 0 QUESTION8 -1 4.233e+02 1.044e+03))))))
s>    ( SILENCE 1 -1.377e+06 2.705e+03 6.867e+03
s>        ( QUESTION9 -1 -1.955e+05 6.375e+02 1.014e+03
s>            ( - -9.674e+04 1 0)
s>            ( - -9.812e+04 1 0))
s>        ( QUESTION18 -1 -1.179e+06 1.449e+03 5.853e+03
s>            ( - -1.268e+05 22 0 WDBNDRY_I 0 4.377e+02 6.335e+02)
s>            ( QUESTION10 1 -1.051e+06 1.601e+03 5.219e+03
s>                ( QUESTION2_5_L -1 -6.075e+05 6.198e+02 3.005e+03
s>                    ( - -4.985e+04 2 0 QUESTION0_0_R 1 1.733e+02 2.450e+02)
s>                    ( - -5.570e+05 33 0 QUESTION2_14_L -1 5.406e+02 2.760e+03))
s>                ( QUESTION8 1 -4.418e+05 8.760e+02 2.214e+03
s>                    ( - -1.936e+05 16 0 QUESTION17 1 3.721e+02 9.743e+02)
s>                    ( SILENCE -1 -2.473e+05 5.827e+02 1.240e+03
s>                        ( - -4.137e+04 1 0)
s>                        ( - -2.054e+05 26 0 QUESTION8 -1 4.233e+02 1.044e+03))))))INFO: dtree.c(1439): stop. leaf nodes are specific
INFO: dtree.c(1478): Final simple tree
|( WDBNDRY_B 0 -8.536e+04 1.160e+03 4.000e+02
|    ( - -4.371e+04 1 0)
|    ( QUESTION16 -1 -4.049e+04 2.775e+02 1.906e+02
|        ( - -3.531e+04 1 0)
|        ( QUESTION4 -1 -4.901e+03 1.421e+02 2.305e+01
|            ( - -7.129e+02 1 0)
|            ( QUESTION1 -1 -4.046e+03 1.266e+02 1.905e+01
|                ( - -2.122e+03 1 0)
|                ( - -1.797e+03 1 0)))))
s>    ( WDBNDRY_B 0 -8.536e+04 1.160e+03 4.000e+02
s>        ( - -4.371e+04 1 0)
s>        ( QUESTION16 -1 -4.049e+04 2.775e+02 1.906e+02
s>            ( - -3.531e+04 1 0)
s>            ( QUESTION4 -1 -4.901e+03 1.421e+02 2.305e+01
s>                ( - -7.129e+02 1 0)
s>                ( QUESTION1 -1 -4.046e+03 1.266e+02 1.905e+01
s>                    ( - -2.122e+03 1 0)
s>                    ( - -1.797e+03 1 0)))))INFO: dtree.c(1315): Comp split 1
INFO: dtree.c(1478): Final simple tree
|( QUESTION18 -1 -1.179e+06 1.449e+03 5.853e+03
|    ( - -1.268e+05 22 0 WDBNDRY_I 0 4.377e+02 6.335e+02)
|    ( QUESTION10 1 -1.051e+06 1.601e+03 5.219e+03
|        ( QUESTION2_5_L -1 -6.075e+05 6.198e+02 3.005e+03
|            ( - -4.985e+04 2 0 QUESTION0_0_R 1 1.733e+02 2.450e+02)
|            ( QUESTION2_14_L -1 -5.570e+05 5.406e+02 2.760e+03
|                ( - -1.422e+05 5 0 WDBNDRY_B 0 3.108e+02 7.043e+02)
|                ( QUESTION2 -1 -4.143e+05 4.644e+02 2.056e+03
|                    ( - -1.102e+05 2 0 QUESTION0_0_R 1 2.241e+02 5.521e+02)
|                    ( - -3.037e+05 26 0 QUESTION2_13_L -1 4.617e+02 1.504e+03))))
|        ( QUESTION8 1 -4.418e+05 8.760e+02 2.214e+03
|            ( - -1.936e+05 16 0 QUESTION17 1 3.721e+02 9.743e+02)
|            ( SILENCE -1 -2.473e+05 5.827e+02 1.240e+03
|                ( - -4.137e+04 1 0)
|                ( - -2.054e+05 26 0 QUESTION8 -1 4.233e+02 1.044e+03)))))
s>    ( QUESTION18 -1 -1.179e+06 1.449e+03 5.853e+03
s>        ( - -1.268e+05 22 0 WDBNDRY_I 0 4.377e+02 6.335e+02)
s>        ( QUESTION10 1 -1.051e+06 1.601e+03 5.219e+03
s>            ( QUESTION2_5_L -1 -6.075e+05 6.198e+02 3.005e+03
s>                ( - -4.985e+04 2 0 QUESTION0_0_R 1 1.733e+02 2.450e+02)
s>                ( QUESTION2_14_L -1 -5.570e+05 5.406e+02 2.760e+03
s>                    ( - -1.422e+05 5 0 WDBNDRY_B 0 3.108e+02 7.043e+02)
s>                    ( QUESTION2 -1 -4.143e+05 4.644e+02 2.056e+03
s>                        ( - -1.102e+05 2 0 QUESTION0_0_R 1 2.241e+02 5.521e+02)
s>                        ( - -3.037e+05 26 0 QUESTION2_13_L -1 4.617e+02 1.504e+03))))
s>            ( QUESTION8 1 -4.418e+05 8.760e+02 2.214e+03
s>                ( - -1.936e+05 16 0 QUESTION17 1 3.721e+02 9.743e+02)
s>                ( SILENCE -1 -2.473e+05 5.827e+02 1.240e+03
s>                    ( - -4.137e+04 1 0)
s>                    ( - -2.054e+05 26 0 QUESTION8 -1 4.233e+02 1.044e+03)))))INFO: dtree.c(1439): stop. leaf nodes are specific
INFO: dtree.c(1478): Final simple tree
|( QUESTION9 -1 -1.955e+05 6.375e+02 1.014e+03
|    ( - -9.674e+04 1 0)
|    ( - -9.812e+04 1 0))
s>    ( QUESTION9 -1 -1.955e+05 6.375e+02 1.014e+03
s>        ( - -9.674e+04 1 0)
s>        ( - -9.812e+04 1 0))INFO: dtree.c(1315): Comp split 2
INFO: dtree.c(1478): Final simple tree
|( QUESTION8 1 -3.999e+05 8.867e+02 2.018e+03
|    ( QUESTION17 1 -1.936e+05 3.721e+02 9.743e+02
|        ( QUESTION0_9_R 1 -2.087e+04 3.441e+02 1.060e+02
|            ( - -4.524e+03 1 0)
|            ( - -1.600e+04 4 0 QUESTION0_0_R 1 1.808e+02 8.201e+01))
|        ( QUESTION0_0_R 1 -1.724e+05 3.905e+02 8.683e+02
|            ( QUESTION0 -1 -1.495e+05 3.099e+02 7.514e+02
|                ( - -1.304e+05 5 0 QUESTION0_4_R 1 2.975e+02 6.515e+02)
|                ( - -1.887e+04 4 0 QUESTION0_4_R 1 2.552e+02 9.999e+01))
|            ( - -2.242e+04 2 0 QUESTION0 -1 2.210e+02 1.169e+02)))
|    ( QUESTION8 -1 -2.054e+05 4.233e+02 1.044e+03
|        ( - -6.593e+04 8 0 QUESTION0_0_R 1 2.435e+02 3.341e+02)
|        ( QUESTION0_13_R 1 -1.390e+05 3.107e+02 7.100e+02
|            ( - -1.820e+04 4 0 QUESTION0 1 2.303e+02 9.779e+01)
|            ( - -1.205e+05 14 0 QUESTION2_15_L -1 3.084e+02 6.123e+02))))
s>    ( QUESTION8 1 -3.999e+05 8.867e+02 2.018e+03
s>        ( QUESTION17 1 -1.936e+05 3.721e+02 9.743e+02
s>            ( QUESTION0_9_R 1 -2.087e+04 3.441e+02 1.060e+02
s>                ( - -4.524e+03 1 0)
s>                ( - -1.600e+04 4 0 QUESTION0_0_R 1 1.808e+02 8.201e+01))
s>            ( QUESTION0_0_R 1 -1.724e+05 3.905e+02 8.683e+02
s>                ( QUESTION0 -1 -1.495e+05 3.099e+02 7.514e+02
s>                    ( - -1.304e+05 5 0 QUESTION0_4_R 1 2.975e+02 6.515e+02)
s>                    ( - -1.887e+04 4 0 QUESTION0_4_R 1 2.552e+02 9.999e+01))
s>                ( - -2.242e+04 2 0 QUESTION0 -1 2.210e+02 1.169e+02)))
s>        ( QUESTION8 -1 -2.054e+05 4.233e+02 1.044e+03
s>            ( - -6.593e+04 8 0 QUESTION0_0_R 1 2.435e+02 3.341e+02)
s>            ( QUESTION0_13_R 1 -1.390e+05 3.107e+02 7.100e+02
s>                ( - -1.820e+04 4 0 QUESTION0 1 2.303e+02 9.779e+01)
s>                ( - -1.205e+05 14 0 QUESTION2_15_L -1 3.084e+02 6.123e+02))))INFO: dtree.c(1478): Final simple tree
|( QUESTION18 -1 -7.775e+05 1.405e+03 3.834e+03
|    ( WDBNDRY_I 0 -1.268e+05 4.377e+02 6.335e+02
|        ( - 2.086e+02 1 0)
|        ( - -1.265e+05 21 0 QUESTION11 1 2.730e+02 6.325e+02))
|    ( SILENCE -1 -6.493e+05 6.287e+02 3.201e+03
|        ( - -1.060e+05 3 0 QUESTION0 1 2.252e+02 5.071e+02)
|        ( QUESTION2_5_L -1 -5.427e+05 6.150e+02 2.694e+03
|            ( - -4.985e+04 2 0 QUESTION0_0_R 1 1.733e+02 2.450e+02)
|            ( QUESTION2_14_L -1 -4.922e+05 5.352e+02 2.449e+03
|                ( - -1.422e+05 5 0 WDBNDRY_B 0 3.108e+02 7.043e+02)
|                ( QUESTION2 -1 -3.495e+05 4.555e+02 1.744e+03
|                    ( - -1.102e+05 2 0 QUESTION0_0_R 1 2.241e+02 5.521e+02)
|                    ( QUESTION2_12_L -1 -2.389e+05 3.379e+02 1.192e+03
|                        ( - -5.188e+04 6 0 QUESTION15 -1 2.390e+02 2.586e+02)
|                        ( - -1.867e+05 18 0 QUESTION0_0_R 1 3.189e+02 9.336e+02)))))))
s>    ( QUESTION18 -1 -7.775e+05 1.405e+03 3.834e+03
s>        ( WDBNDRY_I 0 -1.268e+05 4.377e+02 6.335e+02
s>            ( - 2.086e+02 1 0)
s>            ( - -1.265e+05 21 0 QUESTION11 1 2.730e+02 6.325e+02))
s>        ( SILENCE -1 -6.493e+05 6.287e+02 3.201e+03
s>            ( - -1.060e+05 3 0 QUESTION0 1 2.252e+02 5.071e+02)
s>            ( QUESTION2_5_L -1 -5.427e+05 6.150e+02 2.694e+03
s>                ( - -4.985e+04 2 0 QUESTION0_0_R 1 1.733e+02 2.450e+02)
s>                ( QUESTION2_14_L -1 -4.922e+05 5.352e+02 2.449e+03
s>                    ( - -1.422e+05 5 0 WDBNDRY_B 0 3.108e+02 7.043e+02)
s>                    ( QUESTION2 -1 -3.495e+05 4.555e+02 1.744e+03
s>                        ( - -1.102e+05 2 0 QUESTION0_0_R 1 2.241e+02 5.521e+02)
s>                        ( QUESTION2_12_L -1 -2.389e+05 3.379e+02 1.192e+03
s>                            ( - -5.188e+04 6 0 QUESTION15 -1 2.390e+02 2.586e+02)
s>                            ( - -1.867e+05 18 0 QUESTION0_0_R 1 3.189e+02 9.336e+02)))))))INFO: dtree.c(1315): Comp split 3
INFO: dtree.c(1478): Final simple tree
|( SILENCE -1 -6.493e+05 6.287e+02 3.201e+03
|    ( - -1.060e+05 3 0 QUESTION0 1 2.252e+02 5.071e+02)
|    ( QUESTION2_5_L -1 -5.427e+05 6.150e+02 2.694e+03
|        ( - -4.985e+04 2 0 QUESTION0_0_R 1 1.733e+02 2.450e+02)
|        ( QUESTION2_14_L -1 -4.922e+05 5.352e+02 2.449e+03
|            ( - -1.422e+05 5 0 WDBNDRY_B 0 3.108e+02 7.043e+02)
|            ( QUESTION2 -1 -3.495e+05 4.555e+02 1.744e+03
|                ( - -1.102e+05 2 0 QUESTION0_0_R 1 2.241e+02 5.521e+02)
|                ( QUESTION2_12_L -1 -2.389e+05 3.379e+02 1.192e+03
|                    ( - -5.188e+04 6 0 QUESTION15 -1 2.390e+02 2.586e+02)
|                    ( QUESTION0_0_R 1 -1.867e+05 3.189e+02 9.336e+02
|                        ( QUESTION2_3_L -1 -7.663e+04 4.843e+02 3.815e+02
|                            ( - 1.864e+02 1 0)
|                            ( - -7.633e+04 9 0 WDBNDRY_E 0 2.361e+02 3.805e+02))
|                        ( - -1.097e+05 8 0 QUESTION2_0_L -1 2.613e+02 5.521e+02)))))))
s>    ( SILENCE -1 -6.493e+05 6.287e+02 3.201e+03
s>        ( - -1.060e+05 3 0 QUESTION0 1 2.252e+02 5.071e+02)
s>        ( QUESTION2_5_L -1 -5.427e+05 6.150e+02 2.694e+03
s>            ( - -4.985e+04 2 0 QUESTION0_0_R 1 1.733e+02 2.450e+02)
s>            ( QUESTION2_14_L -1 -4.922e+05 5.352e+02 2.449e+03
s>                ( - -1.422e+05 5 0 WDBNDRY_B 0 3.108e+02 7.043e+02)
s>                ( QUESTION2 -1 -3.495e+05 4.555e+02 1.744e+03
s>                    ( - -1.102e+05 2 0 QUESTION0_0_R 1 2.241e+02 5.521e+02)
s>                    ( QUESTION2_12_L -1 -2.389e+05 3.379e+02 1.192e+03
s>                        ( - -5.188e+04 6 0 QUESTION15 -1 2.390e+02 2.586e+02)
s>                        ( QUESTION0_0_R 1 -1.867e+05 3.189e+02 9.336e+02
s>                            ( QUESTION2_3_L -1 -7.663e+04 4.843e+02 3.815e+02
s>                                ( - 1.864e+02 1 0)
s>                                ( - -7.633e+04 9 0 WDBNDRY_E 0 2.361e+02 3.805e+02))
s>                            ( - -1.097e+05 8 0 QUESTION2_0_L -1 2.613e+02 5.521e+02)))))))INFO: dtree.c(1478): Final simple tree
|( WDBNDRY_I 0 -1.268e+05 4.377e+02 6.335e+02
|    ( - 2.086e+02 1 0)
|    ( QUESTION11 1 -1.265e+05 2.730e+02 6.325e+02
|        ( - -1.387e+04 2 0 WDBNDRY_B 0 1.593e+02 7.060e+01)
|        ( QUESTION0_20_R 1 -1.124e+05 2.153e+02 5.619e+02
|            ( - -2.810e+04 3 0 QUESTION0 1 1.460e+02 1.405e+02)
|            ( QUESTION3 1 -8.408e+04 2.117e+02 4.214e+02
|                ( - -8.362e+02 1 0)
|                ( QUESTION0_11_R 1 -8.303e+04 2.035e+02 4.164e+02
|                    ( - -8.438e+03 1 0)
|                    ( QUESTION0 1 -7.439e+04 1.907e+02 3.744e+02
|                        ( QUESTION0_6_R 1 -3.534e+04 1.727e+02 1.787e+02
|                            ( - -8.674e+03 4 0 QUESTION9 1 1.626e+02 4.560e+01)
|                            ( - -2.649e+04 6 0 QUESTION18 1 2.282e+02 1.331e+02))
|                        ( - -3.886e+04 4 0 QUESTION0_0_R 1 1.574e+02 1.957e+02)))))))
s>    ( WDBNDRY_I 0 -1.268e+05 4.377e+02 6.335e+02
s>        ( - 2.086e+02 1 0)
s>        ( QUESTION11 1 -1.265e+05 2.730e+02 6.325e+02
s>            ( - -1.387e+04 2 0 WDBNDRY_B 0 1.593e+02 7.060e+01)
s>            ( QUESTION0_20_R 1 -1.124e+05 2.153e+02 5.619e+02
s>                ( - -2.810e+04 3 0 QUESTION0 1 1.460e+02 1.405e+02)
s>                ( QUESTION3 1 -8.408e+04 2.117e+02 4.214e+02
s>                    ( - -8.362e+02 1 0)
s>                    ( QUESTION0_11_R 1 -8.303e+04 2.035e+02 4.164e+02
s>                        ( - -8.438e+03 1 0)
s>                        ( QUESTION0 1 -7.439e+04 1.907e+02 3.744e+02
s>                            ( QUESTION0_6_R 1 -3.534e+04 1.727e+02 1.787e+02
s>                                ( - -8.674e+03 4 0 QUESTION9 1 1.626e+02 4.560e+01)
s>                                ( - -2.649e+04 6 0 QUESTION18 1 2.282e+02 1.331e+02))
s>                            ( - -3.886e+04 4 0 QUESTION0_0_R 1 1.574e+02 1.957e+02)))))))INFO: dtree.c(1315): Comp split 4
INFO: dtree.c(1439): stop. leaf nodes are specific
INFO: dtree.c(1478): Final simple tree
|( QUESTION16 -1 -4.049e+04 2.775e+02 1.906e+02
|    ( - -3.531e+04 1 0)
|    ( QUESTION4 -1 -4.901e+03 1.421e+02 2.305e+01
|        ( - -7.129e+02 1 0)
|        ( QUESTION1 -1 -4.046e+03 1.266e+02 1.905e+01
|            ( - -2.122e+03 1 0)
|            ( - -1.797e+03 1 0))))
s>    ( QUESTION16 -1 -4.049e+04 2.775e+02 1.906e+02
s>        ( - -3.531e+04 1 0)
s>        ( QUESTION4 -1 -4.901e+03 1.421e+02 2.305e+01
s>            ( - -7.129e+02 1 0)
s>            ( QUESTION1 -1 -4.046e+03 1.266e+02 1.905e+01
s>                ( - -2.122e+03 1 0)
s>                ( - -1.797e+03 1 0))))INFO: dtree.c(1315): Comp split 5
INFO: dtree.c(1478): Final simple tree
|( QUESTION0 -1 -2.216e+05 3.998e+02 1.126e+03
|    ( QUESTION2_13_L -1 -1.159e+05 2.757e+02 5.859e+02
|        ( - -1.767e+04 3 0 QUESTION2_18_L -1 1.860e+02 9.345e+01)
|        ( QUESTION0_0_R 1 -9.796e+04 2.651e+02 4.925e+02
|            ( - -1.169e+04 2 0 QUESTION0_1_R 1 2.287e+02 6.199e+01)
|            ( WDBNDRY_B 0 -8.601e+04 2.334e+02 4.305e+02
|                ( - -2.955e+04 2 0 QUESTION1 -1 1.268e+02 1.483e+02)
|                ( - -5.623e+04 7 0 QUESTION0_14_R 1 1.529e+02 2.822e+02))))
|    ( QUESTION0_15_R 1 -1.053e+05 3.096e+02 5.402e+02
|        ( - -1.820e+04 4 0 QUESTION0 1 2.303e+02 9.779e+01)
|        ( QUESTION2_15_L -1 -8.677e+04 2.718e+02 4.424e+02
|            ( - -9.697e+03 3 0)
|            ( QUESTION2_7_L -1 -7.680e+04 2.357e+02 3.921e+02
|                ( - -8.285e+03 1 0)
|                ( - -6.828e+04 8 0 QUESTION2_0_L -1 1.923e+02 3.491e+02)))))
s>    ( QUESTION0 -1 -2.216e+05 3.998e+02 1.126e+03
s>        ( QUESTION2_13_L -1 -1.159e+05 2.757e+02 5.859e+02
s>            ( - -1.767e+04 3 0 QUESTION2_18_L -1 1.860e+02 9.345e+01)
s>            ( QUESTION0_0_R 1 -9.796e+04 2.651e+02 4.925e+02
s>                ( - -1.169e+04 2 0 QUESTION0_1_R 1 2.287e+02 6.199e+01)
s>                ( WDBNDRY_B 0 -8.601e+04 2.334e+02 4.305e+02
s>                    ( - -2.955e+04 2 0 QUESTION1 -1 1.268e+02 1.483e+02)
s>                    ( - -5.623e+04 7 0 QUESTION0_14_R 1 1.529e+02 2.822e+02))))
s>        ( QUESTION0_15_R 1 -1.053e+05 3.096e+02 5.402e+02
s>            ( - -1.820e+04 4 0 QUESTION0 1 2.303e+02 9.779e+01)
s>            ( QUESTION2_15_L -1 -8.677e+04 2.718e+02 4.424e+02
s>                ( - -9.697e+03 3 0)
s>                ( QUESTION2_7_L -1 -7.680e+04 2.357e+02 3.921e+02
s>                    ( - -8.285e+03 1 0)
s>                    ( - -6.828e+04 8 0 QUESTION2_0_L -1 1.923e+02 3.491e+02)))))INFO: dtree.c(1478): Final simple tree
|( QUESTION0_0_R 1 -1.771e+05 3.860e+02 8.923e+02
|    ( QUESTION0 -1 -1.543e+05 3.047e+02 7.754e+02
|        ( QUESTION0_4_R 1 -1.351e+05 2.936e+02 6.755e+02
|            ( - -3.128e+04 1 0)
|            ( QUESTION9 1 -1.036e+05 3.384e+02 5.152e+02
|                ( - -5.826e+03 2 0 QUESTION0_3_R 1 1.337e+02 2.763e+01)
|                ( QUESTION0_6_R 1 -9.741e+04 2.590e+02 4.876e+02
|                    ( QUESTION0_7_R 1 -9.263e+04 2.360e+02 4.636e+02
|                        ( - -8.675e+04 1 0)
|                        ( - -5.645e+03 1 0))
|                    ( - -4.524e+03 1 0))))
|        ( QUESTION0_4_R 1 -1.887e+04 2.552e+02 9.999e+01
|            ( - -1.904e+03 1 0)
|            ( - -1.671e+04 3 0 QUESTION0_7_R 1 1.784e+02 8.899e+01)))
|    ( - -2.242e+04 2 0 QUESTION0 -1 2.210e+02 1.169e+02))
s>    ( QUESTION0_0_R 1 -1.771e+05 3.860e+02 8.923e+02
s>        ( QUESTION0 -1 -1.543e+05 3.047e+02 7.754e+02
s>            ( QUESTION0_4_R 1 -1.351e+05 2.936e+02 6.755e+02
s>                ( - -3.128e+04 1 0)
s>                ( QUESTION9 1 -1.036e+05 3.384e+02 5.152e+02
s>                    ( - -5.826e+03 2 0 QUESTION0_3_R 1 1.337e+02 2.763e+01)
s>                    ( QUESTION0_6_R 1 -9.741e+04 2.590e+02 4.876e+02
s>                        ( QUESTION0_7_R 1 -9.263e+04 2.360e+02 4.636e+02
s>                            ( - -8.675e+04 1 0)
s>                            ( - -5.645e+03 1 0))
s>                        ( - -4.524e+03 1 0))))
s>            ( QUESTION0_4_R 1 -1.887e+04 2.552e+02 9.999e+01
s>                ( - -1.904e+03 1 0)
s>                ( - -1.671e+04 3 0 QUESTION0_7_R 1 1.784e+02 8.899e+01)))
s>        ( - -2.242e+04 2 0 QUESTION0 -1 2.210e+02 1.169e+02))INFO: dtree.c(1315): Comp split 6
INFO: dtree.c(1478): Final simple tree
|( QUESTION2_5_L -1 -2.366e+05 3.952e+02 1.178e+03
|    ( - -4.985e+04 2 0 QUESTION0_0_R 1 1.733e+02 2.450e+02)
|    ( QUESTION0_0_R 1 -1.864e+05 3.148e+02 9.326e+02
|        ( WDBNDRY_E 0 -7.633e+04 2.361e+02 3.805e+02
|            ( - -2.016e+04 2 0 QUESTION0_10_R 1 1.609e+02 1.030e+02)
|            ( QUESTION6 -1 -5.593e+04 2.265e+02 2.775e+02
|                ( - -2.414e+03 1 0)
|                ( QUESTION1 -1 -5.329e+04 2.271e+02 2.635e+02
|                    ( - -1.110e+04 1 0)
|                    ( - -4.196e+04 5 0 QUESTION16 -1 1.509e+02 2.095e+02))))
|        ( QUESTION2_0_L -1 -1.097e+05 2.613e+02 5.521e+02
|            ( - -7.664e+03 2 0 QUESTION0 -1 1.198e+02 3.651e+01)
|            ( QUESTION1 -1 -1.018e+05 2.148e+02 5.156e+02
|                ( - -1.558e+04 1 0)
|                ( - -8.603e+04 5 0 QUESTION16 -1 1.892e+02 4.377e+02)))))
s>    ( QUESTION2_5_L -1 -2.366e+05 3.952e+02 1.178e+03
s>        ( - -4.985e+04 2 0 QUESTION0_0_R 1 1.733e+02 2.450e+02)
s>        ( QUESTION0_0_R 1 -1.864e+05 3.148e+02 9.326e+02
s>            ( WDBNDRY_E 0 -7.633e+04 2.361e+02 3.805e+02
s>                ( - -2.016e+04 2 0 QUESTION0_10_R 1 1.609e+02 1.030e+02)
s>                ( QUESTION6 -1 -5.593e+04 2.265e+02 2.775e+02
s>                    ( - -2.414e+03 1 0)
s>                    ( QUESTION1 -1 -5.329e+04 2.271e+02 2.635e+02
s>                        ( - -1.110e+04 1 0)
s>                        ( - -4.196e+04 5 0 QUESTION16 -1 1.509e+02 2.095e+02))))
s>            ( QUESTION2_0_L -1 -1.097e+05 2.613e+02 5.521e+02
s>                ( - -7.664e+03 2 0 QUESTION0 -1 1.198e+02 3.651e+01)
s>                ( QUESTION1 -1 -1.018e+05 2.148e+02 5.156e+02
s>                    ( - -1.558e+04 1 0)
s>                    ( - -8.603e+04 5 0 QUESTION16 -1 1.892e+02 4.377e+02)))))INFO: dtree.c(1478): Final simple tree
|( SILENCE -1 -4.118e+05 6.241e+02 2.023e+03
|    ( - -1.060e+05 3 0 QUESTION0 1 2.252e+02 5.071e+02)
|    ( QUESTION2_0_L -1 -3.052e+05 4.858e+02 1.516e+03
|        ( - 1.864e+02 1 0)
|        ( QUESTION2_14_L -1 -3.049e+05 4.722e+02 1.515e+03
|            ( WDBNDRY_B 0 -1.422e+05 3.108e+02 7.043e+02
|                ( QUESTION0_0_R 1 -1.266e+05 2.472e+02 6.224e+02
|                    ( - -6.962e+04 2 0)
|                    ( - -5.670e+04 2 0))
|                ( - -1.529e+04 1 0))
|            ( QUESTION15 -1 -1.622e+05 2.547e+02 8.108e+02
|                ( - -5.845e+03 2 0 QUESTION0_0_R 1 1.382e+02 3.000e+01)
|                ( QUESTION0 -1 -1.561e+05 2.615e+02 7.808e+02
|                    ( - -1.313e+05 4 0 QUESTION0_0_R 1 2.137e+02 6.594e+02)
|                    ( - -2.459e+04 2 0 QUESTION0_0_R 1 1.447e+02 1.214e+02))))))
s>    ( SILENCE -1 -4.118e+05 6.241e+02 2.023e+03
s>        ( - -1.060e+05 3 0 QUESTION0 1 2.252e+02 5.071e+02)
s>        ( QUESTION2_0_L -1 -3.052e+05 4.858e+02 1.516e+03
s>            ( - 1.864e+02 1 0)
s>            ( QUESTION2_14_L -1 -3.049e+05 4.722e+02 1.515e+03
s>                ( WDBNDRY_B 0 -1.422e+05 3.108e+02 7.043e+02
s>                    ( QUESTION0_0_R 1 -1.266e+05 2.472e+02 6.224e+02
s>                        ( - -6.962e+04 2 0)
s>                        ( - -5.670e+04 2 0))
s>                    ( - -1.529e+04 1 0))
s>                ( QUESTION15 -1 -1.622e+05 2.547e+02 8.108e+02
s>                    ( - -5.845e+03 2 0 QUESTION0_0_R 1 1.382e+02 3.000e+01)
s>                    ( QUESTION0 -1 -1.561e+05 2.615e+02 7.808e+02
s>                        ( - -1.313e+05 4 0 QUESTION0_0_R 1 2.137e+02 6.594e+02)
s>                        ( - -2.459e+04 2 0 QUESTION0_0_R 1 1.447e+02 1.214e+02))))))INFO: dtree.c(1315): Comp split 7
INFO: dtree.c(1439): stop. leaf nodes are specific
INFO: dtree.c(1478): Final simple tree
|( QUESTION0 1 -1.308e+05 2.670e+02 6.285e+02
|    ( SILENCE -1 -8.914e+04 1.942e+02 4.330e+02
|        ( QUESTION0_0_R 1 -6.436e+04 1.717e+02 3.116e+02
|            ( - -2.365e+04 1 0)
|            ( - -4.054e+04 1 0))
|        ( QUESTION0_0_R 1 -2.459e+04 1.447e+02 1.214e+02
|            ( - -1.401e+04 1 0)
|            ( - -1.043e+04 1 0)))
|    ( - -4.137e+04 1 0))
s>    ( QUESTION0 1 -1.308e+05 2.670e+02 6.285e+02
s>        ( SILENCE -1 -8.914e+04 1.942e+02 4.330e+02
s>            ( QUESTION0_0_R 1 -6.436e+04 1.717e+02 3.116e+02
s>                ( - -2.365e+04 1 0)
s>                ( - -4.054e+04 1 0))
s>            ( QUESTION0_0_R 1 -2.459e+04 1.447e+02 1.214e+02
s>                ( - -1.401e+04 1 0)
s>                ( - -1.043e+04 1 0)))
s>        ( - -4.137e+04 1 0))INFO: dtree.c(1478): Final simple tree
|( QUESTION2_0_L -1 -2.803e+05 4.858e+02 1.395e+03
|    ( - 1.864e+02 1 0)
|    ( QUESTION0 -1 -2.800e+05 4.765e+02 1.394e+03
|        ( QUESTION15 -1 -1.374e+05 2.622e+02 6.894e+02
|            ( QUESTION0_0_R 1 -5.845e+03 1.382e+02 3.000e+01
|                ( - -3.355e+03 1 0)
|                ( - -2.351e+03 1 0))
|            ( QUESTION0_0_R 1 -1.313e+05 2.137e+02 6.594e+02
|                ( - -5.049e+04 2 0 QUESTION1 -1 1.051e+02 2.530e+02)
|                ( - -8.059e+04 2 0 QUESTION1 -1 1.138e+02 4.064e+02)))
|        ( WDBNDRY_B 0 -1.422e+05 3.108e+02 7.043e+02
|            ( QUESTION0_0_R 1 -1.266e+05 2.472e+02 6.224e+02
|                ( - -6.962e+04 2 0)
|                ( - -5.670e+04 2 0))
|            ( - -1.529e+04 1 0))))
s>    ( QUESTION2_0_L -1 -2.803e+05 4.858e+02 1.395e+03
s>        ( - 1.864e+02 1 0)
s>        ( QUESTION0 -1 -2.800e+05 4.765e+02 1.394e+03
s>            ( QUESTION15 -1 -1.374e+05 2.622e+02 6.894e+02
s>                ( QUESTION0_0_R 1 -5.845e+03 1.382e+02 3.000e+01
s>                    ( - -3.355e+03 1 0)
s>                    ( - -2.351e+03 1 0))
s>                ( QUESTION0_0_R 1 -1.313e+05 2.137e+02 6.594e+02
s>                    ( - -5.049e+04 2 0 QUESTION1 -1 1.051e+02 2.530e+02)
s>                    ( - -8.059e+04 2 0 QUESTION1 -1 1.138e+02 4.064e+02)))
s>            ( WDBNDRY_B 0 -1.422e+05 3.108e+02 7.043e+02
s>                ( QUESTION0_0_R 1 -1.266e+05 2.472e+02 6.224e+02
s>                    ( - -6.962e+04 2 0)
s>                    ( - -5.670e+04 2 0))
s>                ( - -1.529e+04 1 0))))INFO: dtree.c(1315): Comp split 8
INFO: dtree.c(1315): Comp split 9
INFO: dtree.c(1439): stop. leaf nodes are specific
INFO: dtree.c(1478): Final simple tree
|( QUESTION0_7_R 1 -1.371e+04 1.906e+02 6.865e+01
|    ( - -4.624e+03 1 0)
|    ( QUESTION0_3_R 1 -8.899e+03 1.777e+02 4.702e+01
|        ( QUESTION0_4_R 1 -3.077e+03 1.049e+02 1.700e+01
|            ( - -1.904e+03 1 0)
|            ( - -1.069e+03 1 0))
|        ( - -5.645e+03 1 0)))
s>    ( QUESTION0_7_R 1 -1.371e+04 1.906e+02 6.865e+01
s>        ( - -4.624e+03 1 0)
s>        ( QUESTION0_3_R 1 -8.899e+03 1.777e+02 4.702e+01
s>            ( QUESTION0_4_R 1 -3.077e+03 1.049e+02 1.700e+01
s>                ( - -1.904e+03 1 0)
s>                ( - -1.069e+03 1 0))
s>            ( - -5.645e+03 1 0)))INFO: dtree.c(1478): Final simple tree
|( QUESTION0_7_R 1 -1.628e+05 3.837e+02 8.237e+02
|    ( QUESTION0 -1 -8.959e+04 1.796e+02 4.486e+02
|        ( - -8.675e+04 1 0)
|        ( - -2.662e+03 1 0))
|    ( QUESTION0_0_R 1 -7.286e+04 2.830e+02 3.751e+02
|        ( QUESTION0_4_R 1 -5.015e+04 2.571e+02 2.582e+02
|            ( - -3.128e+04 1 0)
|            ( QUESTION0_9_R 1 -1.862e+04 2.204e+02 9.799e+01
|                ( - -4.524e+03 1 0)
|                ( QUESTION0_3_R 1 -1.387e+04 1.294e+02 7.399e+01
|                    ( - -9.207e+03 1 0)
|                    ( - -4.536e+03 1 0))))
|        ( QUESTION0 -1 -2.242e+04 2.210e+02 1.169e+02
|            ( - -1.503e+04 1 0)
|            ( - -7.173e+03 1 0))))
s>    ( QUESTION0_7_R 1 -1.628e+05 3.837e+02 8.237e+02
s>        ( QUESTION0 -1 -8.959e+04 1.796e+02 4.486e+02
s>            ( - -8.675e+04 1 0)
s>            ( - -2.662e+03 1 0))
s>        ( QUESTION0_0_R 1 -7.286e+04 2.830e+02 3.751e+02
s>            ( QUESTION0_4_R 1 -5.015e+04 2.571e+02 2.582e+02
s>                ( - -3.128e+04 1 0)
s>                ( QUESTION0_9_R 1 -1.862e+04 2.204e+02 9.799e+01
s>                    ( - -4.524e+03 1 0)
s>                    ( QUESTION0_3_R 1 -1.387e+04 1.294e+02 7.399e+01
s>                        ( - -9.207e+03 1 0)
s>                        ( - -4.536e+03 1 0))))
s>            ( QUESTION0 -1 -2.242e+04 2.210e+02 1.169e+02
s>                ( - -1.503e+04 1 0)
s>                ( - -7.173e+03 1 0))))INFO: dtree.c(1315): Comp split 10
INFO: dtree.c(1439): stop. leaf nodes are specific
INFO: dtree.c(1478): Final simple tree
|( QUESTION0_0_R 1 -1.313e+05 2.137e+02 6.594e+02
|    ( QUESTION1 -1 -5.049e+04 1.051e+02 2.530e+02
|        ( - -4.061e+04 1 0)
|        ( - -9.771e+03 1 0))
|    ( QUESTION1 -1 -8.059e+04 1.138e+02 4.064e+02
|        ( - -6.934e+04 1 0)
|        ( - -1.114e+04 1 0)))
s>    ( QUESTION0_0_R 1 -1.313e+05 2.137e+02 6.594e+02
s>        ( QUESTION1 -1 -5.049e+04 1.051e+02 2.530e+02
s>            ( - -4.061e+04 1 0)
s>            ( - -9.771e+03 1 0))
s>        ( QUESTION1 -1 -8.059e+04 1.138e+02 4.064e+02
s>            ( - -6.934e+04 1 0)
s>            ( - -1.114e+04 1 0)))INFO: dtree.c(1439): stop. leaf nodes are specific
INFO: dtree.c(1478): Final simple tree
|( QUESTION2_0_L -1 -1.485e+05 4.828e+02 7.353e+02
|    ( - 1.864e+02 1 0)
|    ( WDBNDRY_B 0 -1.482e+05 3.038e+02 7.343e+02
|        ( QUESTION0_0_R 1 -1.326e+05 2.532e+02 6.524e+02
|            ( QUESTION0 -1 -7.316e+04 1.898e+02 3.568e+02
|                ( - -3.355e+03 1 0)
|                ( - -6.962e+04 2 0))
|            ( QUESTION0 -1 -5.922e+04 1.713e+02 2.956e+02
|                ( - -2.351e+03 1 0)
|                ( - -5.670e+04 2 0)))
|        ( - -1.529e+04 1 0)))
s>    ( QUESTION2_0_L -1 -1.485e+05 4.828e+02 7.353e+02
s>        ( - 1.864e+02 1 0)
s>        ( WDBNDRY_B 0 -1.482e+05 3.038e+02 7.343e+02
s>            ( QUESTION0_0_R 1 -1.326e+05 2.532e+02 6.524e+02
s>                ( QUESTION0 -1 -7.316e+04 1.898e+02 3.568e+02
s>                    ( - -3.355e+03 1 0)
s>                    ( - -6.962e+04 2 0))
s>                ( QUESTION0 -1 -5.922e+04 1.713e+02 2.956e+02
s>                    ( - -2.351e+03 1 0)
s>                    ( - -5.670e+04 2 0)))
s>            ( - -1.529e+04 1 0)))INFO: dtree.c(1315): Comp split 11
INFO: dtree.c(1439): stop. leaf nodes are specific
INFO: dtree.c(1478): Final simple tree
|( WDBNDRY_B 0 -6.619e+04 2.619e+02 3.325e+02
|    ( - -9.697e+03 3 0)
|    ( QUESTION0_14_R 1 -5.623e+04 1.529e+02 2.822e+02
|        ( - -4.601e+03 1 0)
|        ( QUESTION0 1 -5.147e+04 1.252e+02 2.582e+02
|            ( - -2.731e+03 1 0)
|            ( QUESTION0_13_R 1 -4.862e+04 1.307e+02 2.442e+02
|                ( - -1.955e+04 2 0)
|                ( - -2.894e+04 3 0)))))
s>    ( WDBNDRY_B 0 -6.619e+04 2.619e+02 3.325e+02
s>        ( - -9.697e+03 3 0)
s>        ( QUESTION0_14_R 1 -5.623e+04 1.529e+02 2.822e+02
s>            ( - -4.601e+03 1 0)
s>            ( QUESTION0 1 -5.147e+04 1.252e+02 2.582e+02
s>                ( - -2.731e+03 1 0)
s>                ( QUESTION0_13_R 1 -4.862e+04 1.307e+02 2.442e+02
s>                    ( - -1.955e+04 2 0)
s>                    ( - -2.894e+04 3 0)))))INFO: dtree.c(1478): Final simple tree
|( QUESTION2_15_L -1 -1.549e+05 3.177e+02 7.936e+02
|    ( - -1.767e+04 3 0 QUESTION2_18_L -1 1.860e+02 9.345e+01)
|    ( QUESTION0_20_R 1 -1.369e+05 3.388e+02 7.002e+02
|        ( QUESTION2_7_L -1 -9.634e+04 2.381e+02 4.884e+02
|            ( - -1.581e+04 2 0 QUESTION0 -1 1.329e+02 8.192e+01)
|            ( WDBNDRY_B 0 -8.029e+04 2.032e+02 4.065e+02
|                ( - -7.519e+04 4 0 QUESTION2_0_L -1 1.709e+02 3.805e+02)
|                ( - -4.899e+03 2 0 QUESTION0 1 1.422e+02 2.600e+01)))
|        ( QUESTION1 1 -4.025e+04 2.638e+02 2.118e+02
|            ( - -5.571e+03 2 0 QUESTION4 1 1.379e+02 3.200e+01)
|            ( QUESTION0_1_R 1 -3.442e+04 2.428e+02 1.798e+02
|                ( - -1.038e+04 2 0 QUESTION0 -1 1.881e+02 5.599e+01)
|                ( QUESTION0_0_R 1 -2.379e+04 1.993e+02 1.238e+02
|                    ( - -6.816e+03 2 0 QUESTION0 -1 1.370e+02 3.600e+01)
|                    ( - -1.678e+04 3 0 QUESTION0_14_R 1 1.252e+02 8.778e+01))))))
s>    ( QUESTION2_15_L -1 -1.549e+05 3.177e+02 7.936e+02
s>        ( - -1.767e+04 3 0 QUESTION2_18_L -1 1.860e+02 9.345e+01)
s>        ( QUESTION0_20_R 1 -1.369e+05 3.388e+02 7.002e+02
s>            ( QUESTION2_7_L -1 -9.634e+04 2.381e+02 4.884e+02
s>                ( - -1.581e+04 2 0 QUESTION0 -1 1.329e+02 8.192e+01)
s>                ( WDBNDRY_B 0 -8.029e+04 2.032e+02 4.065e+02
s>                    ( - -7.519e+04 4 0 QUESTION2_0_L -1 1.709e+02 3.805e+02)
s>                    ( - -4.899e+03 2 0 QUESTION0 1 1.422e+02 2.600e+01)))
s>            ( QUESTION1 1 -4.025e+04 2.638e+02 2.118e+02
s>                ( - -5.571e+03 2 0 QUESTION4 1 1.379e+02 3.200e+01)
s>                ( QUESTION0_1_R 1 -3.442e+04 2.428e+02 1.798e+02
s>                    ( - -1.038e+04 2 0 QUESTION0 -1 1.881e+02 5.599e+01)
s>                    ( QUESTION0_0_R 1 -2.379e+04 1.993e+02 1.238e+02
s>                        ( - -6.816e+03 2 0 QUESTION0 -1 1.370e+02 3.600e+01)
s>                        ( - -1.678e+04 3 0 QUESTION0_14_R 1 1.252e+02 8.778e+01))))))INFO: dtree.c(1315): Comp split 12
INFO: dtree.c(1439): stop. leaf nodes are specific
INFO: dtree.c(1478): Final simple tree
|( WDBNDRY_B 0 -1.482e+05 3.038e+02 7.343e+02
|    ( QUESTION0_0_R 1 -1.326e+05 2.532e+02 6.524e+02
|        ( QUESTION0 -1 -7.316e+04 1.898e+02 3.568e+02
|            ( - -3.355e+03 1 0)
|            ( - -6.962e+04 2 0))
|        ( QUESTION0 -1 -5.922e+04 1.713e+02 2.956e+02
|            ( - -2.351e+03 1 0)
|            ( - -5.670e+04 2 0)))
|    ( - -1.529e+04 1 0))
s>    ( WDBNDRY_B 0 -1.482e+05 3.038e+02 7.343e+02
s>        ( QUESTION0_0_R 1 -1.326e+05 2.532e+02 6.524e+02
s>            ( QUESTION0 -1 -7.316e+04 1.898e+02 3.568e+02
s>                ( - -3.355e+03 1 0)
s>                ( - -6.962e+04 2 0))
s>            ( QUESTION0 -1 -5.922e+04 1.713e+02 2.956e+02
s>                ( - -2.351e+03 1 0)
s>                ( - -5.670e+04 2 0)))
s>        ( - -1.529e+04 1 0))INFO: dtree.c(1315): Comp split 13
INFO: dtree.c(1478): Final simple tree
|( QUESTION10 -1 -1.239e+05 2.441e+02 6.322e+02
|    ( - -6.692e+03 1 0)
|    ( QUESTION2_7_L -1 -1.170e+05 2.464e+02 5.952e+02
|        ( - -1.581e+04 2 0 QUESTION0 -1 1.329e+02 8.192e+01)
|        ( WDBNDRY_B 0 -1.009e+05 2.080e+02 5.133e+02
|            ( QUESTION2_0_L -1 -7.519e+04 1.709e+02 3.805e+02
|                ( QUESTION0 -1 -5.188e+04 1.693e+02 2.618e+02
|                    ( - -2.203e+04 1 0)
|                    ( - -2.967e+04 1 0))
|                ( - -2.315e+04 2 0))
|            ( QUESTION0_13_R 1 -2.555e+04 1.955e+02 1.328e+02
|                ( - -1.678e+04 3 0 QUESTION0_14_R 1 1.252e+02 8.778e+01)
|                ( QUESTION0_0_R 1 -8.575e+03 1.759e+02 4.500e+01
|                    ( - -3.501e+03 1 0)
|                    ( - -4.899e+03 2 0 QUESTION0 1 1.422e+02 2.600e+01))))))
s>    ( QUESTION10 -1 -1.239e+05 2.441e+02 6.322e+02
s>        ( - -6.692e+03 1 0)
s>        ( QUESTION2_7_L -1 -1.170e+05 2.464e+02 5.952e+02
s>            ( - -1.581e+04 2 0 QUESTION0 -1 1.329e+02 8.192e+01)
s>            ( WDBNDRY_B 0 -1.009e+05 2.080e+02 5.133e+02
s>                ( QUESTION2_0_L -1 -7.519e+04 1.709e+02 3.805e+02
s>                    ( QUESTION0 -1 -5.188e+04 1.693e+02 2.618e+02
s>                        ( - -2.203e+04 1 0)
s>                        ( - -2.967e+04 1 0))
s>                    ( - -2.315e+04 2 0))
s>                ( QUESTION0_13_R 1 -2.555e+04 1.955e+02 1.328e+02
s>                    ( - -1.678e+04 3 0 QUESTION0_14_R 1 1.252e+02 8.778e+01)
s>                    ( QUESTION0_0_R 1 -8.575e+03 1.759e+02 4.500e+01
s>                        ( - -3.501e+03 1 0)
s>                        ( - -4.899e+03 2 0 QUESTION0 1 1.422e+02 2.600e+01))))))INFO: dtree.c(1439): stop. leaf nodes are specific
INFO: dtree.c(1478): Final simple tree
|( QUESTION0_13_R 1 -3.051e+04 2.864e+02 1.614e+02
|    ( QUESTION4 1 -5.571e+03 1.379e+02 3.200e+01
|        ( - -3.580e+03 1 0)
|        ( - -1.853e+03 1 0))
|    ( QUESTION2 -1 -2.466e+04 1.901e+02 1.294e+02
|        ( - -1.212e+04 1 0)
|        ( WDBNDRY_B 0 -1.235e+04 1.632e+02 6.500e+01
|            ( QUESTION6 -1 -5.368e+03 1.196e+02 2.900e+01
|                ( - -1.227e+03 1 0)
|                ( - -4.022e+03 1 0))
|            ( QUESTION0 -1 -6.816e+03 1.370e+02 3.600e+01
|                ( - -4.767e+03 1 0)
|                ( - -1.913e+03 1 0)))))
s>    ( QUESTION0_13_R 1 -3.051e+04 2.864e+02 1.614e+02
s>        ( QUESTION4 1 -5.571e+03 1.379e+02 3.200e+01
s>            ( - -3.580e+03 1 0)
s>            ( - -1.853e+03 1 0))
s>        ( QUESTION2 -1 -2.466e+04 1.901e+02 1.294e+02
s>            ( - -1.212e+04 1 0)
s>            ( WDBNDRY_B 0 -1.235e+04 1.632e+02 6.500e+01
s>                ( QUESTION6 -1 -5.368e+03 1.196e+02 2.900e+01
s>                    ( - -1.227e+03 1 0)
s>                    ( - -4.022e+03 1 0))
s>                ( QUESTION0 -1 -6.816e+03 1.370e+02 3.600e+01
s>                    ( - -4.767e+03 1 0)
s>                    ( - -1.913e+03 1 0)))))INFO: dtree.c(1315): Comp split 14
INFO: dtree.c(1439): stop. leaf nodes are specific
INFO: dtree.c(1478): Final simple tree
|( QUESTION0_0_R 1 -6.560e+04 1.982e+02 3.229e+02
|    ( - -2.111e+04 1 0)
|    ( QUESTION1 -1 -4.430e+04 1.475e+02 2.182e+02
|        ( - -1.558e+04 1 0)
|        ( - -2.857e+04 1 0)))
s>    ( QUESTION0_0_R 1 -6.560e+04 1.982e+02 3.229e+02
s>        ( - -2.111e+04 1 0)
s>        ( QUESTION1 -1 -4.430e+04 1.475e+02 2.182e+02
s>            ( - -1.558e+04 1 0)
s>            ( - -2.857e+04 1 0)))INFO: dtree.c(1478): Final simple tree
|( QUESTION1 -1 -1.706e+05 2.975e+02 8.548e+02
|    ( QUESTION2_20_L -1 -2.025e+04 2.669e+02 9.756e+01
|        ( - -2.414e+03 1 0)
|        ( QUESTION0_0_R 1 -1.757e+04 1.741e+02 8.356e+01
|            ( - -1.110e+04 1 0)
|            ( - -6.294e+03 1 0)))
|    ( QUESTION0_0_R 1 -1.500e+05 2.739e+02 7.572e+02
|        ( WDBNDRY_E 0 -6.233e+04 2.083e+02 3.125e+02
|            ( - -2.016e+04 2 0 QUESTION0_10_R 1 1.609e+02 1.030e+02)
|            ( - -4.196e+04 5 0 QUESTION16 -1 1.509e+02 2.095e+02))
|        ( QUESTION16 -1 -8.742e+04 1.857e+02 4.447e+02
|            ( - -1.215e+04 1 0)
|            ( QUESTION0 -1 -7.508e+04 1.685e+02 3.814e+02
|                ( - -1.506e+03 1 0)
|                ( - -7.341e+04 4 0 QUESTION2_7_L -1 1.577e+02 3.724e+02)))))
s>    ( QUESTION1 -1 -1.706e+05 2.975e+02 8.548e+02
s>        ( QUESTION2_20_L -1 -2.025e+04 2.669e+02 9.756e+01
s>            ( - -2.414e+03 1 0)
s>            ( QUESTION0_0_R 1 -1.757e+04 1.741e+02 8.356e+01
s>                ( - -1.110e+04 1 0)
s>                ( - -6.294e+03 1 0)))
s>        ( QUESTION0_0_R 1 -1.500e+05 2.739e+02 7.572e+02
s>            ( WDBNDRY_E 0 -6.233e+04 2.083e+02 3.125e+02
s>                ( - -2.016e+04 2 0 QUESTION0_10_R 1 1.609e+02 1.030e+02)
s>                ( - -4.196e+04 5 0 QUESTION16 -1 1.509e+02 2.095e+02))
s>            ( QUESTION16 -1 -8.742e+04 1.857e+02 4.447e+02
s>                ( - -1.215e+04 1 0)
s>                ( QUESTION0 -1 -7.508e+04 1.685e+02 3.814e+02
s>                    ( - -1.506e+03 1 0)
s>                    ( - -7.341e+04 4 0 QUESTION2_7_L -1 1.577e+02 3.724e+02)))))INFO: dtree.c(1315): Comp split 15
INFO: dtree.c(1478): Final simple tree
|( QUESTION11 1 -1.265e+05 2.730e+02 6.325e+02
|    ( - -1.387e+04 2 0 WDBNDRY_B 0 1.593e+02 7.060e+01)
|    ( QUESTION0_20_R 1 -1.124e+05 2.153e+02 5.619e+02
|        ( - -2.810e+04 3 0 QUESTION0 1 1.460e+02 1.405e+02)
|        ( QUESTION3 1 -8.408e+04 2.117e+02 4.214e+02
|            ( - -8.362e+02 1 0)
|            ( QUESTION0_11_R 1 -8.303e+04 2.035e+02 4.164e+02
|                ( - -8.438e+03 1 0)
|                ( QUESTION0 1 -7.439e+04 1.907e+02 3.744e+02
|                    ( QUESTION0_6_R 1 -3.534e+04 1.727e+02 1.787e+02
|                        ( - -8.674e+03 4 0 QUESTION9 1 1.626e+02 4.560e+01)
|                        ( QUESTION18 1 -2.649e+04 2.282e+02 1.331e+02
|                            ( - -2.217e+03 1 0)
|                            ( - -2.405e+04 5 0 QUESTION15 1 1.692e+02 1.201e+02)))
|                    ( - -3.886e+04 4 0 QUESTION0_0_R 1 1.574e+02 1.957e+02))))))
s>    ( QUESTION11 1 -1.265e+05 2.730e+02 6.325e+02
s>        ( - -1.387e+04 2 0 WDBNDRY_B 0 1.593e+02 7.060e+01)
s>        ( QUESTION0_20_R 1 -1.124e+05 2.153e+02 5.619e+02
s>            ( - -2.810e+04 3 0 QUESTION0 1 1.460e+02 1.405e+02)
s>            ( QUESTION3 1 -8.408e+04 2.117e+02 4.214e+02
s>                ( - -8.362e+02 1 0)
s>                ( QUESTION0_11_R 1 -8.303e+04 2.035e+02 4.164e+02
s>                    ( - -8.438e+03 1 0)
s>                    ( QUESTION0 1 -7.439e+04 1.907e+02 3.744e+02
s>                        ( QUESTION0_6_R 1 -3.534e+04 1.727e+02 1.787e+02
s>                            ( - -8.674e+03 4 0 QUESTION9 1 1.626e+02 4.560e+01)
s>                            ( QUESTION18 1 -2.649e+04 2.282e+02 1.331e+02
s>                                ( - -2.217e+03 1 0)
s>                                ( - -2.405e+04 5 0 QUESTION15 1 1.692e+02 1.201e+02)))
s>                        ( - -3.886e+04 4 0 QUESTION0_0_R 1 1.574e+02 1.957e+02))))))INFO: dtree.c(1315): Comp split 16
INFO: dtree.c(1439): stop. leaf nodes are specific
INFO: dtree.c(1478): Final simple tree
|( QUESTION0_0_R 1 -4.131e+04 2.743e+02 2.149e+02
|    ( QUESTION0_9_R 1 -1.862e+04 2.204e+02 9.799e+01
|        ( - -4.524e+03 1 0)
|        ( QUESTION0_3_R 1 -1.387e+04 1.294e+02 7.399e+01
|            ( - -9.207e+03 1 0)
|            ( - -4.536e+03 1 0)))
|    ( QUESTION0 -1 -2.242e+04 2.210e+02 1.169e+02
|        ( - -1.503e+04 1 0)
|        ( - -7.173e+03 1 0)))
s>    ( QUESTION0_0_R 1 -4.131e+04 2.743e+02 2.149e+02
s>        ( QUESTION0_9_R 1 -1.862e+04 2.204e+02 9.799e+01
s>            ( - -4.524e+03 1 0)
s>            ( QUESTION0_3_R 1 -1.387e+04 1.294e+02 7.399e+01
s>                ( - -9.207e+03 1 0)
s>                ( - -4.536e+03 1 0)))
s>        ( QUESTION0 -1 -2.242e+04 2.210e+02 1.169e+02
s>            ( - -1.503e+04 1 0)
s>            ( - -7.173e+03 1 0)))INFO: dtree.c(1439): stop. leaf nodes are specific
INFO: dtree.c(1478): Final simple tree
|( QUESTION0_3_R 1 -1.211e+05 2.577e+02 6.088e+02
|    ( - -3.128e+04 1 0)
|    ( QUESTION0 -1 -8.959e+04 1.796e+02 4.486e+02
|        ( - -8.675e+04 1 0)
|        ( - -2.662e+03 1 0)))
s>    ( QUESTION0_3_R 1 -1.211e+05 2.577e+02 6.088e+02
s>        ( - -3.128e+04 1 0)
s>        ( QUESTION0 -1 -8.959e+04 1.796e+02 4.486e+02
s>            ( - -8.675e+04 1 0)
s>            ( - -2.662e+03 1 0)))INFO: dtree.c(1315): Comp split 17
INFO: dtree.c(1439): stop. leaf nodes are specific
INFO: dtree.c(1478): Final simple tree
|( QUESTION1 -1 -8.016e+04 2.621e+02 3.961e+02
|    ( QUESTION0_0_R 1 -1.757e+04 1.741e+02 8.356e+01
|        ( - -1.110e+04 1 0)
|        ( - -6.294e+03 1 0))
|    ( WDBNDRY_E 0 -6.233e+04 2.083e+02 3.125e+02
|        ( QUESTION0_10_R 1 -2.016e+04 1.609e+02 1.030e+02
|            ( - -1.746e+04 1 0)
|            ( - -2.547e+03 1 0))
|        ( QUESTION16 -1 -4.196e+04 1.509e+02 2.095e+02
|            ( - -7.231e+03 1 0)
|            ( WDBNDRY_B 0 -3.457e+04 1.496e+02 1.720e+02
|                ( - -3.312e+04 3 0)
|                ( - -1.307e+03 1 0)))))
s>    ( QUESTION1 -1 -8.016e+04 2.621e+02 3.961e+02
s>        ( QUESTION0_0_R 1 -1.757e+04 1.741e+02 8.356e+01
s>            ( - -1.110e+04 1 0)
s>            ( - -6.294e+03 1 0))
s>        ( WDBNDRY_E 0 -6.233e+04 2.083e+02 3.125e+02
s>            ( QUESTION0_10_R 1 -2.016e+04 1.609e+02 1.030e+02
s>                ( - -1.746e+04 1 0)
s>                ( - -2.547e+03 1 0))
s>            ( QUESTION16 -1 -4.196e+04 1.509e+02 2.095e+02
s>                ( - -7.231e+03 1 0)
s>                ( WDBNDRY_B 0 -3.457e+04 1.496e+02 1.720e+02
s>                    ( - -3.312e+04 3 0)
s>                    ( - -1.307e+03 1 0)))))INFO: dtree.c(1439): stop. leaf nodes are specific
INFO: dtree.c(1478): Final simple tree
|( QUESTION0_0_R 1 -9.006e+04 2.195e+02 4.587e+02
|    ( - -2.414e+03 1 0)
|    ( QUESTION16 -1 -8.742e+04 1.857e+02 4.447e+02
|        ( - -1.215e+04 1 0)
|        ( QUESTION0 -1 -7.508e+04 1.685e+02 3.814e+02
|            ( - -1.506e+03 1 0)
|            ( QUESTION2_7_L -1 -7.341e+04 1.577e+02 3.724e+02
|                ( - -1.801e+03 1 0)
|                ( QUESTION2_0_L -1 -7.145e+04 1.439e+02 3.624e+02
|                    ( - -1.250e+03 1 0)
|                    ( - -7.006e+04 2 0))))))
s>    ( QUESTION0_0_R 1 -9.006e+04 2.195e+02 4.587e+02
s>        ( - -2.414e+03 1 0)
s>        ( QUESTION16 -1 -8.742e+04 1.857e+02 4.447e+02
s>            ( - -1.215e+04 1 0)
s>            ( QUESTION0 -1 -7.508e+04 1.685e+02 3.814e+02
s>                ( - -1.506e+03 1 0)
s>                ( QUESTION2_7_L -1 -7.341e+04 1.577e+02 3.724e+02
s>                    ( - -1.801e+03 1 0)
s>                    ( QUESTION2_0_L -1 -7.145e+04 1.439e+02 3.624e+02
s>                        ( - -1.250e+03 1 0)
s>                        ( - -7.006e+04 2 0))))))INFO: dtree.c(1315): Comp split 18
INFO: dtree.c(1439): stop. leaf nodes are specific
INFO: dtree.c(1478): Final simple tree
|( QUESTION0_14_R 1 -2.594e+04 2.186e+02 1.306e+02
|    ( - -2.217e+03 1 0)
|    ( QUESTION0_13_R 1 -2.350e+04 1.977e+02 1.176e+02
|        ( - -8.362e+02 1 0)
|        ( QUESTION0_10_R 1 -2.247e+04 1.605e+02 1.126e+02
|            ( - -8.438e+03 1 0)
|            ( WDBNDRY_B 0 -1.387e+04 1.593e+02 7.060e+01
|                ( - -6.706e+02 1 0)
|                ( - -1.304e+04 1 0)))))
s>    ( QUESTION0_14_R 1 -2.594e+04 2.186e+02 1.306e+02
s>        ( - -2.217e+03 1 0)
s>        ( QUESTION0_13_R 1 -2.350e+04 1.977e+02 1.176e+02
s>            ( - -8.362e+02 1 0)
s>            ( QUESTION0_10_R 1 -2.247e+04 1.605e+02 1.126e+02
s>                ( - -8.438e+03 1 0)
s>                ( WDBNDRY_B 0 -1.387e+04 1.593e+02 7.060e+01
s>                    ( - -6.706e+02 1 0)
s>                    ( - -1.304e+04 1 0)))))INFO: dtree.c(1478): Final simple tree
|( QUESTION0_0_R 1 -1.003e+05 2.387e+02 5.019e+02
|    ( QUESTION15 1 -5.974e+04 1.805e+02 3.019e+02
|        ( - -1.386e+03 1 0)
|        ( QUESTION0_6_R 1 -5.817e+04 1.673e+02 2.939e+02
|            ( QUESTION9 1 -8.674e+03 1.626e+02 4.560e+01
|                ( - -1.558e+03 1 0)
|                ( QUESTION0_7_R 1 -6.953e+03 1.472e+02 3.660e+01
|                    ( - -4.810e+02 1 0)
|                    ( - -6.325e+03 2 0 QUESTION17 1 1.987e+02 3.360e+01)))
|            ( QUESTION0_5_R 1 -4.933e+04 1.544e+02 2.483e+02
|                ( - -4.851e+03 1 0)
|                ( - -4.432e+04 3 0 QUESTION0_1_R 1 1.163e+02 2.233e+02))))
|    ( QUESTION0 1 -4.029e+04 2.275e+02 2.000e+02
|        ( - -1.061e+04 3 0 QUESTION1 1 1.371e+02 5.396e+01)
|        ( - -2.946e+04 4 0 QUESTION0_13_R 1 1.163e+02 1.461e+02)))
s>    ( QUESTION0_0_R 1 -1.003e+05 2.387e+02 5.019e+02
s>        ( QUESTION15 1 -5.974e+04 1.805e+02 3.019e+02
s>            ( - -1.386e+03 1 0)
s>            ( QUESTION0_6_R 1 -5.817e+04 1.673e+02 2.939e+02
s>                ( QUESTION9 1 -8.674e+03 1.626e+02 4.560e+01
s>                    ( - -1.558e+03 1 0)
s>                    ( QUESTION0_7_R 1 -6.953e+03 1.472e+02 3.660e+01
s>                        ( - -4.810e+02 1 0)
s>                        ( - -6.325e+03 2 0 QUESTION17 1 1.987e+02 3.360e+01)))
s>                ( QUESTION0_5_R 1 -4.933e+04 1.544e+02 2.483e+02
s>                    ( - -4.851e+03 1 0)
s>                    ( - -4.432e+04 3 0 QUESTION0_1_R 1 1.163e+02 2.233e+02))))
s>        ( QUESTION0 1 -4.029e+04 2.275e+02 2.000e+02
s>            ( - -1.061e+04 3 0 QUESTION1 1 1.371e+02 5.396e+01)
s>            ( - -2.946e+04 4 0 QUESTION0_13_R 1 1.163e+02 1.461e+02)))INFO: dtree.c(1315): Comp split 19
INFO: dtree.c(1439): stop. leaf nodes are specific
INFO: dtree.c(1478): Final simple tree
|( QUESTION0_0_R 1 -1.266e+05 2.472e+02 6.224e+02
|    ( - -6.962e+04 2 0)
|    ( - -5.670e+04 2 0))
s>    ( QUESTION0_0_R 1 -1.266e+05 2.472e+02 6.224e+02
s>        ( - -6.962e+04 2 0)
s>        ( - -5.670e+04 2 0))INFO: dtree.c(1439): stop. leaf nodes are specific
INFO: dtree.c(1478): Final simple tree
|( WDBNDRY_B 0 -2.133e+04 2.006e+02 1.119e+02
|    ( QUESTION0_0_R 1 -5.845e+03 1.382e+02 3.000e+01
|        ( - -3.355e+03 1 0)
|        ( - -2.351e+03 1 0))
|    ( - -1.529e+04 1 0))
s>    ( WDBNDRY_B 0 -2.133e+04 2.006e+02 1.119e+02
s>        ( QUESTION0_0_R 1 -5.845e+03 1.382e+02 3.000e+01
s>            ( - -3.355e+03 1 0)
s>            ( - -2.351e+03 1 0))
s>        ( - -1.529e+04 1 0))INFO: dtree.c(1315): Comp split 20
INFO: dtree.c(1439): stop. leaf nodes are specific
INFO: dtree.c(1478): Final simple tree
|( QUESTION18 1 -3.594e+04 1.830e+02 1.797e+02
|    ( - -2.460e+02 1 0)
|    ( QUESTION0_0_R 1 -3.551e+04 1.751e+02 1.777e+02
|        ( - -5.880e+03 1 0)
|        ( QUESTION0_13_R 1 -2.946e+04 1.163e+02 1.461e+02
|            ( - -3.778e+03 2 0)
|            ( - -2.556e+04 2 0))))
s>    ( QUESTION18 1 -3.594e+04 1.830e+02 1.797e+02
s>        ( - -2.460e+02 1 0)
s>        ( QUESTION0_0_R 1 -3.551e+04 1.751e+02 1.777e+02
s>            ( - -5.880e+03 1 0)
s>            ( QUESTION0_13_R 1 -2.946e+04 1.163e+02 1.461e+02
s>                ( - -3.778e+03 2 0)
s>                ( - -2.556e+04 2 0))))INFO: dtree.c(1478): Final simple tree
|( QUESTION0_1_R 1 -6.401e+04 1.789e+02 3.222e+02
|    ( - -3.492e+04 2 0)
|    ( QUESTION15 1 -2.891e+04 1.689e+02 1.451e+02
|        ( - -1.386e+03 1 0)
|        ( QUESTION0_9_R 1 -2.736e+04 1.560e+02 1.371e+02
|            ( - -4.851e+03 1 0)
|            ( QUESTION0_5_R 1 -2.235e+04 1.483e+02 1.121e+02
|                ( QUESTION9 1 -2.206e+03 1.664e+02 1.200e+01
|                    ( - -1.558e+03 1 0)
|                    ( - -4.810e+02 1 0))
|                ( QUESTION16 1 -2.000e+04 1.444e+02 1.001e+02
|                    ( - -1.059e+03 1 0)
|                    ( QUESTION0_20_R 1 -1.879e+04 1.166e+02 9.413e+01
|                        ( - -2.394e+03 1 0)
|                        ( - -1.628e+04 2 0 QUESTION0_0_R 1 1.067e+02 8.116e+01)))))))
s>    ( QUESTION0_1_R 1 -6.401e+04 1.789e+02 3.222e+02
s>        ( - -3.492e+04 2 0)
s>        ( QUESTION15 1 -2.891e+04 1.689e+02 1.451e+02
s>            ( - -1.386e+03 1 0)
s>            ( QUESTION0_9_R 1 -2.736e+04 1.560e+02 1.371e+02
s>                ( - -4.851e+03 1 0)
s>                ( QUESTION0_5_R 1 -2.235e+04 1.483e+02 1.121e+02
s>                    ( QUESTION9 1 -2.206e+03 1.664e+02 1.200e+01
s>                        ( - -1.558e+03 1 0)
s>                        ( - -4.810e+02 1 0))
s>                    ( QUESTION16 1 -2.000e+04 1.444e+02 1.001e+02
s>                        ( - -1.059e+03 1 0)
s>                        ( QUESTION0_20_R 1 -1.879e+04 1.166e+02 9.413e+01
s>                            ( - -2.394e+03 1 0)
s>                            ( - -1.628e+04 2 0 QUESTION0_0_R 1 1.067e+02 8.116e+01)))))))INFO: dtree.c(1315): Comp split 21
INFO: dtree.c(1439): stop. leaf nodes are specific
INFO: dtree.c(1478): Final simple tree
|( QUESTION2 -1 -2.466e+04 1.901e+02 1.294e+02
|    ( - -1.212e+04 1 0)
|    ( WDBNDRY_B 0 -1.235e+04 1.632e+02 6.500e+01
|        ( QUESTION6 -1 -5.368e+03 1.196e+02 2.900e+01
|            ( - -1.227e+03 1 0)
|            ( - -4.022e+03 1 0))
|        ( QUESTION0 -1 -6.816e+03 1.370e+02 3.600e+01
|            ( - -4.767e+03 1 0)
|            ( - -1.913e+03 1 0))))
s>    ( QUESTION2 -1 -2.466e+04 1.901e+02 1.294e+02
s>        ( - -1.212e+04 1 0)
s>        ( WDBNDRY_B 0 -1.235e+04 1.632e+02 6.500e+01
s>            ( QUESTION6 -1 -5.368e+03 1.196e+02 2.900e+01
s>                ( - -1.227e+03 1 0)
s>                ( - -4.022e+03 1 0))
s>            ( QUESTION0 -1 -6.816e+03 1.370e+02 3.600e+01
s>                ( - -4.767e+03 1 0)
s>                ( - -1.913e+03 1 0))))INFO: dtree.c(1439): stop. leaf nodes are specific
INFO: dtree.c(1478): Final simple tree
|( QUESTION4 1 -5.571e+03 1.379e+02 3.200e+01
|    ( - -3.580e+03 1 0)
|    ( - -1.853e+03 1 0))
s>    ( QUESTION4 1 -5.571e+03 1.379e+02 3.200e+01
s>        ( - -3.580e+03 1 0)
s>        ( - -1.853e+03 1 0))INFO: dtree.c(1315): Comp split 22
INFO: dtree.c(1439): stop. leaf nodes are specific
INFO: dtree.c(1478): Final simple tree
|( QUESTION10 -1 -2.640e+04 2.361e+02 1.379e+02
|    ( - -6.692e+03 1 0)
|    ( WDBNDRY_B 0 -1.947e+04 1.592e+02 1.009e+02
|        ( QUESTION0 -1 -1.581e+04 1.329e+02 8.192e+01
|            ( - -7.389e+03 1 0)
|            ( - -8.285e+03 1 0))
|        ( - -3.501e+03 1 0)))
s>    ( QUESTION10 -1 -2.640e+04 2.361e+02 1.379e+02
s>        ( - -6.692e+03 1 0)
s>        ( WDBNDRY_B 0 -1.947e+04 1.592e+02 1.009e+02
s>            ( QUESTION0 -1 -1.581e+04 1.329e+02 8.192e+01
s>                ( - -7.389e+03 1 0)
s>                ( - -8.285e+03 1 0))
s>            ( - -3.501e+03 1 0)))INFO: dtree.c(1439): stop. leaf nodes are specific
INFO: dtree.c(1478): Final simple tree
|( WDBNDRY_B 0 -9.726e+04 2.128e+02 4.943e+02
|    ( QUESTION2_0_L -1 -7.519e+04 1.709e+02 3.805e+02
|        ( QUESTION0 -1 -5.188e+04 1.693e+02 2.618e+02
|            ( - -2.203e+04 1 0)
|            ( - -2.967e+04 1 0))
|        ( - -2.315e+04 2 0))
|    ( QUESTION0_13_R 1 -2.185e+04 1.790e+02 1.138e+02
|        ( QUESTION0_14_R 1 -1.678e+04 1.252e+02 8.778e+01
|            ( - -4.248e+03 1 0)
|            ( - -1.240e+04 2 0))
|        ( QUESTION0 1 -4.899e+03 1.422e+02 2.600e+01
|            ( - -1.300e+03 1 0)
|            ( - -3.457e+03 1 0))))
s>    ( WDBNDRY_B 0 -9.726e+04 2.128e+02 4.943e+02
s>        ( QUESTION2_0_L -1 -7.519e+04 1.709e+02 3.805e+02
s>            ( QUESTION0 -1 -5.188e+04 1.693e+02 2.618e+02
s>                ( - -2.203e+04 1 0)
s>                ( - -2.967e+04 1 0))
s>            ( - -2.315e+04 2 0))
s>        ( QUESTION0_13_R 1 -2.185e+04 1.790e+02 1.138e+02
s>            ( QUESTION0_14_R 1 -1.678e+04 1.252e+02 8.778e+01
s>                ( - -4.248e+03 1 0)
s>                ( - -1.240e+04 2 0))
s>            ( QUESTION0 1 -4.899e+03 1.422e+02 2.600e+01
s>                ( - -1.300e+03 1 0)
s>                ( - -3.457e+03 1 0))))INFO: dtree.c(1315): Comp split 23
INFO: dtree.c(1439): stop. leaf nodes are specific
INFO: dtree.c(1478): Final simple tree
|( QUESTION4 -1 -4.901e+03 1.421e+02 2.305e+01
|    ( - -7.129e+02 1 0)
|    ( QUESTION1 -1 -4.046e+03 1.266e+02 1.905e+01
|        ( - -2.122e+03 1 0)
|        ( - -1.797e+03 1 0)))
s>    ( QUESTION4 -1 -4.901e+03 1.421e+02 2.305e+01
s>        ( - -7.129e+02 1 0)
s>        ( QUESTION1 -1 -4.046e+03 1.266e+02 1.905e+01
s>            ( - -2.122e+03 1 0)
s>            ( - -1.797e+03 1 0)))INFO: dtree.c(1315): Comp split 24
INFO: dtree.c(1439): stop. leaf nodes are specific
INFO: dtree.c(1478): Final simple tree
|( QUESTION0_9_R 1 -1.862e+04 2.204e+02 9.799e+01
|    ( - -4.524e+03 1 0)
|    ( QUESTION0_3_R 1 -1.387e+04 1.294e+02 7.399e+01
|        ( - -9.207e+03 1 0)
|        ( - -4.536e+03 1 0)))
s>    ( QUESTION0_9_R 1 -1.862e+04 2.204e+02 9.799e+01
s>        ( - -4.524e+03 1 0)
s>        ( QUESTION0_3_R 1 -1.387e+04 1.294e+02 7.399e+01
s>            ( - -9.207e+03 1 0)
s>            ( - -4.536e+03 1 0)))INFO: dtree.c(1439): stop. leaf nodes are specific
INFO: dtree.c(1478): Final simple tree
|( QUESTION0 -1 -2.242e+04 2.210e+02 1.169e+02
|    ( - -1.503e+04 1 0)
|    ( - -7.173e+03 1 0))
s>    ( QUESTION0 -1 -2.242e+04 2.210e+02 1.169e+02
s>        ( - -1.503e+04 1 0)
s>        ( - -7.173e+03 1 0))INFO: dtree.c(1315): Comp split 25
INFO: dtree.c(1439): stop. leaf nodes are specific
INFO: dtree.c(1478): Final simple tree
|( SILENCE -1 -8.914e+04 1.942e+02 4.330e+02
|    ( QUESTION0_0_R 1 -6.436e+04 1.717e+02 3.116e+02
|        ( - -2.365e+04 1 0)
|        ( - -4.054e+04 1 0))
|    ( QUESTION0_0_R 1 -2.459e+04 1.447e+02 1.214e+02
|        ( - -1.401e+04 1 0)
|        ( - -1.043e+04 1 0)))
s>    ( SILENCE -1 -8.914e+04 1.942e+02 4.330e+02
s>        ( QUESTION0_0_R 1 -6.436e+04 1.717e+02 3.116e+02
s>            ( - -2.365e+04 1 0)
s>            ( - -4.054e+04 1 0))
s>        ( QUESTION0_0_R 1 -2.459e+04 1.447e+02 1.214e+02
s>            ( - -1.401e+04 1 0)
s>            ( - -1.043e+04 1 0)))INFO: dtree.c(1315): Comp split 26
INFO: dtree.c(1439): stop. leaf nodes are specific
INFO: dtree.c(1478): Final simple tree
|( WDBNDRY_E 0 -6.233e+04 2.083e+02 3.125e+02
|    ( QUESTION0_10_R 1 -2.016e+04 1.609e+02 1.030e+02
|        ( - -1.746e+04 1 0)
|        ( - -2.547e+03 1 0))
|    ( QUESTION16 -1 -4.196e+04 1.509e+02 2.095e+02
|        ( - -7.231e+03 1 0)
|        ( WDBNDRY_B 0 -3.457e+04 1.496e+02 1.720e+02
|            ( - -3.312e+04 3 0)
|            ( - -1.307e+03 1 0))))
s>    ( WDBNDRY_E 0 -6.233e+04 2.083e+02 3.125e+02
s>        ( QUESTION0_10_R 1 -2.016e+04 1.609e+02 1.030e+02
s>            ( - -1.746e+04 1 0)
s>            ( - -2.547e+03 1 0))
s>        ( QUESTION16 -1 -4.196e+04 1.509e+02 2.095e+02
s>            ( - -7.231e+03 1 0)
s>            ( WDBNDRY_B 0 -3.457e+04 1.496e+02 1.720e+02
s>                ( - -3.312e+04 3 0)
s>                ( - -1.307e+03 1 0))))INFO: dtree.c(1439): stop. leaf nodes are specific
INFO: dtree.c(1478): Final simple tree
|( QUESTION0_0_R 1 -1.757e+04 1.741e+02 8.356e+01
|    ( - -1.110e+04 1 0)
|    ( - -6.294e+03 1 0))
s>    ( QUESTION0_0_R 1 -1.757e+04 1.741e+02 8.356e+01
s>        ( - -1.110e+04 1 0)
s>        ( - -6.294e+03 1 0))INFO: dtree.c(1315): Comp split 27
INFO: dtree.c(1439): stop. leaf nodes are specific
INFO: dtree.c(1478): Final simple tree
|( QUESTION0_14_R 1 -5.623e+04 1.529e+02 2.822e+02
|    ( - -4.601e+03 1 0)
|    ( QUESTION0 1 -5.147e+04 1.252e+02 2.582e+02
|        ( - -2.731e+03 1 0)
|        ( QUESTION0_13_R 1 -4.862e+04 1.307e+02 2.442e+02
|            ( - -1.955e+04 2 0)
|            ( - -2.894e+04 3 0))))
s>    ( QUESTION0_14_R 1 -5.623e+04 1.529e+02 2.822e+02
s>        ( - -4.601e+03 1 0)
s>        ( QUESTION0 1 -5.147e+04 1.252e+02 2.582e+02
s>            ( - -2.731e+03 1 0)
s>            ( QUESTION0_13_R 1 -4.862e+04 1.307e+02 2.442e+02
s>                ( - -1.955e+04 2 0)
s>                ( - -2.894e+04 3 0))))INFO: dtree.c(1315): Comp split 28
INFO: dtree.c(1439): stop. leaf nodes are specific
INFO: dtree.c(1478): Final simple tree
|( QUESTION0 -1 -8.959e+04 1.796e+02 4.486e+02
|    ( - -8.675e+04 1 0)
|    ( - -2.662e+03 1 0))
s>    ( QUESTION0 -1 -8.959e+04 1.796e+02 4.486e+02
s>        ( - -8.675e+04 1 0)
s>        ( - -2.662e+03 1 0))INFO: dtree.c(1315): Comp split 29
INFO: dtree.c(1315): Comp split 30
INFO: dtree.c(1439): stop. leaf nodes are specific
INFO: dtree.c(1478): Final simple tree
|( WDBNDRY_B 0 -3.016e+03 1.288e+02 1.700e+01
|    ( - -6.706e+02 1 0)
|    ( - -2.217e+03 1 0))
s>    ( WDBNDRY_B 0 -3.016e+03 1.288e+02 1.700e+01
s>        ( - -6.706e+02 1 0)
s>        ( - -2.217e+03 1 0))INFO: dtree.c(1439): stop. leaf nodes are specific
INFO: dtree.c(1478): Final simple tree
|( QUESTION0_0_R 1 -2.268e+04 1.953e+02 1.136e+02
|    ( QUESTION0_10_R 1 -2.165e+04 1.702e+02 1.086e+02
|        ( - -8.438e+03 1 0)
|        ( - -1.304e+04 1 0))
|    ( - -8.362e+02 1 0))
s>    ( QUESTION0_0_R 1 -2.268e+04 1.953e+02 1.136e+02
s>        ( QUESTION0_10_R 1 -2.165e+04 1.702e+02 1.086e+02
s>            ( - -8.438e+03 1 0)
s>            ( - -1.304e+04 1 0))
s>        ( - -8.362e+02 1 0))INFO: dtree.c(1315): Comp split 31
INFO: dtree.c(1439): stop. leaf nodes are specific
INFO: dtree.c(1478): Final simple tree
|( QUESTION0 -1 -8.575e+04 1.837e+02 4.357e+02
|    ( - -1.215e+04 1 0)
|    ( QUESTION2_7_L -1 -7.341e+04 1.577e+02 3.724e+02
|        ( - -1.801e+03 1 0)
|        ( QUESTION2_0_L -1 -7.145e+04 1.439e+02 3.624e+02
|            ( - -1.250e+03 1 0)
|            ( - -7.006e+04 2 0))))
s>    ( QUESTION0 -1 -8.575e+04 1.837e+02 4.357e+02
s>        ( - -1.215e+04 1 0)
s>        ( QUESTION2_7_L -1 -7.341e+04 1.577e+02 3.724e+02
s>            ( - -1.801e+03 1 0)
s>            ( QUESTION2_0_L -1 -7.145e+04 1.439e+02 3.624e+02
s>                ( - -1.250e+03 1 0)
s>                ( - -7.006e+04 2 0))))INFO: dtree.c(1439): stop. leaf nodes are specific
INFO: dtree.c(1478): Final simple tree
|( QUESTION0_0_R 1 -4.074e+03 1.538e+02 2.300e+01
|    ( - -2.414e+03 1 0)
|    ( - -1.506e+03 1 0))
s>    ( QUESTION0_0_R 1 -4.074e+03 1.538e+02 2.300e+01
s>        ( - -2.414e+03 1 0)
s>        ( - -1.506e+03 1 0))INFO: dtree.c(1315): Comp split 32
INFO: dtree.c(1439): stop. leaf nodes are specific
INFO: dtree.c(1478): Final simple tree
|( WDBNDRY_B 0 -1.947e+04 1.592e+02 1.009e+02
|    ( QUESTION0 -1 -1.581e+04 1.329e+02 8.192e+01
|        ( - -7.389e+03 1 0)
|        ( - -8.285e+03 1 0))
|    ( - -3.501e+03 1 0))
s>    ( WDBNDRY_B 0 -1.947e+04 1.592e+02 1.009e+02
s>        ( QUESTION0 -1 -1.581e+04 1.329e+02 8.192e+01
s>            ( - -7.389e+03 1 0)
s>            ( - -8.285e+03 1 0))
s>        ( - -3.501e+03 1 0))INFO: dtree.c(1315): Comp split 33
INFO: dtree.c(1315): Comp split 34
INFO: dtree.c(1439): stop. leaf nodes are specific
INFO: dtree.c(1478): Final simple tree
|( QUESTION0_3_R 1 -1.387e+04 1.294e+02 7.399e+01
|    ( - -9.207e+03 1 0)
|    ( - -4.536e+03 1 0))
s>    ( QUESTION0_3_R 1 -1.387e+04 1.294e+02 7.399e+01
s>        ( - -9.207e+03 1 0)
s>        ( - -4.536e+03 1 0))INFO: dtree.c(1315): Comp split 35
INFO: dtree.c(1439): stop. leaf nodes are specific
INFO: dtree.c(1478): Final simple tree
|( WDBNDRY_B 0 -4.588e+04 1.868e+02 2.372e+02
|    ( - -2.967e+04 1 0)
|    ( QUESTION0_13_R 1 -1.602e+04 1.589e+02 8.479e+01
|        ( - -1.240e+04 2 0)
|        ( - -3.457e+03 1 0)))
s>    ( WDBNDRY_B 0 -4.588e+04 1.868e+02 2.372e+02
s>        ( - -2.967e+04 1 0)
s>        ( QUESTION0_13_R 1 -1.602e+04 1.589e+02 8.479e+01
s>            ( - -1.240e+04 2 0)
s>            ( - -3.457e+03 1 0)))INFO: dtree.c(1439): stop. leaf nodes are specific
INFO: dtree.c(1478): Final simple tree
|( QUESTION1 1 -5.116e+04 1.611e+02 2.571e+02
|    ( - -1.300e+03 1 0)
|    ( QUESTION0 -1 -4.970e+04 1.395e+02 2.501e+02
|        ( - -2.203e+04 1 0)
|        ( WDBNDRY_B 0 -2.753e+04 1.357e+02 1.407e+02
|            ( - -2.315e+04 2 0)
|            ( - -4.248e+03 1 0))))
s>    ( QUESTION1 1 -5.116e+04 1.611e+02 2.571e+02
s>        ( - -1.300e+03 1 0)
s>        ( QUESTION0 -1 -4.970e+04 1.395e+02 2.501e+02
s>            ( - -2.203e+04 1 0)
s>            ( WDBNDRY_B 0 -2.753e+04 1.357e+02 1.407e+02
s>                ( - -2.315e+04 2 0)
s>                ( - -4.248e+03 1 0))))INFO: dtree.c(1315): Comp split 36
INFO: dtree.c(1439): stop. leaf nodes are specific
INFO: dtree.c(1478): Final simple tree
|( QUESTION16 -1 -4.466e+04 1.539e+02 2.235e+02
|    ( - -7.231e+03 1 0)
|    ( WDBNDRY_B 0 -3.727e+04 1.508e+02 1.860e+02
|        ( - -3.312e+04 3 0)
|        ( WDBNDRY_E 0 -4.003e+03 1.486e+02 2.100e+01
|            ( - -2.547e+03 1 0)
|            ( - -1.307e+03 1 0))))
s>    ( QUESTION16 -1 -4.466e+04 1.539e+02 2.235e+02
s>        ( - -7.231e+03 1 0)
s>        ( WDBNDRY_B 0 -3.727e+04 1.508e+02 1.860e+02
s>            ( - -3.312e+04 3 0)
s>            ( WDBNDRY_E 0 -4.003e+03 1.486e+02 2.100e+01
s>                ( - -2.547e+03 1 0)
s>                ( - -1.307e+03 1 0))))INFO: dtree.c(1315): Comp split 37
INFO: dtree.c(1439): stop. leaf nodes are specific
INFO: dtree.c(1478): Final simple tree
|( QUESTION1 -1 -9.047e+04 1.356e+02 4.559e+02
|    ( - -6.934e+04 1 0)
|    ( QUESTION0_0_R 1 -2.100e+04 8.307e+01 1.073e+02
|        ( - -9.771e+03 1 0)
|        ( - -1.114e+04 1 0)))
s>    ( QUESTION1 -1 -9.047e+04 1.356e+02 4.559e+02
s>        ( - -6.934e+04 1 0)
s>        ( QUESTION0_0_R 1 -2.100e+04 8.307e+01 1.073e+02
s>            ( - -9.771e+03 1 0)
s>            ( - -1.114e+04 1 0)))INFO: dtree.c(1315): Comp split 38
INFO: dtree.c(1439): stop. leaf nodes are specific
INFO: dtree.c(1478): Final simple tree
|( QUESTION0_0_R 1 -5.845e+03 1.382e+02 3.000e+01
|    ( - -3.355e+03 1 0)
|    ( - -2.351e+03 1 0))
s>    ( QUESTION0_0_R 1 -5.845e+03 1.382e+02 3.000e+01
s>        ( - -3.355e+03 1 0)
s>        ( - -2.351e+03 1 0))INFO: dtree.c(1315): Comp split 39
INFO: dtree.c(1439): stop. leaf nodes are specific
INFO: dtree.c(1478): Final simple tree
|( QUESTION2_7_L -1 -7.201e+04 1.563e+02 3.654e+02
|    ( - -1.801e+03 1 0)
|    ( - -7.006e+04 2 0))
s>    ( QUESTION2_7_L -1 -7.201e+04 1.563e+02 3.654e+02
s>        ( - -1.801e+03 1 0)
s>        ( - -7.006e+04 2 0))INFO: dtree.c(1439): stop. leaf nodes are specific
INFO: dtree.c(1478): Final simple tree
|( QUESTION0 -1 -1.353e+04 1.287e+02 7.035e+01
|    ( - -1.215e+04 1 0)
|    ( - -1.250e+03 1 0))
s>    ( QUESTION0 -1 -1.353e+04 1.287e+02 7.035e+01
s>        ( - -1.215e+04 1 0)
s>        ( - -1.250e+03 1 0))INFO: dtree.c(1315): Comp split 40
INFO: dtree.c(1439): stop. leaf nodes are specific
INFO: dtree.c(1478): Final simple tree
|( QUESTION1 -1 -4.430e+04 1.475e+02 2.182e+02
|    ( - -1.558e+04 1 0)
|    ( - -2.857e+04 1 0))
s>    ( QUESTION1 -1 -4.430e+04 1.475e+02 2.182e+02
s>        ( - -1.558e+04 1 0)
s>        ( - -2.857e+04 1 0))INFO: dtree.c(1315): Comp split 41
INFO: dtree.c(1439): stop. leaf nodes are specific
INFO: dtree.c(1478): Final simple tree
|( QUESTION0_5_R 1 -2.077e+04 1.755e+02 1.042e+02
|    ( - -1.558e+03 1 0)
|    ( QUESTION15 1 -1.904e+04 1.671e+02 9.516e+01
|        ( - -1.386e+03 1 0)
|        ( QUESTION16 1 -1.749e+04 1.446e+02 8.716e+01
|            ( - -1.059e+03 1 0)
|            ( QUESTION0_0_R 1 -1.628e+04 1.067e+02 8.116e+01
|                ( - -9.286e+03 1 0)
|                ( - -6.891e+03 1 0)))))
s>    ( QUESTION0_5_R 1 -2.077e+04 1.755e+02 1.042e+02
s>        ( - -1.558e+03 1 0)
s>        ( QUESTION15 1 -1.904e+04 1.671e+02 9.516e+01
s>            ( - -1.386e+03 1 0)
s>            ( QUESTION16 1 -1.749e+04 1.446e+02 8.716e+01
s>                ( - -1.059e+03 1 0)
s>                ( QUESTION0_0_R 1 -1.628e+04 1.067e+02 8.116e+01
s>                    ( - -9.286e+03 1 0)
s>                    ( - -6.891e+03 1 0)))))INFO: dtree.c(1439): stop. leaf nodes are specific
INFO: dtree.c(1478): Final simple tree
|( QUESTION0_9_R 1 -4.304e+04 1.582e+02 2.181e+02
|    ( - -4.851e+03 1 0)
|    ( QUESTION0_2_R 1 -3.804e+04 1.322e+02 1.931e+02
|        ( - -4.810e+02 1 0)
|        ( QUESTION0_0_R 1 -3.742e+04 1.060e+02 1.901e+02
|            ( - -3.492e+04 2 0)
|            ( - -2.394e+03 1 0))))
s>    ( QUESTION0_9_R 1 -4.304e+04 1.582e+02 2.181e+02
s>        ( - -4.851e+03 1 0)
s>        ( QUESTION0_2_R 1 -3.804e+04 1.322e+02 1.931e+02
s>            ( - -4.810e+02 1 0)
s>            ( QUESTION0_0_R 1 -3.742e+04 1.060e+02 1.901e+02
s>                ( - -3.492e+04 2 0)
s>                ( - -2.394e+03 1 0))))INFO: dtree.c(1315): Comp split 42
INFO: dtree.c(1439): stop. leaf nodes are specific
INFO: dtree.c(1478): Final simple tree
|( QUESTION0_10_R 1 -2.165e+04 1.702e+02 1.086e+02
|    ( - -8.438e+03 1 0)
|    ( - -1.304e+04 1 0))
s>    ( QUESTION0_10_R 1 -2.165e+04 1.702e+02 1.086e+02
s>        ( - -8.438e+03 1 0)
s>        ( - -1.304e+04 1 0))INFO: dtree.c(1315): Comp split 43
INFO: dtree.c(1439): stop. leaf nodes are specific
INFO: dtree.c(1478): Final simple tree
|( QUESTION0_0_R 1 -2.459e+04 1.447e+02 1.214e+02
|    ( - -1.401e+04 1 0)
|    ( - -1.043e+04 1 0))
s>    ( QUESTION0_0_R 1 -2.459e+04 1.447e+02 1.214e+02
s>        ( - -1.401e+04 1 0)
s>        ( - -1.043e+04 1 0))INFO: dtree.c(1439): stop. leaf nodes are specific
INFO: dtree.c(1478): Final simple tree
|( QUESTION0_0_R 1 -6.436e+04 1.717e+02 3.116e+02
|    ( - -2.365e+04 1 0)
|    ( - -4.054e+04 1 0))
s>    ( QUESTION0_0_R 1 -6.436e+04 1.717e+02 3.116e+02
s>        ( - -2.365e+04 1 0)
s>        ( - -4.054e+04 1 0))INFO: dtree.c(1315): Comp split 44
INFO: dtree.c(1439): stop. leaf nodes are specific
INFO: dtree.c(1478): Final simple tree
|( QUESTION0_3_R 1 -8.899e+03 1.777e+02 4.702e+01
|    ( QUESTION0_4_R 1 -3.077e+03 1.049e+02 1.700e+01
|        ( - -1.904e+03 1 0)
|        ( - -1.069e+03 1 0))
|    ( - -5.645e+03 1 0))
s>    ( QUESTION0_3_R 1 -8.899e+03 1.777e+02 4.702e+01
s>        ( QUESTION0_4_R 1 -3.077e+03 1.049e+02 1.700e+01
s>            ( - -1.904e+03 1 0)
s>            ( - -1.069e+03 1 0))
s>        ( - -5.645e+03 1 0))INFO: dtree.c(1315): Comp split 45
INFO: dtree.c(1439): stop. leaf nodes are specific
INFO: dtree.c(1478): Final simple tree
|( WDBNDRY_B 0 -1.235e+04 1.632e+02 6.500e+01
|    ( QUESTION6 -1 -5.368e+03 1.196e+02 2.900e+01
|        ( - -1.227e+03 1 0)
|        ( - -4.022e+03 1 0))
|    ( QUESTION0 -1 -6.816e+03 1.370e+02 3.600e+01
|        ( - -4.767e+03 1 0)
|        ( - -1.913e+03 1 0)))
s>    ( WDBNDRY_B 0 -1.235e+04 1.632e+02 6.500e+01
s>        ( QUESTION6 -1 -5.368e+03 1.196e+02 2.900e+01
s>            ( - -1.227e+03 1 0)
s>            ( - -4.022e+03 1 0))
s>        ( QUESTION0 -1 -6.816e+03 1.370e+02 3.600e+01
s>            ( - -4.767e+03 1 0)
s>            ( - -1.913e+03 1 0)))INFO: dtree.c(1315): Comp split 46
INFO: dtree.c(1439): stop. leaf nodes are specific
INFO: dtree.c(1478): Final simple tree
|( QUESTION0_13_R 1 -1.602e+04 1.589e+02 8.479e+01
|    ( - -1.240e+04 2 0)
|    ( - -3.457e+03 1 0))
s>    ( QUESTION0_13_R 1 -1.602e+04 1.589e+02 8.479e+01
s>        ( - -1.240e+04 2 0)
s>        ( - -3.457e+03 1 0))INFO: dtree.c(1315): Comp split 47
INFO: dtree.c(1439): stop. leaf nodes are specific
INFO: dtree.c(1478): Final simple tree
|( QUESTION0_0_R 1 -3.551e+04 1.751e+02 1.777e+02
|    ( - -5.880e+03 1 0)
|    ( QUESTION0_13_R 1 -2.946e+04 1.163e+02 1.461e+02
|        ( - -3.778e+03 2 0)
|        ( - -2.556e+04 2 0)))
s>    ( QUESTION0_0_R 1 -3.551e+04 1.751e+02 1.777e+02
s>        ( - -5.880e+03 1 0)
s>        ( QUESTION0_13_R 1 -2.946e+04 1.163e+02 1.461e+02
s>            ( - -3.778e+03 2 0)
s>            ( - -2.556e+04 2 0)))INFO: dtree.c(1315): Comp split 48
INFO: dtree.c(1315): Comp split 49
INFO: dtree.c(1439): stop. leaf nodes are specific
INFO: dtree.c(1478): Final simple tree
|( QUESTION16 1 -1.749e+04 1.446e+02 8.716e+01
|    ( - -1.059e+03 1 0)
|    ( QUESTION0_0_R 1 -1.628e+04 1.067e+02 8.116e+01
|        ( - -9.286e+03 1 0)
|        ( - -6.891e+03 1 0)))
s>    ( QUESTION16 1 -1.749e+04 1.446e+02 8.716e+01
s>        ( - -1.059e+03 1 0)
s>        ( QUESTION0_0_R 1 -1.628e+04 1.067e+02 8.116e+01
s>            ( - -9.286e+03 1 0)
s>            ( - -6.891e+03 1 0)))INFO: dtree.c(1439): stop. leaf nodes are specific
INFO: dtree.c(1478): Final simple tree
|( QUESTION0_3_R 1 -3.109e+03 1.648e+02 1.700e+01
|    ( - -1.386e+03 1 0)
|    ( - -1.558e+03 1 0))
s>    ( QUESTION0_3_R 1 -3.109e+03 1.648e+02 1.700e+01
s>        ( - -1.386e+03 1 0)
s>        ( - -1.558e+03 1 0))INFO: dtree.c(1315): Comp split 50
INFO: dtree.c(1439): stop. leaf nodes are specific
INFO: dtree.c(1478): Final simple tree
|( QUESTION0_4_R 1 -3.077e+03 1.049e+02 1.700e+01
|    ( - -1.904e+03 1 0)
|    ( - -1.069e+03 1 0))
s>    ( QUESTION0_4_R 1 -3.077e+03 1.049e+02 1.700e+01
s>        ( - -1.904e+03 1 0)
s>        ( - -1.069e+03 1 0))INFO: dtree.c(1315): Comp split 51
INFO: dtree.c(1439): stop. leaf nodes are specific
INFO: dtree.c(1478): Final simple tree
|( QUESTION0_13_R 1 -2.946e+04 1.163e+02 1.461e+02
|    ( - -3.778e+03 2 0)
|    ( - -2.556e+04 2 0))
s>    ( QUESTION0_13_R 1 -2.946e+04 1.163e+02 1.461e+02
s>        ( - -3.778e+03 2 0)
s>        ( - -2.556e+04 2 0))INFO: dtree.c(1315): Comp split 52
INFO: dtree.c(1315): Comp split 53
INFO: dtree.c(1315): Comp split 54
INFO: dtree.c(1315): Comp split 55
INFO: dtree.c(1315): Comp split 56
INFO: dtree.c(1439): stop. leaf nodes are specific
INFO: dtree.c(1478): Final simple tree
|( QUESTION0 -1 -6.816e+03 1.370e+02 3.600e+01
|    ( - -4.767e+03 1 0)
|    ( - -1.913e+03 1 0))
s>    ( QUESTION0 -1 -6.816e+03 1.370e+02 3.600e+01
s>        ( - -4.767e+03 1 0)
s>        ( - -1.913e+03 1 0))INFO: dtree.c(1439): stop. leaf nodes are specific
INFO: dtree.c(1478): Final simple tree
|( QUESTION6 -1 -5.368e+03 1.196e+02 2.900e+01
|    ( - -1.227e+03 1 0)
|    ( - -4.022e+03 1 0))
s>    ( QUESTION6 -1 -5.368e+03 1.196e+02 2.900e+01
s>        ( - -1.227e+03 1 0)
s>        ( - -4.022e+03 1 0))INFO: dtree.c(1315): Comp split 57
INFO: dtree.c(1439): stop. leaf nodes are specific
INFO: dtree.c(1478): Final simple tree
|( QUESTION0 -1 -4.970e+04 1.395e+02 2.501e+02
|    ( - -2.203e+04 1 0)
|    ( WDBNDRY_B 0 -2.753e+04 1.357e+02 1.407e+02
|        ( - -2.315e+04 2 0)
|        ( - -4.248e+03 1 0)))
s>    ( QUESTION0 -1 -4.970e+04 1.395e+02 2.501e+02
s>        ( - -2.203e+04 1 0)
s>        ( WDBNDRY_B 0 -2.753e+04 1.357e+02 1.407e+02
s>            ( - -2.315e+04 2 0)
s>            ( - -4.248e+03 1 0)))INFO: dtree.c(1315): Comp split 58
INFO: dtree.c(1439): stop. leaf nodes are specific
INFO: dtree.c(1478): Final simple tree
|( QUESTION0 -1 -1.581e+04 1.329e+02 8.192e+01
|    ( - -7.389e+03 1 0)
|    ( - -8.285e+03 1 0))
s>    ( QUESTION0 -1 -1.581e+04 1.329e+02 8.192e+01
s>        ( - -7.389e+03 1 0)
s>        ( - -8.285e+03 1 0))INFO: dtree.c(1315): Comp split 59
INFO: dtree.c(1315): Comp split 60
INFO: dtree.c(1439): stop. leaf nodes are specific
INFO: dtree.c(1478): Final simple tree
|( QUESTION0_2_R 1 -3.804e+04 1.322e+02 1.931e+02
|    ( - -4.810e+02 1 0)
|    ( QUESTION0_0_R 1 -3.742e+04 1.060e+02 1.901e+02
|        ( - -3.492e+04 2 0)
|        ( - -2.394e+03 1 0)))
s>    ( QUESTION0_2_R 1 -3.804e+04 1.322e+02 1.931e+02
s>        ( - -4.810e+02 1 0)
s>        ( QUESTION0_0_R 1 -3.742e+04 1.060e+02 1.901e+02
s>            ( - -3.492e+04 2 0)
s>            ( - -2.394e+03 1 0)))INFO: dtree.c(1315): Comp split 61
INFO: dtree.c(1315): Comp split 62
INFO: dtree.c(1439): stop. leaf nodes are specific
INFO: dtree.c(1478): Final simple tree
|( WDBNDRY_B 0 -3.727e+04 1.508e+02 1.860e+02
|    ( - -3.312e+04 3 0)
|    ( WDBNDRY_E 0 -4.003e+03 1.486e+02 2.100e+01
|        ( - -2.547e+03 1 0)
|        ( - -1.307e+03 1 0)))
s>    ( WDBNDRY_B 0 -3.727e+04 1.508e+02 1.860e+02
s>        ( - -3.312e+04 3 0)
s>        ( WDBNDRY_E 0 -4.003e+03 1.486e+02 2.100e+01
s>            ( - -2.547e+03 1 0)
s>            ( - -1.307e+03 1 0)))INFO: dtree.c(1315): Comp split 63
INFO: dtree.c(1315): Comp split 64
INFO: dtree.c(1439): stop. leaf nodes are specific
INFO: dtree.c(1478): Final simple tree
|( QUESTION0 1 -5.147e+04 1.252e+02 2.582e+02
|    ( - -2.731e+03 1 0)
|    ( QUESTION0_13_R 1 -4.862e+04 1.307e+02 2.442e+02
|        ( - -1.955e+04 2 0)
|        ( - -2.894e+04 3 0)))
s>    ( QUESTION0 1 -5.147e+04 1.252e+02 2.582e+02
s>        ( - -2.731e+03 1 0)
s>        ( QUESTION0_13_R 1 -4.862e+04 1.307e+02 2.442e+02
s>            ( - -1.955e+04 2 0)
s>            ( - -2.894e+04 3 0)))INFO: dtree.c(1315): Comp split 65
INFO: dtree.c(1439): stop. leaf nodes are specific
INFO: dtree.c(1478): Final simple tree
|( WDBNDRY_E 0 -4.003e+03 1.486e+02 2.100e+01
|    ( - -2.547e+03 1 0)
|    ( - -1.307e+03 1 0))
s>    ( WDBNDRY_E 0 -4.003e+03 1.486e+02 2.100e+01
s>        ( - -2.547e+03 1 0)
s>        ( - -1.307e+03 1 0))INFO: dtree.c(1315): Comp split 66
INFO: dtree.c(1315): Comp split 67
INFO: dtree.c(1315): Comp split 68
INFO: dtree.c(1315): Comp split 69
INFO: dtree.c(1439): stop. leaf nodes are specific
INFO: dtree.c(1478): Final simple tree
|( QUESTION0_0_R 1 -1.628e+04 1.067e+02 8.116e+01
|    ( - -9.286e+03 1 0)
|    ( - -6.891e+03 1 0))
s>    ( QUESTION0_0_R 1 -1.628e+04 1.067e+02 8.116e+01
s>        ( - -9.286e+03 1 0)
s>        ( - -6.891e+03 1 0))INFO: dtree.c(1315): Comp split 70
INFO: dtree.c(1439): stop. leaf nodes are specific
INFO: dtree.c(1478): Final simple tree
|( QUESTION1 -1 -4.046e+03 1.266e+02 1.905e+01
|    ( - -2.122e+03 1 0)
|    ( - -1.797e+03 1 0))
s>    ( QUESTION1 -1 -4.046e+03 1.266e+02 1.905e+01
s>        ( - -2.122e+03 1 0)
s>        ( - -1.797e+03 1 0))INFO: dtree.c(1315): Comp split 71
INFO: dtree.c(1439): stop. leaf nodes are specific
INFO: dtree.c(1478): Final simple tree
|( WDBNDRY_B 0 -2.753e+04 1.357e+02 1.407e+02
|    ( - -2.315e+04 2 0)
|    ( - -4.248e+03 1 0))
s>    ( WDBNDRY_B 0 -2.753e+04 1.357e+02 1.407e+02
s>        ( - -2.315e+04 2 0)
s>        ( - -4.248e+03 1 0))INFO: dtree.c(1315): Comp split 72
INFO: dtree.c(1315): Comp split 73
INFO: dtree.c(1315): Comp split 74
INFO: dtree.c(1315): Comp split 75
INFO: dtree.c(1439): stop. leaf nodes are specific
INFO: dtree.c(1478): Final simple tree
|( QUESTION0_13_R 1 -3.179e+04 1.197e+02 1.611e+02
|    ( - -2.731e+03 1 0)
|    ( - -2.894e+04 3 0))
s>    ( QUESTION0_13_R 1 -3.179e+04 1.197e+02 1.611e+02
s>        ( - -2.731e+03 1 0)
s>        ( - -2.894e+04 3 0))INFO: dtree.c(1315): Comp split 76
INFO: dtree.c(1315): Comp split 77
INFO: dtree.c(1439): stop. leaf nodes are specific
INFO: dtree.c(1478): Final simple tree
|( QUESTION0_0_R 1 -2.100e+04 8.307e+01 1.073e+02
|    ( - -9.771e+03 1 0)
|    ( - -1.114e+04 1 0))
s>    ( QUESTION0_0_R 1 -2.100e+04 8.307e+01 1.073e+02
s>        ( - -9.771e+03 1 0)
s>        ( - -1.114e+04 1 0))INFO: dtree.c(1315): Comp split 78
INFO: dtree.c(1315): Comp split 79
INFO: dtree.c(1439): stop. leaf nodes are specific
INFO: dtree.c(1478): Final simple tree
|( QUESTION0_0_R 1 -3.742e+04 1.060e+02 1.901e+02
|    ( - -3.492e+04 2 0)
|    ( - -2.394e+03 1 0))
s>    ( QUESTION0_0_R 1 -3.742e+04 1.060e+02 1.901e+02
s>        ( - -3.492e+04 2 0)
s>        ( - -2.394e+03 1 0))INFO: dtree.c(1315): Comp split 80
INFO: dtree.c(1315): Comp split 81
INFO: dtree.c(1315): Comp split 82
INFO: dtree.c(1315): Comp split 83
INFO: dtree.c(1315): Comp split 84
INFO: dtree.c(1315): Comp split 85
INFO: dtree.c(1315): Comp split 86
INFO: dtree.c(1315): Comp split 87
INFO: dtree.c(1315): Comp split 88
INFO: dtree.c(1315): Comp split 89
INFO: dtree.c(1315): Comp split 90
INFO: dtree.c(1315): Comp split 91
INFO: dtree.c(1318): stop. leaf nodes are specific
Wed Dec 20 23:52:23 2017
