Current configuration:
[NAME]		[DEFLT]	[VALUE]
-allphones	no	no
-cntthresh	0.00001	1.000000e-05
-csplitmax	100	2000
-csplitmin	1	1
-csplitthr	8e-4	0.000000e+00
-example	no	no
-fullvar	no	no
-help		no	no
-meanfn			/home/alex/repos/speech/an4/model_parameters/an4.cd_cont_untied/means
-mixwfn			/home/alex/repos/speech/an4/model_parameters/an4.cd_cont_untied/mixture_weights
-moddeffn		/home/alex/repos/speech/an4/model_architecture/an4.untied.mdef
-mwfloor	1e-4	1.000000e-08
-phone			L
-psetfn			/home/alex/repos/speech/an4/model_architecture/an4.tree_questions
-ssplitmax	5	7
-ssplitmin	1	1
-ssplitthr	8e-4	0.000000e+00
-state			1
-stwt			1.0,0.05,0.0,
-treefn			/home/alex/repos/speech/an4/trees/an4.unpruned/L-1.dtree
-ts2cbfn	.semi.	.cont.
-varfloor	0.00001	1.000000e-05
-varfn			/home/alex/repos/speech/an4/model_parameters/an4.cd_cont_untied/variances

INFO: main.c(223): Reading: /home/alex/repos/speech/an4/model_architecture/an4.untied.mdef
INFO: model_def_io.c(573): Model definition info:
INFO: model_def_io.c(574): 1618 total models defined (34 base, 1584 tri)
INFO: model_def_io.c(575): 6472 total states
INFO: model_def_io.c(576): 4854 total tied states
INFO: model_def_io.c(577): 102 total tied CI states
INFO: model_def_io.c(578): 34 total tied transition matrices
INFO: model_def_io.c(579): 4 max state/model
INFO: model_def_io.c(580): 4 min state/model
INFO: main.c(242): Building trees for [L AH AY i] through [L IH EH i]
INFO: main.c(269): Covering states |[2826 2903]| == 78
INFO: main.c(275): Reading: /home/alex/repos/speech/an4/model_parameters/an4.cd_cont_untied/mixture_weights
INFO: s3mixw_io.c(173): Read /home/alex/repos/speech/an4/model_parameters/an4.cd_cont_untied/mixture_weights [78x1x1 array]
INFO: main.c(311): 26 of 26 models have observation count greater than 0.000010
INFO: main.c(95): nrm stwt: 0.045 0.909 0.045 
INFO: s3gau_io.c(169): Read /home/alex/repos/speech/an4/model_parameters/an4.cd_cont_untied/means [4854x1x1 array]
INFO: s3gau_io.c(169): Read /home/alex/repos/speech/an4/model_parameters/an4.cd_cont_untied/variances [4854x1x1 array]
INFO: main.c(549): Reading: /home/alex/repos/speech/an4/model_architecture/an4.tree_questions
INFO: main.c(588): 180 total simple questions (172 phone; 8 word bndry)
INFO: main.c(590): 42 Left Only questions, and 42 Right Only questions
INFO: dtree.c(1478): Final simple tree
|( QUESTION1 -1 -3.194e+05 5.100e+03 1.524e+03
|    ( WDBNDRY_E 0 -3.845e+04 4.736e+02 1.673e+02
|        ( - 2.078e+02 1 0)
|        ( - -3.819e+04 2 0 QUESTION0_13_R 1 3.340e+02 1.663e+02))
|    ( WDBNDRY_E 0 -2.758e+05 8.002e+02 1.357e+03
|        ( QUESTION17 1 -2.375e+05 4.920e+02 1.169e+03
|            ( - -6.505e+03 1 0)
|            ( QUESTION0_10_R 1 -2.305e+05 3.804e+02 1.132e+03
|                ( - -4.129e+04 1 0)
|                ( QUESTION0_12_R 1 -1.888e+05 3.470e+02 9.233e+02
|                    ( - -1.340e+05 10 0 QUESTION2 1 3.283e+02 6.567e+02)
|                    ( - -5.451e+04 7 0 QUESTION0_1_R 1 2.710e+02 2.666e+02))))
|        ( QUESTION0_0_R 1 -3.751e+04 6.515e+02 1.878e+02
|            ( - -2.106e+04 3 0 QUESTION0_9_R 1 2.856e+02 1.020e+02)
|            ( - -1.579e+04 1 0))))
s>    ( QUESTION1 -1 -3.194e+05 5.100e+03 1.524e+03
s>        ( WDBNDRY_E 0 -3.845e+04 4.736e+02 1.673e+02
s>            ( - 2.078e+02 1 0)
s>            ( - -3.819e+04 2 0 QUESTION0_13_R 1 3.340e+02 1.663e+02))
s>        ( WDBNDRY_E 0 -2.758e+05 8.002e+02 1.357e+03
s>            ( QUESTION17 1 -2.375e+05 4.920e+02 1.169e+03
s>                ( - -6.505e+03 1 0)
s>                ( QUESTION0_10_R 1 -2.305e+05 3.804e+02 1.132e+03
s>                    ( - -4.129e+04 1 0)
s>                    ( QUESTION0_12_R 1 -1.888e+05 3.470e+02 9.233e+02
s>                        ( - -1.340e+05 10 0 QUESTION2 1 3.283e+02 6.567e+02)
s>                        ( - -5.451e+04 7 0 QUESTION0_1_R 1 2.710e+02 2.666e+02))))
s>            ( QUESTION0_0_R 1 -3.751e+04 6.515e+02 1.878e+02
s>                ( - -2.106e+04 3 0 QUESTION0_9_R 1 2.856e+02 1.020e+02)
s>                ( - -1.579e+04 1 0))))INFO: dtree.c(1315): Comp split 0
INFO: dtree.c(1478): Final simple tree
|( WDBNDRY_E 0 -2.758e+05 8.002e+02 1.357e+03
|    ( QUESTION17 1 -2.375e+05 4.920e+02 1.169e+03
|        ( - -6.505e+03 1 0)
|        ( QUESTION0_10_R 1 -2.305e+05 3.804e+02 1.132e+03
|            ( - -4.129e+04 1 0)
|            ( QUESTION0_12_R 1 -1.888e+05 3.470e+02 9.233e+02
|                ( QUESTION2 1 -1.340e+05 3.283e+02 6.567e+02
|                    ( - -3.277e+03 1 0)
|                    ( - -1.304e+05 9 0 QUESTION4 1 2.833e+02 6.387e+02))
|                ( - -5.451e+04 7 0 QUESTION0_1_R 1 2.710e+02 2.666e+02))))
|    ( QUESTION0_0_R 1 -3.751e+04 6.515e+02 1.878e+02
|        ( QUESTION0_9_R 1 -2.106e+04 2.856e+02 1.020e+02
|            ( - -3.373e+03 1 0)
|            ( - -1.741e+04 2 0 QUESTION0_1_R 1 2.165e+02 8.541e+01))
|        ( - -1.579e+04 1 0)))
s>    ( WDBNDRY_E 0 -2.758e+05 8.002e+02 1.357e+03
s>        ( QUESTION17 1 -2.375e+05 4.920e+02 1.169e+03
s>            ( - -6.505e+03 1 0)
s>            ( QUESTION0_10_R 1 -2.305e+05 3.804e+02 1.132e+03
s>                ( - -4.129e+04 1 0)
s>                ( QUESTION0_12_R 1 -1.888e+05 3.470e+02 9.233e+02
s>                    ( QUESTION2 1 -1.340e+05 3.283e+02 6.567e+02
s>                        ( - -3.277e+03 1 0)
s>                        ( - -1.304e+05 9 0 QUESTION4 1 2.833e+02 6.387e+02))
s>                    ( - -5.451e+04 7 0 QUESTION0_1_R 1 2.710e+02 2.666e+02))))
s>        ( QUESTION0_0_R 1 -3.751e+04 6.515e+02 1.878e+02
s>            ( QUESTION0_9_R 1 -2.106e+04 2.856e+02 1.020e+02
s>                ( - -3.373e+03 1 0)
s>                ( - -1.741e+04 2 0 QUESTION0_1_R 1 2.165e+02 8.541e+01))
s>            ( - -1.579e+04 1 0)))INFO: dtree.c(1439): stop. leaf nodes are specific
INFO: dtree.c(1478): Final simple tree
|( WDBNDRY_E 0 -3.845e+04 4.736e+02 1.673e+02
|    ( - 2.078e+02 1 0)
|    ( QUESTION0_13_R 1 -3.819e+04 3.340e+02 1.663e+02
|        ( - -1.859e+03 1 0)
|        ( - -3.599e+04 1 0)))
s>    ( WDBNDRY_E 0 -3.845e+04 4.736e+02 1.673e+02
s>        ( - 2.078e+02 1 0)
s>        ( QUESTION0_13_R 1 -3.819e+04 3.340e+02 1.663e+02
s>            ( - -1.859e+03 1 0)
s>            ( - -3.599e+04 1 0)))INFO: dtree.c(1315): Comp split 1
INFO: dtree.c(1478): Final simple tree
|( QUESTION17 1 -2.411e+05 4.952e+02 1.186e+03
|    ( - -6.505e+03 1 0)
|    ( QUESTION0_10_R 1 -2.341e+05 3.694e+02 1.148e+03
|        ( - -4.490e+04 2 0 WDBNDRY_E 0 2.343e+02 2.251e+02)
|        ( QUESTION0_12_R 1 -1.888e+05 3.470e+02 9.233e+02
|            ( QUESTION2 1 -1.340e+05 3.283e+02 6.567e+02
|                ( - -3.277e+03 1 0)
|                ( QUESTION4 1 -1.304e+05 2.833e+02 6.387e+02
|                    ( - -1.798e+04 2 0 QUESTION0_13_R 1 2.529e+02 9.185e+01)
|                    ( - -1.121e+05 7 0 QUESTION1 1 2.499e+02 5.469e+02)))
|            ( QUESTION0_1_R 1 -5.451e+04 2.710e+02 2.666e+02
|                ( - -6.378e+03 2 0)
|                ( QUESTION0_5_R 1 -4.786e+04 2.575e+02 2.326e+02
|                    ( - -1.796e+04 2 0 QUESTION0_6_R 1 1.663e+02 9.069e+01)
|                    ( - -2.964e+04 3 0 QUESTION15 1 2.489e+02 1.419e+02))))))
s>    ( QUESTION17 1 -2.411e+05 4.952e+02 1.186e+03
s>        ( - -6.505e+03 1 0)
s>        ( QUESTION0_10_R 1 -2.341e+05 3.694e+02 1.148e+03
s>            ( - -4.490e+04 2 0 WDBNDRY_E 0 2.343e+02 2.251e+02)
s>            ( QUESTION0_12_R 1 -1.888e+05 3.470e+02 9.233e+02
s>                ( QUESTION2 1 -1.340e+05 3.283e+02 6.567e+02
s>                    ( - -3.277e+03 1 0)
s>                    ( QUESTION4 1 -1.304e+05 2.833e+02 6.387e+02
s>                        ( - -1.798e+04 2 0 QUESTION0_13_R 1 2.529e+02 9.185e+01)
s>                        ( - -1.121e+05 7 0 QUESTION1 1 2.499e+02 5.469e+02)))
s>                ( QUESTION0_1_R 1 -5.451e+04 2.710e+02 2.666e+02
s>                    ( - -6.378e+03 2 0)
s>                    ( QUESTION0_5_R 1 -4.786e+04 2.575e+02 2.326e+02
s>                        ( - -1.796e+04 2 0 QUESTION0_6_R 1 1.663e+02 9.069e+01)
s>                        ( - -2.964e+04 3 0 QUESTION15 1 2.489e+02 1.419e+02))))))INFO: dtree.c(1439): stop. leaf nodes are specific
INFO: dtree.c(1478): Final simple tree
|( QUESTION0_0_R 1 -3.385e+04 6.466e+02 1.712e+02
|    ( QUESTION0_1_R 1 -1.741e+04 2.165e+02 8.541e+01
|        ( - -2.431e+03 1 0)
|        ( - -1.476e+04 1 0))
|    ( - -1.579e+04 1 0))
s>    ( QUESTION0_0_R 1 -3.385e+04 6.466e+02 1.712e+02
s>        ( QUESTION0_1_R 1 -1.741e+04 2.165e+02 8.541e+01
s>            ( - -2.431e+03 1 0)
s>            ( - -1.476e+04 1 0))
s>        ( - -1.579e+04 1 0))INFO: dtree.c(1315): Comp split 2
INFO: dtree.c(1439): stop. leaf nodes are specific
INFO: dtree.c(1478): Final simple tree
|( QUESTION0_1_R 1 -1.741e+04 2.165e+02 8.541e+01
|    ( - -2.431e+03 1 0)
|    ( - -1.476e+04 1 0))
s>    ( QUESTION0_1_R 1 -1.741e+04 2.165e+02 8.541e+01
s>        ( - -2.431e+03 1 0)
s>        ( - -1.476e+04 1 0))INFO: dtree.c(1315): Comp split 3
INFO: dtree.c(1439): stop. leaf nodes are specific
INFO: dtree.c(1478): Final simple tree
|( QUESTION0_1_R 1 -1.313e+04 2.432e+02 7.144e+01
|    ( - -6.378e+03 2 0)
|    ( - -6.505e+03 1 0))
s>    ( QUESTION0_1_R 1 -1.313e+04 2.432e+02 7.144e+01
s>        ( - -6.378e+03 2 0)
s>        ( - -6.505e+03 1 0))INFO: dtree.c(1478): Final simple tree
|( QUESTION0_10_R 1 -2.274e+05 3.800e+02 1.114e+03
|    ( - -4.490e+04 2 0 WDBNDRY_E 0 2.343e+02 2.251e+02)
|    ( QUESTION2 1 -1.822e+05 3.354e+02 8.893e+02
|        ( - -3.277e+03 1 0)
|        ( QUESTION0_12_R 1 -1.786e+05 3.123e+02 8.713e+02
|            ( QUESTION4 1 -1.304e+05 2.833e+02 6.387e+02
|                ( QUESTION0_13_R 1 -1.798e+04 2.529e+02 9.185e+01
|                    ( - -6.669e+03 1 0)
|                    ( - -1.105e+04 1 0))
|                ( QUESTION1 1 -1.121e+05 2.499e+02 5.469e+02
|                    ( - -2.456e+04 1 0)
|                    ( - -8.732e+04 6 0 QUESTION0_13_R 1 2.684e+02 4.250e+02)))
|            ( QUESTION0_5_R 1 -4.786e+04 2.575e+02 2.326e+02
|                ( - -1.796e+04 2 0 QUESTION0_6_R 1 1.663e+02 9.069e+01)
|                ( - -2.964e+04 3 0 QUESTION15 1 2.489e+02 1.419e+02)))))
s>    ( QUESTION0_10_R 1 -2.274e+05 3.800e+02 1.114e+03
s>        ( - -4.490e+04 2 0 WDBNDRY_E 0 2.343e+02 2.251e+02)
s>        ( QUESTION2 1 -1.822e+05 3.354e+02 8.893e+02
s>            ( - -3.277e+03 1 0)
s>            ( QUESTION0_12_R 1 -1.786e+05 3.123e+02 8.713e+02
s>                ( QUESTION4 1 -1.304e+05 2.833e+02 6.387e+02
s>                    ( QUESTION0_13_R 1 -1.798e+04 2.529e+02 9.185e+01
s>                        ( - -6.669e+03 1 0)
s>                        ( - -1.105e+04 1 0))
s>                    ( QUESTION1 1 -1.121e+05 2.499e+02 5.469e+02
s>                        ( - -2.456e+04 1 0)
s>                        ( - -8.732e+04 6 0 QUESTION0_13_R 1 2.684e+02 4.250e+02)))
s>                ( QUESTION0_5_R 1 -4.786e+04 2.575e+02 2.326e+02
s>                    ( - -1.796e+04 2 0 QUESTION0_6_R 1 1.663e+02 9.069e+01)
s>                    ( - -2.964e+04 3 0 QUESTION15 1 2.489e+02 1.419e+02)))))INFO: dtree.c(1315): Comp split 4
INFO: dtree.c(1439): stop. leaf nodes are specific
INFO: dtree.c(1478): Final simple tree
|( QUESTION0_13_R 1 -3.819e+04 3.340e+02 1.663e+02
|    ( - -1.859e+03 1 0)
|    ( - -3.599e+04 1 0))
s>    ( QUESTION0_13_R 1 -3.819e+04 3.340e+02 1.663e+02
s>        ( - -1.859e+03 1 0)
s>        ( - -3.599e+04 1 0))INFO: dtree.c(1315): Comp split 5
INFO: dtree.c(1439): stop. leaf nodes are specific
INFO: dtree.c(1478): Final simple tree
|( QUESTION0_13_R 1 -6.610e+04 2.914e+02 3.244e+02
|    ( - -6.669e+03 1 0)
|    ( QUESTION0_5_R 1 -5.914e+04 2.368e+02 2.894e+02
|        ( QUESTION0_6_R 1 -1.796e+04 1.663e+02 9.069e+01
|            ( - -1.377e+04 1 0)
|            ( - -4.023e+03 1 0))
|        ( QUESTION15 1 -4.094e+04 2.540e+02 1.987e+02
|            ( - -4.049e+03 1 0)
|            ( QUESTION0_12_R 1 -3.664e+04 2.394e+02 1.799e+02
|                ( - -1.105e+04 1 0)
|                ( SILENCE 1 -2.534e+04 2.064e+02 1.230e+02
|                    ( - -2.082e+04 1 0)
|                    ( - -4.315e+03 1 0))))))
s>    ( QUESTION0_13_R 1 -6.610e+04 2.914e+02 3.244e+02
s>        ( - -6.669e+03 1 0)
s>        ( QUESTION0_5_R 1 -5.914e+04 2.368e+02 2.894e+02
s>            ( QUESTION0_6_R 1 -1.796e+04 1.663e+02 9.069e+01
s>                ( - -1.377e+04 1 0)
s>                ( - -4.023e+03 1 0))
s>            ( QUESTION15 1 -4.094e+04 2.540e+02 1.987e+02
s>                ( - -4.049e+03 1 0)
s>                ( QUESTION0_12_R 1 -3.664e+04 2.394e+02 1.799e+02
s>                    ( - -1.105e+04 1 0)
s>                    ( SILENCE 1 -2.534e+04 2.064e+02 1.230e+02
s>                        ( - -2.082e+04 1 0)
s>                        ( - -4.315e+03 1 0))))))INFO: dtree.c(1439): stop. leaf nodes are specific
INFO: dtree.c(1478): Final simple tree
|( QUESTION8 1 -1.609e+05 3.554e+02 7.900e+02
|    ( WDBNDRY_E 0 -4.996e+04 2.332e+02 2.501e+02
|        ( QUESTION0_0_R 1 -4.636e+04 1.793e+02 2.335e+02
|            ( - -4.129e+04 1 0)
|            ( - -4.889e+03 1 0))
|        ( - -3.373e+03 1 0))
|    ( QUESTION0_14_R 1 -1.106e+05 3.291e+02 5.399e+02
|        ( - -3.277e+03 1 0)
|        ( QUESTION0 1 -1.070e+05 2.358e+02 5.219e+02
|            ( - -2.456e+04 1 0)
|            ( QUESTION0_13_R 1 -8.222e+04 2.727e+02 4.000e+02
|                ( - -3.008e+04 2 0)
|                ( - -5.187e+04 3 0)))))
s>    ( QUESTION8 1 -1.609e+05 3.554e+02 7.900e+02
s>        ( WDBNDRY_E 0 -4.996e+04 2.332e+02 2.501e+02
s>            ( QUESTION0_0_R 1 -4.636e+04 1.793e+02 2.335e+02
s>                ( - -4.129e+04 1 0)
s>                ( - -4.889e+03 1 0))
s>            ( - -3.373e+03 1 0))
s>        ( QUESTION0_14_R 1 -1.106e+05 3.291e+02 5.399e+02
s>            ( - -3.277e+03 1 0)
s>            ( QUESTION0 1 -1.070e+05 2.358e+02 5.219e+02
s>                ( - -2.456e+04 1 0)
s>                ( QUESTION0_13_R 1 -8.222e+04 2.727e+02 4.000e+02
s>                    ( - -3.008e+04 2 0)
s>                    ( - -5.187e+04 3 0)))))INFO: dtree.c(1315): Comp split 6
INFO: dtree.c(1439): stop. leaf nodes are specific
INFO: dtree.c(1478): Final simple tree
|( QUESTION0_15_R 1 -7.667e+04 2.306e+02 3.835e+02
|    ( - -3.008e+04 2 0)
|    ( QUESTION0_0_R 1 -4.636e+04 1.793e+02 2.335e+02
|        ( - -4.129e+04 1 0)
|        ( - -4.889e+03 1 0)))
s>    ( QUESTION0_15_R 1 -7.667e+04 2.306e+02 3.835e+02
s>        ( - -3.008e+04 2 0)
s>        ( QUESTION0_0_R 1 -4.636e+04 1.793e+02 2.335e+02
s>            ( - -4.129e+04 1 0)
s>            ( - -4.889e+03 1 0)))INFO: dtree.c(1439): stop. leaf nodes are specific
INFO: dtree.c(1478): Final simple tree
|( QUESTION0_14_R 1 -8.382e+04 3.309e+02 4.065e+02
|    ( - -3.277e+03 1 0)
|    ( QUESTION0_13_R 1 -8.021e+04 2.123e+02 3.885e+02
|        ( - -2.456e+04 1 0)
|        ( WDBNDRY_E 0 -5.545e+04 2.058e+02 2.666e+02
|            ( - -5.187e+04 3 0)
|            ( - -3.373e+03 1 0))))
s>    ( QUESTION0_14_R 1 -8.382e+04 3.309e+02 4.065e+02
s>        ( - -3.277e+03 1 0)
s>        ( QUESTION0_13_R 1 -8.021e+04 2.123e+02 3.885e+02
s>            ( - -2.456e+04 1 0)
s>            ( WDBNDRY_E 0 -5.545e+04 2.058e+02 2.666e+02
s>                ( - -5.187e+04 3 0)
s>                ( - -3.373e+03 1 0))))INFO: dtree.c(1315): Comp split 7
INFO: dtree.c(1315): Comp split 8
INFO: dtree.c(1439): stop. leaf nodes are specific
INFO: dtree.c(1478): Final simple tree
|( QUESTION0_13_R 1 -8.021e+04 2.123e+02 3.885e+02
|    ( - -2.456e+04 1 0)
|    ( WDBNDRY_E 0 -5.545e+04 2.058e+02 2.666e+02
|        ( - -5.187e+04 3 0)
|        ( - -3.373e+03 1 0)))
s>    ( QUESTION0_13_R 1 -8.021e+04 2.123e+02 3.885e+02
s>        ( - -2.456e+04 1 0)
s>        ( WDBNDRY_E 0 -5.545e+04 2.058e+02 2.666e+02
s>            ( - -5.187e+04 3 0)
s>            ( - -3.373e+03 1 0)))INFO: dtree.c(1315): Comp split 9
INFO: dtree.c(1439): stop. leaf nodes are specific
INFO: dtree.c(1478): Final simple tree
|( SILENCE 1 -2.534e+04 2.064e+02 1.230e+02
|    ( - -2.082e+04 1 0)
|    ( - -4.315e+03 1 0))
s>    ( SILENCE 1 -2.534e+04 2.064e+02 1.230e+02
s>        ( - -2.082e+04 1 0)
s>        ( - -4.315e+03 1 0))INFO: dtree.c(1439): stop. leaf nodes are specific
INFO: dtree.c(1478): Final simple tree
|( QUESTION0_13_R 1 -4.043e+04 2.660e+02 2.014e+02
|    ( - -6.669e+03 1 0)
|    ( QUESTION0_0_R 1 -3.350e+04 2.462e+02 1.664e+02
|        ( QUESTION0_3_R 1 -2.220e+04 1.887e+02 1.096e+02
|            ( - -4.049e+03 1 0)
|            ( QUESTION0_6_R 1 -1.796e+04 1.663e+02 9.069e+01
|                ( - -1.377e+04 1 0)
|                ( - -4.023e+03 1 0)))
|        ( - -1.105e+04 1 0)))
s>    ( QUESTION0_13_R 1 -4.043e+04 2.660e+02 2.014e+02
s>        ( - -6.669e+03 1 0)
s>        ( QUESTION0_0_R 1 -3.350e+04 2.462e+02 1.664e+02
s>            ( QUESTION0_3_R 1 -2.220e+04 1.887e+02 1.096e+02
s>                ( - -4.049e+03 1 0)
s>                ( QUESTION0_6_R 1 -1.796e+04 1.663e+02 9.069e+01
s>                    ( - -1.377e+04 1 0)
s>                    ( - -4.023e+03 1 0)))
s>            ( - -1.105e+04 1 0)))INFO: dtree.c(1315): Comp split 10
INFO: dtree.c(1439): stop. leaf nodes are specific
INFO: dtree.c(1478): Final simple tree
|( QUESTION0_0_R 1 -2.922e+04 2.058e+02 1.475e+02
|    ( QUESTION0_6_R 1 -1.796e+04 1.663e+02 9.069e+01
|        ( - -1.377e+04 1 0)
|        ( - -4.023e+03 1 0))
|    ( - -1.105e+04 1 0))
s>    ( QUESTION0_0_R 1 -2.922e+04 2.058e+02 1.475e+02
s>        ( QUESTION0_6_R 1 -1.796e+04 1.663e+02 9.069e+01
s>            ( - -1.377e+04 1 0)
s>            ( - -4.023e+03 1 0))
s>        ( - -1.105e+04 1 0))INFO: dtree.c(1439): stop. leaf nodes are specific
INFO: dtree.c(1478): Final simple tree
|( QUESTION0_0_R 1 -1.094e+04 2.211e+02 5.389e+01
|    ( - -4.049e+03 1 0)
|    ( - -6.669e+03 1 0))
s>    ( QUESTION0_0_R 1 -1.094e+04 2.211e+02 5.389e+01
s>        ( - -4.049e+03 1 0)
s>        ( - -6.669e+03 1 0))INFO: dtree.c(1315): Comp split 11
INFO: dtree.c(1315): Comp split 12
INFO: dtree.c(1439): stop. leaf nodes are specific
INFO: dtree.c(1478): Final simple tree
|( QUESTION0_0_R 1 -4.636e+04 1.793e+02 2.335e+02
|    ( - -4.129e+04 1 0)
|    ( - -4.889e+03 1 0))
s>    ( QUESTION0_0_R 1 -4.636e+04 1.793e+02 2.335e+02
s>        ( - -4.129e+04 1 0)
s>        ( - -4.889e+03 1 0))INFO: dtree.c(1315): Comp split 13
INFO: dtree.c(1315): Comp split 14
INFO: dtree.c(1315): Comp split 15
INFO: dtree.c(1439): stop. leaf nodes are specific
INFO: dtree.c(1478): Final simple tree
|( WDBNDRY_E 0 -5.545e+04 2.058e+02 2.666e+02
|    ( - -5.187e+04 3 0)
|    ( - -3.373e+03 1 0))
s>    ( WDBNDRY_E 0 -5.545e+04 2.058e+02 2.666e+02
s>        ( - -5.187e+04 3 0)
s>        ( - -3.373e+03 1 0))INFO: dtree.c(1315): Comp split 16
INFO: dtree.c(1315): Comp split 17
INFO: dtree.c(1315): Comp split 18
INFO: dtree.c(1439): stop. leaf nodes are specific
INFO: dtree.c(1478): Final simple tree
|( QUESTION0_6_R 1 -1.796e+04 1.663e+02 9.069e+01
|    ( - -1.377e+04 1 0)
|    ( - -4.023e+03 1 0))
s>    ( QUESTION0_6_R 1 -1.796e+04 1.663e+02 9.069e+01
s>        ( - -1.377e+04 1 0)
s>        ( - -4.023e+03 1 0))INFO: dtree.c(1315): Comp split 19
INFO: dtree.c(1315): Comp split 20
INFO: dtree.c(1315): Comp split 21
INFO: dtree.c(1318): stop. leaf nodes are specific
Wed Dec 20 23:52:20 2017
