Current configuration:
[NAME]		[DEFLT]	[VALUE]
-allphones	no	no
-cntthresh	0.00001	1.000000e-05
-csplitmax	100	2000
-csplitmin	1	1
-csplitthr	8e-4	0.000000e+00
-example	no	no
-fullvar	no	no
-help		no	no
-meanfn			/home/alex/repos/speech/an4/model_parameters/an4.cd_cont_untied/means
-mixwfn			/home/alex/repos/speech/an4/model_parameters/an4.cd_cont_untied/mixture_weights
-moddeffn		/home/alex/repos/speech/an4/model_architecture/an4.untied.mdef
-mwfloor	1e-4	1.000000e-08
-phone			S
-psetfn			/home/alex/repos/speech/an4/model_architecture/an4.tree_questions
-ssplitmax	5	7
-ssplitmin	1	1
-ssplitthr	8e-4	0.000000e+00
-state			2
-stwt			1.0,0.05,0.0,
-treefn			/home/alex/repos/speech/an4/trees/an4.unpruned/S-2.dtree
-ts2cbfn	.semi.	.cont.
-varfloor	0.00001	1.000000e-05
-varfn			/home/alex/repos/speech/an4/model_parameters/an4.cd_cont_untied/variances

INFO: main.c(223): Reading: /home/alex/repos/speech/an4/model_architecture/an4.untied.mdef
INFO: model_def_io.c(573): Model definition info:
INFO: model_def_io.c(574): 1618 total models defined (34 base, 1584 tri)
INFO: model_def_io.c(575): 6472 total states
INFO: model_def_io.c(576): 4854 total tied states
INFO: model_def_io.c(577): 102 total tied CI states
INFO: model_def_io.c(578): 34 total tied transition matrices
INFO: model_def_io.c(579): 4 max state/model
INFO: model_def_io.c(580): 4 min state/model
INFO: main.c(242): Building trees for [S AA T i] through [S V IH b]
INFO: main.c(269): Covering states |[3759 4079]| == 321
INFO: main.c(275): Reading: /home/alex/repos/speech/an4/model_parameters/an4.cd_cont_untied/mixture_weights
INFO: s3mixw_io.c(173): Read /home/alex/repos/speech/an4/model_parameters/an4.cd_cont_untied/mixture_weights [321x1x1 array]
INFO: main.c(311): 107 of 107 models have observation count greater than 0.000010
INFO: main.c(95): nrm stwt: 0.000 0.048 0.952 
INFO: s3gau_io.c(169): Read /home/alex/repos/speech/an4/model_parameters/an4.cd_cont_untied/means [4854x1x1 array]
INFO: s3gau_io.c(169): Read /home/alex/repos/speech/an4/model_parameters/an4.cd_cont_untied/variances [4854x1x1 array]
INFO: main.c(549): Reading: /home/alex/repos/speech/an4/model_architecture/an4.tree_questions
INFO: main.c(588): 180 total simple questions (172 phone; 8 word bndry)
INFO: main.c(590): 42 Left Only questions, and 42 Right Only questions
INFO: dtree.c(1478): Final simple tree
|( WDBNDRY_B 0 -7.468e+05 4.997e+03 3.170e+03
|    ( QUESTION10 1 -3.184e+05 1.403e+03 1.336e+03
|        ( QUESTION0_0_R 1 -2.360e+05 5.580e+02 1.003e+03
|            ( - -1.031e+05 15 0 QUESTION2_3_L -1 4.978e+02 4.390e+02)
|            ( - -1.323e+05 17 0 QUESTION2_13_L -1 1.631e+02 5.643e+02))
|        ( QUESTION0_0_R 1 -8.104e+04 1.073e+03 3.332e+02
|            ( - -1.950e+04 1 0)
|            ( - -6.047e+04 13 0 QUESTION2 -1 1.844e+02 2.475e+02)))
|    ( SILENCE 1 -4.234e+05 2.161e+03 1.834e+03
|        ( - -1.197e+05 2 0 QUESTION9 -1 2.524e+02 5.394e+02)
|        ( QUESTION0_4_R 1 -3.015e+05 1.060e+03 1.294e+03
|            ( - -5.511e+04 7 0 QUESTION16 -1 4.260e+02 2.454e+02)
|            ( QUESTION18 1 -2.453e+05 9.258e+02 1.049e+03
|                ( - -8.293e+04 9 0 QUESTION0_7_R 1 3.358e+02 3.570e+02)
|                ( - -1.615e+05 43 0 QUESTION0_0_R 1 4.040e+02 6.919e+02)))))
s>    ( WDBNDRY_B 0 -7.468e+05 4.997e+03 3.170e+03
s>        ( QUESTION10 1 -3.184e+05 1.403e+03 1.336e+03
s>            ( QUESTION0_0_R 1 -2.360e+05 5.580e+02 1.003e+03
s>                ( - -1.031e+05 15 0 QUESTION2_3_L -1 4.978e+02 4.390e+02)
s>                ( - -1.323e+05 17 0 QUESTION2_13_L -1 1.631e+02 5.643e+02))
s>            ( QUESTION0_0_R 1 -8.104e+04 1.073e+03 3.332e+02
s>                ( - -1.950e+04 1 0)
s>                ( - -6.047e+04 13 0 QUESTION2 -1 1.844e+02 2.475e+02)))
s>        ( SILENCE 1 -4.234e+05 2.161e+03 1.834e+03
s>            ( - -1.197e+05 2 0 QUESTION9 -1 2.524e+02 5.394e+02)
s>            ( QUESTION0_4_R 1 -3.015e+05 1.060e+03 1.294e+03
s>                ( - -5.511e+04 7 0 QUESTION16 -1 4.260e+02 2.454e+02)
s>                ( QUESTION18 1 -2.453e+05 9.258e+02 1.049e+03
s>                    ( - -8.293e+04 9 0 QUESTION0_7_R 1 3.358e+02 3.570e+02)
s>                    ( - -1.615e+05 43 0 QUESTION0_0_R 1 4.040e+02 6.919e+02)))))INFO: dtree.c(1315): Comp split 0
INFO: dtree.c(1478): Final simple tree
|( SILENCE 1 -4.436e+05 2.233e+03 1.919e+03
|    ( - -1.197e+05 2 0 QUESTION9 -1 2.524e+02 5.394e+02)
|    ( QUESTION0_4_R 1 -3.217e+05 1.403e+03 1.380e+03
|        ( WDBNDRY_I 0 -7.500e+04 4.409e+02 3.311e+02
|            ( - -3.088e+04 4 0 QUESTION4 -1 1.623e+02 1.406e+02)
|            ( - -4.367e+04 4 0 QUESTION9 -1 3.266e+02 1.905e+02))
|        ( QUESTION18 1 -2.453e+05 9.258e+02 1.049e+03
|            ( QUESTION0_7_R 1 -8.293e+04 3.358e+02 3.570e+02
|                ( - -6.673e+04 3 0 QUESTION0 -1 1.578e+02 2.891e+02)
|                ( - -1.587e+04 6 0 QUESTION0_0_R 1 1.598e+02 6.792e+01))
|            ( QUESTION0_0_R 1 -1.615e+05 4.040e+02 6.919e+02
|                ( QUESTION12 1 -8.666e+04 4.180e+02 3.753e+02
|                    ( - -2.185e+04 4 0 WDBNDRY_E 0 1.888e+02 9.317e+01)
|                    ( - -6.440e+04 17 0 QUESTION0_10_R 1 2.423e+02 2.821e+02))
|                ( - -7.440e+04 22 0 QUESTION16 -1 2.763e+02 3.166e+02)))))
s>    ( SILENCE 1 -4.436e+05 2.233e+03 1.919e+03
s>        ( - -1.197e+05 2 0 QUESTION9 -1 2.524e+02 5.394e+02)
s>        ( QUESTION0_4_R 1 -3.217e+05 1.403e+03 1.380e+03
s>            ( WDBNDRY_I 0 -7.500e+04 4.409e+02 3.311e+02
s>                ( - -3.088e+04 4 0 QUESTION4 -1 1.623e+02 1.406e+02)
s>                ( - -4.367e+04 4 0 QUESTION9 -1 3.266e+02 1.905e+02))
s>            ( QUESTION18 1 -2.453e+05 9.258e+02 1.049e+03
s>                ( QUESTION0_7_R 1 -8.293e+04 3.358e+02 3.570e+02
s>                    ( - -6.673e+04 3 0 QUESTION0 -1 1.578e+02 2.891e+02)
s>                    ( - -1.587e+04 6 0 QUESTION0_0_R 1 1.598e+02 6.792e+01))
s>                ( QUESTION0_0_R 1 -1.615e+05 4.040e+02 6.919e+02
s>                    ( QUESTION12 1 -8.666e+04 4.180e+02 3.753e+02
s>                        ( - -2.185e+04 4 0 WDBNDRY_E 0 1.888e+02 9.317e+01)
s>                        ( - -6.440e+04 17 0 QUESTION0_10_R 1 2.423e+02 2.821e+02))
s>                    ( - -7.440e+04 22 0 QUESTION16 -1 2.763e+02 3.166e+02)))))INFO: dtree.c(1478): Final simple tree
|( QUESTION0 1 -2.976e+05 1.170e+03 1.251e+03
|    ( QUESTION0_0_R 1 -2.360e+05 5.580e+02 1.003e+03
|        ( QUESTION2_3_L -1 -1.031e+05 4.978e+02 4.390e+02
|            ( - 2.421e+02 1 0)
|            ( QUESTION6 -1 -1.029e+05 1.790e+02 4.380e+02
|                ( - -3.701e+02 1 0)
|                ( QUESTION2 -1 -1.023e+05 1.614e+02 4.360e+02
|                    ( - -1.973e+04 1 0)
|                    ( - -8.245e+04 12 0 QUESTION0 -1 1.412e+02 3.501e+02))))
|        ( QUESTION2_13_L -1 -1.323e+05 1.631e+02 5.643e+02
|            ( - -8.972e+04 6 0 QUESTION2 -1 1.547e+02 3.840e+02)
|            ( - -4.240e+04 11 0 QUESTION15 -1 1.581e+02 1.803e+02)))
|    ( QUESTION2 -1 -6.047e+04 1.844e+02 2.475e+02
|        ( - -4.140e+03 1 0)
|        ( - -5.614e+04 12 0 SILENCE -1 1.367e+02 2.305e+02)))
s>    ( QUESTION0 1 -2.976e+05 1.170e+03 1.251e+03
s>        ( QUESTION0_0_R 1 -2.360e+05 5.580e+02 1.003e+03
s>            ( QUESTION2_3_L -1 -1.031e+05 4.978e+02 4.390e+02
s>                ( - 2.421e+02 1 0)
s>                ( QUESTION6 -1 -1.029e+05 1.790e+02 4.380e+02
s>                    ( - -3.701e+02 1 0)
s>                    ( QUESTION2 -1 -1.023e+05 1.614e+02 4.360e+02
s>                        ( - -1.973e+04 1 0)
s>                        ( - -8.245e+04 12 0 QUESTION0 -1 1.412e+02 3.501e+02))))
s>            ( QUESTION2_13_L -1 -1.323e+05 1.631e+02 5.643e+02
s>                ( - -8.972e+04 6 0 QUESTION2 -1 1.547e+02 3.840e+02)
s>                ( - -4.240e+04 11 0 QUESTION15 -1 1.581e+02 1.803e+02)))
s>        ( QUESTION2 -1 -6.047e+04 1.844e+02 2.475e+02
s>            ( - -4.140e+03 1 0)
s>            ( - -5.614e+04 12 0 SILENCE -1 1.367e+02 2.305e+02)))INFO: dtree.c(1315): Comp split 1
INFO: dtree.c(1439): stop. leaf nodes are specific
INFO: dtree.c(1478): Final simple tree
|( QUESTION9 -1 -1.197e+05 2.524e+02 5.394e+02
|    ( - -5.005e+04 1 0)
|    ( - -6.939e+04 1 0))
s>    ( QUESTION9 -1 -1.197e+05 2.524e+02 5.394e+02
s>        ( - -5.005e+04 1 0)
s>        ( - -6.939e+04 1 0))INFO: dtree.c(1478): Final simple tree
|( QUESTION0_4_R 1 -3.217e+05 1.403e+03 1.380e+03
|    ( WDBNDRY_I 0 -7.500e+04 4.409e+02 3.311e+02
|        ( - -3.088e+04 4 0 QUESTION4 -1 1.623e+02 1.406e+02)
|        ( QUESTION9 -1 -4.367e+04 3.266e+02 1.905e+02
|            ( - -1.601e+04 1 0)
|            ( - -2.734e+04 3 0 QUESTION20 -1 1.710e+02 1.199e+02)))
|    ( QUESTION18 1 -2.453e+05 9.258e+02 1.049e+03
|        ( QUESTION0_7_R 1 -8.293e+04 3.358e+02 3.570e+02
|            ( - -6.673e+04 3 0 QUESTION0 -1 1.578e+02 2.891e+02)
|            ( - -1.587e+04 6 0 QUESTION0_0_R 1 1.598e+02 6.792e+01))
|        ( QUESTION0_0_R 1 -1.615e+05 4.040e+02 6.919e+02
|            ( QUESTION12 1 -8.666e+04 4.180e+02 3.753e+02
|                ( - -2.185e+04 4 0 WDBNDRY_E 0 1.888e+02 9.317e+01)
|                ( - -6.440e+04 17 0 QUESTION0_10_R 1 2.423e+02 2.821e+02))
|            ( - -7.440e+04 22 0 QUESTION16 -1 2.763e+02 3.166e+02))))
s>    ( QUESTION0_4_R 1 -3.217e+05 1.403e+03 1.380e+03
s>        ( WDBNDRY_I 0 -7.500e+04 4.409e+02 3.311e+02
s>            ( - -3.088e+04 4 0 QUESTION4 -1 1.623e+02 1.406e+02)
s>            ( QUESTION9 -1 -4.367e+04 3.266e+02 1.905e+02
s>                ( - -1.601e+04 1 0)
s>                ( - -2.734e+04 3 0 QUESTION20 -1 1.710e+02 1.199e+02)))
s>        ( QUESTION18 1 -2.453e+05 9.258e+02 1.049e+03
s>            ( QUESTION0_7_R 1 -8.293e+04 3.358e+02 3.570e+02
s>                ( - -6.673e+04 3 0 QUESTION0 -1 1.578e+02 2.891e+02)
s>                ( - -1.587e+04 6 0 QUESTION0_0_R 1 1.598e+02 6.792e+01))
s>            ( QUESTION0_0_R 1 -1.615e+05 4.040e+02 6.919e+02
s>                ( QUESTION12 1 -8.666e+04 4.180e+02 3.753e+02
s>                    ( - -2.185e+04 4 0 WDBNDRY_E 0 1.888e+02 9.317e+01)
s>                    ( - -6.440e+04 17 0 QUESTION0_10_R 1 2.423e+02 2.821e+02))
s>                ( - -7.440e+04 22 0 QUESTION16 -1 2.763e+02 3.166e+02))))INFO: dtree.c(1315): Comp split 2
INFO: dtree.c(1478): Final simple tree
|( QUESTION0_7_R 1 -2.617e+05 8.685e+02 1.120e+03
|    ( - -7.205e+04 5 0 QUESTION0 -1 1.574e+02 3.121e+02)
|    ( QUESTION0_0_R 1 -1.888e+05 4.316e+02 8.074e+02
|        ( QUESTION12 1 -1.018e+05 4.746e+02 4.399e+02
|            ( - -2.185e+04 4 0 WDBNDRY_E 0 1.888e+02 9.317e+01)
|            ( QUESTION9 1 -7.949e+04 3.480e+02 3.467e+02
|                ( - -3.268e+04 7 0 QUESTION9 -1 2.091e+02 1.439e+02)
|                ( - -4.646e+04 12 0 QUESTION0_9_R 1 2.254e+02 2.028e+02)))
|        ( QUESTION18 1 -8.652e+04 4.477e+02 3.676e+02
|            ( - -1.168e+04 3 0 QUESTION16 -1 1.402e+02 5.093e+01)
|            ( QUESTION16 -1 -7.440e+04 2.763e+02 3.166e+02
|                ( QUESTION0 1 -3.214e+04 2.465e+02 1.409e+02
|                    ( - -8.340e+03 4 0 QUESTION2 1 1.515e+02 3.700e+01)
|                    ( - -2.355e+04 4 0 QUESTION0_13_R 1 1.127e+02 1.039e+02))
|                ( - -4.198e+04 14 0 QUESTION0 -1 1.994e+02 1.758e+02)))))
s>    ( QUESTION0_7_R 1 -2.617e+05 8.685e+02 1.120e+03
s>        ( - -7.205e+04 5 0 QUESTION0 -1 1.574e+02 3.121e+02)
s>        ( QUESTION0_0_R 1 -1.888e+05 4.316e+02 8.074e+02
s>            ( QUESTION12 1 -1.018e+05 4.746e+02 4.399e+02
s>                ( - -2.185e+04 4 0 WDBNDRY_E 0 1.888e+02 9.317e+01)
s>                ( QUESTION9 1 -7.949e+04 3.480e+02 3.467e+02
s>                    ( - -3.268e+04 7 0 QUESTION9 -1 2.091e+02 1.439e+02)
s>                    ( - -4.646e+04 12 0 QUESTION0_9_R 1 2.254e+02 2.028e+02)))
s>            ( QUESTION18 1 -8.652e+04 4.477e+02 3.676e+02
s>                ( - -1.168e+04 3 0 QUESTION16 -1 1.402e+02 5.093e+01)
s>                ( QUESTION16 -1 -7.440e+04 2.763e+02 3.166e+02
s>                    ( QUESTION0 1 -3.214e+04 2.465e+02 1.409e+02
s>                        ( - -8.340e+03 4 0 QUESTION2 1 1.515e+02 3.700e+01)
s>                        ( - -2.355e+04 4 0 QUESTION0_13_R 1 1.127e+02 1.039e+02))
s>                    ( - -4.198e+04 14 0 QUESTION0 -1 1.994e+02 1.758e+02)))))INFO: dtree.c(1439): stop. leaf nodes are specific
INFO: dtree.c(1478): Final simple tree
|( WDBNDRY_B 0 -5.861e+04 3.917e+02 2.604e+02
|    ( - -1.950e+04 1 0)
|    ( QUESTION0 -1 -3.872e+04 1.790e+02 1.748e+02
|        ( QUESTION4 -1 -3.797e+04 1.594e+02 1.718e+02
|            ( - -7.605e+02 1 0)
|            ( WDBNDRY_E 0 -3.705e+04 1.442e+02 1.678e+02
|                ( - -6.951e+03 1 0)
|                ( QUESTION16 -1 -2.996e+04 1.406e+02 1.366e+02
|                    ( - -2.624e+04 1 0)
|                    ( QUESTION1 -1 -3.576e+03 9.412e+01 1.700e+01
|                        ( - -2.268e+03 1 0)
|                        ( - -1.214e+03 1 0)))))
|        ( - -5.665e+02 1 0)))
s>    ( WDBNDRY_B 0 -5.861e+04 3.917e+02 2.604e+02
s>        ( - -1.950e+04 1 0)
s>        ( QUESTION0 -1 -3.872e+04 1.790e+02 1.748e+02
s>            ( QUESTION4 -1 -3.797e+04 1.594e+02 1.718e+02
s>                ( - -7.605e+02 1 0)
s>                ( WDBNDRY_E 0 -3.705e+04 1.442e+02 1.678e+02
s>                    ( - -6.951e+03 1 0)
s>                    ( QUESTION16 -1 -2.996e+04 1.406e+02 1.366e+02
s>                        ( - -2.624e+04 1 0)
s>                        ( QUESTION1 -1 -3.576e+03 9.412e+01 1.700e+01
s>                            ( - -2.268e+03 1 0)
s>                            ( - -1.214e+03 1 0)))))
s>            ( - -5.665e+02 1 0)))INFO: dtree.c(1315): Comp split 3
INFO: dtree.c(1478): Final simple tree
|( QUESTION0_0_R 1 -2.357e+05 5.564e+02 1.002e+03
|    ( QUESTION6 -1 -1.029e+05 1.790e+02 4.380e+02
|        ( - -3.701e+02 1 0)
|        ( QUESTION2 -1 -1.023e+05 1.614e+02 4.360e+02
|            ( - -1.973e+04 1 0)
|            ( - -8.245e+04 12 0 QUESTION0 -1 1.412e+02 3.501e+02)))
|    ( QUESTION2_13_L -1 -1.323e+05 1.631e+02 5.643e+02
|        ( QUESTION2 -1 -8.972e+04 1.547e+02 3.840e+02
|            ( - -3.310e+04 1 0)
|            ( - -5.647e+04 5 0 QUESTION2_14_L -1 1.216e+02 2.395e+02))
|        ( QUESTION15 -1 -4.240e+04 1.581e+02 1.803e+02
|            ( - -3.984e+02 1 0)
|            ( QUESTION2_4_L -1 -4.184e+04 1.453e+02 1.783e+02
|                ( - -9.421e+03 1 0)
|                ( - -3.227e+04 9 0 SILENCE -1 1.391e+02 1.379e+02)))))
s>    ( QUESTION0_0_R 1 -2.357e+05 5.564e+02 1.002e+03
s>        ( QUESTION6 -1 -1.029e+05 1.790e+02 4.380e+02
s>            ( - -3.701e+02 1 0)
s>            ( QUESTION2 -1 -1.023e+05 1.614e+02 4.360e+02
s>                ( - -1.973e+04 1 0)
s>                ( - -8.245e+04 12 0 QUESTION0 -1 1.412e+02 3.501e+02)))
s>        ( QUESTION2_13_L -1 -1.323e+05 1.631e+02 5.643e+02
s>            ( QUESTION2 -1 -8.972e+04 1.547e+02 3.840e+02
s>                ( - -3.310e+04 1 0)
s>                ( - -5.647e+04 5 0 QUESTION2_14_L -1 1.216e+02 2.395e+02))
s>            ( QUESTION15 -1 -4.240e+04 1.581e+02 1.803e+02
s>                ( - -3.984e+02 1 0)
s>                ( QUESTION2_4_L -1 -4.184e+04 1.453e+02 1.783e+02
s>                    ( - -9.421e+03 1 0)
s>                    ( - -3.227e+04 9 0 SILENCE -1 1.391e+02 1.379e+02)))))INFO: dtree.c(1478): Final simple tree
|( QUESTION0_0_R 1 -6.072e+04 4.898e+02 2.485e+02
|    ( - 2.421e+02 1 0)
|    ( QUESTION2 -1 -6.047e+04 1.844e+02 2.475e+02
|        ( - -4.140e+03 1 0)
|        ( SILENCE -1 -5.614e+04 1.367e+02 2.305e+02
|            ( - -1.559e+04 1 0)
|            ( QUESTION2_7_L -1 -4.042e+04 1.289e+02 1.659e+02
|                ( QUESTION0 -1 -6.264e+03 1.069e+02 2.610e+01
|                    ( - -2.465e+03 1 0)
|                    ( - -3.693e+03 1 0))
|                ( QUESTION2_14_L -1 -3.403e+04 1.221e+02 1.398e+02
|                    ( - -8.425e+03 2 0)
|                    ( QUESTION0 -1 -2.548e+04 1.055e+02 1.056e+02
|                        ( - -1.012e+04 3 0 QUESTION2_20_L -1 1.705e+02 4.164e+01)
|                        ( - -1.526e+04 4 0 QUESTION2_0_L -1 7.905e+01 6.396e+01)))))))
s>    ( QUESTION0_0_R 1 -6.072e+04 4.898e+02 2.485e+02
s>        ( - 2.421e+02 1 0)
s>        ( QUESTION2 -1 -6.047e+04 1.844e+02 2.475e+02
s>            ( - -4.140e+03 1 0)
s>            ( SILENCE -1 -5.614e+04 1.367e+02 2.305e+02
s>                ( - -1.559e+04 1 0)
s>                ( QUESTION2_7_L -1 -4.042e+04 1.289e+02 1.659e+02
s>                    ( QUESTION0 -1 -6.264e+03 1.069e+02 2.610e+01
s>                        ( - -2.465e+03 1 0)
s>                        ( - -3.693e+03 1 0))
s>                    ( QUESTION2_14_L -1 -3.403e+04 1.221e+02 1.398e+02
s>                        ( - -8.425e+03 2 0)
s>                        ( QUESTION0 -1 -2.548e+04 1.055e+02 1.056e+02
s>                            ( - -1.012e+04 3 0 QUESTION2_20_L -1 1.705e+02 4.164e+01)
s>                            ( - -1.526e+04 4 0 QUESTION2_0_L -1 7.905e+01 6.396e+01)))))))INFO: dtree.c(1315): Comp split 4
INFO: dtree.c(1478): Final simple tree
|( QUESTION0_1_R 1 -1.435e+05 3.987e+02 6.126e+02
|    ( - -2.780e+04 4 0 QUESTION0 -1 1.421e+02 1.235e+02)
|    ( QUESTION0_11_R 1 -1.153e+05 3.610e+02 4.891e+02
|        ( - -8.839e+03 2 0 QUESTION9 -1 1.181e+02 3.893e+01)
|        ( QUESTION16 -1 -1.061e+05 2.675e+02 4.502e+02
|            ( QUESTION0 1 -4.176e+04 2.469e+02 1.832e+02
|                ( QUESTION0_9_R 1 -1.796e+04 2.416e+02 7.934e+01
|                    ( - -5.663e+03 1 0)
|                    ( QUESTION0_14_R 1 -1.206e+04 1.948e+02 5.336e+01
|                        ( - -5.815e+03 2 0 QUESTION1 1 1.314e+02 2.597e+01)
|                        ( - -6.050e+03 4 0 QUESTION18 1 1.891e+02 2.739e+01)))
|                ( - -2.355e+04 4 0 QUESTION0_13_R 1 1.127e+02 1.039e+02))
|            ( QUESTION0 -1 -6.408e+04 2.286e+02 2.669e+02
|                ( - -4.153e+04 11 0 QUESTION0_20_R 1 1.936e+02 1.741e+02)
|                ( - -2.232e+04 10 0 QUESTION0_20_R 1 1.321e+02 9.288e+01)))))
s>    ( QUESTION0_1_R 1 -1.435e+05 3.987e+02 6.126e+02
s>        ( - -2.780e+04 4 0 QUESTION0 -1 1.421e+02 1.235e+02)
s>        ( QUESTION0_11_R 1 -1.153e+05 3.610e+02 4.891e+02
s>            ( - -8.839e+03 2 0 QUESTION9 -1 1.181e+02 3.893e+01)
s>            ( QUESTION16 -1 -1.061e+05 2.675e+02 4.502e+02
s>                ( QUESTION0 1 -4.176e+04 2.469e+02 1.832e+02
s>                    ( QUESTION0_9_R 1 -1.796e+04 2.416e+02 7.934e+01
s>                        ( - -5.663e+03 1 0)
s>                        ( QUESTION0_14_R 1 -1.206e+04 1.948e+02 5.336e+01
s>                            ( - -5.815e+03 2 0 QUESTION1 1 1.314e+02 2.597e+01)
s>                            ( - -6.050e+03 4 0 QUESTION18 1 1.891e+02 2.739e+01)))
s>                    ( - -2.355e+04 4 0 QUESTION0_13_R 1 1.127e+02 1.039e+02))
s>                ( QUESTION0 -1 -6.408e+04 2.286e+02 2.669e+02
s>                    ( - -4.153e+04 11 0 QUESTION0_20_R 1 1.936e+02 1.741e+02)
s>                    ( - -2.232e+04 10 0 QUESTION0_20_R 1 1.321e+02 9.288e+01)))))INFO: dtree.c(1478): Final simple tree
|( QUESTION0_6_R 1 -1.172e+05 5.586e+02 5.069e+02
|    ( QUESTION0 -1 -7.205e+04 1.574e+02 3.121e+02
|        ( - -7.103e+04 4 0 QUESTION9 1 1.320e+02 3.081e+02)
|        ( - -8.713e+02 1 0))
|    ( QUESTION0_0_R 1 -4.463e+04 2.773e+02 1.948e+02
|        ( QUESTION9 -1 -3.268e+04 2.091e+02 1.439e+02
|            ( QUESTION15 1 -1.745e+04 1.720e+02 7.663e+01
|                ( - -3.260e+02 1 0)
|                ( - -1.695e+04 2 0 QUESTION0_3_R 1 1.266e+02 7.463e+01))
|            ( WDBNDRY_E 0 -1.502e+04 1.836e+02 6.727e+01
|                ( - -1.440e+04 3 0 QUESTION0_3_R 1 1.265e+02 6.427e+01)
|                ( - -4.322e+02 1 0)))
|        ( QUESTION16 -1 -1.168e+04 1.402e+02 5.093e+01
|            ( - -5.944e+02 1 0)
|            ( - -1.094e+04 2 0 QUESTION0 -1 1.227e+02 4.793e+01))))
s>    ( QUESTION0_6_R 1 -1.172e+05 5.586e+02 5.069e+02
s>        ( QUESTION0 -1 -7.205e+04 1.574e+02 3.121e+02
s>            ( - -7.103e+04 4 0 QUESTION9 1 1.320e+02 3.081e+02)
s>            ( - -8.713e+02 1 0))
s>        ( QUESTION0_0_R 1 -4.463e+04 2.773e+02 1.948e+02
s>            ( QUESTION9 -1 -3.268e+04 2.091e+02 1.439e+02
s>                ( QUESTION15 1 -1.745e+04 1.720e+02 7.663e+01
s>                    ( - -3.260e+02 1 0)
s>                    ( - -1.695e+04 2 0 QUESTION0_3_R 1 1.266e+02 7.463e+01))
s>                ( WDBNDRY_E 0 -1.502e+04 1.836e+02 6.727e+01
s>                    ( - -1.440e+04 3 0 QUESTION0_3_R 1 1.265e+02 6.427e+01)
s>                    ( - -4.322e+02 1 0)))
s>            ( QUESTION16 -1 -1.168e+04 1.402e+02 5.093e+01
s>                ( - -5.944e+02 1 0)
s>                ( - -1.094e+04 2 0 QUESTION0 -1 1.227e+02 4.793e+01))))INFO: dtree.c(1315): Comp split 5
INFO: dtree.c(1478): Final simple tree
|( QUESTION0_9_R 1 -4.301e+04 1.932e+02 1.898e+02
|    ( - -8.839e+03 2 0 QUESTION9 -1 1.181e+02 3.893e+01)
|    ( QUESTION18 1 -3.398e+04 1.857e+02 1.509e+02
|        ( - -2.612e+02 1 0)
|        ( QUESTION0_2_R 1 -3.353e+04 1.703e+02 1.489e+02
|            ( - -3.060e+03 1 0)
|            ( QUESTION0 -1 -3.030e+04 1.426e+02 1.345e+02
|                ( QUESTION0_13_R 1 -2.843e+04 1.347e+02 1.269e+02
|                    ( - -5.477e+02 1 0)
|                    ( QUESTION0_0_R 1 -2.775e+04 1.197e+02 1.239e+02
|                        ( QUESTION9 -1 -2.593e+04 1.208e+02 1.159e+02
|                            ( - -1.254e+03 1 0)
|                            ( - -2.455e+04 2 0))
|                        ( - -1.699e+03 1 0)))
|                ( - -1.731e+03 1 0)))))
s>    ( QUESTION0_9_R 1 -4.301e+04 1.932e+02 1.898e+02
s>        ( - -8.839e+03 2 0 QUESTION9 -1 1.181e+02 3.893e+01)
s>        ( QUESTION18 1 -3.398e+04 1.857e+02 1.509e+02
s>            ( - -2.612e+02 1 0)
s>            ( QUESTION0_2_R 1 -3.353e+04 1.703e+02 1.489e+02
s>                ( - -3.060e+03 1 0)
s>                ( QUESTION0 -1 -3.030e+04 1.426e+02 1.345e+02
s>                    ( QUESTION0_13_R 1 -2.843e+04 1.347e+02 1.269e+02
s>                        ( - -5.477e+02 1 0)
s>                        ( QUESTION0_0_R 1 -2.775e+04 1.197e+02 1.239e+02
s>                            ( QUESTION9 -1 -2.593e+04 1.208e+02 1.159e+02
s>                                ( - -1.254e+03 1 0)
s>                                ( - -2.455e+04 2 0))
s>                            ( - -1.699e+03 1 0)))
s>                    ( - -1.731e+03 1 0)))))INFO: dtree.c(1478): Final simple tree
|( QUESTION16 -1 -9.983e+04 2.729e+02 4.228e+02
|    ( QUESTION0 1 -3.548e+04 2.520e+02 1.558e+02
|        ( QUESTION1 1 -1.168e+04 2.146e+02 5.195e+01
|            ( - -4.916e+03 1 0)
|            ( - -6.545e+03 2 0 QUESTION0_0_R 1 1.139e+02 2.998e+01))
|        ( - -2.355e+04 4 0 QUESTION0_13_R 1 1.127e+02 1.039e+02))
|    ( QUESTION0 -1 -6.408e+04 2.286e+02 2.669e+02
|        ( QUESTION0_20_R 1 -4.153e+04 1.936e+02 1.741e+02
|            ( - -1.313e+04 3 0)
|            ( QUESTION16 1 -2.820e+04 2.034e+02 1.193e+02
|                ( - -6.578e+03 3 0 QUESTION0_0_R 1 1.434e+02 2.797e+01)
|                ( WDBNDRY_E 0 -2.142e+04 1.828e+02 9.132e+01
|                    ( - -2.070e+04 4 0 QUESTION1 1 1.353e+02 8.832e+01)
|                    ( - -5.404e+02 1 0))))
|        ( - -2.232e+04 10 0 QUESTION0_20_R 1 1.321e+02 9.288e+01)))
s>    ( QUESTION16 -1 -9.983e+04 2.729e+02 4.228e+02
s>        ( QUESTION0 1 -3.548e+04 2.520e+02 1.558e+02
s>            ( QUESTION1 1 -1.168e+04 2.146e+02 5.195e+01
s>                ( - -4.916e+03 1 0)
s>                ( - -6.545e+03 2 0 QUESTION0_0_R 1 1.139e+02 2.998e+01))
s>            ( - -2.355e+04 4 0 QUESTION0_13_R 1 1.127e+02 1.039e+02))
s>        ( QUESTION0 -1 -6.408e+04 2.286e+02 2.669e+02
s>            ( QUESTION0_20_R 1 -4.153e+04 1.936e+02 1.741e+02
s>                ( - -1.313e+04 3 0)
s>                ( QUESTION16 1 -2.820e+04 2.034e+02 1.193e+02
s>                    ( - -6.578e+03 3 0 QUESTION0_0_R 1 1.434e+02 2.797e+01)
s>                    ( WDBNDRY_E 0 -2.142e+04 1.828e+02 9.132e+01
s>                        ( - -2.070e+04 4 0 QUESTION1 1 1.353e+02 8.832e+01)
s>                        ( - -5.404e+02 1 0))))
s>            ( - -2.232e+04 10 0 QUESTION0_20_R 1 1.321e+02 9.288e+01)))INFO: dtree.c(1315): Comp split 6
INFO: dtree.c(1439): stop. leaf nodes are specific
INFO: dtree.c(1478): Final simple tree
|( QUESTION0_3_R 1 -7.254e+04 1.599e+02 3.141e+02
|    ( - -3.260e+02 1 0)
|    ( QUESTION0 -1 -7.205e+04 1.574e+02 3.121e+02
|        ( QUESTION9 1 -7.103e+04 1.320e+02 3.081e+02
|            ( QUESTION9 -1 -5.192e+03 1.143e+02 2.304e+01
|                ( - -4.277e+03 1 0)
|                ( - -8.008e+02 1 0))
|            ( QUESTION9 -1 -6.570e+04 1.123e+02 2.851e+02
|                ( - -6.482e+04 1 0)
|                ( - -7.657e+02 1 0)))
|        ( - -8.713e+02 1 0)))
s>    ( QUESTION0_3_R 1 -7.254e+04 1.599e+02 3.141e+02
s>        ( - -3.260e+02 1 0)
s>        ( QUESTION0 -1 -7.205e+04 1.574e+02 3.121e+02
s>            ( QUESTION9 1 -7.103e+04 1.320e+02 3.081e+02
s>                ( QUESTION9 -1 -5.192e+03 1.143e+02 2.304e+01
s>                    ( - -4.277e+03 1 0)
s>                    ( - -8.008e+02 1 0))
s>                ( QUESTION9 -1 -6.570e+04 1.123e+02 2.851e+02
s>                    ( - -6.482e+04 1 0)
s>                    ( - -7.657e+02 1 0)))
s>            ( - -8.713e+02 1 0)))INFO: dtree.c(1478): Final simple tree
|( QUESTION0_0_R 1 -4.414e+04 2.774e+02 1.928e+02
|    ( QUESTION9 -1 -3.218e+04 2.095e+02 1.419e+02
|        ( QUESTION0_3_R 1 -1.695e+04 1.266e+02 7.463e+01
|            ( - -1.601e+04 1 0)
|            ( - -8.220e+02 1 0))
|        ( WDBNDRY_E 0 -1.502e+04 1.836e+02 6.727e+01
|            ( QUESTION0_3_R 1 -1.440e+04 1.265e+02 6.427e+01
|                ( - -4.757e+03 2 0 QUESTION0 -1 1.132e+02 2.101e+01)
|                ( - -9.518e+03 1 0))
|            ( - -4.322e+02 1 0)))
|    ( QUESTION16 -1 -1.168e+04 1.402e+02 5.093e+01
|        ( - -5.944e+02 1 0)
|        ( QUESTION0 -1 -1.094e+04 1.227e+02 4.793e+01
|            ( - -5.233e+03 1 0)
|            ( - -5.588e+03 1 0))))
s>    ( QUESTION0_0_R 1 -4.414e+04 2.774e+02 1.928e+02
s>        ( QUESTION9 -1 -3.218e+04 2.095e+02 1.419e+02
s>            ( QUESTION0_3_R 1 -1.695e+04 1.266e+02 7.463e+01
s>                ( - -1.601e+04 1 0)
s>                ( - -8.220e+02 1 0))
s>            ( WDBNDRY_E 0 -1.502e+04 1.836e+02 6.727e+01
s>                ( QUESTION0_3_R 1 -1.440e+04 1.265e+02 6.427e+01
s>                    ( - -4.757e+03 2 0 QUESTION0 -1 1.132e+02 2.101e+01)
s>                    ( - -9.518e+03 1 0))
s>                ( - -4.322e+02 1 0)))
s>        ( QUESTION16 -1 -1.168e+04 1.402e+02 5.093e+01
s>            ( - -5.944e+02 1 0)
s>            ( QUESTION0 -1 -1.094e+04 1.227e+02 4.793e+01
s>                ( - -5.233e+03 1 0)
s>                ( - -5.588e+03 1 0))))INFO: dtree.c(1315): Comp split 7
INFO: dtree.c(1478): Final simple tree
|( QUESTION2_13_L -1 -1.317e+05 1.681e+02 5.623e+02
|    ( QUESTION2 -1 -8.972e+04 1.547e+02 3.840e+02
|        ( - -3.310e+04 1 0)
|        ( QUESTION2_14_L -1 -5.647e+04 1.216e+02 2.395e+02
|            ( - -2.483e+04 2 0)
|            ( - -3.152e+04 3 0 QUESTION0 -1 9.705e+01 1.332e+02)))
|    ( QUESTION2_4_L -1 -4.184e+04 1.453e+02 1.783e+02
|        ( - -9.421e+03 1 0)
|        ( SILENCE -1 -3.227e+04 1.391e+02 1.379e+02
|            ( - -1.300e+04 1 0)
|            ( QUESTION10 -1 -1.913e+04 1.373e+02 8.298e+01
|                ( - -3.410e+02 1 0)
|                ( QUESTION18 -1 -1.866e+04 1.169e+02 8.098e+01
|                    ( - -3.115e+02 1 0)
|                    ( - -1.823e+04 6 0 QUESTION2_0_L -1 1.090e+02 7.898e+01))))))
s>    ( QUESTION2_13_L -1 -1.317e+05 1.681e+02 5.623e+02
s>        ( QUESTION2 -1 -8.972e+04 1.547e+02 3.840e+02
s>            ( - -3.310e+04 1 0)
s>            ( QUESTION2_14_L -1 -5.647e+04 1.216e+02 2.395e+02
s>                ( - -2.483e+04 2 0)
s>                ( - -3.152e+04 3 0 QUESTION0 -1 9.705e+01 1.332e+02)))
s>        ( QUESTION2_4_L -1 -4.184e+04 1.453e+02 1.783e+02
s>            ( - -9.421e+03 1 0)
s>            ( SILENCE -1 -3.227e+04 1.391e+02 1.379e+02
s>                ( - -1.300e+04 1 0)
s>                ( QUESTION10 -1 -1.913e+04 1.373e+02 8.298e+01
s>                    ( - -3.410e+02 1 0)
s>                    ( QUESTION18 -1 -1.866e+04 1.169e+02 8.098e+01
s>                        ( - -3.115e+02 1 0)
s>                        ( - -1.823e+04 6 0 QUESTION2_0_L -1 1.090e+02 7.898e+01))))))INFO: dtree.c(1478): Final simple tree
|( QUESTION6 -1 -1.034e+05 1.787e+02 4.400e+02
|    ( - -3.701e+02 1 0)
|    ( QUESTION2 -1 -1.029e+05 1.625e+02 4.380e+02
|        ( - -1.973e+04 1 0)
|        ( QUESTION0_0_R 1 -8.300e+04 1.512e+02 3.521e+02
|            ( QUESTION0 -1 -8.245e+04 1.412e+02 3.501e+02
|                ( QUESTION15 -1 -2.506e+04 1.288e+02 1.076e+02
|                    ( - -1.083e+03 1 0)
|                    ( QUESTION1 -1 -2.385e+04 1.252e+02 1.026e+02
|                        ( - -6.248e+03 1 0)
|                        ( - -1.748e+04 3 0 QUESTION13 -1 9.049e+01 7.532e+01)))
|                ( SILENCE -1 -5.724e+04 1.181e+02 2.425e+02
|                    ( - -9.073e+03 1 0)
|                    ( - -4.805e+04 6 0 QUESTION2_15_L -1 9.672e+01 2.036e+02)))
|            ( - -3.984e+02 1 0))))
s>    ( QUESTION6 -1 -1.034e+05 1.787e+02 4.400e+02
s>        ( - -3.701e+02 1 0)
s>        ( QUESTION2 -1 -1.029e+05 1.625e+02 4.380e+02
s>            ( - -1.973e+04 1 0)
s>            ( QUESTION0_0_R 1 -8.300e+04 1.512e+02 3.521e+02
s>                ( QUESTION0 -1 -8.245e+04 1.412e+02 3.501e+02
s>                    ( QUESTION15 -1 -2.506e+04 1.288e+02 1.076e+02
s>                        ( - -1.083e+03 1 0)
s>                        ( QUESTION1 -1 -2.385e+04 1.252e+02 1.026e+02
s>                            ( - -6.248e+03 1 0)
s>                            ( - -1.748e+04 3 0 QUESTION13 -1 9.049e+01 7.532e+01)))
s>                    ( SILENCE -1 -5.724e+04 1.181e+02 2.425e+02
s>                        ( - -9.073e+03 1 0)
s>                        ( - -4.805e+04 6 0 QUESTION2_15_L -1 9.672e+01 2.036e+02)))
s>                ( - -3.984e+02 1 0))))INFO: dtree.c(1315): Comp split 8
INFO: dtree.c(1478): Final simple tree
|( QUESTION2 -1 -6.047e+04 1.844e+02 2.475e+02
|    ( - -4.140e+03 1 0)
|    ( SILENCE -1 -5.614e+04 1.367e+02 2.305e+02
|        ( - -1.559e+04 1 0)
|        ( QUESTION2_7_L -1 -4.042e+04 1.289e+02 1.659e+02
|            ( QUESTION0 -1 -6.264e+03 1.069e+02 2.610e+01
|                ( - -2.465e+03 1 0)
|                ( - -3.693e+03 1 0))
|            ( QUESTION2_14_L -1 -3.403e+04 1.221e+02 1.398e+02
|                ( - -8.425e+03 2 0)
|                ( QUESTION0 -1 -2.548e+04 1.055e+02 1.056e+02
|                    ( QUESTION2_20_L -1 -1.012e+04 1.705e+02 4.164e+01
|                        ( - -3.246e+02 1 0)
|                        ( - -9.623e+03 2 0 QUESTION6 -1 9.745e+01 3.964e+01))
|                    ( - -1.526e+04 4 0 QUESTION2_0_L -1 7.905e+01 6.396e+01))))))
s>    ( QUESTION2 -1 -6.047e+04 1.844e+02 2.475e+02
s>        ( - -4.140e+03 1 0)
s>        ( SILENCE -1 -5.614e+04 1.367e+02 2.305e+02
s>            ( - -1.559e+04 1 0)
s>            ( QUESTION2_7_L -1 -4.042e+04 1.289e+02 1.659e+02
s>                ( QUESTION0 -1 -6.264e+03 1.069e+02 2.610e+01
s>                    ( - -2.465e+03 1 0)
s>                    ( - -3.693e+03 1 0))
s>                ( QUESTION2_14_L -1 -3.403e+04 1.221e+02 1.398e+02
s>                    ( - -8.425e+03 2 0)
s>                    ( QUESTION0 -1 -2.548e+04 1.055e+02 1.056e+02
s>                        ( QUESTION2_20_L -1 -1.012e+04 1.705e+02 4.164e+01
s>                            ( - -3.246e+02 1 0)
s>                            ( - -9.623e+03 2 0 QUESTION6 -1 9.745e+01 3.964e+01))
s>                        ( - -1.526e+04 4 0 QUESTION2_0_L -1 7.905e+01 6.396e+01))))))INFO: dtree.c(1315): Comp split 9
INFO: dtree.c(1439): stop. leaf nodes are specific
INFO: dtree.c(1478): Final simple tree
|( QUESTION0 -1 -3.872e+04 1.790e+02 1.748e+02
|    ( QUESTION4 -1 -3.797e+04 1.594e+02 1.718e+02
|        ( - -7.605e+02 1 0)
|        ( WDBNDRY_E 0 -3.705e+04 1.442e+02 1.678e+02
|            ( - -6.951e+03 1 0)
|            ( QUESTION16 -1 -2.996e+04 1.406e+02 1.366e+02
|                ( - -2.624e+04 1 0)
|                ( QUESTION1 -1 -3.576e+03 9.412e+01 1.700e+01
|                    ( - -2.268e+03 1 0)
|                    ( - -1.214e+03 1 0)))))
|    ( - -5.665e+02 1 0))
s>    ( QUESTION0 -1 -3.872e+04 1.790e+02 1.748e+02
s>        ( QUESTION4 -1 -3.797e+04 1.594e+02 1.718e+02
s>            ( - -7.605e+02 1 0)
s>            ( WDBNDRY_E 0 -3.705e+04 1.442e+02 1.678e+02
s>                ( - -6.951e+03 1 0)
s>                ( QUESTION16 -1 -2.996e+04 1.406e+02 1.366e+02
s>                    ( - -2.624e+04 1 0)
s>                    ( QUESTION1 -1 -3.576e+03 9.412e+01 1.700e+01
s>                        ( - -2.268e+03 1 0)
s>                        ( - -1.214e+03 1 0)))))
s>        ( - -5.665e+02 1 0))INFO: dtree.c(1315): Comp split 10
INFO: dtree.c(1439): stop. leaf nodes are specific
INFO: dtree.c(1478): Final simple tree
|( QUESTION9 -1 -4.448e+04 2.306e+02 1.922e+02
|    ( QUESTION1 1 -2.070e+04 1.353e+02 8.832e+01
|        ( - -1.291e+03 1 0)
|        ( QUESTION0_0_R 1 -1.927e+04 1.184e+02 8.232e+01
|            ( - -9.166e+03 1 0)
|            ( - -9.988e+03 2 0)))
|    ( QUESTION0_13_R 1 -2.355e+04 1.127e+02 1.039e+02
|        ( - -4.195e+03 2 0)
|        ( - -1.924e+04 2 0)))
s>    ( QUESTION9 -1 -4.448e+04 2.306e+02 1.922e+02
s>        ( QUESTION1 1 -2.070e+04 1.353e+02 8.832e+01
s>            ( - -1.291e+03 1 0)
s>            ( QUESTION0_0_R 1 -1.927e+04 1.184e+02 8.232e+01
s>                ( - -9.166e+03 1 0)
s>                ( - -9.988e+03 2 0)))
s>        ( QUESTION0_13_R 1 -2.355e+04 1.127e+02 1.039e+02
s>            ( - -4.195e+03 2 0)
s>            ( - -1.924e+04 2 0)))INFO: dtree.c(1478): Final simple tree
|( QUESTION9 -1 -5.499e+04 2.236e+02 2.306e+02
|    ( WDBNDRY_E 0 -2.058e+04 1.708e+02 8.575e+01
|        ( QUESTION0_13_R 1 -1.987e+04 1.658e+02 8.275e+01
|            ( - -2.919e+03 1 0)
|            ( - -1.679e+04 5 0 QUESTION0_0_R 1 1.413e+02 6.976e+01))
|        ( - -5.404e+02 1 0))
|    ( QUESTION0_9_R 1 -3.418e+04 2.059e+02 1.448e+02
|        ( - -1.179e+04 2 0 QUESTION0 -1 1.173e+02 5.062e+01)
|        ( QUESTION2 1 -2.219e+04 1.882e+02 9.421e+01
|            ( - -4.916e+03 1 0)
|            ( QUESTION0_20_R 1 -1.708e+04 1.451e+02 7.224e+01
|                ( - -2.934e+03 2 0 QUESTION0 1 1.223e+02 1.300e+01)
|                ( QUESTION0 1 -1.400e+04 1.542e+02 5.924e+01
|                    ( - -7.457e+03 6 0 QUESTION0 -1 1.241e+02 3.199e+01)
|                    ( - -6.392e+03 2 0))))))
s>    ( QUESTION9 -1 -5.499e+04 2.236e+02 2.306e+02
s>        ( WDBNDRY_E 0 -2.058e+04 1.708e+02 8.575e+01
s>            ( QUESTION0_13_R 1 -1.987e+04 1.658e+02 8.275e+01
s>                ( - -2.919e+03 1 0)
s>                ( - -1.679e+04 5 0 QUESTION0_0_R 1 1.413e+02 6.976e+01))
s>            ( - -5.404e+02 1 0))
s>        ( QUESTION0_9_R 1 -3.418e+04 2.059e+02 1.448e+02
s>            ( - -1.179e+04 2 0 QUESTION0 -1 1.173e+02 5.062e+01)
s>            ( QUESTION2 1 -2.219e+04 1.882e+02 9.421e+01
s>                ( - -4.916e+03 1 0)
s>                ( QUESTION0_20_R 1 -1.708e+04 1.451e+02 7.224e+01
s>                    ( - -2.934e+03 2 0 QUESTION0 1 1.223e+02 1.300e+01)
s>                    ( QUESTION0 1 -1.400e+04 1.542e+02 5.924e+01
s>                        ( - -7.457e+03 6 0 QUESTION0 -1 1.241e+02 3.199e+01)
s>                        ( - -6.392e+03 2 0))))))INFO: dtree.c(1315): Comp split 11
INFO: dtree.c(1439): stop. leaf nodes are specific
INFO: dtree.c(1478): Final simple tree
|( QUESTION9 -1 -3.218e+04 2.095e+02 1.419e+02
|    ( QUESTION0_3_R 1 -1.695e+04 1.266e+02 7.463e+01
|        ( - -1.601e+04 1 0)
|        ( - -8.220e+02 1 0))
|    ( WDBNDRY_E 0 -1.502e+04 1.836e+02 6.727e+01
|        ( QUESTION0_3_R 1 -1.440e+04 1.265e+02 6.427e+01
|            ( QUESTION0 -1 -4.757e+03 1.132e+02 2.101e+01
|                ( - -7.814e+02 1 0)
|                ( - -3.863e+03 1 0))
|            ( - -9.518e+03 1 0))
|        ( - -4.322e+02 1 0)))
s>    ( QUESTION9 -1 -3.218e+04 2.095e+02 1.419e+02
s>        ( QUESTION0_3_R 1 -1.695e+04 1.266e+02 7.463e+01
s>            ( - -1.601e+04 1 0)
s>            ( - -8.220e+02 1 0))
s>        ( WDBNDRY_E 0 -1.502e+04 1.836e+02 6.727e+01
s>            ( QUESTION0_3_R 1 -1.440e+04 1.265e+02 6.427e+01
s>                ( QUESTION0 -1 -4.757e+03 1.132e+02 2.101e+01
s>                    ( - -7.814e+02 1 0)
s>                    ( - -3.863e+03 1 0))
s>                ( - -9.518e+03 1 0))
s>            ( - -4.322e+02 1 0)))INFO: dtree.c(1439): stop. leaf nodes are specific
INFO: dtree.c(1478): Final simple tree
|( QUESTION16 -1 -1.168e+04 1.402e+02 5.093e+01
|    ( - -5.944e+02 1 0)
|    ( QUESTION0 -1 -1.094e+04 1.227e+02 4.793e+01
|        ( - -5.233e+03 1 0)
|        ( - -5.588e+03 1 0)))
s>    ( QUESTION16 -1 -1.168e+04 1.402e+02 5.093e+01
s>        ( - -5.944e+02 1 0)
s>        ( QUESTION0 -1 -1.094e+04 1.227e+02 4.793e+01
s>            ( - -5.233e+03 1 0)
s>            ( - -5.588e+03 1 0)))INFO: dtree.c(1315): Comp split 12
INFO: dtree.c(1315): Comp split 13
INFO: dtree.c(1478): Final simple tree
|( QUESTION2 1 -3.025e+04 1.931e+02 1.267e+02
|    ( - -4.916e+03 1 0)
|    ( QUESTION9 -1 -2.515e+04 1.852e+02 1.047e+02
|        ( WDBNDRY_E 0 -1.750e+04 1.757e+02 7.276e+01
|            ( QUESTION0_0_R 1 -1.679e+04 1.413e+02 6.976e+01
|                ( - -3.515e+03 2 0 QUESTION17 1 9.361e+01 1.498e+01)
|                ( - -1.313e+04 3 0))
|            ( - -5.404e+02 1 0))
|        ( QUESTION0 -1 -7.457e+03 1.241e+02 3.199e+01
|            ( - -7.679e+02 1 0)
|            ( QUESTION4 1 -6.565e+03 1.168e+02 2.799e+01
|                ( - -8.701e+02 1 0)
|                ( QUESTION0_15_R 1 -5.578e+03 1.154e+02 2.399e+01
|                    ( - -8.021e+02 1 0)
|                    ( - -4.660e+03 3 0 QUESTION17 1 1.043e+02 1.999e+01))))))
s>    ( QUESTION2 1 -3.025e+04 1.931e+02 1.267e+02
s>        ( - -4.916e+03 1 0)
s>        ( QUESTION9 -1 -2.515e+04 1.852e+02 1.047e+02
s>            ( WDBNDRY_E 0 -1.750e+04 1.757e+02 7.276e+01
s>                ( QUESTION0_0_R 1 -1.679e+04 1.413e+02 6.976e+01
s>                    ( - -3.515e+03 2 0 QUESTION17 1 9.361e+01 1.498e+01)
s>                    ( - -1.313e+04 3 0))
s>                ( - -5.404e+02 1 0))
s>            ( QUESTION0 -1 -7.457e+03 1.241e+02 3.199e+01
s>                ( - -7.679e+02 1 0)
s>                ( QUESTION4 1 -6.565e+03 1.168e+02 2.799e+01
s>                    ( - -8.701e+02 1 0)
s>                    ( QUESTION0_15_R 1 -5.578e+03 1.154e+02 2.399e+01
s>                        ( - -8.021e+02 1 0)
s>                        ( - -4.660e+03 3 0 QUESTION17 1 1.043e+02 1.999e+01))))))INFO: dtree.c(1439): stop. leaf nodes are specific
INFO: dtree.c(1478): Final simple tree
|( QUESTION0_13_R 1 -2.449e+04 1.829e+02 1.039e+02
|    ( QUESTION0_14_R 1 -9.450e+03 1.383e+02 4.024e+01
|        ( - -2.919e+03 1 0)
|        ( - -6.392e+03 2 0))
|    ( QUESTION1 1 -1.486e+04 1.495e+02 6.362e+01
|        ( - -1.002e+03 1 0)
|        ( QUESTION0 -1 -1.371e+04 1.245e+02 5.862e+01
|            ( - -5.663e+03 1 0)
|            ( QUESTION0_0_R 1 -7.921e+03 1.006e+02 3.264e+01
|                ( - -6.011e+03 1 0)
|                ( - -1.810e+03 1 0)))))
s>    ( QUESTION0_13_R 1 -2.449e+04 1.829e+02 1.039e+02
s>        ( QUESTION0_14_R 1 -9.450e+03 1.383e+02 4.024e+01
s>            ( - -2.919e+03 1 0)
s>            ( - -6.392e+03 2 0))
s>        ( QUESTION1 1 -1.486e+04 1.495e+02 6.362e+01
s>            ( - -1.002e+03 1 0)
s>            ( QUESTION0 -1 -1.371e+04 1.245e+02 5.862e+01
s>                ( - -5.663e+03 1 0)
s>                ( QUESTION0_0_R 1 -7.921e+03 1.006e+02 3.264e+01
s>                    ( - -6.011e+03 1 0)
s>                    ( - -1.810e+03 1 0)))))INFO: dtree.c(1315): Comp split 14
INFO: dtree.c(1439): stop. leaf nodes are specific
INFO: dtree.c(1478): Final simple tree
|( QUESTION18 1 -3.142e+04 1.860e+02 1.403e+02
|    ( - -2.612e+02 1 0)
|    ( QUESTION0_2_R 1 -3.097e+04 1.633e+02 1.383e+02
|        ( - -3.060e+03 1 0)
|        ( QUESTION0_0_R 1 -2.775e+04 1.197e+02 1.239e+02
|            ( QUESTION9 -1 -2.593e+04 1.208e+02 1.159e+02
|                ( - -1.254e+03 1 0)
|                ( - -2.455e+04 2 0))
|            ( - -1.699e+03 1 0))))
s>    ( QUESTION18 1 -3.142e+04 1.860e+02 1.403e+02
s>        ( - -2.612e+02 1 0)
s>        ( QUESTION0_2_R 1 -3.097e+04 1.633e+02 1.383e+02
s>            ( - -3.060e+03 1 0)
s>            ( QUESTION0_0_R 1 -2.775e+04 1.197e+02 1.239e+02
s>                ( QUESTION9 -1 -2.593e+04 1.208e+02 1.159e+02
s>                    ( - -1.254e+03 1 0)
s>                    ( - -2.455e+04 2 0))
s>                ( - -1.699e+03 1 0))))INFO: dtree.c(1439): stop. leaf nodes are specific
INFO: dtree.c(1478): Final simple tree
|( QUESTION16 -1 -1.136e+04 1.457e+02 4.954e+01
|    ( QUESTION0_0_R 1 -7.367e+03 1.136e+02 3.293e+01
|        ( - -6.706e+03 1 0)
|        ( - -5.477e+02 1 0))
|    ( QUESTION0_1_R 1 -3.848e+03 1.015e+02 1.661e+01
|        ( - -1.731e+03 1 0)
|        ( - -2.016e+03 1 0)))
s>    ( QUESTION16 -1 -1.136e+04 1.457e+02 4.954e+01
s>        ( QUESTION0_0_R 1 -7.367e+03 1.136e+02 3.293e+01
s>            ( - -6.706e+03 1 0)
s>            ( - -5.477e+02 1 0))
s>        ( QUESTION0_1_R 1 -3.848e+03 1.015e+02 1.661e+01
s>            ( - -1.731e+03 1 0)
s>            ( - -2.016e+03 1 0)))INFO: dtree.c(1315): Comp split 15
INFO: dtree.c(1439): stop. leaf nodes are specific
INFO: dtree.c(1478): Final simple tree
|( QUESTION1 1 -2.070e+04 1.353e+02 8.832e+01
|    ( - -1.291e+03 1 0)
|    ( QUESTION0_0_R 1 -1.927e+04 1.184e+02 8.232e+01
|        ( - -9.166e+03 1 0)
|        ( - -9.988e+03 2 0)))
s>    ( QUESTION1 1 -2.070e+04 1.353e+02 8.832e+01
s>        ( - -1.291e+03 1 0)
s>        ( QUESTION0_0_R 1 -1.927e+04 1.184e+02 8.232e+01
s>            ( - -9.166e+03 1 0)
s>            ( - -9.988e+03 2 0)))INFO: dtree.c(1439): stop. leaf nodes are specific
INFO: dtree.c(1478): Final simple tree
|( QUESTION0_13_R 1 -2.355e+04 1.127e+02 1.039e+02
|    ( - -4.195e+03 2 0)
|    ( - -1.924e+04 2 0))
s>    ( QUESTION0_13_R 1 -2.355e+04 1.127e+02 1.039e+02
s>        ( - -4.195e+03 2 0)
s>        ( - -1.924e+04 2 0))INFO: dtree.c(1315): Comp split 16
INFO: dtree.c(1439): stop. leaf nodes are specific
INFO: dtree.c(1478): Final simple tree
|( QUESTION0_3_R 1 -1.351e+04 1.289e+02 6.027e+01
|    ( - -3.863e+03 1 0)
|    ( - -9.518e+03 1 0))
s>    ( QUESTION0_3_R 1 -1.351e+04 1.289e+02 6.027e+01
s>        ( - -3.863e+03 1 0)
s>        ( - -9.518e+03 1 0))INFO: dtree.c(1439): stop. leaf nodes are specific
INFO: dtree.c(1478): Final simple tree
|( WDBNDRY_E 0 -1.845e+04 1.765e+02 8.163e+01
|    ( QUESTION0_3_R 1 -1.784e+04 1.265e+02 7.863e+01
|        ( QUESTION0_4_R 1 -1.689e+04 1.036e+02 7.463e+01
|            ( - -1.601e+04 1 0)
|            ( - -7.814e+02 1 0))
|        ( - -8.220e+02 1 0))
|    ( - -4.322e+02 1 0))
s>    ( WDBNDRY_E 0 -1.845e+04 1.765e+02 8.163e+01
s>        ( QUESTION0_3_R 1 -1.784e+04 1.265e+02 7.863e+01
s>            ( QUESTION0_4_R 1 -1.689e+04 1.036e+02 7.463e+01
s>                ( - -1.601e+04 1 0)
s>                ( - -7.814e+02 1 0))
s>            ( - -8.220e+02 1 0))
s>        ( - -4.322e+02 1 0))INFO: dtree.c(1315): Comp split 17
INFO: dtree.c(1439): stop. leaf nodes are specific
INFO: dtree.c(1478): Final simple tree
|( SILENCE -1 -4.118e+04 1.163e+02 1.702e+02
|    ( - -1.559e+04 1 0)
|    ( QUESTION0 -1 -2.548e+04 1.055e+02 1.056e+02
|        ( QUESTION2_20_L -1 -1.012e+04 1.705e+02 4.164e+01
|            ( - -3.246e+02 1 0)
|            ( QUESTION6 -1 -9.623e+03 9.745e+01 3.964e+01
|                ( - -8.567e+03 1 0)
|                ( - -9.585e+02 1 0)))
|        ( QUESTION2_0_L -1 -1.526e+04 7.905e+01 6.396e+01
|            ( - -1.085e+04 1 0)
|            ( - -4.330e+03 3 0))))
s>    ( SILENCE -1 -4.118e+04 1.163e+02 1.702e+02
s>        ( - -1.559e+04 1 0)
s>        ( QUESTION0 -1 -2.548e+04 1.055e+02 1.056e+02
s>            ( QUESTION2_20_L -1 -1.012e+04 1.705e+02 4.164e+01
s>                ( - -3.246e+02 1 0)
s>                ( QUESTION6 -1 -9.623e+03 9.745e+01 3.964e+01
s>                    ( - -8.567e+03 1 0)
s>                    ( - -9.585e+02 1 0)))
s>            ( QUESTION2_0_L -1 -1.526e+04 7.905e+01 6.396e+01
s>                ( - -1.085e+04 1 0)
s>                ( - -4.330e+03 3 0))))INFO: dtree.c(1439): stop. leaf nodes are specific
INFO: dtree.c(1478): Final simple tree
|( QUESTION1 -1 -1.906e+04 1.526e+02 7.733e+01
|    ( - -4.140e+03 1 0)
|    ( QUESTION0 -1 -1.477e+04 9.646e+01 6.030e+01
|        ( - -2.465e+03 1 0)
|        ( QUESTION2_7_L -1 -1.221e+04 9.171e+01 5.023e+01
|            ( - -3.693e+03 1 0)
|            ( - -8.425e+03 2 0))))
s>    ( QUESTION1 -1 -1.906e+04 1.526e+02 7.733e+01
s>        ( - -4.140e+03 1 0)
s>        ( QUESTION0 -1 -1.477e+04 9.646e+01 6.030e+01
s>            ( - -2.465e+03 1 0)
s>            ( QUESTION2_7_L -1 -1.221e+04 9.171e+01 5.023e+01
s>                ( - -3.693e+03 1 0)
s>                ( - -8.425e+03 2 0))))INFO: dtree.c(1315): Comp split 18
INFO: dtree.c(1439): stop. leaf nodes are specific
INFO: dtree.c(1478): Final simple tree
|( QUESTION0 -1 -1.371e+04 1.245e+02 5.862e+01
|    ( - -5.663e+03 1 0)
|    ( QUESTION0_0_R 1 -7.921e+03 1.006e+02 3.264e+01
|        ( - -6.011e+03 1 0)
|        ( - -1.810e+03 1 0)))
s>    ( QUESTION0 -1 -1.371e+04 1.245e+02 5.862e+01
s>        ( - -5.663e+03 1 0)
s>        ( QUESTION0_0_R 1 -7.921e+03 1.006e+02 3.264e+01
s>            ( - -6.011e+03 1 0)
s>            ( - -1.810e+03 1 0)))INFO: dtree.c(1439): stop. leaf nodes are specific
INFO: dtree.c(1478): Final simple tree
|( QUESTION0_14_R 1 -1.058e+04 1.414e+02 4.524e+01
|    ( - -2.919e+03 1 0)
|    ( QUESTION0_13_R 1 -7.517e+03 1.241e+02 3.225e+01
|        ( - -6.392e+03 2 0)
|        ( - -1.002e+03 1 0)))
s>    ( QUESTION0_14_R 1 -1.058e+04 1.414e+02 4.524e+01
s>        ( - -2.919e+03 1 0)
s>        ( QUESTION0_13_R 1 -7.517e+03 1.241e+02 3.225e+01
s>            ( - -6.392e+03 2 0)
s>            ( - -1.002e+03 1 0)))INFO: dtree.c(1315): Comp split 19
INFO: dtree.c(1478): Final simple tree
|( QUESTION0_20_R 1 -2.443e+04 1.865e+02 1.017e+02
|    ( - -1.313e+04 3 0)
|    ( QUESTION0 -1 -1.111e+04 1.487e+02 4.697e+01
|        ( QUESTION0_0_R 1 -4.395e+03 1.116e+02 1.898e+01
|            ( - -3.515e+03 2 0 QUESTION17 1 9.361e+01 1.498e+01)
|            ( - -7.679e+02 1 0))
|        ( QUESTION4 1 -6.565e+03 1.168e+02 2.799e+01
|            ( - -8.701e+02 1 0)
|            ( QUESTION0_15_R 1 -5.578e+03 1.154e+02 2.399e+01
|                ( - -8.021e+02 1 0)
|                ( QUESTION17 1 -4.660e+03 1.043e+02 1.999e+01
|                    ( QUESTION0_0_R 1 -3.169e+03 1.502e+02 1.399e+01
|                        ( - -5.558e+02 1 0)
|                        ( - -2.463e+03 1 0))
|                    ( - -1.387e+03 1 0))))))
s>    ( QUESTION0_20_R 1 -2.443e+04 1.865e+02 1.017e+02
s>        ( - -1.313e+04 3 0)
s>        ( QUESTION0 -1 -1.111e+04 1.487e+02 4.697e+01
s>            ( QUESTION0_0_R 1 -4.395e+03 1.116e+02 1.898e+01
s>                ( - -3.515e+03 2 0 QUESTION17 1 9.361e+01 1.498e+01)
s>                ( - -7.679e+02 1 0))
s>            ( QUESTION4 1 -6.565e+03 1.168e+02 2.799e+01
s>                ( - -8.701e+02 1 0)
s>                ( QUESTION0_15_R 1 -5.578e+03 1.154e+02 2.399e+01
s>                    ( - -8.021e+02 1 0)
s>                    ( QUESTION17 1 -4.660e+03 1.043e+02 1.999e+01
s>                        ( QUESTION0_0_R 1 -3.169e+03 1.502e+02 1.399e+01
s>                            ( - -5.558e+02 1 0)
s>                            ( - -2.463e+03 1 0))
s>                        ( - -1.387e+03 1 0))))))INFO: dtree.c(1439): stop. leaf nodes are specific
INFO: dtree.c(1478): Final simple tree
|( WDBNDRY_E 0 -5.635e+03 1.783e+02 2.497e+01
|    ( - -4.916e+03 1 0)
|    ( - -5.404e+02 1 0))
s>    ( WDBNDRY_E 0 -5.635e+03 1.783e+02 2.497e+01
s>        ( - -4.916e+03 1 0)
s>        ( - -5.404e+02 1 0))INFO: dtree.c(1315): Comp split 20
INFO: dtree.c(1439): stop. leaf nodes are specific
INFO: dtree.c(1478): Final simple tree
|( QUESTION0 -1 -6.071e+03 1.358e+02 2.598e+01
|    ( QUESTION0_0_R 1 -4.395e+03 1.116e+02 1.898e+01
|        ( QUESTION17 1 -3.515e+03 9.361e+01 1.498e+01
|            ( - -1.397e+03 1 0)
|            ( - -2.025e+03 1 0))
|        ( - -7.679e+02 1 0))
|    ( QUESTION0_0_R 1 -1.540e+03 1.145e+02 7.000e+00
|        ( - -5.558e+02 1 0)
|        ( - -8.701e+02 1 0)))
s>    ( QUESTION0 -1 -6.071e+03 1.358e+02 2.598e+01
s>        ( QUESTION0_0_R 1 -4.395e+03 1.116e+02 1.898e+01
s>            ( QUESTION17 1 -3.515e+03 9.361e+01 1.498e+01
s>                ( - -1.397e+03 1 0)
s>                ( - -2.025e+03 1 0))
s>            ( - -7.679e+02 1 0))
s>        ( QUESTION0_0_R 1 -1.540e+03 1.145e+02 7.000e+00
s>            ( - -5.558e+02 1 0)
s>            ( - -8.701e+02 1 0)))INFO: dtree.c(1439): stop. leaf nodes are specific
INFO: dtree.c(1478): Final simple tree
|( QUESTION0_20_R 1 -1.814e+04 1.520e+02 7.576e+01
|    ( - -1.313e+04 3 0)
|    ( QUESTION0_15_R 1 -4.862e+03 1.175e+02 2.099e+01
|        ( - -8.021e+02 1 0)
|        ( QUESTION0_0_R 1 -3.942e+03 9.208e+01 1.699e+01
|            ( - -1.387e+03 1 0)
|            ( - -2.463e+03 1 0))))
s>    ( QUESTION0_20_R 1 -1.814e+04 1.520e+02 7.576e+01
s>        ( - -1.313e+04 3 0)
s>        ( QUESTION0_15_R 1 -4.862e+03 1.175e+02 2.099e+01
s>            ( - -8.021e+02 1 0)
s>            ( QUESTION0_0_R 1 -3.942e+03 9.208e+01 1.699e+01
s>                ( - -1.387e+03 1 0)
s>                ( - -2.463e+03 1 0))))INFO: dtree.c(1315): Comp split 21
INFO: dtree.c(1439): stop. leaf nodes are specific
INFO: dtree.c(1478): Final simple tree
|( QUESTION8 -1 -5.853e+04 1.396e+02 2.529e+02
|    ( - -3.410e+02 1 0)
|    ( QUESTION0 -1 -5.805e+04 1.229e+02 2.509e+02
|        ( - -3.310e+04 1 0)
|        ( - -2.483e+04 2 0)))
s>    ( QUESTION8 -1 -5.853e+04 1.396e+02 2.529e+02
s>        ( - -3.410e+02 1 0)
s>        ( QUESTION0 -1 -5.805e+04 1.229e+02 2.509e+02
s>            ( - -3.310e+04 1 0)
s>            ( - -2.483e+04 2 0)))INFO: dtree.c(1478): Final simple tree
|( SILENCE -1 -7.301e+04 1.497e+02 3.094e+02
|    ( - -1.300e+04 1 0)
|    ( QUESTION2_3_L -1 -5.986e+04 1.352e+02 2.545e+02
|        ( QUESTION0 -1 -1.893e+03 1.457e+02 8.000e+00
|            ( - -1.424e+03 1 0)
|            ( - -3.229e+02 1 0))
|        ( QUESTION18 -1 -5.783e+04 1.237e+02 2.465e+02
|            ( - -3.115e+02 1 0)
|            ( QUESTION10 -1 -5.739e+04 1.188e+02 2.445e+02
|                ( - -9.421e+03 1 0)
|                ( QUESTION8 -1 -4.785e+04 1.199e+02 2.042e+02
|                    ( - -9.607e+03 2 0 QUESTION9 -1 9.086e+01 4.169e+01)
|                    ( QUESTION2_8_L -1 -3.813e+04 1.307e+02 1.625e+02
|                        ( - -5.716e+02 1 0)
|                        ( - -3.742e+04 4 0 QUESTION0 -1 9.937e+01 1.595e+02)))))))
s>    ( SILENCE -1 -7.301e+04 1.497e+02 3.094e+02
s>        ( - -1.300e+04 1 0)
s>        ( QUESTION2_3_L -1 -5.986e+04 1.352e+02 2.545e+02
s>            ( QUESTION0 -1 -1.893e+03 1.457e+02 8.000e+00
s>                ( - -1.424e+03 1 0)
s>                ( - -3.229e+02 1 0))
s>            ( QUESTION18 -1 -5.783e+04 1.237e+02 2.465e+02
s>                ( - -3.115e+02 1 0)
s>                ( QUESTION10 -1 -5.739e+04 1.188e+02 2.445e+02
s>                    ( - -9.421e+03 1 0)
s>                    ( QUESTION8 -1 -4.785e+04 1.199e+02 2.042e+02
s>                        ( - -9.607e+03 2 0 QUESTION9 -1 9.086e+01 4.169e+01)
s>                        ( QUESTION2_8_L -1 -3.813e+04 1.307e+02 1.625e+02
s>                            ( - -5.716e+02 1 0)
s>                            ( - -3.742e+04 4 0 QUESTION0 -1 9.937e+01 1.595e+02)))))))INFO: dtree.c(1315): Comp split 22
INFO: dtree.c(1439): stop. leaf nodes are specific
INFO: dtree.c(1478): Final simple tree
|( QUESTION0_2_R 1 -3.097e+04 1.633e+02 1.383e+02
|    ( - -3.060e+03 1 0)
|    ( QUESTION0_0_R 1 -2.775e+04 1.197e+02 1.239e+02
|        ( QUESTION9 -1 -2.593e+04 1.208e+02 1.159e+02
|            ( - -1.254e+03 1 0)
|            ( - -2.455e+04 2 0))
|        ( - -1.699e+03 1 0)))
s>    ( QUESTION0_2_R 1 -3.097e+04 1.633e+02 1.383e+02
s>        ( - -3.060e+03 1 0)
s>        ( QUESTION0_0_R 1 -2.775e+04 1.197e+02 1.239e+02
s>            ( QUESTION9 -1 -2.593e+04 1.208e+02 1.159e+02
s>                ( - -1.254e+03 1 0)
s>                ( - -2.455e+04 2 0))
s>            ( - -1.699e+03 1 0)))INFO: dtree.c(1315): Comp split 23
INFO: dtree.c(1439): stop. leaf nodes are specific
INFO: dtree.c(1478): Final simple tree
|( QUESTION0 -1 -1.229e+04 1.606e+02 5.525e+01
|    ( QUESTION4 -1 -1.156e+04 1.465e+02 5.225e+01
|        ( - -7.605e+02 1 0)
|        ( WDBNDRY_E 0 -1.066e+04 1.309e+02 4.825e+01
|            ( - -6.951e+03 1 0)
|            ( QUESTION1 -1 -3.576e+03 9.412e+01 1.700e+01
|                ( - -2.268e+03 1 0)
|                ( - -1.214e+03 1 0))))
|    ( - -5.665e+02 1 0))
s>    ( QUESTION0 -1 -1.229e+04 1.606e+02 5.525e+01
s>        ( QUESTION4 -1 -1.156e+04 1.465e+02 5.225e+01
s>            ( - -7.605e+02 1 0)
s>            ( WDBNDRY_E 0 -1.066e+04 1.309e+02 4.825e+01
s>                ( - -6.951e+03 1 0)
s>                ( QUESTION1 -1 -3.576e+03 9.412e+01 1.700e+01
s>                    ( - -2.268e+03 1 0)
s>                    ( - -1.214e+03 1 0))))
s>        ( - -5.665e+02 1 0))INFO: dtree.c(1315): Comp split 24
INFO: dtree.c(1478): Final simple tree
|( QUESTION2 -1 -1.029e+05 1.625e+02 4.380e+02
|    ( - -1.973e+04 1 0)
|    ( QUESTION0_0_R 1 -8.300e+04 1.512e+02 3.521e+02
|        ( QUESTION0 -1 -8.245e+04 1.412e+02 3.501e+02
|            ( QUESTION15 -1 -2.506e+04 1.288e+02 1.076e+02
|                ( - -1.083e+03 1 0)
|                ( QUESTION1 -1 -2.385e+04 1.252e+02 1.026e+02
|                    ( - -6.248e+03 1 0)
|                    ( - -1.748e+04 3 0 QUESTION13 -1 9.049e+01 7.532e+01)))
|            ( SILENCE -1 -5.724e+04 1.181e+02 2.425e+02
|                ( - -9.073e+03 1 0)
|                ( QUESTION2_15_L -1 -4.805e+04 9.672e+01 2.036e+02
|                    ( - -1.337e+04 3 0)
|                    ( - -3.459e+04 3 0 QUESTION2_7_L -1 7.190e+01 1.475e+02))))
|        ( - -3.984e+02 1 0)))
s>    ( QUESTION2 -1 -1.029e+05 1.625e+02 4.380e+02
s>        ( - -1.973e+04 1 0)
s>        ( QUESTION0_0_R 1 -8.300e+04 1.512e+02 3.521e+02
s>            ( QUESTION0 -1 -8.245e+04 1.412e+02 3.501e+02
s>                ( QUESTION15 -1 -2.506e+04 1.288e+02 1.076e+02
s>                    ( - -1.083e+03 1 0)
s>                    ( QUESTION1 -1 -2.385e+04 1.252e+02 1.026e+02
s>                        ( - -6.248e+03 1 0)
s>                        ( - -1.748e+04 3 0 QUESTION13 -1 9.049e+01 7.532e+01)))
s>                ( SILENCE -1 -5.724e+04 1.181e+02 2.425e+02
s>                    ( - -9.073e+03 1 0)
s>                    ( QUESTION2_15_L -1 -4.805e+04 9.672e+01 2.036e+02
s>                        ( - -1.337e+04 3 0)
s>                        ( - -3.459e+04 3 0 QUESTION2_7_L -1 7.190e+01 1.475e+02))))
s>            ( - -3.984e+02 1 0)))INFO: dtree.c(1315): Comp split 25
INFO: dtree.c(1315): Comp split 26
INFO: dtree.c(1439): stop. leaf nodes are specific
INFO: dtree.c(1478): Final simple tree
|( QUESTION0_3_R 1 -1.784e+04 1.265e+02 7.863e+01
|    ( QUESTION0_4_R 1 -1.689e+04 1.036e+02 7.463e+01
|        ( - -1.601e+04 1 0)
|        ( - -7.814e+02 1 0))
|    ( - -8.220e+02 1 0))
s>    ( QUESTION0_3_R 1 -1.784e+04 1.265e+02 7.863e+01
s>        ( QUESTION0_4_R 1 -1.689e+04 1.036e+02 7.463e+01
s>            ( - -1.601e+04 1 0)
s>            ( - -7.814e+02 1 0))
s>        ( - -8.220e+02 1 0))INFO: dtree.c(1315): Comp split 27
INFO: dtree.c(1439): stop. leaf nodes are specific
INFO: dtree.c(1478): Final simple tree
|( SILENCE -1 -4.069e+04 1.172e+02 1.682e+02
|    ( - -1.559e+04 1 0)
|    ( QUESTION6 -1 -2.498e+04 1.031e+02 1.036e+02
|        ( - -8.567e+03 1 0)
|        ( QUESTION0 -1 -1.631e+04 9.588e+01 6.796e+01
|            ( - -9.585e+02 1 0)
|            ( QUESTION2_0_L -1 -1.526e+04 7.905e+01 6.396e+01
|                ( - -1.085e+04 1 0)
|                ( - -4.330e+03 3 0)))))
s>    ( SILENCE -1 -4.069e+04 1.172e+02 1.682e+02
s>        ( - -1.559e+04 1 0)
s>        ( QUESTION6 -1 -2.498e+04 1.031e+02 1.036e+02
s>            ( - -8.567e+03 1 0)
s>            ( QUESTION0 -1 -1.631e+04 9.588e+01 6.796e+01
s>                ( - -9.585e+02 1 0)
s>                ( QUESTION2_0_L -1 -1.526e+04 7.905e+01 6.396e+01
s>                    ( - -1.085e+04 1 0)
s>                    ( - -4.330e+03 3 0)))))INFO: dtree.c(1315): Comp split 28
INFO: dtree.c(1439): stop. leaf nodes are specific
INFO: dtree.c(1478): Final simple tree
|( QUESTION2_8_L -1 -4.766e+04 1.316e+02 2.028e+02
|    ( - -5.716e+02 1 0)
|    ( QUESTION8 -1 -4.696e+04 1.141e+02 1.998e+02
|        ( - -9.421e+03 1 0)
|        ( QUESTION0 -1 -3.742e+04 9.937e+01 1.595e+02
|            ( - -6.543e+03 1 0)
|            ( QUESTION2_7_L -1 -3.078e+04 9.704e+01 1.309e+02
|                ( - -5.807e+03 1 0)
|                ( - -2.488e+04 2 0)))))
s>    ( QUESTION2_8_L -1 -4.766e+04 1.316e+02 2.028e+02
s>        ( - -5.716e+02 1 0)
s>        ( QUESTION8 -1 -4.696e+04 1.141e+02 1.998e+02
s>            ( - -9.421e+03 1 0)
s>            ( QUESTION0 -1 -3.742e+04 9.937e+01 1.595e+02
s>                ( - -6.543e+03 1 0)
s>                ( QUESTION2_7_L -1 -3.078e+04 9.704e+01 1.309e+02
s>                    ( - -5.807e+03 1 0)
s>                    ( - -2.488e+04 2 0)))))INFO: dtree.c(1439): stop. leaf nodes are specific
INFO: dtree.c(1478): Final simple tree
|( QUESTION20 -1 -2.518e+04 1.511e+02 1.066e+02
|    ( - -3.229e+02 1 0)
|    ( SILENCE -1 -2.470e+04 1.453e+02 1.046e+02
|        ( - -1.300e+04 1 0)
|        ( QUESTION18 -1 -1.156e+04 1.152e+02 4.969e+01
|            ( - -3.115e+02 1 0)
|            ( QUESTION16 -1 -1.113e+04 1.068e+02 4.769e+01
|                ( - -4.820e+03 1 0)
|                ( QUESTION1 -1 -6.204e+03 8.322e+01 2.646e+01
|                    ( - -1.424e+03 1 0)
|                    ( - -4.696e+03 1 0))))))
s>    ( QUESTION20 -1 -2.518e+04 1.511e+02 1.066e+02
s>        ( - -3.229e+02 1 0)
s>        ( SILENCE -1 -2.470e+04 1.453e+02 1.046e+02
s>            ( - -1.300e+04 1 0)
s>            ( QUESTION18 -1 -1.156e+04 1.152e+02 4.969e+01
s>                ( - -3.115e+02 1 0)
s>                ( QUESTION16 -1 -1.113e+04 1.068e+02 4.769e+01
s>                    ( - -4.820e+03 1 0)
s>                    ( QUESTION1 -1 -6.204e+03 8.322e+01 2.646e+01
s>                        ( - -1.424e+03 1 0)
s>                        ( - -4.696e+03 1 0))))))INFO: dtree.c(1315): Comp split 29
INFO: dtree.c(1439): stop. leaf nodes are specific
INFO: dtree.c(1478): Final simple tree
|( QUESTION0_3_R 1 -7.553e+03 1.536e+02 3.304e+01
|    ( - -3.260e+02 1 0)
|    ( QUESTION0 -1 -7.073e+03 1.495e+02 3.104e+01
|        ( QUESTION9 -1 -6.053e+03 1.011e+02 2.704e+01
|            ( - -4.277e+03 1 0)
|            ( QUESTION9 1 -1.675e+03 1.082e+02 8.000e+00
|                ( - -8.008e+02 1 0)
|                ( - -7.657e+02 1 0)))
|        ( - -8.713e+02 1 0)))
s>    ( QUESTION0_3_R 1 -7.553e+03 1.536e+02 3.304e+01
s>        ( - -3.260e+02 1 0)
s>        ( QUESTION0 -1 -7.073e+03 1.495e+02 3.104e+01
s>            ( QUESTION9 -1 -6.053e+03 1.011e+02 2.704e+01
s>                ( - -4.277e+03 1 0)
s>                ( QUESTION9 1 -1.675e+03 1.082e+02 8.000e+00
s>                    ( - -8.008e+02 1 0)
s>                    ( - -7.657e+02 1 0)))
s>            ( - -8.713e+02 1 0)))INFO: dtree.c(1315): Comp split 30
INFO: dtree.c(1439): stop. leaf nodes are specific
INFO: dtree.c(1478): Final simple tree
|( QUESTION0_0_R 1 -2.775e+04 1.197e+02 1.239e+02
|    ( QUESTION9 -1 -2.593e+04 1.208e+02 1.159e+02
|        ( - -1.254e+03 1 0)
|        ( - -2.455e+04 2 0))
|    ( - -1.699e+03 1 0))
s>    ( QUESTION0_0_R 1 -2.775e+04 1.197e+02 1.239e+02
s>        ( QUESTION9 -1 -2.593e+04 1.208e+02 1.159e+02
s>            ( - -1.254e+03 1 0)
s>            ( - -2.455e+04 2 0))
s>        ( - -1.699e+03 1 0))INFO: dtree.c(1315): Comp split 31
INFO: dtree.c(1478): Final simple tree
|( QUESTION0_0_R 1 -8.300e+04 1.512e+02 3.521e+02
|    ( QUESTION0 -1 -8.245e+04 1.412e+02 3.501e+02
|        ( QUESTION15 -1 -2.506e+04 1.288e+02 1.076e+02
|            ( - -1.083e+03 1 0)
|            ( QUESTION1 -1 -2.385e+04 1.252e+02 1.026e+02
|                ( - -6.248e+03 1 0)
|                ( QUESTION13 -1 -1.748e+04 9.049e+01 7.532e+01
|                    ( - -5.418e+03 1 0)
|                    ( - -1.197e+04 2 0 QUESTION9 -1 7.913e+01 5.137e+01))))
|        ( SILENCE -1 -5.724e+04 1.181e+02 2.425e+02
|            ( - -9.073e+03 1 0)
|            ( QUESTION2_15_L -1 -4.805e+04 9.672e+01 2.036e+02
|                ( - -1.337e+04 3 0)
|                ( - -3.459e+04 3 0 QUESTION2_7_L -1 7.190e+01 1.475e+02))))
|    ( - -3.984e+02 1 0))
s>    ( QUESTION0_0_R 1 -8.300e+04 1.512e+02 3.521e+02
s>        ( QUESTION0 -1 -8.245e+04 1.412e+02 3.501e+02
s>            ( QUESTION15 -1 -2.506e+04 1.288e+02 1.076e+02
s>                ( - -1.083e+03 1 0)
s>                ( QUESTION1 -1 -2.385e+04 1.252e+02 1.026e+02
s>                    ( - -6.248e+03 1 0)
s>                    ( QUESTION13 -1 -1.748e+04 9.049e+01 7.532e+01
s>                        ( - -5.418e+03 1 0)
s>                        ( - -1.197e+04 2 0 QUESTION9 -1 7.913e+01 5.137e+01))))
s>            ( SILENCE -1 -5.724e+04 1.181e+02 2.425e+02
s>                ( - -9.073e+03 1 0)
s>                ( QUESTION2_15_L -1 -4.805e+04 9.672e+01 2.036e+02
s>                    ( - -1.337e+04 3 0)
s>                    ( - -3.459e+04 3 0 QUESTION2_7_L -1 7.190e+01 1.475e+02))))
s>        ( - -3.984e+02 1 0))INFO: dtree.c(1315): Comp split 32
INFO: dtree.c(1439): stop. leaf nodes are specific
INFO: dtree.c(1478): Final simple tree
|( QUESTION4 -1 -1.156e+04 1.465e+02 5.225e+01
|    ( - -7.605e+02 1 0)
|    ( WDBNDRY_E 0 -1.066e+04 1.309e+02 4.825e+01
|        ( - -6.951e+03 1 0)
|        ( QUESTION1 -1 -3.576e+03 9.412e+01 1.700e+01
|            ( - -2.268e+03 1 0)
|            ( - -1.214e+03 1 0))))
s>    ( QUESTION4 -1 -1.156e+04 1.465e+02 5.225e+01
s>        ( - -7.605e+02 1 0)
s>        ( WDBNDRY_E 0 -1.066e+04 1.309e+02 4.825e+01
s>            ( - -6.951e+03 1 0)
s>            ( QUESTION1 -1 -3.576e+03 9.412e+01 1.700e+01
s>                ( - -2.268e+03 1 0)
s>                ( - -1.214e+03 1 0))))INFO: dtree.c(1315): Comp split 33
INFO: dtree.c(1439): stop. leaf nodes are specific
INFO: dtree.c(1478): Final simple tree
|( QUESTION0 -1 -7.073e+03 1.495e+02 3.104e+01
|    ( QUESTION9 -1 -6.053e+03 1.011e+02 2.704e+01
|        ( - -4.277e+03 1 0)
|        ( QUESTION9 1 -1.675e+03 1.082e+02 8.000e+00
|            ( - -8.008e+02 1 0)
|            ( - -7.657e+02 1 0)))
|    ( - -8.713e+02 1 0))
s>    ( QUESTION0 -1 -7.073e+03 1.495e+02 3.104e+01
s>        ( QUESTION9 -1 -6.053e+03 1.011e+02 2.704e+01
s>            ( - -4.277e+03 1 0)
s>            ( QUESTION9 1 -1.675e+03 1.082e+02 8.000e+00
s>                ( - -8.008e+02 1 0)
s>                ( - -7.657e+02 1 0)))
s>        ( - -8.713e+02 1 0))INFO: dtree.c(1315): Comp split 34
INFO: dtree.c(1439): stop. leaf nodes are specific
INFO: dtree.c(1478): Final simple tree
|( QUESTION0 -1 -1.477e+04 9.646e+01 6.030e+01
|    ( - -2.465e+03 1 0)
|    ( QUESTION2_7_L -1 -1.221e+04 9.171e+01 5.023e+01
|        ( - -3.693e+03 1 0)
|        ( - -8.425e+03 2 0)))
s>    ( QUESTION0 -1 -1.477e+04 9.646e+01 6.030e+01
s>        ( - -2.465e+03 1 0)
s>        ( QUESTION2_7_L -1 -1.221e+04 9.171e+01 5.023e+01
s>            ( - -3.693e+03 1 0)
s>            ( - -8.425e+03 2 0)))INFO: dtree.c(1315): Comp split 35
INFO: dtree.c(1439): stop. leaf nodes are specific
INFO: dtree.c(1478): Final simple tree
|( QUESTION0_15_R 1 -4.862e+03 1.175e+02 2.099e+01
|    ( - -8.021e+02 1 0)
|    ( QUESTION0_0_R 1 -3.942e+03 9.208e+01 1.699e+01
|        ( - -1.387e+03 1 0)
|        ( - -2.463e+03 1 0)))
s>    ( QUESTION0_15_R 1 -4.862e+03 1.175e+02 2.099e+01
s>        ( - -8.021e+02 1 0)
s>        ( QUESTION0_0_R 1 -3.942e+03 9.208e+01 1.699e+01
s>            ( - -1.387e+03 1 0)
s>            ( - -2.463e+03 1 0)))INFO: dtree.c(1315): Comp split 36
INFO: dtree.c(1478): Final simple tree
|( QUESTION0 -1 -8.245e+04 1.412e+02 3.501e+02
|    ( QUESTION15 -1 -2.506e+04 1.288e+02 1.076e+02
|        ( - -1.083e+03 1 0)
|        ( QUESTION1 -1 -2.385e+04 1.252e+02 1.026e+02
|            ( - -6.248e+03 1 0)
|            ( QUESTION13 -1 -1.748e+04 9.049e+01 7.532e+01
|                ( - -5.418e+03 1 0)
|                ( QUESTION9 -1 -1.197e+04 7.913e+01 5.137e+01
|                    ( - -8.268e+03 1 0)
|                    ( - -3.623e+03 1 0)))))
|    ( SILENCE -1 -5.724e+04 1.181e+02 2.425e+02
|        ( - -9.073e+03 1 0)
|        ( QUESTION2_15_L -1 -4.805e+04 9.672e+01 2.036e+02
|            ( - -1.337e+04 3 0)
|            ( - -3.459e+04 3 0 QUESTION2_7_L -1 7.190e+01 1.475e+02))))
s>    ( QUESTION0 -1 -8.245e+04 1.412e+02 3.501e+02
s>        ( QUESTION15 -1 -2.506e+04 1.288e+02 1.076e+02
s>            ( - -1.083e+03 1 0)
s>            ( QUESTION1 -1 -2.385e+04 1.252e+02 1.026e+02
s>                ( - -6.248e+03 1 0)
s>                ( QUESTION13 -1 -1.748e+04 9.049e+01 7.532e+01
s>                    ( - -5.418e+03 1 0)
s>                    ( QUESTION9 -1 -1.197e+04 7.913e+01 5.137e+01
s>                        ( - -8.268e+03 1 0)
s>                        ( - -3.623e+03 1 0)))))
s>        ( SILENCE -1 -5.724e+04 1.181e+02 2.425e+02
s>            ( - -9.073e+03 1 0)
s>            ( QUESTION2_15_L -1 -4.805e+04 9.672e+01 2.036e+02
s>                ( - -1.337e+04 3 0)
s>                ( - -3.459e+04 3 0 QUESTION2_7_L -1 7.190e+01 1.475e+02))))INFO: dtree.c(1315): Comp split 37
INFO: dtree.c(1439): stop. leaf nodes are specific
INFO: dtree.c(1478): Final simple tree
|( SILENCE -1 -2.470e+04 1.453e+02 1.046e+02
|    ( - -1.300e+04 1 0)
|    ( QUESTION18 -1 -1.156e+04 1.152e+02 4.969e+01
|        ( - -3.115e+02 1 0)
|        ( QUESTION16 -1 -1.113e+04 1.068e+02 4.769e+01
|            ( - -4.820e+03 1 0)
|            ( QUESTION1 -1 -6.204e+03 8.322e+01 2.646e+01
|                ( - -1.424e+03 1 0)
|                ( - -4.696e+03 1 0)))))
s>    ( SILENCE -1 -2.470e+04 1.453e+02 1.046e+02
s>        ( - -1.300e+04 1 0)
s>        ( QUESTION18 -1 -1.156e+04 1.152e+02 4.969e+01
s>            ( - -3.115e+02 1 0)
s>            ( QUESTION16 -1 -1.113e+04 1.068e+02 4.769e+01
s>                ( - -4.820e+03 1 0)
s>                ( QUESTION1 -1 -6.204e+03 8.322e+01 2.646e+01
s>                    ( - -1.424e+03 1 0)
s>                    ( - -4.696e+03 1 0)))))INFO: dtree.c(1315): Comp split 38
INFO: dtree.c(1439): stop. leaf nodes are specific
INFO: dtree.c(1478): Final simple tree
|( QUESTION9 -1 -6.053e+03 1.011e+02 2.704e+01
|    ( - -4.277e+03 1 0)
|    ( QUESTION9 1 -1.675e+03 1.082e+02 8.000e+00
|        ( - -8.008e+02 1 0)
|        ( - -7.657e+02 1 0)))
s>    ( QUESTION9 -1 -6.053e+03 1.011e+02 2.704e+01
s>        ( - -4.277e+03 1 0)
s>        ( QUESTION9 1 -1.675e+03 1.082e+02 8.000e+00
s>            ( - -8.008e+02 1 0)
s>            ( - -7.657e+02 1 0)))INFO: dtree.c(1315): Comp split 39
INFO: dtree.c(1439): stop. leaf nodes are specific
INFO: dtree.c(1478): Final simple tree
|( WDBNDRY_E 0 -1.066e+04 1.309e+02 4.825e+01
|    ( - -6.951e+03 1 0)
|    ( QUESTION1 -1 -3.576e+03 9.412e+01 1.700e+01
|        ( - -2.268e+03 1 0)
|        ( - -1.214e+03 1 0)))
s>    ( WDBNDRY_E 0 -1.066e+04 1.309e+02 4.825e+01
s>        ( - -6.951e+03 1 0)
s>        ( QUESTION1 -1 -3.576e+03 9.412e+01 1.700e+01
s>            ( - -2.268e+03 1 0)
s>            ( - -1.214e+03 1 0)))INFO: dtree.c(1315): Comp split 40
INFO: dtree.c(1439): stop. leaf nodes are specific
INFO: dtree.c(1478): Final simple tree
|( QUESTION0_1_R 1 -3.848e+03 1.015e+02 1.661e+01
|    ( - -1.731e+03 1 0)
|    ( - -2.016e+03 1 0))
s>    ( QUESTION0_1_R 1 -3.848e+03 1.015e+02 1.661e+01
s>        ( - -1.731e+03 1 0)
s>        ( - -2.016e+03 1 0))INFO: dtree.c(1439): stop. leaf nodes are specific
INFO: dtree.c(1478): Final simple tree
|( QUESTION0_0_R 1 -7.367e+03 1.136e+02 3.293e+01
|    ( - -6.706e+03 1 0)
|    ( - -5.477e+02 1 0))
s>    ( QUESTION0_0_R 1 -7.367e+03 1.136e+02 3.293e+01
s>        ( - -6.706e+03 1 0)
s>        ( - -5.477e+02 1 0))INFO: dtree.c(1315): Comp split 41
INFO: dtree.c(1439): stop. leaf nodes are specific
INFO: dtree.c(1478): Final simple tree
|( QUESTION18 -1 -1.156e+04 1.152e+02 4.969e+01
|    ( - -3.115e+02 1 0)
|    ( QUESTION16 -1 -1.113e+04 1.068e+02 4.769e+01
|        ( - -4.820e+03 1 0)
|        ( QUESTION1 -1 -6.204e+03 8.322e+01 2.646e+01
|            ( - -1.424e+03 1 0)
|            ( - -4.696e+03 1 0))))
s>    ( QUESTION18 -1 -1.156e+04 1.152e+02 4.969e+01
s>        ( - -3.115e+02 1 0)
s>        ( QUESTION16 -1 -1.113e+04 1.068e+02 4.769e+01
s>            ( - -4.820e+03 1 0)
s>            ( QUESTION1 -1 -6.204e+03 8.322e+01 2.646e+01
s>                ( - -1.424e+03 1 0)
s>                ( - -4.696e+03 1 0))))INFO: dtree.c(1315): Comp split 42
INFO: dtree.c(1439): stop. leaf nodes are specific
INFO: dtree.c(1478): Final simple tree
|( QUESTION0_13_R 1 -7.517e+03 1.241e+02 3.225e+01
|    ( - -6.392e+03 2 0)
|    ( - -1.002e+03 1 0))
s>    ( QUESTION0_13_R 1 -7.517e+03 1.241e+02 3.225e+01
s>        ( - -6.392e+03 2 0)
s>        ( - -1.002e+03 1 0))INFO: dtree.c(1315): Comp split 43
INFO: dtree.c(1439): stop. leaf nodes are specific
INFO: dtree.c(1478): Final simple tree
|( QUESTION15 -1 -2.506e+04 1.288e+02 1.076e+02
|    ( - -1.083e+03 1 0)
|    ( QUESTION1 -1 -2.385e+04 1.252e+02 1.026e+02
|        ( - -6.248e+03 1 0)
|        ( QUESTION13 -1 -1.748e+04 9.049e+01 7.532e+01
|            ( - -5.418e+03 1 0)
|            ( QUESTION9 -1 -1.197e+04 7.913e+01 5.137e+01
|                ( - -8.268e+03 1 0)
|                ( - -3.623e+03 1 0)))))
s>    ( QUESTION15 -1 -2.506e+04 1.288e+02 1.076e+02
s>        ( - -1.083e+03 1 0)
s>        ( QUESTION1 -1 -2.385e+04 1.252e+02 1.026e+02
s>            ( - -6.248e+03 1 0)
s>            ( QUESTION13 -1 -1.748e+04 9.049e+01 7.532e+01
s>                ( - -5.418e+03 1 0)
s>                ( QUESTION9 -1 -1.197e+04 7.913e+01 5.137e+01
s>                    ( - -8.268e+03 1 0)
s>                    ( - -3.623e+03 1 0)))))INFO: dtree.c(1439): stop. leaf nodes are specific
INFO: dtree.c(1478): Final simple tree
|( SILENCE -1 -5.724e+04 1.181e+02 2.425e+02
|    ( - -9.073e+03 1 0)
|    ( QUESTION2_15_L -1 -4.805e+04 9.672e+01 2.036e+02
|        ( - -1.337e+04 3 0)
|        ( QUESTION2_7_L -1 -3.459e+04 7.190e+01 1.475e+02
|            ( - -5.026e+03 1 0)
|            ( - -2.949e+04 2 0))))
s>    ( SILENCE -1 -5.724e+04 1.181e+02 2.425e+02
s>        ( - -9.073e+03 1 0)
s>        ( QUESTION2_15_L -1 -4.805e+04 9.672e+01 2.036e+02
s>            ( - -1.337e+04 3 0)
s>            ( QUESTION2_7_L -1 -3.459e+04 7.190e+01 1.475e+02
s>                ( - -5.026e+03 1 0)
s>                ( - -2.949e+04 2 0))))INFO: dtree.c(1315): Comp split 44
INFO: dtree.c(1439): stop. leaf nodes are specific
INFO: dtree.c(1478): Final simple tree
|( QUESTION0 -1 -1.094e+04 1.227e+02 4.793e+01
|    ( - -5.233e+03 1 0)
|    ( - -5.588e+03 1 0))
s>    ( QUESTION0 -1 -1.094e+04 1.227e+02 4.793e+01
s>        ( - -5.233e+03 1 0)
s>        ( - -5.588e+03 1 0))INFO: dtree.c(1315): Comp split 45
INFO: dtree.c(1439): stop. leaf nodes are specific
INFO: dtree.c(1478): Final simple tree
|( QUESTION0 -1 -5.805e+04 1.229e+02 2.509e+02
|    ( - -3.310e+04 1 0)
|    ( - -2.483e+04 2 0))
s>    ( QUESTION0 -1 -5.805e+04 1.229e+02 2.509e+02
s>        ( - -3.310e+04 1 0)
s>        ( - -2.483e+04 2 0))INFO: dtree.c(1315): Comp split 46
INFO: dtree.c(1439): stop. leaf nodes are specific
INFO: dtree.c(1478): Final simple tree
|( QUESTION0_0_R 1 -3.057e+03 1.037e+02 1.303e+01
|    ( - -1.254e+03 1 0)
|    ( - -1.699e+03 1 0))
s>    ( QUESTION0_0_R 1 -3.057e+03 1.037e+02 1.303e+01
s>        ( - -1.254e+03 1 0)
s>        ( - -1.699e+03 1 0))INFO: dtree.c(1315): Comp split 47
INFO: dtree.c(1439): stop. leaf nodes are specific
INFO: dtree.c(1478): Final simple tree
|( QUESTION0_0_R 1 -4.395e+03 1.116e+02 1.898e+01
|    ( QUESTION17 1 -3.515e+03 9.361e+01 1.498e+01
|        ( - -1.397e+03 1 0)
|        ( - -2.025e+03 1 0))
|    ( - -7.679e+02 1 0))
s>    ( QUESTION0_0_R 1 -4.395e+03 1.116e+02 1.898e+01
s>        ( QUESTION17 1 -3.515e+03 9.361e+01 1.498e+01
s>            ( - -1.397e+03 1 0)
s>            ( - -2.025e+03 1 0))
s>        ( - -7.679e+02 1 0))INFO: dtree.c(1439): stop. leaf nodes are specific
INFO: dtree.c(1478): Final simple tree
|( QUESTION0_0_R 1 -1.540e+03 1.145e+02 7.000e+00
|    ( - -5.558e+02 1 0)
|    ( - -8.701e+02 1 0))
s>    ( QUESTION0_0_R 1 -1.540e+03 1.145e+02 7.000e+00
s>        ( - -5.558e+02 1 0)
s>        ( - -8.701e+02 1 0))INFO: dtree.c(1315): Comp split 48
INFO: dtree.c(1439): stop. leaf nodes are specific
INFO: dtree.c(1478): Final simple tree
|( QUESTION0_0_R 1 -1.927e+04 1.184e+02 8.232e+01
|    ( - -9.166e+03 1 0)
|    ( - -9.988e+03 2 0))
s>    ( QUESTION0_0_R 1 -1.927e+04 1.184e+02 8.232e+01
s>        ( - -9.166e+03 1 0)
s>        ( - -9.988e+03 2 0))INFO: dtree.c(1315): Comp split 49
INFO: dtree.c(1439): stop. leaf nodes are specific
INFO: dtree.c(1478): Final simple tree
|( QUESTION8 -1 -4.696e+04 1.141e+02 1.998e+02
|    ( - -9.421e+03 1 0)
|    ( QUESTION0 -1 -3.742e+04 9.937e+01 1.595e+02
|        ( - -6.543e+03 1 0)
|        ( QUESTION2_7_L -1 -3.078e+04 9.704e+01 1.309e+02
|            ( - -5.807e+03 1 0)
|            ( - -2.488e+04 2 0))))
s>    ( QUESTION8 -1 -4.696e+04 1.141e+02 1.998e+02
s>        ( - -9.421e+03 1 0)
s>        ( QUESTION0 -1 -3.742e+04 9.937e+01 1.595e+02
s>            ( - -6.543e+03 1 0)
s>            ( QUESTION2_7_L -1 -3.078e+04 9.704e+01 1.309e+02
s>                ( - -5.807e+03 1 0)
s>                ( - -2.488e+04 2 0))))INFO: dtree.c(1315): Comp split 50
INFO: dtree.c(1439): stop. leaf nodes are specific
INFO: dtree.c(1478): Final simple tree
|( QUESTION1 -1 -3.576e+03 9.412e+01 1.700e+01
|    ( - -2.268e+03 1 0)
|    ( - -1.214e+03 1 0))
s>    ( QUESTION1 -1 -3.576e+03 9.412e+01 1.700e+01
s>        ( - -2.268e+03 1 0)
s>        ( - -1.214e+03 1 0))INFO: dtree.c(1315): Comp split 51
INFO: dtree.c(1315): Comp split 52
INFO: dtree.c(1439): stop. leaf nodes are specific
INFO: dtree.c(1478): Final simple tree
|( QUESTION1 -1 -2.385e+04 1.252e+02 1.026e+02
|    ( - -6.248e+03 1 0)
|    ( QUESTION13 -1 -1.748e+04 9.049e+01 7.532e+01
|        ( - -5.418e+03 1 0)
|        ( QUESTION9 -1 -1.197e+04 7.913e+01 5.137e+01
|            ( - -8.268e+03 1 0)
|            ( - -3.623e+03 1 0))))
s>    ( QUESTION1 -1 -2.385e+04 1.252e+02 1.026e+02
s>        ( - -6.248e+03 1 0)
s>        ( QUESTION13 -1 -1.748e+04 9.049e+01 7.532e+01
s>            ( - -5.418e+03 1 0)
s>            ( QUESTION9 -1 -1.197e+04 7.913e+01 5.137e+01
s>                ( - -8.268e+03 1 0)
s>                ( - -3.623e+03 1 0))))INFO: dtree.c(1315): Comp split 53
INFO: dtree.c(1439): stop. leaf nodes are specific
INFO: dtree.c(1478): Final simple tree
|( QUESTION0_4_R 1 -1.689e+04 1.036e+02 7.463e+01
|    ( - -1.601e+04 1 0)
|    ( - -7.814e+02 1 0))
s>    ( QUESTION0_4_R 1 -1.689e+04 1.036e+02 7.463e+01
s>        ( - -1.601e+04 1 0)
s>        ( - -7.814e+02 1 0))INFO: dtree.c(1315): Comp split 54
INFO: dtree.c(1439): stop. leaf nodes are specific
INFO: dtree.c(1478): Final simple tree
|( QUESTION13 -1 -1.748e+04 9.049e+01 7.532e+01
|    ( - -5.418e+03 1 0)
|    ( QUESTION9 -1 -1.197e+04 7.913e+01 5.137e+01
|        ( - -8.268e+03 1 0)
|        ( - -3.623e+03 1 0)))
s>    ( QUESTION13 -1 -1.748e+04 9.049e+01 7.532e+01
s>        ( - -5.418e+03 1 0)
s>        ( QUESTION9 -1 -1.197e+04 7.913e+01 5.137e+01
s>            ( - -8.268e+03 1 0)
s>            ( - -3.623e+03 1 0)))INFO: dtree.c(1315): Comp split 55
INFO: dtree.c(1439): stop. leaf nodes are specific
INFO: dtree.c(1478): Final simple tree
|( QUESTION0_0_R 1 -7.921e+03 1.006e+02 3.264e+01
|    ( - -6.011e+03 1 0)
|    ( - -1.810e+03 1 0))
s>    ( QUESTION0_0_R 1 -7.921e+03 1.006e+02 3.264e+01
s>        ( - -6.011e+03 1 0)
s>        ( - -1.810e+03 1 0))INFO: dtree.c(1315): Comp split 56
INFO: dtree.c(1315): Comp split 57
INFO: dtree.c(1315): Comp split 58
INFO: dtree.c(1315): Comp split 59
INFO: dtree.c(1439): stop. leaf nodes are specific
INFO: dtree.c(1478): Final simple tree
|( QUESTION0 -1 -2.393e+04 1.046e+02 9.960e+01
|    ( - -8.567e+03 1 0)
|    ( QUESTION2_0_L -1 -1.526e+04 7.905e+01 6.396e+01
|        ( - -1.085e+04 1 0)
|        ( - -4.330e+03 3 0)))
s>    ( QUESTION0 -1 -2.393e+04 1.046e+02 9.960e+01
s>        ( - -8.567e+03 1 0)
s>        ( QUESTION2_0_L -1 -1.526e+04 7.905e+01 6.396e+01
s>            ( - -1.085e+04 1 0)
s>            ( - -4.330e+03 3 0)))INFO: dtree.c(1439): stop. leaf nodes are specific
INFO: dtree.c(1478): Final simple tree
|( SILENCE -1 -1.664e+04 9.116e+01 6.862e+01
|    ( - -1.559e+04 1 0)
|    ( - -9.585e+02 1 0))
s>    ( SILENCE -1 -1.664e+04 9.116e+01 6.862e+01
s>        ( - -1.559e+04 1 0)
s>        ( - -9.585e+02 1 0))INFO: dtree.c(1315): Comp split 60
INFO: dtree.c(1315): Comp split 61
INFO: dtree.c(1439): stop. leaf nodes are specific
INFO: dtree.c(1478): Final simple tree
|( QUESTION2_15_L -1 -4.805e+04 9.672e+01 2.036e+02
|    ( - -1.337e+04 3 0)
|    ( QUESTION2_7_L -1 -3.459e+04 7.190e+01 1.475e+02
|        ( - -5.026e+03 1 0)
|        ( - -2.949e+04 2 0)))
s>    ( QUESTION2_15_L -1 -4.805e+04 9.672e+01 2.036e+02
s>        ( - -1.337e+04 3 0)
s>        ( QUESTION2_7_L -1 -3.459e+04 7.190e+01 1.475e+02
s>            ( - -5.026e+03 1 0)
s>            ( - -2.949e+04 2 0)))INFO: dtree.c(1315): Comp split 62
INFO: dtree.c(1439): stop. leaf nodes are specific
INFO: dtree.c(1478): Final simple tree
|( QUESTION0_0_R 1 -3.942e+03 9.208e+01 1.699e+01
|    ( - -1.387e+03 1 0)
|    ( - -2.463e+03 1 0))
s>    ( QUESTION0_0_R 1 -3.942e+03 9.208e+01 1.699e+01
s>        ( - -1.387e+03 1 0)
s>        ( - -2.463e+03 1 0))INFO: dtree.c(1315): Comp split 63
INFO: dtree.c(1439): stop. leaf nodes are specific
INFO: dtree.c(1478): Final simple tree
|( QUESTION16 -1 -1.113e+04 1.068e+02 4.769e+01
|    ( - -4.820e+03 1 0)
|    ( QUESTION1 -1 -6.204e+03 8.322e+01 2.646e+01
|        ( - -1.424e+03 1 0)
|        ( - -4.696e+03 1 0)))
s>    ( QUESTION16 -1 -1.113e+04 1.068e+02 4.769e+01
s>        ( - -4.820e+03 1 0)
s>        ( QUESTION1 -1 -6.204e+03 8.322e+01 2.646e+01
s>            ( - -1.424e+03 1 0)
s>            ( - -4.696e+03 1 0)))INFO: dtree.c(1315): Comp split 64
INFO: dtree.c(1315): Comp split 65
INFO: dtree.c(1439): stop. leaf nodes are specific
INFO: dtree.c(1478): Final simple tree
|( QUESTION0 -1 -3.742e+04 9.937e+01 1.595e+02
|    ( - -6.543e+03 1 0)
|    ( QUESTION2_7_L -1 -3.078e+04 9.704e+01 1.309e+02
|        ( - -5.807e+03 1 0)
|        ( - -2.488e+04 2 0)))
s>    ( QUESTION0 -1 -3.742e+04 9.937e+01 1.595e+02
s>        ( - -6.543e+03 1 0)
s>        ( QUESTION2_7_L -1 -3.078e+04 9.704e+01 1.309e+02
s>            ( - -5.807e+03 1 0)
s>            ( - -2.488e+04 2 0)))INFO: dtree.c(1315): Comp split 66
INFO: dtree.c(1315): Comp split 67
INFO: dtree.c(1315): Comp split 68
INFO: dtree.c(1439): stop. leaf nodes are specific
INFO: dtree.c(1478): Final simple tree
|( QUESTION9 -1 -5.139e+03 9.671e+01 2.304e+01
|    ( - -4.277e+03 1 0)
|    ( - -7.657e+02 1 0))
s>    ( QUESTION9 -1 -5.139e+03 9.671e+01 2.304e+01
s>        ( - -4.277e+03 1 0)
s>        ( - -7.657e+02 1 0))INFO: dtree.c(1315): Comp split 69
INFO: dtree.c(1439): stop. leaf nodes are specific
INFO: dtree.c(1478): Final simple tree
|( QUESTION17 1 -3.515e+03 9.361e+01 1.498e+01
|    ( - -1.397e+03 1 0)
|    ( - -2.025e+03 1 0))
s>    ( QUESTION17 1 -3.515e+03 9.361e+01 1.498e+01
s>        ( - -1.397e+03 1 0)
s>        ( - -2.025e+03 1 0))INFO: dtree.c(1315): Comp split 70
INFO: dtree.c(1439): stop. leaf nodes are specific
INFO: dtree.c(1478): Final simple tree
|( QUESTION1 -1 -6.204e+03 8.322e+01 2.646e+01
|    ( - -1.424e+03 1 0)
|    ( - -4.696e+03 1 0))
s>    ( QUESTION1 -1 -6.204e+03 8.322e+01 2.646e+01
s>        ( - -1.424e+03 1 0)
s>        ( - -4.696e+03 1 0))INFO: dtree.c(1315): Comp split 71
INFO: dtree.c(1439): stop. leaf nodes are specific
INFO: dtree.c(1478): Final simple tree
|( QUESTION2_0_L -1 -1.526e+04 7.905e+01 6.396e+01
|    ( - -1.085e+04 1 0)
|    ( - -4.330e+03 3 0))
s>    ( QUESTION2_0_L -1 -1.526e+04 7.905e+01 6.396e+01
s>        ( - -1.085e+04 1 0)
s>        ( - -4.330e+03 3 0))INFO: dtree.c(1315): Comp split 72
INFO: dtree.c(1315): Comp split 73
INFO: dtree.c(1315): Comp split 74
INFO: dtree.c(1315): Comp split 75
INFO: dtree.c(1315): Comp split 76
INFO: dtree.c(1439): stop. leaf nodes are specific
INFO: dtree.c(1478): Final simple tree
|( QUESTION2_7_L -1 -3.078e+04 9.704e+01 1.309e+02
|    ( - -5.807e+03 1 0)
|    ( - -2.488e+04 2 0))
s>    ( QUESTION2_7_L -1 -3.078e+04 9.704e+01 1.309e+02
s>        ( - -5.807e+03 1 0)
s>        ( - -2.488e+04 2 0))INFO: dtree.c(1315): Comp split 77
INFO: dtree.c(1315): Comp split 78
INFO: dtree.c(1439): stop. leaf nodes are specific
INFO: dtree.c(1478): Final simple tree
|( QUESTION2_7_L -1 -3.459e+04 7.190e+01 1.475e+02
|    ( - -5.026e+03 1 0)
|    ( - -2.949e+04 2 0))
s>    ( QUESTION2_7_L -1 -3.459e+04 7.190e+01 1.475e+02
s>        ( - -5.026e+03 1 0)
s>        ( - -2.949e+04 2 0))INFO: dtree.c(1315): Comp split 79
INFO: dtree.c(1315): Comp split 80
INFO: dtree.c(1439): stop. leaf nodes are specific
INFO: dtree.c(1478): Final simple tree
|( QUESTION2_7_L -1 -1.221e+04 9.171e+01 5.023e+01
|    ( - -3.693e+03 1 0)
|    ( - -8.425e+03 2 0))
s>    ( QUESTION2_7_L -1 -1.221e+04 9.171e+01 5.023e+01
s>        ( - -3.693e+03 1 0)
s>        ( - -8.425e+03 2 0))INFO: dtree.c(1315): Comp split 81
INFO: dtree.c(1315): Comp split 82
INFO: dtree.c(1315): Comp split 83
INFO: dtree.c(1315): Comp split 84
INFO: dtree.c(1315): Comp split 85
INFO: dtree.c(1315): Comp split 86
INFO: dtree.c(1439): stop. leaf nodes are specific
INFO: dtree.c(1478): Final simple tree
|( QUESTION9 -1 -1.197e+04 7.913e+01 5.137e+01
|    ( - -8.268e+03 1 0)
|    ( - -3.623e+03 1 0))
s>    ( QUESTION9 -1 -1.197e+04 7.913e+01 5.137e+01
s>        ( - -8.268e+03 1 0)
s>        ( - -3.623e+03 1 0))INFO: dtree.c(1315): Comp split 87
INFO: dtree.c(1315): Comp split 88
INFO: dtree.c(1315): Comp split 89
INFO: dtree.c(1315): Comp split 90
INFO: dtree.c(1315): Comp split 91
INFO: dtree.c(1318): stop. leaf nodes are specific
Wed Dec 20 23:52:23 2017
