Current configuration:
[NAME]		[DEFLT]	[VALUE]
-allphones	no	no
-cntthresh	0.00001	1.000000e-05
-csplitmax	100	2000
-csplitmin	1	1
-csplitthr	8e-4	0.000000e+00
-example	no	no
-fullvar	no	no
-help		no	no
-meanfn			/home/alex/repos/speech/an4/model_parameters/an4.cd_cont_untied/means
-mixwfn			/home/alex/repos/speech/an4/model_parameters/an4.cd_cont_untied/mixture_weights
-moddeffn		/home/alex/repos/speech/an4/model_architecture/an4.untied.mdef
-mwfloor	1e-4	1.000000e-08
-phone			M
-psetfn			/home/alex/repos/speech/an4/model_architecture/an4.tree_questions
-ssplitmax	5	7
-ssplitmin	1	1
-ssplitthr	8e-4	0.000000e+00
-state			0
-stwt			1.0,0.05,0.0,
-treefn			/home/alex/repos/speech/an4/trees/an4.unpruned/M-0.dtree
-ts2cbfn	.semi.	.cont.
-varfloor	0.00001	1.000000e-05
-varfn			/home/alex/repos/speech/an4/model_parameters/an4.cd_cont_untied/variances

INFO: main.c(223): Reading: /home/alex/repos/speech/an4/model_architecture/an4.untied.mdef
INFO: model_def_io.c(573): Model definition info:
INFO: model_def_io.c(574): 1618 total models defined (34 base, 1584 tri)
INFO: model_def_io.c(575): 6472 total states
INFO: model_def_io.c(576): 4854 total tied states
INFO: model_def_io.c(577): 102 total tied CI states
INFO: model_def_io.c(578): 34 total tied transition matrices
INFO: model_def_io.c(579): 4 max state/model
INFO: model_def_io.c(580): 4 min state/model
INFO: main.c(242): Building trees for [M EH AH e] through [M SIL EY b]
INFO: main.c(269): Covering states |[2904 2972]| == 69
INFO: main.c(275): Reading: /home/alex/repos/speech/an4/model_parameters/an4.cd_cont_untied/mixture_weights
INFO: s3mixw_io.c(173): Read /home/alex/repos/speech/an4/model_parameters/an4.cd_cont_untied/mixture_weights [69x1x1 array]
INFO: main.c(311): 23 of 23 models have observation count greater than 0.000010
INFO: main.c(95): nrm stwt: 0.952 0.048 0.000 
INFO: s3gau_io.c(169): Read /home/alex/repos/speech/an4/model_parameters/an4.cd_cont_untied/means [4854x1x1 array]
INFO: s3gau_io.c(169): Read /home/alex/repos/speech/an4/model_parameters/an4.cd_cont_untied/variances [4854x1x1 array]
INFO: main.c(549): Reading: /home/alex/repos/speech/an4/model_architecture/an4.tree_questions
INFO: main.c(588): 180 total simple questions (172 phone; 8 word bndry)
INFO: main.c(590): 42 Left Only questions, and 42 Right Only questions
INFO: dtree.c(1478): Final simple tree
|( WDBNDRY_E 0 -1.033e+05 7.606e+02 5.218e+02
|    ( QUESTION0_20_R 1 -9.697e+04 3.928e+02 4.955e+02
|        ( - -1.944e+04 4 0 QUESTION0 1 2.152e+02 1.036e+02)
|        ( SILENCE 1 -7.714e+04 2.728e+02 3.919e+02
|            ( - -4.092e+03 1 0)
|            ( QUESTION13 1 -7.277e+04 2.708e+02 3.699e+02
|                ( - -8.757e+03 3 0 QUESTION0_4_R 1 2.199e+02 4.538e+01)
|                ( QUESTION0_8_R 1 -6.374e+04 2.450e+02 3.245e+02
|                    ( - -9.414e+02 1 0)
|                    ( - -6.256e+04 10 0 QUESTION18 1 2.414e+02 3.185e+02)))))
|    ( WDBNDRY_B 0 -5.575e+03 4.623e+02 2.626e+01
|        ( SILENCE -1 -2.685e+03 2.956e+02 1.500e+01
|            ( - -1.263e+03 2 0 QUESTION0_13_R 1 1.198e+02 7.000e+00)
|            ( - -1.126e+03 1 0))
|        ( - -2.428e+03 1 0)))
s>    ( WDBNDRY_E 0 -1.033e+05 7.606e+02 5.218e+02
s>        ( QUESTION0_20_R 1 -9.697e+04 3.928e+02 4.955e+02
s>            ( - -1.944e+04 4 0 QUESTION0 1 2.152e+02 1.036e+02)
s>            ( SILENCE 1 -7.714e+04 2.728e+02 3.919e+02
s>                ( - -4.092e+03 1 0)
s>                ( QUESTION13 1 -7.277e+04 2.708e+02 3.699e+02
s>                    ( - -8.757e+03 3 0 QUESTION0_4_R 1 2.199e+02 4.538e+01)
s>                    ( QUESTION0_8_R 1 -6.374e+04 2.450e+02 3.245e+02
s>                        ( - -9.414e+02 1 0)
s>                        ( - -6.256e+04 10 0 QUESTION18 1 2.414e+02 3.185e+02)))))
s>        ( WDBNDRY_B 0 -5.575e+03 4.623e+02 2.626e+01
s>            ( SILENCE -1 -2.685e+03 2.956e+02 1.500e+01
s>                ( - -1.263e+03 2 0 QUESTION0_13_R 1 1.198e+02 7.000e+00)
s>                ( - -1.126e+03 1 0))
s>            ( - -2.428e+03 1 0)))INFO: dtree.c(1315): Comp split 0
INFO: dtree.c(1478): Final simple tree
|( QUESTION0_20_R 1 -9.697e+04 3.928e+02 4.955e+02
|    ( - -1.944e+04 4 0 QUESTION0 1 2.152e+02 1.036e+02)
|    ( SILENCE 1 -7.714e+04 2.728e+02 3.919e+02
|        ( - -4.092e+03 1 0)
|        ( QUESTION13 1 -7.277e+04 2.708e+02 3.699e+02
|            ( - -8.757e+03 3 0 QUESTION0_4_R 1 2.199e+02 4.538e+01)
|            ( QUESTION0_8_R 1 -6.374e+04 2.450e+02 3.245e+02
|                ( - -9.414e+02 1 0)
|                ( QUESTION18 1 -6.256e+04 2.414e+02 3.185e+02
|                    ( QUESTION0_0_R 1 -4.605e+03 2.726e+02 2.500e+01
|                        ( - -1.276e+03 1 0)
|                        ( - -3.057e+03 1 0))
|                    ( QUESTION11 1 -5.771e+04 2.411e+02 2.935e+02
|                        ( - -9.407e+02 1 0)
|                        ( - -5.653e+04 7 0 QUESTION0_1_R 1 2.286e+02 2.875e+02)))))))
s>    ( QUESTION0_20_R 1 -9.697e+04 3.928e+02 4.955e+02
s>        ( - -1.944e+04 4 0 QUESTION0 1 2.152e+02 1.036e+02)
s>        ( SILENCE 1 -7.714e+04 2.728e+02 3.919e+02
s>            ( - -4.092e+03 1 0)
s>            ( QUESTION13 1 -7.277e+04 2.708e+02 3.699e+02
s>                ( - -8.757e+03 3 0 QUESTION0_4_R 1 2.199e+02 4.538e+01)
s>                ( QUESTION0_8_R 1 -6.374e+04 2.450e+02 3.245e+02
s>                    ( - -9.414e+02 1 0)
s>                    ( QUESTION18 1 -6.256e+04 2.414e+02 3.185e+02
s>                        ( QUESTION0_0_R 1 -4.605e+03 2.726e+02 2.500e+01
s>                            ( - -1.276e+03 1 0)
s>                            ( - -3.057e+03 1 0))
s>                        ( QUESTION11 1 -5.771e+04 2.411e+02 2.935e+02
s>                            ( - -9.407e+02 1 0)
s>                            ( - -5.653e+04 7 0 QUESTION0_1_R 1 2.286e+02 2.875e+02)))))))INFO: dtree.c(1439): stop. leaf nodes are specific
INFO: dtree.c(1478): Final simple tree
|( WDBNDRY_B 0 -5.575e+03 4.623e+02 2.626e+01
|    ( SILENCE -1 -2.685e+03 2.956e+02 1.500e+01
|        ( QUESTION0_13_R 1 -1.263e+03 1.198e+02 7.000e+00
|            ( - -6.741e+02 1 0)
|            ( - -4.693e+02 1 0))
|        ( - -1.126e+03 1 0))
|    ( - -2.428e+03 1 0))
s>    ( WDBNDRY_B 0 -5.575e+03 4.623e+02 2.626e+01
s>        ( SILENCE -1 -2.685e+03 2.956e+02 1.500e+01
s>            ( QUESTION0_13_R 1 -1.263e+03 1.198e+02 7.000e+00
s>                ( - -6.741e+02 1 0)
s>                ( - -4.693e+02 1 0))
s>            ( - -1.126e+03 1 0))
s>        ( - -2.428e+03 1 0))INFO: dtree.c(1315): Comp split 1
INFO: dtree.c(1439): stop. leaf nodes are specific
INFO: dtree.c(1478): Final simple tree
|( QUESTION0 1 -2.269e+04 2.853e+02 1.216e+02
|    ( QUESTION0_13_R 1 -5.716e+03 1.207e+02 3.300e+01
|        ( - -3.057e+03 1 0)
|        ( - -2.539e+03 1 0))
|    ( - -1.669e+04 3 0))
s>    ( QUESTION0 1 -2.269e+04 2.853e+02 1.216e+02
s>        ( QUESTION0_13_R 1 -5.716e+03 1.207e+02 3.300e+01
s>            ( - -3.057e+03 1 0)
s>            ( - -2.539e+03 1 0))
s>        ( - -1.669e+04 3 0))INFO: dtree.c(1478): Final simple tree
|( SILENCE 1 -7.373e+04 2.666e+02 3.739e+02
|    ( - -4.092e+03 1 0)
|    ( QUESTION13 1 -6.937e+04 2.550e+02 3.519e+02
|        ( QUESTION0_4_R 1 -8.757e+03 2.199e+02 4.538e+01
|            ( - -3.299e+03 1 0)
|            ( - -5.238e+03 2 0 QUESTION0_3_R 1 1.250e+02 2.751e+01))
|        ( QUESTION0_8_R 1 -6.036e+04 2.447e+02 3.065e+02
|            ( - -9.414e+02 1 0)
|            ( QUESTION11 1 -5.917e+04 2.411e+02 3.005e+02
|                ( - -9.407e+02 1 0)
|                ( QUESTION0_1_R 1 -5.799e+04 2.296e+02 2.945e+02
|                    ( - -7.209e+03 2 0)
|                    ( QUESTION1 1 -5.055e+04 2.191e+02 2.556e+02
|                        ( - -2.000e+04 1 0)
|                        ( - -3.033e+04 5 0 QUESTION16 1 1.932e+02 1.527e+02)))))))
s>    ( SILENCE 1 -7.373e+04 2.666e+02 3.739e+02
s>        ( - -4.092e+03 1 0)
s>        ( QUESTION13 1 -6.937e+04 2.550e+02 3.519e+02
s>            ( QUESTION0_4_R 1 -8.757e+03 2.199e+02 4.538e+01
s>                ( - -3.299e+03 1 0)
s>                ( - -5.238e+03 2 0 QUESTION0_3_R 1 1.250e+02 2.751e+01))
s>            ( QUESTION0_8_R 1 -6.036e+04 2.447e+02 3.065e+02
s>                ( - -9.414e+02 1 0)
s>                ( QUESTION11 1 -5.917e+04 2.411e+02 3.005e+02
s>                    ( - -9.407e+02 1 0)
s>                    ( QUESTION0_1_R 1 -5.799e+04 2.296e+02 2.945e+02
s>                        ( - -7.209e+03 2 0)
s>                        ( QUESTION1 1 -5.055e+04 2.191e+02 2.556e+02
s>                            ( - -2.000e+04 1 0)
s>                            ( - -3.033e+04 5 0 QUESTION16 1 1.932e+02 1.527e+02)))))))INFO: dtree.c(1315): Comp split 2
INFO: dtree.c(1439): stop. leaf nodes are specific
INFO: dtree.c(1478): Final simple tree
|( SILENCE -1 -2.685e+03 2.956e+02 1.500e+01
|    ( QUESTION0_13_R 1 -1.263e+03 1.198e+02 7.000e+00
|        ( - -6.741e+02 1 0)
|        ( - -4.693e+02 1 0))
|    ( - -1.126e+03 1 0))
s>    ( SILENCE -1 -2.685e+03 2.956e+02 1.500e+01
s>        ( QUESTION0_13_R 1 -1.263e+03 1.198e+02 7.000e+00
s>            ( - -6.741e+02 1 0)
s>            ( - -4.693e+02 1 0))
s>        ( - -1.126e+03 1 0))INFO: dtree.c(1315): Comp split 3
INFO: dtree.c(1439): stop. leaf nodes are specific
INFO: dtree.c(1478): Final simple tree
|( QUESTION11 1 -5.917e+04 2.411e+02 3.005e+02
|    ( - -9.407e+02 1 0)
|    ( QUESTION0_1_R 1 -5.799e+04 2.296e+02 2.945e+02
|        ( - -7.209e+03 2 0)
|        ( QUESTION1 1 -5.055e+04 2.191e+02 2.556e+02
|            ( - -2.000e+04 1 0)
|            ( QUESTION16 1 -3.033e+04 1.932e+02 1.527e+02
|                ( QUESTION0_0_R 1 -3.101e+03 1.504e+02 1.600e+01
|                    ( - -1.276e+03 1 0)
|                    ( - -1.675e+03 1 0))
|                ( QUESTION0_0_R 1 -2.704e+04 1.397e+02 1.367e+02
|                    ( - -1.119e+04 1 0)
|                    ( - -1.571e+04 2 0))))))
s>    ( QUESTION11 1 -5.917e+04 2.411e+02 3.005e+02
s>        ( - -9.407e+02 1 0)
s>        ( QUESTION0_1_R 1 -5.799e+04 2.296e+02 2.945e+02
s>            ( - -7.209e+03 2 0)
s>            ( QUESTION1 1 -5.055e+04 2.191e+02 2.556e+02
s>                ( - -2.000e+04 1 0)
s>                ( QUESTION16 1 -3.033e+04 1.932e+02 1.527e+02
s>                    ( QUESTION0_0_R 1 -3.101e+03 1.504e+02 1.600e+01
s>                        ( - -1.276e+03 1 0)
s>                        ( - -1.675e+03 1 0))
s>                    ( QUESTION0_0_R 1 -2.704e+04 1.397e+02 1.367e+02
s>                        ( - -1.119e+04 1 0)
s>                        ( - -1.571e+04 2 0))))))INFO: dtree.c(1439): stop. leaf nodes are specific
INFO: dtree.c(1478): Final simple tree
|( SILENCE 1 -1.423e+04 2.646e+02 7.339e+01
|    ( - -4.092e+03 1 0)
|    ( QUESTION0_8_R 1 -9.873e+03 1.751e+02 5.138e+01
|        ( - -9.414e+02 1 0)
|        ( QUESTION0_4_R 1 -8.757e+03 2.199e+02 4.538e+01
|            ( - -3.299e+03 1 0)
|            ( QUESTION0_3_R 1 -5.238e+03 1.250e+02 2.751e+01
|                ( - -2.285e+03 1 0)
|                ( - -2.827e+03 1 0)))))
s>    ( SILENCE 1 -1.423e+04 2.646e+02 7.339e+01
s>        ( - -4.092e+03 1 0)
s>        ( QUESTION0_8_R 1 -9.873e+03 1.751e+02 5.138e+01
s>            ( - -9.414e+02 1 0)
s>            ( QUESTION0_4_R 1 -8.757e+03 2.199e+02 4.538e+01
s>                ( - -3.299e+03 1 0)
s>                ( QUESTION0_3_R 1 -5.238e+03 1.250e+02 2.751e+01
s>                    ( - -2.285e+03 1 0)
s>                    ( - -2.827e+03 1 0)))))INFO: dtree.c(1315): Comp split 4
INFO: dtree.c(1439): stop. leaf nodes are specific
INFO: dtree.c(1478): Final simple tree
|( QUESTION0_13_R 1 -1.263e+03 1.198e+02 7.000e+00
|    ( - -6.741e+02 1 0)
|    ( - -4.693e+02 1 0))
s>    ( QUESTION0_13_R 1 -1.263e+03 1.198e+02 7.000e+00
s>        ( - -6.741e+02 1 0)
s>        ( - -4.693e+02 1 0))INFO: dtree.c(1315): Comp split 5
INFO: dtree.c(1439): stop. leaf nodes are specific
INFO: dtree.c(1478): Final simple tree
|( QUESTION0_13_R 1 -5.716e+03 1.207e+02 3.300e+01
|    ( - -3.057e+03 1 0)
|    ( - -2.539e+03 1 0))
s>    ( QUESTION0_13_R 1 -5.716e+03 1.207e+02 3.300e+01
s>        ( - -3.057e+03 1 0)
s>        ( - -2.539e+03 1 0))INFO: dtree.c(1315): Comp split 6
INFO: dtree.c(1439): stop. leaf nodes are specific
INFO: dtree.c(1478): Final simple tree
|( QUESTION0_8_R 1 -9.873e+03 1.751e+02 5.138e+01
|    ( - -9.414e+02 1 0)
|    ( QUESTION0_4_R 1 -8.757e+03 2.199e+02 4.538e+01
|        ( - -3.299e+03 1 0)
|        ( QUESTION0_3_R 1 -5.238e+03 1.250e+02 2.751e+01
|            ( - -2.285e+03 1 0)
|            ( - -2.827e+03 1 0))))
s>    ( QUESTION0_8_R 1 -9.873e+03 1.751e+02 5.138e+01
s>        ( - -9.414e+02 1 0)
s>        ( QUESTION0_4_R 1 -8.757e+03 2.199e+02 4.538e+01
s>            ( - -3.299e+03 1 0)
s>            ( QUESTION0_3_R 1 -5.238e+03 1.250e+02 2.751e+01
s>                ( - -2.285e+03 1 0)
s>                ( - -2.827e+03 1 0))))INFO: dtree.c(1315): Comp split 7
INFO: dtree.c(1439): stop. leaf nodes are specific
INFO: dtree.c(1478): Final simple tree
|( QUESTION0_1_R 1 -5.799e+04 2.296e+02 2.945e+02
|    ( - -7.209e+03 2 0)
|    ( QUESTION1 1 -5.055e+04 2.191e+02 2.556e+02
|        ( - -2.000e+04 1 0)
|        ( QUESTION16 1 -3.033e+04 1.932e+02 1.527e+02
|            ( QUESTION0_0_R 1 -3.101e+03 1.504e+02 1.600e+01
|                ( - -1.276e+03 1 0)
|                ( - -1.675e+03 1 0))
|            ( QUESTION0_0_R 1 -2.704e+04 1.397e+02 1.367e+02
|                ( - -1.119e+04 1 0)
|                ( - -1.571e+04 2 0)))))
s>    ( QUESTION0_1_R 1 -5.799e+04 2.296e+02 2.945e+02
s>        ( - -7.209e+03 2 0)
s>        ( QUESTION1 1 -5.055e+04 2.191e+02 2.556e+02
s>            ( - -2.000e+04 1 0)
s>            ( QUESTION16 1 -3.033e+04 1.932e+02 1.527e+02
s>                ( QUESTION0_0_R 1 -3.101e+03 1.504e+02 1.600e+01
s>                    ( - -1.276e+03 1 0)
s>                    ( - -1.675e+03 1 0))
s>                ( QUESTION0_0_R 1 -2.704e+04 1.397e+02 1.367e+02
s>                    ( - -1.119e+04 1 0)
s>                    ( - -1.571e+04 2 0)))))INFO: dtree.c(1315): Comp split 8
INFO: dtree.c(1439): stop. leaf nodes are specific
INFO: dtree.c(1478): Final simple tree
|( QUESTION16 1 -3.033e+04 1.932e+02 1.527e+02
|    ( QUESTION0_0_R 1 -3.101e+03 1.504e+02 1.600e+01
|        ( - -1.276e+03 1 0)
|        ( - -1.675e+03 1 0))
|    ( QUESTION0_0_R 1 -2.704e+04 1.397e+02 1.367e+02
|        ( - -1.119e+04 1 0)
|        ( - -1.571e+04 2 0)))
s>    ( QUESTION16 1 -3.033e+04 1.932e+02 1.527e+02
s>        ( QUESTION0_0_R 1 -3.101e+03 1.504e+02 1.600e+01
s>            ( - -1.276e+03 1 0)
s>            ( - -1.675e+03 1 0))
s>        ( QUESTION0_0_R 1 -2.704e+04 1.397e+02 1.367e+02
s>            ( - -1.119e+04 1 0)
s>            ( - -1.571e+04 2 0)))INFO: dtree.c(1439): stop. leaf nodes are specific
INFO: dtree.c(1478): Final simple tree
|( QUESTION0_0_R 1 -2.742e+04 2.119e+02 1.418e+02
|    ( - -7.209e+03 2 0)
|    ( - -2.000e+04 1 0))
s>    ( QUESTION0_0_R 1 -2.742e+04 2.119e+02 1.418e+02
s>        ( - -7.209e+03 2 0)
s>        ( - -2.000e+04 1 0))INFO: dtree.c(1315): Comp split 9
INFO: dtree.c(1439): stop. leaf nodes are specific
INFO: dtree.c(1478): Final simple tree
|( QUESTION0_3_R 1 -5.238e+03 1.250e+02 2.751e+01
|    ( - -2.285e+03 1 0)
|    ( - -2.827e+03 1 0))
s>    ( QUESTION0_3_R 1 -5.238e+03 1.250e+02 2.751e+01
s>        ( - -2.285e+03 1 0)
s>        ( - -2.827e+03 1 0))INFO: dtree.c(1439): stop. leaf nodes are specific
INFO: dtree.c(1478): Final simple tree
|( QUESTION0_3_R 1 -4.401e+03 1.605e+02 2.387e+01
|    ( - -3.299e+03 1 0)
|    ( - -9.414e+02 1 0))
s>    ( QUESTION0_3_R 1 -4.401e+03 1.605e+02 2.387e+01
s>        ( - -3.299e+03 1 0)
s>        ( - -9.414e+02 1 0))INFO: dtree.c(1315): Comp split 10
INFO: dtree.c(1315): Comp split 11
INFO: dtree.c(1439): stop. leaf nodes are specific
INFO: dtree.c(1478): Final simple tree
|( QUESTION0_0_R 1 -2.704e+04 1.397e+02 1.367e+02
|    ( - -1.119e+04 1 0)
|    ( - -1.571e+04 2 0))
s>    ( QUESTION0_0_R 1 -2.704e+04 1.397e+02 1.367e+02
s>        ( - -1.119e+04 1 0)
s>        ( - -1.571e+04 2 0))INFO: dtree.c(1439): stop. leaf nodes are specific
INFO: dtree.c(1478): Final simple tree
|( QUESTION0_0_R 1 -3.101e+03 1.504e+02 1.600e+01
|    ( - -1.276e+03 1 0)
|    ( - -1.675e+03 1 0))
s>    ( QUESTION0_0_R 1 -3.101e+03 1.504e+02 1.600e+01
s>        ( - -1.276e+03 1 0)
s>        ( - -1.675e+03 1 0))INFO: dtree.c(1315): Comp split 12
INFO: dtree.c(1315): Comp split 13
INFO: dtree.c(1315): Comp split 14
INFO: dtree.c(1315): Comp split 15
INFO: dtree.c(1315): Comp split 16
INFO: dtree.c(1315): Comp split 17
INFO: dtree.c(1315): Comp split 18
INFO: dtree.c(1318): stop. leaf nodes are specific
Wed Dec 20 23:52:20 2017
