Current configuration:
[NAME]		[DEFLT]	[VALUE]
-allphones	no	no
-cntthresh	0.00001	1.000000e-05
-csplitmax	100	2000
-csplitmin	1	1
-csplitthr	8e-4	0.000000e+00
-example	no	no
-fullvar	no	no
-help		no	no
-meanfn			/home/alex/repos/speech/an4/model_parameters/an4.cd_cont_untied/means
-mixwfn			/home/alex/repos/speech/an4/model_parameters/an4.cd_cont_untied/mixture_weights
-moddeffn		/home/alex/repos/speech/an4/model_architecture/an4.untied.mdef
-mwfloor	1e-4	1.000000e-08
-phone			EY
-psetfn			/home/alex/repos/speech/an4/model_architecture/an4.tree_questions
-ssplitmax	5	7
-ssplitmin	1	1
-ssplitthr	8e-4	0.000000e+00
-state			2
-stwt			1.0,0.05,0.0,
-treefn			/home/alex/repos/speech/an4/trees/an4.unpruned/EY-2.dtree
-ts2cbfn	.semi.	.cont.
-varfloor	0.00001	1.000000e-05
-varfn			/home/alex/repos/speech/an4/model_parameters/an4.cd_cont_untied/variances

INFO: main.c(223): Reading: /home/alex/repos/speech/an4/model_architecture/an4.untied.mdef
INFO: model_def_io.c(573): Model definition info:
INFO: model_def_io.c(574): 1618 total models defined (34 base, 1584 tri)
INFO: model_def_io.c(575): 6472 total states
INFO: model_def_io.c(576): 4854 total tied states
INFO: model_def_io.c(577): 102 total tied CI states
INFO: model_def_io.c(578): 34 total tied transition matrices
INFO: model_def_io.c(579): 4 max state/model
INFO: model_def_io.c(580): 4 min state/model
INFO: main.c(242): Building trees for [EY AH CH b] through [EY V T b]
INFO: main.c(269): Covering states |[1326 1535]| == 210
INFO: main.c(275): Reading: /home/alex/repos/speech/an4/model_parameters/an4.cd_cont_untied/mixture_weights
INFO: s3mixw_io.c(173): Read /home/alex/repos/speech/an4/model_parameters/an4.cd_cont_untied/mixture_weights [210x1x1 array]
INFO: main.c(311): 70 of 70 models have observation count greater than 0.000010
INFO: main.c(95): nrm stwt: 0.000 0.048 0.952 
INFO: s3gau_io.c(169): Read /home/alex/repos/speech/an4/model_parameters/an4.cd_cont_untied/means [4854x1x1 array]
INFO: s3gau_io.c(169): Read /home/alex/repos/speech/an4/model_parameters/an4.cd_cont_untied/variances [4854x1x1 array]
INFO: main.c(549): Reading: /home/alex/repos/speech/an4/model_architecture/an4.tree_questions
INFO: main.c(588): 180 total simple questions (172 phone; 8 word bndry)
INFO: main.c(590): 42 Left Only questions, and 42 Right Only questions
INFO: dtree.c(1478): Final simple tree
|( WDBNDRY_B 0 -5.445e+05 1.550e+03 2.369e+03
|    ( QUESTION0_3_R 1 -3.538e+05 4.729e+02 1.540e+03
|        ( QUESTION2_14_L -1 -3.536e+05 4.454e+02 1.539e+03
|            ( - -1.619e+05 4 0 QUESTION14 1 2.373e+02 7.045e+02)
|            ( - -1.912e+05 27 0 QUESTION14 1 2.763e+02 8.348e+02))
|        ( - 2.417e+02 1 0))
|    ( QUESTION1 -1 -1.892e+05 8.269e+02 8.292e+02
|        ( - -3.240e+04 3 0 QUESTION0_0_R 1 2.177e+02 1.450e+02)
|        ( SILENCE 1 -1.559e+05 6.100e+02 6.842e+02
|            ( - -2.193e+04 1 0)
|            ( QUESTION0_20_R 1 -1.334e+05 3.095e+02 5.803e+02
|                ( - -3.436e+04 7 0 QUESTION9 -1 2.251e+02 1.563e+02)
|                ( QUESTION0_1_R 1 -9.873e+04 3.149e+02 4.240e+02
|                    ( - -1.754e+04 3 0 QUESTION9 -1 2.897e+02 7.957e+01)
|                    ( - -8.087e+04 24 0 QUESTION0_9_R 1 3.008e+02 3.445e+02))))))
s>    ( WDBNDRY_B 0 -5.445e+05 1.550e+03 2.369e+03
s>        ( QUESTION0_3_R 1 -3.538e+05 4.729e+02 1.540e+03
s>            ( QUESTION2_14_L -1 -3.536e+05 4.454e+02 1.539e+03
s>                ( - -1.619e+05 4 0 QUESTION14 1 2.373e+02 7.045e+02)
s>                ( - -1.912e+05 27 0 QUESTION14 1 2.763e+02 8.348e+02))
s>            ( - 2.417e+02 1 0))
s>        ( QUESTION1 -1 -1.892e+05 8.269e+02 8.292e+02
s>            ( - -3.240e+04 3 0 QUESTION0_0_R 1 2.177e+02 1.450e+02)
s>            ( SILENCE 1 -1.559e+05 6.100e+02 6.842e+02
s>                ( - -2.193e+04 1 0)
s>                ( QUESTION0_20_R 1 -1.334e+05 3.095e+02 5.803e+02
s>                    ( - -3.436e+04 7 0 QUESTION9 -1 2.251e+02 1.563e+02)
s>                    ( QUESTION0_1_R 1 -9.873e+04 3.149e+02 4.240e+02
s>                        ( - -1.754e+04 3 0 QUESTION9 -1 2.897e+02 7.957e+01)
s>                        ( - -8.087e+04 24 0 QUESTION0_9_R 1 3.008e+02 3.445e+02))))))INFO: dtree.c(1315): Comp split 0
INFO: dtree.c(1478): Final simple tree
|( QUESTION2_14_L -1 -3.536e+05 4.454e+02 1.539e+03
|    ( QUESTION14 1 -1.619e+05 2.373e+02 7.045e+02
|        ( - -4.989e+04 2 0)
|        ( - -1.118e+05 2 0))
|    ( QUESTION14 1 -1.912e+05 2.763e+02 8.348e+02
|        ( QUESTION18 -1 -1.386e+05 1.930e+02 6.062e+02
|            ( - -3.949e+03 1 0)
|            ( - -1.344e+05 13 0 QUESTION13 -1 1.847e+02 5.872e+02))
|        ( SILENCE -1 -5.238e+04 2.333e+02 2.286e+02
|            ( - -1.864e+04 1 0)
|            ( QUESTION8 -1 -3.351e+04 2.014e+02 1.461e+02
|                ( - -3.417e+03 2 0 QUESTION14 -1 1.605e+02 1.600e+01)
|                ( QUESTION2_13_L -1 -2.989e+04 1.951e+02 1.301e+02
|                    ( - -1.093e+04 6 0 QUESTION6 -1 1.585e+02 4.707e+01)
|                    ( - -1.876e+04 4 0 QUESTION2_8_L -1 1.918e+02 8.304e+01))))))
s>    ( QUESTION2_14_L -1 -3.536e+05 4.454e+02 1.539e+03
s>        ( QUESTION14 1 -1.619e+05 2.373e+02 7.045e+02
s>            ( - -4.989e+04 2 0)
s>            ( - -1.118e+05 2 0))
s>        ( QUESTION14 1 -1.912e+05 2.763e+02 8.348e+02
s>            ( QUESTION18 -1 -1.386e+05 1.930e+02 6.062e+02
s>                ( - -3.949e+03 1 0)
s>                ( - -1.344e+05 13 0 QUESTION13 -1 1.847e+02 5.872e+02))
s>            ( SILENCE -1 -5.238e+04 2.333e+02 2.286e+02
s>                ( - -1.864e+04 1 0)
s>                ( QUESTION8 -1 -3.351e+04 2.014e+02 1.461e+02
s>                    ( - -3.417e+03 2 0 QUESTION14 -1 1.605e+02 1.600e+01)
s>                    ( QUESTION2_13_L -1 -2.989e+04 1.951e+02 1.301e+02
s>                        ( - -1.093e+04 6 0 QUESTION6 -1 1.585e+02 4.707e+01)
s>                        ( - -1.876e+04 4 0 QUESTION2_8_L -1 1.918e+02 8.304e+01))))))INFO: dtree.c(1478): Final simple tree
|( QUESTION1 -1 -1.894e+05 8.290e+02 8.302e+02
|    ( - -3.240e+04 3 0 QUESTION0_0_R 1 2.177e+02 1.450e+02)
|    ( SILENCE 1 -1.562e+05 6.077e+02 6.852e+02
|        ( - -2.193e+04 1 0)
|        ( WDBNDRY_B 0 -1.336e+05 4.708e+02 5.813e+02
|            ( - 2.417e+02 1 0)
|            ( QUESTION0_20_R 1 -1.334e+05 3.095e+02 5.803e+02
|                ( - -3.436e+04 7 0 QUESTION9 -1 2.251e+02 1.563e+02)
|                ( QUESTION0_1_R 1 -9.873e+04 3.149e+02 4.240e+02
|                    ( - -1.754e+04 3 0 QUESTION9 -1 2.897e+02 7.957e+01)
|                    ( QUESTION0_9_R 1 -8.087e+04 3.008e+02 3.445e+02
|                        ( QUESTION9 -1 -2.056e+04 3.172e+02 8.993e+01
|                            ( - -7.895e+03 2 0 QUESTION0_11_R 1 1.365e+02 3.673e+01)
|                            ( - -1.234e+04 2 0 QUESTION0_10_R 1 1.987e+02 5.320e+01))
|                        ( - -6.002e+04 20 0 QUESTION0_15_R 1 2.898e+02 2.545e+02)))))))
s>    ( QUESTION1 -1 -1.894e+05 8.290e+02 8.302e+02
s>        ( - -3.240e+04 3 0 QUESTION0_0_R 1 2.177e+02 1.450e+02)
s>        ( SILENCE 1 -1.562e+05 6.077e+02 6.852e+02
s>            ( - -2.193e+04 1 0)
s>            ( WDBNDRY_B 0 -1.336e+05 4.708e+02 5.813e+02
s>                ( - 2.417e+02 1 0)
s>                ( QUESTION0_20_R 1 -1.334e+05 3.095e+02 5.803e+02
s>                    ( - -3.436e+04 7 0 QUESTION9 -1 2.251e+02 1.563e+02)
s>                    ( QUESTION0_1_R 1 -9.873e+04 3.149e+02 4.240e+02
s>                        ( - -1.754e+04 3 0 QUESTION9 -1 2.897e+02 7.957e+01)
s>                        ( QUESTION0_9_R 1 -8.087e+04 3.008e+02 3.445e+02
s>                            ( QUESTION9 -1 -2.056e+04 3.172e+02 8.993e+01
s>                                ( - -7.895e+03 2 0 QUESTION0_11_R 1 1.365e+02 3.673e+01)
s>                                ( - -1.234e+04 2 0 QUESTION0_10_R 1 1.987e+02 5.320e+01))
s>                            ( - -6.002e+04 20 0 QUESTION0_15_R 1 2.898e+02 2.545e+02)))))))INFO: dtree.c(1315): Comp split 1
INFO: dtree.c(1478): Final simple tree
|( SILENCE 1 -1.562e+05 6.077e+02 6.852e+02
|    ( - -2.193e+04 1 0)
|    ( WDBNDRY_B 0 -1.336e+05 4.708e+02 5.813e+02
|        ( - 2.417e+02 1 0)
|        ( QUESTION0_20_R 1 -1.334e+05 3.095e+02 5.803e+02
|            ( - -3.436e+04 7 0 QUESTION9 -1 2.251e+02 1.563e+02)
|            ( QUESTION0_1_R 1 -9.873e+04 3.149e+02 4.240e+02
|                ( - -1.754e+04 3 0 QUESTION9 -1 2.897e+02 7.957e+01)
|                ( QUESTION0_9_R 1 -8.087e+04 3.008e+02 3.445e+02
|                    ( QUESTION9 -1 -2.056e+04 3.172e+02 8.993e+01
|                        ( - -7.895e+03 2 0 QUESTION0_11_R 1 1.365e+02 3.673e+01)
|                        ( - -1.234e+04 2 0 QUESTION0_10_R 1 1.987e+02 5.320e+01))
|                    ( QUESTION0_15_R 1 -6.002e+04 2.898e+02 2.545e+02
|                        ( - -2.106e+04 6 0 QUESTION4 1 2.968e+02 8.887e+01)
|                        ( - -3.867e+04 14 0 QUESTION0_8_R 1 2.085e+02 1.657e+02)))))))
s>    ( SILENCE 1 -1.562e+05 6.077e+02 6.852e+02
s>        ( - -2.193e+04 1 0)
s>        ( WDBNDRY_B 0 -1.336e+05 4.708e+02 5.813e+02
s>            ( - 2.417e+02 1 0)
s>            ( QUESTION0_20_R 1 -1.334e+05 3.095e+02 5.803e+02
s>                ( - -3.436e+04 7 0 QUESTION9 -1 2.251e+02 1.563e+02)
s>                ( QUESTION0_1_R 1 -9.873e+04 3.149e+02 4.240e+02
s>                    ( - -1.754e+04 3 0 QUESTION9 -1 2.897e+02 7.957e+01)
s>                    ( QUESTION0_9_R 1 -8.087e+04 3.008e+02 3.445e+02
s>                        ( QUESTION9 -1 -2.056e+04 3.172e+02 8.993e+01
s>                            ( - -7.895e+03 2 0 QUESTION0_11_R 1 1.365e+02 3.673e+01)
s>                            ( - -1.234e+04 2 0 QUESTION0_10_R 1 1.987e+02 5.320e+01))
s>                        ( QUESTION0_15_R 1 -6.002e+04 2.898e+02 2.545e+02
s>                            ( - -2.106e+04 6 0 QUESTION4 1 2.968e+02 8.887e+01)
s>                            ( - -3.867e+04 14 0 QUESTION0_8_R 1 2.085e+02 1.657e+02)))))))INFO: dtree.c(1439): stop. leaf nodes are specific
INFO: dtree.c(1478): Final simple tree
|( QUESTION0_0_R 1 -3.240e+04 2.177e+02 1.450e+02
|    ( WDBNDRY_E 0 -3.024e+04 2.140e+02 1.359e+02
|        ( - -9.849e+02 1 0)
|        ( - -2.904e+04 1 0))
|    ( - -1.935e+03 1 0))
s>    ( QUESTION0_0_R 1 -3.240e+04 2.177e+02 1.450e+02
s>        ( WDBNDRY_E 0 -3.024e+04 2.140e+02 1.359e+02
s>            ( - -9.849e+02 1 0)
s>            ( - -2.904e+04 1 0))
s>        ( - -1.935e+03 1 0))INFO: dtree.c(1315): Comp split 2
INFO: dtree.c(1478): Final simple tree
|( QUESTION0_20_R 1 -1.073e+05 3.293e+02 4.640e+02
|    ( QUESTION9 -1 -3.436e+04 2.251e+02 1.563e+02
|        ( - -1.174e+04 3 0)
|        ( - -2.239e+04 4 0 QUESTION0 1 2.032e+02 1.028e+02))
|    ( QUESTION0_10_R 1 -7.264e+04 3.044e+02 3.077e+02
|        ( - -1.053e+04 1 0)
|        ( QUESTION0_15_R 1 -6.180e+04 2.889e+02 2.625e+02
|            ( QUESTION4 1 -2.106e+04 2.968e+02 8.887e+01
|                ( - -1.327e+03 1 0)
|                ( - -1.944e+04 5 0 QUESTION9 -1 1.873e+02 8.187e+01))
|            ( QUESTION16 1 -4.046e+04 2.264e+02 1.737e+02
|                ( QUESTION0_8_R 1 -1.907e+04 2.129e+02 8.046e+01
|                    ( - -1.067e+04 4 0 QUESTION17 1 1.906e+02 4.529e+01)
|                    ( - -8.187e+03 5 0 QUESTION0_0_R 1 1.847e+02 3.517e+01))
|                ( - -2.116e+04 6 0 QUESTION15 1 1.694e+02 9.321e+01)))))
s>    ( QUESTION0_20_R 1 -1.073e+05 3.293e+02 4.640e+02
s>        ( QUESTION9 -1 -3.436e+04 2.251e+02 1.563e+02
s>            ( - -1.174e+04 3 0)
s>            ( - -2.239e+04 4 0 QUESTION0 1 2.032e+02 1.028e+02))
s>        ( QUESTION0_10_R 1 -7.264e+04 3.044e+02 3.077e+02
s>            ( - -1.053e+04 1 0)
s>            ( QUESTION0_15_R 1 -6.180e+04 2.889e+02 2.625e+02
s>                ( QUESTION4 1 -2.106e+04 2.968e+02 8.887e+01
s>                    ( - -1.327e+03 1 0)
s>                    ( - -1.944e+04 5 0 QUESTION9 -1 1.873e+02 8.187e+01))
s>                ( QUESTION16 1 -4.046e+04 2.264e+02 1.737e+02
s>                    ( QUESTION0_8_R 1 -1.907e+04 2.129e+02 8.046e+01
s>                        ( - -1.067e+04 4 0 QUESTION17 1 1.906e+02 4.529e+01)
s>                        ( - -8.187e+03 5 0 QUESTION0_0_R 1 1.847e+02 3.517e+01))
s>                    ( - -2.116e+04 6 0 QUESTION15 1 1.694e+02 9.321e+01)))))INFO: dtree.c(1439): stop. leaf nodes are specific
INFO: dtree.c(1478): Final simple tree
|( WDBNDRY_B 0 -4.819e+04 4.695e+02 2.212e+02
|    ( - 2.417e+02 1 0)
|    ( SILENCE 1 -4.796e+04 3.130e+02 2.202e+02
|        ( - -2.193e+04 1 0)
|        ( QUESTION0_1_R 1 -2.572e+04 2.805e+02 1.163e+02
|            ( QUESTION9 -1 -1.754e+04 2.897e+02 7.957e+01
|                ( - -1.175e+04 2 0)
|                ( - -5.506e+03 1 0))
|            ( QUESTION0_11_R 1 -7.895e+03 1.365e+02 3.673e+01
|                ( - -2.487e+03 1 0)
|                ( - -5.271e+03 1 0)))))
s>    ( WDBNDRY_B 0 -4.819e+04 4.695e+02 2.212e+02
s>        ( - 2.417e+02 1 0)
s>        ( SILENCE 1 -4.796e+04 3.130e+02 2.202e+02
s>            ( - -2.193e+04 1 0)
s>            ( QUESTION0_1_R 1 -2.572e+04 2.805e+02 1.163e+02
s>                ( QUESTION9 -1 -1.754e+04 2.897e+02 7.957e+01
s>                    ( - -1.175e+04 2 0)
s>                    ( - -5.506e+03 1 0))
s>                ( QUESTION0_11_R 1 -7.895e+03 1.365e+02 3.673e+01
s>                    ( - -2.487e+03 1 0)
s>                    ( - -5.271e+03 1 0)))))INFO: dtree.c(1315): Comp split 3
INFO: dtree.c(1439): stop. leaf nodes are specific
INFO: dtree.c(1478): Final simple tree
|( SILENCE 1 -4.796e+04 3.130e+02 2.202e+02
|    ( - -2.193e+04 1 0)
|    ( QUESTION0_1_R 1 -2.572e+04 2.805e+02 1.163e+02
|        ( QUESTION9 -1 -1.754e+04 2.897e+02 7.957e+01
|            ( - -1.175e+04 2 0)
|            ( - -5.506e+03 1 0))
|        ( QUESTION0_11_R 1 -7.895e+03 1.365e+02 3.673e+01
|            ( - -2.487e+03 1 0)
|            ( - -5.271e+03 1 0))))
s>    ( SILENCE 1 -4.796e+04 3.130e+02 2.202e+02
s>        ( - -2.193e+04 1 0)
s>        ( QUESTION0_1_R 1 -2.572e+04 2.805e+02 1.163e+02
s>            ( QUESTION9 -1 -1.754e+04 2.897e+02 7.957e+01
s>                ( - -1.175e+04 2 0)
s>                ( - -5.506e+03 1 0))
s>            ( QUESTION0_11_R 1 -7.895e+03 1.365e+02 3.673e+01
s>                ( - -2.487e+03 1 0)
s>                ( - -5.271e+03 1 0))))INFO: dtree.c(1315): Comp split 4
INFO: dtree.c(1478): Final simple tree
|( QUESTION14 1 -1.912e+05 2.763e+02 8.348e+02
|    ( QUESTION18 -1 -1.386e+05 1.930e+02 6.062e+02
|        ( - -3.949e+03 1 0)
|        ( QUESTION13 -1 -1.344e+05 1.847e+02 5.872e+02
|            ( - -6.178e+03 1 0)
|            ( - -1.281e+05 12 0 SILENCE -1 1.860e+02 5.602e+02)))
|    ( SILENCE -1 -5.238e+04 2.333e+02 2.286e+02
|        ( - -1.864e+04 1 0)
|        ( QUESTION8 -1 -3.351e+04 2.014e+02 1.461e+02
|            ( - -3.417e+03 2 0 QUESTION14 -1 1.605e+02 1.600e+01)
|            ( QUESTION2_13_L -1 -2.989e+04 1.951e+02 1.301e+02
|                ( - -1.093e+04 6 0 QUESTION6 -1 1.585e+02 4.707e+01)
|                ( QUESTION2_8_L -1 -1.876e+04 1.918e+02 8.304e+01
|                    ( - -1.658e+03 1 0)
|                    ( - -1.691e+04 3 0 QUESTION0 -1 1.183e+02 7.504e+01))))))
s>    ( QUESTION14 1 -1.912e+05 2.763e+02 8.348e+02
s>        ( QUESTION18 -1 -1.386e+05 1.930e+02 6.062e+02
s>            ( - -3.949e+03 1 0)
s>            ( QUESTION13 -1 -1.344e+05 1.847e+02 5.872e+02
s>                ( - -6.178e+03 1 0)
s>                ( - -1.281e+05 12 0 SILENCE -1 1.860e+02 5.602e+02)))
s>        ( SILENCE -1 -5.238e+04 2.333e+02 2.286e+02
s>            ( - -1.864e+04 1 0)
s>            ( QUESTION8 -1 -3.351e+04 2.014e+02 1.461e+02
s>                ( - -3.417e+03 2 0 QUESTION14 -1 1.605e+02 1.600e+01)
s>                ( QUESTION2_13_L -1 -2.989e+04 1.951e+02 1.301e+02
s>                    ( - -1.093e+04 6 0 QUESTION6 -1 1.585e+02 4.707e+01)
s>                    ( QUESTION2_8_L -1 -1.876e+04 1.918e+02 8.304e+01
s>                        ( - -1.658e+03 1 0)
s>                        ( - -1.691e+04 3 0 QUESTION0 -1 1.183e+02 7.504e+01))))))INFO: dtree.c(1439): stop. leaf nodes are specific
INFO: dtree.c(1478): Final simple tree
|( QUESTION14 1 -1.619e+05 2.373e+02 7.045e+02
|    ( - -4.989e+04 2 0)
|    ( - -1.118e+05 2 0))
s>    ( QUESTION14 1 -1.619e+05 2.373e+02 7.045e+02
s>        ( - -4.989e+04 2 0)
s>        ( - -1.118e+05 2 0))INFO: dtree.c(1315): Comp split 5
INFO: dtree.c(1439): stop. leaf nodes are specific
INFO: dtree.c(1478): Final simple tree
|( QUESTION0_1_R 1 -1.362e+04 2.219e+02 6.402e+01
|    ( - -5.506e+03 1 0)
|    ( QUESTION0_11_R 1 -7.895e+03 1.365e+02 3.673e+01
|        ( - -2.487e+03 1 0)
|        ( - -5.271e+03 1 0)))
s>    ( QUESTION0_1_R 1 -1.362e+04 2.219e+02 6.402e+01
s>        ( - -5.506e+03 1 0)
s>        ( QUESTION0_11_R 1 -7.895e+03 1.365e+02 3.673e+01
s>            ( - -2.487e+03 1 0)
s>            ( - -5.271e+03 1 0)))INFO: dtree.c(1439): stop. leaf nodes are specific
INFO: dtree.c(1478): Final simple tree
|( SILENCE 1 -3.390e+04 2.228e+02 1.562e+02
|    ( - -2.193e+04 1 0)
|    ( - -1.175e+04 2 0))
s>    ( SILENCE 1 -3.390e+04 2.228e+02 1.562e+02
s>        ( - -2.193e+04 1 0)
s>        ( - -1.175e+04 2 0))INFO: dtree.c(1315): Comp split 6
INFO: dtree.c(1439): stop. leaf nodes are specific
INFO: dtree.c(1478): Final simple tree
|( QUESTION0_0_R 1 -3.022e+04 2.469e+02 1.271e+02
|    ( - -1.053e+04 1 0)
|    ( QUESTION9 -1 -1.944e+04 1.873e+02 8.187e+01
|        ( QUESTION0 1 -9.036e+03 1.946e+02 3.903e+01
|            ( - -3.743e+03 1 0)
|            ( - -5.099e+03 1 0))
|        ( QUESTION0 1 -1.021e+04 1.452e+02 4.284e+01
|            ( - -4.660e+03 1 0)
|            ( - -5.407e+03 2 0))))
s>    ( QUESTION0_0_R 1 -3.022e+04 2.469e+02 1.271e+02
s>        ( - -1.053e+04 1 0)
s>        ( QUESTION9 -1 -1.944e+04 1.873e+02 8.187e+01
s>            ( QUESTION0 1 -9.036e+03 1.946e+02 3.903e+01
s>                ( - -3.743e+03 1 0)
s>                ( - -5.099e+03 1 0))
s>            ( QUESTION0 1 -1.021e+04 1.452e+02 4.284e+01
s>                ( - -4.660e+03 1 0)
s>                ( - -5.407e+03 2 0))))INFO: dtree.c(1478): Final simple tree
|( QUESTION0 1 -7.674e+04 3.876e+02 3.369e+02
|    ( QUESTION0_15_R 1 -4.437e+04 2.659e+02 1.907e+02
|        ( - -1.327e+03 1 0)
|        ( QUESTION9 1 -4.278e+04 2.245e+02 1.837e+02
|            ( - -1.922e+04 5 0 QUESTION15 1 1.748e+02 8.520e+01)
|            ( QUESTION0_13_R 1 -2.334e+04 1.889e+02 9.846e+01
|                ( QUESTION18 1 -8.755e+03 2.252e+02 3.718e+01
|                    ( - -3.875e+03 2 0 QUESTION9 -1 1.351e+02 1.717e+01)
|                    ( - -4.655e+03 3 0 QUESTION9 -1 1.940e+02 2.001e+01))
|                ( QUESTION17 1 -1.439e+04 2.121e+02 6.128e+01
|                    ( - -4.193e+03 2 0 QUESTION9 -1 1.672e+02 1.897e+01)
|                    ( - -9.987e+03 4 0 QUESTION0_8_R 1 1.657e+02 4.231e+01)))))
|    ( QUESTION9 -1 -3.198e+04 2.080e+02 1.463e+02
|        ( - -1.174e+04 3 0)
|        ( - -2.003e+04 3 0)))
s>    ( QUESTION0 1 -7.674e+04 3.876e+02 3.369e+02
s>        ( QUESTION0_15_R 1 -4.437e+04 2.659e+02 1.907e+02
s>            ( - -1.327e+03 1 0)
s>            ( QUESTION9 1 -4.278e+04 2.245e+02 1.837e+02
s>                ( - -1.922e+04 5 0 QUESTION15 1 1.748e+02 8.520e+01)
s>                ( QUESTION0_13_R 1 -2.334e+04 1.889e+02 9.846e+01
s>                    ( QUESTION18 1 -8.755e+03 2.252e+02 3.718e+01
s>                        ( - -3.875e+03 2 0 QUESTION9 -1 1.351e+02 1.717e+01)
s>                        ( - -4.655e+03 3 0 QUESTION9 -1 1.940e+02 2.001e+01))
s>                    ( QUESTION17 1 -1.439e+04 2.121e+02 6.128e+01
s>                        ( - -4.193e+03 2 0 QUESTION9 -1 1.672e+02 1.897e+01)
s>                        ( - -9.987e+03 4 0 QUESTION0_8_R 1 1.657e+02 4.231e+01)))))
s>        ( QUESTION9 -1 -3.198e+04 2.080e+02 1.463e+02
s>            ( - -1.174e+04 3 0)
s>            ( - -2.003e+04 3 0)))INFO: dtree.c(1315): Comp split 7
INFO: dtree.c(1439): stop. leaf nodes are specific
INFO: dtree.c(1478): Final simple tree
|( QUESTION0_13_R 1 -3.612e+04 2.625e+02 1.634e+02
|    ( QUESTION9 -1 -3.875e+03 1.351e+02 1.717e+01
|        ( - -2.917e+03 1 0)
|        ( - -8.233e+02 1 0))
|    ( QUESTION9 -1 -3.198e+04 2.080e+02 1.463e+02
|        ( - -1.174e+04 3 0)
|        ( - -2.003e+04 3 0)))
s>    ( QUESTION0_13_R 1 -3.612e+04 2.625e+02 1.634e+02
s>        ( QUESTION9 -1 -3.875e+03 1.351e+02 1.717e+01
s>            ( - -2.917e+03 1 0)
s>            ( - -8.233e+02 1 0))
s>        ( QUESTION9 -1 -3.198e+04 2.080e+02 1.463e+02
s>            ( - -1.174e+04 3 0)
s>            ( - -2.003e+04 3 0)))INFO: dtree.c(1478): Final simple tree
|( QUESTION0_15_R 1 -4.022e+04 2.612e+02 1.735e+02
|    ( - -1.327e+03 1 0)
|    ( QUESTION9 1 -3.863e+04 2.311e+02 1.665e+02
|        ( QUESTION15 1 -1.922e+04 1.748e+02 8.520e+01
|            ( - -4.834e+03 2 0 QUESTION9 -1 1.258e+02 2.100e+01)
|            ( QUESTION9 -1 -1.421e+04 1.716e+02 6.420e+01
|                ( - -8.765e+02 1 0)
|                ( - -1.316e+04 2 0 QUESTION0_3_R 1 1.459e+02 6.020e+01)))
|        ( QUESTION0_8_R 1 -1.918e+04 1.809e+02 8.130e+01
|            ( QUESTION17 1 -1.067e+04 1.906e+02 4.529e+01
|                ( - -4.193e+03 2 0 QUESTION9 -1 1.672e+02 1.897e+01)
|                ( - -6.291e+03 2 0 QUESTION9 -1 1.374e+02 2.632e+01))
|            ( QUESTION2 1 -8.321e+03 1.695e+02 3.601e+01
|                ( - -1.780e+03 1 0)
|                ( - -6.371e+03 4 0 QUESTION9 -1 1.622e+02 2.800e+01)))))
s>    ( QUESTION0_15_R 1 -4.022e+04 2.612e+02 1.735e+02
s>        ( - -1.327e+03 1 0)
s>        ( QUESTION9 1 -3.863e+04 2.311e+02 1.665e+02
s>            ( QUESTION15 1 -1.922e+04 1.748e+02 8.520e+01
s>                ( - -4.834e+03 2 0 QUESTION9 -1 1.258e+02 2.100e+01)
s>                ( QUESTION9 -1 -1.421e+04 1.716e+02 6.420e+01
s>                    ( - -8.765e+02 1 0)
s>                    ( - -1.316e+04 2 0 QUESTION0_3_R 1 1.459e+02 6.020e+01)))
s>            ( QUESTION0_8_R 1 -1.918e+04 1.809e+02 8.130e+01
s>                ( QUESTION17 1 -1.067e+04 1.906e+02 4.529e+01
s>                    ( - -4.193e+03 2 0 QUESTION9 -1 1.672e+02 1.897e+01)
s>                    ( - -6.291e+03 2 0 QUESTION9 -1 1.374e+02 2.632e+01))
s>                ( QUESTION2 1 -8.321e+03 1.695e+02 3.601e+01
s>                    ( - -1.780e+03 1 0)
s>                    ( - -6.371e+03 4 0 QUESTION9 -1 1.622e+02 2.800e+01)))))INFO: dtree.c(1315): Comp split 8
INFO: dtree.c(1439): stop. leaf nodes are specific
INFO: dtree.c(1478): Final simple tree
|( QUESTION0 -1 -1.691e+04 1.183e+02 7.504e+01
|    ( - -6.061e+03 1 0)
|    ( QUESTION2_0_L -1 -1.073e+04 1.012e+02 4.780e+01
|        ( - -3.435e+03 1 0)
|        ( - -7.197e+03 1 0)))
s>    ( QUESTION0 -1 -1.691e+04 1.183e+02 7.504e+01
s>        ( - -6.061e+03 1 0)
s>        ( QUESTION2_0_L -1 -1.073e+04 1.012e+02 4.780e+01
s>            ( - -3.435e+03 1 0)
s>            ( - -7.197e+03 1 0)))INFO: dtree.c(1478): Final simple tree
|( QUESTION14 1 -1.740e+05 2.581e+02 7.598e+02
|    ( QUESTION18 -1 -1.386e+05 1.930e+02 6.062e+02
|        ( - -3.949e+03 1 0)
|        ( QUESTION13 -1 -1.344e+05 1.847e+02 5.872e+02
|            ( - -6.178e+03 1 0)
|            ( SILENCE -1 -1.281e+05 1.860e+02 5.602e+02
|                ( - -9.223e+03 1 0)
|                ( QUESTION2_7_L -1 -1.186e+05 1.781e+02 5.196e+02
|                    ( - -4.114e+04 3 0 QUESTION0 -1 1.361e+02 1.805e+02)
|                    ( - -7.733e+04 8 0 QUESTION6 -1 1.642e+02 3.392e+02)))))
|    ( QUESTION2_20_L -1 -3.513e+04 2.176e+02 1.536e+02
|        ( - -1.001e+04 5 0 QUESTION3 -1 1.475e+02 4.307e+01)
|        ( SILENCE -1 -2.490e+04 1.798e+02 1.105e+02
|            ( - -1.864e+04 1 0)
|            ( - -6.080e+03 4 0 QUESTION15 -1 1.434e+02 2.800e+01))))
s>    ( QUESTION14 1 -1.740e+05 2.581e+02 7.598e+02
s>        ( QUESTION18 -1 -1.386e+05 1.930e+02 6.062e+02
s>            ( - -3.949e+03 1 0)
s>            ( QUESTION13 -1 -1.344e+05 1.847e+02 5.872e+02
s>                ( - -6.178e+03 1 0)
s>                ( SILENCE -1 -1.281e+05 1.860e+02 5.602e+02
s>                    ( - -9.223e+03 1 0)
s>                    ( QUESTION2_7_L -1 -1.186e+05 1.781e+02 5.196e+02
s>                        ( - -4.114e+04 3 0 QUESTION0 -1 1.361e+02 1.805e+02)
s>                        ( - -7.733e+04 8 0 QUESTION6 -1 1.642e+02 3.392e+02)))))
s>        ( QUESTION2_20_L -1 -3.513e+04 2.176e+02 1.536e+02
s>            ( - -1.001e+04 5 0 QUESTION3 -1 1.475e+02 4.307e+01)
s>            ( SILENCE -1 -2.490e+04 1.798e+02 1.105e+02
s>                ( - -1.864e+04 1 0)
s>                ( - -6.080e+03 4 0 QUESTION15 -1 1.434e+02 2.800e+01))))INFO: dtree.c(1315): Comp split 9
INFO: dtree.c(1439): stop. leaf nodes are specific
INFO: dtree.c(1478): Final simple tree
|( QUESTION14 1 -4.066e+04 1.994e+02 1.780e+02
|    ( SILENCE -1 -1.556e+04 1.558e+02 6.755e+01
|        ( - -9.223e+03 1 0)
|        ( - -6.178e+03 1 0))
|    ( SILENCE -1 -2.490e+04 1.798e+02 1.105e+02
|        ( - -1.864e+04 1 0)
|        ( QUESTION15 -1 -6.080e+03 1.434e+02 2.800e+01
|            ( - -7.372e+02 1 0)
|            ( QUESTION1 -1 -5.199e+03 1.525e+02 2.400e+01
|                ( - -7.613e+02 1 0)
|                ( QUESTION0 -1 -4.285e+03 1.079e+02 2.000e+01
|                    ( - -2.519e+03 1 0)
|                    ( - -1.658e+03 1 0))))))
s>    ( QUESTION14 1 -4.066e+04 1.994e+02 1.780e+02
s>        ( SILENCE -1 -1.556e+04 1.558e+02 6.755e+01
s>            ( - -9.223e+03 1 0)
s>            ( - -6.178e+03 1 0))
s>        ( SILENCE -1 -2.490e+04 1.798e+02 1.105e+02
s>            ( - -1.864e+04 1 0)
s>            ( QUESTION15 -1 -6.080e+03 1.434e+02 2.800e+01
s>                ( - -7.372e+02 1 0)
s>                ( QUESTION1 -1 -5.199e+03 1.525e+02 2.400e+01
s>                    ( - -7.613e+02 1 0)
s>                    ( QUESTION0 -1 -4.285e+03 1.079e+02 2.000e+01
s>                        ( - -2.519e+03 1 0)
s>                        ( - -1.658e+03 1 0))))))INFO: dtree.c(1478): Final simple tree
|( QUESTION2_7_L -1 -1.330e+05 1.927e+02 5.817e+02
|    ( QUESTION18 -1 -4.528e+04 1.916e+02 1.995e+02
|        ( - -3.949e+03 1 0)
|        ( - -4.114e+04 3 0 QUESTION0 -1 1.361e+02 1.805e+02))
|    ( QUESTION14 1 -8.751e+04 1.700e+02 3.823e+02
|        ( QUESTION6 -1 -7.733e+04 1.642e+02 3.392e+02
|            ( - -1.205e+03 1 0)
|            ( QUESTION2 -1 -7.596e+04 1.603e+02 3.332e+02
|                ( - -2.083e+04 1 0)
|                ( QUESTION8 -1 -5.497e+04 1.412e+02 2.408e+02
|                    ( - -1.007e+04 1 0)
|                    ( - -4.476e+04 5 0 QUESTION0 -1 1.175e+02 1.967e+02))))
|        ( QUESTION3 -1 -1.001e+04 1.475e+02 4.307e+01
|            ( - -1.916e+03 1 0)
|            ( - -7.949e+03 4 0 QUESTION0 -1 1.182e+02 3.406e+01))))
s>    ( QUESTION2_7_L -1 -1.330e+05 1.927e+02 5.817e+02
s>        ( QUESTION18 -1 -4.528e+04 1.916e+02 1.995e+02
s>            ( - -3.949e+03 1 0)
s>            ( - -4.114e+04 3 0 QUESTION0 -1 1.361e+02 1.805e+02))
s>        ( QUESTION14 1 -8.751e+04 1.700e+02 3.823e+02
s>            ( QUESTION6 -1 -7.733e+04 1.642e+02 3.392e+02
s>                ( - -1.205e+03 1 0)
s>                ( QUESTION2 -1 -7.596e+04 1.603e+02 3.332e+02
s>                    ( - -2.083e+04 1 0)
s>                    ( QUESTION8 -1 -5.497e+04 1.412e+02 2.408e+02
s>                        ( - -1.007e+04 1 0)
s>                        ( - -4.476e+04 5 0 QUESTION0 -1 1.175e+02 1.967e+02))))
s>            ( QUESTION3 -1 -1.001e+04 1.475e+02 4.307e+01
s>                ( - -1.916e+03 1 0)
s>                ( - -7.949e+03 4 0 QUESTION0 -1 1.182e+02 3.406e+01))))INFO: dtree.c(1315): Comp split 10
INFO: dtree.c(1439): stop. leaf nodes are specific
INFO: dtree.c(1478): Final simple tree
|( QUESTION0_0_R 1 -1.473e+04 2.435e+02 6.720e+01
|    ( QUESTION0_3_R 1 -1.316e+04 1.459e+02 6.020e+01
|        ( - -1.140e+04 1 0)
|        ( - -1.613e+03 1 0))
|    ( - -1.327e+03 1 0))
s>    ( QUESTION0_0_R 1 -1.473e+04 2.435e+02 6.720e+01
s>        ( QUESTION0_3_R 1 -1.316e+04 1.459e+02 6.020e+01
s>            ( - -1.140e+04 1 0)
s>            ( - -1.613e+03 1 0))
s>        ( - -1.327e+03 1 0))INFO: dtree.c(1478): Final simple tree
|( QUESTION0_8_R 1 -2.518e+04 2.198e+02 1.063e+02
|    ( QUESTION17 1 -1.067e+04 1.906e+02 4.529e+01
|        ( QUESTION9 -1 -4.193e+03 1.672e+02 1.897e+01
|            ( - -1.686e+03 1 0)
|            ( - -2.340e+03 1 0))
|        ( QUESTION9 -1 -6.291e+03 1.374e+02 2.632e+01
|            ( - -2.025e+03 1 0)
|            ( - -4.129e+03 1 0)))
|    ( QUESTION0_20_R 1 -1.428e+04 1.734e+02 6.101e+01
|        ( - -2.152e+03 1 0)
|        ( QUESTION1 1 -1.196e+04 1.579e+02 5.101e+01
|            ( - -1.780e+03 1 0)
|            ( QUESTION0_5_R 1 -1.002e+04 1.362e+02 4.300e+01
|                ( - -1.220e+03 1 0)
|                ( - -8.664e+03 5 0 QUESTION0_0_R 1 1.370e+02 3.700e+01)))))
s>    ( QUESTION0_8_R 1 -2.518e+04 2.198e+02 1.063e+02
s>        ( QUESTION17 1 -1.067e+04 1.906e+02 4.529e+01
s>            ( QUESTION9 -1 -4.193e+03 1.672e+02 1.897e+01
s>                ( - -1.686e+03 1 0)
s>                ( - -2.340e+03 1 0))
s>            ( QUESTION9 -1 -6.291e+03 1.374e+02 2.632e+01
s>                ( - -2.025e+03 1 0)
s>                ( - -4.129e+03 1 0)))
s>        ( QUESTION0_20_R 1 -1.428e+04 1.734e+02 6.101e+01
s>            ( - -2.152e+03 1 0)
s>            ( QUESTION1 1 -1.196e+04 1.579e+02 5.101e+01
s>                ( - -1.780e+03 1 0)
s>                ( QUESTION0_5_R 1 -1.002e+04 1.362e+02 4.300e+01
s>                    ( - -1.220e+03 1 0)
s>                    ( - -8.664e+03 5 0 QUESTION0_0_R 1 1.370e+02 3.700e+01)))))INFO: dtree.c(1315): Comp split 11
INFO: dtree.c(1439): stop. leaf nodes are specific
INFO: dtree.c(1478): Final simple tree
|( QUESTION9 -1 -4.193e+03 1.672e+02 1.897e+01
|    ( - -1.686e+03 1 0)
|    ( - -2.340e+03 1 0))
s>    ( QUESTION9 -1 -4.193e+03 1.672e+02 1.897e+01
s>        ( - -1.686e+03 1 0)
s>        ( - -2.340e+03 1 0))INFO: dtree.c(1478): Final simple tree
|( QUESTION0_20_R 1 -2.071e+04 1.668e+02 8.733e+01
|    ( - -2.152e+03 1 0)
|    ( QUESTION1 1 -1.839e+04 1.524e+02 7.733e+01
|        ( - -1.780e+03 1 0)
|        ( QUESTION0_7_R 1 -1.646e+04 1.510e+02 6.932e+01
|            ( - -1.220e+03 1 0)
|            ( QUESTION0_3_R 1 -1.509e+04 1.443e+02 6.332e+01
|                ( - -5.816e+03 3 0 QUESTION9 -1 1.198e+02 2.500e+01)
|                ( QUESTION9 -1 -9.130e+03 1.747e+02 3.832e+01
|                    ( QUESTION0_0_R 1 -4.082e+03 1.202e+02 1.802e+01
|                        ( - -2.025e+03 1 0)
|                        ( - -1.937e+03 1 0))
|                    ( QUESTION0_0_R 1 -4.873e+03 1.750e+02 2.030e+01
|                        ( - -4.129e+03 1 0)
|                        ( - -5.685e+02 1 0)))))))
s>    ( QUESTION0_20_R 1 -2.071e+04 1.668e+02 8.733e+01
s>        ( - -2.152e+03 1 0)
s>        ( QUESTION1 1 -1.839e+04 1.524e+02 7.733e+01
s>            ( - -1.780e+03 1 0)
s>            ( QUESTION0_7_R 1 -1.646e+04 1.510e+02 6.932e+01
s>                ( - -1.220e+03 1 0)
s>                ( QUESTION0_3_R 1 -1.509e+04 1.443e+02 6.332e+01
s>                    ( - -5.816e+03 3 0 QUESTION9 -1 1.198e+02 2.500e+01)
s>                    ( QUESTION9 -1 -9.130e+03 1.747e+02 3.832e+01
s>                        ( QUESTION0_0_R 1 -4.082e+03 1.202e+02 1.802e+01
s>                            ( - -2.025e+03 1 0)
s>                            ( - -1.937e+03 1 0))
s>                        ( QUESTION0_0_R 1 -4.873e+03 1.750e+02 2.030e+01
s>                            ( - -4.129e+03 1 0)
s>                            ( - -5.685e+02 1 0)))))))INFO: dtree.c(1315): Comp split 12
INFO: dtree.c(1439): stop. leaf nodes are specific
INFO: dtree.c(1478): Final simple tree
|( QUESTION0_0_R 1 -2.484e+04 2.133e+02 1.041e+02
|    ( - -1.053e+04 1 0)
|    ( QUESTION0 1 -1.410e+04 1.451e+02 5.886e+01
|        ( QUESTION9 -1 -8.546e+03 1.429e+02 3.580e+01
|            ( - -3.743e+03 1 0)
|            ( - -4.660e+03 1 0))
|        ( - -5.407e+03 2 0)))
s>    ( QUESTION0_0_R 1 -2.484e+04 2.133e+02 1.041e+02
s>        ( - -1.053e+04 1 0)
s>        ( QUESTION0 1 -1.410e+04 1.451e+02 5.886e+01
s>            ( QUESTION9 -1 -8.546e+03 1.429e+02 3.580e+01
s>                ( - -3.743e+03 1 0)
s>                ( - -4.660e+03 1 0))
s>            ( - -5.407e+03 2 0)))INFO: dtree.c(1315): Comp split 13
INFO: dtree.c(1439): stop. leaf nodes are specific
INFO: dtree.c(1478): Final simple tree
|( QUESTION9 -1 -3.198e+04 2.080e+02 1.463e+02
|    ( - -1.174e+04 3 0)
|    ( - -2.003e+04 3 0))
s>    ( QUESTION9 -1 -3.198e+04 2.080e+02 1.463e+02
s>        ( - -1.174e+04 3 0)
s>        ( - -2.003e+04 3 0))INFO: dtree.c(1439): stop. leaf nodes are specific
INFO: dtree.c(1478): Final simple tree
|( QUESTION9 -1 -3.875e+03 1.351e+02 1.717e+01
|    ( - -2.917e+03 1 0)
|    ( - -8.233e+02 1 0))
s>    ( QUESTION9 -1 -3.875e+03 1.351e+02 1.717e+01
s>        ( - -2.917e+03 1 0)
s>        ( - -8.233e+02 1 0))INFO: dtree.c(1315): Comp split 14
INFO: dtree.c(1439): stop. leaf nodes are specific
INFO: dtree.c(1478): Final simple tree
|( QUESTION0_3_R 1 -1.316e+04 1.459e+02 6.020e+01
|    ( - -1.140e+04 1 0)
|    ( - -1.613e+03 1 0))
s>    ( QUESTION0_3_R 1 -1.316e+04 1.459e+02 6.020e+01
s>        ( - -1.140e+04 1 0)
s>        ( - -1.613e+03 1 0))INFO: dtree.c(1315): Comp split 15
INFO: dtree.c(1315): Comp split 16
INFO: dtree.c(1315): Comp split 17
INFO: dtree.c(1439): stop. leaf nodes are specific
INFO: dtree.c(1478): Final simple tree
|( QUESTION0_11_R 1 -7.895e+03 1.365e+02 3.673e+01
|    ( - -2.487e+03 1 0)
|    ( - -5.271e+03 1 0))
s>    ( QUESTION0_11_R 1 -7.895e+03 1.365e+02 3.673e+01
s>        ( - -2.487e+03 1 0)
s>        ( - -5.271e+03 1 0))INFO: dtree.c(1315): Comp split 18
INFO: dtree.c(1439): stop. leaf nodes are specific
INFO: dtree.c(1478): Final simple tree
|( WDBNDRY_E 0 -3.024e+04 2.140e+02 1.359e+02
|    ( - -9.849e+02 1 0)
|    ( - -2.904e+04 1 0))
s>    ( WDBNDRY_E 0 -3.024e+04 2.140e+02 1.359e+02
s>        ( - -9.849e+02 1 0)
s>        ( - -2.904e+04 1 0))INFO: dtree.c(1315): Comp split 19
INFO: dtree.c(1315): Comp split 20
INFO: dtree.c(1439): stop. leaf nodes are specific
INFO: dtree.c(1478): Final simple tree
|( QUESTION0 1 -1.410e+04 1.451e+02 5.886e+01
|    ( QUESTION9 -1 -8.546e+03 1.429e+02 3.580e+01
|        ( - -3.743e+03 1 0)
|        ( - -4.660e+03 1 0))
|    ( - -5.407e+03 2 0))
s>    ( QUESTION0 1 -1.410e+04 1.451e+02 5.886e+01
s>        ( QUESTION9 -1 -8.546e+03 1.429e+02 3.580e+01
s>            ( - -3.743e+03 1 0)
s>            ( - -4.660e+03 1 0))
s>        ( - -5.407e+03 2 0))INFO: dtree.c(1315): Comp split 21
INFO: dtree.c(1439): stop. leaf nodes are specific
INFO: dtree.c(1478): Final simple tree
|( QUESTION15 -1 -6.080e+03 1.434e+02 2.800e+01
|    ( - -7.372e+02 1 0)
|    ( QUESTION1 -1 -5.199e+03 1.525e+02 2.400e+01
|        ( - -7.613e+02 1 0)
|        ( QUESTION0 -1 -4.285e+03 1.079e+02 2.000e+01
|            ( - -2.519e+03 1 0)
|            ( - -1.658e+03 1 0))))
s>    ( QUESTION15 -1 -6.080e+03 1.434e+02 2.800e+01
s>        ( - -7.372e+02 1 0)
s>        ( QUESTION1 -1 -5.199e+03 1.525e+02 2.400e+01
s>            ( - -7.613e+02 1 0)
s>            ( QUESTION0 -1 -4.285e+03 1.079e+02 2.000e+01
s>                ( - -2.519e+03 1 0)
s>                ( - -1.658e+03 1 0))))INFO: dtree.c(1439): stop. leaf nodes are specific
INFO: dtree.c(1478): Final simple tree
|( SILENCE -1 -3.437e+04 1.754e+02 1.500e+02
|    ( QUESTION14 1 -2.802e+04 1.515e+02 1.231e+02
|        ( - -9.223e+03 1 0)
|        ( - -1.864e+04 1 0))
|    ( - -6.178e+03 1 0))
s>    ( SILENCE -1 -3.437e+04 1.754e+02 1.500e+02
s>        ( QUESTION14 1 -2.802e+04 1.515e+02 1.231e+02
s>            ( - -9.223e+03 1 0)
s>            ( - -1.864e+04 1 0))
s>        ( - -6.178e+03 1 0))INFO: dtree.c(1315): Comp split 22
INFO: dtree.c(1315): Comp split 23
INFO: dtree.c(1439): stop. leaf nodes are specific
INFO: dtree.c(1478): Final simple tree
|( QUESTION18 -1 -5.550e+04 1.836e+02 2.435e+02
|    ( - -3.949e+03 1 0)
|    ( QUESTION9 -1 -5.137e+04 1.595e+02 2.245e+02
|        ( - -1.007e+04 1 0)
|        ( QUESTION0 -1 -4.114e+04 1.361e+02 1.805e+02
|            ( - -7.291e+03 1 0)
|            ( QUESTION2_8_L -1 -3.372e+04 1.716e+02 1.485e+02
|                ( - -9.576e+02 1 0)
|                ( - -3.259e+04 1 0)))))
s>    ( QUESTION18 -1 -5.550e+04 1.836e+02 2.435e+02
s>        ( - -3.949e+03 1 0)
s>        ( QUESTION9 -1 -5.137e+04 1.595e+02 2.245e+02
s>            ( - -1.007e+04 1 0)
s>            ( QUESTION0 -1 -4.114e+04 1.361e+02 1.805e+02
s>                ( - -7.291e+03 1 0)
s>                ( QUESTION2_8_L -1 -3.372e+04 1.716e+02 1.485e+02
s>                    ( - -9.576e+02 1 0)
s>                    ( - -3.259e+04 1 0)))))INFO: dtree.c(1478): Final simple tree
|( QUESTION14 1 -7.729e+04 1.678e+02 3.382e+02
|    ( QUESTION6 -1 -6.711e+04 1.634e+02 2.952e+02
|        ( - -1.205e+03 1 0)
|        ( QUESTION2 -1 -6.574e+04 1.493e+02 2.892e+02
|            ( - -2.083e+04 1 0)
|            ( QUESTION0 -1 -4.476e+04 1.175e+02 1.967e+02
|                ( - -8.477e+03 1 0)
|                ( QUESTION2_0_L -1 -3.616e+04 1.071e+02 1.595e+02
|                    ( - -1.966e+03 1 0)
|                    ( - -3.409e+04 3 0)))))
|    ( QUESTION3 -1 -1.001e+04 1.475e+02 4.307e+01
|        ( - -1.916e+03 1 0)
|        ( QUESTION0 -1 -7.949e+03 1.182e+02 3.406e+01
|            ( - -2.275e+03 1 0)
|            ( - -5.556e+03 3 0))))
s>    ( QUESTION14 1 -7.729e+04 1.678e+02 3.382e+02
s>        ( QUESTION6 -1 -6.711e+04 1.634e+02 2.952e+02
s>            ( - -1.205e+03 1 0)
s>            ( QUESTION2 -1 -6.574e+04 1.493e+02 2.892e+02
s>                ( - -2.083e+04 1 0)
s>                ( QUESTION0 -1 -4.476e+04 1.175e+02 1.967e+02
s>                    ( - -8.477e+03 1 0)
s>                    ( QUESTION2_0_L -1 -3.616e+04 1.071e+02 1.595e+02
s>                        ( - -1.966e+03 1 0)
s>                        ( - -3.409e+04 3 0)))))
s>        ( QUESTION3 -1 -1.001e+04 1.475e+02 4.307e+01
s>            ( - -1.916e+03 1 0)
s>            ( QUESTION0 -1 -7.949e+03 1.182e+02 3.406e+01
s>                ( - -2.275e+03 1 0)
s>                ( - -5.556e+03 3 0))))INFO: dtree.c(1315): Comp split 24
INFO: dtree.c(1439): stop. leaf nodes are specific
INFO: dtree.c(1478): Final simple tree
|( QUESTION0 -1 -4.001e+04 1.347e+02 1.755e+02
|    ( - -7.291e+03 1 0)
|    ( - -3.259e+04 1 0))
s>    ( QUESTION0 -1 -4.001e+04 1.347e+02 1.755e+02
s>        ( - -7.291e+03 1 0)
s>        ( - -3.259e+04 1 0))INFO: dtree.c(1439): stop. leaf nodes are specific
INFO: dtree.c(1478): Final simple tree
|( QUESTION0 -1 -1.529e+04 1.638e+02 6.803e+01
|    ( QUESTION9 -1 -1.417e+04 1.511e+02 6.303e+01
|        ( - -1.007e+04 1 0)
|        ( - -3.949e+03 1 0))
|    ( - -9.576e+02 1 0))
s>    ( QUESTION0 -1 -1.529e+04 1.638e+02 6.803e+01
s>        ( QUESTION9 -1 -1.417e+04 1.511e+02 6.303e+01
s>            ( - -1.007e+04 1 0)
s>            ( - -3.949e+03 1 0))
s>        ( - -9.576e+02 1 0))INFO: dtree.c(1315): Comp split 25
INFO: dtree.c(1439): stop. leaf nodes are specific
INFO: dtree.c(1478): Final simple tree
|( QUESTION3 -1 -2.735e+04 1.476e+02 1.205e+02
|    ( - -1.916e+03 1 0)
|    ( QUESTION14 1 -2.528e+04 1.184e+02 1.114e+02
|        ( QUESTION0 -1 -2.289e+04 9.073e+01 1.014e+02
|            ( - -2.083e+04 1 0)
|            ( - -1.966e+03 1 0))
|        ( - -2.275e+03 1 0)))
s>    ( QUESTION3 -1 -2.735e+04 1.476e+02 1.205e+02
s>        ( - -1.916e+03 1 0)
s>        ( QUESTION14 1 -2.528e+04 1.184e+02 1.114e+02
s>            ( QUESTION0 -1 -2.289e+04 9.073e+01 1.014e+02
s>                ( - -2.083e+04 1 0)
s>                ( - -1.966e+03 1 0))
s>            ( - -2.275e+03 1 0)))INFO: dtree.c(1439): stop. leaf nodes are specific
INFO: dtree.c(1478): Final simple tree
|( QUESTION6 -1 -4.975e+04 1.635e+02 2.178e+02
|    ( - -1.205e+03 1 0)
|    ( QUESTION14 1 -4.838e+04 1.403e+02 2.118e+02
|        ( QUESTION0 -1 -4.269e+04 1.187e+02 1.877e+02
|            ( - -8.477e+03 1 0)
|            ( - -3.409e+04 3 0))
|        ( - -5.556e+03 3 0)))
s>    ( QUESTION6 -1 -4.975e+04 1.635e+02 2.178e+02
s>        ( - -1.205e+03 1 0)
s>        ( QUESTION14 1 -4.838e+04 1.403e+02 2.118e+02
s>            ( QUESTION0 -1 -4.269e+04 1.187e+02 1.877e+02
s>                ( - -8.477e+03 1 0)
s>                ( - -3.409e+04 3 0))
s>            ( - -5.556e+03 3 0)))INFO: dtree.c(1315): Comp split 26
INFO: dtree.c(1439): stop. leaf nodes are specific
INFO: dtree.c(1478): Final simple tree
|( QUESTION0 -1 -4.285e+03 1.079e+02 2.000e+01
|    ( - -2.519e+03 1 0)
|    ( - -1.658e+03 1 0))
s>    ( QUESTION0 -1 -4.285e+03 1.079e+02 2.000e+01
s>        ( - -2.519e+03 1 0)
s>        ( - -1.658e+03 1 0))INFO: dtree.c(1439): stop. leaf nodes are specific
INFO: dtree.c(1478): Final simple tree
|( QUESTION1 -1 -1.604e+03 1.060e+02 8.000e+00
|    ( - -7.613e+02 1 0)
|    ( - -7.372e+02 1 0))
s>    ( QUESTION1 -1 -1.604e+03 1.060e+02 8.000e+00
s>        ( - -7.613e+02 1 0)
s>        ( - -7.372e+02 1 0))INFO: dtree.c(1315): Comp split 27
INFO: dtree.c(1439): stop. leaf nodes are specific
INFO: dtree.c(1478): Final simple tree
|( QUESTION0_20_R 1 -6.396e+03 1.625e+02 2.802e+01
|    ( - -2.152e+03 1 0)
|    ( QUESTION0_0_R 1 -4.082e+03 1.202e+02 1.802e+01
|        ( - -2.025e+03 1 0)
|        ( - -1.937e+03 1 0)))
s>    ( QUESTION0_20_R 1 -6.396e+03 1.625e+02 2.802e+01
s>        ( - -2.152e+03 1 0)
s>        ( QUESTION0_0_R 1 -4.082e+03 1.202e+02 1.802e+01
s>            ( - -2.025e+03 1 0)
s>            ( - -1.937e+03 1 0)))INFO: dtree.c(1439): stop. leaf nodes are specific
INFO: dtree.c(1478): Final simple tree
|( QUESTION17 1 -1.413e+04 1.739e+02 5.931e+01
|    ( - -5.685e+02 1 0)
|    ( QUESTION0_8_R 1 -1.339e+04 1.565e+02 5.631e+01
|        ( - -4.129e+03 1 0)
|        ( QUESTION0_0_R 1 -9.102e+03 1.493e+02 3.901e+01
|            ( QUESTION0_3_R 1 -7.173e+03 1.374e+02 3.100e+01
|                ( QUESTION9 -1 -5.816e+03 1.198e+02 2.500e+01
|                    ( QUESTION0_4_R 1 -3.309e+03 1.115e+02 1.400e+01
|                        ( - -8.765e+02 1 0)
|                        ( - -2.321e+03 1 0))
|                    ( - -2.387e+03 1 0))
|                ( - -1.220e+03 1 0))
|            ( - -1.780e+03 1 0))))
s>    ( QUESTION17 1 -1.413e+04 1.739e+02 5.931e+01
s>        ( - -5.685e+02 1 0)
s>        ( QUESTION0_8_R 1 -1.339e+04 1.565e+02 5.631e+01
s>            ( - -4.129e+03 1 0)
s>            ( QUESTION0_0_R 1 -9.102e+03 1.493e+02 3.901e+01
s>                ( QUESTION0_3_R 1 -7.173e+03 1.374e+02 3.100e+01
s>                    ( QUESTION9 -1 -5.816e+03 1.198e+02 2.500e+01
s>                        ( QUESTION0_4_R 1 -3.309e+03 1.115e+02 1.400e+01
s>                            ( - -8.765e+02 1 0)
s>                            ( - -2.321e+03 1 0))
s>                        ( - -2.387e+03 1 0))
s>                    ( - -1.220e+03 1 0))
s>                ( - -1.780e+03 1 0))))INFO: dtree.c(1315): Comp split 28
INFO: dtree.c(1439): stop. leaf nodes are specific
INFO: dtree.c(1478): Final simple tree
|( QUESTION14 1 -2.802e+04 1.515e+02 1.231e+02
|    ( - -9.223e+03 1 0)
|    ( - -1.864e+04 1 0))
s>    ( QUESTION14 1 -2.802e+04 1.515e+02 1.231e+02
s>        ( - -9.223e+03 1 0)
s>        ( - -1.864e+04 1 0))INFO: dtree.c(1315): Comp split 29
INFO: dtree.c(1439): stop. leaf nodes are specific
INFO: dtree.c(1478): Final simple tree
|( QUESTION0_8_R 1 -1.339e+04 1.565e+02 5.631e+01
|    ( - -4.129e+03 1 0)
|    ( QUESTION0_0_R 1 -9.102e+03 1.493e+02 3.901e+01
|        ( QUESTION0_3_R 1 -7.173e+03 1.374e+02 3.100e+01
|            ( QUESTION9 -1 -5.816e+03 1.198e+02 2.500e+01
|                ( QUESTION0_4_R 1 -3.309e+03 1.115e+02 1.400e+01
|                    ( - -8.765e+02 1 0)
|                    ( - -2.321e+03 1 0))
|                ( - -2.387e+03 1 0))
|            ( - -1.220e+03 1 0))
|        ( - -1.780e+03 1 0)))
s>    ( QUESTION0_8_R 1 -1.339e+04 1.565e+02 5.631e+01
s>        ( - -4.129e+03 1 0)
s>        ( QUESTION0_0_R 1 -9.102e+03 1.493e+02 3.901e+01
s>            ( QUESTION0_3_R 1 -7.173e+03 1.374e+02 3.100e+01
s>                ( QUESTION9 -1 -5.816e+03 1.198e+02 2.500e+01
s>                    ( QUESTION0_4_R 1 -3.309e+03 1.115e+02 1.400e+01
s>                        ( - -8.765e+02 1 0)
s>                        ( - -2.321e+03 1 0))
s>                    ( - -2.387e+03 1 0))
s>                ( - -1.220e+03 1 0))
s>            ( - -1.780e+03 1 0)))INFO: dtree.c(1315): Comp split 30
INFO: dtree.c(1439): stop. leaf nodes are specific
INFO: dtree.c(1478): Final simple tree
|( QUESTION0_3_R 1 -7.563e+03 1.254e+02 3.130e+01
|    ( QUESTION0_4_R 1 -3.309e+03 1.115e+02 1.400e+01
|        ( - -8.765e+02 1 0)
|        ( - -2.321e+03 1 0))
|    ( - -4.129e+03 1 0))
s>    ( QUESTION0_3_R 1 -7.563e+03 1.254e+02 3.130e+01
s>        ( QUESTION0_4_R 1 -3.309e+03 1.115e+02 1.400e+01
s>            ( - -8.765e+02 1 0)
s>            ( - -2.321e+03 1 0))
s>        ( - -4.129e+03 1 0))INFO: dtree.c(1439): stop. leaf nodes are specific
INFO: dtree.c(1478): Final simple tree
|( QUESTION0_0_R 1 -5.649e+03 1.455e+02 2.501e+01
|    ( QUESTION0_3_R 1 -3.724e+03 1.166e+02 1.700e+01
|        ( - -2.387e+03 1 0)
|        ( - -1.220e+03 1 0))
|    ( - -1.780e+03 1 0))
s>    ( QUESTION0_0_R 1 -5.649e+03 1.455e+02 2.501e+01
s>        ( QUESTION0_3_R 1 -3.724e+03 1.166e+02 1.700e+01
s>            ( - -2.387e+03 1 0)
s>            ( - -1.220e+03 1 0))
s>        ( - -1.780e+03 1 0))INFO: dtree.c(1315): Comp split 31
INFO: dtree.c(1315): Comp split 32
INFO: dtree.c(1439): stop. leaf nodes are specific
INFO: dtree.c(1478): Final simple tree
|( QUESTION9 -1 -1.417e+04 1.511e+02 6.303e+01
|    ( - -1.007e+04 1 0)
|    ( - -3.949e+03 1 0))
s>    ( QUESTION9 -1 -1.417e+04 1.511e+02 6.303e+01
s>        ( - -1.007e+04 1 0)
s>        ( - -3.949e+03 1 0))INFO: dtree.c(1315): Comp split 33
INFO: dtree.c(1439): stop. leaf nodes are specific
INFO: dtree.c(1478): Final simple tree
|( QUESTION14 1 -4.838e+04 1.403e+02 2.118e+02
|    ( QUESTION0 -1 -4.269e+04 1.187e+02 1.877e+02
|        ( - -8.477e+03 1 0)
|        ( - -3.409e+04 3 0))
|    ( - -5.556e+03 3 0))
s>    ( QUESTION14 1 -4.838e+04 1.403e+02 2.118e+02
s>        ( QUESTION0 -1 -4.269e+04 1.187e+02 1.877e+02
s>            ( - -8.477e+03 1 0)
s>            ( - -3.409e+04 3 0))
s>        ( - -5.556e+03 3 0))INFO: dtree.c(1315): Comp split 34
INFO: dtree.c(1439): stop. leaf nodes are specific
INFO: dtree.c(1478): Final simple tree
|( QUESTION0_0_R 1 -4.082e+03 1.202e+02 1.802e+01
|    ( - -2.025e+03 1 0)
|    ( - -1.937e+03 1 0))
s>    ( QUESTION0_0_R 1 -4.082e+03 1.202e+02 1.802e+01
s>        ( - -2.025e+03 1 0)
s>        ( - -1.937e+03 1 0))INFO: dtree.c(1315): Comp split 35
INFO: dtree.c(1315): Comp split 36
INFO: dtree.c(1315): Comp split 37
INFO: dtree.c(1439): stop. leaf nodes are specific
INFO: dtree.c(1478): Final simple tree
|( QUESTION14 1 -2.528e+04 1.184e+02 1.114e+02
|    ( QUESTION0 -1 -2.289e+04 9.073e+01 1.014e+02
|        ( - -2.083e+04 1 0)
|        ( - -1.966e+03 1 0))
|    ( - -2.275e+03 1 0))
s>    ( QUESTION14 1 -2.528e+04 1.184e+02 1.114e+02
s>        ( QUESTION0 -1 -2.289e+04 9.073e+01 1.014e+02
s>            ( - -2.083e+04 1 0)
s>            ( - -1.966e+03 1 0))
s>        ( - -2.275e+03 1 0))INFO: dtree.c(1315): Comp split 38
INFO: dtree.c(1315): Comp split 39
INFO: dtree.c(1439): stop. leaf nodes are specific
INFO: dtree.c(1478): Final simple tree
|( QUESTION0_3_R 1 -3.724e+03 1.166e+02 1.700e+01
|    ( - -2.387e+03 1 0)
|    ( - -1.220e+03 1 0))
s>    ( QUESTION0_3_R 1 -3.724e+03 1.166e+02 1.700e+01
s>        ( - -2.387e+03 1 0)
s>        ( - -1.220e+03 1 0))INFO: dtree.c(1315): Comp split 40
INFO: dtree.c(1439): stop. leaf nodes are specific
INFO: dtree.c(1478): Final simple tree
|( QUESTION9 -1 -8.546e+03 1.429e+02 3.580e+01
|    ( - -3.743e+03 1 0)
|    ( - -4.660e+03 1 0))
s>    ( QUESTION9 -1 -8.546e+03 1.429e+02 3.580e+01
s>        ( - -3.743e+03 1 0)
s>        ( - -4.660e+03 1 0))INFO: dtree.c(1315): Comp split 41
INFO: dtree.c(1315): Comp split 42
INFO: dtree.c(1439): stop. leaf nodes are specific
INFO: dtree.c(1478): Final simple tree
|( QUESTION0 -1 -4.269e+04 1.187e+02 1.877e+02
|    ( - -8.477e+03 1 0)
|    ( - -3.409e+04 3 0))
s>    ( QUESTION0 -1 -4.269e+04 1.187e+02 1.877e+02
s>        ( - -8.477e+03 1 0)
s>        ( - -3.409e+04 3 0))INFO: dtree.c(1315): Comp split 43
INFO: dtree.c(1315): Comp split 44
INFO: dtree.c(1315): Comp split 45
INFO: dtree.c(1315): Comp split 46
INFO: dtree.c(1439): stop. leaf nodes are specific
INFO: dtree.c(1478): Final simple tree
|( QUESTION0_4_R 1 -3.309e+03 1.115e+02 1.400e+01
|    ( - -8.765e+02 1 0)
|    ( - -2.321e+03 1 0))
s>    ( QUESTION0_4_R 1 -3.309e+03 1.115e+02 1.400e+01
s>        ( - -8.765e+02 1 0)
s>        ( - -2.321e+03 1 0))INFO: dtree.c(1315): Comp split 47
INFO: dtree.c(1439): stop. leaf nodes are specific
INFO: dtree.c(1478): Final simple tree
|( QUESTION0 -1 -4.328e+03 8.703e+01 1.902e+01
|    ( - -2.275e+03 1 0)
|    ( - -1.966e+03 1 0))
s>    ( QUESTION0 -1 -4.328e+03 8.703e+01 1.902e+01
s>        ( - -2.275e+03 1 0)
s>        ( - -1.966e+03 1 0))INFO: dtree.c(1315): Comp split 48
INFO: dtree.c(1315): Comp split 49
INFO: dtree.c(1315): Comp split 50
INFO: dtree.c(1439): stop. leaf nodes are specific
INFO: dtree.c(1478): Final simple tree
|( QUESTION2_0_L -1 -1.073e+04 1.012e+02 4.780e+01
|    ( - -3.435e+03 1 0)
|    ( - -7.197e+03 1 0))
s>    ( QUESTION2_0_L -1 -1.073e+04 1.012e+02 4.780e+01
s>        ( - -3.435e+03 1 0)
s>        ( - -7.197e+03 1 0))INFO: dtree.c(1315): Comp split 51
INFO: dtree.c(1315): Comp split 52
INFO: dtree.c(1315): Comp split 53
INFO: dtree.c(1315): Comp split 54
INFO: dtree.c(1315): Comp split 55
INFO: dtree.c(1315): Comp split 56
INFO: dtree.c(1315): Comp split 57
INFO: dtree.c(1318): stop. leaf nodes are specific
Wed Dec 20 23:52:17 2017
