Current configuration:
[NAME]		[DEFLT]	[VALUE]
-allphones	no	no
-cntthresh	0.00001	1.000000e-05
-csplitmax	100	2000
-csplitmin	1	1
-csplitthr	8e-4	0.000000e+00
-example	no	no
-fullvar	no	no
-help		no	no
-meanfn			/home/alex/repos/speech/an4/model_parameters/an4.cd_cont_untied/means
-mixwfn			/home/alex/repos/speech/an4/model_parameters/an4.cd_cont_untied/mixture_weights
-moddeffn		/home/alex/repos/speech/an4/model_architecture/an4.untied.mdef
-mwfloor	1e-4	1.000000e-08
-phone			EH
-psetfn			/home/alex/repos/speech/an4/model_architecture/an4.tree_questions
-ssplitmax	5	7
-ssplitmin	1	1
-ssplitthr	8e-4	0.000000e+00
-state			1
-stwt			1.0,0.05,0.0,
-treefn			/home/alex/repos/speech/an4/trees/an4.unpruned/EH-1.dtree
-ts2cbfn	.semi.	.cont.
-varfloor	0.00001	1.000000e-05
-varfn			/home/alex/repos/speech/an4/model_parameters/an4.cd_cont_untied/variances

INFO: main.c(223): Reading: /home/alex/repos/speech/an4/model_architecture/an4.untied.mdef
INFO: model_def_io.c(573): Model definition info:
INFO: model_def_io.c(574): 1618 total models defined (34 base, 1584 tri)
INFO: model_def_io.c(575): 6472 total states
INFO: model_def_io.c(576): 4854 total tied states
INFO: model_def_io.c(577): 102 total tied CI states
INFO: model_def_io.c(578): 34 total tied transition matrices
INFO: model_def_io.c(579): 4 max state/model
INFO: model_def_io.c(580): 4 min state/model
INFO: main.c(242): Building trees for [EH AH F b] through [EH Y S i]
INFO: main.c(269): Covering states |[978 1271]| == 294
INFO: main.c(275): Reading: /home/alex/repos/speech/an4/model_parameters/an4.cd_cont_untied/mixture_weights
INFO: s3mixw_io.c(173): Read /home/alex/repos/speech/an4/model_parameters/an4.cd_cont_untied/mixture_weights [294x1x1 array]
INFO: main.c(311): 98 of 98 models have observation count greater than 0.000010
INFO: main.c(95): nrm stwt: 0.045 0.909 0.045 
INFO: s3gau_io.c(169): Read /home/alex/repos/speech/an4/model_parameters/an4.cd_cont_untied/means [4854x1x1 array]
INFO: s3gau_io.c(169): Read /home/alex/repos/speech/an4/model_parameters/an4.cd_cont_untied/variances [4854x1x1 array]
INFO: main.c(549): Reading: /home/alex/repos/speech/an4/model_architecture/an4.tree_questions
INFO: main.c(588): 180 total simple questions (172 phone; 8 word bndry)
INFO: main.c(590): 42 Left Only questions, and 42 Right Only questions
INFO: dtree.c(1478): Final simple tree
|( QUESTION17 1 -1.099e+06 6.458e+03 4.604e+03
|    ( - -9.647e+04 2 0 QUESTION2_7_L -1 3.464e+02 4.306e+02)
|    ( SILENCE -1 -9.958e+05 2.458e+03 4.174e+03
|        ( - -2.493e+05 7 0 QUESTION2 1 5.319e+02 1.028e+03)
|        ( WDBNDRY_B 0 -7.441e+05 1.354e+03 3.145e+03
|            ( QUESTION2_14_L -1 -6.661e+05 1.142e+03 2.813e+03
|                ( - -2.138e+05 12 0 QUESTION0_15_R 1 3.328e+02 9.084e+02)
|                ( QUESTION2_0_L -1 -4.512e+05 8.562e+02 1.904e+03
|                    ( - -1.704e+05 11 0 QUESTION1 1 3.263e+02 7.217e+02)
|                    ( - -2.799e+05 54 0 QUESTION1 1 5.407e+02 1.182e+03)))
|            ( QUESTION0_1_R 1 -7.665e+04 1.350e+03 3.326e+02
|                ( - -1.392e+04 1 0)
|                ( QUESTION8 -1 -6.138e+04 9.325e+02 2.656e+02
|                    ( - -3.007e+04 3 0 QUESTION0 1 3.487e+02 1.351e+02)
|                    ( - -3.037e+04 8 0 QUESTION0 1 4.035e+02 1.305e+02))))))
s>    ( QUESTION17 1 -1.099e+06 6.458e+03 4.604e+03
s>        ( - -9.647e+04 2 0 QUESTION2_7_L -1 3.464e+02 4.306e+02)
s>        ( SILENCE -1 -9.958e+05 2.458e+03 4.174e+03
s>            ( - -2.493e+05 7 0 QUESTION2 1 5.319e+02 1.028e+03)
s>            ( WDBNDRY_B 0 -7.441e+05 1.354e+03 3.145e+03
s>                ( QUESTION2_14_L -1 -6.661e+05 1.142e+03 2.813e+03
s>                    ( - -2.138e+05 12 0 QUESTION0_15_R 1 3.328e+02 9.084e+02)
s>                    ( QUESTION2_0_L -1 -4.512e+05 8.562e+02 1.904e+03
s>                        ( - -1.704e+05 11 0 QUESTION1 1 3.263e+02 7.217e+02)
s>                        ( - -2.799e+05 54 0 QUESTION1 1 5.407e+02 1.182e+03)))
s>                ( QUESTION0_1_R 1 -7.665e+04 1.350e+03 3.326e+02
s>                    ( - -1.392e+04 1 0)
s>                    ( QUESTION8 -1 -6.138e+04 9.325e+02 2.656e+02
s>                        ( - -3.007e+04 3 0 QUESTION0 1 3.487e+02 1.351e+02)
s>                        ( - -3.037e+04 8 0 QUESTION0 1 4.035e+02 1.305e+02))))))INFO: dtree.c(1315): Comp split 0
INFO: dtree.c(1478): Final simple tree
|( SILENCE -1 -9.958e+05 2.458e+03 4.174e+03
|    ( - -2.493e+05 7 0 QUESTION2 1 5.319e+02 1.028e+03)
|    ( WDBNDRY_B 0 -7.441e+05 1.354e+03 3.145e+03
|        ( QUESTION2_14_L -1 -6.661e+05 1.142e+03 2.813e+03
|            ( - -2.138e+05 12 0 QUESTION0_15_R 1 3.328e+02 9.084e+02)
|            ( QUESTION2_0_L -1 -4.512e+05 8.562e+02 1.904e+03
|                ( - -1.704e+05 11 0 QUESTION1 1 3.263e+02 7.217e+02)
|                ( QUESTION1 1 -2.799e+05 5.407e+02 1.182e+03
|                    ( - -1.180e+05 18 0 QUESTION0 -1 3.282e+02 5.016e+02)
|                    ( - -1.614e+05 36 0 QUESTION2_20_L -1 2.882e+02 6.808e+02))))
|        ( QUESTION0_1_R 1 -7.665e+04 1.350e+03 3.326e+02
|            ( - -1.392e+04 1 0)
|            ( QUESTION8 -1 -6.138e+04 9.325e+02 2.656e+02
|                ( - -3.007e+04 3 0 QUESTION0 1 3.487e+02 1.351e+02)
|                ( - -3.037e+04 8 0 QUESTION0 1 4.035e+02 1.305e+02)))))
s>    ( SILENCE -1 -9.958e+05 2.458e+03 4.174e+03
s>        ( - -2.493e+05 7 0 QUESTION2 1 5.319e+02 1.028e+03)
s>        ( WDBNDRY_B 0 -7.441e+05 1.354e+03 3.145e+03
s>            ( QUESTION2_14_L -1 -6.661e+05 1.142e+03 2.813e+03
s>                ( - -2.138e+05 12 0 QUESTION0_15_R 1 3.328e+02 9.084e+02)
s>                ( QUESTION2_0_L -1 -4.512e+05 8.562e+02 1.904e+03
s>                    ( - -1.704e+05 11 0 QUESTION1 1 3.263e+02 7.217e+02)
s>                    ( QUESTION1 1 -2.799e+05 5.407e+02 1.182e+03
s>                        ( - -1.180e+05 18 0 QUESTION0 -1 3.282e+02 5.016e+02)
s>                        ( - -1.614e+05 36 0 QUESTION2_20_L -1 2.882e+02 6.808e+02))))
s>            ( QUESTION0_1_R 1 -7.665e+04 1.350e+03 3.326e+02
s>                ( - -1.392e+04 1 0)
s>                ( QUESTION8 -1 -6.138e+04 9.325e+02 2.656e+02
s>                    ( - -3.007e+04 3 0 QUESTION0 1 3.487e+02 1.351e+02)
s>                    ( - -3.037e+04 8 0 QUESTION0 1 4.035e+02 1.305e+02)))))INFO: dtree.c(1439): stop. leaf nodes are specific
INFO: dtree.c(1478): Final simple tree
|( QUESTION2_7_L -1 -9.647e+04 3.464e+02 4.306e+02
|    ( - -9.398e+04 1 0)
|    ( - -2.151e+03 1 0))
s>    ( QUESTION2_7_L -1 -9.647e+04 3.464e+02 4.306e+02
s>        ( - -9.398e+04 1 0)
s>        ( - -2.151e+03 1 0))INFO: dtree.c(1315): Comp split 1
INFO: dtree.c(1439): stop. leaf nodes are specific
INFO: dtree.c(1478): Final simple tree
|( QUESTION2 1 -2.493e+05 5.319e+02 1.028e+03
|    ( - -1.242e+05 1 0)
|    ( QUESTION0_17_R 1 -1.245e+05 2.461e+02 5.151e+02
|        ( - -3.073e+04 1 0)
|        ( QUESTION0_18_R 1 -9.351e+04 1.935e+02 3.856e+02
|            ( - -8.965e+02 1 0)
|            ( QUESTION0_14_R 1 -9.242e+04 1.208e+02 3.806e+02
|                ( - -6.220e+03 1 0)
|                ( QUESTION0_0_R 1 -8.608e+04 1.145e+02 3.546e+02
|                    ( - -6.855e+04 2 0)
|                    ( - -1.742e+04 1 0))))))
s>    ( QUESTION2 1 -2.493e+05 5.319e+02 1.028e+03
s>        ( - -1.242e+05 1 0)
s>        ( QUESTION0_17_R 1 -1.245e+05 2.461e+02 5.151e+02
s>            ( - -3.073e+04 1 0)
s>            ( QUESTION0_18_R 1 -9.351e+04 1.935e+02 3.856e+02
s>                ( - -8.965e+02 1 0)
s>                ( QUESTION0_14_R 1 -9.242e+04 1.208e+02 3.806e+02
s>                    ( - -6.220e+03 1 0)
s>                    ( QUESTION0_0_R 1 -8.608e+04 1.145e+02 3.546e+02
s>                        ( - -6.855e+04 2 0)
s>                        ( - -1.742e+04 1 0))))))INFO: dtree.c(1478): Final simple tree
|( WDBNDRY_B 0 -7.441e+05 1.354e+03 3.145e+03
|    ( QUESTION2_14_L -1 -6.661e+05 1.142e+03 2.813e+03
|        ( - -2.138e+05 12 0 QUESTION0_15_R 1 3.328e+02 9.084e+02)
|        ( QUESTION2_0_L -1 -4.512e+05 8.562e+02 1.904e+03
|            ( - -1.704e+05 11 0 QUESTION1 1 3.263e+02 7.217e+02)
|            ( QUESTION1 1 -2.799e+05 5.407e+02 1.182e+03
|                ( - -1.180e+05 18 0 QUESTION0 -1 3.282e+02 5.016e+02)
|                ( - -1.614e+05 36 0 QUESTION2_20_L -1 2.882e+02 6.808e+02))))
|    ( QUESTION0_1_R 1 -7.665e+04 1.350e+03 3.326e+02
|        ( - -1.392e+04 1 0)
|        ( QUESTION8 -1 -6.138e+04 9.325e+02 2.656e+02
|            ( - -3.007e+04 3 0 QUESTION0 1 3.487e+02 1.351e+02)
|            ( QUESTION0 1 -3.037e+04 4.035e+02 1.305e+02
|                ( - -2.731e+04 7 0 QUESTION2_7_L -1 3.486e+02 1.174e+02)
|                ( - -2.661e+03 1 0)))))
s>    ( WDBNDRY_B 0 -7.441e+05 1.354e+03 3.145e+03
s>        ( QUESTION2_14_L -1 -6.661e+05 1.142e+03 2.813e+03
s>            ( - -2.138e+05 12 0 QUESTION0_15_R 1 3.328e+02 9.084e+02)
s>            ( QUESTION2_0_L -1 -4.512e+05 8.562e+02 1.904e+03
s>                ( - -1.704e+05 11 0 QUESTION1 1 3.263e+02 7.217e+02)
s>                ( QUESTION1 1 -2.799e+05 5.407e+02 1.182e+03
s>                    ( - -1.180e+05 18 0 QUESTION0 -1 3.282e+02 5.016e+02)
s>                    ( - -1.614e+05 36 0 QUESTION2_20_L -1 2.882e+02 6.808e+02))))
s>        ( QUESTION0_1_R 1 -7.665e+04 1.350e+03 3.326e+02
s>            ( - -1.392e+04 1 0)
s>            ( QUESTION8 -1 -6.138e+04 9.325e+02 2.656e+02
s>                ( - -3.007e+04 3 0 QUESTION0 1 3.487e+02 1.351e+02)
s>                ( QUESTION0 1 -3.037e+04 4.035e+02 1.305e+02
s>                    ( - -2.731e+04 7 0 QUESTION2_7_L -1 3.486e+02 1.174e+02)
s>                    ( - -2.661e+03 1 0)))))INFO: dtree.c(1315): Comp split 2
INFO: dtree.c(1439): stop. leaf nodes are specific
INFO: dtree.c(1478): Final simple tree
|( QUESTION0_0_R 1 -1.706e+04 4.712e+02 8.000e+01
|    ( - -1.392e+04 1 0)
|    ( - -2.661e+03 1 0))
s>    ( QUESTION0_0_R 1 -1.706e+04 4.712e+02 8.000e+01
s>        ( - -1.392e+04 1 0)
s>        ( - -2.661e+03 1 0))INFO: dtree.c(1478): Final simple tree
|( QUESTION2_15_L -1 -7.255e+05 1.229e+03 3.065e+03
|    ( QUESTION4 -1 -2.219e+05 8.107e+02 9.384e+02
|        ( - -1.928e+04 2 0 QUESTION0_14_R 1 1.408e+02 8.331e+01)
|        ( QUESTION8 -1 -2.019e+05 6.106e+02 8.551e+02
|            ( - -1.328e+04 1 0)
|            ( - -1.880e+05 33 0 QUESTION1 1 4.666e+02 7.938e+02)))
|    ( QUESTION2_13_L -1 -5.023e+05 8.187e+02 2.127e+03
|        ( - -2.138e+05 12 0 QUESTION0_15_R 1 3.328e+02 9.084e+02)
|        ( QUESTION2_0_L -1 -2.877e+05 7.092e+02 1.218e+03
|            ( - -1.704e+05 11 0 QUESTION1 1 3.263e+02 7.217e+02)
|            ( WDBNDRY_B 0 -1.166e+05 5.319e+02 4.966e+02
|                ( - -9.229e+04 22 0 QUESTION0 -1 2.664e+02 3.916e+02)
|                ( QUESTION1 1 -2.382e+04 4.887e+02 1.049e+02
|                    ( - -1.690e+04 3 0 QUESTION0 -1 1.950e+02 7.583e+01)
|                    ( - -6.437e+03 3 0 QUESTION0_0_R 1 1.824e+02 2.912e+01))))))
s>    ( QUESTION2_15_L -1 -7.255e+05 1.229e+03 3.065e+03
s>        ( QUESTION4 -1 -2.219e+05 8.107e+02 9.384e+02
s>            ( - -1.928e+04 2 0 QUESTION0_14_R 1 1.408e+02 8.331e+01)
s>            ( QUESTION8 -1 -2.019e+05 6.106e+02 8.551e+02
s>                ( - -1.328e+04 1 0)
s>                ( - -1.880e+05 33 0 QUESTION1 1 4.666e+02 7.938e+02)))
s>        ( QUESTION2_13_L -1 -5.023e+05 8.187e+02 2.127e+03
s>            ( - -2.138e+05 12 0 QUESTION0_15_R 1 3.328e+02 9.084e+02)
s>            ( QUESTION2_0_L -1 -2.877e+05 7.092e+02 1.218e+03
s>                ( - -1.704e+05 11 0 QUESTION1 1 3.263e+02 7.217e+02)
s>                ( WDBNDRY_B 0 -1.166e+05 5.319e+02 4.966e+02
s>                    ( - -9.229e+04 22 0 QUESTION0 -1 2.664e+02 3.916e+02)
s>                    ( QUESTION1 1 -2.382e+04 4.887e+02 1.049e+02
s>                        ( - -1.690e+04 3 0 QUESTION0 -1 1.950e+02 7.583e+01)
s>                        ( - -6.437e+03 3 0 QUESTION0_0_R 1 1.824e+02 2.912e+01))))))INFO: dtree.c(1315): Comp split 3
INFO: dtree.c(1478): Final simple tree
|( WDBNDRY_B 0 -3.216e+05 9.146e+02 1.359e+03
|    ( QUESTION1 1 -2.799e+05 5.407e+02 1.182e+03
|        ( QUESTION0 -1 -1.180e+05 3.282e+02 5.016e+02
|            ( - -4.408e+04 9 0 QUESTION15 -1 1.742e+02 1.874e+02)
|            ( QUESTION0_14_R 1 -7.362e+04 2.541e+02 3.143e+02
|                ( - -5.212e+04 4 0 QUESTION2_7_L -1 1.513e+02 2.218e+02)
|                ( - -2.124e+04 5 0 QUESTION2_8_L -1 1.430e+02 9.243e+01)))
|        ( QUESTION2_20_L -1 -1.614e+05 2.882e+02 6.808e+02
|            ( - -8.922e+04 18 0 QUESTION2 -1 2.342e+02 3.773e+02)
|            ( - -7.186e+04 18 0 QUESTION0_15_R 1 2.005e+02 3.035e+02)))
|    ( QUESTION0_16_R 1 -4.074e+04 6.369e+02 1.767e+02
|        ( - -1.328e+04 1 0)
|        ( QUESTION1 1 -2.682e+04 3.439e+02 1.154e+02
|            ( - -2.004e+04 3 0 QUESTION0_14_R 1 2.018e+02 8.631e+01)
|            ( - -6.437e+03 3 0 QUESTION0_0_R 1 1.824e+02 2.912e+01))))
s>    ( WDBNDRY_B 0 -3.216e+05 9.146e+02 1.359e+03
s>        ( QUESTION1 1 -2.799e+05 5.407e+02 1.182e+03
s>            ( QUESTION0 -1 -1.180e+05 3.282e+02 5.016e+02
s>                ( - -4.408e+04 9 0 QUESTION15 -1 1.742e+02 1.874e+02)
s>                ( QUESTION0_14_R 1 -7.362e+04 2.541e+02 3.143e+02
s>                    ( - -5.212e+04 4 0 QUESTION2_7_L -1 1.513e+02 2.218e+02)
s>                    ( - -2.124e+04 5 0 QUESTION2_8_L -1 1.430e+02 9.243e+01)))
s>            ( QUESTION2_20_L -1 -1.614e+05 2.882e+02 6.808e+02
s>                ( - -8.922e+04 18 0 QUESTION2 -1 2.342e+02 3.773e+02)
s>                ( - -7.186e+04 18 0 QUESTION0_15_R 1 2.005e+02 3.035e+02)))
s>        ( QUESTION0_16_R 1 -4.074e+04 6.369e+02 1.767e+02
s>            ( - -1.328e+04 1 0)
s>            ( QUESTION1 1 -2.682e+04 3.439e+02 1.154e+02
s>                ( - -2.004e+04 3 0 QUESTION0_14_R 1 2.018e+02 8.631e+01)
s>                ( - -6.437e+03 3 0 QUESTION0_0_R 1 1.824e+02 2.912e+01))))INFO: dtree.c(1478): Final simple tree
|( QUESTION2_0_L -1 -4.025e+05 9.074e+02 1.706e+03
|    ( QUESTION1 1 -1.704e+05 3.263e+02 7.217e+02
|        ( QUESTION0_14_R 1 -9.776e+04 2.683e+02 4.187e+02
|            ( - -7.166e+04 2 0 QUESTION0 -1 2.183e+02 3.059e+02)
|            ( - -2.583e+04 2 0 QUESTION0 -1 1.915e+02 1.127e+02))
|        ( - -7.228e+04 7 0 QUESTION0 -1 2.106e+02 3.030e+02))
|    ( WDBNDRY_B 0 -2.313e+05 5.806e+02 9.843e+02
|        ( QUESTION0_15_R 1 -2.138e+05 3.328e+02 9.084e+02
|            ( QUESTION0_17_R 1 -6.349e+04 2.523e+02 2.725e+02
|                ( - -1.266e+04 2 0)
|                ( - -5.058e+04 2 0))
|            ( QUESTION1 1 -1.499e+05 2.723e+02 6.359e+02
|                ( - -3.817e+04 2 0)
|                ( - -1.115e+05 6 0 QUESTION0_0_R 1 1.467e+02 4.722e+02)))
|        ( - -1.690e+04 3 0 QUESTION0 -1 1.950e+02 7.583e+01)))
s>    ( QUESTION2_0_L -1 -4.025e+05 9.074e+02 1.706e+03
s>        ( QUESTION1 1 -1.704e+05 3.263e+02 7.217e+02
s>            ( QUESTION0_14_R 1 -9.776e+04 2.683e+02 4.187e+02
s>                ( - -7.166e+04 2 0 QUESTION0 -1 2.183e+02 3.059e+02)
s>                ( - -2.583e+04 2 0 QUESTION0 -1 1.915e+02 1.127e+02))
s>            ( - -7.228e+04 7 0 QUESTION0 -1 2.106e+02 3.030e+02))
s>        ( WDBNDRY_B 0 -2.313e+05 5.806e+02 9.843e+02
s>            ( QUESTION0_15_R 1 -2.138e+05 3.328e+02 9.084e+02
s>                ( QUESTION0_17_R 1 -6.349e+04 2.523e+02 2.725e+02
s>                    ( - -1.266e+04 2 0)
s>                    ( - -5.058e+04 2 0))
s>                ( QUESTION1 1 -1.499e+05 2.723e+02 6.359e+02
s>                    ( - -3.817e+04 2 0)
s>                    ( - -1.115e+05 6 0 QUESTION0_0_R 1 1.467e+02 4.722e+02)))
s>            ( - -1.690e+04 3 0 QUESTION0 -1 1.950e+02 7.583e+01)))INFO: dtree.c(1315): Comp split 4
INFO: dtree.c(1439): stop. leaf nodes are specific
INFO: dtree.c(1478): Final simple tree
|( QUESTION1 1 -2.682e+04 3.439e+02 1.154e+02
|    ( QUESTION0_14_R 1 -2.004e+04 2.018e+02 8.631e+01
|        ( - -1.876e+04 1 0)
|        ( QUESTION0 -1 -1.079e+03 1.265e+02 5.000e+00
|            ( - -3.754e+02 1 0)
|            ( - -5.766e+02 1 0)))
|    ( QUESTION0_0_R 1 -6.437e+03 1.824e+02 2.912e+01
|        ( QUESTION9 1 -4.913e+03 1.476e+02 2.212e+01
|            ( - -3.388e+03 1 0)
|            ( - -1.378e+03 1 0))
|        ( - -1.341e+03 1 0)))
s>    ( QUESTION1 1 -2.682e+04 3.439e+02 1.154e+02
s>        ( QUESTION0_14_R 1 -2.004e+04 2.018e+02 8.631e+01
s>            ( - -1.876e+04 1 0)
s>            ( QUESTION0 -1 -1.079e+03 1.265e+02 5.000e+00
s>                ( - -3.754e+02 1 0)
s>                ( - -5.766e+02 1 0)))
s>        ( QUESTION0_0_R 1 -6.437e+03 1.824e+02 2.912e+01
s>            ( QUESTION9 1 -4.913e+03 1.476e+02 2.212e+01
s>                ( - -3.388e+03 1 0)
s>                ( - -1.378e+03 1 0))
s>            ( - -1.341e+03 1 0)))INFO: dtree.c(1478): Final simple tree
|( WDBNDRY_B 0 -2.938e+05 6.166e+02 1.244e+03
|    ( QUESTION1 1 -2.799e+05 5.407e+02 1.182e+03
|        ( QUESTION0 -1 -1.180e+05 3.282e+02 5.016e+02
|            ( - -4.408e+04 9 0 QUESTION15 -1 1.742e+02 1.874e+02)
|            ( QUESTION0_14_R 1 -7.362e+04 2.541e+02 3.143e+02
|                ( - -5.212e+04 4 0 QUESTION2_7_L -1 1.513e+02 2.218e+02)
|                ( - -2.124e+04 5 0 QUESTION2_8_L -1 1.430e+02 9.243e+01)))
|        ( QUESTION2_20_L -1 -1.614e+05 2.882e+02 6.808e+02
|            ( QUESTION2 -1 -8.922e+04 2.342e+02 3.773e+02
|                ( - -1.789e+04 4 0 QUESTION0_14_R 1 1.894e+02 7.893e+01)
|                ( QUESTION0_15_R 1 -7.109e+04 2.092e+02 2.984e+02
|                    ( - -3.737e+04 3 0)
|                    ( - -3.351e+04 11 0 QUESTION0 -1 1.507e+02 1.401e+02)))
|            ( - -7.186e+04 18 0 QUESTION0_15_R 1 2.005e+02 3.035e+02)))
|    ( - -1.328e+04 1 0))
s>    ( WDBNDRY_B 0 -2.938e+05 6.166e+02 1.244e+03
s>        ( QUESTION1 1 -2.799e+05 5.407e+02 1.182e+03
s>            ( QUESTION0 -1 -1.180e+05 3.282e+02 5.016e+02
s>                ( - -4.408e+04 9 0 QUESTION15 -1 1.742e+02 1.874e+02)
s>                ( QUESTION0_14_R 1 -7.362e+04 2.541e+02 3.143e+02
s>                    ( - -5.212e+04 4 0 QUESTION2_7_L -1 1.513e+02 2.218e+02)
s>                    ( - -2.124e+04 5 0 QUESTION2_8_L -1 1.430e+02 9.243e+01)))
s>            ( QUESTION2_20_L -1 -1.614e+05 2.882e+02 6.808e+02
s>                ( QUESTION2 -1 -8.922e+04 2.342e+02 3.773e+02
s>                    ( - -1.789e+04 4 0 QUESTION0_14_R 1 1.894e+02 7.893e+01)
s>                    ( QUESTION0_15_R 1 -7.109e+04 2.092e+02 2.984e+02
s>                        ( - -3.737e+04 3 0)
s>                        ( - -3.351e+04 11 0 QUESTION0 -1 1.507e+02 1.401e+02)))
s>                ( - -7.186e+04 18 0 QUESTION0_15_R 1 2.005e+02 3.035e+02)))
s>        ( - -1.328e+04 1 0))INFO: dtree.c(1315): Comp split 5
INFO: dtree.c(1478): Final simple tree
|( WDBNDRY_B 0 -2.313e+05 5.806e+02 9.843e+02
|    ( QUESTION0_15_R 1 -2.138e+05 3.328e+02 9.084e+02
|        ( QUESTION0_17_R 1 -6.349e+04 2.523e+02 2.725e+02
|            ( - -1.266e+04 2 0)
|            ( - -5.058e+04 2 0))
|        ( QUESTION1 1 -1.499e+05 2.723e+02 6.359e+02
|            ( - -3.817e+04 2 0)
|            ( QUESTION0_0_R 1 -1.115e+05 1.467e+02 4.722e+02
|                ( - -9.890e+04 4 0)
|                ( - -1.246e+04 2 0))))
|    ( QUESTION0 -1 -1.690e+04 1.950e+02 7.583e+01
|        ( QUESTION0_14_R 1 -1.644e+04 1.072e+02 7.383e+01
|            ( - -1.507e+04 1 0)
|            ( - -1.266e+03 1 0))
|        ( - -2.621e+02 1 0)))
s>    ( WDBNDRY_B 0 -2.313e+05 5.806e+02 9.843e+02
s>        ( QUESTION0_15_R 1 -2.138e+05 3.328e+02 9.084e+02
s>            ( QUESTION0_17_R 1 -6.349e+04 2.523e+02 2.725e+02
s>                ( - -1.266e+04 2 0)
s>                ( - -5.058e+04 2 0))
s>            ( QUESTION1 1 -1.499e+05 2.723e+02 6.359e+02
s>                ( - -3.817e+04 2 0)
s>                ( QUESTION0_0_R 1 -1.115e+05 1.467e+02 4.722e+02
s>                    ( - -9.890e+04 4 0)
s>                    ( - -1.246e+04 2 0))))
s>        ( QUESTION0 -1 -1.690e+04 1.950e+02 7.583e+01
s>            ( QUESTION0_14_R 1 -1.644e+04 1.072e+02 7.383e+01
s>                ( - -1.507e+04 1 0)
s>                ( - -1.266e+03 1 0))
s>            ( - -2.621e+02 1 0)))INFO: dtree.c(1478): Final simple tree
|( QUESTION1 1 -1.704e+05 3.263e+02 7.217e+02
|    ( QUESTION0_14_R 1 -9.776e+04 2.683e+02 4.187e+02
|        ( QUESTION0 -1 -7.166e+04 2.183e+02 3.059e+02
|            ( - -3.212e+04 1 0)
|            ( - -3.933e+04 1 0))
|        ( QUESTION0 -1 -2.583e+04 1.915e+02 1.127e+02
|            ( - -2.155e+04 1 0)
|            ( - -4.084e+03 1 0)))
|    ( QUESTION0 -1 -7.228e+04 2.106e+02 3.030e+02
|        ( QUESTION0_0_R 1 -3.285e+04 4.792e+02 1.382e+02
|            ( - -1.258e+04 2 0)
|            ( - -1.980e+04 2 0 QUESTION0_14_R 1 9.798e+01 8.382e+01))
|        ( QUESTION0_0_R 1 -3.922e+04 1.542e+02 1.648e+02
|            ( - -1.576e+04 2 0)
|            ( - -2.331e+04 1 0))))
s>    ( QUESTION1 1 -1.704e+05 3.263e+02 7.217e+02
s>        ( QUESTION0_14_R 1 -9.776e+04 2.683e+02 4.187e+02
s>            ( QUESTION0 -1 -7.166e+04 2.183e+02 3.059e+02
s>                ( - -3.212e+04 1 0)
s>                ( - -3.933e+04 1 0))
s>            ( QUESTION0 -1 -2.583e+04 1.915e+02 1.127e+02
s>                ( - -2.155e+04 1 0)
s>                ( - -4.084e+03 1 0)))
s>        ( QUESTION0 -1 -7.228e+04 2.106e+02 3.030e+02
s>            ( QUESTION0_0_R 1 -3.285e+04 4.792e+02 1.382e+02
s>                ( - -1.258e+04 2 0)
s>                ( - -1.980e+04 2 0 QUESTION0_14_R 1 9.798e+01 8.382e+01))
s>            ( QUESTION0_0_R 1 -3.922e+04 1.542e+02 1.648e+02
s>                ( - -1.576e+04 2 0)
s>                ( - -2.331e+04 1 0))))INFO: dtree.c(1315): Comp split 6
INFO: dtree.c(1478): Final simple tree
|( QUESTION1 1 -2.799e+05 5.407e+02 1.182e+03
|    ( QUESTION0 -1 -1.180e+05 3.282e+02 5.016e+02
|        ( - -4.408e+04 9 0 QUESTION15 -1 1.742e+02 1.874e+02)
|        ( QUESTION0_14_R 1 -7.362e+04 2.541e+02 3.143e+02
|            ( - -5.212e+04 4 0 QUESTION2_7_L -1 1.513e+02 2.218e+02)
|            ( - -2.124e+04 5 0 QUESTION2_8_L -1 1.430e+02 9.243e+01)))
|    ( QUESTION2_20_L -1 -1.614e+05 2.882e+02 6.808e+02
|        ( QUESTION2 -1 -8.922e+04 2.342e+02 3.773e+02
|            ( - -1.789e+04 4 0 QUESTION0_14_R 1 1.894e+02 7.893e+01)
|            ( QUESTION0_15_R 1 -7.109e+04 2.092e+02 2.984e+02
|                ( - -3.737e+04 3 0)
|                ( - -3.351e+04 11 0 QUESTION0 -1 1.507e+02 1.401e+02)))
|        ( QUESTION0_15_R 1 -7.186e+04 2.005e+02 3.035e+02
|            ( - -2.001e+04 4 0 QUESTION15 -1 1.561e+02 8.682e+01)
|            ( - -5.165e+04 14 0 QUESTION10 -1 1.723e+02 2.167e+02))))
s>    ( QUESTION1 1 -2.799e+05 5.407e+02 1.182e+03
s>        ( QUESTION0 -1 -1.180e+05 3.282e+02 5.016e+02
s>            ( - -4.408e+04 9 0 QUESTION15 -1 1.742e+02 1.874e+02)
s>            ( QUESTION0_14_R 1 -7.362e+04 2.541e+02 3.143e+02
s>                ( - -5.212e+04 4 0 QUESTION2_7_L -1 1.513e+02 2.218e+02)
s>                ( - -2.124e+04 5 0 QUESTION2_8_L -1 1.430e+02 9.243e+01)))
s>        ( QUESTION2_20_L -1 -1.614e+05 2.882e+02 6.808e+02
s>            ( QUESTION2 -1 -8.922e+04 2.342e+02 3.773e+02
s>                ( - -1.789e+04 4 0 QUESTION0_14_R 1 1.894e+02 7.893e+01)
s>                ( QUESTION0_15_R 1 -7.109e+04 2.092e+02 2.984e+02
s>                    ( - -3.737e+04 3 0)
s>                    ( - -3.351e+04 11 0 QUESTION0 -1 1.507e+02 1.401e+02)))
s>            ( QUESTION0_15_R 1 -7.186e+04 2.005e+02 3.035e+02
s>                ( - -2.001e+04 4 0 QUESTION15 -1 1.561e+02 8.682e+01)
s>                ( - -5.165e+04 14 0 QUESTION10 -1 1.723e+02 2.167e+02))))INFO: dtree.c(1315): Comp split 7
INFO: dtree.c(1439): stop. leaf nodes are specific
INFO: dtree.c(1478): Final simple tree
|( QUESTION0_15_R 1 -2.138e+05 3.328e+02 9.084e+02
|    ( QUESTION0_17_R 1 -6.349e+04 2.523e+02 2.725e+02
|        ( - -1.266e+04 2 0)
|        ( - -5.058e+04 2 0))
|    ( QUESTION1 1 -1.499e+05 2.723e+02 6.359e+02
|        ( - -3.817e+04 2 0)
|        ( QUESTION0_0_R 1 -1.115e+05 1.467e+02 4.722e+02
|            ( - -9.890e+04 4 0)
|            ( - -1.246e+04 2 0))))
s>    ( QUESTION0_15_R 1 -2.138e+05 3.328e+02 9.084e+02
s>        ( QUESTION0_17_R 1 -6.349e+04 2.523e+02 2.725e+02
s>            ( - -1.266e+04 2 0)
s>            ( - -5.058e+04 2 0))
s>        ( QUESTION1 1 -1.499e+05 2.723e+02 6.359e+02
s>            ( - -3.817e+04 2 0)
s>            ( QUESTION0_0_R 1 -1.115e+05 1.467e+02 4.722e+02
s>                ( - -9.890e+04 4 0)
s>                ( - -1.246e+04 2 0))))INFO: dtree.c(1439): stop. leaf nodes are specific
INFO: dtree.c(1478): Final simple tree
|( QUESTION0 -1 -1.690e+04 1.950e+02 7.583e+01
|    ( QUESTION0_14_R 1 -1.644e+04 1.072e+02 7.383e+01
|        ( - -1.507e+04 1 0)
|        ( - -1.266e+03 1 0))
|    ( - -2.621e+02 1 0))
s>    ( QUESTION0 -1 -1.690e+04 1.950e+02 7.583e+01
s>        ( QUESTION0_14_R 1 -1.644e+04 1.072e+02 7.383e+01
s>            ( - -1.507e+04 1 0)
s>            ( - -1.266e+03 1 0))
s>        ( - -2.621e+02 1 0))INFO: dtree.c(1315): Comp split 8
INFO: dtree.c(1478): Final simple tree
|( QUESTION2_20_L -1 -1.828e+05 3.320e+02 7.732e+02
|    ( QUESTION2 -1 -1.023e+05 2.496e+02 4.335e+02
|        ( - -1.789e+04 4 0 QUESTION0_14_R 1 1.894e+02 7.893e+01)
|        ( QUESTION0_15_R 1 -8.416e+04 2.235e+02 3.546e+02
|            ( QUESTION0_17_R 1 -5.043e+04 1.991e+02 2.145e+02
|                ( - -1.286e+04 3 0)
|                ( - -3.737e+04 3 0))
|            ( - -3.351e+04 11 0 QUESTION0 -1 1.507e+02 1.401e+02)))
|    ( QUESTION15 -1 -8.020e+04 1.946e+02 3.397e+02
|        ( QUESTION0_14_R 1 -7.996e+03 1.924e+02 3.627e+01
|            ( - -1.201e+03 1 0)
|            ( - -6.602e+03 2 0 QUESTION0_0_R 1 9.531e+01 3.027e+01))
|        ( QUESTION0 -1 -7.201e+04 1.904e+02 3.034e+02
|            ( - -2.709e+04 8 0 QUESTION10 -1 1.716e+02 1.108e+02)
|            ( - -4.473e+04 9 0 QUESTION2_8_L -1 1.460e+02 1.926e+02))))
s>    ( QUESTION2_20_L -1 -1.828e+05 3.320e+02 7.732e+02
s>        ( QUESTION2 -1 -1.023e+05 2.496e+02 4.335e+02
s>            ( - -1.789e+04 4 0 QUESTION0_14_R 1 1.894e+02 7.893e+01)
s>            ( QUESTION0_15_R 1 -8.416e+04 2.235e+02 3.546e+02
s>                ( QUESTION0_17_R 1 -5.043e+04 1.991e+02 2.145e+02
s>                    ( - -1.286e+04 3 0)
s>                    ( - -3.737e+04 3 0))
s>                ( - -3.351e+04 11 0 QUESTION0 -1 1.507e+02 1.401e+02)))
s>        ( QUESTION15 -1 -8.020e+04 1.946e+02 3.397e+02
s>            ( QUESTION0_14_R 1 -7.996e+03 1.924e+02 3.627e+01
s>                ( - -1.201e+03 1 0)
s>                ( - -6.602e+03 2 0 QUESTION0_0_R 1 9.531e+01 3.027e+01))
s>            ( QUESTION0 -1 -7.201e+04 1.904e+02 3.034e+02
s>                ( - -2.709e+04 8 0 QUESTION10 -1 1.716e+02 1.108e+02)
s>                ( - -4.473e+04 9 0 QUESTION2_8_L -1 1.460e+02 1.926e+02))))INFO: dtree.c(1478): Final simple tree
|( QUESTION0 -1 -9.654e+04 3.418e+02 4.092e+02
|    ( QUESTION15 -1 -4.408e+04 1.742e+02 1.874e+02
|        ( - -5.001e+03 1 0)
|        ( QUESTION2_18_L -1 -3.890e+04 1.697e+02 1.654e+02
|            ( - -4.652e+03 1 0)
|            ( QUESTION0_14_R 1 -3.408e+04 1.629e+02 1.456e+02
|                ( QUESTION1 -1 -2.435e+04 1.546e+02 1.048e+02
|                    ( - -1.309e+04 2 0 QUESTION2 -1 1.414e+02 5.576e+01)
|                    ( - -1.110e+04 1 0))
|                ( QUESTION2 -1 -9.569e+03 2.175e+02 4.072e+01
|                    ( - -4.844e+02 1 0)
|                    ( QUESTION16 -1 -8.867e+03 1.518e+02 3.772e+01
|                        ( - -1.319e+03 1 0)
|                        ( - -7.397e+03 2 0 QUESTION1 -1 1.345e+02 3.172e+01))))))
|    ( - -5.212e+04 4 0 QUESTION2_7_L -1 1.513e+02 2.218e+02))
s>    ( QUESTION0 -1 -9.654e+04 3.418e+02 4.092e+02
s>        ( QUESTION15 -1 -4.408e+04 1.742e+02 1.874e+02
s>            ( - -5.001e+03 1 0)
s>            ( QUESTION2_18_L -1 -3.890e+04 1.697e+02 1.654e+02
s>                ( - -4.652e+03 1 0)
s>                ( QUESTION0_14_R 1 -3.408e+04 1.629e+02 1.456e+02
s>                    ( QUESTION1 -1 -2.435e+04 1.546e+02 1.048e+02
s>                        ( - -1.309e+04 2 0 QUESTION2 -1 1.414e+02 5.576e+01)
s>                        ( - -1.110e+04 1 0))
s>                    ( QUESTION2 -1 -9.569e+03 2.175e+02 4.072e+01
s>                        ( - -4.844e+02 1 0)
s>                        ( QUESTION16 -1 -8.867e+03 1.518e+02 3.772e+01
s>                            ( - -1.319e+03 1 0)
s>                            ( - -7.397e+03 2 0 QUESTION1 -1 1.345e+02 3.172e+01))))))
s>        ( - -5.212e+04 4 0 QUESTION2_7_L -1 1.513e+02 2.218e+02))INFO: dtree.c(1315): Comp split 9
INFO: dtree.c(1439): stop. leaf nodes are specific
INFO: dtree.c(1478): Final simple tree
|( QUESTION0_17_R 1 -1.245e+05 2.461e+02 5.151e+02
|    ( - -3.073e+04 1 0)
|    ( QUESTION0_18_R 1 -9.351e+04 1.935e+02 3.856e+02
|        ( - -8.965e+02 1 0)
|        ( QUESTION0_14_R 1 -9.242e+04 1.208e+02 3.806e+02
|            ( - -6.220e+03 1 0)
|            ( QUESTION0_0_R 1 -8.608e+04 1.145e+02 3.546e+02
|                ( - -6.855e+04 2 0)
|                ( - -1.742e+04 1 0)))))
s>    ( QUESTION0_17_R 1 -1.245e+05 2.461e+02 5.151e+02
s>        ( - -3.073e+04 1 0)
s>        ( QUESTION0_18_R 1 -9.351e+04 1.935e+02 3.856e+02
s>            ( - -8.965e+02 1 0)
s>            ( QUESTION0_14_R 1 -9.242e+04 1.208e+02 3.806e+02
s>                ( - -6.220e+03 1 0)
s>                ( QUESTION0_0_R 1 -8.608e+04 1.145e+02 3.546e+02
s>                    ( - -6.855e+04 2 0)
s>                    ( - -1.742e+04 1 0)))))INFO: dtree.c(1315): Comp split 10
INFO: dtree.c(1478): Final simple tree
|( QUESTION1 1 -1.573e+05 3.122e+02 6.674e+02
|    ( QUESTION0_14_R 1 -9.776e+04 2.683e+02 4.187e+02
|        ( QUESTION0 -1 -7.166e+04 2.183e+02 3.059e+02
|            ( - -3.212e+04 1 0)
|            ( - -3.933e+04 1 0))
|        ( QUESTION0 -1 -2.583e+04 1.915e+02 1.127e+02
|            ( - -2.155e+04 1 0)
|            ( - -4.084e+03 1 0)))
|    ( QUESTION0 -1 -5.923e+04 2.101e+02 2.487e+02
|        ( QUESTION0_14_R 1 -1.980e+04 9.798e+01 8.382e+01
|            ( - -1.993e+03 1 0)
|            ( - -1.770e+04 1 0))
|        ( QUESTION0_0_R 1 -3.922e+04 1.542e+02 1.648e+02
|            ( - -1.576e+04 2 0)
|            ( - -2.331e+04 1 0))))
s>    ( QUESTION1 1 -1.573e+05 3.122e+02 6.674e+02
s>        ( QUESTION0_14_R 1 -9.776e+04 2.683e+02 4.187e+02
s>            ( QUESTION0 -1 -7.166e+04 2.183e+02 3.059e+02
s>                ( - -3.212e+04 1 0)
s>                ( - -3.933e+04 1 0))
s>            ( QUESTION0 -1 -2.583e+04 1.915e+02 1.127e+02
s>                ( - -2.155e+04 1 0)
s>                ( - -4.084e+03 1 0)))
s>        ( QUESTION0 -1 -5.923e+04 2.101e+02 2.487e+02
s>            ( QUESTION0_14_R 1 -1.980e+04 9.798e+01 8.382e+01
s>                ( - -1.993e+03 1 0)
s>                ( - -1.770e+04 1 0))
s>            ( QUESTION0_0_R 1 -3.922e+04 1.542e+02 1.648e+02
s>                ( - -1.576e+04 2 0)
s>                ( - -2.331e+04 1 0))))INFO: dtree.c(1315): Comp split 11
INFO: dtree.c(1315): Comp split 12
INFO: dtree.c(1439): stop. leaf nodes are specific
INFO: dtree.c(1478): Final simple tree
|( QUESTION0_17_R 1 -5.749e+04 2.544e+02 2.443e+02
|    ( - -2.155e+04 1 0)
|    ( QUESTION0_0_R 1 -3.568e+04 1.260e+02 1.497e+02
|        ( - -1.576e+04 2 0)
|        ( QUESTION0_14_R 1 -1.980e+04 9.798e+01 8.382e+01
|            ( - -1.993e+03 1 0)
|            ( - -1.770e+04 1 0))))
s>    ( QUESTION0_17_R 1 -5.749e+04 2.544e+02 2.443e+02
s>        ( - -2.155e+04 1 0)
s>        ( QUESTION0_0_R 1 -3.568e+04 1.260e+02 1.497e+02
s>            ( - -1.576e+04 2 0)
s>            ( QUESTION0_14_R 1 -1.980e+04 9.798e+01 8.382e+01
s>                ( - -1.993e+03 1 0)
s>                ( - -1.770e+04 1 0))))INFO: dtree.c(1439): stop. leaf nodes are specific
INFO: dtree.c(1478): Final simple tree
|( QUESTION0 1 -9.943e+04 2.294e+02 4.231e+02
|    ( QUESTION0 -1 -7.590e+04 2.276e+02 3.241e+02
|        ( - -3.212e+04 1 0)
|        ( QUESTION0_14_R 1 -4.355e+04 1.394e+02 1.899e+02
|            ( - -3.933e+04 1 0)
|            ( - -4.084e+03 1 0)))
|    ( - -2.331e+04 1 0))
s>    ( QUESTION0 1 -9.943e+04 2.294e+02 4.231e+02
s>        ( QUESTION0 -1 -7.590e+04 2.276e+02 3.241e+02
s>            ( - -3.212e+04 1 0)
s>            ( QUESTION0_14_R 1 -4.355e+04 1.394e+02 1.899e+02
s>                ( - -3.933e+04 1 0)
s>                ( - -4.084e+03 1 0)))
s>        ( - -2.331e+04 1 0))INFO: dtree.c(1315): Comp split 13
INFO: dtree.c(1439): stop. leaf nodes are specific
INFO: dtree.c(1478): Final simple tree
|( QUESTION0_15_R 1 -4.658e+04 2.210e+02 1.964e+02
|    ( - -1.286e+04 3 0)
|    ( QUESTION0 -1 -3.351e+04 1.507e+02 1.401e+02
|        ( QUESTION0_0_R 1 -3.947e+03 1.440e+02 1.600e+01
|            ( - -2.495e+03 2 0)
|            ( - -1.308e+03 1 0))
|        ( QUESTION0_0_R 1 -2.941e+04 1.673e+02 1.241e+02
|            ( - -2.633e+04 6 0)
|            ( - -2.909e+03 2 0))))
s>    ( QUESTION0_15_R 1 -4.658e+04 2.210e+02 1.964e+02
s>        ( - -1.286e+04 3 0)
s>        ( QUESTION0 -1 -3.351e+04 1.507e+02 1.401e+02
s>            ( QUESTION0_0_R 1 -3.947e+03 1.440e+02 1.600e+01
s>                ( - -2.495e+03 2 0)
s>                ( - -1.308e+03 1 0))
s>            ( QUESTION0_0_R 1 -2.941e+04 1.673e+02 1.241e+02
s>                ( - -2.633e+04 6 0)
s>                ( - -2.909e+03 2 0))))INFO: dtree.c(1478): Final simple tree
|( QUESTION2_20_L -1 -1.359e+05 2.622e+02 5.768e+02
|    ( QUESTION0_14_R 1 -5.542e+04 1.920e+02 2.372e+02
|        ( - -2.582e+03 1 0)
|        ( - -5.265e+04 6 0 QUESTION0 -1 1.513e+02 2.262e+02))
|    ( QUESTION15 -1 -8.020e+04 1.946e+02 3.397e+02
|        ( QUESTION0_14_R 1 -7.996e+03 1.924e+02 3.627e+01
|            ( - -1.201e+03 1 0)
|            ( - -6.602e+03 2 0 QUESTION0_0_R 1 9.531e+01 3.027e+01))
|        ( QUESTION0 -1 -7.201e+04 1.904e+02 3.034e+02
|            ( QUESTION10 -1 -2.709e+04 1.716e+02 1.108e+02
|                ( - -1.727e+03 1 0)
|                ( QUESTION0_14_R 1 -2.520e+04 1.666e+02 1.048e+02
|                    ( - -7.933e+02 1 0)
|                    ( - -2.424e+04 6 0 QUESTION0_0_R 1 1.234e+02 1.008e+02)))
|            ( - -4.473e+04 9 0 QUESTION2_8_L -1 1.460e+02 1.926e+02))))
s>    ( QUESTION2_20_L -1 -1.359e+05 2.622e+02 5.768e+02
s>        ( QUESTION0_14_R 1 -5.542e+04 1.920e+02 2.372e+02
s>            ( - -2.582e+03 1 0)
s>            ( - -5.265e+04 6 0 QUESTION0 -1 1.513e+02 2.262e+02))
s>        ( QUESTION15 -1 -8.020e+04 1.946e+02 3.397e+02
s>            ( QUESTION0_14_R 1 -7.996e+03 1.924e+02 3.627e+01
s>                ( - -1.201e+03 1 0)
s>                ( - -6.602e+03 2 0 QUESTION0_0_R 1 9.531e+01 3.027e+01))
s>            ( QUESTION0 -1 -7.201e+04 1.904e+02 3.034e+02
s>                ( QUESTION10 -1 -2.709e+04 1.716e+02 1.108e+02
s>                    ( - -1.727e+03 1 0)
s>                    ( QUESTION0_14_R 1 -2.520e+04 1.666e+02 1.048e+02
s>                        ( - -7.933e+02 1 0)
s>                        ( - -2.424e+04 6 0 QUESTION0_0_R 1 1.234e+02 1.008e+02)))
s>                ( - -4.473e+04 9 0 QUESTION2_8_L -1 1.460e+02 1.926e+02))))INFO: dtree.c(1315): Comp split 14
INFO: dtree.c(1439): stop. leaf nodes are specific
INFO: dtree.c(1478): Final simple tree
|( QUESTION9 -1 -3.063e+04 1.796e+02 1.307e+02
|    ( - -1.110e+04 1 0)
|    ( QUESTION2_20_L -1 -1.935e+04 1.480e+02 8.158e+01
|        ( QUESTION2 -1 -1.309e+04 1.414e+02 5.576e+01
|            ( - -8.751e+03 1 0)
|            ( - -4.202e+03 1 0))
|        ( QUESTION0_14_R 1 -6.106e+03 1.352e+02 2.581e+01
|            ( - -4.652e+03 1 0)
|            ( - -1.319e+03 1 0))))
s>    ( QUESTION9 -1 -3.063e+04 1.796e+02 1.307e+02
s>        ( - -1.110e+04 1 0)
s>        ( QUESTION2_20_L -1 -1.935e+04 1.480e+02 8.158e+01
s>            ( QUESTION2 -1 -1.309e+04 1.414e+02 5.576e+01
s>                ( - -8.751e+03 1 0)
s>                ( - -4.202e+03 1 0))
s>            ( QUESTION0_14_R 1 -6.106e+03 1.352e+02 2.581e+01
s>                ( - -4.652e+03 1 0)
s>                ( - -1.319e+03 1 0))))INFO: dtree.c(1439): stop. leaf nodes are specific
INFO: dtree.c(1478): Final simple tree
|( QUESTION8 -1 -6.556e+04 2.435e+02 2.785e+02
|    ( QUESTION0_14_R 1 -1.034e+04 1.278e+02 4.466e+01
|        ( - -5.001e+03 1 0)
|        ( - -5.212e+03 1 0))
|    ( QUESTION2 -1 -5.498e+04 2.090e+02 2.339e+02
|        ( - -4.844e+02 1 0)
|        ( QUESTION2_7_L -1 -5.429e+04 1.507e+02 2.309e+02
|            ( - -4.294e+03 1 0)
|            ( QUESTION0_14_R 1 -4.984e+04 1.112e+02 2.129e+02
|                ( - -4.768e+04 3 0)
|                ( - -2.051e+03 1 0)))))
s>    ( QUESTION8 -1 -6.556e+04 2.435e+02 2.785e+02
s>        ( QUESTION0_14_R 1 -1.034e+04 1.278e+02 4.466e+01
s>            ( - -5.001e+03 1 0)
s>            ( - -5.212e+03 1 0))
s>        ( QUESTION2 -1 -5.498e+04 2.090e+02 2.339e+02
s>            ( - -4.844e+02 1 0)
s>            ( QUESTION2_7_L -1 -5.429e+04 1.507e+02 2.309e+02
s>                ( - -4.294e+03 1 0)
s>                ( QUESTION0_14_R 1 -4.984e+04 1.112e+02 2.129e+02
s>                    ( - -4.768e+04 3 0)
s>                    ( - -2.051e+03 1 0)))))INFO: dtree.c(1315): Comp split 15
INFO: dtree.c(1315): Comp split 16
INFO: dtree.c(1439): stop. leaf nodes are specific
INFO: dtree.c(1478): Final simple tree
|( QUESTION0_0_R 1 -6.437e+03 1.824e+02 2.912e+01
|    ( QUESTION9 1 -4.913e+03 1.476e+02 2.212e+01
|        ( - -3.388e+03 1 0)
|        ( - -1.378e+03 1 0))
|    ( - -1.341e+03 1 0))
s>    ( QUESTION0_0_R 1 -6.437e+03 1.824e+02 2.912e+01
s>        ( QUESTION9 1 -4.913e+03 1.476e+02 2.212e+01
s>            ( - -3.388e+03 1 0)
s>            ( - -1.378e+03 1 0))
s>        ( - -1.341e+03 1 0))INFO: dtree.c(1439): stop. leaf nodes are specific
INFO: dtree.c(1478): Final simple tree
|( QUESTION0_14_R 1 -2.004e+04 2.018e+02 8.631e+01
|    ( - -1.876e+04 1 0)
|    ( QUESTION0 -1 -1.079e+03 1.265e+02 5.000e+00
|        ( - -3.754e+02 1 0)
|        ( - -5.766e+02 1 0)))
s>    ( QUESTION0_14_R 1 -2.004e+04 2.018e+02 8.631e+01
s>        ( - -1.876e+04 1 0)
s>        ( QUESTION0 -1 -1.079e+03 1.265e+02 5.000e+00
s>            ( - -3.754e+02 1 0)
s>            ( - -5.766e+02 1 0)))INFO: dtree.c(1315): Comp split 17
INFO: dtree.c(1439): stop. leaf nodes are specific
INFO: dtree.c(1478): Final simple tree
|( QUESTION0_17_R 1 -7.609e+04 2.655e+02 3.258e+02
|    ( - -1.266e+04 2 0)
|    ( QUESTION0_14_R 1 -6.317e+04 1.290e+02 2.700e+02
|        ( - -1.246e+04 2 0)
|        ( - -5.058e+04 2 0)))
s>    ( QUESTION0_17_R 1 -7.609e+04 2.655e+02 3.258e+02
s>        ( - -1.266e+04 2 0)
s>        ( QUESTION0_14_R 1 -6.317e+04 1.290e+02 2.700e+02
s>            ( - -1.246e+04 2 0)
s>            ( - -5.058e+04 2 0)))INFO: dtree.c(1439): stop. leaf nodes are specific
INFO: dtree.c(1478): Final simple tree
|( QUESTION0_0_R 1 -1.373e+05 2.748e+02 5.826e+02
|    ( - -9.890e+04 4 0)
|    ( - -3.817e+04 2 0))
s>    ( QUESTION0_0_R 1 -1.373e+05 2.748e+02 5.826e+02
s>        ( - -9.890e+04 4 0)
s>        ( - -3.817e+04 2 0))INFO: dtree.c(1315): Comp split 18
INFO: dtree.c(1478): Final simple tree
|( QUESTION0 -1 -7.335e+04 1.916e+02 3.094e+02
|    ( QUESTION10 -1 -2.843e+04 1.645e+02 1.168e+02
|        ( - -1.727e+03 1 0)
|        ( QUESTION0_14_R 1 -2.654e+04 1.586e+02 1.108e+02
|            ( QUESTION14 -1 -2.144e+03 1.490e+02 1.000e+01
|                ( - -7.933e+02 1 0)
|                ( - -1.201e+03 1 0))
|            ( - -2.424e+04 6 0 QUESTION0_0_R 1 1.234e+02 1.008e+02)))
|    ( QUESTION2_8_L -1 -4.473e+04 1.460e+02 1.926e+02
|        ( - -1.026e+04 4 0 QUESTION0_14_R 1 1.277e+02 4.512e+01)
|        ( QUESTION0_0_R 1 -3.432e+04 2.065e+02 1.475e+02
|            ( - -1.738e+04 2 0)
|            ( QUESTION0 1 -1.673e+04 1.287e+02 7.320e+01
|                ( - -1.079e+04 2 0 QUESTION0_14_R 1 1.060e+02 4.620e+01)
|                ( - -5.815e+03 1 0)))))
s>    ( QUESTION0 -1 -7.335e+04 1.916e+02 3.094e+02
s>        ( QUESTION10 -1 -2.843e+04 1.645e+02 1.168e+02
s>            ( - -1.727e+03 1 0)
s>            ( QUESTION0_14_R 1 -2.654e+04 1.586e+02 1.108e+02
s>                ( QUESTION14 -1 -2.144e+03 1.490e+02 1.000e+01
s>                    ( - -7.933e+02 1 0)
s>                    ( - -1.201e+03 1 0))
s>                ( - -2.424e+04 6 0 QUESTION0_0_R 1 1.234e+02 1.008e+02)))
s>        ( QUESTION2_8_L -1 -4.473e+04 1.460e+02 1.926e+02
s>            ( - -1.026e+04 4 0 QUESTION0_14_R 1 1.277e+02 4.512e+01)
s>            ( QUESTION0_0_R 1 -3.432e+04 2.065e+02 1.475e+02
s>                ( - -1.738e+04 2 0)
s>                ( QUESTION0 1 -1.673e+04 1.287e+02 7.320e+01
s>                    ( - -1.079e+04 2 0 QUESTION0_14_R 1 1.060e+02 4.620e+01)
s>                    ( - -5.815e+03 1 0)))))INFO: dtree.c(1439): stop. leaf nodes are specific
INFO: dtree.c(1478): Final simple tree
|( QUESTION8 -1 -6.225e+04 2.312e+02 2.674e+02
|    ( QUESTION0_0_R 1 -6.602e+03 9.531e+01 3.027e+01
|        ( - -3.959e+03 1 0)
|        ( - -2.548e+03 1 0))
|    ( QUESTION0_14_R 1 -5.542e+04 1.920e+02 2.372e+02
|        ( - -2.582e+03 1 0)
|        ( QUESTION0 -1 -5.265e+04 1.513e+02 2.262e+02
|            ( QUESTION0_0_R 1 -1.512e+04 1.505e+02 6.793e+01
|                ( - -1.083e+04 2 0)
|                ( - -4.141e+03 1 0))
|            ( - -3.737e+04 3 0))))
s>    ( QUESTION8 -1 -6.225e+04 2.312e+02 2.674e+02
s>        ( QUESTION0_0_R 1 -6.602e+03 9.531e+01 3.027e+01
s>            ( - -3.959e+03 1 0)
s>            ( - -2.548e+03 1 0))
s>        ( QUESTION0_14_R 1 -5.542e+04 1.920e+02 2.372e+02
s>            ( - -2.582e+03 1 0)
s>            ( QUESTION0 -1 -5.265e+04 1.513e+02 2.262e+02
s>                ( QUESTION0_0_R 1 -1.512e+04 1.505e+02 6.793e+01
s>                    ( - -1.083e+04 2 0)
s>                    ( - -4.141e+03 1 0))
s>                ( - -3.737e+04 3 0))))INFO: dtree.c(1315): Comp split 19
INFO: dtree.c(1315): Comp split 20
INFO: dtree.c(1439): stop. leaf nodes are specific
INFO: dtree.c(1478): Final simple tree
|( QUESTION0_14_R 1 -6.317e+04 1.290e+02 2.700e+02
|    ( - -1.246e+04 2 0)
|    ( - -5.058e+04 2 0))
s>    ( QUESTION0_14_R 1 -6.317e+04 1.290e+02 2.700e+02
s>        ( - -1.246e+04 2 0)
s>        ( - -5.058e+04 2 0))INFO: dtree.c(1315): Comp split 21
INFO: dtree.c(1439): stop. leaf nodes are specific
INFO: dtree.c(1478): Final simple tree
|( QUESTION0_0_R 1 -3.568e+04 1.260e+02 1.497e+02
|    ( - -1.576e+04 2 0)
|    ( QUESTION0_14_R 1 -1.980e+04 9.798e+01 8.382e+01
|        ( - -1.993e+03 1 0)
|        ( - -1.770e+04 1 0)))
s>    ( QUESTION0_0_R 1 -3.568e+04 1.260e+02 1.497e+02
s>        ( - -1.576e+04 2 0)
s>        ( QUESTION0_14_R 1 -1.980e+04 9.798e+01 8.382e+01
s>            ( - -1.993e+03 1 0)
s>            ( - -1.770e+04 1 0)))INFO: dtree.c(1315): Comp split 22
INFO: dtree.c(1439): stop. leaf nodes are specific
INFO: dtree.c(1478): Final simple tree
|( QUESTION2_7_L -1 -5.429e+04 1.507e+02 2.309e+02
|    ( - -4.294e+03 1 0)
|    ( QUESTION0_14_R 1 -4.984e+04 1.112e+02 2.129e+02
|        ( - -4.768e+04 3 0)
|        ( - -2.051e+03 1 0)))
s>    ( QUESTION2_7_L -1 -5.429e+04 1.507e+02 2.309e+02
s>        ( - -4.294e+03 1 0)
s>        ( QUESTION0_14_R 1 -4.984e+04 1.112e+02 2.129e+02
s>            ( - -4.768e+04 3 0)
s>            ( - -2.051e+03 1 0)))INFO: dtree.c(1439): stop. leaf nodes are specific
INFO: dtree.c(1478): Final simple tree
|( QUESTION1 -1 -1.103e+04 2.062e+02 4.766e+01
|    ( - -4.844e+02 1 0)
|    ( QUESTION0_14_R 1 -1.034e+04 1.278e+02 4.466e+01
|        ( - -5.001e+03 1 0)
|        ( - -5.212e+03 1 0)))
s>    ( QUESTION1 -1 -1.103e+04 2.062e+02 4.766e+01
s>        ( - -4.844e+02 1 0)
s>        ( QUESTION0_14_R 1 -1.034e+04 1.278e+02 4.466e+01
s>            ( - -5.001e+03 1 0)
s>            ( - -5.212e+03 1 0)))INFO: dtree.c(1315): Comp split 23
INFO: dtree.c(1439): stop. leaf nodes are specific
INFO: dtree.c(1478): Final simple tree
|( QUESTION0_18_R 1 -9.351e+04 1.935e+02 3.856e+02
|    ( - -8.965e+02 1 0)
|    ( QUESTION0_14_R 1 -9.242e+04 1.208e+02 3.806e+02
|        ( - -6.220e+03 1 0)
|        ( QUESTION0_0_R 1 -8.608e+04 1.145e+02 3.546e+02
|            ( - -6.855e+04 2 0)
|            ( - -1.742e+04 1 0))))
s>    ( QUESTION0_18_R 1 -9.351e+04 1.935e+02 3.856e+02
s>        ( - -8.965e+02 1 0)
s>        ( QUESTION0_14_R 1 -9.242e+04 1.208e+02 3.806e+02
s>            ( - -6.220e+03 1 0)
s>            ( QUESTION0_0_R 1 -8.608e+04 1.145e+02 3.546e+02
s>                ( - -6.855e+04 2 0)
s>                ( - -1.742e+04 1 0))))INFO: dtree.c(1315): Comp split 24
INFO: dtree.c(1439): stop. leaf nodes are specific
INFO: dtree.c(1478): Final simple tree
|( QUESTION0_14_R 1 -4.355e+04 1.394e+02 1.899e+02
|    ( - -3.933e+04 1 0)
|    ( - -4.084e+03 1 0))
s>    ( QUESTION0_14_R 1 -4.355e+04 1.394e+02 1.899e+02
s>        ( - -3.933e+04 1 0)
s>        ( - -4.084e+03 1 0))INFO: dtree.c(1439): stop. leaf nodes are specific
INFO: dtree.c(1478): Final simple tree
|( QUESTION0_14_R 1 -5.564e+04 2.219e+02 2.332e+02
|    ( - -3.212e+04 1 0)
|    ( - -2.331e+04 1 0))
s>    ( QUESTION0_14_R 1 -5.564e+04 2.219e+02 2.332e+02
s>        ( - -3.212e+04 1 0)
s>        ( - -2.331e+04 1 0))INFO: dtree.c(1315): Comp split 25
INFO: dtree.c(1439): stop. leaf nodes are specific
INFO: dtree.c(1478): Final simple tree
|( QUESTION0_14_R 1 -5.542e+04 1.920e+02 2.372e+02
|    ( - -2.582e+03 1 0)
|    ( QUESTION0 -1 -5.265e+04 1.513e+02 2.262e+02
|        ( QUESTION0_0_R 1 -1.512e+04 1.505e+02 6.793e+01
|            ( - -1.083e+04 2 0)
|            ( - -4.141e+03 1 0))
|        ( - -3.737e+04 3 0)))
s>    ( QUESTION0_14_R 1 -5.542e+04 1.920e+02 2.372e+02
s>        ( - -2.582e+03 1 0)
s>        ( QUESTION0 -1 -5.265e+04 1.513e+02 2.262e+02
s>            ( QUESTION0_0_R 1 -1.512e+04 1.505e+02 6.793e+01
s>                ( - -1.083e+04 2 0)
s>                ( - -4.141e+03 1 0))
s>            ( - -3.737e+04 3 0)))INFO: dtree.c(1439): stop. leaf nodes are specific
INFO: dtree.c(1478): Final simple tree
|( QUESTION0_0_R 1 -6.602e+03 9.531e+01 3.027e+01
|    ( - -3.959e+03 1 0)
|    ( - -2.548e+03 1 0))
s>    ( QUESTION0_0_R 1 -6.602e+03 9.531e+01 3.027e+01
s>        ( - -3.959e+03 1 0)
s>        ( - -2.548e+03 1 0))INFO: dtree.c(1315): Comp split 26
INFO: dtree.c(1439): stop. leaf nodes are specific
INFO: dtree.c(1478): Final simple tree
|( QUESTION0_0_R 1 -3.202e+04 1.682e+02 1.341e+02
|    ( QUESTION0 -1 -2.894e+04 1.143e+02 1.211e+02
|        ( - -2.495e+03 2 0)
|        ( - -2.633e+04 6 0))
|    ( - -2.909e+03 2 0))
s>    ( QUESTION0_0_R 1 -3.202e+04 1.682e+02 1.341e+02
s>        ( QUESTION0 -1 -2.894e+04 1.143e+02 1.211e+02
s>            ( - -2.495e+03 2 0)
s>            ( - -2.633e+04 6 0))
s>        ( - -2.909e+03 2 0))INFO: dtree.c(1439): stop. leaf nodes are specific
INFO: dtree.c(1478): Final simple tree
|( QUESTION0_14_R 1 -1.434e+04 1.724e+02 6.223e+01
|    ( - -1.308e+03 1 0)
|    ( - -1.286e+04 3 0))
s>    ( QUESTION0_14_R 1 -1.434e+04 1.724e+02 6.223e+01
s>        ( - -1.308e+03 1 0)
s>        ( - -1.286e+04 3 0))INFO: dtree.c(1315): Comp split 27
INFO: dtree.c(1478): Final simple tree
|( QUESTION0 -1 -5.156e+04 1.878e+02 2.191e+02
|    ( QUESTION0_0_R 1 -2.424e+04 1.234e+02 1.008e+02
|        ( QUESTION1 -1 -1.277e+04 1.299e+02 5.300e+01
|            ( - -5.489e+03 2 0)
|            ( - -7.151e+03 2 0))
|        ( QUESTION1 -1 -1.134e+04 1.252e+02 4.782e+01
|            ( - -9.909e+03 1 0)
|            ( - -1.308e+03 1 0)))
|    ( QUESTION2_8_L -1 -2.714e+04 1.410e+02 1.183e+02
|        ( QUESTION0_14_R 1 -1.026e+04 1.277e+02 4.512e+01
|            ( - -3.009e+03 1 0)
|            ( - -7.126e+03 3 0 QUESTION0_0_R 1 1.130e+02 3.200e+01))
|        ( QUESTION0 1 -1.673e+04 1.287e+02 7.320e+01
|            ( - -1.079e+04 2 0 QUESTION0_14_R 1 1.060e+02 4.620e+01)
|            ( - -5.815e+03 1 0))))
s>    ( QUESTION0 -1 -5.156e+04 1.878e+02 2.191e+02
s>        ( QUESTION0_0_R 1 -2.424e+04 1.234e+02 1.008e+02
s>            ( QUESTION1 -1 -1.277e+04 1.299e+02 5.300e+01
s>                ( - -5.489e+03 2 0)
s>                ( - -7.151e+03 2 0))
s>            ( QUESTION1 -1 -1.134e+04 1.252e+02 4.782e+01
s>                ( - -9.909e+03 1 0)
s>                ( - -1.308e+03 1 0)))
s>        ( QUESTION2_8_L -1 -2.714e+04 1.410e+02 1.183e+02
s>            ( QUESTION0_14_R 1 -1.026e+04 1.277e+02 4.512e+01
s>                ( - -3.009e+03 1 0)
s>                ( - -7.126e+03 3 0 QUESTION0_0_R 1 1.130e+02 3.200e+01))
s>            ( QUESTION0 1 -1.673e+04 1.287e+02 7.320e+01
s>                ( - -1.079e+04 2 0 QUESTION0_14_R 1 1.060e+02 4.620e+01)
s>                ( - -5.815e+03 1 0))))INFO: dtree.c(1439): stop. leaf nodes are specific
INFO: dtree.c(1478): Final simple tree
|( QUESTION0 -1 -2.157e+04 1.824e+02 9.027e+01
|    ( QUESTION14 -1 -4.004e+03 1.614e+02 1.600e+01
|        ( - -7.933e+02 1 0)
|        ( QUESTION0_0_R 1 -3.050e+03 1.210e+02 1.200e+01
|            ( - -1.727e+03 1 0)
|            ( - -1.201e+03 1 0)))
|    ( - -1.738e+04 2 0))
s>    ( QUESTION0 -1 -2.157e+04 1.824e+02 9.027e+01
s>        ( QUESTION14 -1 -4.004e+03 1.614e+02 1.600e+01
s>            ( - -7.933e+02 1 0)
s>            ( QUESTION0_0_R 1 -3.050e+03 1.210e+02 1.200e+01
s>                ( - -1.727e+03 1 0)
s>                ( - -1.201e+03 1 0)))
s>        ( - -1.738e+04 2 0))INFO: dtree.c(1315): Comp split 28
INFO: dtree.c(1315): Comp split 29
INFO: dtree.c(1439): stop. leaf nodes are specific
INFO: dtree.c(1478): Final simple tree
|( QUESTION0_14_R 1 -1.034e+04 1.278e+02 4.466e+01
|    ( - -5.001e+03 1 0)
|    ( - -5.212e+03 1 0))
s>    ( QUESTION0_14_R 1 -1.034e+04 1.278e+02 4.466e+01
s>        ( - -5.001e+03 1 0)
s>        ( - -5.212e+03 1 0))INFO: dtree.c(1315): Comp split 30
INFO: dtree.c(1439): stop. leaf nodes are specific
INFO: dtree.c(1478): Final simple tree
|( QUESTION0 -1 -1.079e+03 1.265e+02 5.000e+00
|    ( - -3.754e+02 1 0)
|    ( - -5.766e+02 1 0))
s>    ( QUESTION0 -1 -1.079e+03 1.265e+02 5.000e+00
s>        ( - -3.754e+02 1 0)
s>        ( - -5.766e+02 1 0))INFO: dtree.c(1315): Comp split 31
INFO: dtree.c(1439): stop. leaf nodes are specific
INFO: dtree.c(1478): Final simple tree
|( QUESTION0 -1 -1.816e+04 1.193e+02 7.920e+01
|    ( - -1.308e+03 1 0)
|    ( QUESTION0 1 -1.673e+04 1.287e+02 7.320e+01
|        ( QUESTION0_14_R 1 -1.079e+04 1.060e+02 4.620e+01
|            ( - -4.888e+03 1 0)
|            ( - -5.794e+03 1 0))
|        ( - -5.815e+03 1 0)))
s>    ( QUESTION0 -1 -1.816e+04 1.193e+02 7.920e+01
s>        ( - -1.308e+03 1 0)
s>        ( QUESTION0 1 -1.673e+04 1.287e+02 7.320e+01
s>            ( QUESTION0_14_R 1 -1.079e+04 1.060e+02 4.620e+01
s>                ( - -4.888e+03 1 0)
s>                ( - -5.794e+03 1 0))
s>            ( - -5.815e+03 1 0)))INFO: dtree.c(1439): stop. leaf nodes are specific
INFO: dtree.c(1478): Final simple tree
|( QUESTION0_14_R 1 -3.320e+04 1.495e+02 1.399e+02
|    ( - -3.009e+03 1 0)
|    ( QUESTION0_0_R 1 -3.004e+04 1.357e+02 1.268e+02
|        ( QUESTION1 -1 -1.759e+04 1.348e+02 7.401e+01
|            ( - -5.489e+03 2 0)
|            ( QUESTION0 -1 -1.197e+04 1.292e+02 5.001e+01
|                ( - -7.151e+03 2 0)
|                ( - -4.688e+03 2 0)))
|        ( QUESTION0_17_R 1 -1.232e+04 8.254e+01 5.282e+01
|            ( - -2.325e+03 1 0)
|            ( - -9.909e+03 1 0))))
s>    ( QUESTION0_14_R 1 -3.320e+04 1.495e+02 1.399e+02
s>        ( - -3.009e+03 1 0)
s>        ( QUESTION0_0_R 1 -3.004e+04 1.357e+02 1.268e+02
s>            ( QUESTION1 -1 -1.759e+04 1.348e+02 7.401e+01
s>                ( - -5.489e+03 2 0)
s>                ( QUESTION0 -1 -1.197e+04 1.292e+02 5.001e+01
s>                    ( - -7.151e+03 2 0)
s>                    ( - -4.688e+03 2 0)))
s>            ( QUESTION0_17_R 1 -1.232e+04 8.254e+01 5.282e+01
s>                ( - -2.325e+03 1 0)
s>                ( - -9.909e+03 1 0))))INFO: dtree.c(1315): Comp split 32
INFO: dtree.c(1439): stop. leaf nodes are specific
INFO: dtree.c(1478): Final simple tree
|( QUESTION0_14_R 1 -1.644e+04 1.072e+02 7.383e+01
|    ( - -1.507e+04 1 0)
|    ( - -1.266e+03 1 0))
s>    ( QUESTION0_14_R 1 -1.644e+04 1.072e+02 7.383e+01
s>        ( - -1.507e+04 1 0)
s>        ( - -1.266e+03 1 0))INFO: dtree.c(1315): Comp split 33
INFO: dtree.c(1439): stop. leaf nodes are specific
INFO: dtree.c(1478): Final simple tree
|( QUESTION0_14_R 1 -9.242e+04 1.208e+02 3.806e+02
|    ( - -6.220e+03 1 0)
|    ( QUESTION0_0_R 1 -8.608e+04 1.145e+02 3.546e+02
|        ( - -6.855e+04 2 0)
|        ( - -1.742e+04 1 0)))
s>    ( QUESTION0_14_R 1 -9.242e+04 1.208e+02 3.806e+02
s>        ( - -6.220e+03 1 0)
s>        ( QUESTION0_0_R 1 -8.608e+04 1.145e+02 3.546e+02
s>            ( - -6.855e+04 2 0)
s>            ( - -1.742e+04 1 0)))INFO: dtree.c(1315): Comp split 34
INFO: dtree.c(1439): stop. leaf nodes are specific
INFO: dtree.c(1478): Final simple tree
|( QUESTION0 -1 -5.265e+04 1.513e+02 2.262e+02
|    ( QUESTION0_0_R 1 -1.512e+04 1.505e+02 6.793e+01
|        ( - -1.083e+04 2 0)
|        ( - -4.141e+03 1 0))
|    ( - -3.737e+04 3 0))
s>    ( QUESTION0 -1 -5.265e+04 1.513e+02 2.262e+02
s>        ( QUESTION0_0_R 1 -1.512e+04 1.505e+02 6.793e+01
s>            ( - -1.083e+04 2 0)
s>            ( - -4.141e+03 1 0))
s>        ( - -3.737e+04 3 0))INFO: dtree.c(1315): Comp split 35
INFO: dtree.c(1439): stop. leaf nodes are specific
INFO: dtree.c(1478): Final simple tree
|( QUESTION9 1 -4.913e+03 1.476e+02 2.212e+01
|    ( - -3.388e+03 1 0)
|    ( - -1.378e+03 1 0))
s>    ( QUESTION9 1 -4.913e+03 1.476e+02 2.212e+01
s>        ( - -3.388e+03 1 0)
s>        ( - -1.378e+03 1 0))INFO: dtree.c(1315): Comp split 36
INFO: dtree.c(1439): stop. leaf nodes are specific
INFO: dtree.c(1478): Final simple tree
|( QUESTION14 -1 -4.004e+03 1.614e+02 1.600e+01
|    ( - -7.933e+02 1 0)
|    ( QUESTION0_0_R 1 -3.050e+03 1.210e+02 1.200e+01
|        ( - -1.727e+03 1 0)
|        ( - -1.201e+03 1 0)))
s>    ( QUESTION14 -1 -4.004e+03 1.614e+02 1.600e+01
s>        ( - -7.933e+02 1 0)
s>        ( QUESTION0_0_R 1 -3.050e+03 1.210e+02 1.200e+01
s>            ( - -1.727e+03 1 0)
s>            ( - -1.201e+03 1 0)))INFO: dtree.c(1315): Comp split 37
INFO: dtree.c(1439): stop. leaf nodes are specific
INFO: dtree.c(1478): Final simple tree
|( QUESTION2_20_L -1 -1.935e+04 1.480e+02 8.158e+01
|    ( QUESTION2 -1 -1.309e+04 1.414e+02 5.576e+01
|        ( - -8.751e+03 1 0)
|        ( - -4.202e+03 1 0))
|    ( QUESTION0_14_R 1 -6.106e+03 1.352e+02 2.581e+01
|        ( - -4.652e+03 1 0)
|        ( - -1.319e+03 1 0)))
s>    ( QUESTION2_20_L -1 -1.935e+04 1.480e+02 8.158e+01
s>        ( QUESTION2 -1 -1.309e+04 1.414e+02 5.576e+01
s>            ( - -8.751e+03 1 0)
s>            ( - -4.202e+03 1 0))
s>        ( QUESTION0_14_R 1 -6.106e+03 1.352e+02 2.581e+01
s>            ( - -4.652e+03 1 0)
s>            ( - -1.319e+03 1 0)))INFO: dtree.c(1315): Comp split 38
INFO: dtree.c(1439): stop. leaf nodes are specific
INFO: dtree.c(1478): Final simple tree
|( QUESTION0_0_R 1 -7.814e+03 1.174e+02 3.412e+01
|    ( - -4.688e+03 2 0)
|    ( - -3.009e+03 1 0))
s>    ( QUESTION0_0_R 1 -7.814e+03 1.174e+02 3.412e+01
s>        ( - -4.688e+03 2 0)
s>        ( - -3.009e+03 1 0))INFO: dtree.c(1439): stop. leaf nodes are specific
INFO: dtree.c(1478): Final simple tree
|( QUESTION0_0_R 1 -2.521e+04 1.242e+02 1.058e+02
|    ( QUESTION1 -1 -1.277e+04 1.299e+02 5.300e+01
|        ( - -5.489e+03 2 0)
|        ( - -7.151e+03 2 0))
|    ( QUESTION0_17_R 1 -1.232e+04 8.254e+01 5.282e+01
|        ( - -2.325e+03 1 0)
|        ( - -9.909e+03 1 0)))
s>    ( QUESTION0_0_R 1 -2.521e+04 1.242e+02 1.058e+02
s>        ( QUESTION1 -1 -1.277e+04 1.299e+02 5.300e+01
s>            ( - -5.489e+03 2 0)
s>            ( - -7.151e+03 2 0))
s>        ( QUESTION0_17_R 1 -1.232e+04 8.254e+01 5.282e+01
s>            ( - -2.325e+03 1 0)
s>            ( - -9.909e+03 1 0)))INFO: dtree.c(1315): Comp split 39
INFO: dtree.c(1315): Comp split 40
INFO: dtree.c(1439): stop. leaf nodes are specific
INFO: dtree.c(1478): Final simple tree
|( QUESTION0 -1 -2.894e+04 1.143e+02 1.211e+02
|    ( - -2.495e+03 2 0)
|    ( - -2.633e+04 6 0))
s>    ( QUESTION0 -1 -2.894e+04 1.143e+02 1.211e+02
s>        ( - -2.495e+03 2 0)
s>        ( - -2.633e+04 6 0))INFO: dtree.c(1315): Comp split 41
INFO: dtree.c(1439): stop. leaf nodes are specific
INFO: dtree.c(1478): Final simple tree
|( QUESTION0_0_R 1 -3.050e+03 1.210e+02 1.200e+01
|    ( - -1.727e+03 1 0)
|    ( - -1.201e+03 1 0))
s>    ( QUESTION0_0_R 1 -3.050e+03 1.210e+02 1.200e+01
s>        ( - -1.727e+03 1 0)
s>        ( - -1.201e+03 1 0))INFO: dtree.c(1315): Comp split 42
INFO: dtree.c(1439): stop. leaf nodes are specific
INFO: dtree.c(1478): Final simple tree
|( QUESTION0_0_R 1 -4.835e+04 1.502e+02 2.072e+02
|    ( - -1.083e+04 2 0)
|    ( - -3.737e+04 3 0))
s>    ( QUESTION0_0_R 1 -4.835e+04 1.502e+02 2.072e+02
s>        ( - -1.083e+04 2 0)
s>        ( - -3.737e+04 3 0))INFO: dtree.c(1315): Comp split 43
INFO: dtree.c(1439): stop. leaf nodes are specific
INFO: dtree.c(1478): Final simple tree
|( QUESTION0_14_R 1 -4.984e+04 1.112e+02 2.129e+02
|    ( - -4.768e+04 3 0)
|    ( - -2.051e+03 1 0))
s>    ( QUESTION0_14_R 1 -4.984e+04 1.112e+02 2.129e+02
s>        ( - -4.768e+04 3 0)
s>        ( - -2.051e+03 1 0))INFO: dtree.c(1315): Comp split 44
INFO: dtree.c(1315): Comp split 45
INFO: dtree.c(1439): stop. leaf nodes are specific
INFO: dtree.c(1478): Final simple tree
|( QUESTION0_14_R 1 -6.106e+03 1.352e+02 2.581e+01
|    ( - -4.652e+03 1 0)
|    ( - -1.319e+03 1 0))
s>    ( QUESTION0_14_R 1 -6.106e+03 1.352e+02 2.581e+01
s>        ( - -4.652e+03 1 0)
s>        ( - -1.319e+03 1 0))INFO: dtree.c(1439): stop. leaf nodes are specific
INFO: dtree.c(1478): Final simple tree
|( QUESTION2 -1 -1.309e+04 1.414e+02 5.576e+01
|    ( - -8.751e+03 1 0)
|    ( - -4.202e+03 1 0))
s>    ( QUESTION2 -1 -1.309e+04 1.414e+02 5.576e+01
s>        ( - -8.751e+03 1 0)
s>        ( - -4.202e+03 1 0))INFO: dtree.c(1315): Comp split 46
INFO: dtree.c(1315): Comp split 47
INFO: dtree.c(1315): Comp split 48
INFO: dtree.c(1315): Comp split 49
INFO: dtree.c(1439): stop. leaf nodes are specific
INFO: dtree.c(1478): Final simple tree
|( QUESTION0_0_R 1 -1.717e+04 1.122e+02 7.082e+01
|    ( - -7.151e+03 2 0)
|    ( - -9.909e+03 1 0))
s>    ( QUESTION0_0_R 1 -1.717e+04 1.122e+02 7.082e+01
s>        ( - -7.151e+03 2 0)
s>        ( - -9.909e+03 1 0))INFO: dtree.c(1439): stop. leaf nodes are specific
INFO: dtree.c(1478): Final simple tree
|( QUESTION0_0_R 1 -7.900e+03 8.612e+01 3.500e+01
|    ( - -5.489e+03 2 0)
|    ( - -2.325e+03 1 0))
s>    ( QUESTION0_0_R 1 -7.900e+03 8.612e+01 3.500e+01
s>        ( - -5.489e+03 2 0)
s>        ( - -2.325e+03 1 0))INFO: dtree.c(1315): Comp split 50
INFO: dtree.c(1315): Comp split 51
INFO: dtree.c(1439): stop. leaf nodes are specific
INFO: dtree.c(1478): Final simple tree
|( QUESTION0 -1 -1.221e+04 1.145e+02 5.220e+01
|    ( - -1.308e+03 1 0)
|    ( QUESTION0_14_R 1 -1.079e+04 1.060e+02 4.620e+01
|        ( - -4.888e+03 1 0)
|        ( - -5.794e+03 1 0)))
s>    ( QUESTION0 -1 -1.221e+04 1.145e+02 5.220e+01
s>        ( - -1.308e+03 1 0)
s>        ( QUESTION0_14_R 1 -1.079e+04 1.060e+02 4.620e+01
s>            ( - -4.888e+03 1 0)
s>            ( - -5.794e+03 1 0)))INFO: dtree.c(1315): Comp split 52
INFO: dtree.c(1315): Comp split 53
INFO: dtree.c(1315): Comp split 54
INFO: dtree.c(1315): Comp split 55
INFO: dtree.c(1439): stop. leaf nodes are specific
INFO: dtree.c(1478): Final simple tree
|( QUESTION0_14_R 1 -1.980e+04 9.798e+01 8.382e+01
|    ( - -1.993e+03 1 0)
|    ( - -1.770e+04 1 0))
s>    ( QUESTION0_14_R 1 -1.980e+04 9.798e+01 8.382e+01
s>        ( - -1.993e+03 1 0)
s>        ( - -1.770e+04 1 0))INFO: dtree.c(1315): Comp split 56
INFO: dtree.c(1315): Comp split 57
INFO: dtree.c(1439): stop. leaf nodes are specific
INFO: dtree.c(1478): Final simple tree
|( QUESTION0_0_R 1 -8.608e+04 1.145e+02 3.546e+02
|    ( - -6.855e+04 2 0)
|    ( - -1.742e+04 1 0))
s>    ( QUESTION0_0_R 1 -8.608e+04 1.145e+02 3.546e+02
s>        ( - -6.855e+04 2 0)
s>        ( - -1.742e+04 1 0))INFO: dtree.c(1315): Comp split 58
INFO: dtree.c(1315): Comp split 59
INFO: dtree.c(1315): Comp split 60
INFO: dtree.c(1439): stop. leaf nodes are specific
INFO: dtree.c(1478): Final simple tree
|( QUESTION0_14_R 1 -1.079e+04 1.060e+02 4.620e+01
|    ( - -4.888e+03 1 0)
|    ( - -5.794e+03 1 0))
s>    ( QUESTION0_14_R 1 -1.079e+04 1.060e+02 4.620e+01
s>        ( - -4.888e+03 1 0)
s>        ( - -5.794e+03 1 0))INFO: dtree.c(1315): Comp split 61
INFO: dtree.c(1315): Comp split 62
INFO: dtree.c(1315): Comp split 63
INFO: dtree.c(1315): Comp split 64
INFO: dtree.c(1315): Comp split 65
INFO: dtree.c(1315): Comp split 66
INFO: dtree.c(1315): Comp split 67
INFO: dtree.c(1315): Comp split 68
INFO: dtree.c(1315): Comp split 69
INFO: dtree.c(1318): stop. leaf nodes are specific
Wed Dec 20 23:52:16 2017
