Current configuration:
[NAME]		[DEFLT]	[VALUE]
-allphones	no	no
-cntthresh	0.00001	1.000000e-05
-csplitmax	100	2000
-csplitmin	1	1
-csplitthr	8e-4	0.000000e+00
-example	no	no
-fullvar	no	no
-help		no	no
-meanfn			/home/alex/repos/speech/an4/model_parameters/an4.cd_cont_untied/means
-mixwfn			/home/alex/repos/speech/an4/model_parameters/an4.cd_cont_untied/mixture_weights
-moddeffn		/home/alex/repos/speech/an4/model_architecture/an4.untied.mdef
-mwfloor	1e-4	1.000000e-08
-phone			HH
-psetfn			/home/alex/repos/speech/an4/model_architecture/an4.tree_questions
-ssplitmax	5	7
-ssplitmin	1	1
-ssplitthr	8e-4	0.000000e+00
-state			0
-stwt			1.0,0.05,0.0,
-treefn			/home/alex/repos/speech/an4/trees/an4.unpruned/HH-0.dtree
-ts2cbfn	.semi.	.cont.
-varfloor	0.00001	1.000000e-05
-varfn			/home/alex/repos/speech/an4/model_parameters/an4.cd_cont_untied/variances

INFO: main.c(223): Reading: /home/alex/repos/speech/an4/model_architecture/an4.untied.mdef
INFO: model_def_io.c(573): Model definition info:
INFO: model_def_io.c(574): 1618 total models defined (34 base, 1584 tri)
INFO: model_def_io.c(575): 6472 total states
INFO: model_def_io.c(576): 4854 total tied states
INFO: model_def_io.c(577): 102 total tied CI states
INFO: model_def_io.c(578): 34 total tied transition matrices
INFO: model_def_io.c(579): 4 max state/model
INFO: model_def_io.c(580): 4 min state/model
INFO: main.c(242): Building trees for [HH AH AE b] through [HH V W b]
INFO: main.c(269): Covering states |[1746 1808]| == 63
INFO: main.c(275): Reading: /home/alex/repos/speech/an4/model_parameters/an4.cd_cont_untied/mixture_weights
INFO: s3mixw_io.c(173): Read /home/alex/repos/speech/an4/model_parameters/an4.cd_cont_untied/mixture_weights [63x1x1 array]
INFO: main.c(311): 21 of 21 models have observation count greater than 0.000010
INFO: main.c(95): nrm stwt: 0.952 0.048 0.000 
INFO: s3gau_io.c(169): Read /home/alex/repos/speech/an4/model_parameters/an4.cd_cont_untied/means [4854x1x1 array]
INFO: s3gau_io.c(169): Read /home/alex/repos/speech/an4/model_parameters/an4.cd_cont_untied/variances [4854x1x1 array]
INFO: main.c(549): Reading: /home/alex/repos/speech/an4/model_architecture/an4.tree_questions
INFO: main.c(588): 180 total simple questions (172 phone; 8 word bndry)
INFO: main.c(590): 42 Left Only questions, and 42 Right Only questions
INFO: dtree.c(1478): Final simple tree
|( QUESTION2_13_L -1 -4.870e+05 1.926e+03 2.316e+03
|    ( QUESTION2_14_L -1 -1.278e+05 1.180e+03 5.936e+02
|        ( QUESTION0_13_R 1 -3.180e+04 4.552e+02 1.423e+02
|            ( - 2.413e+02 1 0)
|            ( - -3.159e+04 2 0))
|        ( QUESTION0 -1 -9.482e+04 4.862e+02 4.513e+02
|            ( - -4.188e+04 3 0 QUESTION2 -1 3.358e+02 2.047e+02)
|            ( QUESTION0_13_R 1 -5.245e+04 5.442e+02 2.467e+02
|                ( - -4.580e+03 1 0)
|                ( - -4.733e+04 2 0))))
|    ( QUESTION2_0_L -1 -3.572e+05 7.199e+02 1.723e+03
|        ( - -3.013e+04 3 0 QUESTION0 -1 3.324e+02 1.516e+02)
|        ( SILENCE -1 -3.264e+05 4.164e+02 1.571e+03
|            ( - -2.711e+05 2 0 QUESTION0_0_R 1 3.370e+02 1.304e+03)
|            ( - -5.492e+04 7 0 QUESTION16 -1 2.839e+02 2.674e+02))))
s>    ( QUESTION2_13_L -1 -4.870e+05 1.926e+03 2.316e+03
s>        ( QUESTION2_14_L -1 -1.278e+05 1.180e+03 5.936e+02
s>            ( QUESTION0_13_R 1 -3.180e+04 4.552e+02 1.423e+02
s>                ( - 2.413e+02 1 0)
s>                ( - -3.159e+04 2 0))
s>            ( QUESTION0 -1 -9.482e+04 4.862e+02 4.513e+02
s>                ( - -4.188e+04 3 0 QUESTION2 -1 3.358e+02 2.047e+02)
s>                ( QUESTION0_13_R 1 -5.245e+04 5.442e+02 2.467e+02
s>                    ( - -4.580e+03 1 0)
s>                    ( - -4.733e+04 2 0))))
s>        ( QUESTION2_0_L -1 -3.572e+05 7.199e+02 1.723e+03
s>            ( - -3.013e+04 3 0 QUESTION0 -1 3.324e+02 1.516e+02)
s>            ( SILENCE -1 -3.264e+05 4.164e+02 1.571e+03
s>                ( - -2.711e+05 2 0 QUESTION0_0_R 1 3.370e+02 1.304e+03)
s>                ( - -5.492e+04 7 0 QUESTION16 -1 2.839e+02 2.674e+02))))INFO: dtree.c(1315): Comp split 0
INFO: dtree.c(1478): Final simple tree
|( SILENCE -1 -3.622e+05 7.730e+02 1.748e+03
|    ( QUESTION0_0_R 1 -2.711e+05 3.370e+02 1.304e+03
|        ( - -2.246e+04 1 0)
|        ( - -2.483e+05 1 0))
|    ( QUESTION2_7_L -1 -9.042e+04 4.857e+02 4.449e+02
|        ( QUESTION16 -1 -5.492e+04 2.839e+02 2.674e+02
|            ( - -1.180e+04 2 0 QUESTION0_13_R 1 1.391e+02 5.780e+01)
|            ( QUESTION0 -1 -4.284e+04 2.678e+02 2.096e+02
|                ( - -2.124e+04 3 0 QUESTION14 -1 2.642e+02 1.055e+02)
|                ( - -2.133e+04 2 0 QUESTION0_13_R 1 1.998e+02 1.041e+02)))
|        ( QUESTION0 -1 -3.502e+04 3.449e+02 1.775e+02
|            ( - -1.644e+04 2 0 QUESTION0_13_R 1 1.350e+02 8.359e+01)
|            ( QUESTION0_13_R 1 -1.823e+04 2.994e+02 9.394e+01
|                ( - -4.580e+03 1 0)
|                ( - -1.335e+04 1 0)))))
s>    ( SILENCE -1 -3.622e+05 7.730e+02 1.748e+03
s>        ( QUESTION0_0_R 1 -2.711e+05 3.370e+02 1.304e+03
s>            ( - -2.246e+04 1 0)
s>            ( - -2.483e+05 1 0))
s>        ( QUESTION2_7_L -1 -9.042e+04 4.857e+02 4.449e+02
s>            ( QUESTION16 -1 -5.492e+04 2.839e+02 2.674e+02
s>                ( - -1.180e+04 2 0 QUESTION0_13_R 1 1.391e+02 5.780e+01)
s>                ( QUESTION0 -1 -4.284e+04 2.678e+02 2.096e+02
s>                    ( - -2.124e+04 3 0 QUESTION14 -1 2.642e+02 1.055e+02)
s>                    ( - -2.133e+04 2 0 QUESTION0_13_R 1 1.998e+02 1.041e+02)))
s>            ( QUESTION0 -1 -3.502e+04 3.449e+02 1.775e+02
s>                ( - -1.644e+04 2 0 QUESTION0_13_R 1 1.350e+02 8.359e+01)
s>                ( QUESTION0_13_R 1 -1.823e+04 2.994e+02 9.394e+01
s>                    ( - -4.580e+03 1 0)
s>                    ( - -1.335e+04 1 0)))))INFO: dtree.c(1439): stop. leaf nodes are specific
INFO: dtree.c(1478): Final simple tree
|( QUESTION2_14_L -1 -1.227e+05 1.129e+03 5.677e+02
|    ( QUESTION0_13_R 1 -3.180e+04 4.552e+02 1.423e+02
|        ( - 2.413e+02 1 0)
|        ( - -3.159e+04 2 0))
|    ( QUESTION0 -1 -8.976e+04 5.525e+02 4.254e+02
|        ( QUESTION2 -1 -4.188e+04 3.358e+02 2.047e+02
|            ( QUESTION0_13_R 1 -1.919e+04 2.908e+02 9.644e+01
|                ( - -1.836e+03 1 0)
|                ( - -1.706e+04 1 0))
|            ( - -2.235e+04 1 0))
|        ( - -4.733e+04 2 0)))
s>    ( QUESTION2_14_L -1 -1.227e+05 1.129e+03 5.677e+02
s>        ( QUESTION0_13_R 1 -3.180e+04 4.552e+02 1.423e+02
s>            ( - 2.413e+02 1 0)
s>            ( - -3.159e+04 2 0))
s>        ( QUESTION0 -1 -8.976e+04 5.525e+02 4.254e+02
s>            ( QUESTION2 -1 -4.188e+04 3.358e+02 2.047e+02
s>                ( QUESTION0_13_R 1 -1.919e+04 2.908e+02 9.644e+01
s>                    ( - -1.836e+03 1 0)
s>                    ( - -1.706e+04 1 0))
s>                ( - -2.235e+04 1 0))
s>            ( - -4.733e+04 2 0)))INFO: dtree.c(1315): Comp split 1
INFO: dtree.c(1439): stop. leaf nodes are specific
INFO: dtree.c(1478): Final simple tree
|( QUESTION0 -1 -3.384e+04 2.060e+02 1.513e+02
|    ( - -1.836e+03 1 0)
|    ( QUESTION0_13_R 1 -3.180e+04 4.552e+02 1.423e+02
|        ( - 2.413e+02 1 0)
|        ( - -3.159e+04 2 0)))
s>    ( QUESTION0 -1 -3.384e+04 2.060e+02 1.513e+02
s>        ( - -1.836e+03 1 0)
s>        ( QUESTION0_13_R 1 -3.180e+04 4.552e+02 1.423e+02
s>            ( - 2.413e+02 1 0)
s>            ( - -3.159e+04 2 0)))INFO: dtree.c(1439): stop. leaf nodes are specific
INFO: dtree.c(1478): Final simple tree
|( QUESTION0 -1 -8.771e+04 5.878e+02 4.164e+02
|    ( QUESTION2 -1 -3.979e+04 3.814e+02 1.957e+02
|        ( - -1.706e+04 1 0)
|        ( - -2.235e+04 1 0))
|    ( - -4.733e+04 2 0))
s>    ( QUESTION0 -1 -8.771e+04 5.878e+02 4.164e+02
s>        ( QUESTION2 -1 -3.979e+04 3.814e+02 1.957e+02
s>            ( - -1.706e+04 1 0)
s>            ( - -2.235e+04 1 0))
s>        ( - -4.733e+04 2 0))INFO: dtree.c(1315): Comp split 2
INFO: dtree.c(1439): stop. leaf nodes are specific
INFO: dtree.c(1478): Final simple tree
|( QUESTION10 -1 -5.648e+04 3.517e+02 2.831e+02
|    ( - -1.598e+04 1 0)
|    ( QUESTION2_13_L -1 -4.015e+04 3.244e+02 2.015e+02
|        ( - -4.580e+03 1 0)
|        ( QUESTION15 -1 -3.525e+04 2.534e+02 1.755e+02
|            ( - -6.139e+03 1 0)
|            ( QUESTION0 -1 -2.886e+04 2.119e+02 1.445e+02
|                ( QUESTION0_18_R 1 -1.529e+04 1.927e+02 7.653e+01
|                    ( - -5.536e+03 1 0)
|                    ( QUESTION0_13_R 1 -9.560e+03 1.187e+02 4.802e+01
|                        ( - -3.252e+02 1 0)
|                        ( - -9.116e+03 1 0)))
|                ( - -1.335e+04 1 0)))))
s>    ( QUESTION10 -1 -5.648e+04 3.517e+02 2.831e+02
s>        ( - -1.598e+04 1 0)
s>        ( QUESTION2_13_L -1 -4.015e+04 3.244e+02 2.015e+02
s>            ( - -4.580e+03 1 0)
s>            ( QUESTION15 -1 -3.525e+04 2.534e+02 1.755e+02
s>                ( - -6.139e+03 1 0)
s>                ( QUESTION0 -1 -2.886e+04 2.119e+02 1.445e+02
s>                    ( QUESTION0_18_R 1 -1.529e+04 1.927e+02 7.653e+01
s>                        ( - -5.536e+03 1 0)
s>                        ( QUESTION0_13_R 1 -9.560e+03 1.187e+02 4.802e+01
s>                            ( - -3.252e+02 1 0)
s>                            ( - -9.116e+03 1 0)))
s>                    ( - -1.335e+04 1 0)))))INFO: dtree.c(1439): stop. leaf nodes are specific
INFO: dtree.c(1478): Final simple tree
|( SILENCE -1 -3.048e+05 3.677e+02 1.465e+03
|    ( QUESTION0_0_R 1 -2.711e+05 3.370e+02 1.304e+03
|        ( - -2.246e+04 1 0)
|        ( - -2.483e+05 1 0))
|    ( QUESTION0 -1 -3.341e+04 2.893e+02 1.619e+02
|        ( QUESTION0_13_R 1 -1.180e+04 1.391e+02 5.780e+01
|            ( - -3.125e+02 1 0)
|            ( - -1.134e+04 1 0))
|        ( QUESTION0_13_R 1 -2.133e+04 1.998e+02 1.041e+02
|            ( - -6.844e+02 1 0)
|            ( - -2.044e+04 1 0))))
s>    ( SILENCE -1 -3.048e+05 3.677e+02 1.465e+03
s>        ( QUESTION0_0_R 1 -2.711e+05 3.370e+02 1.304e+03
s>            ( - -2.246e+04 1 0)
s>            ( - -2.483e+05 1 0))
s>        ( QUESTION0 -1 -3.341e+04 2.893e+02 1.619e+02
s>            ( QUESTION0_13_R 1 -1.180e+04 1.391e+02 5.780e+01
s>                ( - -3.125e+02 1 0)
s>                ( - -1.134e+04 1 0))
s>            ( QUESTION0_13_R 1 -2.133e+04 1.998e+02 1.041e+02
s>                ( - -6.844e+02 1 0)
s>                ( - -2.044e+04 1 0))))INFO: dtree.c(1315): Comp split 3
INFO: dtree.c(1439): stop. leaf nodes are specific
INFO: dtree.c(1478): Final simple tree
|( QUESTION2 -1 -3.979e+04 3.814e+02 1.957e+02
|    ( - -1.706e+04 1 0)
|    ( - -2.235e+04 1 0))
s>    ( QUESTION2 -1 -3.979e+04 3.814e+02 1.957e+02
s>        ( - -1.706e+04 1 0)
s>        ( - -2.235e+04 1 0))INFO: dtree.c(1315): Comp split 4
INFO: dtree.c(1439): stop. leaf nodes are specific
INFO: dtree.c(1478): Final simple tree
|( QUESTION0_13_R 1 -3.363e+04 2.061e+02 1.503e+02
|    ( - -1.836e+03 1 0)
|    ( - -3.159e+04 2 0))
s>    ( QUESTION0_13_R 1 -3.363e+04 2.061e+02 1.503e+02
s>        ( - -1.836e+03 1 0)
s>        ( - -3.159e+04 2 0))INFO: dtree.c(1315): Comp split 5
INFO: dtree.c(1439): stop. leaf nodes are specific
INFO: dtree.c(1478): Final simple tree
|( QUESTION10 -1 -2.577e+04 2.298e+02 1.296e+02
|    ( - -1.598e+04 1 0)
|    ( QUESTION0_13_R 1 -9.560e+03 1.187e+02 4.802e+01
|        ( - -3.252e+02 1 0)
|        ( - -9.116e+03 1 0)))
s>    ( QUESTION10 -1 -2.577e+04 2.298e+02 1.296e+02
s>        ( - -1.598e+04 1 0)
s>        ( QUESTION0_13_R 1 -9.560e+03 1.187e+02 4.802e+01
s>            ( - -3.252e+02 1 0)
s>            ( - -9.116e+03 1 0)))INFO: dtree.c(1439): stop. leaf nodes are specific
INFO: dtree.c(1478): Final simple tree
|( QUESTION2_13_L -1 -3.029e+04 3.217e+02 1.534e+02
|    ( - -4.580e+03 1 0)
|    ( QUESTION15 -1 -2.539e+04 2.406e+02 1.275e+02
|        ( - -6.139e+03 1 0)
|        ( QUESTION0_13_R 1 -1.901e+04 1.222e+02 9.651e+01
|            ( - -5.536e+03 1 0)
|            ( - -1.335e+04 1 0))))
s>    ( QUESTION2_13_L -1 -3.029e+04 3.217e+02 1.534e+02
s>        ( - -4.580e+03 1 0)
s>        ( QUESTION15 -1 -2.539e+04 2.406e+02 1.275e+02
s>            ( - -6.139e+03 1 0)
s>            ( QUESTION0_13_R 1 -1.901e+04 1.222e+02 9.651e+01
s>                ( - -5.536e+03 1 0)
s>                ( - -1.335e+04 1 0))))INFO: dtree.c(1315): Comp split 6
INFO: dtree.c(1315): Comp split 7
INFO: dtree.c(1439): stop. leaf nodes are specific
INFO: dtree.c(1478): Final simple tree
|( QUESTION0 -1 -3.254e+04 2.967e+02 1.579e+02
|    ( QUESTION0_13_R 1 -1.180e+04 1.391e+02 5.780e+01
|        ( - -3.125e+02 1 0)
|        ( - -1.134e+04 1 0))
|    ( - -2.044e+04 1 0))
s>    ( QUESTION0 -1 -3.254e+04 2.967e+02 1.579e+02
s>        ( QUESTION0_13_R 1 -1.180e+04 1.391e+02 5.780e+01
s>            ( - -3.125e+02 1 0)
s>            ( - -1.134e+04 1 0))
s>        ( - -2.044e+04 1 0))INFO: dtree.c(1439): stop. leaf nodes are specific
INFO: dtree.c(1478): Final simple tree
|( QUESTION0_0_R 1 -2.719e+05 3.386e+02 1.308e+03
|    ( - -2.246e+04 1 0)
|    ( SILENCE -1 -2.491e+05 1.851e+02 1.196e+03
|        ( - -2.483e+05 1 0)
|        ( - -6.844e+02 1 0)))
s>    ( QUESTION0_0_R 1 -2.719e+05 3.386e+02 1.308e+03
s>        ( - -2.246e+04 1 0)
s>        ( SILENCE -1 -2.491e+05 1.851e+02 1.196e+03
s>            ( - -2.483e+05 1 0)
s>            ( - -6.844e+02 1 0)))INFO: dtree.c(1315): Comp split 8
INFO: dtree.c(1439): stop. leaf nodes are specific
INFO: dtree.c(1478): Final simple tree
|( SILENCE -1 -2.491e+05 1.851e+02 1.196e+03
|    ( - -2.483e+05 1 0)
|    ( - -6.844e+02 1 0))
s>    ( SILENCE -1 -2.491e+05 1.851e+02 1.196e+03
s>        ( - -2.483e+05 1 0)
s>        ( - -6.844e+02 1 0))INFO: dtree.c(1315): Comp split 9
INFO: dtree.c(1439): stop. leaf nodes are specific
INFO: dtree.c(1478): Final simple tree
|( QUESTION15 -1 -2.539e+04 2.406e+02 1.275e+02
|    ( - -6.139e+03 1 0)
|    ( QUESTION0_13_R 1 -1.901e+04 1.222e+02 9.651e+01
|        ( - -5.536e+03 1 0)
|        ( - -1.335e+04 1 0)))
s>    ( QUESTION15 -1 -2.539e+04 2.406e+02 1.275e+02
s>        ( - -6.139e+03 1 0)
s>        ( QUESTION0_13_R 1 -1.901e+04 1.222e+02 9.651e+01
s>            ( - -5.536e+03 1 0)
s>            ( - -1.335e+04 1 0)))INFO: dtree.c(1315): Comp split 10
INFO: dtree.c(1439): stop. leaf nodes are specific
INFO: dtree.c(1478): Final simple tree
|( QUESTION0_13_R 1 -1.180e+04 1.391e+02 5.780e+01
|    ( - -3.125e+02 1 0)
|    ( - -1.134e+04 1 0))
s>    ( QUESTION0_13_R 1 -1.180e+04 1.391e+02 5.780e+01
s>        ( - -3.125e+02 1 0)
s>        ( - -1.134e+04 1 0))INFO: dtree.c(1315): Comp split 11
INFO: dtree.c(1439): stop. leaf nodes are specific
INFO: dtree.c(1478): Final simple tree
|( QUESTION0_13_R 1 -1.901e+04 1.222e+02 9.651e+01
|    ( - -5.536e+03 1 0)
|    ( - -1.335e+04 1 0))
s>    ( QUESTION0_13_R 1 -1.901e+04 1.222e+02 9.651e+01
s>        ( - -5.536e+03 1 0)
s>        ( - -1.335e+04 1 0))INFO: dtree.c(1315): Comp split 12
INFO: dtree.c(1439): stop. leaf nodes are specific
INFO: dtree.c(1478): Final simple tree
|( QUESTION0_13_R 1 -9.560e+03 1.187e+02 4.802e+01
|    ( - -3.252e+02 1 0)
|    ( - -9.116e+03 1 0))
s>    ( QUESTION0_13_R 1 -9.560e+03 1.187e+02 4.802e+01
s>        ( - -3.252e+02 1 0)
s>        ( - -9.116e+03 1 0))INFO: dtree.c(1315): Comp split 13
INFO: dtree.c(1315): Comp split 14
INFO: dtree.c(1315): Comp split 15
INFO: dtree.c(1315): Comp split 16
INFO: dtree.c(1315): Comp split 17
INFO: dtree.c(1315): Comp split 18
INFO: dtree.c(1318): stop. leaf nodes are specific
Wed Dec 20 23:52:18 2017
