Current configuration:
[NAME]		[DEFLT]	[VALUE]
-allphones	no	no
-cntthresh	0.00001	1.000000e-05
-csplitmax	100	2000
-csplitmin	1	1
-csplitthr	8e-4	0.000000e+00
-example	no	no
-fullvar	no	no
-help		no	no
-meanfn			/home/alex/repos/speech/an4/model_parameters/an4.cd_cont_untied/means
-mixwfn			/home/alex/repos/speech/an4/model_parameters/an4.cd_cont_untied/mixture_weights
-moddeffn		/home/alex/repos/speech/an4/model_architecture/an4.untied.mdef
-mwfloor	1e-4	1.000000e-08
-phone			N
-psetfn			/home/alex/repos/speech/an4/model_architecture/an4.tree_questions
-ssplitmax	5	7
-ssplitmin	1	1
-ssplitthr	8e-4	0.000000e+00
-state			2
-stwt			1.0,0.05,0.0,
-treefn			/home/alex/repos/speech/an4/trees/an4.unpruned/N-2.dtree
-ts2cbfn	.semi.	.cont.
-varfloor	0.00001	1.000000e-05
-varfn			/home/alex/repos/speech/an4/model_parameters/an4.cd_cont_untied/variances

INFO: main.c(223): Reading: /home/alex/repos/speech/an4/model_architecture/an4.untied.mdef
INFO: model_def_io.c(573): Model definition info:
INFO: model_def_io.c(574): 1618 total models defined (34 base, 1584 tri)
INFO: model_def_io.c(575): 6472 total states
INFO: model_def_io.c(576): 4854 total tied states
INFO: model_def_io.c(577): 102 total tied CI states
INFO: model_def_io.c(578): 34 total tied transition matrices
INFO: model_def_io.c(579): 4 max state/model
INFO: model_def_io.c(580): 4 min state/model
INFO: main.c(242): Building trees for [N AE D i] through [N V AY b]
INFO: main.c(269): Covering states |[2973 3224]| == 252
INFO: main.c(275): Reading: /home/alex/repos/speech/an4/model_parameters/an4.cd_cont_untied/mixture_weights
INFO: s3mixw_io.c(173): Read /home/alex/repos/speech/an4/model_parameters/an4.cd_cont_untied/mixture_weights [252x1x1 array]
INFO: main.c(311): 84 of 84 models have observation count greater than 0.000010
INFO: main.c(95): nrm stwt: 0.000 0.048 0.952 
INFO: s3gau_io.c(169): Read /home/alex/repos/speech/an4/model_parameters/an4.cd_cont_untied/means [4854x1x1 array]
INFO: s3gau_io.c(169): Read /home/alex/repos/speech/an4/model_parameters/an4.cd_cont_untied/variances [4854x1x1 array]
INFO: main.c(549): Reading: /home/alex/repos/speech/an4/model_architecture/an4.tree_questions
INFO: main.c(588): 180 total simple questions (172 phone; 8 word bndry)
INFO: main.c(590): 42 Left Only questions, and 42 Right Only questions
INFO: dtree.c(1478): Final simple tree
|( WDBNDRY_I 0 -1.101e+06 4.260e+03 4.919e+03
|    ( QUESTION0_20_R 1 -1.232e+05 7.274e+02 5.304e+02
|        ( - -3.078e+04 3 0 QUESTION1 -1 3.501e+02 1.341e+02)
|        ( - -9.170e+04 8 0 QUESTION0_3_R 1 3.541e+02 3.963e+02))
|    ( QUESTION0_12_R 1 -9.734e+05 2.547e+03 4.388e+03
|        ( QUESTION0_14_R 1 -3.937e+05 1.093e+03 1.808e+03
|            ( - -4.500e+04 4 0 QUESTION1 -1 2.887e+02 2.193e+02)
|            ( SILENCE -1 -3.476e+05 8.969e+02 1.589e+03
|                ( - -1.710e+04 2 0)
|                ( QUESTION2_11_L -1 -3.296e+05 7.363e+02 1.515e+03
|                    ( - -1.697e+04 2 0 QUESTION9 -1 1.498e+02 7.598e+01)
|                    ( - -3.119e+05 32 0 WDBNDRY_B 0 6.272e+02 1.439e+03))))
|        ( SILENCE 1 -5.772e+05 1.837e+03 2.580e+03
|            ( - -1.949e+05 4 0 QUESTION8 -1 4.584e+02 8.901e+02)
|            ( - -3.805e+05 29 0 QUESTION0_3_R 1 6.347e+02 1.690e+03))))
s>    ( WDBNDRY_I 0 -1.101e+06 4.260e+03 4.919e+03
s>        ( QUESTION0_20_R 1 -1.232e+05 7.274e+02 5.304e+02
s>            ( - -3.078e+04 3 0 QUESTION1 -1 3.501e+02 1.341e+02)
s>            ( - -9.170e+04 8 0 QUESTION0_3_R 1 3.541e+02 3.963e+02))
s>        ( QUESTION0_12_R 1 -9.734e+05 2.547e+03 4.388e+03
s>            ( QUESTION0_14_R 1 -3.937e+05 1.093e+03 1.808e+03
s>                ( - -4.500e+04 4 0 QUESTION1 -1 2.887e+02 2.193e+02)
s>                ( SILENCE -1 -3.476e+05 8.969e+02 1.589e+03
s>                    ( - -1.710e+04 2 0)
s>                    ( QUESTION2_11_L -1 -3.296e+05 7.363e+02 1.515e+03
s>                        ( - -1.697e+04 2 0 QUESTION9 -1 1.498e+02 7.598e+01)
s>                        ( - -3.119e+05 32 0 WDBNDRY_B 0 6.272e+02 1.439e+03))))
s>            ( SILENCE 1 -5.772e+05 1.837e+03 2.580e+03
s>                ( - -1.949e+05 4 0 QUESTION8 -1 4.584e+02 8.901e+02)
s>                ( - -3.805e+05 29 0 QUESTION0_3_R 1 6.347e+02 1.690e+03))))INFO: dtree.c(1315): Comp split 0
INFO: dtree.c(1478): Final simple tree
|( QUESTION0_0_R 1 -9.373e+05 2.492e+03 4.238e+03
|    ( QUESTION0_3_R 1 -3.805e+05 6.347e+02 1.690e+03
|        ( QUESTION2_15_L -1 -8.107e+04 4.740e+02 3.679e+02
|            ( - 1.974e+02 1 0)
|            ( - -8.079e+04 6 0 QUESTION0 -1 2.797e+02 3.669e+02))
|        ( QUESTION0_1_R 1 -2.988e+05 5.695e+02 1.322e+03
|            ( - -2.032e+05 8 0 QUESTION0 -1 4.533e+02 9.071e+02)
|            ( - -9.500e+04 14 0 QUESTION18 1 2.619e+02 4.148e+02)))
|    ( SILENCE 1 -5.544e+05 1.662e+03 2.548e+03
|        ( - -1.949e+05 4 0 QUESTION8 -1 4.584e+02 8.901e+02)
|        ( QUESTION0_14_R 1 -3.578e+05 9.297e+02 1.658e+03
|            ( - -4.500e+04 4 0 QUESTION1 -1 2.887e+02 2.193e+02)
|            ( WDBNDRY_B 0 -3.119e+05 6.272e+02 1.439e+03
|                ( - -1.772e+05 13 0 QUESTION15 -1 3.798e+02 8.265e+02)
|                ( - -1.340e+05 19 0 QUESTION0_13_R 1 4.624e+02 6.125e+02)))))
s>    ( QUESTION0_0_R 1 -9.373e+05 2.492e+03 4.238e+03
s>        ( QUESTION0_3_R 1 -3.805e+05 6.347e+02 1.690e+03
s>            ( QUESTION2_15_L -1 -8.107e+04 4.740e+02 3.679e+02
s>                ( - 1.974e+02 1 0)
s>                ( - -8.079e+04 6 0 QUESTION0 -1 2.797e+02 3.669e+02))
s>            ( QUESTION0_1_R 1 -2.988e+05 5.695e+02 1.322e+03
s>                ( - -2.032e+05 8 0 QUESTION0 -1 4.533e+02 9.071e+02)
s>                ( - -9.500e+04 14 0 QUESTION18 1 2.619e+02 4.148e+02)))
s>        ( SILENCE 1 -5.544e+05 1.662e+03 2.548e+03
s>            ( - -1.949e+05 4 0 QUESTION8 -1 4.584e+02 8.901e+02)
s>            ( QUESTION0_14_R 1 -3.578e+05 9.297e+02 1.658e+03
s>                ( - -4.500e+04 4 0 QUESTION1 -1 2.887e+02 2.193e+02)
s>                ( WDBNDRY_B 0 -3.119e+05 6.272e+02 1.439e+03
s>                    ( - -1.772e+05 13 0 QUESTION15 -1 3.798e+02 8.265e+02)
s>                    ( - -1.340e+05 19 0 QUESTION0_13_R 1 4.624e+02 6.125e+02)))))INFO: dtree.c(1478): Final simple tree
|( QUESTION0 1 -1.587e+05 1.206e+03 6.806e+02
|    ( QUESTION0_3_R 1 -9.170e+04 3.541e+02 3.963e+02
|        ( - -2.096e+04 2 0 QUESTION0 -1 1.485e+02 9.195e+01)
|        ( QUESTION0_0_R 1 -7.038e+04 2.696e+02 3.044e+02
|            ( QUESTION0_6_R 1 -1.332e+04 1.559e+02 5.839e+01
|                ( - -4.889e+03 2 0 QUESTION2_3_L -1 6.940e+01 2.132e+01)
|                ( - -8.279e+03 3 0 QUESTION0 -1 1.400e+02 3.708e+01))
|            ( - -5.679e+04 1 0)))
|    ( WDBNDRY_B 0 -6.576e+04 6.900e+02 2.843e+02
|        ( SILENCE -1 -3.429e+04 2.239e+02 1.501e+02
|            ( - -1.710e+04 2 0)
|            ( - -1.697e+04 2 0 QUESTION9 -1 1.498e+02 7.598e+01))
|        ( QUESTION1 -1 -3.078e+04 3.501e+02 1.341e+02
|            ( - -1.483e+04 2 0 QUESTION2_3_L -1 1.141e+02 6.653e+01)
|            ( - -1.560e+04 1 0))))
s>    ( QUESTION0 1 -1.587e+05 1.206e+03 6.806e+02
s>        ( QUESTION0_3_R 1 -9.170e+04 3.541e+02 3.963e+02
s>            ( - -2.096e+04 2 0 QUESTION0 -1 1.485e+02 9.195e+01)
s>            ( QUESTION0_0_R 1 -7.038e+04 2.696e+02 3.044e+02
s>                ( QUESTION0_6_R 1 -1.332e+04 1.559e+02 5.839e+01
s>                    ( - -4.889e+03 2 0 QUESTION2_3_L -1 6.940e+01 2.132e+01)
s>                    ( - -8.279e+03 3 0 QUESTION0 -1 1.400e+02 3.708e+01))
s>                ( - -5.679e+04 1 0)))
s>        ( WDBNDRY_B 0 -6.576e+04 6.900e+02 2.843e+02
s>            ( SILENCE -1 -3.429e+04 2.239e+02 1.501e+02
s>                ( - -1.710e+04 2 0)
s>                ( - -1.697e+04 2 0 QUESTION9 -1 1.498e+02 7.598e+01))
s>            ( QUESTION1 -1 -3.078e+04 3.501e+02 1.341e+02
s>                ( - -1.483e+04 2 0 QUESTION2_3_L -1 1.141e+02 6.653e+01)
s>                ( - -1.560e+04 1 0))))INFO: dtree.c(1315): Comp split 1
INFO: dtree.c(1478): Final simple tree
|( QUESTION0_3_R 1 -3.805e+05 6.347e+02 1.690e+03
|    ( QUESTION2_15_L -1 -8.107e+04 4.740e+02 3.679e+02
|        ( - 1.974e+02 1 0)
|        ( QUESTION0 -1 -8.079e+04 2.797e+02 3.669e+02
|            ( - -7.598e+04 4 0 QUESTION1 -1 2.469e+02 3.471e+02)
|            ( - -4.531e+03 2 0 QUESTION2_0_L -1 1.288e+02 1.979e+01)))
|    ( QUESTION0_1_R 1 -2.988e+05 5.695e+02 1.322e+03
|        ( QUESTION0 -1 -2.032e+05 4.533e+02 9.071e+02
|            ( - -1.407e+05 4 0 QUESTION1 -1 2.294e+02 6.272e+02)
|            ( - -6.206e+04 4 0 QUESTION2_0_L -1 2.453e+02 2.799e+02))
|        ( QUESTION18 1 -9.500e+04 2.619e+02 4.148e+02
|            ( - -1.541e+04 2 0 QUESTION0_7_R 1 1.753e+02 6.895e+01)
|            ( QUESTION2_0_L -1 -7.933e+04 2.522e+02 3.458e+02
|                ( - -7.578e+04 11 0 QUESTION11 1 2.480e+02 3.297e+02)
|                ( - -3.295e+03 1 0)))))
s>    ( QUESTION0_3_R 1 -3.805e+05 6.347e+02 1.690e+03
s>        ( QUESTION2_15_L -1 -8.107e+04 4.740e+02 3.679e+02
s>            ( - 1.974e+02 1 0)
s>            ( QUESTION0 -1 -8.079e+04 2.797e+02 3.669e+02
s>                ( - -7.598e+04 4 0 QUESTION1 -1 2.469e+02 3.471e+02)
s>                ( - -4.531e+03 2 0 QUESTION2_0_L -1 1.288e+02 1.979e+01)))
s>        ( QUESTION0_1_R 1 -2.988e+05 5.695e+02 1.322e+03
s>            ( QUESTION0 -1 -2.032e+05 4.533e+02 9.071e+02
s>                ( - -1.407e+05 4 0 QUESTION1 -1 2.294e+02 6.272e+02)
s>                ( - -6.206e+04 4 0 QUESTION2_0_L -1 2.453e+02 2.799e+02))
s>            ( QUESTION18 1 -9.500e+04 2.619e+02 4.148e+02
s>                ( - -1.541e+04 2 0 QUESTION0_7_R 1 1.753e+02 6.895e+01)
s>                ( QUESTION2_0_L -1 -7.933e+04 2.522e+02 3.458e+02
s>                    ( - -7.578e+04 11 0 QUESTION11 1 2.480e+02 3.297e+02)
s>                    ( - -3.295e+03 1 0)))))INFO: dtree.c(1478): Final simple tree
|( SILENCE 1 -5.544e+05 1.662e+03 2.548e+03
|    ( QUESTION8 -1 -1.949e+05 4.584e+02 8.901e+02
|        ( - -4.765e+04 1 0)
|        ( - -1.468e+05 3 0 QUESTION0 -1 3.553e+02 6.777e+02))
|    ( QUESTION0_14_R 1 -3.578e+05 9.297e+02 1.658e+03
|        ( - -4.500e+04 4 0 QUESTION1 -1 2.887e+02 2.193e+02)
|        ( WDBNDRY_B 0 -3.119e+05 6.272e+02 1.439e+03
|            ( QUESTION15 -1 -1.772e+05 3.798e+02 8.265e+02
|                ( - -5.630e+03 1 0)
|                ( - -1.712e+05 12 0 QUESTION1 -1 3.406e+02 7.975e+02))
|            ( QUESTION0_13_R 1 -1.340e+05 4.624e+02 6.125e+02
|                ( - -6.703e+04 10 0 QUESTION1 -1 2.815e+02 3.084e+02)
|                ( QUESTION2_15_L -1 -6.654e+04 4.659e+02 3.040e+02
|                    ( - 2.415e+02 1 0)
|                    ( - -6.631e+04 8 0 QUESTION1 -1 2.494e+02 3.030e+02))))))
s>    ( SILENCE 1 -5.544e+05 1.662e+03 2.548e+03
s>        ( QUESTION8 -1 -1.949e+05 4.584e+02 8.901e+02
s>            ( - -4.765e+04 1 0)
s>            ( - -1.468e+05 3 0 QUESTION0 -1 3.553e+02 6.777e+02))
s>        ( QUESTION0_14_R 1 -3.578e+05 9.297e+02 1.658e+03
s>            ( - -4.500e+04 4 0 QUESTION1 -1 2.887e+02 2.193e+02)
s>            ( WDBNDRY_B 0 -3.119e+05 6.272e+02 1.439e+03
s>                ( QUESTION15 -1 -1.772e+05 3.798e+02 8.265e+02
s>                    ( - -5.630e+03 1 0)
s>                    ( - -1.712e+05 12 0 QUESTION1 -1 3.406e+02 7.975e+02))
s>                ( QUESTION0_13_R 1 -1.340e+05 4.624e+02 6.125e+02
s>                    ( - -6.703e+04 10 0 QUESTION1 -1 2.815e+02 3.084e+02)
s>                    ( QUESTION2_15_L -1 -6.654e+04 4.659e+02 3.040e+02
s>                        ( - 2.415e+02 1 0)
s>                        ( - -6.631e+04 8 0 QUESTION1 -1 2.494e+02 3.030e+02))))))INFO: dtree.c(1315): Comp split 2
INFO: dtree.c(1478): Final simple tree
|( QUESTION0_14_R 1 -3.578e+05 9.297e+02 1.658e+03
|    ( - -4.500e+04 4 0 QUESTION1 -1 2.887e+02 2.193e+02)
|    ( WDBNDRY_B 0 -3.119e+05 6.272e+02 1.439e+03
|        ( QUESTION15 -1 -1.772e+05 3.798e+02 8.265e+02
|            ( - -5.630e+03 1 0)
|            ( QUESTION1 -1 -1.712e+05 3.406e+02 7.975e+02
|                ( - -3.951e+04 3 0 QUESTION6 -1 1.976e+02 1.831e+02)
|                ( QUESTION2_12_L -1 -1.313e+05 2.942e+02 6.144e+02
|                    ( - -1.049e+04 2 0 QUESTION0 -1 1.954e+02 4.807e+01)
|                    ( - -1.206e+05 7 0 QUESTION2_14_L -1 2.935e+02 5.663e+02))))
|        ( QUESTION0_13_R 1 -1.340e+05 4.624e+02 6.125e+02
|            ( - -6.703e+04 10 0 QUESTION1 -1 2.815e+02 3.084e+02)
|            ( QUESTION2_15_L -1 -6.654e+04 4.659e+02 3.040e+02
|                ( - 2.415e+02 1 0)
|                ( - -6.631e+04 8 0 QUESTION1 -1 2.494e+02 3.030e+02)))))
s>    ( QUESTION0_14_R 1 -3.578e+05 9.297e+02 1.658e+03
s>        ( - -4.500e+04 4 0 QUESTION1 -1 2.887e+02 2.193e+02)
s>        ( WDBNDRY_B 0 -3.119e+05 6.272e+02 1.439e+03
s>            ( QUESTION15 -1 -1.772e+05 3.798e+02 8.265e+02
s>                ( - -5.630e+03 1 0)
s>                ( QUESTION1 -1 -1.712e+05 3.406e+02 7.975e+02
s>                    ( - -3.951e+04 3 0 QUESTION6 -1 1.976e+02 1.831e+02)
s>                    ( QUESTION2_12_L -1 -1.313e+05 2.942e+02 6.144e+02
s>                        ( - -1.049e+04 2 0 QUESTION0 -1 1.954e+02 4.807e+01)
s>                        ( - -1.206e+05 7 0 QUESTION2_14_L -1 2.935e+02 5.663e+02))))
s>            ( QUESTION0_13_R 1 -1.340e+05 4.624e+02 6.125e+02
s>                ( - -6.703e+04 10 0 QUESTION1 -1 2.815e+02 3.084e+02)
s>                ( QUESTION2_15_L -1 -6.654e+04 4.659e+02 3.040e+02
s>                    ( - 2.415e+02 1 0)
s>                    ( - -6.631e+04 8 0 QUESTION1 -1 2.494e+02 3.030e+02)))))INFO: dtree.c(1439): stop. leaf nodes are specific
INFO: dtree.c(1478): Final simple tree
|( QUESTION8 -1 -1.949e+05 4.584e+02 8.901e+02
|    ( - -4.765e+04 1 0)
|    ( QUESTION0 -1 -1.468e+05 3.553e+02 6.777e+02
|        ( - -9.205e+04 1 0)
|        ( QUESTION2_0_L -1 -5.439e+04 1.702e+02 2.522e+02
|            ( - -4.730e+04 1 0)
|            ( - -6.917e+03 1 0))))
s>    ( QUESTION8 -1 -1.949e+05 4.584e+02 8.901e+02
s>        ( - -4.765e+04 1 0)
s>        ( QUESTION0 -1 -1.468e+05 3.553e+02 6.777e+02
s>            ( - -9.205e+04 1 0)
s>            ( QUESTION2_0_L -1 -5.439e+04 1.702e+02 2.522e+02
s>                ( - -4.730e+04 1 0)
s>                ( - -6.917e+03 1 0))))INFO: dtree.c(1315): Comp split 3
INFO: dtree.c(1439): stop. leaf nodes are specific
INFO: dtree.c(1478): Final simple tree
|( WDBNDRY_B 0 -6.576e+04 6.900e+02 2.843e+02
|    ( SILENCE -1 -3.429e+04 2.239e+02 1.501e+02
|        ( - -1.710e+04 2 0)
|        ( QUESTION9 -1 -1.697e+04 1.498e+02 7.598e+01
|            ( - -1.175e+04 1 0)
|            ( - -5.072e+03 1 0)))
|    ( QUESTION1 -1 -3.078e+04 3.501e+02 1.341e+02
|        ( QUESTION2_3_L -1 -1.483e+04 1.141e+02 6.653e+01
|            ( - -1.415e+04 1 0)
|            ( - -5.621e+02 1 0))
|        ( - -1.560e+04 1 0)))
s>    ( WDBNDRY_B 0 -6.576e+04 6.900e+02 2.843e+02
s>        ( SILENCE -1 -3.429e+04 2.239e+02 1.501e+02
s>            ( - -1.710e+04 2 0)
s>            ( QUESTION9 -1 -1.697e+04 1.498e+02 7.598e+01
s>                ( - -1.175e+04 1 0)
s>                ( - -5.072e+03 1 0)))
s>        ( QUESTION1 -1 -3.078e+04 3.501e+02 1.341e+02
s>            ( QUESTION2_3_L -1 -1.483e+04 1.141e+02 6.653e+01
s>                ( - -1.415e+04 1 0)
s>                ( - -5.621e+02 1 0))
s>            ( - -1.560e+04 1 0)))INFO: dtree.c(1478): Final simple tree
|( QUESTION0_3_R 1 -9.170e+04 3.541e+02 3.963e+02
|    ( QUESTION0 -1 -2.096e+04 1.485e+02 9.195e+01
|        ( - -2.823e+03 1 0)
|        ( - -1.799e+04 1 0))
|    ( QUESTION0_0_R 1 -7.038e+04 2.696e+02 3.044e+02
|        ( QUESTION0_6_R 1 -1.332e+04 1.559e+02 5.839e+01
|            ( QUESTION2_3_L -1 -4.889e+03 6.940e+01 2.132e+01
|                ( - -3.052e+03 1 0)
|                ( - -1.768e+03 1 0))
|            ( QUESTION0 -1 -8.279e+03 1.400e+02 3.708e+01
|                ( - -9.956e+02 1 0)
|                ( QUESTION2_0_L -1 -7.143e+03 1.055e+02 3.208e+01
|                    ( - -8.429e+02 1 0)
|                    ( - -6.195e+03 1 0))))
|        ( - -5.679e+04 1 0)))
s>    ( QUESTION0_3_R 1 -9.170e+04 3.541e+02 3.963e+02
s>        ( QUESTION0 -1 -2.096e+04 1.485e+02 9.195e+01
s>            ( - -2.823e+03 1 0)
s>            ( - -1.799e+04 1 0))
s>        ( QUESTION0_0_R 1 -7.038e+04 2.696e+02 3.044e+02
s>            ( QUESTION0_6_R 1 -1.332e+04 1.559e+02 5.839e+01
s>                ( QUESTION2_3_L -1 -4.889e+03 6.940e+01 2.132e+01
s>                    ( - -3.052e+03 1 0)
s>                    ( - -1.768e+03 1 0))
s>                ( QUESTION0 -1 -8.279e+03 1.400e+02 3.708e+01
s>                    ( - -9.956e+02 1 0)
s>                    ( QUESTION2_0_L -1 -7.143e+03 1.055e+02 3.208e+01
s>                        ( - -8.429e+02 1 0)
s>                        ( - -6.195e+03 1 0))))
s>            ( - -5.679e+04 1 0)))INFO: dtree.c(1315): Comp split 4
INFO: dtree.c(1478): Final simple tree
|( WDBNDRY_B 0 -3.058e+05 6.120e+02 1.410e+03
|    ( QUESTION1 -1 -1.712e+05 3.406e+02 7.975e+02
|        ( - -3.951e+04 3 0 QUESTION6 -1 1.976e+02 1.831e+02)
|        ( QUESTION2_12_L -1 -1.313e+05 2.942e+02 6.144e+02
|            ( - -1.049e+04 2 0 QUESTION0 -1 1.954e+02 4.807e+01)
|            ( QUESTION2_14_L -1 -1.206e+05 2.935e+02 5.663e+02
|                ( - -6.717e+04 2 0)
|                ( QUESTION16 -1 -5.310e+04 2.905e+02 2.514e+02
|                    ( - -5.378e+03 1 0)
|                    ( - -4.743e+04 4 0 QUESTION0 -1 2.172e+02 2.234e+02)))))
|    ( QUESTION0_13_R 1 -1.340e+05 4.624e+02 6.125e+02
|        ( - -6.703e+04 10 0 QUESTION1 -1 2.815e+02 3.084e+02)
|        ( QUESTION2_15_L -1 -6.654e+04 4.659e+02 3.040e+02
|            ( - 2.415e+02 1 0)
|            ( - -6.631e+04 8 0 QUESTION1 -1 2.494e+02 3.030e+02))))
s>    ( WDBNDRY_B 0 -3.058e+05 6.120e+02 1.410e+03
s>        ( QUESTION1 -1 -1.712e+05 3.406e+02 7.975e+02
s>            ( - -3.951e+04 3 0 QUESTION6 -1 1.976e+02 1.831e+02)
s>            ( QUESTION2_12_L -1 -1.313e+05 2.942e+02 6.144e+02
s>                ( - -1.049e+04 2 0 QUESTION0 -1 1.954e+02 4.807e+01)
s>                ( QUESTION2_14_L -1 -1.206e+05 2.935e+02 5.663e+02
s>                    ( - -6.717e+04 2 0)
s>                    ( QUESTION16 -1 -5.310e+04 2.905e+02 2.514e+02
s>                        ( - -5.378e+03 1 0)
s>                        ( - -4.743e+04 4 0 QUESTION0 -1 2.172e+02 2.234e+02)))))
s>        ( QUESTION0_13_R 1 -1.340e+05 4.624e+02 6.125e+02
s>            ( - -6.703e+04 10 0 QUESTION1 -1 2.815e+02 3.084e+02)
s>            ( QUESTION2_15_L -1 -6.654e+04 4.659e+02 3.040e+02
s>                ( - 2.415e+02 1 0)
s>                ( - -6.631e+04 8 0 QUESTION1 -1 2.494e+02 3.030e+02))))INFO: dtree.c(1439): stop. leaf nodes are specific
INFO: dtree.c(1478): Final simple tree
|( WDBNDRY_B 0 -5.093e+04 2.959e+02 2.483e+02
|    ( - -5.630e+03 1 0)
|    ( QUESTION1 -1 -4.500e+04 2.887e+02 2.193e+02
|        ( - -3.456e+04 1 0)
|        ( QUESTION2_3_L -1 -1.015e+04 1.912e+02 5.029e+01
|            ( - -2.209e+03 1 0)
|            ( QUESTION0 -1 -7.754e+03 1.408e+02 3.938e+01
|                ( - -3.295e+03 1 0)
|                ( - -4.318e+03 1 0)))))
s>    ( WDBNDRY_B 0 -5.093e+04 2.959e+02 2.483e+02
s>        ( - -5.630e+03 1 0)
s>        ( QUESTION1 -1 -4.500e+04 2.887e+02 2.193e+02
s>            ( - -3.456e+04 1 0)
s>            ( QUESTION2_3_L -1 -1.015e+04 1.912e+02 5.029e+01
s>                ( - -2.209e+03 1 0)
s>                ( QUESTION0 -1 -7.754e+03 1.408e+02 3.938e+01
s>                    ( - -3.295e+03 1 0)
s>                    ( - -4.318e+03 1 0)))))INFO: dtree.c(1315): Comp split 5
INFO: dtree.c(1439): stop. leaf nodes are specific
INFO: dtree.c(1478): Final simple tree
|( QUESTION1 -1 -9.161e+04 2.825e+02 4.161e+02
|    ( QUESTION0_4_R 1 -4.614e+04 5.164e+02 2.122e+02
|        ( - -3.879e+04 1 0)
|        ( - -6.830e+03 1 0))
|    ( QUESTION0_4_R 1 -4.519e+04 2.531e+02 2.039e+02
|        ( - -1.917e+04 1 0)
|        ( QUESTION0_8_R 1 -2.577e+04 1.824e+02 1.142e+02
|            ( - -1.006e+04 1 0)
|            ( QUESTION0_3_R 1 -1.552e+04 1.411e+02 6.902e+01
|                ( - -1.021e+04 1 0)
|                ( - -5.177e+03 1 0)))))
s>    ( QUESTION1 -1 -9.161e+04 2.825e+02 4.161e+02
s>        ( QUESTION0_4_R 1 -4.614e+04 5.164e+02 2.122e+02
s>            ( - -3.879e+04 1 0)
s>            ( - -6.830e+03 1 0))
s>        ( QUESTION0_4_R 1 -4.519e+04 2.531e+02 2.039e+02
s>            ( - -1.917e+04 1 0)
s>            ( QUESTION0_8_R 1 -2.577e+04 1.824e+02 1.142e+02
s>                ( - -1.006e+04 1 0)
s>                ( QUESTION0_3_R 1 -1.552e+04 1.411e+02 6.902e+01
s>                    ( - -1.021e+04 1 0)
s>                    ( - -5.177e+03 1 0)))))INFO: dtree.c(1478): Final simple tree
|( QUESTION0_1_R 1 -2.881e+05 5.925e+02 1.274e+03
|    ( QUESTION0 -1 -2.032e+05 4.533e+02 9.071e+02
|        ( QUESTION1 -1 -1.407e+05 2.294e+02 6.272e+02
|            ( - -1.299e+05 2 0)
|            ( - -1.056e+04 2 0))
|        ( QUESTION2_0_L -1 -6.206e+04 2.453e+02 2.799e+02
|            ( - -2.989e+04 2 0)
|            ( - -3.193e+04 2 0)))
|    ( QUESTION2_15_L -1 -8.431e+04 4.620e+02 3.666e+02
|        ( - 1.974e+02 1 0)
|        ( QUESTION9 1 -8.404e+04 2.385e+02 3.656e+02
|            ( QUESTION2_3_L -1 -5.420e+04 2.611e+02 2.348e+02
|                ( - -2.948e+04 3 0 QUESTION0 -1 1.636e+02 1.278e+02)
|                ( - -2.447e+04 5 0 QUESTION11 1 2.209e+02 1.071e+02))
|            ( - -2.960e+04 6 0 QUESTION0_6_R 1 1.921e+02 1.308e+02))))
s>    ( QUESTION0_1_R 1 -2.881e+05 5.925e+02 1.274e+03
s>        ( QUESTION0 -1 -2.032e+05 4.533e+02 9.071e+02
s>            ( QUESTION1 -1 -1.407e+05 2.294e+02 6.272e+02
s>                ( - -1.299e+05 2 0)
s>                ( - -1.056e+04 2 0))
s>            ( QUESTION2_0_L -1 -6.206e+04 2.453e+02 2.799e+02
s>                ( - -2.989e+04 2 0)
s>                ( - -3.193e+04 2 0)))
s>        ( QUESTION2_15_L -1 -8.431e+04 4.620e+02 3.666e+02
s>            ( - 1.974e+02 1 0)
s>            ( QUESTION9 1 -8.404e+04 2.385e+02 3.656e+02
s>                ( QUESTION2_3_L -1 -5.420e+04 2.611e+02 2.348e+02
s>                    ( - -2.948e+04 3 0 QUESTION0 -1 1.636e+02 1.278e+02)
s>                    ( - -2.447e+04 5 0 QUESTION11 1 2.209e+02 1.071e+02))
s>                ( - -2.960e+04 6 0 QUESTION0_6_R 1 1.921e+02 1.308e+02))))INFO: dtree.c(1315): Comp split 6
INFO: dtree.c(1439): stop. leaf nodes are specific
INFO: dtree.c(1478): Final simple tree
|( QUESTION1 -1 -3.078e+04 3.501e+02 1.341e+02
|    ( QUESTION2_3_L -1 -1.483e+04 1.141e+02 6.653e+01
|        ( - -1.415e+04 1 0)
|        ( - -5.621e+02 1 0))
|    ( - -1.560e+04 1 0))
s>    ( QUESTION1 -1 -3.078e+04 3.501e+02 1.341e+02
s>        ( QUESTION2_3_L -1 -1.483e+04 1.141e+02 6.653e+01
s>            ( - -1.415e+04 1 0)
s>            ( - -5.621e+02 1 0))
s>        ( - -1.560e+04 1 0))INFO: dtree.c(1439): stop. leaf nodes are specific
INFO: dtree.c(1478): Final simple tree
|( SILENCE -1 -3.429e+04 2.239e+02 1.501e+02
|    ( - -1.710e+04 2 0)
|    ( QUESTION9 -1 -1.697e+04 1.498e+02 7.598e+01
|        ( - -1.175e+04 1 0)
|        ( - -5.072e+03 1 0)))
s>    ( SILENCE -1 -3.429e+04 2.239e+02 1.501e+02
s>        ( - -1.710e+04 2 0)
s>        ( QUESTION9 -1 -1.697e+04 1.498e+02 7.598e+01
s>            ( - -1.175e+04 1 0)
s>            ( - -5.072e+03 1 0)))INFO: dtree.c(1315): Comp split 7
INFO: dtree.c(1478): Final simple tree
|( QUESTION2_15_L -1 -1.397e+05 4.620e+02 6.405e+02
|    ( - 2.415e+02 1 0)
|    ( QUESTION0_13_R 1 -1.395e+05 4.551e+02 6.395e+02
|        ( WDBNDRY_B 0 -7.272e+04 3.047e+02 3.364e+02
|            ( - -5.378e+03 1 0)
|            ( QUESTION1 -1 -6.703e+04 2.815e+02 3.084e+02
|                ( - -3.236e+04 2 0 QUESTION0_16_R 1 2.135e+02 1.544e+02)
|                ( QUESTION5 1 -3.439e+04 2.160e+02 1.541e+02
|                    ( - -1.358e+04 4 0 QUESTION0_16_R 1 1.667e+02 6.003e+01)
|                    ( - -2.059e+04 4 0 QUESTION0 -1 1.668e+02 9.405e+01))))
|        ( QUESTION1 -1 -6.631e+04 2.494e+02 3.030e+02
|            ( - -2.688e+04 2 0 QUESTION0 1 1.582e+02 1.249e+02)
|            ( QUESTION0 1 -3.918e+04 2.210e+02 1.781e+02
|                ( - -1.740e+03 1 0)
|                ( - -3.722e+04 5 0 QUESTION0 -1 2.053e+02 1.711e+02)))))
s>    ( QUESTION2_15_L -1 -1.397e+05 4.620e+02 6.405e+02
s>        ( - 2.415e+02 1 0)
s>        ( QUESTION0_13_R 1 -1.395e+05 4.551e+02 6.395e+02
s>            ( WDBNDRY_B 0 -7.272e+04 3.047e+02 3.364e+02
s>                ( - -5.378e+03 1 0)
s>                ( QUESTION1 -1 -6.703e+04 2.815e+02 3.084e+02
s>                    ( - -3.236e+04 2 0 QUESTION0_16_R 1 2.135e+02 1.544e+02)
s>                    ( QUESTION5 1 -3.439e+04 2.160e+02 1.541e+02
s>                        ( - -1.358e+04 4 0 QUESTION0_16_R 1 1.667e+02 6.003e+01)
s>                        ( - -2.059e+04 4 0 QUESTION0 -1 1.668e+02 9.405e+01))))
s>            ( QUESTION1 -1 -6.631e+04 2.494e+02 3.030e+02
s>                ( - -2.688e+04 2 0 QUESTION0 1 1.582e+02 1.249e+02)
s>                ( QUESTION0 1 -3.918e+04 2.210e+02 1.781e+02
s>                    ( - -1.740e+03 1 0)
s>                    ( - -3.722e+04 5 0 QUESTION0 -1 2.053e+02 1.711e+02)))))INFO: dtree.c(1478): Final simple tree
|( QUESTION1 -1 -1.655e+05 3.270e+02 7.695e+02
|    ( QUESTION6 -1 -3.951e+04 1.976e+02 1.831e+02
|        ( - -7.492e+03 1 0)
|        ( QUESTION2 -1 -3.182e+04 1.248e+02 1.471e+02
|            ( - -2.819e+04 1 0)
|            ( - -3.509e+03 1 0)))
|    ( QUESTION2_7_L -1 -1.257e+05 2.867e+02 5.864e+02
|        ( QUESTION0 -1 -1.049e+04 1.954e+02 4.807e+01
|            ( - -3.693e+03 1 0)
|            ( - -6.606e+03 1 0))
|        ( QUESTION2_14_L -1 -1.149e+05 3.072e+02 5.383e+02
|            ( - -6.717e+04 2 0)
|            ( QUESTION0 -1 -4.743e+04 2.172e+02 2.234e+02
|                ( - -2.441e+04 1 0)
|                ( - -2.280e+04 3 0)))))
s>    ( QUESTION1 -1 -1.655e+05 3.270e+02 7.695e+02
s>        ( QUESTION6 -1 -3.951e+04 1.976e+02 1.831e+02
s>            ( - -7.492e+03 1 0)
s>            ( QUESTION2 -1 -3.182e+04 1.248e+02 1.471e+02
s>                ( - -2.819e+04 1 0)
s>                ( - -3.509e+03 1 0)))
s>        ( QUESTION2_7_L -1 -1.257e+05 2.867e+02 5.864e+02
s>            ( QUESTION0 -1 -1.049e+04 1.954e+02 4.807e+01
s>                ( - -3.693e+03 1 0)
s>                ( - -6.606e+03 1 0))
s>            ( QUESTION2_14_L -1 -1.149e+05 3.072e+02 5.383e+02
s>                ( - -6.717e+04 2 0)
s>                ( QUESTION0 -1 -4.743e+04 2.172e+02 2.234e+02
s>                    ( - -2.441e+04 1 0)
s>                    ( - -2.280e+04 3 0)))))INFO: dtree.c(1315): Comp split 8
INFO: dtree.c(1478): Final simple tree
|( QUESTION9 1 -8.404e+04 2.385e+02 3.656e+02
|    ( QUESTION2_3_L -1 -5.420e+04 2.611e+02 2.348e+02
|        ( - -2.948e+04 3 0 QUESTION0 -1 1.636e+02 1.278e+02)
|        ( QUESTION11 1 -2.447e+04 2.209e+02 1.071e+02
|            ( QUESTION0 -1 -7.211e+03 2.351e+02 3.309e+01
|                ( - -3.680e+03 1 0)
|                ( - -3.295e+03 1 0))
|            ( - -1.703e+04 3 0 QUESTION0_9_R 1 1.542e+02 7.398e+01)))
|    ( QUESTION0_6_R 1 -2.960e+04 1.921e+02 1.308e+02
|        ( QUESTION1 -1 -1.209e+04 2.092e+02 5.349e+01
|            ( - -8.942e+03 1 0)
|            ( QUESTION0 -1 -2.937e+03 1.742e+02 1.300e+01
|                ( - -2.263e+03 1 0)
|                ( - -5.005e+02 1 0)))
|        ( - -1.732e+04 3 0 QUESTION0 -1 1.507e+02 7.729e+01)))
s>    ( QUESTION9 1 -8.404e+04 2.385e+02 3.656e+02
s>        ( QUESTION2_3_L -1 -5.420e+04 2.611e+02 2.348e+02
s>            ( - -2.948e+04 3 0 QUESTION0 -1 1.636e+02 1.278e+02)
s>            ( QUESTION11 1 -2.447e+04 2.209e+02 1.071e+02
s>                ( QUESTION0 -1 -7.211e+03 2.351e+02 3.309e+01
s>                    ( - -3.680e+03 1 0)
s>                    ( - -3.295e+03 1 0))
s>                ( - -1.703e+04 3 0 QUESTION0_9_R 1 1.542e+02 7.398e+01)))
s>        ( QUESTION0_6_R 1 -2.960e+04 1.921e+02 1.308e+02
s>            ( QUESTION1 -1 -1.209e+04 2.092e+02 5.349e+01
s>                ( - -8.942e+03 1 0)
s>                ( QUESTION0 -1 -2.937e+03 1.742e+02 1.300e+01
s>                    ( - -2.263e+03 1 0)
s>                    ( - -5.005e+02 1 0)))
s>            ( - -1.732e+04 3 0 QUESTION0 -1 1.507e+02 7.729e+01)))INFO: dtree.c(1439): stop. leaf nodes are specific
INFO: dtree.c(1478): Final simple tree
|( QUESTION0_1_R 1 -2.034e+05 4.613e+02 9.081e+02
|    ( QUESTION0 -1 -2.032e+05 4.533e+02 9.071e+02
|        ( QUESTION1 -1 -1.407e+05 2.294e+02 6.272e+02
|            ( - -1.299e+05 2 0)
|            ( - -1.056e+04 2 0))
|        ( QUESTION2_0_L -1 -6.206e+04 2.453e+02 2.799e+02
|            ( - -2.989e+04 2 0)
|            ( - -3.193e+04 2 0)))
|    ( - 1.974e+02 1 0))
s>    ( QUESTION0_1_R 1 -2.034e+05 4.613e+02 9.081e+02
s>        ( QUESTION0 -1 -2.032e+05 4.533e+02 9.071e+02
s>            ( QUESTION1 -1 -1.407e+05 2.294e+02 6.272e+02
s>                ( - -1.299e+05 2 0)
s>                ( - -1.056e+04 2 0))
s>            ( QUESTION2_0_L -1 -6.206e+04 2.453e+02 2.799e+02
s>                ( - -2.989e+04 2 0)
s>                ( - -3.193e+04 2 0)))
s>        ( - 1.974e+02 1 0))INFO: dtree.c(1315): Comp split 9
INFO: dtree.c(1478): Final simple tree
|( QUESTION0 1 -8.011e+04 2.522e+02 3.631e+02
|    ( QUESTION4 1 -1.620e+04 1.985e+02 7.003e+01
|        ( - -1.740e+03 1 0)
|        ( QUESTION0_16_R 1 -1.426e+04 1.666e+02 6.303e+01
|            ( - -2.202e+03 1 0)
|            ( QUESTION2_3_L -1 -1.189e+04 1.591e+02 5.203e+01
|                ( - -1.252e+03 2 0 QUESTION0_13_R 1 1.501e+02 6.000e+00)
|                ( - -1.048e+04 2 0 QUESTION0 -1 1.520e+02 4.603e+01))))
|    ( QUESTION1 -1 -6.366e+04 2.372e+02 2.931e+02
|        ( - -2.620e+04 1 0)
|        ( QUESTION0 -1 -3.722e+04 2.053e+02 1.711e+02
|            ( - -3.489e+04 3 0)
|            ( QUESTION2_0_L -1 -2.124e+03 1.832e+02 1.010e+01
|                ( - -1.707e+03 1 0)
|                ( - -2.330e+02 1 0)))))
s>    ( QUESTION0 1 -8.011e+04 2.522e+02 3.631e+02
s>        ( QUESTION4 1 -1.620e+04 1.985e+02 7.003e+01
s>            ( - -1.740e+03 1 0)
s>            ( QUESTION0_16_R 1 -1.426e+04 1.666e+02 6.303e+01
s>                ( - -2.202e+03 1 0)
s>                ( QUESTION2_3_L -1 -1.189e+04 1.591e+02 5.203e+01
s>                    ( - -1.252e+03 2 0 QUESTION0_13_R 1 1.501e+02 6.000e+00)
s>                    ( - -1.048e+04 2 0 QUESTION0 -1 1.520e+02 4.603e+01))))
s>        ( QUESTION1 -1 -6.366e+04 2.372e+02 2.931e+02
s>            ( - -2.620e+04 1 0)
s>            ( QUESTION0 -1 -3.722e+04 2.053e+02 1.711e+02
s>                ( - -3.489e+04 3 0)
s>                ( QUESTION2_0_L -1 -2.124e+03 1.832e+02 1.010e+01
s>                    ( - -1.707e+03 1 0)
s>                    ( - -2.330e+02 1 0)))))INFO: dtree.c(1439): stop. leaf nodes are specific
INFO: dtree.c(1478): Final simple tree
|( QUESTION0_13_R 1 -5.909e+04 4.587e+02 2.774e+02
|    ( WDBNDRY_B 0 -5.887e+04 2.892e+02 2.764e+02
|        ( - -5.378e+03 1 0)
|        ( QUESTION1 -1 -5.320e+04 2.471e+02 2.484e+02
|            ( QUESTION0_16_R 1 -3.236e+04 2.135e+02 1.544e+02
|                ( - -1.850e+02 1 0)
|                ( - -3.197e+04 1 0))
|            ( QUESTION0 -1 -2.059e+04 1.668e+02 9.405e+01
|                ( QUESTION0 1 -2.013e+04 1.502e+02 9.205e+01
|                    ( - -5.346e+02 1 0)
|                    ( - -1.945e+04 2 0))
|                ( - -2.916e+02 1 0))))
|    ( - 2.415e+02 1 0))
s>    ( QUESTION0_13_R 1 -5.909e+04 4.587e+02 2.774e+02
s>        ( WDBNDRY_B 0 -5.887e+04 2.892e+02 2.764e+02
s>            ( - -5.378e+03 1 0)
s>            ( QUESTION1 -1 -5.320e+04 2.471e+02 2.484e+02
s>                ( QUESTION0_16_R 1 -3.236e+04 2.135e+02 1.544e+02
s>                    ( - -1.850e+02 1 0)
s>                    ( - -3.197e+04 1 0))
s>                ( QUESTION0 -1 -2.059e+04 1.668e+02 9.405e+01
s>                    ( QUESTION0 1 -2.013e+04 1.502e+02 9.205e+01
s>                        ( - -5.346e+02 1 0)
s>                        ( - -1.945e+04 2 0))
s>                    ( - -2.916e+02 1 0))))
s>        ( - 2.415e+02 1 0))INFO: dtree.c(1315): Comp split 10
INFO: dtree.c(1439): stop. leaf nodes are specific
INFO: dtree.c(1478): Final simple tree
|( QUESTION1 -1 -8.427e+04 2.932e+02 3.801e+02
|    ( - -3.879e+04 1 0)
|    ( QUESTION0_4_R 1 -4.519e+04 2.531e+02 2.039e+02
|        ( - -1.917e+04 1 0)
|        ( QUESTION0_8_R 1 -2.577e+04 1.824e+02 1.142e+02
|            ( - -1.006e+04 1 0)
|            ( QUESTION0_3_R 1 -1.552e+04 1.411e+02 6.902e+01
|                ( - -1.021e+04 1 0)
|                ( - -5.177e+03 1 0)))))
s>    ( QUESTION1 -1 -8.427e+04 2.932e+02 3.801e+02
s>        ( - -3.879e+04 1 0)
s>        ( QUESTION0_4_R 1 -4.519e+04 2.531e+02 2.039e+02
s>            ( - -1.917e+04 1 0)
s>            ( QUESTION0_8_R 1 -2.577e+04 1.824e+02 1.142e+02
s>                ( - -1.006e+04 1 0)
s>                ( QUESTION0_3_R 1 -1.552e+04 1.411e+02 6.902e+01
s>                    ( - -1.021e+04 1 0)
s>                    ( - -5.177e+03 1 0)))))INFO: dtree.c(1315): Comp split 11
INFO: dtree.c(1439): stop. leaf nodes are specific
INFO: dtree.c(1478): Final simple tree
|( QUESTION0 -1 -9.910e+04 1.246e+02 4.585e+02
|    ( - -9.205e+04 1 0)
|    ( - -6.917e+03 1 0))
s>    ( QUESTION0 -1 -9.910e+04 1.246e+02 4.585e+02
s>        ( - -9.205e+04 1 0)
s>        ( - -6.917e+03 1 0))INFO: dtree.c(1439): stop. leaf nodes are specific
INFO: dtree.c(1478): Final simple tree
|( QUESTION0 -1 -9.534e+04 3.801e+02 4.316e+02
|    ( - -4.765e+04 1 0)
|    ( - -4.730e+04 1 0))
s>    ( QUESTION0 -1 -9.534e+04 3.801e+02 4.316e+02
s>        ( - -4.765e+04 1 0)
s>        ( - -4.730e+04 1 0))INFO: dtree.c(1315): Comp split 12
INFO: dtree.c(1439): stop. leaf nodes are specific
INFO: dtree.c(1478): Final simple tree
|( QUESTION0 -1 -2.032e+05 4.533e+02 9.071e+02
|    ( QUESTION1 -1 -1.407e+05 2.294e+02 6.272e+02
|        ( - -1.299e+05 2 0)
|        ( - -1.056e+04 2 0))
|    ( QUESTION2_0_L -1 -6.206e+04 2.453e+02 2.799e+02
|        ( - -2.989e+04 2 0)
|        ( - -3.193e+04 2 0)))
s>    ( QUESTION0 -1 -2.032e+05 4.533e+02 9.071e+02
s>        ( QUESTION1 -1 -1.407e+05 2.294e+02 6.272e+02
s>            ( - -1.299e+05 2 0)
s>            ( - -1.056e+04 2 0))
s>        ( QUESTION2_0_L -1 -6.206e+04 2.453e+02 2.799e+02
s>            ( - -2.989e+04 2 0)
s>            ( - -3.193e+04 2 0)))INFO: dtree.c(1315): Comp split 13
INFO: dtree.c(1439): stop. leaf nodes are specific
INFO: dtree.c(1478): Final simple tree
|( WDBNDRY_B 0 -5.887e+04 2.892e+02 2.764e+02
|    ( - -5.378e+03 1 0)
|    ( QUESTION1 -1 -5.320e+04 2.471e+02 2.484e+02
|        ( QUESTION0_16_R 1 -3.236e+04 2.135e+02 1.544e+02
|            ( - -1.850e+02 1 0)
|            ( - -3.197e+04 1 0))
|        ( QUESTION0 -1 -2.059e+04 1.668e+02 9.405e+01
|            ( QUESTION0 1 -2.013e+04 1.502e+02 9.205e+01
|                ( - -5.346e+02 1 0)
|                ( - -1.945e+04 2 0))
|            ( - -2.916e+02 1 0))))
s>    ( WDBNDRY_B 0 -5.887e+04 2.892e+02 2.764e+02
s>        ( - -5.378e+03 1 0)
s>        ( QUESTION1 -1 -5.320e+04 2.471e+02 2.484e+02
s>            ( QUESTION0_16_R 1 -3.236e+04 2.135e+02 1.544e+02
s>                ( - -1.850e+02 1 0)
s>                ( - -3.197e+04 1 0))
s>            ( QUESTION0 -1 -2.059e+04 1.668e+02 9.405e+01
s>                ( QUESTION0 1 -2.013e+04 1.502e+02 9.205e+01
s>                    ( - -5.346e+02 1 0)
s>                    ( - -1.945e+04 2 0))
s>                ( - -2.916e+02 1 0))))INFO: dtree.c(1315): Comp split 14
INFO: dtree.c(1439): stop. leaf nodes are specific
INFO: dtree.c(1478): Final simple tree
|( QUESTION2_0_L -1 -6.206e+04 2.453e+02 2.799e+02
|    ( - -2.989e+04 2 0)
|    ( - -3.193e+04 2 0))
s>    ( QUESTION2_0_L -1 -6.206e+04 2.453e+02 2.799e+02
s>        ( - -2.989e+04 2 0)
s>        ( - -3.193e+04 2 0))INFO: dtree.c(1439): stop. leaf nodes are specific
INFO: dtree.c(1478): Final simple tree
|( QUESTION1 -1 -1.407e+05 2.294e+02 6.272e+02
|    ( - -1.299e+05 2 0)
|    ( - -1.056e+04 2 0))
s>    ( QUESTION1 -1 -1.407e+05 2.294e+02 6.272e+02
s>        ( - -1.299e+05 2 0)
s>        ( - -1.056e+04 2 0))INFO: dtree.c(1315): Comp split 15
INFO: dtree.c(1315): Comp split 16
INFO: dtree.c(1439): stop. leaf nodes are specific
INFO: dtree.c(1478): Final simple tree
|( QUESTION2_0_L -1 -3.383e+04 2.105e+02 1.509e+02
|    ( QUESTION0_6_R 1 -3.032e+04 2.257e+02 1.347e+02
|        ( - -8.942e+03 1 0)
|        ( QUESTION0 -1 -2.116e+04 1.602e+02 9.424e+01
|            ( QUESTION0_10_R 1 -1.740e+04 1.478e+02 7.824e+01
|                ( QUESTION1 -1 -1.357e+04 1.456e+02 6.129e+01
|                    ( - -1.291e+04 1 0)
|                    ( - -5.165e+02 1 0))
|                ( - -3.680e+03 1 0))
|            ( - -3.597e+03 1 0)))
|    ( - -3.295e+03 1 0))
s>    ( QUESTION2_0_L -1 -3.383e+04 2.105e+02 1.509e+02
s>        ( QUESTION0_6_R 1 -3.032e+04 2.257e+02 1.347e+02
s>            ( - -8.942e+03 1 0)
s>            ( QUESTION0 -1 -2.116e+04 1.602e+02 9.424e+01
s>                ( QUESTION0_10_R 1 -1.740e+04 1.478e+02 7.824e+01
s>                    ( QUESTION1 -1 -1.357e+04 1.456e+02 6.129e+01
s>                        ( - -1.291e+04 1 0)
s>                        ( - -5.165e+02 1 0))
s>                    ( - -3.680e+03 1 0))
s>                ( - -3.597e+03 1 0)))
s>        ( - -3.295e+03 1 0))INFO: dtree.c(1478): Final simple tree
|( QUESTION0_10_R 1 -4.984e+04 2.614e+02 2.148e+02
|    ( - -1.412e+04 1 0)
|    ( QUESTION0_8_R 1 -3.546e+04 1.791e+02 1.528e+02
|        ( QUESTION0 -1 -2.937e+03 1.742e+02 1.300e+01
|            ( - -2.263e+03 1 0)
|            ( - -5.005e+02 1 0))
|        ( QUESTION0 -1 -3.234e+04 1.654e+02 1.398e+02
|            ( QUESTION0_6_R 1 -2.148e+04 9.403e+01 9.334e+01
|                ( - -2.080e+03 1 0)
|                ( - -1.931e+04 1 0))
|            ( QUESTION2_0_L -1 -1.069e+04 1.362e+02 4.643e+01
|                ( QUESTION0_3_R 1 -1.000e+04 1.207e+02 4.343e+01
|                    ( - -3.850e+03 1 0)
|                    ( - -6.032e+03 1 0))
|                ( - -5.517e+02 1 0)))))
s>    ( QUESTION0_10_R 1 -4.984e+04 2.614e+02 2.148e+02
s>        ( - -1.412e+04 1 0)
s>        ( QUESTION0_8_R 1 -3.546e+04 1.791e+02 1.528e+02
s>            ( QUESTION0 -1 -2.937e+03 1.742e+02 1.300e+01
s>                ( - -2.263e+03 1 0)
s>                ( - -5.005e+02 1 0))
s>            ( QUESTION0 -1 -3.234e+04 1.654e+02 1.398e+02
s>                ( QUESTION0_6_R 1 -2.148e+04 9.403e+01 9.334e+01
s>                    ( - -2.080e+03 1 0)
s>                    ( - -1.931e+04 1 0))
s>                ( QUESTION2_0_L -1 -1.069e+04 1.362e+02 4.643e+01
s>                    ( QUESTION0_3_R 1 -1.000e+04 1.207e+02 4.343e+01
s>                        ( - -3.850e+03 1 0)
s>                        ( - -6.032e+03 1 0))
s>                    ( - -5.517e+02 1 0)))))INFO: dtree.c(1315): Comp split 17
INFO: dtree.c(1439): stop. leaf nodes are specific
INFO: dtree.c(1478): Final simple tree
|( QUESTION0_0_R 1 -7.335e+04 2.829e+02 3.174e+02
|    ( QUESTION0_6_R 1 -1.628e+04 1.519e+02 7.144e+01
|        ( QUESTION2_3_L -1 -4.889e+03 6.940e+01 2.132e+01
|            ( - -3.052e+03 1 0)
|            ( - -1.768e+03 1 0))
|        ( QUESTION0 -1 -1.124e+04 1.413e+02 5.013e+01
|            ( QUESTION0_3_R 1 -3.951e+03 1.327e+02 1.805e+01
|                ( - -2.823e+03 1 0)
|                ( - -9.956e+02 1 0))
|            ( QUESTION2_0_L -1 -7.143e+03 1.055e+02 3.208e+01
|                ( - -8.429e+02 1 0)
|                ( - -6.195e+03 1 0))))
|    ( - -5.679e+04 1 0))
s>    ( QUESTION0_0_R 1 -7.335e+04 2.829e+02 3.174e+02
s>        ( QUESTION0_6_R 1 -1.628e+04 1.519e+02 7.144e+01
s>            ( QUESTION2_3_L -1 -4.889e+03 6.940e+01 2.132e+01
s>                ( - -3.052e+03 1 0)
s>                ( - -1.768e+03 1 0))
s>            ( QUESTION0 -1 -1.124e+04 1.413e+02 5.013e+01
s>                ( QUESTION0_3_R 1 -3.951e+03 1.327e+02 1.805e+01
s>                    ( - -2.823e+03 1 0)
s>                    ( - -9.956e+02 1 0))
s>                ( QUESTION2_0_L -1 -7.143e+03 1.055e+02 3.208e+01
s>                    ( - -8.429e+02 1 0)
s>                    ( - -6.195e+03 1 0))))
s>        ( - -5.679e+04 1 0))INFO: dtree.c(1315): Comp split 18
INFO: dtree.c(1439): stop. leaf nodes are specific
INFO: dtree.c(1478): Final simple tree
|( QUESTION0 -1 -4.743e+04 2.172e+02 2.234e+02
|    ( - -2.441e+04 1 0)
|    ( - -2.280e+04 3 0))
s>    ( QUESTION0 -1 -4.743e+04 2.172e+02 2.234e+02
s>        ( - -2.441e+04 1 0)
s>        ( - -2.280e+04 3 0))INFO: dtree.c(1439): stop. leaf nodes are specific
INFO: dtree.c(1478): Final simple tree
|( QUESTION1 -1 -1.177e+05 3.144e+02 5.461e+02
|    ( QUESTION6 -1 -3.951e+04 1.976e+02 1.831e+02
|        ( - -7.492e+03 1 0)
|        ( QUESTION2 -1 -3.182e+04 1.248e+02 1.471e+02
|            ( - -2.819e+04 1 0)
|            ( - -3.509e+03 1 0)))
|    ( QUESTION2_7_L -1 -7.792e+04 2.551e+02 3.630e+02
|        ( QUESTION0 -1 -1.049e+04 1.954e+02 4.807e+01
|            ( - -3.693e+03 1 0)
|            ( - -6.606e+03 1 0))
|        ( - -6.717e+04 2 0)))
s>    ( QUESTION1 -1 -1.177e+05 3.144e+02 5.461e+02
s>        ( QUESTION6 -1 -3.951e+04 1.976e+02 1.831e+02
s>            ( - -7.492e+03 1 0)
s>            ( QUESTION2 -1 -3.182e+04 1.248e+02 1.471e+02
s>                ( - -2.819e+04 1 0)
s>                ( - -3.509e+03 1 0)))
s>        ( QUESTION2_7_L -1 -7.792e+04 2.551e+02 3.630e+02
s>            ( QUESTION0 -1 -1.049e+04 1.954e+02 4.807e+01
s>                ( - -3.693e+03 1 0)
s>                ( - -6.606e+03 1 0))
s>            ( - -6.717e+04 2 0)))INFO: dtree.c(1315): Comp split 19
INFO: dtree.c(1439): stop. leaf nodes are specific
INFO: dtree.c(1478): Final simple tree
|( QUESTION2_3_L -1 -1.483e+04 1.141e+02 6.653e+01
|    ( - -1.415e+04 1 0)
|    ( - -5.621e+02 1 0))
s>    ( QUESTION2_3_L -1 -1.483e+04 1.141e+02 6.653e+01
s>        ( - -1.415e+04 1 0)
s>        ( - -5.621e+02 1 0))INFO: dtree.c(1315): Comp split 20
INFO: dtree.c(1439): stop. leaf nodes are specific
INFO: dtree.c(1478): Final simple tree
|( QUESTION0_3_R 1 -2.450e+04 1.545e+02 1.135e+02
|    ( - -1.917e+04 1 0)
|    ( - -5.177e+03 1 0))
s>    ( QUESTION0_3_R 1 -2.450e+04 1.545e+02 1.135e+02
s>        ( - -1.917e+04 1 0)
s>        ( - -5.177e+03 1 0))INFO: dtree.c(1439): stop. leaf nodes are specific
INFO: dtree.c(1478): Final simple tree
|( QUESTION0_4_R 1 -5.945e+04 2.274e+02 2.666e+02
|    ( - -3.879e+04 1 0)
|    ( QUESTION0_3_R 1 -2.043e+04 1.644e+02 9.037e+01
|        ( - -1.021e+04 1 0)
|        ( - -1.006e+04 1 0)))
s>    ( QUESTION0_4_R 1 -5.945e+04 2.274e+02 2.666e+02
s>        ( - -3.879e+04 1 0)
s>        ( QUESTION0_3_R 1 -2.043e+04 1.644e+02 9.037e+01
s>            ( - -1.021e+04 1 0)
s>            ( - -1.006e+04 1 0)))INFO: dtree.c(1315): Comp split 21
INFO: dtree.c(1439): stop. leaf nodes are specific
INFO: dtree.c(1478): Final simple tree
|( QUESTION2_14_L -1 -8.154e+04 2.557e+02 3.792e+02
|    ( - -6.717e+04 2 0)
|    ( QUESTION8 -1 -1.412e+04 1.929e+02 6.426e+01
|        ( - -3.693e+03 1 0)
|        ( QUESTION0 -1 -1.023e+04 1.190e+02 4.720e+01
|            ( - -3.509e+03 1 0)
|            ( - -6.606e+03 1 0))))
s>    ( QUESTION2_14_L -1 -8.154e+04 2.557e+02 3.792e+02
s>        ( - -6.717e+04 2 0)
s>        ( QUESTION8 -1 -1.412e+04 1.929e+02 6.426e+01
s>            ( - -3.693e+03 1 0)
s>            ( QUESTION0 -1 -1.023e+04 1.190e+02 4.720e+01
s>                ( - -3.509e+03 1 0)
s>                ( - -6.606e+03 1 0))))INFO: dtree.c(1439): stop. leaf nodes are specific
INFO: dtree.c(1478): Final simple tree
|( QUESTION2 -1 -3.588e+04 2.012e+02 1.669e+02
|    ( - -2.819e+04 1 0)
|    ( - -7.492e+03 1 0))
s>    ( QUESTION2 -1 -3.588e+04 2.012e+02 1.669e+02
s>        ( - -2.819e+04 1 0)
s>        ( - -7.492e+03 1 0))INFO: dtree.c(1315): Comp split 22
INFO: dtree.c(1439): stop. leaf nodes are specific
INFO: dtree.c(1478): Final simple tree
|( QUESTION0_18_R 1 -4.062e+04 1.698e+02 1.849e+02
|    ( QUESTION2_3_L -1 -1.121e+04 1.557e+02 4.903e+01
|        ( - -5.805e+02 1 0)
|        ( QUESTION0 -1 -1.048e+04 1.520e+02 4.603e+01
|            ( - -9.135e+03 1 0)
|            ( - -1.190e+03 1 0)))
|    ( QUESTION8 1 -2.924e+04 1.575e+02 1.359e+02
|        ( - -5.218e+02 1 0)
|        ( QUESTION0_13_R 1 -2.856e+04 1.559e+02 1.329e+02
|            ( - -2.202e+03 1 0)
|            ( - -2.620e+04 1 0))))
s>    ( QUESTION0_18_R 1 -4.062e+04 1.698e+02 1.849e+02
s>        ( QUESTION2_3_L -1 -1.121e+04 1.557e+02 4.903e+01
s>            ( - -5.805e+02 1 0)
s>            ( QUESTION0 -1 -1.048e+04 1.520e+02 4.603e+01
s>                ( - -9.135e+03 1 0)
s>                ( - -1.190e+03 1 0)))
s>        ( QUESTION8 1 -2.924e+04 1.575e+02 1.359e+02
s>            ( - -5.218e+02 1 0)
s>            ( QUESTION0_13_R 1 -2.856e+04 1.559e+02 1.329e+02
s>                ( - -2.202e+03 1 0)
s>                ( - -2.620e+04 1 0))))INFO: dtree.c(1439): stop. leaf nodes are specific
INFO: dtree.c(1478): Final simple tree
|( QUESTION0 1 -3.918e+04 2.210e+02 1.781e+02
|    ( - -1.740e+03 1 0)
|    ( QUESTION0 -1 -3.722e+04 2.053e+02 1.711e+02
|        ( - -3.489e+04 3 0)
|        ( QUESTION2_0_L -1 -2.124e+03 1.832e+02 1.010e+01
|            ( - -1.707e+03 1 0)
|            ( - -2.330e+02 1 0))))
s>    ( QUESTION0 1 -3.918e+04 2.210e+02 1.781e+02
s>        ( - -1.740e+03 1 0)
s>        ( QUESTION0 -1 -3.722e+04 2.053e+02 1.711e+02
s>            ( - -3.489e+04 3 0)
s>            ( QUESTION2_0_L -1 -2.124e+03 1.832e+02 1.010e+01
s>                ( - -1.707e+03 1 0)
s>                ( - -2.330e+02 1 0))))INFO: dtree.c(1315): Comp split 23
INFO: dtree.c(1439): stop. leaf nodes are specific
INFO: dtree.c(1478): Final simple tree
|( QUESTION1 -1 -4.500e+04 2.887e+02 2.193e+02
|    ( - -3.456e+04 1 0)
|    ( QUESTION2_3_L -1 -1.015e+04 1.912e+02 5.029e+01
|        ( - -2.209e+03 1 0)
|        ( QUESTION0 -1 -7.754e+03 1.408e+02 3.938e+01
|            ( - -3.295e+03 1 0)
|            ( - -4.318e+03 1 0))))
s>    ( QUESTION1 -1 -4.500e+04 2.887e+02 2.193e+02
s>        ( - -3.456e+04 1 0)
s>        ( QUESTION2_3_L -1 -1.015e+04 1.912e+02 5.029e+01
s>            ( - -2.209e+03 1 0)
s>            ( QUESTION0 -1 -7.754e+03 1.408e+02 3.938e+01
s>                ( - -3.295e+03 1 0)
s>                ( - -4.318e+03 1 0))))INFO: dtree.c(1315): Comp split 24
INFO: dtree.c(1439): stop. leaf nodes are specific
INFO: dtree.c(1478): Final simple tree
|( QUESTION1 -1 -5.320e+04 2.471e+02 2.484e+02
|    ( QUESTION0_16_R 1 -3.236e+04 2.135e+02 1.544e+02
|        ( - -1.850e+02 1 0)
|        ( - -3.197e+04 1 0))
|    ( QUESTION0 -1 -2.059e+04 1.668e+02 9.405e+01
|        ( QUESTION0 1 -2.013e+04 1.502e+02 9.205e+01
|            ( - -5.346e+02 1 0)
|            ( - -1.945e+04 2 0))
|        ( - -2.916e+02 1 0)))
s>    ( QUESTION1 -1 -5.320e+04 2.471e+02 2.484e+02
s>        ( QUESTION0_16_R 1 -3.236e+04 2.135e+02 1.544e+02
s>            ( - -1.850e+02 1 0)
s>            ( - -3.197e+04 1 0))
s>        ( QUESTION0 -1 -2.059e+04 1.668e+02 9.405e+01
s>            ( QUESTION0 1 -2.013e+04 1.502e+02 9.205e+01
s>                ( - -5.346e+02 1 0)
s>                ( - -1.945e+04 2 0))
s>            ( - -2.916e+02 1 0)))INFO: dtree.c(1315): Comp split 25
INFO: dtree.c(1439): stop. leaf nodes are specific
INFO: dtree.c(1478): Final simple tree
|( QUESTION2_3_L -1 -1.015e+04 1.912e+02 5.029e+01
|    ( - -2.209e+03 1 0)
|    ( QUESTION0 -1 -7.754e+03 1.408e+02 3.938e+01
|        ( - -3.295e+03 1 0)
|        ( - -4.318e+03 1 0)))
s>    ( QUESTION2_3_L -1 -1.015e+04 1.912e+02 5.029e+01
s>        ( - -2.209e+03 1 0)
s>        ( QUESTION0 -1 -7.754e+03 1.408e+02 3.938e+01
s>            ( - -3.295e+03 1 0)
s>            ( - -4.318e+03 1 0)))INFO: dtree.c(1315): Comp split 26
INFO: dtree.c(1439): stop. leaf nodes are specific
INFO: dtree.c(1478): Final simple tree
|( QUESTION0_6_R 1 -1.628e+04 1.519e+02 7.144e+01
|    ( QUESTION2_3_L -1 -4.889e+03 6.940e+01 2.132e+01
|        ( - -3.052e+03 1 0)
|        ( - -1.768e+03 1 0))
|    ( QUESTION0 -1 -1.124e+04 1.413e+02 5.013e+01
|        ( QUESTION0_3_R 1 -3.951e+03 1.327e+02 1.805e+01
|            ( - -2.823e+03 1 0)
|            ( - -9.956e+02 1 0))
|        ( QUESTION2_0_L -1 -7.143e+03 1.055e+02 3.208e+01
|            ( - -8.429e+02 1 0)
|            ( - -6.195e+03 1 0))))
s>    ( QUESTION0_6_R 1 -1.628e+04 1.519e+02 7.144e+01
s>        ( QUESTION2_3_L -1 -4.889e+03 6.940e+01 2.132e+01
s>            ( - -3.052e+03 1 0)
s>            ( - -1.768e+03 1 0))
s>        ( QUESTION0 -1 -1.124e+04 1.413e+02 5.013e+01
s>            ( QUESTION0_3_R 1 -3.951e+03 1.327e+02 1.805e+01
s>                ( - -2.823e+03 1 0)
s>                ( - -9.956e+02 1 0))
s>            ( QUESTION2_0_L -1 -7.143e+03 1.055e+02 3.208e+01
s>                ( - -8.429e+02 1 0)
s>                ( - -6.195e+03 1 0))))INFO: dtree.c(1315): Comp split 27
INFO: dtree.c(1439): stop. leaf nodes are specific
INFO: dtree.c(1478): Final simple tree
|( QUESTION0 -1 -3.301e+04 1.710e+02 1.428e+02
|    ( QUESTION0_6_R 1 -2.148e+04 9.403e+01 9.334e+01
|        ( - -2.080e+03 1 0)
|        ( - -1.931e+04 1 0))
|    ( QUESTION0_6_R 1 -1.135e+04 1.613e+02 4.943e+01
|        ( - -5.005e+02 1 0)
|        ( QUESTION2_0_L -1 -1.069e+04 1.362e+02 4.643e+01
|            ( QUESTION0_3_R 1 -1.000e+04 1.207e+02 4.343e+01
|                ( - -3.850e+03 1 0)
|                ( - -6.032e+03 1 0))
|            ( - -5.517e+02 1 0))))
s>    ( QUESTION0 -1 -3.301e+04 1.710e+02 1.428e+02
s>        ( QUESTION0_6_R 1 -2.148e+04 9.403e+01 9.334e+01
s>            ( - -2.080e+03 1 0)
s>            ( - -1.931e+04 1 0))
s>        ( QUESTION0_6_R 1 -1.135e+04 1.613e+02 4.943e+01
s>            ( - -5.005e+02 1 0)
s>            ( QUESTION2_0_L -1 -1.069e+04 1.362e+02 4.643e+01
s>                ( QUESTION0_3_R 1 -1.000e+04 1.207e+02 4.343e+01
s>                    ( - -3.850e+03 1 0)
s>                    ( - -6.032e+03 1 0))
s>                ( - -5.517e+02 1 0))))INFO: dtree.c(1439): stop. leaf nodes are specific
INFO: dtree.c(1478): Final simple tree
|( QUESTION0_6_R 1 -1.657e+04 1.805e+02 7.198e+01
|    ( - -2.263e+03 1 0)
|    ( - -1.412e+04 1 0))
s>    ( QUESTION0_6_R 1 -1.657e+04 1.805e+02 7.198e+01
s>        ( - -2.263e+03 1 0)
s>        ( - -1.412e+04 1 0))INFO: dtree.c(1315): Comp split 28
INFO: dtree.c(1439): stop. leaf nodes are specific
INFO: dtree.c(1478): Final simple tree
|( QUESTION0_10_R 1 -1.740e+04 1.478e+02 7.824e+01
|    ( QUESTION1 -1 -1.357e+04 1.456e+02 6.129e+01
|        ( - -1.291e+04 1 0)
|        ( - -5.165e+02 1 0))
|    ( - -3.680e+03 1 0))
s>    ( QUESTION0_10_R 1 -1.740e+04 1.478e+02 7.824e+01
s>        ( QUESTION1 -1 -1.357e+04 1.456e+02 6.129e+01
s>            ( - -1.291e+04 1 0)
s>            ( - -5.165e+02 1 0))
s>        ( - -3.680e+03 1 0))INFO: dtree.c(1439): stop. leaf nodes are specific
INFO: dtree.c(1478): Final simple tree
|( QUESTION9 1 -1.616e+04 2.050e+02 7.263e+01
|    ( - -3.295e+03 1 0)
|    ( QUESTION0_6_R 1 -1.266e+04 1.246e+02 5.649e+01
|        ( - -8.942e+03 1 0)
|        ( - -3.597e+03 1 0)))
s>    ( QUESTION9 1 -1.616e+04 2.050e+02 7.263e+01
s>        ( - -3.295e+03 1 0)
s>        ( QUESTION0_6_R 1 -1.266e+04 1.246e+02 5.649e+01
s>            ( - -8.942e+03 1 0)
s>            ( - -3.597e+03 1 0)))INFO: dtree.c(1315): Comp split 29
INFO: dtree.c(1439): stop. leaf nodes are specific
INFO: dtree.c(1478): Final simple tree
|( QUESTION8 -1 -1.412e+04 1.929e+02 6.426e+01
|    ( - -3.693e+03 1 0)
|    ( QUESTION0 -1 -1.023e+04 1.190e+02 4.720e+01
|        ( - -3.509e+03 1 0)
|        ( - -6.606e+03 1 0)))
s>    ( QUESTION8 -1 -1.412e+04 1.929e+02 6.426e+01
s>        ( - -3.693e+03 1 0)
s>        ( QUESTION0 -1 -1.023e+04 1.190e+02 4.720e+01
s>            ( - -3.509e+03 1 0)
s>            ( - -6.606e+03 1 0)))INFO: dtree.c(1315): Comp split 30
INFO: dtree.c(1439): stop. leaf nodes are specific
INFO: dtree.c(1478): Final simple tree
|( QUESTION0 -1 -2.059e+04 1.668e+02 9.405e+01
|    ( QUESTION0 1 -2.013e+04 1.502e+02 9.205e+01
|        ( - -5.346e+02 1 0)
|        ( - -1.945e+04 2 0))
|    ( - -2.916e+02 1 0))
s>    ( QUESTION0 -1 -2.059e+04 1.668e+02 9.405e+01
s>        ( QUESTION0 1 -2.013e+04 1.502e+02 9.205e+01
s>            ( - -5.346e+02 1 0)
s>            ( - -1.945e+04 2 0))
s>        ( - -2.916e+02 1 0))INFO: dtree.c(1439): stop. leaf nodes are specific
INFO: dtree.c(1478): Final simple tree
|( QUESTION0_16_R 1 -3.236e+04 2.135e+02 1.544e+02
|    ( - -1.850e+02 1 0)
|    ( - -3.197e+04 1 0))
s>    ( QUESTION0_16_R 1 -3.236e+04 2.135e+02 1.544e+02
s>        ( - -1.850e+02 1 0)
s>        ( - -3.197e+04 1 0))INFO: dtree.c(1315): Comp split 31
INFO: dtree.c(1315): Comp split 32
INFO: dtree.c(1315): Comp split 33
INFO: dtree.c(1439): stop. leaf nodes are specific
INFO: dtree.c(1478): Final simple tree
|( QUESTION0_3_R 1 -2.043e+04 1.644e+02 9.037e+01
|    ( - -1.021e+04 1 0)
|    ( - -1.006e+04 1 0))
s>    ( QUESTION0_3_R 1 -2.043e+04 1.644e+02 9.037e+01
s>        ( - -1.021e+04 1 0)
s>        ( - -1.006e+04 1 0))INFO: dtree.c(1315): Comp split 34
INFO: dtree.c(1439): stop. leaf nodes are specific
INFO: dtree.c(1478): Final simple tree
|( QUESTION9 -1 -1.697e+04 1.498e+02 7.598e+01
|    ( - -1.175e+04 1 0)
|    ( - -5.072e+03 1 0))
s>    ( QUESTION9 -1 -1.697e+04 1.498e+02 7.598e+01
s>        ( - -1.175e+04 1 0)
s>        ( - -5.072e+03 1 0))INFO: dtree.c(1315): Comp split 35
INFO: dtree.c(1439): stop. leaf nodes are specific
INFO: dtree.c(1478): Final simple tree
|( QUESTION0 -1 -3.722e+04 2.053e+02 1.711e+02
|    ( - -3.489e+04 3 0)
|    ( QUESTION2_0_L -1 -2.124e+03 1.832e+02 1.010e+01
|        ( - -1.707e+03 1 0)
|        ( - -2.330e+02 1 0)))
s>    ( QUESTION0 -1 -3.722e+04 2.053e+02 1.711e+02
s>        ( - -3.489e+04 3 0)
s>        ( QUESTION2_0_L -1 -2.124e+03 1.832e+02 1.010e+01
s>            ( - -1.707e+03 1 0)
s>            ( - -2.330e+02 1 0)))INFO: dtree.c(1315): Comp split 36
INFO: dtree.c(1315): Comp split 37
INFO: dtree.c(1315): Comp split 38
INFO: dtree.c(1439): stop. leaf nodes are specific
INFO: dtree.c(1478): Final simple tree
|( QUESTION2_0_L -1 -2.124e+03 1.832e+02 1.010e+01
|    ( - -1.707e+03 1 0)
|    ( - -2.330e+02 1 0))
s>    ( QUESTION2_0_L -1 -2.124e+03 1.832e+02 1.010e+01
s>        ( - -1.707e+03 1 0)
s>        ( - -2.330e+02 1 0))INFO: dtree.c(1315): Comp split 39
INFO: dtree.c(1439): stop. leaf nodes are specific
INFO: dtree.c(1478): Final simple tree
|( QUESTION0_6_R 1 -1.266e+04 1.246e+02 5.649e+01
|    ( - -8.942e+03 1 0)
|    ( - -3.597e+03 1 0))
s>    ( QUESTION0_6_R 1 -1.266e+04 1.246e+02 5.649e+01
s>        ( - -8.942e+03 1 0)
s>        ( - -3.597e+03 1 0))INFO: dtree.c(1315): Comp split 40
INFO: dtree.c(1315): Comp split 41
INFO: dtree.c(1439): stop. leaf nodes are specific
INFO: dtree.c(1478): Final simple tree
|( QUESTION0 -1 -1.023e+04 1.190e+02 4.720e+01
|    ( - -3.509e+03 1 0)
|    ( - -6.606e+03 1 0))
s>    ( QUESTION0 -1 -1.023e+04 1.190e+02 4.720e+01
s>        ( - -3.509e+03 1 0)
s>        ( - -6.606e+03 1 0))INFO: dtree.c(1315): Comp split 42
INFO: dtree.c(1439): stop. leaf nodes are specific
INFO: dtree.c(1478): Final simple tree
|( QUESTION0 -1 -7.754e+03 1.408e+02 3.938e+01
|    ( - -3.295e+03 1 0)
|    ( - -4.318e+03 1 0))
s>    ( QUESTION0 -1 -7.754e+03 1.408e+02 3.938e+01
s>        ( - -3.295e+03 1 0)
s>        ( - -4.318e+03 1 0))INFO: dtree.c(1315): Comp split 43
INFO: dtree.c(1315): Comp split 44
INFO: dtree.c(1315): Comp split 45
INFO: dtree.c(1439): stop. leaf nodes are specific
INFO: dtree.c(1478): Final simple tree
|( QUESTION0_13_R 1 -2.856e+04 1.559e+02 1.329e+02
|    ( - -2.202e+03 1 0)
|    ( - -2.620e+04 1 0))
s>    ( QUESTION0_13_R 1 -2.856e+04 1.559e+02 1.329e+02
s>        ( - -2.202e+03 1 0)
s>        ( - -2.620e+04 1 0))INFO: dtree.c(1439): stop. leaf nodes are specific
INFO: dtree.c(1478): Final simple tree
|( QUESTION2_3_L -1 -1.189e+04 1.591e+02 5.203e+01
|    ( QUESTION0_13_R 1 -1.252e+03 1.501e+02 6.000e+00
|        ( - -5.805e+02 1 0)
|        ( - -5.218e+02 1 0))
|    ( QUESTION0 -1 -1.048e+04 1.520e+02 4.603e+01
|        ( - -9.135e+03 1 0)
|        ( - -1.190e+03 1 0)))
s>    ( QUESTION2_3_L -1 -1.189e+04 1.591e+02 5.203e+01
s>        ( QUESTION0_13_R 1 -1.252e+03 1.501e+02 6.000e+00
s>            ( - -5.805e+02 1 0)
s>            ( - -5.218e+02 1 0))
s>        ( QUESTION0 -1 -1.048e+04 1.520e+02 4.603e+01
s>            ( - -9.135e+03 1 0)
s>            ( - -1.190e+03 1 0)))INFO: dtree.c(1315): Comp split 46
INFO: dtree.c(1439): stop. leaf nodes are specific
INFO: dtree.c(1478): Final simple tree
|( QUESTION0_6_R 1 -1.135e+04 1.613e+02 4.943e+01
|    ( - -5.005e+02 1 0)
|    ( QUESTION2_0_L -1 -1.069e+04 1.362e+02 4.643e+01
|        ( QUESTION0_3_R 1 -1.000e+04 1.207e+02 4.343e+01
|            ( - -3.850e+03 1 0)
|            ( - -6.032e+03 1 0))
|        ( - -5.517e+02 1 0)))
s>    ( QUESTION0_6_R 1 -1.135e+04 1.613e+02 4.943e+01
s>        ( - -5.005e+02 1 0)
s>        ( QUESTION2_0_L -1 -1.069e+04 1.362e+02 4.643e+01
s>            ( QUESTION0_3_R 1 -1.000e+04 1.207e+02 4.343e+01
s>                ( - -3.850e+03 1 0)
s>                ( - -6.032e+03 1 0))
s>            ( - -5.517e+02 1 0)))INFO: dtree.c(1439): stop. leaf nodes are specific
INFO: dtree.c(1478): Final simple tree
|( QUESTION0_6_R 1 -2.148e+04 9.403e+01 9.334e+01
|    ( - -2.080e+03 1 0)
|    ( - -1.931e+04 1 0))
s>    ( QUESTION0_6_R 1 -2.148e+04 9.403e+01 9.334e+01
s>        ( - -2.080e+03 1 0)
s>        ( - -1.931e+04 1 0))INFO: dtree.c(1315): Comp split 47
INFO: dtree.c(1439): stop. leaf nodes are specific
INFO: dtree.c(1478): Final simple tree
|( QUESTION0 1 -2.013e+04 1.502e+02 9.205e+01
|    ( - -5.346e+02 1 0)
|    ( - -1.945e+04 2 0))
s>    ( QUESTION0 1 -2.013e+04 1.502e+02 9.205e+01
s>        ( - -5.346e+02 1 0)
s>        ( - -1.945e+04 2 0))INFO: dtree.c(1315): Comp split 48
INFO: dtree.c(1315): Comp split 49
INFO: dtree.c(1439): stop. leaf nodes are specific
INFO: dtree.c(1478): Final simple tree
|( QUESTION2_0_L -1 -1.069e+04 1.362e+02 4.643e+01
|    ( QUESTION0_3_R 1 -1.000e+04 1.207e+02 4.343e+01
|        ( - -3.850e+03 1 0)
|        ( - -6.032e+03 1 0))
|    ( - -5.517e+02 1 0))
s>    ( QUESTION2_0_L -1 -1.069e+04 1.362e+02 4.643e+01
s>        ( QUESTION0_3_R 1 -1.000e+04 1.207e+02 4.343e+01
s>            ( - -3.850e+03 1 0)
s>            ( - -6.032e+03 1 0))
s>        ( - -5.517e+02 1 0))INFO: dtree.c(1315): Comp split 50
INFO: dtree.c(1439): stop. leaf nodes are specific
INFO: dtree.c(1478): Final simple tree
|( QUESTION0 -1 -1.048e+04 1.520e+02 4.603e+01
|    ( - -9.135e+03 1 0)
|    ( - -1.190e+03 1 0))
s>    ( QUESTION0 -1 -1.048e+04 1.520e+02 4.603e+01
s>        ( - -9.135e+03 1 0)
s>        ( - -1.190e+03 1 0))INFO: dtree.c(1439): stop. leaf nodes are specific
INFO: dtree.c(1478): Final simple tree
|( QUESTION0_13_R 1 -1.252e+03 1.501e+02 6.000e+00
|    ( - -5.805e+02 1 0)
|    ( - -5.218e+02 1 0))
s>    ( QUESTION0_13_R 1 -1.252e+03 1.501e+02 6.000e+00
s>        ( - -5.805e+02 1 0)
s>        ( - -5.218e+02 1 0))INFO: dtree.c(1315): Comp split 51
INFO: dtree.c(1315): Comp split 52
INFO: dtree.c(1315): Comp split 53
INFO: dtree.c(1315): Comp split 54
INFO: dtree.c(1439): stop. leaf nodes are specific
INFO: dtree.c(1478): Final simple tree
|( QUESTION0 -1 -1.124e+04 1.413e+02 5.013e+01
|    ( QUESTION0_3_R 1 -3.951e+03 1.327e+02 1.805e+01
|        ( - -2.823e+03 1 0)
|        ( - -9.956e+02 1 0))
|    ( QUESTION2_0_L -1 -7.143e+03 1.055e+02 3.208e+01
|        ( - -8.429e+02 1 0)
|        ( - -6.195e+03 1 0)))
s>    ( QUESTION0 -1 -1.124e+04 1.413e+02 5.013e+01
s>        ( QUESTION0_3_R 1 -3.951e+03 1.327e+02 1.805e+01
s>            ( - -2.823e+03 1 0)
s>            ( - -9.956e+02 1 0))
s>        ( QUESTION2_0_L -1 -7.143e+03 1.055e+02 3.208e+01
s>            ( - -8.429e+02 1 0)
s>            ( - -6.195e+03 1 0)))INFO: dtree.c(1439): stop. leaf nodes are specific
INFO: dtree.c(1478): Final simple tree
|( QUESTION2_3_L -1 -4.889e+03 6.940e+01 2.132e+01
|    ( - -3.052e+03 1 0)
|    ( - -1.768e+03 1 0))
s>    ( QUESTION2_3_L -1 -4.889e+03 6.940e+01 2.132e+01
s>        ( - -3.052e+03 1 0)
s>        ( - -1.768e+03 1 0))INFO: dtree.c(1315): Comp split 55
INFO: dtree.c(1315): Comp split 56
INFO: dtree.c(1315): Comp split 57
INFO: dtree.c(1315): Comp split 58
INFO: dtree.c(1439): stop. leaf nodes are specific
INFO: dtree.c(1478): Final simple tree
|( QUESTION1 -1 -1.357e+04 1.456e+02 6.129e+01
|    ( - -1.291e+04 1 0)
|    ( - -5.165e+02 1 0))
s>    ( QUESTION1 -1 -1.357e+04 1.456e+02 6.129e+01
s>        ( - -1.291e+04 1 0)
s>        ( - -5.165e+02 1 0))INFO: dtree.c(1315): Comp split 59
INFO: dtree.c(1315): Comp split 60
INFO: dtree.c(1439): stop. leaf nodes are specific
INFO: dtree.c(1478): Final simple tree
|( QUESTION2_0_L -1 -7.143e+03 1.055e+02 3.208e+01
|    ( - -8.429e+02 1 0)
|    ( - -6.195e+03 1 0))
s>    ( QUESTION2_0_L -1 -7.143e+03 1.055e+02 3.208e+01
s>        ( - -8.429e+02 1 0)
s>        ( - -6.195e+03 1 0))INFO: dtree.c(1439): stop. leaf nodes are specific
INFO: dtree.c(1478): Final simple tree
|( QUESTION0_3_R 1 -3.951e+03 1.327e+02 1.805e+01
|    ( - -2.823e+03 1 0)
|    ( - -9.956e+02 1 0))
s>    ( QUESTION0_3_R 1 -3.951e+03 1.327e+02 1.805e+01
s>        ( - -2.823e+03 1 0)
s>        ( - -9.956e+02 1 0))INFO: dtree.c(1315): Comp split 61
INFO: dtree.c(1315): Comp split 62
INFO: dtree.c(1439): stop. leaf nodes are specific
INFO: dtree.c(1478): Final simple tree
|( QUESTION0_3_R 1 -1.000e+04 1.207e+02 4.343e+01
|    ( - -3.850e+03 1 0)
|    ( - -6.032e+03 1 0))
s>    ( QUESTION0_3_R 1 -1.000e+04 1.207e+02 4.343e+01
s>        ( - -3.850e+03 1 0)
s>        ( - -6.032e+03 1 0))INFO: dtree.c(1315): Comp split 63
INFO: dtree.c(1315): Comp split 64
INFO: dtree.c(1315): Comp split 65
INFO: dtree.c(1315): Comp split 66
INFO: dtree.c(1315): Comp split 67
INFO: dtree.c(1315): Comp split 68
INFO: dtree.c(1315): Comp split 69
INFO: dtree.c(1315): Comp split 70
INFO: dtree.c(1315): Comp split 71
INFO: dtree.c(1315): Comp split 72
INFO: dtree.c(1318): stop. leaf nodes are specific
Wed Dec 20 23:52:21 2017
