Current configuration:
[NAME]		[DEFLT]	[VALUE]
-allphones	no	no
-cntthresh	0.00001	1.000000e-05
-csplitmax	100	2000
-csplitmin	1	1
-csplitthr	8e-4	0.000000e+00
-example	no	no
-fullvar	no	no
-help		no	no
-meanfn			/home/alex/repos/speech/an4/model_parameters/an4.cd_cont_untied/means
-mixwfn			/home/alex/repos/speech/an4/model_parameters/an4.cd_cont_untied/mixture_weights
-moddeffn		/home/alex/repos/speech/an4/model_architecture/an4.untied.mdef
-mwfloor	1e-4	1.000000e-08
-phone			EH
-psetfn			/home/alex/repos/speech/an4/model_architecture/an4.tree_questions
-ssplitmax	5	7
-ssplitmin	1	1
-ssplitthr	8e-4	0.000000e+00
-state			0
-stwt			1.0,0.05,0.0,
-treefn			/home/alex/repos/speech/an4/trees/an4.unpruned/EH-0.dtree
-ts2cbfn	.semi.	.cont.
-varfloor	0.00001	1.000000e-05
-varfn			/home/alex/repos/speech/an4/model_parameters/an4.cd_cont_untied/variances

INFO: main.c(223): Reading: /home/alex/repos/speech/an4/model_architecture/an4.untied.mdef
INFO: model_def_io.c(573): Model definition info:
INFO: model_def_io.c(574): 1618 total models defined (34 base, 1584 tri)
INFO: model_def_io.c(575): 6472 total states
INFO: model_def_io.c(576): 4854 total tied states
INFO: model_def_io.c(577): 102 total tied CI states
INFO: model_def_io.c(578): 34 total tied transition matrices
INFO: model_def_io.c(579): 4 max state/model
INFO: model_def_io.c(580): 4 min state/model
INFO: main.c(242): Building trees for [EH AH F b] through [EH Y S i]
INFO: main.c(269): Covering states |[978 1271]| == 294
INFO: main.c(275): Reading: /home/alex/repos/speech/an4/model_parameters/an4.cd_cont_untied/mixture_weights
INFO: s3mixw_io.c(173): Read /home/alex/repos/speech/an4/model_parameters/an4.cd_cont_untied/mixture_weights [294x1x1 array]
INFO: main.c(311): 98 of 98 models have observation count greater than 0.000010
INFO: main.c(95): nrm stwt: 0.952 0.048 0.000 
INFO: s3gau_io.c(169): Read /home/alex/repos/speech/an4/model_parameters/an4.cd_cont_untied/means [4854x1x1 array]
INFO: s3gau_io.c(169): Read /home/alex/repos/speech/an4/model_parameters/an4.cd_cont_untied/variances [4854x1x1 array]
INFO: main.c(549): Reading: /home/alex/repos/speech/an4/model_architecture/an4.tree_questions
INFO: main.c(588): 180 total simple questions (172 phone; 8 word bndry)
INFO: main.c(590): 42 Left Only questions, and 42 Right Only questions
INFO: dtree.c(1478): Final simple tree
|( QUESTION17 1 -1.432e+06 5.328e+03 6.521e+03
|    ( - -8.611e+04 2 0 QUESTION2_7_L -1 2.773e+02 3.871e+02)
|    ( SILENCE -1 -1.340e+06 4.841e+03 6.134e+03
|        ( - -5.199e+05 7 0 QUESTION0_14_R 1 8.062e+02 2.465e+03)
|        ( QUESTION2_0_L -1 -8.154e+05 2.795e+03 3.669e+03
|            ( - -2.131e+05 11 0 QUESTION0 -1 5.604e+02 9.848e+02)
|            ( QUESTION2_14_L -1 -5.995e+05 2.510e+03 2.685e+03
|                ( WDBNDRY_B 0 -2.083e+05 1.205e+03 9.261e+02
|                    ( - -1.993e+05 12 0 QUESTION0_15_R 1 3.308e+02 8.897e+02)
|                    ( - -7.780e+03 1 0))
|                ( QUESTION2_7_L -1 -3.887e+05 1.841e+03 1.758e+03
|                    ( - -1.536e+05 28 0 QUESTION14 -1 8.774e+02 7.209e+02)
|                    ( QUESTION1 1 -2.332e+05 9.188e+02 1.038e+03
|                        ( - -1.001e+05 14 0 QUESTION0 -1 4.698e+02 4.363e+02)
|                        ( - -1.322e+05 23 0 WDBNDRY_B 0 6.790e+02 6.012e+02)))))))
s>    ( QUESTION17 1 -1.432e+06 5.328e+03 6.521e+03
s>        ( - -8.611e+04 2 0 QUESTION2_7_L -1 2.773e+02 3.871e+02)
s>        ( SILENCE -1 -1.340e+06 4.841e+03 6.134e+03
s>            ( - -5.199e+05 7 0 QUESTION0_14_R 1 8.062e+02 2.465e+03)
s>            ( QUESTION2_0_L -1 -8.154e+05 2.795e+03 3.669e+03
s>                ( - -2.131e+05 11 0 QUESTION0 -1 5.604e+02 9.848e+02)
s>                ( QUESTION2_14_L -1 -5.995e+05 2.510e+03 2.685e+03
s>                    ( WDBNDRY_B 0 -2.083e+05 1.205e+03 9.261e+02
s>                        ( - -1.993e+05 12 0 QUESTION0_15_R 1 3.308e+02 8.897e+02)
s>                        ( - -7.780e+03 1 0))
s>                    ( QUESTION2_7_L -1 -3.887e+05 1.841e+03 1.758e+03
s>                        ( - -1.536e+05 28 0 QUESTION14 -1 8.774e+02 7.209e+02)
s>                        ( QUESTION1 1 -2.332e+05 9.188e+02 1.038e+03
s>                            ( - -1.001e+05 14 0 QUESTION0 -1 4.698e+02 4.363e+02)
s>                            ( - -1.322e+05 23 0 WDBNDRY_B 0 6.790e+02 6.012e+02)))))))INFO: dtree.c(1315): Comp split 0
INFO: dtree.c(1478): Final simple tree
|( QUESTION2_15_L -1 -5.256e+05 2.386e+03 2.347e+03
|    ( QUESTION0 -1 -1.001e+05 4.698e+02 4.363e+02
|        ( WDBNDRY_B 0 -4.309e+04 6.077e+02 1.917e+02
|            ( - -2.280e+04 5 0 QUESTION2_18_L -1 2.734e+02 1.035e+02)
|            ( - -1.968e+04 2 0 QUESTION0_14_R 1 1.166e+02 8.817e+01))
|        ( - -5.654e+04 7 0 QUESTION0_16_R 1 2.526e+02 2.447e+02))
|    ( QUESTION2_0_L -1 -4.231e+05 1.746e+03 1.911e+03
|        ( QUESTION0 -1 -2.131e+05 5.604e+02 9.848e+02
|            ( QUESTION0_0_R 1 -1.136e+05 3.876e+02 5.261e+02
|                ( - -1.777e+04 2 0)
|                ( - -9.541e+04 4 0 QUESTION1 1 2.410e+02 4.415e+02))
|            ( - -9.894e+04 5 0 QUESTION0_15_R 1 3.081e+02 4.586e+02))
|        ( WDBNDRY_B 0 -2.083e+05 1.205e+03 9.261e+02
|            ( - -1.993e+05 12 0 QUESTION0_15_R 1 3.308e+02 8.897e+02)
|            ( - -7.780e+03 1 0))))
s>    ( QUESTION2_15_L -1 -5.256e+05 2.386e+03 2.347e+03
s>        ( QUESTION0 -1 -1.001e+05 4.698e+02 4.363e+02
s>            ( WDBNDRY_B 0 -4.309e+04 6.077e+02 1.917e+02
s>                ( - -2.280e+04 5 0 QUESTION2_18_L -1 2.734e+02 1.035e+02)
s>                ( - -1.968e+04 2 0 QUESTION0_14_R 1 1.166e+02 8.817e+01))
s>            ( - -5.654e+04 7 0 QUESTION0_16_R 1 2.526e+02 2.447e+02))
s>        ( QUESTION2_0_L -1 -4.231e+05 1.746e+03 1.911e+03
s>            ( QUESTION0 -1 -2.131e+05 5.604e+02 9.848e+02
s>                ( QUESTION0_0_R 1 -1.136e+05 3.876e+02 5.261e+02
s>                    ( - -1.777e+04 2 0)
s>                    ( - -9.541e+04 4 0 QUESTION1 1 2.410e+02 4.415e+02))
s>                ( - -9.894e+04 5 0 QUESTION0_15_R 1 3.081e+02 4.586e+02))
s>            ( WDBNDRY_B 0 -2.083e+05 1.205e+03 9.261e+02
s>                ( - -1.993e+05 12 0 QUESTION0_15_R 1 3.308e+02 8.897e+02)
s>                ( - -7.780e+03 1 0))))INFO: dtree.c(1478): Final simple tree
|( WDBNDRY_B 0 -8.996e+05 5.130e+03 4.174e+03
|    ( SILENCE -1 -7.710e+05 1.817e+03 3.623e+03
|        ( QUESTION0_14_R 1 -5.199e+05 8.062e+02 2.465e+03
|            ( - -2.789e+05 2 0 QUESTION1 1 2.560e+02 1.334e+03)
|            ( - -2.403e+05 5 0 QUESTION0_0_R 1 2.704e+02 1.131e+03))
|        ( QUESTION2_20_L -1 -2.493e+05 9.411e+02 1.158e+03
|            ( - -9.699e+04 18 0 QUESTION0_0_R 1 3.713e+02 4.413e+02)
|            ( QUESTION15 -1 -1.514e+05 7.452e+02 7.168e+02
|                ( - -9.192e+03 4 0 QUESTION0_14_R 1 1.546e+02 4.001e+01)
|                ( QUESTION0 -1 -1.414e+05 8.641e+02 6.768e+02
|                    ( - -8.458e+04 11 0 QUESTION2 1 4.534e+02 4.143e+02)
|                    ( - -5.597e+04 10 0 QUESTION2 1 2.356e+02 2.625e+02)))))
|    ( QUESTION0 -1 -1.234e+05 9.907e+02 5.511e+02
|        ( - -3.262e+04 4 0 QUESTION1 -1 5.801e+02 1.482e+02)
|        ( - -8.981e+04 6 0 QUESTION0_15_R 1 4.589e+02 4.030e+02)))
s>    ( WDBNDRY_B 0 -8.996e+05 5.130e+03 4.174e+03
s>        ( SILENCE -1 -7.710e+05 1.817e+03 3.623e+03
s>            ( QUESTION0_14_R 1 -5.199e+05 8.062e+02 2.465e+03
s>                ( - -2.789e+05 2 0 QUESTION1 1 2.560e+02 1.334e+03)
s>                ( - -2.403e+05 5 0 QUESTION0_0_R 1 2.704e+02 1.131e+03))
s>            ( QUESTION2_20_L -1 -2.493e+05 9.411e+02 1.158e+03
s>                ( - -9.699e+04 18 0 QUESTION0_0_R 1 3.713e+02 4.413e+02)
s>                ( QUESTION15 -1 -1.514e+05 7.452e+02 7.168e+02
s>                    ( - -9.192e+03 4 0 QUESTION0_14_R 1 1.546e+02 4.001e+01)
s>                    ( QUESTION0 -1 -1.414e+05 8.641e+02 6.768e+02
s>                        ( - -8.458e+04 11 0 QUESTION2 1 4.534e+02 4.143e+02)
s>                        ( - -5.597e+04 10 0 QUESTION2 1 2.356e+02 2.625e+02)))))
s>        ( QUESTION0 -1 -1.234e+05 9.907e+02 5.511e+02
s>            ( - -3.262e+04 4 0 QUESTION1 -1 5.801e+02 1.482e+02)
s>            ( - -8.981e+04 6 0 QUESTION0_15_R 1 4.589e+02 4.030e+02)))INFO: dtree.c(1315): Comp split 1
INFO: dtree.c(1439): stop. leaf nodes are specific
INFO: dtree.c(1478): Final simple tree
|( QUESTION0_15_R 1 -8.981e+04 4.589e+02 4.030e+02
|    ( - 2.161e+02 1 0)
|    ( QUESTION2_7_L -1 -8.957e+04 2.757e+02 4.020e+02
|        ( QUESTION9 1 -8.783e+04 1.736e+02 3.950e+02
|            ( - -2.122e+03 1 0)
|            ( QUESTION0_0_R 1 -8.553e+04 1.287e+02 3.851e+02
|                ( - -5.570e+02 1 0)
|                ( QUESTION17 1 -8.484e+04 1.296e+02 3.821e+02
|                    ( - -8.436e+04 1 0)
|                    ( - -3.501e+02 1 0))))
|        ( - -1.465e+03 1 0)))
s>    ( QUESTION0_15_R 1 -8.981e+04 4.589e+02 4.030e+02
s>        ( - 2.161e+02 1 0)
s>        ( QUESTION2_7_L -1 -8.957e+04 2.757e+02 4.020e+02
s>            ( QUESTION9 1 -8.783e+04 1.736e+02 3.950e+02
s>                ( - -2.122e+03 1 0)
s>                ( QUESTION0_0_R 1 -8.553e+04 1.287e+02 3.851e+02
s>                    ( - -5.570e+02 1 0)
s>                    ( QUESTION17 1 -8.484e+04 1.296e+02 3.821e+02
s>                        ( - -8.436e+04 1 0)
s>                        ( - -3.501e+02 1 0))))
s>            ( - -1.465e+03 1 0)))INFO: dtree.c(1478): Final simple tree
|( SILENCE -1 -8.044e+05 1.741e+03 3.771e+03
|    ( QUESTION0_14_R 1 -5.199e+05 8.062e+02 2.465e+03
|        ( - -2.789e+05 2 0 QUESTION1 1 2.560e+02 1.334e+03)
|        ( - -2.403e+05 5 0 QUESTION0_0_R 1 2.704e+02 1.131e+03))
|    ( QUESTION2_7_L -1 -2.827e+05 9.330e+02 1.306e+03
|        ( QUESTION14 -1 -1.495e+05 8.420e+02 7.050e+02
|            ( - -6.762e+04 8 0 WDBNDRY_B 0 5.123e+02 3.286e+02)
|            ( QUESTION13 -1 -8.107e+04 5.256e+02 3.765e+02
|                ( - -9.192e+03 4 0 QUESTION0_14_R 1 1.546e+02 4.001e+01)
|                ( QUESTION0 -1 -7.135e+04 5.605e+02 3.365e+02
|                    ( - -1.482e+04 2 0 QUESTION0_0_R 1 1.508e+02 7.400e+01)
|                    ( - -5.597e+04 10 0 QUESTION2 1 2.356e+02 2.625e+02))))
|        ( WDBNDRY_B 0 -1.322e+05 6.790e+02 6.012e+02
|            ( - -1.194e+05 21 0 QUESTION2_18_L -1 4.708e+02 5.476e+02)
|            ( - -1.214e+04 2 0 QUESTION1 -1 4.582e+02 5.362e+01))))
s>    ( SILENCE -1 -8.044e+05 1.741e+03 3.771e+03
s>        ( QUESTION0_14_R 1 -5.199e+05 8.062e+02 2.465e+03
s>            ( - -2.789e+05 2 0 QUESTION1 1 2.560e+02 1.334e+03)
s>            ( - -2.403e+05 5 0 QUESTION0_0_R 1 2.704e+02 1.131e+03))
s>        ( QUESTION2_7_L -1 -2.827e+05 9.330e+02 1.306e+03
s>            ( QUESTION14 -1 -1.495e+05 8.420e+02 7.050e+02
s>                ( - -6.762e+04 8 0 WDBNDRY_B 0 5.123e+02 3.286e+02)
s>                ( QUESTION13 -1 -8.107e+04 5.256e+02 3.765e+02
s>                    ( - -9.192e+03 4 0 QUESTION0_14_R 1 1.546e+02 4.001e+01)
s>                    ( QUESTION0 -1 -7.135e+04 5.605e+02 3.365e+02
s>                        ( - -1.482e+04 2 0 QUESTION0_0_R 1 1.508e+02 7.400e+01)
s>                        ( - -5.597e+04 10 0 QUESTION2 1 2.356e+02 2.625e+02))))
s>            ( WDBNDRY_B 0 -1.322e+05 6.790e+02 6.012e+02
s>                ( - -1.194e+05 21 0 QUESTION2_18_L -1 4.708e+02 5.476e+02)
s>                ( - -1.214e+04 2 0 QUESTION1 -1 4.582e+02 5.362e+01))))INFO: dtree.c(1315): Comp split 2
INFO: dtree.c(1478): Final simple tree
|( QUESTION2_0_L -1 -4.463e+05 1.762e+03 2.014e+03
|    ( QUESTION0 -1 -2.131e+05 5.604e+02 9.848e+02
|        ( QUESTION0_0_R 1 -1.136e+05 3.876e+02 5.261e+02
|            ( - -1.777e+04 2 0)
|            ( - -9.541e+04 4 0 QUESTION1 1 2.410e+02 4.415e+02))
|        ( QUESTION0_15_R 1 -9.894e+04 3.081e+02 4.586e+02
|            ( - -4.806e+04 2 0 QUESTION0_17_R 1 2.345e+02 2.248e+02)
|            ( - -5.057e+04 3 0 QUESTION0_0_R 1 1.621e+02 2.338e+02)))
|    ( WDBNDRY_B 0 -2.314e+05 1.200e+03 1.030e+03
|        ( QUESTION0 -1 -2.225e+05 3.546e+02 9.932e+02
|            ( - -2.280e+04 5 0 QUESTION2_18_L -1 2.734e+02 1.035e+02)
|            ( QUESTION0_15_R 1 -1.993e+05 3.308e+02 8.897e+02
|                ( - -6.217e+04 4 0 QUESTION0_17_R 1 1.691e+02 2.815e+02)
|                ( - -1.368e+05 8 0 QUESTION0_0_R 1 2.490e+02 6.082e+02)))
|        ( - -7.780e+03 1 0)))
s>    ( QUESTION2_0_L -1 -4.463e+05 1.762e+03 2.014e+03
s>        ( QUESTION0 -1 -2.131e+05 5.604e+02 9.848e+02
s>            ( QUESTION0_0_R 1 -1.136e+05 3.876e+02 5.261e+02
s>                ( - -1.777e+04 2 0)
s>                ( - -9.541e+04 4 0 QUESTION1 1 2.410e+02 4.415e+02))
s>            ( QUESTION0_15_R 1 -9.894e+04 3.081e+02 4.586e+02
s>                ( - -4.806e+04 2 0 QUESTION0_17_R 1 2.345e+02 2.248e+02)
s>                ( - -5.057e+04 3 0 QUESTION0_0_R 1 1.621e+02 2.338e+02)))
s>        ( WDBNDRY_B 0 -2.314e+05 1.200e+03 1.030e+03
s>            ( QUESTION0 -1 -2.225e+05 3.546e+02 9.932e+02
s>                ( - -2.280e+04 5 0 QUESTION2_18_L -1 2.734e+02 1.035e+02)
s>                ( QUESTION0_15_R 1 -1.993e+05 3.308e+02 8.897e+02
s>                    ( - -6.217e+04 4 0 QUESTION0_17_R 1 1.691e+02 2.815e+02)
s>                    ( - -1.368e+05 8 0 QUESTION0_0_R 1 2.490e+02 6.082e+02)))
s>            ( - -7.780e+03 1 0)))INFO: dtree.c(1439): stop. leaf nodes are specific
INFO: dtree.c(1478): Final simple tree
|( QUESTION0 -1 -7.661e+04 3.982e+02 3.328e+02
|    ( QUESTION0_14_R 1 -1.968e+04 1.166e+02 8.817e+01
|        ( - -1.923e+04 1 0)
|        ( - -3.364e+02 1 0))
|    ( QUESTION0_16_R 1 -5.654e+04 2.526e+02 2.447e+02
|        ( - -1.594e+04 3 0)
|        ( WDBNDRY_B 0 -4.034e+04 1.752e+02 1.730e+02
|            ( - -3.964e+04 3 0)
|            ( - -5.286e+02 1 0))))
s>    ( QUESTION0 -1 -7.661e+04 3.982e+02 3.328e+02
s>        ( QUESTION0_14_R 1 -1.968e+04 1.166e+02 8.817e+01
s>            ( - -1.923e+04 1 0)
s>            ( - -3.364e+02 1 0))
s>        ( QUESTION0_16_R 1 -5.654e+04 2.526e+02 2.447e+02
s>            ( - -1.594e+04 3 0)
s>            ( WDBNDRY_B 0 -4.034e+04 1.752e+02 1.730e+02
s>                ( - -3.964e+04 3 0)
s>                ( - -5.286e+02 1 0))))INFO: dtree.c(1315): Comp split 3
INFO: dtree.c(1478): Final simple tree
|( QUESTION0 -1 -2.225e+05 3.546e+02 9.932e+02
|    ( QUESTION2_18_L -1 -2.280e+04 2.734e+02 1.035e+02
|        ( - -5.823e+03 1 0)
|        ( QUESTION0_14_R 1 -1.670e+04 2.681e+02 7.597e+01
|            ( - -1.275e+04 2 0 QUESTION2 -1 1.405e+02 5.900e+01)
|            ( QUESTION2 -1 -3.683e+03 1.753e+02 1.698e+01
|                ( - -2.671e+02 1 0)
|                ( - -3.241e+03 1 0))))
|    ( QUESTION0_15_R 1 -1.993e+05 3.308e+02 8.897e+02
|        ( QUESTION0_17_R 1 -6.217e+04 1.691e+02 2.815e+02
|            ( - -1.627e+04 2 0)
|            ( - -4.574e+04 2 0))
|        ( QUESTION0_0_R 1 -1.368e+05 2.490e+02 6.082e+02
|            ( - -1.004e+05 4 0)
|            ( - -3.619e+04 4 0 QUESTION1 1 1.206e+02 1.556e+02))))
s>    ( QUESTION0 -1 -2.225e+05 3.546e+02 9.932e+02
s>        ( QUESTION2_18_L -1 -2.280e+04 2.734e+02 1.035e+02
s>            ( - -5.823e+03 1 0)
s>            ( QUESTION0_14_R 1 -1.670e+04 2.681e+02 7.597e+01
s>                ( - -1.275e+04 2 0 QUESTION2 -1 1.405e+02 5.900e+01)
s>                ( QUESTION2 -1 -3.683e+03 1.753e+02 1.698e+01
s>                    ( - -2.671e+02 1 0)
s>                    ( - -3.241e+03 1 0))))
s>        ( QUESTION0_15_R 1 -1.993e+05 3.308e+02 8.897e+02
s>            ( QUESTION0_17_R 1 -6.217e+04 1.691e+02 2.815e+02
s>                ( - -1.627e+04 2 0)
s>                ( - -4.574e+04 2 0))
s>            ( QUESTION0_0_R 1 -1.368e+05 2.490e+02 6.082e+02
s>                ( - -1.004e+05 4 0)
s>                ( - -3.619e+04 4 0 QUESTION1 1 1.206e+02 1.556e+02))))INFO: dtree.c(1478): Final simple tree
|( WDBNDRY_B 0 -2.219e+05 1.091e+03 1.021e+03
|    ( QUESTION0 -1 -2.131e+05 5.604e+02 9.848e+02
|        ( QUESTION0_0_R 1 -1.136e+05 3.876e+02 5.261e+02
|            ( - -1.777e+04 2 0)
|            ( QUESTION1 1 -9.541e+04 2.410e+02 4.415e+02
|                ( QUESTION0_14_R 1 -7.398e+04 2.092e+02 3.456e+02
|                    ( - -5.051e+04 1 0)
|                    ( - -2.326e+04 1 0))
|                ( - -2.119e+04 2 0 QUESTION0_14_R 1 1.357e+02 9.597e+01)))
|        ( QUESTION0_15_R 1 -9.894e+04 3.081e+02 4.586e+02
|            ( QUESTION0_17_R 1 -4.806e+04 2.345e+02 2.248e+02
|                ( - -6.773e+03 1 0)
|                ( - -4.105e+04 1 0))
|            ( - -5.057e+04 3 0 QUESTION0_0_R 1 1.621e+02 2.338e+02)))
|    ( - -7.780e+03 1 0))
s>    ( WDBNDRY_B 0 -2.219e+05 1.091e+03 1.021e+03
s>        ( QUESTION0 -1 -2.131e+05 5.604e+02 9.848e+02
s>            ( QUESTION0_0_R 1 -1.136e+05 3.876e+02 5.261e+02
s>                ( - -1.777e+04 2 0)
s>                ( QUESTION1 1 -9.541e+04 2.410e+02 4.415e+02
s>                    ( QUESTION0_14_R 1 -7.398e+04 2.092e+02 3.456e+02
s>                        ( - -5.051e+04 1 0)
s>                        ( - -2.326e+04 1 0))
s>                    ( - -2.119e+04 2 0 QUESTION0_14_R 1 1.357e+02 9.597e+01)))
s>            ( QUESTION0_15_R 1 -9.894e+04 3.081e+02 4.586e+02
s>                ( QUESTION0_17_R 1 -4.806e+04 2.345e+02 2.248e+02
s>                    ( - -6.773e+03 1 0)
s>                    ( - -4.105e+04 1 0))
s>                ( - -5.057e+04 3 0 QUESTION0_0_R 1 1.621e+02 2.338e+02)))
s>        ( - -7.780e+03 1 0))INFO: dtree.c(1315): Comp split 4
INFO: dtree.c(1478): Final simple tree
|( QUESTION2_7_L -1 -2.827e+05 9.330e+02 1.306e+03
|    ( QUESTION14 -1 -1.495e+05 8.420e+02 7.050e+02
|        ( WDBNDRY_B 0 -6.762e+04 5.123e+02 3.286e+02
|            ( - -4.709e+04 6 0 QUESTION0_15_R 1 4.287e+02 2.340e+02)
|            ( - -2.001e+04 2 0 QUESTION0_14_R 1 1.827e+02 9.453e+01))
|        ( QUESTION13 -1 -8.107e+04 5.256e+02 3.765e+02
|            ( - -9.192e+03 4 0 QUESTION0_14_R 1 1.546e+02 4.001e+01)
|            ( QUESTION0 -1 -7.135e+04 5.605e+02 3.365e+02
|                ( - -1.482e+04 2 0 QUESTION0_0_R 1 1.508e+02 7.400e+01)
|                ( - -5.597e+04 10 0 QUESTION2 1 2.356e+02 2.625e+02))))
|    ( WDBNDRY_B 0 -1.322e+05 6.790e+02 6.012e+02
|        ( QUESTION2_18_L -1 -1.194e+05 4.708e+02 5.476e+02
|            ( - -2.195e+04 3 0 QUESTION0_0_R 1 1.928e+02 1.063e+02)
|            ( - -9.699e+04 18 0 QUESTION0_0_R 1 3.713e+02 4.413e+02))
|        ( - -1.214e+04 2 0 QUESTION1 -1 4.582e+02 5.362e+01)))
s>    ( QUESTION2_7_L -1 -2.827e+05 9.330e+02 1.306e+03
s>        ( QUESTION14 -1 -1.495e+05 8.420e+02 7.050e+02
s>            ( WDBNDRY_B 0 -6.762e+04 5.123e+02 3.286e+02
s>                ( - -4.709e+04 6 0 QUESTION0_15_R 1 4.287e+02 2.340e+02)
s>                ( - -2.001e+04 2 0 QUESTION0_14_R 1 1.827e+02 9.453e+01))
s>            ( QUESTION13 -1 -8.107e+04 5.256e+02 3.765e+02
s>                ( - -9.192e+03 4 0 QUESTION0_14_R 1 1.546e+02 4.001e+01)
s>                ( QUESTION0 -1 -7.135e+04 5.605e+02 3.365e+02
s>                    ( - -1.482e+04 2 0 QUESTION0_0_R 1 1.508e+02 7.400e+01)
s>                    ( - -5.597e+04 10 0 QUESTION2 1 2.356e+02 2.625e+02))))
s>        ( WDBNDRY_B 0 -1.322e+05 6.790e+02 6.012e+02
s>            ( QUESTION2_18_L -1 -1.194e+05 4.708e+02 5.476e+02
s>                ( - -2.195e+04 3 0 QUESTION0_0_R 1 1.928e+02 1.063e+02)
s>                ( - -9.699e+04 18 0 QUESTION0_0_R 1 3.713e+02 4.413e+02))
s>            ( - -1.214e+04 2 0 QUESTION1 -1 4.582e+02 5.362e+01)))INFO: dtree.c(1439): stop. leaf nodes are specific
INFO: dtree.c(1478): Final simple tree
|( QUESTION0_14_R 1 -5.199e+05 8.062e+02 2.465e+03
|    ( QUESTION1 1 -2.789e+05 2.560e+02 1.334e+03
|        ( - -2.655e+05 1 0)
|        ( - -1.310e+04 1 0))
|    ( QUESTION0_0_R 1 -2.403e+05 2.704e+02 1.131e+03
|        ( - -1.247e+05 2 0)
|        ( QUESTION0 1 -1.153e+05 2.666e+02 5.413e+02
|            ( QUESTION0_16_R 1 -7.294e+04 1.884e+02 3.437e+02
|                ( - -7.227e+04 1 0)
|                ( - -4.813e+02 1 0))
|            ( - -4.211e+04 1 0))))
s>    ( QUESTION0_14_R 1 -5.199e+05 8.062e+02 2.465e+03
s>        ( QUESTION1 1 -2.789e+05 2.560e+02 1.334e+03
s>            ( - -2.655e+05 1 0)
s>            ( - -1.310e+04 1 0))
s>        ( QUESTION0_0_R 1 -2.403e+05 2.704e+02 1.131e+03
s>            ( - -1.247e+05 2 0)
s>            ( QUESTION0 1 -1.153e+05 2.666e+02 5.413e+02
s>                ( QUESTION0_16_R 1 -7.294e+04 1.884e+02 3.437e+02
s>                    ( - -7.227e+04 1 0)
s>                    ( - -4.813e+02 1 0))
s>                ( - -4.211e+04 1 0))))INFO: dtree.c(1315): Comp split 5
INFO: dtree.c(1478): Final simple tree
|( QUESTION0 -1 -1.414e+05 8.641e+02 6.768e+02
|    ( QUESTION2 1 -8.458e+04 4.534e+02 4.143e+02
|        ( - -1.844e+04 1 0)
|        ( QUESTION2_8_L -1 -6.568e+04 3.935e+02 3.192e+02
|            ( - -1.482e+04 2 0 QUESTION0_0_R 1 1.508e+02 7.400e+01)
|            ( QUESTION0 1 -5.047e+04 3.234e+02 2.452e+02
|                ( - -1.072e+04 2 0 QUESTION0_14_R 1 1.640e+02 5.123e+01)
|                ( QUESTION1 -1 -3.943e+04 2.931e+02 1.940e+02
|                    ( - -2.195e+04 3 0 QUESTION0_0_R 1 1.928e+02 1.063e+02)
|                    ( QUESTION0_0_R 1 -1.719e+04 5.031e+02 8.769e+01
|                        ( - -1.685e+04 2 0)
|                        ( - 1.653e+02 1 0))))))
|    ( QUESTION2 1 -5.597e+04 2.356e+02 2.625e+02
|        ( - -6.542e+03 1 0)
|        ( - -4.920e+04 9 0 QUESTION2_8_L -1 1.783e+02 2.315e+02)))
s>    ( QUESTION0 -1 -1.414e+05 8.641e+02 6.768e+02
s>        ( QUESTION2 1 -8.458e+04 4.534e+02 4.143e+02
s>            ( - -1.844e+04 1 0)
s>            ( QUESTION2_8_L -1 -6.568e+04 3.935e+02 3.192e+02
s>                ( - -1.482e+04 2 0 QUESTION0_0_R 1 1.508e+02 7.400e+01)
s>                ( QUESTION0 1 -5.047e+04 3.234e+02 2.452e+02
s>                    ( - -1.072e+04 2 0 QUESTION0_14_R 1 1.640e+02 5.123e+01)
s>                    ( QUESTION1 -1 -3.943e+04 2.931e+02 1.940e+02
s>                        ( - -2.195e+04 3 0 QUESTION0_0_R 1 1.928e+02 1.063e+02)
s>                        ( QUESTION0_0_R 1 -1.719e+04 5.031e+02 8.769e+01
s>                            ( - -1.685e+04 2 0)
s>                            ( - 1.653e+02 1 0))))))
s>        ( QUESTION2 1 -5.597e+04 2.356e+02 2.625e+02
s>            ( - -6.542e+03 1 0)
s>            ( - -4.920e+04 9 0 QUESTION2_8_L -1 1.783e+02 2.315e+02)))INFO: dtree.c(1478): Final simple tree
|( QUESTION8 -1 -1.399e+05 6.296e+02 6.294e+02
|    ( WDBNDRY_B 0 -3.863e+04 4.661e+02 1.732e+02
|        ( - -9.192e+03 4 0 QUESTION0_14_R 1 1.546e+02 4.001e+01)
|        ( QUESTION0_14_R 1 -2.897e+04 3.520e+02 1.332e+02
|            ( - -1.842e+04 1 0)
|            ( - -1.021e+04 2 0 QUESTION0_17_R 1 1.756e+02 4.562e+01)))
|    ( WDBNDRY_B 0 -1.006e+05 5.756e+02 4.563e+02
|        ( QUESTION0_0_R 1 -9.699e+04 3.713e+02 4.413e+02
|            ( QUESTION0 -1 -3.294e+04 2.615e+02 1.481e+02
|                ( - -1.070e+04 4 0 QUESTION2 -1 1.476e+02 4.857e+01)
|                ( - -2.197e+04 6 0))
|            ( QUESTION0_14_R 1 -6.368e+04 1.813e+02 2.932e+02
|                ( - -1.107e+04 4 0 QUESTION3 -1 1.457e+02 5.227e+01)
|                ( - -5.243e+04 4 0 QUESTION0 -1 1.757e+02 2.409e+02)))
|        ( - -3.071e+03 1 0)))
s>    ( QUESTION8 -1 -1.399e+05 6.296e+02 6.294e+02
s>        ( WDBNDRY_B 0 -3.863e+04 4.661e+02 1.732e+02
s>            ( - -9.192e+03 4 0 QUESTION0_14_R 1 1.546e+02 4.001e+01)
s>            ( QUESTION0_14_R 1 -2.897e+04 3.520e+02 1.332e+02
s>                ( - -1.842e+04 1 0)
s>                ( - -1.021e+04 2 0 QUESTION0_17_R 1 1.756e+02 4.562e+01)))
s>        ( WDBNDRY_B 0 -1.006e+05 5.756e+02 4.563e+02
s>            ( QUESTION0_0_R 1 -9.699e+04 3.713e+02 4.413e+02
s>                ( QUESTION0 -1 -3.294e+04 2.615e+02 1.481e+02
s>                    ( - -1.070e+04 4 0 QUESTION2 -1 1.476e+02 4.857e+01)
s>                    ( - -2.197e+04 6 0))
s>                ( QUESTION0_14_R 1 -6.368e+04 1.813e+02 2.932e+02
s>                    ( - -1.107e+04 4 0 QUESTION3 -1 1.457e+02 5.227e+01)
s>                    ( - -5.243e+04 4 0 QUESTION0 -1 1.757e+02 2.409e+02)))
s>            ( - -3.071e+03 1 0)))INFO: dtree.c(1315): Comp split 6
INFO: dtree.c(1478): Final simple tree
|( QUESTION0 -1 -2.131e+05 5.604e+02 9.848e+02
|    ( QUESTION0_0_R 1 -1.136e+05 3.876e+02 5.261e+02
|        ( - -1.777e+04 2 0)
|        ( QUESTION1 1 -9.541e+04 2.410e+02 4.415e+02
|            ( QUESTION0_14_R 1 -7.398e+04 2.092e+02 3.456e+02
|                ( - -5.051e+04 1 0)
|                ( - -2.326e+04 1 0))
|            ( - -2.119e+04 2 0 QUESTION0_14_R 1 1.357e+02 9.597e+01)))
|    ( QUESTION0_15_R 1 -9.894e+04 3.081e+02 4.586e+02
|        ( QUESTION0_17_R 1 -4.806e+04 2.345e+02 2.248e+02
|            ( - -6.773e+03 1 0)
|            ( - -4.105e+04 1 0))
|        ( QUESTION0_0_R 1 -5.057e+04 1.621e+02 2.338e+02
|            ( - -1.570e+04 2 0)
|            ( - -3.470e+04 1 0))))
s>    ( QUESTION0 -1 -2.131e+05 5.604e+02 9.848e+02
s>        ( QUESTION0_0_R 1 -1.136e+05 3.876e+02 5.261e+02
s>            ( - -1.777e+04 2 0)
s>            ( QUESTION1 1 -9.541e+04 2.410e+02 4.415e+02
s>                ( QUESTION0_14_R 1 -7.398e+04 2.092e+02 3.456e+02
s>                    ( - -5.051e+04 1 0)
s>                    ( - -2.326e+04 1 0))
s>                ( - -2.119e+04 2 0 QUESTION0_14_R 1 1.357e+02 9.597e+01)))
s>        ( QUESTION0_15_R 1 -9.894e+04 3.081e+02 4.586e+02
s>            ( QUESTION0_17_R 1 -4.806e+04 2.345e+02 2.248e+02
s>                ( - -6.773e+03 1 0)
s>                ( - -4.105e+04 1 0))
s>            ( QUESTION0_0_R 1 -5.057e+04 1.621e+02 2.338e+02
s>                ( - -1.570e+04 2 0)
s>                ( - -3.470e+04 1 0))))INFO: dtree.c(1315): Comp split 7
INFO: dtree.c(1478): Final simple tree
|( QUESTION0 -1 -6.729e+04 2.959e+02 3.147e+02
|    ( QUESTION0 1 -1.102e+04 4.638e+02 5.223e+01
|        ( - -1.072e+04 2 0 QUESTION0_14_R 1 1.640e+02 5.123e+01)
|        ( - 1.653e+02 1 0))
|    ( QUESTION2 1 -5.597e+04 2.356e+02 2.625e+02
|        ( - -6.542e+03 1 0)
|        ( QUESTION2_8_L -1 -4.920e+04 1.783e+02 2.315e+02
|            ( QUESTION0_15_R 1 -1.058e+04 1.657e+02 5.000e+01
|                ( - -2.377e+03 1 0)
|                ( - -8.040e+03 3 0 QUESTION0_0_R 1 1.349e+02 3.800e+01))
|            ( QUESTION0_0_R 1 -3.843e+04 2.084e+02 1.815e+02
|                ( - -2.258e+04 2 0)
|                ( QUESTION0_17_R 1 -1.564e+04 2.456e+02 7.179e+01
|                    ( - -7.329e+03 1 0)
|                    ( - -8.068e+03 2 0 QUESTION0_14_R 1 1.511e+02 3.598e+01))))))
s>    ( QUESTION0 -1 -6.729e+04 2.959e+02 3.147e+02
s>        ( QUESTION0 1 -1.102e+04 4.638e+02 5.223e+01
s>            ( - -1.072e+04 2 0 QUESTION0_14_R 1 1.640e+02 5.123e+01)
s>            ( - 1.653e+02 1 0))
s>        ( QUESTION2 1 -5.597e+04 2.356e+02 2.625e+02
s>            ( - -6.542e+03 1 0)
s>            ( QUESTION2_8_L -1 -4.920e+04 1.783e+02 2.315e+02
s>                ( QUESTION0_15_R 1 -1.058e+04 1.657e+02 5.000e+01
s>                    ( - -2.377e+03 1 0)
s>                    ( - -8.040e+03 3 0 QUESTION0_0_R 1 1.349e+02 3.800e+01))
s>                ( QUESTION0_0_R 1 -3.843e+04 2.084e+02 1.815e+02
s>                    ( - -2.258e+04 2 0)
s>                    ( QUESTION0_17_R 1 -1.564e+04 2.456e+02 7.179e+01
s>                        ( - -7.329e+03 1 0)
s>                        ( - -8.068e+03 2 0 QUESTION0_14_R 1 1.511e+02 3.598e+01))))))INFO: dtree.c(1439): stop. leaf nodes are specific
INFO: dtree.c(1478): Final simple tree
|( QUESTION13 -1 -7.314e+04 5.074e+02 3.621e+02
|    ( QUESTION0_0_R 1 -3.549e+04 2.020e+02 1.818e+02
|        ( - -1.685e+04 2 0)
|        ( - -1.844e+04 1 0))
|    ( QUESTION1 -1 -3.714e+04 3.747e+02 1.803e+02
|        ( QUESTION0_0_R 1 -2.195e+04 1.928e+02 1.063e+02
|            ( - -6.046e+03 2 0)
|            ( - -1.571e+04 1 0))
|        ( QUESTION0_0_R 1 -1.482e+04 1.508e+02 7.400e+01
|            ( - -1.101e+04 1 0)
|            ( - -3.652e+03 1 0))))
s>    ( QUESTION13 -1 -7.314e+04 5.074e+02 3.621e+02
s>        ( QUESTION0_0_R 1 -3.549e+04 2.020e+02 1.818e+02
s>            ( - -1.685e+04 2 0)
s>            ( - -1.844e+04 1 0))
s>        ( QUESTION1 -1 -3.714e+04 3.747e+02 1.803e+02
s>            ( QUESTION0_0_R 1 -2.195e+04 1.928e+02 1.063e+02
s>                ( - -6.046e+03 2 0)
s>                ( - -1.571e+04 1 0))
s>            ( QUESTION0_0_R 1 -1.482e+04 1.508e+02 7.400e+01
s>                ( - -1.101e+04 1 0)
s>                ( - -3.652e+03 1 0))))INFO: dtree.c(1315): Comp split 8
INFO: dtree.c(1439): stop. leaf nodes are specific
INFO: dtree.c(1478): Final simple tree
|( QUESTION1 1 -2.795e+05 2.563e+02 1.337e+03
|    ( QUESTION0_14_R 1 -2.662e+05 1.845e+02 1.272e+03
|        ( - -2.655e+05 1 0)
|        ( - -4.813e+02 1 0))
|    ( - -1.310e+04 1 0))
s>    ( QUESTION1 1 -2.795e+05 2.563e+02 1.337e+03
s>        ( QUESTION0_14_R 1 -2.662e+05 1.845e+02 1.272e+03
s>            ( - -2.655e+05 1 0)
s>            ( - -4.813e+02 1 0))
s>        ( - -1.310e+04 1 0))INFO: dtree.c(1439): stop. leaf nodes are specific
INFO: dtree.c(1478): Final simple tree
|( QUESTION0_0_R 1 -2.396e+05 2.705e+02 1.128e+03
|    ( - -1.247e+05 2 0)
|    ( QUESTION0_17_R 1 -1.146e+05 2.664e+02 5.383e+02
|        ( - -7.227e+04 1 0)
|        ( - -4.211e+04 1 0)))
s>    ( QUESTION0_0_R 1 -2.396e+05 2.705e+02 1.128e+03
s>        ( - -1.247e+05 2 0)
s>        ( QUESTION0_17_R 1 -1.146e+05 2.664e+02 5.383e+02
s>            ( - -7.227e+04 1 0)
s>            ( - -4.211e+04 1 0)))INFO: dtree.c(1315): Comp split 9
INFO: dtree.c(1439): stop. leaf nodes are specific
INFO: dtree.c(1478): Final simple tree
|( QUESTION8 -1 -3.615e+04 5.458e+02 1.601e+02
|    ( QUESTION0_17_R 1 -1.021e+04 1.756e+02 4.562e+01
|        ( - -1.417e+03 1 0)
|        ( - -8.614e+03 1 0))
|    ( WDBNDRY_B 0 -2.540e+04 3.557e+02 1.145e+02
|        ( - -2.197e+04 6 0)
|        ( - -3.071e+03 1 0)))
s>    ( QUESTION8 -1 -3.615e+04 5.458e+02 1.601e+02
s>        ( QUESTION0_17_R 1 -1.021e+04 1.756e+02 4.562e+01
s>            ( - -1.417e+03 1 0)
s>            ( - -8.614e+03 1 0))
s>        ( WDBNDRY_B 0 -2.540e+04 3.557e+02 1.145e+02
s>            ( - -2.197e+04 6 0)
s>            ( - -3.071e+03 1 0)))INFO: dtree.c(1478): Final simple tree
|( QUESTION15 -1 -1.030e+05 5.177e+02 4.693e+02
|    ( QUESTION0_14_R 1 -9.192e+03 1.546e+02 4.001e+01
|        ( - -3.015e+03 2 0 QUESTION1 1 1.242e+02 1.300e+01)
|        ( - -6.022e+03 2 0 QUESTION0_0_R 1 8.787e+01 2.701e+01))
|    ( QUESTION0_14_R 1 -9.329e+04 3.604e+02 4.293e+02
|        ( WDBNDRY_B 0 -2.965e+04 1.646e+02 1.398e+02
|            ( - -1.107e+04 4 0 QUESTION3 -1 1.457e+02 5.227e+01)
|            ( - -1.842e+04 1 0))
|        ( QUESTION0 -1 -6.328e+04 1.763e+02 2.895e+02
|            ( QUESTION0_0_R 1 -1.184e+04 1.482e+02 5.258e+01
|                ( QUESTION2 -1 -1.070e+04 1.476e+02 4.857e+01
|                    ( - -5.417e+03 2 0)
|                    ( - -5.138e+03 2 0))
|                ( - -9.877e+02 1 0))
|            ( - -5.127e+04 3 0))))
s>    ( QUESTION15 -1 -1.030e+05 5.177e+02 4.693e+02
s>        ( QUESTION0_14_R 1 -9.192e+03 1.546e+02 4.001e+01
s>            ( - -3.015e+03 2 0 QUESTION1 1 1.242e+02 1.300e+01)
s>            ( - -6.022e+03 2 0 QUESTION0_0_R 1 8.787e+01 2.701e+01))
s>        ( QUESTION0_14_R 1 -9.329e+04 3.604e+02 4.293e+02
s>            ( WDBNDRY_B 0 -2.965e+04 1.646e+02 1.398e+02
s>                ( - -1.107e+04 4 0 QUESTION3 -1 1.457e+02 5.227e+01)
s>                ( - -1.842e+04 1 0))
s>            ( QUESTION0 -1 -6.328e+04 1.763e+02 2.895e+02
s>                ( QUESTION0_0_R 1 -1.184e+04 1.482e+02 5.258e+01
s>                    ( QUESTION2 -1 -1.070e+04 1.476e+02 4.857e+01
s>                        ( - -5.417e+03 2 0)
s>                        ( - -5.138e+03 2 0))
s>                    ( - -9.877e+02 1 0))
s>                ( - -5.127e+04 3 0))))INFO: dtree.c(1315): Comp split 10
INFO: dtree.c(1439): stop. leaf nodes are specific
INFO: dtree.c(1478): Final simple tree
|( QUESTION0_15_R 1 -9.894e+04 3.081e+02 4.586e+02
|    ( QUESTION0_17_R 1 -4.806e+04 2.345e+02 2.248e+02
|        ( - -6.773e+03 1 0)
|        ( - -4.105e+04 1 0))
|    ( QUESTION0_0_R 1 -5.057e+04 1.621e+02 2.338e+02
|        ( - -1.570e+04 2 0)
|        ( - -3.470e+04 1 0)))
s>    ( QUESTION0_15_R 1 -9.894e+04 3.081e+02 4.586e+02
s>        ( QUESTION0_17_R 1 -4.806e+04 2.345e+02 2.248e+02
s>            ( - -6.773e+03 1 0)
s>            ( - -4.105e+04 1 0))
s>        ( QUESTION0_0_R 1 -5.057e+04 1.621e+02 2.338e+02
s>            ( - -1.570e+04 2 0)
s>            ( - -3.470e+04 1 0)))INFO: dtree.c(1439): stop. leaf nodes are specific
INFO: dtree.c(1478): Final simple tree
|( QUESTION0_0_R 1 -1.136e+05 3.876e+02 5.261e+02
|    ( - -1.777e+04 2 0)
|    ( QUESTION1 1 -9.541e+04 2.410e+02 4.415e+02
|        ( QUESTION0_14_R 1 -7.398e+04 2.092e+02 3.456e+02
|            ( - -5.051e+04 1 0)
|            ( - -2.326e+04 1 0))
|        ( QUESTION0_14_R 1 -2.119e+04 1.357e+02 9.597e+01
|            ( - -3.930e+02 1 0)
|            ( - -2.066e+04 1 0))))
s>    ( QUESTION0_0_R 1 -1.136e+05 3.876e+02 5.261e+02
s>        ( - -1.777e+04 2 0)
s>        ( QUESTION1 1 -9.541e+04 2.410e+02 4.415e+02
s>            ( QUESTION0_14_R 1 -7.398e+04 2.092e+02 3.456e+02
s>                ( - -5.051e+04 1 0)
s>                ( - -2.326e+04 1 0))
s>            ( QUESTION0_14_R 1 -2.119e+04 1.357e+02 9.597e+01
s>                ( - -3.930e+02 1 0)
s>                ( - -2.066e+04 1 0))))INFO: dtree.c(1315): Comp split 11
INFO: dtree.c(1439): stop. leaf nodes are specific
INFO: dtree.c(1478): Final simple tree
|( WDBNDRY_B 0 -2.540e+04 3.557e+02 1.145e+02
|    ( - -2.197e+04 6 0)
|    ( - -3.071e+03 1 0))
s>    ( WDBNDRY_B 0 -2.540e+04 3.557e+02 1.145e+02
s>        ( - -2.197e+04 6 0)
s>        ( - -3.071e+03 1 0))INFO: dtree.c(1439): stop. leaf nodes are specific
INFO: dtree.c(1478): Final simple tree
|( QUESTION0_17_R 1 -1.021e+04 1.756e+02 4.562e+01
|    ( - -1.417e+03 1 0)
|    ( - -8.614e+03 1 0))
s>    ( QUESTION0_17_R 1 -1.021e+04 1.756e+02 4.562e+01
s>        ( - -1.417e+03 1 0)
s>        ( - -8.614e+03 1 0))INFO: dtree.c(1315): Comp split 12
INFO: dtree.c(1439): stop. leaf nodes are specific
INFO: dtree.c(1478): Final simple tree
|( QUESTION0_14_R 1 -1.034e+04 1.648e+02 4.401e+01
|    ( QUESTION1 1 -3.015e+03 1.242e+02 1.300e+01
|        ( - -2.060e+03 1 0)
|        ( - -8.313e+02 1 0))
|    ( QUESTION1 -1 -7.161e+03 1.520e+02 3.101e+01
|        ( - -9.877e+02 1 0)
|        ( QUESTION0_0_R 1 -6.022e+03 8.787e+01 2.701e+01
|            ( - -3.123e+03 1 0)
|            ( - -2.810e+03 1 0))))
s>    ( QUESTION0_14_R 1 -1.034e+04 1.648e+02 4.401e+01
s>        ( QUESTION1 1 -3.015e+03 1.242e+02 1.300e+01
s>            ( - -2.060e+03 1 0)
s>            ( - -8.313e+02 1 0))
s>        ( QUESTION1 -1 -7.161e+03 1.520e+02 3.101e+01
s>            ( - -9.877e+02 1 0)
s>            ( QUESTION0_0_R 1 -6.022e+03 8.787e+01 2.701e+01
s>                ( - -3.123e+03 1 0)
s>                ( - -2.810e+03 1 0))))INFO: dtree.c(1439): stop. leaf nodes are specific
INFO: dtree.c(1478): Final simple tree
|( QUESTION0_14_R 1 -9.213e+04 3.606e+02 4.253e+02
|    ( WDBNDRY_B 0 -2.965e+04 1.646e+02 1.398e+02
|        ( QUESTION3 -1 -1.107e+04 1.457e+02 5.227e+01
|            ( - -1.914e+03 1 0)
|            ( QUESTION0 -1 -9.008e+03 1.231e+02 4.227e+01
|                ( - -6.344e+03 1 0)
|                ( - -2.541e+03 2 0)))
|        ( - -1.842e+04 1 0))
|    ( QUESTION3 -1 -6.212e+04 1.613e+02 2.855e+02
|        ( - -5.138e+03 2 0)
|        ( QUESTION0_0_R 1 -5.682e+04 1.395e+02 2.612e+02
|            ( - -5.417e+03 2 0)
|            ( - -5.127e+04 3 0))))
s>    ( QUESTION0_14_R 1 -9.213e+04 3.606e+02 4.253e+02
s>        ( WDBNDRY_B 0 -2.965e+04 1.646e+02 1.398e+02
s>            ( QUESTION3 -1 -1.107e+04 1.457e+02 5.227e+01
s>                ( - -1.914e+03 1 0)
s>                ( QUESTION0 -1 -9.008e+03 1.231e+02 4.227e+01
s>                    ( - -6.344e+03 1 0)
s>                    ( - -2.541e+03 2 0)))
s>            ( - -1.842e+04 1 0))
s>        ( QUESTION3 -1 -6.212e+04 1.613e+02 2.855e+02
s>            ( - -5.138e+03 2 0)
s>            ( QUESTION0_0_R 1 -5.682e+04 1.395e+02 2.612e+02
s>                ( - -5.417e+03 2 0)
s>                ( - -5.127e+04 3 0))))INFO: dtree.c(1315): Comp split 13
INFO: dtree.c(1439): stop. leaf nodes are specific
INFO: dtree.c(1478): Final simple tree
|( QUESTION1 -1 -3.714e+04 3.747e+02 1.803e+02
|    ( QUESTION0_0_R 1 -2.195e+04 1.928e+02 1.063e+02
|        ( - -6.046e+03 2 0)
|        ( - -1.571e+04 1 0))
|    ( QUESTION0_0_R 1 -1.482e+04 1.508e+02 7.400e+01
|        ( - -1.101e+04 1 0)
|        ( - -3.652e+03 1 0)))
s>    ( QUESTION1 -1 -3.714e+04 3.747e+02 1.803e+02
s>        ( QUESTION0_0_R 1 -2.195e+04 1.928e+02 1.063e+02
s>            ( - -6.046e+03 2 0)
s>            ( - -1.571e+04 1 0))
s>        ( QUESTION0_0_R 1 -1.482e+04 1.508e+02 7.400e+01
s>            ( - -1.101e+04 1 0)
s>            ( - -3.652e+03 1 0)))INFO: dtree.c(1439): stop. leaf nodes are specific
INFO: dtree.c(1478): Final simple tree
|( QUESTION0_0_R 1 -3.549e+04 2.020e+02 1.818e+02
|    ( - -1.685e+04 2 0)
|    ( - -1.844e+04 1 0))
s>    ( QUESTION0_0_R 1 -3.549e+04 2.020e+02 1.818e+02
s>        ( - -1.685e+04 2 0)
s>        ( - -1.844e+04 1 0))INFO: dtree.c(1315): Comp split 14
INFO: dtree.c(1439): stop. leaf nodes are specific
INFO: dtree.c(1478): Final simple tree
|( QUESTION2_7_L -1 -8.957e+04 2.757e+02 4.020e+02
|    ( QUESTION9 1 -8.783e+04 1.736e+02 3.950e+02
|        ( - -2.122e+03 1 0)
|        ( QUESTION0_0_R 1 -8.553e+04 1.287e+02 3.851e+02
|            ( - -5.570e+02 1 0)
|            ( QUESTION17 1 -8.484e+04 1.296e+02 3.821e+02
|                ( - -8.436e+04 1 0)
|                ( - -3.501e+02 1 0))))
|    ( - -1.465e+03 1 0))
s>    ( QUESTION2_7_L -1 -8.957e+04 2.757e+02 4.020e+02
s>        ( QUESTION9 1 -8.783e+04 1.736e+02 3.950e+02
s>            ( - -2.122e+03 1 0)
s>            ( QUESTION0_0_R 1 -8.553e+04 1.287e+02 3.851e+02
s>                ( - -5.570e+02 1 0)
s>                ( QUESTION17 1 -8.484e+04 1.296e+02 3.821e+02
s>                    ( - -8.436e+04 1 0)
s>                    ( - -3.501e+02 1 0))))
s>        ( - -1.465e+03 1 0))INFO: dtree.c(1315): Comp split 15
INFO: dtree.c(1478): Final simple tree
|( QUESTION0 -1 -6.700e+04 3.035e+02 3.137e+02
|    ( QUESTION0_14_R 1 -1.072e+04 1.640e+02 5.123e+01
|        ( - -2.410e+03 1 0)
|        ( - -8.148e+03 1 0))
|    ( QUESTION2 1 -5.597e+04 2.356e+02 2.625e+02
|        ( - -6.542e+03 1 0)
|        ( QUESTION2_8_L -1 -4.920e+04 1.783e+02 2.315e+02
|            ( QUESTION0_15_R 1 -1.058e+04 1.657e+02 5.000e+01
|                ( - -2.377e+03 1 0)
|                ( - -8.040e+03 3 0 QUESTION0_0_R 1 1.349e+02 3.800e+01))
|            ( QUESTION0_0_R 1 -3.843e+04 2.084e+02 1.815e+02
|                ( - -2.258e+04 2 0)
|                ( QUESTION0_17_R 1 -1.564e+04 2.456e+02 7.179e+01
|                    ( - -7.329e+03 1 0)
|                    ( - -8.068e+03 2 0 QUESTION0_14_R 1 1.511e+02 3.598e+01))))))
s>    ( QUESTION0 -1 -6.700e+04 3.035e+02 3.137e+02
s>        ( QUESTION0_14_R 1 -1.072e+04 1.640e+02 5.123e+01
s>            ( - -2.410e+03 1 0)
s>            ( - -8.148e+03 1 0))
s>        ( QUESTION2 1 -5.597e+04 2.356e+02 2.625e+02
s>            ( - -6.542e+03 1 0)
s>            ( QUESTION2_8_L -1 -4.920e+04 1.783e+02 2.315e+02
s>                ( QUESTION0_15_R 1 -1.058e+04 1.657e+02 5.000e+01
s>                    ( - -2.377e+03 1 0)
s>                    ( - -8.040e+03 3 0 QUESTION0_0_R 1 1.349e+02 3.800e+01))
s>                ( QUESTION0_0_R 1 -3.843e+04 2.084e+02 1.815e+02
s>                    ( - -2.258e+04 2 0)
s>                    ( QUESTION0_17_R 1 -1.564e+04 2.456e+02 7.179e+01
s>                        ( - -7.329e+03 1 0)
s>                        ( - -8.068e+03 2 0 QUESTION0_14_R 1 1.511e+02 3.598e+01))))))INFO: dtree.c(1315): Comp split 16
INFO: dtree.c(1439): stop. leaf nodes are specific
INFO: dtree.c(1478): Final simple tree
|( QUESTION0 -1 -7.564e+04 2.684e+02 3.425e+02
|    ( QUESTION0_14_R 1 -1.320e+04 1.855e+02 6.100e+01
|        ( QUESTION2 -1 -1.275e+04 1.405e+02 5.900e+01
|            ( - -1.011e+04 1 0)
|            ( - -2.504e+03 1 0))
|        ( - -2.671e+02 1 0))
|    ( QUESTION0_17_R 1 -6.217e+04 1.691e+02 2.815e+02
|        ( - -1.627e+04 2 0)
|        ( - -4.574e+04 2 0)))
s>    ( QUESTION0 -1 -7.564e+04 2.684e+02 3.425e+02
s>        ( QUESTION0_14_R 1 -1.320e+04 1.855e+02 6.100e+01
s>            ( QUESTION2 -1 -1.275e+04 1.405e+02 5.900e+01
s>                ( - -1.011e+04 1 0)
s>                ( - -2.504e+03 1 0))
s>            ( - -2.671e+02 1 0))
s>        ( QUESTION0_17_R 1 -6.217e+04 1.691e+02 2.815e+02
s>            ( - -1.627e+04 2 0)
s>            ( - -4.574e+04 2 0)))INFO: dtree.c(1439): stop. leaf nodes are specific
INFO: dtree.c(1478): Final simple tree
|( QUESTION0 -1 -1.464e+05 3.015e+02 6.507e+02
|    ( QUESTION0_14_R 1 -9.303e+03 2.385e+02 4.250e+01
|        ( - -5.823e+03 1 0)
|        ( - -3.241e+03 1 0))
|    ( QUESTION0_0_R 1 -1.368e+05 2.490e+02 6.082e+02
|        ( - -1.004e+05 4 0)
|        ( QUESTION1 1 -3.619e+04 1.206e+02 1.556e+02
|            ( - -2.623e+04 2 0)
|            ( - -9.832e+03 2 0))))
s>    ( QUESTION0 -1 -1.464e+05 3.015e+02 6.507e+02
s>        ( QUESTION0_14_R 1 -9.303e+03 2.385e+02 4.250e+01
s>            ( - -5.823e+03 1 0)
s>            ( - -3.241e+03 1 0))
s>        ( QUESTION0_0_R 1 -1.368e+05 2.490e+02 6.082e+02
s>            ( - -1.004e+05 4 0)
s>            ( QUESTION1 1 -3.619e+04 1.206e+02 1.556e+02
s>                ( - -2.623e+04 2 0)
s>                ( - -9.832e+03 2 0))))INFO: dtree.c(1315): Comp split 17
INFO: dtree.c(1439): stop. leaf nodes are specific
INFO: dtree.c(1478): Final simple tree
|( QUESTION0_0_R 1 -3.260e+04 1.676e+02 1.575e+02
|    ( - -2.258e+04 2 0)
|    ( QUESTION2_8_L -1 -9.852e+03 1.456e+02 4.782e+01
|        ( - -2.377e+03 1 0)
|        ( - -7.329e+03 1 0)))
s>    ( QUESTION0_0_R 1 -3.260e+04 1.676e+02 1.575e+02
s>        ( - -2.258e+04 2 0)
s>        ( QUESTION2_8_L -1 -9.852e+03 1.456e+02 4.782e+01
s>            ( - -2.377e+03 1 0)
s>            ( - -7.329e+03 1 0)))INFO: dtree.c(1439): stop. leaf nodes are specific
INFO: dtree.c(1478): Final simple tree
|( QUESTION0_17_R 1 -3.399e+04 3.052e+02 1.562e+02
|    ( - -8.148e+03 1 0)
|    ( QUESTION1 1 -2.554e+04 1.873e+02 1.170e+02
|        ( - -6.542e+03 1 0)
|        ( QUESTION0_15_R 1 -1.881e+04 1.726e+02 8.598e+01
|            ( - -1.336e+03 1 0)
|            ( QUESTION2_8_L -1 -1.730e+04 1.332e+02 8.098e+01
|                ( QUESTION0_0_R 1 -8.040e+03 1.349e+02 3.800e+01
|                    ( - -2.867e+03 2 0)
|                    ( - -5.038e+03 1 0))
|                ( QUESTION0 -1 -9.127e+03 1.357e+02 4.297e+01
|                    ( - -2.410e+03 1 0)
|                    ( - -6.582e+03 1 0))))))
s>    ( QUESTION0_17_R 1 -3.399e+04 3.052e+02 1.562e+02
s>        ( - -8.148e+03 1 0)
s>        ( QUESTION1 1 -2.554e+04 1.873e+02 1.170e+02
s>            ( - -6.542e+03 1 0)
s>            ( QUESTION0_15_R 1 -1.881e+04 1.726e+02 8.598e+01
s>                ( - -1.336e+03 1 0)
s>                ( QUESTION2_8_L -1 -1.730e+04 1.332e+02 8.098e+01
s>                    ( QUESTION0_0_R 1 -8.040e+03 1.349e+02 3.800e+01
s>                        ( - -2.867e+03 2 0)
s>                        ( - -5.038e+03 1 0))
s>                    ( QUESTION0 -1 -9.127e+03 1.357e+02 4.297e+01
s>                        ( - -2.410e+03 1 0)
s>                        ( - -6.582e+03 1 0))))))INFO: dtree.c(1315): Comp split 18
INFO: dtree.c(1439): stop. leaf nodes are specific
INFO: dtree.c(1478): Final simple tree
|( QUESTION0_16_R 1 -5.654e+04 2.526e+02 2.447e+02
|    ( - -1.594e+04 3 0)
|    ( WDBNDRY_B 0 -4.034e+04 1.752e+02 1.730e+02
|        ( - -3.964e+04 3 0)
|        ( - -5.286e+02 1 0)))
s>    ( QUESTION0_16_R 1 -5.654e+04 2.526e+02 2.447e+02
s>        ( - -1.594e+04 3 0)
s>        ( WDBNDRY_B 0 -4.034e+04 1.752e+02 1.730e+02
s>            ( - -3.964e+04 3 0)
s>            ( - -5.286e+02 1 0)))INFO: dtree.c(1439): stop. leaf nodes are specific
INFO: dtree.c(1478): Final simple tree
|( QUESTION0_14_R 1 -1.968e+04 1.166e+02 8.817e+01
|    ( - -1.923e+04 1 0)
|    ( - -3.364e+02 1 0))
s>    ( QUESTION0_14_R 1 -1.968e+04 1.166e+02 8.817e+01
s>        ( - -1.923e+04 1 0)
s>        ( - -3.364e+02 1 0))INFO: dtree.c(1315): Comp split 19
INFO: dtree.c(1439): stop. leaf nodes are specific
INFO: dtree.c(1478): Final simple tree
|( QUESTION1 1 -9.541e+04 2.410e+02 4.415e+02
|    ( QUESTION0_14_R 1 -7.398e+04 2.092e+02 3.456e+02
|        ( - -5.051e+04 1 0)
|        ( - -2.326e+04 1 0))
|    ( QUESTION0_14_R 1 -2.119e+04 1.357e+02 9.597e+01
|        ( - -3.930e+02 1 0)
|        ( - -2.066e+04 1 0)))
s>    ( QUESTION1 1 -9.541e+04 2.410e+02 4.415e+02
s>        ( QUESTION0_14_R 1 -7.398e+04 2.092e+02 3.456e+02
s>            ( - -5.051e+04 1 0)
s>            ( - -2.326e+04 1 0))
s>        ( QUESTION0_14_R 1 -2.119e+04 1.357e+02 9.597e+01
s>            ( - -3.930e+02 1 0)
s>            ( - -2.066e+04 1 0)))INFO: dtree.c(1315): Comp split 20
INFO: dtree.c(1439): stop. leaf nodes are specific
INFO: dtree.c(1478): Final simple tree
|( QUESTION0_0_R 1 -1.482e+04 1.508e+02 7.400e+01
|    ( - -1.101e+04 1 0)
|    ( - -3.652e+03 1 0))
s>    ( QUESTION0_0_R 1 -1.482e+04 1.508e+02 7.400e+01
s>        ( - -1.101e+04 1 0)
s>        ( - -3.652e+03 1 0))INFO: dtree.c(1439): stop. leaf nodes are specific
INFO: dtree.c(1478): Final simple tree
|( QUESTION0_0_R 1 -2.195e+04 1.928e+02 1.063e+02
|    ( - -6.046e+03 2 0)
|    ( - -1.571e+04 1 0))
s>    ( QUESTION0_0_R 1 -2.195e+04 1.928e+02 1.063e+02
s>        ( - -6.046e+03 2 0)
s>        ( - -1.571e+04 1 0))INFO: dtree.c(1315): Comp split 21
INFO: dtree.c(1439): stop. leaf nodes are specific
INFO: dtree.c(1478): Final simple tree
|( QUESTION0_15_R 1 -6.482e+04 1.682e+02 2.975e+02
|    ( - -5.127e+04 3 0)
|    ( QUESTION2 -1 -1.338e+04 1.523e+02 6.057e+01
|        ( - -5.417e+03 2 0)
|        ( QUESTION0_0_R 1 -7.812e+03 1.334e+02 3.633e+01
|            ( - -5.138e+03 2 0)
|            ( - -2.541e+03 2 0))))
s>    ( QUESTION0_15_R 1 -6.482e+04 1.682e+02 2.975e+02
s>        ( - -5.127e+04 3 0)
s>        ( QUESTION2 -1 -1.338e+04 1.523e+02 6.057e+01
s>            ( - -5.417e+03 2 0)
s>            ( QUESTION0_0_R 1 -7.812e+03 1.334e+02 3.633e+01
s>                ( - -5.138e+03 2 0)
s>                ( - -2.541e+03 2 0))))INFO: dtree.c(1439): stop. leaf nodes are specific
INFO: dtree.c(1478): Final simple tree
|( WDBNDRY_B 0 -2.695e+04 1.436e+02 1.278e+02
|    ( QUESTION2 -1 -8.394e+03 1.352e+02 4.027e+01
|        ( - -6.344e+03 1 0)
|        ( - -1.914e+03 1 0))
|    ( - -1.842e+04 1 0))
s>    ( WDBNDRY_B 0 -2.695e+04 1.436e+02 1.278e+02
s>        ( QUESTION2 -1 -8.394e+03 1.352e+02 4.027e+01
s>            ( - -6.344e+03 1 0)
s>            ( - -1.914e+03 1 0))
s>        ( - -1.842e+04 1 0))INFO: dtree.c(1315): Comp split 22
INFO: dtree.c(1439): stop. leaf nodes are specific
INFO: dtree.c(1478): Final simple tree
|( QUESTION0_14_R 1 -5.752e+04 1.859e+02 2.664e+02
|    ( - -3.470e+04 1 0)
|    ( QUESTION0_0_R 1 -2.263e+04 1.590e+02 1.060e+02
|        ( - -1.570e+04 2 0)
|        ( - -6.773e+03 1 0)))
s>    ( QUESTION0_14_R 1 -5.752e+04 1.859e+02 2.664e+02
s>        ( - -3.470e+04 1 0)
s>        ( QUESTION0_0_R 1 -2.263e+04 1.590e+02 1.060e+02
s>            ( - -1.570e+04 2 0)
s>            ( - -6.773e+03 1 0)))INFO: dtree.c(1315): Comp split 23
INFO: dtree.c(1315): Comp split 24
INFO: dtree.c(1439): stop. leaf nodes are specific
INFO: dtree.c(1478): Final simple tree
|( QUESTION0_0_R 1 -1.972e+05 2.070e+02 9.304e+02
|    ( - -1.247e+05 2 0)
|    ( - -7.227e+04 1 0))
s>    ( QUESTION0_0_R 1 -1.972e+05 2.070e+02 9.304e+02
s>        ( - -1.247e+05 2 0)
s>        ( - -7.227e+04 1 0))INFO: dtree.c(1315): Comp split 25
INFO: dtree.c(1439): stop. leaf nodes are specific
INFO: dtree.c(1478): Final simple tree
|( QUESTION1 1 -2.554e+04 1.873e+02 1.170e+02
|    ( - -6.542e+03 1 0)
|    ( QUESTION0_15_R 1 -1.881e+04 1.726e+02 8.598e+01
|        ( - -1.336e+03 1 0)
|        ( QUESTION2_8_L -1 -1.730e+04 1.332e+02 8.098e+01
|            ( QUESTION0_0_R 1 -8.040e+03 1.349e+02 3.800e+01
|                ( - -2.867e+03 2 0)
|                ( - -5.038e+03 1 0))
|            ( QUESTION0 -1 -9.127e+03 1.357e+02 4.297e+01
|                ( - -2.410e+03 1 0)
|                ( - -6.582e+03 1 0)))))
s>    ( QUESTION1 1 -2.554e+04 1.873e+02 1.170e+02
s>        ( - -6.542e+03 1 0)
s>        ( QUESTION0_15_R 1 -1.881e+04 1.726e+02 8.598e+01
s>            ( - -1.336e+03 1 0)
s>            ( QUESTION2_8_L -1 -1.730e+04 1.332e+02 8.098e+01
s>                ( QUESTION0_0_R 1 -8.040e+03 1.349e+02 3.800e+01
s>                    ( - -2.867e+03 2 0)
s>                    ( - -5.038e+03 1 0))
s>                ( QUESTION0 -1 -9.127e+03 1.357e+02 4.297e+01
s>                    ( - -2.410e+03 1 0)
s>                    ( - -6.582e+03 1 0)))))INFO: dtree.c(1315): Comp split 26
INFO: dtree.c(1439): stop. leaf nodes are specific
INFO: dtree.c(1478): Final simple tree
|( QUESTION0_0_R 1 -1.368e+05 2.490e+02 6.082e+02
|    ( - -1.004e+05 4 0)
|    ( QUESTION1 1 -3.619e+04 1.206e+02 1.556e+02
|        ( - -2.623e+04 2 0)
|        ( - -9.832e+03 2 0)))
s>    ( QUESTION0_0_R 1 -1.368e+05 2.490e+02 6.082e+02
s>        ( - -1.004e+05 4 0)
s>        ( QUESTION1 1 -3.619e+04 1.206e+02 1.556e+02
s>            ( - -2.623e+04 2 0)
s>            ( - -9.832e+03 2 0)))INFO: dtree.c(1439): stop. leaf nodes are specific
INFO: dtree.c(1478): Final simple tree
|( QUESTION0_14_R 1 -9.303e+03 2.385e+02 4.250e+01
|    ( - -5.823e+03 1 0)
|    ( - -3.241e+03 1 0))
s>    ( QUESTION0_14_R 1 -9.303e+03 2.385e+02 4.250e+01
s>        ( - -5.823e+03 1 0)
s>        ( - -3.241e+03 1 0))INFO: dtree.c(1315): Comp split 27
INFO: dtree.c(1439): stop. leaf nodes are specific
INFO: dtree.c(1478): Final simple tree
|( QUESTION9 1 -8.783e+04 1.736e+02 3.950e+02
|    ( - -2.122e+03 1 0)
|    ( QUESTION0_0_R 1 -8.553e+04 1.287e+02 3.851e+02
|        ( - -5.570e+02 1 0)
|        ( QUESTION17 1 -8.484e+04 1.296e+02 3.821e+02
|            ( - -8.436e+04 1 0)
|            ( - -3.501e+02 1 0))))
s>    ( QUESTION9 1 -8.783e+04 1.736e+02 3.950e+02
s>        ( - -2.122e+03 1 0)
s>        ( QUESTION0_0_R 1 -8.553e+04 1.287e+02 3.851e+02
s>            ( - -5.570e+02 1 0)
s>            ( QUESTION17 1 -8.484e+04 1.296e+02 3.821e+02
s>                ( - -8.436e+04 1 0)
s>                ( - -3.501e+02 1 0))))INFO: dtree.c(1315): Comp split 28
INFO: dtree.c(1439): stop. leaf nodes are specific
INFO: dtree.c(1478): Final simple tree
|( QUESTION0_14_R 1 -1.320e+04 1.855e+02 6.100e+01
|    ( QUESTION2 -1 -1.275e+04 1.405e+02 5.900e+01
|        ( - -1.011e+04 1 0)
|        ( - -2.504e+03 1 0))
|    ( - -2.671e+02 1 0))
s>    ( QUESTION0_14_R 1 -1.320e+04 1.855e+02 6.100e+01
s>        ( QUESTION2 -1 -1.275e+04 1.405e+02 5.900e+01
s>            ( - -1.011e+04 1 0)
s>            ( - -2.504e+03 1 0))
s>        ( - -2.671e+02 1 0))INFO: dtree.c(1439): stop. leaf nodes are specific
INFO: dtree.c(1478): Final simple tree
|( QUESTION0_17_R 1 -6.217e+04 1.691e+02 2.815e+02
|    ( - -1.627e+04 2 0)
|    ( - -4.574e+04 2 0))
s>    ( QUESTION0_17_R 1 -6.217e+04 1.691e+02 2.815e+02
s>        ( - -1.627e+04 2 0)
s>        ( - -4.574e+04 2 0))INFO: dtree.c(1315): Comp split 29
INFO: dtree.c(1439): stop. leaf nodes are specific
INFO: dtree.c(1478): Final simple tree
|( QUESTION0_14_R 1 -2.662e+05 1.845e+02 1.272e+03
|    ( - -2.655e+05 1 0)
|    ( - -4.813e+02 1 0))
s>    ( QUESTION0_14_R 1 -2.662e+05 1.845e+02 1.272e+03
s>        ( - -2.655e+05 1 0)
s>        ( - -4.813e+02 1 0))INFO: dtree.c(1315): Comp split 30
INFO: dtree.c(1439): stop. leaf nodes are specific
INFO: dtree.c(1478): Final simple tree
|( WDBNDRY_B 0 -4.034e+04 1.752e+02 1.730e+02
|    ( - -3.964e+04 3 0)
|    ( - -5.286e+02 1 0))
s>    ( WDBNDRY_B 0 -4.034e+04 1.752e+02 1.730e+02
s>        ( - -3.964e+04 3 0)
s>        ( - -5.286e+02 1 0))INFO: dtree.c(1315): Comp split 31
INFO: dtree.c(1439): stop. leaf nodes are specific
INFO: dtree.c(1478): Final simple tree
|( QUESTION1 1 -3.619e+04 1.206e+02 1.556e+02
|    ( - -2.623e+04 2 0)
|    ( - -9.832e+03 2 0))
s>    ( QUESTION1 1 -3.619e+04 1.206e+02 1.556e+02
s>        ( - -2.623e+04 2 0)
s>        ( - -9.832e+03 2 0))INFO: dtree.c(1315): Comp split 32
INFO: dtree.c(1439): stop. leaf nodes are specific
INFO: dtree.c(1478): Final simple tree
|( QUESTION0_14_R 1 -2.119e+04 1.357e+02 9.597e+01
|    ( - -3.930e+02 1 0)
|    ( - -2.066e+04 1 0))
s>    ( QUESTION0_14_R 1 -2.119e+04 1.357e+02 9.597e+01
s>        ( - -3.930e+02 1 0)
s>        ( - -2.066e+04 1 0))INFO: dtree.c(1439): stop. leaf nodes are specific
INFO: dtree.c(1478): Final simple tree
|( QUESTION0_14_R 1 -7.398e+04 2.092e+02 3.456e+02
|    ( - -5.051e+04 1 0)
|    ( - -2.326e+04 1 0))
s>    ( QUESTION0_14_R 1 -7.398e+04 2.092e+02 3.456e+02
s>        ( - -5.051e+04 1 0)
s>        ( - -2.326e+04 1 0))INFO: dtree.c(1315): Comp split 33
INFO: dtree.c(1315): Comp split 34
INFO: dtree.c(1439): stop. leaf nodes are specific
INFO: dtree.c(1478): Final simple tree
|( QUESTION0 -1 -7.582e+03 1.342e+02 3.700e+01
|    ( - -2.410e+03 1 0)
|    ( - -5.038e+03 1 0))
s>    ( QUESTION0 -1 -7.582e+03 1.342e+02 3.700e+01
s>        ( - -2.410e+03 1 0)
s>        ( - -5.038e+03 1 0))INFO: dtree.c(1439): stop. leaf nodes are specific
INFO: dtree.c(1478): Final simple tree
|( QUESTION0_15_R 1 -1.773e+04 1.584e+02 7.996e+01
|    ( - -1.336e+03 1 0)
|    ( QUESTION1 1 -1.624e+04 1.385e+02 7.495e+01
|        ( - -6.542e+03 1 0)
|        ( QUESTION0_0_R 1 -9.557e+03 1.075e+02 4.397e+01
|            ( - -2.867e+03 2 0)
|            ( - -6.582e+03 1 0))))
s>    ( QUESTION0_15_R 1 -1.773e+04 1.584e+02 7.996e+01
s>        ( - -1.336e+03 1 0)
s>        ( QUESTION1 1 -1.624e+04 1.385e+02 7.495e+01
s>            ( - -6.542e+03 1 0)
s>            ( QUESTION0_0_R 1 -9.557e+03 1.075e+02 4.397e+01
s>                ( - -2.867e+03 2 0)
s>                ( - -6.582e+03 1 0))))INFO: dtree.c(1315): Comp split 35
INFO: dtree.c(1315): Comp split 36
INFO: dtree.c(1315): Comp split 37
INFO: dtree.c(1315): Comp split 38
INFO: dtree.c(1315): Comp split 39
INFO: dtree.c(1439): stop. leaf nodes are specific
INFO: dtree.c(1478): Final simple tree
|( QUESTION0_0_R 1 -2.263e+04 1.590e+02 1.060e+02
|    ( - -1.570e+04 2 0)
|    ( - -6.773e+03 1 0))
s>    ( QUESTION0_0_R 1 -2.263e+04 1.590e+02 1.060e+02
s>        ( - -1.570e+04 2 0)
s>        ( - -6.773e+03 1 0))INFO: dtree.c(1315): Comp split 40
INFO: dtree.c(1439): stop. leaf nodes are specific
INFO: dtree.c(1478): Final simple tree
|( QUESTION2 -1 -1.275e+04 1.405e+02 5.900e+01
|    ( - -1.011e+04 1 0)
|    ( - -2.504e+03 1 0))
s>    ( QUESTION2 -1 -1.275e+04 1.405e+02 5.900e+01
s>        ( - -1.011e+04 1 0)
s>        ( - -2.504e+03 1 0))INFO: dtree.c(1315): Comp split 41
INFO: dtree.c(1315): Comp split 42
INFO: dtree.c(1439): stop. leaf nodes are specific
INFO: dtree.c(1478): Final simple tree
|( QUESTION0_0_R 1 -7.812e+03 1.334e+02 3.633e+01
|    ( - -5.138e+03 2 0)
|    ( - -2.541e+03 2 0))
s>    ( QUESTION0_0_R 1 -7.812e+03 1.334e+02 3.633e+01
s>        ( - -5.138e+03 2 0)
s>        ( - -2.541e+03 2 0))INFO: dtree.c(1439): stop. leaf nodes are specific
INFO: dtree.c(1478): Final simple tree
|( QUESTION0_0_R 1 -5.682e+04 1.395e+02 2.612e+02
|    ( - -5.417e+03 2 0)
|    ( - -5.127e+04 3 0))
s>    ( QUESTION0_0_R 1 -5.682e+04 1.395e+02 2.612e+02
s>        ( - -5.417e+03 2 0)
s>        ( - -5.127e+04 3 0))INFO: dtree.c(1315): Comp split 43
INFO: dtree.c(1315): Comp split 44
INFO: dtree.c(1315): Comp split 45
INFO: dtree.c(1439): stop. leaf nodes are specific
INFO: dtree.c(1478): Final simple tree
|( QUESTION0_0_R 1 -8.553e+04 1.287e+02 3.851e+02
|    ( - -5.570e+02 1 0)
|    ( QUESTION17 1 -8.484e+04 1.296e+02 3.821e+02
|        ( - -8.436e+04 1 0)
|        ( - -3.501e+02 1 0)))
s>    ( QUESTION0_0_R 1 -8.553e+04 1.287e+02 3.851e+02
s>        ( - -5.570e+02 1 0)
s>        ( QUESTION17 1 -8.484e+04 1.296e+02 3.821e+02
s>            ( - -8.436e+04 1 0)
s>            ( - -3.501e+02 1 0)))INFO: dtree.c(1315): Comp split 46
INFO: dtree.c(1315): Comp split 47
INFO: dtree.c(1439): stop. leaf nodes are specific
INFO: dtree.c(1478): Final simple tree
|( QUESTION2_8_L -1 -9.852e+03 1.456e+02 4.782e+01
|    ( - -2.377e+03 1 0)
|    ( - -7.329e+03 1 0))
s>    ( QUESTION2_8_L -1 -9.852e+03 1.456e+02 4.782e+01
s>        ( - -2.377e+03 1 0)
s>        ( - -7.329e+03 1 0))INFO: dtree.c(1315): Comp split 48
INFO: dtree.c(1439): stop. leaf nodes are specific
INFO: dtree.c(1478): Final simple tree
|( QUESTION1 -1 -7.161e+03 1.520e+02 3.101e+01
|    ( - -9.877e+02 1 0)
|    ( QUESTION0_0_R 1 -6.022e+03 8.787e+01 2.701e+01
|        ( - -3.123e+03 1 0)
|        ( - -2.810e+03 1 0)))
s>    ( QUESTION1 -1 -7.161e+03 1.520e+02 3.101e+01
s>        ( - -9.877e+02 1 0)
s>        ( QUESTION0_0_R 1 -6.022e+03 8.787e+01 2.701e+01
s>            ( - -3.123e+03 1 0)
s>            ( - -2.810e+03 1 0)))INFO: dtree.c(1439): stop. leaf nodes are specific
INFO: dtree.c(1478): Final simple tree
|( QUESTION1 1 -3.015e+03 1.242e+02 1.300e+01
|    ( - -2.060e+03 1 0)
|    ( - -8.313e+02 1 0))
s>    ( QUESTION1 1 -3.015e+03 1.242e+02 1.300e+01
s>        ( - -2.060e+03 1 0)
s>        ( - -8.313e+02 1 0))INFO: dtree.c(1315): Comp split 49
INFO: dtree.c(1315): Comp split 50
INFO: dtree.c(1439): stop. leaf nodes are specific
INFO: dtree.c(1478): Final simple tree
|( QUESTION1 1 -1.624e+04 1.385e+02 7.495e+01
|    ( - -6.542e+03 1 0)
|    ( QUESTION0_0_R 1 -9.557e+03 1.075e+02 4.397e+01
|        ( - -2.867e+03 2 0)
|        ( - -6.582e+03 1 0)))
s>    ( QUESTION1 1 -1.624e+04 1.385e+02 7.495e+01
s>        ( - -6.542e+03 1 0)
s>        ( QUESTION0_0_R 1 -9.557e+03 1.075e+02 4.397e+01
s>            ( - -2.867e+03 2 0)
s>            ( - -6.582e+03 1 0)))INFO: dtree.c(1315): Comp split 51
INFO: dtree.c(1439): stop. leaf nodes are specific
INFO: dtree.c(1478): Final simple tree
|( QUESTION0_0_R 1 -6.022e+03 8.787e+01 2.701e+01
|    ( - -3.123e+03 1 0)
|    ( - -2.810e+03 1 0))
s>    ( QUESTION0_0_R 1 -6.022e+03 8.787e+01 2.701e+01
s>        ( - -3.123e+03 1 0)
s>        ( - -2.810e+03 1 0))INFO: dtree.c(1315): Comp split 52
INFO: dtree.c(1315): Comp split 53
INFO: dtree.c(1315): Comp split 54
INFO: dtree.c(1439): stop. leaf nodes are specific
INFO: dtree.c(1478): Final simple tree
|( QUESTION2 -1 -8.394e+03 1.352e+02 4.027e+01
|    ( - -6.344e+03 1 0)
|    ( - -1.914e+03 1 0))
s>    ( QUESTION2 -1 -8.394e+03 1.352e+02 4.027e+01
s>        ( - -6.344e+03 1 0)
s>        ( - -1.914e+03 1 0))INFO: dtree.c(1315): Comp split 55
INFO: dtree.c(1315): Comp split 56
INFO: dtree.c(1315): Comp split 57
INFO: dtree.c(1439): stop. leaf nodes are specific
INFO: dtree.c(1478): Final simple tree
|( QUESTION0_0_R 1 -9.557e+03 1.075e+02 4.397e+01
|    ( - -2.867e+03 2 0)
|    ( - -6.582e+03 1 0))
s>    ( QUESTION0_0_R 1 -9.557e+03 1.075e+02 4.397e+01
s>        ( - -2.867e+03 2 0)
s>        ( - -6.582e+03 1 0))INFO: dtree.c(1315): Comp split 58
INFO: dtree.c(1315): Comp split 59
INFO: dtree.c(1315): Comp split 60
INFO: dtree.c(1315): Comp split 61
INFO: dtree.c(1315): Comp split 62
INFO: dtree.c(1439): stop. leaf nodes are specific
INFO: dtree.c(1478): Final simple tree
|( QUESTION0_0_R 1 -8.505e+04 1.289e+02 3.831e+02
|    ( - -5.570e+02 1 0)
|    ( - -8.436e+04 1 0))
s>    ( QUESTION0_0_R 1 -8.505e+04 1.289e+02 3.831e+02
s>        ( - -5.570e+02 1 0)
s>        ( - -8.436e+04 1 0))INFO: dtree.c(1315): Comp split 63
INFO: dtree.c(1315): Comp split 64
INFO: dtree.c(1315): Comp split 65
INFO: dtree.c(1315): Comp split 66
INFO: dtree.c(1315): Comp split 67
INFO: dtree.c(1315): Comp split 68
INFO: dtree.c(1315): Comp split 69
INFO: dtree.c(1318): stop. leaf nodes are specific
Wed Dec 20 23:52:16 2017
