Current configuration:
[NAME]		[DEFLT]	[VALUE]
-allphones	no	no
-cntthresh	0.00001	1.000000e-05
-csplitmax	100	2000
-csplitmin	1	1
-csplitthr	8e-4	0.000000e+00
-example	no	no
-fullvar	no	no
-help		no	no
-meanfn			/home/alex/repos/speech/an4/model_parameters/an4.cd_cont_untied/means
-mixwfn			/home/alex/repos/speech/an4/model_parameters/an4.cd_cont_untied/mixture_weights
-moddeffn		/home/alex/repos/speech/an4/model_architecture/an4.untied.mdef
-mwfloor	1e-4	1.000000e-08
-phone			AA
-psetfn			/home/alex/repos/speech/an4/model_architecture/an4.tree_questions
-ssplitmax	5	7
-ssplitmin	1	1
-ssplitthr	8e-4	0.000000e+00
-state			0
-stwt			1.0,0.05,0.0,
-treefn			/home/alex/repos/speech/an4/trees/an4.unpruned/AA-0.dtree
-ts2cbfn	.semi.	.cont.
-varfloor	0.00001	1.000000e-05
-varfn			/home/alex/repos/speech/an4/model_parameters/an4.cd_cont_untied/variances

INFO: main.c(223): Reading: /home/alex/repos/speech/an4/model_architecture/an4.untied.mdef
INFO: model_def_io.c(573): Model definition info:
INFO: model_def_io.c(574): 1618 total models defined (34 base, 1584 tri)
INFO: model_def_io.c(575): 6472 total states
INFO: model_def_io.c(576): 4854 total tied states
INFO: model_def_io.c(577): 102 total tied CI states
INFO: model_def_io.c(578): 34 total tied transition matrices
INFO: model_def_io.c(579): 4 max state/model
INFO: model_def_io.c(580): 4 min state/model
INFO: main.c(242): Building trees for [AA AH R b] through [AA UW R b]
INFO: main.c(269): Covering states |[102 161]| == 60
INFO: main.c(275): Reading: /home/alex/repos/speech/an4/model_parameters/an4.cd_cont_untied/mixture_weights
INFO: s3mixw_io.c(173): Read /home/alex/repos/speech/an4/model_parameters/an4.cd_cont_untied/mixture_weights [60x1x1 array]
INFO: main.c(311): 20 of 20 models have observation count greater than 0.000010
INFO: main.c(95): nrm stwt: 0.952 0.048 0.000 
INFO: s3gau_io.c(169): Read /home/alex/repos/speech/an4/model_parameters/an4.cd_cont_untied/means [4854x1x1 array]
INFO: s3gau_io.c(169): Read /home/alex/repos/speech/an4/model_parameters/an4.cd_cont_untied/variances [4854x1x1 array]
INFO: main.c(549): Reading: /home/alex/repos/speech/an4/model_architecture/an4.tree_questions
INFO: main.c(588): 180 total simple questions (172 phone; 8 word bndry)
INFO: main.c(590): 42 Left Only questions, and 42 Right Only questions
INFO: dtree.c(1478): Final simple tree
|( QUESTION2_20_L -1 -4.485e+05 1.941e+03 1.929e+03
|    ( - -1.293e+05 5 0 QUESTION0 -1 2.275e+02 5.646e+02)
|    ( SILENCE -1 -3.173e+05 1.954e+03 1.364e+03
|        ( - -6.677e+04 3 0 QUESTION0_15_R 1 1.884e+02 3.079e+02)
|        ( WDBNDRY_B 0 -2.486e+05 1.108e+03 1.057e+03
|            ( QUESTION2_7_L -1 -2.324e+05 5.996e+02 9.924e+02
|                ( - -2.255e+04 4 0 QUESTION14 -1 1.837e+02 1.008e+02)
|                ( QUESTION2_14_L -1 -2.093e+05 4.422e+02 8.916e+02
|                    ( - -9.537e+04 2 0)
|                    ( QUESTION2_0_L -1 -1.135e+05 3.263e+02 4.866e+02
|                        ( - -1.064e+05 2 0 QUESTION0 -1 2.326e+02 4.571e+02)
|                        ( - -6.705e+03 1 0))))
|            ( QUESTION0_1_R 1 -1.503e+04 2.543e+02 6.424e+01
|                ( - -3.162e+02 1 0)
|                ( - -1.446e+04 2 0 QUESTION0_0_R 1 1.578e+02 6.224e+01)))))
s>    ( QUESTION2_20_L -1 -4.485e+05 1.941e+03 1.929e+03
s>        ( - -1.293e+05 5 0 QUESTION0 -1 2.275e+02 5.646e+02)
s>        ( SILENCE -1 -3.173e+05 1.954e+03 1.364e+03
s>            ( - -6.677e+04 3 0 QUESTION0_15_R 1 1.884e+02 3.079e+02)
s>            ( WDBNDRY_B 0 -2.486e+05 1.108e+03 1.057e+03
s>                ( QUESTION2_7_L -1 -2.324e+05 5.996e+02 9.924e+02
s>                    ( - -2.255e+04 4 0 QUESTION14 -1 1.837e+02 1.008e+02)
s>                    ( QUESTION2_14_L -1 -2.093e+05 4.422e+02 8.916e+02
s>                        ( - -9.537e+04 2 0)
s>                        ( QUESTION2_0_L -1 -1.135e+05 3.263e+02 4.866e+02
s>                            ( - -1.064e+05 2 0 QUESTION0 -1 2.326e+02 4.571e+02)
s>                            ( - -6.705e+03 1 0))))
s>                ( QUESTION0_1_R 1 -1.503e+04 2.543e+02 6.424e+01
s>                    ( - -3.162e+02 1 0)
s>                    ( - -1.446e+04 2 0 QUESTION0_0_R 1 1.578e+02 6.224e+01)))))INFO: dtree.c(1315): Comp split 0
INFO: dtree.c(1439): stop. leaf nodes are specific
INFO: dtree.c(1478): Final simple tree
|( WDBNDRY_B 0 -2.178e+05 1.163e+03 9.244e+02
|    ( QUESTION2_0_L -1 -2.022e+05 4.083e+02 8.622e+02
|        ( QUESTION0 -1 -1.064e+05 2.326e+02 4.571e+02
|            ( - -1.002e+05 1 0)
|            ( - -6.005e+03 1 0))
|        ( - -9.537e+04 2 0))
|    ( QUESTION0_0_R 1 -1.446e+04 1.578e+02 6.224e+01
|        ( - -8.871e+03 1 0)
|        ( - -5.433e+03 1 0)))
s>    ( WDBNDRY_B 0 -2.178e+05 1.163e+03 9.244e+02
s>        ( QUESTION2_0_L -1 -2.022e+05 4.083e+02 8.622e+02
s>            ( QUESTION0 -1 -1.064e+05 2.326e+02 4.571e+02
s>                ( - -1.002e+05 1 0)
s>                ( - -6.005e+03 1 0))
s>            ( - -9.537e+04 2 0))
s>        ( QUESTION0_0_R 1 -1.446e+04 1.578e+02 6.224e+01
s>            ( - -8.871e+03 1 0)
s>            ( - -5.433e+03 1 0)))INFO: dtree.c(1478): Final simple tree
|( QUESTION2_20_L -1 -2.275e+05 1.180e+03 1.005e+03
|    ( QUESTION0 -1 -1.293e+05 2.275e+02 5.646e+02
|        ( - -5.077e+03 2 0 WDBNDRY_B 0 1.728e+02 2.120e+01)
|        ( - -1.240e+05 3 0))
|    ( SILENCE -1 -9.708e+04 3.498e+02 4.401e+02
|        ( QUESTION0_15_R 1 -6.677e+04 1.884e+02 3.079e+02
|            ( - -5.793e+04 1 0)
|            ( - -8.655e+03 2 0 QUESTION0_0_R 1 1.283e+02 3.946e+01))
|        ( QUESTION1 -1 -2.996e+04 2.007e+02 1.322e+02
|            ( - -6.705e+03 1 0)
|            ( WDBNDRY_B 0 -2.305e+04 1.865e+02 1.028e+02
|                ( QUESTION14 -1 -2.255e+04 1.837e+02 1.008e+02
|                    ( - -9.075e+02 1 0)
|                    ( - -2.146e+04 3 0 QUESTION0 -1 1.438e+02 9.676e+01))
|                ( - -3.162e+02 1 0)))))
s>    ( QUESTION2_20_L -1 -2.275e+05 1.180e+03 1.005e+03
s>        ( QUESTION0 -1 -1.293e+05 2.275e+02 5.646e+02
s>            ( - -5.077e+03 2 0 WDBNDRY_B 0 1.728e+02 2.120e+01)
s>            ( - -1.240e+05 3 0))
s>        ( SILENCE -1 -9.708e+04 3.498e+02 4.401e+02
s>            ( QUESTION0_15_R 1 -6.677e+04 1.884e+02 3.079e+02
s>                ( - -5.793e+04 1 0)
s>                ( - -8.655e+03 2 0 QUESTION0_0_R 1 1.283e+02 3.946e+01))
s>            ( QUESTION1 -1 -2.996e+04 2.007e+02 1.322e+02
s>                ( - -6.705e+03 1 0)
s>                ( WDBNDRY_B 0 -2.305e+04 1.865e+02 1.028e+02
s>                    ( QUESTION14 -1 -2.255e+04 1.837e+02 1.008e+02
s>                        ( - -9.075e+02 1 0)
s>                        ( - -2.146e+04 3 0 QUESTION0 -1 1.438e+02 9.676e+01))
s>                    ( - -3.162e+02 1 0)))))INFO: dtree.c(1315): Comp split 1
INFO: dtree.c(1439): stop. leaf nodes are specific
INFO: dtree.c(1478): Final simple tree
|( SILENCE -1 -9.549e+04 3.453e+02 4.341e+02
|    ( QUESTION0_15_R 1 -6.677e+04 1.884e+02 3.079e+02
|        ( - -5.793e+04 1 0)
|        ( QUESTION0_0_R 1 -8.655e+03 1.283e+02 3.946e+01
|            ( - -6.718e+03 1 0)
|            ( - -1.808e+03 1 0)))
|    ( QUESTION1 -1 -2.837e+04 2.080e+02 1.262e+02
|        ( - -6.705e+03 1 0)
|        ( QUESTION0 -1 -2.146e+04 1.438e+02 9.676e+01
|            ( - -5.708e+03 1 0)
|            ( QUESTION2_8_L -1 -1.561e+04 1.126e+02 7.098e+01
|                ( - -6.853e+03 1 0)
|                ( - -8.641e+03 1 0)))))
s>    ( SILENCE -1 -9.549e+04 3.453e+02 4.341e+02
s>        ( QUESTION0_15_R 1 -6.677e+04 1.884e+02 3.079e+02
s>            ( - -5.793e+04 1 0)
s>            ( QUESTION0_0_R 1 -8.655e+03 1.283e+02 3.946e+01
s>                ( - -6.718e+03 1 0)
s>                ( - -1.808e+03 1 0)))
s>        ( QUESTION1 -1 -2.837e+04 2.080e+02 1.262e+02
s>            ( - -6.705e+03 1 0)
s>            ( QUESTION0 -1 -2.146e+04 1.438e+02 9.676e+01
s>                ( - -5.708e+03 1 0)
s>                ( QUESTION2_8_L -1 -1.561e+04 1.126e+02 7.098e+01
s>                    ( - -6.853e+03 1 0)
s>                    ( - -8.641e+03 1 0)))))INFO: dtree.c(1439): stop. leaf nodes are specific
INFO: dtree.c(1478): Final simple tree
|( QUESTION0 -1 -1.308e+05 2.485e+02 5.706e+02
|    ( QUESTION0_0_R 1 -6.621e+03 1.723e+02 2.720e+01
|        ( - -3.162e+02 1 0)
|        ( QUESTION2 -1 -6.133e+03 1.736e+02 2.520e+01
|            ( - -2.608e+03 1 0)
|            ( WDBNDRY_B 0 -3.352e+03 1.477e+02 1.420e+01
|                ( - -9.075e+02 1 0)
|                ( - -2.296e+03 1 0))))
|    ( - -1.240e+05 3 0))
s>    ( QUESTION0 -1 -1.308e+05 2.485e+02 5.706e+02
s>        ( QUESTION0_0_R 1 -6.621e+03 1.723e+02 2.720e+01
s>            ( - -3.162e+02 1 0)
s>            ( QUESTION2 -1 -6.133e+03 1.736e+02 2.520e+01
s>                ( - -2.608e+03 1 0)
s>                ( WDBNDRY_B 0 -3.352e+03 1.477e+02 1.420e+01
s>                    ( - -9.075e+02 1 0)
s>                    ( - -2.296e+03 1 0))))
s>        ( - -1.240e+05 3 0))INFO: dtree.c(1315): Comp split 2
INFO: dtree.c(1439): stop. leaf nodes are specific
INFO: dtree.c(1478): Final simple tree
|( QUESTION2_0_L -1 -2.022e+05 4.083e+02 8.622e+02
|    ( QUESTION0 -1 -1.064e+05 2.326e+02 4.571e+02
|        ( - -1.002e+05 1 0)
|        ( - -6.005e+03 1 0))
|    ( - -9.537e+04 2 0))
s>    ( QUESTION2_0_L -1 -2.022e+05 4.083e+02 8.622e+02
s>        ( QUESTION0 -1 -1.064e+05 2.326e+02 4.571e+02
s>            ( - -1.002e+05 1 0)
s>            ( - -6.005e+03 1 0))
s>        ( - -9.537e+04 2 0))INFO: dtree.c(1439): stop. leaf nodes are specific
INFO: dtree.c(1478): Final simple tree
|( QUESTION0_0_R 1 -1.446e+04 1.578e+02 6.224e+01
|    ( - -8.871e+03 1 0)
|    ( - -5.433e+03 1 0))
s>    ( QUESTION0_0_R 1 -1.446e+04 1.578e+02 6.224e+01
s>        ( - -8.871e+03 1 0)
s>        ( - -5.433e+03 1 0))INFO: dtree.c(1315): Comp split 3
INFO: dtree.c(1439): stop. leaf nodes are specific
INFO: dtree.c(1478): Final simple tree
|( QUESTION0 -1 -1.064e+05 2.326e+02 4.571e+02
|    ( - -1.002e+05 1 0)
|    ( - -6.005e+03 1 0))
s>    ( QUESTION0 -1 -1.064e+05 2.326e+02 4.571e+02
s>        ( - -1.002e+05 1 0)
s>        ( - -6.005e+03 1 0))INFO: dtree.c(1315): Comp split 4
INFO: dtree.c(1439): stop. leaf nodes are specific
INFO: dtree.c(1478): Final simple tree
|( QUESTION1 -1 -3.030e+04 2.157e+02 1.352e+02
|    ( - -6.705e+03 1 0)
|    ( QUESTION20 -1 -2.338e+04 1.434e+02 1.058e+02
|        ( QUESTION2_8_L -1 -1.561e+04 1.126e+02 7.098e+01
|            ( - -6.853e+03 1 0)
|            ( - -8.641e+03 1 0))
|        ( SILENCE -1 -7.631e+03 1.157e+02 3.478e+01
|            ( - -1.808e+03 1 0)
|            ( - -5.708e+03 1 0))))
s>    ( QUESTION1 -1 -3.030e+04 2.157e+02 1.352e+02
s>        ( - -6.705e+03 1 0)
s>        ( QUESTION20 -1 -2.338e+04 1.434e+02 1.058e+02
s>            ( QUESTION2_8_L -1 -1.561e+04 1.126e+02 7.098e+01
s>                ( - -6.853e+03 1 0)
s>                ( - -8.641e+03 1 0))
s>            ( SILENCE -1 -7.631e+03 1.157e+02 3.478e+01
s>                ( - -1.808e+03 1 0)
s>                ( - -5.708e+03 1 0))))INFO: dtree.c(1439): stop. leaf nodes are specific
INFO: dtree.c(1478): Final simple tree
|( QUESTION0_0_R 1 -6.483e+04 1.791e+02 2.989e+02
|    ( - -6.718e+03 1 0)
|    ( - -5.793e+04 1 0))
s>    ( QUESTION0_0_R 1 -6.483e+04 1.791e+02 2.989e+02
s>        ( - -6.718e+03 1 0)
s>        ( - -5.793e+04 1 0))INFO: dtree.c(1315): Comp split 5
INFO: dtree.c(1439): stop. leaf nodes are specific
INFO: dtree.c(1478): Final simple tree
|( QUESTION0_0_R 1 -6.621e+03 1.723e+02 2.720e+01
|    ( - -3.162e+02 1 0)
|    ( QUESTION2 -1 -6.133e+03 1.736e+02 2.520e+01
|        ( - -2.608e+03 1 0)
|        ( WDBNDRY_B 0 -3.352e+03 1.477e+02 1.420e+01
|            ( - -9.075e+02 1 0)
|            ( - -2.296e+03 1 0))))
s>    ( QUESTION0_0_R 1 -6.621e+03 1.723e+02 2.720e+01
s>        ( - -3.162e+02 1 0)
s>        ( QUESTION2 -1 -6.133e+03 1.736e+02 2.520e+01
s>            ( - -2.608e+03 1 0)
s>            ( WDBNDRY_B 0 -3.352e+03 1.477e+02 1.420e+01
s>                ( - -9.075e+02 1 0)
s>                ( - -2.296e+03 1 0))))INFO: dtree.c(1315): Comp split 6
INFO: dtree.c(1315): Comp split 7
INFO: dtree.c(1439): stop. leaf nodes are specific
INFO: dtree.c(1478): Final simple tree
|( QUESTION20 -1 -2.338e+04 1.434e+02 1.058e+02
|    ( QUESTION2_8_L -1 -1.561e+04 1.126e+02 7.098e+01
|        ( - -6.853e+03 1 0)
|        ( - -8.641e+03 1 0))
|    ( SILENCE -1 -7.631e+03 1.157e+02 3.478e+01
|        ( - -1.808e+03 1 0)
|        ( - -5.708e+03 1 0)))
s>    ( QUESTION20 -1 -2.338e+04 1.434e+02 1.058e+02
s>        ( QUESTION2_8_L -1 -1.561e+04 1.126e+02 7.098e+01
s>            ( - -6.853e+03 1 0)
s>            ( - -8.641e+03 1 0))
s>        ( SILENCE -1 -7.631e+03 1.157e+02 3.478e+01
s>            ( - -1.808e+03 1 0)
s>            ( - -5.708e+03 1 0)))INFO: dtree.c(1315): Comp split 8
INFO: dtree.c(1315): Comp split 9
INFO: dtree.c(1439): stop. leaf nodes are specific
INFO: dtree.c(1478): Final simple tree
|( QUESTION2 -1 -6.133e+03 1.736e+02 2.520e+01
|    ( - -2.608e+03 1 0)
|    ( WDBNDRY_B 0 -3.352e+03 1.477e+02 1.420e+01
|        ( - -9.075e+02 1 0)
|        ( - -2.296e+03 1 0)))
s>    ( QUESTION2 -1 -6.133e+03 1.736e+02 2.520e+01
s>        ( - -2.608e+03 1 0)
s>        ( WDBNDRY_B 0 -3.352e+03 1.477e+02 1.420e+01
s>            ( - -9.075e+02 1 0)
s>            ( - -2.296e+03 1 0)))INFO: dtree.c(1315): Comp split 10
INFO: dtree.c(1439): stop. leaf nodes are specific
INFO: dtree.c(1478): Final simple tree
|( WDBNDRY_B 0 -3.352e+03 1.477e+02 1.420e+01
|    ( - -9.075e+02 1 0)
|    ( - -2.296e+03 1 0))
s>    ( WDBNDRY_B 0 -3.352e+03 1.477e+02 1.420e+01
s>        ( - -9.075e+02 1 0)
s>        ( - -2.296e+03 1 0))INFO: dtree.c(1315): Comp split 11
INFO: dtree.c(1315): Comp split 12
INFO: dtree.c(1315): Comp split 13
INFO: dtree.c(1439): stop. leaf nodes are specific
INFO: dtree.c(1478): Final simple tree
|( SILENCE -1 -7.631e+03 1.157e+02 3.478e+01
|    ( - -1.808e+03 1 0)
|    ( - -5.708e+03 1 0))
s>    ( SILENCE -1 -7.631e+03 1.157e+02 3.478e+01
s>        ( - -1.808e+03 1 0)
s>        ( - -5.708e+03 1 0))INFO: dtree.c(1439): stop. leaf nodes are specific
INFO: dtree.c(1478): Final simple tree
|( QUESTION2_8_L -1 -1.561e+04 1.126e+02 7.098e+01
|    ( - -6.853e+03 1 0)
|    ( - -8.641e+03 1 0))
s>    ( QUESTION2_8_L -1 -1.561e+04 1.126e+02 7.098e+01
s>        ( - -6.853e+03 1 0)
s>        ( - -8.641e+03 1 0))INFO: dtree.c(1315): Comp split 14
INFO: dtree.c(1315): Comp split 15
INFO: dtree.c(1315): Comp split 16
INFO: dtree.c(1318): stop. leaf nodes are specific
Wed Dec 20 23:52:13 2017
