Current configuration:
[NAME]		[DEFLT]	[VALUE]
-allphones	no	no
-cntthresh	0.00001	1.000000e-05
-csplitmax	100	2000
-csplitmin	1	1
-csplitthr	8e-4	0.000000e+00
-example	no	no
-fullvar	no	no
-help		no	no
-meanfn			/home/alex/repos/speech/an4/model_parameters/an4.cd_cont_untied/means
-mixwfn			/home/alex/repos/speech/an4/model_parameters/an4.cd_cont_untied/mixture_weights
-moddeffn		/home/alex/repos/speech/an4/model_architecture/an4.untied.mdef
-mwfloor	1e-4	1.000000e-08
-phone			OW
-psetfn			/home/alex/repos/speech/an4/model_architecture/an4.tree_questions
-ssplitmax	5	7
-ssplitmin	1	1
-ssplitthr	8e-4	0.000000e+00
-state			1
-stwt			1.0,0.05,0.0,
-treefn			/home/alex/repos/speech/an4/trees/an4.unpruned/OW-1.dtree
-ts2cbfn	.semi.	.cont.
-varfloor	0.00001	1.000000e-05
-varfn			/home/alex/repos/speech/an4/model_parameters/an4.cd_cont_untied/variances

INFO: main.c(223): Reading: /home/alex/repos/speech/an4/model_architecture/an4.untied.mdef
INFO: model_def_io.c(573): Model definition info:
INFO: model_def_io.c(574): 1618 total models defined (34 base, 1584 tri)
INFO: model_def_io.c(575): 6472 total states
INFO: model_def_io.c(576): 4854 total tied states
INFO: model_def_io.c(577): 102 total tied CI states
INFO: model_def_io.c(578): 34 total tied transition matrices
INFO: model_def_io.c(579): 4 max state/model
INFO: model_def_io.c(580): 4 min state/model
INFO: main.c(242): Building trees for [OW AY AA s] through [OW V SIL s]
INFO: main.c(269): Covering states |[3225 3578]| == 354
INFO: main.c(275): Reading: /home/alex/repos/speech/an4/model_parameters/an4.cd_cont_untied/mixture_weights
INFO: s3mixw_io.c(173): Read /home/alex/repos/speech/an4/model_parameters/an4.cd_cont_untied/mixture_weights [354x1x1 array]
INFO: main.c(311): 118 of 118 models have observation count greater than 0.000010
INFO: main.c(95): nrm stwt: 0.045 0.909 0.045 
INFO: s3gau_io.c(169): Read /home/alex/repos/speech/an4/model_parameters/an4.cd_cont_untied/means [4854x1x1 array]
INFO: s3gau_io.c(169): Read /home/alex/repos/speech/an4/model_parameters/an4.cd_cont_untied/variances [4854x1x1 array]
INFO: main.c(549): Reading: /home/alex/repos/speech/an4/model_architecture/an4.tree_questions
INFO: main.c(588): 180 total simple questions (172 phone; 8 word bndry)
INFO: main.c(590): 42 Left Only questions, and 42 Right Only questions
INFO: dtree.c(1478): Final simple tree
|( WDBNDRY_S 0 -5.408e+05 2.152e+03 2.696e+03
|    ( QUESTION4 1 -4.426e+05 6.739e+02 2.217e+03
|        ( QUESTION0_13_R 1 -5.353e+04 5.288e+02 2.786e+02
|            ( - -4.649e+04 8 0 QUESTION2_8_L -1 3.843e+02 2.426e+02)
|            ( - -6.517e+03 2 0 QUESTION1 -1 3.719e+02 3.599e+01))
|        ( QUESTION0_1_R 1 -3.884e+05 5.249e+02 1.939e+03
|            ( - -5.604e+04 15 0 QUESTION2_14_L -1 4.191e+02 2.778e+02)
|            ( QUESTION15 1 -3.318e+05 4.939e+02 1.661e+03
|                ( - -5.876e+03 2 0 QUESTION0 -1 6.863e+02 3.300e+01)
|                ( - -3.255e+05 80 0 SILENCE 1 5.002e+02 1.628e+03))))
|    ( QUESTION3 -1 -9.609e+04 8.983e+02 4.789e+02
|        ( - -3.588e+04 7 0 QUESTION0_6_R 1 4.486e+02 1.799e+02)
|        ( QUESTION1 -1 -5.932e+04 5.174e+02 2.991e+02
|            ( - -3.705e+04 1 0)
|            ( - -2.175e+04 3 0 WDBNDRY_E 0 2.380e+02 1.100e+02))))
s>    ( WDBNDRY_S 0 -5.408e+05 2.152e+03 2.696e+03
s>        ( QUESTION4 1 -4.426e+05 6.739e+02 2.217e+03
s>            ( QUESTION0_13_R 1 -5.353e+04 5.288e+02 2.786e+02
s>                ( - -4.649e+04 8 0 QUESTION2_8_L -1 3.843e+02 2.426e+02)
s>                ( - -6.517e+03 2 0 QUESTION1 -1 3.719e+02 3.599e+01))
s>            ( QUESTION0_1_R 1 -3.884e+05 5.249e+02 1.939e+03
s>                ( - -5.604e+04 15 0 QUESTION2_14_L -1 4.191e+02 2.778e+02)
s>                ( QUESTION15 1 -3.318e+05 4.939e+02 1.661e+03
s>                    ( - -5.876e+03 2 0 QUESTION0 -1 6.863e+02 3.300e+01)
s>                    ( - -3.255e+05 80 0 SILENCE 1 5.002e+02 1.628e+03))))
s>        ( QUESTION3 -1 -9.609e+04 8.983e+02 4.789e+02
s>            ( - -3.588e+04 7 0 QUESTION0_6_R 1 4.486e+02 1.799e+02)
s>            ( QUESTION1 -1 -5.932e+04 5.174e+02 2.991e+02
s>                ( - -3.705e+04 1 0)
s>                ( - -2.175e+04 3 0 WDBNDRY_E 0 2.380e+02 1.100e+02))))INFO: dtree.c(1315): Comp split 0
INFO: dtree.c(1478): Final simple tree
|( QUESTION3 -1 -1.024e+05 8.569e+02 5.119e+02
|    ( QUESTION0_6_R 1 -3.588e+04 4.486e+02 1.799e+02
|        ( - 2.222e+02 1 0)
|        ( QUESTION0_1_R 1 -3.565e+04 4.411e+02 1.789e+02
|            ( - -1.265e+04 2 0)
|            ( QUESTION0_5_R 1 -2.256e+04 3.095e+02 1.103e+02
|                ( - -2.959e+03 1 0)
|                ( - -1.929e+04 3 0 QUESTION0_12_R 1 2.768e+02 9.433e+01))))
|    ( QUESTION10 -1 -6.563e+04 4.999e+02 3.321e+02
|        ( - -1.957e+04 1 0)
|        ( WDBNDRY_S 0 -4.556e+04 4.356e+02 2.311e+02
|            ( QUESTION0 -1 -5.876e+03 6.863e+02 3.300e+01
|                ( - -3.399e+03 1 0)
|                ( - -1.791e+03 1 0))
|            ( - -3.925e+04 3 0 WDBNDRY_E 0 2.574e+02 1.981e+02))))
s>    ( QUESTION3 -1 -1.024e+05 8.569e+02 5.119e+02
s>        ( QUESTION0_6_R 1 -3.588e+04 4.486e+02 1.799e+02
s>            ( - 2.222e+02 1 0)
s>            ( QUESTION0_1_R 1 -3.565e+04 4.411e+02 1.789e+02
s>                ( - -1.265e+04 2 0)
s>                ( QUESTION0_5_R 1 -2.256e+04 3.095e+02 1.103e+02
s>                    ( - -2.959e+03 1 0)
s>                    ( - -1.929e+04 3 0 QUESTION0_12_R 1 2.768e+02 9.433e+01))))
s>        ( QUESTION10 -1 -6.563e+04 4.999e+02 3.321e+02
s>            ( - -1.957e+04 1 0)
s>            ( WDBNDRY_S 0 -4.556e+04 4.356e+02 2.311e+02
s>                ( QUESTION0 -1 -5.876e+03 6.863e+02 3.300e+01
s>                    ( - -3.399e+03 1 0)
s>                    ( - -1.791e+03 1 0))
s>                ( - -3.925e+04 3 0 WDBNDRY_E 0 2.574e+02 1.981e+02))))INFO: dtree.c(1478): Final simple tree
|( QUESTION4 1 -4.362e+05 6.716e+02 2.184e+03
|    ( QUESTION0_13_R 1 -5.353e+04 5.288e+02 2.786e+02
|        ( - -4.649e+04 8 0 QUESTION2_8_L -1 3.843e+02 2.426e+02)
|        ( - -6.517e+03 2 0 QUESTION1 -1 3.719e+02 3.599e+01))
|    ( QUESTION0_1_R 1 -3.820e+05 5.482e+02 1.906e+03
|        ( - -5.604e+04 15 0 QUESTION2_14_L -1 4.191e+02 2.778e+02)
|        ( SILENCE 1 -3.255e+05 5.002e+02 1.628e+03
|            ( - -2.766e+04 8 0 QUESTION8 -1 3.116e+02 1.434e+02)
|            ( QUESTION2_14_L -1 -2.973e+05 4.689e+02 1.484e+03
|                ( - -8.790e+04 13 0 QUESTION3 1 3.358e+02 4.457e+02)
|                ( QUESTION20 -1 -2.089e+05 4.964e+02 1.039e+03
|                    ( QUESTION2_12_L -1 -8.034e+04 4.381e+02 4.005e+02
|                        ( - -2.277e+04 4 0 QUESTION0_3_R 1 3.680e+02 1.096e+02)
|                        ( - -5.713e+04 18 0 QUESTION11 1 3.729e+02 2.909e+02))
|                    ( - -1.281e+05 37 0 QUESTION11 1 3.570e+02 6.383e+02))))))
s>    ( QUESTION4 1 -4.362e+05 6.716e+02 2.184e+03
s>        ( QUESTION0_13_R 1 -5.353e+04 5.288e+02 2.786e+02
s>            ( - -4.649e+04 8 0 QUESTION2_8_L -1 3.843e+02 2.426e+02)
s>            ( - -6.517e+03 2 0 QUESTION1 -1 3.719e+02 3.599e+01))
s>        ( QUESTION0_1_R 1 -3.820e+05 5.482e+02 1.906e+03
s>            ( - -5.604e+04 15 0 QUESTION2_14_L -1 4.191e+02 2.778e+02)
s>            ( SILENCE 1 -3.255e+05 5.002e+02 1.628e+03
s>                ( - -2.766e+04 8 0 QUESTION8 -1 3.116e+02 1.434e+02)
s>                ( QUESTION2_14_L -1 -2.973e+05 4.689e+02 1.484e+03
s>                    ( - -8.790e+04 13 0 QUESTION3 1 3.358e+02 4.457e+02)
s>                    ( QUESTION20 -1 -2.089e+05 4.964e+02 1.039e+03
s>                        ( QUESTION2_12_L -1 -8.034e+04 4.381e+02 4.005e+02
s>                            ( - -2.277e+04 4 0 QUESTION0_3_R 1 3.680e+02 1.096e+02)
s>                            ( - -5.713e+04 18 0 QUESTION11 1 3.729e+02 2.909e+02))
s>                        ( - -1.281e+05 37 0 QUESTION11 1 3.570e+02 6.383e+02))))))INFO: dtree.c(1315): Comp split 1
INFO: dtree.c(1478): Final simple tree
|( QUESTION1 1 -1.111e+05 4.779e+02 5.695e+02
|    ( QUESTION0_13_R 1 -5.353e+04 5.288e+02 2.786e+02
|        ( QUESTION2_8_L -1 -4.649e+04 3.843e+02 2.426e+02
|            ( - -1.004e+04 1 0)
|            ( - -3.606e+04 7 0 SILENCE -1 2.845e+02 1.846e+02))
|        ( QUESTION1 -1 -6.517e+03 3.719e+02 3.599e+01
|            ( - -3.024e+03 1 0)
|            ( - -3.121e+03 1 0)))
|    ( QUESTION11 1 -5.713e+04 3.729e+02 2.909e+02
|        ( - -1.312e+03 1 0)
|        ( QUESTION10 1 -5.544e+04 3.543e+02 2.819e+02
|            ( - -9.421e+03 4 0 QUESTION2_7_L -1 2.138e+02 4.897e+01)
|            ( QUESTION0_9_R 1 -4.567e+04 3.454e+02 2.330e+02
|                ( - -1.410e+03 1 0)
|                ( - -4.391e+04 12 0 QUESTION0_3_R 1 2.753e+02 2.240e+02)))))
s>    ( QUESTION1 1 -1.111e+05 4.779e+02 5.695e+02
s>        ( QUESTION0_13_R 1 -5.353e+04 5.288e+02 2.786e+02
s>            ( QUESTION2_8_L -1 -4.649e+04 3.843e+02 2.426e+02
s>                ( - -1.004e+04 1 0)
s>                ( - -3.606e+04 7 0 SILENCE -1 2.845e+02 1.846e+02))
s>            ( QUESTION1 -1 -6.517e+03 3.719e+02 3.599e+01
s>                ( - -3.024e+03 1 0)
s>                ( - -3.121e+03 1 0)))
s>        ( QUESTION11 1 -5.713e+04 3.729e+02 2.909e+02
s>            ( - -1.312e+03 1 0)
s>            ( QUESTION10 1 -5.544e+04 3.543e+02 2.819e+02
s>                ( - -9.421e+03 4 0 QUESTION2_7_L -1 2.138e+02 4.897e+01)
s>                ( QUESTION0_9_R 1 -4.567e+04 3.454e+02 2.330e+02
s>                    ( - -1.410e+03 1 0)
s>                    ( - -4.391e+04 12 0 QUESTION0_3_R 1 2.753e+02 2.240e+02)))))INFO: dtree.c(1478): Final simple tree
|( QUESTION0_1_R 1 -3.242e+05 5.935e+02 1.615e+03
|    ( QUESTION2_14_L -1 -5.604e+04 4.191e+02 2.778e+02
|        ( - -1.310e+04 2 0)
|        ( QUESTION2 -1 -4.251e+04 3.603e+02 2.128e+02
|            ( - -9.112e+03 2 0)
|            ( - -3.304e+04 11 0 QUESTION2_8_L -1 3.109e+02 1.670e+02)))
|    ( SILENCE 1 -2.676e+05 4.663e+02 1.337e+03
|        ( - -2.766e+04 8 0 QUESTION8 -1 3.116e+02 1.434e+02)
|        ( QUESTION2_14_L -1 -2.394e+05 3.799e+02 1.194e+03
|            ( QUESTION3 1 -8.790e+04 3.358e+02 4.457e+02
|                ( - -3.222e+03 1 0)
|                ( - -8.434e+04 12 0 QUESTION0_15_R 1 3.797e+02 4.268e+02))
|            ( QUESTION11 1 -1.512e+05 3.749e+02 7.479e+02
|                ( - -8.139e+03 3 0 QUESTION2 -1 3.103e+02 4.200e+01)
|                ( - -1.426e+05 38 0 QUESTION2 -1 3.200e+02 7.059e+02)))))
s>    ( QUESTION0_1_R 1 -3.242e+05 5.935e+02 1.615e+03
s>        ( QUESTION2_14_L -1 -5.604e+04 4.191e+02 2.778e+02
s>            ( - -1.310e+04 2 0)
s>            ( QUESTION2 -1 -4.251e+04 3.603e+02 2.128e+02
s>                ( - -9.112e+03 2 0)
s>                ( - -3.304e+04 11 0 QUESTION2_8_L -1 3.109e+02 1.670e+02)))
s>        ( SILENCE 1 -2.676e+05 4.663e+02 1.337e+03
s>            ( - -2.766e+04 8 0 QUESTION8 -1 3.116e+02 1.434e+02)
s>            ( QUESTION2_14_L -1 -2.394e+05 3.799e+02 1.194e+03
s>                ( QUESTION3 1 -8.790e+04 3.358e+02 4.457e+02
s>                    ( - -3.222e+03 1 0)
s>                    ( - -8.434e+04 12 0 QUESTION0_15_R 1 3.797e+02 4.268e+02))
s>                ( QUESTION11 1 -1.512e+05 3.749e+02 7.479e+02
s>                    ( - -8.139e+03 3 0 QUESTION2 -1 3.103e+02 4.200e+01)
s>                    ( - -1.426e+05 38 0 QUESTION2 -1 3.200e+02 7.059e+02)))))INFO: dtree.c(1315): Comp split 2
INFO: dtree.c(1439): stop. leaf nodes are specific
INFO: dtree.c(1478): Final simple tree
|( QUESTION0_1_R 1 -3.803e+04 4.608e+02 1.899e+02
|    ( - -1.265e+04 2 0)
|    ( QUESTION0_6_R 1 -2.492e+04 4.538e+02 1.213e+02
|        ( - 2.222e+02 1 0)
|        ( WDBNDRY_E 0 -2.469e+04 3.413e+02 1.203e+02
|            ( QUESTION0_5_R 1 -2.256e+04 3.095e+02 1.103e+02
|                ( - -2.959e+03 1 0)
|                ( QUESTION0_12_R 1 -1.929e+04 2.768e+02 9.433e+01
|                    ( - -8.402e+02 1 0)
|                    ( SILENCE 1 -1.817e+04 1.840e+02 8.933e+01
|                        ( - -1.691e+04 1 0)
|                        ( - -1.081e+03 1 0))))
|            ( - -1.791e+03 1 0))))
s>    ( QUESTION0_1_R 1 -3.803e+04 4.608e+02 1.899e+02
s>        ( - -1.265e+04 2 0)
s>        ( QUESTION0_6_R 1 -2.492e+04 4.538e+02 1.213e+02
s>            ( - 2.222e+02 1 0)
s>            ( WDBNDRY_E 0 -2.469e+04 3.413e+02 1.203e+02
s>                ( QUESTION0_5_R 1 -2.256e+04 3.095e+02 1.103e+02
s>                    ( - -2.959e+03 1 0)
s>                    ( QUESTION0_12_R 1 -1.929e+04 2.768e+02 9.433e+01
s>                        ( - -8.402e+02 1 0)
s>                        ( SILENCE 1 -1.817e+04 1.840e+02 8.933e+01
s>                            ( - -1.691e+04 1 0)
s>                            ( - -1.081e+03 1 0))))
s>                ( - -1.791e+03 1 0))))INFO: dtree.c(1439): stop. leaf nodes are specific
INFO: dtree.c(1478): Final simple tree
|( WDBNDRY_S 0 -6.345e+04 7.369e+02 3.221e+02
|    ( - -3.399e+03 1 0)
|    ( QUESTION1 -1 -5.932e+04 5.174e+02 2.991e+02
|        ( - -3.705e+04 1 0)
|        ( WDBNDRY_E 0 -2.175e+04 2.380e+02 1.100e+02
|            ( - -1.957e+04 1 0)
|            ( QUESTION0_7_R 1 -1.948e+03 1.878e+02 9.000e+00
|                ( - -1.276e+03 1 0)
|                ( - -4.846e+02 1 0)))))
s>    ( WDBNDRY_S 0 -6.345e+04 7.369e+02 3.221e+02
s>        ( - -3.399e+03 1 0)
s>        ( QUESTION1 -1 -5.932e+04 5.174e+02 2.991e+02
s>            ( - -3.705e+04 1 0)
s>            ( WDBNDRY_E 0 -2.175e+04 2.380e+02 1.100e+02
s>                ( - -1.957e+04 1 0)
s>                ( QUESTION0_7_R 1 -1.948e+03 1.878e+02 9.000e+00
s>                    ( - -1.276e+03 1 0)
s>                    ( - -4.846e+02 1 0)))))INFO: dtree.c(1315): Comp split 3
INFO: dtree.c(1439): stop. leaf nodes are specific
INFO: dtree.c(1478): Final simple tree
|( QUESTION1 -1 -5.932e+04 5.174e+02 2.991e+02
|    ( - -3.705e+04 1 0)
|    ( WDBNDRY_E 0 -2.175e+04 2.380e+02 1.100e+02
|        ( - -1.957e+04 1 0)
|        ( QUESTION0_7_R 1 -1.948e+03 1.878e+02 9.000e+00
|            ( - -1.276e+03 1 0)
|            ( - -4.846e+02 1 0))))
s>    ( QUESTION1 -1 -5.932e+04 5.174e+02 2.991e+02
s>        ( - -3.705e+04 1 0)
s>        ( WDBNDRY_E 0 -2.175e+04 2.380e+02 1.100e+02
s>            ( - -1.957e+04 1 0)
s>            ( QUESTION0_7_R 1 -1.948e+03 1.878e+02 9.000e+00
s>                ( - -1.276e+03 1 0)
s>                ( - -4.846e+02 1 0))))INFO: dtree.c(1315): Comp split 4
INFO: dtree.c(1478): Final simple tree
|( QUESTION0_1_R 1 -2.608e+05 4.706e+02 1.300e+03
|    ( QUESTION2_8_L -1 -3.304e+04 3.109e+02 1.670e+02
|        ( - -7.180e+03 3 0 QUESTION0 -1 2.132e+02 3.502e+01)
|        ( QUESTION2_13_L -1 -2.555e+04 3.214e+02 1.320e+02
|            ( - -1.567e+04 4 0 QUESTION0 -1 2.708e+02 8.405e+01)
|            ( - -9.553e+03 4 0 QUESTION0 -1 2.979e+02 4.793e+01)))
|    ( QUESTION2_14_L -1 -2.273e+05 3.455e+02 1.133e+03
|        ( QUESTION0_15_R 1 -8.434e+04 3.797e+02 4.268e+02
|            ( - -4.345e+03 1 0)
|            ( QUESTION16 1 -7.962e+04 3.015e+02 4.038e+02
|                ( - -9.258e+03 2 0 QUESTION0_6_R 1 1.915e+02 4.627e+01)
|                ( - -7.006e+04 9 0 QUESTION0_6_R 1 3.006e+02 3.575e+02)))
|        ( QUESTION2 -1 -1.426e+05 3.200e+02 7.059e+02
|            ( - -1.829e+04 7 0 QUESTION0_3_R 1 2.710e+02 8.979e+01)
|            ( - -1.240e+05 31 0 QUESTION0_20_R 1 2.931e+02 6.161e+02))))
s>    ( QUESTION0_1_R 1 -2.608e+05 4.706e+02 1.300e+03
s>        ( QUESTION2_8_L -1 -3.304e+04 3.109e+02 1.670e+02
s>            ( - -7.180e+03 3 0 QUESTION0 -1 2.132e+02 3.502e+01)
s>            ( QUESTION2_13_L -1 -2.555e+04 3.214e+02 1.320e+02
s>                ( - -1.567e+04 4 0 QUESTION0 -1 2.708e+02 8.405e+01)
s>                ( - -9.553e+03 4 0 QUESTION0 -1 2.979e+02 4.793e+01)))
s>        ( QUESTION2_14_L -1 -2.273e+05 3.455e+02 1.133e+03
s>            ( QUESTION0_15_R 1 -8.434e+04 3.797e+02 4.268e+02
s>                ( - -4.345e+03 1 0)
s>                ( QUESTION16 1 -7.962e+04 3.015e+02 4.038e+02
s>                    ( - -9.258e+03 2 0 QUESTION0_6_R 1 1.915e+02 4.627e+01)
s>                    ( - -7.006e+04 9 0 QUESTION0_6_R 1 3.006e+02 3.575e+02)))
s>            ( QUESTION2 -1 -1.426e+05 3.200e+02 7.059e+02
s>                ( - -1.829e+04 7 0 QUESTION0_3_R 1 2.710e+02 8.979e+01)
s>                ( - -1.240e+05 31 0 QUESTION0_20_R 1 2.931e+02 6.161e+02))))INFO: dtree.c(1478): Final simple tree
|( QUESTION2_14_L -1 -6.264e+04 3.956e+02 3.150e+02
|    ( QUESTION0_0_R 1 -2.073e+04 3.788e+02 1.028e+02
|        ( - -1.310e+04 2 0)
|        ( SILENCE 1 -7.251e+03 2.914e+02 3.785e+01
|            ( - -3.737e+03 2 0)
|            ( - -3.222e+03 1 0)))
|    ( SILENCE 1 -4.151e+04 3.758e+02 2.122e+02
|        ( QUESTION3 -1 -2.365e+04 3.155e+02 1.244e+02
|            ( - -1.842e+03 1 0)
|            ( QUESTION8 -1 -2.149e+04 2.861e+02 1.134e+02
|                ( - -5.785e+03 2 0 QUESTION9 -1 1.937e+02 3.167e+01)
|                ( - -1.542e+04 3 0 QUESTION2_0_L -1 2.333e+02 8.169e+01)))
|        ( QUESTION2 -1 -1.748e+04 2.785e+02 8.782e+01
|            ( - -1.245e+04 3 0 QUESTION0_1_R 1 2.626e+02 6.282e+01)
|            ( - -4.755e+03 2 0 QUESTION1 -1 2.223e+02 2.500e+01))))
s>    ( QUESTION2_14_L -1 -6.264e+04 3.956e+02 3.150e+02
s>        ( QUESTION0_0_R 1 -2.073e+04 3.788e+02 1.028e+02
s>            ( - -1.310e+04 2 0)
s>            ( SILENCE 1 -7.251e+03 2.914e+02 3.785e+01
s>                ( - -3.737e+03 2 0)
s>                ( - -3.222e+03 1 0)))
s>        ( SILENCE 1 -4.151e+04 3.758e+02 2.122e+02
s>            ( QUESTION3 -1 -2.365e+04 3.155e+02 1.244e+02
s>                ( - -1.842e+03 1 0)
s>                ( QUESTION8 -1 -2.149e+04 2.861e+02 1.134e+02
s>                    ( - -5.785e+03 2 0 QUESTION9 -1 1.937e+02 3.167e+01)
s>                    ( - -1.542e+04 3 0 QUESTION2_0_L -1 2.333e+02 8.169e+01)))
s>            ( QUESTION2 -1 -1.748e+04 2.785e+02 8.782e+01
s>                ( - -1.245e+04 3 0 QUESTION0_1_R 1 2.626e+02 6.282e+01)
s>                ( - -4.755e+03 2 0 QUESTION1 -1 2.223e+02 2.500e+01))))INFO: dtree.c(1315): Comp split 5
INFO: dtree.c(1478): Final simple tree
|( QUESTION1 1 -9.193e+04 4.274e+02 4.666e+02
|    ( SILENCE -1 -3.606e+04 2.845e+02 1.846e+02
|        ( - -2.708e+03 1 0)
|        ( QUESTION2_15_L -1 -3.307e+04 2.578e+02 1.696e+02
|            ( - -1.943e+04 3 0 QUESTION0 -1 2.184e+02 1.016e+02)
|            ( - -1.338e+04 3 0 QUESTION0 -1 2.254e+02 6.798e+01)))
|    ( QUESTION10 1 -5.544e+04 3.543e+02 2.819e+02
|        ( - -9.421e+03 4 0 QUESTION2_7_L -1 2.138e+02 4.897e+01)
|        ( QUESTION0_9_R 1 -4.567e+04 3.454e+02 2.330e+02
|            ( - -1.410e+03 1 0)
|            ( QUESTION0_3_R 1 -4.391e+04 2.753e+02 2.240e+02
|                ( - -3.660e+03 2 0)
|                ( QUESTION0_20_R 1 -3.998e+04 2.479e+02 2.030e+02
|                    ( - -8.155e+03 4 0)
|                    ( - -3.157e+04 6 0 QUESTION0_14_R 1 2.298e+02 1.620e+02))))))
s>    ( QUESTION1 1 -9.193e+04 4.274e+02 4.666e+02
s>        ( SILENCE -1 -3.606e+04 2.845e+02 1.846e+02
s>            ( - -2.708e+03 1 0)
s>            ( QUESTION2_15_L -1 -3.307e+04 2.578e+02 1.696e+02
s>                ( - -1.943e+04 3 0 QUESTION0 -1 2.184e+02 1.016e+02)
s>                ( - -1.338e+04 3 0 QUESTION0 -1 2.254e+02 6.798e+01)))
s>        ( QUESTION10 1 -5.544e+04 3.543e+02 2.819e+02
s>            ( - -9.421e+03 4 0 QUESTION2_7_L -1 2.138e+02 4.897e+01)
s>            ( QUESTION0_9_R 1 -4.567e+04 3.454e+02 2.330e+02
s>                ( - -1.410e+03 1 0)
s>                ( QUESTION0_3_R 1 -4.391e+04 2.753e+02 2.240e+02
s>                    ( - -3.660e+03 2 0)
s>                    ( QUESTION0_20_R 1 -3.998e+04 2.479e+02 2.030e+02
s>                        ( - -8.155e+03 4 0)
s>                        ( - -3.157e+04 6 0 QUESTION0_14_R 1 2.298e+02 1.620e+02))))))INFO: dtree.c(1439): stop. leaf nodes are specific
INFO: dtree.c(1478): Final simple tree
|( QUESTION8 -1 -1.861e+04 4.072e+02 1.029e+02
|    ( - -3.121e+03 1 0)
|    ( QUESTION0_0_R 1 -1.508e+04 3.555e+02 8.395e+01
|        ( - -1.312e+03 1 0)
|        ( QUESTION0_13_R 1 -1.341e+04 3.446e+02 7.495e+01
|            ( - -1.004e+04 1 0)
|            ( - -3.024e+03 1 0))))
s>    ( QUESTION8 -1 -1.861e+04 4.072e+02 1.029e+02
s>        ( - -3.121e+03 1 0)
s>        ( QUESTION0_0_R 1 -1.508e+04 3.555e+02 8.395e+01
s>            ( - -1.312e+03 1 0)
s>            ( QUESTION0_13_R 1 -1.341e+04 3.446e+02 7.495e+01
s>                ( - -1.004e+04 1 0)
s>                ( - -3.024e+03 1 0))))INFO: dtree.c(1315): Comp split 6
INFO: dtree.c(1478): Final simple tree
|( QUESTION0_1_R 1 -2.325e+05 3.534e+02 1.158e+03
|    ( - -9.553e+03 4 0 QUESTION0 -1 2.979e+02 4.793e+01)
|    ( QUESTION2_18_L -1 -2.226e+05 3.473e+02 1.110e+03
|        ( QUESTION0_3_R 1 -3.975e+04 4.306e+02 2.002e+02
|            ( - 1.582e+02 1 0)
|            ( - -3.947e+04 8 0 QUESTION0_13_R 1 2.874e+02 1.992e+02))
|        ( QUESTION0_13_R 1 -1.825e+05 3.657e+02 9.095e+02
|            ( - -2.560e+04 7 0 QUESTION2 1 3.020e+02 1.307e+02)
|            ( QUESTION0_3_R 1 -1.565e+05 3.267e+02 7.788e+02
|                ( - -2.475e+04 6 0 QUESTION2 -1 3.005e+02 1.268e+02)
|                ( QUESTION20 -1 -1.315e+05 3.433e+02 6.519e+02
|                    ( QUESTION2_7_L -1 -8.471e+04 3.161e+02 4.233e+02
|                        ( - -1.768e+04 3 0 QUESTION0_0_R 1 1.930e+02 8.656e+01)
|                        ( - -6.672e+04 8 0 QUESTION16 1 2.968e+02 3.367e+02))
|                    ( - -4.642e+04 16 0 QUESTION14 -1 3.133e+02 2.286e+02))))))
s>    ( QUESTION0_1_R 1 -2.325e+05 3.534e+02 1.158e+03
s>        ( - -9.553e+03 4 0 QUESTION0 -1 2.979e+02 4.793e+01)
s>        ( QUESTION2_18_L -1 -2.226e+05 3.473e+02 1.110e+03
s>            ( QUESTION0_3_R 1 -3.975e+04 4.306e+02 2.002e+02
s>                ( - 1.582e+02 1 0)
s>                ( - -3.947e+04 8 0 QUESTION0_13_R 1 2.874e+02 1.992e+02))
s>            ( QUESTION0_13_R 1 -1.825e+05 3.657e+02 9.095e+02
s>                ( - -2.560e+04 7 0 QUESTION2 1 3.020e+02 1.307e+02)
s>                ( QUESTION0_3_R 1 -1.565e+05 3.267e+02 7.788e+02
s>                    ( - -2.475e+04 6 0 QUESTION2 -1 3.005e+02 1.268e+02)
s>                    ( QUESTION20 -1 -1.315e+05 3.433e+02 6.519e+02
s>                        ( QUESTION2_7_L -1 -8.471e+04 3.161e+02 4.233e+02
s>                            ( - -1.768e+04 3 0 QUESTION0_0_R 1 1.930e+02 8.656e+01)
s>                            ( - -6.672e+04 8 0 QUESTION16 1 2.968e+02 3.367e+02))
s>                        ( - -4.642e+04 16 0 QUESTION14 -1 3.133e+02 2.286e+02))))))INFO: dtree.c(1439): stop. leaf nodes are specific
INFO: dtree.c(1478): Final simple tree
|( QUESTION2_7_L -1 -2.780e+04 3.120e+02 1.421e+02
|    ( QUESTION0 -1 -7.180e+03 2.132e+02 3.502e+01
|        ( - -6.061e+03 2 0)
|        ( - -9.061e+02 1 0))
|    ( QUESTION0_0_R 1 -2.031e+04 2.892e+02 1.071e+02
|        ( QUESTION0 -1 -1.567e+04 2.708e+02 8.405e+01
|            ( - -2.496e+03 1 0)
|            ( - -1.291e+04 3 0))
|        ( - -4.345e+03 1 0)))
s>    ( QUESTION2_7_L -1 -2.780e+04 3.120e+02 1.421e+02
s>        ( QUESTION0 -1 -7.180e+03 2.132e+02 3.502e+01
s>            ( - -6.061e+03 2 0)
s>            ( - -9.061e+02 1 0))
s>        ( QUESTION0_0_R 1 -2.031e+04 2.892e+02 1.071e+02
s>            ( QUESTION0 -1 -1.567e+04 2.708e+02 8.405e+01
s>                ( - -2.496e+03 1 0)
s>                ( - -1.291e+04 3 0))
s>            ( - -4.345e+03 1 0)))INFO: dtree.c(1315): Comp split 7
INFO: dtree.c(1439): stop. leaf nodes are specific
INFO: dtree.c(1478): Final simple tree
|( WDBNDRY_E 0 -2.175e+04 2.380e+02 1.100e+02
|    ( - -1.957e+04 1 0)
|    ( QUESTION0_7_R 1 -1.948e+03 1.878e+02 9.000e+00
|        ( - -1.276e+03 1 0)
|        ( - -4.846e+02 1 0)))
s>    ( WDBNDRY_E 0 -2.175e+04 2.380e+02 1.100e+02
s>        ( - -1.957e+04 1 0)
s>        ( QUESTION0_7_R 1 -1.948e+03 1.878e+02 9.000e+00
s>            ( - -1.276e+03 1 0)
s>            ( - -4.846e+02 1 0)))INFO: dtree.c(1315): Comp split 8
INFO: dtree.c(1478): Final simple tree
|( QUESTION0_3_R 1 -1.716e+05 4.293e+02 8.521e+02
|    ( - 1.582e+02 1 0)
|    ( QUESTION2_18_L -1 -1.713e+05 3.555e+02 8.511e+02
|        ( - -3.947e+04 8 0 QUESTION0_13_R 1 2.874e+02 1.992e+02)
|        ( QUESTION20 -1 -1.315e+05 3.433e+02 6.519e+02
|            ( QUESTION2_7_L -1 -8.471e+04 3.161e+02 4.233e+02
|                ( - -1.768e+04 3 0 QUESTION0_0_R 1 1.930e+02 8.656e+01)
|                ( QUESTION16 1 -6.672e+04 2.968e+02 3.367e+02
|                    ( - -9.258e+03 2 0 QUESTION0_6_R 1 1.915e+02 4.627e+01)
|                    ( QUESTION0_6_R 1 -5.716e+04 3.020e+02 2.905e+02
|                        ( - -3.123e+03 1 0)
|                        ( - -5.374e+04 5 0 QUESTION0_0_R 1 2.191e+02 2.725e+02))))
|            ( QUESTION14 -1 -4.642e+04 3.133e+02 2.286e+02
|                ( - -2.990e+03 1 0)
|                ( - -4.312e+04 15 0 QUESTION0_9_R 1 2.939e+02 2.126e+02)))))
s>    ( QUESTION0_3_R 1 -1.716e+05 4.293e+02 8.521e+02
s>        ( - 1.582e+02 1 0)
s>        ( QUESTION2_18_L -1 -1.713e+05 3.555e+02 8.511e+02
s>            ( - -3.947e+04 8 0 QUESTION0_13_R 1 2.874e+02 1.992e+02)
s>            ( QUESTION20 -1 -1.315e+05 3.433e+02 6.519e+02
s>                ( QUESTION2_7_L -1 -8.471e+04 3.161e+02 4.233e+02
s>                    ( - -1.768e+04 3 0 QUESTION0_0_R 1 1.930e+02 8.656e+01)
s>                    ( QUESTION16 1 -6.672e+04 2.968e+02 3.367e+02
s>                        ( - -9.258e+03 2 0 QUESTION0_6_R 1 1.915e+02 4.627e+01)
s>                        ( QUESTION0_6_R 1 -5.716e+04 3.020e+02 2.905e+02
s>                            ( - -3.123e+03 1 0)
s>                            ( - -5.374e+04 5 0 QUESTION0_0_R 1 2.191e+02 2.725e+02))))
s>                ( QUESTION14 -1 -4.642e+04 3.133e+02 2.286e+02
s>                    ( - -2.990e+03 1 0)
s>                    ( - -4.312e+04 15 0 QUESTION0_9_R 1 2.939e+02 2.126e+02)))))INFO: dtree.c(1478): Final simple tree
|( QUESTION0 1 -6.044e+04 3.354e+02 3.055e+02
|    ( QUESTION20 -1 -4.627e+04 3.049e+02 2.366e+02
|        ( QUESTION2_7_L -1 -1.767e+04 3.081e+02 9.006e+01
|            ( - -4.723e+03 1 0)
|            ( - -1.264e+04 3 0 QUESTION0_0_R 1 2.336e+02 6.706e+01))
|        ( QUESTION2 -1 -2.830e+04 2.897e+02 1.465e+02
|            ( QUESTION0_0_R 1 -8.574e+03 2.476e+02 4.478e+01
|                ( - -7.331e+03 1 0)
|                ( - -9.953e+02 1 0))
|            ( - -1.944e+04 6 0 QUESTION0_14_R 1 2.461e+02 1.017e+02)))
|    ( QUESTION8 -1 -1.383e+04 2.887e+02 6.894e+01
|        ( - -5.916e+02 1 0)
|        ( QUESTION0_0_R 1 -1.295e+04 2.602e+02 6.494e+01
|            ( - -8.664e+03 3 0 SILENCE -1 1.787e+02 4.393e+01)
|            ( - -4.026e+03 1 0))))
s>    ( QUESTION0 1 -6.044e+04 3.354e+02 3.055e+02
s>        ( QUESTION20 -1 -4.627e+04 3.049e+02 2.366e+02
s>            ( QUESTION2_7_L -1 -1.767e+04 3.081e+02 9.006e+01
s>                ( - -4.723e+03 1 0)
s>                ( - -1.264e+04 3 0 QUESTION0_0_R 1 2.336e+02 6.706e+01))
s>            ( QUESTION2 -1 -2.830e+04 2.897e+02 1.465e+02
s>                ( QUESTION0_0_R 1 -8.574e+03 2.476e+02 4.478e+01
s>                    ( - -7.331e+03 1 0)
s>                    ( - -9.953e+02 1 0))
s>                ( - -1.944e+04 6 0 QUESTION0_14_R 1 2.461e+02 1.017e+02)))
s>        ( QUESTION8 -1 -1.383e+04 2.887e+02 6.894e+01
s>            ( - -5.916e+02 1 0)
s>            ( QUESTION0_0_R 1 -1.295e+04 2.602e+02 6.494e+01
s>                ( - -8.664e+03 3 0 SILENCE -1 1.787e+02 4.393e+01)
s>                ( - -4.026e+03 1 0))))INFO: dtree.c(1315): Comp split 9
INFO: dtree.c(1478): Final simple tree
|( QUESTION20 -1 -9.722e+04 3.670e+02 4.851e+02
|    ( - -5.374e+04 5 0 QUESTION0_0_R 1 2.191e+02 2.725e+02)
|    ( QUESTION0_9_R 1 -4.312e+04 2.939e+02 2.126e+02
|        ( - -2.181e+04 5 0 QUESTION2 -1 2.087e+02 1.080e+02)
|        ( QUESTION9 1 -2.102e+04 2.819e+02 1.046e+02
|            ( - -6.423e+02 1 0)
|            ( SILENCE -1 -2.009e+04 2.768e+02 1.006e+02
|                ( - -1.684e+03 1 0)
|                ( QUESTION3 -1 -1.813e+04 2.734e+02 9.064e+01
|                    ( QUESTION0_0_R 1 -3.871e+03 4.115e+02 2.100e+01
|                        ( - -2.301e+03 1 0)
|                        ( - -1.158e+03 1 0))
|                    ( QUESTION0_0_R 1 -1.399e+04 2.428e+02 6.964e+01
|                        ( - -7.727e+03 3 0 QUESTION1 -1 2.025e+02 3.917e+01)
|                        ( - -6.016e+03 3 0 QUESTION1 -1 2.090e+02 3.047e+01)))))))
s>    ( QUESTION20 -1 -9.722e+04 3.670e+02 4.851e+02
s>        ( - -5.374e+04 5 0 QUESTION0_0_R 1 2.191e+02 2.725e+02)
s>        ( QUESTION0_9_R 1 -4.312e+04 2.939e+02 2.126e+02
s>            ( - -2.181e+04 5 0 QUESTION2 -1 2.087e+02 1.080e+02)
s>            ( QUESTION9 1 -2.102e+04 2.819e+02 1.046e+02
s>                ( - -6.423e+02 1 0)
s>                ( SILENCE -1 -2.009e+04 2.768e+02 1.006e+02
s>                    ( - -1.684e+03 1 0)
s>                    ( QUESTION3 -1 -1.813e+04 2.734e+02 9.064e+01
s>                        ( QUESTION0_0_R 1 -3.871e+03 4.115e+02 2.100e+01
s>                            ( - -2.301e+03 1 0)
s>                            ( - -1.158e+03 1 0))
s>                        ( QUESTION0_0_R 1 -1.399e+04 2.428e+02 6.964e+01
s>                            ( - -7.727e+03 3 0 QUESTION1 -1 2.025e+02 3.917e+01)
s>                            ( - -6.016e+03 3 0 QUESTION1 -1 2.090e+02 3.047e+01)))))))INFO: dtree.c(1478): Final simple tree
|( QUESTION0_3_R 1 -7.386e+04 4.288e+02 3.670e+02
|    ( - 1.582e+02 1 0)
|    ( QUESTION13 1 -7.359e+04 2.949e+02 3.660e+02
|        ( - -3.123e+03 1 0)
|        ( QUESTION1 -1 -7.018e+04 2.950e+02 3.480e+02
|            ( QUESTION0_13_R 1 -3.947e+04 2.874e+02 1.992e+02
|                ( - -6.100e+03 2 0 QUESTION0 1 1.622e+02 3.073e+01)
|                ( QUESTION9 1 -3.309e+04 2.690e+02 1.684e+02
|                    ( - -2.125e+04 1 0)
|                    ( QUESTION0_8_R 1 -1.157e+04 2.838e+02 5.903e+01
|                        ( - -5.369e+03 2 0 QUESTION17 1 2.386e+02 2.803e+01)
|                        ( - -5.913e+03 3 0 QUESTION0_6_R 1 2.029e+02 3.100e+01))))
|            ( QUESTION0 -1 -3.041e+04 2.730e+02 1.488e+02
|                ( - -2.990e+03 1 0)
|                ( - -2.715e+04 5 0 QUESTION0_11_R 1 2.123e+02 1.328e+02)))))
s>    ( QUESTION0_3_R 1 -7.386e+04 4.288e+02 3.670e+02
s>        ( - 1.582e+02 1 0)
s>        ( QUESTION13 1 -7.359e+04 2.949e+02 3.660e+02
s>            ( - -3.123e+03 1 0)
s>            ( QUESTION1 -1 -7.018e+04 2.950e+02 3.480e+02
s>                ( QUESTION0_13_R 1 -3.947e+04 2.874e+02 1.992e+02
s>                    ( - -6.100e+03 2 0 QUESTION0 1 1.622e+02 3.073e+01)
s>                    ( QUESTION9 1 -3.309e+04 2.690e+02 1.684e+02
s>                        ( - -2.125e+04 1 0)
s>                        ( QUESTION0_8_R 1 -1.157e+04 2.838e+02 5.903e+01
s>                            ( - -5.369e+03 2 0 QUESTION17 1 2.386e+02 2.803e+01)
s>                            ( - -5.913e+03 3 0 QUESTION0_6_R 1 2.029e+02 3.100e+01))))
s>                ( QUESTION0 -1 -3.041e+04 2.730e+02 1.488e+02
s>                    ( - -2.990e+03 1 0)
s>                    ( - -2.715e+04 5 0 QUESTION0_11_R 1 2.123e+02 1.328e+02)))))INFO: dtree.c(1315): Comp split 10
INFO: dtree.c(1478): Final simple tree
|( QUESTION0_0_R 1 -4.906e+04 3.609e+02 2.500e+02
|    ( QUESTION2 -1 -1.748e+04 2.785e+02 8.782e+01
|        ( QUESTION0_1_R 1 -1.245e+04 2.626e+02 6.282e+01
|            ( - -9.112e+03 2 0)
|            ( - -3.074e+03 1 0))
|        ( - -4.755e+03 2 0 QUESTION1 -1 2.223e+02 2.500e+01))
|    ( SILENCE 1 -3.122e+04 3.301e+02 1.622e+02
|        ( QUESTION8 -1 -2.766e+04 3.116e+02 1.434e+02
|            ( - -5.785e+03 2 0 QUESTION9 -1 1.937e+02 3.167e+01)
|            ( QUESTION3 -1 -2.157e+04 2.902e+02 1.117e+02
|                ( - -1.842e+03 1 0)
|                ( QUESTION2_14_L -1 -1.944e+04 2.744e+02 1.007e+02
|                    ( - -3.737e+03 2 0)
|                    ( - -1.542e+04 3 0 QUESTION2_0_L -1 2.333e+02 8.169e+01))))
|        ( - -3.222e+03 1 0)))
s>    ( QUESTION0_0_R 1 -4.906e+04 3.609e+02 2.500e+02
s>        ( QUESTION2 -1 -1.748e+04 2.785e+02 8.782e+01
s>            ( QUESTION0_1_R 1 -1.245e+04 2.626e+02 6.282e+01
s>                ( - -9.112e+03 2 0)
s>                ( - -3.074e+03 1 0))
s>            ( - -4.755e+03 2 0 QUESTION1 -1 2.223e+02 2.500e+01))
s>        ( SILENCE 1 -3.122e+04 3.301e+02 1.622e+02
s>            ( QUESTION8 -1 -2.766e+04 3.116e+02 1.434e+02
s>                ( - -5.785e+03 2 0 QUESTION9 -1 1.937e+02 3.167e+01)
s>                ( QUESTION3 -1 -2.157e+04 2.902e+02 1.117e+02
s>                    ( - -1.842e+03 1 0)
s>                    ( QUESTION2_14_L -1 -1.944e+04 2.744e+02 1.007e+02
s>                        ( - -3.737e+03 2 0)
s>                        ( - -1.542e+04 3 0 QUESTION2_0_L -1 2.333e+02 8.169e+01))))
s>            ( - -3.222e+03 1 0)))INFO: dtree.c(1315): Comp split 11
INFO: dtree.c(1439): stop. leaf nodes are specific
INFO: dtree.c(1478): Final simple tree
|( QUESTION0_0_R 1 -1.059e+04 3.379e+02 5.447e+01
|    ( - -2.301e+03 1 0)
|    ( SILENCE -1 -7.947e+03 2.467e+02 4.047e+01
|        ( - -1.684e+03 1 0)
|        ( QUESTION1 -1 -6.016e+03 2.090e+02 3.047e+01
|            ( - -1.659e+03 1 0)
|            ( - -4.148e+03 2 0))))
s>    ( QUESTION0_0_R 1 -1.059e+04 3.379e+02 5.447e+01
s>        ( - -2.301e+03 1 0)
s>        ( SILENCE -1 -7.947e+03 2.467e+02 4.047e+01
s>            ( - -1.684e+03 1 0)
s>            ( QUESTION1 -1 -6.016e+03 2.090e+02 3.047e+01
s>                ( - -1.659e+03 1 0)
s>                ( - -4.148e+03 2 0))))INFO: dtree.c(1478): Final simple tree
|( QUESTION20 -1 -8.616e+04 3.050e+02 4.306e+02
|    ( QUESTION0_0_R 1 -5.374e+04 2.191e+02 2.725e+02
|        ( - -3.509e+04 2 0)
|        ( - -1.842e+04 3 0))
|    ( QUESTION13 1 -3.212e+04 2.836e+02 1.582e+02
|        ( - -6.423e+02 1 0)
|        ( QUESTION0_7_R 1 -3.120e+04 2.833e+02 1.542e+02
|            ( - -5.748e+03 1 0)
|            ( QUESTION0_0_R 1 -2.517e+04 2.774e+02 1.230e+02
|                ( QUESTION3 -1 -2.373e+04 2.035e+02 1.160e+02
|                    ( - -4.395e+03 1 0)
|                    ( QUESTION1 -1 -1.913e+04 1.926e+02 9.209e+01
|                        ( - -2.367e+03 2 0 QUESTION0_6_R 1 2.030e+02 1.100e+01)
|                        ( - -1.657e+04 4 0 QUESTION0_6_R 1 2.378e+02 8.109e+01)))
|                ( - -1.158e+03 1 0)))))
s>    ( QUESTION20 -1 -8.616e+04 3.050e+02 4.306e+02
s>        ( QUESTION0_0_R 1 -5.374e+04 2.191e+02 2.725e+02
s>            ( - -3.509e+04 2 0)
s>            ( - -1.842e+04 3 0))
s>        ( QUESTION13 1 -3.212e+04 2.836e+02 1.582e+02
s>            ( - -6.423e+02 1 0)
s>            ( QUESTION0_7_R 1 -3.120e+04 2.833e+02 1.542e+02
s>                ( - -5.748e+03 1 0)
s>                ( QUESTION0_0_R 1 -2.517e+04 2.774e+02 1.230e+02
s>                    ( QUESTION3 -1 -2.373e+04 2.035e+02 1.160e+02
s>                        ( - -4.395e+03 1 0)
s>                        ( QUESTION1 -1 -1.913e+04 1.926e+02 9.209e+01
s>                            ( - -2.367e+03 2 0 QUESTION0_6_R 1 2.030e+02 1.100e+01)
s>                            ( - -1.657e+04 4 0 QUESTION0_6_R 1 2.378e+02 8.109e+01)))
s>                    ( - -1.158e+03 1 0)))))INFO: dtree.c(1315): Comp split 12
INFO: dtree.c(1439): stop. leaf nodes are specific
INFO: dtree.c(1478): Final simple tree
|( QUESTION0_5_R 1 -1.414e+04 4.499e+02 7.555e+01
|    ( - 2.222e+02 1 0)
|    ( QUESTION0_1_R 1 -1.391e+04 1.798e+02 7.455e+01
|        ( - -1.265e+04 2 0)
|        ( - -1.081e+03 1 0)))
s>    ( QUESTION0_5_R 1 -1.414e+04 4.499e+02 7.555e+01
s>        ( - 2.222e+02 1 0)
s>        ( QUESTION0_1_R 1 -1.391e+04 1.798e+02 7.455e+01
s>            ( - -1.265e+04 2 0)
s>            ( - -1.081e+03 1 0)))INFO: dtree.c(1439): stop. leaf nodes are specific
INFO: dtree.c(1478): Final simple tree
|( SILENCE 1 -2.343e+04 3.449e+02 1.143e+02
|    ( - -1.691e+04 1 0)
|    ( QUESTION0_5_R 1 -6.173e+03 3.007e+02 3.099e+01
|        ( - -2.959e+03 1 0)
|        ( WDBNDRY_E 0 -2.914e+03 2.826e+02 1.500e+01
|            ( - -8.402e+02 1 0)
|            ( - -1.791e+03 1 0))))
s>    ( SILENCE 1 -2.343e+04 3.449e+02 1.143e+02
s>        ( - -1.691e+04 1 0)
s>        ( QUESTION0_5_R 1 -6.173e+03 3.007e+02 3.099e+01
s>            ( - -2.959e+03 1 0)
s>            ( WDBNDRY_E 0 -2.914e+03 2.826e+02 1.500e+01
s>                ( - -8.402e+02 1 0)
s>                ( - -1.791e+03 1 0))))INFO: dtree.c(1315): Comp split 13
INFO: dtree.c(1439): stop. leaf nodes are specific
INFO: dtree.c(1478): Final simple tree
|( QUESTION0_9_R 1 -4.974e+04 3.453e+02 2.519e+02
|    ( QUESTION2_7_L -1 -9.421e+03 2.138e+02 4.897e+01
|        ( - -1.605e+03 1 0)
|        ( - -7.602e+03 3 0))
|    ( QUESTION0_20_R 1 -3.998e+04 2.479e+02 2.030e+02
|        ( - -8.155e+03 4 0)
|        ( QUESTION0_14_R 1 -3.157e+04 2.298e+02 1.620e+02
|            ( - -1.072e+03 1 0)
|            ( QUESTION0_7_R 1 -3.027e+04 2.134e+02 1.550e+02
|                ( - -1.275e+03 1 0)
|                ( QUESTION0_0_R 1 -2.878e+04 2.015e+02 1.480e+02
|                    ( - -1.347e+04 2 0)
|                    ( - -1.512e+04 2 0))))))
s>    ( QUESTION0_9_R 1 -4.974e+04 3.453e+02 2.519e+02
s>        ( QUESTION2_7_L -1 -9.421e+03 2.138e+02 4.897e+01
s>            ( - -1.605e+03 1 0)
s>            ( - -7.602e+03 3 0))
s>        ( QUESTION0_20_R 1 -3.998e+04 2.479e+02 2.030e+02
s>            ( - -8.155e+03 4 0)
s>            ( QUESTION0_14_R 1 -3.157e+04 2.298e+02 1.620e+02
s>                ( - -1.072e+03 1 0)
s>                ( QUESTION0_7_R 1 -3.027e+04 2.134e+02 1.550e+02
s>                    ( - -1.275e+03 1 0)
s>                    ( QUESTION0_0_R 1 -2.878e+04 2.015e+02 1.480e+02
s>                        ( - -1.347e+04 2 0)
s>                        ( - -1.512e+04 2 0))))))INFO: dtree.c(1478): Final simple tree
|( QUESTION0_0_R 1 -4.173e+04 3.564e+02 2.146e+02
|    ( QUESTION0_3_R 1 -5.315e+03 2.449e+02 3.000e+01
|        ( - -3.660e+03 2 0)
|        ( - -1.410e+03 1 0))
|    ( SILENCE -1 -3.606e+04 2.845e+02 1.846e+02
|        ( - -2.708e+03 1 0)
|        ( QUESTION2_15_L -1 -3.307e+04 2.578e+02 1.696e+02
|            ( QUESTION0 -1 -1.943e+04 2.184e+02 1.016e+02
|                ( - -1.333e+04 1 0)
|                ( - -5.882e+03 2 0))
|            ( QUESTION0 -1 -1.338e+04 2.254e+02 6.798e+01
|                ( - -2.682e+03 1 0)
|                ( QUESTION2_0_L -1 -1.047e+04 2.046e+02 5.299e+01
|                    ( - -1.794e+03 1 0)
|                    ( - -8.470e+03 1 0))))))
s>    ( QUESTION0_0_R 1 -4.173e+04 3.564e+02 2.146e+02
s>        ( QUESTION0_3_R 1 -5.315e+03 2.449e+02 3.000e+01
s>            ( - -3.660e+03 2 0)
s>            ( - -1.410e+03 1 0))
s>        ( SILENCE -1 -3.606e+04 2.845e+02 1.846e+02
s>            ( - -2.708e+03 1 0)
s>            ( QUESTION2_15_L -1 -3.307e+04 2.578e+02 1.696e+02
s>                ( QUESTION0 -1 -1.943e+04 2.184e+02 1.016e+02
s>                    ( - -1.333e+04 1 0)
s>                    ( - -5.882e+03 2 0))
s>                ( QUESTION0 -1 -1.338e+04 2.254e+02 6.798e+01
s>                    ( - -2.682e+03 1 0)
s>                    ( QUESTION2_0_L -1 -1.047e+04 2.046e+02 5.299e+01
s>                        ( - -1.794e+03 1 0)
s>                        ( - -8.470e+03 1 0))))))INFO: dtree.c(1315): Comp split 14
INFO: dtree.c(1439): stop. leaf nodes are specific
INFO: dtree.c(1478): Final simple tree
|( QUESTION0_1_R 1 -1.391e+04 1.798e+02 7.455e+01
|    ( - -1.265e+04 2 0)
|    ( - -1.081e+03 1 0))
s>    ( QUESTION0_1_R 1 -1.391e+04 1.798e+02 7.455e+01
s>        ( - -1.265e+04 2 0)
s>        ( - -1.081e+03 1 0))INFO: dtree.c(1315): Comp split 15
INFO: dtree.c(1478): Final simple tree
|( QUESTION13 1 -7.359e+04 2.949e+02 3.660e+02
|    ( - -3.123e+03 1 0)
|    ( QUESTION1 -1 -7.018e+04 2.950e+02 3.480e+02
|        ( QUESTION0_13_R 1 -3.947e+04 2.874e+02 1.992e+02
|            ( - -6.100e+03 2 0 QUESTION0 1 1.622e+02 3.073e+01)
|            ( QUESTION9 1 -3.309e+04 2.690e+02 1.684e+02
|                ( - -2.125e+04 1 0)
|                ( QUESTION0_8_R 1 -1.157e+04 2.838e+02 5.903e+01
|                    ( QUESTION17 1 -5.369e+03 2.386e+02 2.803e+01
|                        ( - -2.778e+03 1 0)
|                        ( - -2.352e+03 1 0))
|                    ( - -5.913e+03 3 0 QUESTION0_6_R 1 2.029e+02 3.100e+01))))
|        ( QUESTION0 -1 -3.041e+04 2.730e+02 1.488e+02
|            ( - -2.990e+03 1 0)
|            ( - -2.715e+04 5 0 QUESTION0_11_R 1 2.123e+02 1.328e+02))))
s>    ( QUESTION13 1 -7.359e+04 2.949e+02 3.660e+02
s>        ( - -3.123e+03 1 0)
s>        ( QUESTION1 -1 -7.018e+04 2.950e+02 3.480e+02
s>            ( QUESTION0_13_R 1 -3.947e+04 2.874e+02 1.992e+02
s>                ( - -6.100e+03 2 0 QUESTION0 1 1.622e+02 3.073e+01)
s>                ( QUESTION9 1 -3.309e+04 2.690e+02 1.684e+02
s>                    ( - -2.125e+04 1 0)
s>                    ( QUESTION0_8_R 1 -1.157e+04 2.838e+02 5.903e+01
s>                        ( QUESTION17 1 -5.369e+03 2.386e+02 2.803e+01
s>                            ( - -2.778e+03 1 0)
s>                            ( - -2.352e+03 1 0))
s>                        ( - -5.913e+03 3 0 QUESTION0_6_R 1 2.029e+02 3.100e+01))))
s>            ( QUESTION0 -1 -3.041e+04 2.730e+02 1.488e+02
s>                ( - -2.990e+03 1 0)
s>                ( - -2.715e+04 5 0 QUESTION0_11_R 1 2.123e+02 1.328e+02))))INFO: dtree.c(1315): Comp split 16
INFO: dtree.c(1478): Final simple tree
|( QUESTION0_13_R 1 -4.220e+04 2.253e+02 2.076e+02
|    ( - -6.100e+03 2 0 QUESTION0 1 1.622e+02 3.073e+01)
|    ( QUESTION0 -1 -3.588e+04 2.576e+02 1.768e+02
|        ( QUESTION0_6_R 1 -8.472e+03 2.293e+02 4.403e+01
|            ( QUESTION0_7_R 1 -3.934e+03 1.806e+02 2.103e+01
|                ( - -1.402e+03 1 0)
|                ( - -2.352e+03 1 0))
|            ( QUESTION0_0_R 1 -4.309e+03 1.823e+02 2.300e+01
|                ( - -1.934e+03 1 0)
|                ( - -2.192e+03 1 0)))
|        ( QUESTION0_11_R 1 -2.715e+04 2.123e+02 1.328e+02
|            ( - -1.739e+03 1 0)
|            ( QUESTION0_0_R 1 -2.519e+04 2.035e+02 1.228e+02
|                ( - -2.119e+04 2 0 QUESTION0_6_R 1 1.745e+02 1.028e+02)
|                ( - -3.802e+03 2 0)))))
s>    ( QUESTION0_13_R 1 -4.220e+04 2.253e+02 2.076e+02
s>        ( - -6.100e+03 2 0 QUESTION0 1 1.622e+02 3.073e+01)
s>        ( QUESTION0 -1 -3.588e+04 2.576e+02 1.768e+02
s>            ( QUESTION0_6_R 1 -8.472e+03 2.293e+02 4.403e+01
s>                ( QUESTION0_7_R 1 -3.934e+03 1.806e+02 2.103e+01
s>                    ( - -1.402e+03 1 0)
s>                    ( - -2.352e+03 1 0))
s>                ( QUESTION0_0_R 1 -4.309e+03 1.823e+02 2.300e+01
s>                    ( - -1.934e+03 1 0)
s>                    ( - -2.192e+03 1 0)))
s>            ( QUESTION0_11_R 1 -2.715e+04 2.123e+02 1.328e+02
s>                ( - -1.739e+03 1 0)
s>                ( QUESTION0_0_R 1 -2.519e+04 2.035e+02 1.228e+02
s>                    ( - -2.119e+04 2 0 QUESTION0_6_R 1 1.745e+02 1.028e+02)
s>                    ( - -3.802e+03 2 0)))))INFO: dtree.c(1439): stop. leaf nodes are specific
INFO: dtree.c(1478): Final simple tree
|( QUESTION0_7_R 1 -3.095e+04 3.065e+02 1.584e+02
|    ( - -3.123e+03 1 0)
|    ( QUESTION0_0_R 1 -2.753e+04 2.612e+02 1.404e+02
|        ( QUESTION0_6_R 1 -2.427e+04 2.452e+02 1.244e+02
|            ( - -2.778e+03 1 0)
|            ( - -2.125e+04 1 0))
|        ( - -2.990e+03 1 0)))
s>    ( QUESTION0_7_R 1 -3.095e+04 3.065e+02 1.584e+02
s>        ( - -3.123e+03 1 0)
s>        ( QUESTION0_0_R 1 -2.753e+04 2.612e+02 1.404e+02
s>            ( QUESTION0_6_R 1 -2.427e+04 2.452e+02 1.244e+02
s>                ( - -2.778e+03 1 0)
s>                ( - -2.125e+04 1 0))
s>            ( - -2.990e+03 1 0)))INFO: dtree.c(1315): Comp split 17
INFO: dtree.c(1439): stop. leaf nodes are specific
INFO: dtree.c(1478): Final simple tree
|( QUESTION0_0_R 1 -1.508e+04 3.555e+02 8.395e+01
|    ( - -1.312e+03 1 0)
|    ( QUESTION0_13_R 1 -1.341e+04 3.446e+02 7.495e+01
|        ( - -1.004e+04 1 0)
|        ( - -3.024e+03 1 0)))
s>    ( QUESTION0_0_R 1 -1.508e+04 3.555e+02 8.395e+01
s>        ( - -1.312e+03 1 0)
s>        ( QUESTION0_13_R 1 -1.341e+04 3.446e+02 7.495e+01
s>            ( - -1.004e+04 1 0)
s>            ( - -3.024e+03 1 0)))INFO: dtree.c(1315): Comp split 18
INFO: dtree.c(1439): stop. leaf nodes are specific
INFO: dtree.c(1478): Final simple tree
|( QUESTION0_0_R 1 -6.546e+03 2.507e+02 3.585e+01
|    ( - -3.074e+03 1 0)
|    ( - -3.222e+03 1 0))
s>    ( QUESTION0_0_R 1 -6.546e+03 2.507e+02 3.585e+01
s>        ( - -3.074e+03 1 0)
s>        ( - -3.222e+03 1 0))INFO: dtree.c(1478): Final simple tree
|( SILENCE 1 -4.214e+04 3.524e+02 2.142e+02
|    ( QUESTION8 -1 -2.766e+04 3.116e+02 1.434e+02
|        ( - -5.785e+03 2 0 QUESTION9 -1 1.937e+02 3.167e+01)
|        ( QUESTION3 -1 -2.157e+04 2.902e+02 1.117e+02
|            ( - -1.842e+03 1 0)
|            ( QUESTION2_14_L -1 -1.944e+04 2.744e+02 1.007e+02
|                ( - -3.737e+03 2 0)
|                ( QUESTION2_0_L -1 -1.542e+04 2.333e+02 8.169e+01
|                    ( - -1.798e+03 1 0)
|                    ( - -1.339e+04 2 0 QUESTION0 -1 1.898e+02 7.175e+01)))))
|    ( QUESTION1 -1 -1.412e+04 2.649e+02 7.082e+01
|        ( QUESTION0_1_R 1 -1.227e+04 2.129e+02 6.182e+01
|            ( - -9.112e+03 2 0)
|            ( - -2.943e+03 1 0))
|        ( - -1.590e+03 1 0)))
s>    ( SILENCE 1 -4.214e+04 3.524e+02 2.142e+02
s>        ( QUESTION8 -1 -2.766e+04 3.116e+02 1.434e+02
s>            ( - -5.785e+03 2 0 QUESTION9 -1 1.937e+02 3.167e+01)
s>            ( QUESTION3 -1 -2.157e+04 2.902e+02 1.117e+02
s>                ( - -1.842e+03 1 0)
s>                ( QUESTION2_14_L -1 -1.944e+04 2.744e+02 1.007e+02
s>                    ( - -3.737e+03 2 0)
s>                    ( QUESTION2_0_L -1 -1.542e+04 2.333e+02 8.169e+01
s>                        ( - -1.798e+03 1 0)
s>                        ( - -1.339e+04 2 0 QUESTION0 -1 1.898e+02 7.175e+01)))))
s>        ( QUESTION1 -1 -1.412e+04 2.649e+02 7.082e+01
s>            ( QUESTION0_1_R 1 -1.227e+04 2.129e+02 6.182e+01
s>                ( - -9.112e+03 2 0)
s>                ( - -2.943e+03 1 0))
s>            ( - -1.590e+03 1 0)))INFO: dtree.c(1315): Comp split 19
INFO: dtree.c(1478): Final simple tree
|( QUESTION2 1 -5.535e+04 3.203e+02 2.825e+02
|    ( QUESTION1 -1 -8.396e+03 2.389e+02 4.300e+01
|        ( - -9.953e+02 1 0)
|        ( QUESTION0 -1 -7.162e+03 2.316e+02 3.700e+01
|            ( - -1.559e+03 1 0)
|            ( - -5.371e+03 2 0)))
|    ( QUESTION3 -1 -4.663e+04 2.852e+02 2.395e+02
|        ( - -2.172e+03 1 0)
|        ( QUESTION2_13_L -1 -4.417e+04 2.984e+02 2.265e+02
|            ( QUESTION0_0_R 1 -1.884e+04 2.349e+02 9.885e+01
|                ( - -1.458e+04 2 0 QUESTION0 -1 2.129e+02 7.784e+01)
|                ( - -4.026e+03 1 0))
|            ( QUESTION20 -1 -2.504e+04 2.744e+02 1.277e+02
|                ( - -6.112e+03 2 0)
|                ( - -1.865e+04 6 0 QUESTION0_15_R 1 2.216e+02 9.474e+01)))))
s>    ( QUESTION2 1 -5.535e+04 3.203e+02 2.825e+02
s>        ( QUESTION1 -1 -8.396e+03 2.389e+02 4.300e+01
s>            ( - -9.953e+02 1 0)
s>            ( QUESTION0 -1 -7.162e+03 2.316e+02 3.700e+01
s>                ( - -1.559e+03 1 0)
s>                ( - -5.371e+03 2 0)))
s>        ( QUESTION3 -1 -4.663e+04 2.852e+02 2.395e+02
s>            ( - -2.172e+03 1 0)
s>            ( QUESTION2_13_L -1 -4.417e+04 2.984e+02 2.265e+02
s>                ( QUESTION0_0_R 1 -1.884e+04 2.349e+02 9.885e+01
s>                    ( - -1.458e+04 2 0 QUESTION0 -1 2.129e+02 7.784e+01)
s>                    ( - -4.026e+03 1 0))
s>                ( QUESTION20 -1 -2.504e+04 2.744e+02 1.277e+02
s>                    ( - -6.112e+03 2 0)
s>                    ( - -1.865e+04 6 0 QUESTION0_15_R 1 2.216e+02 9.474e+01)))))INFO: dtree.c(1315): Comp split 20
INFO: dtree.c(1439): stop. leaf nodes are specific
INFO: dtree.c(1478): Final simple tree
|( SILENCE -1 -3.606e+04 2.845e+02 1.846e+02
|    ( - -2.708e+03 1 0)
|    ( QUESTION2_15_L -1 -3.307e+04 2.578e+02 1.696e+02
|        ( QUESTION0 -1 -1.943e+04 2.184e+02 1.016e+02
|            ( - -1.333e+04 1 0)
|            ( - -5.882e+03 2 0))
|        ( QUESTION0 -1 -1.338e+04 2.254e+02 6.798e+01
|            ( - -2.682e+03 1 0)
|            ( QUESTION2_0_L -1 -1.047e+04 2.046e+02 5.299e+01
|                ( - -1.794e+03 1 0)
|                ( - -8.470e+03 1 0)))))
s>    ( SILENCE -1 -3.606e+04 2.845e+02 1.846e+02
s>        ( - -2.708e+03 1 0)
s>        ( QUESTION2_15_L -1 -3.307e+04 2.578e+02 1.696e+02
s>            ( QUESTION0 -1 -1.943e+04 2.184e+02 1.016e+02
s>                ( - -1.333e+04 1 0)
s>                ( - -5.882e+03 2 0))
s>            ( QUESTION0 -1 -1.338e+04 2.254e+02 6.798e+01
s>                ( - -2.682e+03 1 0)
s>                ( QUESTION2_0_L -1 -1.047e+04 2.046e+02 5.299e+01
s>                    ( - -1.794e+03 1 0)
s>                    ( - -8.470e+03 1 0)))))INFO: dtree.c(1439): stop. leaf nodes are specific
INFO: dtree.c(1478): Final simple tree
|( QUESTION0_3_R 1 -5.315e+03 2.449e+02 3.000e+01
|    ( - -3.660e+03 2 0)
|    ( - -1.410e+03 1 0))
s>    ( QUESTION0_3_R 1 -5.315e+03 2.449e+02 3.000e+01
s>        ( - -3.660e+03 2 0)
s>        ( - -1.410e+03 1 0))INFO: dtree.c(1315): Comp split 21
INFO: dtree.c(1439): stop. leaf nodes are specific
INFO: dtree.c(1478): Final simple tree
|( QUESTION0_13_R 1 -1.341e+04 3.446e+02 7.495e+01
|    ( - -1.004e+04 1 0)
|    ( - -3.024e+03 1 0))
s>    ( QUESTION0_13_R 1 -1.341e+04 3.446e+02 7.495e+01
s>        ( - -1.004e+04 1 0)
s>        ( - -3.024e+03 1 0))INFO: dtree.c(1315): Comp split 22
INFO: dtree.c(1439): stop. leaf nodes are specific
INFO: dtree.c(1478): Final simple tree
|( QUESTION8 -1 -2.766e+04 3.116e+02 1.434e+02
|    ( QUESTION9 -1 -5.785e+03 1.937e+02 3.167e+01
|        ( - -1.388e+03 1 0)
|        ( - -4.203e+03 1 0))
|    ( QUESTION3 -1 -2.157e+04 2.902e+02 1.117e+02
|        ( - -1.842e+03 1 0)
|        ( QUESTION2_14_L -1 -1.944e+04 2.744e+02 1.007e+02
|            ( - -3.737e+03 2 0)
|            ( QUESTION2_0_L -1 -1.542e+04 2.333e+02 8.169e+01
|                ( - -1.798e+03 1 0)
|                ( QUESTION0 -1 -1.339e+04 1.898e+02 7.175e+01
|                    ( - -9.189e+03 1 0)
|                    ( - -4.013e+03 1 0))))))
s>    ( QUESTION8 -1 -2.766e+04 3.116e+02 1.434e+02
s>        ( QUESTION9 -1 -5.785e+03 1.937e+02 3.167e+01
s>            ( - -1.388e+03 1 0)
s>            ( - -4.203e+03 1 0))
s>        ( QUESTION3 -1 -2.157e+04 2.902e+02 1.117e+02
s>            ( - -1.842e+03 1 0)
s>            ( QUESTION2_14_L -1 -1.944e+04 2.744e+02 1.007e+02
s>                ( - -3.737e+03 2 0)
s>                ( QUESTION2_0_L -1 -1.542e+04 2.333e+02 8.169e+01
s>                    ( - -1.798e+03 1 0)
s>                    ( QUESTION0 -1 -1.339e+04 1.898e+02 7.175e+01
s>                        ( - -9.189e+03 1 0)
s>                        ( - -4.013e+03 1 0))))))INFO: dtree.c(1439): stop. leaf nodes are specific
INFO: dtree.c(1478): Final simple tree
|( QUESTION1 -1 -1.412e+04 2.649e+02 7.082e+01
|    ( QUESTION0_1_R 1 -1.227e+04 2.129e+02 6.182e+01
|        ( - -9.112e+03 2 0)
|        ( - -2.943e+03 1 0))
|    ( - -1.590e+03 1 0))
s>    ( QUESTION1 -1 -1.412e+04 2.649e+02 7.082e+01
s>        ( QUESTION0_1_R 1 -1.227e+04 2.129e+02 6.182e+01
s>            ( - -9.112e+03 2 0)
s>            ( - -2.943e+03 1 0))
s>        ( - -1.590e+03 1 0))INFO: dtree.c(1315): Comp split 23
INFO: dtree.c(1439): stop. leaf nodes are specific
INFO: dtree.c(1478): Final simple tree
|( QUESTION0_1_R 1 -2.523e+04 2.758e+02 1.318e+02
|    ( - -6.112e+03 2 0)
|    ( QUESTION0_0_R 1 -1.884e+04 2.349e+02 9.885e+01
|        ( QUESTION0 -1 -1.458e+04 2.129e+02 7.784e+01
|            ( - -7.331e+03 1 0)
|            ( - -7.034e+03 1 0))
|        ( - -4.026e+03 1 0)))
s>    ( QUESTION0_1_R 1 -2.523e+04 2.758e+02 1.318e+02
s>        ( - -6.112e+03 2 0)
s>        ( QUESTION0_0_R 1 -1.884e+04 2.349e+02 9.885e+01
s>            ( QUESTION0 -1 -1.458e+04 2.129e+02 7.784e+01
s>                ( - -7.331e+03 1 0)
s>                ( - -7.034e+03 1 0))
s>            ( - -4.026e+03 1 0)))INFO: dtree.c(1478): Final simple tree
|( QUESTION2 1 -2.977e+04 3.141e+02 1.507e+02
|    ( QUESTION1 -1 -8.396e+03 2.389e+02 4.300e+01
|        ( - -9.953e+02 1 0)
|        ( QUESTION0 -1 -7.162e+03 2.316e+02 3.700e+01
|            ( - -1.559e+03 1 0)
|            ( - -5.371e+03 2 0)))
|    ( QUESTION1 -1 -2.106e+04 2.369e+02 1.077e+02
|        ( - -2.172e+03 1 0)
|        ( QUESTION0_15_R 1 -1.865e+04 2.216e+02 9.474e+01
|            ( - -9.488e+03 1 0)
|            ( QUESTION0_2_R 1 -8.939e+03 2.053e+02 4.400e+01
|                ( QUESTION14 -1 -2.450e+03 2.021e+02 1.300e+01
|                    ( - -2.616e+02 1 0)
|                    ( - -1.987e+03 1 0))
|                ( - -6.284e+03 3 0 QUESTION0_0_R 1 1.862e+02 3.100e+01)))))
s>    ( QUESTION2 1 -2.977e+04 3.141e+02 1.507e+02
s>        ( QUESTION1 -1 -8.396e+03 2.389e+02 4.300e+01
s>            ( - -9.953e+02 1 0)
s>            ( QUESTION0 -1 -7.162e+03 2.316e+02 3.700e+01
s>                ( - -1.559e+03 1 0)
s>                ( - -5.371e+03 2 0)))
s>        ( QUESTION1 -1 -2.106e+04 2.369e+02 1.077e+02
s>            ( - -2.172e+03 1 0)
s>            ( QUESTION0_15_R 1 -1.865e+04 2.216e+02 9.474e+01
s>                ( - -9.488e+03 1 0)
s>                ( QUESTION0_2_R 1 -8.939e+03 2.053e+02 4.400e+01
s>                    ( QUESTION14 -1 -2.450e+03 2.021e+02 1.300e+01
s>                        ( - -2.616e+02 1 0)
s>                        ( - -1.987e+03 1 0))
s>                    ( - -6.284e+03 3 0 QUESTION0_0_R 1 1.862e+02 3.100e+01)))))INFO: dtree.c(1315): Comp split 24
INFO: dtree.c(1439): stop. leaf nodes are specific
INFO: dtree.c(1478): Final simple tree
|( QUESTION0_20_R 1 -3.998e+04 2.479e+02 2.030e+02
|    ( - -8.155e+03 4 0)
|    ( QUESTION0_14_R 1 -3.157e+04 2.298e+02 1.620e+02
|        ( - -1.072e+03 1 0)
|        ( QUESTION0_7_R 1 -3.027e+04 2.134e+02 1.550e+02
|            ( - -1.275e+03 1 0)
|            ( QUESTION0_0_R 1 -2.878e+04 2.015e+02 1.480e+02
|                ( - -1.347e+04 2 0)
|                ( - -1.512e+04 2 0)))))
s>    ( QUESTION0_20_R 1 -3.998e+04 2.479e+02 2.030e+02
s>        ( - -8.155e+03 4 0)
s>        ( QUESTION0_14_R 1 -3.157e+04 2.298e+02 1.620e+02
s>            ( - -1.072e+03 1 0)
s>            ( QUESTION0_7_R 1 -3.027e+04 2.134e+02 1.550e+02
s>                ( - -1.275e+03 1 0)
s>                ( QUESTION0_0_R 1 -2.878e+04 2.015e+02 1.480e+02
s>                    ( - -1.347e+04 2 0)
s>                    ( - -1.512e+04 2 0)))))INFO: dtree.c(1439): stop. leaf nodes are specific
INFO: dtree.c(1478): Final simple tree
|( QUESTION2_7_L -1 -9.421e+03 2.138e+02 4.897e+01
|    ( - -1.605e+03 1 0)
|    ( - -7.602e+03 3 0))
s>    ( QUESTION2_7_L -1 -9.421e+03 2.138e+02 4.897e+01
s>        ( - -1.605e+03 1 0)
s>        ( - -7.602e+03 3 0))INFO: dtree.c(1315): Comp split 25
INFO: dtree.c(1439): stop. leaf nodes are specific
INFO: dtree.c(1478): Final simple tree
|( QUESTION0_5_R 1 -6.173e+03 3.007e+02 3.099e+01
|    ( - -2.959e+03 1 0)
|    ( WDBNDRY_E 0 -2.914e+03 2.826e+02 1.500e+01
|        ( - -8.402e+02 1 0)
|        ( - -1.791e+03 1 0)))
s>    ( QUESTION0_5_R 1 -6.173e+03 3.007e+02 3.099e+01
s>        ( - -2.959e+03 1 0)
s>        ( WDBNDRY_E 0 -2.914e+03 2.826e+02 1.500e+01
s>            ( - -8.402e+02 1 0)
s>            ( - -1.791e+03 1 0)))INFO: dtree.c(1315): Comp split 26
INFO: dtree.c(1315): Comp split 27
INFO: dtree.c(1439): stop. leaf nodes are specific
INFO: dtree.c(1478): Final simple tree
|( SILENCE -1 -7.947e+03 2.467e+02 4.047e+01
|    ( - -1.684e+03 1 0)
|    ( QUESTION1 -1 -6.016e+03 2.090e+02 3.047e+01
|        ( - -1.659e+03 1 0)
|        ( - -4.148e+03 2 0)))
s>    ( SILENCE -1 -7.947e+03 2.467e+02 4.047e+01
s>        ( - -1.684e+03 1 0)
s>        ( QUESTION1 -1 -6.016e+03 2.090e+02 3.047e+01
s>            ( - -1.659e+03 1 0)
s>            ( - -4.148e+03 2 0)))INFO: dtree.c(1315): Comp split 28
INFO: dtree.c(1439): stop. leaf nodes are specific
INFO: dtree.c(1478): Final simple tree
|( QUESTION0_0_R 1 -9.751e+03 2.665e+02 4.917e+01
|    ( QUESTION0_6_R 1 -8.326e+03 2.166e+02 4.217e+01
|        ( QUESTION0_7_R 1 -7.239e+03 1.981e+02 3.717e+01
|            ( - -5.748e+03 1 0)
|            ( - -1.293e+03 1 0))
|        ( - -8.702e+02 1 0))
|    ( - -1.158e+03 1 0))
s>    ( QUESTION0_0_R 1 -9.751e+03 2.665e+02 4.917e+01
s>        ( QUESTION0_6_R 1 -8.326e+03 2.166e+02 4.217e+01
s>            ( QUESTION0_7_R 1 -7.239e+03 1.981e+02 3.717e+01
s>                ( - -5.748e+03 1 0)
s>                ( - -1.293e+03 1 0))
s>            ( - -8.702e+02 1 0))
s>        ( - -1.158e+03 1 0))INFO: dtree.c(1478): Final simple tree
|( QUESTION0_7_R 1 -7.609e+04 2.698e+02 3.815e+02
|    ( - -6.423e+02 1 0)
|    ( QUESTION20 -1 -7.518e+04 2.714e+02 3.775e+02
|        ( QUESTION0_0_R 1 -5.374e+04 2.191e+02 2.725e+02
|            ( - -3.509e+04 2 0)
|            ( - -1.842e+04 3 0))
|        ( QUESTION0_6_R 1 -2.117e+04 2.363e+02 1.050e+02
|            ( - -2.043e+02 1 0)
|            ( QUESTION8 -1 -2.073e+04 2.064e+02 1.030e+02
|                ( QUESTION0_11_R 1 -7.569e+03 1.789e+02 3.605e+01
|                    ( - -4.055e+02 1 0)
|                    ( - -6.985e+03 1 0))
|                ( SILENCE -1 -1.295e+04 1.730e+02 6.696e+01
|                    ( - -8.384e+03 1 0)
|                    ( - -4.395e+03 1 0))))))
s>    ( QUESTION0_7_R 1 -7.609e+04 2.698e+02 3.815e+02
s>        ( - -6.423e+02 1 0)
s>        ( QUESTION20 -1 -7.518e+04 2.714e+02 3.775e+02
s>            ( QUESTION0_0_R 1 -5.374e+04 2.191e+02 2.725e+02
s>                ( - -3.509e+04 2 0)
s>                ( - -1.842e+04 3 0))
s>            ( QUESTION0_6_R 1 -2.117e+04 2.363e+02 1.050e+02
s>                ( - -2.043e+02 1 0)
s>                ( QUESTION8 -1 -2.073e+04 2.064e+02 1.030e+02
s>                    ( QUESTION0_11_R 1 -7.569e+03 1.789e+02 3.605e+01
s>                        ( - -4.055e+02 1 0)
s>                        ( - -6.985e+03 1 0))
s>                    ( SILENCE -1 -1.295e+04 1.730e+02 6.696e+01
s>                        ( - -8.384e+03 1 0)
s>                        ( - -4.395e+03 1 0))))))INFO: dtree.c(1315): Comp split 29
INFO: dtree.c(1439): stop. leaf nodes are specific
INFO: dtree.c(1478): Final simple tree
|( QUESTION1 -1 -9.947e+03 2.703e+02 4.902e+01
|    ( - -2.496e+03 1 0)
|    ( QUESTION0 -1 -7.180e+03 2.132e+02 3.502e+01
|        ( - -6.061e+03 2 0)
|        ( - -9.061e+02 1 0)))
s>    ( QUESTION1 -1 -9.947e+03 2.703e+02 4.902e+01
s>        ( - -2.496e+03 1 0)
s>        ( QUESTION0 -1 -7.180e+03 2.132e+02 3.502e+01
s>            ( - -6.061e+03 2 0)
s>            ( - -9.061e+02 1 0)))INFO: dtree.c(1439): stop. leaf nodes are specific
INFO: dtree.c(1478): Final simple tree
|( QUESTION0_0_R 1 -1.753e+04 2.796e+02 9.306e+01
|    ( - -1.291e+04 3 0)
|    ( - -4.345e+03 1 0))
s>    ( QUESTION0_0_R 1 -1.753e+04 2.796e+02 9.306e+01
s>        ( - -1.291e+04 3 0)
s>        ( - -4.345e+03 1 0))INFO: dtree.c(1315): Comp split 30
INFO: dtree.c(1439): stop. leaf nodes are specific
INFO: dtree.c(1478): Final simple tree
|( QUESTION0_6_R 1 -5.913e+03 2.029e+02 3.100e+01
|    ( - -1.402e+03 1 0)
|    ( QUESTION0_0_R 1 -4.309e+03 1.823e+02 2.300e+01
|        ( - -1.934e+03 1 0)
|        ( - -2.192e+03 1 0)))
s>    ( QUESTION0_6_R 1 -5.913e+03 2.029e+02 3.100e+01
s>        ( - -1.402e+03 1 0)
s>        ( QUESTION0_0_R 1 -4.309e+03 1.823e+02 2.300e+01
s>            ( - -1.934e+03 1 0)
s>            ( - -2.192e+03 1 0)))INFO: dtree.c(1439): stop. leaf nodes are specific
INFO: dtree.c(1478): Final simple tree
|( QUESTION0_13_R 1 -3.597e+04 2.188e+02 1.766e+02
|    ( QUESTION0 1 -6.100e+03 1.622e+02 3.073e+01
|        ( - -4.108e+03 1 0)
|        ( - -1.829e+03 1 0))
|    ( QUESTION0_11_R 1 -2.965e+04 2.115e+02 1.458e+02
|        ( - -1.739e+03 1 0)
|        ( QUESTION0_0_R 1 -2.770e+04 2.029e+02 1.358e+02
|            ( QUESTION2_14_L -1 -2.370e+04 1.788e+02 1.158e+02
|                ( - -7.327e+03 1 0)
|                ( QUESTION0_6_R 1 -1.619e+04 1.512e+02 7.958e+01
|                    ( - -2.352e+03 1 0)
|                    ( - -1.369e+04 1 0)))
|            ( - -3.802e+03 2 0))))
s>    ( QUESTION0_13_R 1 -3.597e+04 2.188e+02 1.766e+02
s>        ( QUESTION0 1 -6.100e+03 1.622e+02 3.073e+01
s>            ( - -4.108e+03 1 0)
s>            ( - -1.829e+03 1 0))
s>        ( QUESTION0_11_R 1 -2.965e+04 2.115e+02 1.458e+02
s>            ( - -1.739e+03 1 0)
s>            ( QUESTION0_0_R 1 -2.770e+04 2.029e+02 1.358e+02
s>                ( QUESTION2_14_L -1 -2.370e+04 1.788e+02 1.158e+02
s>                    ( - -7.327e+03 1 0)
s>                    ( QUESTION0_6_R 1 -1.619e+04 1.512e+02 7.958e+01
s>                        ( - -2.352e+03 1 0)
s>                        ( - -1.369e+04 1 0)))
s>                ( - -3.802e+03 2 0))))INFO: dtree.c(1315): Comp split 31
INFO: dtree.c(1439): stop. leaf nodes are specific
INFO: dtree.c(1478): Final simple tree
|( QUESTION1 -1 -2.106e+04 2.369e+02 1.077e+02
|    ( - -2.172e+03 1 0)
|    ( QUESTION0_15_R 1 -1.865e+04 2.216e+02 9.474e+01
|        ( - -9.488e+03 1 0)
|        ( QUESTION0_2_R 1 -8.939e+03 2.053e+02 4.400e+01
|            ( QUESTION14 -1 -2.450e+03 2.021e+02 1.300e+01
|                ( - -2.616e+02 1 0)
|                ( - -1.987e+03 1 0))
|            ( QUESTION0_0_R 1 -6.284e+03 1.862e+02 3.100e+01
|                ( SILENCE -1 -3.219e+03 2.549e+02 1.500e+01
|                    ( - -2.373e+03 1 0)
|                    ( - -5.916e+02 1 0))
|                ( - -2.878e+03 1 0)))))
s>    ( QUESTION1 -1 -2.106e+04 2.369e+02 1.077e+02
s>        ( - -2.172e+03 1 0)
s>        ( QUESTION0_15_R 1 -1.865e+04 2.216e+02 9.474e+01
s>            ( - -9.488e+03 1 0)
s>            ( QUESTION0_2_R 1 -8.939e+03 2.053e+02 4.400e+01
s>                ( QUESTION14 -1 -2.450e+03 2.021e+02 1.300e+01
s>                    ( - -2.616e+02 1 0)
s>                    ( - -1.987e+03 1 0))
s>                ( QUESTION0_0_R 1 -6.284e+03 1.862e+02 3.100e+01
s>                    ( SILENCE -1 -3.219e+03 2.549e+02 1.500e+01
s>                        ( - -2.373e+03 1 0)
s>                        ( - -5.916e+02 1 0))
s>                    ( - -2.878e+03 1 0)))))INFO: dtree.c(1439): stop. leaf nodes are specific
INFO: dtree.c(1478): Final simple tree
|( QUESTION1 -1 -8.396e+03 2.389e+02 4.300e+01
|    ( - -9.953e+02 1 0)
|    ( QUESTION0 -1 -7.162e+03 2.316e+02 3.700e+01
|        ( - -1.559e+03 1 0)
|        ( - -5.371e+03 2 0)))
s>    ( QUESTION1 -1 -8.396e+03 2.389e+02 4.300e+01
s>        ( - -9.953e+02 1 0)
s>        ( QUESTION0 -1 -7.162e+03 2.316e+02 3.700e+01
s>            ( - -1.559e+03 1 0)
s>            ( - -5.371e+03 2 0)))INFO: dtree.c(1315): Comp split 32
INFO: dtree.c(1439): stop. leaf nodes are specific
INFO: dtree.c(1478): Final simple tree
|( QUESTION3 -1 -2.157e+04 2.902e+02 1.117e+02
|    ( - -1.842e+03 1 0)
|    ( QUESTION2_14_L -1 -1.944e+04 2.744e+02 1.007e+02
|        ( - -3.737e+03 2 0)
|        ( QUESTION2_0_L -1 -1.542e+04 2.333e+02 8.169e+01
|            ( - -1.798e+03 1 0)
|            ( QUESTION0 -1 -1.339e+04 1.898e+02 7.175e+01
|                ( - -9.189e+03 1 0)
|                ( - -4.013e+03 1 0)))))
s>    ( QUESTION3 -1 -2.157e+04 2.902e+02 1.117e+02
s>        ( - -1.842e+03 1 0)
s>        ( QUESTION2_14_L -1 -1.944e+04 2.744e+02 1.007e+02
s>            ( - -3.737e+03 2 0)
s>            ( QUESTION2_0_L -1 -1.542e+04 2.333e+02 8.169e+01
s>                ( - -1.798e+03 1 0)
s>                ( QUESTION0 -1 -1.339e+04 1.898e+02 7.175e+01
s>                    ( - -9.189e+03 1 0)
s>                    ( - -4.013e+03 1 0)))))INFO: dtree.c(1439): stop. leaf nodes are specific
INFO: dtree.c(1478): Final simple tree
|( QUESTION9 -1 -5.785e+03 1.937e+02 3.167e+01
|    ( - -1.388e+03 1 0)
|    ( - -4.203e+03 1 0))
s>    ( QUESTION9 -1 -5.785e+03 1.937e+02 3.167e+01
s>        ( - -1.388e+03 1 0)
s>        ( - -4.203e+03 1 0))INFO: dtree.c(1315): Comp split 33
INFO: dtree.c(1439): stop. leaf nodes are specific
INFO: dtree.c(1478): Final simple tree
|( QUESTION0_0_R 1 -2.753e+04 2.612e+02 1.404e+02
|    ( QUESTION0_6_R 1 -2.427e+04 2.452e+02 1.244e+02
|        ( - -2.778e+03 1 0)
|        ( - -2.125e+04 1 0))
|    ( - -2.990e+03 1 0))
s>    ( QUESTION0_0_R 1 -2.753e+04 2.612e+02 1.404e+02
s>        ( QUESTION0_6_R 1 -2.427e+04 2.452e+02 1.244e+02
s>            ( - -2.778e+03 1 0)
s>            ( - -2.125e+04 1 0))
s>        ( - -2.990e+03 1 0))INFO: dtree.c(1315): Comp split 34
INFO: dtree.c(1439): stop. leaf nodes are specific
INFO: dtree.c(1478): Final simple tree
|( WDBNDRY_E 0 -2.914e+03 2.826e+02 1.500e+01
|    ( - -8.402e+02 1 0)
|    ( - -1.791e+03 1 0))
s>    ( WDBNDRY_E 0 -2.914e+03 2.826e+02 1.500e+01
s>        ( - -8.402e+02 1 0)
s>        ( - -1.791e+03 1 0))INFO: dtree.c(1315): Comp split 35
INFO: dtree.c(1439): stop. leaf nodes are specific
INFO: dtree.c(1478): Final simple tree
|( QUESTION0_1_R 1 -2.970e+03 2.059e+02 1.699e+01
|    ( - -5.916e+02 1 0)
|    ( - -2.172e+03 1 0))
s>    ( QUESTION0_1_R 1 -2.970e+03 2.059e+02 1.699e+01
s>        ( - -5.916e+02 1 0)
s>        ( - -2.172e+03 1 0))INFO: dtree.c(1439): stop. leaf nodes are specific
INFO: dtree.c(1478): Final simple tree
|( QUESTION0_15_R 1 -1.780e+04 2.260e+02 9.074e+01
|    ( - -9.488e+03 1 0)
|    ( QUESTION0_0_R 1 -8.082e+03 2.083e+02 4.000e+01
|        ( QUESTION14 -1 -4.995e+03 2.003e+02 2.400e+01
|            ( - -2.616e+02 1 0)
|            ( SILENCE -1 -4.533e+03 1.738e+02 2.200e+01
|                ( - -2.373e+03 1 0)
|                ( - -1.987e+03 1 0)))
|        ( - -2.878e+03 1 0)))
s>    ( QUESTION0_15_R 1 -1.780e+04 2.260e+02 9.074e+01
s>        ( - -9.488e+03 1 0)
s>        ( QUESTION0_0_R 1 -8.082e+03 2.083e+02 4.000e+01
s>            ( QUESTION14 -1 -4.995e+03 2.003e+02 2.400e+01
s>                ( - -2.616e+02 1 0)
s>                ( SILENCE -1 -4.533e+03 1.738e+02 2.200e+01
s>                    ( - -2.373e+03 1 0)
s>                    ( - -1.987e+03 1 0)))
s>            ( - -2.878e+03 1 0)))INFO: dtree.c(1315): Comp split 36
INFO: dtree.c(1439): stop. leaf nodes are specific
INFO: dtree.c(1478): Final simple tree
|( QUESTION2_14_L -1 -1.944e+04 2.744e+02 1.007e+02
|    ( - -3.737e+03 2 0)
|    ( QUESTION2_0_L -1 -1.542e+04 2.333e+02 8.169e+01
|        ( - -1.798e+03 1 0)
|        ( QUESTION0 -1 -1.339e+04 1.898e+02 7.175e+01
|            ( - -9.189e+03 1 0)
|            ( - -4.013e+03 1 0))))
s>    ( QUESTION2_14_L -1 -1.944e+04 2.744e+02 1.007e+02
s>        ( - -3.737e+03 2 0)
s>        ( QUESTION2_0_L -1 -1.542e+04 2.333e+02 8.169e+01
s>            ( - -1.798e+03 1 0)
s>            ( QUESTION0 -1 -1.339e+04 1.898e+02 7.175e+01
s>                ( - -9.189e+03 1 0)
s>                ( - -4.013e+03 1 0))))INFO: dtree.c(1315): Comp split 37
INFO: dtree.c(1439): stop. leaf nodes are specific
INFO: dtree.c(1478): Final simple tree
|( QUESTION0_6_R 1 -1.339e+04 2.354e+02 6.896e+01
|    ( - -2.043e+02 1 0)
|    ( SILENCE -1 -1.295e+04 1.730e+02 6.696e+01
|        ( - -8.384e+03 1 0)
|        ( - -4.395e+03 1 0)))
s>    ( QUESTION0_6_R 1 -1.339e+04 2.354e+02 6.896e+01
s>        ( - -2.043e+02 1 0)
s>        ( SILENCE -1 -1.295e+04 1.730e+02 6.696e+01
s>            ( - -8.384e+03 1 0)
s>            ( - -4.395e+03 1 0)))INFO: dtree.c(1439): stop. leaf nodes are specific
INFO: dtree.c(1478): Final simple tree
|( QUESTION0_6_R 1 -6.241e+04 2.664e+02 3.125e+02
|    ( - -6.423e+02 1 0)
|    ( QUESTION0 -1 -6.150e+04 1.944e+02 3.085e+02
|        ( QUESTION0_11_R 1 -7.569e+03 1.789e+02 3.605e+01
|            ( - -4.055e+02 1 0)
|            ( - -6.985e+03 1 0))
|        ( QUESTION0_0_R 1 -5.374e+04 2.191e+02 2.725e+02
|            ( - -3.509e+04 2 0)
|            ( - -1.842e+04 3 0))))
s>    ( QUESTION0_6_R 1 -6.241e+04 2.664e+02 3.125e+02
s>        ( - -6.423e+02 1 0)
s>        ( QUESTION0 -1 -6.150e+04 1.944e+02 3.085e+02
s>            ( QUESTION0_11_R 1 -7.569e+03 1.789e+02 3.605e+01
s>                ( - -4.055e+02 1 0)
s>                ( - -6.985e+03 1 0))
s>            ( QUESTION0_0_R 1 -5.374e+04 2.191e+02 2.725e+02
s>                ( - -3.509e+04 2 0)
s>                ( - -1.842e+04 3 0))))INFO: dtree.c(1315): Comp split 38
INFO: dtree.c(1439): stop. leaf nodes are specific
INFO: dtree.c(1478): Final simple tree
|( QUESTION2_15_L -1 -3.307e+04 2.578e+02 1.696e+02
|    ( QUESTION0 -1 -1.943e+04 2.184e+02 1.016e+02
|        ( - -1.333e+04 1 0)
|        ( - -5.882e+03 2 0))
|    ( QUESTION0 -1 -1.338e+04 2.254e+02 6.798e+01
|        ( - -2.682e+03 1 0)
|        ( QUESTION2_0_L -1 -1.047e+04 2.046e+02 5.299e+01
|            ( - -1.794e+03 1 0)
|            ( - -8.470e+03 1 0))))
s>    ( QUESTION2_15_L -1 -3.307e+04 2.578e+02 1.696e+02
s>        ( QUESTION0 -1 -1.943e+04 2.184e+02 1.016e+02
s>            ( - -1.333e+04 1 0)
s>            ( - -5.882e+03 2 0))
s>        ( QUESTION0 -1 -1.338e+04 2.254e+02 6.798e+01
s>            ( - -2.682e+03 1 0)
s>            ( QUESTION2_0_L -1 -1.047e+04 2.046e+02 5.299e+01
s>                ( - -1.794e+03 1 0)
s>                ( - -8.470e+03 1 0))))INFO: dtree.c(1315): Comp split 39
INFO: dtree.c(1315): Comp split 40
INFO: dtree.c(1315): Comp split 41
INFO: dtree.c(1439): stop. leaf nodes are specific
INFO: dtree.c(1478): Final simple tree
|( QUESTION0_0_R 1 -1.884e+04 2.349e+02 9.885e+01
|    ( QUESTION0 -1 -1.458e+04 2.129e+02 7.784e+01
|        ( - -7.331e+03 1 0)
|        ( - -7.034e+03 1 0))
|    ( - -4.026e+03 1 0))
s>    ( QUESTION0_0_R 1 -1.884e+04 2.349e+02 9.885e+01
s>        ( QUESTION0 -1 -1.458e+04 2.129e+02 7.784e+01
s>            ( - -7.331e+03 1 0)
s>            ( - -7.034e+03 1 0))
s>        ( - -4.026e+03 1 0))INFO: dtree.c(1315): Comp split 42
INFO: dtree.c(1439): stop. leaf nodes are specific
INFO: dtree.c(1478): Final simple tree
|( QUESTION2_0_L -1 -1.542e+04 2.333e+02 8.169e+01
|    ( - -1.798e+03 1 0)
|    ( QUESTION0 -1 -1.339e+04 1.898e+02 7.175e+01
|        ( - -9.189e+03 1 0)
|        ( - -4.013e+03 1 0)))
s>    ( QUESTION2_0_L -1 -1.542e+04 2.333e+02 8.169e+01
s>        ( - -1.798e+03 1 0)
s>        ( QUESTION0 -1 -1.339e+04 1.898e+02 7.175e+01
s>            ( - -9.189e+03 1 0)
s>            ( - -4.013e+03 1 0)))INFO: dtree.c(1315): Comp split 43
INFO: dtree.c(1439): stop. leaf nodes are specific
INFO: dtree.c(1478): Final simple tree
|( QUESTION0 -1 -7.180e+03 2.132e+02 3.502e+01
|    ( - -6.061e+03 2 0)
|    ( - -9.061e+02 1 0))
s>    ( QUESTION0 -1 -7.180e+03 2.132e+02 3.502e+01
s>        ( - -6.061e+03 2 0)
s>        ( - -9.061e+02 1 0))INFO: dtree.c(1315): Comp split 44
INFO: dtree.c(1439): stop. leaf nodes are specific
INFO: dtree.c(1478): Final simple tree
|( QUESTION0_0_R 1 -9.625e+03 1.951e+02 4.800e+01
|    ( - -1.275e+03 1 0)
|    ( - -8.155e+03 4 0))
s>    ( QUESTION0_0_R 1 -9.625e+03 1.951e+02 4.800e+01
s>        ( - -1.275e+03 1 0)
s>        ( - -8.155e+03 4 0))INFO: dtree.c(1439): stop. leaf nodes are specific
INFO: dtree.c(1478): Final simple tree
|( QUESTION0_14_R 1 -3.008e+04 2.271e+02 1.550e+02
|    ( - -1.072e+03 1 0)
|    ( QUESTION0_0_R 1 -2.878e+04 2.015e+02 1.480e+02
|        ( - -1.347e+04 2 0)
|        ( - -1.512e+04 2 0)))
s>    ( QUESTION0_14_R 1 -3.008e+04 2.271e+02 1.550e+02
s>        ( - -1.072e+03 1 0)
s>        ( QUESTION0_0_R 1 -2.878e+04 2.015e+02 1.480e+02
s>            ( - -1.347e+04 2 0)
s>            ( - -1.512e+04 2 0)))INFO: dtree.c(1315): Comp split 45
INFO: dtree.c(1439): stop. leaf nodes are specific
INFO: dtree.c(1478): Final simple tree
|( QUESTION0_6_R 1 -8.326e+03 2.166e+02 4.217e+01
|    ( QUESTION0_7_R 1 -7.239e+03 1.981e+02 3.717e+01
|        ( - -5.748e+03 1 0)
|        ( - -1.293e+03 1 0))
|    ( - -8.702e+02 1 0))
s>    ( QUESTION0_6_R 1 -8.326e+03 2.166e+02 4.217e+01
s>        ( QUESTION0_7_R 1 -7.239e+03 1.981e+02 3.717e+01
s>            ( - -5.748e+03 1 0)
s>            ( - -1.293e+03 1 0))
s>        ( - -8.702e+02 1 0))INFO: dtree.c(1315): Comp split 46
INFO: dtree.c(1439): stop. leaf nodes are specific
INFO: dtree.c(1478): Final simple tree
|( QUESTION0 -1 -6.150e+04 1.944e+02 3.085e+02
|    ( QUESTION0_11_R 1 -7.569e+03 1.789e+02 3.605e+01
|        ( - -4.055e+02 1 0)
|        ( - -6.985e+03 1 0))
|    ( QUESTION0_0_R 1 -5.374e+04 2.191e+02 2.725e+02
|        ( - -3.509e+04 2 0)
|        ( - -1.842e+04 3 0)))
s>    ( QUESTION0 -1 -6.150e+04 1.944e+02 3.085e+02
s>        ( QUESTION0_11_R 1 -7.569e+03 1.789e+02 3.605e+01
s>            ( - -4.055e+02 1 0)
s>            ( - -6.985e+03 1 0))
s>        ( QUESTION0_0_R 1 -5.374e+04 2.191e+02 2.725e+02
s>            ( - -3.509e+04 2 0)
s>            ( - -1.842e+04 3 0)))INFO: dtree.c(1315): Comp split 47
INFO: dtree.c(1439): stop. leaf nodes are specific
INFO: dtree.c(1478): Final simple tree
|( QUESTION0_1_R 1 -1.227e+04 2.129e+02 6.182e+01
|    ( - -9.112e+03 2 0)
|    ( - -2.943e+03 1 0))
s>    ( QUESTION0_1_R 1 -1.227e+04 2.129e+02 6.182e+01
s>        ( - -9.112e+03 2 0)
s>        ( - -2.943e+03 1 0))INFO: dtree.c(1315): Comp split 48
INFO: dtree.c(1439): stop. leaf nodes are specific
INFO: dtree.c(1478): Final simple tree
|( QUESTION2_0_L -1 -2.692e+04 2.277e+02 1.386e+02
|    ( - -1.794e+03 1 0)
|    ( QUESTION8 -1 -2.490e+04 2.214e+02 1.286e+02
|        ( - -2.682e+03 1 0)
|        ( QUESTION0 -1 -2.200e+04 1.947e+02 1.136e+02
|            ( - -1.333e+04 1 0)
|            ( - -8.470e+03 1 0))))
s>    ( QUESTION2_0_L -1 -2.692e+04 2.277e+02 1.386e+02
s>        ( - -1.794e+03 1 0)
s>        ( QUESTION8 -1 -2.490e+04 2.214e+02 1.286e+02
s>            ( - -2.682e+03 1 0)
s>            ( QUESTION0 -1 -2.200e+04 1.947e+02 1.136e+02
s>                ( - -1.333e+04 1 0)
s>                ( - -8.470e+03 1 0))))INFO: dtree.c(1315): Comp split 49
INFO: dtree.c(1439): stop. leaf nodes are specific
INFO: dtree.c(1478): Final simple tree
|( QUESTION0_6_R 1 -2.427e+04 2.452e+02 1.244e+02
|    ( - -2.778e+03 1 0)
|    ( - -2.125e+04 1 0))
s>    ( QUESTION0_6_R 1 -2.427e+04 2.452e+02 1.244e+02
s>        ( - -2.778e+03 1 0)
s>        ( - -2.125e+04 1 0))INFO: dtree.c(1315): Comp split 50
INFO: dtree.c(1315): Comp split 51
INFO: dtree.c(1439): stop. leaf nodes are specific
INFO: dtree.c(1478): Final simple tree
|( QUESTION1 -1 -6.016e+03 2.090e+02 3.047e+01
|    ( - -1.659e+03 1 0)
|    ( - -4.148e+03 2 0))
s>    ( QUESTION1 -1 -6.016e+03 2.090e+02 3.047e+01
s>        ( - -1.659e+03 1 0)
s>        ( - -4.148e+03 2 0))INFO: dtree.c(1315): Comp split 52
INFO: dtree.c(1315): Comp split 53
INFO: dtree.c(1315): Comp split 54
INFO: dtree.c(1439): stop. leaf nodes are specific
INFO: dtree.c(1478): Final simple tree
|( SILENCE -1 -5.434e+03 1.834e+02 2.700e+01
|    ( - -2.373e+03 1 0)
|    ( - -2.878e+03 1 0))
s>    ( SILENCE -1 -5.434e+03 1.834e+02 2.700e+01
s>        ( - -2.373e+03 1 0)
s>        ( - -2.878e+03 1 0))INFO: dtree.c(1439): stop. leaf nodes are specific
INFO: dtree.c(1478): Final simple tree
|( QUESTION14 -1 -1.212e+04 2.163e+02 6.374e+01
|    ( - -2.616e+02 1 0)
|    ( SILENCE -1 -1.164e+04 1.639e+02 6.174e+01
|        ( - -9.488e+03 1 0)
|        ( - -1.987e+03 1 0)))
s>    ( QUESTION14 -1 -1.212e+04 2.163e+02 6.374e+01
s>        ( - -2.616e+02 1 0)
s>        ( SILENCE -1 -1.164e+04 1.639e+02 6.174e+01
s>            ( - -9.488e+03 1 0)
s>            ( - -1.987e+03 1 0)))INFO: dtree.c(1315): Comp split 55
INFO: dtree.c(1439): stop. leaf nodes are specific
INFO: dtree.c(1478): Final simple tree
|( QUESTION0_11_R 1 -2.616e+04 1.803e+02 1.298e+02
|    ( - -4.055e+02 1 0)
|    ( QUESTION0_0_R 1 -2.558e+04 1.688e+02 1.278e+02
|        ( - -6.985e+03 1 0)
|        ( - -1.842e+04 3 0)))
s>    ( QUESTION0_11_R 1 -2.616e+04 1.803e+02 1.298e+02
s>        ( - -4.055e+02 1 0)
s>        ( QUESTION0_0_R 1 -2.558e+04 1.688e+02 1.278e+02
s>            ( - -6.985e+03 1 0)
s>            ( - -1.842e+04 3 0)))INFO: dtree.c(1315): Comp split 56
INFO: dtree.c(1439): stop. leaf nodes are specific
INFO: dtree.c(1478): Final simple tree
|( QUESTION0_0_R 1 -2.770e+04 2.029e+02 1.358e+02
|    ( QUESTION2_14_L -1 -2.370e+04 1.788e+02 1.158e+02
|        ( - -7.327e+03 1 0)
|        ( QUESTION0_6_R 1 -1.619e+04 1.512e+02 7.958e+01
|            ( - -2.352e+03 1 0)
|            ( - -1.369e+04 1 0)))
|    ( - -3.802e+03 2 0))
s>    ( QUESTION0_0_R 1 -2.770e+04 2.029e+02 1.358e+02
s>        ( QUESTION2_14_L -1 -2.370e+04 1.788e+02 1.158e+02
s>            ( - -7.327e+03 1 0)
s>            ( QUESTION0_6_R 1 -1.619e+04 1.512e+02 7.958e+01
s>                ( - -2.352e+03 1 0)
s>                ( - -1.369e+04 1 0)))
s>        ( - -3.802e+03 2 0))INFO: dtree.c(1439): stop. leaf nodes are specific
INFO: dtree.c(1478): Final simple tree
|( QUESTION0_0_R 1 -8.028e+03 1.894e+02 4.073e+01
|    ( - -1.739e+03 1 0)
|    ( QUESTION0 1 -6.100e+03 1.622e+02 3.073e+01
|        ( - -4.108e+03 1 0)
|        ( - -1.829e+03 1 0)))
s>    ( QUESTION0_0_R 1 -8.028e+03 1.894e+02 4.073e+01
s>        ( - -1.739e+03 1 0)
s>        ( QUESTION0 1 -6.100e+03 1.622e+02 3.073e+01
s>            ( - -4.108e+03 1 0)
s>            ( - -1.829e+03 1 0)))INFO: dtree.c(1315): Comp split 57
INFO: dtree.c(1439): stop. leaf nodes are specific
INFO: dtree.c(1478): Final simple tree
|( QUESTION0 -1 -7.162e+03 2.316e+02 3.700e+01
|    ( - -1.559e+03 1 0)
|    ( - -5.371e+03 2 0))
s>    ( QUESTION0 -1 -7.162e+03 2.316e+02 3.700e+01
s>        ( - -1.559e+03 1 0)
s>        ( - -5.371e+03 2 0))INFO: dtree.c(1315): Comp split 58
INFO: dtree.c(1439): stop. leaf nodes are specific
INFO: dtree.c(1478): Final simple tree
|( QUESTION0_7_R 1 -1.948e+03 1.878e+02 9.000e+00
|    ( - -1.276e+03 1 0)
|    ( - -4.846e+02 1 0))
s>    ( QUESTION0_7_R 1 -1.948e+03 1.878e+02 9.000e+00
s>        ( - -1.276e+03 1 0)
s>        ( - -4.846e+02 1 0))INFO: dtree.c(1315): Comp split 59
INFO: dtree.c(1439): stop. leaf nodes are specific
INFO: dtree.c(1478): Final simple tree
|( SILENCE -1 -1.295e+04 1.730e+02 6.696e+01
|    ( - -8.384e+03 1 0)
|    ( - -4.395e+03 1 0))
s>    ( SILENCE -1 -1.295e+04 1.730e+02 6.696e+01
s>        ( - -8.384e+03 1 0)
s>        ( - -4.395e+03 1 0))INFO: dtree.c(1315): Comp split 60
INFO: dtree.c(1439): stop. leaf nodes are specific
INFO: dtree.c(1478): Final simple tree
|( QUESTION0 -1 -1.458e+04 2.129e+02 7.784e+01
|    ( - -7.331e+03 1 0)
|    ( - -7.034e+03 1 0))
s>    ( QUESTION0 -1 -1.458e+04 2.129e+02 7.784e+01
s>        ( - -7.331e+03 1 0)
s>        ( - -7.034e+03 1 0))INFO: dtree.c(1315): Comp split 61
INFO: dtree.c(1439): stop. leaf nodes are specific
INFO: dtree.c(1478): Final simple tree
|( QUESTION0 -1 -1.339e+04 1.898e+02 7.175e+01
|    ( - -9.189e+03 1 0)
|    ( - -4.013e+03 1 0))
s>    ( QUESTION0 -1 -1.339e+04 1.898e+02 7.175e+01
s>        ( - -9.189e+03 1 0)
s>        ( - -4.013e+03 1 0))INFO: dtree.c(1315): Comp split 62
INFO: dtree.c(1315): Comp split 63
INFO: dtree.c(1439): stop. leaf nodes are specific
INFO: dtree.c(1478): Final simple tree
|( QUESTION8 -1 -2.490e+04 2.214e+02 1.286e+02
|    ( - -2.682e+03 1 0)
|    ( QUESTION0 -1 -2.200e+04 1.947e+02 1.136e+02
|        ( - -1.333e+04 1 0)
|        ( - -8.470e+03 1 0)))
s>    ( QUESTION8 -1 -2.490e+04 2.214e+02 1.286e+02
s>        ( - -2.682e+03 1 0)
s>        ( QUESTION0 -1 -2.200e+04 1.947e+02 1.136e+02
s>            ( - -1.333e+04 1 0)
s>            ( - -8.470e+03 1 0)))INFO: dtree.c(1315): Comp split 64
INFO: dtree.c(1439): stop. leaf nodes are specific
INFO: dtree.c(1478): Final simple tree
|( QUESTION0_0_R 1 -2.878e+04 2.015e+02 1.480e+02
|    ( - -1.347e+04 2 0)
|    ( - -1.512e+04 2 0))
s>    ( QUESTION0_0_R 1 -2.878e+04 2.015e+02 1.480e+02
s>        ( - -1.347e+04 2 0)
s>        ( - -1.512e+04 2 0))INFO: dtree.c(1315): Comp split 65
INFO: dtree.c(1439): stop. leaf nodes are specific
INFO: dtree.c(1478): Final simple tree
|( QUESTION0 -1 -2.200e+04 1.947e+02 1.136e+02
|    ( - -1.333e+04 1 0)
|    ( - -8.470e+03 1 0))
s>    ( QUESTION0 -1 -2.200e+04 1.947e+02 1.136e+02
s>        ( - -1.333e+04 1 0)
s>        ( - -8.470e+03 1 0))INFO: dtree.c(1315): Comp split 66
INFO: dtree.c(1439): stop. leaf nodes are specific
INFO: dtree.c(1478): Final simple tree
|( QUESTION0_7_R 1 -7.239e+03 1.981e+02 3.717e+01
|    ( - -5.748e+03 1 0)
|    ( - -1.293e+03 1 0))
s>    ( QUESTION0_7_R 1 -7.239e+03 1.981e+02 3.717e+01
s>        ( - -5.748e+03 1 0)
s>        ( - -1.293e+03 1 0))INFO: dtree.c(1315): Comp split 67
INFO: dtree.c(1439): stop. leaf nodes are specific
INFO: dtree.c(1478): Final simple tree
|( SILENCE -1 -1.164e+04 1.639e+02 6.174e+01
|    ( - -9.488e+03 1 0)
|    ( - -1.987e+03 1 0))
s>    ( SILENCE -1 -1.164e+04 1.639e+02 6.174e+01
s>        ( - -9.488e+03 1 0)
s>        ( - -1.987e+03 1 0))INFO: dtree.c(1315): Comp split 68
INFO: dtree.c(1315): Comp split 69
INFO: dtree.c(1315): Comp split 70
INFO: dtree.c(1315): Comp split 71
INFO: dtree.c(1315): Comp split 72
INFO: dtree.c(1315): Comp split 73
INFO: dtree.c(1315): Comp split 74
INFO: dtree.c(1439): stop. leaf nodes are specific
INFO: dtree.c(1478): Final simple tree
|( QUESTION0_0_R 1 -4.309e+03 1.823e+02 2.300e+01
|    ( - -1.934e+03 1 0)
|    ( - -2.192e+03 1 0))
s>    ( QUESTION0_0_R 1 -4.309e+03 1.823e+02 2.300e+01
s>        ( - -1.934e+03 1 0)
s>        ( - -2.192e+03 1 0))INFO: dtree.c(1315): Comp split 75
INFO: dtree.c(1439): stop. leaf nodes are specific
INFO: dtree.c(1478): Final simple tree
|( QUESTION2_14_L -1 -2.370e+04 1.788e+02 1.158e+02
|    ( - -7.327e+03 1 0)
|    ( QUESTION0_6_R 1 -1.619e+04 1.512e+02 7.958e+01
|        ( - -2.352e+03 1 0)
|        ( - -1.369e+04 1 0)))
s>    ( QUESTION2_14_L -1 -2.370e+04 1.788e+02 1.158e+02
s>        ( - -7.327e+03 1 0)
s>        ( QUESTION0_6_R 1 -1.619e+04 1.512e+02 7.958e+01
s>            ( - -2.352e+03 1 0)
s>            ( - -1.369e+04 1 0)))INFO: dtree.c(1315): Comp split 76
INFO: dtree.c(1315): Comp split 77
INFO: dtree.c(1315): Comp split 78
INFO: dtree.c(1315): Comp split 79
INFO: dtree.c(1315): Comp split 80
INFO: dtree.c(1315): Comp split 81
INFO: dtree.c(1315): Comp split 82
INFO: dtree.c(1439): stop. leaf nodes are specific
INFO: dtree.c(1478): Final simple tree
|( QUESTION0 1 -6.100e+03 1.622e+02 3.073e+01
|    ( - -4.108e+03 1 0)
|    ( - -1.829e+03 1 0))
s>    ( QUESTION0 1 -6.100e+03 1.622e+02 3.073e+01
s>        ( - -4.108e+03 1 0)
s>        ( - -1.829e+03 1 0))INFO: dtree.c(1315): Comp split 83
INFO: dtree.c(1315): Comp split 84
INFO: dtree.c(1315): Comp split 85
INFO: dtree.c(1315): Comp split 86
INFO: dtree.c(1439): stop. leaf nodes are specific
INFO: dtree.c(1478): Final simple tree
|( QUESTION0_0_R 1 -2.558e+04 1.688e+02 1.278e+02
|    ( - -6.985e+03 1 0)
|    ( - -1.842e+04 3 0))
s>    ( QUESTION0_0_R 1 -2.558e+04 1.688e+02 1.278e+02
s>        ( - -6.985e+03 1 0)
s>        ( - -1.842e+04 3 0))INFO: dtree.c(1315): Comp split 87
INFO: dtree.c(1315): Comp split 88
INFO: dtree.c(1439): stop. leaf nodes are specific
INFO: dtree.c(1478): Final simple tree
|( QUESTION0_6_R 1 -1.619e+04 1.512e+02 7.958e+01
|    ( - -2.352e+03 1 0)
|    ( - -1.369e+04 1 0))
s>    ( QUESTION0_6_R 1 -1.619e+04 1.512e+02 7.958e+01
s>        ( - -2.352e+03 1 0)
s>        ( - -1.369e+04 1 0))INFO: dtree.c(1315): Comp split 89
INFO: dtree.c(1315): Comp split 90
INFO: dtree.c(1315): Comp split 91
INFO: dtree.c(1315): Comp split 92
INFO: dtree.c(1315): Comp split 93
INFO: dtree.c(1315): Comp split 94
INFO: dtree.c(1318): stop. leaf nodes are specific
Wed Dec 20 23:52:22 2017
