Current configuration:
[NAME]		[DEFLT]	[VALUE]
-allphones	no	no
-cntthresh	0.00001	1.000000e-05
-csplitmax	100	2000
-csplitmin	1	1
-csplitthr	8e-4	0.000000e+00
-example	no	no
-fullvar	no	no
-help		no	no
-meanfn			/home/alex/repos/speech/an4/model_parameters/an4.cd_cont_untied/means
-mixwfn			/home/alex/repos/speech/an4/model_parameters/an4.cd_cont_untied/mixture_weights
-moddeffn		/home/alex/repos/speech/an4/model_architecture/an4.untied.mdef
-mwfloor	1e-4	1.000000e-08
-phone			AY
-psetfn			/home/alex/repos/speech/an4/model_architecture/an4.tree_questions
-ssplitmax	5	7
-ssplitmin	1	1
-ssplitthr	8e-4	0.000000e+00
-state			2
-stwt			1.0,0.05,0.0,
-treefn			/home/alex/repos/speech/an4/trees/an4.unpruned/AY-2.dtree
-ts2cbfn	.semi.	.cont.
-varfloor	0.00001	1.000000e-05
-varfn			/home/alex/repos/speech/an4/model_parameters/an4.cd_cont_untied/variances

INFO: main.c(223): Reading: /home/alex/repos/speech/an4/model_architecture/an4.untied.mdef
INFO: model_def_io.c(573): Model definition info:
INFO: model_def_io.c(574): 1618 total models defined (34 base, 1584 tri)
INFO: model_def_io.c(575): 6472 total states
INFO: model_def_io.c(576): 4854 total tied states
INFO: model_def_io.c(577): 102 total tied CI states
INFO: model_def_io.c(578): 34 total tied transition matrices
INFO: model_def_io.c(579): 4 max state/model
INFO: model_def_io.c(580): 4 min state/model
INFO: main.c(242): Building trees for [AY AH EH s] through [AY W Z e]
INFO: main.c(269): Covering states |[480 734]| == 255
INFO: main.c(275): Reading: /home/alex/repos/speech/an4/model_parameters/an4.cd_cont_untied/mixture_weights
INFO: s3mixw_io.c(173): Read /home/alex/repos/speech/an4/model_parameters/an4.cd_cont_untied/mixture_weights [255x1x1 array]
INFO: main.c(311): 85 of 85 models have observation count greater than 0.000010
INFO: main.c(95): nrm stwt: 0.000 0.048 0.952 
INFO: s3gau_io.c(169): Read /home/alex/repos/speech/an4/model_parameters/an4.cd_cont_untied/means [4854x1x1 array]
INFO: s3gau_io.c(169): Read /home/alex/repos/speech/an4/model_parameters/an4.cd_cont_untied/variances [4854x1x1 array]
INFO: main.c(549): Reading: /home/alex/repos/speech/an4/model_architecture/an4.tree_questions
INFO: main.c(588): 180 total simple questions (172 phone; 8 word bndry)
INFO: main.c(590): 42 Left Only questions, and 42 Right Only questions
INFO: dtree.c(1478): Final simple tree
|( QUESTION2_8_L -1 -7.187e+05 3.424e+03 3.349e+03
|    ( WDBNDRY_S 0 -2.140e+05 4.043e+02 1.016e+03
|        ( - -1.113e+04 4 0 QUESTION0_1_R 1 3.243e+02 5.291e+01)
|        ( - -2.024e+05 1 0))
|    ( WDBNDRY_I 0 -5.013e+05 1.576e+03 2.333e+03
|        ( - -1.321e+05 1 0)
|        ( SILENCE 1 -3.676e+05 1.140e+03 1.725e+03
|            ( - -5.247e+04 5 0 QUESTION8 -1 2.680e+02 2.498e+02)
|            ( QUESTION0_9_R 1 -3.140e+05 7.015e+02 1.475e+03
|                ( QUESTION2_17_L -1 -9.420e+04 4.131e+02 4.520e+02
|                    ( - -3.447e+04 6 0 QUESTION6 -1 2.143e+02 1.695e+02)
|                    ( QUESTION2_7_L -1 -5.931e+04 4.120e+02 2.825e+02
|                        ( - -5.147e+03 2 0 QUESTION0 -1 2.378e+02 2.800e+01)
|                        ( - -5.375e+04 6 0 QUESTION0_10_R 1 3.846e+02 2.545e+02)))
|                ( - -2.191e+05 60 0 QUESTION2_15_L -1 3.679e+02 1.023e+03)))))
s>    ( QUESTION2_8_L -1 -7.187e+05 3.424e+03 3.349e+03
s>        ( WDBNDRY_S 0 -2.140e+05 4.043e+02 1.016e+03
s>            ( - -1.113e+04 4 0 QUESTION0_1_R 1 3.243e+02 5.291e+01)
s>            ( - -2.024e+05 1 0))
s>        ( WDBNDRY_I 0 -5.013e+05 1.576e+03 2.333e+03
s>            ( - -1.321e+05 1 0)
s>            ( SILENCE 1 -3.676e+05 1.140e+03 1.725e+03
s>                ( - -5.247e+04 5 0 QUESTION8 -1 2.680e+02 2.498e+02)
s>                ( QUESTION0_9_R 1 -3.140e+05 7.015e+02 1.475e+03
s>                    ( QUESTION2_17_L -1 -9.420e+04 4.131e+02 4.520e+02
s>                        ( - -3.447e+04 6 0 QUESTION6 -1 2.143e+02 1.695e+02)
s>                        ( QUESTION2_7_L -1 -5.931e+04 4.120e+02 2.825e+02
s>                            ( - -5.147e+03 2 0 QUESTION0 -1 2.378e+02 2.800e+01)
s>                            ( - -5.375e+04 6 0 QUESTION0_10_R 1 3.846e+02 2.545e+02)))
s>                    ( - -2.191e+05 60 0 QUESTION2_15_L -1 3.679e+02 1.023e+03)))))INFO: dtree.c(1315): Comp split 0
INFO: dtree.c(1439): stop. leaf nodes are specific
INFO: dtree.c(1478): Final simple tree
|( WDBNDRY_S 0 -2.080e+05 4.394e+02 9.910e+02
|    ( QUESTION0 -1 -5.147e+03 2.378e+02 2.800e+01
|        ( - -4.164e+03 1 0)
|        ( - -7.459e+02 1 0))
|    ( - -2.024e+05 1 0))
s>    ( WDBNDRY_S 0 -2.080e+05 4.394e+02 9.910e+02
s>        ( QUESTION0 -1 -5.147e+03 2.378e+02 2.800e+01
s>            ( - -4.164e+03 1 0)
s>            ( - -7.459e+02 1 0))
s>        ( - -2.024e+05 1 0))INFO: dtree.c(1478): Final simple tree
|( WDBNDRY_I 0 -5.070e+05 1.555e+03 2.358e+03
|    ( - -1.321e+05 1 0)
|    ( SILENCE 1 -3.734e+05 1.126e+03 1.750e+03
|        ( - -5.247e+04 5 0 QUESTION8 -1 2.680e+02 2.498e+02)
|        ( QUESTION0_9_R 1 -3.198e+05 6.055e+02 1.500e+03
|            ( QUESTION2_17_L -1 -9.409e+04 4.668e+02 4.490e+02
|                ( - -3.447e+04 6 0 QUESTION6 -1 2.143e+02 1.695e+02)
|                ( QUESTION0_10_R 1 -5.915e+04 3.881e+02 2.794e+02
|                    ( - -5.369e+04 6 0 QUESTION5 -1 2.349e+02 2.546e+02)
|                    ( - -5.080e+03 1 0)))
|            ( QUESTION0_2_R 1 -2.251e+05 3.447e+02 1.051e+03
|                ( - -1.278e+05 23 0 QUESTION17 1 2.641e+02 5.998e+02)
|                ( QUESTION5 -1 -9.691e+04 3.214e+02 4.514e+02
|                    ( - -1.997e+04 7 0 QUESTION17 1 3.002e+02 9.299e+01)
|                    ( - -7.661e+04 33 0 QUESTION0_15_R 1 3.228e+02 3.584e+02))))))
s>    ( WDBNDRY_I 0 -5.070e+05 1.555e+03 2.358e+03
s>        ( - -1.321e+05 1 0)
s>        ( SILENCE 1 -3.734e+05 1.126e+03 1.750e+03
s>            ( - -5.247e+04 5 0 QUESTION8 -1 2.680e+02 2.498e+02)
s>            ( QUESTION0_9_R 1 -3.198e+05 6.055e+02 1.500e+03
s>                ( QUESTION2_17_L -1 -9.409e+04 4.668e+02 4.490e+02
s>                    ( - -3.447e+04 6 0 QUESTION6 -1 2.143e+02 1.695e+02)
s>                    ( QUESTION0_10_R 1 -5.915e+04 3.881e+02 2.794e+02
s>                        ( - -5.369e+04 6 0 QUESTION5 -1 2.349e+02 2.546e+02)
s>                        ( - -5.080e+03 1 0)))
s>                ( QUESTION0_2_R 1 -2.251e+05 3.447e+02 1.051e+03
s>                    ( - -1.278e+05 23 0 QUESTION17 1 2.641e+02 5.998e+02)
s>                    ( QUESTION5 -1 -9.691e+04 3.214e+02 4.514e+02
s>                        ( - -1.997e+04 7 0 QUESTION17 1 3.002e+02 9.299e+01)
s>                        ( - -7.661e+04 33 0 QUESTION0_15_R 1 3.228e+02 3.584e+02))))))INFO: dtree.c(1315): Comp split 1
INFO: dtree.c(1478): Final simple tree
|( SILENCE 1 -3.734e+05 1.126e+03 1.750e+03
|    ( - -5.247e+04 5 0 QUESTION8 -1 2.680e+02 2.498e+02)
|    ( QUESTION0_9_R 1 -3.198e+05 6.055e+02 1.500e+03
|        ( QUESTION2_17_L -1 -9.409e+04 4.668e+02 4.490e+02
|            ( - -3.447e+04 6 0 QUESTION6 -1 2.143e+02 1.695e+02)
|            ( QUESTION0_10_R 1 -5.915e+04 3.881e+02 2.794e+02
|                ( - -5.369e+04 6 0 QUESTION5 -1 2.349e+02 2.546e+02)
|                ( - -5.080e+03 1 0)))
|        ( QUESTION0_2_R 1 -2.251e+05 3.447e+02 1.051e+03
|            ( - -1.278e+05 23 0 QUESTION17 1 2.641e+02 5.998e+02)
|            ( QUESTION5 -1 -9.691e+04 3.214e+02 4.514e+02
|                ( - -1.997e+04 7 0 QUESTION17 1 3.002e+02 9.299e+01)
|                ( QUESTION0_15_R 1 -7.661e+04 3.228e+02 3.584e+02
|                    ( - -1.905e+04 9 0 QUESTION15 -1 2.632e+02 9.192e+01)
|                    ( - -5.724e+04 24 0 QUESTION0_0_R 1 2.872e+02 2.664e+02))))))
s>    ( SILENCE 1 -3.734e+05 1.126e+03 1.750e+03
s>        ( - -5.247e+04 5 0 QUESTION8 -1 2.680e+02 2.498e+02)
s>        ( QUESTION0_9_R 1 -3.198e+05 6.055e+02 1.500e+03
s>            ( QUESTION2_17_L -1 -9.409e+04 4.668e+02 4.490e+02
s>                ( - -3.447e+04 6 0 QUESTION6 -1 2.143e+02 1.695e+02)
s>                ( QUESTION0_10_R 1 -5.915e+04 3.881e+02 2.794e+02
s>                    ( - -5.369e+04 6 0 QUESTION5 -1 2.349e+02 2.546e+02)
s>                    ( - -5.080e+03 1 0)))
s>            ( QUESTION0_2_R 1 -2.251e+05 3.447e+02 1.051e+03
s>                ( - -1.278e+05 23 0 QUESTION17 1 2.641e+02 5.998e+02)
s>                ( QUESTION5 -1 -9.691e+04 3.214e+02 4.514e+02
s>                    ( - -1.997e+04 7 0 QUESTION17 1 3.002e+02 9.299e+01)
s>                    ( QUESTION0_15_R 1 -7.661e+04 3.228e+02 3.584e+02
s>                        ( - -1.905e+04 9 0 QUESTION15 -1 2.632e+02 9.192e+01)
s>                        ( - -5.724e+04 24 0 QUESTION0_0_R 1 2.872e+02 2.664e+02))))))INFO: dtree.c(1315): Comp split 2
INFO: dtree.c(1439): stop. leaf nodes are specific
INFO: dtree.c(1478): Final simple tree
|( QUESTION8 -1 -5.781e+04 2.682e+02 2.747e+02
|    ( - -1.683e+03 1 0)
|    ( SILENCE 1 -5.586e+04 2.637e+02 2.657e+02
|        ( QUESTION5 -1 -5.051e+04 2.214e+02 2.408e+02
|            ( - -2.811e+02 1 0)
|            ( QUESTION2 -1 -5.001e+04 1.948e+02 2.388e+02
|                ( - -2.887e+03 1 0)
|                ( WDBNDRY_E 0 -4.693e+04 1.461e+02 2.238e+02
|                    ( - -4.502e+04 1 0)
|                    ( - -1.766e+03 1 0))))
|        ( - -5.080e+03 1 0)))
s>    ( QUESTION8 -1 -5.781e+04 2.682e+02 2.747e+02
s>        ( - -1.683e+03 1 0)
s>        ( SILENCE 1 -5.586e+04 2.637e+02 2.657e+02
s>            ( QUESTION5 -1 -5.051e+04 2.214e+02 2.408e+02
s>                ( - -2.811e+02 1 0)
s>                ( QUESTION2 -1 -5.001e+04 1.948e+02 2.388e+02
s>                    ( - -2.887e+03 1 0)
s>                    ( WDBNDRY_E 0 -4.693e+04 1.461e+02 2.238e+02
s>                        ( - -4.502e+04 1 0)
s>                        ( - -1.766e+03 1 0))))
s>            ( - -5.080e+03 1 0)))INFO: dtree.c(1478): Final simple tree
|( QUESTION0_9_R 1 -3.142e+05 5.860e+02 1.475e+03
|    ( QUESTION2_17_L -1 -8.855e+04 3.879e+02 4.241e+02
|        ( - -3.447e+04 6 0 QUESTION6 -1 2.143e+02 1.695e+02)
|        ( - -5.369e+04 6 0 QUESTION5 -1 2.349e+02 2.546e+02))
|    ( QUESTION0_2_R 1 -2.251e+05 3.447e+02 1.051e+03
|        ( - -1.278e+05 23 0 QUESTION17 1 2.641e+02 5.998e+02)
|        ( QUESTION5 -1 -9.691e+04 3.214e+02 4.514e+02
|            ( QUESTION17 1 -1.997e+04 3.002e+02 9.299e+01
|                ( - -4.479e+03 1 0)
|                ( - -1.519e+04 6 0 QUESTION7 -1 1.547e+02 7.118e+01))
|            ( QUESTION0_15_R 1 -7.661e+04 3.228e+02 3.584e+02
|                ( - -1.905e+04 9 0 QUESTION15 -1 2.632e+02 9.192e+01)
|                ( QUESTION0_0_R 1 -5.724e+04 2.872e+02 2.664e+02
|                    ( - -1.989e+04 8 0 QUESTION2_8_L -1 3.400e+02 9.404e+01)
|                    ( - -3.705e+04 16 0 QUESTION1 1 2.447e+02 1.724e+02))))))
s>    ( QUESTION0_9_R 1 -3.142e+05 5.860e+02 1.475e+03
s>        ( QUESTION2_17_L -1 -8.855e+04 3.879e+02 4.241e+02
s>            ( - -3.447e+04 6 0 QUESTION6 -1 2.143e+02 1.695e+02)
s>            ( - -5.369e+04 6 0 QUESTION5 -1 2.349e+02 2.546e+02))
s>        ( QUESTION0_2_R 1 -2.251e+05 3.447e+02 1.051e+03
s>            ( - -1.278e+05 23 0 QUESTION17 1 2.641e+02 5.998e+02)
s>            ( QUESTION5 -1 -9.691e+04 3.214e+02 4.514e+02
s>                ( QUESTION17 1 -1.997e+04 3.002e+02 9.299e+01
s>                    ( - -4.479e+03 1 0)
s>                    ( - -1.519e+04 6 0 QUESTION7 -1 1.547e+02 7.118e+01))
s>                ( QUESTION0_15_R 1 -7.661e+04 3.228e+02 3.584e+02
s>                    ( - -1.905e+04 9 0 QUESTION15 -1 2.632e+02 9.192e+01)
s>                    ( QUESTION0_0_R 1 -5.724e+04 2.872e+02 2.664e+02
s>                        ( - -1.989e+04 8 0 QUESTION2_8_L -1 3.400e+02 9.404e+01)
s>                        ( - -3.705e+04 16 0 QUESTION1 1 2.447e+02 1.724e+02))))))INFO: dtree.c(1315): Comp split 3
INFO: dtree.c(1478): Final simple tree
|( QUESTION0_2_R 1 -1.808e+05 4.030e+02 8.434e+02
|    ( QUESTION17 1 -1.278e+05 2.641e+02 5.998e+02
|        ( - -3.355e+03 1 0)
|        ( QUESTION1 -1 -1.242e+05 2.207e+02 5.818e+02
|            ( - -2.556e+04 8 0 QUESTION6 -1 2.059e+02 1.210e+02)
|            ( WDBNDRY_E 0 -9.842e+04 2.358e+02 4.609e+02
|                ( - -1.591e+03 1 0)
|                ( QUESTION0_8_R 1 -9.659e+04 2.213e+02 4.529e+02
|                    ( - -5.106e+03 2 0 SILENCE -1 2.395e+02 2.500e+01)
|                    ( - -9.127e+04 11 0 QUESTION9 1 2.247e+02 4.279e+02)))))
|    ( QUESTION0_0_R 1 -5.255e+04 3.061e+02 2.436e+02
|        ( - -1.095e+04 3 0 QUESTION7 -1 1.469e+02 5.118e+01)
|        ( QUESTION4 1 -4.130e+04 2.421e+02 1.924e+02
|            ( - -1.717e+03 2 0 WDBNDRY_E 0 1.613e+02 9.000e+00)
|            ( - -3.934e+04 17 0 QUESTION6 -1 2.171e+02 1.834e+02))))
s>    ( QUESTION0_2_R 1 -1.808e+05 4.030e+02 8.434e+02
s>        ( QUESTION17 1 -1.278e+05 2.641e+02 5.998e+02
s>            ( - -3.355e+03 1 0)
s>            ( QUESTION1 -1 -1.242e+05 2.207e+02 5.818e+02
s>                ( - -2.556e+04 8 0 QUESTION6 -1 2.059e+02 1.210e+02)
s>                ( WDBNDRY_E 0 -9.842e+04 2.358e+02 4.609e+02
s>                    ( - -1.591e+03 1 0)
s>                    ( QUESTION0_8_R 1 -9.659e+04 2.213e+02 4.529e+02
s>                        ( - -5.106e+03 2 0 SILENCE -1 2.395e+02 2.500e+01)
s>                        ( - -9.127e+04 11 0 QUESTION9 1 2.247e+02 4.279e+02)))))
s>        ( QUESTION0_0_R 1 -5.255e+04 3.061e+02 2.436e+02
s>            ( - -1.095e+04 3 0 QUESTION7 -1 1.469e+02 5.118e+01)
s>            ( QUESTION4 1 -4.130e+04 2.421e+02 1.924e+02
s>                ( - -1.717e+03 2 0 WDBNDRY_E 0 1.613e+02 9.000e+00)
s>                ( - -3.934e+04 17 0 QUESTION6 -1 2.171e+02 1.834e+02))))INFO: dtree.c(1478): Final simple tree
|( QUESTION2_17_L -1 -1.327e+05 3.315e+02 6.318e+02
|    ( QUESTION0_14_R 1 -5.391e+04 2.677e+02 2.613e+02
|        ( - -4.479e+03 1 0)
|        ( QUESTION0_10_R 1 -4.916e+04 2.607e+02 2.395e+02
|            ( - -3.096e+04 4 0 QUESTION2 -1 2.066e+02 1.525e+02)
|            ( QUESTION0 -1 -1.795e+04 2.502e+02 8.703e+01
|                ( - -1.035e+04 3 0 QUESTION0_1_R 1 2.081e+02 5.203e+01)
|                ( - -7.344e+03 4 0 WDBNDRY_E 0 2.012e+02 3.499e+01))))
|    ( QUESTION5 1 -7.847e+04 3.328e+02 3.705e+02
|        ( - -3.014e+03 1 0)
|        ( QUESTION5 -1 -7.512e+04 2.365e+02 3.545e+02
|            ( - -7.062e+02 1 0)
|            ( QUESTION14 -1 -7.418e+04 2.365e+02 3.505e+02
|                ( - -1.298e+03 1 0)
|                ( - -7.265e+04 15 0 QUESTION2_12_L -1 2.415e+02 3.435e+02)))))
s>    ( QUESTION2_17_L -1 -1.327e+05 3.315e+02 6.318e+02
s>        ( QUESTION0_14_R 1 -5.391e+04 2.677e+02 2.613e+02
s>            ( - -4.479e+03 1 0)
s>            ( QUESTION0_10_R 1 -4.916e+04 2.607e+02 2.395e+02
s>                ( - -3.096e+04 4 0 QUESTION2 -1 2.066e+02 1.525e+02)
s>                ( QUESTION0 -1 -1.795e+04 2.502e+02 8.703e+01
s>                    ( - -1.035e+04 3 0 QUESTION0_1_R 1 2.081e+02 5.203e+01)
s>                    ( - -7.344e+03 4 0 WDBNDRY_E 0 2.012e+02 3.499e+01))))
s>        ( QUESTION5 1 -7.847e+04 3.328e+02 3.705e+02
s>            ( - -3.014e+03 1 0)
s>            ( QUESTION5 -1 -7.512e+04 2.365e+02 3.545e+02
s>                ( - -7.062e+02 1 0)
s>                ( QUESTION14 -1 -7.418e+04 2.365e+02 3.505e+02
s>                    ( - -1.298e+03 1 0)
s>                    ( - -7.265e+04 15 0 QUESTION2_12_L -1 2.415e+02 3.435e+02)))))INFO: dtree.c(1315): Comp split 4
INFO: dtree.c(1478): Final simple tree
|( QUESTION16 1 -8.733e+04 2.775e+02 4.113e+02
|    ( - -7.337e+03 2 0 WDBNDRY_E 0 1.542e+02 3.581e+01)
|    ( QUESTION0_1_R 1 -7.972e+04 2.701e+02 3.755e+02
|        ( QUESTION2_8_L -1 -1.485e+04 3.778e+02 6.997e+01
|            ( - -2.930e+03 1 0)
|            ( WDBNDRY_E 0 -1.155e+04 2.405e+02 5.399e+01
|                ( - -2.363e+03 1 0)
|                ( - -8.941e+03 5 0 QUESTION2_7_L -1 1.913e+02 4.199e+01)))
|        ( QUESTION5 -1 -6.460e+04 2.399e+02 3.056e+02
|            ( - -7.062e+02 1 0)
|            ( QUESTION14 -1 -6.365e+04 2.371e+02 3.016e+02
|                ( - -1.298e+03 1 0)
|                ( QUESTION8 -1 -6.212e+04 2.246e+02 2.946e+02
|                    ( - -1.522e+03 1 0)
|                    ( - -6.037e+04 10 0 QUESTION4 1 2.923e+02 2.866e+02))))))
s>    ( QUESTION16 1 -8.733e+04 2.775e+02 4.113e+02
s>        ( - -7.337e+03 2 0 WDBNDRY_E 0 1.542e+02 3.581e+01)
s>        ( QUESTION0_1_R 1 -7.972e+04 2.701e+02 3.755e+02
s>            ( QUESTION2_8_L -1 -1.485e+04 3.778e+02 6.997e+01
s>                ( - -2.930e+03 1 0)
s>                ( WDBNDRY_E 0 -1.155e+04 2.405e+02 5.399e+01
s>                    ( - -2.363e+03 1 0)
s>                    ( - -8.941e+03 5 0 QUESTION2_7_L -1 1.913e+02 4.199e+01)))
s>            ( QUESTION5 -1 -6.460e+04 2.399e+02 3.056e+02
s>                ( - -7.062e+02 1 0)
s>                ( QUESTION14 -1 -6.365e+04 2.371e+02 3.016e+02
s>                    ( - -1.298e+03 1 0)
s>                    ( QUESTION8 -1 -6.212e+04 2.246e+02 2.946e+02
s>                        ( - -1.522e+03 1 0)
s>                        ( - -6.037e+04 10 0 QUESTION4 1 2.923e+02 2.866e+02))))))INFO: dtree.c(1439): stop. leaf nodes are specific
INFO: dtree.c(1478): Final simple tree
|( WDBNDRY_E 0 -4.488e+04 3.261e+02 2.205e+02
|    ( - -3.014e+03 1 0)
|    ( QUESTION0 -1 -4.154e+04 2.515e+02 2.045e+02
|        ( QUESTION2_18_L -1 -2.386e+04 1.917e+02 1.176e+02
|            ( - -8.611e+03 1 0)
|            ( QUESTION0_1_R 1 -1.506e+04 1.975e+02 7.484e+01
|                ( - -4.825e+03 1 0)
|                ( QUESTION0_10_R 1 -1.004e+04 2.011e+02 5.076e+01
|                    ( - -4.519e+03 1 0)
|                    ( QUESTION0_0_R 1 -5.318e+03 1.487e+02 2.796e+01
|                        ( - -1.457e+03 1 0)
|                        ( - -3.713e+03 1 0)))))
|        ( - -1.743e+04 2 0)))
s>    ( WDBNDRY_E 0 -4.488e+04 3.261e+02 2.205e+02
s>        ( - -3.014e+03 1 0)
s>        ( QUESTION0 -1 -4.154e+04 2.515e+02 2.045e+02
s>            ( QUESTION2_18_L -1 -2.386e+04 1.917e+02 1.176e+02
s>                ( - -8.611e+03 1 0)
s>                ( QUESTION0_1_R 1 -1.506e+04 1.975e+02 7.484e+01
s>                    ( - -4.825e+03 1 0)
s>                    ( QUESTION0_10_R 1 -1.004e+04 2.011e+02 5.076e+01
s>                        ( - -4.519e+03 1 0)
s>                        ( QUESTION0_0_R 1 -5.318e+03 1.487e+02 2.796e+01
s>                            ( - -1.457e+03 1 0)
s>                            ( - -3.713e+03 1 0)))))
s>            ( - -1.743e+04 2 0)))INFO: dtree.c(1315): Comp split 5
INFO: dtree.c(1478): Final simple tree
|( QUESTION0_0_R 1 -5.238e+04 3.051e+02 2.426e+02
|    ( WDBNDRY_E 0 -1.274e+04 1.987e+02 5.918e+01
|        ( - -1.591e+03 1 0)
|        ( - -1.095e+04 3 0 QUESTION7 -1 1.469e+02 5.118e+01))
|    ( QUESTION6 -1 -3.934e+04 2.171e+02 1.834e+02
|        ( - -8.548e+02 1 0)
|        ( QUESTION18 1 -3.827e+04 2.239e+02 1.784e+02
|            ( QUESTION2_7_L -1 -7.057e+03 1.807e+02 3.300e+01
|                ( - -1.004e+03 1 0)
|                ( WDBNDRY_E 0 -5.872e+03 1.607e+02 2.800e+01
|                    ( - -9.580e+02 1 0)
|                    ( - -4.753e+03 2 0 QUESTION0 -1 1.387e+02 2.300e+01)))
|            ( SILENCE -1 -3.098e+04 1.868e+02 1.454e+02
|                ( - -8.314e+02 1 0)
|                ( - -2.997e+04 11 0 QUESTION0_14_R 1 1.488e+02 1.404e+02)))))
s>    ( QUESTION0_0_R 1 -5.238e+04 3.051e+02 2.426e+02
s>        ( WDBNDRY_E 0 -1.274e+04 1.987e+02 5.918e+01
s>            ( - -1.591e+03 1 0)
s>            ( - -1.095e+04 3 0 QUESTION7 -1 1.469e+02 5.118e+01))
s>        ( QUESTION6 -1 -3.934e+04 2.171e+02 1.834e+02
s>            ( - -8.548e+02 1 0)
s>            ( QUESTION18 1 -3.827e+04 2.239e+02 1.784e+02
s>                ( QUESTION2_7_L -1 -7.057e+03 1.807e+02 3.300e+01
s>                    ( - -1.004e+03 1 0)
s>                    ( WDBNDRY_E 0 -5.872e+03 1.607e+02 2.800e+01
s>                        ( - -9.580e+02 1 0)
s>                        ( - -4.753e+03 2 0 QUESTION0 -1 1.387e+02 2.300e+01)))
s>                ( SILENCE -1 -3.098e+04 1.868e+02 1.454e+02
s>                    ( - -8.314e+02 1 0)
s>                    ( - -2.997e+04 11 0 QUESTION0_14_R 1 1.488e+02 1.404e+02)))))INFO: dtree.c(1478): Final simple tree
|( QUESTION17 1 -1.279e+05 2.661e+02 6.008e+02
|    ( - -3.355e+03 1 0)
|    ( QUESTION0_0_R 1 -1.243e+05 2.369e+02 5.828e+02
|        ( QUESTION1 -1 -1.224e+05 2.240e+02 5.738e+02
|            ( - -2.556e+04 8 0 QUESTION6 -1 2.059e+02 1.210e+02)
|            ( QUESTION0_8_R 1 -9.659e+04 2.213e+02 4.529e+02
|                ( SILENCE -1 -5.106e+03 2.395e+02 2.500e+01
|                    ( - -1.699e+03 1 0)
|                    ( - -3.168e+03 1 0))
|                ( QUESTION9 1 -9.127e+04 2.247e+02 4.279e+02
|                    ( QUESTION14 1 -8.688e+04 2.138e+02 4.069e+02
|                        ( - -8.138e+04 7 0 QUESTION2_15_L -1 1.969e+02 3.809e+02)
|                        ( - -5.287e+03 3 0 QUESTION2_7_L -1 2.135e+02 2.598e+01))
|                    ( - -4.163e+03 1 0))))
|        ( - -1.717e+03 2 0 WDBNDRY_E 0 1.613e+02 9.000e+00)))
s>    ( QUESTION17 1 -1.279e+05 2.661e+02 6.008e+02
s>        ( - -3.355e+03 1 0)
s>        ( QUESTION0_0_R 1 -1.243e+05 2.369e+02 5.828e+02
s>            ( QUESTION1 -1 -1.224e+05 2.240e+02 5.738e+02
s>                ( - -2.556e+04 8 0 QUESTION6 -1 2.059e+02 1.210e+02)
s>                ( QUESTION0_8_R 1 -9.659e+04 2.213e+02 4.529e+02
s>                    ( SILENCE -1 -5.106e+03 2.395e+02 2.500e+01
s>                        ( - -1.699e+03 1 0)
s>                        ( - -3.168e+03 1 0))
s>                    ( QUESTION9 1 -9.127e+04 2.247e+02 4.279e+02
s>                        ( QUESTION14 1 -8.688e+04 2.138e+02 4.069e+02
s>                            ( - -8.138e+04 7 0 QUESTION2_15_L -1 1.969e+02 3.809e+02)
s>                            ( - -5.287e+03 3 0 QUESTION2_7_L -1 2.135e+02 2.598e+01))
s>                        ( - -4.163e+03 1 0))))
s>            ( - -1.717e+03 2 0 WDBNDRY_E 0 1.613e+02 9.000e+00)))INFO: dtree.c(1315): Comp split 6
INFO: dtree.c(1439): stop. leaf nodes are specific
INFO: dtree.c(1478): Final simple tree
|( QUESTION0 -1 -5.147e+03 2.378e+02 2.800e+01
|    ( - -4.164e+03 1 0)
|    ( - -7.459e+02 1 0))
s>    ( QUESTION0 -1 -5.147e+03 2.378e+02 2.800e+01
s>        ( - -4.164e+03 1 0)
s>        ( - -7.459e+02 1 0))INFO: dtree.c(1315): Comp split 7
INFO: dtree.c(1439): stop. leaf nodes are specific
INFO: dtree.c(1478): Final simple tree
|( QUESTION2_18_L -1 -1.875e+04 2.109e+02 8.718e+01
|    ( QUESTION0_0_R 1 -8.685e+03 1.169e+02 4.118e+01
|        ( - -7.046e+03 1 0)
|        ( - -1.522e+03 1 0))
|    ( QUESTION0_2_R 1 -9.856e+03 1.769e+02 4.600e+01
|        ( - -1.591e+03 1 0)
|        ( WDBNDRY_E 0 -8.088e+03 1.625e+02 3.800e+01
|            ( - -9.580e+02 1 0)
|            ( QUESTION7 -1 -6.967e+03 1.511e+02 3.300e+01
|                ( - -9.589e+02 1 0)
|                ( QUESTION0_0_R 1 -5.857e+03 1.121e+02 2.800e+01
|                    ( - -2.653e+03 1 0)
|                    ( - -3.093e+03 1 0))))))
s>    ( QUESTION2_18_L -1 -1.875e+04 2.109e+02 8.718e+01
s>        ( QUESTION0_0_R 1 -8.685e+03 1.169e+02 4.118e+01
s>            ( - -7.046e+03 1 0)
s>            ( - -1.522e+03 1 0))
s>        ( QUESTION0_2_R 1 -9.856e+03 1.769e+02 4.600e+01
s>            ( - -1.591e+03 1 0)
s>            ( WDBNDRY_E 0 -8.088e+03 1.625e+02 3.800e+01
s>                ( - -9.580e+02 1 0)
s>                ( QUESTION7 -1 -6.967e+03 1.511e+02 3.300e+01
s>                    ( - -9.589e+02 1 0)
s>                    ( QUESTION0_0_R 1 -5.857e+03 1.121e+02 2.800e+01
s>                        ( - -2.653e+03 1 0)
s>                        ( - -3.093e+03 1 0))))))INFO: dtree.c(1478): Final simple tree
|( QUESTION6 -1 -3.323e+04 2.173e+02 1.554e+02
|    ( - -8.548e+02 1 0)
|    ( SILENCE -1 -3.216e+04 1.849e+02 1.504e+02
|        ( - -8.314e+02 1 0)
|        ( QUESTION18 1 -3.114e+04 1.744e+02 1.454e+02
|            ( - -1.004e+03 1 0)
|            ( QUESTION0_14_R 1 -2.997e+04 1.488e+02 1.404e+02
|                ( WDBNDRY_E 0 -3.641e+03 1.570e+02 1.800e+01
|                    ( - -2.549e+03 1 0)
|                    ( - -9.348e+02 1 0))
|                ( QUESTION0 -1 -2.618e+04 1.561e+02 1.224e+02
|                    ( QUESTION2 -1 -1.357e+04 1.257e+02 6.423e+01
|                        ( - -1.302e+03 1 0)
|                        ( - -1.214e+04 4 0 WDBNDRY_E 0 1.145e+02 5.723e+01))
|                    ( - -1.245e+04 4 0 QUESTION2_15_L -1 1.099e+02 5.816e+01))))))
s>    ( QUESTION6 -1 -3.323e+04 2.173e+02 1.554e+02
s>        ( - -8.548e+02 1 0)
s>        ( SILENCE -1 -3.216e+04 1.849e+02 1.504e+02
s>            ( - -8.314e+02 1 0)
s>            ( QUESTION18 1 -3.114e+04 1.744e+02 1.454e+02
s>                ( - -1.004e+03 1 0)
s>                ( QUESTION0_14_R 1 -2.997e+04 1.488e+02 1.404e+02
s>                    ( WDBNDRY_E 0 -3.641e+03 1.570e+02 1.800e+01
s>                        ( - -2.549e+03 1 0)
s>                        ( - -9.348e+02 1 0))
s>                    ( QUESTION0 -1 -2.618e+04 1.561e+02 1.224e+02
s>                        ( QUESTION2 -1 -1.357e+04 1.257e+02 6.423e+01
s>                            ( - -1.302e+03 1 0)
s>                            ( - -1.214e+04 4 0 WDBNDRY_E 0 1.145e+02 5.723e+01))
s>                        ( - -1.245e+04 4 0 QUESTION2_15_L -1 1.099e+02 5.816e+01))))))INFO: dtree.c(1315): Comp split 8
INFO: dtree.c(1478): Final simple tree
|( QUESTION0_1_R 1 -7.290e+04 3.099e+02 3.436e+02
|    ( - -8.941e+03 5 0 QUESTION2_7_L -1 1.913e+02 4.199e+01)
|    ( QUESTION14 -1 -6.365e+04 2.371e+02 3.016e+02
|        ( - -1.298e+03 1 0)
|        ( QUESTION8 -1 -6.212e+04 2.246e+02 2.946e+02
|            ( - -1.522e+03 1 0)
|            ( QUESTION4 1 -6.037e+04 2.923e+02 2.866e+02
|                ( - -3.991e+03 2 0 WDBNDRY_E 0 1.448e+02 2.000e+01)
|                ( QUESTION0 1 -5.609e+04 2.105e+02 2.666e+02
|                    ( QUESTION2_7_L -1 -5.290e+04 2.008e+02 2.506e+02
|                        ( - -5.195e+03 1 0)
|                        ( - -4.751e+04 5 0 QUESTION11 1 1.900e+02 2.256e+02))
|                    ( WDBNDRY_E 0 -2.973e+03 2.515e+02 1.600e+01
|                        ( - -9.109e+02 1 0)
|                        ( - -1.811e+03 1 0)))))))
s>    ( QUESTION0_1_R 1 -7.290e+04 3.099e+02 3.436e+02
s>        ( - -8.941e+03 5 0 QUESTION2_7_L -1 1.913e+02 4.199e+01)
s>        ( QUESTION14 -1 -6.365e+04 2.371e+02 3.016e+02
s>            ( - -1.298e+03 1 0)
s>            ( QUESTION8 -1 -6.212e+04 2.246e+02 2.946e+02
s>                ( - -1.522e+03 1 0)
s>                ( QUESTION4 1 -6.037e+04 2.923e+02 2.866e+02
s>                    ( - -3.991e+03 2 0 WDBNDRY_E 0 1.448e+02 2.000e+01)
s>                    ( QUESTION0 1 -5.609e+04 2.105e+02 2.666e+02
s>                        ( QUESTION2_7_L -1 -5.290e+04 2.008e+02 2.506e+02
s>                            ( - -5.195e+03 1 0)
s>                            ( - -4.751e+04 5 0 QUESTION11 1 1.900e+02 2.256e+02))
s>                        ( WDBNDRY_E 0 -2.973e+03 2.515e+02 1.600e+01
s>                            ( - -9.109e+02 1 0)
s>                            ( - -1.811e+03 1 0)))))))INFO: dtree.c(1439): stop. leaf nodes are specific
INFO: dtree.c(1478): Final simple tree
|( QUESTION0 -1 -1.405e+04 2.951e+02 6.779e+01
|    ( QUESTION6 -1 -1.083e+04 2.177e+02 5.181e+01
|        ( - -7.062e+02 1 0)
|        ( QUESTION0_1_R 1 -9.902e+03 2.016e+02 4.781e+01
|            ( - -2.363e+03 1 0)
|            ( WDBNDRY_E 0 -7.337e+03 1.542e+02 3.581e+01
|                ( - -2.704e+03 1 0)
|                ( - -4.479e+03 1 0))))
|    ( - -2.930e+03 1 0))
s>    ( QUESTION0 -1 -1.405e+04 2.951e+02 6.779e+01
s>        ( QUESTION6 -1 -1.083e+04 2.177e+02 5.181e+01
s>            ( - -7.062e+02 1 0)
s>            ( QUESTION0_1_R 1 -9.902e+03 2.016e+02 4.781e+01
s>                ( - -2.363e+03 1 0)
s>                ( WDBNDRY_E 0 -7.337e+03 1.542e+02 3.581e+01
s>                    ( - -2.704e+03 1 0)
s>                    ( - -4.479e+03 1 0))))
s>        ( - -2.930e+03 1 0))INFO: dtree.c(1315): Comp split 9
INFO: dtree.c(1439): stop. leaf nodes are specific
INFO: dtree.c(1478): Final simple tree
|( QUESTION2_17_L -1 -1.221e+04 2.353e+02 5.997e+01
|    ( - -1.682e+03 1 0)
|    ( QUESTION18 1 -1.029e+04 2.168e+02 5.097e+01
|        ( - -3.168e+03 1 0)
|        ( WDBNDRY_E 0 -6.907e+03 1.620e+02 3.497e+01
|            ( - -3.355e+03 1 0)
|            ( QUESTION0 -1 -3.391e+03 1.222e+02 1.698e+01
|                ( - -1.730e+03 1 0)
|                ( - -1.538e+03 1 0)))))
s>    ( QUESTION2_17_L -1 -1.221e+04 2.353e+02 5.997e+01
s>        ( - -1.682e+03 1 0)
s>        ( QUESTION18 1 -1.029e+04 2.168e+02 5.097e+01
s>            ( - -3.168e+03 1 0)
s>            ( WDBNDRY_E 0 -6.907e+03 1.620e+02 3.497e+01
s>                ( - -3.355e+03 1 0)
s>                ( QUESTION0 -1 -3.391e+03 1.222e+02 1.698e+01
s>                    ( - -1.730e+03 1 0)
s>                    ( - -1.538e+03 1 0)))))INFO: dtree.c(1478): Final simple tree
|( QUESTION0_0_R 1 -1.154e+05 2.377e+02 5.409e+02
|    ( QUESTION0 -1 -1.134e+05 2.260e+02 5.319e+02
|        ( QUESTION6 -1 -2.878e+04 2.089e+02 1.360e+02
|            ( - -4.868e+03 2 0 QUESTION0_3_R 1 1.611e+02 2.387e+01)
|            ( - -2.370e+04 8 0 QUESTION0_8_R 1 1.631e+02 1.121e+02))
|        ( QUESTION0_3_R 1 -8.442e+04 2.076e+02 3.959e+02
|            ( - -7.325e+04 2 0 SILENCE -1 1.610e+02 3.429e+02)
|            ( QUESTION2_14_L -1 -1.096e+04 2.180e+02 5.297e+01
|                ( - -4.163e+03 1 0)
|                ( QUESTION0_7_R 1 -6.584e+03 1.718e+02 3.199e+01
|                    ( SILENCE -1 -4.713e+03 2.055e+02 2.299e+01
|                        ( - -1.375e+03 1 0)
|                        ( - -3.132e+03 2 0))
|                    ( - -1.699e+03 1 0)))))
|    ( - -1.717e+03 2 0 WDBNDRY_E 0 1.613e+02 9.000e+00))
s>    ( QUESTION0_0_R 1 -1.154e+05 2.377e+02 5.409e+02
s>        ( QUESTION0 -1 -1.134e+05 2.260e+02 5.319e+02
s>            ( QUESTION6 -1 -2.878e+04 2.089e+02 1.360e+02
s>                ( - -4.868e+03 2 0 QUESTION0_3_R 1 1.611e+02 2.387e+01)
s>                ( - -2.370e+04 8 0 QUESTION0_8_R 1 1.631e+02 1.121e+02))
s>            ( QUESTION0_3_R 1 -8.442e+04 2.076e+02 3.959e+02
s>                ( - -7.325e+04 2 0 SILENCE -1 1.610e+02 3.429e+02)
s>                ( QUESTION2_14_L -1 -1.096e+04 2.180e+02 5.297e+01
s>                    ( - -4.163e+03 1 0)
s>                    ( QUESTION0_7_R 1 -6.584e+03 1.718e+02 3.199e+01
s>                        ( SILENCE -1 -4.713e+03 2.055e+02 2.299e+01
s>                            ( - -1.375e+03 1 0)
s>                            ( - -3.132e+03 2 0))
s>                        ( - -1.699e+03 1 0)))))
s>        ( - -1.717e+03 2 0 WDBNDRY_E 0 1.613e+02 9.000e+00))INFO: dtree.c(1315): Comp split 10
INFO: dtree.c(1439): stop. leaf nodes are specific
INFO: dtree.c(1478): Final simple tree
|( WDBNDRY_E 0 -8.572e+03 2.393e+02 4.392e+01
|    ( - -3.014e+03 1 0)
|    ( QUESTION0_0_R 1 -5.318e+03 1.487e+02 2.796e+01
|        ( - -1.457e+03 1 0)
|        ( - -3.713e+03 1 0)))
s>    ( WDBNDRY_E 0 -8.572e+03 2.393e+02 4.392e+01
s>        ( - -3.014e+03 1 0)
s>        ( QUESTION0_0_R 1 -5.318e+03 1.487e+02 2.796e+01
s>            ( - -1.457e+03 1 0)
s>            ( - -3.713e+03 1 0)))INFO: dtree.c(1439): stop. leaf nodes are specific
INFO: dtree.c(1478): Final simple tree
|( QUESTION0 -1 -3.597e+04 2.121e+02 1.766e+02
|    ( QUESTION0_1_R 1 -1.833e+04 1.754e+02 8.962e+01
|        ( - -4.825e+03 1 0)
|        ( QUESTION2 -1 -1.333e+04 1.997e+02 6.555e+01
|            ( - -4.519e+03 1 0)
|            ( - -8.611e+03 1 0)))
|    ( - -1.743e+04 2 0))
s>    ( QUESTION0 -1 -3.597e+04 2.121e+02 1.766e+02
s>        ( QUESTION0_1_R 1 -1.833e+04 1.754e+02 8.962e+01
s>            ( - -4.825e+03 1 0)
s>            ( QUESTION2 -1 -1.333e+04 1.997e+02 6.555e+01
s>                ( - -4.519e+03 1 0)
s>                ( - -8.611e+03 1 0)))
s>        ( - -1.743e+04 2 0))INFO: dtree.c(1315): Comp split 11
INFO: dtree.c(1478): Final simple tree
|( QUESTION8 -1 -6.212e+04 2.246e+02 2.946e+02
|    ( - -1.522e+03 1 0)
|    ( QUESTION4 1 -6.037e+04 2.923e+02 2.866e+02
|        ( - -3.991e+03 2 0 WDBNDRY_E 0 1.448e+02 2.000e+01)
|        ( QUESTION0 1 -5.609e+04 2.105e+02 2.666e+02
|            ( QUESTION2_7_L -1 -5.290e+04 2.008e+02 2.506e+02
|                ( - -5.195e+03 1 0)
|                ( QUESTION11 1 -4.751e+04 1.900e+02 2.256e+02
|                    ( - -1.670e+03 1 0)
|                    ( QUESTION0_0_R 1 -4.565e+04 1.647e+02 2.166e+02
|                        ( - -4.447e+04 3 0 WDBNDRY_E 0 1.230e+02 2.116e+02)
|                        ( - -1.010e+03 1 0))))
|            ( WDBNDRY_E 0 -2.973e+03 2.515e+02 1.600e+01
|                ( - -9.109e+02 1 0)
|                ( - -1.811e+03 1 0)))))
s>    ( QUESTION8 -1 -6.212e+04 2.246e+02 2.946e+02
s>        ( - -1.522e+03 1 0)
s>        ( QUESTION4 1 -6.037e+04 2.923e+02 2.866e+02
s>            ( - -3.991e+03 2 0 WDBNDRY_E 0 1.448e+02 2.000e+01)
s>            ( QUESTION0 1 -5.609e+04 2.105e+02 2.666e+02
s>                ( QUESTION2_7_L -1 -5.290e+04 2.008e+02 2.506e+02
s>                    ( - -5.195e+03 1 0)
s>                    ( QUESTION11 1 -4.751e+04 1.900e+02 2.256e+02
s>                        ( - -1.670e+03 1 0)
s>                        ( QUESTION0_0_R 1 -4.565e+04 1.647e+02 2.166e+02
s>                            ( - -4.447e+04 3 0 WDBNDRY_E 0 1.230e+02 2.116e+02)
s>                            ( - -1.010e+03 1 0))))
s>                ( WDBNDRY_E 0 -2.973e+03 2.515e+02 1.600e+01
s>                    ( - -9.109e+02 1 0)
s>                    ( - -1.811e+03 1 0)))))INFO: dtree.c(1439): stop. leaf nodes are specific
INFO: dtree.c(1478): Final simple tree
|( QUESTION0_0_R 1 -1.047e+04 2.317e+02 4.899e+01
|    ( QUESTION2_7_L -1 -8.941e+03 1.913e+02 4.199e+01
|        ( - -6.918e+02 1 0)
|        ( QUESTION2_14_L -1 -8.058e+03 1.286e+02 3.799e+01
|            ( - -5.703e+03 3 0)
|            ( - -2.226e+03 1 0)))
|    ( - -1.298e+03 1 0))
s>    ( QUESTION0_0_R 1 -1.047e+04 2.317e+02 4.899e+01
s>        ( QUESTION2_7_L -1 -8.941e+03 1.913e+02 4.199e+01
s>            ( - -6.918e+02 1 0)
s>            ( QUESTION2_14_L -1 -8.058e+03 1.286e+02 3.799e+01
s>                ( - -5.703e+03 3 0)
s>                ( - -2.226e+03 1 0)))
s>        ( - -1.298e+03 1 0))INFO: dtree.c(1315): Comp split 12
INFO: dtree.c(1439): stop. leaf nodes are specific
INFO: dtree.c(1478): Final simple tree
|( WDBNDRY_E 0 -3.991e+03 1.448e+02 2.000e+01
|    ( - -1.976e+03 1 0)
|    ( - -1.871e+03 1 0))
s>    ( WDBNDRY_E 0 -3.991e+03 1.448e+02 2.000e+01
s>        ( - -1.976e+03 1 0)
s>        ( - -1.871e+03 1 0))INFO: dtree.c(1478): Final simple tree
|( QUESTION1 1 -5.783e+04 2.283e+02 2.746e+02
|    ( QUESTION0 -1 -2.694e+03 1.621e+02 1.300e+01
|        ( - -1.522e+03 1 0)
|        ( - -1.010e+03 1 0))
|    ( QUESTION0_0_R 1 -5.491e+04 2.104e+02 2.616e+02
|        ( QUESTION2_7_L -1 -5.172e+04 1.982e+02 2.456e+02
|            ( - -5.195e+03 1 0)
|            ( QUESTION0_10_R 1 -4.633e+04 1.879e+02 2.206e+02
|                ( WDBNDRY_E 0 -4.447e+04 1.230e+02 2.116e+02
|                    ( - -1.652e+04 1 0)
|                    ( - -2.782e+04 2 0))
|                ( - -1.670e+03 1 0)))
|        ( WDBNDRY_E 0 -2.973e+03 2.515e+02 1.600e+01
|            ( - -9.109e+02 1 0)
|            ( - -1.811e+03 1 0))))
s>    ( QUESTION1 1 -5.783e+04 2.283e+02 2.746e+02
s>        ( QUESTION0 -1 -2.694e+03 1.621e+02 1.300e+01
s>            ( - -1.522e+03 1 0)
s>            ( - -1.010e+03 1 0))
s>        ( QUESTION0_0_R 1 -5.491e+04 2.104e+02 2.616e+02
s>            ( QUESTION2_7_L -1 -5.172e+04 1.982e+02 2.456e+02
s>                ( - -5.195e+03 1 0)
s>                ( QUESTION0_10_R 1 -4.633e+04 1.879e+02 2.206e+02
s>                    ( WDBNDRY_E 0 -4.447e+04 1.230e+02 2.116e+02
s>                        ( - -1.652e+04 1 0)
s>                        ( - -2.782e+04 2 0))
s>                    ( - -1.670e+03 1 0)))
s>            ( WDBNDRY_E 0 -2.973e+03 2.515e+02 1.600e+01
s>                ( - -9.109e+02 1 0)
s>                ( - -1.811e+03 1 0))))INFO: dtree.c(1315): Comp split 13
INFO: dtree.c(1439): stop. leaf nodes are specific
INFO: dtree.c(1478): Final simple tree
|( QUESTION6 -1 -1.083e+04 2.177e+02 5.181e+01
|    ( - -7.062e+02 1 0)
|    ( QUESTION0_1_R 1 -9.902e+03 2.016e+02 4.781e+01
|        ( - -2.363e+03 1 0)
|        ( WDBNDRY_E 0 -7.337e+03 1.542e+02 3.581e+01
|            ( - -2.704e+03 1 0)
|            ( - -4.479e+03 1 0))))
s>    ( QUESTION6 -1 -1.083e+04 2.177e+02 5.181e+01
s>        ( - -7.062e+02 1 0)
s>        ( QUESTION0_1_R 1 -9.902e+03 2.016e+02 4.781e+01
s>            ( - -2.363e+03 1 0)
s>            ( WDBNDRY_E 0 -7.337e+03 1.542e+02 3.581e+01
s>                ( - -2.704e+03 1 0)
s>                ( - -4.479e+03 1 0))))INFO: dtree.c(1315): Comp split 14
INFO: dtree.c(1439): stop. leaf nodes are specific
INFO: dtree.c(1478): Final simple tree
|( SILENCE 1 -5.586e+04 2.637e+02 2.657e+02
|    ( QUESTION5 -1 -5.051e+04 2.214e+02 2.408e+02
|        ( - -2.811e+02 1 0)
|        ( QUESTION2 -1 -5.001e+04 1.948e+02 2.388e+02
|            ( - -2.887e+03 1 0)
|            ( WDBNDRY_E 0 -4.693e+04 1.461e+02 2.238e+02
|                ( - -4.502e+04 1 0)
|                ( - -1.766e+03 1 0))))
|    ( - -5.080e+03 1 0))
s>    ( SILENCE 1 -5.586e+04 2.637e+02 2.657e+02
s>        ( QUESTION5 -1 -5.051e+04 2.214e+02 2.408e+02
s>            ( - -2.811e+02 1 0)
s>            ( QUESTION2 -1 -5.001e+04 1.948e+02 2.388e+02
s>                ( - -2.887e+03 1 0)
s>                ( WDBNDRY_E 0 -4.693e+04 1.461e+02 2.238e+02
s>                    ( - -4.502e+04 1 0)
s>                    ( - -1.766e+03 1 0))))
s>        ( - -5.080e+03 1 0))INFO: dtree.c(1315): Comp split 15
INFO: dtree.c(1439): stop. leaf nodes are specific
INFO: dtree.c(1478): Final simple tree
|( QUESTION5 -1 -5.051e+04 2.214e+02 2.408e+02
|    ( - -2.811e+02 1 0)
|    ( QUESTION2 -1 -5.001e+04 1.948e+02 2.388e+02
|        ( - -2.887e+03 1 0)
|        ( WDBNDRY_E 0 -4.693e+04 1.461e+02 2.238e+02
|            ( - -4.502e+04 1 0)
|            ( - -1.766e+03 1 0))))
s>    ( QUESTION5 -1 -5.051e+04 2.214e+02 2.408e+02
s>        ( - -2.811e+02 1 0)
s>        ( QUESTION2 -1 -5.001e+04 1.948e+02 2.388e+02
s>            ( - -2.887e+03 1 0)
s>            ( WDBNDRY_E 0 -4.693e+04 1.461e+02 2.238e+02
s>                ( - -4.502e+04 1 0)
s>                ( - -1.766e+03 1 0))))INFO: dtree.c(1315): Comp split 16
INFO: dtree.c(1439): stop. leaf nodes are specific
INFO: dtree.c(1478): Final simple tree
|( QUESTION1 1 -5.666e+04 2.285e+02 2.686e+02
|    ( QUESTION0 -1 -2.694e+03 1.621e+02 1.300e+01
|        ( - -1.522e+03 1 0)
|        ( - -1.010e+03 1 0))
|    ( QUESTION0_0_R 1 -5.374e+04 2.082e+02 2.556e+02
|        ( QUESTION2_7_L -1 -5.172e+04 1.982e+02 2.456e+02
|            ( - -5.195e+03 1 0)
|            ( QUESTION0_10_R 1 -4.633e+04 1.879e+02 2.206e+02
|                ( WDBNDRY_E 0 -4.447e+04 1.230e+02 2.116e+02
|                    ( - -1.652e+04 1 0)
|                    ( - -2.782e+04 2 0))
|                ( - -1.670e+03 1 0)))
|        ( - -1.811e+03 1 0)))
s>    ( QUESTION1 1 -5.666e+04 2.285e+02 2.686e+02
s>        ( QUESTION0 -1 -2.694e+03 1.621e+02 1.300e+01
s>            ( - -1.522e+03 1 0)
s>            ( - -1.010e+03 1 0))
s>        ( QUESTION0_0_R 1 -5.374e+04 2.082e+02 2.556e+02
s>            ( QUESTION2_7_L -1 -5.172e+04 1.982e+02 2.456e+02
s>                ( - -5.195e+03 1 0)
s>                ( QUESTION0_10_R 1 -4.633e+04 1.879e+02 2.206e+02
s>                    ( WDBNDRY_E 0 -4.447e+04 1.230e+02 2.116e+02
s>                        ( - -1.652e+04 1 0)
s>                        ( - -2.782e+04 2 0))
s>                    ( - -1.670e+03 1 0)))
s>            ( - -1.811e+03 1 0)))INFO: dtree.c(1315): Comp split 17
INFO: dtree.c(1439): stop. leaf nodes are specific
INFO: dtree.c(1478): Final simple tree
|( QUESTION0 -1 -8.511e+04 2.031e+02 3.988e+02
|    ( QUESTION0_3_R 1 -4.868e+03 1.611e+02 2.387e+01
|        ( - -3.464e+03 1 0)
|        ( - -1.243e+03 1 0))
|    ( QUESTION0_3_R 1 -8.004e+04 2.048e+02 3.749e+02
|        ( SILENCE -1 -7.325e+04 1.610e+02 3.429e+02
|            ( - -1.126e+03 1 0)
|            ( - -7.196e+04 1 0))
|        ( QUESTION0_7_R 1 -6.584e+03 1.718e+02 3.199e+01
|            ( SILENCE -1 -4.713e+03 2.055e+02 2.299e+01
|                ( - -1.375e+03 1 0)
|                ( - -3.132e+03 2 0))
|            ( - -1.699e+03 1 0))))
s>    ( QUESTION0 -1 -8.511e+04 2.031e+02 3.988e+02
s>        ( QUESTION0_3_R 1 -4.868e+03 1.611e+02 2.387e+01
s>            ( - -3.464e+03 1 0)
s>            ( - -1.243e+03 1 0))
s>        ( QUESTION0_3_R 1 -8.004e+04 2.048e+02 3.749e+02
s>            ( SILENCE -1 -7.325e+04 1.610e+02 3.429e+02
s>                ( - -1.126e+03 1 0)
s>                ( - -7.196e+04 1 0))
s>            ( QUESTION0_7_R 1 -6.584e+03 1.718e+02 3.199e+01
s>                ( SILENCE -1 -4.713e+03 2.055e+02 2.299e+01
s>                    ( - -1.375e+03 1 0)
s>                    ( - -3.132e+03 2 0))
s>                ( - -1.699e+03 1 0))))INFO: dtree.c(1478): Final simple tree
|( QUESTION0_0_R 1 -3.003e+04 2.311e+02 1.421e+02
|    ( QUESTION0 -1 -2.808e+04 2.128e+02 1.331e+02
|        ( QUESTION0_8_R 1 -2.370e+04 1.631e+02 1.121e+02
|            ( - -7.093e+03 1 0)
|            ( QUESTION14 1 -1.645e+04 1.694e+02 7.703e+01
|                ( QUESTION15 -1 -9.810e+03 1.643e+02 4.703e+01
|                    ( - -1.359e+03 1 0)
|                    ( WDBNDRY_E 0 -8.287e+03 1.764e+02 4.003e+01
|                        ( - -6.557e+03 2 0 QUESTION0_3_R 1 1.360e+02 3.203e+01)
|                        ( - -1.554e+03 1 0)))
|                ( - -6.466e+03 3 0 WDBNDRY_E 0 1.346e+02 3.000e+01)))
|        ( - -4.163e+03 1 0))
|    ( WDBNDRY_E 0 -1.717e+03 1.613e+02 9.000e+00
|        ( - -6.359e+02 1 0)
|        ( - -9.197e+02 1 0)))
s>    ( QUESTION0_0_R 1 -3.003e+04 2.311e+02 1.421e+02
s>        ( QUESTION0 -1 -2.808e+04 2.128e+02 1.331e+02
s>            ( QUESTION0_8_R 1 -2.370e+04 1.631e+02 1.121e+02
s>                ( - -7.093e+03 1 0)
s>                ( QUESTION14 1 -1.645e+04 1.694e+02 7.703e+01
s>                    ( QUESTION15 -1 -9.810e+03 1.643e+02 4.703e+01
s>                        ( - -1.359e+03 1 0)
s>                        ( WDBNDRY_E 0 -8.287e+03 1.764e+02 4.003e+01
s>                            ( - -6.557e+03 2 0 QUESTION0_3_R 1 1.360e+02 3.203e+01)
s>                            ( - -1.554e+03 1 0)))
s>                    ( - -6.466e+03 3 0 WDBNDRY_E 0 1.346e+02 3.000e+01)))
s>            ( - -4.163e+03 1 0))
s>        ( WDBNDRY_E 0 -1.717e+03 1.613e+02 9.000e+00
s>            ( - -6.359e+02 1 0)
s>            ( - -9.197e+02 1 0)))INFO: dtree.c(1315): Comp split 18
INFO: dtree.c(1439): stop. leaf nodes are specific
INFO: dtree.c(1478): Final simple tree
|( QUESTION0_3_R 1 -1.379e+04 1.377e+02 6.708e+01
|    ( - -4.258e+03 1 0)
|    ( QUESTION0_7_R 1 -9.391e+03 1.357e+02 4.602e+01
|        ( - -2.162e+03 1 0)
|        ( - -7.093e+03 1 0)))
s>    ( QUESTION0_3_R 1 -1.379e+04 1.377e+02 6.708e+01
s>        ( - -4.258e+03 1 0)
s>        ( QUESTION0_7_R 1 -9.391e+03 1.357e+02 4.602e+01
s>            ( - -2.162e+03 1 0)
s>            ( - -7.093e+03 1 0)))INFO: dtree.c(1478): Final simple tree
|( QUESTION2_14_L -1 -1.599e+04 2.166e+02 7.497e+01
|    ( - -4.163e+03 1 0)
|    ( QUESTION0_0_R 1 -1.161e+04 2.205e+02 5.400e+01
|        ( QUESTION14 -1 -9.674e+03 1.547e+02 4.500e+01
|            ( - -1.554e+03 1 0)
|            ( QUESTION0_4_R 1 -7.965e+03 1.403e+02 3.700e+01
|                ( - -1.359e+03 1 0)
|                ( WDBNDRY_E 0 -6.466e+03 1.346e+02 3.000e+01
|                    ( QUESTION0_3_R 1 -4.506e+03 1.753e+02 2.100e+01
|                        ( - -1.415e+03 1 0)
|                        ( - -2.916e+03 1 0))
|                    ( - -1.825e+03 1 0))))
|        ( WDBNDRY_E 0 -1.717e+03 1.613e+02 9.000e+00
|            ( - -6.359e+02 1 0)
|            ( - -9.197e+02 1 0))))
s>    ( QUESTION2_14_L -1 -1.599e+04 2.166e+02 7.497e+01
s>        ( - -4.163e+03 1 0)
s>        ( QUESTION0_0_R 1 -1.161e+04 2.205e+02 5.400e+01
s>            ( QUESTION14 -1 -9.674e+03 1.547e+02 4.500e+01
s>                ( - -1.554e+03 1 0)
s>                ( QUESTION0_4_R 1 -7.965e+03 1.403e+02 3.700e+01
s>                    ( - -1.359e+03 1 0)
s>                    ( WDBNDRY_E 0 -6.466e+03 1.346e+02 3.000e+01
s>                        ( QUESTION0_3_R 1 -4.506e+03 1.753e+02 2.100e+01
s>                            ( - -1.415e+03 1 0)
s>                            ( - -2.916e+03 1 0))
s>                        ( - -1.825e+03 1 0))))
s>            ( WDBNDRY_E 0 -1.717e+03 1.613e+02 9.000e+00
s>                ( - -6.359e+02 1 0)
s>                ( - -9.197e+02 1 0))))INFO: dtree.c(1315): Comp split 19
INFO: dtree.c(1439): stop. leaf nodes are specific
INFO: dtree.c(1478): Final simple tree
|( QUESTION0_0_R 1 -5.318e+03 1.487e+02 2.796e+01
|    ( - -1.457e+03 1 0)
|    ( - -3.713e+03 1 0))
s>    ( QUESTION0_0_R 1 -5.318e+03 1.487e+02 2.796e+01
s>        ( - -1.457e+03 1 0)
s>        ( - -3.713e+03 1 0))INFO: dtree.c(1315): Comp split 20
INFO: dtree.c(1315): Comp split 21
INFO: dtree.c(1439): stop. leaf nodes are specific
INFO: dtree.c(1478): Final simple tree
|( QUESTION18 1 -1.029e+04 2.168e+02 5.097e+01
|    ( - -3.168e+03 1 0)
|    ( WDBNDRY_E 0 -6.907e+03 1.620e+02 3.497e+01
|        ( - -3.355e+03 1 0)
|        ( QUESTION0 -1 -3.391e+03 1.222e+02 1.698e+01
|            ( - -1.730e+03 1 0)
|            ( - -1.538e+03 1 0))))
s>    ( QUESTION18 1 -1.029e+04 2.168e+02 5.097e+01
s>        ( - -3.168e+03 1 0)
s>        ( WDBNDRY_E 0 -6.907e+03 1.620e+02 3.497e+01
s>            ( - -3.355e+03 1 0)
s>            ( QUESTION0 -1 -3.391e+03 1.222e+02 1.698e+01
s>                ( - -1.730e+03 1 0)
s>                ( - -1.538e+03 1 0))))INFO: dtree.c(1315): Comp split 22
INFO: dtree.c(1439): stop. leaf nodes are specific
INFO: dtree.c(1478): Final simple tree
|( QUESTION2_7_L -1 -8.941e+03 1.913e+02 4.199e+01
|    ( - -6.918e+02 1 0)
|    ( QUESTION2_14_L -1 -8.058e+03 1.286e+02 3.799e+01
|        ( - -5.703e+03 3 0)
|        ( - -2.226e+03 1 0)))
s>    ( QUESTION2_7_L -1 -8.941e+03 1.913e+02 4.199e+01
s>        ( - -6.918e+02 1 0)
s>        ( QUESTION2_14_L -1 -8.058e+03 1.286e+02 3.799e+01
s>            ( - -5.703e+03 3 0)
s>            ( - -2.226e+03 1 0)))INFO: dtree.c(1315): Comp split 23
INFO: dtree.c(1439): stop. leaf nodes are specific
INFO: dtree.c(1478): Final simple tree
|( QUESTION0_0_R 1 -5.374e+04 2.082e+02 2.556e+02
|    ( QUESTION2_7_L -1 -5.172e+04 1.982e+02 2.456e+02
|        ( - -5.195e+03 1 0)
|        ( QUESTION0_10_R 1 -4.633e+04 1.879e+02 2.206e+02
|            ( WDBNDRY_E 0 -4.447e+04 1.230e+02 2.116e+02
|                ( - -1.652e+04 1 0)
|                ( - -2.782e+04 2 0))
|            ( - -1.670e+03 1 0)))
|    ( - -1.811e+03 1 0))
s>    ( QUESTION0_0_R 1 -5.374e+04 2.082e+02 2.556e+02
s>        ( QUESTION2_7_L -1 -5.172e+04 1.982e+02 2.456e+02
s>            ( - -5.195e+03 1 0)
s>            ( QUESTION0_10_R 1 -4.633e+04 1.879e+02 2.206e+02
s>                ( WDBNDRY_E 0 -4.447e+04 1.230e+02 2.116e+02
s>                    ( - -1.652e+04 1 0)
s>                    ( - -2.782e+04 2 0))
s>                ( - -1.670e+03 1 0)))
s>        ( - -1.811e+03 1 0))INFO: dtree.c(1439): stop. leaf nodes are specific
INFO: dtree.c(1478): Final simple tree
|( QUESTION0 -1 -2.694e+03 1.621e+02 1.300e+01
|    ( - -1.522e+03 1 0)
|    ( - -1.010e+03 1 0))
s>    ( QUESTION0 -1 -2.694e+03 1.621e+02 1.300e+01
s>        ( - -1.522e+03 1 0)
s>        ( - -1.010e+03 1 0))INFO: dtree.c(1315): Comp split 24
INFO: dtree.c(1439): stop. leaf nodes are specific
INFO: dtree.c(1478): Final simple tree
|( SILENCE -1 -4.999e+03 1.683e+02 2.499e+01
|    ( - -1.699e+03 1 0)
|    ( - -3.132e+03 2 0))
s>    ( SILENCE -1 -4.999e+03 1.683e+02 2.499e+01
s>        ( - -1.699e+03 1 0)
s>        ( - -3.132e+03 2 0))INFO: dtree.c(1439): stop. leaf nodes are specific
INFO: dtree.c(1478): Final simple tree
|( QUESTION20 -1 -7.988e+04 2.091e+02 3.738e+02
|    ( - -7.196e+04 1 0)
|    ( QUESTION0_7_R 1 -7.713e+03 1.842e+02 3.687e+01
|        ( - -1.375e+03 1 0)
|        ( QUESTION0_3_R 1 -6.154e+03 1.617e+02 2.987e+01
|            ( SILENCE -1 -4.749e+03 1.596e+02 2.287e+01
|                ( - -1.126e+03 1 0)
|                ( - -3.464e+03 1 0))
|            ( - -1.243e+03 1 0))))
s>    ( QUESTION20 -1 -7.988e+04 2.091e+02 3.738e+02
s>        ( - -7.196e+04 1 0)
s>        ( QUESTION0_7_R 1 -7.713e+03 1.842e+02 3.687e+01
s>            ( - -1.375e+03 1 0)
s>            ( QUESTION0_3_R 1 -6.154e+03 1.617e+02 2.987e+01
s>                ( SILENCE -1 -4.749e+03 1.596e+02 2.287e+01
s>                    ( - -1.126e+03 1 0)
s>                    ( - -3.464e+03 1 0))
s>                ( - -1.243e+03 1 0))))INFO: dtree.c(1315): Comp split 25
INFO: dtree.c(1439): stop. leaf nodes are specific
INFO: dtree.c(1478): Final simple tree
|( QUESTION0 -1 -1.233e+04 2.067e+02 5.798e+01
|    ( QUESTION0_4_R 1 -7.965e+03 1.403e+02 3.700e+01
|        ( - -1.359e+03 1 0)
|        ( WDBNDRY_E 0 -6.466e+03 1.346e+02 3.000e+01
|            ( QUESTION0_3_R 1 -4.506e+03 1.753e+02 2.100e+01
|                ( - -1.415e+03 1 0)
|                ( - -2.916e+03 1 0))
|            ( - -1.825e+03 1 0)))
|    ( - -4.163e+03 1 0))
s>    ( QUESTION0 -1 -1.233e+04 2.067e+02 5.798e+01
s>        ( QUESTION0_4_R 1 -7.965e+03 1.403e+02 3.700e+01
s>            ( - -1.359e+03 1 0)
s>            ( WDBNDRY_E 0 -6.466e+03 1.346e+02 3.000e+01
s>                ( QUESTION0_3_R 1 -4.506e+03 1.753e+02 2.100e+01
s>                    ( - -1.415e+03 1 0)
s>                    ( - -2.916e+03 1 0))
s>                ( - -1.825e+03 1 0)))
s>        ( - -4.163e+03 1 0))INFO: dtree.c(1439): stop. leaf nodes are specific
INFO: dtree.c(1478): Final simple tree
|( QUESTION0 -1 -3.432e+03 1.615e+02 1.700e+01
|    ( WDBNDRY_E 0 -2.351e+03 1.607e+02 1.200e+01
|        ( - -6.359e+02 1 0)
|        ( - -1.554e+03 1 0))
|    ( - -9.197e+02 1 0))
s>    ( QUESTION0 -1 -3.432e+03 1.615e+02 1.700e+01
s>        ( WDBNDRY_E 0 -2.351e+03 1.607e+02 1.200e+01
s>            ( - -6.359e+02 1 0)
s>            ( - -1.554e+03 1 0))
s>        ( - -9.197e+02 1 0))INFO: dtree.c(1315): Comp split 26
INFO: dtree.c(1439): stop. leaf nodes are specific
INFO: dtree.c(1478): Final simple tree
|( QUESTION2 -1 -5.001e+04 1.948e+02 2.388e+02
|    ( - -2.887e+03 1 0)
|    ( WDBNDRY_E 0 -4.693e+04 1.461e+02 2.238e+02
|        ( - -4.502e+04 1 0)
|        ( - -1.766e+03 1 0)))
s>    ( QUESTION2 -1 -5.001e+04 1.948e+02 2.388e+02
s>        ( - -2.887e+03 1 0)
s>        ( WDBNDRY_E 0 -4.693e+04 1.461e+02 2.238e+02
s>            ( - -4.502e+04 1 0)
s>            ( - -1.766e+03 1 0)))INFO: dtree.c(1315): Comp split 27
INFO: dtree.c(1439): stop. leaf nodes are specific
INFO: dtree.c(1478): Final simple tree
|( QUESTION0_1_R 1 -9.902e+03 2.016e+02 4.781e+01
|    ( - -2.363e+03 1 0)
|    ( WDBNDRY_E 0 -7.337e+03 1.542e+02 3.581e+01
|        ( - -2.704e+03 1 0)
|        ( - -4.479e+03 1 0)))
s>    ( QUESTION0_1_R 1 -9.902e+03 2.016e+02 4.781e+01
s>        ( - -2.363e+03 1 0)
s>        ( WDBNDRY_E 0 -7.337e+03 1.542e+02 3.581e+01
s>            ( - -2.704e+03 1 0)
s>            ( - -4.479e+03 1 0)))INFO: dtree.c(1315): Comp split 28
INFO: dtree.c(1478): Final simple tree
|( SILENCE -1 -3.216e+04 1.849e+02 1.504e+02
|    ( - -8.314e+02 1 0)
|    ( QUESTION18 1 -3.114e+04 1.744e+02 1.454e+02
|        ( - -1.004e+03 1 0)
|        ( QUESTION0_14_R 1 -2.997e+04 1.488e+02 1.404e+02
|            ( WDBNDRY_E 0 -3.641e+03 1.570e+02 1.800e+01
|                ( - -2.549e+03 1 0)
|                ( - -9.348e+02 1 0))
|            ( QUESTION0 -1 -2.618e+04 1.561e+02 1.224e+02
|                ( QUESTION2 -1 -1.357e+04 1.257e+02 6.423e+01
|                    ( - -1.302e+03 1 0)
|                    ( WDBNDRY_E 0 -1.214e+04 1.145e+02 5.723e+01
|                        ( - -1.066e+04 3 0)
|                        ( - -1.369e+03 1 0)))
|                ( - -1.245e+04 4 0 QUESTION2_15_L -1 1.099e+02 5.816e+01)))))
s>    ( SILENCE -1 -3.216e+04 1.849e+02 1.504e+02
s>        ( - -8.314e+02 1 0)
s>        ( QUESTION18 1 -3.114e+04 1.744e+02 1.454e+02
s>            ( - -1.004e+03 1 0)
s>            ( QUESTION0_14_R 1 -2.997e+04 1.488e+02 1.404e+02
s>                ( WDBNDRY_E 0 -3.641e+03 1.570e+02 1.800e+01
s>                    ( - -2.549e+03 1 0)
s>                    ( - -9.348e+02 1 0))
s>                ( QUESTION0 -1 -2.618e+04 1.561e+02 1.224e+02
s>                    ( QUESTION2 -1 -1.357e+04 1.257e+02 6.423e+01
s>                        ( - -1.302e+03 1 0)
s>                        ( WDBNDRY_E 0 -1.214e+04 1.145e+02 5.723e+01
s>                            ( - -1.066e+04 3 0)
s>                            ( - -1.369e+03 1 0)))
s>                    ( - -1.245e+04 4 0 QUESTION2_15_L -1 1.099e+02 5.816e+01)))))INFO: dtree.c(1315): Comp split 29
INFO: dtree.c(1439): stop. leaf nodes are specific
INFO: dtree.c(1478): Final simple tree
|( WDBNDRY_E 0 -6.907e+03 1.620e+02 3.497e+01
|    ( - -3.355e+03 1 0)
|    ( QUESTION0 -1 -3.391e+03 1.222e+02 1.698e+01
|        ( - -1.730e+03 1 0)
|        ( - -1.538e+03 1 0)))
s>    ( WDBNDRY_E 0 -6.907e+03 1.620e+02 3.497e+01
s>        ( - -3.355e+03 1 0)
s>        ( QUESTION0 -1 -3.391e+03 1.222e+02 1.698e+01
s>            ( - -1.730e+03 1 0)
s>            ( - -1.538e+03 1 0)))INFO: dtree.c(1315): Comp split 30
INFO: dtree.c(1439): stop. leaf nodes are specific
INFO: dtree.c(1478): Final simple tree
|( QUESTION0_1_R 1 -1.833e+04 1.754e+02 8.962e+01
|    ( - -4.825e+03 1 0)
|    ( QUESTION2 -1 -1.333e+04 1.997e+02 6.555e+01
|        ( - -4.519e+03 1 0)
|        ( - -8.611e+03 1 0)))
s>    ( QUESTION0_1_R 1 -1.833e+04 1.754e+02 8.962e+01
s>        ( - -4.825e+03 1 0)
s>        ( QUESTION2 -1 -1.333e+04 1.997e+02 6.555e+01
s>            ( - -4.519e+03 1 0)
s>            ( - -8.611e+03 1 0)))INFO: dtree.c(1315): Comp split 31
INFO: dtree.c(1439): stop. leaf nodes are specific
INFO: dtree.c(1478): Final simple tree
|( QUESTION0_2_R 1 -9.856e+03 1.769e+02 4.600e+01
|    ( - -1.591e+03 1 0)
|    ( WDBNDRY_E 0 -8.088e+03 1.625e+02 3.800e+01
|        ( - -9.580e+02 1 0)
|        ( QUESTION7 -1 -6.967e+03 1.511e+02 3.300e+01
|            ( - -9.589e+02 1 0)
|            ( QUESTION0_0_R 1 -5.857e+03 1.121e+02 2.800e+01
|                ( - -2.653e+03 1 0)
|                ( - -3.093e+03 1 0)))))
s>    ( QUESTION0_2_R 1 -9.856e+03 1.769e+02 4.600e+01
s>        ( - -1.591e+03 1 0)
s>        ( WDBNDRY_E 0 -8.088e+03 1.625e+02 3.800e+01
s>            ( - -9.580e+02 1 0)
s>            ( QUESTION7 -1 -6.967e+03 1.511e+02 3.300e+01
s>                ( - -9.589e+02 1 0)
s>                ( QUESTION0_0_R 1 -5.857e+03 1.121e+02 2.800e+01
s>                    ( - -2.653e+03 1 0)
s>                    ( - -3.093e+03 1 0)))))INFO: dtree.c(1439): stop. leaf nodes are specific
INFO: dtree.c(1478): Final simple tree
|( QUESTION0_0_R 1 -8.685e+03 1.169e+02 4.118e+01
|    ( - -7.046e+03 1 0)
|    ( - -1.522e+03 1 0))
s>    ( QUESTION0_0_R 1 -8.685e+03 1.169e+02 4.118e+01
s>        ( - -7.046e+03 1 0)
s>        ( - -1.522e+03 1 0))INFO: dtree.c(1315): Comp split 32
INFO: dtree.c(1439): stop. leaf nodes are specific
INFO: dtree.c(1478): Final simple tree
|( QUESTION0_7_R 1 -7.713e+03 1.842e+02 3.687e+01
|    ( - -1.375e+03 1 0)
|    ( QUESTION0_3_R 1 -6.154e+03 1.617e+02 2.987e+01
|        ( SILENCE -1 -4.749e+03 1.596e+02 2.287e+01
|            ( - -1.126e+03 1 0)
|            ( - -3.464e+03 1 0))
|        ( - -1.243e+03 1 0)))
s>    ( QUESTION0_7_R 1 -7.713e+03 1.842e+02 3.687e+01
s>        ( - -1.375e+03 1 0)
s>        ( QUESTION0_3_R 1 -6.154e+03 1.617e+02 2.987e+01
s>            ( SILENCE -1 -4.749e+03 1.596e+02 2.287e+01
s>                ( - -1.126e+03 1 0)
s>                ( - -3.464e+03 1 0))
s>            ( - -1.243e+03 1 0)))INFO: dtree.c(1315): Comp split 33
INFO: dtree.c(1439): stop. leaf nodes are specific
INFO: dtree.c(1478): Final simple tree
|( QUESTION2_7_L -1 -5.172e+04 1.982e+02 2.456e+02
|    ( - -5.195e+03 1 0)
|    ( QUESTION0_10_R 1 -4.633e+04 1.879e+02 2.206e+02
|        ( WDBNDRY_E 0 -4.447e+04 1.230e+02 2.116e+02
|            ( - -1.652e+04 1 0)
|            ( - -2.782e+04 2 0))
|        ( - -1.670e+03 1 0)))
s>    ( QUESTION2_7_L -1 -5.172e+04 1.982e+02 2.456e+02
s>        ( - -5.195e+03 1 0)
s>        ( QUESTION0_10_R 1 -4.633e+04 1.879e+02 2.206e+02
s>            ( WDBNDRY_E 0 -4.447e+04 1.230e+02 2.116e+02
s>                ( - -1.652e+04 1 0)
s>                ( - -2.782e+04 2 0))
s>            ( - -1.670e+03 1 0)))INFO: dtree.c(1315): Comp split 34
INFO: dtree.c(1439): stop. leaf nodes are specific
INFO: dtree.c(1478): Final simple tree
|( QUESTION0_4_R 1 -7.965e+03 1.403e+02 3.700e+01
|    ( - -1.359e+03 1 0)
|    ( WDBNDRY_E 0 -6.466e+03 1.346e+02 3.000e+01
|        ( QUESTION0_3_R 1 -4.506e+03 1.753e+02 2.100e+01
|            ( - -1.415e+03 1 0)
|            ( - -2.916e+03 1 0))
|        ( - -1.825e+03 1 0)))
s>    ( QUESTION0_4_R 1 -7.965e+03 1.403e+02 3.700e+01
s>        ( - -1.359e+03 1 0)
s>        ( WDBNDRY_E 0 -6.466e+03 1.346e+02 3.000e+01
s>            ( QUESTION0_3_R 1 -4.506e+03 1.753e+02 2.100e+01
s>                ( - -1.415e+03 1 0)
s>                ( - -2.916e+03 1 0))
s>            ( - -1.825e+03 1 0)))INFO: dtree.c(1315): Comp split 35
INFO: dtree.c(1439): stop. leaf nodes are specific
INFO: dtree.c(1478): Final simple tree
|( WDBNDRY_E 0 -7.337e+03 1.542e+02 3.581e+01
|    ( - -2.704e+03 1 0)
|    ( - -4.479e+03 1 0))
s>    ( WDBNDRY_E 0 -7.337e+03 1.542e+02 3.581e+01
s>        ( - -2.704e+03 1 0)
s>        ( - -4.479e+03 1 0))INFO: dtree.c(1315): Comp split 36
INFO: dtree.c(1439): stop. leaf nodes are specific
INFO: dtree.c(1478): Final simple tree
|( WDBNDRY_E 0 -4.447e+04 1.230e+02 2.116e+02
|    ( - -1.652e+04 1 0)
|    ( - -2.782e+04 2 0))
s>    ( WDBNDRY_E 0 -4.447e+04 1.230e+02 2.116e+02
s>        ( - -1.652e+04 1 0)
s>        ( - -2.782e+04 2 0))INFO: dtree.c(1439): stop. leaf nodes are specific
INFO: dtree.c(1478): Final simple tree
|( WDBNDRY_E 0 -7.052e+03 1.867e+02 3.393e+01
|    ( - -1.670e+03 1 0)
|    ( - -5.195e+03 1 0))
s>    ( WDBNDRY_E 0 -7.052e+03 1.867e+02 3.393e+01
s>        ( - -1.670e+03 1 0)
s>        ( - -5.195e+03 1 0))INFO: dtree.c(1315): Comp split 37
INFO: dtree.c(1439): stop. leaf nodes are specific
INFO: dtree.c(1478): Final simple tree
|( QUESTION0_1_R 1 -1.361e+04 1.765e+02 6.682e+01
|    ( - -4.825e+03 1 0)
|    ( - -8.611e+03 1 0))
s>    ( QUESTION0_1_R 1 -1.361e+04 1.765e+02 6.682e+01
s>        ( - -4.825e+03 1 0)
s>        ( - -8.611e+03 1 0))INFO: dtree.c(1315): Comp split 38
INFO: dtree.c(1439): stop. leaf nodes are specific
INFO: dtree.c(1478): Final simple tree
|( WDBNDRY_E 0 -4.693e+04 1.461e+02 2.238e+02
|    ( - -4.502e+04 1 0)
|    ( - -1.766e+03 1 0))
s>    ( WDBNDRY_E 0 -4.693e+04 1.461e+02 2.238e+02
s>        ( - -4.502e+04 1 0)
s>        ( - -1.766e+03 1 0))INFO: dtree.c(1315): Comp split 39
INFO: dtree.c(1439): stop. leaf nodes are specific
INFO: dtree.c(1478): Final simple tree
|( QUESTION2_14_L -1 -8.058e+03 1.286e+02 3.799e+01
|    ( - -5.703e+03 3 0)
|    ( - -2.226e+03 1 0))
s>    ( QUESTION2_14_L -1 -8.058e+03 1.286e+02 3.799e+01
s>        ( - -5.703e+03 3 0)
s>        ( - -2.226e+03 1 0))INFO: dtree.c(1315): Comp split 40
INFO: dtree.c(1315): Comp split 41
INFO: dtree.c(1478): Final simple tree
|( QUESTION18 1 -3.114e+04 1.744e+02 1.454e+02
|    ( - -1.004e+03 1 0)
|    ( QUESTION0_14_R 1 -2.997e+04 1.488e+02 1.404e+02
|        ( WDBNDRY_E 0 -3.641e+03 1.570e+02 1.800e+01
|            ( - -2.549e+03 1 0)
|            ( - -9.348e+02 1 0))
|        ( QUESTION0 -1 -2.618e+04 1.561e+02 1.224e+02
|            ( QUESTION2 -1 -1.357e+04 1.257e+02 6.423e+01
|                ( - -1.302e+03 1 0)
|                ( WDBNDRY_E 0 -1.214e+04 1.145e+02 5.723e+01
|                    ( - -1.066e+04 3 0)
|                    ( - -1.369e+03 1 0)))
|            ( QUESTION2_15_L -1 -1.245e+04 1.099e+02 5.816e+01
|                ( - -3.934e+03 1 0)
|                ( - -8.409e+03 3 0 QUESTION2_7_L -1 1.012e+02 3.916e+01)))))
s>    ( QUESTION18 1 -3.114e+04 1.744e+02 1.454e+02
s>        ( - -1.004e+03 1 0)
s>        ( QUESTION0_14_R 1 -2.997e+04 1.488e+02 1.404e+02
s>            ( WDBNDRY_E 0 -3.641e+03 1.570e+02 1.800e+01
s>                ( - -2.549e+03 1 0)
s>                ( - -9.348e+02 1 0))
s>            ( QUESTION0 -1 -2.618e+04 1.561e+02 1.224e+02
s>                ( QUESTION2 -1 -1.357e+04 1.257e+02 6.423e+01
s>                    ( - -1.302e+03 1 0)
s>                    ( WDBNDRY_E 0 -1.214e+04 1.145e+02 5.723e+01
s>                        ( - -1.066e+04 3 0)
s>                        ( - -1.369e+03 1 0)))
s>                ( QUESTION2_15_L -1 -1.245e+04 1.099e+02 5.816e+01
s>                    ( - -3.934e+03 1 0)
s>                    ( - -8.409e+03 3 0 QUESTION2_7_L -1 1.012e+02 3.916e+01)))))INFO: dtree.c(1315): Comp split 42
INFO: dtree.c(1439): stop. leaf nodes are specific
INFO: dtree.c(1478): Final simple tree
|( QUESTION0_3_R 1 -6.154e+03 1.617e+02 2.987e+01
|    ( SILENCE -1 -4.749e+03 1.596e+02 2.287e+01
|        ( - -1.126e+03 1 0)
|        ( - -3.464e+03 1 0))
|    ( - -1.243e+03 1 0))
s>    ( QUESTION0_3_R 1 -6.154e+03 1.617e+02 2.987e+01
s>        ( SILENCE -1 -4.749e+03 1.596e+02 2.287e+01
s>            ( - -1.126e+03 1 0)
s>            ( - -3.464e+03 1 0))
s>        ( - -1.243e+03 1 0))INFO: dtree.c(1315): Comp split 43
INFO: dtree.c(1439): stop. leaf nodes are specific
INFO: dtree.c(1478): Final simple tree
|( QUESTION0_4_R 1 -6.369e+03 1.410e+02 3.000e+01
|    ( - -1.359e+03 1 0)
|    ( WDBNDRY_E 0 -4.870e+03 1.286e+02 2.300e+01
|        ( - -2.916e+03 1 0)
|        ( - -1.825e+03 1 0)))
s>    ( QUESTION0_4_R 1 -6.369e+03 1.410e+02 3.000e+01
s>        ( - -1.359e+03 1 0)
s>        ( WDBNDRY_E 0 -4.870e+03 1.286e+02 2.300e+01
s>            ( - -2.916e+03 1 0)
s>            ( - -1.825e+03 1 0)))INFO: dtree.c(1315): Comp split 44
INFO: dtree.c(1439): stop. leaf nodes are specific
INFO: dtree.c(1478): Final simple tree
|( QUESTION0_14_R 1 -2.319e+04 1.488e+02 1.084e+02
|    ( - -9.348e+02 1 0)
|    ( QUESTION2_14_L -1 -2.211e+04 1.404e+02 1.034e+02
|        ( - -6.894e+03 2 0)
|        ( QUESTION2 -1 -1.508e+04 1.255e+02 7.123e+01
|            ( - -1.302e+03 1 0)
|            ( WDBNDRY_E 0 -1.365e+04 1.228e+02 6.423e+01
|                ( - -1.066e+04 3 0)
|                ( QUESTION0_13_R 1 -2.870e+03 8.748e+01 1.400e+01
|                    ( - -1.369e+03 1 0)
|                    ( - -1.414e+03 1 0))))))
s>    ( QUESTION0_14_R 1 -2.319e+04 1.488e+02 1.084e+02
s>        ( - -9.348e+02 1 0)
s>        ( QUESTION2_14_L -1 -2.211e+04 1.404e+02 1.034e+02
s>            ( - -6.894e+03 2 0)
s>            ( QUESTION2 -1 -1.508e+04 1.255e+02 7.123e+01
s>                ( - -1.302e+03 1 0)
s>                ( WDBNDRY_E 0 -1.365e+04 1.228e+02 6.423e+01
s>                    ( - -1.066e+04 3 0)
s>                    ( QUESTION0_13_R 1 -2.870e+03 8.748e+01 1.400e+01
s>                        ( - -1.369e+03 1 0)
s>                        ( - -1.414e+03 1 0))))))INFO: dtree.c(1439): stop. leaf nodes are specific
INFO: dtree.c(1478): Final simple tree
|( QUESTION18 1 -7.772e+03 1.509e+02 3.700e+01
|    ( - -1.004e+03 1 0)
|    ( WDBNDRY_E 0 -6.617e+03 1.332e+02 3.200e+01
|        ( - -2.549e+03 1 0)
|        ( - -3.934e+03 1 0)))
s>    ( QUESTION18 1 -7.772e+03 1.509e+02 3.700e+01
s>        ( - -1.004e+03 1 0)
s>        ( WDBNDRY_E 0 -6.617e+03 1.332e+02 3.200e+01
s>            ( - -2.549e+03 1 0)
s>            ( - -3.934e+03 1 0)))INFO: dtree.c(1315): Comp split 45
INFO: dtree.c(1439): stop. leaf nodes are specific
INFO: dtree.c(1478): Final simple tree
|( WDBNDRY_E 0 -8.088e+03 1.625e+02 3.800e+01
|    ( - -9.580e+02 1 0)
|    ( QUESTION7 -1 -6.967e+03 1.511e+02 3.300e+01
|        ( - -9.589e+02 1 0)
|        ( QUESTION0_0_R 1 -5.857e+03 1.121e+02 2.800e+01
|            ( - -2.653e+03 1 0)
|            ( - -3.093e+03 1 0))))
s>    ( WDBNDRY_E 0 -8.088e+03 1.625e+02 3.800e+01
s>        ( - -9.580e+02 1 0)
s>        ( QUESTION7 -1 -6.967e+03 1.511e+02 3.300e+01
s>            ( - -9.589e+02 1 0)
s>            ( QUESTION0_0_R 1 -5.857e+03 1.121e+02 2.800e+01
s>                ( - -2.653e+03 1 0)
s>                ( - -3.093e+03 1 0))))INFO: dtree.c(1315): Comp split 46
INFO: dtree.c(1315): Comp split 47
INFO: dtree.c(1315): Comp split 48
INFO: dtree.c(1439): stop. leaf nodes are specific
INFO: dtree.c(1478): Final simple tree
|( QUESTION0_0_R 1 -5.857e+03 1.121e+02 2.800e+01
|    ( - -2.653e+03 1 0)
|    ( - -3.093e+03 1 0))
s>    ( QUESTION0_0_R 1 -5.857e+03 1.121e+02 2.800e+01
s>        ( - -2.653e+03 1 0)
s>        ( - -3.093e+03 1 0))INFO: dtree.c(1439): stop. leaf nodes are specific
INFO: dtree.c(1478): Final simple tree
|( WDBNDRY_E 0 -2.064e+03 1.475e+02 1.000e+01
|    ( - -9.580e+02 1 0)
|    ( - -9.589e+02 1 0))
s>    ( WDBNDRY_E 0 -2.064e+03 1.475e+02 1.000e+01
s>        ( - -9.580e+02 1 0)
s>        ( - -9.589e+02 1 0))INFO: dtree.c(1315): Comp split 49
INFO: dtree.c(1315): Comp split 50
INFO: dtree.c(1439): stop. leaf nodes are specific
INFO: dtree.c(1478): Final simple tree
|( QUESTION0 -1 -3.391e+03 1.222e+02 1.698e+01
|    ( - -1.730e+03 1 0)
|    ( - -1.538e+03 1 0))
s>    ( QUESTION0 -1 -3.391e+03 1.222e+02 1.698e+01
s>        ( - -1.730e+03 1 0)
s>        ( - -1.538e+03 1 0))INFO: dtree.c(1315): Comp split 51
INFO: dtree.c(1439): stop. leaf nodes are specific
INFO: dtree.c(1478): Final simple tree
|( SILENCE -1 -4.749e+03 1.596e+02 2.287e+01
|    ( - -1.126e+03 1 0)
|    ( - -3.464e+03 1 0))
s>    ( SILENCE -1 -4.749e+03 1.596e+02 2.287e+01
s>        ( - -1.126e+03 1 0)
s>        ( - -3.464e+03 1 0))INFO: dtree.c(1315): Comp split 52
INFO: dtree.c(1439): stop. leaf nodes are specific
INFO: dtree.c(1478): Final simple tree
|( WDBNDRY_E 0 -2.351e+03 1.607e+02 1.200e+01
|    ( - -6.359e+02 1 0)
|    ( - -1.554e+03 1 0))
s>    ( WDBNDRY_E 0 -2.351e+03 1.607e+02 1.200e+01
s>        ( - -6.359e+02 1 0)
s>        ( - -1.554e+03 1 0))INFO: dtree.c(1315): Comp split 53
INFO: dtree.c(1315): Comp split 54
INFO: dtree.c(1315): Comp split 55
INFO: dtree.c(1315): Comp split 56
INFO: dtree.c(1439): stop. leaf nodes are specific
INFO: dtree.c(1478): Final simple tree
|( WDBNDRY_E 0 -6.617e+03 1.332e+02 3.200e+01
|    ( - -2.549e+03 1 0)
|    ( - -3.934e+03 1 0))
s>    ( WDBNDRY_E 0 -6.617e+03 1.332e+02 3.200e+01
s>        ( - -2.549e+03 1 0)
s>        ( - -3.934e+03 1 0))INFO: dtree.c(1315): Comp split 57
INFO: dtree.c(1439): stop. leaf nodes are specific
INFO: dtree.c(1478): Final simple tree
|( QUESTION2_14_L -1 -2.211e+04 1.404e+02 1.034e+02
|    ( - -6.894e+03 2 0)
|    ( QUESTION2 -1 -1.508e+04 1.255e+02 7.123e+01
|        ( - -1.302e+03 1 0)
|        ( WDBNDRY_E 0 -1.365e+04 1.228e+02 6.423e+01
|            ( - -1.066e+04 3 0)
|            ( QUESTION0_13_R 1 -2.870e+03 8.748e+01 1.400e+01
|                ( - -1.369e+03 1 0)
|                ( - -1.414e+03 1 0)))))
s>    ( QUESTION2_14_L -1 -2.211e+04 1.404e+02 1.034e+02
s>        ( - -6.894e+03 2 0)
s>        ( QUESTION2 -1 -1.508e+04 1.255e+02 7.123e+01
s>            ( - -1.302e+03 1 0)
s>            ( WDBNDRY_E 0 -1.365e+04 1.228e+02 6.423e+01
s>                ( - -1.066e+04 3 0)
s>                ( QUESTION0_13_R 1 -2.870e+03 8.748e+01 1.400e+01
s>                    ( - -1.369e+03 1 0)
s>                    ( - -1.414e+03 1 0)))))INFO: dtree.c(1315): Comp split 58
INFO: dtree.c(1315): Comp split 59
INFO: dtree.c(1315): Comp split 60
INFO: dtree.c(1315): Comp split 61
INFO: dtree.c(1315): Comp split 62
INFO: dtree.c(1439): stop. leaf nodes are specific
INFO: dtree.c(1478): Final simple tree
|( WDBNDRY_E 0 -4.870e+03 1.286e+02 2.300e+01
|    ( - -2.916e+03 1 0)
|    ( - -1.825e+03 1 0))
s>    ( WDBNDRY_E 0 -4.870e+03 1.286e+02 2.300e+01
s>        ( - -2.916e+03 1 0)
s>        ( - -1.825e+03 1 0))INFO: dtree.c(1315): Comp split 63
INFO: dtree.c(1439): stop. leaf nodes are specific
INFO: dtree.c(1478): Final simple tree
|( QUESTION2 -1 -1.508e+04 1.255e+02 7.123e+01
|    ( - -1.302e+03 1 0)
|    ( WDBNDRY_E 0 -1.365e+04 1.228e+02 6.423e+01
|        ( - -1.066e+04 3 0)
|        ( QUESTION0_13_R 1 -2.870e+03 8.748e+01 1.400e+01
|            ( - -1.369e+03 1 0)
|            ( - -1.414e+03 1 0))))
s>    ( QUESTION2 -1 -1.508e+04 1.255e+02 7.123e+01
s>        ( - -1.302e+03 1 0)
s>        ( WDBNDRY_E 0 -1.365e+04 1.228e+02 6.423e+01
s>            ( - -1.066e+04 3 0)
s>            ( QUESTION0_13_R 1 -2.870e+03 8.748e+01 1.400e+01
s>                ( - -1.369e+03 1 0)
s>                ( - -1.414e+03 1 0))))INFO: dtree.c(1315): Comp split 64
INFO: dtree.c(1439): stop. leaf nodes are specific
INFO: dtree.c(1478): Final simple tree
|( QUESTION0_7_R 1 -9.391e+03 1.357e+02 4.602e+01
|    ( - -2.162e+03 1 0)
|    ( - -7.093e+03 1 0))
s>    ( QUESTION0_7_R 1 -9.391e+03 1.357e+02 4.602e+01
s>        ( - -2.162e+03 1 0)
s>        ( - -7.093e+03 1 0))INFO: dtree.c(1315): Comp split 65
INFO: dtree.c(1315): Comp split 66
INFO: dtree.c(1315): Comp split 67
INFO: dtree.c(1315): Comp split 68
INFO: dtree.c(1315): Comp split 69
INFO: dtree.c(1439): stop. leaf nodes are specific
INFO: dtree.c(1478): Final simple tree
|( WDBNDRY_E 0 -1.365e+04 1.228e+02 6.423e+01
|    ( - -1.066e+04 3 0)
|    ( QUESTION0_13_R 1 -2.870e+03 8.748e+01 1.400e+01
|        ( - -1.369e+03 1 0)
|        ( - -1.414e+03 1 0)))
s>    ( WDBNDRY_E 0 -1.365e+04 1.228e+02 6.423e+01
s>        ( - -1.066e+04 3 0)
s>        ( QUESTION0_13_R 1 -2.870e+03 8.748e+01 1.400e+01
s>            ( - -1.369e+03 1 0)
s>            ( - -1.414e+03 1 0)))INFO: dtree.c(1315): Comp split 70
INFO: dtree.c(1315): Comp split 71
INFO: dtree.c(1439): stop. leaf nodes are specific
INFO: dtree.c(1478): Final simple tree
|( QUESTION0_13_R 1 -2.870e+03 8.748e+01 1.400e+01
|    ( - -1.369e+03 1 0)
|    ( - -1.414e+03 1 0))
s>    ( QUESTION0_13_R 1 -2.870e+03 8.748e+01 1.400e+01
s>        ( - -1.369e+03 1 0)
s>        ( - -1.414e+03 1 0))INFO: dtree.c(1315): Comp split 72
INFO: dtree.c(1315): Comp split 73
INFO: dtree.c(1315): Comp split 74
INFO: dtree.c(1315): Comp split 75
INFO: dtree.c(1315): Comp split 76
INFO: dtree.c(1318): stop. leaf nodes are specific
Wed Dec 20 23:52:15 2017
