Current configuration:
[NAME]		[DEFLT]	[VALUE]
-allphones	no	no
-cntthresh	0.00001	1.000000e-05
-csplitmax	100	2000
-csplitmin	1	1
-csplitthr	8e-4	0.000000e+00
-example	no	no
-fullvar	no	no
-help		no	no
-meanfn			/home/alex/repos/speech/an4/model_parameters/an4.cd_cont_untied/means
-mixwfn			/home/alex/repos/speech/an4/model_parameters/an4.cd_cont_untied/mixture_weights
-moddeffn		/home/alex/repos/speech/an4/model_architecture/an4.untied.mdef
-mwfloor	1e-4	1.000000e-08
-phone			TH
-psetfn			/home/alex/repos/speech/an4/model_architecture/an4.tree_questions
-ssplitmax	5	7
-ssplitmin	1	1
-ssplitthr	8e-4	0.000000e+00
-state			0
-stwt			1.0,0.05,0.0,
-treefn			/home/alex/repos/speech/an4/trees/an4.unpruned/TH-0.dtree
-ts2cbfn	.semi.	.cont.
-varfloor	0.00001	1.000000e-05
-varfn			/home/alex/repos/speech/an4/model_parameters/an4.cd_cont_untied/variances

INFO: main.c(223): Reading: /home/alex/repos/speech/an4/model_architecture/an4.untied.mdef
INFO: model_def_io.c(573): Model definition info:
INFO: model_def_io.c(574): 1618 total models defined (34 base, 1584 tri)
INFO: model_def_io.c(575): 6472 total states
INFO: model_def_io.c(576): 4854 total tied states
INFO: model_def_io.c(577): 102 total tied CI states
INFO: model_def_io.c(578): 34 total tied transition matrices
INFO: model_def_io.c(579): 4 max state/model
INFO: model_def_io.c(580): 4 min state/model
INFO: main.c(242): Building trees for [TH AH N e] through [TH V R b]
INFO: main.c(269): Covering states |[4362 4487]| == 126
INFO: main.c(275): Reading: /home/alex/repos/speech/an4/model_parameters/an4.cd_cont_untied/mixture_weights
INFO: s3mixw_io.c(173): Read /home/alex/repos/speech/an4/model_parameters/an4.cd_cont_untied/mixture_weights [126x1x1 array]
INFO: main.c(311): 42 of 42 models have observation count greater than 0.000010
INFO: main.c(95): nrm stwt: 0.952 0.048 0.000 
INFO: s3gau_io.c(169): Read /home/alex/repos/speech/an4/model_parameters/an4.cd_cont_untied/means [4854x1x1 array]
INFO: s3gau_io.c(169): Read /home/alex/repos/speech/an4/model_parameters/an4.cd_cont_untied/variances [4854x1x1 array]
INFO: main.c(549): Reading: /home/alex/repos/speech/an4/model_architecture/an4.tree_questions
INFO: main.c(588): 180 total simple questions (172 phone; 8 word bndry)
INFO: main.c(590): 42 Left Only questions, and 42 Right Only questions
INFO: dtree.c(1478): Final simple tree
|( QUESTION2_12_L -1 -4.315e+05 4.826e+02 2.055e+03
|    ( WDBNDRY_B 0 -6.120e+04 3.767e+02 2.976e+02
|        ( - -4.780e+04 8 0 QUESTION14 -1 2.389e+02 2.306e+02)
|        ( QUESTION0 -1 -1.303e+04 2.583e+02 6.700e+01
|            ( - -8.818e+03 1 0)
|            ( - -3.954e+03 1 0)))
|    ( QUESTION2_14_L -1 -3.698e+05 3.624e+02 1.758e+03
|        ( - -8.619e+04 3 0 QUESTION0_19_R 1 1.623e+02 4.120e+02)
|        ( SILENCE -1 -2.833e+05 3.216e+02 1.346e+03
|            ( - -6.563e+04 2 0 QUESTION0_19_R 1 1.267e+02 3.177e+02)
|            ( QUESTION2 -1 -2.173e+05 3.642e+02 1.028e+03
|                ( - -7.164e+04 6 0 QUESTION0_15_R 1 2.383e+02 3.415e+02)
|                ( QUESTION2_13_L -1 -1.453e+05 2.876e+02 6.866e+02
|                    ( - -8.002e+04 11 0 QUESTION0 1 2.510e+02 3.802e+02)
|                    ( - -6.500e+04 10 0 QUESTION2_0_L -1 2.522e+02 3.064e+02))))))
s>    ( QUESTION2_12_L -1 -4.315e+05 4.826e+02 2.055e+03
s>        ( WDBNDRY_B 0 -6.120e+04 3.767e+02 2.976e+02
s>            ( - -4.780e+04 8 0 QUESTION14 -1 2.389e+02 2.306e+02)
s>            ( QUESTION0 -1 -1.303e+04 2.583e+02 6.700e+01
s>                ( - -8.818e+03 1 0)
s>                ( - -3.954e+03 1 0)))
s>        ( QUESTION2_14_L -1 -3.698e+05 3.624e+02 1.758e+03
s>            ( - -8.619e+04 3 0 QUESTION0_19_R 1 1.623e+02 4.120e+02)
s>            ( SILENCE -1 -2.833e+05 3.216e+02 1.346e+03
s>                ( - -6.563e+04 2 0 QUESTION0_19_R 1 1.267e+02 3.177e+02)
s>                ( QUESTION2 -1 -2.173e+05 3.642e+02 1.028e+03
s>                    ( - -7.164e+04 6 0 QUESTION0_15_R 1 2.383e+02 3.415e+02)
s>                    ( QUESTION2_13_L -1 -1.453e+05 2.876e+02 6.866e+02
s>                        ( - -8.002e+04 11 0 QUESTION0 1 2.510e+02 3.802e+02)
s>                        ( - -6.500e+04 10 0 QUESTION2_0_L -1 2.522e+02 3.064e+02))))))INFO: dtree.c(1315): Comp split 0
INFO: dtree.c(1478): Final simple tree
|( QUESTION2_14_L -1 -4.221e+05 3.933e+02 2.009e+03
|    ( - -8.619e+04 3 0 QUESTION0_19_R 1 1.623e+02 4.120e+02)
|    ( QUESTION2_12_L -1 -3.355e+05 3.456e+02 1.597e+03
|        ( - -5.192e+04 9 0 QUESTION14 -1 2.205e+02 2.516e+02)
|        ( SILENCE -1 -2.833e+05 3.216e+02 1.346e+03
|            ( - -6.563e+04 2 0 QUESTION0_19_R 1 1.267e+02 3.177e+02)
|            ( QUESTION2 -1 -2.173e+05 3.642e+02 1.028e+03
|                ( - -7.164e+04 6 0 QUESTION0_15_R 1 2.383e+02 3.415e+02)
|                ( QUESTION2_13_L -1 -1.453e+05 2.876e+02 6.866e+02
|                    ( - -8.002e+04 11 0 QUESTION0 1 2.510e+02 3.802e+02)
|                    ( QUESTION2_0_L -1 -6.500e+04 2.522e+02 3.064e+02
|                        ( QUESTION0 -1 -3.748e+04 2.564e+02 1.784e+02
|                            ( - -2.611e+04 3 0 WDBNDRY_B 0 1.597e+02 1.232e+02)
|                            ( - -1.111e+04 2 0 QUESTION0_19_R 1 3.834e+02 5.512e+01))
|                        ( - -2.727e+04 5 0 QUESTION0_14_R 1 2.039e+02 1.281e+02)))))))
s>    ( QUESTION2_14_L -1 -4.221e+05 3.933e+02 2.009e+03
s>        ( - -8.619e+04 3 0 QUESTION0_19_R 1 1.623e+02 4.120e+02)
s>        ( QUESTION2_12_L -1 -3.355e+05 3.456e+02 1.597e+03
s>            ( - -5.192e+04 9 0 QUESTION14 -1 2.205e+02 2.516e+02)
s>            ( SILENCE -1 -2.833e+05 3.216e+02 1.346e+03
s>                ( - -6.563e+04 2 0 QUESTION0_19_R 1 1.267e+02 3.177e+02)
s>                ( QUESTION2 -1 -2.173e+05 3.642e+02 1.028e+03
s>                    ( - -7.164e+04 6 0 QUESTION0_15_R 1 2.383e+02 3.415e+02)
s>                    ( QUESTION2_13_L -1 -1.453e+05 2.876e+02 6.866e+02
s>                        ( - -8.002e+04 11 0 QUESTION0 1 2.510e+02 3.802e+02)
s>                        ( QUESTION2_0_L -1 -6.500e+04 2.522e+02 3.064e+02
s>                            ( QUESTION0 -1 -3.748e+04 2.564e+02 1.784e+02
s>                                ( - -2.611e+04 3 0 WDBNDRY_B 0 1.597e+02 1.232e+02)
s>                                ( - -1.111e+04 2 0 QUESTION0_19_R 1 3.834e+02 5.512e+01))
s>                            ( - -2.727e+04 5 0 QUESTION0_14_R 1 2.039e+02 1.281e+02)))))))INFO: dtree.c(1315): Comp split 1
INFO: dtree.c(1478): Final simple tree
|( QUESTION2_14_L -1 -2.318e+05 3.446e+02 1.099e+03
|    ( - -8.619e+04 3 0 QUESTION0_19_R 1 1.623e+02 4.120e+02)
|    ( QUESTION2_13_L -1 -1.453e+05 2.876e+02 6.866e+02
|        ( QUESTION0 1 -8.002e+04 2.510e+02 3.802e+02
|            ( QUESTION0_19_R 1 -7.583e+04 2.159e+02 3.622e+02
|                ( - -2.020e+04 4 0 QUESTION6 -1 1.812e+02 9.995e+01)
|                ( - -5.541e+04 5 0 QUESTION0 -1 1.613e+02 2.622e+02))
|            ( - -3.940e+03 2 0 QUESTION0 -1 1.552e+02 1.800e+01))
|        ( QUESTION2_0_L -1 -6.500e+04 2.522e+02 3.064e+02
|            ( QUESTION0 -1 -3.748e+04 2.564e+02 1.784e+02
|                ( - -2.611e+04 3 0 WDBNDRY_B 0 1.597e+02 1.232e+02)
|                ( QUESTION0_19_R 1 -1.111e+04 3.834e+02 5.512e+01
|                    ( - -4.842e+03 1 0)
|                    ( - -5.889e+03 1 0)))
|            ( - -2.727e+04 5 0 QUESTION0_14_R 1 2.039e+02 1.281e+02))))
s>    ( QUESTION2_14_L -1 -2.318e+05 3.446e+02 1.099e+03
s>        ( - -8.619e+04 3 0 QUESTION0_19_R 1 1.623e+02 4.120e+02)
s>        ( QUESTION2_13_L -1 -1.453e+05 2.876e+02 6.866e+02
s>            ( QUESTION0 1 -8.002e+04 2.510e+02 3.802e+02
s>                ( QUESTION0_19_R 1 -7.583e+04 2.159e+02 3.622e+02
s>                    ( - -2.020e+04 4 0 QUESTION6 -1 1.812e+02 9.995e+01)
s>                    ( - -5.541e+04 5 0 QUESTION0 -1 1.613e+02 2.622e+02))
s>                ( - -3.940e+03 2 0 QUESTION0 -1 1.552e+02 1.800e+01))
s>            ( QUESTION2_0_L -1 -6.500e+04 2.522e+02 3.064e+02
s>                ( QUESTION0 -1 -3.748e+04 2.564e+02 1.784e+02
s>                    ( - -2.611e+04 3 0 WDBNDRY_B 0 1.597e+02 1.232e+02)
s>                    ( QUESTION0_19_R 1 -1.111e+04 3.834e+02 5.512e+01
s>                        ( - -4.842e+03 1 0)
s>                        ( - -5.889e+03 1 0)))
s>                ( - -2.727e+04 5 0 QUESTION0_14_R 1 2.039e+02 1.281e+02))))INFO: dtree.c(1478): Final simple tree
|( QUESTION1 -1 -1.898e+05 3.218e+02 9.108e+02
|    ( QUESTION0_15_R 1 -7.164e+04 2.383e+02 3.415e+02
|        ( QUESTION0 1 -5.201e+04 2.339e+02 2.466e+02
|            ( QUESTION1 1 -5.094e+04 2.205e+02 2.426e+02
|                ( - -3.522e+04 2 0 WDBNDRY_B 0 8.158e+01 1.661e+02)
|                ( - -1.550e+04 1 0))
|            ( - -8.386e+02 1 0))
|        ( - -1.938e+04 2 0 QUESTION0_0_R 1 1.754e+02 9.488e+01))
|    ( QUESTION20 -1 -1.178e+05 2.578e+02 5.693e+02
|        ( QUESTION3 1 -2.524e+04 2.282e+02 1.222e+02
|            ( - -1.509e+04 1 0)
|            ( - -9.925e+03 3 0 QUESTION0 1 1.936e+02 5.051e+01))
|        ( QUESTION0 1 -9.231e+04 4.667e+02 4.471e+02
|            ( - -9.206e+04 6 0 SILENCE -1 2.009e+02 4.461e+02)
|            ( - 2.174e+02 1 0))))
s>    ( QUESTION1 -1 -1.898e+05 3.218e+02 9.108e+02
s>        ( QUESTION0_15_R 1 -7.164e+04 2.383e+02 3.415e+02
s>            ( QUESTION0 1 -5.201e+04 2.339e+02 2.466e+02
s>                ( QUESTION1 1 -5.094e+04 2.205e+02 2.426e+02
s>                    ( - -3.522e+04 2 0 WDBNDRY_B 0 8.158e+01 1.661e+02)
s>                    ( - -1.550e+04 1 0))
s>                ( - -8.386e+02 1 0))
s>            ( - -1.938e+04 2 0 QUESTION0_0_R 1 1.754e+02 9.488e+01))
s>        ( QUESTION20 -1 -1.178e+05 2.578e+02 5.693e+02
s>            ( QUESTION3 1 -2.524e+04 2.282e+02 1.222e+02
s>                ( - -1.509e+04 1 0)
s>                ( - -9.925e+03 3 0 QUESTION0 1 1.936e+02 5.051e+01))
s>            ( QUESTION0 1 -9.231e+04 4.667e+02 4.471e+02
s>                ( - -9.206e+04 6 0 SILENCE -1 2.009e+02 4.461e+02)
s>                ( - 2.174e+02 1 0))))INFO: dtree.c(1315): Comp split 2
INFO: dtree.c(1478): Final simple tree
|( QUESTION1 -1 -1.895e+05 3.222e+02 9.098e+02
|    ( QUESTION0_15_R 1 -7.164e+04 2.383e+02 3.415e+02
|        ( QUESTION0 1 -5.201e+04 2.339e+02 2.466e+02
|            ( QUESTION1 1 -5.094e+04 2.205e+02 2.426e+02
|                ( - -3.522e+04 2 0 WDBNDRY_B 0 8.158e+01 1.661e+02)
|                ( - -1.550e+04 1 0))
|            ( - -8.386e+02 1 0))
|        ( - -1.938e+04 2 0 QUESTION0_0_R 1 1.754e+02 9.488e+01))
|    ( QUESTION20 -1 -1.176e+05 2.576e+02 5.683e+02
|        ( QUESTION3 1 -2.524e+04 2.282e+02 1.222e+02
|            ( - -1.509e+04 1 0)
|            ( - -9.925e+03 3 0 QUESTION0 1 1.936e+02 5.051e+01))
|        ( SILENCE -1 -9.206e+04 2.009e+02 4.461e+02
|            ( - -6.563e+04 2 0 QUESTION0_19_R 1 1.267e+02 3.177e+02)
|            ( - -2.622e+04 4 0 QUESTION14 -1 1.478e+02 1.284e+02))))
s>    ( QUESTION1 -1 -1.895e+05 3.222e+02 9.098e+02
s>        ( QUESTION0_15_R 1 -7.164e+04 2.383e+02 3.415e+02
s>            ( QUESTION0 1 -5.201e+04 2.339e+02 2.466e+02
s>                ( QUESTION1 1 -5.094e+04 2.205e+02 2.426e+02
s>                    ( - -3.522e+04 2 0 WDBNDRY_B 0 8.158e+01 1.661e+02)
s>                    ( - -1.550e+04 1 0))
s>                ( - -8.386e+02 1 0))
s>            ( - -1.938e+04 2 0 QUESTION0_0_R 1 1.754e+02 9.488e+01))
s>        ( QUESTION20 -1 -1.176e+05 2.576e+02 5.683e+02
s>            ( QUESTION3 1 -2.524e+04 2.282e+02 1.222e+02
s>                ( - -1.509e+04 1 0)
s>                ( - -9.925e+03 3 0 QUESTION0 1 1.936e+02 5.051e+01))
s>            ( SILENCE -1 -9.206e+04 2.009e+02 4.461e+02
s>                ( - -6.563e+04 2 0 QUESTION0_19_R 1 1.267e+02 3.177e+02)
s>                ( - -2.622e+04 4 0 QUESTION14 -1 1.478e+02 1.284e+02))))INFO: dtree.c(1315): Comp split 3
INFO: dtree.c(1478): Final simple tree
|( QUESTION2_0_L -1 -1.686e+05 4.013e+02 8.053e+02
|    ( - -5.889e+03 1 0)
|    ( QUESTION2_14_L -1 -1.623e+05 3.145e+02 7.742e+02
|        ( QUESTION0_19_R 1 -8.619e+04 1.623e+02 4.120e+02
|            ( - -1.440e+04 1 0)
|            ( - -7.163e+04 2 0))
|        ( QUESTION0_19_R 1 -7.583e+04 2.159e+02 3.622e+02
|            ( QUESTION6 -1 -2.020e+04 1.812e+02 9.995e+01
|                ( - -4.248e+03 1 0)
|                ( - -1.577e+04 3 0 QUESTION0 -1 1.424e+02 7.796e+01))
|            ( QUESTION0 -1 -5.541e+04 1.613e+02 2.622e+02
|                ( WDBNDRY_B 0 -1.363e+04 1.870e+02 6.488e+01
|                    ( - -1.190e+04 1 0)
|                    ( - -1.540e+03 1 0))
|                ( - -4.162e+04 3 0)))))
s>    ( QUESTION2_0_L -1 -1.686e+05 4.013e+02 8.053e+02
s>        ( - -5.889e+03 1 0)
s>        ( QUESTION2_14_L -1 -1.623e+05 3.145e+02 7.742e+02
s>            ( QUESTION0_19_R 1 -8.619e+04 1.623e+02 4.120e+02
s>                ( - -1.440e+04 1 0)
s>                ( - -7.163e+04 2 0))
s>            ( QUESTION0_19_R 1 -7.583e+04 2.159e+02 3.622e+02
s>                ( QUESTION6 -1 -2.020e+04 1.812e+02 9.995e+01
s>                    ( - -4.248e+03 1 0)
s>                    ( - -1.577e+04 3 0 QUESTION0 -1 1.424e+02 7.796e+01))
s>                ( QUESTION0 -1 -5.541e+04 1.613e+02 2.622e+02
s>                    ( WDBNDRY_B 0 -1.363e+04 1.870e+02 6.488e+01
s>                        ( - -1.190e+04 1 0)
s>                        ( - -1.540e+03 1 0))
s>                    ( - -4.162e+04 3 0)))))INFO: dtree.c(1478): Final simple tree
|( QUESTION2_7_L -1 -6.278e+04 3.038e+02 2.933e+02
|    ( QUESTION0_14_R 1 -2.727e+04 2.039e+02 1.281e+02
|        ( - -2.788e+03 1 0)
|        ( WDBNDRY_B 0 -2.427e+04 1.348e+02 1.141e+02
|            ( - -2.263e+04 3 0 QUESTION0 -1 1.428e+02 1.061e+02)
|            ( - -1.511e+03 1 0)))
|    ( WDBNDRY_B 0 -3.522e+04 1.787e+02 1.652e+02
|        ( QUESTION2_3_L -1 -2.660e+04 1.608e+02 1.250e+02
|            ( - -4.842e+03 1 0)
|            ( QUESTION1 -1 -2.160e+04 1.505e+02 1.010e+02
|                ( - -3.070e+03 1 0)
|                ( QUESTION0 -1 -1.838e+04 1.466e+02 8.700e+01
|                    ( - -1.751e+04 2 0 QUESTION0_19_R 1 1.039e+02 8.300e+01)
|                    ( - -7.143e+02 1 0))))
|        ( - -8.438e+03 1 0)))
s>    ( QUESTION2_7_L -1 -6.278e+04 3.038e+02 2.933e+02
s>        ( QUESTION0_14_R 1 -2.727e+04 2.039e+02 1.281e+02
s>            ( - -2.788e+03 1 0)
s>            ( WDBNDRY_B 0 -2.427e+04 1.348e+02 1.141e+02
s>                ( - -2.263e+04 3 0 QUESTION0 -1 1.428e+02 1.061e+02)
s>                ( - -1.511e+03 1 0)))
s>        ( WDBNDRY_B 0 -3.522e+04 1.787e+02 1.652e+02
s>            ( QUESTION2_3_L -1 -2.660e+04 1.608e+02 1.250e+02
s>                ( - -4.842e+03 1 0)
s>                ( QUESTION1 -1 -2.160e+04 1.505e+02 1.010e+02
s>                    ( - -3.070e+03 1 0)
s>                    ( QUESTION0 -1 -1.838e+04 1.466e+02 8.700e+01
s>                        ( - -1.751e+04 2 0 QUESTION0_19_R 1 1.039e+02 8.300e+01)
s>                        ( - -7.143e+02 1 0))))
s>            ( - -8.438e+03 1 0)))INFO: dtree.c(1315): Comp split 4
INFO: dtree.c(1439): stop. leaf nodes are specific
INFO: dtree.c(1478): Final simple tree
|( QUESTION0 1 -3.628e+04 2.234e+02 1.701e+02
|    ( WDBNDRY_B 0 -3.522e+04 8.158e+01 1.661e+02
|        ( - -3.314e+04 1 0)
|        ( - -1.997e+03 1 0))
|    ( - -8.386e+02 1 0))
s>    ( QUESTION0 1 -3.628e+04 2.234e+02 1.701e+02
s>        ( WDBNDRY_B 0 -3.522e+04 8.158e+01 1.661e+02
s>            ( - -3.314e+04 1 0)
s>            ( - -1.997e+03 1 0))
s>        ( - -8.386e+02 1 0))INFO: dtree.c(1478): Final simple tree
|( SILENCE -1 -1.528e+05 2.618e+02 7.397e+02
|    ( - -6.563e+04 2 0 QUESTION0_19_R 1 1.267e+02 3.177e+02)
|    ( QUESTION0 -1 -8.692e+04 2.181e+02 4.220e+02
|        ( WDBNDRY_B 0 -6.147e+04 2.158e+02 2.997e+02
|            ( - -4.187e+04 5 0 QUESTION14 -1 1.634e+02 2.048e+02)
|            ( QUESTION0_0_R 1 -1.938e+04 1.754e+02 9.488e+01
|                ( - -7.848e+03 1 0)
|                ( - -1.136e+04 1 0)))
|        ( QUESTION3 1 -2.524e+04 2.282e+02 1.222e+02
|            ( - -1.509e+04 1 0)
|            ( QUESTION0 1 -9.925e+03 1.936e+02 5.051e+01
|                ( WDBNDRY_B 0 -9.485e+03 1.847e+02 4.851e+01
|                    ( - -5.347e+03 1 0)
|                    ( - -3.954e+03 1 0))
|                ( - -2.456e+02 1 0)))))
s>    ( SILENCE -1 -1.528e+05 2.618e+02 7.397e+02
s>        ( - -6.563e+04 2 0 QUESTION0_19_R 1 1.267e+02 3.177e+02)
s>        ( QUESTION0 -1 -8.692e+04 2.181e+02 4.220e+02
s>            ( WDBNDRY_B 0 -6.147e+04 2.158e+02 2.997e+02
s>                ( - -4.187e+04 5 0 QUESTION14 -1 1.634e+02 2.048e+02)
s>                ( QUESTION0_0_R 1 -1.938e+04 1.754e+02 9.488e+01
s>                    ( - -7.848e+03 1 0)
s>                    ( - -1.136e+04 1 0)))
s>            ( QUESTION3 1 -2.524e+04 2.282e+02 1.222e+02
s>                ( - -1.509e+04 1 0)
s>                ( QUESTION0 1 -9.925e+03 1.936e+02 5.051e+01
s>                    ( WDBNDRY_B 0 -9.485e+03 1.847e+02 4.851e+01
s>                        ( - -5.347e+03 1 0)
s>                        ( - -3.954e+03 1 0))
s>                    ( - -2.456e+02 1 0)))))INFO: dtree.c(1315): Comp split 5
INFO: dtree.c(1478): Final simple tree
|( QUESTION2_14_L -1 -1.623e+05 3.145e+02 7.742e+02
|    ( QUESTION0_19_R 1 -8.619e+04 1.623e+02 4.120e+02
|        ( - -1.440e+04 1 0)
|        ( - -7.163e+04 2 0))
|    ( QUESTION0_19_R 1 -7.583e+04 2.159e+02 3.622e+02
|        ( QUESTION6 -1 -2.020e+04 1.812e+02 9.995e+01
|            ( - -4.248e+03 1 0)
|            ( QUESTION0 -1 -1.577e+04 1.424e+02 7.796e+01
|                ( - -3.540e+03 1 0)
|                ( - -1.209e+04 2 0)))
|        ( QUESTION0 -1 -5.541e+04 1.613e+02 2.622e+02
|            ( WDBNDRY_B 0 -1.363e+04 1.870e+02 6.488e+01
|                ( - -1.190e+04 1 0)
|                ( - -1.540e+03 1 0))
|            ( - -4.162e+04 3 0))))
s>    ( QUESTION2_14_L -1 -1.623e+05 3.145e+02 7.742e+02
s>        ( QUESTION0_19_R 1 -8.619e+04 1.623e+02 4.120e+02
s>            ( - -1.440e+04 1 0)
s>            ( - -7.163e+04 2 0))
s>        ( QUESTION0_19_R 1 -7.583e+04 2.159e+02 3.622e+02
s>            ( QUESTION6 -1 -2.020e+04 1.812e+02 9.995e+01
s>                ( - -4.248e+03 1 0)
s>                ( QUESTION0 -1 -1.577e+04 1.424e+02 7.796e+01
s>                    ( - -3.540e+03 1 0)
s>                    ( - -1.209e+04 2 0)))
s>            ( QUESTION0 -1 -5.541e+04 1.613e+02 2.622e+02
s>                ( WDBNDRY_B 0 -1.363e+04 1.870e+02 6.488e+01
s>                    ( - -1.190e+04 1 0)
s>                    ( - -1.540e+03 1 0))
s>                ( - -4.162e+04 3 0))))INFO: dtree.c(1315): Comp split 6
INFO: dtree.c(1439): stop. leaf nodes are specific
INFO: dtree.c(1478): Final simple tree
|( QUESTION0 -1 -7.136e+04 1.855e+02 3.402e+02
|    ( WDBNDRY_B 0 -1.731e+04 1.798e+02 8.288e+01
|        ( QUESTION0_19_R 1 -1.559e+04 1.475e+02 7.488e+01
|            ( - -3.540e+03 1 0)
|            ( - -1.190e+04 1 0))
|        ( - -1.540e+03 1 0))
|    ( QUESTION0_19_R 1 -5.386e+04 1.592e+02 2.573e+02
|        ( - -1.209e+04 2 0)
|        ( - -4.162e+04 3 0)))
s>    ( QUESTION0 -1 -7.136e+04 1.855e+02 3.402e+02
s>        ( WDBNDRY_B 0 -1.731e+04 1.798e+02 8.288e+01
s>            ( QUESTION0_19_R 1 -1.559e+04 1.475e+02 7.488e+01
s>                ( - -3.540e+03 1 0)
s>                ( - -1.190e+04 1 0))
s>            ( - -1.540e+03 1 0))
s>        ( QUESTION0_19_R 1 -5.386e+04 1.592e+02 2.573e+02
s>            ( - -1.209e+04 2 0)
s>            ( - -4.162e+04 3 0)))INFO: dtree.c(1439): stop. leaf nodes are specific
INFO: dtree.c(1478): Final simple tree
|( QUESTION0 -1 -9.064e+04 2.067e+02 4.340e+02
|    ( - -4.248e+03 1 0)
|    ( QUESTION0_19_R 1 -8.619e+04 1.623e+02 4.120e+02
|        ( - -1.440e+04 1 0)
|        ( - -7.163e+04 2 0)))
s>    ( QUESTION0 -1 -9.064e+04 2.067e+02 4.340e+02
s>        ( - -4.248e+03 1 0)
s>        ( QUESTION0_19_R 1 -8.619e+04 1.623e+02 4.120e+02
s>            ( - -1.440e+04 1 0)
s>            ( - -7.163e+04 2 0)))INFO: dtree.c(1315): Comp split 7
INFO: dtree.c(1439): stop. leaf nodes are specific
INFO: dtree.c(1478): Final simple tree
|( QUESTION0_19_R 1 -2.869e+04 2.243e+02 1.382e+02
|    ( - -5.347e+03 1 0)
|    ( WDBNDRY_B 0 -2.312e+04 1.890e+02 1.107e+02
|        ( - -1.509e+04 1 0)
|        ( - -7.848e+03 1 0)))
s>    ( QUESTION0_19_R 1 -2.869e+04 2.243e+02 1.382e+02
s>        ( - -5.347e+03 1 0)
s>        ( WDBNDRY_B 0 -2.312e+04 1.890e+02 1.107e+02
s>            ( - -1.509e+04 1 0)
s>            ( - -7.848e+03 1 0)))INFO: dtree.c(1478): Final simple tree
|( SILENCE -1 -1.238e+05 2.205e+02 6.014e+02
|    ( - -6.563e+04 2 0 QUESTION0_19_R 1 1.267e+02 3.177e+02)
|    ( QUESTION0 1 -5.796e+04 1.894e+02 2.837e+02
|        ( WDBNDRY_B 0 -5.752e+04 1.738e+02 2.817e+02
|            ( QUESTION14 -1 -4.187e+04 1.634e+02 2.048e+02
|                ( QUESTION0_19_R 1 -2.090e+04 1.354e+02 1.034e+02
|                    ( - -1.595e+03 1 0)
|                    ( - -1.917e+04 1 0))
|                ( QUESTION0_19_R 1 -2.081e+04 1.352e+02 1.015e+02
|                    ( - -1.802e+04 2 0 QUESTION1 -1 1.590e+02 8.847e+01)
|                    ( - -2.653e+03 1 0)))
|            ( QUESTION0 -1 -1.548e+04 1.680e+02 7.688e+01
|                ( - -1.136e+04 1 0)
|                ( - -3.954e+03 1 0)))
|        ( - -2.456e+02 1 0)))
s>    ( SILENCE -1 -1.238e+05 2.205e+02 6.014e+02
s>        ( - -6.563e+04 2 0 QUESTION0_19_R 1 1.267e+02 3.177e+02)
s>        ( QUESTION0 1 -5.796e+04 1.894e+02 2.837e+02
s>            ( WDBNDRY_B 0 -5.752e+04 1.738e+02 2.817e+02
s>                ( QUESTION14 -1 -4.187e+04 1.634e+02 2.048e+02
s>                    ( QUESTION0_19_R 1 -2.090e+04 1.354e+02 1.034e+02
s>                        ( - -1.595e+03 1 0)
s>                        ( - -1.917e+04 1 0))
s>                    ( QUESTION0_19_R 1 -2.081e+04 1.352e+02 1.015e+02
s>                        ( - -1.802e+04 2 0 QUESTION1 -1 1.590e+02 8.847e+01)
s>                        ( - -2.653e+03 1 0)))
s>                ( QUESTION0 -1 -1.548e+04 1.680e+02 7.688e+01
s>                    ( - -1.136e+04 1 0)
s>                    ( - -3.954e+03 1 0)))
s>            ( - -2.456e+02 1 0)))INFO: dtree.c(1315): Comp split 8
INFO: dtree.c(1439): stop. leaf nodes are specific
INFO: dtree.c(1478): Final simple tree
|( WDBNDRY_B 0 -3.522e+04 1.787e+02 1.652e+02
|    ( QUESTION2_3_L -1 -2.660e+04 1.608e+02 1.250e+02
|        ( - -4.842e+03 1 0)
|        ( QUESTION1 -1 -2.160e+04 1.505e+02 1.010e+02
|            ( - -3.070e+03 1 0)
|            ( QUESTION0 -1 -1.838e+04 1.466e+02 8.700e+01
|                ( QUESTION0_19_R 1 -1.751e+04 1.039e+02 8.300e+01
|                    ( - -1.195e+04 1 0)
|                    ( - -5.457e+03 1 0))
|                ( - -7.143e+02 1 0))))
|    ( - -8.438e+03 1 0))
s>    ( WDBNDRY_B 0 -3.522e+04 1.787e+02 1.652e+02
s>        ( QUESTION2_3_L -1 -2.660e+04 1.608e+02 1.250e+02
s>            ( - -4.842e+03 1 0)
s>            ( QUESTION1 -1 -2.160e+04 1.505e+02 1.010e+02
s>                ( - -3.070e+03 1 0)
s>                ( QUESTION0 -1 -1.838e+04 1.466e+02 8.700e+01
s>                    ( QUESTION0_19_R 1 -1.751e+04 1.039e+02 8.300e+01
s>                        ( - -1.195e+04 1 0)
s>                        ( - -5.457e+03 1 0))
s>                    ( - -7.143e+02 1 0))))
s>        ( - -8.438e+03 1 0))INFO: dtree.c(1439): stop. leaf nodes are specific
INFO: dtree.c(1478): Final simple tree
|( QUESTION0_14_R 1 -2.727e+04 2.039e+02 1.281e+02
|    ( - -2.788e+03 1 0)
|    ( WDBNDRY_B 0 -2.427e+04 1.348e+02 1.141e+02
|        ( QUESTION0 -1 -2.263e+04 1.428e+02 1.061e+02
|            ( QUESTION0_19_R 1 -1.818e+04 1.283e+02 8.508e+01
|                ( - -3.030e+03 1 0)
|                ( - -1.502e+04 1 0))
|            ( - -4.304e+03 1 0))
|        ( - -1.511e+03 1 0)))
s>    ( QUESTION0_14_R 1 -2.727e+04 2.039e+02 1.281e+02
s>        ( - -2.788e+03 1 0)
s>        ( WDBNDRY_B 0 -2.427e+04 1.348e+02 1.141e+02
s>            ( QUESTION0 -1 -2.263e+04 1.428e+02 1.061e+02
s>                ( QUESTION0_19_R 1 -1.818e+04 1.283e+02 8.508e+01
s>                    ( - -3.030e+03 1 0)
s>                    ( - -1.502e+04 1 0))
s>                ( - -4.304e+03 1 0))
s>            ( - -1.511e+03 1 0)))INFO: dtree.c(1315): Comp split 9
INFO: dtree.c(1439): stop. leaf nodes are specific
INFO: dtree.c(1478): Final simple tree
|( WDBNDRY_B 0 -4.598e+04 1.568e+02 2.258e+02
|    ( QUESTION14 -1 -4.187e+04 1.634e+02 2.048e+02
|        ( QUESTION0_19_R 1 -2.090e+04 1.354e+02 1.034e+02
|            ( - -1.595e+03 1 0)
|            ( - -1.917e+04 1 0))
|        ( QUESTION0_19_R 1 -2.081e+04 1.352e+02 1.015e+02
|            ( QUESTION1 -1 -1.802e+04 1.590e+02 8.847e+01
|                ( - -1.550e+04 1 0)
|                ( - -2.357e+03 1 0))
|            ( - -2.653e+03 1 0)))
|    ( - -3.954e+03 1 0))
s>    ( WDBNDRY_B 0 -4.598e+04 1.568e+02 2.258e+02
s>        ( QUESTION14 -1 -4.187e+04 1.634e+02 2.048e+02
s>            ( QUESTION0_19_R 1 -2.090e+04 1.354e+02 1.034e+02
s>                ( - -1.595e+03 1 0)
s>                ( - -1.917e+04 1 0))
s>            ( QUESTION0_19_R 1 -2.081e+04 1.352e+02 1.015e+02
s>                ( QUESTION1 -1 -1.802e+04 1.590e+02 8.847e+01
s>                    ( - -1.550e+04 1 0)
s>                    ( - -2.357e+03 1 0))
s>                ( - -2.653e+03 1 0)))
s>        ( - -3.954e+03 1 0))INFO: dtree.c(1439): stop. leaf nodes are specific
INFO: dtree.c(1478): Final simple tree
|( QUESTION0 1 -7.757e+04 1.858e+02 3.756e+02
|    ( WDBNDRY_B 0 -7.714e+04 1.449e+02 3.736e+02
|        ( QUESTION0_19_R 1 -6.563e+04 1.267e+02 3.177e+02
|            ( - -7.028e+03 1 0)
|            ( - -5.848e+04 1 0))
|        ( - -1.136e+04 1 0))
|    ( - -2.456e+02 1 0))
s>    ( QUESTION0 1 -7.757e+04 1.858e+02 3.756e+02
s>        ( WDBNDRY_B 0 -7.714e+04 1.449e+02 3.736e+02
s>            ( QUESTION0_19_R 1 -6.563e+04 1.267e+02 3.177e+02
s>                ( - -7.028e+03 1 0)
s>                ( - -5.848e+04 1 0))
s>            ( - -1.136e+04 1 0))
s>        ( - -2.456e+02 1 0))INFO: dtree.c(1315): Comp split 10
INFO: dtree.c(1439): stop. leaf nodes are specific
INFO: dtree.c(1478): Final simple tree
|( WDBNDRY_B 0 -2.312e+04 1.890e+02 1.107e+02
|    ( - -1.509e+04 1 0)
|    ( - -7.848e+03 1 0))
s>    ( WDBNDRY_B 0 -2.312e+04 1.890e+02 1.107e+02
s>        ( - -1.509e+04 1 0)
s>        ( - -7.848e+03 1 0))INFO: dtree.c(1315): Comp split 11
INFO: dtree.c(1439): stop. leaf nodes are specific
INFO: dtree.c(1478): Final simple tree
|( WDBNDRY_B 0 -3.522e+04 8.158e+01 1.661e+02
|    ( - -3.314e+04 1 0)
|    ( - -1.997e+03 1 0))
s>    ( WDBNDRY_B 0 -3.522e+04 8.158e+01 1.661e+02
s>        ( - -3.314e+04 1 0)
s>        ( - -1.997e+03 1 0))INFO: dtree.c(1315): Comp split 12
INFO: dtree.c(1439): stop. leaf nodes are specific
INFO: dtree.c(1478): Final simple tree
|( WDBNDRY_B 0 -2.052e+04 1.277e+02 9.724e+01
|    ( - -1.195e+04 1 0)
|    ( - -8.438e+03 1 0))
s>    ( WDBNDRY_B 0 -2.052e+04 1.277e+02 9.724e+01
s>        ( - -1.195e+04 1 0)
s>        ( - -8.438e+03 1 0))INFO: dtree.c(1439): stop. leaf nodes are specific
INFO: dtree.c(1478): Final simple tree
|( QUESTION8 1 -1.448e+04 1.468e+02 6.800e+01
|    ( - -4.842e+03 1 0)
|    ( QUESTION0 -1 -9.493e+03 1.430e+02 4.400e+01
|        ( QUESTION0_19_R 1 -8.636e+03 1.086e+02 4.000e+01
|            ( - -3.070e+03 1 0)
|            ( - -5.457e+03 1 0))
|        ( - -7.143e+02 1 0)))
s>    ( QUESTION8 1 -1.448e+04 1.468e+02 6.800e+01
s>        ( - -4.842e+03 1 0)
s>        ( QUESTION0 -1 -9.493e+03 1.430e+02 4.400e+01
s>            ( QUESTION0_19_R 1 -8.636e+03 1.086e+02 4.000e+01
s>                ( - -3.070e+03 1 0)
s>                ( - -5.457e+03 1 0))
s>            ( - -7.143e+02 1 0)))INFO: dtree.c(1315): Comp split 13
INFO: dtree.c(1439): stop. leaf nodes are specific
INFO: dtree.c(1478): Final simple tree
|( QUESTION0_19_R 1 -1.559e+04 1.475e+02 7.488e+01
|    ( - -3.540e+03 1 0)
|    ( - -1.190e+04 1 0))
s>    ( QUESTION0_19_R 1 -1.559e+04 1.475e+02 7.488e+01
s>        ( - -3.540e+03 1 0)
s>        ( - -1.190e+04 1 0))INFO: dtree.c(1439): stop. leaf nodes are specific
INFO: dtree.c(1478): Final simple tree
|( QUESTION0_19_R 1 -5.556e+04 1.652e+02 2.653e+02
|    ( - -1.209e+04 2 0)
|    ( WDBNDRY_B 0 -4.331e+04 1.512e+02 2.053e+02
|        ( - -4.162e+04 3 0)
|        ( - -1.540e+03 1 0)))
s>    ( QUESTION0_19_R 1 -5.556e+04 1.652e+02 2.653e+02
s>        ( - -1.209e+04 2 0)
s>        ( WDBNDRY_B 0 -4.331e+04 1.512e+02 2.053e+02
s>            ( - -4.162e+04 3 0)
s>            ( - -1.540e+03 1 0)))INFO: dtree.c(1315): Comp split 14
INFO: dtree.c(1439): stop. leaf nodes are specific
INFO: dtree.c(1478): Final simple tree
|( QUESTION0_19_R 1 -8.619e+04 1.623e+02 4.120e+02
|    ( - -1.440e+04 1 0)
|    ( - -7.163e+04 2 0))
s>    ( QUESTION0_19_R 1 -8.619e+04 1.623e+02 4.120e+02
s>        ( - -1.440e+04 1 0)
s>        ( - -7.163e+04 2 0))INFO: dtree.c(1315): Comp split 15
INFO: dtree.c(1439): stop. leaf nodes are specific
INFO: dtree.c(1478): Final simple tree
|( WDBNDRY_B 0 -2.427e+04 1.348e+02 1.141e+02
|    ( QUESTION0 -1 -2.263e+04 1.428e+02 1.061e+02
|        ( QUESTION0_19_R 1 -1.818e+04 1.283e+02 8.508e+01
|            ( - -3.030e+03 1 0)
|            ( - -1.502e+04 1 0))
|        ( - -4.304e+03 1 0))
|    ( - -1.511e+03 1 0))
s>    ( WDBNDRY_B 0 -2.427e+04 1.348e+02 1.141e+02
s>        ( QUESTION0 -1 -2.263e+04 1.428e+02 1.061e+02
s>            ( QUESTION0_19_R 1 -1.818e+04 1.283e+02 8.508e+01
s>                ( - -3.030e+03 1 0)
s>                ( - -1.502e+04 1 0))
s>            ( - -4.304e+03 1 0))
s>        ( - -1.511e+03 1 0))INFO: dtree.c(1315): Comp split 16
INFO: dtree.c(1315): Comp split 17
INFO: dtree.c(1439): stop. leaf nodes are specific
INFO: dtree.c(1478): Final simple tree
|( WDBNDRY_B 0 -7.714e+04 1.449e+02 3.736e+02
|    ( QUESTION0_19_R 1 -6.563e+04 1.267e+02 3.177e+02
|        ( - -7.028e+03 1 0)
|        ( - -5.848e+04 1 0))
|    ( - -1.136e+04 1 0))
s>    ( WDBNDRY_B 0 -7.714e+04 1.449e+02 3.736e+02
s>        ( QUESTION0_19_R 1 -6.563e+04 1.267e+02 3.177e+02
s>            ( - -7.028e+03 1 0)
s>            ( - -5.848e+04 1 0))
s>        ( - -1.136e+04 1 0))INFO: dtree.c(1315): Comp split 18
INFO: dtree.c(1439): stop. leaf nodes are specific
INFO: dtree.c(1478): Final simple tree
|( WDBNDRY_B 0 -2.578e+04 1.585e+02 1.274e+02
|    ( QUESTION0_19_R 1 -2.167e+04 1.446e+02 1.064e+02
|        ( - -2.357e+03 1 0)
|        ( - -1.917e+04 1 0))
|    ( - -3.954e+03 1 0))
s>    ( WDBNDRY_B 0 -2.578e+04 1.585e+02 1.274e+02
s>        ( QUESTION0_19_R 1 -2.167e+04 1.446e+02 1.064e+02
s>            ( - -2.357e+03 1 0)
s>            ( - -1.917e+04 1 0))
s>        ( - -3.954e+03 1 0))INFO: dtree.c(1439): stop. leaf nodes are specific
INFO: dtree.c(1478): Final simple tree
|( QUESTION0_19_R 1 -2.003e+04 1.446e+02 9.847e+01
|    ( QUESTION1 -1 -1.723e+04 1.310e+02 8.547e+01
|        ( - -1.550e+04 1 0)
|        ( - -1.595e+03 1 0))
|    ( - -2.653e+03 1 0))
s>    ( QUESTION0_19_R 1 -2.003e+04 1.446e+02 9.847e+01
s>        ( QUESTION1 -1 -1.723e+04 1.310e+02 8.547e+01
s>            ( - -1.550e+04 1 0)
s>            ( - -1.595e+03 1 0))
s>        ( - -2.653e+03 1 0))INFO: dtree.c(1315): Comp split 19
INFO: dtree.c(1439): stop. leaf nodes are specific
INFO: dtree.c(1478): Final simple tree
|( WDBNDRY_B 0 -4.331e+04 1.512e+02 2.053e+02
|    ( - -4.162e+04 3 0)
|    ( - -1.540e+03 1 0))
s>    ( WDBNDRY_B 0 -4.331e+04 1.512e+02 2.053e+02
s>        ( - -4.162e+04 3 0)
s>        ( - -1.540e+03 1 0))INFO: dtree.c(1315): Comp split 20
INFO: dtree.c(1315): Comp split 21
INFO: dtree.c(1439): stop. leaf nodes are specific
INFO: dtree.c(1478): Final simple tree
|( QUESTION0_19_R 1 -2.167e+04 1.446e+02 1.064e+02
|    ( - -2.357e+03 1 0)
|    ( - -1.917e+04 1 0))
s>    ( QUESTION0_19_R 1 -2.167e+04 1.446e+02 1.064e+02
s>        ( - -2.357e+03 1 0)
s>        ( - -1.917e+04 1 0))INFO: dtree.c(1315): Comp split 22
INFO: dtree.c(1315): Comp split 23
INFO: dtree.c(1315): Comp split 24
INFO: dtree.c(1439): stop. leaf nodes are specific
INFO: dtree.c(1478): Final simple tree
|( QUESTION0 -1 -9.493e+03 1.430e+02 4.400e+01
|    ( QUESTION0_19_R 1 -8.636e+03 1.086e+02 4.000e+01
|        ( - -3.070e+03 1 0)
|        ( - -5.457e+03 1 0))
|    ( - -7.143e+02 1 0))
s>    ( QUESTION0 -1 -9.493e+03 1.430e+02 4.400e+01
s>        ( QUESTION0_19_R 1 -8.636e+03 1.086e+02 4.000e+01
s>            ( - -3.070e+03 1 0)
s>            ( - -5.457e+03 1 0))
s>        ( - -7.143e+02 1 0))INFO: dtree.c(1315): Comp split 25
INFO: dtree.c(1439): stop. leaf nodes are specific
INFO: dtree.c(1478): Final simple tree
|( QUESTION0_19_R 1 -1.947e+04 1.406e+02 9.109e+01
|    ( - -4.304e+03 1 0)
|    ( - -1.502e+04 1 0))
s>    ( QUESTION0_19_R 1 -1.947e+04 1.406e+02 9.109e+01
s>        ( - -4.304e+03 1 0)
s>        ( - -1.502e+04 1 0))INFO: dtree.c(1439): stop. leaf nodes are specific
INFO: dtree.c(1478): Final simple tree
|( WDBNDRY_B 0 -4.660e+03 1.188e+02 2.300e+01
|    ( - -3.030e+03 1 0)
|    ( - -1.511e+03 1 0))
s>    ( WDBNDRY_B 0 -4.660e+03 1.188e+02 2.300e+01
s>        ( - -3.030e+03 1 0)
s>        ( - -1.511e+03 1 0))INFO: dtree.c(1315): Comp split 26
INFO: dtree.c(1439): stop. leaf nodes are specific
INFO: dtree.c(1478): Final simple tree
|( QUESTION0_19_R 1 -6.563e+04 1.267e+02 3.177e+02
|    ( - -7.028e+03 1 0)
|    ( - -5.848e+04 1 0))
s>    ( QUESTION0_19_R 1 -6.563e+04 1.267e+02 3.177e+02
s>        ( - -7.028e+03 1 0)
s>        ( - -5.848e+04 1 0))INFO: dtree.c(1315): Comp split 27
INFO: dtree.c(1315): Comp split 28
INFO: dtree.c(1439): stop. leaf nodes are specific
INFO: dtree.c(1478): Final simple tree
|( QUESTION1 -1 -1.723e+04 1.310e+02 8.547e+01
|    ( - -1.550e+04 1 0)
|    ( - -1.595e+03 1 0))
s>    ( QUESTION1 -1 -1.723e+04 1.310e+02 8.547e+01
s>        ( - -1.550e+04 1 0)
s>        ( - -1.595e+03 1 0))INFO: dtree.c(1315): Comp split 29
INFO: dtree.c(1439): stop. leaf nodes are specific
INFO: dtree.c(1478): Final simple tree
|( QUESTION0_19_R 1 -8.636e+03 1.086e+02 4.000e+01
|    ( - -3.070e+03 1 0)
|    ( - -5.457e+03 1 0))
s>    ( QUESTION0_19_R 1 -8.636e+03 1.086e+02 4.000e+01
s>        ( - -3.070e+03 1 0)
s>        ( - -5.457e+03 1 0))INFO: dtree.c(1315): Comp split 30
INFO: dtree.c(1315): Comp split 31
INFO: dtree.c(1315): Comp split 32
INFO: dtree.c(1315): Comp split 33
INFO: dtree.c(1315): Comp split 34
INFO: dtree.c(1315): Comp split 35
INFO: dtree.c(1315): Comp split 36
INFO: dtree.c(1315): Comp split 37
INFO: dtree.c(1318): stop. leaf nodes are specific
Wed Dec 20 23:52:24 2017
