Current configuration:
[NAME]		[DEFLT]	[VALUE]
-allphones	no	no
-cntthresh	0.00001	1.000000e-05
-csplitmax	100	2000
-csplitmin	1	1
-csplitthr	8e-4	0.000000e+00
-example	no	no
-fullvar	no	no
-help		no	no
-meanfn			/home/alex/repos/speech/an4/model_parameters/an4.cd_cont_untied/means
-mixwfn			/home/alex/repos/speech/an4/model_parameters/an4.cd_cont_untied/mixture_weights
-moddeffn		/home/alex/repos/speech/an4/model_architecture/an4.untied.mdef
-mwfloor	1e-4	1.000000e-08
-phone			L
-psetfn			/home/alex/repos/speech/an4/model_architecture/an4.tree_questions
-ssplitmax	5	7
-ssplitmin	1	1
-ssplitthr	8e-4	0.000000e+00
-state			2
-stwt			1.0,0.05,0.0,
-treefn			/home/alex/repos/speech/an4/trees/an4.unpruned/L-2.dtree
-ts2cbfn	.semi.	.cont.
-varfloor	0.00001	1.000000e-05
-varfn			/home/alex/repos/speech/an4/model_parameters/an4.cd_cont_untied/variances

INFO: main.c(223): Reading: /home/alex/repos/speech/an4/model_architecture/an4.untied.mdef
INFO: model_def_io.c(573): Model definition info:
INFO: model_def_io.c(574): 1618 total models defined (34 base, 1584 tri)
INFO: model_def_io.c(575): 6472 total states
INFO: model_def_io.c(576): 4854 total tied states
INFO: model_def_io.c(577): 102 total tied CI states
INFO: model_def_io.c(578): 34 total tied transition matrices
INFO: model_def_io.c(579): 4 max state/model
INFO: model_def_io.c(580): 4 min state/model
INFO: main.c(242): Building trees for [L AH AY i] through [L IH EH i]
INFO: main.c(269): Covering states |[2826 2903]| == 78
INFO: main.c(275): Reading: /home/alex/repos/speech/an4/model_parameters/an4.cd_cont_untied/mixture_weights
INFO: s3mixw_io.c(173): Read /home/alex/repos/speech/an4/model_parameters/an4.cd_cont_untied/mixture_weights [78x1x1 array]
INFO: main.c(311): 26 of 26 models have observation count greater than 0.000010
INFO: main.c(95): nrm stwt: 0.000 0.048 0.952 
INFO: s3gau_io.c(169): Read /home/alex/repos/speech/an4/model_parameters/an4.cd_cont_untied/means [4854x1x1 array]
INFO: s3gau_io.c(169): Read /home/alex/repos/speech/an4/model_parameters/an4.cd_cont_untied/variances [4854x1x1 array]
INFO: main.c(549): Reading: /home/alex/repos/speech/an4/model_architecture/an4.tree_questions
INFO: main.c(588): 180 total simple questions (172 phone; 8 word bndry)
INFO: main.c(590): 42 Left Only questions, and 42 Right Only questions
INFO: dtree.c(1478): Final simple tree
|( QUESTION1 -1 -3.264e+05 2.219e+03 1.394e+03
|    ( - -7.268e+04 3 0 WDBNDRY_E 0 2.351e+02 3.241e+02)
|    ( SILENCE 1 -2.515e+05 1.033e+03 1.070e+03
|        ( - -2.587e+04 1 0)
|        ( WDBNDRY_E 0 -2.246e+05 8.897e+02 9.484e+02
|            ( QUESTION0_20_R 1 -1.998e+05 6.162e+02 8.457e+02
|                ( QUESTION0 1 -7.134e+04 4.362e+02 3.005e+02
|                    ( - -1.127e+04 1 0)
|                    ( - -5.963e+04 3 0))
|                ( QUESTION0 1 -1.279e+05 3.814e+02 5.453e+02
|                    ( - -9.253e+04 10 0 QUESTION16 1 3.349e+02 3.901e+02)
|                    ( - -3.497e+04 4 0 QUESTION0_0_R 1 1.844e+02 1.552e+02)))
|            ( QUESTION0_6_R 1 -2.386e+04 3.993e+02 1.027e+02
|                ( - -1.246e+04 1 0)
|                ( - -1.100e+04 3 0 QUESTION0_2_R 1 3.090e+02 4.824e+01)))))
s>    ( QUESTION1 -1 -3.264e+05 2.219e+03 1.394e+03
s>        ( - -7.268e+04 3 0 WDBNDRY_E 0 2.351e+02 3.241e+02)
s>        ( SILENCE 1 -2.515e+05 1.033e+03 1.070e+03
s>            ( - -2.587e+04 1 0)
s>            ( WDBNDRY_E 0 -2.246e+05 8.897e+02 9.484e+02
s>                ( QUESTION0_20_R 1 -1.998e+05 6.162e+02 8.457e+02
s>                    ( QUESTION0 1 -7.134e+04 4.362e+02 3.005e+02
s>                        ( - -1.127e+04 1 0)
s>                        ( - -5.963e+04 3 0))
s>                    ( QUESTION0 1 -1.279e+05 3.814e+02 5.453e+02
s>                        ( - -9.253e+04 10 0 QUESTION16 1 3.349e+02 3.901e+02)
s>                        ( - -3.497e+04 4 0 QUESTION0_0_R 1 1.844e+02 1.552e+02)))
s>                ( QUESTION0_6_R 1 -2.386e+04 3.993e+02 1.027e+02
s>                    ( - -1.246e+04 1 0)
s>                    ( - -1.100e+04 3 0 QUESTION0_2_R 1 3.090e+02 4.824e+01)))))INFO: dtree.c(1315): Comp split 0
INFO: dtree.c(1478): Final simple tree
|( SILENCE 1 -2.515e+05 1.033e+03 1.070e+03
|    ( - -2.587e+04 1 0)
|    ( WDBNDRY_E 0 -2.246e+05 8.897e+02 9.484e+02
|        ( QUESTION0_20_R 1 -1.998e+05 6.162e+02 8.457e+02
|            ( QUESTION0 1 -7.134e+04 4.362e+02 3.005e+02
|                ( - -1.127e+04 1 0)
|                ( - -5.963e+04 3 0))
|            ( QUESTION0 1 -1.279e+05 3.814e+02 5.453e+02
|                ( QUESTION16 1 -9.253e+04 3.349e+02 3.901e+02
|                    ( - -2.163e+04 3 0 QUESTION19 1 1.728e+02 9.340e+01)
|                    ( - -7.056e+04 7 0 QUESTION4 1 2.820e+02 2.966e+02))
|                ( - -3.497e+04 4 0 QUESTION0_0_R 1 1.844e+02 1.552e+02)))
|        ( QUESTION0_6_R 1 -2.386e+04 3.993e+02 1.027e+02
|            ( - -1.246e+04 1 0)
|            ( - -1.100e+04 3 0 QUESTION0_2_R 1 3.090e+02 4.824e+01))))
s>    ( SILENCE 1 -2.515e+05 1.033e+03 1.070e+03
s>        ( - -2.587e+04 1 0)
s>        ( WDBNDRY_E 0 -2.246e+05 8.897e+02 9.484e+02
s>            ( QUESTION0_20_R 1 -1.998e+05 6.162e+02 8.457e+02
s>                ( QUESTION0 1 -7.134e+04 4.362e+02 3.005e+02
s>                    ( - -1.127e+04 1 0)
s>                    ( - -5.963e+04 3 0))
s>                ( QUESTION0 1 -1.279e+05 3.814e+02 5.453e+02
s>                    ( QUESTION16 1 -9.253e+04 3.349e+02 3.901e+02
s>                        ( - -2.163e+04 3 0 QUESTION19 1 1.728e+02 9.340e+01)
s>                        ( - -7.056e+04 7 0 QUESTION4 1 2.820e+02 2.966e+02))
s>                    ( - -3.497e+04 4 0 QUESTION0_0_R 1 1.844e+02 1.552e+02)))
s>            ( QUESTION0_6_R 1 -2.386e+04 3.993e+02 1.027e+02
s>                ( - -1.246e+04 1 0)
s>                ( - -1.100e+04 3 0 QUESTION0_2_R 1 3.090e+02 4.824e+01))))INFO: dtree.c(1439): stop. leaf nodes are specific
INFO: dtree.c(1478): Final simple tree
|( WDBNDRY_E 0 -7.268e+04 2.351e+02 3.241e+02
|    ( - -4.664e+02 1 0)
|    ( QUESTION0_13_R 1 -7.198e+04 1.759e+02 3.211e+02
|        ( - -8.247e+02 1 0)
|        ( - -7.098e+04 1 0)))
s>    ( WDBNDRY_E 0 -7.268e+04 2.351e+02 3.241e+02
s>        ( - -4.664e+02 1 0)
s>        ( QUESTION0_13_R 1 -7.198e+04 1.759e+02 3.211e+02
s>            ( - -8.247e+02 1 0)
s>            ( - -7.098e+04 1 0)))INFO: dtree.c(1315): Comp split 1
INFO: dtree.c(1478): Final simple tree
|( WDBNDRY_E 0 -1.658e+05 6.538e+02 6.942e+02
|    ( QUESTION0_20_R 1 -1.527e+05 5.332e+02 6.398e+02
|        ( - -5.963e+04 3 0)
|        ( QUESTION16 1 -9.253e+04 3.349e+02 3.901e+02
|            ( - -2.163e+04 3 0 QUESTION19 1 1.728e+02 9.340e+01)
|            ( QUESTION4 1 -7.056e+04 2.820e+02 2.966e+02
|                ( - -2.904e+03 1 0)
|                ( QUESTION0_14_R 1 -6.737e+04 2.233e+02 2.846e+02
|                    ( - -2.897e+03 1 0)
|                    ( QUESTION11 1 -6.425e+04 2.015e+02 2.716e+02
|                        ( - -3.739e+03 1 0)
|                        ( QUESTION15 1 -6.031e+04 1.823e+02 2.546e+02
|                            ( - -6.104e+03 1 0)
|                            ( - -5.403e+04 3 0 QUESTION0_0_R 1 1.706e+02 2.275e+02)))))))
|    ( - -1.246e+04 1 0))
s>    ( WDBNDRY_E 0 -1.658e+05 6.538e+02 6.942e+02
s>        ( QUESTION0_20_R 1 -1.527e+05 5.332e+02 6.398e+02
s>            ( - -5.963e+04 3 0)
s>            ( QUESTION16 1 -9.253e+04 3.349e+02 3.901e+02
s>                ( - -2.163e+04 3 0 QUESTION19 1 1.728e+02 9.340e+01)
s>                ( QUESTION4 1 -7.056e+04 2.820e+02 2.966e+02
s>                    ( - -2.904e+03 1 0)
s>                    ( QUESTION0_14_R 1 -6.737e+04 2.233e+02 2.846e+02
s>                        ( - -2.897e+03 1 0)
s>                        ( QUESTION11 1 -6.425e+04 2.015e+02 2.716e+02
s>                            ( - -3.739e+03 1 0)
s>                            ( QUESTION15 1 -6.031e+04 1.823e+02 2.546e+02
s>                                ( - -6.104e+03 1 0)
s>                                ( - -5.403e+04 3 0 QUESTION0_0_R 1 1.706e+02 2.275e+02)))))))
s>        ( - -1.246e+04 1 0))INFO: dtree.c(1439): stop. leaf nodes are specific
INFO: dtree.c(1478): Final simple tree
|( WDBNDRY_E 0 -8.438e+04 6.314e+02 3.756e+02
|    ( SILENCE 1 -7.275e+04 4.675e+02 3.273e+02
|        ( - -2.587e+04 1 0)
|        ( QUESTION0_0_R 1 -4.641e+04 1.825e+02 2.060e+02
|            ( - -3.396e+03 2 0)
|            ( QUESTION0_13_R 1 -4.283e+04 1.636e+02 1.910e+02
|                ( - -3.139e+04 2 0)
|                ( - -1.127e+04 1 0))))
|    ( QUESTION0_2_R 1 -1.100e+04 3.090e+02 4.824e+01
|        ( - -2.721e+03 1 0)
|        ( QUESTION0_0_R 1 -7.973e+03 1.488e+02 3.547e+01
|            ( - -1.496e+03 1 0)
|            ( - -6.329e+03 1 0))))
s>    ( WDBNDRY_E 0 -8.438e+04 6.314e+02 3.756e+02
s>        ( SILENCE 1 -7.275e+04 4.675e+02 3.273e+02
s>            ( - -2.587e+04 1 0)
s>            ( QUESTION0_0_R 1 -4.641e+04 1.825e+02 2.060e+02
s>                ( - -3.396e+03 2 0)
s>                ( QUESTION0_13_R 1 -4.283e+04 1.636e+02 1.910e+02
s>                    ( - -3.139e+04 2 0)
s>                    ( - -1.127e+04 1 0))))
s>        ( QUESTION0_2_R 1 -1.100e+04 3.090e+02 4.824e+01
s>            ( - -2.721e+03 1 0)
s>            ( QUESTION0_0_R 1 -7.973e+03 1.488e+02 3.547e+01
s>                ( - -1.496e+03 1 0)
s>                ( - -6.329e+03 1 0))))INFO: dtree.c(1315): Comp split 2
INFO: dtree.c(1439): stop. leaf nodes are specific
INFO: dtree.c(1478): Final simple tree
|( QUESTION0_20_R 1 -1.142e+05 5.524e+02 4.772e+02
|    ( - -5.963e+04 3 0)
|    ( QUESTION0_0_R 1 -5.403e+04 1.706e+02 2.275e+02
|        ( QUESTION0_3_R 1 -3.652e+04 1.293e+02 1.548e+02
|            ( - -1.638e+03 1 0)
|            ( - -3.476e+04 1 0))
|        ( - -1.733e+04 1 0)))
s>    ( QUESTION0_20_R 1 -1.142e+05 5.524e+02 4.772e+02
s>        ( - -5.963e+04 3 0)
s>        ( QUESTION0_0_R 1 -5.403e+04 1.706e+02 2.275e+02
s>            ( QUESTION0_3_R 1 -3.652e+04 1.293e+02 1.548e+02
s>                ( - -1.638e+03 1 0)
s>                ( - -3.476e+04 1 0))
s>            ( - -1.733e+04 1 0)))INFO: dtree.c(1478): Final simple tree
|( WDBNDRY_E 0 -5.093e+04 4.314e+02 2.170e+02
|    ( QUESTION0_15_R 1 -3.804e+04 2.707e+02 1.625e+02
|        ( - -2.904e+03 1 0)
|        ( QUESTION19 1 -3.487e+04 2.043e+02 1.505e+02
|            ( - -1.294e+04 1 0)
|            ( QUESTION1 1 -2.173e+04 1.869e+02 9.377e+01
|                ( - -2.897e+03 1 0)
|                ( QUESTION0_5_R 1 -1.864e+04 1.975e+02 8.077e+01
|                    ( QUESTION0_6_R 1 -8.501e+03 1.153e+02 3.765e+01
|                        ( - -4.647e+03 1 0)
|                        ( - -3.739e+03 1 0))
|                    ( QUESTION0_0_R 1 -9.943e+03 9.870e+01 4.312e+01
|                        ( - -6.104e+03 1 0)
|                        ( - -3.740e+03 1 0))))))
|    ( - -1.246e+04 1 0))
s>    ( WDBNDRY_E 0 -5.093e+04 4.314e+02 2.170e+02
s>        ( QUESTION0_15_R 1 -3.804e+04 2.707e+02 1.625e+02
s>            ( - -2.904e+03 1 0)
s>            ( QUESTION19 1 -3.487e+04 2.043e+02 1.505e+02
s>                ( - -1.294e+04 1 0)
s>                ( QUESTION1 1 -2.173e+04 1.869e+02 9.377e+01
s>                    ( - -2.897e+03 1 0)
s>                    ( QUESTION0_5_R 1 -1.864e+04 1.975e+02 8.077e+01
s>                        ( QUESTION0_6_R 1 -8.501e+03 1.153e+02 3.765e+01
s>                            ( - -4.647e+03 1 0)
s>                            ( - -3.739e+03 1 0))
s>                        ( QUESTION0_0_R 1 -9.943e+03 9.870e+01 4.312e+01
s>                            ( - -6.104e+03 1 0)
s>                            ( - -3.740e+03 1 0))))))
s>        ( - -1.246e+04 1 0))INFO: dtree.c(1315): Comp split 3
INFO: dtree.c(1439): stop. leaf nodes are specific
INFO: dtree.c(1478): Final simple tree
|( QUESTION0_0_R 1 -7.973e+03 1.488e+02 3.547e+01
|    ( - -1.496e+03 1 0)
|    ( - -6.329e+03 1 0))
s>    ( QUESTION0_0_R 1 -7.973e+03 1.488e+02 3.547e+01
s>        ( - -1.496e+03 1 0)
s>        ( - -6.329e+03 1 0))INFO: dtree.c(1439): stop. leaf nodes are specific
INFO: dtree.c(1478): Final simple tree
|( SILENCE 1 -7.577e+04 4.894e+02 3.401e+02
|    ( - -2.587e+04 1 0)
|    ( WDBNDRY_E 0 -4.940e+04 2.724e+02 2.187e+02
|        ( QUESTION0_0_R 1 -4.641e+04 1.825e+02 2.060e+02
|            ( - -3.396e+03 2 0)
|            ( QUESTION0_13_R 1 -4.283e+04 1.636e+02 1.910e+02
|                ( - -3.139e+04 2 0)
|                ( - -1.127e+04 1 0)))
|        ( - -2.721e+03 1 0)))
s>    ( SILENCE 1 -7.577e+04 4.894e+02 3.401e+02
s>        ( - -2.587e+04 1 0)
s>        ( WDBNDRY_E 0 -4.940e+04 2.724e+02 2.187e+02
s>            ( QUESTION0_0_R 1 -4.641e+04 1.825e+02 2.060e+02
s>                ( - -3.396e+03 2 0)
s>                ( QUESTION0_13_R 1 -4.283e+04 1.636e+02 1.910e+02
s>                    ( - -3.139e+04 2 0)
s>                    ( - -1.127e+04 1 0)))
s>            ( - -2.721e+03 1 0)))INFO: dtree.c(1315): Comp split 4
INFO: dtree.c(1439): stop. leaf nodes are specific
INFO: dtree.c(1478): Final simple tree
|( QUESTION0_0_R 1 -5.403e+04 1.706e+02 2.275e+02
|    ( QUESTION0_3_R 1 -3.652e+04 1.293e+02 1.548e+02
|        ( - -1.638e+03 1 0)
|        ( - -3.476e+04 1 0))
|    ( - -1.733e+04 1 0))
s>    ( QUESTION0_0_R 1 -5.403e+04 1.706e+02 2.275e+02
s>        ( QUESTION0_3_R 1 -3.652e+04 1.293e+02 1.548e+02
s>            ( - -1.638e+03 1 0)
s>            ( - -3.476e+04 1 0))
s>        ( - -1.733e+04 1 0))INFO: dtree.c(1315): Comp split 5
INFO: dtree.c(1439): stop. leaf nodes are specific
INFO: dtree.c(1478): Final simple tree
|( WDBNDRY_E 0 -4.940e+04 2.724e+02 2.187e+02
|    ( QUESTION0_0_R 1 -4.641e+04 1.825e+02 2.060e+02
|        ( - -3.396e+03 2 0)
|        ( QUESTION0_13_R 1 -4.283e+04 1.636e+02 1.910e+02
|            ( - -3.139e+04 2 0)
|            ( - -1.127e+04 1 0)))
|    ( - -2.721e+03 1 0))
s>    ( WDBNDRY_E 0 -4.940e+04 2.724e+02 2.187e+02
s>        ( QUESTION0_0_R 1 -4.641e+04 1.825e+02 2.060e+02
s>            ( - -3.396e+03 2 0)
s>            ( QUESTION0_13_R 1 -4.283e+04 1.636e+02 1.910e+02
s>                ( - -3.139e+04 2 0)
s>                ( - -1.127e+04 1 0)))
s>        ( - -2.721e+03 1 0))INFO: dtree.c(1315): Comp split 6
INFO: dtree.c(1439): stop. leaf nodes are specific
INFO: dtree.c(1478): Final simple tree
|( QUESTION19 1 -3.487e+04 2.043e+02 1.505e+02
|    ( - -1.294e+04 1 0)
|    ( QUESTION1 1 -2.173e+04 1.869e+02 9.377e+01
|        ( - -2.897e+03 1 0)
|        ( QUESTION0_5_R 1 -1.864e+04 1.975e+02 8.077e+01
|            ( QUESTION0_6_R 1 -8.501e+03 1.153e+02 3.765e+01
|                ( - -4.647e+03 1 0)
|                ( - -3.739e+03 1 0))
|            ( QUESTION0_0_R 1 -9.943e+03 9.870e+01 4.312e+01
|                ( - -6.104e+03 1 0)
|                ( - -3.740e+03 1 0)))))
s>    ( QUESTION19 1 -3.487e+04 2.043e+02 1.505e+02
s>        ( - -1.294e+04 1 0)
s>        ( QUESTION1 1 -2.173e+04 1.869e+02 9.377e+01
s>            ( - -2.897e+03 1 0)
s>            ( QUESTION0_5_R 1 -1.864e+04 1.975e+02 8.077e+01
s>                ( QUESTION0_6_R 1 -8.501e+03 1.153e+02 3.765e+01
s>                    ( - -4.647e+03 1 0)
s>                    ( - -3.739e+03 1 0))
s>                ( QUESTION0_0_R 1 -9.943e+03 9.870e+01 4.312e+01
s>                    ( - -6.104e+03 1 0)
s>                    ( - -3.740e+03 1 0)))))INFO: dtree.c(1439): stop. leaf nodes are specific
INFO: dtree.c(1478): Final simple tree
|( WDBNDRY_E 0 -1.563e+04 2.689e+02 6.647e+01
|    ( - -2.904e+03 1 0)
|    ( - -1.246e+04 1 0))
s>    ( WDBNDRY_E 0 -1.563e+04 2.689e+02 6.647e+01
s>        ( - -2.904e+03 1 0)
s>        ( - -1.246e+04 1 0))INFO: dtree.c(1315): Comp split 7
INFO: dtree.c(1439): stop. leaf nodes are specific
INFO: dtree.c(1478): Final simple tree
|( QUESTION0_0_R 1 -4.641e+04 1.825e+02 2.060e+02
|    ( - -3.396e+03 2 0)
|    ( QUESTION0_13_R 1 -4.283e+04 1.636e+02 1.910e+02
|        ( - -3.139e+04 2 0)
|        ( - -1.127e+04 1 0)))
s>    ( QUESTION0_0_R 1 -4.641e+04 1.825e+02 2.060e+02
s>        ( - -3.396e+03 2 0)
s>        ( QUESTION0_13_R 1 -4.283e+04 1.636e+02 1.910e+02
s>            ( - -3.139e+04 2 0)
s>            ( - -1.127e+04 1 0)))INFO: dtree.c(1315): Comp split 8
INFO: dtree.c(1315): Comp split 9
INFO: dtree.c(1439): stop. leaf nodes are specific
INFO: dtree.c(1478): Final simple tree
|( QUESTION0_0_R 1 -1.154e+04 1.407e+02 5.065e+01
|    ( QUESTION0_6_R 1 -8.501e+03 1.153e+02 3.765e+01
|        ( - -4.647e+03 1 0)
|        ( - -3.739e+03 1 0))
|    ( - -2.897e+03 1 0))
s>    ( QUESTION0_0_R 1 -1.154e+04 1.407e+02 5.065e+01
s>        ( QUESTION0_6_R 1 -8.501e+03 1.153e+02 3.765e+01
s>            ( - -4.647e+03 1 0)
s>            ( - -3.739e+03 1 0))
s>        ( - -2.897e+03 1 0))INFO: dtree.c(1439): stop. leaf nodes are specific
INFO: dtree.c(1478): Final simple tree
|( QUESTION0_5_R 1 -2.308e+04 1.988e+02 9.988e+01
|    ( - -1.294e+04 1 0)
|    ( QUESTION0_0_R 1 -9.943e+03 9.870e+01 4.312e+01
|        ( - -6.104e+03 1 0)
|        ( - -3.740e+03 1 0)))
s>    ( QUESTION0_5_R 1 -2.308e+04 1.988e+02 9.988e+01
s>        ( - -1.294e+04 1 0)
s>        ( QUESTION0_0_R 1 -9.943e+03 9.870e+01 4.312e+01
s>            ( - -6.104e+03 1 0)
s>            ( - -3.740e+03 1 0)))INFO: dtree.c(1315): Comp split 10
INFO: dtree.c(1439): stop. leaf nodes are specific
INFO: dtree.c(1478): Final simple tree
|( QUESTION0_13_R 1 -7.198e+04 1.759e+02 3.211e+02
|    ( - -8.247e+02 1 0)
|    ( - -7.098e+04 1 0))
s>    ( QUESTION0_13_R 1 -7.198e+04 1.759e+02 3.211e+02
s>        ( - -8.247e+02 1 0)
s>        ( - -7.098e+04 1 0))INFO: dtree.c(1315): Comp split 11
INFO: dtree.c(1439): stop. leaf nodes are specific
INFO: dtree.c(1478): Final simple tree
|( QUESTION0_0_R 1 -9.943e+03 9.870e+01 4.312e+01
|    ( - -6.104e+03 1 0)
|    ( - -3.740e+03 1 0))
s>    ( QUESTION0_0_R 1 -9.943e+03 9.870e+01 4.312e+01
s>        ( - -6.104e+03 1 0)
s>        ( - -3.740e+03 1 0))INFO: dtree.c(1315): Comp split 12
INFO: dtree.c(1439): stop. leaf nodes are specific
INFO: dtree.c(1478): Final simple tree
|( QUESTION0_13_R 1 -4.283e+04 1.636e+02 1.910e+02
|    ( - -3.139e+04 2 0)
|    ( - -1.127e+04 1 0))
s>    ( QUESTION0_13_R 1 -4.283e+04 1.636e+02 1.910e+02
s>        ( - -3.139e+04 2 0)
s>        ( - -1.127e+04 1 0))INFO: dtree.c(1315): Comp split 13
INFO: dtree.c(1315): Comp split 14
INFO: dtree.c(1439): stop. leaf nodes are specific
INFO: dtree.c(1478): Final simple tree
|( QUESTION0_3_R 1 -3.652e+04 1.293e+02 1.548e+02
|    ( - -1.638e+03 1 0)
|    ( - -3.476e+04 1 0))
s>    ( QUESTION0_3_R 1 -3.652e+04 1.293e+02 1.548e+02
s>        ( - -1.638e+03 1 0)
s>        ( - -3.476e+04 1 0))INFO: dtree.c(1315): Comp split 15
INFO: dtree.c(1315): Comp split 16
INFO: dtree.c(1315): Comp split 17
INFO: dtree.c(1439): stop. leaf nodes are specific
INFO: dtree.c(1478): Final simple tree
|( QUESTION0_6_R 1 -8.501e+03 1.153e+02 3.765e+01
|    ( - -4.647e+03 1 0)
|    ( - -3.739e+03 1 0))
s>    ( QUESTION0_6_R 1 -8.501e+03 1.153e+02 3.765e+01
s>        ( - -4.647e+03 1 0)
s>        ( - -3.739e+03 1 0))INFO: dtree.c(1315): Comp split 18
INFO: dtree.c(1315): Comp split 19
INFO: dtree.c(1315): Comp split 20
INFO: dtree.c(1315): Comp split 21
INFO: dtree.c(1318): stop. leaf nodes are specific
Wed Dec 20 23:52:20 2017
