Current configuration:
[NAME]		[DEFLT]	[VALUE]
-allphones	no	no
-cntthresh	0.00001	1.000000e-05
-csplitmax	100	2000
-csplitmin	1	1
-csplitthr	8e-4	0.000000e+00
-example	no	no
-fullvar	no	no
-help		no	no
-meanfn			/home/alex/repos/speech/an4/model_parameters/an4.cd_cont_untied/means
-mixwfn			/home/alex/repos/speech/an4/model_parameters/an4.cd_cont_untied/mixture_weights
-moddeffn		/home/alex/repos/speech/an4/model_architecture/an4.untied.mdef
-mwfloor	1e-4	1.000000e-08
-phone			UW
-psetfn			/home/alex/repos/speech/an4/model_architecture/an4.tree_questions
-ssplitmax	5	7
-ssplitmin	1	1
-ssplitthr	8e-4	0.000000e+00
-state			0
-stwt			1.0,0.05,0.0,
-treefn			/home/alex/repos/speech/an4/trees/an4.unpruned/UW-0.dtree
-ts2cbfn	.semi.	.cont.
-varfloor	0.00001	1.000000e-05
-varfn			/home/alex/repos/speech/an4/model_parameters/an4.cd_cont_untied/variances

INFO: main.c(223): Reading: /home/alex/repos/speech/an4/model_architecture/an4.untied.mdef
INFO: model_def_io.c(573): Model definition info:
INFO: model_def_io.c(574): 1618 total models defined (34 base, 1584 tri)
INFO: model_def_io.c(575): 6472 total states
INFO: model_def_io.c(576): 4854 total tied states
INFO: model_def_io.c(577): 102 total tied CI states
INFO: model_def_io.c(578): 34 total tied transition matrices
INFO: model_def_io.c(579): 4 max state/model
INFO: model_def_io.c(580): 4 min state/model
INFO: main.c(242): Building trees for [UW JH N i] through [UW Y Z e]
INFO: main.c(269): Covering states |[4488 4586]| == 99
INFO: main.c(275): Reading: /home/alex/repos/speech/an4/model_parameters/an4.cd_cont_untied/mixture_weights
INFO: s3mixw_io.c(173): Read /home/alex/repos/speech/an4/model_parameters/an4.cd_cont_untied/mixture_weights [99x1x1 array]
INFO: main.c(311): 33 of 33 models have observation count greater than 0.000010
INFO: main.c(95): nrm stwt: 0.952 0.048 0.000 
INFO: s3gau_io.c(169): Read /home/alex/repos/speech/an4/model_parameters/an4.cd_cont_untied/means [4854x1x1 array]
INFO: s3gau_io.c(169): Read /home/alex/repos/speech/an4/model_parameters/an4.cd_cont_untied/variances [4854x1x1 array]
INFO: main.c(549): Reading: /home/alex/repos/speech/an4/model_architecture/an4.tree_questions
INFO: main.c(588): 180 total simple questions (172 phone; 8 word bndry)
INFO: main.c(590): 42 Left Only questions, and 42 Right Only questions
INFO: dtree.c(1478): Final simple tree
|( QUESTION0 -1 -4.121e+05 5.830e+03 1.879e+03
|    ( SILENCE 1 -2.855e+05 1.439e+03 1.298e+03
|        ( - -8.030e+04 1 0)
|        ( QUESTION0_10_R 1 -2.037e+05 4.224e+02 9.157e+02
|            ( - -5.344e+04 1 0)
|            ( - -1.499e+05 9 0 QUESTION0_0_R 1 3.440e+02 6.675e+02)))
|    ( QUESTION0_3_R 1 -1.208e+05 4.977e+02 5.810e+02
|        ( - -1.203e+04 2 0 QUESTION0_4_R 1 1.740e+02 6.223e+01)
|        ( QUESTION11 1 -1.083e+05 4.716e+02 5.188e+02
|            ( - 2.426e+02 1 0)
|            ( SILENCE 1 -1.080e+05 4.542e+02 5.178e+02
|                ( - -7.253e+03 1 0)
|                ( QUESTION0_6_R 1 -1.003e+05 4.508e+02 4.824e+02
|                    ( - -8.434e+03 4 0 QUESTION17 1 2.586e+02 4.054e+01)
|                    ( - -9.144e+04 14 0 QUESTION4 1 2.814e+02 4.419e+02))))))
s>    ( QUESTION0 -1 -4.121e+05 5.830e+03 1.879e+03
s>        ( SILENCE 1 -2.855e+05 1.439e+03 1.298e+03
s>            ( - -8.030e+04 1 0)
s>            ( QUESTION0_10_R 1 -2.037e+05 4.224e+02 9.157e+02
s>                ( - -5.344e+04 1 0)
s>                ( - -1.499e+05 9 0 QUESTION0_0_R 1 3.440e+02 6.675e+02)))
s>        ( QUESTION0_3_R 1 -1.208e+05 4.977e+02 5.810e+02
s>            ( - -1.203e+04 2 0 QUESTION0_4_R 1 1.740e+02 6.223e+01)
s>            ( QUESTION11 1 -1.083e+05 4.716e+02 5.188e+02
s>                ( - 2.426e+02 1 0)
s>                ( SILENCE 1 -1.080e+05 4.542e+02 5.178e+02
s>                    ( - -7.253e+03 1 0)
s>                    ( QUESTION0_6_R 1 -1.003e+05 4.508e+02 4.824e+02
s>                        ( - -8.434e+03 4 0 QUESTION17 1 2.586e+02 4.054e+01)
s>                        ( - -9.144e+04 14 0 QUESTION4 1 2.814e+02 4.419e+02))))))INFO: dtree.c(1315): Comp split 0
INFO: dtree.c(1478): Final simple tree
|( QUESTION0_3_R 1 -1.040e+05 5.160e+02 5.041e+02
|    ( QUESTION0_4_R 1 -1.203e+04 1.740e+02 6.223e+01
|        ( - -7.721e+03 1 0)
|        ( - -4.133e+03 1 0))
|    ( QUESTION4 1 -9.144e+04 2.814e+02 4.419e+02
|        ( - -3.530e+04 2 0 QUESTION0_13_R 1 1.109e+02 1.729e+02)
|        ( QUESTION0_14_R 1 -5.586e+04 2.121e+02 2.689e+02
|            ( - -3.789e+03 1 0)
|            ( QUESTION0_1_R 1 -5.186e+04 1.986e+02 2.491e+02
|                ( - -8.992e+03 2 0)
|                ( QUESTION0_11_R 1 -4.267e+04 1.644e+02 2.049e+02
|                    ( - -6.386e+02 1 0)
|                    ( QUESTION1 1 -4.186e+04 1.535e+02 2.009e+02
|                        ( - -6.200e+03 1 0)
|                        ( - -3.551e+04 7 0 WDBNDRY_E 0 1.355e+02 1.700e+02)))))))
s>    ( QUESTION0_3_R 1 -1.040e+05 5.160e+02 5.041e+02
s>        ( QUESTION0_4_R 1 -1.203e+04 1.740e+02 6.223e+01
s>            ( - -7.721e+03 1 0)
s>            ( - -4.133e+03 1 0))
s>        ( QUESTION4 1 -9.144e+04 2.814e+02 4.419e+02
s>            ( - -3.530e+04 2 0 QUESTION0_13_R 1 1.109e+02 1.729e+02)
s>            ( QUESTION0_14_R 1 -5.586e+04 2.121e+02 2.689e+02
s>                ( - -3.789e+03 1 0)
s>                ( QUESTION0_1_R 1 -5.186e+04 1.986e+02 2.491e+02
s>                    ( - -8.992e+03 2 0)
s>                    ( QUESTION0_11_R 1 -4.267e+04 1.644e+02 2.049e+02
s>                        ( - -6.386e+02 1 0)
s>                        ( QUESTION1 1 -4.186e+04 1.535e+02 2.009e+02
s>                            ( - -6.200e+03 1 0)
s>                            ( - -3.551e+04 7 0 WDBNDRY_E 0 1.355e+02 1.700e+02)))))))INFO: dtree.c(1478): Final simple tree
|( SILENCE 1 -3.021e+05 1.430e+03 1.375e+03
|    ( QUESTION0 -1 -8.794e+04 3.871e+02 4.181e+02
|        ( - -8.030e+04 1 0)
|        ( - -7.253e+03 1 0))
|    ( QUESTION16 1 -2.128e+05 3.922e+02 9.572e+02
|        ( QUESTION0 -1 -6.677e+04 3.218e+02 3.077e+02
|            ( QUESTION0_6_R 1 -5.940e+04 2.980e+02 2.732e+02
|                ( - -5.668e+03 1 0)
|                ( - -5.344e+04 1 0))
|            ( - -7.042e+03 3 0 QUESTION17 1 2.456e+02 3.454e+01))
|        ( QUESTION0_0_R 1 -1.456e+05 3.201e+02 6.495e+02
|            ( - -1.066e+05 6 0 QUESTION0_6_R 1 1.933e+02 4.708e+02)
|            ( QUESTION0_15_R 1 -3.871e+04 3.021e+02 1.787e+02
|                ( - -9.711e+03 1 0)
|                ( - -2.870e+04 3 0 WDBNDRY_E 0 2.561e+02 1.346e+02)))))
s>    ( SILENCE 1 -3.021e+05 1.430e+03 1.375e+03
s>        ( QUESTION0 -1 -8.794e+04 3.871e+02 4.181e+02
s>            ( - -8.030e+04 1 0)
s>            ( - -7.253e+03 1 0))
s>        ( QUESTION16 1 -2.128e+05 3.922e+02 9.572e+02
s>            ( QUESTION0 -1 -6.677e+04 3.218e+02 3.077e+02
s>                ( QUESTION0_6_R 1 -5.940e+04 2.980e+02 2.732e+02
s>                    ( - -5.668e+03 1 0)
s>                    ( - -5.344e+04 1 0))
s>                ( - -7.042e+03 3 0 QUESTION17 1 2.456e+02 3.454e+01))
s>            ( QUESTION0_0_R 1 -1.456e+05 3.201e+02 6.495e+02
s>                ( - -1.066e+05 6 0 QUESTION0_6_R 1 1.933e+02 4.708e+02)
s>                ( QUESTION0_15_R 1 -3.871e+04 3.021e+02 1.787e+02
s>                    ( - -9.711e+03 1 0)
s>                    ( - -2.870e+04 3 0 WDBNDRY_E 0 2.561e+02 1.346e+02)))))INFO: dtree.c(1315): Comp split 1
INFO: dtree.c(1478): Final simple tree
|( QUESTION0 -1 -1.243e+05 4.921e+02 5.873e+02
|    ( SILENCE 1 -1.093e+05 3.043e+02 5.174e+02
|        ( - -8.030e+04 1 0)
|        ( WDBNDRY_E 0 -2.870e+04 2.561e+02 1.346e+02
|            ( QUESTION0_13_R 1 -2.677e+04 1.692e+02 1.256e+02
|                ( - -8.876e+03 1 0)
|                ( - -1.773e+04 1 0))
|            ( - -1.669e+03 1 0)))
|    ( QUESTION17 1 -1.449e+04 2.739e+02 6.995e+01
|        ( - -2.283e+03 1 0)
|        ( QUESTION0_7_R 1 -1.193e+04 1.928e+02 5.734e+01
|            ( - -1.352e+03 1 0)
|            ( SILENCE 1 -1.039e+04 1.527e+02 5.033e+01
|                ( - -7.253e+03 1 0)
|                ( - -2.982e+03 1 0)))))
s>    ( QUESTION0 -1 -1.243e+05 4.921e+02 5.873e+02
s>        ( SILENCE 1 -1.093e+05 3.043e+02 5.174e+02
s>            ( - -8.030e+04 1 0)
s>            ( WDBNDRY_E 0 -2.870e+04 2.561e+02 1.346e+02
s>                ( QUESTION0_13_R 1 -2.677e+04 1.692e+02 1.256e+02
s>                    ( - -8.876e+03 1 0)
s>                    ( - -1.773e+04 1 0))
s>                ( - -1.669e+03 1 0)))
s>        ( QUESTION17 1 -1.449e+04 2.739e+02 6.995e+01
s>            ( - -2.283e+03 1 0)
s>            ( QUESTION0_7_R 1 -1.193e+04 1.928e+02 5.734e+01
s>                ( - -1.352e+03 1 0)
s>                ( SILENCE 1 -1.039e+04 1.527e+02 5.033e+01
s>                    ( - -7.253e+03 1 0)
s>                    ( - -2.982e+03 1 0)))))INFO: dtree.c(1478): Final simple tree
|( QUESTION0_10_R 1 -1.763e+05 5.077e+02 7.880e+02
|    ( - -5.344e+04 1 0)
|    ( QUESTION0_0_R 1 -1.224e+05 2.589e+02 5.398e+02
|        ( QUESTION0_6_R 1 -1.124e+05 2.091e+02 4.958e+02
|            ( QUESTION0_7_R 1 -7.018e+03 1.654e+02 3.097e+01
|                ( - -1.184e+03 1 0)
|                ( - -5.668e+03 1 0))
|            ( QUESTION0 -1 -1.052e+05 4.704e+02 4.648e+02
|                ( QUESTION0_3_R 1 -1.050e+05 1.261e+02 4.638e+02
|                    ( - -2.952e+04 1 0)
|                    ( QUESTION0_1_R 1 -7.534e+04 9.009e+01 3.328e+02
|                        ( - -6.089e+04 2 0)
|                        ( - -1.436e+04 1 0)))
|                ( - 2.426e+02 1 0)))
|        ( - -9.711e+03 1 0)))
s>    ( QUESTION0_10_R 1 -1.763e+05 5.077e+02 7.880e+02
s>        ( - -5.344e+04 1 0)
s>        ( QUESTION0_0_R 1 -1.224e+05 2.589e+02 5.398e+02
s>            ( QUESTION0_6_R 1 -1.124e+05 2.091e+02 4.958e+02
s>                ( QUESTION0_7_R 1 -7.018e+03 1.654e+02 3.097e+01
s>                    ( - -1.184e+03 1 0)
s>                    ( - -5.668e+03 1 0))
s>                ( QUESTION0 -1 -1.052e+05 4.704e+02 4.648e+02
s>                    ( QUESTION0_3_R 1 -1.050e+05 1.261e+02 4.638e+02
s>                        ( - -2.952e+04 1 0)
s>                        ( QUESTION0_1_R 1 -7.534e+04 9.009e+01 3.328e+02
s>                            ( - -6.089e+04 2 0)
s>                            ( - -1.436e+04 1 0)))
s>                    ( - 2.426e+02 1 0)))
s>            ( - -9.711e+03 1 0)))INFO: dtree.c(1315): Comp split 2
INFO: dtree.c(1439): stop. leaf nodes are specific
INFO: dtree.c(1478): Final simple tree
|( QUESTION4 1 -7.741e+04 2.444e+02 3.738e+02
|    ( QUESTION0_13_R 1 -3.530e+04 1.109e+02 1.729e+02
|        ( - -3.357e+04 1 0)
|        ( - -1.626e+03 1 0))
|    ( QUESTION1 1 -4.186e+04 1.535e+02 2.009e+02
|        ( - -6.200e+03 1 0)
|        ( WDBNDRY_E 0 -3.551e+04 1.355e+02 1.700e+02
|            ( QUESTION0_20_R 1 -3.484e+04 1.361e+02 1.670e+02
|                ( - -8.043e+03 3 0)
|                ( QUESTION0_0_R 1 -2.666e+04 1.028e+02 1.286e+02
|                    ( - -1.643e+04 1 0)
|                    ( - -1.013e+04 2 0)))
|            ( - -5.326e+02 1 0))))
s>    ( QUESTION4 1 -7.741e+04 2.444e+02 3.738e+02
s>        ( QUESTION0_13_R 1 -3.530e+04 1.109e+02 1.729e+02
s>            ( - -3.357e+04 1 0)
s>            ( - -1.626e+03 1 0))
s>        ( QUESTION1 1 -4.186e+04 1.535e+02 2.009e+02
s>            ( - -6.200e+03 1 0)
s>            ( WDBNDRY_E 0 -3.551e+04 1.355e+02 1.700e+02
s>                ( QUESTION0_20_R 1 -3.484e+04 1.361e+02 1.670e+02
s>                    ( - -8.043e+03 3 0)
s>                    ( QUESTION0_0_R 1 -2.666e+04 1.028e+02 1.286e+02
s>                        ( - -1.643e+04 1 0)
s>                        ( - -1.013e+04 2 0)))
s>                ( - -5.326e+02 1 0))))INFO: dtree.c(1439): stop. leaf nodes are specific
INFO: dtree.c(1478): Final simple tree
|( QUESTION0_0_R 1 -2.596e+04 1.864e+02 1.302e+02
|    ( QUESTION0_4_R 1 -2.198e+04 1.864e+02 1.104e+02
|        ( - -7.721e+03 1 0)
|        ( QUESTION0_3_R 1 -1.408e+04 1.615e+02 7.008e+01
|            ( - -4.133e+03 1 0)
|            ( QUESTION0_1_R 1 -9.781e+03 1.513e+02 4.820e+01
|                ( - -8.992e+03 2 0)
|                ( - -6.386e+02 1 0))))
|    ( - -3.789e+03 1 0))
s>    ( QUESTION0_0_R 1 -2.596e+04 1.864e+02 1.302e+02
s>        ( QUESTION0_4_R 1 -2.198e+04 1.864e+02 1.104e+02
s>            ( - -7.721e+03 1 0)
s>            ( QUESTION0_3_R 1 -1.408e+04 1.615e+02 7.008e+01
s>                ( - -4.133e+03 1 0)
s>                ( QUESTION0_1_R 1 -9.781e+03 1.513e+02 4.820e+01
s>                    ( - -8.992e+03 2 0)
s>                    ( - -6.386e+02 1 0))))
s>        ( - -3.789e+03 1 0))INFO: dtree.c(1315): Comp split 3
INFO: dtree.c(1439): stop. leaf nodes are specific
INFO: dtree.c(1478): Final simple tree
|( QUESTION0 -1 -1.111e+05 4.705e+02 4.898e+02
|    ( QUESTION0_6_R 1 -1.108e+05 1.823e+02 4.888e+02
|        ( - -5.668e+03 1 0)
|        ( QUESTION0_3_R 1 -1.050e+05 1.261e+02 4.638e+02
|            ( - -2.952e+04 1 0)
|            ( QUESTION0_1_R 1 -7.534e+04 9.009e+01 3.328e+02
|                ( - -6.089e+04 2 0)
|                ( - -1.436e+04 1 0))))
|    ( - 2.426e+02 1 0))
s>    ( QUESTION0 -1 -1.111e+05 4.705e+02 4.898e+02
s>        ( QUESTION0_6_R 1 -1.108e+05 1.823e+02 4.888e+02
s>            ( - -5.668e+03 1 0)
s>            ( QUESTION0_3_R 1 -1.050e+05 1.261e+02 4.638e+02
s>                ( - -2.952e+04 1 0)
s>                ( QUESTION0_1_R 1 -7.534e+04 9.009e+01 3.328e+02
s>                    ( - -6.089e+04 2 0)
s>                    ( - -1.436e+04 1 0))))
s>        ( - 2.426e+02 1 0))INFO: dtree.c(1439): stop. leaf nodes are specific
INFO: dtree.c(1478): Final simple tree
|( QUESTION0_9_R 1 -6.472e+04 2.321e+02 2.982e+02
|    ( - -5.344e+04 1 0)
|    ( QUESTION0_0_R 1 -1.105e+04 1.560e+02 5.002e+01
|        ( - -1.184e+03 1 0)
|        ( - -9.711e+03 1 0)))
s>    ( QUESTION0_9_R 1 -6.472e+04 2.321e+02 2.982e+02
s>        ( - -5.344e+04 1 0)
s>        ( QUESTION0_0_R 1 -1.105e+04 1.560e+02 5.002e+01
s>            ( - -1.184e+03 1 0)
s>            ( - -9.711e+03 1 0)))INFO: dtree.c(1315): Comp split 4
INFO: dtree.c(1439): stop. leaf nodes are specific
INFO: dtree.c(1478): Final simple tree
|( QUESTION17 1 -1.449e+04 2.739e+02 6.995e+01
|    ( - -2.283e+03 1 0)
|    ( QUESTION0_7_R 1 -1.193e+04 1.928e+02 5.734e+01
|        ( - -1.352e+03 1 0)
|        ( SILENCE 1 -1.039e+04 1.527e+02 5.033e+01
|            ( - -7.253e+03 1 0)
|            ( - -2.982e+03 1 0))))
s>    ( QUESTION17 1 -1.449e+04 2.739e+02 6.995e+01
s>        ( - -2.283e+03 1 0)
s>        ( QUESTION0_7_R 1 -1.193e+04 1.928e+02 5.734e+01
s>            ( - -1.352e+03 1 0)
s>            ( SILENCE 1 -1.039e+04 1.527e+02 5.033e+01
s>                ( - -7.253e+03 1 0)
s>                ( - -2.982e+03 1 0))))INFO: dtree.c(1439): stop. leaf nodes are specific
INFO: dtree.c(1478): Final simple tree
|( SILENCE 1 -1.093e+05 3.043e+02 5.174e+02
|    ( - -8.030e+04 1 0)
|    ( WDBNDRY_E 0 -2.870e+04 2.561e+02 1.346e+02
|        ( QUESTION0_13_R 1 -2.677e+04 1.692e+02 1.256e+02
|            ( - -8.876e+03 1 0)
|            ( - -1.773e+04 1 0))
|        ( - -1.669e+03 1 0)))
s>    ( SILENCE 1 -1.093e+05 3.043e+02 5.174e+02
s>        ( - -8.030e+04 1 0)
s>        ( WDBNDRY_E 0 -2.870e+04 2.561e+02 1.346e+02
s>            ( QUESTION0_13_R 1 -2.677e+04 1.692e+02 1.256e+02
s>                ( - -8.876e+03 1 0)
s>                ( - -1.773e+04 1 0))
s>            ( - -1.669e+03 1 0)))INFO: dtree.c(1315): Comp split 5
INFO: dtree.c(1439): stop. leaf nodes are specific
INFO: dtree.c(1478): Final simple tree
|( QUESTION0_6_R 1 -1.108e+05 1.823e+02 4.888e+02
|    ( - -5.668e+03 1 0)
|    ( QUESTION0_3_R 1 -1.050e+05 1.261e+02 4.638e+02
|        ( - -2.952e+04 1 0)
|        ( QUESTION0_1_R 1 -7.534e+04 9.009e+01 3.328e+02
|            ( - -6.089e+04 2 0)
|            ( - -1.436e+04 1 0))))
s>    ( QUESTION0_6_R 1 -1.108e+05 1.823e+02 4.888e+02
s>        ( - -5.668e+03 1 0)
s>        ( QUESTION0_3_R 1 -1.050e+05 1.261e+02 4.638e+02
s>            ( - -2.952e+04 1 0)
s>            ( QUESTION0_1_R 1 -7.534e+04 9.009e+01 3.328e+02
s>                ( - -6.089e+04 2 0)
s>                ( - -1.436e+04 1 0))))INFO: dtree.c(1315): Comp split 6
INFO: dtree.c(1439): stop. leaf nodes are specific
INFO: dtree.c(1478): Final simple tree
|( QUESTION0_13_R 1 -2.677e+04 1.692e+02 1.256e+02
|    ( - -8.876e+03 1 0)
|    ( - -1.773e+04 1 0))
s>    ( QUESTION0_13_R 1 -2.677e+04 1.692e+02 1.256e+02
s>        ( - -8.876e+03 1 0)
s>        ( - -1.773e+04 1 0))INFO: dtree.c(1439): stop. leaf nodes are specific
INFO: dtree.c(1478): Final simple tree
|( WDBNDRY_E 0 -8.220e+04 2.312e+02 3.917e+02
|    ( - -8.030e+04 1 0)
|    ( - -1.669e+03 1 0))
s>    ( WDBNDRY_E 0 -8.220e+04 2.312e+02 3.917e+02
s>        ( - -8.030e+04 1 0)
s>        ( - -1.669e+03 1 0))INFO: dtree.c(1315): Comp split 7
INFO: dtree.c(1439): stop. leaf nodes are specific
INFO: dtree.c(1478): Final simple tree
|( QUESTION0_7_R 1 -1.193e+04 1.928e+02 5.734e+01
|    ( - -1.352e+03 1 0)
|    ( SILENCE 1 -1.039e+04 1.527e+02 5.033e+01
|        ( - -7.253e+03 1 0)
|        ( - -2.982e+03 1 0)))
s>    ( QUESTION0_7_R 1 -1.193e+04 1.928e+02 5.734e+01
s>        ( - -1.352e+03 1 0)
s>        ( SILENCE 1 -1.039e+04 1.527e+02 5.033e+01
s>            ( - -7.253e+03 1 0)
s>            ( - -2.982e+03 1 0)))INFO: dtree.c(1315): Comp split 8
INFO: dtree.c(1439): stop. leaf nodes are specific
INFO: dtree.c(1478): Final simple tree
|( QUESTION5 1 -4.360e+04 1.546e+02 2.089e+02
|    ( - -6.200e+03 1 0)
|    ( WDBNDRY_E 0 -3.724e+04 1.362e+02 1.780e+02
|        ( QUESTION0_20_R 1 -3.657e+04 1.257e+02 1.750e+02
|            ( QUESTION0 1 -9.787e+03 1.173e+02 4.646e+01
|                ( - -1.626e+03 1 0)
|                ( - -8.043e+03 3 0))
|            ( QUESTION0_0_R 1 -2.666e+04 1.028e+02 1.286e+02
|                ( - -1.643e+04 1 0)
|                ( - -1.013e+04 2 0)))
|        ( - -5.326e+02 1 0)))
s>    ( QUESTION5 1 -4.360e+04 1.546e+02 2.089e+02
s>        ( - -6.200e+03 1 0)
s>        ( WDBNDRY_E 0 -3.724e+04 1.362e+02 1.780e+02
s>            ( QUESTION0_20_R 1 -3.657e+04 1.257e+02 1.750e+02
s>                ( QUESTION0 1 -9.787e+03 1.173e+02 4.646e+01
s>                    ( - -1.626e+03 1 0)
s>                    ( - -8.043e+03 3 0))
s>                ( QUESTION0_0_R 1 -2.666e+04 1.028e+02 1.286e+02
s>                    ( - -1.643e+04 1 0)
s>                    ( - -1.013e+04 2 0)))
s>            ( - -5.326e+02 1 0)))INFO: dtree.c(1315): Comp split 9
INFO: dtree.c(1439): stop. leaf nodes are specific
INFO: dtree.c(1478): Final simple tree
|( QUESTION0_0_R 1 -1.105e+04 1.560e+02 5.002e+01
|    ( - -1.184e+03 1 0)
|    ( - -9.711e+03 1 0))
s>    ( QUESTION0_0_R 1 -1.105e+04 1.560e+02 5.002e+01
s>        ( - -1.184e+03 1 0)
s>        ( - -9.711e+03 1 0))INFO: dtree.c(1315): Comp split 10
INFO: dtree.c(1315): Comp split 11
INFO: dtree.c(1439): stop. leaf nodes are specific
INFO: dtree.c(1478): Final simple tree
|( SILENCE 1 -1.039e+04 1.527e+02 5.033e+01
|    ( - -7.253e+03 1 0)
|    ( - -2.982e+03 1 0))
s>    ( SILENCE 1 -1.039e+04 1.527e+02 5.033e+01
s>        ( - -7.253e+03 1 0)
s>        ( - -2.982e+03 1 0))INFO: dtree.c(1315): Comp split 12
INFO: dtree.c(1439): stop. leaf nodes are specific
INFO: dtree.c(1478): Final simple tree
|( QUESTION0_3_R 1 -1.408e+04 1.615e+02 7.008e+01
|    ( - -4.133e+03 1 0)
|    ( QUESTION0_1_R 1 -9.781e+03 1.513e+02 4.820e+01
|        ( - -8.992e+03 2 0)
|        ( - -6.386e+02 1 0)))
s>    ( QUESTION0_3_R 1 -1.408e+04 1.615e+02 7.008e+01
s>        ( - -4.133e+03 1 0)
s>        ( QUESTION0_1_R 1 -9.781e+03 1.513e+02 4.820e+01
s>            ( - -8.992e+03 2 0)
s>            ( - -6.386e+02 1 0)))INFO: dtree.c(1439): stop. leaf nodes are specific
INFO: dtree.c(1478): Final simple tree
|( QUESTION0_0_R 1 -1.170e+04 1.859e+02 6.017e+01
|    ( - -7.721e+03 1 0)
|    ( - -3.789e+03 1 0))
s>    ( QUESTION0_0_R 1 -1.170e+04 1.859e+02 6.017e+01
s>        ( - -7.721e+03 1 0)
s>        ( - -3.789e+03 1 0))INFO: dtree.c(1315): Comp split 13
INFO: dtree.c(1315): Comp split 14
INFO: dtree.c(1439): stop. leaf nodes are specific
INFO: dtree.c(1478): Final simple tree
|( QUESTION0_3_R 1 -1.050e+05 1.261e+02 4.638e+02
|    ( - -2.952e+04 1 0)
|    ( QUESTION0_1_R 1 -7.534e+04 9.009e+01 3.328e+02
|        ( - -6.089e+04 2 0)
|        ( - -1.436e+04 1 0)))
s>    ( QUESTION0_3_R 1 -1.050e+05 1.261e+02 4.638e+02
s>        ( - -2.952e+04 1 0)
s>        ( QUESTION0_1_R 1 -7.534e+04 9.009e+01 3.328e+02
s>            ( - -6.089e+04 2 0)
s>            ( - -1.436e+04 1 0)))INFO: dtree.c(1315): Comp split 15
INFO: dtree.c(1439): stop. leaf nodes are specific
INFO: dtree.c(1478): Final simple tree
|( QUESTION0_20_R 1 -2.840e+04 1.070e+02 1.366e+02
|    ( - -1.626e+03 1 0)
|    ( QUESTION0_0_R 1 -2.666e+04 1.028e+02 1.286e+02
|        ( - -1.643e+04 1 0)
|        ( - -1.013e+04 2 0)))
s>    ( QUESTION0_20_R 1 -2.840e+04 1.070e+02 1.366e+02
s>        ( - -1.626e+03 1 0)
s>        ( QUESTION0_0_R 1 -2.666e+04 1.028e+02 1.286e+02
s>            ( - -1.643e+04 1 0)
s>            ( - -1.013e+04 2 0)))INFO: dtree.c(1439): stop. leaf nodes are specific
INFO: dtree.c(1478): Final simple tree
|( WDBNDRY_E 0 -1.503e+04 1.280e+02 7.235e+01
|    ( QUESTION0_13_R 1 -1.437e+04 1.240e+02 6.935e+01
|        ( - -6.200e+03 1 0)
|        ( - -8.043e+03 3 0))
|    ( - -5.326e+02 1 0))
s>    ( WDBNDRY_E 0 -1.503e+04 1.280e+02 7.235e+01
s>        ( QUESTION0_13_R 1 -1.437e+04 1.240e+02 6.935e+01
s>            ( - -6.200e+03 1 0)
s>            ( - -8.043e+03 3 0))
s>        ( - -5.326e+02 1 0))INFO: dtree.c(1315): Comp split 16
INFO: dtree.c(1315): Comp split 17
INFO: dtree.c(1439): stop. leaf nodes are specific
INFO: dtree.c(1478): Final simple tree
|( QUESTION0_1_R 1 -9.781e+03 1.513e+02 4.820e+01
|    ( - -8.992e+03 2 0)
|    ( - -6.386e+02 1 0))
s>    ( QUESTION0_1_R 1 -9.781e+03 1.513e+02 4.820e+01
s>        ( - -8.992e+03 2 0)
s>        ( - -6.386e+02 1 0))INFO: dtree.c(1315): Comp split 18
INFO: dtree.c(1315): Comp split 19
INFO: dtree.c(1315): Comp split 20
INFO: dtree.c(1315): Comp split 21
INFO: dtree.c(1439): stop. leaf nodes are specific
INFO: dtree.c(1478): Final simple tree
|( QUESTION0_13_R 1 -1.437e+04 1.240e+02 6.935e+01
|    ( - -6.200e+03 1 0)
|    ( - -8.043e+03 3 0))
s>    ( QUESTION0_13_R 1 -1.437e+04 1.240e+02 6.935e+01
s>        ( - -6.200e+03 1 0)
s>        ( - -8.043e+03 3 0))INFO: dtree.c(1315): Comp split 22
INFO: dtree.c(1439): stop. leaf nodes are specific
INFO: dtree.c(1478): Final simple tree
|( QUESTION0_1_R 1 -7.534e+04 9.009e+01 3.328e+02
|    ( - -6.089e+04 2 0)
|    ( - -1.436e+04 1 0))
s>    ( QUESTION0_1_R 1 -7.534e+04 9.009e+01 3.328e+02
s>        ( - -6.089e+04 2 0)
s>        ( - -1.436e+04 1 0))INFO: dtree.c(1315): Comp split 23
INFO: dtree.c(1315): Comp split 24
INFO: dtree.c(1439): stop. leaf nodes are specific
INFO: dtree.c(1478): Final simple tree
|( QUESTION0_0_R 1 -2.666e+04 1.028e+02 1.286e+02
|    ( - -1.643e+04 1 0)
|    ( - -1.013e+04 2 0))
s>    ( QUESTION0_0_R 1 -2.666e+04 1.028e+02 1.286e+02
s>        ( - -1.643e+04 1 0)
s>        ( - -1.013e+04 2 0))INFO: dtree.c(1315): Comp split 25
INFO: dtree.c(1315): Comp split 26
INFO: dtree.c(1315): Comp split 27
INFO: dtree.c(1318): stop. leaf nodes are specific
Wed Dec 20 23:52:24 2017
