Current configuration:
[NAME]		[DEFLT]	[VALUE]
-allphones	no	no
-cntthresh	0.00001	1.000000e-05
-csplitmax	100	2000
-csplitmin	1	1
-csplitthr	8e-4	0.000000e+00
-example	no	no
-fullvar	no	no
-help		no	no
-meanfn			/home/alex/repos/speech/an4/model_parameters/an4.cd_cont_untied/means
-mixwfn			/home/alex/repos/speech/an4/model_parameters/an4.cd_cont_untied/mixture_weights
-moddeffn		/home/alex/repos/speech/an4/model_architecture/an4.untied.mdef
-mwfloor	1e-4	1.000000e-08
-phone			IH
-psetfn			/home/alex/repos/speech/an4/model_architecture/an4.tree_questions
-ssplitmax	5	7
-ssplitmin	1	1
-ssplitthr	8e-4	0.000000e+00
-state			0
-stwt			1.0,0.05,0.0,
-treefn			/home/alex/repos/speech/an4/trees/an4.unpruned/IH-0.dtree
-ts2cbfn	.semi.	.cont.
-varfloor	0.00001	1.000000e-05
-varfn			/home/alex/repos/speech/an4/model_parameters/an4.cd_cont_untied/variances

INFO: main.c(223): Reading: /home/alex/repos/speech/an4/model_architecture/an4.untied.mdef
INFO: model_def_io.c(573): Model definition info:
INFO: model_def_io.c(574): 1618 total models defined (34 base, 1584 tri)
INFO: model_def_io.c(575): 6472 total states
INFO: model_def_io.c(576): 4854 total tied states
INFO: model_def_io.c(577): 102 total tied CI states
INFO: model_def_io.c(578): 34 total tied transition matrices
INFO: model_def_io.c(579): 4 max state/model
INFO: model_def_io.c(580): 4 min state/model
INFO: main.c(242): Building trees for [IH D S i] through [IH Z R i]
INFO: main.c(269): Covering states |[1809 1835]| == 27
INFO: main.c(275): Reading: /home/alex/repos/speech/an4/model_parameters/an4.cd_cont_untied/mixture_weights
INFO: s3mixw_io.c(173): Read /home/alex/repos/speech/an4/model_parameters/an4.cd_cont_untied/mixture_weights [27x1x1 array]
INFO: main.c(311): 9 of 9 models have observation count greater than 0.000010
INFO: main.c(95): nrm stwt: 0.952 0.048 0.000 
INFO: s3gau_io.c(169): Read /home/alex/repos/speech/an4/model_parameters/an4.cd_cont_untied/means [4854x1x1 array]
INFO: s3gau_io.c(169): Read /home/alex/repos/speech/an4/model_parameters/an4.cd_cont_untied/variances [4854x1x1 array]
INFO: main.c(549): Reading: /home/alex/repos/speech/an4/model_architecture/an4.tree_questions
INFO: main.c(588): 180 total simple questions (172 phone; 8 word bndry)
INFO: main.c(590): 42 Left Only questions, and 42 Right Only questions
INFO: dtree.c(1478): Final simple tree
|( QUESTION2_7_L -1 -2.647e+05 4.332e+03 1.183e+03
|    ( QUESTION0 -1 -1.316e+05 7.446e+02 5.889e+02
|        ( QUESTION0_0_R 1 -1.956e+04 4.920e+02 8.643e+01
|            ( - 2.422e+02 1 0)
|            ( - -1.931e+04 1 0))
|        ( QUESTION0_0_R 1 -1.113e+05 5.554e+02 5.025e+02
|            ( - -1.976e+04 1 0)
|            ( - -9.096e+04 1 0)))
|    ( QUESTION0 -1 -1.288e+05 7.426e+02 5.943e+02
|        ( WDBNDRY_B 0 -1.249e+04 2.017e+02 5.557e+01
|            ( - -4.165e+03 1 0)
|            ( - -8.121e+03 1 0))
|        ( QUESTION0_16_R 1 -1.156e+05 2.345e+02 5.388e+02
|            ( - -9.918e+03 2 0 SILENCE -1 1.513e+02 4.700e+01)
|            ( - -1.054e+05 1 0))))
s>    ( QUESTION2_7_L -1 -2.647e+05 4.332e+03 1.183e+03
s>        ( QUESTION0 -1 -1.316e+05 7.446e+02 5.889e+02
s>            ( QUESTION0_0_R 1 -1.956e+04 4.920e+02 8.643e+01
s>                ( - 2.422e+02 1 0)
s>                ( - -1.931e+04 1 0))
s>            ( QUESTION0_0_R 1 -1.113e+05 5.554e+02 5.025e+02
s>                ( - -1.976e+04 1 0)
s>                ( - -9.096e+04 1 0)))
s>        ( QUESTION0 -1 -1.288e+05 7.426e+02 5.943e+02
s>            ( WDBNDRY_B 0 -1.249e+04 2.017e+02 5.557e+01
s>                ( - -4.165e+03 1 0)
s>                ( - -8.121e+03 1 0))
s>            ( QUESTION0_16_R 1 -1.156e+05 2.345e+02 5.388e+02
s>                ( - -9.918e+03 2 0 SILENCE -1 1.513e+02 4.700e+01)
s>                ( - -1.054e+05 1 0))))INFO: dtree.c(1315): Comp split 0
INFO: dtree.c(1439): stop. leaf nodes are specific
INFO: dtree.c(1478): Final simple tree
|( QUESTION0 -1 -1.291e+05 7.455e+02 5.953e+02
|    ( QUESTION0_1_R 1 -1.272e+04 4.793e+02 5.657e+01
|        ( - 2.422e+02 1 0)
|        ( WDBNDRY_B 0 -1.249e+04 2.017e+02 5.557e+01
|            ( - -4.165e+03 1 0)
|            ( - -8.121e+03 1 0)))
|    ( QUESTION0_16_R 1 -1.156e+05 2.345e+02 5.388e+02
|        ( SILENCE -1 -9.918e+03 1.513e+02 4.700e+01
|            ( - -7.359e+03 1 0)
|            ( - -2.409e+03 1 0))
|        ( - -1.054e+05 1 0)))
s>    ( QUESTION0 -1 -1.291e+05 7.455e+02 5.953e+02
s>        ( QUESTION0_1_R 1 -1.272e+04 4.793e+02 5.657e+01
s>            ( - 2.422e+02 1 0)
s>            ( WDBNDRY_B 0 -1.249e+04 2.017e+02 5.557e+01
s>                ( - -4.165e+03 1 0)
s>                ( - -8.121e+03 1 0)))
s>        ( QUESTION0_16_R 1 -1.156e+05 2.345e+02 5.388e+02
s>            ( SILENCE -1 -9.918e+03 1.513e+02 4.700e+01
s>                ( - -7.359e+03 1 0)
s>                ( - -2.409e+03 1 0))
s>            ( - -1.054e+05 1 0)))INFO: dtree.c(1439): stop. leaf nodes are specific
INFO: dtree.c(1478): Final simple tree
|( QUESTION0_15_R 1 -1.313e+05 7.477e+02 5.879e+02
|    ( - -1.931e+04 1 0)
|    ( QUESTION0_0_R 1 -1.113e+05 5.554e+02 5.025e+02
|        ( - -1.976e+04 1 0)
|        ( - -9.096e+04 1 0)))
s>    ( QUESTION0_15_R 1 -1.313e+05 7.477e+02 5.879e+02
s>        ( - -1.931e+04 1 0)
s>        ( QUESTION0_0_R 1 -1.113e+05 5.554e+02 5.025e+02
s>            ( - -1.976e+04 1 0)
s>            ( - -9.096e+04 1 0)))INFO: dtree.c(1315): Comp split 1
INFO: dtree.c(1439): stop. leaf nodes are specific
INFO: dtree.c(1478): Final simple tree
|( QUESTION0_0_R 1 -1.113e+05 5.554e+02 5.025e+02
|    ( - -1.976e+04 1 0)
|    ( - -9.096e+04 1 0))
s>    ( QUESTION0_0_R 1 -1.113e+05 5.554e+02 5.025e+02
s>        ( - -1.976e+04 1 0)
s>        ( - -9.096e+04 1 0))INFO: dtree.c(1315): Comp split 2
INFO: dtree.c(1439): stop. leaf nodes are specific
INFO: dtree.c(1478): Final simple tree
|( QUESTION0_16_R 1 -1.156e+05 2.345e+02 5.388e+02
|    ( SILENCE -1 -9.918e+03 1.513e+02 4.700e+01
|        ( - -7.359e+03 1 0)
|        ( - -2.409e+03 1 0))
|    ( - -1.054e+05 1 0))
s>    ( QUESTION0_16_R 1 -1.156e+05 2.345e+02 5.388e+02
s>        ( SILENCE -1 -9.918e+03 1.513e+02 4.700e+01
s>            ( - -7.359e+03 1 0)
s>            ( - -2.409e+03 1 0))
s>        ( - -1.054e+05 1 0))INFO: dtree.c(1439): stop. leaf nodes are specific
INFO: dtree.c(1478): Final simple tree
|( QUESTION0_1_R 1 -1.272e+04 4.793e+02 5.657e+01
|    ( - 2.422e+02 1 0)
|    ( WDBNDRY_B 0 -1.249e+04 2.017e+02 5.557e+01
|        ( - -4.165e+03 1 0)
|        ( - -8.121e+03 1 0)))
s>    ( QUESTION0_1_R 1 -1.272e+04 4.793e+02 5.657e+01
s>        ( - 2.422e+02 1 0)
s>        ( WDBNDRY_B 0 -1.249e+04 2.017e+02 5.557e+01
s>            ( - -4.165e+03 1 0)
s>            ( - -8.121e+03 1 0)))INFO: dtree.c(1315): Comp split 3
INFO: dtree.c(1315): Comp split 4
INFO: dtree.c(1439): stop. leaf nodes are specific
INFO: dtree.c(1478): Final simple tree
|( WDBNDRY_B 0 -1.249e+04 2.017e+02 5.557e+01
|    ( - -4.165e+03 1 0)
|    ( - -8.121e+03 1 0))
s>    ( WDBNDRY_B 0 -1.249e+04 2.017e+02 5.557e+01
s>        ( - -4.165e+03 1 0)
s>        ( - -8.121e+03 1 0))INFO: dtree.c(1315): Comp split 5
INFO: dtree.c(1439): stop. leaf nodes are specific
INFO: dtree.c(1478): Final simple tree
|( SILENCE -1 -9.918e+03 1.513e+02 4.700e+01
|    ( - -7.359e+03 1 0)
|    ( - -2.409e+03 1 0))
s>    ( SILENCE -1 -9.918e+03 1.513e+02 4.700e+01
s>        ( - -7.359e+03 1 0)
s>        ( - -2.409e+03 1 0))INFO: dtree.c(1315): Comp split 6
INFO: dtree.c(1315): Comp split 7
INFO: dtree.c(1315): Comp split 8
INFO: dtree.c(1318): stop. leaf nodes are specific
Wed Dec 20 23:52:18 2017
