Current configuration:
[NAME]		[DEFLT]	[VALUE]
-allphones	no	no
-cntthresh	0.00001	1.000000e-05
-csplitmax	100	2000
-csplitmin	1	1
-csplitthr	8e-4	0.000000e+00
-example	no	no
-fullvar	no	no
-help		no	no
-meanfn			/home/alex/repos/speech/an4/model_parameters/an4.cd_cont_untied/means
-mixwfn			/home/alex/repos/speech/an4/model_parameters/an4.cd_cont_untied/mixture_weights
-moddeffn		/home/alex/repos/speech/an4/model_architecture/an4.untied.mdef
-mwfloor	1e-4	1.000000e-08
-phone			P
-psetfn			/home/alex/repos/speech/an4/model_architecture/an4.tree_questions
-ssplitmax	5	7
-ssplitmin	1	1
-ssplitthr	8e-4	0.000000e+00
-state			0
-stwt			1.0,0.05,0.0,
-treefn			/home/alex/repos/speech/an4/trees/an4.unpruned/P-0.dtree
-ts2cbfn	.semi.	.cont.
-varfloor	0.00001	1.000000e-05
-varfn			/home/alex/repos/speech/an4/model_parameters/an4.cd_cont_untied/variances

INFO: main.c(223): Reading: /home/alex/repos/speech/an4/model_architecture/an4.untied.mdef
INFO: model_def_io.c(573): Model definition info:
INFO: model_def_io.c(574): 1618 total models defined (34 base, 1584 tri)
INFO: model_def_io.c(575): 6472 total states
INFO: model_def_io.c(576): 4854 total tied states
INFO: model_def_io.c(577): 102 total tied CI states
INFO: model_def_io.c(578): 34 total tied transition matrices
INFO: model_def_io.c(579): 4 max state/model
INFO: model_def_io.c(580): 4 min state/model
INFO: main.c(242): Building trees for [P AA SIL e] through [P UW IY b]
INFO: main.c(269): Covering states |[3579 3629]| == 51
INFO: main.c(275): Reading: /home/alex/repos/speech/an4/model_parameters/an4.cd_cont_untied/mixture_weights
INFO: s3mixw_io.c(173): Read /home/alex/repos/speech/an4/model_parameters/an4.cd_cont_untied/mixture_weights [51x1x1 array]
INFO: main.c(311): 17 of 17 models have observation count greater than 0.000010
INFO: main.c(95): nrm stwt: 0.952 0.048 0.000 
INFO: s3gau_io.c(169): Read /home/alex/repos/speech/an4/model_parameters/an4.cd_cont_untied/means [4854x1x1 array]
INFO: s3gau_io.c(169): Read /home/alex/repos/speech/an4/model_parameters/an4.cd_cont_untied/variances [4854x1x1 array]
INFO: main.c(549): Reading: /home/alex/repos/speech/an4/model_architecture/an4.tree_questions
INFO: main.c(588): 180 total simple questions (172 phone; 8 word bndry)
INFO: main.c(590): 42 Left Only questions, and 42 Right Only questions
INFO: dtree.c(1478): Final simple tree
|( SILENCE -1 -3.422e+05 2.081e+03 1.638e+03
|    ( - -2.117e+05 1 0)
|    ( QUESTION4 -1 -1.285e+05 1.051e+03 5.952e+02
|        ( - -1.216e+04 1 0)
|        ( QUESTION11 -1 -1.152e+05 7.071e+02 5.411e+02
|            ( - -1.856e+04 1 0)
|            ( WDBNDRY_E 0 -9.598e+04 6.118e+02 4.508e+02
|                ( - -1.352e+04 1 0)
|                ( QUESTION2_14_L -1 -8.185e+04 5.057e+02 3.822e+02
|                    ( WDBNDRY_B 0 -2.795e+04 4.615e+02 1.340e+02
|                        ( - -2.773e+04 1 0)
|                        ( - 2.420e+02 1 0))
|                    ( QUESTION2_0_L -1 -5.339e+04 3.985e+02 2.482e+02
|                        ( - -2.308e+04 4 0 QUESTION0_13_R 1 1.995e+02 1.070e+02)
|                        ( - -2.991e+04 7 0 QUESTION3 -1 3.527e+02 1.412e+02)))))))
s>    ( SILENCE -1 -3.422e+05 2.081e+03 1.638e+03
s>        ( - -2.117e+05 1 0)
s>        ( QUESTION4 -1 -1.285e+05 1.051e+03 5.952e+02
s>            ( - -1.216e+04 1 0)
s>            ( QUESTION11 -1 -1.152e+05 7.071e+02 5.411e+02
s>                ( - -1.856e+04 1 0)
s>                ( WDBNDRY_E 0 -9.598e+04 6.118e+02 4.508e+02
s>                    ( - -1.352e+04 1 0)
s>                    ( QUESTION2_14_L -1 -8.185e+04 5.057e+02 3.822e+02
s>                        ( WDBNDRY_B 0 -2.795e+04 4.615e+02 1.340e+02
s>                            ( - -2.773e+04 1 0)
s>                            ( - 2.420e+02 1 0))
s>                        ( QUESTION2_0_L -1 -5.339e+04 3.985e+02 2.482e+02
s>                            ( - -2.308e+04 4 0 QUESTION0_13_R 1 1.995e+02 1.070e+02)
s>                            ( - -2.991e+04 7 0 QUESTION3 -1 3.527e+02 1.412e+02)))))))INFO: dtree.c(1315): Comp split 0
INFO: dtree.c(1439): stop. leaf nodes are specific
INFO: dtree.c(1478): Final simple tree
|( WDBNDRY_B 0 -2.257e+05 5.487e+02 1.111e+03
|    ( - -2.117e+05 1 0)
|    ( - -1.352e+04 1 0))
s>    ( WDBNDRY_B 0 -2.257e+05 5.487e+02 1.111e+03
s>        ( - -2.117e+05 1 0)
s>        ( - -1.352e+04 1 0))INFO: dtree.c(1478): Final simple tree
|( WDBNDRY_E 0 -1.143e+05 9.911e+02 5.266e+02
|    ( - -1.216e+04 1 0)
|    ( QUESTION11 -1 -1.011e+05 7.113e+02 4.725e+02
|        ( - -1.856e+04 1 0)
|        ( QUESTION2_14_L -1 -8.185e+04 5.057e+02 3.822e+02
|            ( WDBNDRY_B 0 -2.795e+04 4.615e+02 1.340e+02
|                ( - -2.773e+04 1 0)
|                ( - 2.420e+02 1 0))
|            ( QUESTION2_0_L -1 -5.339e+04 3.985e+02 2.482e+02
|                ( - -2.308e+04 4 0 QUESTION0_13_R 1 1.995e+02 1.070e+02)
|                ( QUESTION3 -1 -2.991e+04 3.527e+02 1.412e+02
|                    ( - -6.960e+03 1 0)
|                    ( QUESTION2_7_L -1 -2.260e+04 2.401e+02 1.081e+02
|                        ( - -1.419e+04 3 0 QUESTION0 -1 2.160e+02 6.903e+01)
|                        ( - -8.173e+03 3 0 QUESTION0 -1 1.358e+02 3.907e+01)))))))
s>    ( WDBNDRY_E 0 -1.143e+05 9.911e+02 5.266e+02
s>        ( - -1.216e+04 1 0)
s>        ( QUESTION11 -1 -1.011e+05 7.113e+02 4.725e+02
s>            ( - -1.856e+04 1 0)
s>            ( QUESTION2_14_L -1 -8.185e+04 5.057e+02 3.822e+02
s>                ( WDBNDRY_B 0 -2.795e+04 4.615e+02 1.340e+02
s>                    ( - -2.773e+04 1 0)
s>                    ( - 2.420e+02 1 0))
s>                ( QUESTION2_0_L -1 -5.339e+04 3.985e+02 2.482e+02
s>                    ( - -2.308e+04 4 0 QUESTION0_13_R 1 1.995e+02 1.070e+02)
s>                    ( QUESTION3 -1 -2.991e+04 3.527e+02 1.412e+02
s>                        ( - -6.960e+03 1 0)
s>                        ( QUESTION2_7_L -1 -2.260e+04 2.401e+02 1.081e+02
s>                            ( - -1.419e+04 3 0 QUESTION0 -1 2.160e+02 6.903e+01)
s>                            ( - -8.173e+03 3 0 QUESTION0 -1 1.358e+02 3.907e+01)))))))INFO: dtree.c(1315): Comp split 1
INFO: dtree.c(1478): Final simple tree
|( WDBNDRY_B 0 -7.017e+04 6.691e+02 3.323e+02
|    ( QUESTION2_14_L -1 -5.073e+04 3.972e+02 2.411e+02
|        ( - -2.773e+04 1 0)
|        ( QUESTION2_7_L -1 -2.260e+04 2.401e+02 1.081e+02
|            ( QUESTION0 -1 -1.419e+04 2.160e+02 6.903e+01
|                ( QUESTION14 -1 -6.263e+03 1.872e+02 3.100e+01
|                    ( - -4.872e+03 1 0)
|                    ( - -1.204e+03 1 0))
|                ( - -7.708e+03 1 0))
|            ( QUESTION0 -1 -8.173e+03 1.358e+02 3.907e+01
|                ( - -1.450e+03 1 0)
|                ( - -6.587e+03 2 0))))
|    ( QUESTION0_13_R 1 -1.877e+04 4.577e+02 9.127e+01
|        ( - 2.420e+02 1 0)
|        ( - -1.856e+04 1 0)))
s>    ( WDBNDRY_B 0 -7.017e+04 6.691e+02 3.323e+02
s>        ( QUESTION2_14_L -1 -5.073e+04 3.972e+02 2.411e+02
s>            ( - -2.773e+04 1 0)
s>            ( QUESTION2_7_L -1 -2.260e+04 2.401e+02 1.081e+02
s>                ( QUESTION0 -1 -1.419e+04 2.160e+02 6.903e+01
s>                    ( QUESTION14 -1 -6.263e+03 1.872e+02 3.100e+01
s>                        ( - -4.872e+03 1 0)
s>                        ( - -1.204e+03 1 0))
s>                    ( - -7.708e+03 1 0))
s>                ( QUESTION0 -1 -8.173e+03 1.358e+02 3.907e+01
s>                    ( - -1.450e+03 1 0)
s>                    ( - -6.587e+03 2 0))))
s>        ( QUESTION0_13_R 1 -1.877e+04 4.577e+02 9.127e+01
s>            ( - 2.420e+02 1 0)
s>            ( - -1.856e+04 1 0)))INFO: dtree.c(1439): stop. leaf nodes are specific
INFO: dtree.c(1478): Final simple tree
|( WDBNDRY_E 0 -4.308e+04 5.872e+02 1.943e+02
|    ( - -1.216e+04 1 0)
|    ( QUESTION2_0_L -1 -3.034e+04 2.994e+02 1.401e+02
|        ( QUESTION0_13_R 1 -2.308e+04 1.995e+02 1.070e+02
|            ( - -2.410e+02 1 0)
|            ( QUESTION0 -1 -2.264e+04 1.175e+02 1.050e+02
|                ( WDBNDRY_B 0 -1.119e+04 1.093e+02 5.200e+01
|                    ( - -7.878e+03 1 0)
|                    ( - -3.199e+03 1 0))
|                ( - -1.133e+04 1 0)))
|        ( - -6.960e+03 1 0)))
s>    ( WDBNDRY_E 0 -4.308e+04 5.872e+02 1.943e+02
s>        ( - -1.216e+04 1 0)
s>        ( QUESTION2_0_L -1 -3.034e+04 2.994e+02 1.401e+02
s>            ( QUESTION0_13_R 1 -2.308e+04 1.995e+02 1.070e+02
s>                ( - -2.410e+02 1 0)
s>                ( QUESTION0 -1 -2.264e+04 1.175e+02 1.050e+02
s>                    ( WDBNDRY_B 0 -1.119e+04 1.093e+02 5.200e+01
s>                        ( - -7.878e+03 1 0)
s>                        ( - -3.199e+03 1 0))
s>                    ( - -1.133e+04 1 0)))
s>            ( - -6.960e+03 1 0)))INFO: dtree.c(1315): Comp split 2
INFO: dtree.c(1439): stop. leaf nodes are specific
INFO: dtree.c(1478): Final simple tree
|( QUESTION2_14_L -1 -5.073e+04 3.972e+02 2.411e+02
|    ( - -2.773e+04 1 0)
|    ( QUESTION2_7_L -1 -2.260e+04 2.401e+02 1.081e+02
|        ( QUESTION0 -1 -1.419e+04 2.160e+02 6.903e+01
|            ( QUESTION14 -1 -6.263e+03 1.872e+02 3.100e+01
|                ( - -4.872e+03 1 0)
|                ( - -1.204e+03 1 0))
|            ( - -7.708e+03 1 0))
|        ( QUESTION0 -1 -8.173e+03 1.358e+02 3.907e+01
|            ( - -1.450e+03 1 0)
|            ( - -6.587e+03 2 0))))
s>    ( QUESTION2_14_L -1 -5.073e+04 3.972e+02 2.411e+02
s>        ( - -2.773e+04 1 0)
s>        ( QUESTION2_7_L -1 -2.260e+04 2.401e+02 1.081e+02
s>            ( QUESTION0 -1 -1.419e+04 2.160e+02 6.903e+01
s>                ( QUESTION14 -1 -6.263e+03 1.872e+02 3.100e+01
s>                    ( - -4.872e+03 1 0)
s>                    ( - -1.204e+03 1 0))
s>                ( - -7.708e+03 1 0))
s>            ( QUESTION0 -1 -8.173e+03 1.358e+02 3.907e+01
s>                ( - -1.450e+03 1 0)
s>                ( - -6.587e+03 2 0))))INFO: dtree.c(1439): stop. leaf nodes are specific
INFO: dtree.c(1478): Final simple tree
|( QUESTION0_13_R 1 -1.877e+04 4.577e+02 9.127e+01
|    ( - 2.420e+02 1 0)
|    ( - -1.856e+04 1 0))
s>    ( QUESTION0_13_R 1 -1.877e+04 4.577e+02 9.127e+01
s>        ( - 2.420e+02 1 0)
s>        ( - -1.856e+04 1 0))INFO: dtree.c(1315): Comp split 3
INFO: dtree.c(1439): stop. leaf nodes are specific
INFO: dtree.c(1478): Final simple tree
|( QUESTION2_0_L -1 -3.034e+04 2.994e+02 1.401e+02
|    ( QUESTION0_13_R 1 -2.308e+04 1.995e+02 1.070e+02
|        ( - -2.410e+02 1 0)
|        ( QUESTION0 -1 -2.264e+04 1.175e+02 1.050e+02
|            ( WDBNDRY_B 0 -1.119e+04 1.093e+02 5.200e+01
|                ( - -7.878e+03 1 0)
|                ( - -3.199e+03 1 0))
|            ( - -1.133e+04 1 0)))
|    ( - -6.960e+03 1 0))
s>    ( QUESTION2_0_L -1 -3.034e+04 2.994e+02 1.401e+02
s>        ( QUESTION0_13_R 1 -2.308e+04 1.995e+02 1.070e+02
s>            ( - -2.410e+02 1 0)
s>            ( QUESTION0 -1 -2.264e+04 1.175e+02 1.050e+02
s>                ( WDBNDRY_B 0 -1.119e+04 1.093e+02 5.200e+01
s>                    ( - -7.878e+03 1 0)
s>                    ( - -3.199e+03 1 0))
s>                ( - -1.133e+04 1 0)))
s>        ( - -6.960e+03 1 0))INFO: dtree.c(1315): Comp split 4
INFO: dtree.c(1315): Comp split 5
INFO: dtree.c(1315): Comp split 6
INFO: dtree.c(1439): stop. leaf nodes are specific
INFO: dtree.c(1478): Final simple tree
|( QUESTION0 -1 -3.280e+04 1.982e+02 1.580e+02
|    ( - -4.872e+03 1 0)
|    ( - -2.773e+04 1 0))
s>    ( QUESTION0 -1 -3.280e+04 1.982e+02 1.580e+02
s>        ( - -4.872e+03 1 0)
s>        ( - -2.773e+04 1 0))INFO: dtree.c(1439): stop. leaf nodes are specific
INFO: dtree.c(1478): Final simple tree
|( QUESTION2_7_L -1 -1.752e+04 2.354e+02 8.310e+01
|    ( QUESTION0 -1 -9.108e+03 1.961e+02 4.403e+01
|        ( - -1.204e+03 1 0)
|        ( - -7.708e+03 1 0))
|    ( QUESTION0 -1 -8.173e+03 1.358e+02 3.907e+01
|        ( - -1.450e+03 1 0)
|        ( - -6.587e+03 2 0)))
s>    ( QUESTION2_7_L -1 -1.752e+04 2.354e+02 8.310e+01
s>        ( QUESTION0 -1 -9.108e+03 1.961e+02 4.403e+01
s>            ( - -1.204e+03 1 0)
s>            ( - -7.708e+03 1 0))
s>        ( QUESTION0 -1 -8.173e+03 1.358e+02 3.907e+01
s>            ( - -1.450e+03 1 0)
s>            ( - -6.587e+03 2 0)))INFO: dtree.c(1315): Comp split 7
INFO: dtree.c(1439): stop. leaf nodes are specific
INFO: dtree.c(1478): Final simple tree
|( QUESTION0_13_R 1 -2.308e+04 1.995e+02 1.070e+02
|    ( - -2.410e+02 1 0)
|    ( QUESTION0 -1 -2.264e+04 1.175e+02 1.050e+02
|        ( WDBNDRY_B 0 -1.119e+04 1.093e+02 5.200e+01
|            ( - -7.878e+03 1 0)
|            ( - -3.199e+03 1 0))
|        ( - -1.133e+04 1 0)))
s>    ( QUESTION0_13_R 1 -2.308e+04 1.995e+02 1.070e+02
s>        ( - -2.410e+02 1 0)
s>        ( QUESTION0 -1 -2.264e+04 1.175e+02 1.050e+02
s>            ( WDBNDRY_B 0 -1.119e+04 1.093e+02 5.200e+01
s>                ( - -7.878e+03 1 0)
s>                ( - -3.199e+03 1 0))
s>            ( - -1.133e+04 1 0)))INFO: dtree.c(1315): Comp split 8
INFO: dtree.c(1439): stop. leaf nodes are specific
INFO: dtree.c(1478): Final simple tree
|( QUESTION8 -1 -9.561e+03 1.845e+02 4.507e+01
|    ( - -1.204e+03 1 0)
|    ( QUESTION0 -1 -8.173e+03 1.358e+02 3.907e+01
|        ( - -1.450e+03 1 0)
|        ( - -6.587e+03 2 0)))
s>    ( QUESTION8 -1 -9.561e+03 1.845e+02 4.507e+01
s>        ( - -1.204e+03 1 0)
s>        ( QUESTION0 -1 -8.173e+03 1.358e+02 3.907e+01
s>            ( - -1.450e+03 1 0)
s>            ( - -6.587e+03 2 0)))INFO: dtree.c(1315): Comp split 9
INFO: dtree.c(1439): stop. leaf nodes are specific
INFO: dtree.c(1478): Final simple tree
|( QUESTION0 -1 -2.264e+04 1.175e+02 1.050e+02
|    ( WDBNDRY_B 0 -1.119e+04 1.093e+02 5.200e+01
|        ( - -7.878e+03 1 0)
|        ( - -3.199e+03 1 0))
|    ( - -1.133e+04 1 0))
s>    ( QUESTION0 -1 -2.264e+04 1.175e+02 1.050e+02
s>        ( WDBNDRY_B 0 -1.119e+04 1.093e+02 5.200e+01
s>            ( - -7.878e+03 1 0)
s>            ( - -3.199e+03 1 0))
s>        ( - -1.133e+04 1 0))INFO: dtree.c(1315): Comp split 10
INFO: dtree.c(1315): Comp split 11
INFO: dtree.c(1439): stop. leaf nodes are specific
INFO: dtree.c(1478): Final simple tree
|( QUESTION0 -1 -8.173e+03 1.358e+02 3.907e+01
|    ( - -1.450e+03 1 0)
|    ( - -6.587e+03 2 0))
s>    ( QUESTION0 -1 -8.173e+03 1.358e+02 3.907e+01
s>        ( - -1.450e+03 1 0)
s>        ( - -6.587e+03 2 0))INFO: dtree.c(1315): Comp split 12
INFO: dtree.c(1315): Comp split 13
INFO: dtree.c(1439): stop. leaf nodes are specific
INFO: dtree.c(1478): Final simple tree
|( WDBNDRY_B 0 -1.119e+04 1.093e+02 5.200e+01
|    ( - -7.878e+03 1 0)
|    ( - -3.199e+03 1 0))
s>    ( WDBNDRY_B 0 -1.119e+04 1.093e+02 5.200e+01
s>        ( - -7.878e+03 1 0)
s>        ( - -3.199e+03 1 0))INFO: dtree.c(1315): Comp split 14
INFO: dtree.c(1315): Comp split 15
INFO: dtree.c(1318): stop. leaf nodes are specific
Wed Dec 20 23:52:22 2017
