Current configuration:
[NAME]		[DEFLT]	[VALUE]
-allphones	no	no
-cntthresh	0.00001	1.000000e-05
-csplitmax	100	2000
-csplitmin	1	1
-csplitthr	8e-4	0.000000e+00
-example	no	no
-fullvar	no	no
-help		no	no
-meanfn			/home/alex/repos/speech/an4/model_parameters/an4.cd_cont_untied/means
-mixwfn			/home/alex/repos/speech/an4/model_parameters/an4.cd_cont_untied/mixture_weights
-moddeffn		/home/alex/repos/speech/an4/model_architecture/an4.untied.mdef
-mwfloor	1e-4	1.000000e-08
-phone			Y
-psetfn			/home/alex/repos/speech/an4/model_architecture/an4.tree_questions
-ssplitmax	5	7
-ssplitmin	1	1
-ssplitthr	8e-4	0.000000e+00
-state			0
-stwt			1.0,0.05,0.0,
-treefn			/home/alex/repos/speech/an4/trees/an4.unpruned/Y-0.dtree
-ts2cbfn	.semi.	.cont.
-varfloor	0.00001	1.000000e-05
-varfn			/home/alex/repos/speech/an4/model_parameters/an4.cd_cont_untied/variances

INFO: main.c(223): Reading: /home/alex/repos/speech/an4/model_architecture/an4.untied.mdef
INFO: model_def_io.c(573): Model definition info:
INFO: model_def_io.c(574): 1618 total models defined (34 base, 1584 tri)
INFO: model_def_io.c(575): 6472 total states
INFO: model_def_io.c(576): 4854 total tied states
INFO: model_def_io.c(577): 102 total tied CI states
INFO: model_def_io.c(578): 34 total tied transition matrices
INFO: model_def_io.c(579): 4 max state/model
INFO: model_def_io.c(580): 4 min state/model
INFO: main.c(242): Building trees for [Y AH UW b] through [Y UW UW b]
INFO: main.c(269): Covering states |[4725 4778]| == 54
INFO: main.c(275): Reading: /home/alex/repos/speech/an4/model_parameters/an4.cd_cont_untied/mixture_weights
INFO: s3mixw_io.c(173): Read /home/alex/repos/speech/an4/model_parameters/an4.cd_cont_untied/mixture_weights [54x1x1 array]
INFO: main.c(311): 18 of 18 models have observation count greater than 0.000010
INFO: main.c(95): nrm stwt: 0.952 0.048 0.000 
INFO: s3gau_io.c(169): Read /home/alex/repos/speech/an4/model_parameters/an4.cd_cont_untied/means [4854x1x1 array]
INFO: s3gau_io.c(169): Read /home/alex/repos/speech/an4/model_parameters/an4.cd_cont_untied/variances [4854x1x1 array]
INFO: main.c(549): Reading: /home/alex/repos/speech/an4/model_architecture/an4.tree_questions
INFO: main.c(588): 180 total simple questions (172 phone; 8 word bndry)
INFO: main.c(590): 42 Left Only questions, and 42 Right Only questions
INFO: dtree.c(1478): Final simple tree
|( QUESTION2_20_L -1 -3.096e+05 1.963e+03 1.384e+03
|    ( WDBNDRY_B 0 -1.107e+05 9.687e+02 4.858e+02
|        ( QUESTION2 -1 -4.004e+04 3.313e+02 1.798e+02
|            ( - -9.348e+03 1 0)
|            ( - -3.036e+04 4 0 QUESTION0 -1 2.289e+02 1.367e+02))
|        ( - -6.966e+04 2 0 QUESTION0 -1 1.880e+02 3.061e+02))
|    ( WDBNDRY_B 0 -1.970e+05 1.212e+03 8.984e+02
|        ( QUESTION0_0_R 1 -1.607e+05 9.896e+02 7.378e+02
|            ( - -5.005e+04 1 0)
|            ( QUESTION2_7_L -1 -1.097e+05 3.421e+02 5.040e+02
|                ( - -2.257e+04 3 0 QUESTION15 -1 1.777e+02 1.040e+02)
|                ( QUESTION6 -1 -8.676e+04 2.684e+02 4.000e+02
|                    ( - -7.680e+03 1 0)
|                    ( - -7.882e+04 5 0 QUESTION2_0_L -1 2.495e+02 3.620e+02))))
|        ( - -3.508e+04 1 0)))
s>    ( QUESTION2_20_L -1 -3.096e+05 1.963e+03 1.384e+03
s>        ( WDBNDRY_B 0 -1.107e+05 9.687e+02 4.858e+02
s>            ( QUESTION2 -1 -4.004e+04 3.313e+02 1.798e+02
s>                ( - -9.348e+03 1 0)
s>                ( - -3.036e+04 4 0 QUESTION0 -1 2.289e+02 1.367e+02))
s>            ( - -6.966e+04 2 0 QUESTION0 -1 1.880e+02 3.061e+02))
s>        ( WDBNDRY_B 0 -1.970e+05 1.212e+03 8.984e+02
s>            ( QUESTION0_0_R 1 -1.607e+05 9.896e+02 7.378e+02
s>                ( - -5.005e+04 1 0)
s>                ( QUESTION2_7_L -1 -1.097e+05 3.421e+02 5.040e+02
s>                    ( - -2.257e+04 3 0 QUESTION15 -1 1.777e+02 1.040e+02)
s>                    ( QUESTION6 -1 -8.676e+04 2.684e+02 4.000e+02
s>                        ( - -7.680e+03 1 0)
s>                        ( - -7.882e+04 5 0 QUESTION2_0_L -1 2.495e+02 3.620e+02))))
s>            ( - -3.508e+04 1 0)))INFO: dtree.c(1315): Comp split 0
INFO: dtree.c(1439): stop. leaf nodes are specific
INFO: dtree.c(1478): Final simple tree
|( QUESTION0 -1 -6.966e+04 1.880e+02 3.061e+02
|    ( - -7.858e+02 1 0)
|    ( - -6.869e+04 1 0))
s>    ( QUESTION0 -1 -6.966e+04 1.880e+02 3.061e+02
s>        ( - -7.858e+02 1 0)
s>        ( - -6.869e+04 1 0))INFO: dtree.c(1478): Final simple tree
|( WDBNDRY_B 0 -2.377e+05 1.195e+03 1.078e+03
|    ( SILENCE -1 -2.014e+05 1.073e+03 9.176e+02
|        ( - -5.290e+04 2 0 QUESTION0_0_R 1 1.461e+02 2.468e+02)
|        ( QUESTION2_20_L -1 -1.474e+05 5.746e+02 6.708e+02
|            ( QUESTION2 -1 -4.004e+04 3.313e+02 1.798e+02
|                ( - -9.348e+03 1 0)
|                ( - -3.036e+04 4 0 QUESTION0 -1 2.289e+02 1.367e+02))
|            ( QUESTION2_7_L -1 -1.068e+05 3.575e+02 4.910e+02
|                ( - -2.257e+04 3 0 QUESTION15 -1 1.777e+02 1.040e+02)
|                ( QUESTION6 -1 -8.390e+04 2.662e+02 3.870e+02
|                    ( - -7.680e+03 1 0)
|                    ( QUESTION2_14_L -1 -7.595e+04 2.688e+02 3.490e+02
|                        ( - -6.429e+04 2 0)
|                        ( - -1.140e+04 2 0 QUESTION0 -1 1.651e+02 5.400e+01))))))
|    ( - -3.508e+04 1 0))
s>    ( WDBNDRY_B 0 -2.377e+05 1.195e+03 1.078e+03
s>        ( SILENCE -1 -2.014e+05 1.073e+03 9.176e+02
s>            ( - -5.290e+04 2 0 QUESTION0_0_R 1 1.461e+02 2.468e+02)
s>            ( QUESTION2_20_L -1 -1.474e+05 5.746e+02 6.708e+02
s>                ( QUESTION2 -1 -4.004e+04 3.313e+02 1.798e+02
s>                    ( - -9.348e+03 1 0)
s>                    ( - -3.036e+04 4 0 QUESTION0 -1 2.289e+02 1.367e+02))
s>                ( QUESTION2_7_L -1 -1.068e+05 3.575e+02 4.910e+02
s>                    ( - -2.257e+04 3 0 QUESTION15 -1 1.777e+02 1.040e+02)
s>                    ( QUESTION6 -1 -8.390e+04 2.662e+02 3.870e+02
s>                        ( - -7.680e+03 1 0)
s>                        ( QUESTION2_14_L -1 -7.595e+04 2.688e+02 3.490e+02
s>                            ( - -6.429e+04 2 0)
s>                            ( - -1.140e+04 2 0 QUESTION0 -1 1.651e+02 5.400e+01))))))
s>        ( - -3.508e+04 1 0))INFO: dtree.c(1315): Comp split 1
INFO: dtree.c(1478): Final simple tree
|( QUESTION2_20_L -1 -1.474e+05 5.746e+02 6.708e+02
|    ( QUESTION2 -1 -4.004e+04 3.313e+02 1.798e+02
|        ( - -9.348e+03 1 0)
|        ( QUESTION0 -1 -3.036e+04 2.289e+02 1.367e+02
|            ( - -2.903e+03 1 0)
|            ( - -2.723e+04 3 0)))
|    ( QUESTION2_7_L -1 -1.068e+05 3.575e+02 4.910e+02
|        ( QUESTION15 -1 -2.257e+04 1.777e+02 1.040e+02
|            ( - -5.996e+03 1 0)
|            ( - -1.640e+04 2 0 QUESTION0 -1 1.385e+02 7.501e+01))
|        ( QUESTION6 -1 -8.390e+04 2.662e+02 3.870e+02
|            ( - -7.680e+03 1 0)
|            ( QUESTION2_14_L -1 -7.595e+04 2.688e+02 3.490e+02
|                ( - -6.429e+04 2 0)
|                ( - -1.140e+04 2 0 QUESTION0 -1 1.651e+02 5.400e+01)))))
s>    ( QUESTION2_20_L -1 -1.474e+05 5.746e+02 6.708e+02
s>        ( QUESTION2 -1 -4.004e+04 3.313e+02 1.798e+02
s>            ( - -9.348e+03 1 0)
s>            ( QUESTION0 -1 -3.036e+04 2.289e+02 1.367e+02
s>                ( - -2.903e+03 1 0)
s>                ( - -2.723e+04 3 0)))
s>        ( QUESTION2_7_L -1 -1.068e+05 3.575e+02 4.910e+02
s>            ( QUESTION15 -1 -2.257e+04 1.777e+02 1.040e+02
s>                ( - -5.996e+03 1 0)
s>                ( - -1.640e+04 2 0 QUESTION0 -1 1.385e+02 7.501e+01))
s>            ( QUESTION6 -1 -8.390e+04 2.662e+02 3.870e+02
s>                ( - -7.680e+03 1 0)
s>                ( QUESTION2_14_L -1 -7.595e+04 2.688e+02 3.490e+02
s>                    ( - -6.429e+04 2 0)
s>                    ( - -1.140e+04 2 0 QUESTION0 -1 1.651e+02 5.400e+01)))))INFO: dtree.c(1439): stop. leaf nodes are specific
INFO: dtree.c(1478): Final simple tree
|( WDBNDRY_B 0 -8.903e+04 1.052e+03 4.074e+02
|    ( QUESTION0_0_R 1 -5.290e+04 1.461e+02 2.468e+02
|        ( - -5.005e+04 1 0)
|        ( - -2.702e+03 1 0))
|    ( - -3.508e+04 1 0))
s>    ( WDBNDRY_B 0 -8.903e+04 1.052e+03 4.074e+02
s>        ( QUESTION0_0_R 1 -5.290e+04 1.461e+02 2.468e+02
s>            ( - -5.005e+04 1 0)
s>            ( - -2.702e+03 1 0))
s>        ( - -3.508e+04 1 0))INFO: dtree.c(1315): Comp split 2
INFO: dtree.c(1439): stop. leaf nodes are specific
INFO: dtree.c(1478): Final simple tree
|( QUESTION0_0_R 1 -5.290e+04 1.461e+02 2.468e+02
|    ( - -5.005e+04 1 0)
|    ( - -2.702e+03 1 0))
s>    ( QUESTION0_0_R 1 -5.290e+04 1.461e+02 2.468e+02
s>        ( - -5.005e+04 1 0)
s>        ( - -2.702e+03 1 0))INFO: dtree.c(1315): Comp split 3
INFO: dtree.c(1439): stop. leaf nodes are specific
INFO: dtree.c(1478): Final simple tree
|( QUESTION0 -1 -3.036e+04 2.289e+02 1.367e+02
|    ( - -2.903e+03 1 0)
|    ( - -2.723e+04 3 0))
s>    ( QUESTION0 -1 -3.036e+04 2.289e+02 1.367e+02
s>        ( - -2.903e+03 1 0)
s>        ( - -2.723e+04 3 0))INFO: dtree.c(1478): Final simple tree
|( QUESTION2_14_L -1 -1.164e+05 3.585e+02 5.341e+02
|    ( - -6.429e+04 2 0)
|    ( QUESTION6 -1 -5.176e+04 3.351e+02 2.391e+02
|        ( - -7.680e+03 1 0)
|        ( QUESTION2_0_L -1 -4.375e+04 2.504e+02 2.011e+02
|            ( - -8.729e+03 1 0)
|            ( QUESTION15 -1 -3.477e+04 1.891e+02 1.591e+02
|                ( - -5.996e+03 1 0)
|                ( QUESTION3 -1 -2.858e+04 1.816e+02 1.301e+02
|                    ( - -2.506e+03 1 0)
|                    ( QUESTION8 -1 -2.590e+04 1.593e+02 1.181e+02
|                        ( - -9.531e+03 1 0)
|                        ( QUESTION0 -1 -1.621e+04 1.274e+02 7.410e+01
|                            ( - -9.348e+03 1 0)
|                            ( - -6.732e+03 1 0))))))))
s>    ( QUESTION2_14_L -1 -1.164e+05 3.585e+02 5.341e+02
s>        ( - -6.429e+04 2 0)
s>        ( QUESTION6 -1 -5.176e+04 3.351e+02 2.391e+02
s>            ( - -7.680e+03 1 0)
s>            ( QUESTION2_0_L -1 -4.375e+04 2.504e+02 2.011e+02
s>                ( - -8.729e+03 1 0)
s>                ( QUESTION15 -1 -3.477e+04 1.891e+02 1.591e+02
s>                    ( - -5.996e+03 1 0)
s>                    ( QUESTION3 -1 -2.858e+04 1.816e+02 1.301e+02
s>                        ( - -2.506e+03 1 0)
s>                        ( QUESTION8 -1 -2.590e+04 1.593e+02 1.181e+02
s>                            ( - -9.531e+03 1 0)
s>                            ( QUESTION0 -1 -1.621e+04 1.274e+02 7.410e+01
s>                                ( - -9.348e+03 1 0)
s>                                ( - -6.732e+03 1 0))))))))INFO: dtree.c(1315): Comp split 4
INFO: dtree.c(1439): stop. leaf nodes are specific
INFO: dtree.c(1478): Final simple tree
|( QUESTION3 -1 -2.858e+04 1.816e+02 1.301e+02
|    ( - -2.506e+03 1 0)
|    ( QUESTION8 -1 -2.590e+04 1.593e+02 1.181e+02
|        ( - -9.531e+03 1 0)
|        ( QUESTION0 -1 -1.621e+04 1.274e+02 7.410e+01
|            ( - -9.348e+03 1 0)
|            ( - -6.732e+03 1 0))))
s>    ( QUESTION3 -1 -2.858e+04 1.816e+02 1.301e+02
s>        ( - -2.506e+03 1 0)
s>        ( QUESTION8 -1 -2.590e+04 1.593e+02 1.181e+02
s>            ( - -9.531e+03 1 0)
s>            ( QUESTION0 -1 -1.621e+04 1.274e+02 7.410e+01
s>                ( - -9.348e+03 1 0)
s>                ( - -6.732e+03 1 0))))INFO: dtree.c(1439): stop. leaf nodes are specific
INFO: dtree.c(1478): Final simple tree
|( QUESTION0 -1 -8.737e+04 2.697e+02 4.040e+02
|    ( QUESTION1 -1 -1.383e+04 1.593e+02 6.701e+01
|        ( - -7.680e+03 1 0)
|        ( - -5.996e+03 1 0))
|    ( QUESTION2_0_L -1 -7.327e+04 2.553e+02 3.370e+02
|        ( - -8.729e+03 1 0)
|        ( - -6.429e+04 2 0)))
s>    ( QUESTION0 -1 -8.737e+04 2.697e+02 4.040e+02
s>        ( QUESTION1 -1 -1.383e+04 1.593e+02 6.701e+01
s>            ( - -7.680e+03 1 0)
s>            ( - -5.996e+03 1 0))
s>        ( QUESTION2_0_L -1 -7.327e+04 2.553e+02 3.370e+02
s>            ( - -8.729e+03 1 0)
s>            ( - -6.429e+04 2 0)))INFO: dtree.c(1315): Comp split 5
INFO: dtree.c(1439): stop. leaf nodes are specific
INFO: dtree.c(1478): Final simple tree
|( QUESTION2_0_L -1 -7.327e+04 2.553e+02 3.370e+02
|    ( - -8.729e+03 1 0)
|    ( - -6.429e+04 2 0))
s>    ( QUESTION2_0_L -1 -7.327e+04 2.553e+02 3.370e+02
s>        ( - -8.729e+03 1 0)
s>        ( - -6.429e+04 2 0))INFO: dtree.c(1439): stop. leaf nodes are specific
INFO: dtree.c(1478): Final simple tree
|( QUESTION1 -1 -1.383e+04 1.593e+02 6.701e+01
|    ( - -7.680e+03 1 0)
|    ( - -5.996e+03 1 0))
s>    ( QUESTION1 -1 -1.383e+04 1.593e+02 6.701e+01
s>        ( - -7.680e+03 1 0)
s>        ( - -5.996e+03 1 0))INFO: dtree.c(1315): Comp split 6
INFO: dtree.c(1315): Comp split 7
INFO: dtree.c(1315): Comp split 8
INFO: dtree.c(1315): Comp split 9
INFO: dtree.c(1439): stop. leaf nodes are specific
INFO: dtree.c(1478): Final simple tree
|( QUESTION8 -1 -2.590e+04 1.593e+02 1.181e+02
|    ( - -9.531e+03 1 0)
|    ( QUESTION0 -1 -1.621e+04 1.274e+02 7.410e+01
|        ( - -9.348e+03 1 0)
|        ( - -6.732e+03 1 0)))
s>    ( QUESTION8 -1 -2.590e+04 1.593e+02 1.181e+02
s>        ( - -9.531e+03 1 0)
s>        ( QUESTION0 -1 -1.621e+04 1.274e+02 7.410e+01
s>            ( - -9.348e+03 1 0)
s>            ( - -6.732e+03 1 0)))INFO: dtree.c(1315): Comp split 10
INFO: dtree.c(1439): stop. leaf nodes are specific
INFO: dtree.c(1478): Final simple tree
|( QUESTION0 -1 -1.621e+04 1.274e+02 7.410e+01
|    ( - -9.348e+03 1 0)
|    ( - -6.732e+03 1 0))
s>    ( QUESTION0 -1 -1.621e+04 1.274e+02 7.410e+01
s>        ( - -9.348e+03 1 0)
s>        ( - -6.732e+03 1 0))INFO: dtree.c(1315): Comp split 11
INFO: dtree.c(1315): Comp split 12
INFO: dtree.c(1315): Comp split 13
INFO: dtree.c(1315): Comp split 14
INFO: dtree.c(1318): stop. leaf nodes are specific
Wed Dec 20 23:52:25 2017
