Current configuration:
[NAME]		[DEFLT]	[VALUE]
-allphones	no	no
-cntthresh	0.00001	1.000000e-05
-csplitmax	100	2000
-csplitmin	1	1
-csplitthr	8e-4	0.000000e+00
-example	no	no
-fullvar	no	no
-help		no	no
-meanfn			/home/alex/repos/speech/an4/model_parameters/an4.cd_cont_untied/means
-mixwfn			/home/alex/repos/speech/an4/model_parameters/an4.cd_cont_untied/mixture_weights
-moddeffn		/home/alex/repos/speech/an4/model_architecture/an4.untied.mdef
-mwfloor	1e-4	1.000000e-08
-phone			UW
-psetfn			/home/alex/repos/speech/an4/model_architecture/an4.tree_questions
-ssplitmax	5	7
-ssplitmin	1	1
-ssplitthr	8e-4	0.000000e+00
-state			1
-stwt			1.0,0.05,0.0,
-treefn			/home/alex/repos/speech/an4/trees/an4.unpruned/UW-1.dtree
-ts2cbfn	.semi.	.cont.
-varfloor	0.00001	1.000000e-05
-varfn			/home/alex/repos/speech/an4/model_parameters/an4.cd_cont_untied/variances

INFO: main.c(223): Reading: /home/alex/repos/speech/an4/model_architecture/an4.untied.mdef
INFO: model_def_io.c(573): Model definition info:
INFO: model_def_io.c(574): 1618 total models defined (34 base, 1584 tri)
INFO: model_def_io.c(575): 6472 total states
INFO: model_def_io.c(576): 4854 total tied states
INFO: model_def_io.c(577): 102 total tied CI states
INFO: model_def_io.c(578): 34 total tied transition matrices
INFO: model_def_io.c(579): 4 max state/model
INFO: model_def_io.c(580): 4 min state/model
INFO: main.c(242): Building trees for [UW JH N i] through [UW Y Z e]
INFO: main.c(269): Covering states |[4488 4586]| == 99
INFO: main.c(275): Reading: /home/alex/repos/speech/an4/model_parameters/an4.cd_cont_untied/mixture_weights
INFO: s3mixw_io.c(173): Read /home/alex/repos/speech/an4/model_parameters/an4.cd_cont_untied/mixture_weights [99x1x1 array]
INFO: main.c(311): 33 of 33 models have observation count greater than 0.000010
INFO: main.c(95): nrm stwt: 0.045 0.909 0.045 
INFO: s3gau_io.c(169): Read /home/alex/repos/speech/an4/model_parameters/an4.cd_cont_untied/means [4854x1x1 array]
INFO: s3gau_io.c(169): Read /home/alex/repos/speech/an4/model_parameters/an4.cd_cont_untied/variances [4854x1x1 array]
INFO: main.c(549): Reading: /home/alex/repos/speech/an4/model_architecture/an4.tree_questions
INFO: main.c(588): 180 total simple questions (172 phone; 8 word bndry)
INFO: main.c(590): 42 Left Only questions, and 42 Right Only questions
INFO: dtree.c(1478): Final simple tree
|( QUESTION0 -1 -4.571e+05 4.941e+03 2.160e+03
|    ( QUESTION0_10_R 1 -3.009e+05 2.283e+03 1.465e+03
|        ( - -3.130e+04 1 0)
|        ( QUESTION0_0_R 1 -2.673e+05 1.836e+03 1.321e+03
|            ( QUESTION0_6_R 1 -1.576e+05 6.158e+02 8.059e+02
|                ( - -1.272e+04 1 0)
|                ( - -1.442e+05 4 0 QUESTION0_3_R 1 4.486e+02 7.320e+02))
|            ( QUESTION20 1 -1.079e+05 7.664e+02 5.153e+02
|                ( - -2.112e+04 2 0 QUESTION0_13_R 1 1.954e+02 9.546e+01)
|                ( - -8.598e+04 3 0 SILENCE 1 2.936e+02 4.198e+02))))
|    ( QUESTION4 1 -1.513e+05 8.955e+02 6.943e+02
|        ( - -4.250e+04 2 0 QUESTION0_13_R 1 1.623e+02 1.974e+02)
|        ( QUESTION11 1 -1.079e+05 4.504e+02 4.969e+02
|            ( - 2.211e+02 1 0)
|            ( - -1.077e+05 19 0 QUESTION14 1 4.067e+02 4.959e+02))))
s>    ( QUESTION0 -1 -4.571e+05 4.941e+03 2.160e+03
s>        ( QUESTION0_10_R 1 -3.009e+05 2.283e+03 1.465e+03
s>            ( - -3.130e+04 1 0)
s>            ( QUESTION0_0_R 1 -2.673e+05 1.836e+03 1.321e+03
s>                ( QUESTION0_6_R 1 -1.576e+05 6.158e+02 8.059e+02
s>                    ( - -1.272e+04 1 0)
s>                    ( - -1.442e+05 4 0 QUESTION0_3_R 1 4.486e+02 7.320e+02))
s>                ( QUESTION20 1 -1.079e+05 7.664e+02 5.153e+02
s>                    ( - -2.112e+04 2 0 QUESTION0_13_R 1 1.954e+02 9.546e+01)
s>                    ( - -8.598e+04 3 0 SILENCE 1 2.936e+02 4.198e+02))))
s>        ( QUESTION4 1 -1.513e+05 8.955e+02 6.943e+02
s>            ( - -4.250e+04 2 0 QUESTION0_13_R 1 1.623e+02 1.974e+02)
s>            ( QUESTION11 1 -1.079e+05 4.504e+02 4.969e+02
s>                ( - 2.211e+02 1 0)
s>                ( - -1.077e+05 19 0 QUESTION14 1 4.067e+02 4.959e+02))))INFO: dtree.c(1315): Comp split 0
INFO: dtree.c(1478): Final simple tree
|( SILENCE 1 -2.453e+05 1.632e+03 1.227e+03
|    ( - -7.648e+04 1 0)
|    ( QUESTION0_6_R 1 -1.672e+05 6.162e+02 8.542e+02
|        ( - -1.272e+04 1 0)
|        ( QUESTION0 -1 -1.539e+05 4.475e+02 7.804e+02
|            ( QUESTION0_3_R 1 -1.536e+05 4.410e+02 7.794e+02
|                ( - -4.192e+04 1 0)
|                ( QUESTION0_2_R 1 -1.113e+05 2.631e+02 5.592e+02
|                    ( - -1.913e+04 1 0)
|                    ( QUESTION0_0_R 1 -9.188e+04 1.686e+02 4.634e+02
|                        ( - -8.250e+04 2 0)
|                        ( WDBNDRY_E 0 -9.210e+03 1.647e+02 4.739e+01
|                            ( - -8.506e+03 1 0)
|                            ( - -5.393e+02 1 0)))))
|            ( - 2.211e+02 1 0))))
s>    ( SILENCE 1 -2.453e+05 1.632e+03 1.227e+03
s>        ( - -7.648e+04 1 0)
s>        ( QUESTION0_6_R 1 -1.672e+05 6.162e+02 8.542e+02
s>            ( - -1.272e+04 1 0)
s>            ( QUESTION0 -1 -1.539e+05 4.475e+02 7.804e+02
s>                ( QUESTION0_3_R 1 -1.536e+05 4.410e+02 7.794e+02
s>                    ( - -4.192e+04 1 0)
s>                    ( QUESTION0_2_R 1 -1.113e+05 2.631e+02 5.592e+02
s>                        ( - -1.913e+04 1 0)
s>                        ( QUESTION0_0_R 1 -9.188e+04 1.686e+02 4.634e+02
s>                            ( - -8.250e+04 2 0)
s>                            ( WDBNDRY_E 0 -9.210e+03 1.647e+02 4.739e+01
s>                                ( - -8.506e+03 1 0)
s>                                ( - -5.393e+02 1 0)))))
s>                ( - 2.211e+02 1 0))))INFO: dtree.c(1478): Final simple tree
|( QUESTION4 1 -2.049e+05 1.023e+03 9.328e+02
|    ( - -4.250e+04 2 0 QUESTION0_13_R 1 1.623e+02 1.974e+02)
|    ( QUESTION0 -1 -1.614e+05 8.218e+02 7.355e+02
|        ( QUESTION0_0_R 1 -5.289e+04 4.684e+02 2.395e+02
|            ( - -3.130e+04 1 0)
|            ( - -2.112e+04 2 0 QUESTION0_13_R 1 1.954e+02 9.546e+01))
|        ( QUESTION14 1 -1.077e+05 4.067e+02 4.959e+02
|            ( - -1.417e+04 2 0 QUESTION0_3_R 1 2.017e+02 6.755e+01)
|            ( SILENCE 1 -9.312e+04 2.990e+02 4.284e+02
|                ( - -5.203e+03 1 0)
|                ( QUESTION0_3_R 1 -8.762e+04 2.420e+02 4.060e+02
|                    ( - -4.023e+03 1 0)
|                    ( QUESTION0_1_R 1 -8.336e+04 2.198e+02 3.869e+02
|                        ( - -1.225e+04 2 0)
|                        ( - -7.089e+04 13 0 QUESTION0_8_R 1 2.184e+02 3.282e+02)))))))
s>    ( QUESTION4 1 -2.049e+05 1.023e+03 9.328e+02
s>        ( - -4.250e+04 2 0 QUESTION0_13_R 1 1.623e+02 1.974e+02)
s>        ( QUESTION0 -1 -1.614e+05 8.218e+02 7.355e+02
s>            ( QUESTION0_0_R 1 -5.289e+04 4.684e+02 2.395e+02
s>                ( - -3.130e+04 1 0)
s>                ( - -2.112e+04 2 0 QUESTION0_13_R 1 1.954e+02 9.546e+01))
s>            ( QUESTION14 1 -1.077e+05 4.067e+02 4.959e+02
s>                ( - -1.417e+04 2 0 QUESTION0_3_R 1 2.017e+02 6.755e+01)
s>                ( SILENCE 1 -9.312e+04 2.990e+02 4.284e+02
s>                    ( - -5.203e+03 1 0)
s>                    ( QUESTION0_3_R 1 -8.762e+04 2.420e+02 4.060e+02
s>                        ( - -4.023e+03 1 0)
s>                        ( QUESTION0_1_R 1 -8.336e+04 2.198e+02 3.869e+02
s>                            ( - -1.225e+04 2 0)
s>                            ( - -7.089e+04 13 0 QUESTION0_8_R 1 2.184e+02 3.282e+02)))))))INFO: dtree.c(1315): Comp split 1
INFO: dtree.c(1439): stop. leaf nodes are specific
INFO: dtree.c(1478): Final simple tree
|( QUESTION0_6_R 1 -1.670e+05 6.169e+02 8.532e+02
|    ( - -1.272e+04 1 0)
|    ( QUESTION0_3_R 1 -1.536e+05 4.410e+02 7.794e+02
|        ( - -4.192e+04 1 0)
|        ( QUESTION0_2_R 1 -1.113e+05 2.631e+02 5.592e+02
|            ( - -1.913e+04 1 0)
|            ( QUESTION0_0_R 1 -9.188e+04 1.686e+02 4.634e+02
|                ( - -8.250e+04 2 0)
|                ( WDBNDRY_E 0 -9.210e+03 1.647e+02 4.739e+01
|                    ( - -8.506e+03 1 0)
|                    ( - -5.393e+02 1 0))))))
s>    ( QUESTION0_6_R 1 -1.670e+05 6.169e+02 8.532e+02
s>        ( - -1.272e+04 1 0)
s>        ( QUESTION0_3_R 1 -1.536e+05 4.410e+02 7.794e+02
s>            ( - -4.192e+04 1 0)
s>            ( QUESTION0_2_R 1 -1.113e+05 2.631e+02 5.592e+02
s>                ( - -1.913e+04 1 0)
s>                ( QUESTION0_0_R 1 -9.188e+04 1.686e+02 4.634e+02
s>                    ( - -8.250e+04 2 0)
s>                    ( WDBNDRY_E 0 -9.210e+03 1.647e+02 4.739e+01
s>                        ( - -8.506e+03 1 0)
s>                        ( - -5.393e+02 1 0))))))INFO: dtree.c(1439): stop. leaf nodes are specific
INFO: dtree.c(1478): Final simple tree
|( SILENCE 1 -7.670e+04 4.423e+02 3.735e+02
|    ( - -7.648e+04 1 0)
|    ( - 2.211e+02 1 0))
s>    ( SILENCE 1 -7.670e+04 4.423e+02 3.735e+02
s>        ( - -7.648e+04 1 0)
s>        ( - 2.211e+02 1 0))INFO: dtree.c(1315): Comp split 2
INFO: dtree.c(1478): Final simple tree
|( QUESTION0 -1 -1.614e+05 8.218e+02 7.355e+02
|    ( QUESTION0_0_R 1 -5.289e+04 4.684e+02 2.395e+02
|        ( - -3.130e+04 1 0)
|        ( - -2.112e+04 2 0 QUESTION0_13_R 1 1.954e+02 9.546e+01))
|    ( QUESTION14 1 -1.077e+05 4.067e+02 4.959e+02
|        ( - -1.417e+04 2 0 QUESTION0_3_R 1 2.017e+02 6.755e+01)
|        ( SILENCE 1 -9.312e+04 2.990e+02 4.284e+02
|            ( - -5.203e+03 1 0)
|            ( QUESTION0_3_R 1 -8.762e+04 2.420e+02 4.060e+02
|                ( - -4.023e+03 1 0)
|                ( QUESTION0_1_R 1 -8.336e+04 2.198e+02 3.869e+02
|                    ( - -1.225e+04 2 0)
|                    ( QUESTION0_8_R 1 -7.089e+04 2.184e+02 3.282e+02
|                        ( - -3.646e+03 2 0 QUESTION17 1 1.431e+02 1.600e+01)
|                        ( - -6.702e+04 11 0 QUESTION0_20_R 1 2.216e+02 3.122e+02)))))))
s>    ( QUESTION0 -1 -1.614e+05 8.218e+02 7.355e+02
s>        ( QUESTION0_0_R 1 -5.289e+04 4.684e+02 2.395e+02
s>            ( - -3.130e+04 1 0)
s>            ( - -2.112e+04 2 0 QUESTION0_13_R 1 1.954e+02 9.546e+01))
s>        ( QUESTION14 1 -1.077e+05 4.067e+02 4.959e+02
s>            ( - -1.417e+04 2 0 QUESTION0_3_R 1 2.017e+02 6.755e+01)
s>            ( SILENCE 1 -9.312e+04 2.990e+02 4.284e+02
s>                ( - -5.203e+03 1 0)
s>                ( QUESTION0_3_R 1 -8.762e+04 2.420e+02 4.060e+02
s>                    ( - -4.023e+03 1 0)
s>                    ( QUESTION0_1_R 1 -8.336e+04 2.198e+02 3.869e+02
s>                        ( - -1.225e+04 2 0)
s>                        ( QUESTION0_8_R 1 -7.089e+04 2.184e+02 3.282e+02
s>                            ( - -3.646e+03 2 0 QUESTION17 1 1.431e+02 1.600e+01)
s>                            ( - -6.702e+04 11 0 QUESTION0_20_R 1 2.216e+02 3.122e+02)))))))INFO: dtree.c(1439): stop. leaf nodes are specific
INFO: dtree.c(1478): Final simple tree
|( QUESTION0_13_R 1 -4.250e+04 1.623e+02 1.974e+02
|    ( - -3.782e+04 1 0)
|    ( - -4.518e+03 1 0))
s>    ( QUESTION0_13_R 1 -4.250e+04 1.623e+02 1.974e+02
s>        ( - -3.782e+04 1 0)
s>        ( - -4.518e+03 1 0))INFO: dtree.c(1315): Comp split 3
INFO: dtree.c(1439): stop. leaf nodes are specific
INFO: dtree.c(1478): Final simple tree
|( QUESTION0_0_R 1 -5.289e+04 4.684e+02 2.395e+02
|    ( - -3.130e+04 1 0)
|    ( QUESTION0_13_R 1 -2.112e+04 1.954e+02 9.546e+01
|        ( - -8.454e+03 1 0)
|        ( - -1.248e+04 1 0)))
s>    ( QUESTION0_0_R 1 -5.289e+04 4.684e+02 2.395e+02
s>        ( - -3.130e+04 1 0)
s>        ( QUESTION0_13_R 1 -2.112e+04 1.954e+02 9.546e+01
s>            ( - -8.454e+03 1 0)
s>            ( - -1.248e+04 1 0)))INFO: dtree.c(1478): Final simple tree
|( QUESTION14 1 -1.077e+05 4.067e+02 4.959e+02
|    ( QUESTION0_3_R 1 -1.417e+04 2.017e+02 6.755e+01
|        ( - -1.246e+04 1 0)
|        ( - -1.504e+03 1 0))
|    ( SILENCE 1 -9.312e+04 2.990e+02 4.284e+02
|        ( - -5.203e+03 1 0)
|        ( QUESTION0_3_R 1 -8.762e+04 2.420e+02 4.060e+02
|            ( - -4.023e+03 1 0)
|            ( QUESTION0_1_R 1 -8.336e+04 2.198e+02 3.869e+02
|                ( - -1.225e+04 2 0)
|                ( QUESTION0_8_R 1 -7.089e+04 2.184e+02 3.282e+02
|                    ( - -3.646e+03 2 0 QUESTION17 1 1.431e+02 1.600e+01)
|                    ( QUESTION0_20_R 1 -6.702e+04 2.216e+02 3.122e+02
|                        ( - -1.415e+04 3 0)
|                        ( - -5.265e+04 8 0 QUESTION18 1 1.981e+02 2.466e+02)))))))
s>    ( QUESTION14 1 -1.077e+05 4.067e+02 4.959e+02
s>        ( QUESTION0_3_R 1 -1.417e+04 2.017e+02 6.755e+01
s>            ( - -1.246e+04 1 0)
s>            ( - -1.504e+03 1 0))
s>        ( SILENCE 1 -9.312e+04 2.990e+02 4.284e+02
s>            ( - -5.203e+03 1 0)
s>            ( QUESTION0_3_R 1 -8.762e+04 2.420e+02 4.060e+02
s>                ( - -4.023e+03 1 0)
s>                ( QUESTION0_1_R 1 -8.336e+04 2.198e+02 3.869e+02
s>                    ( - -1.225e+04 2 0)
s>                    ( QUESTION0_8_R 1 -7.089e+04 2.184e+02 3.282e+02
s>                        ( - -3.646e+03 2 0 QUESTION17 1 1.431e+02 1.600e+01)
s>                        ( QUESTION0_20_R 1 -6.702e+04 2.216e+02 3.122e+02
s>                            ( - -1.415e+04 3 0)
s>                            ( - -5.265e+04 8 0 QUESTION18 1 1.981e+02 2.466e+02)))))))INFO: dtree.c(1315): Comp split 4
INFO: dtree.c(1439): stop. leaf nodes are specific
INFO: dtree.c(1478): Final simple tree
|( QUESTION0_3_R 1 -1.536e+05 4.410e+02 7.794e+02
|    ( - -4.192e+04 1 0)
|    ( QUESTION0_2_R 1 -1.113e+05 2.631e+02 5.592e+02
|        ( - -1.913e+04 1 0)
|        ( QUESTION0_0_R 1 -9.188e+04 1.686e+02 4.634e+02
|            ( - -8.250e+04 2 0)
|            ( WDBNDRY_E 0 -9.210e+03 1.647e+02 4.739e+01
|                ( - -8.506e+03 1 0)
|                ( - -5.393e+02 1 0)))))
s>    ( QUESTION0_3_R 1 -1.536e+05 4.410e+02 7.794e+02
s>        ( - -4.192e+04 1 0)
s>        ( QUESTION0_2_R 1 -1.113e+05 2.631e+02 5.592e+02
s>            ( - -1.913e+04 1 0)
s>            ( QUESTION0_0_R 1 -9.188e+04 1.686e+02 4.634e+02
s>                ( - -8.250e+04 2 0)
s>                ( WDBNDRY_E 0 -9.210e+03 1.647e+02 4.739e+01
s>                    ( - -8.506e+03 1 0)
s>                    ( - -5.393e+02 1 0)))))INFO: dtree.c(1315): Comp split 5
INFO: dtree.c(1478): Final simple tree
|( QUESTION13 1 -5.435e+04 1.964e+02 2.546e+02
|    ( - -1.504e+03 1 0)
|    ( QUESTION18 1 -5.265e+04 1.981e+02 2.466e+02
|        ( QUESTION0_0_R 1 -7.326e+03 1.718e+02 3.575e+01
|            ( - -2.404e+03 1 0)
|            ( - -4.750e+03 1 0))
|        ( QUESTION1 1 -4.513e+04 1.482e+02 2.108e+02
|            ( - -7.041e+03 1 0)
|            ( QUESTION0_11_R 1 -3.794e+04 1.445e+02 1.764e+02
|                ( - -1.647e+03 1 0)
|                ( WDBNDRY_E 0 -3.615e+04 1.326e+02 1.684e+02
|                    ( QUESTION0_0_R 1 -3.545e+04 1.180e+02 1.654e+02
|                        ( - -2.074e+04 1 0)
|                        ( - -1.459e+04 2 0))
|                    ( - -5.675e+02 1 0))))))
s>    ( QUESTION13 1 -5.435e+04 1.964e+02 2.546e+02
s>        ( - -1.504e+03 1 0)
s>        ( QUESTION18 1 -5.265e+04 1.981e+02 2.466e+02
s>            ( QUESTION0_0_R 1 -7.326e+03 1.718e+02 3.575e+01
s>                ( - -2.404e+03 1 0)
s>                ( - -4.750e+03 1 0))
s>            ( QUESTION1 1 -4.513e+04 1.482e+02 2.108e+02
s>                ( - -7.041e+03 1 0)
s>                ( QUESTION0_11_R 1 -3.794e+04 1.445e+02 1.764e+02
s>                    ( - -1.647e+03 1 0)
s>                    ( WDBNDRY_E 0 -3.615e+04 1.326e+02 1.684e+02
s>                        ( QUESTION0_0_R 1 -3.545e+04 1.180e+02 1.654e+02
s>                            ( - -2.074e+04 1 0)
s>                            ( - -1.459e+04 2 0))
s>                        ( - -5.675e+02 1 0))))))INFO: dtree.c(1439): stop. leaf nodes are specific
INFO: dtree.c(1478): Final simple tree
|( QUESTION0_4_R 1 -5.287e+04 3.344e+02 2.414e+02
|    ( - -1.246e+04 1 0)
|    ( QUESTION20 1 -4.007e+04 3.145e+02 1.818e+02
|        ( QUESTION0_0_R 1 -2.654e+04 1.354e+02 1.243e+02
|            ( - -1.225e+04 2 0)
|            ( - -1.415e+04 3 0))
|        ( SILENCE 1 -1.322e+04 1.949e+02 5.750e+01
|            ( - -5.203e+03 1 0)
|            ( QUESTION17 1 -7.826e+03 1.700e+02 3.508e+01
|                ( - -1.448e+03 1 0)
|                ( QUESTION0_3_R 1 -6.208e+03 1.305e+02 2.808e+01
|                    ( - -4.023e+03 1 0)
|                    ( - -2.055e+03 1 0))))))
s>    ( QUESTION0_4_R 1 -5.287e+04 3.344e+02 2.414e+02
s>        ( - -1.246e+04 1 0)
s>        ( QUESTION20 1 -4.007e+04 3.145e+02 1.818e+02
s>            ( QUESTION0_0_R 1 -2.654e+04 1.354e+02 1.243e+02
s>                ( - -1.225e+04 2 0)
s>                ( - -1.415e+04 3 0))
s>            ( SILENCE 1 -1.322e+04 1.949e+02 5.750e+01
s>                ( - -5.203e+03 1 0)
s>                ( QUESTION17 1 -7.826e+03 1.700e+02 3.508e+01
s>                    ( - -1.448e+03 1 0)
s>                    ( QUESTION0_3_R 1 -6.208e+03 1.305e+02 2.808e+01
s>                        ( - -4.023e+03 1 0)
s>                        ( - -2.055e+03 1 0))))))INFO: dtree.c(1315): Comp split 6
INFO: dtree.c(1439): stop. leaf nodes are specific
INFO: dtree.c(1478): Final simple tree
|( QUESTION0_13_R 1 -2.112e+04 1.954e+02 9.546e+01
|    ( - -8.454e+03 1 0)
|    ( - -1.248e+04 1 0))
s>    ( QUESTION0_13_R 1 -2.112e+04 1.954e+02 9.546e+01
s>        ( - -8.454e+03 1 0)
s>        ( - -1.248e+04 1 0))INFO: dtree.c(1315): Comp split 7
INFO: dtree.c(1315): Comp split 8
INFO: dtree.c(1439): stop. leaf nodes are specific
INFO: dtree.c(1478): Final simple tree
|( QUESTION0_2_R 1 -1.113e+05 2.631e+02 5.592e+02
|    ( - -1.913e+04 1 0)
|    ( QUESTION0_0_R 1 -9.188e+04 1.686e+02 4.634e+02
|        ( - -8.250e+04 2 0)
|        ( WDBNDRY_E 0 -9.210e+03 1.647e+02 4.739e+01
|            ( - -8.506e+03 1 0)
|            ( - -5.393e+02 1 0))))
s>    ( QUESTION0_2_R 1 -1.113e+05 2.631e+02 5.592e+02
s>        ( - -1.913e+04 1 0)
s>        ( QUESTION0_0_R 1 -9.188e+04 1.686e+02 4.634e+02
s>            ( - -8.250e+04 2 0)
s>            ( WDBNDRY_E 0 -9.210e+03 1.647e+02 4.739e+01
s>                ( - -8.506e+03 1 0)
s>                ( - -5.393e+02 1 0))))INFO: dtree.c(1315): Comp split 9
INFO: dtree.c(1439): stop. leaf nodes are specific
INFO: dtree.c(1478): Final simple tree
|( SILENCE 1 -1.160e+04 1.922e+02 5.050e+01
|    ( - -5.203e+03 1 0)
|    ( QUESTION0_3_R 1 -6.208e+03 1.305e+02 2.808e+01
|        ( - -4.023e+03 1 0)
|        ( - -2.055e+03 1 0)))
s>    ( SILENCE 1 -1.160e+04 1.922e+02 5.050e+01
s>        ( - -5.203e+03 1 0)
s>        ( QUESTION0_3_R 1 -6.208e+03 1.305e+02 2.808e+01
s>            ( - -4.023e+03 1 0)
s>            ( - -2.055e+03 1 0)))INFO: dtree.c(1439): stop. leaf nodes are specific
INFO: dtree.c(1478): Final simple tree
|( QUESTION0_3_R 1 -4.087e+04 2.538e+02 1.909e+02
|    ( - -1.246e+04 1 0)
|    ( QUESTION0_2_R 1 -2.816e+04 1.716e+02 1.313e+02
|        ( - -1.448e+03 1 0)
|        ( QUESTION0_0_R 1 -2.654e+04 1.354e+02 1.243e+02
|            ( - -1.225e+04 2 0)
|            ( - -1.415e+04 3 0))))
s>    ( QUESTION0_3_R 1 -4.087e+04 2.538e+02 1.909e+02
s>        ( - -1.246e+04 1 0)
s>        ( QUESTION0_2_R 1 -2.816e+04 1.716e+02 1.313e+02
s>            ( - -1.448e+03 1 0)
s>            ( QUESTION0_0_R 1 -2.654e+04 1.354e+02 1.243e+02
s>                ( - -1.225e+04 2 0)
s>                ( - -1.415e+04 3 0))))INFO: dtree.c(1315): Comp split 10
INFO: dtree.c(1439): stop. leaf nodes are specific
INFO: dtree.c(1478): Final simple tree
|( QUESTION0_0_R 1 -9.188e+04 1.686e+02 4.634e+02
|    ( - -8.250e+04 2 0)
|    ( WDBNDRY_E 0 -9.210e+03 1.647e+02 4.739e+01
|        ( - -8.506e+03 1 0)
|        ( - -5.393e+02 1 0)))
s>    ( QUESTION0_0_R 1 -9.188e+04 1.686e+02 4.634e+02
s>        ( - -8.250e+04 2 0)
s>        ( WDBNDRY_E 0 -9.210e+03 1.647e+02 4.739e+01
s>            ( - -8.506e+03 1 0)
s>            ( - -5.393e+02 1 0)))INFO: dtree.c(1315): Comp split 11
INFO: dtree.c(1439): stop. leaf nodes are specific
INFO: dtree.c(1478): Final simple tree
|( QUESTION0_2_R 1 -2.816e+04 1.716e+02 1.313e+02
|    ( - -1.448e+03 1 0)
|    ( QUESTION0_0_R 1 -2.654e+04 1.354e+02 1.243e+02
|        ( - -1.225e+04 2 0)
|        ( - -1.415e+04 3 0)))
s>    ( QUESTION0_2_R 1 -2.816e+04 1.716e+02 1.313e+02
s>        ( - -1.448e+03 1 0)
s>        ( QUESTION0_0_R 1 -2.654e+04 1.354e+02 1.243e+02
s>            ( - -1.225e+04 2 0)
s>            ( - -1.415e+04 3 0)))INFO: dtree.c(1315): Comp split 12
INFO: dtree.c(1439): stop. leaf nodes are specific
INFO: dtree.c(1478): Final simple tree
|( QUESTION0_6_R 1 -4.771e+04 1.784e+02 2.228e+02
|    ( - -2.404e+03 1 0)
|    ( QUESTION1 1 -4.513e+04 1.482e+02 2.108e+02
|        ( - -7.041e+03 1 0)
|        ( QUESTION0_11_R 1 -3.794e+04 1.445e+02 1.764e+02
|            ( - -1.647e+03 1 0)
|            ( WDBNDRY_E 0 -3.615e+04 1.326e+02 1.684e+02
|                ( QUESTION0_0_R 1 -3.545e+04 1.180e+02 1.654e+02
|                    ( - -2.074e+04 1 0)
|                    ( - -1.459e+04 2 0))
|                ( - -5.675e+02 1 0)))))
s>    ( QUESTION0_6_R 1 -4.771e+04 1.784e+02 2.228e+02
s>        ( - -2.404e+03 1 0)
s>        ( QUESTION1 1 -4.513e+04 1.482e+02 2.108e+02
s>            ( - -7.041e+03 1 0)
s>            ( QUESTION0_11_R 1 -3.794e+04 1.445e+02 1.764e+02
s>                ( - -1.647e+03 1 0)
s>                ( WDBNDRY_E 0 -3.615e+04 1.326e+02 1.684e+02
s>                    ( QUESTION0_0_R 1 -3.545e+04 1.180e+02 1.654e+02
s>                        ( - -2.074e+04 1 0)
s>                        ( - -1.459e+04 2 0))
s>                    ( - -5.675e+02 1 0)))))INFO: dtree.c(1439): stop. leaf nodes are specific
INFO: dtree.c(1478): Final simple tree
|( QUESTION0_0_R 1 -6.407e+03 1.523e+02 3.175e+01
|    ( - -1.504e+03 1 0)
|    ( - -4.750e+03 1 0))
s>    ( QUESTION0_0_R 1 -6.407e+03 1.523e+02 3.175e+01
s>        ( - -1.504e+03 1 0)
s>        ( - -4.750e+03 1 0))INFO: dtree.c(1315): Comp split 13
INFO: dtree.c(1315): Comp split 14
INFO: dtree.c(1439): stop. leaf nodes are specific
INFO: dtree.c(1478): Final simple tree
|( QUESTION0_3_R 1 -6.208e+03 1.305e+02 2.808e+01
|    ( - -4.023e+03 1 0)
|    ( - -2.055e+03 1 0))
s>    ( QUESTION0_3_R 1 -6.208e+03 1.305e+02 2.808e+01
s>        ( - -4.023e+03 1 0)
s>        ( - -2.055e+03 1 0))INFO: dtree.c(1315): Comp split 15
INFO: dtree.c(1439): stop. leaf nodes are specific
INFO: dtree.c(1478): Final simple tree
|( WDBNDRY_E 0 -8.319e+04 1.469e+02 4.190e+02
|    ( - -8.250e+04 2 0)
|    ( - -5.393e+02 1 0))
s>    ( WDBNDRY_E 0 -8.319e+04 1.469e+02 4.190e+02
s>        ( - -8.250e+04 2 0)
s>        ( - -5.393e+02 1 0))INFO: dtree.c(1315): Comp split 16
INFO: dtree.c(1439): stop. leaf nodes are specific
INFO: dtree.c(1478): Final simple tree
|( QUESTION1 1 -4.513e+04 1.482e+02 2.108e+02
|    ( - -7.041e+03 1 0)
|    ( QUESTION0_11_R 1 -3.794e+04 1.445e+02 1.764e+02
|        ( - -1.647e+03 1 0)
|        ( WDBNDRY_E 0 -3.615e+04 1.326e+02 1.684e+02
|            ( QUESTION0_0_R 1 -3.545e+04 1.180e+02 1.654e+02
|                ( - -2.074e+04 1 0)
|                ( - -1.459e+04 2 0))
|            ( - -5.675e+02 1 0))))
s>    ( QUESTION1 1 -4.513e+04 1.482e+02 2.108e+02
s>        ( - -7.041e+03 1 0)
s>        ( QUESTION0_11_R 1 -3.794e+04 1.445e+02 1.764e+02
s>            ( - -1.647e+03 1 0)
s>            ( WDBNDRY_E 0 -3.615e+04 1.326e+02 1.684e+02
s>                ( QUESTION0_0_R 1 -3.545e+04 1.180e+02 1.654e+02
s>                    ( - -2.074e+04 1 0)
s>                    ( - -1.459e+04 2 0))
s>                ( - -5.675e+02 1 0))))INFO: dtree.c(1315): Comp split 17
INFO: dtree.c(1439): stop. leaf nodes are specific
INFO: dtree.c(1478): Final simple tree
|( QUESTION0_0_R 1 -2.654e+04 1.354e+02 1.243e+02
|    ( - -1.225e+04 2 0)
|    ( - -1.415e+04 3 0))
s>    ( QUESTION0_0_R 1 -2.654e+04 1.354e+02 1.243e+02
s>        ( - -1.225e+04 2 0)
s>        ( - -1.415e+04 3 0))INFO: dtree.c(1315): Comp split 18
INFO: dtree.c(1315): Comp split 19
INFO: dtree.c(1315): Comp split 20
INFO: dtree.c(1439): stop. leaf nodes are specific
INFO: dtree.c(1478): Final simple tree
|( QUESTION0_11_R 1 -3.794e+04 1.445e+02 1.764e+02
|    ( - -1.647e+03 1 0)
|    ( WDBNDRY_E 0 -3.615e+04 1.326e+02 1.684e+02
|        ( QUESTION0_0_R 1 -3.545e+04 1.180e+02 1.654e+02
|            ( - -2.074e+04 1 0)
|            ( - -1.459e+04 2 0))
|        ( - -5.675e+02 1 0)))
s>    ( QUESTION0_11_R 1 -3.794e+04 1.445e+02 1.764e+02
s>        ( - -1.647e+03 1 0)
s>        ( WDBNDRY_E 0 -3.615e+04 1.326e+02 1.684e+02
s>            ( QUESTION0_0_R 1 -3.545e+04 1.180e+02 1.654e+02
s>                ( - -2.074e+04 1 0)
s>                ( - -1.459e+04 2 0))
s>            ( - -5.675e+02 1 0)))INFO: dtree.c(1315): Comp split 21
INFO: dtree.c(1315): Comp split 22
INFO: dtree.c(1439): stop. leaf nodes are specific
INFO: dtree.c(1478): Final simple tree
|( WDBNDRY_E 0 -3.615e+04 1.326e+02 1.684e+02
|    ( QUESTION0_0_R 1 -3.545e+04 1.180e+02 1.654e+02
|        ( - -2.074e+04 1 0)
|        ( - -1.459e+04 2 0))
|    ( - -5.675e+02 1 0))
s>    ( WDBNDRY_E 0 -3.615e+04 1.326e+02 1.684e+02
s>        ( QUESTION0_0_R 1 -3.545e+04 1.180e+02 1.654e+02
s>            ( - -2.074e+04 1 0)
s>            ( - -1.459e+04 2 0))
s>        ( - -5.675e+02 1 0))INFO: dtree.c(1315): Comp split 23
INFO: dtree.c(1315): Comp split 24
INFO: dtree.c(1439): stop. leaf nodes are specific
INFO: dtree.c(1478): Final simple tree
|( QUESTION0_0_R 1 -3.545e+04 1.180e+02 1.654e+02
|    ( - -2.074e+04 1 0)
|    ( - -1.459e+04 2 0))
s>    ( QUESTION0_0_R 1 -3.545e+04 1.180e+02 1.654e+02
s>        ( - -2.074e+04 1 0)
s>        ( - -1.459e+04 2 0))INFO: dtree.c(1315): Comp split 25
INFO: dtree.c(1315): Comp split 26
INFO: dtree.c(1315): Comp split 27
INFO: dtree.c(1318): stop. leaf nodes are specific
Wed Dec 20 23:52:24 2017
