Current configuration:
[NAME]		[DEFLT]	[VALUE]
-allphones	no	no
-cntthresh	0.00001	1.000000e-05
-csplitmax	100	2000
-csplitmin	1	1
-csplitthr	8e-4	0.000000e+00
-example	no	no
-fullvar	no	no
-help		no	no
-meanfn			/home/alex/repos/speech/an4/model_parameters/an4.cd_cont_untied/means
-mixwfn			/home/alex/repos/speech/an4/model_parameters/an4.cd_cont_untied/mixture_weights
-moddeffn		/home/alex/repos/speech/an4/model_architecture/an4.untied.mdef
-mwfloor	1e-4	1.000000e-08
-phone			AE
-psetfn			/home/alex/repos/speech/an4/model_architecture/an4.tree_questions
-ssplitmax	5	7
-ssplitmin	1	1
-ssplitthr	8e-4	0.000000e+00
-state			1
-stwt			1.0,0.05,0.0,
-treefn			/home/alex/repos/speech/an4/trees/an4.unpruned/AE-1.dtree
-ts2cbfn	.semi.	.cont.
-varfloor	0.00001	1.000000e-05
-varfn			/home/alex/repos/speech/an4/model_parameters/an4.cd_cont_untied/variances

INFO: main.c(223): Reading: /home/alex/repos/speech/an4/model_architecture/an4.untied.mdef
INFO: model_def_io.c(573): Model definition info:
INFO: model_def_io.c(574): 1618 total models defined (34 base, 1584 tri)
INFO: model_def_io.c(575): 6472 total states
INFO: model_def_io.c(576): 4854 total tied states
INFO: model_def_io.c(577): 102 total tied CI states
INFO: model_def_io.c(578): 34 total tied transition matrices
INFO: model_def_io.c(579): 4 max state/model
INFO: model_def_io.c(580): 4 min state/model
INFO: main.c(242): Building trees for [AE D N b] through [AE R N b]
INFO: main.c(269): Covering states |[162 176]| == 15
INFO: main.c(275): Reading: /home/alex/repos/speech/an4/model_parameters/an4.cd_cont_untied/mixture_weights
INFO: s3mixw_io.c(173): Read /home/alex/repos/speech/an4/model_parameters/an4.cd_cont_untied/mixture_weights [15x1x1 array]
INFO: main.c(311): 5 of 5 models have observation count greater than 0.000010
INFO: main.c(95): nrm stwt: 0.045 0.909 0.045 
INFO: s3gau_io.c(169): Read /home/alex/repos/speech/an4/model_parameters/an4.cd_cont_untied/means [4854x1x1 array]
INFO: s3gau_io.c(169): Read /home/alex/repos/speech/an4/model_parameters/an4.cd_cont_untied/variances [4854x1x1 array]
INFO: main.c(549): Reading: /home/alex/repos/speech/an4/model_architecture/an4.tree_questions
INFO: main.c(588): 180 total simple questions (172 phone; 8 word bndry)
INFO: main.c(590): 42 Left Only questions, and 42 Right Only questions
INFO: dtree.c(1439): stop. leaf nodes are specific
INFO: dtree.c(1478): Final simple tree
|( QUESTION3 -1 -5.883e+03 2.346e+02 2.700e+01
|    ( - -2.150e+02 1 0)
|    ( QUESTION9 -1 -5.433e+03 2.259e+02 2.500e+01
|        ( - -1.791e+03 1 0)
|        ( QUESTION1 -1 -3.417e+03 1.804e+02 1.500e+01
|            ( - -6.188e+02 1 0)
|            ( WDBNDRY_B 0 -2.618e+03 1.602e+02 1.100e+01
|                ( - -1.653e+03 1 0)
|                ( - -8.040e+02 1 0)))))
s>    ( QUESTION3 -1 -5.883e+03 2.346e+02 2.700e+01
s>        ( - -2.150e+02 1 0)
s>        ( QUESTION9 -1 -5.433e+03 2.259e+02 2.500e+01
s>            ( - -1.791e+03 1 0)
s>            ( QUESTION1 -1 -3.417e+03 1.804e+02 1.500e+01
s>                ( - -6.188e+02 1 0)
s>                ( WDBNDRY_B 0 -2.618e+03 1.602e+02 1.100e+01
s>                    ( - -1.653e+03 1 0)
s>                    ( - -8.040e+02 1 0)))))INFO: dtree.c(1315): Comp split 0
INFO: dtree.c(1439): stop. leaf nodes are specific
INFO: dtree.c(1478): Final simple tree
|( QUESTION9 -1 -5.433e+03 2.259e+02 2.500e+01
|    ( - -1.791e+03 1 0)
|    ( QUESTION1 -1 -3.417e+03 1.804e+02 1.500e+01
|        ( - -6.188e+02 1 0)
|        ( WDBNDRY_B 0 -2.618e+03 1.602e+02 1.100e+01
|            ( - -1.653e+03 1 0)
|            ( - -8.040e+02 1 0))))
s>    ( QUESTION9 -1 -5.433e+03 2.259e+02 2.500e+01
s>        ( - -1.791e+03 1 0)
s>        ( QUESTION1 -1 -3.417e+03 1.804e+02 1.500e+01
s>            ( - -6.188e+02 1 0)
s>            ( WDBNDRY_B 0 -2.618e+03 1.602e+02 1.100e+01
s>                ( - -1.653e+03 1 0)
s>                ( - -8.040e+02 1 0))))INFO: dtree.c(1315): Comp split 1
INFO: dtree.c(1439): stop. leaf nodes are specific
INFO: dtree.c(1478): Final simple tree
|( QUESTION1 -1 -3.417e+03 1.804e+02 1.500e+01
|    ( - -6.188e+02 1 0)
|    ( WDBNDRY_B 0 -2.618e+03 1.602e+02 1.100e+01
|        ( - -1.653e+03 1 0)
|        ( - -8.040e+02 1 0)))
s>    ( QUESTION1 -1 -3.417e+03 1.804e+02 1.500e+01
s>        ( - -6.188e+02 1 0)
s>        ( WDBNDRY_B 0 -2.618e+03 1.602e+02 1.100e+01
s>            ( - -1.653e+03 1 0)
s>            ( - -8.040e+02 1 0)))INFO: dtree.c(1315): Comp split 2
INFO: dtree.c(1439): stop. leaf nodes are specific
INFO: dtree.c(1478): Final simple tree
|( WDBNDRY_B 0 -2.618e+03 1.602e+02 1.100e+01
|    ( - -1.653e+03 1 0)
|    ( - -8.040e+02 1 0))
s>    ( WDBNDRY_B 0 -2.618e+03 1.602e+02 1.100e+01
s>        ( - -1.653e+03 1 0)
s>        ( - -8.040e+02 1 0))INFO: dtree.c(1315): Comp split 3
INFO: dtree.c(1315): Comp split 4
INFO: dtree.c(1318): stop. leaf nodes are specific
Wed Dec 20 23:52:14 2017
