Current configuration:
[NAME]		[DEFLT]	[VALUE]
-allphones	no	no
-cntthresh	0.00001	1.000000e-05
-csplitmax	100	2000
-csplitmin	1	1
-csplitthr	8e-4	0.000000e+00
-example	no	no
-fullvar	no	no
-help		no	no
-meanfn			/home/alex/repos/speech/an4/model_parameters/an4.cd_cont_untied/means
-mixwfn			/home/alex/repos/speech/an4/model_parameters/an4.cd_cont_untied/mixture_weights
-moddeffn		/home/alex/repos/speech/an4/model_architecture/an4.untied.mdef
-mwfloor	1e-4	1.000000e-08
-phone			CH
-psetfn			/home/alex/repos/speech/an4/model_architecture/an4.tree_questions
-ssplitmax	5	7
-ssplitmin	1	1
-ssplitthr	8e-4	0.000000e+00
-state			2
-stwt			1.0,0.05,0.0,
-treefn			/home/alex/repos/speech/an4/trees/an4.unpruned/CH-2.dtree
-ts2cbfn	.semi.	.cont.
-varfloor	0.00001	1.000000e-05
-varfn			/home/alex/repos/speech/an4/model_parameters/an4.cd_cont_untied/variances

INFO: main.c(223): Reading: /home/alex/repos/speech/an4/model_architecture/an4.untied.mdef
INFO: model_def_io.c(573): Model definition info:
INFO: model_def_io.c(574): 1618 total models defined (34 base, 1584 tri)
INFO: model_def_io.c(575): 6472 total states
INFO: model_def_io.c(576): 4854 total tied states
INFO: model_def_io.c(577): 102 total tied CI states
INFO: model_def_io.c(578): 34 total tied transition matrices
INFO: model_def_io.c(579): 4 max state/model
INFO: model_def_io.c(580): 4 min state/model
INFO: main.c(242): Building trees for [CH EY AA e] through [CH R TH e]
INFO: main.c(269): Covering states |[789 860]| == 72
INFO: main.c(275): Reading: /home/alex/repos/speech/an4/model_parameters/an4.cd_cont_untied/mixture_weights
INFO: s3mixw_io.c(173): Read /home/alex/repos/speech/an4/model_parameters/an4.cd_cont_untied/mixture_weights [72x1x1 array]
INFO: main.c(311): 24 of 24 models have observation count greater than 0.000010
INFO: main.c(95): nrm stwt: 0.000 0.048 0.952 
INFO: s3gau_io.c(169): Read /home/alex/repos/speech/an4/model_parameters/an4.cd_cont_untied/means [4854x1x1 array]
INFO: s3gau_io.c(169): Read /home/alex/repos/speech/an4/model_parameters/an4.cd_cont_untied/variances [4854x1x1 array]
INFO: main.c(549): Reading: /home/alex/repos/speech/an4/model_architecture/an4.tree_questions
INFO: main.c(588): 180 total simple questions (172 phone; 8 word bndry)
INFO: main.c(590): 42 Left Only questions, and 42 Right Only questions
INFO: dtree.c(1478): Final simple tree
|( SILENCE 1 -2.515e+05 9.952e+02 1.205e+03
|    ( - -1.182e+05 1 0)
|    ( QUESTION5 1 -1.323e+05 3.551e+02 6.201e+02
|        ( - -3.498e+04 1 0)
|        ( QUESTION0_1_R 1 -9.697e+04 2.831e+02 4.545e+02
|            ( - -1.014e+04 2 0)
|            ( QUESTION0_3_R 1 -8.655e+04 2.144e+02 4.051e+02
|                ( - -9.747e+03 3 0 QUESTION0_4_R 1 1.254e+02 4.601e+01)
|                ( QUESTION11 1 -7.659e+04 2.033e+02 3.591e+02
|                    ( - -3.925e+03 2 0 QUESTION0 -1 1.589e+02 2.000e+01)
|                    ( QUESTION0_11_R 1 -7.246e+04 1.877e+02 3.391e+02
|                        ( - -2.431e+03 1 0)
|                        ( QUESTION0_0_R 1 -6.984e+04 1.941e+02 3.261e+02
|                            ( - -1.917e+04 5 0 QUESTION13 1 1.626e+02 8.828e+01)
|                            ( - -5.048e+04 9 0 QUESTION2 1 1.860e+02 2.378e+02))))))))
s>    ( SILENCE 1 -2.515e+05 9.952e+02 1.205e+03
s>        ( - -1.182e+05 1 0)
s>        ( QUESTION5 1 -1.323e+05 3.551e+02 6.201e+02
s>            ( - -3.498e+04 1 0)
s>            ( QUESTION0_1_R 1 -9.697e+04 2.831e+02 4.545e+02
s>                ( - -1.014e+04 2 0)
s>                ( QUESTION0_3_R 1 -8.655e+04 2.144e+02 4.051e+02
s>                    ( - -9.747e+03 3 0 QUESTION0_4_R 1 1.254e+02 4.601e+01)
s>                    ( QUESTION11 1 -7.659e+04 2.033e+02 3.591e+02
s>                        ( - -3.925e+03 2 0 QUESTION0 -1 1.589e+02 2.000e+01)
s>                        ( QUESTION0_11_R 1 -7.246e+04 1.877e+02 3.391e+02
s>                            ( - -2.431e+03 1 0)
s>                            ( QUESTION0_0_R 1 -6.984e+04 1.941e+02 3.261e+02
s>                                ( - -1.917e+04 5 0 QUESTION13 1 1.626e+02 8.828e+01)
s>                                ( - -5.048e+04 9 0 QUESTION2 1 1.860e+02 2.378e+02))))))))INFO: dtree.c(1315): Comp split 0
INFO: dtree.c(1478): Final simple tree
|( QUESTION5 1 -1.152e+05 3.819e+02 5.376e+02
|    ( - -3.498e+04 1 0)
|    ( QUESTION0_3_R 1 -7.980e+04 2.101e+02 3.721e+02
|        ( - -9.747e+03 3 0 QUESTION0_4_R 1 1.254e+02 4.601e+01)
|        ( QUESTION0_0_R 1 -6.984e+04 1.941e+02 3.261e+02
|            ( QUESTION13 1 -1.917e+04 1.626e+02 8.828e+01
|                ( - -7.469e+02 1 0)
|                ( - -1.826e+04 4 0 QUESTION0_7_R 1 1.184e+02 8.428e+01))
|            ( QUESTION2 1 -5.048e+04 1.860e+02 2.378e+02
|                ( - -2.053e+03 1 0)
|                ( QUESTION1 1 -4.824e+04 1.453e+02 2.268e+02
|                    ( - -9.142e+03 2 0 QUESTION0_13_R 1 1.397e+02 4.381e+01)
|                    ( QUESTION0_13_R 1 -3.895e+04 1.876e+02 1.830e+02
|                        ( - -2.709e+04 3 0 QUESTION0_14_R 1 1.120e+02 1.288e+02)
|                        ( - -1.167e+04 3 0)))))))
s>    ( QUESTION5 1 -1.152e+05 3.819e+02 5.376e+02
s>        ( - -3.498e+04 1 0)
s>        ( QUESTION0_3_R 1 -7.980e+04 2.101e+02 3.721e+02
s>            ( - -9.747e+03 3 0 QUESTION0_4_R 1 1.254e+02 4.601e+01)
s>            ( QUESTION0_0_R 1 -6.984e+04 1.941e+02 3.261e+02
s>                ( QUESTION13 1 -1.917e+04 1.626e+02 8.828e+01
s>                    ( - -7.469e+02 1 0)
s>                    ( - -1.826e+04 4 0 QUESTION0_7_R 1 1.184e+02 8.428e+01))
s>                ( QUESTION2 1 -5.048e+04 1.860e+02 2.378e+02
s>                    ( - -2.053e+03 1 0)
s>                    ( QUESTION1 1 -4.824e+04 1.453e+02 2.268e+02
s>                        ( - -9.142e+03 2 0 QUESTION0_13_R 1 1.397e+02 4.381e+01)
s>                        ( QUESTION0_13_R 1 -3.895e+04 1.876e+02 1.830e+02
s>                            ( - -2.709e+04 3 0 QUESTION0_14_R 1 1.120e+02 1.288e+02)
s>                            ( - -1.167e+04 3 0)))))))INFO: dtree.c(1439): stop. leaf nodes are specific
INFO: dtree.c(1478): Final simple tree
|( QUESTION0_2_R 1 -1.352e+05 2.188e+02 6.671e+02
|    ( QUESTION0 -1 -6.473e+03 1.288e+02 3.300e+01
|        ( - -9.387e+02 1 0)
|        ( QUESTION0_10_R 1 -5.406e+03 1.470e+02 2.800e+01
|            ( - -2.431e+03 1 0)
|            ( - -2.828e+03 1 0)))
|    ( SILENCE 1 -1.285e+05 1.951e+02 6.341e+02
|        ( - -1.182e+05 1 0)
|        ( - -1.014e+04 2 0)))
s>    ( QUESTION0_2_R 1 -1.352e+05 2.188e+02 6.671e+02
s>        ( QUESTION0 -1 -6.473e+03 1.288e+02 3.300e+01
s>            ( - -9.387e+02 1 0)
s>            ( QUESTION0_10_R 1 -5.406e+03 1.470e+02 2.800e+01
s>                ( - -2.431e+03 1 0)
s>                ( - -2.828e+03 1 0)))
s>        ( SILENCE 1 -1.285e+05 1.951e+02 6.341e+02
s>            ( - -1.182e+05 1 0)
s>            ( - -1.014e+04 2 0)))INFO: dtree.c(1315): Comp split 1
INFO: dtree.c(1478): Final simple tree
|( QUESTION0_3_R 1 -7.980e+04 2.101e+02 3.721e+02
|    ( - -9.747e+03 3 0 QUESTION0_4_R 1 1.254e+02 4.601e+01)
|    ( QUESTION0_0_R 1 -6.984e+04 1.941e+02 3.261e+02
|        ( QUESTION13 1 -1.917e+04 1.626e+02 8.828e+01
|            ( - -7.469e+02 1 0)
|            ( - -1.826e+04 4 0 QUESTION0_7_R 1 1.184e+02 8.428e+01))
|        ( QUESTION2 1 -5.048e+04 1.860e+02 2.378e+02
|            ( - -2.053e+03 1 0)
|            ( QUESTION1 1 -4.824e+04 1.453e+02 2.268e+02
|                ( QUESTION0_13_R 1 -9.142e+03 1.397e+02 4.381e+01
|                    ( - -3.737e+03 1 0)
|                    ( - -5.265e+03 1 0))
|                ( QUESTION0_13_R 1 -3.895e+04 1.876e+02 1.830e+02
|                    ( - -2.709e+04 3 0 QUESTION0_14_R 1 1.120e+02 1.288e+02)
|                    ( - -1.167e+04 3 0))))))
s>    ( QUESTION0_3_R 1 -7.980e+04 2.101e+02 3.721e+02
s>        ( - -9.747e+03 3 0 QUESTION0_4_R 1 1.254e+02 4.601e+01)
s>        ( QUESTION0_0_R 1 -6.984e+04 1.941e+02 3.261e+02
s>            ( QUESTION13 1 -1.917e+04 1.626e+02 8.828e+01
s>                ( - -7.469e+02 1 0)
s>                ( - -1.826e+04 4 0 QUESTION0_7_R 1 1.184e+02 8.428e+01))
s>            ( QUESTION2 1 -5.048e+04 1.860e+02 2.378e+02
s>                ( - -2.053e+03 1 0)
s>                ( QUESTION1 1 -4.824e+04 1.453e+02 2.268e+02
s>                    ( QUESTION0_13_R 1 -9.142e+03 1.397e+02 4.381e+01
s>                        ( - -3.737e+03 1 0)
s>                        ( - -5.265e+03 1 0))
s>                    ( QUESTION0_13_R 1 -3.895e+04 1.876e+02 1.830e+02
s>                        ( - -2.709e+04 3 0 QUESTION0_14_R 1 1.120e+02 1.288e+02)
s>                        ( - -1.167e+04 3 0))))))INFO: dtree.c(1315): Comp split 2
INFO: dtree.c(1478): Final simple tree
|( QUESTION0_0_R 1 -5.573e+04 2.064e+02 2.609e+02
|    ( QUESTION13 1 -1.917e+04 1.626e+02 8.828e+01
|        ( - -7.469e+02 1 0)
|        ( QUESTION0_7_R 1 -1.826e+04 1.184e+02 8.428e+01
|            ( - -4.385e+03 1 0)
|            ( QUESTION17 1 -1.376e+04 1.160e+02 6.416e+01
|                ( - -1.059e+03 1 0)
|                ( QUESTION0_6_R 1 -1.259e+04 1.143e+02 5.916e+01
|                    ( - -2.160e+03 1 0)
|                    ( - -1.031e+04 1 0)))))
|    ( QUESTION0_13_R 1 -3.635e+04 1.489e+02 1.726e+02
|        ( QUESTION0_14_R 1 -3.093e+04 1.155e+02 1.470e+02
|            ( - -4.478e+03 1 0)
|            ( - -2.634e+04 3 0 QUESTION0 1 1.019e+02 1.250e+02))
|        ( - -5.265e+03 1 0)))
s>    ( QUESTION0_0_R 1 -5.573e+04 2.064e+02 2.609e+02
s>        ( QUESTION13 1 -1.917e+04 1.626e+02 8.828e+01
s>            ( - -7.469e+02 1 0)
s>            ( QUESTION0_7_R 1 -1.826e+04 1.184e+02 8.428e+01
s>                ( - -4.385e+03 1 0)
s>                ( QUESTION17 1 -1.376e+04 1.160e+02 6.416e+01
s>                    ( - -1.059e+03 1 0)
s>                    ( QUESTION0_6_R 1 -1.259e+04 1.143e+02 5.916e+01
s>                        ( - -2.160e+03 1 0)
s>                        ( - -1.031e+04 1 0)))))
s>        ( QUESTION0_13_R 1 -3.635e+04 1.489e+02 1.726e+02
s>            ( QUESTION0_14_R 1 -3.093e+04 1.155e+02 1.470e+02
s>                ( - -4.478e+03 1 0)
s>                ( - -2.634e+04 3 0 QUESTION0 1 1.019e+02 1.250e+02))
s>            ( - -5.265e+03 1 0)))INFO: dtree.c(1439): stop. leaf nodes are specific
INFO: dtree.c(1478): Final simple tree
|( QUESTION0_13_R 1 -2.379e+04 1.803e+02 1.113e+02
|    ( - -2.053e+03 1 0)
|    ( QUESTION0_0_R 1 -2.156e+04 1.372e+02 1.003e+02
|        ( QUESTION0_4_R 1 -9.747e+03 1.254e+02 4.601e+01
|            ( QUESTION0 -1 -8.014e+03 1.073e+02 3.801e+01
|                ( - -6.432e+02 1 0)
|                ( - -7.264e+03 1 0))
|            ( - -1.607e+03 1 0))
|        ( - -1.167e+04 3 0)))
s>    ( QUESTION0_13_R 1 -2.379e+04 1.803e+02 1.113e+02
s>        ( - -2.053e+03 1 0)
s>        ( QUESTION0_0_R 1 -2.156e+04 1.372e+02 1.003e+02
s>            ( QUESTION0_4_R 1 -9.747e+03 1.254e+02 4.601e+01
s>                ( QUESTION0 -1 -8.014e+03 1.073e+02 3.801e+01
s>                    ( - -6.432e+02 1 0)
s>                    ( - -7.264e+03 1 0))
s>                ( - -1.607e+03 1 0))
s>            ( - -1.167e+04 3 0)))INFO: dtree.c(1315): Comp split 3
INFO: dtree.c(1439): stop. leaf nodes are specific
INFO: dtree.c(1478): Final simple tree
|( QUESTION0 -1 -6.473e+03 1.288e+02 3.300e+01
|    ( - -9.387e+02 1 0)
|    ( QUESTION0_10_R 1 -5.406e+03 1.470e+02 2.800e+01
|        ( - -2.431e+03 1 0)
|        ( - -2.828e+03 1 0)))
s>    ( QUESTION0 -1 -6.473e+03 1.288e+02 3.300e+01
s>        ( - -9.387e+02 1 0)
s>        ( QUESTION0_10_R 1 -5.406e+03 1.470e+02 2.800e+01
s>            ( - -2.431e+03 1 0)
s>            ( - -2.828e+03 1 0)))INFO: dtree.c(1439): stop. leaf nodes are specific
INFO: dtree.c(1478): Final simple tree
|( SILENCE 1 -1.285e+05 1.951e+02 6.341e+02
|    ( - -1.182e+05 1 0)
|    ( - -1.014e+04 2 0))
s>    ( SILENCE 1 -1.285e+05 1.951e+02 6.341e+02
s>        ( - -1.182e+05 1 0)
s>        ( - -1.014e+04 2 0))INFO: dtree.c(1315): Comp split 4
INFO: dtree.c(1439): stop. leaf nodes are specific
INFO: dtree.c(1478): Final simple tree
|( QUESTION0_7_R 1 -1.826e+04 1.184e+02 8.428e+01
|    ( - -4.385e+03 1 0)
|    ( QUESTION17 1 -1.376e+04 1.160e+02 6.416e+01
|        ( - -1.059e+03 1 0)
|        ( QUESTION0_6_R 1 -1.259e+04 1.143e+02 5.916e+01
|            ( - -2.160e+03 1 0)
|            ( - -1.031e+04 1 0))))
s>    ( QUESTION0_7_R 1 -1.826e+04 1.184e+02 8.428e+01
s>        ( - -4.385e+03 1 0)
s>        ( QUESTION17 1 -1.376e+04 1.160e+02 6.416e+01
s>            ( - -1.059e+03 1 0)
s>            ( QUESTION0_6_R 1 -1.259e+04 1.143e+02 5.916e+01
s>                ( - -2.160e+03 1 0)
s>                ( - -1.031e+04 1 0))))INFO: dtree.c(1439): stop. leaf nodes are specific
INFO: dtree.c(1478): Final simple tree
|( QUESTION0_0_R 1 -3.725e+04 1.543e+02 1.766e+02
|    ( - -7.469e+02 1 0)
|    ( QUESTION0_13_R 1 -3.635e+04 1.489e+02 1.726e+02
|        ( QUESTION0_14_R 1 -3.093e+04 1.155e+02 1.470e+02
|            ( - -4.478e+03 1 0)
|            ( QUESTION0 1 -2.634e+04 1.019e+02 1.250e+02
|                ( - -3.737e+03 1 0)
|                ( - -2.250e+04 2 0)))
|        ( - -5.265e+03 1 0)))
s>    ( QUESTION0_0_R 1 -3.725e+04 1.543e+02 1.766e+02
s>        ( - -7.469e+02 1 0)
s>        ( QUESTION0_13_R 1 -3.635e+04 1.489e+02 1.726e+02
s>            ( QUESTION0_14_R 1 -3.093e+04 1.155e+02 1.470e+02
s>                ( - -4.478e+03 1 0)
s>                ( QUESTION0 1 -2.634e+04 1.019e+02 1.250e+02
s>                    ( - -3.737e+03 1 0)
s>                    ( - -2.250e+04 2 0)))
s>            ( - -5.265e+03 1 0)))INFO: dtree.c(1315): Comp split 5
INFO: dtree.c(1315): Comp split 6
INFO: dtree.c(1439): stop. leaf nodes are specific
INFO: dtree.c(1478): Final simple tree
|( QUESTION0_0_R 1 -2.156e+04 1.372e+02 1.003e+02
|    ( QUESTION0_4_R 1 -9.747e+03 1.254e+02 4.601e+01
|        ( QUESTION0 -1 -8.014e+03 1.073e+02 3.801e+01
|            ( - -6.432e+02 1 0)
|            ( - -7.264e+03 1 0))
|        ( - -1.607e+03 1 0))
|    ( - -1.167e+04 3 0))
s>    ( QUESTION0_0_R 1 -2.156e+04 1.372e+02 1.003e+02
s>        ( QUESTION0_4_R 1 -9.747e+03 1.254e+02 4.601e+01
s>            ( QUESTION0 -1 -8.014e+03 1.073e+02 3.801e+01
s>                ( - -6.432e+02 1 0)
s>                ( - -7.264e+03 1 0))
s>            ( - -1.607e+03 1 0))
s>        ( - -1.167e+04 3 0))INFO: dtree.c(1315): Comp split 7
INFO: dtree.c(1439): stop. leaf nodes are specific
INFO: dtree.c(1478): Final simple tree
|( QUESTION0_13_R 1 -3.635e+04 1.489e+02 1.726e+02
|    ( QUESTION0_14_R 1 -3.093e+04 1.155e+02 1.470e+02
|        ( - -4.478e+03 1 0)
|        ( QUESTION0 1 -2.634e+04 1.019e+02 1.250e+02
|            ( - -3.737e+03 1 0)
|            ( - -2.250e+04 2 0)))
|    ( - -5.265e+03 1 0))
s>    ( QUESTION0_13_R 1 -3.635e+04 1.489e+02 1.726e+02
s>        ( QUESTION0_14_R 1 -3.093e+04 1.155e+02 1.470e+02
s>            ( - -4.478e+03 1 0)
s>            ( QUESTION0 1 -2.634e+04 1.019e+02 1.250e+02
s>                ( - -3.737e+03 1 0)
s>                ( - -2.250e+04 2 0)))
s>        ( - -5.265e+03 1 0))INFO: dtree.c(1315): Comp split 8
INFO: dtree.c(1439): stop. leaf nodes are specific
INFO: dtree.c(1478): Final simple tree
|( QUESTION0_10_R 1 -3.492e+03 1.222e+02 1.800e+01
|    ( - -2.431e+03 1 0)
|    ( - -9.387e+02 1 0))
s>    ( QUESTION0_10_R 1 -3.492e+03 1.222e+02 1.800e+01
s>        ( - -2.431e+03 1 0)
s>        ( - -9.387e+02 1 0))INFO: dtree.c(1315): Comp split 9
INFO: dtree.c(1439): stop. leaf nodes are specific
INFO: dtree.c(1478): Final simple tree
|( QUESTION0_14_R 1 -3.093e+04 1.155e+02 1.470e+02
|    ( - -4.478e+03 1 0)
|    ( QUESTION0 1 -2.634e+04 1.019e+02 1.250e+02
|        ( - -3.737e+03 1 0)
|        ( - -2.250e+04 2 0)))
s>    ( QUESTION0_14_R 1 -3.093e+04 1.155e+02 1.470e+02
s>        ( - -4.478e+03 1 0)
s>        ( QUESTION0 1 -2.634e+04 1.019e+02 1.250e+02
s>            ( - -3.737e+03 1 0)
s>            ( - -2.250e+04 2 0)))INFO: dtree.c(1315): Comp split 10
INFO: dtree.c(1439): stop. leaf nodes are specific
INFO: dtree.c(1478): Final simple tree
|( QUESTION0_4_R 1 -9.747e+03 1.254e+02 4.601e+01
|    ( QUESTION0 -1 -8.014e+03 1.073e+02 3.801e+01
|        ( - -6.432e+02 1 0)
|        ( - -7.264e+03 1 0))
|    ( - -1.607e+03 1 0))
s>    ( QUESTION0_4_R 1 -9.747e+03 1.254e+02 4.601e+01
s>        ( QUESTION0 -1 -8.014e+03 1.073e+02 3.801e+01
s>            ( - -6.432e+02 1 0)
s>            ( - -7.264e+03 1 0))
s>        ( - -1.607e+03 1 0))INFO: dtree.c(1315): Comp split 11
INFO: dtree.c(1439): stop. leaf nodes are specific
INFO: dtree.c(1478): Final simple tree
|( QUESTION0 -1 -8.014e+03 1.073e+02 3.801e+01
|    ( - -6.432e+02 1 0)
|    ( - -7.264e+03 1 0))
s>    ( QUESTION0 -1 -8.014e+03 1.073e+02 3.801e+01
s>        ( - -6.432e+02 1 0)
s>        ( - -7.264e+03 1 0))INFO: dtree.c(1315): Comp split 12
INFO: dtree.c(1439): stop. leaf nodes are specific
INFO: dtree.c(1478): Final simple tree
|( QUESTION0_8_R 1 -1.598e+04 1.147e+02 7.328e+01
|    ( - -1.059e+03 1 0)
|    ( QUESTION0_6_R 1 -1.481e+04 1.093e+02 6.828e+01
|        ( - -4.385e+03 1 0)
|        ( - -1.031e+04 1 0)))
s>    ( QUESTION0_8_R 1 -1.598e+04 1.147e+02 7.328e+01
s>        ( - -1.059e+03 1 0)
s>        ( QUESTION0_6_R 1 -1.481e+04 1.093e+02 6.828e+01
s>            ( - -4.385e+03 1 0)
s>            ( - -1.031e+04 1 0)))INFO: dtree.c(1315): Comp split 13
INFO: dtree.c(1315): Comp split 14
INFO: dtree.c(1439): stop. leaf nodes are specific
INFO: dtree.c(1478): Final simple tree
|( QUESTION0 1 -2.634e+04 1.019e+02 1.250e+02
|    ( - -3.737e+03 1 0)
|    ( - -2.250e+04 2 0))
s>    ( QUESTION0 1 -2.634e+04 1.019e+02 1.250e+02
s>        ( - -3.737e+03 1 0)
s>        ( - -2.250e+04 2 0))INFO: dtree.c(1315): Comp split 15
INFO: dtree.c(1439): stop. leaf nodes are specific
INFO: dtree.c(1478): Final simple tree
|( QUESTION0_6_R 1 -1.481e+04 1.093e+02 6.828e+01
|    ( - -4.385e+03 1 0)
|    ( - -1.031e+04 1 0))
s>    ( QUESTION0_6_R 1 -1.481e+04 1.093e+02 6.828e+01
s>        ( - -4.385e+03 1 0)
s>        ( - -1.031e+04 1 0))INFO: dtree.c(1315): Comp split 16
INFO: dtree.c(1315): Comp split 17
INFO: dtree.c(1315): Comp split 18
INFO: dtree.c(1315): Comp split 19
INFO: dtree.c(1318): stop. leaf nodes are specific
Wed Dec 20 23:52:16 2017
