Current configuration:
[NAME]		[DEFLT]	[VALUE]
-allphones	no	no
-cntthresh	0.00001	1.000000e-05
-csplitmax	100	2000
-csplitmin	1	1
-csplitthr	8e-4	0.000000e+00
-example	no	no
-fullvar	no	no
-help		no	no
-meanfn			/home/alex/repos/speech/an4/model_parameters/an4.cd_cont_untied/means
-mixwfn			/home/alex/repos/speech/an4/model_parameters/an4.cd_cont_untied/mixture_weights
-moddeffn		/home/alex/repos/speech/an4/model_architecture/an4.untied.mdef
-mwfloor	1e-4	1.000000e-08
-phone			M
-psetfn			/home/alex/repos/speech/an4/model_architecture/an4.tree_questions
-ssplitmax	5	7
-ssplitmin	1	1
-ssplitthr	8e-4	0.000000e+00
-state			2
-stwt			1.0,0.05,0.0,
-treefn			/home/alex/repos/speech/an4/trees/an4.unpruned/M-2.dtree
-ts2cbfn	.semi.	.cont.
-varfloor	0.00001	1.000000e-05
-varfn			/home/alex/repos/speech/an4/model_parameters/an4.cd_cont_untied/variances

INFO: main.c(223): Reading: /home/alex/repos/speech/an4/model_architecture/an4.untied.mdef
INFO: model_def_io.c(573): Model definition info:
INFO: model_def_io.c(574): 1618 total models defined (34 base, 1584 tri)
INFO: model_def_io.c(575): 6472 total states
INFO: model_def_io.c(576): 4854 total tied states
INFO: model_def_io.c(577): 102 total tied CI states
INFO: model_def_io.c(578): 34 total tied transition matrices
INFO: model_def_io.c(579): 4 max state/model
INFO: model_def_io.c(580): 4 min state/model
INFO: main.c(242): Building trees for [M EH AH e] through [M SIL EY b]
INFO: main.c(269): Covering states |[2904 2972]| == 69
INFO: main.c(275): Reading: /home/alex/repos/speech/an4/model_parameters/an4.cd_cont_untied/mixture_weights
INFO: s3mixw_io.c(173): Read /home/alex/repos/speech/an4/model_parameters/an4.cd_cont_untied/mixture_weights [69x1x1 array]
INFO: main.c(311): 23 of 23 models have observation count greater than 0.000010
INFO: main.c(95): nrm stwt: 0.000 0.048 0.952 
INFO: s3gau_io.c(169): Read /home/alex/repos/speech/an4/model_parameters/an4.cd_cont_untied/means [4854x1x1 array]
INFO: s3gau_io.c(169): Read /home/alex/repos/speech/an4/model_parameters/an4.cd_cont_untied/variances [4854x1x1 array]
INFO: main.c(549): Reading: /home/alex/repos/speech/an4/model_architecture/an4.tree_questions
INFO: main.c(588): 180 total simple questions (172 phone; 8 word bndry)
INFO: main.c(590): 42 Left Only questions, and 42 Right Only questions
INFO: dtree.c(1478): Final simple tree
|( QUESTION0_1_R 1 -2.398e+05 4.490e+02 1.114e+03
|    ( - -2.280e+04 2 0)
|    ( QUESTION5 1 -2.165e+05 3.554e+02 1.002e+03
|        ( - -4.395e+04 1 0)
|        ( QUESTION0_7_R 1 -1.722e+05 3.281e+02 7.960e+02
|            ( WDBNDRY_E 0 -2.450e+04 3.720e+02 1.141e+02
|                ( QUESTION9 1 -1.873e+04 3.199e+02 8.810e+01
|                    ( - -1.422e+04 1 0)
|                    ( - -4.184e+03 1 0))
|                ( - -5.404e+03 1 0))
|            ( QUESTION0_5_R 1 -1.474e+05 3.051e+02 6.819e+02
|                ( - -2.191e+04 3 0 QUESTION0_6_R 1 2.058e+02 9.863e+01)
|                ( SILENCE -1 -1.252e+05 3.052e+02 5.833e+02
|                    ( - -3.692e+03 2 0 QUESTION0_13_R 1 1.429e+02 1.800e+01)
|                    ( - -1.212e+05 12 0 QUESTION17 1 2.880e+02 5.653e+02))))))
s>    ( QUESTION0_1_R 1 -2.398e+05 4.490e+02 1.114e+03
s>        ( - -2.280e+04 2 0)
s>        ( QUESTION5 1 -2.165e+05 3.554e+02 1.002e+03
s>            ( - -4.395e+04 1 0)
s>            ( QUESTION0_7_R 1 -1.722e+05 3.281e+02 7.960e+02
s>                ( WDBNDRY_E 0 -2.450e+04 3.720e+02 1.141e+02
s>                    ( QUESTION9 1 -1.873e+04 3.199e+02 8.810e+01
s>                        ( - -1.422e+04 1 0)
s>                        ( - -4.184e+03 1 0))
s>                    ( - -5.404e+03 1 0))
s>                ( QUESTION0_5_R 1 -1.474e+05 3.051e+02 6.819e+02
s>                    ( - -2.191e+04 3 0 QUESTION0_6_R 1 2.058e+02 9.863e+01)
s>                    ( SILENCE -1 -1.252e+05 3.052e+02 5.833e+02
s>                        ( - -3.692e+03 2 0 QUESTION0_13_R 1 1.429e+02 1.800e+01)
s>                        ( - -1.212e+05 12 0 QUESTION17 1 2.880e+02 5.653e+02))))))INFO: dtree.c(1315): Comp split 0
INFO: dtree.c(1439): stop. leaf nodes are specific
INFO: dtree.c(1478): Final simple tree
|( QUESTION0_7_R 1 -7.072e+04 3.979e+02 3.253e+02
|    ( - -4.184e+03 1 0)
|    ( QUESTION0_0_R 1 -6.614e+04 2.809e+02 3.043e+02
|        ( QUESTION0_6_R 1 -2.191e+04 2.058e+02 9.863e+01
|            ( - -3.200e+03 1 0)
|            ( QUESTION0_10_R 1 -1.850e+04 1.673e+02 8.364e+01
|                ( - -1.610e+04 1 0)
|                ( - -2.230e+03 1 0)))
|        ( - -4.395e+04 1 0)))
s>    ( QUESTION0_7_R 1 -7.072e+04 3.979e+02 3.253e+02
s>        ( - -4.184e+03 1 0)
s>        ( QUESTION0_0_R 1 -6.614e+04 2.809e+02 3.043e+02
s>            ( QUESTION0_6_R 1 -2.191e+04 2.058e+02 9.863e+01
s>                ( - -3.200e+03 1 0)
s>                ( QUESTION0_10_R 1 -1.850e+04 1.673e+02 8.364e+01
s>                    ( - -1.610e+04 1 0)
s>                    ( - -2.230e+03 1 0)))
s>            ( - -4.395e+04 1 0)))INFO: dtree.c(1478): Final simple tree
|( QUESTION0_1_R 1 -1.686e+05 3.767e+02 7.884e+02
|    ( - -2.280e+04 2 0)
|    ( WDBNDRY_I 0 -1.454e+05 3.220e+02 6.764e+02
|        ( - -5.404e+03 1 0)
|        ( QUESTION14 1 -1.397e+05 3.131e+02 6.504e+02
|            ( - -2.183e+04 2 0 QUESTION0_3_R 1 1.782e+02 1.021e+02)
|            ( SILENCE -1 -1.175e+05 3.052e+02 5.483e+02
|                ( - -3.692e+03 2 0 QUESTION0_13_R 1 1.429e+02 1.800e+01)
|                ( QUESTION17 1 -1.135e+05 2.963e+02 5.303e+02
|                    ( - -6.249e+03 1 0)
|                    ( WDBNDRY_B 0 -1.070e+05 2.563e+02 4.993e+02
|                        ( - -1.745e+02 1 0)
|                        ( SILENCE 1 -1.066e+05 2.534e+02 4.973e+02
|                            ( - -9.827e+03 1 0)
|                            ( - -9.649e+04 8 0 QUESTION0_15_R 1 2.351e+02 4.510e+02))))))))
s>    ( QUESTION0_1_R 1 -1.686e+05 3.767e+02 7.884e+02
s>        ( - -2.280e+04 2 0)
s>        ( WDBNDRY_I 0 -1.454e+05 3.220e+02 6.764e+02
s>            ( - -5.404e+03 1 0)
s>            ( QUESTION14 1 -1.397e+05 3.131e+02 6.504e+02
s>                ( - -2.183e+04 2 0 QUESTION0_3_R 1 1.782e+02 1.021e+02)
s>                ( SILENCE -1 -1.175e+05 3.052e+02 5.483e+02
s>                    ( - -3.692e+03 2 0 QUESTION0_13_R 1 1.429e+02 1.800e+01)
s>                    ( QUESTION17 1 -1.135e+05 2.963e+02 5.303e+02
s>                        ( - -6.249e+03 1 0)
s>                        ( WDBNDRY_B 0 -1.070e+05 2.563e+02 4.993e+02
s>                            ( - -1.745e+02 1 0)
s>                            ( SILENCE 1 -1.066e+05 2.534e+02 4.973e+02
s>                                ( - -9.827e+03 1 0)
s>                                ( - -9.649e+04 8 0 QUESTION0_15_R 1 2.351e+02 4.510e+02))))))))INFO: dtree.c(1315): Comp split 1
INFO: dtree.c(1478): Final simple tree
|( WDBNDRY_I 0 -1.066e+05 3.230e+02 4.970e+02
|    ( - -5.404e+03 1 0)
|    ( SILENCE -1 -1.009e+05 3.062e+02 4.710e+02
|        ( QUESTION0_13_R 1 -3.692e+03 1.429e+02 1.800e+01
|            ( - -1.791e+03 1 0)
|            ( - -1.758e+03 1 0))
|        ( WDBNDRY_B 0 -9.692e+04 2.561e+02 4.530e+02
|            ( - -1.745e+02 1 0)
|            ( QUESTION0_15_R 1 -9.649e+04 2.351e+02 4.510e+02
|                ( - -4.346e+04 2 0)
|                ( QUESTION0 1 -5.279e+04 2.269e+02 2.482e+02
|                    ( QUESTION0_13_R 1 -1.848e+04 1.436e+02 8.794e+01
|                        ( - -4.369e+03 1 0)
|                        ( - -1.397e+04 2 0 QUESTION0_0_R 1 1.168e+02 6.694e+01))
|                    ( - -3.408e+04 3 0))))))
s>    ( WDBNDRY_I 0 -1.066e+05 3.230e+02 4.970e+02
s>        ( - -5.404e+03 1 0)
s>        ( SILENCE -1 -1.009e+05 3.062e+02 4.710e+02
s>            ( QUESTION0_13_R 1 -3.692e+03 1.429e+02 1.800e+01
s>                ( - -1.791e+03 1 0)
s>                ( - -1.758e+03 1 0))
s>            ( WDBNDRY_B 0 -9.692e+04 2.561e+02 4.530e+02
s>                ( - -1.745e+02 1 0)
s>                ( QUESTION0_15_R 1 -9.649e+04 2.351e+02 4.510e+02
s>                    ( - -4.346e+04 2 0)
s>                    ( QUESTION0 1 -5.279e+04 2.269e+02 2.482e+02
s>                        ( QUESTION0_13_R 1 -1.848e+04 1.436e+02 8.794e+01
s>                            ( - -4.369e+03 1 0)
s>                            ( - -1.397e+04 2 0 QUESTION0_0_R 1 1.168e+02 6.694e+01))
s>                        ( - -3.408e+04 3 0))))))INFO: dtree.c(1439): stop. leaf nodes are specific
INFO: dtree.c(1478): Final simple tree
|( QUESTION0_1_R 1 -6.152e+04 3.245e+02 2.914e+02
|    ( - -2.280e+04 2 0)
|    ( QUESTION0_12_R 1 -3.840e+04 2.642e+02 1.794e+02
|        ( - -6.249e+03 1 0)
|        ( SILENCE 1 -3.188e+04 2.308e+02 1.484e+02
|            ( - -9.827e+03 1 0)
|            ( QUESTION0_3_R 1 -2.183e+04 1.782e+02 1.021e+02
|                ( - -7.425e+03 1 0)
|                ( - -1.422e+04 1 0)))))
s>    ( QUESTION0_1_R 1 -6.152e+04 3.245e+02 2.914e+02
s>        ( - -2.280e+04 2 0)
s>        ( QUESTION0_12_R 1 -3.840e+04 2.642e+02 1.794e+02
s>            ( - -6.249e+03 1 0)
s>            ( SILENCE 1 -3.188e+04 2.308e+02 1.484e+02
s>                ( - -9.827e+03 1 0)
s>                ( QUESTION0_3_R 1 -2.183e+04 1.782e+02 1.021e+02
s>                    ( - -7.425e+03 1 0)
s>                    ( - -1.422e+04 1 0)))))INFO: dtree.c(1315): Comp split 2
INFO: dtree.c(1439): stop. leaf nodes are specific
INFO: dtree.c(1478): Final simple tree
|( QUESTION0_0_R 1 -6.614e+04 2.809e+02 3.043e+02
|    ( QUESTION0_6_R 1 -2.191e+04 2.058e+02 9.863e+01
|        ( - -3.200e+03 1 0)
|        ( QUESTION0_10_R 1 -1.850e+04 1.673e+02 8.364e+01
|            ( - -1.610e+04 1 0)
|            ( - -2.230e+03 1 0)))
|    ( - -4.395e+04 1 0))
s>    ( QUESTION0_0_R 1 -6.614e+04 2.809e+02 3.043e+02
s>        ( QUESTION0_6_R 1 -2.191e+04 2.058e+02 9.863e+01
s>            ( - -3.200e+03 1 0)
s>            ( QUESTION0_10_R 1 -1.850e+04 1.673e+02 8.364e+01
s>                ( - -1.610e+04 1 0)
s>                ( - -2.230e+03 1 0)))
s>        ( - -4.395e+04 1 0))INFO: dtree.c(1315): Comp split 3
INFO: dtree.c(1439): stop. leaf nodes are specific
INFO: dtree.c(1478): Final simple tree
|( QUESTION0_13_R 1 -3.859e+04 1.425e+02 1.813e+02
|    ( - -4.369e+03 1 0)
|    ( - -3.408e+04 3 0))
s>    ( QUESTION0_13_R 1 -3.859e+04 1.425e+02 1.813e+02
s>        ( - -4.369e+03 1 0)
s>        ( - -3.408e+04 3 0))INFO: dtree.c(1439): stop. leaf nodes are specific
INFO: dtree.c(1478): Final simple tree
|( WDBNDRY_I 0 -6.772e+04 3.214e+02 3.157e+02
|    ( - -5.404e+03 1 0)
|    ( SILENCE -1 -6.200e+04 2.882e+02 2.897e+02
|        ( QUESTION0_13_R 1 -3.692e+03 1.429e+02 1.800e+01
|            ( - -1.791e+03 1 0)
|            ( - -1.758e+03 1 0))
|        ( WDBNDRY_B 0 -5.802e+04 2.561e+02 2.717e+02
|            ( - -1.745e+02 1 0)
|            ( QUESTION0_20_R 1 -5.759e+04 1.531e+02 2.697e+02
|                ( - -6.997e+03 1 0)
|                ( QUESTION0_0_R 1 -5.044e+04 1.130e+02 2.357e+02
|                    ( - -6.858e+03 1 0)
|                    ( - -4.346e+04 2 0))))))
s>    ( WDBNDRY_I 0 -6.772e+04 3.214e+02 3.157e+02
s>        ( - -5.404e+03 1 0)
s>        ( SILENCE -1 -6.200e+04 2.882e+02 2.897e+02
s>            ( QUESTION0_13_R 1 -3.692e+03 1.429e+02 1.800e+01
s>                ( - -1.791e+03 1 0)
s>                ( - -1.758e+03 1 0))
s>            ( WDBNDRY_B 0 -5.802e+04 2.561e+02 2.717e+02
s>                ( - -1.745e+02 1 0)
s>                ( QUESTION0_20_R 1 -5.759e+04 1.531e+02 2.697e+02
s>                    ( - -6.997e+03 1 0)
s>                    ( QUESTION0_0_R 1 -5.044e+04 1.130e+02 2.357e+02
s>                        ( - -6.858e+03 1 0)
s>                        ( - -4.346e+04 2 0))))))INFO: dtree.c(1315): Comp split 4
INFO: dtree.c(1439): stop. leaf nodes are specific
INFO: dtree.c(1478): Final simple tree
|( QUESTION0_12_R 1 -3.840e+04 2.642e+02 1.794e+02
|    ( - -6.249e+03 1 0)
|    ( SILENCE 1 -3.188e+04 2.308e+02 1.484e+02
|        ( - -9.827e+03 1 0)
|        ( QUESTION0_3_R 1 -2.183e+04 1.782e+02 1.021e+02
|            ( - -7.425e+03 1 0)
|            ( - -1.422e+04 1 0))))
s>    ( QUESTION0_12_R 1 -3.840e+04 2.642e+02 1.794e+02
s>        ( - -6.249e+03 1 0)
s>        ( SILENCE 1 -3.188e+04 2.308e+02 1.484e+02
s>            ( - -9.827e+03 1 0)
s>            ( QUESTION0_3_R 1 -2.183e+04 1.782e+02 1.021e+02
s>                ( - -7.425e+03 1 0)
s>                ( - -1.422e+04 1 0))))INFO: dtree.c(1315): Comp split 5
INFO: dtree.c(1439): stop. leaf nodes are specific
INFO: dtree.c(1478): Final simple tree
|( SILENCE -1 -6.200e+04 2.882e+02 2.897e+02
|    ( QUESTION0_13_R 1 -3.692e+03 1.429e+02 1.800e+01
|        ( - -1.791e+03 1 0)
|        ( - -1.758e+03 1 0))
|    ( WDBNDRY_B 0 -5.802e+04 2.561e+02 2.717e+02
|        ( - -1.745e+02 1 0)
|        ( QUESTION0_20_R 1 -5.759e+04 1.531e+02 2.697e+02
|            ( - -6.997e+03 1 0)
|            ( QUESTION0_0_R 1 -5.044e+04 1.130e+02 2.357e+02
|                ( - -6.858e+03 1 0)
|                ( - -4.346e+04 2 0)))))
s>    ( SILENCE -1 -6.200e+04 2.882e+02 2.897e+02
s>        ( QUESTION0_13_R 1 -3.692e+03 1.429e+02 1.800e+01
s>            ( - -1.791e+03 1 0)
s>            ( - -1.758e+03 1 0))
s>        ( WDBNDRY_B 0 -5.802e+04 2.561e+02 2.717e+02
s>            ( - -1.745e+02 1 0)
s>            ( QUESTION0_20_R 1 -5.759e+04 1.531e+02 2.697e+02
s>                ( - -6.997e+03 1 0)
s>                ( QUESTION0_0_R 1 -5.044e+04 1.130e+02 2.357e+02
s>                    ( - -6.858e+03 1 0)
s>                    ( - -4.346e+04 2 0)))))INFO: dtree.c(1315): Comp split 6
INFO: dtree.c(1439): stop. leaf nodes are specific
INFO: dtree.c(1478): Final simple tree
|( WDBNDRY_B 0 -5.802e+04 2.561e+02 2.717e+02
|    ( - -1.745e+02 1 0)
|    ( QUESTION0_20_R 1 -5.759e+04 1.531e+02 2.697e+02
|        ( - -6.997e+03 1 0)
|        ( QUESTION0_0_R 1 -5.044e+04 1.130e+02 2.357e+02
|            ( - -6.858e+03 1 0)
|            ( - -4.346e+04 2 0))))
s>    ( WDBNDRY_B 0 -5.802e+04 2.561e+02 2.717e+02
s>        ( - -1.745e+02 1 0)
s>        ( QUESTION0_20_R 1 -5.759e+04 1.531e+02 2.697e+02
s>            ( - -6.997e+03 1 0)
s>            ( QUESTION0_0_R 1 -5.044e+04 1.130e+02 2.357e+02
s>                ( - -6.858e+03 1 0)
s>                ( - -4.346e+04 2 0))))INFO: dtree.c(1439): stop. leaf nodes are specific
INFO: dtree.c(1478): Final simple tree
|( QUESTION0_13_R 1 -3.692e+03 1.429e+02 1.800e+01
|    ( - -1.791e+03 1 0)
|    ( - -1.758e+03 1 0))
s>    ( QUESTION0_13_R 1 -3.692e+03 1.429e+02 1.800e+01
s>        ( - -1.791e+03 1 0)
s>        ( - -1.758e+03 1 0))INFO: dtree.c(1315): Comp split 7
INFO: dtree.c(1439): stop. leaf nodes are specific
INFO: dtree.c(1478): Final simple tree
|( QUESTION0_6_R 1 -2.191e+04 2.058e+02 9.863e+01
|    ( - -3.200e+03 1 0)
|    ( QUESTION0_10_R 1 -1.850e+04 1.673e+02 8.364e+01
|        ( - -1.610e+04 1 0)
|        ( - -2.230e+03 1 0)))
s>    ( QUESTION0_6_R 1 -2.191e+04 2.058e+02 9.863e+01
s>        ( - -3.200e+03 1 0)
s>        ( QUESTION0_10_R 1 -1.850e+04 1.673e+02 8.364e+01
s>            ( - -1.610e+04 1 0)
s>            ( - -2.230e+03 1 0)))INFO: dtree.c(1315): Comp split 8
INFO: dtree.c(1439): stop. leaf nodes are specific
INFO: dtree.c(1478): Final simple tree
|( SILENCE 1 -3.188e+04 2.308e+02 1.484e+02
|    ( - -9.827e+03 1 0)
|    ( QUESTION0_3_R 1 -2.183e+04 1.782e+02 1.021e+02
|        ( - -7.425e+03 1 0)
|        ( - -1.422e+04 1 0)))
s>    ( SILENCE 1 -3.188e+04 2.308e+02 1.484e+02
s>        ( - -9.827e+03 1 0)
s>        ( QUESTION0_3_R 1 -2.183e+04 1.782e+02 1.021e+02
s>            ( - -7.425e+03 1 0)
s>            ( - -1.422e+04 1 0)))INFO: dtree.c(1315): Comp split 9
INFO: dtree.c(1439): stop. leaf nodes are specific
INFO: dtree.c(1478): Final simple tree
|( QUESTION0_20_R 1 -5.759e+04 1.531e+02 2.697e+02
|    ( - -6.997e+03 1 0)
|    ( QUESTION0_0_R 1 -5.044e+04 1.130e+02 2.357e+02
|        ( - -6.858e+03 1 0)
|        ( - -4.346e+04 2 0)))
s>    ( QUESTION0_20_R 1 -5.759e+04 1.531e+02 2.697e+02
s>        ( - -6.997e+03 1 0)
s>        ( QUESTION0_0_R 1 -5.044e+04 1.130e+02 2.357e+02
s>            ( - -6.858e+03 1 0)
s>            ( - -4.346e+04 2 0)))INFO: dtree.c(1315): Comp split 10
INFO: dtree.c(1439): stop. leaf nodes are specific
INFO: dtree.c(1478): Final simple tree
|( QUESTION0_3_R 1 -2.183e+04 1.782e+02 1.021e+02
|    ( - -7.425e+03 1 0)
|    ( - -1.422e+04 1 0))
s>    ( QUESTION0_3_R 1 -2.183e+04 1.782e+02 1.021e+02
s>        ( - -7.425e+03 1 0)
s>        ( - -1.422e+04 1 0))INFO: dtree.c(1315): Comp split 11
INFO: dtree.c(1439): stop. leaf nodes are specific
INFO: dtree.c(1478): Final simple tree
|( QUESTION0_10_R 1 -1.850e+04 1.673e+02 8.364e+01
|    ( - -1.610e+04 1 0)
|    ( - -2.230e+03 1 0))
s>    ( QUESTION0_10_R 1 -1.850e+04 1.673e+02 8.364e+01
s>        ( - -1.610e+04 1 0)
s>        ( - -2.230e+03 1 0))INFO: dtree.c(1315): Comp split 12
INFO: dtree.c(1315): Comp split 13
INFO: dtree.c(1315): Comp split 14
INFO: dtree.c(1439): stop. leaf nodes are specific
INFO: dtree.c(1478): Final simple tree
|( QUESTION0_0_R 1 -5.044e+04 1.130e+02 2.357e+02
|    ( - -6.858e+03 1 0)
|    ( - -4.346e+04 2 0))
s>    ( QUESTION0_0_R 1 -5.044e+04 1.130e+02 2.357e+02
s>        ( - -6.858e+03 1 0)
s>        ( - -4.346e+04 2 0))INFO: dtree.c(1315): Comp split 15
INFO: dtree.c(1315): Comp split 16
INFO: dtree.c(1315): Comp split 17
INFO: dtree.c(1315): Comp split 18
INFO: dtree.c(1318): stop. leaf nodes are specific
Wed Dec 20 23:52:21 2017
