Current configuration:
[NAME]		[DEFLT]	[VALUE]
-allphones	no	no
-cntthresh	0.00001	1.000000e-05
-csplitmax	100	2000
-csplitmin	1	1
-csplitthr	8e-4	0.000000e+00
-example	no	no
-fullvar	no	no
-help		no	no
-meanfn			/home/alex/repos/speech/an4/model_parameters/an4.cd_cont_untied/means
-mixwfn			/home/alex/repos/speech/an4/model_parameters/an4.cd_cont_untied/mixture_weights
-moddeffn		/home/alex/repos/speech/an4/model_architecture/an4.untied.mdef
-mwfloor	1e-4	1.000000e-08
-phone			W
-psetfn			/home/alex/repos/speech/an4/model_architecture/an4.tree_questions
-ssplitmax	5	7
-ssplitmin	1	1
-ssplitthr	8e-4	0.000000e+00
-state			0
-stwt			1.0,0.05,0.0,
-treefn			/home/alex/repos/speech/an4/trees/an4.unpruned/W-0.dtree
-ts2cbfn	.semi.	.cont.
-varfloor	0.00001	1.000000e-05
-varfn			/home/alex/repos/speech/an4/model_parameters/an4.cd_cont_untied/variances

INFO: main.c(223): Reading: /home/alex/repos/speech/an4/model_architecture/an4.untied.mdef
INFO: model_def_io.c(573): Model definition info:
INFO: model_def_io.c(574): 1618 total models defined (34 base, 1584 tri)
INFO: model_def_io.c(575): 6472 total states
INFO: model_def_io.c(576): 4854 total tied states
INFO: model_def_io.c(577): 102 total tied CI states
INFO: model_def_io.c(578): 34 total tied transition matrices
INFO: model_def_io.c(579): 4 max state/model
INFO: model_def_io.c(580): 4 min state/model
INFO: main.c(242): Building trees for [W AH AY b] through [W UW AY b]
INFO: main.c(269): Covering states |[4671 4724]| == 54
INFO: main.c(275): Reading: /home/alex/repos/speech/an4/model_parameters/an4.cd_cont_untied/mixture_weights
INFO: s3mixw_io.c(173): Read /home/alex/repos/speech/an4/model_parameters/an4.cd_cont_untied/mixture_weights [54x1x1 array]
INFO: main.c(311): 18 of 18 models have observation count greater than 0.000010
INFO: main.c(95): nrm stwt: 0.952 0.048 0.000 
INFO: s3gau_io.c(169): Read /home/alex/repos/speech/an4/model_parameters/an4.cd_cont_untied/means [4854x1x1 array]
INFO: s3gau_io.c(169): Read /home/alex/repos/speech/an4/model_parameters/an4.cd_cont_untied/variances [4854x1x1 array]
INFO: main.c(549): Reading: /home/alex/repos/speech/an4/model_architecture/an4.tree_questions
INFO: main.c(588): 180 total simple questions (172 phone; 8 word bndry)
INFO: main.c(590): 42 Left Only questions, and 42 Right Only questions
INFO: dtree.c(1478): Final simple tree
|( QUESTION1 1 -3.611e+05 3.331e+03 1.635e+03
|    ( - -1.978e+05 1 0)
|    ( QUESTION14 -1 -1.600e+05 1.168e+03 7.289e+02
|        ( - -2.914e+04 2 0 WDBNDRY_B 0 1.572e+02 1.307e+02)
|        ( QUESTION2_15_L -1 -1.297e+05 7.012e+02 5.982e+02
|            ( QUESTION2_18_L -1 -3.724e+04 3.435e+02 1.784e+02
|                ( - -9.675e+03 1 0)
|                ( - -2.722e+04 5 0 QUESTION2 -1 1.676e+02 1.308e+02))
|            ( SILENCE -1 -9.176e+04 4.604e+02 4.198e+02
|                ( - -8.891e+03 1 0)
|                ( QUESTION2_12_L -1 -8.240e+04 2.661e+02 3.777e+02
|                    ( - -1.574e+04 2 0 QUESTION0 -1 8.567e+01 7.440e+01)
|                    ( QUESTION2_7_L -1 -6.640e+04 2.139e+02 3.033e+02
|                        ( - -2.055e+03 1 0)
|                        ( - -6.413e+04 5 0 QUESTION2_0_L -1 2.101e+02 2.933e+02)))))))
s>    ( QUESTION1 1 -3.611e+05 3.331e+03 1.635e+03
s>        ( - -1.978e+05 1 0)
s>        ( QUESTION14 -1 -1.600e+05 1.168e+03 7.289e+02
s>            ( - -2.914e+04 2 0 WDBNDRY_B 0 1.572e+02 1.307e+02)
s>            ( QUESTION2_15_L -1 -1.297e+05 7.012e+02 5.982e+02
s>                ( QUESTION2_18_L -1 -3.724e+04 3.435e+02 1.784e+02
s>                    ( - -9.675e+03 1 0)
s>                    ( - -2.722e+04 5 0 QUESTION2 -1 1.676e+02 1.308e+02))
s>                ( SILENCE -1 -9.176e+04 4.604e+02 4.198e+02
s>                    ( - -8.891e+03 1 0)
s>                    ( QUESTION2_12_L -1 -8.240e+04 2.661e+02 3.777e+02
s>                        ( - -1.574e+04 2 0 QUESTION0 -1 8.567e+01 7.440e+01)
s>                        ( QUESTION2_7_L -1 -6.640e+04 2.139e+02 3.033e+02
s>                            ( - -2.055e+03 1 0)
s>                            ( - -6.413e+04 5 0 QUESTION2_0_L -1 2.101e+02 2.933e+02)))))))INFO: dtree.c(1315): Comp split 0
INFO: dtree.c(1439): stop. leaf nodes are specific
INFO: dtree.c(1478): Final simple tree
|( WDBNDRY_B 0 -2.000e+05 1.987e+02 9.165e+02
|    ( - -2.055e+03 1 0)
|    ( - -1.978e+05 1 0))
s>    ( WDBNDRY_B 0 -2.000e+05 1.987e+02 9.165e+02
s>        ( - -2.055e+03 1 0)
s>        ( - -1.978e+05 1 0))INFO: dtree.c(1478): Final simple tree
|( QUESTION14 -1 -1.578e+05 1.171e+03 7.189e+02
|    ( - -2.914e+04 2 0 WDBNDRY_B 0 1.572e+02 1.307e+02)
|    ( QUESTION2_15_L -1 -1.274e+05 7.135e+02 5.882e+02
|        ( QUESTION2_18_L -1 -3.724e+04 3.435e+02 1.784e+02
|            ( - -9.675e+03 1 0)
|            ( - -2.722e+04 5 0 QUESTION2 -1 1.676e+02 1.308e+02))
|        ( SILENCE -1 -8.948e+04 4.578e+02 4.098e+02
|            ( - -8.891e+03 1 0)
|            ( QUESTION2_7_L -1 -8.013e+04 2.642e+02 3.677e+02
|                ( - -1.574e+04 2 0 QUESTION0 -1 8.567e+01 7.440e+01)
|                ( QUESTION2_0_L -1 -6.413e+04 2.101e+02 2.933e+02
|                    ( QUESTION0 -1 -2.210e+04 2.271e+02 1.009e+02
|                        ( - -1.907e+04 2 0 WDBNDRY_B 0 1.418e+02 8.793e+01)
|                        ( - -2.806e+03 1 0))
|                    ( - -4.182e+04 2 0))))))
s>    ( QUESTION14 -1 -1.578e+05 1.171e+03 7.189e+02
s>        ( - -2.914e+04 2 0 WDBNDRY_B 0 1.572e+02 1.307e+02)
s>        ( QUESTION2_15_L -1 -1.274e+05 7.135e+02 5.882e+02
s>            ( QUESTION2_18_L -1 -3.724e+04 3.435e+02 1.784e+02
s>                ( - -9.675e+03 1 0)
s>                ( - -2.722e+04 5 0 QUESTION2 -1 1.676e+02 1.308e+02))
s>            ( SILENCE -1 -8.948e+04 4.578e+02 4.098e+02
s>                ( - -8.891e+03 1 0)
s>                ( QUESTION2_7_L -1 -8.013e+04 2.642e+02 3.677e+02
s>                    ( - -1.574e+04 2 0 QUESTION0 -1 8.567e+01 7.440e+01)
s>                    ( QUESTION2_0_L -1 -6.413e+04 2.101e+02 2.933e+02
s>                        ( QUESTION0 -1 -2.210e+04 2.271e+02 1.009e+02
s>                            ( - -1.907e+04 2 0 WDBNDRY_B 0 1.418e+02 8.793e+01)
s>                            ( - -2.806e+03 1 0))
s>                        ( - -4.182e+04 2 0))))))INFO: dtree.c(1315): Comp split 1
INFO: dtree.c(1439): stop. leaf nodes are specific
INFO: dtree.c(1478): Final simple tree
|( WDBNDRY_B 0 -3.222e+04 2.770e+02 1.437e+02
|    ( QUESTION0 -1 -5.032e+03 1.539e+02 2.300e+01
|        ( - -2.072e+03 1 0)
|        ( - -2.806e+03 1 0))
|    ( - -2.692e+04 1 0))
s>    ( WDBNDRY_B 0 -3.222e+04 2.770e+02 1.437e+02
s>        ( QUESTION0 -1 -5.032e+03 1.539e+02 2.300e+01
s>            ( - -2.072e+03 1 0)
s>            ( - -2.806e+03 1 0))
s>        ( - -2.692e+04 1 0))INFO: dtree.c(1478): Final simple tree
|( QUESTION2_15_L -1 -1.243e+05 6.949e+02 5.752e+02
|    ( QUESTION2_18_L -1 -3.724e+04 3.435e+02 1.784e+02
|        ( - -9.675e+03 1 0)
|        ( QUESTION2 -1 -2.722e+04 1.676e+02 1.308e+02
|            ( - -1.452e+03 1 0)
|            ( QUESTION0 -1 -2.560e+04 1.592e+02 1.238e+02
|                ( - -2.927e+03 1 0)
|                ( - -2.252e+04 3 0))))
|    ( SILENCE -1 -8.640e+04 4.535e+02 3.968e+02
|        ( - -8.891e+03 1 0)
|        ( QUESTION2_7_L -1 -7.706e+04 2.598e+02 3.547e+02
|            ( - -1.574e+04 2 0 QUESTION0 -1 8.567e+01 7.440e+01)
|            ( QUESTION0 -1 -6.106e+04 1.721e+02 2.803e+02
|                ( - -1.907e+04 2 0 WDBNDRY_B 0 1.418e+02 8.793e+01)
|                ( - -4.182e+04 2 0)))))
s>    ( QUESTION2_15_L -1 -1.243e+05 6.949e+02 5.752e+02
s>        ( QUESTION2_18_L -1 -3.724e+04 3.435e+02 1.784e+02
s>            ( - -9.675e+03 1 0)
s>            ( QUESTION2 -1 -2.722e+04 1.676e+02 1.308e+02
s>                ( - -1.452e+03 1 0)
s>                ( QUESTION0 -1 -2.560e+04 1.592e+02 1.238e+02
s>                    ( - -2.927e+03 1 0)
s>                    ( - -2.252e+04 3 0))))
s>        ( SILENCE -1 -8.640e+04 4.535e+02 3.968e+02
s>            ( - -8.891e+03 1 0)
s>            ( QUESTION2_7_L -1 -7.706e+04 2.598e+02 3.547e+02
s>                ( - -1.574e+04 2 0 QUESTION0 -1 8.567e+01 7.440e+01)
s>                ( QUESTION0 -1 -6.106e+04 1.721e+02 2.803e+02
s>                    ( - -1.907e+04 2 0 WDBNDRY_B 0 1.418e+02 8.793e+01)
s>                    ( - -4.182e+04 2 0)))))INFO: dtree.c(1315): Comp split 2
INFO: dtree.c(1439): stop. leaf nodes are specific
INFO: dtree.c(1478): Final simple tree
|( SILENCE -1 -8.640e+04 4.535e+02 3.968e+02
|    ( - -8.891e+03 1 0)
|    ( QUESTION2_7_L -1 -7.706e+04 2.598e+02 3.547e+02
|        ( QUESTION0 -1 -1.574e+04 8.567e+01 7.440e+01
|            ( - -9.327e+03 1 0)
|            ( - -6.329e+03 1 0))
|        ( QUESTION0 -1 -6.106e+04 1.721e+02 2.803e+02
|            ( WDBNDRY_B 0 -1.907e+04 1.418e+02 8.793e+01
|                ( - -1.770e+04 1 0)
|                ( - -1.229e+03 1 0))
|            ( - -4.182e+04 2 0))))
s>    ( SILENCE -1 -8.640e+04 4.535e+02 3.968e+02
s>        ( - -8.891e+03 1 0)
s>        ( QUESTION2_7_L -1 -7.706e+04 2.598e+02 3.547e+02
s>            ( QUESTION0 -1 -1.574e+04 8.567e+01 7.440e+01
s>                ( - -9.327e+03 1 0)
s>                ( - -6.329e+03 1 0))
s>            ( QUESTION0 -1 -6.106e+04 1.721e+02 2.803e+02
s>                ( WDBNDRY_B 0 -1.907e+04 1.418e+02 8.793e+01
s>                    ( - -1.770e+04 1 0)
s>                    ( - -1.229e+03 1 0))
s>                ( - -4.182e+04 2 0))))INFO: dtree.c(1439): stop. leaf nodes are specific
INFO: dtree.c(1478): Final simple tree
|( QUESTION2_18_L -1 -3.724e+04 3.435e+02 1.784e+02
|    ( - -9.675e+03 1 0)
|    ( QUESTION2 -1 -2.722e+04 1.676e+02 1.308e+02
|        ( - -1.452e+03 1 0)
|        ( QUESTION0 -1 -2.560e+04 1.592e+02 1.238e+02
|            ( - -2.927e+03 1 0)
|            ( - -2.252e+04 3 0))))
s>    ( QUESTION2_18_L -1 -3.724e+04 3.435e+02 1.784e+02
s>        ( - -9.675e+03 1 0)
s>        ( QUESTION2 -1 -2.722e+04 1.676e+02 1.308e+02
s>            ( - -1.452e+03 1 0)
s>            ( QUESTION0 -1 -2.560e+04 1.592e+02 1.238e+02
s>                ( - -2.927e+03 1 0)
s>                ( - -2.252e+04 3 0))))INFO: dtree.c(1315): Comp split 3
INFO: dtree.c(1439): stop. leaf nodes are specific
INFO: dtree.c(1478): Final simple tree
|( QUESTION2_7_L -1 -7.706e+04 2.598e+02 3.547e+02
|    ( QUESTION0 -1 -1.574e+04 8.567e+01 7.440e+01
|        ( - -9.327e+03 1 0)
|        ( - -6.329e+03 1 0))
|    ( QUESTION0 -1 -6.106e+04 1.721e+02 2.803e+02
|        ( WDBNDRY_B 0 -1.907e+04 1.418e+02 8.793e+01
|            ( - -1.770e+04 1 0)
|            ( - -1.229e+03 1 0))
|        ( - -4.182e+04 2 0)))
s>    ( QUESTION2_7_L -1 -7.706e+04 2.598e+02 3.547e+02
s>        ( QUESTION0 -1 -1.574e+04 8.567e+01 7.440e+01
s>            ( - -9.327e+03 1 0)
s>            ( - -6.329e+03 1 0))
s>        ( QUESTION0 -1 -6.106e+04 1.721e+02 2.803e+02
s>            ( WDBNDRY_B 0 -1.907e+04 1.418e+02 8.793e+01
s>                ( - -1.770e+04 1 0)
s>                ( - -1.229e+03 1 0))
s>            ( - -4.182e+04 2 0)))INFO: dtree.c(1315): Comp split 4
INFO: dtree.c(1439): stop. leaf nodes are specific
INFO: dtree.c(1478): Final simple tree
|( QUESTION2 -1 -2.722e+04 1.676e+02 1.308e+02
|    ( - -1.452e+03 1 0)
|    ( QUESTION0 -1 -2.560e+04 1.592e+02 1.238e+02
|        ( - -2.927e+03 1 0)
|        ( - -2.252e+04 3 0)))
s>    ( QUESTION2 -1 -2.722e+04 1.676e+02 1.308e+02
s>        ( - -1.452e+03 1 0)
s>        ( QUESTION0 -1 -2.560e+04 1.592e+02 1.238e+02
s>            ( - -2.927e+03 1 0)
s>            ( - -2.252e+04 3 0)))INFO: dtree.c(1315): Comp split 5
INFO: dtree.c(1439): stop. leaf nodes are specific
INFO: dtree.c(1478): Final simple tree
|( QUESTION0 -1 -5.032e+03 1.539e+02 2.300e+01
|    ( - -2.072e+03 1 0)
|    ( - -2.806e+03 1 0))
s>    ( QUESTION0 -1 -5.032e+03 1.539e+02 2.300e+01
s>        ( - -2.072e+03 1 0)
s>        ( - -2.806e+03 1 0))INFO: dtree.c(1315): Comp split 6
INFO: dtree.c(1439): stop. leaf nodes are specific
INFO: dtree.c(1478): Final simple tree
|( QUESTION0 -1 -6.106e+04 1.721e+02 2.803e+02
|    ( WDBNDRY_B 0 -1.907e+04 1.418e+02 8.793e+01
|        ( - -1.770e+04 1 0)
|        ( - -1.229e+03 1 0))
|    ( - -4.182e+04 2 0))
s>    ( QUESTION0 -1 -6.106e+04 1.721e+02 2.803e+02
s>        ( WDBNDRY_B 0 -1.907e+04 1.418e+02 8.793e+01
s>            ( - -1.770e+04 1 0)
s>            ( - -1.229e+03 1 0))
s>        ( - -4.182e+04 2 0))INFO: dtree.c(1439): stop. leaf nodes are specific
INFO: dtree.c(1478): Final simple tree
|( QUESTION0 -1 -1.574e+04 8.567e+01 7.440e+01
|    ( - -9.327e+03 1 0)
|    ( - -6.329e+03 1 0))
s>    ( QUESTION0 -1 -1.574e+04 8.567e+01 7.440e+01
s>        ( - -9.327e+03 1 0)
s>        ( - -6.329e+03 1 0))INFO: dtree.c(1315): Comp split 7
INFO: dtree.c(1315): Comp split 8
INFO: dtree.c(1439): stop. leaf nodes are specific
INFO: dtree.c(1478): Final simple tree
|( WDBNDRY_B 0 -1.907e+04 1.418e+02 8.793e+01
|    ( - -1.770e+04 1 0)
|    ( - -1.229e+03 1 0))
s>    ( WDBNDRY_B 0 -1.907e+04 1.418e+02 8.793e+01
s>        ( - -1.770e+04 1 0)
s>        ( - -1.229e+03 1 0))INFO: dtree.c(1315): Comp split 9
INFO: dtree.c(1439): stop. leaf nodes are specific
INFO: dtree.c(1478): Final simple tree
|( QUESTION0 -1 -2.560e+04 1.592e+02 1.238e+02
|    ( - -2.927e+03 1 0)
|    ( - -2.252e+04 3 0))
s>    ( QUESTION0 -1 -2.560e+04 1.592e+02 1.238e+02
s>        ( - -2.927e+03 1 0)
s>        ( - -2.252e+04 3 0))INFO: dtree.c(1315): Comp split 10
INFO: dtree.c(1315): Comp split 11
INFO: dtree.c(1315): Comp split 12
INFO: dtree.c(1315): Comp split 13
INFO: dtree.c(1315): Comp split 14
INFO: dtree.c(1318): stop. leaf nodes are specific
Wed Dec 20 23:52:25 2017
