Current configuration:
[NAME]		[DEFLT]	[VALUE]
-allphones	no	no
-cntthresh	0.00001	1.000000e-05
-csplitmax	100	2000
-csplitmin	1	1
-csplitthr	8e-4	0.000000e+00
-example	no	no
-fullvar	no	no
-help		no	no
-meanfn			/home/alex/repos/speech/an4/model_parameters/an4.cd_cont_untied/means
-mixwfn			/home/alex/repos/speech/an4/model_parameters/an4.cd_cont_untied/mixture_weights
-moddeffn		/home/alex/repos/speech/an4/model_architecture/an4.untied.mdef
-mwfloor	1e-4	1.000000e-08
-phone			T
-psetfn			/home/alex/repos/speech/an4/model_architecture/an4.tree_questions
-ssplitmax	5	7
-ssplitmin	1	1
-ssplitthr	8e-4	0.000000e+00
-state			1
-stwt			1.0,0.05,0.0,
-treefn			/home/alex/repos/speech/an4/trees/an4.unpruned/T-1.dtree
-ts2cbfn	.semi.	.cont.
-varfloor	0.00001	1.000000e-05
-varfn			/home/alex/repos/speech/an4/model_parameters/an4.cd_cont_untied/variances

INFO: main.c(223): Reading: /home/alex/repos/speech/an4/model_architecture/an4.untied.mdef
INFO: model_def_io.c(573): Model definition info:
INFO: model_def_io.c(574): 1618 total models defined (34 base, 1584 tri)
INFO: model_def_io.c(575): 6472 total states
INFO: model_def_io.c(576): 4854 total tied states
INFO: model_def_io.c(577): 102 total tied CI states
INFO: model_def_io.c(578): 34 total tied transition matrices
INFO: model_def_io.c(579): 4 max state/model
INFO: model_def_io.c(580): 4 min state/model
INFO: main.c(242): Building trees for [T AH IY b] through [T V W b]
INFO: main.c(269): Covering states |[4080 4361]| == 282
INFO: main.c(275): Reading: /home/alex/repos/speech/an4/model_parameters/an4.cd_cont_untied/mixture_weights
INFO: s3mixw_io.c(173): Read /home/alex/repos/speech/an4/model_parameters/an4.cd_cont_untied/mixture_weights [282x1x1 array]
INFO: main.c(311): 94 of 94 models have observation count greater than 0.000010
INFO: main.c(95): nrm stwt: 0.045 0.909 0.045 
INFO: s3gau_io.c(169): Read /home/alex/repos/speech/an4/model_parameters/an4.cd_cont_untied/means [4854x1x1 array]
INFO: s3gau_io.c(169): Read /home/alex/repos/speech/an4/model_parameters/an4.cd_cont_untied/variances [4854x1x1 array]
INFO: main.c(549): Reading: /home/alex/repos/speech/an4/model_architecture/an4.tree_questions
INFO: main.c(588): 180 total simple questions (172 phone; 8 word bndry)
INFO: main.c(590): 42 Left Only questions, and 42 Right Only questions
INFO: dtree.c(1478): Final simple tree
|( QUESTION20 1 -6.361e+05 1.215e+03 2.603e+03
|    ( WDBNDRY_B 0 -4.921e+05 1.068e+03 2.018e+03
|        ( QUESTION2_3_L -1 -3.625e+05 9.146e+02 1.480e+03
|            ( - -6.026e+04 3 0 QUESTION0 -1 1.032e+02 2.503e+02)
|            ( QUESTION2_14_L -1 -3.013e+05 5.879e+02 1.229e+03
|                ( - -8.347e+04 4 0)
|                ( QUESTION2_6_L -1 -2.172e+05 5.152e+02 8.889e+02
|                    ( - -1.762e+05 22 0 QUESTION0 -1 3.411e+02 7.254e+02)
|                    ( - -4.054e+04 3 0 SILENCE -1 1.485e+02 1.635e+02))))
|        ( QUESTION1 -1 -1.286e+05 6.479e+02 5.386e+02
|            ( - -3.439e+04 2 0 QUESTION2 -1 3.920e+02 1.451e+02)
|            ( - -9.353e+04 16 0 QUESTION2_7_L -1 4.692e+02 3.936e+02)))
|    ( QUESTION3 1 -1.428e+05 7.320e+02 5.848e+02
|        ( - -4.599e+04 19 0 WDBNDRY_I 0 3.438e+02 1.852e+02)
|        ( - -9.604e+04 25 0 QUESTION2_0_L -1 4.628e+02 3.996e+02)))
s>    ( QUESTION20 1 -6.361e+05 1.215e+03 2.603e+03
s>        ( WDBNDRY_B 0 -4.921e+05 1.068e+03 2.018e+03
s>            ( QUESTION2_3_L -1 -3.625e+05 9.146e+02 1.480e+03
s>                ( - -6.026e+04 3 0 QUESTION0 -1 1.032e+02 2.503e+02)
s>                ( QUESTION2_14_L -1 -3.013e+05 5.879e+02 1.229e+03
s>                    ( - -8.347e+04 4 0)
s>                    ( QUESTION2_6_L -1 -2.172e+05 5.152e+02 8.889e+02
s>                        ( - -1.762e+05 22 0 QUESTION0 -1 3.411e+02 7.254e+02)
s>                        ( - -4.054e+04 3 0 SILENCE -1 1.485e+02 1.635e+02))))
s>            ( QUESTION1 -1 -1.286e+05 6.479e+02 5.386e+02
s>                ( - -3.439e+04 2 0 QUESTION2 -1 3.920e+02 1.451e+02)
s>                ( - -9.353e+04 16 0 QUESTION2_7_L -1 4.692e+02 3.936e+02)))
s>        ( QUESTION3 1 -1.428e+05 7.320e+02 5.848e+02
s>            ( - -4.599e+04 19 0 WDBNDRY_I 0 3.438e+02 1.852e+02)
s>            ( - -9.604e+04 25 0 QUESTION2_0_L -1 4.628e+02 3.996e+02)))INFO: dtree.c(1315): Comp split 0
INFO: dtree.c(1478): Final simple tree
|( QUESTION2_3_L -1 -3.625e+05 9.146e+02 1.480e+03
|    ( - -6.026e+04 3 0 QUESTION0 -1 1.032e+02 2.503e+02)
|    ( QUESTION2_14_L -1 -3.013e+05 5.879e+02 1.229e+03
|        ( - -8.347e+04 4 0)
|        ( QUESTION2_6_L -1 -2.172e+05 5.152e+02 8.889e+02
|            ( QUESTION0 -1 -1.762e+05 3.411e+02 7.254e+02
|                ( QUESTION2 -1 -1.020e+05 2.069e+02 4.268e+02
|                    ( - -3.002e+04 2 0)
|                    ( QUESTION16 -1 -7.174e+04 1.528e+02 3.003e+02
|                        ( - -4.457e+04 2 0)
|                        ( - -2.701e+04 8 0 QUESTION14 -1 1.323e+02 1.125e+02)))
|                ( QUESTION2_7_L -1 -7.387e+04 2.351e+02 2.986e+02
|                    ( - -2.752e+04 4 0 QUESTION2_8_L -1 9.057e+01 1.154e+02)
|                    ( - -4.611e+04 6 0)))
|            ( - -4.054e+04 3 0 SILENCE -1 1.485e+02 1.635e+02))))
s>    ( QUESTION2_3_L -1 -3.625e+05 9.146e+02 1.480e+03
s>        ( - -6.026e+04 3 0 QUESTION0 -1 1.032e+02 2.503e+02)
s>        ( QUESTION2_14_L -1 -3.013e+05 5.879e+02 1.229e+03
s>            ( - -8.347e+04 4 0)
s>            ( QUESTION2_6_L -1 -2.172e+05 5.152e+02 8.889e+02
s>                ( QUESTION0 -1 -1.762e+05 3.411e+02 7.254e+02
s>                    ( QUESTION2 -1 -1.020e+05 2.069e+02 4.268e+02
s>                        ( - -3.002e+04 2 0)
s>                        ( QUESTION16 -1 -7.174e+04 1.528e+02 3.003e+02
s>                            ( - -4.457e+04 2 0)
s>                            ( - -2.701e+04 8 0 QUESTION14 -1 1.323e+02 1.125e+02)))
s>                    ( QUESTION2_7_L -1 -7.387e+04 2.351e+02 2.986e+02
s>                        ( - -2.752e+04 4 0 QUESTION2_8_L -1 9.057e+01 1.154e+02)
s>                        ( - -4.611e+04 6 0)))
s>                ( - -4.054e+04 3 0 SILENCE -1 1.485e+02 1.635e+02))))INFO: dtree.c(1478): Final simple tree
|( QUESTION3 1 -2.720e+05 8.796e+02 1.123e+03
|    ( WDBNDRY_I 0 -4.599e+04 3.438e+02 1.852e+02
|        ( - -1.079e+04 2 0 QUESTION0_19_R 1 4.984e+02 4.698e+01)
|        ( - -3.485e+04 17 0 QUESTION2 -1 2.240e+02 1.382e+02))
|    ( WDBNDRY_I 0 -2.252e+05 8.107e+02 9.383e+02
|        ( QUESTION2_7_L -1 -9.191e+04 5.904e+02 3.903e+02
|            ( - -4.993e+04 4 0 QUESTION2_11_L -1 2.347e+02 2.176e+02)
|            ( QUESTION0_0_R 1 -4.139e+04 4.432e+02 1.727e+02
|                ( - 1.972e+02 1 0)
|                ( QUESTION2 -1 -4.114e+04 4.043e+02 1.717e+02
|                    ( - -2.120e+04 1 0)
|                    ( - -1.954e+04 3 0 QUESTION1 -1 2.942e+02 7.990e+01))))
|        ( QUESTION2_0_L -1 -1.324e+05 4.623e+02 5.480e+02
|            ( - 1.984e+02 1 0)
|            ( - -1.322e+05 33 0 QUESTION0_12_R 1 2.811e+02 5.470e+02))))
s>    ( QUESTION3 1 -2.720e+05 8.796e+02 1.123e+03
s>        ( WDBNDRY_I 0 -4.599e+04 3.438e+02 1.852e+02
s>            ( - -1.079e+04 2 0 QUESTION0_19_R 1 4.984e+02 4.698e+01)
s>            ( - -3.485e+04 17 0 QUESTION2 -1 2.240e+02 1.382e+02))
s>        ( WDBNDRY_I 0 -2.252e+05 8.107e+02 9.383e+02
s>            ( QUESTION2_7_L -1 -9.191e+04 5.904e+02 3.903e+02
s>                ( - -4.993e+04 4 0 QUESTION2_11_L -1 2.347e+02 2.176e+02)
s>                ( QUESTION0_0_R 1 -4.139e+04 4.432e+02 1.727e+02
s>                    ( - 1.972e+02 1 0)
s>                    ( QUESTION2 -1 -4.114e+04 4.043e+02 1.717e+02
s>                        ( - -2.120e+04 1 0)
s>                        ( - -1.954e+04 3 0 QUESTION1 -1 2.942e+02 7.990e+01))))
s>            ( QUESTION2_0_L -1 -1.324e+05 4.623e+02 5.480e+02
s>                ( - 1.984e+02 1 0)
s>                ( - -1.322e+05 33 0 QUESTION0_12_R 1 2.811e+02 5.470e+02))))INFO: dtree.c(1315): Comp split 1
INFO: dtree.c(1478): Final simple tree
|( QUESTION1 1 -6.634e+04 5.577e+02 2.661e+02
|    ( WDBNDRY_I 0 -4.599e+04 3.438e+02 1.852e+02
|        ( QUESTION0_19_R 1 -1.079e+04 4.984e+02 4.698e+01
|            ( - -1.054e+04 1 0)
|            ( - 2.429e+02 1 0))
|        ( QUESTION2 -1 -3.485e+04 2.240e+02 1.382e+02
|            ( - -7.967e+03 1 0)
|            ( QUESTION14 -1 -2.666e+04 1.984e+02 1.040e+02
|                ( - -1.900e+03 1 0)
|                ( - -2.456e+04 15 0 QUESTION0_13_R 1 2.026e+02 9.592e+01))))
|    ( WDBNDRY_B 0 -1.979e+04 4.513e+02 8.090e+01
|        ( - 1.984e+02 1 0)
|        ( QUESTION1 -1 -1.954e+04 2.942e+02 7.990e+01
|            ( - -1.280e+04 1 0)
|            ( - -6.441e+03 2 0 QUESTION0 -1 1.214e+02 2.668e+01))))
s>    ( QUESTION1 1 -6.634e+04 5.577e+02 2.661e+02
s>        ( WDBNDRY_I 0 -4.599e+04 3.438e+02 1.852e+02
s>            ( QUESTION0_19_R 1 -1.079e+04 4.984e+02 4.698e+01
s>                ( - -1.054e+04 1 0)
s>                ( - 2.429e+02 1 0))
s>            ( QUESTION2 -1 -3.485e+04 2.240e+02 1.382e+02
s>                ( - -7.967e+03 1 0)
s>                ( QUESTION14 -1 -2.666e+04 1.984e+02 1.040e+02
s>                    ( - -1.900e+03 1 0)
s>                    ( - -2.456e+04 15 0 QUESTION0_13_R 1 2.026e+02 9.592e+01))))
s>        ( WDBNDRY_B 0 -1.979e+04 4.513e+02 8.090e+01
s>            ( - 1.984e+02 1 0)
s>            ( QUESTION1 -1 -1.954e+04 2.942e+02 7.990e+01
s>                ( - -1.280e+04 1 0)
s>                ( - -6.441e+03 2 0 QUESTION0 -1 1.214e+02 2.668e+01))))INFO: dtree.c(1478): Final simple tree
|( WDBNDRY_I 0 -2.047e+05 7.517e+02 8.574e+02
|    ( QUESTION11 1 -7.177e+04 4.458e+02 3.104e+02
|        ( - 1.972e+02 1 0)
|        ( QUESTION1 -1 -7.152e+04 3.973e+02 3.094e+02
|            ( - -2.120e+04 1 0)
|            ( QUESTION2_11_L -1 -4.993e+04 2.347e+02 2.176e+02
|                ( - -1.775e+04 1 0)
|                ( - -3.194e+04 3 0 QUESTION0_20_R 1 1.577e+02 1.406e+02))))
|    ( QUESTION0_12_R 1 -1.322e+05 2.811e+02 5.470e+02
|        ( - -2.116e+04 11 0 QUESTION17 1 1.397e+02 8.314e+01)
|        ( SILENCE 1 -1.107e+05 2.576e+02 4.638e+02
|            ( - -4.280e+04 3 0 QUESTION0 -1 2.144e+02 1.783e+02)
|            ( QUESTION2_14_L -1 -6.769e+04 2.576e+02 2.855e+02
|                ( - -3.964e+04 6 0 QUESTION0_10_R 1 1.814e+02 1.712e+02)
|                ( - -2.778e+04 13 0 QUESTION0_4_R 1 1.680e+02 1.142e+02)))))
s>    ( WDBNDRY_I 0 -2.047e+05 7.517e+02 8.574e+02
s>        ( QUESTION11 1 -7.177e+04 4.458e+02 3.104e+02
s>            ( - 1.972e+02 1 0)
s>            ( QUESTION1 -1 -7.152e+04 3.973e+02 3.094e+02
s>                ( - -2.120e+04 1 0)
s>                ( QUESTION2_11_L -1 -4.993e+04 2.347e+02 2.176e+02
s>                    ( - -1.775e+04 1 0)
s>                    ( - -3.194e+04 3 0 QUESTION0_20_R 1 1.577e+02 1.406e+02))))
s>        ( QUESTION0_12_R 1 -1.322e+05 2.811e+02 5.470e+02
s>            ( - -2.116e+04 11 0 QUESTION17 1 1.397e+02 8.314e+01)
s>            ( SILENCE 1 -1.107e+05 2.576e+02 4.638e+02
s>                ( - -4.280e+04 3 0 QUESTION0 -1 2.144e+02 1.783e+02)
s>                ( QUESTION2_14_L -1 -6.769e+04 2.576e+02 2.855e+02
s>                    ( - -3.964e+04 6 0 QUESTION0_10_R 1 1.814e+02 1.712e+02)
s>                    ( - -2.778e+04 13 0 QUESTION0_4_R 1 1.680e+02 1.142e+02)))))INFO: dtree.c(1315): Comp split 2
INFO: dtree.c(1439): stop. leaf nodes are specific
INFO: dtree.c(1478): Final simple tree
|( QUESTION0 -1 -1.484e+05 2.957e+02 6.100e+02
|    ( QUESTION2 -1 -1.020e+05 2.069e+02 4.268e+02
|        ( - -3.002e+04 2 0)
|        ( QUESTION16 -1 -7.174e+04 1.528e+02 3.003e+02
|            ( - -4.457e+04 2 0)
|            ( QUESTION14 -1 -2.701e+04 1.323e+02 1.125e+02
|                ( - -7.283e+03 2 0)
|                ( QUESTION2_18_L -1 -1.960e+04 1.030e+02 8.217e+01
|                    ( - -1.539e+04 2 0)
|                    ( QUESTION1 -1 -4.104e+03 8.213e+01 1.700e+01
|                        ( - -1.617e+03 2 0)
|                        ( - -2.405e+03 2 0))))))
|    ( - -4.611e+04 6 0))
s>    ( QUESTION0 -1 -1.484e+05 2.957e+02 6.100e+02
s>        ( QUESTION2 -1 -1.020e+05 2.069e+02 4.268e+02
s>            ( - -3.002e+04 2 0)
s>            ( QUESTION16 -1 -7.174e+04 1.528e+02 3.003e+02
s>                ( - -4.457e+04 2 0)
s>                ( QUESTION14 -1 -2.701e+04 1.323e+02 1.125e+02
s>                    ( - -7.283e+03 2 0)
s>                    ( QUESTION2_18_L -1 -1.960e+04 1.030e+02 8.217e+01
s>                        ( - -1.539e+04 2 0)
s>                        ( QUESTION1 -1 -4.104e+03 8.213e+01 1.700e+01
s>                            ( - -1.617e+03 2 0)
s>                            ( - -2.405e+03 2 0))))))
s>        ( - -4.611e+04 6 0))INFO: dtree.c(1439): stop. leaf nodes are specific
INFO: dtree.c(1478): Final simple tree
|( QUESTION2_3_L -1 -2.131e+05 5.608e+02 8.696e+02
|    ( QUESTION0 -1 -6.026e+04 1.032e+02 2.503e+02
|        ( - -9.560e+03 2 0)
|        ( - -5.060e+04 1 0))
|    ( QUESTION2_13_L -1 -1.523e+05 5.446e+02 6.194e+02
|        ( - -8.347e+04 4 0)
|        ( SILENCE -1 -6.826e+04 2.142e+02 2.790e+02
|            ( - -3.461e+04 2 0)
|            ( QUESTION0 -1 -3.344e+04 1.414e+02 1.382e+02
|                ( - -5.777e+03 1 0)
|                ( QUESTION2_8_L -1 -2.752e+04 9.057e+01 1.154e+02
|                    ( - -5.623e+03 2 0)
|                    ( - -2.181e+04 2 0))))))
s>    ( QUESTION2_3_L -1 -2.131e+05 5.608e+02 8.696e+02
s>        ( QUESTION0 -1 -6.026e+04 1.032e+02 2.503e+02
s>            ( - -9.560e+03 2 0)
s>            ( - -5.060e+04 1 0))
s>        ( QUESTION2_13_L -1 -1.523e+05 5.446e+02 6.194e+02
s>            ( - -8.347e+04 4 0)
s>            ( SILENCE -1 -6.826e+04 2.142e+02 2.790e+02
s>                ( - -3.461e+04 2 0)
s>                ( QUESTION0 -1 -3.344e+04 1.414e+02 1.382e+02
s>                    ( - -5.777e+03 1 0)
s>                    ( QUESTION2_8_L -1 -2.752e+04 9.057e+01 1.154e+02
s>                        ( - -5.623e+03 2 0)
s>                        ( - -2.181e+04 2 0))))))INFO: dtree.c(1315): Comp split 3
INFO: dtree.c(1439): stop. leaf nodes are specific
INFO: dtree.c(1478): Final simple tree
|( QUESTION1 -1 -7.152e+04 3.973e+02 3.094e+02
|    ( - -2.120e+04 1 0)
|    ( QUESTION2_11_L -1 -4.993e+04 2.347e+02 2.176e+02
|        ( - -1.775e+04 1 0)
|        ( QUESTION0_20_R 1 -3.194e+04 1.577e+02 1.406e+02
|            ( - -2.770e+04 1 0)
|            ( QUESTION0_0_R 1 -4.084e+03 9.516e+01 1.800e+01
|                ( - -2.641e+03 1 0)
|                ( - -1.348e+03 1 0)))))
s>    ( QUESTION1 -1 -7.152e+04 3.973e+02 3.094e+02
s>        ( - -2.120e+04 1 0)
s>        ( QUESTION2_11_L -1 -4.993e+04 2.347e+02 2.176e+02
s>            ( - -1.775e+04 1 0)
s>            ( QUESTION0_20_R 1 -3.194e+04 1.577e+02 1.406e+02
s>                ( - -2.770e+04 1 0)
s>                ( QUESTION0_0_R 1 -4.084e+03 9.516e+01 1.800e+01
s>                    ( - -2.641e+03 1 0)
s>                    ( - -1.348e+03 1 0)))))INFO: dtree.c(1478): Final simple tree
|( WDBNDRY_I 0 -1.324e+05 4.443e+02 5.480e+02
|    ( - 1.972e+02 1 0)
|    ( QUESTION0_12_R 1 -1.322e+05 2.811e+02 5.470e+02
|        ( - -2.116e+04 11 0 QUESTION17 1 1.397e+02 8.314e+01)
|        ( SILENCE 1 -1.107e+05 2.576e+02 4.638e+02
|            ( QUESTION0 -1 -4.280e+04 2.144e+02 1.783e+02
|                ( - -5.781e+03 1 0)
|                ( - -3.680e+04 2 0))
|            ( QUESTION2_14_L -1 -6.769e+04 2.576e+02 2.855e+02
|                ( QUESTION0_10_R 1 -3.964e+04 1.814e+02 1.712e+02
|                    ( - -3.225e+03 1 0)
|                    ( - -3.624e+04 5 0 QUESTION9 1 1.495e+02 1.577e+02))
|                ( QUESTION0_4_R 1 -2.778e+04 1.680e+02 1.142e+02
|                    ( - -3.453e+03 2 0 QUESTION2_7_L -1 2.001e+02 1.300e+01)
|                    ( - -2.416e+04 11 0 QUESTION2_12_L -1 4.693e+02 1.012e+02))))))
s>    ( WDBNDRY_I 0 -1.324e+05 4.443e+02 5.480e+02
s>        ( - 1.972e+02 1 0)
s>        ( QUESTION0_12_R 1 -1.322e+05 2.811e+02 5.470e+02
s>            ( - -2.116e+04 11 0 QUESTION17 1 1.397e+02 8.314e+01)
s>            ( SILENCE 1 -1.107e+05 2.576e+02 4.638e+02
s>                ( QUESTION0 -1 -4.280e+04 2.144e+02 1.783e+02
s>                    ( - -5.781e+03 1 0)
s>                    ( - -3.680e+04 2 0))
s>                ( QUESTION2_14_L -1 -6.769e+04 2.576e+02 2.855e+02
s>                    ( QUESTION0_10_R 1 -3.964e+04 1.814e+02 1.712e+02
s>                        ( - -3.225e+03 1 0)
s>                        ( - -3.624e+04 5 0 QUESTION9 1 1.495e+02 1.577e+02))
s>                    ( QUESTION0_4_R 1 -2.778e+04 1.680e+02 1.142e+02
s>                        ( - -3.453e+03 2 0 QUESTION2_7_L -1 2.001e+02 1.300e+01)
s>                        ( - -2.416e+04 11 0 QUESTION2_12_L -1 4.693e+02 1.012e+02))))))INFO: dtree.c(1315): Comp split 4
INFO: dtree.c(1439): stop. leaf nodes are specific
INFO: dtree.c(1478): Final simple tree
|( QUESTION0_13_R 1 -2.208e+04 4.833e+02 8.994e+01
|    ( - 2.429e+02 1 0)
|    ( QUESTION0_0_R 1 -2.184e+04 4.508e+02 8.894e+01
|        ( - 1.984e+02 1 0)
|        ( QUESTION1 -1 -2.158e+04 3.190e+02 8.794e+01
|            ( - -1.280e+04 1 0)
|            ( QUESTION10 -1 -8.462e+03 1.212e+02 3.473e+01
|                ( - -6.274e+02 1 0)
|                ( WDBNDRY_B 0 -7.713e+03 1.209e+02 3.173e+01
|                    ( - -1.900e+03 1 0)
|                    ( - -5.692e+03 1 0))))))
s>    ( QUESTION0_13_R 1 -2.208e+04 4.833e+02 8.994e+01
s>        ( - 2.429e+02 1 0)
s>        ( QUESTION0_0_R 1 -2.184e+04 4.508e+02 8.894e+01
s>            ( - 1.984e+02 1 0)
s>            ( QUESTION1 -1 -2.158e+04 3.190e+02 8.794e+01
s>                ( - -1.280e+04 1 0)
s>                ( QUESTION10 -1 -8.462e+03 1.212e+02 3.473e+01
s>                    ( - -6.274e+02 1 0)
s>                    ( WDBNDRY_B 0 -7.713e+03 1.209e+02 3.173e+01
s>                        ( - -1.900e+03 1 0)
s>                        ( - -5.692e+03 1 0))))))INFO: dtree.c(1478): Final simple tree
|( WDBNDRY_I 0 -4.367e+04 3.663e+02 1.761e+02
|    ( - -1.054e+04 1 0)
|    ( QUESTION2 -1 -3.276e+04 2.327e+02 1.301e+02
|        ( - -7.967e+03 1 0)
|        ( QUESTION0_13_R 1 -2.456e+04 2.026e+02 9.592e+01
|            ( QUESTION4 1 -2.921e+03 1.771e+02 1.192e+01
|                ( - -2.136e+03 1 0)
|                ( - -6.077e+02 1 0))
|            ( WDBNDRY_B 0 -2.144e+04 1.338e+02 8.400e+01
|                ( QUESTION2_12_L -1 -2.072e+04 1.274e+02 8.100e+01
|                    ( QUESTION0 -1 -1.776e+03 1.494e+02 8.000e+00
|                        ( - -1.251e+03 1 0)
|                        ( - -3.757e+02 1 0))
|                    ( - -1.881e+04 10 0 QUESTION2_15_L -1 1.242e+02 7.300e+01))
|                ( - -5.873e+02 1 0)))))
s>    ( WDBNDRY_I 0 -4.367e+04 3.663e+02 1.761e+02
s>        ( - -1.054e+04 1 0)
s>        ( QUESTION2 -1 -3.276e+04 2.327e+02 1.301e+02
s>            ( - -7.967e+03 1 0)
s>            ( QUESTION0_13_R 1 -2.456e+04 2.026e+02 9.592e+01
s>                ( QUESTION4 1 -2.921e+03 1.771e+02 1.192e+01
s>                    ( - -2.136e+03 1 0)
s>                    ( - -6.077e+02 1 0))
s>                ( WDBNDRY_B 0 -2.144e+04 1.338e+02 8.400e+01
s>                    ( QUESTION2_12_L -1 -2.072e+04 1.274e+02 8.100e+01
s>                        ( QUESTION0 -1 -1.776e+03 1.494e+02 8.000e+00
s>                            ( - -1.251e+03 1 0)
s>                            ( - -3.757e+02 1 0))
s>                        ( - -1.881e+04 10 0 QUESTION2_15_L -1 1.242e+02 7.300e+01))
s>                    ( - -5.873e+02 1 0)))))INFO: dtree.c(1315): Comp split 5
INFO: dtree.c(1439): stop. leaf nodes are specific
INFO: dtree.c(1478): Final simple tree
|( QUESTION2_13_L -1 -1.523e+05 5.446e+02 6.194e+02
|    ( - -8.347e+04 4 0)
|    ( SILENCE -1 -6.826e+04 2.142e+02 2.790e+02
|        ( - -3.461e+04 2 0)
|        ( QUESTION0 -1 -3.344e+04 1.414e+02 1.382e+02
|            ( - -5.777e+03 1 0)
|            ( QUESTION2_8_L -1 -2.752e+04 9.057e+01 1.154e+02
|                ( - -5.623e+03 2 0)
|                ( - -2.181e+04 2 0)))))
s>    ( QUESTION2_13_L -1 -1.523e+05 5.446e+02 6.194e+02
s>        ( - -8.347e+04 4 0)
s>        ( SILENCE -1 -6.826e+04 2.142e+02 2.790e+02
s>            ( - -3.461e+04 2 0)
s>            ( QUESTION0 -1 -3.344e+04 1.414e+02 1.382e+02
s>                ( - -5.777e+03 1 0)
s>                ( QUESTION2_8_L -1 -2.752e+04 9.057e+01 1.154e+02
s>                    ( - -5.623e+03 2 0)
s>                    ( - -2.181e+04 2 0)))))INFO: dtree.c(1439): stop. leaf nodes are specific
INFO: dtree.c(1478): Final simple tree
|( QUESTION0 -1 -6.026e+04 1.032e+02 2.503e+02
|    ( - -9.560e+03 2 0)
|    ( - -5.060e+04 1 0))
s>    ( QUESTION0 -1 -6.026e+04 1.032e+02 2.503e+02
s>        ( - -9.560e+03 2 0)
s>        ( - -5.060e+04 1 0))INFO: dtree.c(1315): Comp split 6
INFO: dtree.c(1439): stop. leaf nodes are specific
INFO: dtree.c(1478): Final simple tree
|( SILENCE -1 -6.826e+04 2.142e+02 2.790e+02
|    ( - -3.461e+04 2 0)
|    ( QUESTION0 -1 -3.344e+04 1.414e+02 1.382e+02
|        ( - -5.777e+03 1 0)
|        ( QUESTION2_8_L -1 -2.752e+04 9.057e+01 1.154e+02
|            ( - -5.623e+03 2 0)
|            ( - -2.181e+04 2 0))))
s>    ( SILENCE -1 -6.826e+04 2.142e+02 2.790e+02
s>        ( - -3.461e+04 2 0)
s>        ( QUESTION0 -1 -3.344e+04 1.414e+02 1.382e+02
s>            ( - -5.777e+03 1 0)
s>            ( QUESTION2_8_L -1 -2.752e+04 9.057e+01 1.154e+02
s>                ( - -5.623e+03 2 0)
s>                ( - -2.181e+04 2 0))))INFO: dtree.c(1315): Comp split 7
INFO: dtree.c(1439): stop. leaf nodes are specific
INFO: dtree.c(1478): Final simple tree
|( QUESTION0_0_R 1 -2.184e+04 4.508e+02 8.894e+01
|    ( - 1.984e+02 1 0)
|    ( QUESTION1 -1 -2.158e+04 3.190e+02 8.794e+01
|        ( - -1.280e+04 1 0)
|        ( QUESTION10 -1 -8.462e+03 1.212e+02 3.473e+01
|            ( - -6.274e+02 1 0)
|            ( WDBNDRY_B 0 -7.713e+03 1.209e+02 3.173e+01
|                ( - -1.900e+03 1 0)
|                ( - -5.692e+03 1 0)))))
s>    ( QUESTION0_0_R 1 -2.184e+04 4.508e+02 8.894e+01
s>        ( - 1.984e+02 1 0)
s>        ( QUESTION1 -1 -2.158e+04 3.190e+02 8.794e+01
s>            ( - -1.280e+04 1 0)
s>            ( QUESTION10 -1 -8.462e+03 1.212e+02 3.473e+01
s>                ( - -6.274e+02 1 0)
s>                ( WDBNDRY_B 0 -7.713e+03 1.209e+02 3.173e+01
s>                    ( - -1.900e+03 1 0)
s>                    ( - -5.692e+03 1 0)))))INFO: dtree.c(1315): Comp split 8
INFO: dtree.c(1439): stop. leaf nodes are specific
INFO: dtree.c(1478): Final simple tree
|( QUESTION1 -1 -2.158e+04 3.190e+02 8.794e+01
|    ( - -1.280e+04 1 0)
|    ( QUESTION10 -1 -8.462e+03 1.212e+02 3.473e+01
|        ( - -6.274e+02 1 0)
|        ( WDBNDRY_B 0 -7.713e+03 1.209e+02 3.173e+01
|            ( - -1.900e+03 1 0)
|            ( - -5.692e+03 1 0))))
s>    ( QUESTION1 -1 -2.158e+04 3.190e+02 8.794e+01
s>        ( - -1.280e+04 1 0)
s>        ( QUESTION10 -1 -8.462e+03 1.212e+02 3.473e+01
s>            ( - -6.274e+02 1 0)
s>            ( WDBNDRY_B 0 -7.713e+03 1.209e+02 3.173e+01
s>                ( - -1.900e+03 1 0)
s>                ( - -5.692e+03 1 0))))INFO: dtree.c(1315): Comp split 9
INFO: dtree.c(1478): Final simple tree
|( QUESTION0_12_R 1 -1.322e+05 2.811e+02 5.470e+02
|    ( - -2.116e+04 11 0 QUESTION17 1 1.397e+02 8.314e+01)
|    ( SILENCE 1 -1.107e+05 2.576e+02 4.638e+02
|        ( QUESTION0 -1 -4.280e+04 2.144e+02 1.783e+02
|            ( - -5.781e+03 1 0)
|            ( - -3.680e+04 2 0))
|        ( QUESTION2_14_L -1 -6.769e+04 2.576e+02 2.855e+02
|            ( QUESTION0_10_R 1 -3.964e+04 1.814e+02 1.712e+02
|                ( - -3.225e+03 1 0)
|                ( - -3.624e+04 5 0 QUESTION9 1 1.495e+02 1.577e+02))
|            ( QUESTION0_4_R 1 -2.778e+04 1.680e+02 1.142e+02
|                ( - -3.453e+03 2 0 QUESTION2_7_L -1 2.001e+02 1.300e+01)
|                ( QUESTION2_12_L -1 -2.416e+04 4.693e+02 1.012e+02
|                    ( - 2.410e+02 1 0)
|                    ( - -2.393e+04 10 0 SILENCE -1 1.549e+02 1.002e+02))))))
s>    ( QUESTION0_12_R 1 -1.322e+05 2.811e+02 5.470e+02
s>        ( - -2.116e+04 11 0 QUESTION17 1 1.397e+02 8.314e+01)
s>        ( SILENCE 1 -1.107e+05 2.576e+02 4.638e+02
s>            ( QUESTION0 -1 -4.280e+04 2.144e+02 1.783e+02
s>                ( - -5.781e+03 1 0)
s>                ( - -3.680e+04 2 0))
s>            ( QUESTION2_14_L -1 -6.769e+04 2.576e+02 2.855e+02
s>                ( QUESTION0_10_R 1 -3.964e+04 1.814e+02 1.712e+02
s>                    ( - -3.225e+03 1 0)
s>                    ( - -3.624e+04 5 0 QUESTION9 1 1.495e+02 1.577e+02))
s>                ( QUESTION0_4_R 1 -2.778e+04 1.680e+02 1.142e+02
s>                    ( - -3.453e+03 2 0 QUESTION2_7_L -1 2.001e+02 1.300e+01)
s>                    ( QUESTION2_12_L -1 -2.416e+04 4.693e+02 1.012e+02
s>                        ( - 2.410e+02 1 0)
s>                        ( - -2.393e+04 10 0 SILENCE -1 1.549e+02 1.002e+02))))))INFO: dtree.c(1315): Comp split 10
INFO: dtree.c(1478): Final simple tree
|( QUESTION0_12_R 1 -1.320e+05 2.813e+02 5.460e+02
|    ( - -2.116e+04 11 0 QUESTION17 1 1.397e+02 8.314e+01)
|    ( SILENCE 1 -1.105e+05 2.567e+02 4.628e+02
|        ( QUESTION0 -1 -4.280e+04 2.144e+02 1.783e+02
|            ( - -5.781e+03 1 0)
|            ( - -3.680e+04 2 0))
|        ( QUESTION2_14_L -1 -6.746e+04 2.598e+02 2.845e+02
|            ( QUESTION0_10_R 1 -3.964e+04 1.814e+02 1.712e+02
|                ( - -3.225e+03 1 0)
|                ( - -3.624e+04 5 0 QUESTION9 1 1.495e+02 1.577e+02))
|            ( QUESTION0_4_R 1 -2.755e+04 1.679e+02 1.132e+02
|                ( QUESTION2_7_L -1 -3.453e+03 2.001e+02 1.300e+01
|                    ( - -1.243e+03 1 0)
|                    ( - -2.010e+03 1 0))
|                ( - -2.393e+04 10 0 SILENCE -1 1.549e+02 1.002e+02)))))
s>    ( QUESTION0_12_R 1 -1.320e+05 2.813e+02 5.460e+02
s>        ( - -2.116e+04 11 0 QUESTION17 1 1.397e+02 8.314e+01)
s>        ( SILENCE 1 -1.105e+05 2.567e+02 4.628e+02
s>            ( QUESTION0 -1 -4.280e+04 2.144e+02 1.783e+02
s>                ( - -5.781e+03 1 0)
s>                ( - -3.680e+04 2 0))
s>            ( QUESTION2_14_L -1 -6.746e+04 2.598e+02 2.845e+02
s>                ( QUESTION0_10_R 1 -3.964e+04 1.814e+02 1.712e+02
s>                    ( - -3.225e+03 1 0)
s>                    ( - -3.624e+04 5 0 QUESTION9 1 1.495e+02 1.577e+02))
s>                ( QUESTION0_4_R 1 -2.755e+04 1.679e+02 1.132e+02
s>                    ( QUESTION2_7_L -1 -3.453e+03 2.001e+02 1.300e+01
s>                        ( - -1.243e+03 1 0)
s>                        ( - -2.010e+03 1 0))
s>                    ( - -2.393e+04 10 0 SILENCE -1 1.549e+02 1.002e+02)))))INFO: dtree.c(1315): Comp split 11
INFO: dtree.c(1439): stop. leaf nodes are specific
INFO: dtree.c(1478): Final simple tree
|( QUESTION2_11_L -1 -4.993e+04 2.347e+02 2.176e+02
|    ( - -1.775e+04 1 0)
|    ( QUESTION0_20_R 1 -3.194e+04 1.577e+02 1.406e+02
|        ( - -2.770e+04 1 0)
|        ( QUESTION0_0_R 1 -4.084e+03 9.516e+01 1.800e+01
|            ( - -2.641e+03 1 0)
|            ( - -1.348e+03 1 0))))
s>    ( QUESTION2_11_L -1 -4.993e+04 2.347e+02 2.176e+02
s>        ( - -1.775e+04 1 0)
s>        ( QUESTION0_20_R 1 -3.194e+04 1.577e+02 1.406e+02
s>            ( - -2.770e+04 1 0)
s>            ( QUESTION0_0_R 1 -4.084e+03 9.516e+01 1.800e+01
s>                ( - -2.641e+03 1 0)
s>                ( - -1.348e+03 1 0))))INFO: dtree.c(1315): Comp split 12
INFO: dtree.c(1439): stop. leaf nodes are specific
INFO: dtree.c(1478): Final simple tree
|( WDBNDRY_E 0 -1.295e+04 2.761e+02 5.490e+01
|    ( - -2.136e+03 1 0)
|    ( - -1.054e+04 1 0))
s>    ( WDBNDRY_E 0 -1.295e+04 2.761e+02 5.490e+01
s>        ( - -2.136e+03 1 0)
s>        ( - -1.054e+04 1 0))INFO: dtree.c(1478): Final simple tree
|( QUESTION2 -1 -3.033e+04 2.193e+02 1.212e+02
|    ( - -7.967e+03 1 0)
|    ( QUESTION2_12_L -1 -2.215e+04 1.306e+02 8.700e+01
|        ( QUESTION0 -1 -1.776e+03 1.494e+02 8.000e+00
|            ( - -1.251e+03 1 0)
|            ( - -3.757e+02 1 0))
|        ( QUESTION2_15_L -1 -2.024e+04 1.306e+02 7.900e+01
|            ( - -4.881e+03 4 0 QUESTION0 -1 1.033e+02 2.000e+01)
|            ( QUESTION9 -1 -1.523e+04 1.040e+02 5.900e+01
|                ( - -1.772e+03 1 0)
|                ( QUESTION20 -1 -1.335e+04 1.074e+02 5.201e+01
|                    ( QUESTION2_7_L -1 -6.501e+03 1.272e+02 2.500e+01
|                        ( - -6.110e+02 1 0)
|                        ( - -5.763e+03 3 0 QUESTION2_0_L -1 8.324e+01 2.200e+01))
|                    ( - -6.746e+03 3 0 QUESTION18 -1 8.746e+01 2.701e+01))))))
s>    ( QUESTION2 -1 -3.033e+04 2.193e+02 1.212e+02
s>        ( - -7.967e+03 1 0)
s>        ( QUESTION2_12_L -1 -2.215e+04 1.306e+02 8.700e+01
s>            ( QUESTION0 -1 -1.776e+03 1.494e+02 8.000e+00
s>                ( - -1.251e+03 1 0)
s>                ( - -3.757e+02 1 0))
s>            ( QUESTION2_15_L -1 -2.024e+04 1.306e+02 7.900e+01
s>                ( - -4.881e+03 4 0 QUESTION0 -1 1.033e+02 2.000e+01)
s>                ( QUESTION9 -1 -1.523e+04 1.040e+02 5.900e+01
s>                    ( - -1.772e+03 1 0)
s>                    ( QUESTION20 -1 -1.335e+04 1.074e+02 5.201e+01
s>                        ( QUESTION2_7_L -1 -6.501e+03 1.272e+02 2.500e+01
s>                            ( - -6.110e+02 1 0)
s>                            ( - -5.763e+03 3 0 QUESTION2_0_L -1 8.324e+01 2.200e+01))
s>                        ( - -6.746e+03 3 0 QUESTION18 -1 8.746e+01 2.701e+01))))))INFO: dtree.c(1315): Comp split 13
INFO: dtree.c(1478): Final simple tree
|( QUESTION2_14_L -1 -6.696e+04 2.446e+02 2.786e+02
|    ( - -3.680e+04 2 0)
|    ( SILENCE 1 -2.991e+04 1.972e+02 1.246e+02
|        ( - -5.781e+03 1 0)
|        ( SILENCE -1 -2.393e+04 1.549e+02 1.002e+02
|            ( - -3.528e+03 1 0)
|            ( QUESTION1 -1 -2.025e+04 1.362e+02 8.347e+01
|                ( - -2.456e+03 1 0)
|                ( QUESTION0_7_R 1 -1.766e+04 1.226e+02 7.247e+01
|                    ( - -8.120e+02 1 0)
|                    ( WDBNDRY_B 0 -1.672e+04 1.046e+02 6.847e+01
|                        ( QUESTION0 -1 -1.771e+03 1.282e+02 8.000e+00
|                            ( - -1.083e+03 1 0)
|                            ( - -5.606e+02 1 0))
|                        ( - -1.485e+04 5 0 QUESTION0_6_R 1 1.102e+02 6.047e+01)))))))
s>    ( QUESTION2_14_L -1 -6.696e+04 2.446e+02 2.786e+02
s>        ( - -3.680e+04 2 0)
s>        ( SILENCE 1 -2.991e+04 1.972e+02 1.246e+02
s>            ( - -5.781e+03 1 0)
s>            ( SILENCE -1 -2.393e+04 1.549e+02 1.002e+02
s>                ( - -3.528e+03 1 0)
s>                ( QUESTION1 -1 -2.025e+04 1.362e+02 8.347e+01
s>                    ( - -2.456e+03 1 0)
s>                    ( QUESTION0_7_R 1 -1.766e+04 1.226e+02 7.247e+01
s>                        ( - -8.120e+02 1 0)
s>                        ( WDBNDRY_B 0 -1.672e+04 1.046e+02 6.847e+01
s>                            ( QUESTION0 -1 -1.771e+03 1.282e+02 8.000e+00
s>                                ( - -1.083e+03 1 0)
s>                                ( - -5.606e+02 1 0))
s>                            ( - -1.485e+04 5 0 QUESTION0_6_R 1 1.102e+02 6.047e+01)))))))INFO: dtree.c(1478): Final simple tree
|( QUESTION0_0_R 1 -6.466e+04 2.351e+02 2.674e+02
|    ( QUESTION2_15_L -1 -4.327e+04 2.268e+02 1.842e+02
|        ( - -2.010e+03 1 0)
|        ( QUESTION0_10_R 1 -4.103e+04 1.792e+02 1.772e+02
|            ( - -3.225e+03 1 0)
|            ( QUESTION2_7_L -1 -3.763e+04 1.468e+02 1.637e+02
|                ( - -1.243e+03 1 0)
|                ( QUESTION9 1 -3.624e+04 1.495e+02 1.577e+02
|                    ( - -1.279e+04 2 0 QUESTION0_3_R 1 1.011e+02 5.651e+01)
|                    ( - -2.329e+04 3 0 QUESTION0_1_R 1 7.452e+01 1.012e+02)))))
|    ( QUESTION17 1 -2.116e+04 1.397e+02 8.314e+01
|        ( - -6.838e+02 1 0)
|        ( QUESTION8 1 -2.034e+04 1.266e+02 8.014e+01
|            ( - -1.048e+03 1 0)
|            ( - -1.916e+04 9 0 QUESTION0_15_R 1 1.349e+02 7.514e+01))))
s>    ( QUESTION0_0_R 1 -6.466e+04 2.351e+02 2.674e+02
s>        ( QUESTION2_15_L -1 -4.327e+04 2.268e+02 1.842e+02
s>            ( - -2.010e+03 1 0)
s>            ( QUESTION0_10_R 1 -4.103e+04 1.792e+02 1.772e+02
s>                ( - -3.225e+03 1 0)
s>                ( QUESTION2_7_L -1 -3.763e+04 1.468e+02 1.637e+02
s>                    ( - -1.243e+03 1 0)
s>                    ( QUESTION9 1 -3.624e+04 1.495e+02 1.577e+02
s>                        ( - -1.279e+04 2 0 QUESTION0_3_R 1 1.011e+02 5.651e+01)
s>                        ( - -2.329e+04 3 0 QUESTION0_1_R 1 7.452e+01 1.012e+02)))))
s>        ( QUESTION17 1 -2.116e+04 1.397e+02 8.314e+01
s>            ( - -6.838e+02 1 0)
s>            ( QUESTION8 1 -2.034e+04 1.266e+02 8.014e+01
s>                ( - -1.048e+03 1 0)
s>                ( - -1.916e+04 9 0 QUESTION0_15_R 1 1.349e+02 7.514e+01))))INFO: dtree.c(1315): Comp split 14
INFO: dtree.c(1439): stop. leaf nodes are specific
INFO: dtree.c(1478): Final simple tree
|( QUESTION10 -1 -8.462e+03 1.212e+02 3.473e+01
|    ( - -6.274e+02 1 0)
|    ( WDBNDRY_B 0 -7.713e+03 1.209e+02 3.173e+01
|        ( - -1.900e+03 1 0)
|        ( - -5.692e+03 1 0)))
s>    ( QUESTION10 -1 -8.462e+03 1.212e+02 3.473e+01
s>        ( - -6.274e+02 1 0)
s>        ( WDBNDRY_B 0 -7.713e+03 1.209e+02 3.173e+01
s>            ( - -1.900e+03 1 0)
s>            ( - -5.692e+03 1 0)))INFO: dtree.c(1315): Comp split 15
INFO: dtree.c(1439): stop. leaf nodes are specific
INFO: dtree.c(1478): Final simple tree
|( QUESTION0 -1 -6.335e+04 1.341e+02 2.554e+02
|    ( QUESTION6 -1 -1.710e+04 9.077e+01 7.217e+01
|        ( - -1.617e+03 2 0)
|        ( - -1.539e+04 2 0))
|    ( - -4.611e+04 6 0))
s>    ( QUESTION0 -1 -6.335e+04 1.341e+02 2.554e+02
s>        ( QUESTION6 -1 -1.710e+04 9.077e+01 7.217e+01
s>            ( - -1.617e+03 2 0)
s>            ( - -1.539e+04 2 0))
s>        ( - -4.611e+04 6 0))INFO: dtree.c(1439): stop. leaf nodes are specific
INFO: dtree.c(1478): Final simple tree
|( QUESTION16 -1 -8.472e+04 2.107e+02 3.546e+02
|    ( - -4.457e+04 2 0)
|    ( QUESTION1 -1 -3.994e+04 1.198e+02 1.667e+02
|        ( - -3.002e+04 2 0)
|        ( QUESTION14 -1 -9.796e+03 1.082e+02 4.029e+01
|            ( - -7.283e+03 2 0)
|            ( - -2.405e+03 2 0))))
s>    ( QUESTION16 -1 -8.472e+04 2.107e+02 3.546e+02
s>        ( - -4.457e+04 2 0)
s>        ( QUESTION1 -1 -3.994e+04 1.198e+02 1.667e+02
s>            ( - -3.002e+04 2 0)
s>            ( QUESTION14 -1 -9.796e+03 1.082e+02 4.029e+01
s>                ( - -7.283e+03 2 0)
s>                ( - -2.405e+03 2 0))))INFO: dtree.c(1315): Comp split 16
INFO: dtree.c(1439): stop. leaf nodes are specific
INFO: dtree.c(1478): Final simple tree
|( QUESTION0_0_R 1 -2.136e+04 1.869e+02 8.214e+01
|    ( - -2.010e+03 1 0)
|    ( QUESTION0_15_R 1 -1.916e+04 1.349e+02 7.514e+01
|        ( QUESTION2_14_L -1 -5.768e+03 1.081e+02 2.277e+01
|            ( - -2.665e+03 1 0)
|            ( - -2.995e+03 2 0))
|        ( QUESTION2_15_L -1 -1.326e+04 1.270e+02 5.237e+01
|            ( - -7.029e+03 3 0)
|            ( QUESTION0_13_R 1 -6.103e+03 1.225e+02 2.603e+01
|                ( QUESTION2_7_L -1 -3.344e+03 1.011e+02 1.504e+01
|                    ( - -8.235e+02 1 0)
|                    ( - -2.420e+03 1 0))
|                ( - -2.637e+03 1 0)))))
s>    ( QUESTION0_0_R 1 -2.136e+04 1.869e+02 8.214e+01
s>        ( - -2.010e+03 1 0)
s>        ( QUESTION0_15_R 1 -1.916e+04 1.349e+02 7.514e+01
s>            ( QUESTION2_14_L -1 -5.768e+03 1.081e+02 2.277e+01
s>                ( - -2.665e+03 1 0)
s>                ( - -2.995e+03 2 0))
s>            ( QUESTION2_15_L -1 -1.326e+04 1.270e+02 5.237e+01
s>                ( - -7.029e+03 3 0)
s>                ( QUESTION0_13_R 1 -6.103e+03 1.225e+02 2.603e+01
s>                    ( QUESTION2_7_L -1 -3.344e+03 1.011e+02 1.504e+01
s>                        ( - -8.235e+02 1 0)
s>                        ( - -2.420e+03 1 0))
s>                    ( - -2.637e+03 1 0)))))INFO: dtree.c(1478): Final simple tree
|( QUESTION0_10_R 1 -4.302e+04 1.766e+02 1.852e+02
|    ( - -3.225e+03 1 0)
|    ( QUESTION9 1 -3.962e+04 1.460e+02 1.717e+02
|        ( QUESTION2_7_L -1 -1.419e+04 1.506e+02 6.251e+01
|            ( - -1.243e+03 1 0)
|            ( QUESTION0_3_R 1 -1.279e+04 1.011e+02 5.651e+01
|                ( - -6.126e+03 1 0)
|                ( - -6.568e+03 1 0)))
|        ( QUESTION18 1 -2.528e+04 1.229e+02 1.092e+02
|            ( - -1.048e+03 1 0)
|            ( QUESTION0_0_R 1 -2.411e+04 1.350e+02 1.042e+02
|                ( QUESTION0_1_R 1 -2.329e+04 7.452e+01 1.012e+02
|                    ( - -2.159e+04 2 0)
|                    ( - -1.627e+03 1 0))
|                ( - -6.838e+02 1 0)))))
s>    ( QUESTION0_10_R 1 -4.302e+04 1.766e+02 1.852e+02
s>        ( - -3.225e+03 1 0)
s>        ( QUESTION9 1 -3.962e+04 1.460e+02 1.717e+02
s>            ( QUESTION2_7_L -1 -1.419e+04 1.506e+02 6.251e+01
s>                ( - -1.243e+03 1 0)
s>                ( QUESTION0_3_R 1 -1.279e+04 1.011e+02 5.651e+01
s>                    ( - -6.126e+03 1 0)
s>                    ( - -6.568e+03 1 0)))
s>            ( QUESTION18 1 -2.528e+04 1.229e+02 1.092e+02
s>                ( - -1.048e+03 1 0)
s>                ( QUESTION0_0_R 1 -2.411e+04 1.350e+02 1.042e+02
s>                    ( QUESTION0_1_R 1 -2.329e+04 7.452e+01 1.012e+02
s>                        ( - -2.159e+04 2 0)
s>                        ( - -1.627e+03 1 0))
s>                    ( - -6.838e+02 1 0)))))INFO: dtree.c(1315): Comp split 17
INFO: dtree.c(1315): Comp split 18
INFO: dtree.c(1439): stop. leaf nodes are specific
INFO: dtree.c(1478): Final simple tree
|( QUESTION0_20_R 1 -2.196e+04 1.228e+02 9.495e+01
|    ( - -1.775e+04 1 0)
|    ( QUESTION0_0_R 1 -4.084e+03 9.516e+01 1.800e+01
|        ( - -2.641e+03 1 0)
|        ( - -1.348e+03 1 0)))
s>    ( QUESTION0_20_R 1 -2.196e+04 1.228e+02 9.495e+01
s>        ( - -1.775e+04 1 0)
s>        ( QUESTION0_0_R 1 -4.084e+03 9.516e+01 1.800e+01
s>            ( - -2.641e+03 1 0)
s>            ( - -1.348e+03 1 0)))INFO: dtree.c(1315): Comp split 19
INFO: dtree.c(1478): Final simple tree
|( SILENCE 1 -2.460e+04 1.905e+02 1.008e+02
|    ( - -5.781e+03 1 0)
|    ( QUESTION1 -1 -1.863e+04 1.382e+02 7.647e+01
|        ( - -2.456e+03 1 0)
|        ( WDBNDRY_B 0 -1.603e+04 1.039e+02 6.547e+01
|            ( - -1.083e+03 1 0)
|            ( QUESTION0_6_R 1 -1.485e+04 1.102e+02 6.047e+01
|                ( QUESTION17 1 -3.401e+03 8.930e+01 1.400e+01
|                    ( - -1.203e+03 1 0)
|                    ( - -2.109e+03 1 0))
|                ( QUESTION0_5_R 1 -1.134e+04 1.021e+02 4.647e+01
|                    ( - -7.838e+03 1 0)
|                    ( QUESTION0_1_R 1 -3.398e+03 7.428e+01 1.500e+01
|                        ( - -1.279e+03 1 0)
|                        ( - -2.045e+03 1 0)))))))
s>    ( SILENCE 1 -2.460e+04 1.905e+02 1.008e+02
s>        ( - -5.781e+03 1 0)
s>        ( QUESTION1 -1 -1.863e+04 1.382e+02 7.647e+01
s>            ( - -2.456e+03 1 0)
s>            ( WDBNDRY_B 0 -1.603e+04 1.039e+02 6.547e+01
s>                ( - -1.083e+03 1 0)
s>                ( QUESTION0_6_R 1 -1.485e+04 1.102e+02 6.047e+01
s>                    ( QUESTION17 1 -3.401e+03 8.930e+01 1.400e+01
s>                        ( - -1.203e+03 1 0)
s>                        ( - -2.109e+03 1 0))
s>                    ( QUESTION0_5_R 1 -1.134e+04 1.021e+02 4.647e+01
s>                        ( - -7.838e+03 1 0)
s>                        ( QUESTION0_1_R 1 -3.398e+03 7.428e+01 1.500e+01
s>                            ( - -1.279e+03 1 0)
s>                            ( - -2.045e+03 1 0)))))))INFO: dtree.c(1439): stop. leaf nodes are specific
INFO: dtree.c(1478): Final simple tree
|( WDBNDRY_B 0 -4.210e+04 1.848e+02 1.778e+02
|    ( SILENCE -1 -4.186e+03 9.650e+01 1.978e+01
|        ( - -3.528e+03 1 0)
|        ( - -5.606e+02 1 0))
|    ( SILENCE 1 -3.773e+04 1.138e+02 1.580e+02
|        ( - -3.680e+04 2 0)
|        ( - -8.120e+02 1 0)))
s>    ( WDBNDRY_B 0 -4.210e+04 1.848e+02 1.778e+02
s>        ( SILENCE -1 -4.186e+03 9.650e+01 1.978e+01
s>            ( - -3.528e+03 1 0)
s>            ( - -5.606e+02 1 0))
s>        ( SILENCE 1 -3.773e+04 1.138e+02 1.580e+02
s>            ( - -3.680e+04 2 0)
s>            ( - -8.120e+02 1 0)))INFO: dtree.c(1315): Comp split 20
INFO: dtree.c(1439): stop. leaf nodes are specific
INFO: dtree.c(1478): Final simple tree
|( QUESTION1 -1 -3.743e+04 1.217e+02 1.567e+02
|    ( - -3.002e+04 2 0)
|    ( - -7.283e+03 2 0))
s>    ( QUESTION1 -1 -3.743e+04 1.217e+02 1.567e+02
s>        ( - -3.002e+04 2 0)
s>        ( - -7.283e+03 2 0))INFO: dtree.c(1439): stop. leaf nodes are specific
INFO: dtree.c(1478): Final simple tree
|( QUESTION9 -1 -4.707e+04 9.148e+01 1.979e+02
|    ( - -2.405e+03 2 0)
|    ( - -4.457e+04 2 0))
s>    ( QUESTION9 -1 -4.707e+04 9.148e+01 1.979e+02
s>        ( - -2.405e+03 2 0)
s>        ( - -4.457e+04 2 0))INFO: dtree.c(1315): Comp split 21
INFO: dtree.c(1478): Final simple tree
|( QUESTION13 -1 -2.162e+04 1.310e+02 8.500e+01
|    ( - -1.251e+03 1 0)
|    ( QUESTION2_15_L -1 -2.024e+04 1.306e+02 7.900e+01
|        ( QUESTION0 -1 -4.881e+03 1.033e+02 2.000e+01
|            ( - -1.198e+03 1 0)
|            ( QUESTION0_13_R 1 -3.579e+03 9.889e+01 1.500e+01
|                ( - -6.077e+02 1 0)
|                ( - -2.873e+03 2 0 WDBNDRY_B 0 1.318e+02 1.200e+01)))
|        ( QUESTION9 -1 -1.523e+04 1.040e+02 5.900e+01
|            ( - -1.772e+03 1 0)
|            ( QUESTION20 -1 -1.335e+04 1.074e+02 5.201e+01
|                ( QUESTION2_7_L -1 -6.501e+03 1.272e+02 2.500e+01
|                    ( - -6.110e+02 1 0)
|                    ( - -5.763e+03 3 0 QUESTION2_0_L -1 8.324e+01 2.200e+01))
|                ( - -6.746e+03 3 0 QUESTION18 -1 8.746e+01 2.701e+01)))))
s>    ( QUESTION13 -1 -2.162e+04 1.310e+02 8.500e+01
s>        ( - -1.251e+03 1 0)
s>        ( QUESTION2_15_L -1 -2.024e+04 1.306e+02 7.900e+01
s>            ( QUESTION0 -1 -4.881e+03 1.033e+02 2.000e+01
s>                ( - -1.198e+03 1 0)
s>                ( QUESTION0_13_R 1 -3.579e+03 9.889e+01 1.500e+01
s>                    ( - -6.077e+02 1 0)
s>                    ( - -2.873e+03 2 0 WDBNDRY_B 0 1.318e+02 1.200e+01)))
s>            ( QUESTION9 -1 -1.523e+04 1.040e+02 5.900e+01
s>                ( - -1.772e+03 1 0)
s>                ( QUESTION20 -1 -1.335e+04 1.074e+02 5.201e+01
s>                    ( QUESTION2_7_L -1 -6.501e+03 1.272e+02 2.500e+01
s>                        ( - -6.110e+02 1 0)
s>                        ( - -5.763e+03 3 0 QUESTION2_0_L -1 8.324e+01 2.200e+01))
s>                    ( - -6.746e+03 3 0 QUESTION18 -1 8.746e+01 2.701e+01)))))INFO: dtree.c(1439): stop. leaf nodes are specific
INFO: dtree.c(1478): Final simple tree
|( QUESTION0 -1 -8.487e+03 1.444e+02 3.623e+01
|    ( - -7.967e+03 1 0)
|    ( - -3.757e+02 1 0))
s>    ( QUESTION0 -1 -8.487e+03 1.444e+02 3.623e+01
s>        ( - -7.967e+03 1 0)
s>        ( - -3.757e+02 1 0))INFO: dtree.c(1315): Comp split 22
INFO: dtree.c(1439): stop. leaf nodes are specific
INFO: dtree.c(1478): Final simple tree
|( QUESTION0 -1 -3.344e+04 1.414e+02 1.382e+02
|    ( - -5.777e+03 1 0)
|    ( QUESTION2_8_L -1 -2.752e+04 9.057e+01 1.154e+02
|        ( - -5.623e+03 2 0)
|        ( - -2.181e+04 2 0)))
s>    ( QUESTION0 -1 -3.344e+04 1.414e+02 1.382e+02
s>        ( - -5.777e+03 1 0)
s>        ( QUESTION2_8_L -1 -2.752e+04 9.057e+01 1.154e+02
s>            ( - -5.623e+03 2 0)
s>            ( - -2.181e+04 2 0)))INFO: dtree.c(1315): Comp split 23
INFO: dtree.c(1439): stop. leaf nodes are specific
INFO: dtree.c(1478): Final simple tree
|( QUESTION1 -1 -1.863e+04 1.382e+02 7.647e+01
|    ( - -2.456e+03 1 0)
|    ( WDBNDRY_B 0 -1.603e+04 1.039e+02 6.547e+01
|        ( - -1.083e+03 1 0)
|        ( QUESTION0_6_R 1 -1.485e+04 1.102e+02 6.047e+01
|            ( QUESTION17 1 -3.401e+03 8.930e+01 1.400e+01
|                ( - -1.203e+03 1 0)
|                ( - -2.109e+03 1 0))
|            ( QUESTION0_5_R 1 -1.134e+04 1.021e+02 4.647e+01
|                ( - -7.838e+03 1 0)
|                ( QUESTION0_1_R 1 -3.398e+03 7.428e+01 1.500e+01
|                    ( - -1.279e+03 1 0)
|                    ( - -2.045e+03 1 0))))))
s>    ( QUESTION1 -1 -1.863e+04 1.382e+02 7.647e+01
s>        ( - -2.456e+03 1 0)
s>        ( WDBNDRY_B 0 -1.603e+04 1.039e+02 6.547e+01
s>            ( - -1.083e+03 1 0)
s>            ( QUESTION0_6_R 1 -1.485e+04 1.102e+02 6.047e+01
s>                ( QUESTION17 1 -3.401e+03 8.930e+01 1.400e+01
s>                    ( - -1.203e+03 1 0)
s>                    ( - -2.109e+03 1 0))
s>                ( QUESTION0_5_R 1 -1.134e+04 1.021e+02 4.647e+01
s>                    ( - -7.838e+03 1 0)
s>                    ( QUESTION0_1_R 1 -3.398e+03 7.428e+01 1.500e+01
s>                        ( - -1.279e+03 1 0)
s>                        ( - -2.045e+03 1 0))))))INFO: dtree.c(1315): Comp split 24
INFO: dtree.c(1439): stop. leaf nodes are specific
INFO: dtree.c(1478): Final simple tree
|( QUESTION0_15_R 1 -1.916e+04 1.349e+02 7.514e+01
|    ( QUESTION2_14_L -1 -5.768e+03 1.081e+02 2.277e+01
|        ( - -2.665e+03 1 0)
|        ( - -2.995e+03 2 0))
|    ( QUESTION2_15_L -1 -1.326e+04 1.270e+02 5.237e+01
|        ( - -7.029e+03 3 0)
|        ( QUESTION0_13_R 1 -6.103e+03 1.225e+02 2.603e+01
|            ( QUESTION2_7_L -1 -3.344e+03 1.011e+02 1.504e+01
|                ( - -8.235e+02 1 0)
|                ( - -2.420e+03 1 0))
|            ( - -2.637e+03 1 0))))
s>    ( QUESTION0_15_R 1 -1.916e+04 1.349e+02 7.514e+01
s>        ( QUESTION2_14_L -1 -5.768e+03 1.081e+02 2.277e+01
s>            ( - -2.665e+03 1 0)
s>            ( - -2.995e+03 2 0))
s>        ( QUESTION2_15_L -1 -1.326e+04 1.270e+02 5.237e+01
s>            ( - -7.029e+03 3 0)
s>            ( QUESTION0_13_R 1 -6.103e+03 1.225e+02 2.603e+01
s>                ( QUESTION2_7_L -1 -3.344e+03 1.011e+02 1.504e+01
s>                    ( - -8.235e+02 1 0)
s>                    ( - -2.420e+03 1 0))
s>                ( - -2.637e+03 1 0))))INFO: dtree.c(1315): Comp split 25
INFO: dtree.c(1439): stop. leaf nodes are specific
INFO: dtree.c(1478): Final simple tree
|( QUESTION9 1 -3.823e+04 1.521e+02 1.657e+02
|    ( QUESTION0_3_R 1 -1.279e+04 1.011e+02 5.651e+01
|        ( - -6.126e+03 1 0)
|        ( - -6.568e+03 1 0))
|    ( QUESTION18 1 -2.528e+04 1.229e+02 1.092e+02
|        ( - -1.048e+03 1 0)
|        ( QUESTION0_0_R 1 -2.411e+04 1.350e+02 1.042e+02
|            ( QUESTION0_1_R 1 -2.329e+04 7.452e+01 1.012e+02
|                ( - -2.159e+04 2 0)
|                ( - -1.627e+03 1 0))
|            ( - -6.838e+02 1 0))))
s>    ( QUESTION9 1 -3.823e+04 1.521e+02 1.657e+02
s>        ( QUESTION0_3_R 1 -1.279e+04 1.011e+02 5.651e+01
s>            ( - -6.126e+03 1 0)
s>            ( - -6.568e+03 1 0))
s>        ( QUESTION18 1 -2.528e+04 1.229e+02 1.092e+02
s>            ( - -1.048e+03 1 0)
s>            ( QUESTION0_0_R 1 -2.411e+04 1.350e+02 1.042e+02
s>                ( QUESTION0_1_R 1 -2.329e+04 7.452e+01 1.012e+02
s>                    ( - -2.159e+04 2 0)
s>                    ( - -1.627e+03 1 0))
s>                ( - -6.838e+02 1 0))))INFO: dtree.c(1439): stop. leaf nodes are specific
INFO: dtree.c(1478): Final simple tree
|( QUESTION0_3_R 1 -4.603e+03 1.356e+02 1.949e+01
|    ( - -1.243e+03 1 0)
|    ( - -3.225e+03 1 0))
s>    ( QUESTION0_3_R 1 -4.603e+03 1.356e+02 1.949e+01
s>        ( - -1.243e+03 1 0)
s>        ( - -3.225e+03 1 0))INFO: dtree.c(1315): Comp split 26
INFO: dtree.c(1439): stop. leaf nodes are specific
INFO: dtree.c(1478): Final simple tree
|( SILENCE 1 -3.773e+04 1.138e+02 1.580e+02
|    ( - -3.680e+04 2 0)
|    ( - -8.120e+02 1 0))
s>    ( SILENCE 1 -3.773e+04 1.138e+02 1.580e+02
s>        ( - -3.680e+04 2 0)
s>        ( - -8.120e+02 1 0))INFO: dtree.c(1439): stop. leaf nodes are specific
INFO: dtree.c(1478): Final simple tree
|( SILENCE -1 -4.186e+03 9.650e+01 1.978e+01
|    ( - -3.528e+03 1 0)
|    ( - -5.606e+02 1 0))
s>    ( SILENCE -1 -4.186e+03 9.650e+01 1.978e+01
s>        ( - -3.528e+03 1 0)
s>        ( - -5.606e+02 1 0))INFO: dtree.c(1315): Comp split 27
INFO: dtree.c(1439): stop. leaf nodes are specific
INFO: dtree.c(1478): Final simple tree
|( QUESTION18 1 -2.528e+04 1.229e+02 1.092e+02
|    ( - -1.048e+03 1 0)
|    ( QUESTION0_0_R 1 -2.411e+04 1.350e+02 1.042e+02
|        ( QUESTION0_1_R 1 -2.329e+04 7.452e+01 1.012e+02
|            ( - -2.159e+04 2 0)
|            ( - -1.627e+03 1 0))
|        ( - -6.838e+02 1 0)))
s>    ( QUESTION18 1 -2.528e+04 1.229e+02 1.092e+02
s>        ( - -1.048e+03 1 0)
s>        ( QUESTION0_0_R 1 -2.411e+04 1.350e+02 1.042e+02
s>            ( QUESTION0_1_R 1 -2.329e+04 7.452e+01 1.012e+02
s>                ( - -2.159e+04 2 0)
s>                ( - -1.627e+03 1 0))
s>            ( - -6.838e+02 1 0)))INFO: dtree.c(1439): stop. leaf nodes are specific
INFO: dtree.c(1478): Final simple tree
|( QUESTION0_3_R 1 -1.279e+04 1.011e+02 5.651e+01
|    ( - -6.126e+03 1 0)
|    ( - -6.568e+03 1 0))
s>    ( QUESTION0_3_R 1 -1.279e+04 1.011e+02 5.651e+01
s>        ( - -6.126e+03 1 0)
s>        ( - -6.568e+03 1 0))INFO: dtree.c(1315): Comp split 28
INFO: dtree.c(1315): Comp split 29
INFO: dtree.c(1439): stop. leaf nodes are specific
INFO: dtree.c(1478): Final simple tree
|( WDBNDRY_B 0 -3.746e+03 8.776e+01 1.600e+01
|    ( - -2.456e+03 1 0)
|    ( - -1.203e+03 1 0))
s>    ( WDBNDRY_B 0 -3.746e+03 8.776e+01 1.600e+01
s>        ( - -2.456e+03 1 0)
s>        ( - -1.203e+03 1 0))INFO: dtree.c(1439): stop. leaf nodes are specific
INFO: dtree.c(1478): Final simple tree
|( WDBNDRY_B 0 -1.474e+04 1.048e+02 6.047e+01
|    ( - -1.083e+03 1 0)
|    ( QUESTION0_9_R 1 -1.355e+04 1.119e+02 5.547e+01
|        ( - -7.838e+03 1 0)
|        ( QUESTION0_5_R 1 -5.601e+03 9.480e+01 2.400e+01
|            ( - -2.109e+03 1 0)
|            ( QUESTION0_1_R 1 -3.398e+03 7.428e+01 1.500e+01
|                ( - -1.279e+03 1 0)
|                ( - -2.045e+03 1 0)))))
s>    ( WDBNDRY_B 0 -1.474e+04 1.048e+02 6.047e+01
s>        ( - -1.083e+03 1 0)
s>        ( QUESTION0_9_R 1 -1.355e+04 1.119e+02 5.547e+01
s>            ( - -7.838e+03 1 0)
s>            ( QUESTION0_5_R 1 -5.601e+03 9.480e+01 2.400e+01
s>                ( - -2.109e+03 1 0)
s>                ( QUESTION0_1_R 1 -3.398e+03 7.428e+01 1.500e+01
s>                    ( - -1.279e+03 1 0)
s>                    ( - -2.045e+03 1 0)))))INFO: dtree.c(1315): Comp split 30
INFO: dtree.c(1439): stop. leaf nodes are specific
INFO: dtree.c(1478): Final simple tree
|( QUESTION2_8_L -1 -2.752e+04 9.057e+01 1.154e+02
|    ( - -5.623e+03 2 0)
|    ( - -2.181e+04 2 0))
s>    ( QUESTION2_8_L -1 -2.752e+04 9.057e+01 1.154e+02
s>        ( - -5.623e+03 2 0)
s>        ( - -2.181e+04 2 0))INFO: dtree.c(1315): Comp split 31
INFO: dtree.c(1439): stop. leaf nodes are specific
INFO: dtree.c(1478): Final simple tree
|( QUESTION9 -1 -8.120e+03 1.224e+02 3.301e+01
|    ( - -1.251e+03 1 0)
|    ( QUESTION18 -1 -6.746e+03 8.746e+01 2.701e+01
|        ( - -8.957e+02 1 0)
|        ( SILENCE -1 -5.763e+03 8.453e+01 2.301e+01
|            ( - -3.686e+03 1 0)
|            ( - -1.993e+03 1 0))))
s>    ( QUESTION9 -1 -8.120e+03 1.224e+02 3.301e+01
s>        ( - -1.251e+03 1 0)
s>        ( QUESTION18 -1 -6.746e+03 8.746e+01 2.701e+01
s>            ( - -8.957e+02 1 0)
s>            ( SILENCE -1 -5.763e+03 8.453e+01 2.301e+01
s>                ( - -3.686e+03 1 0)
s>                ( - -1.993e+03 1 0))))INFO: dtree.c(1478): Final simple tree
|( QUESTION2_7_L -1 -1.336e+04 1.325e+02 5.199e+01
|    ( - -6.110e+02 1 0)
|    ( QUESTION2_20_L -1 -1.262e+04 1.082e+02 4.899e+01
|        ( QUESTION0_13_R 1 -3.579e+03 9.889e+01 1.500e+01
|            ( - -6.077e+02 1 0)
|            ( WDBNDRY_B 0 -2.873e+03 1.318e+02 1.200e+01
|                ( - -2.154e+03 1 0)
|                ( - -5.873e+02 1 0)))
|        ( QUESTION8 -1 -8.933e+03 1.064e+02 3.399e+01
|            ( - -1.772e+03 1 0)
|            ( QUESTION0 -1 -7.055e+03 9.400e+01 2.699e+01
|                ( - -1.198e+03 1 0)
|                ( QUESTION2_0_L -1 -5.763e+03 8.324e+01 2.200e+01
|                    ( - -1.207e+03 1 0)
|                    ( - -4.472e+03 2 0))))))
s>    ( QUESTION2_7_L -1 -1.336e+04 1.325e+02 5.199e+01
s>        ( - -6.110e+02 1 0)
s>        ( QUESTION2_20_L -1 -1.262e+04 1.082e+02 4.899e+01
s>            ( QUESTION0_13_R 1 -3.579e+03 9.889e+01 1.500e+01
s>                ( - -6.077e+02 1 0)
s>                ( WDBNDRY_B 0 -2.873e+03 1.318e+02 1.200e+01
s>                    ( - -2.154e+03 1 0)
s>                    ( - -5.873e+02 1 0)))
s>            ( QUESTION8 -1 -8.933e+03 1.064e+02 3.399e+01
s>                ( - -1.772e+03 1 0)
s>                ( QUESTION0 -1 -7.055e+03 9.400e+01 2.699e+01
s>                    ( - -1.198e+03 1 0)
s>                    ( QUESTION2_0_L -1 -5.763e+03 8.324e+01 2.200e+01
s>                        ( - -1.207e+03 1 0)
s>                        ( - -4.472e+03 2 0))))))INFO: dtree.c(1315): Comp split 32
INFO: dtree.c(1315): Comp split 33
INFO: dtree.c(1439): stop. leaf nodes are specific
INFO: dtree.c(1478): Final simple tree
|( QUESTION0_0_R 1 -2.446e+04 1.226e+02 1.062e+02
|    ( QUESTION0_1_R 1 -2.329e+04 7.452e+01 1.012e+02
|        ( - -2.159e+04 2 0)
|        ( - -1.627e+03 1 0))
|    ( - -1.048e+03 1 0))
s>    ( QUESTION0_0_R 1 -2.446e+04 1.226e+02 1.062e+02
s>        ( QUESTION0_1_R 1 -2.329e+04 7.452e+01 1.012e+02
s>            ( - -2.159e+04 2 0)
s>            ( - -1.627e+03 1 0))
s>        ( - -1.048e+03 1 0))INFO: dtree.c(1315): Comp split 34
INFO: dtree.c(1439): stop. leaf nodes are specific
INFO: dtree.c(1478): Final simple tree
|( QUESTION2_14_L -1 -5.768e+03 1.081e+02 2.277e+01
|    ( - -2.665e+03 1 0)
|    ( - -2.995e+03 2 0))
s>    ( QUESTION2_14_L -1 -5.768e+03 1.081e+02 2.277e+01
s>        ( - -2.665e+03 1 0)
s>        ( - -2.995e+03 2 0))INFO: dtree.c(1439): stop. leaf nodes are specific
INFO: dtree.c(1478): Final simple tree
|( QUESTION2_15_L -1 -1.326e+04 1.270e+02 5.237e+01
|    ( - -7.029e+03 3 0)
|    ( QUESTION0_13_R 1 -6.103e+03 1.225e+02 2.603e+01
|        ( QUESTION2_7_L -1 -3.344e+03 1.011e+02 1.504e+01
|            ( - -8.235e+02 1 0)
|            ( - -2.420e+03 1 0))
|        ( - -2.637e+03 1 0)))
s>    ( QUESTION2_15_L -1 -1.326e+04 1.270e+02 5.237e+01
s>        ( - -7.029e+03 3 0)
s>        ( QUESTION0_13_R 1 -6.103e+03 1.225e+02 2.603e+01
s>            ( QUESTION2_7_L -1 -3.344e+03 1.011e+02 1.504e+01
s>                ( - -8.235e+02 1 0)
s>                ( - -2.420e+03 1 0))
s>            ( - -2.637e+03 1 0)))INFO: dtree.c(1315): Comp split 35
INFO: dtree.c(1439): stop. leaf nodes are specific
INFO: dtree.c(1478): Final simple tree
|( QUESTION6 -1 -1.710e+04 9.077e+01 7.217e+01
|    ( - -1.617e+03 2 0)
|    ( - -1.539e+04 2 0))
s>    ( QUESTION6 -1 -1.710e+04 9.077e+01 7.217e+01
s>        ( - -1.617e+03 2 0)
s>        ( - -1.539e+04 2 0))INFO: dtree.c(1315): Comp split 36
INFO: dtree.c(1439): stop. leaf nodes are specific
INFO: dtree.c(1478): Final simple tree
|( QUESTION2_20_L -1 -1.262e+04 1.082e+02 4.899e+01
|    ( QUESTION0_13_R 1 -3.579e+03 9.889e+01 1.500e+01
|        ( - -6.077e+02 1 0)
|        ( WDBNDRY_B 0 -2.873e+03 1.318e+02 1.200e+01
|            ( - -2.154e+03 1 0)
|            ( - -5.873e+02 1 0)))
|    ( QUESTION8 -1 -8.933e+03 1.064e+02 3.399e+01
|        ( - -1.772e+03 1 0)
|        ( QUESTION0 -1 -7.055e+03 9.400e+01 2.699e+01
|            ( - -1.198e+03 1 0)
|            ( QUESTION2_0_L -1 -5.763e+03 8.324e+01 2.200e+01
|                ( - -1.207e+03 1 0)
|                ( - -4.472e+03 2 0)))))
s>    ( QUESTION2_20_L -1 -1.262e+04 1.082e+02 4.899e+01
s>        ( QUESTION0_13_R 1 -3.579e+03 9.889e+01 1.500e+01
s>            ( - -6.077e+02 1 0)
s>            ( WDBNDRY_B 0 -2.873e+03 1.318e+02 1.200e+01
s>                ( - -2.154e+03 1 0)
s>                ( - -5.873e+02 1 0)))
s>        ( QUESTION8 -1 -8.933e+03 1.064e+02 3.399e+01
s>            ( - -1.772e+03 1 0)
s>            ( QUESTION0 -1 -7.055e+03 9.400e+01 2.699e+01
s>                ( - -1.198e+03 1 0)
s>                ( QUESTION2_0_L -1 -5.763e+03 8.324e+01 2.200e+01
s>                    ( - -1.207e+03 1 0)
s>                    ( - -4.472e+03 2 0)))))INFO: dtree.c(1315): Comp split 37
INFO: dtree.c(1439): stop. leaf nodes are specific
INFO: dtree.c(1478): Final simple tree
|( QUESTION0_13_R 1 -1.049e+04 1.187e+02 4.138e+01
|    ( QUESTION2_7_L -1 -3.344e+03 1.011e+02 1.504e+01
|        ( - -8.235e+02 1 0)
|        ( - -2.420e+03 1 0))
|    ( - -7.029e+03 3 0))
s>    ( QUESTION0_13_R 1 -1.049e+04 1.187e+02 4.138e+01
s>        ( QUESTION2_7_L -1 -3.344e+03 1.011e+02 1.504e+01
s>            ( - -8.235e+02 1 0)
s>            ( - -2.420e+03 1 0))
s>        ( - -7.029e+03 3 0))INFO: dtree.c(1315): Comp split 38
INFO: dtree.c(1439): stop. leaf nodes are specific
INFO: dtree.c(1478): Final simple tree
|( QUESTION2_20_L -1 -1.190e+04 1.135e+02 4.599e+01
|    ( WDBNDRY_B 0 -2.856e+03 9.486e+01 1.200e+01
|        ( - -2.154e+03 1 0)
|        ( - -6.077e+02 1 0))
|    ( QUESTION8 -1 -8.933e+03 1.064e+02 3.399e+01
|        ( - -1.772e+03 1 0)
|        ( QUESTION0 -1 -7.055e+03 9.400e+01 2.699e+01
|            ( - -1.198e+03 1 0)
|            ( QUESTION2_0_L -1 -5.763e+03 8.324e+01 2.200e+01
|                ( - -1.207e+03 1 0)
|                ( - -4.472e+03 2 0)))))
s>    ( QUESTION2_20_L -1 -1.190e+04 1.135e+02 4.599e+01
s>        ( WDBNDRY_B 0 -2.856e+03 9.486e+01 1.200e+01
s>            ( - -2.154e+03 1 0)
s>            ( - -6.077e+02 1 0))
s>        ( QUESTION8 -1 -8.933e+03 1.064e+02 3.399e+01
s>            ( - -1.772e+03 1 0)
s>            ( QUESTION0 -1 -7.055e+03 9.400e+01 2.699e+01
s>                ( - -1.198e+03 1 0)
s>                ( QUESTION2_0_L -1 -5.763e+03 8.324e+01 2.200e+01
s>                    ( - -1.207e+03 1 0)
s>                    ( - -4.472e+03 2 0)))))INFO: dtree.c(1315): Comp split 39
INFO: dtree.c(1439): stop. leaf nodes are specific
INFO: dtree.c(1478): Final simple tree
|( QUESTION0_0_R 1 -4.084e+03 9.516e+01 1.800e+01
|    ( - -2.641e+03 1 0)
|    ( - -1.348e+03 1 0))
s>    ( QUESTION0_0_R 1 -4.084e+03 9.516e+01 1.800e+01
s>        ( - -2.641e+03 1 0)
s>        ( - -1.348e+03 1 0))INFO: dtree.c(1315): Comp split 40
INFO: dtree.c(1439): stop. leaf nodes are specific
INFO: dtree.c(1478): Final simple tree
|( WDBNDRY_B 0 -6.778e+03 9.398e+01 2.900e+01
|    ( - -1.083e+03 1 0)
|    ( QUESTION0_5_R 1 -5.601e+03 9.480e+01 2.400e+01
|        ( - -2.109e+03 1 0)
|        ( QUESTION0_1_R 1 -3.398e+03 7.428e+01 1.500e+01
|            ( - -1.279e+03 1 0)
|            ( - -2.045e+03 1 0))))
s>    ( WDBNDRY_B 0 -6.778e+03 9.398e+01 2.900e+01
s>        ( - -1.083e+03 1 0)
s>        ( QUESTION0_5_R 1 -5.601e+03 9.480e+01 2.400e+01
s>            ( - -2.109e+03 1 0)
s>            ( QUESTION0_1_R 1 -3.398e+03 7.428e+01 1.500e+01
s>                ( - -1.279e+03 1 0)
s>                ( - -2.045e+03 1 0))))INFO: dtree.c(1315): Comp split 41
INFO: dtree.c(1439): stop. leaf nodes are specific
INFO: dtree.c(1478): Final simple tree
|( QUESTION0_1_R 1 -2.329e+04 7.452e+01 1.012e+02
|    ( - -2.159e+04 2 0)
|    ( - -1.627e+03 1 0))
s>    ( QUESTION0_1_R 1 -2.329e+04 7.452e+01 1.012e+02
s>        ( - -2.159e+04 2 0)
s>        ( - -1.627e+03 1 0))INFO: dtree.c(1315): Comp split 42
INFO: dtree.c(1439): stop. leaf nodes are specific
INFO: dtree.c(1478): Final simple tree
|( QUESTION18 -1 -6.746e+03 8.746e+01 2.701e+01
|    ( - -8.957e+02 1 0)
|    ( SILENCE -1 -5.763e+03 8.453e+01 2.301e+01
|        ( - -3.686e+03 1 0)
|        ( - -1.993e+03 1 0)))
s>    ( QUESTION18 -1 -6.746e+03 8.746e+01 2.701e+01
s>        ( - -8.957e+02 1 0)
s>        ( SILENCE -1 -5.763e+03 8.453e+01 2.301e+01
s>            ( - -3.686e+03 1 0)
s>            ( - -1.993e+03 1 0)))INFO: dtree.c(1315): Comp split 43
INFO: dtree.c(1315): Comp split 44
INFO: dtree.c(1439): stop. leaf nodes are specific
INFO: dtree.c(1478): Final simple tree
|( WDBNDRY_B 0 -7.713e+03 1.209e+02 3.173e+01
|    ( - -1.900e+03 1 0)
|    ( - -5.692e+03 1 0))
s>    ( WDBNDRY_B 0 -7.713e+03 1.209e+02 3.173e+01
s>        ( - -1.900e+03 1 0)
s>        ( - -5.692e+03 1 0))INFO: dtree.c(1315): Comp split 45
INFO: dtree.c(1315): Comp split 46
INFO: dtree.c(1439): stop. leaf nodes are specific
INFO: dtree.c(1478): Final simple tree
|( QUESTION2_7_L -1 -3.344e+03 1.011e+02 1.504e+01
|    ( - -8.235e+02 1 0)
|    ( - -2.420e+03 1 0))
s>    ( QUESTION2_7_L -1 -3.344e+03 1.011e+02 1.504e+01
s>        ( - -8.235e+02 1 0)
s>        ( - -2.420e+03 1 0))INFO: dtree.c(1315): Comp split 47
INFO: dtree.c(1439): stop. leaf nodes are specific
INFO: dtree.c(1478): Final simple tree
|( QUESTION0 -1 -7.055e+03 9.400e+01 2.699e+01
|    ( - -1.198e+03 1 0)
|    ( QUESTION2_0_L -1 -5.763e+03 8.324e+01 2.200e+01
|        ( - -1.207e+03 1 0)
|        ( - -4.472e+03 2 0)))
s>    ( QUESTION0 -1 -7.055e+03 9.400e+01 2.699e+01
s>        ( - -1.198e+03 1 0)
s>        ( QUESTION2_0_L -1 -5.763e+03 8.324e+01 2.200e+01
s>            ( - -1.207e+03 1 0)
s>            ( - -4.472e+03 2 0)))INFO: dtree.c(1439): stop. leaf nodes are specific
INFO: dtree.c(1478): Final simple tree
|( QUESTION0 -1 -4.729e+03 1.012e+02 1.900e+01
|    ( - -1.772e+03 1 0)
|    ( WDBNDRY_B 0 -2.856e+03 9.486e+01 1.200e+01
|        ( - -2.154e+03 1 0)
|        ( - -6.077e+02 1 0)))
s>    ( QUESTION0 -1 -4.729e+03 1.012e+02 1.900e+01
s>        ( - -1.772e+03 1 0)
s>        ( WDBNDRY_B 0 -2.856e+03 9.486e+01 1.200e+01
s>            ( - -2.154e+03 1 0)
s>            ( - -6.077e+02 1 0)))INFO: dtree.c(1315): Comp split 48
INFO: dtree.c(1315): Comp split 49
INFO: dtree.c(1315): Comp split 50
INFO: dtree.c(1315): Comp split 51
INFO: dtree.c(1439): stop. leaf nodes are specific
INFO: dtree.c(1478): Final simple tree
|( WDBNDRY_B 0 -2.856e+03 9.486e+01 1.200e+01
|    ( - -2.154e+03 1 0)
|    ( - -6.077e+02 1 0))
s>    ( WDBNDRY_B 0 -2.856e+03 9.486e+01 1.200e+01
s>        ( - -2.154e+03 1 0)
s>        ( - -6.077e+02 1 0))INFO: dtree.c(1315): Comp split 52
INFO: dtree.c(1315): Comp split 53
INFO: dtree.c(1315): Comp split 54
INFO: dtree.c(1315): Comp split 55
INFO: dtree.c(1315): Comp split 56
INFO: dtree.c(1315): Comp split 57
INFO: dtree.c(1439): stop. leaf nodes are specific
INFO: dtree.c(1478): Final simple tree
|( QUESTION2_0_L -1 -5.763e+03 8.324e+01 2.200e+01
|    ( - -1.207e+03 1 0)
|    ( - -4.472e+03 2 0))
s>    ( QUESTION2_0_L -1 -5.763e+03 8.324e+01 2.200e+01
s>        ( - -1.207e+03 1 0)
s>        ( - -4.472e+03 2 0))INFO: dtree.c(1315): Comp split 58
INFO: dtree.c(1439): stop. leaf nodes are specific
INFO: dtree.c(1478): Final simple tree
|( QUESTION0_5_R 1 -5.601e+03 9.480e+01 2.400e+01
|    ( - -2.109e+03 1 0)
|    ( QUESTION0_1_R 1 -3.398e+03 7.428e+01 1.500e+01
|        ( - -1.279e+03 1 0)
|        ( - -2.045e+03 1 0)))
s>    ( QUESTION0_5_R 1 -5.601e+03 9.480e+01 2.400e+01
s>        ( - -2.109e+03 1 0)
s>        ( QUESTION0_1_R 1 -3.398e+03 7.428e+01 1.500e+01
s>            ( - -1.279e+03 1 0)
s>            ( - -2.045e+03 1 0)))INFO: dtree.c(1315): Comp split 59
INFO: dtree.c(1439): stop. leaf nodes are specific
INFO: dtree.c(1478): Final simple tree
|( QUESTION0_1_R 1 -3.398e+03 7.428e+01 1.500e+01
|    ( - -1.279e+03 1 0)
|    ( - -2.045e+03 1 0))
s>    ( QUESTION0_1_R 1 -3.398e+03 7.428e+01 1.500e+01
s>        ( - -1.279e+03 1 0)
s>        ( - -2.045e+03 1 0))INFO: dtree.c(1315): Comp split 60
INFO: dtree.c(1315): Comp split 61
INFO: dtree.c(1315): Comp split 62
INFO: dtree.c(1315): Comp split 63
INFO: dtree.c(1315): Comp split 64
INFO: dtree.c(1439): stop. leaf nodes are specific
INFO: dtree.c(1478): Final simple tree
|( SILENCE -1 -5.763e+03 8.453e+01 2.301e+01
|    ( - -3.686e+03 1 0)
|    ( - -1.993e+03 1 0))
s>    ( SILENCE -1 -5.763e+03 8.453e+01 2.301e+01
s>        ( - -3.686e+03 1 0)
s>        ( - -1.993e+03 1 0))INFO: dtree.c(1315): Comp split 65
INFO: dtree.c(1315): Comp split 66
INFO: dtree.c(1315): Comp split 67
INFO: dtree.c(1315): Comp split 68
INFO: dtree.c(1315): Comp split 69
INFO: dtree.c(1318): stop. leaf nodes are specific
Wed Dec 20 23:52:24 2017
