Current configuration:
[NAME]		[DEFLT]	[VALUE]
-allphones	no	no
-cntthresh	0.00001	1.000000e-05
-csplitmax	100	2000
-csplitmin	1	1
-csplitthr	8e-4	0.000000e+00
-example	no	no
-fullvar	no	no
-help		no	no
-meanfn			/home/alex/repos/speech/an4/model_parameters/an4.cd_cont_untied/means
-mixwfn			/home/alex/repos/speech/an4/model_parameters/an4.cd_cont_untied/mixture_weights
-moddeffn		/home/alex/repos/speech/an4/model_architecture/an4.untied.mdef
-mwfloor	1e-4	1.000000e-08
-phone			AA
-psetfn			/home/alex/repos/speech/an4/model_architecture/an4.tree_questions
-ssplitmax	5	7
-ssplitmin	1	1
-ssplitthr	8e-4	0.000000e+00
-state			2
-stwt			1.0,0.05,0.0,
-treefn			/home/alex/repos/speech/an4/trees/an4.unpruned/AA-2.dtree
-ts2cbfn	.semi.	.cont.
-varfloor	0.00001	1.000000e-05
-varfn			/home/alex/repos/speech/an4/model_parameters/an4.cd_cont_untied/variances

INFO: main.c(223): Reading: /home/alex/repos/speech/an4/model_architecture/an4.untied.mdef
INFO: model_def_io.c(573): Model definition info:
INFO: model_def_io.c(574): 1618 total models defined (34 base, 1584 tri)
INFO: model_def_io.c(575): 6472 total states
INFO: model_def_io.c(576): 4854 total tied states
INFO: model_def_io.c(577): 102 total tied CI states
INFO: model_def_io.c(578): 34 total tied transition matrices
INFO: model_def_io.c(579): 4 max state/model
INFO: model_def_io.c(580): 4 min state/model
INFO: main.c(242): Building trees for [AA AH R b] through [AA UW R b]
INFO: main.c(269): Covering states |[102 161]| == 60
INFO: main.c(275): Reading: /home/alex/repos/speech/an4/model_parameters/an4.cd_cont_untied/mixture_weights
INFO: s3mixw_io.c(173): Read /home/alex/repos/speech/an4/model_parameters/an4.cd_cont_untied/mixture_weights [60x1x1 array]
INFO: main.c(311): 20 of 20 models have observation count greater than 0.000010
INFO: main.c(95): nrm stwt: 0.000 0.048 0.952 
INFO: s3gau_io.c(169): Read /home/alex/repos/speech/an4/model_parameters/an4.cd_cont_untied/means [4854x1x1 array]
INFO: s3gau_io.c(169): Read /home/alex/repos/speech/an4/model_parameters/an4.cd_cont_untied/variances [4854x1x1 array]
INFO: main.c(549): Reading: /home/alex/repos/speech/an4/model_architecture/an4.tree_questions
INFO: main.c(588): 180 total simple questions (172 phone; 8 word bndry)
INFO: main.c(590): 42 Left Only questions, and 42 Right Only questions
INFO: dtree.c(1478): Final simple tree
|( QUESTION8 1 -4.634e+05 1.455e+03 2.339e+03
|    ( - -2.259e+04 3 0 QUESTION0_9_R 1 3.309e+02 1.121e+02)
|    ( WDBNDRY_B 0 -4.393e+05 7.040e+02 2.227e+03
|        ( SILENCE -1 -4.265e+05 5.648e+02 2.167e+03
|            ( - -2.055e+04 1 0)
|            ( QUESTION2_20_L -1 -4.053e+05 5.329e+02 2.062e+03
|                ( - -1.408e+05 4 0 QUESTION0 -1 2.754e+02 7.134e+02)
|                ( QUESTION2_0_L -1 -2.640e+05 4.916e+02 1.349e+03
|                    ( QUESTION0 -1 -8.710e+04 3.686e+02 4.445e+02
|                        ( - -7.950e+04 1 0)
|                        ( - -7.233e+03 1 0))
|                    ( QUESTION2_7_L -1 -1.764e+05 3.598e+02 9.045e+02
|                        ( - -3.263e+04 4 0 QUESTION15 -1 3.931e+02 1.679e+02)
|                        ( - -1.434e+05 3 0 QUESTION0 -1 2.805e+02 7.366e+02)))))
|        ( - -1.218e+04 3 0 QUESTION1 -1 3.185e+02 6.065e+01)))
s>    ( QUESTION8 1 -4.634e+05 1.455e+03 2.339e+03
s>        ( - -2.259e+04 3 0 QUESTION0_9_R 1 3.309e+02 1.121e+02)
s>        ( WDBNDRY_B 0 -4.393e+05 7.040e+02 2.227e+03
s>            ( SILENCE -1 -4.265e+05 5.648e+02 2.167e+03
s>                ( - -2.055e+04 1 0)
s>                ( QUESTION2_20_L -1 -4.053e+05 5.329e+02 2.062e+03
s>                    ( - -1.408e+05 4 0 QUESTION0 -1 2.754e+02 7.134e+02)
s>                    ( QUESTION2_0_L -1 -2.640e+05 4.916e+02 1.349e+03
s>                        ( QUESTION0 -1 -8.710e+04 3.686e+02 4.445e+02
s>                            ( - -7.950e+04 1 0)
s>                            ( - -7.233e+03 1 0))
s>                        ( QUESTION2_7_L -1 -1.764e+05 3.598e+02 9.045e+02
s>                            ( - -3.263e+04 4 0 QUESTION15 -1 3.931e+02 1.679e+02)
s>                            ( - -1.434e+05 3 0 QUESTION0 -1 2.805e+02 7.366e+02)))))
s>            ( - -1.218e+04 3 0 QUESTION1 -1 3.185e+02 6.065e+01)))INFO: dtree.c(1315): Comp split 0
INFO: dtree.c(1478): Final simple tree
|( SILENCE -1 -4.265e+05 5.648e+02 2.167e+03
|    ( - -2.055e+04 1 0)
|    ( QUESTION2_20_L -1 -4.053e+05 5.329e+02 2.062e+03
|        ( - -1.408e+05 4 0 QUESTION0 -1 2.754e+02 7.134e+02)
|        ( QUESTION2_0_L -1 -2.640e+05 4.916e+02 1.349e+03
|            ( QUESTION0 -1 -8.710e+04 3.686e+02 4.445e+02
|                ( - -7.950e+04 1 0)
|                ( - -7.233e+03 1 0))
|            ( QUESTION2_7_L -1 -1.764e+05 3.598e+02 9.045e+02
|                ( QUESTION15 -1 -3.263e+04 3.931e+02 1.679e+02
|                    ( - -1.032e+04 1 0)
|                    ( - -2.193e+04 3 0 QUESTION0 -1 2.582e+02 1.117e+02))
|                ( QUESTION0 -1 -1.434e+05 2.805e+02 7.366e+02
|                    ( - -1.645e+04 1 0)
|                    ( - -1.267e+05 2 0))))))
s>    ( SILENCE -1 -4.265e+05 5.648e+02 2.167e+03
s>        ( - -2.055e+04 1 0)
s>        ( QUESTION2_20_L -1 -4.053e+05 5.329e+02 2.062e+03
s>            ( - -1.408e+05 4 0 QUESTION0 -1 2.754e+02 7.134e+02)
s>            ( QUESTION2_0_L -1 -2.640e+05 4.916e+02 1.349e+03
s>                ( QUESTION0 -1 -8.710e+04 3.686e+02 4.445e+02
s>                    ( - -7.950e+04 1 0)
s>                    ( - -7.233e+03 1 0))
s>                ( QUESTION2_7_L -1 -1.764e+05 3.598e+02 9.045e+02
s>                    ( QUESTION15 -1 -3.263e+04 3.931e+02 1.679e+02
s>                        ( - -1.032e+04 1 0)
s>                        ( - -2.193e+04 3 0 QUESTION0 -1 2.582e+02 1.117e+02))
s>                    ( QUESTION0 -1 -1.434e+05 2.805e+02 7.366e+02
s>                        ( - -1.645e+04 1 0)
s>                        ( - -1.267e+05 2 0))))))INFO: dtree.c(1439): stop. leaf nodes are specific
INFO: dtree.c(1478): Final simple tree
|( QUESTION0_15_R 1 -3.541e+04 6.569e+02 1.728e+02
|    ( QUESTION1 -1 -1.154e+04 3.486e+02 5.765e+01
|        ( - -1.878e+03 1 0)
|        ( - -9.315e+03 1 0))
|    ( QUESTION0_9_R 1 -2.321e+04 3.262e+02 1.151e+02
|        ( - -3.626e+03 1 0)
|        ( QUESTION0_2_R 1 -1.926e+04 2.254e+02 9.648e+01
|            ( - -1.783e+04 1 0)
|            ( WDBNDRY_B 0 -1.198e+03 1.935e+02 6.000e+00
|                ( - -5.700e+02 1 0)
|                ( - -4.345e+02 1 0)))))
s>    ( QUESTION0_15_R 1 -3.541e+04 6.569e+02 1.728e+02
s>        ( QUESTION1 -1 -1.154e+04 3.486e+02 5.765e+01
s>            ( - -1.878e+03 1 0)
s>            ( - -9.315e+03 1 0))
s>        ( QUESTION0_9_R 1 -2.321e+04 3.262e+02 1.151e+02
s>            ( - -3.626e+03 1 0)
s>            ( QUESTION0_2_R 1 -1.926e+04 2.254e+02 9.648e+01
s>                ( - -1.783e+04 1 0)
s>                ( WDBNDRY_B 0 -1.198e+03 1.935e+02 6.000e+00
s>                    ( - -5.700e+02 1 0)
s>                    ( - -4.345e+02 1 0)))))INFO: dtree.c(1315): Comp split 1
INFO: dtree.c(1439): stop. leaf nodes are specific
INFO: dtree.c(1478): Final simple tree
|( QUESTION0_9_R 1 -2.537e+04 3.232e+02 1.251e+02
|    ( - -3.626e+03 1 0)
|    ( QUESTION0_0_R 1 -2.142e+04 3.146e+02 1.065e+02
|        ( QUESTION0_1_R 1 -1.846e+04 1.943e+02 9.348e+01
|            ( - -4.345e+02 1 0)
|            ( - -1.783e+04 1 0))
|        ( WDBNDRY_B 0 -2.640e+03 1.924e+02 1.301e+01
|            ( - -5.700e+02 1 0)
|            ( - -1.878e+03 1 0))))
s>    ( QUESTION0_9_R 1 -2.537e+04 3.232e+02 1.251e+02
s>        ( - -3.626e+03 1 0)
s>        ( QUESTION0_0_R 1 -2.142e+04 3.146e+02 1.065e+02
s>            ( QUESTION0_1_R 1 -1.846e+04 1.943e+02 9.348e+01
s>                ( - -4.345e+02 1 0)
s>                ( - -1.783e+04 1 0))
s>            ( WDBNDRY_B 0 -2.640e+03 1.924e+02 1.301e+01
s>                ( - -5.700e+02 1 0)
s>                ( - -1.878e+03 1 0))))INFO: dtree.c(1315): Comp split 2
INFO: dtree.c(1439): stop. leaf nodes are specific
INFO: dtree.c(1478): Final simple tree
|( QUESTION6 -1 -2.339e+05 3.816e+02 1.199e+03
|    ( - -7.950e+04 1 0)
|    ( QUESTION1 -1 -1.540e+05 2.866e+02 7.928e+02
|        ( - -1.645e+04 1 0)
|        ( QUESTION0 -1 -1.372e+05 2.526e+02 7.057e+02
|            ( - -1.032e+04 1 0)
|            ( - -1.267e+05 2 0))))
s>    ( QUESTION6 -1 -2.339e+05 3.816e+02 1.199e+03
s>        ( - -7.950e+04 1 0)
s>        ( QUESTION1 -1 -1.540e+05 2.866e+02 7.928e+02
s>            ( - -1.645e+04 1 0)
s>            ( QUESTION0 -1 -1.372e+05 2.526e+02 7.057e+02
s>                ( - -1.032e+04 1 0)
s>                ( - -1.267e+05 2 0))))INFO: dtree.c(1439): stop. leaf nodes are specific
INFO: dtree.c(1478): Final simple tree
|( QUESTION20 -1 -1.919e+05 5.454e+02 9.678e+02
|    ( QUESTION2_7_L -1 -1.629e+05 5.480e+02 8.254e+02
|        ( QUESTION2_8_L -1 -1.688e+04 2.712e+02 8.717e+01
|            ( - -1.007e+04 1 0)
|            ( - -6.541e+03 1 0))
|        ( QUESTION2_0_L -1 -1.455e+05 3.581e+02 7.382e+02
|            ( - -7.233e+03 1 0)
|            ( - -1.379e+05 3 0)))
|    ( QUESTION8 -1 -2.847e+04 2.933e+02 1.424e+02
|        ( - -4.786e+03 1 0)
|        ( SILENCE -1 -2.339e+04 2.004e+02 1.179e+02
|            ( - -2.055e+04 1 0)
|            ( - -2.637e+03 1 0))))
s>    ( QUESTION20 -1 -1.919e+05 5.454e+02 9.678e+02
s>        ( QUESTION2_7_L -1 -1.629e+05 5.480e+02 8.254e+02
s>            ( QUESTION2_8_L -1 -1.688e+04 2.712e+02 8.717e+01
s>                ( - -1.007e+04 1 0)
s>                ( - -6.541e+03 1 0))
s>            ( QUESTION2_0_L -1 -1.455e+05 3.581e+02 7.382e+02
s>                ( - -7.233e+03 1 0)
s>                ( - -1.379e+05 3 0)))
s>        ( QUESTION8 -1 -2.847e+04 2.933e+02 1.424e+02
s>            ( - -4.786e+03 1 0)
s>            ( SILENCE -1 -2.339e+04 2.004e+02 1.179e+02
s>                ( - -2.055e+04 1 0)
s>                ( - -2.637e+03 1 0))))INFO: dtree.c(1315): Comp split 3
INFO: dtree.c(1439): stop. leaf nodes are specific
INFO: dtree.c(1478): Final simple tree
|( SILENCE -1 -2.339e+04 2.004e+02 1.179e+02
|    ( - -2.055e+04 1 0)
|    ( - -2.637e+03 1 0))
s>    ( SILENCE -1 -2.339e+04 2.004e+02 1.179e+02
s>        ( - -2.055e+04 1 0)
s>        ( - -2.637e+03 1 0))INFO: dtree.c(1439): stop. leaf nodes are specific
INFO: dtree.c(1478): Final simple tree
|( QUESTION2_7_L -1 -1.679e+05 5.240e+02 8.499e+02
|    ( QUESTION0 -1 -2.193e+04 2.582e+02 1.117e+02
|        ( - -4.786e+03 1 0)
|        ( QUESTION2_8_L -1 -1.688e+04 2.712e+02 8.717e+01
|            ( - -1.007e+04 1 0)
|            ( - -6.541e+03 1 0)))
|    ( QUESTION2_0_L -1 -1.455e+05 3.581e+02 7.382e+02
|        ( - -7.233e+03 1 0)
|        ( - -1.379e+05 3 0)))
s>    ( QUESTION2_7_L -1 -1.679e+05 5.240e+02 8.499e+02
s>        ( QUESTION0 -1 -2.193e+04 2.582e+02 1.117e+02
s>            ( - -4.786e+03 1 0)
s>            ( QUESTION2_8_L -1 -1.688e+04 2.712e+02 8.717e+01
s>                ( - -1.007e+04 1 0)
s>                ( - -6.541e+03 1 0)))
s>        ( QUESTION2_0_L -1 -1.455e+05 3.581e+02 7.382e+02
s>            ( - -7.233e+03 1 0)
s>            ( - -1.379e+05 3 0)))INFO: dtree.c(1315): Comp split 4
INFO: dtree.c(1439): stop. leaf nodes are specific
INFO: dtree.c(1478): Final simple tree
|( QUESTION2_8_L -1 -1.688e+04 2.712e+02 8.717e+01
|    ( - -1.007e+04 1 0)
|    ( - -6.541e+03 1 0))
s>    ( QUESTION2_8_L -1 -1.688e+04 2.712e+02 8.717e+01
s>        ( - -1.007e+04 1 0)
s>        ( - -6.541e+03 1 0))INFO: dtree.c(1439): stop. leaf nodes are specific
INFO: dtree.c(1478): Final simple tree
|( QUESTION2_0_L -1 -1.505e+05 3.543e+02 7.628e+02
|    ( - -7.233e+03 1 0)
|    ( QUESTION0 -1 -1.429e+05 2.423e+02 7.243e+02
|        ( - -4.786e+03 1 0)
|        ( - -1.379e+05 3 0)))
s>    ( QUESTION2_0_L -1 -1.505e+05 3.543e+02 7.628e+02
s>        ( - -7.233e+03 1 0)
s>        ( QUESTION0 -1 -1.429e+05 2.423e+02 7.243e+02
s>            ( - -4.786e+03 1 0)
s>            ( - -1.379e+05 3 0)))INFO: dtree.c(1315): Comp split 5
INFO: dtree.c(1439): stop. leaf nodes are specific
INFO: dtree.c(1478): Final simple tree
|( QUESTION1 -1 -1.540e+05 2.866e+02 7.928e+02
|    ( - -1.645e+04 1 0)
|    ( QUESTION0 -1 -1.372e+05 2.526e+02 7.057e+02
|        ( - -1.032e+04 1 0)
|        ( - -1.267e+05 2 0)))
s>    ( QUESTION1 -1 -1.540e+05 2.866e+02 7.928e+02
s>        ( - -1.645e+04 1 0)
s>        ( QUESTION0 -1 -1.372e+05 2.526e+02 7.057e+02
s>            ( - -1.032e+04 1 0)
s>            ( - -1.267e+05 2 0)))INFO: dtree.c(1315): Comp split 6
INFO: dtree.c(1439): stop. leaf nodes are specific
INFO: dtree.c(1478): Final simple tree
|( QUESTION0 -1 -1.429e+05 2.423e+02 7.243e+02
|    ( - -4.786e+03 1 0)
|    ( - -1.379e+05 3 0))
s>    ( QUESTION0 -1 -1.429e+05 2.423e+02 7.243e+02
s>        ( - -4.786e+03 1 0)
s>        ( - -1.379e+05 3 0))INFO: dtree.c(1315): Comp split 7
INFO: dtree.c(1439): stop. leaf nodes are specific
INFO: dtree.c(1478): Final simple tree
|( QUESTION0_0_R 1 -2.142e+04 3.146e+02 1.065e+02
|    ( QUESTION0_1_R 1 -1.846e+04 1.943e+02 9.348e+01
|        ( - -4.345e+02 1 0)
|        ( - -1.783e+04 1 0))
|    ( WDBNDRY_B 0 -2.640e+03 1.924e+02 1.301e+01
|        ( - -5.700e+02 1 0)
|        ( - -1.878e+03 1 0)))
s>    ( QUESTION0_0_R 1 -2.142e+04 3.146e+02 1.065e+02
s>        ( QUESTION0_1_R 1 -1.846e+04 1.943e+02 9.348e+01
s>            ( - -4.345e+02 1 0)
s>            ( - -1.783e+04 1 0))
s>        ( WDBNDRY_B 0 -2.640e+03 1.924e+02 1.301e+01
s>            ( - -5.700e+02 1 0)
s>            ( - -1.878e+03 1 0)))INFO: dtree.c(1315): Comp split 8
INFO: dtree.c(1439): stop. leaf nodes are specific
INFO: dtree.c(1478): Final simple tree
|( WDBNDRY_B 0 -2.640e+03 1.924e+02 1.301e+01
|    ( - -5.700e+02 1 0)
|    ( - -1.878e+03 1 0))
s>    ( WDBNDRY_B 0 -2.640e+03 1.924e+02 1.301e+01
s>        ( - -5.700e+02 1 0)
s>        ( - -1.878e+03 1 0))INFO: dtree.c(1439): stop. leaf nodes are specific
INFO: dtree.c(1478): Final simple tree
|( QUESTION0_1_R 1 -1.846e+04 1.943e+02 9.348e+01
|    ( - -4.345e+02 1 0)
|    ( - -1.783e+04 1 0))
s>    ( QUESTION0_1_R 1 -1.846e+04 1.943e+02 9.348e+01
s>        ( - -4.345e+02 1 0)
s>        ( - -1.783e+04 1 0))INFO: dtree.c(1315): Comp split 9
INFO: dtree.c(1439): stop. leaf nodes are specific
INFO: dtree.c(1478): Final simple tree
|( QUESTION0 -1 -1.372e+05 2.526e+02 7.057e+02
|    ( - -1.032e+04 1 0)
|    ( - -1.267e+05 2 0))
s>    ( QUESTION0 -1 -1.372e+05 2.526e+02 7.057e+02
s>        ( - -1.032e+04 1 0)
s>        ( - -1.267e+05 2 0))INFO: dtree.c(1315): Comp split 10
INFO: dtree.c(1315): Comp split 11
INFO: dtree.c(1315): Comp split 12
INFO: dtree.c(1315): Comp split 13
INFO: dtree.c(1315): Comp split 14
INFO: dtree.c(1315): Comp split 15
INFO: dtree.c(1315): Comp split 16
INFO: dtree.c(1318): stop. leaf nodes are specific
Wed Dec 20 23:52:14 2017
