Current configuration:
[NAME]		[DEFLT]	[VALUE]
-allphones	no	no
-cntthresh	0.00001	1.000000e-05
-csplitmax	100	2000
-csplitmin	1	1
-csplitthr	8e-4	0.000000e+00
-example	no	no
-fullvar	no	no
-help		no	no
-meanfn			/home/alex/repos/speech/an4/model_parameters/an4.cd_cont_untied/means
-mixwfn			/home/alex/repos/speech/an4/model_parameters/an4.cd_cont_untied/mixture_weights
-moddeffn		/home/alex/repos/speech/an4/model_architecture/an4.untied.mdef
-mwfloor	1e-4	1.000000e-08
-phone			AY
-psetfn			/home/alex/repos/speech/an4/model_architecture/an4.tree_questions
-ssplitmax	5	7
-ssplitmin	1	1
-ssplitthr	8e-4	0.000000e+00
-state			0
-stwt			1.0,0.05,0.0,
-treefn			/home/alex/repos/speech/an4/trees/an4.unpruned/AY-0.dtree
-ts2cbfn	.semi.	.cont.
-varfloor	0.00001	1.000000e-05
-varfn			/home/alex/repos/speech/an4/model_parameters/an4.cd_cont_untied/variances

INFO: main.c(223): Reading: /home/alex/repos/speech/an4/model_architecture/an4.untied.mdef
INFO: model_def_io.c(573): Model definition info:
INFO: model_def_io.c(574): 1618 total models defined (34 base, 1584 tri)
INFO: model_def_io.c(575): 6472 total states
INFO: model_def_io.c(576): 4854 total tied states
INFO: model_def_io.c(577): 102 total tied CI states
INFO: model_def_io.c(578): 34 total tied transition matrices
INFO: model_def_io.c(579): 4 max state/model
INFO: model_def_io.c(580): 4 min state/model
INFO: main.c(242): Building trees for [AY AH EH s] through [AY W Z e]
INFO: main.c(269): Covering states |[480 734]| == 255
INFO: main.c(275): Reading: /home/alex/repos/speech/an4/model_parameters/an4.cd_cont_untied/mixture_weights
INFO: s3mixw_io.c(173): Read /home/alex/repos/speech/an4/model_parameters/an4.cd_cont_untied/mixture_weights [255x1x1 array]
INFO: main.c(311): 85 of 85 models have observation count greater than 0.000010
INFO: main.c(95): nrm stwt: 0.952 0.048 0.000 
INFO: s3gau_io.c(169): Read /home/alex/repos/speech/an4/model_parameters/an4.cd_cont_untied/means [4854x1x1 array]
INFO: s3gau_io.c(169): Read /home/alex/repos/speech/an4/model_parameters/an4.cd_cont_untied/variances [4854x1x1 array]
INFO: main.c(549): Reading: /home/alex/repos/speech/an4/model_architecture/an4.tree_questions
INFO: main.c(588): 180 total simple questions (172 phone; 8 word bndry)
INFO: main.c(590): 42 Left Only questions, and 42 Right Only questions
INFO: dtree.c(1478): Final simple tree
|( QUESTION2_8_L -1 -7.169e+05 5.845e+03 3.023e+03
|    ( WDBNDRY_S 0 -1.860e+05 7.459e+02 7.960e+02
|        ( - -1.128e+04 4 0 QUESTION1 1 1.803e+02 4.681e+01)
|        ( - -1.740e+05 1 0))
|    ( WDBNDRY_I 0 -5.251e+05 4.302e+03 2.227e+03
|        ( - -1.310e+05 1 0)
|        ( QUESTION4 -1 -3.898e+05 3.212e+03 1.659e+03
|            ( QUESTION17 1 -4.238e+04 4.455e+02 1.915e+02
|                ( - -4.366e+03 3 0 QUESTION0_6_R 1 2.455e+02 1.988e+01)
|                ( QUESTION0_14_R 1 -3.757e+04 4.383e+02 1.716e+02
|                    ( - 1.800e+02 1 0)
|                    ( - -3.732e+04 16 0 QUESTION11 1 4.364e+02 1.706e+02)))
|            ( QUESTION2_15_L -1 -3.442e+05 1.029e+03 1.467e+03
|                ( - -1.101e+05 27 0 QUESTION0_4_R 1 3.957e+02 4.761e+02)
|                ( - -2.331e+05 32 0 QUESTION0_9_R 1 4.256e+02 9.911e+02)))))
s>    ( QUESTION2_8_L -1 -7.169e+05 5.845e+03 3.023e+03
s>        ( WDBNDRY_S 0 -1.860e+05 7.459e+02 7.960e+02
s>            ( - -1.128e+04 4 0 QUESTION1 1 1.803e+02 4.681e+01)
s>            ( - -1.740e+05 1 0))
s>        ( WDBNDRY_I 0 -5.251e+05 4.302e+03 2.227e+03
s>            ( - -1.310e+05 1 0)
s>            ( QUESTION4 -1 -3.898e+05 3.212e+03 1.659e+03
s>                ( QUESTION17 1 -4.238e+04 4.455e+02 1.915e+02
s>                    ( - -4.366e+03 3 0 QUESTION0_6_R 1 2.455e+02 1.988e+01)
s>                    ( QUESTION0_14_R 1 -3.757e+04 4.383e+02 1.716e+02
s>                        ( - 1.800e+02 1 0)
s>                        ( - -3.732e+04 16 0 QUESTION11 1 4.364e+02 1.706e+02)))
s>                ( QUESTION2_15_L -1 -3.442e+05 1.029e+03 1.467e+03
s>                    ( - -1.101e+05 27 0 QUESTION0_4_R 1 3.957e+02 4.761e+02)
s>                    ( - -2.331e+05 32 0 QUESTION0_9_R 1 4.256e+02 9.911e+02)))))INFO: dtree.c(1315): Comp split 0
INFO: dtree.c(1478): Final simple tree
|( QUESTION17 1 -2.187e+05 2.521e+03 9.407e+02
|    ( WDBNDRY_E 0 -1.786e+05 3.102e+02 7.691e+02
|        ( QUESTION0_6_R 1 -4.366e+03 2.455e+02 1.988e+01
|            ( - -2.102e+03 1 0)
|            ( - -2.018e+03 2 0 QUESTION0_0_R 1 1.517e+02 9.880e+00))
|        ( - -1.740e+05 1 0))
|    ( QUESTION0_14_R 1 -3.757e+04 4.383e+02 1.716e+02
|        ( - 1.800e+02 1 0)
|        ( QUESTION11 1 -3.732e+04 4.364e+02 1.706e+02
|            ( - 1.256e+02 1 0)
|            ( SILENCE 1 -3.700e+04 4.302e+02 1.696e+02
|                ( - -1.592e+04 1 0)
|                ( QUESTION0_8_R 1 -2.065e+04 2.343e+02 9.363e+01
|                    ( - -3.919e+03 1 0)
|                    ( - -1.650e+04 13 0 QUESTION5 1 2.250e+02 7.430e+01))))))
s>    ( QUESTION17 1 -2.187e+05 2.521e+03 9.407e+02
s>        ( WDBNDRY_E 0 -1.786e+05 3.102e+02 7.691e+02
s>            ( QUESTION0_6_R 1 -4.366e+03 2.455e+02 1.988e+01
s>                ( - -2.102e+03 1 0)
s>                ( - -2.018e+03 2 0 QUESTION0_0_R 1 1.517e+02 9.880e+00))
s>            ( - -1.740e+05 1 0))
s>        ( QUESTION0_14_R 1 -3.757e+04 4.383e+02 1.716e+02
s>            ( - 1.800e+02 1 0)
s>            ( QUESTION11 1 -3.732e+04 4.364e+02 1.706e+02
s>                ( - 1.256e+02 1 0)
s>                ( SILENCE 1 -3.700e+04 4.302e+02 1.696e+02
s>                    ( - -1.592e+04 1 0)
s>                    ( QUESTION0_8_R 1 -2.065e+04 2.343e+02 9.363e+01
s>                        ( - -3.919e+03 1 0)
s>                        ( - -1.650e+04 13 0 QUESTION5 1 2.250e+02 7.430e+01))))))INFO: dtree.c(1478): Final simple tree
|( WDBNDRY_I 0 -4.910e+05 4.286e+03 2.083e+03
|    ( - -1.310e+05 1 0)
|    ( QUESTION2_14_L -1 -3.557e+05 9.924e+02 1.514e+03
|        ( QUESTION0_9_R 1 -1.855e+05 4.892e+02 7.882e+02
|            ( - -5.571e+04 2 0)
|            ( QUESTION18 1 -1.293e+05 3.027e+02 5.484e+02
|                ( - -1.508e+04 3 0 QUESTION0_8_R 1 2.391e+02 6.701e+01)
|                ( - -1.139e+05 9 0 SILENCE 1 1.874e+02 4.814e+02)))
|        ( QUESTION2_13_L -1 -1.693e+05 4.091e+02 7.259e+02
|            ( QUESTION0_4_R 1 -1.101e+05 3.957e+02 4.761e+02
|                ( - -3.026e+03 2 0 WDBNDRY_E 0 1.617e+02 1.400e+01)
|                ( QUESTION2_18_L -1 -1.066e+05 2.860e+02 4.621e+02
|                    ( - -3.228e+04 7 0 QUESTION0_3_R 1 2.653e+02 1.411e+02)
|                    ( - -7.407e+04 18 0 QUESTION0_3_R 1 2.735e+02 3.210e+02)))
|            ( - -5.880e+04 22 0 QUESTION0 -1 2.148e+02 2.497e+02))))
s>    ( WDBNDRY_I 0 -4.910e+05 4.286e+03 2.083e+03
s>        ( - -1.310e+05 1 0)
s>        ( QUESTION2_14_L -1 -3.557e+05 9.924e+02 1.514e+03
s>            ( QUESTION0_9_R 1 -1.855e+05 4.892e+02 7.882e+02
s>                ( - -5.571e+04 2 0)
s>                ( QUESTION18 1 -1.293e+05 3.027e+02 5.484e+02
s>                    ( - -1.508e+04 3 0 QUESTION0_8_R 1 2.391e+02 6.701e+01)
s>                    ( - -1.139e+05 9 0 SILENCE 1 1.874e+02 4.814e+02)))
s>            ( QUESTION2_13_L -1 -1.693e+05 4.091e+02 7.259e+02
s>                ( QUESTION0_4_R 1 -1.101e+05 3.957e+02 4.761e+02
s>                    ( - -3.026e+03 2 0 WDBNDRY_E 0 1.617e+02 1.400e+01)
s>                    ( QUESTION2_18_L -1 -1.066e+05 2.860e+02 4.621e+02
s>                        ( - -3.228e+04 7 0 QUESTION0_3_R 1 2.653e+02 1.411e+02)
s>                        ( - -7.407e+04 18 0 QUESTION0_3_R 1 2.735e+02 3.210e+02)))
s>                ( - -5.880e+04 22 0 QUESTION0 -1 2.148e+02 2.497e+02))))INFO: dtree.c(1315): Comp split 1
INFO: dtree.c(1478): Final simple tree
|( QUESTION2_14_L -1 -3.557e+05 9.924e+02 1.514e+03
|    ( QUESTION0_9_R 1 -1.855e+05 4.892e+02 7.882e+02
|        ( - -5.571e+04 2 0)
|        ( QUESTION18 1 -1.293e+05 3.027e+02 5.484e+02
|            ( - -1.508e+04 3 0 QUESTION0_8_R 1 2.391e+02 6.701e+01)
|            ( - -1.139e+05 9 0 SILENCE 1 1.874e+02 4.814e+02)))
|    ( QUESTION2_13_L -1 -1.693e+05 4.091e+02 7.259e+02
|        ( QUESTION0_4_R 1 -1.101e+05 3.957e+02 4.761e+02
|            ( - -3.026e+03 2 0 WDBNDRY_E 0 1.617e+02 1.400e+01)
|            ( QUESTION2_18_L -1 -1.066e+05 2.860e+02 4.621e+02
|                ( - -3.228e+04 7 0 QUESTION0_3_R 1 2.653e+02 1.411e+02)
|                ( QUESTION0_3_R 1 -7.407e+04 2.735e+02 3.210e+02
|                    ( - -5.791e+03 1 0)
|                    ( - -6.800e+04 17 0 SILENCE 1 2.509e+02 2.930e+02))))
|        ( - -5.880e+04 22 0 QUESTION0 -1 2.148e+02 2.497e+02)))
s>    ( QUESTION2_14_L -1 -3.557e+05 9.924e+02 1.514e+03
s>        ( QUESTION0_9_R 1 -1.855e+05 4.892e+02 7.882e+02
s>            ( - -5.571e+04 2 0)
s>            ( QUESTION18 1 -1.293e+05 3.027e+02 5.484e+02
s>                ( - -1.508e+04 3 0 QUESTION0_8_R 1 2.391e+02 6.701e+01)
s>                ( - -1.139e+05 9 0 SILENCE 1 1.874e+02 4.814e+02)))
s>        ( QUESTION2_13_L -1 -1.693e+05 4.091e+02 7.259e+02
s>            ( QUESTION0_4_R 1 -1.101e+05 3.957e+02 4.761e+02
s>                ( - -3.026e+03 2 0 WDBNDRY_E 0 1.617e+02 1.400e+01)
s>                ( QUESTION2_18_L -1 -1.066e+05 2.860e+02 4.621e+02
s>                    ( - -3.228e+04 7 0 QUESTION0_3_R 1 2.653e+02 1.411e+02)
s>                    ( QUESTION0_3_R 1 -7.407e+04 2.735e+02 3.210e+02
s>                        ( - -5.791e+03 1 0)
s>                        ( - -6.800e+04 17 0 SILENCE 1 2.509e+02 2.930e+02))))
s>            ( - -5.880e+04 22 0 QUESTION0 -1 2.148e+02 2.497e+02)))INFO: dtree.c(1315): Comp split 2
INFO: dtree.c(1478): Final simple tree
|( QUESTION11 1 -3.976e+04 4.355e+02 1.815e+02
|    ( - 1.256e+02 1 0)
|    ( SILENCE 1 -3.945e+04 4.185e+02 1.805e+02
|        ( - -1.592e+04 1 0)
|        ( QUESTION0_8_R 1 -2.311e+04 2.377e+02 1.045e+02
|            ( - -3.919e+03 1 0)
|            ( QUESTION5 1 -1.896e+04 2.265e+02 8.518e+01
|                ( - -2.671e+02 1 0)
|                ( QUESTION0_1_R 1 -1.846e+04 2.207e+02 8.318e+01
|                    ( - -3.038e+02 1 0)
|                    ( QUESTION0_11_R 1 -1.794e+04 1.966e+02 8.118e+01
|                        ( - -1.275e+03 1 0)
|                        ( QUESTION0_4_R 1 -1.647e+04 1.498e+02 7.430e+01
|                            ( - -9.591e+02 1 0)
|                            ( - -1.536e+04 12 0 QUESTION14 1 2.383e+02 7.030e+01))))))))
s>    ( QUESTION11 1 -3.976e+04 4.355e+02 1.815e+02
s>        ( - 1.256e+02 1 0)
s>        ( SILENCE 1 -3.945e+04 4.185e+02 1.805e+02
s>            ( - -1.592e+04 1 0)
s>            ( QUESTION0_8_R 1 -2.311e+04 2.377e+02 1.045e+02
s>                ( - -3.919e+03 1 0)
s>                ( QUESTION5 1 -1.896e+04 2.265e+02 8.518e+01
s>                    ( - -2.671e+02 1 0)
s>                    ( QUESTION0_1_R 1 -1.846e+04 2.207e+02 8.318e+01
s>                        ( - -3.038e+02 1 0)
s>                        ( QUESTION0_11_R 1 -1.794e+04 1.966e+02 8.118e+01
s>                            ( - -1.275e+03 1 0)
s>                            ( QUESTION0_4_R 1 -1.647e+04 1.498e+02 7.430e+01
s>                                ( - -9.591e+02 1 0)
s>                                ( - -1.536e+04 12 0 QUESTION14 1 2.383e+02 7.030e+01))))))))INFO: dtree.c(1439): stop. leaf nodes are specific
INFO: dtree.c(1478): Final simple tree
|( WDBNDRY_E 0 -1.763e+05 2.600e+02 7.592e+02
|    ( - -2.102e+03 1 0)
|    ( - -1.740e+05 1 0))
s>    ( WDBNDRY_E 0 -1.763e+05 2.600e+02 7.592e+02
s>        ( - -2.102e+03 1 0)
s>        ( - -1.740e+05 1 0))INFO: dtree.c(1315): Comp split 3
INFO: dtree.c(1478): Final simple tree
|( QUESTION18 1 -1.293e+05 3.027e+02 5.484e+02
|    ( QUESTION0_8_R 1 -1.508e+04 2.391e+02 6.701e+01
|        ( - -3.700e+03 1 0)
|        ( QUESTION0_0_R 1 -1.114e+04 1.469e+02 5.003e+01
|            ( - -7.698e+03 1 0)
|            ( - -3.293e+03 1 0)))
|    ( SILENCE 1 -1.139e+05 1.874e+02 4.814e+02
|        ( - -3.763e+03 1 0)
|        ( QUESTION0_1_R 1 -1.100e+05 1.752e+02 4.644e+02
|            ( - -7.589e+03 3 0)
|            ( QUESTION8 1 -1.022e+05 1.493e+02 4.314e+02
|                ( - -8.628e+04 2 0 QUESTION0_0_R 1 1.090e+02 3.641e+02)
|                ( QUESTION0_13_R 1 -1.576e+04 1.443e+02 6.725e+01
|                    ( - -1.766e+03 1 0)
|                    ( - -1.385e+04 2 0))))))
s>    ( QUESTION18 1 -1.293e+05 3.027e+02 5.484e+02
s>        ( QUESTION0_8_R 1 -1.508e+04 2.391e+02 6.701e+01
s>            ( - -3.700e+03 1 0)
s>            ( QUESTION0_0_R 1 -1.114e+04 1.469e+02 5.003e+01
s>                ( - -7.698e+03 1 0)
s>                ( - -3.293e+03 1 0)))
s>        ( SILENCE 1 -1.139e+05 1.874e+02 4.814e+02
s>            ( - -3.763e+03 1 0)
s>            ( QUESTION0_1_R 1 -1.100e+05 1.752e+02 4.644e+02
s>                ( - -7.589e+03 3 0)
s>                ( QUESTION8 1 -1.022e+05 1.493e+02 4.314e+02
s>                    ( - -8.628e+04 2 0 QUESTION0_0_R 1 1.090e+02 3.641e+02)
s>                    ( QUESTION0_13_R 1 -1.576e+04 1.443e+02 6.725e+01
s>                        ( - -1.766e+03 1 0)
s>                        ( - -1.385e+04 2 0))))))INFO: dtree.c(1478): Final simple tree
|( QUESTION2_15_L -1 -2.255e+05 6.254e+02 9.657e+02
|    ( QUESTION0_4_R 1 -1.101e+05 3.957e+02 4.761e+02
|        ( - -3.026e+03 2 0 WDBNDRY_E 0 1.617e+02 1.400e+01)
|        ( QUESTION2_18_L -1 -1.066e+05 2.860e+02 4.621e+02
|            ( QUESTION0_3_R 1 -3.228e+04 2.653e+02 1.411e+02
|                ( - -1.071e+03 1 0)
|                ( - -3.095e+04 6 0 QUESTION0_1_R 1 2.305e+02 1.351e+02))
|            ( QUESTION0_3_R 1 -7.407e+04 2.735e+02 3.210e+02
|                ( - -5.791e+03 1 0)
|                ( SILENCE 1 -6.800e+04 2.509e+02 2.930e+02
|                    ( - -7.759e+03 1 0)
|                    ( - -5.999e+04 16 0 QUESTION2 -1 2.351e+02 2.580e+02)))))
|    ( QUESTION2_8_L -1 -1.148e+05 2.697e+02 4.896e+02
|        ( - -1.128e+04 4 0 QUESTION1 1 1.803e+02 4.681e+01)
|        ( - -1.032e+05 20 0 QUESTION14 -1 2.077e+02 4.427e+02)))
s>    ( QUESTION2_15_L -1 -2.255e+05 6.254e+02 9.657e+02
s>        ( QUESTION0_4_R 1 -1.101e+05 3.957e+02 4.761e+02
s>            ( - -3.026e+03 2 0 WDBNDRY_E 0 1.617e+02 1.400e+01)
s>            ( QUESTION2_18_L -1 -1.066e+05 2.860e+02 4.621e+02
s>                ( QUESTION0_3_R 1 -3.228e+04 2.653e+02 1.411e+02
s>                    ( - -1.071e+03 1 0)
s>                    ( - -3.095e+04 6 0 QUESTION0_1_R 1 2.305e+02 1.351e+02))
s>                ( QUESTION0_3_R 1 -7.407e+04 2.735e+02 3.210e+02
s>                    ( - -5.791e+03 1 0)
s>                    ( SILENCE 1 -6.800e+04 2.509e+02 2.930e+02
s>                        ( - -7.759e+03 1 0)
s>                        ( - -5.999e+04 16 0 QUESTION2 -1 2.351e+02 2.580e+02)))))
s>        ( QUESTION2_8_L -1 -1.148e+05 2.697e+02 4.896e+02
s>            ( - -1.128e+04 4 0 QUESTION1 1 1.803e+02 4.681e+01)
s>            ( - -1.032e+05 20 0 QUESTION14 -1 2.077e+02 4.427e+02)))INFO: dtree.c(1315): Comp split 4
INFO: dtree.c(1478): Final simple tree
|( QUESTION2 -1 -1.112e+05 2.528e+02 4.777e+02
|    ( - -7.759e+03 1 0)
|    ( QUESTION14 -1 -1.032e+05 2.077e+02 4.427e+02
|        ( - -2.127e+03 2 0 QUESTION0_0_R 1 1.509e+02 1.000e+01)
|        ( QUESTION17 1 -1.009e+05 1.988e+02 4.327e+02
|            ( - -1.423e+03 1 0)
|            ( QUESTION0_7_R 1 -9.927e+04 1.927e+02 4.257e+02
|                ( - -4.053e+03 1 0)
|                ( SILENCE 1 -9.502e+04 1.831e+02 4.077e+02
|                    ( - -2.861e+03 1 0)
|                    ( QUESTION2_13_L -1 -9.198e+04 2.020e+02 3.957e+02
|                        ( - -5.571e+04 2 0)
|                        ( QUESTION0_5_R 1 -3.607e+04 1.977e+02 1.559e+02
|                            ( - -1.417e+04 4 0 QUESTION20 -1 1.760e+02 6.200e+01)
|                            ( - -2.170e+04 9 0 QUESTION2_6_L -1 1.736e+02 9.393e+01))))))))
s>    ( QUESTION2 -1 -1.112e+05 2.528e+02 4.777e+02
s>        ( - -7.759e+03 1 0)
s>        ( QUESTION14 -1 -1.032e+05 2.077e+02 4.427e+02
s>            ( - -2.127e+03 2 0 QUESTION0_0_R 1 1.509e+02 1.000e+01)
s>            ( QUESTION17 1 -1.009e+05 1.988e+02 4.327e+02
s>                ( - -1.423e+03 1 0)
s>                ( QUESTION0_7_R 1 -9.927e+04 1.927e+02 4.257e+02
s>                    ( - -4.053e+03 1 0)
s>                    ( SILENCE 1 -9.502e+04 1.831e+02 4.077e+02
s>                        ( - -2.861e+03 1 0)
s>                        ( QUESTION2_13_L -1 -9.198e+04 2.020e+02 3.957e+02
s>                            ( - -5.571e+04 2 0)
s>                            ( QUESTION0_5_R 1 -3.607e+04 1.977e+02 1.559e+02
s>                                ( - -1.417e+04 4 0 QUESTION20 -1 1.760e+02 6.200e+01)
s>                                ( - -2.170e+04 9 0 QUESTION2_6_L -1 1.736e+02 9.393e+01))))))))INFO: dtree.c(1478): Final simple tree
|( QUESTION0_4_R 1 -1.135e+05 3.990e+02 4.879e+02
|    ( - -3.026e+03 2 0 WDBNDRY_E 0 1.617e+02 1.400e+01)
|    ( QUESTION2_18_L -1 -1.101e+05 2.857e+02 4.739e+02
|        ( QUESTION0_3_R 1 -3.228e+04 2.653e+02 1.411e+02
|            ( - -1.071e+03 1 0)
|            ( QUESTION0_1_R 1 -3.095e+04 2.305e+02 1.351e+02
|                ( - -5.847e+03 1 0)
|                ( - -2.487e+04 5 0 SILENCE 1 1.731e+02 1.085e+02)))
|        ( QUESTION0_3_R 1 -7.753e+04 2.839e+02 3.328e+02
|            ( - -5.791e+03 1 0)
|            ( QUESTION2 -1 -7.146e+04 2.225e+02 3.048e+02
|                ( - -1.991e+04 4 0 QUESTION0_2_R 1 1.610e+02 8.700e+01)
|                ( QUESTION0_10_R 1 -5.132e+04 2.418e+02 2.178e+02
|                    ( - -2.594e+04 3 0 QUESTION2_7_L -1 1.832e+02 1.098e+02)
|                    ( - -2.514e+04 13 0 QUESTION2_7_L -1 2.165e+02 1.080e+02))))))
s>    ( QUESTION0_4_R 1 -1.135e+05 3.990e+02 4.879e+02
s>        ( - -3.026e+03 2 0 WDBNDRY_E 0 1.617e+02 1.400e+01)
s>        ( QUESTION2_18_L -1 -1.101e+05 2.857e+02 4.739e+02
s>            ( QUESTION0_3_R 1 -3.228e+04 2.653e+02 1.411e+02
s>                ( - -1.071e+03 1 0)
s>                ( QUESTION0_1_R 1 -3.095e+04 2.305e+02 1.351e+02
s>                    ( - -5.847e+03 1 0)
s>                    ( - -2.487e+04 5 0 SILENCE 1 1.731e+02 1.085e+02)))
s>            ( QUESTION0_3_R 1 -7.753e+04 2.839e+02 3.328e+02
s>                ( - -5.791e+03 1 0)
s>                ( QUESTION2 -1 -7.146e+04 2.225e+02 3.048e+02
s>                    ( - -1.991e+04 4 0 QUESTION0_2_R 1 1.610e+02 8.700e+01)
s>                    ( QUESTION0_10_R 1 -5.132e+04 2.418e+02 2.178e+02
s>                        ( - -2.594e+04 3 0 QUESTION2_7_L -1 1.832e+02 1.098e+02)
s>                        ( - -2.514e+04 13 0 QUESTION2_7_L -1 2.165e+02 1.080e+02))))))INFO: dtree.c(1315): Comp split 5
INFO: dtree.c(1478): Final simple tree
|( SILENCE 1 -3.945e+04 4.185e+02 1.805e+02
|    ( - -1.592e+04 1 0)
|    ( QUESTION0_8_R 1 -2.311e+04 2.377e+02 1.045e+02
|        ( - -3.919e+03 1 0)
|        ( QUESTION5 1 -1.896e+04 2.265e+02 8.518e+01
|            ( - -2.671e+02 1 0)
|            ( QUESTION0_1_R 1 -1.846e+04 2.207e+02 8.318e+01
|                ( - -3.038e+02 1 0)
|                ( QUESTION0_11_R 1 -1.794e+04 1.966e+02 8.118e+01
|                    ( - -1.275e+03 1 0)
|                    ( QUESTION0_4_R 1 -1.647e+04 1.498e+02 7.430e+01
|                        ( - -9.591e+02 1 0)
|                        ( QUESTION14 1 -1.536e+04 2.383e+02 7.030e+01
|                            ( - -2.418e+02 1 0)
|                            ( - -1.488e+04 11 0 QUESTION16 1 1.328e+02 6.830e+01))))))))
s>    ( SILENCE 1 -3.945e+04 4.185e+02 1.805e+02
s>        ( - -1.592e+04 1 0)
s>        ( QUESTION0_8_R 1 -2.311e+04 2.377e+02 1.045e+02
s>            ( - -3.919e+03 1 0)
s>            ( QUESTION5 1 -1.896e+04 2.265e+02 8.518e+01
s>                ( - -2.671e+02 1 0)
s>                ( QUESTION0_1_R 1 -1.846e+04 2.207e+02 8.318e+01
s>                    ( - -3.038e+02 1 0)
s>                    ( QUESTION0_11_R 1 -1.794e+04 1.966e+02 8.118e+01
s>                        ( - -1.275e+03 1 0)
s>                        ( QUESTION0_4_R 1 -1.647e+04 1.498e+02 7.430e+01
s>                            ( - -9.591e+02 1 0)
s>                            ( QUESTION14 1 -1.536e+04 2.383e+02 7.030e+01
s>                                ( - -2.418e+02 1 0)
s>                                ( - -1.488e+04 11 0 QUESTION16 1 1.328e+02 6.830e+01))))))))INFO: dtree.c(1315): Comp split 6
INFO: dtree.c(1478): Final simple tree
|( QUESTION0_8_R 1 -2.311e+04 2.377e+02 1.045e+02
|    ( - -3.919e+03 1 0)
|    ( QUESTION5 1 -1.896e+04 2.265e+02 8.518e+01
|        ( - -2.671e+02 1 0)
|        ( QUESTION0_1_R 1 -1.846e+04 2.207e+02 8.318e+01
|            ( - -3.038e+02 1 0)
|            ( QUESTION0_11_R 1 -1.794e+04 1.966e+02 8.118e+01
|                ( - -1.275e+03 1 0)
|                ( QUESTION0_4_R 1 -1.647e+04 1.498e+02 7.430e+01
|                    ( - -9.591e+02 1 0)
|                    ( QUESTION14 1 -1.536e+04 2.383e+02 7.030e+01
|                        ( - -2.418e+02 1 0)
|                        ( QUESTION16 1 -1.488e+04 1.328e+02 6.830e+01
|                            ( - -1.835e+03 3 0 QUESTION17 1 1.230e+02 8.000e+00)
|                            ( - -1.291e+04 8 0 QUESTION0_3_R 1 1.291e+02 6.030e+01))))))))
s>    ( QUESTION0_8_R 1 -2.311e+04 2.377e+02 1.045e+02
s>        ( - -3.919e+03 1 0)
s>        ( QUESTION5 1 -1.896e+04 2.265e+02 8.518e+01
s>            ( - -2.671e+02 1 0)
s>            ( QUESTION0_1_R 1 -1.846e+04 2.207e+02 8.318e+01
s>                ( - -3.038e+02 1 0)
s>                ( QUESTION0_11_R 1 -1.794e+04 1.966e+02 8.118e+01
s>                    ( - -1.275e+03 1 0)
s>                    ( QUESTION0_4_R 1 -1.647e+04 1.498e+02 7.430e+01
s>                        ( - -9.591e+02 1 0)
s>                        ( QUESTION14 1 -1.536e+04 2.383e+02 7.030e+01
s>                            ( - -2.418e+02 1 0)
s>                            ( QUESTION16 1 -1.488e+04 1.328e+02 6.830e+01
s>                                ( - -1.835e+03 3 0 QUESTION17 1 1.230e+02 8.000e+00)
s>                                ( - -1.291e+04 8 0 QUESTION0_3_R 1 1.291e+02 6.030e+01))))))))INFO: dtree.c(1315): Comp split 7
INFO: dtree.c(1478): Final simple tree
|( QUESTION2_18_L -1 -1.101e+05 2.857e+02 4.739e+02
|    ( QUESTION0_3_R 1 -3.228e+04 2.653e+02 1.411e+02
|        ( - -1.071e+03 1 0)
|        ( QUESTION0_1_R 1 -3.095e+04 2.305e+02 1.351e+02
|            ( - -5.847e+03 1 0)
|            ( - -2.487e+04 5 0 SILENCE 1 1.731e+02 1.085e+02)))
|    ( QUESTION0_3_R 1 -7.753e+04 2.839e+02 3.328e+02
|        ( - -5.791e+03 1 0)
|        ( QUESTION2 -1 -7.146e+04 2.225e+02 3.048e+02
|            ( - -1.991e+04 4 0 QUESTION0_2_R 1 1.610e+02 8.700e+01)
|            ( QUESTION0_10_R 1 -5.132e+04 2.418e+02 2.178e+02
|                ( - -2.594e+04 3 0 QUESTION2_7_L -1 1.832e+02 1.098e+02)
|                ( QUESTION2_7_L -1 -2.514e+04 2.165e+02 1.080e+02
|                    ( - -5.722e+03 3 0 QUESTION0 1 1.749e+02 2.401e+01)
|                    ( - -1.920e+04 10 0 WDBNDRY_E 0 2.040e+02 8.397e+01))))))
s>    ( QUESTION2_18_L -1 -1.101e+05 2.857e+02 4.739e+02
s>        ( QUESTION0_3_R 1 -3.228e+04 2.653e+02 1.411e+02
s>            ( - -1.071e+03 1 0)
s>            ( QUESTION0_1_R 1 -3.095e+04 2.305e+02 1.351e+02
s>                ( - -5.847e+03 1 0)
s>                ( - -2.487e+04 5 0 SILENCE 1 1.731e+02 1.085e+02)))
s>        ( QUESTION0_3_R 1 -7.753e+04 2.839e+02 3.328e+02
s>            ( - -5.791e+03 1 0)
s>            ( QUESTION2 -1 -7.146e+04 2.225e+02 3.048e+02
s>                ( - -1.991e+04 4 0 QUESTION0_2_R 1 1.610e+02 8.700e+01)
s>                ( QUESTION0_10_R 1 -5.132e+04 2.418e+02 2.178e+02
s>                    ( - -2.594e+04 3 0 QUESTION2_7_L -1 1.832e+02 1.098e+02)
s>                    ( QUESTION2_7_L -1 -2.514e+04 2.165e+02 1.080e+02
s>                        ( - -5.722e+03 3 0 QUESTION0 1 1.749e+02 2.401e+01)
s>                        ( - -1.920e+04 10 0 WDBNDRY_E 0 2.040e+02 8.397e+01))))))INFO: dtree.c(1439): stop. leaf nodes are specific
INFO: dtree.c(1478): Final simple tree
|( WDBNDRY_E 0 -3.026e+03 1.617e+02 1.400e+01
|    ( - -1.125e+03 1 0)
|    ( - -1.740e+03 1 0))
s>    ( WDBNDRY_E 0 -3.026e+03 1.617e+02 1.400e+01
s>        ( - -1.125e+03 1 0)
s>        ( - -1.740e+03 1 0))INFO: dtree.c(1315): Comp split 8
INFO: dtree.c(1478): Final simple tree
|( QUESTION0 -1 -7.697e+04 2.205e+02 3.293e+02
|    ( QUESTION0_14_R 1 -4.495e+04 1.919e+02 1.955e+02
|        ( - -7.411e+03 2 0 QUESTION17 1 1.525e+02 3.292e+01)
|        ( QUESTION0_2_R 1 -3.735e+04 1.691e+02 1.625e+02
|            ( QUESTION2 -1 -2.157e+04 1.646e+02 9.500e+01
|                ( - -7.266e+03 1 0)
|                ( - -1.414e+04 1 0))
|            ( SILENCE 1 -1.561e+04 1.637e+02 6.755e+01
|                ( - -1.447e+03 1 0)
|                ( - -1.400e+04 4 0 QUESTION0_20_R 1 1.276e+02 6.055e+01))))
|    ( QUESTION1 1 -3.180e+04 1.789e+02 1.339e+02
|        ( - -5.860e+02 1 0)
|        ( QUESTION2_7_L -1 -3.103e+04 1.705e+02 1.309e+02
|            ( - -1.052e+04 3 0 QUESTION0_1_R 1 1.605e+02 4.381e+01)
|            ( - -2.035e+04 2 0))))
s>    ( QUESTION0 -1 -7.697e+04 2.205e+02 3.293e+02
s>        ( QUESTION0_14_R 1 -4.495e+04 1.919e+02 1.955e+02
s>            ( - -7.411e+03 2 0 QUESTION17 1 1.525e+02 3.292e+01)
s>            ( QUESTION0_2_R 1 -3.735e+04 1.691e+02 1.625e+02
s>                ( QUESTION2 -1 -2.157e+04 1.646e+02 9.500e+01
s>                    ( - -7.266e+03 1 0)
s>                    ( - -1.414e+04 1 0))
s>                ( SILENCE 1 -1.561e+04 1.637e+02 6.755e+01
s>                    ( - -1.447e+03 1 0)
s>                    ( - -1.400e+04 4 0 QUESTION0_20_R 1 1.276e+02 6.055e+01))))
s>        ( QUESTION1 1 -3.180e+04 1.789e+02 1.339e+02
s>            ( - -5.860e+02 1 0)
s>            ( QUESTION2_7_L -1 -3.103e+04 1.705e+02 1.309e+02
s>                ( - -1.052e+04 3 0 QUESTION0_1_R 1 1.605e+02 4.381e+01)
s>                ( - -2.035e+04 2 0))))INFO: dtree.c(1478): Final simple tree
|( QUESTION0_3_R 1 -3.273e+04 2.760e+02 1.446e+02
|    ( QUESTION0 -1 -7.140e+03 2.787e+02 3.401e+01
|        ( - -1.071e+03 1 0)
|        ( - -5.791e+03 1 0))
|    ( QUESTION2_18_L -1 -2.531e+04 2.627e+02 1.106e+02
|        ( - -5.847e+03 1 0)
|        ( WDBNDRY_E 0 -1.920e+04 2.040e+02 8.397e+01
|            ( - -7.455e+02 1 0)
|            ( QUESTION0_20_R 1 -1.825e+04 1.775e+02 7.997e+01
|                ( - -4.260e+03 1 0)
|                ( QUESTION0_1_R 1 -1.382e+04 1.735e+02 6.100e+01
|                    ( QUESTION0 -1 -7.312e+03 2.792e+02 3.300e+01
|                        ( - -4.875e+03 1 0)
|                        ( - -2.157e+03 1 0))
|                    ( - -6.331e+03 6 0 QUESTION1 1 1.620e+02 2.800e+01))))))
s>    ( QUESTION0_3_R 1 -3.273e+04 2.760e+02 1.446e+02
s>        ( QUESTION0 -1 -7.140e+03 2.787e+02 3.401e+01
s>            ( - -1.071e+03 1 0)
s>            ( - -5.791e+03 1 0))
s>        ( QUESTION2_18_L -1 -2.531e+04 2.627e+02 1.106e+02
s>            ( - -5.847e+03 1 0)
s>            ( WDBNDRY_E 0 -1.920e+04 2.040e+02 8.397e+01
s>                ( - -7.455e+02 1 0)
s>                ( QUESTION0_20_R 1 -1.825e+04 1.775e+02 7.997e+01
s>                    ( - -4.260e+03 1 0)
s>                    ( QUESTION0_1_R 1 -1.382e+04 1.735e+02 6.100e+01
s>                        ( QUESTION0 -1 -7.312e+03 2.792e+02 3.300e+01
s>                            ( - -4.875e+03 1 0)
s>                            ( - -2.157e+03 1 0))
s>                        ( - -6.331e+03 6 0 QUESTION1 1 1.620e+02 2.800e+01))))))INFO: dtree.c(1315): Comp split 9
INFO: dtree.c(1478): Final simple tree
|( SILENCE 1 -9.502e+04 1.831e+02 4.077e+02
|    ( - -2.861e+03 1 0)
|    ( QUESTION2_13_L -1 -9.198e+04 2.020e+02 3.957e+02
|        ( - -5.571e+04 2 0)
|        ( QUESTION0_5_R 1 -3.607e+04 1.977e+02 1.559e+02
|            ( QUESTION20 -1 -1.417e+04 1.760e+02 6.200e+01
|                ( - -2.681e+03 1 0)
|                ( - -1.131e+04 3 0 QUESTION1 -1 1.390e+02 4.900e+01))
|            ( QUESTION2_6_L -1 -2.170e+04 1.736e+02 9.393e+01
|                ( QUESTION0_4_R 1 -1.369e+04 2.055e+02 5.893e+01
|                    ( - -3.041e+03 1 0)
|                    ( QUESTION0_1_R 1 -1.044e+04 1.603e+02 4.593e+01
|                        ( - -8.194e+02 1 0)
|                        ( - -9.462e+03 4 0 QUESTION0_14_R 1 1.431e+02 4.193e+01)))
|                ( - -7.838e+03 3 0 SILENCE -1 1.303e+02 3.500e+01)))))
s>    ( SILENCE 1 -9.502e+04 1.831e+02 4.077e+02
s>        ( - -2.861e+03 1 0)
s>        ( QUESTION2_13_L -1 -9.198e+04 2.020e+02 3.957e+02
s>            ( - -5.571e+04 2 0)
s>            ( QUESTION0_5_R 1 -3.607e+04 1.977e+02 1.559e+02
s>                ( QUESTION20 -1 -1.417e+04 1.760e+02 6.200e+01
s>                    ( - -2.681e+03 1 0)
s>                    ( - -1.131e+04 3 0 QUESTION1 -1 1.390e+02 4.900e+01))
s>                ( QUESTION2_6_L -1 -2.170e+04 1.736e+02 9.393e+01
s>                    ( QUESTION0_4_R 1 -1.369e+04 2.055e+02 5.893e+01
s>                        ( - -3.041e+03 1 0)
s>                        ( QUESTION0_1_R 1 -1.044e+04 1.603e+02 4.593e+01
s>                            ( - -8.194e+02 1 0)
s>                            ( - -9.462e+03 4 0 QUESTION0_14_R 1 1.431e+02 4.193e+01)))
s>                    ( - -7.838e+03 3 0 SILENCE -1 1.303e+02 3.500e+01)))))INFO: dtree.c(1439): stop. leaf nodes are specific
INFO: dtree.c(1478): Final simple tree
|( SILENCE 1 -1.589e+04 2.041e+02 7.000e+01
|    ( - -7.759e+03 1 0)
|    ( QUESTION0_3_R 1 -7.928e+03 1.679e+02 3.500e+01
|        ( - -1.136e+03 1 0)
|        ( QUESTION0_14_R 1 -6.624e+03 1.682e+02 2.900e+01
|            ( - -1.423e+03 1 0)
|            ( SILENCE -1 -5.033e+03 1.401e+02 2.200e+01
|                ( - -4.053e+03 1 0)
|                ( - -8.401e+02 1 0)))))
s>    ( SILENCE 1 -1.589e+04 2.041e+02 7.000e+01
s>        ( - -7.759e+03 1 0)
s>        ( QUESTION0_3_R 1 -7.928e+03 1.679e+02 3.500e+01
s>            ( - -1.136e+03 1 0)
s>            ( QUESTION0_14_R 1 -6.624e+03 1.682e+02 2.900e+01
s>                ( - -1.423e+03 1 0)
s>                ( SILENCE -1 -5.033e+03 1.401e+02 2.200e+01
s>                    ( - -4.053e+03 1 0)
s>                    ( - -8.401e+02 1 0)))))INFO: dtree.c(1315): Comp split 10
INFO: dtree.c(1439): stop. leaf nodes are specific
INFO: dtree.c(1478): Final simple tree
|( WDBNDRY_E 0 -3.101e+03 1.983e+02 1.500e+01
|    ( - -7.455e+02 1 0)
|    ( - -2.157e+03 1 0))
s>    ( WDBNDRY_E 0 -3.101e+03 1.983e+02 1.500e+01
s>        ( - -7.455e+02 1 0)
s>        ( - -2.157e+03 1 0))INFO: dtree.c(1478): Final simple tree
|( QUESTION0_3_R 1 -2.931e+04 2.618e+02 1.296e+02
|    ( QUESTION0 -1 -7.140e+03 2.787e+02 3.401e+01
|        ( - -1.071e+03 1 0)
|        ( - -5.791e+03 1 0))
|    ( QUESTION2_18_L -1 -2.190e+04 2.340e+02 9.560e+01
|        ( - -5.847e+03 1 0)
|        ( QUESTION0 1 -1.582e+04 1.783e+02 6.897e+01
|            ( QUESTION0_0_R 1 -5.241e+03 1.593e+02 2.300e+01
|                ( QUESTION0_8_R 1 -3.626e+03 1.521e+02 1.600e+01
|                    ( - -5.602e+02 1 0)
|                    ( - -2.913e+03 3 0 QUESTION0_6_R 1 1.213e+02 1.300e+01))
|                ( - -1.457e+03 1 0))
|            ( QUESTION0_0_R 1 -1.040e+04 1.634e+02 4.597e+01
|                ( - -4.875e+03 1 0)
|                ( - -5.366e+03 2 0 QUESTION0_13_R 1 1.096e+02 2.397e+01)))))
s>    ( QUESTION0_3_R 1 -2.931e+04 2.618e+02 1.296e+02
s>        ( QUESTION0 -1 -7.140e+03 2.787e+02 3.401e+01
s>            ( - -1.071e+03 1 0)
s>            ( - -5.791e+03 1 0))
s>        ( QUESTION2_18_L -1 -2.190e+04 2.340e+02 9.560e+01
s>            ( - -5.847e+03 1 0)
s>            ( QUESTION0 1 -1.582e+04 1.783e+02 6.897e+01
s>                ( QUESTION0_0_R 1 -5.241e+03 1.593e+02 2.300e+01
s>                    ( QUESTION0_8_R 1 -3.626e+03 1.521e+02 1.600e+01
s>                        ( - -5.602e+02 1 0)
s>                        ( - -2.913e+03 3 0 QUESTION0_6_R 1 1.213e+02 1.300e+01))
s>                    ( - -1.457e+03 1 0))
s>                ( QUESTION0_0_R 1 -1.040e+04 1.634e+02 4.597e+01
s>                    ( - -4.875e+03 1 0)
s>                    ( - -5.366e+03 2 0 QUESTION0_13_R 1 1.096e+02 2.397e+01)))))INFO: dtree.c(1315): Comp split 11
INFO: dtree.c(1439): stop. leaf nodes are specific
INFO: dtree.c(1478): Final simple tree
|( QUESTION0_5_R 1 -1.218e+05 2.004e+02 5.164e+02
|    ( - -7.698e+03 1 0)
|    ( SILENCE 1 -1.139e+05 1.874e+02 4.814e+02
|        ( - -3.763e+03 1 0)
|        ( QUESTION0_1_R 1 -1.100e+05 1.752e+02 4.644e+02
|            ( - -7.589e+03 3 0)
|            ( QUESTION8 1 -1.022e+05 1.493e+02 4.314e+02
|                ( QUESTION0_0_R 1 -8.628e+04 1.090e+02 3.641e+02
|                    ( - -8.427e+04 1 0)
|                    ( - -1.907e+03 1 0))
|                ( QUESTION0_13_R 1 -1.576e+04 1.443e+02 6.725e+01
|                    ( - -1.766e+03 1 0)
|                    ( - -1.385e+04 2 0))))))
s>    ( QUESTION0_5_R 1 -1.218e+05 2.004e+02 5.164e+02
s>        ( - -7.698e+03 1 0)
s>        ( SILENCE 1 -1.139e+05 1.874e+02 4.814e+02
s>            ( - -3.763e+03 1 0)
s>            ( QUESTION0_1_R 1 -1.100e+05 1.752e+02 4.644e+02
s>                ( - -7.589e+03 3 0)
s>                ( QUESTION8 1 -1.022e+05 1.493e+02 4.314e+02
s>                    ( QUESTION0_0_R 1 -8.628e+04 1.090e+02 3.641e+02
s>                        ( - -8.427e+04 1 0)
s>                        ( - -1.907e+03 1 0))
s>                    ( QUESTION0_13_R 1 -1.576e+04 1.443e+02 6.725e+01
s>                        ( - -1.766e+03 1 0)
s>                        ( - -1.385e+04 2 0))))))INFO: dtree.c(1439): stop. leaf nodes are specific
INFO: dtree.c(1478): Final simple tree
|( QUESTION0_0_R 1 -7.166e+03 1.728e+02 3.197e+01
|    ( - -3.700e+03 1 0)
|    ( - -3.293e+03 1 0))
s>    ( QUESTION0_0_R 1 -7.166e+03 1.728e+02 3.197e+01
s>        ( - -3.700e+03 1 0)
s>        ( - -3.293e+03 1 0))INFO: dtree.c(1315): Comp split 12
INFO: dtree.c(1439): stop. leaf nodes are specific
INFO: dtree.c(1478): Final simple tree
|( QUESTION0_20_R 1 -1.419e+04 1.642e+02 6.197e+01
|    ( - -4.260e+03 1 0)
|    ( QUESTION0_1_R 1 -9.765e+03 1.780e+02 4.301e+01
|        ( - -4.875e+03 1 0)
|        ( QUESTION0_8_R 1 -4.712e+03 1.456e+02 2.100e+01
|            ( - -5.602e+02 1 0)
|            ( QUESTION0_9_R 1 -4.006e+03 1.126e+02 1.800e+01
|                ( - -1.027e+03 1 0)
|                ( QUESTION0_0_R 1 -2.867e+03 1.056e+02 1.300e+01
|                    ( - -1.765e+03 2 0)
|                    ( - -9.960e+02 1 0))))))
s>    ( QUESTION0_20_R 1 -1.419e+04 1.642e+02 6.197e+01
s>        ( - -4.260e+03 1 0)
s>        ( QUESTION0_1_R 1 -9.765e+03 1.780e+02 4.301e+01
s>            ( - -4.875e+03 1 0)
s>            ( QUESTION0_8_R 1 -4.712e+03 1.456e+02 2.100e+01
s>                ( - -5.602e+02 1 0)
s>                ( QUESTION0_9_R 1 -4.006e+03 1.126e+02 1.800e+01
s>                    ( - -1.027e+03 1 0)
s>                    ( QUESTION0_0_R 1 -2.867e+03 1.056e+02 1.300e+01
s>                        ( - -1.765e+03 2 0)
s>                        ( - -9.960e+02 1 0))))))INFO: dtree.c(1439): stop. leaf nodes are specific
INFO: dtree.c(1478): Final simple tree
|( QUESTION0 -1 -1.482e+04 2.180e+02 6.764e+01
|    ( QUESTION0_1_R 1 -7.186e+03 2.680e+02 3.263e+01
|        ( - -5.847e+03 1 0)
|        ( - -1.071e+03 1 0))
|    ( QUESTION0_0_R 1 -7.421e+03 1.739e+02 3.501e+01
|        ( - -5.791e+03 1 0)
|        ( - -1.457e+03 1 0)))
s>    ( QUESTION0 -1 -1.482e+04 2.180e+02 6.764e+01
s>        ( QUESTION0_1_R 1 -7.186e+03 2.680e+02 3.263e+01
s>            ( - -5.847e+03 1 0)
s>            ( - -1.071e+03 1 0))
s>        ( QUESTION0_0_R 1 -7.421e+03 1.739e+02 3.501e+01
s>            ( - -5.791e+03 1 0)
s>            ( - -1.457e+03 1 0)))INFO: dtree.c(1315): Comp split 13
INFO: dtree.c(1478): Final simple tree
|( QUESTION0_5_R 1 -3.281e+04 1.980e+02 1.429e+02
|    ( QUESTION20 -1 -1.417e+04 1.760e+02 6.200e+01
|        ( - -2.681e+03 1 0)
|        ( - -1.131e+04 3 0 QUESTION1 -1 1.390e+02 4.900e+01))
|    ( QUESTION1 -1 -1.844e+04 1.703e+02 8.093e+01
|        ( - -6.267e+03 2 0 QUESTION0_0_R 1 1.242e+02 2.800e+01)
|        ( QUESTION0_1_R 1 -1.201e+04 1.629e+02 5.293e+01
|            ( - -8.194e+02 1 0)
|            ( QUESTION0_14_R 1 -1.102e+04 1.523e+02 4.893e+01
|                ( - -1.688e+03 1 0)
|                ( QUESTION0_0_R 1 -9.184e+03 1.430e+02 4.093e+01
|                    ( QUESTION0 -1 -6.983e+03 1.766e+02 3.193e+01
|                        ( - -1.578e+03 1 0)
|                        ( - -5.229e+03 2 0 SILENCE -1 1.274e+02 2.393e+01))
|                    ( - -2.058e+03 1 0))))))
s>    ( QUESTION0_5_R 1 -3.281e+04 1.980e+02 1.429e+02
s>        ( QUESTION20 -1 -1.417e+04 1.760e+02 6.200e+01
s>            ( - -2.681e+03 1 0)
s>            ( - -1.131e+04 3 0 QUESTION1 -1 1.390e+02 4.900e+01))
s>        ( QUESTION1 -1 -1.844e+04 1.703e+02 8.093e+01
s>            ( - -6.267e+03 2 0 QUESTION0_0_R 1 1.242e+02 2.800e+01)
s>            ( QUESTION0_1_R 1 -1.201e+04 1.629e+02 5.293e+01
s>                ( - -8.194e+02 1 0)
s>                ( QUESTION0_14_R 1 -1.102e+04 1.523e+02 4.893e+01
s>                    ( - -1.688e+03 1 0)
s>                    ( QUESTION0_0_R 1 -9.184e+03 1.430e+02 4.093e+01
s>                        ( QUESTION0 -1 -6.983e+03 1.766e+02 3.193e+01
s>                            ( - -1.578e+03 1 0)
s>                            ( - -5.229e+03 2 0 SILENCE -1 1.274e+02 2.393e+01))
s>                        ( - -2.058e+03 1 0))))))INFO: dtree.c(1439): stop. leaf nodes are specific
INFO: dtree.c(1478): Final simple tree
|( QUESTION0_5_R 1 -6.193e+04 1.911e+02 2.648e+02
|    ( - -5.571e+04 2 0)
|    ( SILENCE 1 -6.029e+03 1.274e+02 2.500e+01
|        ( - -2.861e+03 1 0)
|        ( - -3.041e+03 1 0)))
s>    ( QUESTION0_5_R 1 -6.193e+04 1.911e+02 2.648e+02
s>        ( - -5.571e+04 2 0)
s>        ( SILENCE 1 -6.029e+03 1.274e+02 2.500e+01
s>            ( - -2.861e+03 1 0)
s>            ( - -3.041e+03 1 0)))INFO: dtree.c(1315): Comp split 14
INFO: dtree.c(1439): stop. leaf nodes are specific
INFO: dtree.c(1478): Final simple tree
|( QUESTION0_1_R 1 -1.349e+04 2.223e+02 6.164e+01
|    ( - -5.847e+03 1 0)
|    ( QUESTION0_0_R 1 -7.421e+03 1.739e+02 3.501e+01
|        ( - -5.791e+03 1 0)
|        ( - -1.457e+03 1 0)))
s>    ( QUESTION0_1_R 1 -1.349e+04 2.223e+02 6.164e+01
s>        ( - -5.847e+03 1 0)
s>        ( QUESTION0_0_R 1 -7.421e+03 1.739e+02 3.501e+01
s>            ( - -5.791e+03 1 0)
s>            ( - -1.457e+03 1 0)))INFO: dtree.c(1315): Comp split 15
INFO: dtree.c(1315): Comp split 16
INFO: dtree.c(1478): Final simple tree
|( QUESTION2_7_L -1 -5.339e+04 1.815e+02 2.269e+02
|    ( QUESTION1 1 -1.128e+04 1.803e+02 4.681e+01
|        ( - -5.860e+02 1 0)
|        ( QUESTION0_1_R 1 -1.052e+04 1.605e+02 4.381e+01
|            ( - -2.473e+03 1 0)
|            ( QUESTION0_0_R 1 -7.884e+03 1.474e+02 3.280e+01
|                ( - -5.411e+03 1 0)
|                ( - -2.325e+03 1 0))))
|    ( QUESTION0 -1 -4.193e+04 1.600e+02 1.800e+02
|        ( QUESTION0_2_R 1 -2.142e+04 1.600e+02 9.300e+01
|            ( - -7.266e+03 1 0)
|            ( QUESTION0_20_R 1 -1.400e+04 1.276e+02 6.055e+01
|                ( - -2.109e+03 1 0)
|                ( - -1.176e+04 3 0 QUESTION0_0_R 1 9.966e+01 5.055e+01)))
|        ( - -2.035e+04 2 0)))
s>    ( QUESTION2_7_L -1 -5.339e+04 1.815e+02 2.269e+02
s>        ( QUESTION1 1 -1.128e+04 1.803e+02 4.681e+01
s>            ( - -5.860e+02 1 0)
s>            ( QUESTION0_1_R 1 -1.052e+04 1.605e+02 4.381e+01
s>                ( - -2.473e+03 1 0)
s>                ( QUESTION0_0_R 1 -7.884e+03 1.474e+02 3.280e+01
s>                    ( - -5.411e+03 1 0)
s>                    ( - -2.325e+03 1 0))))
s>        ( QUESTION0 -1 -4.193e+04 1.600e+02 1.800e+02
s>            ( QUESTION0_2_R 1 -2.142e+04 1.600e+02 9.300e+01
s>                ( - -7.266e+03 1 0)
s>                ( QUESTION0_20_R 1 -1.400e+04 1.276e+02 6.055e+01
s>                    ( - -2.109e+03 1 0)
s>                    ( - -1.176e+04 3 0 QUESTION0_0_R 1 9.966e+01 5.055e+01)))
s>            ( - -2.035e+04 2 0)))INFO: dtree.c(1439): stop. leaf nodes are specific
INFO: dtree.c(1478): Final simple tree
|( SILENCE 1 -2.332e+04 1.722e+02 1.025e+02
|    ( - -1.447e+03 1 0)
|    ( QUESTION18 1 -2.170e+04 1.679e+02 9.547e+01
|        ( - -9.125e+02 1 0)
|        ( QUESTION0_0_R 1 -2.062e+04 1.362e+02 9.047e+01
|            ( - -1.414e+04 1 0)
|            ( - -6.346e+03 1 0))))
s>    ( SILENCE 1 -2.332e+04 1.722e+02 1.025e+02
s>        ( - -1.447e+03 1 0)
s>        ( QUESTION18 1 -2.170e+04 1.679e+02 9.547e+01
s>            ( - -9.125e+02 1 0)
s>            ( QUESTION0_0_R 1 -2.062e+04 1.362e+02 9.047e+01
s>                ( - -1.414e+04 1 0)
s>                ( - -6.346e+03 1 0))))INFO: dtree.c(1315): Comp split 17
INFO: dtree.c(1478): Final simple tree
|( QUESTION0_1_R 1 -1.846e+04 2.207e+02 8.318e+01
|    ( - -3.038e+02 1 0)
|    ( QUESTION0_11_R 1 -1.794e+04 1.966e+02 8.118e+01
|        ( - -1.275e+03 1 0)
|        ( QUESTION0_4_R 1 -1.647e+04 1.498e+02 7.430e+01
|            ( - -9.591e+02 1 0)
|            ( QUESTION14 1 -1.536e+04 2.383e+02 7.030e+01
|                ( - -2.418e+02 1 0)
|                ( QUESTION16 1 -1.488e+04 1.328e+02 6.830e+01
|                    ( - -1.835e+03 3 0 QUESTION17 1 1.230e+02 8.000e+00)
|                    ( QUESTION0_3_R 1 -1.291e+04 1.291e+02 6.030e+01
|                        ( - -5.874e+02 1 0)
|                        ( QUESTION0 1 -1.219e+04 1.274e+02 5.730e+01
|                            ( - -7.646e+03 3 0 QUESTION0_20_R 1 4.386e+02 3.633e+01)
|                            ( - -4.420e+03 4 0 QUESTION0_13_R 1 4.598e+02 2.098e+01))))))))
s>    ( QUESTION0_1_R 1 -1.846e+04 2.207e+02 8.318e+01
s>        ( - -3.038e+02 1 0)
s>        ( QUESTION0_11_R 1 -1.794e+04 1.966e+02 8.118e+01
s>            ( - -1.275e+03 1 0)
s>            ( QUESTION0_4_R 1 -1.647e+04 1.498e+02 7.430e+01
s>                ( - -9.591e+02 1 0)
s>                ( QUESTION14 1 -1.536e+04 2.383e+02 7.030e+01
s>                    ( - -2.418e+02 1 0)
s>                    ( QUESTION16 1 -1.488e+04 1.328e+02 6.830e+01
s>                        ( - -1.835e+03 3 0 QUESTION17 1 1.230e+02 8.000e+00)
s>                        ( QUESTION0_3_R 1 -1.291e+04 1.291e+02 6.030e+01
s>                            ( - -5.874e+02 1 0)
s>                            ( QUESTION0 1 -1.219e+04 1.274e+02 5.730e+01
s>                                ( - -7.646e+03 3 0 QUESTION0_20_R 1 4.386e+02 3.633e+01)
s>                                ( - -4.420e+03 4 0 QUESTION0_13_R 1 4.598e+02 2.098e+01))))))))INFO: dtree.c(1439): stop. leaf nodes are specific
INFO: dtree.c(1478): Final simple tree
|( QUESTION0_0_R 1 -4.411e+03 2.246e+02 2.133e+01
|    ( - -3.919e+03 1 0)
|    ( - -2.671e+02 1 0))
s>    ( QUESTION0_0_R 1 -4.411e+03 2.246e+02 2.133e+01
s>        ( - -3.919e+03 1 0)
s>        ( - -2.671e+02 1 0))INFO: dtree.c(1315): Comp split 18
INFO: dtree.c(1439): stop. leaf nodes are specific
INFO: dtree.c(1478): Final simple tree
|( QUESTION0_2_R 1 -4.408e+03 1.829e+02 2.000e+01
|    ( - -1.578e+03 1 0)
|    ( QUESTION0_0_R 1 -2.648e+03 1.408e+02 1.200e+01
|        ( - -8.194e+02 1 0)
|        ( - -1.688e+03 1 0)))
s>    ( QUESTION0_2_R 1 -4.408e+03 1.829e+02 2.000e+01
s>        ( - -1.578e+03 1 0)
s>        ( QUESTION0_0_R 1 -2.648e+03 1.408e+02 1.200e+01
s>            ( - -8.194e+02 1 0)
s>            ( - -1.688e+03 1 0)))INFO: dtree.c(1478): Final simple tree
|( QUESTION0_1_R 1 -2.816e+04 1.850e+02 1.229e+02
|    ( - -2.116e+03 1 0)
|    ( QUESTION0_5_R 1 -2.586e+04 1.605e+02 1.129e+02
|        ( QUESTION20 -1 -1.417e+04 1.760e+02 6.200e+01
|            ( - -2.681e+03 1 0)
|            ( QUESTION1 -1 -1.131e+04 1.390e+02 4.900e+01
|                ( - -3.733e+03 1 0)
|                ( SILENCE -1 -7.439e+03 1.216e+02 3.300e+01
|                    ( - -1.912e+03 1 0)
|                    ( - -5.405e+03 1 0))))
|        ( QUESTION0_15_R 1 -1.153e+04 1.230e+02 5.093e+01
|            ( - -2.058e+03 1 0)
|            ( SILENCE -1 -9.352e+03 1.243e+02 4.193e+01
|                ( - -1.441e+03 1 0)
|                ( - -7.786e+03 2 0 QUESTION0_0_R 1 9.992e+01 3.493e+01)))))
s>    ( QUESTION0_1_R 1 -2.816e+04 1.850e+02 1.229e+02
s>        ( - -2.116e+03 1 0)
s>        ( QUESTION0_5_R 1 -2.586e+04 1.605e+02 1.129e+02
s>            ( QUESTION20 -1 -1.417e+04 1.760e+02 6.200e+01
s>                ( - -2.681e+03 1 0)
s>                ( QUESTION1 -1 -1.131e+04 1.390e+02 4.900e+01
s>                    ( - -3.733e+03 1 0)
s>                    ( SILENCE -1 -7.439e+03 1.216e+02 3.300e+01
s>                        ( - -1.912e+03 1 0)
s>                        ( - -5.405e+03 1 0))))
s>            ( QUESTION0_15_R 1 -1.153e+04 1.230e+02 5.093e+01
s>                ( - -2.058e+03 1 0)
s>                ( SILENCE -1 -9.352e+03 1.243e+02 4.193e+01
s>                    ( - -1.441e+03 1 0)
s>                    ( - -7.786e+03 2 0 QUESTION0_0_R 1 9.992e+01 3.493e+01)))))INFO: dtree.c(1315): Comp split 19
INFO: dtree.c(1478): Final simple tree
|( QUESTION0_1_R 1 -1.798e+04 2.208e+02 8.118e+01
|    ( - -3.038e+02 1 0)
|    ( QUESTION0_11_R 1 -1.746e+04 1.986e+02 7.918e+01
|        ( - -1.275e+03 1 0)
|        ( QUESTION0_4_R 1 -1.599e+04 1.490e+02 7.230e+01
|            ( - -9.591e+02 1 0)
|            ( QUESTION16 1 -1.488e+04 1.328e+02 6.830e+01
|                ( - -1.835e+03 3 0 QUESTION17 1 1.230e+02 8.000e+00)
|                ( QUESTION0_3_R 1 -1.291e+04 1.291e+02 6.030e+01
|                    ( - -5.874e+02 1 0)
|                    ( QUESTION0 1 -1.219e+04 1.274e+02 5.730e+01
|                        ( - -7.646e+03 3 0 QUESTION0_20_R 1 4.386e+02 3.633e+01)
|                        ( QUESTION0_13_R 1 -4.420e+03 4.598e+02 2.098e+01
|                            ( - 2.413e+02 1 0)
|                            ( - -4.201e+03 3 0))))))))
s>    ( QUESTION0_1_R 1 -1.798e+04 2.208e+02 8.118e+01
s>        ( - -3.038e+02 1 0)
s>        ( QUESTION0_11_R 1 -1.746e+04 1.986e+02 7.918e+01
s>            ( - -1.275e+03 1 0)
s>            ( QUESTION0_4_R 1 -1.599e+04 1.490e+02 7.230e+01
s>                ( - -9.591e+02 1 0)
s>                ( QUESTION16 1 -1.488e+04 1.328e+02 6.830e+01
s>                    ( - -1.835e+03 3 0 QUESTION17 1 1.230e+02 8.000e+00)
s>                    ( QUESTION0_3_R 1 -1.291e+04 1.291e+02 6.030e+01
s>                        ( - -5.874e+02 1 0)
s>                        ( QUESTION0 1 -1.219e+04 1.274e+02 5.730e+01
s>                            ( - -7.646e+03 3 0 QUESTION0_20_R 1 4.386e+02 3.633e+01)
s>                            ( QUESTION0_13_R 1 -4.420e+03 4.598e+02 2.098e+01
s>                                ( - 2.413e+02 1 0)
s>                                ( - -4.201e+03 3 0))))))))INFO: dtree.c(1315): Comp split 20
INFO: dtree.c(1478): Final simple tree
|( QUESTION0_15_R 1 -1.777e+04 4.324e+02 8.018e+01
|    ( - 1.228e+02 1 0)
|    ( QUESTION1 1 -1.746e+04 4.398e+02 7.918e+01
|        ( - 2.206e+02 1 0)
|        ( QUESTION0_1_R 1 -1.724e+04 2.204e+02 7.818e+01
|            ( - -3.038e+02 1 0)
|            ( QUESTION0_11_R 1 -1.672e+04 1.947e+02 7.618e+01
|                ( - -1.275e+03 1 0)
|                ( QUESTION0_4_R 1 -1.525e+04 1.512e+02 6.930e+01
|                    ( - -9.591e+02 1 0)
|                    ( QUESTION0_20_R 1 -1.414e+04 1.363e+02 6.530e+01
|                        ( - -4.201e+03 3 0)
|                        ( QUESTION9 1 -9.802e+03 1.327e+02 4.533e+01
|                            ( - -7.834e+03 2 0 QUESTION0_3_R 1 1.306e+02 3.733e+01)
|                            ( - -1.835e+03 3 0 QUESTION17 1 1.230e+02 8.000e+00))))))))
s>    ( QUESTION0_15_R 1 -1.777e+04 4.324e+02 8.018e+01
s>        ( - 1.228e+02 1 0)
s>        ( QUESTION1 1 -1.746e+04 4.398e+02 7.918e+01
s>            ( - 2.206e+02 1 0)
s>            ( QUESTION0_1_R 1 -1.724e+04 2.204e+02 7.818e+01
s>                ( - -3.038e+02 1 0)
s>                ( QUESTION0_11_R 1 -1.672e+04 1.947e+02 7.618e+01
s>                    ( - -1.275e+03 1 0)
s>                    ( QUESTION0_4_R 1 -1.525e+04 1.512e+02 6.930e+01
s>                        ( - -9.591e+02 1 0)
s>                        ( QUESTION0_20_R 1 -1.414e+04 1.363e+02 6.530e+01
s>                            ( - -4.201e+03 3 0)
s>                            ( QUESTION9 1 -9.802e+03 1.327e+02 4.533e+01
s>                                ( - -7.834e+03 2 0 QUESTION0_3_R 1 1.306e+02 3.733e+01)
s>                                ( - -1.835e+03 3 0 QUESTION17 1 1.230e+02 8.000e+00))))))))INFO: dtree.c(1315): Comp split 21
INFO: dtree.c(1478): Final simple tree
|( QUESTION0_15_R 1 -1.755e+04 4.321e+02 7.918e+01
|    ( - 1.228e+02 1 0)
|    ( QUESTION0_1_R 1 -1.724e+04 2.204e+02 7.818e+01
|        ( - -3.038e+02 1 0)
|        ( QUESTION0_11_R 1 -1.672e+04 1.947e+02 7.618e+01
|            ( - -1.275e+03 1 0)
|            ( QUESTION0_4_R 1 -1.525e+04 1.512e+02 6.930e+01
|                ( - -9.591e+02 1 0)
|                ( QUESTION0_20_R 1 -1.414e+04 1.363e+02 6.530e+01
|                    ( - -4.201e+03 3 0)
|                    ( QUESTION9 1 -9.802e+03 1.327e+02 4.533e+01
|                        ( QUESTION0_3_R 1 -7.834e+03 1.306e+02 3.733e+01
|                            ( - -5.874e+02 1 0)
|                            ( - -7.116e+03 1 0))
|                        ( - -1.835e+03 3 0 QUESTION17 1 1.230e+02 8.000e+00)))))))
s>    ( QUESTION0_15_R 1 -1.755e+04 4.321e+02 7.918e+01
s>        ( - 1.228e+02 1 0)
s>        ( QUESTION0_1_R 1 -1.724e+04 2.204e+02 7.818e+01
s>            ( - -3.038e+02 1 0)
s>            ( QUESTION0_11_R 1 -1.672e+04 1.947e+02 7.618e+01
s>                ( - -1.275e+03 1 0)
s>                ( QUESTION0_4_R 1 -1.525e+04 1.512e+02 6.930e+01
s>                    ( - -9.591e+02 1 0)
s>                    ( QUESTION0_20_R 1 -1.414e+04 1.363e+02 6.530e+01
s>                        ( - -4.201e+03 3 0)
s>                        ( QUESTION9 1 -9.802e+03 1.327e+02 4.533e+01
s>                            ( QUESTION0_3_R 1 -7.834e+03 1.306e+02 3.733e+01
s>                                ( - -5.874e+02 1 0)
s>                                ( - -7.116e+03 1 0))
s>                            ( - -1.835e+03 3 0 QUESTION17 1 1.230e+02 8.000e+00)))))))INFO: dtree.c(1315): Comp split 22
INFO: dtree.c(1478): Final simple tree
|( QUESTION0_1_R 1 -1.724e+04 2.204e+02 7.818e+01
|    ( - -3.038e+02 1 0)
|    ( QUESTION0_11_R 1 -1.672e+04 1.947e+02 7.618e+01
|        ( - -1.275e+03 1 0)
|        ( QUESTION0_4_R 1 -1.525e+04 1.512e+02 6.930e+01
|            ( - -9.591e+02 1 0)
|            ( QUESTION0_20_R 1 -1.414e+04 1.363e+02 6.530e+01
|                ( - -4.201e+03 3 0)
|                ( QUESTION9 1 -9.802e+03 1.327e+02 4.533e+01
|                    ( QUESTION0_3_R 1 -7.834e+03 1.306e+02 3.733e+01
|                        ( - -5.874e+02 1 0)
|                        ( - -7.116e+03 1 0))
|                    ( QUESTION17 1 -1.835e+03 1.230e+02 8.000e+00
|                        ( - -5.913e+02 1 0)
|                        ( - -1.121e+03 2 0 QUESTION0_0_R 1 4.495e+02 5.000e+00)))))))
s>    ( QUESTION0_1_R 1 -1.724e+04 2.204e+02 7.818e+01
s>        ( - -3.038e+02 1 0)
s>        ( QUESTION0_11_R 1 -1.672e+04 1.947e+02 7.618e+01
s>            ( - -1.275e+03 1 0)
s>            ( QUESTION0_4_R 1 -1.525e+04 1.512e+02 6.930e+01
s>                ( - -9.591e+02 1 0)
s>                ( QUESTION0_20_R 1 -1.414e+04 1.363e+02 6.530e+01
s>                    ( - -4.201e+03 3 0)
s>                    ( QUESTION9 1 -9.802e+03 1.327e+02 4.533e+01
s>                        ( QUESTION0_3_R 1 -7.834e+03 1.306e+02 3.733e+01
s>                            ( - -5.874e+02 1 0)
s>                            ( - -7.116e+03 1 0))
s>                        ( QUESTION17 1 -1.835e+03 1.230e+02 8.000e+00
s>                            ( - -5.913e+02 1 0)
s>                            ( - -1.121e+03 2 0 QUESTION0_0_R 1 4.495e+02 5.000e+00)))))))INFO: dtree.c(1315): Comp split 23
INFO: dtree.c(1315): Comp split 24
INFO: dtree.c(1439): stop. leaf nodes are specific
INFO: dtree.c(1478): Final simple tree
|( QUESTION0_0_R 1 -7.421e+03 1.739e+02 3.501e+01
|    ( - -5.791e+03 1 0)
|    ( - -1.457e+03 1 0))
s>    ( QUESTION0_0_R 1 -7.421e+03 1.739e+02 3.501e+01
s>        ( - -5.791e+03 1 0)
s>        ( - -1.457e+03 1 0))INFO: dtree.c(1315): Comp split 25
INFO: dtree.c(1478): Final simple tree
|( QUESTION0_11_R 1 -1.672e+04 1.947e+02 7.618e+01
|    ( - -1.275e+03 1 0)
|    ( QUESTION0_4_R 1 -1.525e+04 1.512e+02 6.930e+01
|        ( - -9.591e+02 1 0)
|        ( QUESTION0_20_R 1 -1.414e+04 1.363e+02 6.530e+01
|            ( - -4.201e+03 3 0)
|            ( QUESTION9 1 -9.802e+03 1.327e+02 4.533e+01
|                ( QUESTION0_3_R 1 -7.834e+03 1.306e+02 3.733e+01
|                    ( - -5.874e+02 1 0)
|                    ( - -7.116e+03 1 0))
|                ( QUESTION17 1 -1.835e+03 1.230e+02 8.000e+00
|                    ( - -5.913e+02 1 0)
|                    ( QUESTION0_0_R 1 -1.121e+03 4.495e+02 5.000e+00
|                        ( - -8.515e+02 1 0)
|                        ( - 1.800e+02 1 0)))))))
s>    ( QUESTION0_11_R 1 -1.672e+04 1.947e+02 7.618e+01
s>        ( - -1.275e+03 1 0)
s>        ( QUESTION0_4_R 1 -1.525e+04 1.512e+02 6.930e+01
s>            ( - -9.591e+02 1 0)
s>            ( QUESTION0_20_R 1 -1.414e+04 1.363e+02 6.530e+01
s>                ( - -4.201e+03 3 0)
s>                ( QUESTION9 1 -9.802e+03 1.327e+02 4.533e+01
s>                    ( QUESTION0_3_R 1 -7.834e+03 1.306e+02 3.733e+01
s>                        ( - -5.874e+02 1 0)
s>                        ( - -7.116e+03 1 0))
s>                    ( QUESTION17 1 -1.835e+03 1.230e+02 8.000e+00
s>                        ( - -5.913e+02 1 0)
s>                        ( QUESTION0_0_R 1 -1.121e+03 4.495e+02 5.000e+00
s>                            ( - -8.515e+02 1 0)
s>                            ( - 1.800e+02 1 0)))))))INFO: dtree.c(1315): Comp split 26
INFO: dtree.c(1439): stop. leaf nodes are specific
INFO: dtree.c(1478): Final simple tree
|( QUESTION0_11_R 1 -1.646e+04 1.980e+02 7.518e+01
|    ( - -1.275e+03 1 0)
|    ( QUESTION0_4_R 1 -1.498e+04 1.504e+02 6.830e+01
|        ( - -9.591e+02 1 0)
|        ( QUESTION9 1 -1.388e+04 1.409e+02 6.430e+01
|            ( QUESTION0_3_R 1 -7.834e+03 1.306e+02 3.733e+01
|                ( - -5.874e+02 1 0)
|                ( - -7.116e+03 1 0))
|            ( QUESTION0_20_R 1 -5.900e+03 1.332e+02 2.698e+01
|                ( - -4.201e+03 3 0)
|                ( QUESTION0_0_R 1 -1.566e+03 1.228e+02 7.000e+00
|                    ( - -8.515e+02 1 0)
|                    ( - -5.913e+02 1 0))))))
s>    ( QUESTION0_11_R 1 -1.646e+04 1.980e+02 7.518e+01
s>        ( - -1.275e+03 1 0)
s>        ( QUESTION0_4_R 1 -1.498e+04 1.504e+02 6.830e+01
s>            ( - -9.591e+02 1 0)
s>            ( QUESTION9 1 -1.388e+04 1.409e+02 6.430e+01
s>                ( QUESTION0_3_R 1 -7.834e+03 1.306e+02 3.733e+01
s>                    ( - -5.874e+02 1 0)
s>                    ( - -7.116e+03 1 0))
s>                ( QUESTION0_20_R 1 -5.900e+03 1.332e+02 2.698e+01
s>                    ( - -4.201e+03 3 0)
s>                    ( QUESTION0_0_R 1 -1.566e+03 1.228e+02 7.000e+00
s>                        ( - -8.515e+02 1 0)
s>                        ( - -5.913e+02 1 0))))))INFO: dtree.c(1315): Comp split 27
INFO: dtree.c(1439): stop. leaf nodes are specific
INFO: dtree.c(1478): Final simple tree
|( QUESTION0_3_R 1 -7.928e+03 1.679e+02 3.500e+01
|    ( - -1.136e+03 1 0)
|    ( QUESTION0_14_R 1 -6.624e+03 1.682e+02 2.900e+01
|        ( - -1.423e+03 1 0)
|        ( SILENCE -1 -5.033e+03 1.401e+02 2.200e+01
|            ( - -4.053e+03 1 0)
|            ( - -8.401e+02 1 0))))
s>    ( QUESTION0_3_R 1 -7.928e+03 1.679e+02 3.500e+01
s>        ( - -1.136e+03 1 0)
s>        ( QUESTION0_14_R 1 -6.624e+03 1.682e+02 2.900e+01
s>            ( - -1.423e+03 1 0)
s>            ( SILENCE -1 -5.033e+03 1.401e+02 2.200e+01
s>                ( - -4.053e+03 1 0)
s>                ( - -8.401e+02 1 0))))INFO: dtree.c(1315): Comp split 28
INFO: dtree.c(1439): stop. leaf nodes are specific
INFO: dtree.c(1478): Final simple tree
|( QUESTION1 -1 -1.131e+04 1.390e+02 4.900e+01
|    ( - -3.733e+03 1 0)
|    ( SILENCE -1 -7.439e+03 1.216e+02 3.300e+01
|        ( - -1.912e+03 1 0)
|        ( - -5.405e+03 1 0)))
s>    ( QUESTION1 -1 -1.131e+04 1.390e+02 4.900e+01
s>        ( - -3.733e+03 1 0)
s>        ( SILENCE -1 -7.439e+03 1.216e+02 3.300e+01
s>            ( - -1.912e+03 1 0)
s>            ( - -5.405e+03 1 0)))INFO: dtree.c(1439): stop. leaf nodes are specific
INFO: dtree.c(1478): Final simple tree
|( QUESTION0_1_R 1 -1.665e+04 1.687e+02 7.393e+01
|    ( - -2.116e+03 1 0)
|    ( QUESTION0_5_R 1 -1.436e+04 1.510e+02 6.393e+01
|        ( - -2.681e+03 1 0)
|        ( QUESTION0_15_R 1 -1.153e+04 1.230e+02 5.093e+01
|            ( - -2.058e+03 1 0)
|            ( SILENCE -1 -9.352e+03 1.243e+02 4.193e+01
|                ( - -1.441e+03 1 0)
|                ( QUESTION0_0_R 1 -7.786e+03 9.992e+01 3.493e+01
|                    ( - -3.660e+03 1 0)
|                    ( - -4.026e+03 1 0))))))
s>    ( QUESTION0_1_R 1 -1.665e+04 1.687e+02 7.393e+01
s>        ( - -2.116e+03 1 0)
s>        ( QUESTION0_5_R 1 -1.436e+04 1.510e+02 6.393e+01
s>            ( - -2.681e+03 1 0)
s>            ( QUESTION0_15_R 1 -1.153e+04 1.230e+02 5.093e+01
s>                ( - -2.058e+03 1 0)
s>                ( SILENCE -1 -9.352e+03 1.243e+02 4.193e+01
s>                    ( - -1.441e+03 1 0)
s>                    ( QUESTION0_0_R 1 -7.786e+03 9.992e+01 3.493e+01
s>                        ( - -3.660e+03 1 0)
s>                        ( - -4.026e+03 1 0))))))INFO: dtree.c(1315): Comp split 29
INFO: dtree.c(1439): stop. leaf nodes are specific
INFO: dtree.c(1478): Final simple tree
|( SILENCE 1 -1.139e+05 1.874e+02 4.814e+02
|    ( - -3.763e+03 1 0)
|    ( QUESTION0_1_R 1 -1.100e+05 1.752e+02 4.644e+02
|        ( - -7.589e+03 3 0)
|        ( QUESTION8 1 -1.022e+05 1.493e+02 4.314e+02
|            ( QUESTION0_0_R 1 -8.628e+04 1.090e+02 3.641e+02
|                ( - -8.427e+04 1 0)
|                ( - -1.907e+03 1 0))
|            ( QUESTION0_13_R 1 -1.576e+04 1.443e+02 6.725e+01
|                ( - -1.766e+03 1 0)
|                ( - -1.385e+04 2 0)))))
s>    ( SILENCE 1 -1.139e+05 1.874e+02 4.814e+02
s>        ( - -3.763e+03 1 0)
s>        ( QUESTION0_1_R 1 -1.100e+05 1.752e+02 4.644e+02
s>            ( - -7.589e+03 3 0)
s>            ( QUESTION8 1 -1.022e+05 1.493e+02 4.314e+02
s>                ( QUESTION0_0_R 1 -8.628e+04 1.090e+02 3.641e+02
s>                    ( - -8.427e+04 1 0)
s>                    ( - -1.907e+03 1 0))
s>                ( QUESTION0_13_R 1 -1.576e+04 1.443e+02 6.725e+01
s>                    ( - -1.766e+03 1 0)
s>                    ( - -1.385e+04 2 0)))))INFO: dtree.c(1315): Comp split 30
INFO: dtree.c(1315): Comp split 31
INFO: dtree.c(1439): stop. leaf nodes are specific
INFO: dtree.c(1478): Final simple tree
|( QUESTION0_4_R 1 -1.498e+04 1.504e+02 6.830e+01
|    ( - -9.591e+02 1 0)
|    ( QUESTION9 1 -1.388e+04 1.409e+02 6.430e+01
|        ( QUESTION0_3_R 1 -7.834e+03 1.306e+02 3.733e+01
|            ( - -5.874e+02 1 0)
|            ( - -7.116e+03 1 0))
|        ( QUESTION0_20_R 1 -5.900e+03 1.332e+02 2.698e+01
|            ( - -4.201e+03 3 0)
|            ( QUESTION0_0_R 1 -1.566e+03 1.228e+02 7.000e+00
|                ( - -8.515e+02 1 0)
|                ( - -5.913e+02 1 0)))))
s>    ( QUESTION0_4_R 1 -1.498e+04 1.504e+02 6.830e+01
s>        ( - -9.591e+02 1 0)
s>        ( QUESTION9 1 -1.388e+04 1.409e+02 6.430e+01
s>            ( QUESTION0_3_R 1 -7.834e+03 1.306e+02 3.733e+01
s>                ( - -5.874e+02 1 0)
s>                ( - -7.116e+03 1 0))
s>            ( QUESTION0_20_R 1 -5.900e+03 1.332e+02 2.698e+01
s>                ( - -4.201e+03 3 0)
s>                ( QUESTION0_0_R 1 -1.566e+03 1.228e+02 7.000e+00
s>                    ( - -8.515e+02 1 0)
s>                    ( - -5.913e+02 1 0)))))INFO: dtree.c(1315): Comp split 32
INFO: dtree.c(1439): stop. leaf nodes are specific
INFO: dtree.c(1478): Final simple tree
|( SILENCE 1 -1.776e+04 1.430e+02 7.625e+01
|    ( - -3.763e+03 1 0)
|    ( - -1.385e+04 2 0))
s>    ( SILENCE 1 -1.776e+04 1.430e+02 7.625e+01
s>        ( - -3.763e+03 1 0)
s>        ( - -1.385e+04 2 0))INFO: dtree.c(1439): stop. leaf nodes are specific
INFO: dtree.c(1478): Final simple tree
|( QUESTION8 1 -9.596e+04 1.870e+02 4.051e+02
|    ( QUESTION0_0_R 1 -8.628e+04 1.090e+02 3.641e+02
|        ( - -8.427e+04 1 0)
|        ( - -1.907e+03 1 0))
|    ( QUESTION0_0_R 1 -9.489e+03 1.336e+02 4.100e+01
|        ( - -7.589e+03 3 0)
|        ( - -1.766e+03 1 0)))
s>    ( QUESTION8 1 -9.596e+04 1.870e+02 4.051e+02
s>        ( QUESTION0_0_R 1 -8.628e+04 1.090e+02 3.641e+02
s>            ( - -8.427e+04 1 0)
s>            ( - -1.907e+03 1 0))
s>        ( QUESTION0_0_R 1 -9.489e+03 1.336e+02 4.100e+01
s>            ( - -7.589e+03 3 0)
s>            ( - -1.766e+03 1 0)))INFO: dtree.c(1315): Comp split 33
INFO: dtree.c(1439): stop. leaf nodes are specific
INFO: dtree.c(1478): Final simple tree
|( QUESTION2_7_L -1 -3.712e+04 1.529e+02 1.586e+02
|    ( - -2.473e+03 1 0)
|    ( QUESTION2 -1 -3.449e+04 1.476e+02 1.476e+02
|        ( QUESTION0_13_R 1 -1.248e+04 1.459e+02 5.455e+01
|            ( - -3.500e+03 1 0)
|            ( QUESTION0_0_R 1 -8.835e+03 1.293e+02 3.855e+01
|                ( - -6.597e+03 1 0)
|                ( - -2.109e+03 1 0)))
|        ( QUESTION0_0_R 1 -2.186e+04 9.175e+01 9.305e+01
|            ( - -2.035e+04 2 0)
|            ( - -1.423e+03 1 0))))
s>    ( QUESTION2_7_L -1 -3.712e+04 1.529e+02 1.586e+02
s>        ( - -2.473e+03 1 0)
s>        ( QUESTION2 -1 -3.449e+04 1.476e+02 1.476e+02
s>            ( QUESTION0_13_R 1 -1.248e+04 1.459e+02 5.455e+01
s>                ( - -3.500e+03 1 0)
s>                ( QUESTION0_0_R 1 -8.835e+03 1.293e+02 3.855e+01
s>                    ( - -6.597e+03 1 0)
s>                    ( - -2.109e+03 1 0)))
s>            ( QUESTION0_0_R 1 -2.186e+04 9.175e+01 9.305e+01
s>                ( - -2.035e+04 2 0)
s>                ( - -1.423e+03 1 0))))INFO: dtree.c(1439): stop. leaf nodes are specific
INFO: dtree.c(1478): Final simple tree
|( QUESTION1 1 -1.609e+04 1.770e+02 6.825e+01
|    ( - -5.860e+02 1 0)
|    ( QUESTION0 -1 -1.532e+04 1.724e+02 6.525e+01
|        ( - -7.266e+03 1 0)
|        ( QUESTION0_0_R 1 -7.884e+03 1.474e+02 3.280e+01
|            ( - -5.411e+03 1 0)
|            ( - -2.325e+03 1 0))))
s>    ( QUESTION1 1 -1.609e+04 1.770e+02 6.825e+01
s>        ( - -5.860e+02 1 0)
s>        ( QUESTION0 -1 -1.532e+04 1.724e+02 6.525e+01
s>            ( - -7.266e+03 1 0)
s>            ( QUESTION0_0_R 1 -7.884e+03 1.474e+02 3.280e+01
s>                ( - -5.411e+03 1 0)
s>                ( - -2.325e+03 1 0))))INFO: dtree.c(1315): Comp split 34
INFO: dtree.c(1439): stop. leaf nodes are specific
INFO: dtree.c(1478): Final simple tree
|( SILENCE 1 -6.029e+03 1.274e+02 2.500e+01
|    ( - -2.861e+03 1 0)
|    ( - -3.041e+03 1 0))
s>    ( SILENCE 1 -6.029e+03 1.274e+02 2.500e+01
s>        ( - -2.861e+03 1 0)
s>        ( - -3.041e+03 1 0))INFO: dtree.c(1315): Comp split 35
INFO: dtree.c(1439): stop. leaf nodes are specific
INFO: dtree.c(1478): Final simple tree
|( QUESTION0_0_R 1 -9.489e+03 1.336e+02 4.100e+01
|    ( - -7.589e+03 3 0)
|    ( - -1.766e+03 1 0))
s>    ( QUESTION0_0_R 1 -9.489e+03 1.336e+02 4.100e+01
s>        ( - -7.589e+03 3 0)
s>        ( - -1.766e+03 1 0))INFO: dtree.c(1439): stop. leaf nodes are specific
INFO: dtree.c(1478): Final simple tree
|( QUESTION0_0_R 1 -8.628e+04 1.090e+02 3.641e+02
|    ( - -8.427e+04 1 0)
|    ( - -1.907e+03 1 0))
s>    ( QUESTION0_0_R 1 -8.628e+04 1.090e+02 3.641e+02
s>        ( - -8.427e+04 1 0)
s>        ( - -1.907e+03 1 0))INFO: dtree.c(1315): Comp split 36
INFO: dtree.c(1439): stop. leaf nodes are specific
INFO: dtree.c(1478): Final simple tree
|( QUESTION0_0_R 1 -2.648e+03 1.408e+02 1.200e+01
|    ( - -8.194e+02 1 0)
|    ( - -1.688e+03 1 0))
s>    ( QUESTION0_0_R 1 -2.648e+03 1.408e+02 1.200e+01
s>        ( - -8.194e+02 1 0)
s>        ( - -1.688e+03 1 0))INFO: dtree.c(1315): Comp split 37
INFO: dtree.c(1439): stop. leaf nodes are specific
INFO: dtree.c(1478): Final simple tree
|( QUESTION0_8_R 1 -4.712e+03 1.456e+02 2.100e+01
|    ( - -5.602e+02 1 0)
|    ( QUESTION0_9_R 1 -4.006e+03 1.126e+02 1.800e+01
|        ( - -1.027e+03 1 0)
|        ( QUESTION0_0_R 1 -2.867e+03 1.056e+02 1.300e+01
|            ( - -1.765e+03 2 0)
|            ( - -9.960e+02 1 0))))
s>    ( QUESTION0_8_R 1 -4.712e+03 1.456e+02 2.100e+01
s>        ( - -5.602e+02 1 0)
s>        ( QUESTION0_9_R 1 -4.006e+03 1.126e+02 1.800e+01
s>            ( - -1.027e+03 1 0)
s>            ( QUESTION0_0_R 1 -2.867e+03 1.056e+02 1.300e+01
s>                ( - -1.765e+03 2 0)
s>                ( - -9.960e+02 1 0))))INFO: dtree.c(1439): stop. leaf nodes are specific
INFO: dtree.c(1478): Final simple tree
|( QUESTION0_0_R 1 -9.295e+03 1.595e+02 4.097e+01
|    ( - -4.875e+03 1 0)
|    ( - -4.260e+03 1 0))
s>    ( QUESTION0_0_R 1 -9.295e+03 1.595e+02 4.097e+01
s>        ( - -4.875e+03 1 0)
s>        ( - -4.260e+03 1 0))INFO: dtree.c(1315): Comp split 38
INFO: dtree.c(1439): stop. leaf nodes are specific
INFO: dtree.c(1478): Final simple tree
|( QUESTION0 -1 -1.532e+04 1.724e+02 6.525e+01
|    ( - -7.266e+03 1 0)
|    ( QUESTION0_0_R 1 -7.884e+03 1.474e+02 3.280e+01
|        ( - -5.411e+03 1 0)
|        ( - -2.325e+03 1 0)))
s>    ( QUESTION0 -1 -1.532e+04 1.724e+02 6.525e+01
s>        ( - -7.266e+03 1 0)
s>        ( QUESTION0_0_R 1 -7.884e+03 1.474e+02 3.280e+01
s>            ( - -5.411e+03 1 0)
s>            ( - -2.325e+03 1 0)))INFO: dtree.c(1315): Comp split 39
INFO: dtree.c(1315): Comp split 40
INFO: dtree.c(1315): Comp split 41
INFO: dtree.c(1439): stop. leaf nodes are specific
INFO: dtree.c(1478): Final simple tree
|( QUESTION0_0_R 1 -7.884e+03 1.474e+02 3.280e+01
|    ( - -5.411e+03 1 0)
|    ( - -2.325e+03 1 0))
s>    ( QUESTION0_0_R 1 -7.884e+03 1.474e+02 3.280e+01
s>        ( - -5.411e+03 1 0)
s>        ( - -2.325e+03 1 0))INFO: dtree.c(1315): Comp split 42
INFO: dtree.c(1439): stop. leaf nodes are specific
INFO: dtree.c(1478): Final simple tree
|( QUESTION18 1 -2.170e+04 1.679e+02 9.547e+01
|    ( - -9.125e+02 1 0)
|    ( QUESTION0_0_R 1 -2.062e+04 1.362e+02 9.047e+01
|        ( - -1.414e+04 1 0)
|        ( - -6.346e+03 1 0)))
s>    ( QUESTION18 1 -2.170e+04 1.679e+02 9.547e+01
s>        ( - -9.125e+02 1 0)
s>        ( QUESTION0_0_R 1 -2.062e+04 1.362e+02 9.047e+01
s>            ( - -1.414e+04 1 0)
s>            ( - -6.346e+03 1 0)))INFO: dtree.c(1315): Comp split 43
INFO: dtree.c(1439): stop. leaf nodes are specific
INFO: dtree.c(1478): Final simple tree
|( QUESTION0_5_R 1 -1.436e+04 1.510e+02 6.393e+01
|    ( - -2.681e+03 1 0)
|    ( QUESTION0_15_R 1 -1.153e+04 1.230e+02 5.093e+01
|        ( - -2.058e+03 1 0)
|        ( SILENCE -1 -9.352e+03 1.243e+02 4.193e+01
|            ( - -1.441e+03 1 0)
|            ( QUESTION0_0_R 1 -7.786e+03 9.992e+01 3.493e+01
|                ( - -3.660e+03 1 0)
|                ( - -4.026e+03 1 0)))))
s>    ( QUESTION0_5_R 1 -1.436e+04 1.510e+02 6.393e+01
s>        ( - -2.681e+03 1 0)
s>        ( QUESTION0_15_R 1 -1.153e+04 1.230e+02 5.093e+01
s>            ( - -2.058e+03 1 0)
s>            ( SILENCE -1 -9.352e+03 1.243e+02 4.193e+01
s>                ( - -1.441e+03 1 0)
s>                ( QUESTION0_0_R 1 -7.786e+03 9.992e+01 3.493e+01
s>                    ( - -3.660e+03 1 0)
s>                    ( - -4.026e+03 1 0)))))INFO: dtree.c(1315): Comp split 44
INFO: dtree.c(1439): stop. leaf nodes are specific
INFO: dtree.c(1478): Final simple tree
|( QUESTION0_0_R 1 -2.062e+04 1.362e+02 9.047e+01
|    ( - -1.414e+04 1 0)
|    ( - -6.346e+03 1 0))
s>    ( QUESTION0_0_R 1 -2.062e+04 1.362e+02 9.047e+01
s>        ( - -1.414e+04 1 0)
s>        ( - -6.346e+03 1 0))INFO: dtree.c(1315): Comp split 45
INFO: dtree.c(1439): stop. leaf nodes are specific
INFO: dtree.c(1478): Final simple tree
|( QUESTION0_14_R 1 -6.624e+03 1.682e+02 2.900e+01
|    ( - -1.423e+03 1 0)
|    ( SILENCE -1 -5.033e+03 1.401e+02 2.200e+01
|        ( - -4.053e+03 1 0)
|        ( - -8.401e+02 1 0)))
s>    ( QUESTION0_14_R 1 -6.624e+03 1.682e+02 2.900e+01
s>        ( - -1.423e+03 1 0)
s>        ( SILENCE -1 -5.033e+03 1.401e+02 2.200e+01
s>            ( - -4.053e+03 1 0)
s>            ( - -8.401e+02 1 0)))INFO: dtree.c(1315): Comp split 46
INFO: dtree.c(1439): stop. leaf nodes are specific
INFO: dtree.c(1478): Final simple tree
|( SILENCE -1 -5.033e+03 1.401e+02 2.200e+01
|    ( - -4.053e+03 1 0)
|    ( - -8.401e+02 1 0))
s>    ( SILENCE -1 -5.033e+03 1.401e+02 2.200e+01
s>        ( - -4.053e+03 1 0)
s>        ( - -8.401e+02 1 0))INFO: dtree.c(1315): Comp split 47
INFO: dtree.c(1439): stop. leaf nodes are specific
INFO: dtree.c(1478): Final simple tree
|( QUESTION0_9_R 1 -1.243e+04 1.339e+02 5.830e+01
|    ( - -7.116e+03 1 0)
|    ( QUESTION0_0_R 1 -5.181e+03 1.279e+02 2.398e+01
|        ( - -8.515e+02 1 0)
|        ( - -4.201e+03 3 0)))
s>    ( QUESTION0_9_R 1 -1.243e+04 1.339e+02 5.830e+01
s>        ( - -7.116e+03 1 0)
s>        ( QUESTION0_0_R 1 -5.181e+03 1.279e+02 2.398e+01
s>            ( - -8.515e+02 1 0)
s>            ( - -4.201e+03 3 0)))INFO: dtree.c(1439): stop. leaf nodes are specific
INFO: dtree.c(1478): Final simple tree
|( QUESTION0_4_R 1 -2.387e+03 1.250e+02 1.000e+01
|    ( - -9.591e+02 1 0)
|    ( QUESTION0_0_R 1 -1.303e+03 1.242e+02 6.000e+00
|        ( - -5.874e+02 1 0)
|        ( - -5.913e+02 1 0)))
s>    ( QUESTION0_4_R 1 -2.387e+03 1.250e+02 1.000e+01
s>        ( - -9.591e+02 1 0)
s>        ( QUESTION0_0_R 1 -1.303e+03 1.242e+02 6.000e+00
s>            ( - -5.874e+02 1 0)
s>            ( - -5.913e+02 1 0)))INFO: dtree.c(1315): Comp split 48
INFO: dtree.c(1439): stop. leaf nodes are specific
INFO: dtree.c(1478): Final simple tree
|( QUESTION0_0_R 1 -4.709e+03 1.269e+02 2.101e+01
|    ( - -2.473e+03 1 0)
|    ( - -2.109e+03 1 0))
s>    ( QUESTION0_0_R 1 -4.709e+03 1.269e+02 2.101e+01
s>        ( - -2.473e+03 1 0)
s>        ( - -2.109e+03 1 0))INFO: dtree.c(1439): stop. leaf nodes are specific
INFO: dtree.c(1478): Final simple tree
|( QUESTION2 -1 -3.224e+04 1.453e+02 1.376e+02
|    ( QUESTION0_0_R 1 -1.024e+04 1.411e+02 4.455e+01
|        ( - -6.597e+03 1 0)
|        ( - -3.500e+03 1 0))
|    ( QUESTION0_0_R 1 -2.186e+04 9.175e+01 9.305e+01
|        ( - -2.035e+04 2 0)
|        ( - -1.423e+03 1 0)))
s>    ( QUESTION2 -1 -3.224e+04 1.453e+02 1.376e+02
s>        ( QUESTION0_0_R 1 -1.024e+04 1.411e+02 4.455e+01
s>            ( - -6.597e+03 1 0)
s>            ( - -3.500e+03 1 0))
s>        ( QUESTION0_0_R 1 -2.186e+04 9.175e+01 9.305e+01
s>            ( - -2.035e+04 2 0)
s>            ( - -1.423e+03 1 0)))INFO: dtree.c(1315): Comp split 49
INFO: dtree.c(1315): Comp split 50
INFO: dtree.c(1315): Comp split 51
INFO: dtree.c(1439): stop. leaf nodes are specific
INFO: dtree.c(1478): Final simple tree
|( QUESTION0_2_R 1 -2.859e+04 1.292e+02 1.216e+02
|    ( - -2.035e+04 2 0)
|    ( QUESTION0_0_R 1 -8.110e+03 9.009e+01 3.455e+01
|        ( - -6.597e+03 1 0)
|        ( - -1.423e+03 1 0)))
s>    ( QUESTION0_2_R 1 -2.859e+04 1.292e+02 1.216e+02
s>        ( - -2.035e+04 2 0)
s>        ( QUESTION0_0_R 1 -8.110e+03 9.009e+01 3.455e+01
s>            ( - -6.597e+03 1 0)
s>            ( - -1.423e+03 1 0)))INFO: dtree.c(1315): Comp split 52
INFO: dtree.c(1439): stop. leaf nodes are specific
INFO: dtree.c(1478): Final simple tree
|( QUESTION0_15_R 1 -1.153e+04 1.230e+02 5.093e+01
|    ( - -2.058e+03 1 0)
|    ( SILENCE -1 -9.352e+03 1.243e+02 4.193e+01
|        ( - -1.441e+03 1 0)
|        ( QUESTION0_0_R 1 -7.786e+03 9.992e+01 3.493e+01
|            ( - -3.660e+03 1 0)
|            ( - -4.026e+03 1 0))))
s>    ( QUESTION0_15_R 1 -1.153e+04 1.230e+02 5.093e+01
s>        ( - -2.058e+03 1 0)
s>        ( SILENCE -1 -9.352e+03 1.243e+02 4.193e+01
s>            ( - -1.441e+03 1 0)
s>            ( QUESTION0_0_R 1 -7.786e+03 9.992e+01 3.493e+01
s>                ( - -3.660e+03 1 0)
s>                ( - -4.026e+03 1 0))))INFO: dtree.c(1315): Comp split 53
INFO: dtree.c(1315): Comp split 54
INFO: dtree.c(1439): stop. leaf nodes are specific
INFO: dtree.c(1478): Final simple tree
|( QUESTION0_9_R 1 -4.006e+03 1.126e+02 1.800e+01
|    ( - -1.027e+03 1 0)
|    ( QUESTION0_0_R 1 -2.867e+03 1.056e+02 1.300e+01
|        ( - -1.765e+03 2 0)
|        ( - -9.960e+02 1 0)))
s>    ( QUESTION0_9_R 1 -4.006e+03 1.126e+02 1.800e+01
s>        ( - -1.027e+03 1 0)
s>        ( QUESTION0_0_R 1 -2.867e+03 1.056e+02 1.300e+01
s>            ( - -1.765e+03 2 0)
s>            ( - -9.960e+02 1 0)))INFO: dtree.c(1315): Comp split 55
INFO: dtree.c(1315): Comp split 56
INFO: dtree.c(1315): Comp split 57
INFO: dtree.c(1315): Comp split 58
INFO: dtree.c(1439): stop. leaf nodes are specific
INFO: dtree.c(1478): Final simple tree
|( SILENCE -1 -7.439e+03 1.216e+02 3.300e+01
|    ( - -1.912e+03 1 0)
|    ( - -5.405e+03 1 0))
s>    ( SILENCE -1 -7.439e+03 1.216e+02 3.300e+01
s>        ( - -1.912e+03 1 0)
s>        ( - -5.405e+03 1 0))INFO: dtree.c(1315): Comp split 59
INFO: dtree.c(1315): Comp split 60
INFO: dtree.c(1439): stop. leaf nodes are specific
INFO: dtree.c(1478): Final simple tree
|( QUESTION0_0_R 1 -5.181e+03 1.279e+02 2.398e+01
|    ( - -8.515e+02 1 0)
|    ( - -4.201e+03 3 0))
s>    ( QUESTION0_0_R 1 -5.181e+03 1.279e+02 2.398e+01
s>        ( - -8.515e+02 1 0)
s>        ( - -4.201e+03 3 0))INFO: dtree.c(1315): Comp split 61
INFO: dtree.c(1315): Comp split 62
INFO: dtree.c(1439): stop. leaf nodes are specific
INFO: dtree.c(1478): Final simple tree
|( QUESTION0_0_R 1 -8.110e+03 9.009e+01 3.455e+01
|    ( - -6.597e+03 1 0)
|    ( - -1.423e+03 1 0))
s>    ( QUESTION0_0_R 1 -8.110e+03 9.009e+01 3.455e+01
s>        ( - -6.597e+03 1 0)
s>        ( - -1.423e+03 1 0))INFO: dtree.c(1315): Comp split 63
INFO: dtree.c(1315): Comp split 64
INFO: dtree.c(1315): Comp split 65
INFO: dtree.c(1315): Comp split 66
INFO: dtree.c(1439): stop. leaf nodes are specific
INFO: dtree.c(1478): Final simple tree
|( QUESTION0_0_R 1 -1.303e+03 1.242e+02 6.000e+00
|    ( - -5.874e+02 1 0)
|    ( - -5.913e+02 1 0))
s>    ( QUESTION0_0_R 1 -1.303e+03 1.242e+02 6.000e+00
s>        ( - -5.874e+02 1 0)
s>        ( - -5.913e+02 1 0))INFO: dtree.c(1315): Comp split 67
INFO: dtree.c(1315): Comp split 68
INFO: dtree.c(1439): stop. leaf nodes are specific
INFO: dtree.c(1478): Final simple tree
|( SILENCE -1 -9.352e+03 1.243e+02 4.193e+01
|    ( - -1.441e+03 1 0)
|    ( QUESTION0_0_R 1 -7.786e+03 9.992e+01 3.493e+01
|        ( - -3.660e+03 1 0)
|        ( - -4.026e+03 1 0)))
s>    ( SILENCE -1 -9.352e+03 1.243e+02 4.193e+01
s>        ( - -1.441e+03 1 0)
s>        ( QUESTION0_0_R 1 -7.786e+03 9.992e+01 3.493e+01
s>            ( - -3.660e+03 1 0)
s>            ( - -4.026e+03 1 0)))INFO: dtree.c(1315): Comp split 69
INFO: dtree.c(1439): stop. leaf nodes are specific
INFO: dtree.c(1478): Final simple tree
|( QUESTION0_0_R 1 -7.786e+03 9.992e+01 3.493e+01
|    ( - -3.660e+03 1 0)
|    ( - -4.026e+03 1 0))
s>    ( QUESTION0_0_R 1 -7.786e+03 9.992e+01 3.493e+01
s>        ( - -3.660e+03 1 0)
s>        ( - -4.026e+03 1 0))INFO: dtree.c(1315): Comp split 70
INFO: dtree.c(1315): Comp split 71
INFO: dtree.c(1439): stop. leaf nodes are specific
INFO: dtree.c(1478): Final simple tree
|( QUESTION0_0_R 1 -2.867e+03 1.056e+02 1.300e+01
|    ( - -1.765e+03 2 0)
|    ( - -9.960e+02 1 0))
s>    ( QUESTION0_0_R 1 -2.867e+03 1.056e+02 1.300e+01
s>        ( - -1.765e+03 2 0)
s>        ( - -9.960e+02 1 0))INFO: dtree.c(1315): Comp split 72
INFO: dtree.c(1315): Comp split 73
INFO: dtree.c(1315): Comp split 74
INFO: dtree.c(1315): Comp split 75
INFO: dtree.c(1315): Comp split 76
INFO: dtree.c(1318): stop. leaf nodes are specific
Wed Dec 20 23:52:15 2017
