Current configuration:
[NAME]		[DEFLT]	[VALUE]
-allphones	no	no
-cntthresh	0.00001	1.000000e-05
-csplitmax	100	2000
-csplitmin	1	1
-csplitthr	8e-4	0.000000e+00
-example	no	no
-fullvar	no	no
-help		no	no
-meanfn			/home/alex/repos/speech/an4/model_parameters/an4.cd_cont_untied/means
-mixwfn			/home/alex/repos/speech/an4/model_parameters/an4.cd_cont_untied/mixture_weights
-moddeffn		/home/alex/repos/speech/an4/model_architecture/an4.untied.mdef
-mwfloor	1e-4	1.000000e-08
-phone			TH
-psetfn			/home/alex/repos/speech/an4/model_architecture/an4.tree_questions
-ssplitmax	5	7
-ssplitmin	1	1
-ssplitthr	8e-4	0.000000e+00
-state			1
-stwt			1.0,0.05,0.0,
-treefn			/home/alex/repos/speech/an4/trees/an4.unpruned/TH-1.dtree
-ts2cbfn	.semi.	.cont.
-varfloor	0.00001	1.000000e-05
-varfn			/home/alex/repos/speech/an4/model_parameters/an4.cd_cont_untied/variances

INFO: main.c(223): Reading: /home/alex/repos/speech/an4/model_architecture/an4.untied.mdef
INFO: model_def_io.c(573): Model definition info:
INFO: model_def_io.c(574): 1618 total models defined (34 base, 1584 tri)
INFO: model_def_io.c(575): 6472 total states
INFO: model_def_io.c(576): 4854 total tied states
INFO: model_def_io.c(577): 102 total tied CI states
INFO: model_def_io.c(578): 34 total tied transition matrices
INFO: model_def_io.c(579): 4 max state/model
INFO: model_def_io.c(580): 4 min state/model
INFO: main.c(242): Building trees for [TH AH N e] through [TH V R b]
INFO: main.c(269): Covering states |[4362 4487]| == 126
INFO: main.c(275): Reading: /home/alex/repos/speech/an4/model_parameters/an4.cd_cont_untied/mixture_weights
INFO: s3mixw_io.c(173): Read /home/alex/repos/speech/an4/model_parameters/an4.cd_cont_untied/mixture_weights [126x1x1 array]
INFO: main.c(311): 42 of 42 models have observation count greater than 0.000010
INFO: main.c(95): nrm stwt: 0.045 0.909 0.045 
INFO: s3gau_io.c(169): Read /home/alex/repos/speech/an4/model_parameters/an4.cd_cont_untied/means [4854x1x1 array]
INFO: s3gau_io.c(169): Read /home/alex/repos/speech/an4/model_parameters/an4.cd_cont_untied/variances [4854x1x1 array]
INFO: main.c(549): Reading: /home/alex/repos/speech/an4/model_architecture/an4.tree_questions
INFO: main.c(588): 180 total simple questions (172 phone; 8 word bndry)
INFO: main.c(590): 42 Left Only questions, and 42 Right Only questions
INFO: dtree.c(1478): Final simple tree
|( QUESTION3 1 -1.603e+05 5.688e+02 6.630e+02
|    ( QUESTION2_12_L -1 -1.200e+05 2.070e+02 5.048e+02
|        ( - -1.877e+04 3 0 QUESTION14 -1 1.509e+02 8.006e+01)
|        ( QUESTION20 -1 -1.010e+05 1.919e+02 4.248e+02
|            ( - -4.823e+04 6 0 QUESTION2_0_L -1 1.274e+02 2.041e+02)
|            ( - -5.261e+04 6 0 WDBNDRY_B 0 1.593e+02 2.207e+02)))
|    ( WDBNDRY_B 0 -3.973e+04 2.764e+02 1.582e+02
|        ( - -2.941e+04 19 0 QUESTION0 1 1.763e+02 1.194e+02)
|        ( QUESTION8 -1 -1.005e+04 4.639e+02 3.880e+01
|            ( - -1.904e+02 1 0)
|            ( QUESTION2_12_L -1 -9.396e+03 4.502e+02 3.780e+01
|                ( - 4.052e+01 1 0)
|                ( QUESTION0_1_R 1 -8.986e+03 1.882e+02 3.680e+01
|                    ( - -6.104e+02 1 0)
|                    ( - -8.188e+03 5 0 QUESTION0_0_R 1 1.336e+02 3.480e+01))))))
s>    ( QUESTION3 1 -1.603e+05 5.688e+02 6.630e+02
s>        ( QUESTION2_12_L -1 -1.200e+05 2.070e+02 5.048e+02
s>            ( - -1.877e+04 3 0 QUESTION14 -1 1.509e+02 8.006e+01)
s>            ( QUESTION20 -1 -1.010e+05 1.919e+02 4.248e+02
s>                ( - -4.823e+04 6 0 QUESTION2_0_L -1 1.274e+02 2.041e+02)
s>                ( - -5.261e+04 6 0 WDBNDRY_B 0 1.593e+02 2.207e+02)))
s>        ( WDBNDRY_B 0 -3.973e+04 2.764e+02 1.582e+02
s>            ( - -2.941e+04 19 0 QUESTION0 1 1.763e+02 1.194e+02)
s>            ( QUESTION8 -1 -1.005e+04 4.639e+02 3.880e+01
s>                ( - -1.904e+02 1 0)
s>                ( QUESTION2_12_L -1 -9.396e+03 4.502e+02 3.780e+01
s>                    ( - 4.052e+01 1 0)
s>                    ( QUESTION0_1_R 1 -8.986e+03 1.882e+02 3.680e+01
s>                        ( - -6.104e+02 1 0)
s>                        ( - -8.188e+03 5 0 QUESTION0_0_R 1 1.336e+02 3.480e+01))))))INFO: dtree.c(1315): Comp split 0
INFO: dtree.c(1478): Final simple tree
|( WDBNDRY_B 0 -3.973e+04 2.764e+02 1.582e+02
|    ( QUESTION0 1 -2.941e+04 1.763e+02 1.194e+02
|        ( - -2.389e+04 14 0 QUESTION2_18_L -1 1.447e+02 9.536e+01)
|        ( QUESTION8 -1 -5.342e+03 1.995e+02 2.400e+01
|            ( - -2.477e+02 1 0)
|            ( QUESTION2_7_L -1 -4.895e+03 4.435e+02 2.200e+01
|                ( - 1.937e+02 1 0)
|                ( - -4.645e+03 3 0 QUESTION3 -1 1.691e+02 2.100e+01))))
|    ( QUESTION8 -1 -1.005e+04 4.639e+02 3.880e+01
|        ( - -1.904e+02 1 0)
|        ( QUESTION2_12_L -1 -9.396e+03 4.502e+02 3.780e+01
|            ( - 4.052e+01 1 0)
|            ( QUESTION0_1_R 1 -8.986e+03 1.882e+02 3.680e+01
|                ( - -6.104e+02 1 0)
|                ( - -8.188e+03 5 0 QUESTION0_0_R 1 1.336e+02 3.480e+01)))))
s>    ( WDBNDRY_B 0 -3.973e+04 2.764e+02 1.582e+02
s>        ( QUESTION0 1 -2.941e+04 1.763e+02 1.194e+02
s>            ( - -2.389e+04 14 0 QUESTION2_18_L -1 1.447e+02 9.536e+01)
s>            ( QUESTION8 -1 -5.342e+03 1.995e+02 2.400e+01
s>                ( - -2.477e+02 1 0)
s>                ( QUESTION2_7_L -1 -4.895e+03 4.435e+02 2.200e+01
s>                    ( - 1.937e+02 1 0)
s>                    ( - -4.645e+03 3 0 QUESTION3 -1 1.691e+02 2.100e+01))))
s>        ( QUESTION8 -1 -1.005e+04 4.639e+02 3.880e+01
s>            ( - -1.904e+02 1 0)
s>            ( QUESTION2_12_L -1 -9.396e+03 4.502e+02 3.780e+01
s>                ( - 4.052e+01 1 0)
s>                ( QUESTION0_1_R 1 -8.986e+03 1.882e+02 3.680e+01
s>                    ( - -6.104e+02 1 0)
s>                    ( - -8.188e+03 5 0 QUESTION0_0_R 1 1.336e+02 3.480e+01)))))INFO: dtree.c(1478): Final simple tree
|( QUESTION2_12_L -1 -1.200e+05 2.070e+02 5.048e+02
|    ( QUESTION14 -1 -1.877e+04 1.509e+02 8.006e+01
|        ( - -9.078e+03 1 0)
|        ( QUESTION0 -1 -9.544e+03 1.331e+02 4.068e+01
|            ( - -1.329e+03 1 0)
|            ( - -8.082e+03 1 0)))
|    ( QUESTION20 -1 -1.010e+05 1.919e+02 4.248e+02
|        ( QUESTION2_0_L -1 -4.823e+04 1.274e+02 2.041e+02
|            ( - -8.217e+02 1 0)
|            ( - -4.729e+04 5 0 QUESTION2_14_L -1 1.035e+02 2.011e+02))
|        ( WDBNDRY_B 0 -5.261e+04 1.593e+02 2.207e+02
|            ( QUESTION2_6_L -1 -5.209e+04 1.343e+02 2.187e+02
|                ( - -3.365e+04 3 0 QUESTION2 -1 1.177e+02 1.453e+02)
|                ( - -1.831e+04 2 0 SILENCE -1 8.458e+01 7.337e+01))
|            ( - -3.611e+02 1 0))))
s>    ( QUESTION2_12_L -1 -1.200e+05 2.070e+02 5.048e+02
s>        ( QUESTION14 -1 -1.877e+04 1.509e+02 8.006e+01
s>            ( - -9.078e+03 1 0)
s>            ( QUESTION0 -1 -9.544e+03 1.331e+02 4.068e+01
s>                ( - -1.329e+03 1 0)
s>                ( - -8.082e+03 1 0)))
s>        ( QUESTION20 -1 -1.010e+05 1.919e+02 4.248e+02
s>            ( QUESTION2_0_L -1 -4.823e+04 1.274e+02 2.041e+02
s>                ( - -8.217e+02 1 0)
s>                ( - -4.729e+04 5 0 QUESTION2_14_L -1 1.035e+02 2.011e+02))
s>            ( WDBNDRY_B 0 -5.261e+04 1.593e+02 2.207e+02
s>                ( QUESTION2_6_L -1 -5.209e+04 1.343e+02 2.187e+02
s>                    ( - -3.365e+04 3 0 QUESTION2 -1 1.177e+02 1.453e+02)
s>                    ( - -1.831e+04 2 0 SILENCE -1 8.458e+01 7.337e+01))
s>                ( - -3.611e+02 1 0))))INFO: dtree.c(1315): Comp split 1
INFO: dtree.c(1478): Final simple tree
|( WDBNDRY_B 0 -3.907e+04 2.653e+02 1.572e+02
|    ( QUESTION0 1 -2.941e+04 1.763e+02 1.194e+02
|        ( - -2.389e+04 14 0 QUESTION2_18_L -1 1.447e+02 9.536e+01)
|        ( QUESTION8 -1 -5.342e+03 1.995e+02 2.400e+01
|            ( - -2.477e+02 1 0)
|            ( QUESTION2_7_L -1 -4.895e+03 4.435e+02 2.200e+01
|                ( - 1.937e+02 1 0)
|                ( QUESTION3 -1 -4.645e+03 1.691e+02 2.100e+01
|                    ( - -2.215e+03 1 0)
|                    ( - -2.261e+03 2 0 QUESTION0 -1 1.227e+02 1.100e+01)))))
|    ( QUESTION2_12_L -1 -9.396e+03 4.502e+02 3.780e+01
|        ( - 4.052e+01 1 0)
|        ( QUESTION0_1_R 1 -8.986e+03 1.882e+02 3.680e+01
|            ( - -6.104e+02 1 0)
|            ( - -8.188e+03 5 0 QUESTION0_0_R 1 1.336e+02 3.480e+01))))
s>    ( WDBNDRY_B 0 -3.907e+04 2.653e+02 1.572e+02
s>        ( QUESTION0 1 -2.941e+04 1.763e+02 1.194e+02
s>            ( - -2.389e+04 14 0 QUESTION2_18_L -1 1.447e+02 9.536e+01)
s>            ( QUESTION8 -1 -5.342e+03 1.995e+02 2.400e+01
s>                ( - -2.477e+02 1 0)
s>                ( QUESTION2_7_L -1 -4.895e+03 4.435e+02 2.200e+01
s>                    ( - 1.937e+02 1 0)
s>                    ( QUESTION3 -1 -4.645e+03 1.691e+02 2.100e+01
s>                        ( - -2.215e+03 1 0)
s>                        ( - -2.261e+03 2 0 QUESTION0 -1 1.227e+02 1.100e+01)))))
s>        ( QUESTION2_12_L -1 -9.396e+03 4.502e+02 3.780e+01
s>            ( - 4.052e+01 1 0)
s>            ( QUESTION0_1_R 1 -8.986e+03 1.882e+02 3.680e+01
s>                ( - -6.104e+02 1 0)
s>                ( - -8.188e+03 5 0 QUESTION0_0_R 1 1.336e+02 3.480e+01))))INFO: dtree.c(1315): Comp split 2
INFO: dtree.c(1478): Final simple tree
|( WDBNDRY_B 0 -3.865e+04 2.580e+02 1.562e+02
|    ( QUESTION0 1 -2.941e+04 1.763e+02 1.194e+02
|        ( QUESTION2_18_L -1 -2.389e+04 1.447e+02 9.536e+01
|            ( - -1.044e+03 1 0)
|            ( - -2.270e+04 13 0 QUESTION3 -1 1.337e+02 9.036e+01))
|        ( QUESTION8 -1 -5.342e+03 1.995e+02 2.400e+01
|            ( - -2.477e+02 1 0)
|            ( QUESTION2_7_L -1 -4.895e+03 4.435e+02 2.200e+01
|                ( - 1.937e+02 1 0)
|                ( QUESTION3 -1 -4.645e+03 1.691e+02 2.100e+01
|                    ( - -2.215e+03 1 0)
|                    ( - -2.261e+03 2 0 QUESTION0 -1 1.227e+02 1.100e+01)))))
|    ( QUESTION0_1_R 1 -8.986e+03 1.882e+02 3.680e+01
|        ( - -6.104e+02 1 0)
|        ( - -8.188e+03 5 0 QUESTION0_0_R 1 1.336e+02 3.480e+01)))
s>    ( WDBNDRY_B 0 -3.865e+04 2.580e+02 1.562e+02
s>        ( QUESTION0 1 -2.941e+04 1.763e+02 1.194e+02
s>            ( QUESTION2_18_L -1 -2.389e+04 1.447e+02 9.536e+01
s>                ( - -1.044e+03 1 0)
s>                ( - -2.270e+04 13 0 QUESTION3 -1 1.337e+02 9.036e+01))
s>            ( QUESTION8 -1 -5.342e+03 1.995e+02 2.400e+01
s>                ( - -2.477e+02 1 0)
s>                ( QUESTION2_7_L -1 -4.895e+03 4.435e+02 2.200e+01
s>                    ( - 1.937e+02 1 0)
s>                    ( QUESTION3 -1 -4.645e+03 1.691e+02 2.100e+01
s>                        ( - -2.215e+03 1 0)
s>                        ( - -2.261e+03 2 0 QUESTION0 -1 1.227e+02 1.100e+01)))))
s>        ( QUESTION0_1_R 1 -8.986e+03 1.882e+02 3.680e+01
s>            ( - -6.104e+02 1 0)
s>            ( - -8.188e+03 5 0 QUESTION0_0_R 1 1.336e+02 3.480e+01)))INFO: dtree.c(1315): Comp split 3
INFO: dtree.c(1478): Final simple tree
|( WDBNDRY_B 0 -3.841e+04 2.585e+02 1.552e+02
|    ( QUESTION0 1 -2.916e+04 1.776e+02 1.184e+02
|        ( QUESTION2_18_L -1 -2.389e+04 1.447e+02 9.536e+01
|            ( - -1.044e+03 1 0)
|            ( QUESTION3 -1 -2.270e+04 1.337e+02 9.036e+01
|                ( - -7.474e+02 1 0)
|                ( - -2.182e+04 12 0 QUESTION14 -1 1.296e+02 8.736e+01)))
|        ( QUESTION8 -1 -5.094e+03 2.009e+02 2.300e+01
|            ( - -2.477e+02 1 0)
|            ( QUESTION3 -1 -4.645e+03 1.691e+02 2.100e+01
|                ( - -2.215e+03 1 0)
|                ( - -2.261e+03 2 0 QUESTION0 -1 1.227e+02 1.100e+01))))
|    ( QUESTION0_1_R 1 -8.986e+03 1.882e+02 3.680e+01
|        ( - -6.104e+02 1 0)
|        ( - -8.188e+03 5 0 QUESTION0_0_R 1 1.336e+02 3.480e+01)))
s>    ( WDBNDRY_B 0 -3.841e+04 2.585e+02 1.552e+02
s>        ( QUESTION0 1 -2.916e+04 1.776e+02 1.184e+02
s>            ( QUESTION2_18_L -1 -2.389e+04 1.447e+02 9.536e+01
s>                ( - -1.044e+03 1 0)
s>                ( QUESTION3 -1 -2.270e+04 1.337e+02 9.036e+01
s>                    ( - -7.474e+02 1 0)
s>                    ( - -2.182e+04 12 0 QUESTION14 -1 1.296e+02 8.736e+01)))
s>            ( QUESTION8 -1 -5.094e+03 2.009e+02 2.300e+01
s>                ( - -2.477e+02 1 0)
s>                ( QUESTION3 -1 -4.645e+03 1.691e+02 2.100e+01
s>                    ( - -2.215e+03 1 0)
s>                    ( - -2.261e+03 2 0 QUESTION0 -1 1.227e+02 1.100e+01))))
s>        ( QUESTION0_1_R 1 -8.986e+03 1.882e+02 3.680e+01
s>            ( - -6.104e+02 1 0)
s>            ( - -8.188e+03 5 0 QUESTION0_0_R 1 1.336e+02 3.480e+01)))INFO: dtree.c(1315): Comp split 4
INFO: dtree.c(1439): stop. leaf nodes are specific
INFO: dtree.c(1478): Final simple tree
|( QUESTION0_1_R 1 -1.134e+04 1.902e+02 4.680e+01
|    ( - -6.104e+02 1 0)
|    ( WDBNDRY_B 0 -1.054e+04 1.359e+02 4.480e+01
|        ( - -2.215e+03 1 0)
|        ( QUESTION0_0_R 1 -8.188e+03 1.336e+02 3.480e+01
|            ( - -5.310e+02 1 0)
|            ( QUESTION2_18_L -1 -7.523e+03 1.329e+02 3.180e+01
|                ( - -7.280e+02 1 0)
|                ( QUESTION3 -1 -6.662e+03 1.214e+02 2.780e+01
|                    ( - -2.432e+03 1 0)
|                    ( QUESTION0 -1 -4.109e+03 1.128e+02 1.703e+01
|                        ( - -3.298e+03 1 0)
|                        ( - -6.983e+02 1 0)))))))
s>    ( QUESTION0_1_R 1 -1.134e+04 1.902e+02 4.680e+01
s>        ( - -6.104e+02 1 0)
s>        ( WDBNDRY_B 0 -1.054e+04 1.359e+02 4.480e+01
s>            ( - -2.215e+03 1 0)
s>            ( QUESTION0_0_R 1 -8.188e+03 1.336e+02 3.480e+01
s>                ( - -5.310e+02 1 0)
s>                ( QUESTION2_18_L -1 -7.523e+03 1.329e+02 3.180e+01
s>                    ( - -7.280e+02 1 0)
s>                    ( QUESTION3 -1 -6.662e+03 1.214e+02 2.780e+01
s>                        ( - -2.432e+03 1 0)
s>                        ( QUESTION0 -1 -4.109e+03 1.128e+02 1.703e+01
s>                            ( - -3.298e+03 1 0)
s>                            ( - -6.983e+02 1 0)))))))INFO: dtree.c(1478): Final simple tree
|( QUESTION0 1 -2.678e+04 1.629e+02 1.084e+02
|    ( QUESTION2_18_L -1 -2.389e+04 1.447e+02 9.536e+01
|        ( - -1.044e+03 1 0)
|        ( QUESTION3 -1 -2.270e+04 1.337e+02 9.036e+01
|            ( - -7.474e+02 1 0)
|            ( QUESTION14 -1 -2.182e+04 1.296e+02 8.736e+01
|                ( - -5.478e+02 1 0)
|                ( QUESTION2_7_L -1 -2.114e+04 1.143e+02 8.436e+01
|                    ( - -3.559e+03 4 0 QUESTION9 -1 1.100e+02 1.400e+01)
|                    ( - -1.747e+04 7 0 QUESTION2_14_L -1 1.188e+02 7.036e+01)))))
|    ( QUESTION8 -1 -2.730e+03 2.217e+02 1.300e+01
|        ( - -2.477e+02 1 0)
|        ( QUESTION0 -1 -2.261e+03 1.227e+02 1.100e+01
|            ( - -1.811e+03 1 0)
|            ( - -3.275e+02 1 0))))
s>    ( QUESTION0 1 -2.678e+04 1.629e+02 1.084e+02
s>        ( QUESTION2_18_L -1 -2.389e+04 1.447e+02 9.536e+01
s>            ( - -1.044e+03 1 0)
s>            ( QUESTION3 -1 -2.270e+04 1.337e+02 9.036e+01
s>                ( - -7.474e+02 1 0)
s>                ( QUESTION14 -1 -2.182e+04 1.296e+02 8.736e+01
s>                    ( - -5.478e+02 1 0)
s>                    ( QUESTION2_7_L -1 -2.114e+04 1.143e+02 8.436e+01
s>                        ( - -3.559e+03 4 0 QUESTION9 -1 1.100e+02 1.400e+01)
s>                        ( - -1.747e+04 7 0 QUESTION2_14_L -1 1.188e+02 7.036e+01)))))
s>        ( QUESTION8 -1 -2.730e+03 2.217e+02 1.300e+01
s>            ( - -2.477e+02 1 0)
s>            ( QUESTION0 -1 -2.261e+03 1.227e+02 1.100e+01
s>                ( - -1.811e+03 1 0)
s>                ( - -3.275e+02 1 0))))INFO: dtree.c(1315): Comp split 5
INFO: dtree.c(1439): stop. leaf nodes are specific
INFO: dtree.c(1478): Final simple tree
|( QUESTION0 -1 -9.544e+03 1.331e+02 4.068e+01
|    ( - -1.329e+03 1 0)
|    ( - -8.082e+03 1 0))
s>    ( QUESTION0 -1 -9.544e+03 1.331e+02 4.068e+01
s>        ( - -1.329e+03 1 0)
s>        ( - -8.082e+03 1 0))INFO: dtree.c(1478): Final simple tree
|( QUESTION20 -1 -1.102e+05 1.780e+02 4.641e+02
|    ( QUESTION2_0_L -1 -4.823e+04 1.274e+02 2.041e+02
|        ( - -8.217e+02 1 0)
|        ( QUESTION2_14_L -1 -4.729e+04 1.035e+02 2.011e+02
|            ( - -2.835e+04 2 0)
|            ( - -1.883e+04 3 0)))
|    ( WDBNDRY_B 0 -6.183e+04 1.575e+02 2.601e+02
|        ( QUESTION13 -1 -6.132e+04 1.452e+02 2.581e+02
|            ( - -9.078e+03 1 0)
|            ( QUESTION2_6_L -1 -5.209e+04 1.343e+02 2.187e+02
|                ( QUESTION2 -1 -3.365e+04 1.177e+02 1.453e+02
|                    ( - -2.003e+04 1 0)
|                    ( - -1.351e+04 2 0 QUESTION1 -1 7.549e+01 5.815e+01))
|                ( - -1.831e+04 2 0 SILENCE -1 8.458e+01 7.337e+01)))
|        ( - -3.611e+02 1 0)))
s>    ( QUESTION20 -1 -1.102e+05 1.780e+02 4.641e+02
s>        ( QUESTION2_0_L -1 -4.823e+04 1.274e+02 2.041e+02
s>            ( - -8.217e+02 1 0)
s>            ( QUESTION2_14_L -1 -4.729e+04 1.035e+02 2.011e+02
s>                ( - -2.835e+04 2 0)
s>                ( - -1.883e+04 3 0)))
s>        ( WDBNDRY_B 0 -6.183e+04 1.575e+02 2.601e+02
s>            ( QUESTION13 -1 -6.132e+04 1.452e+02 2.581e+02
s>                ( - -9.078e+03 1 0)
s>                ( QUESTION2_6_L -1 -5.209e+04 1.343e+02 2.187e+02
s>                    ( QUESTION2 -1 -3.365e+04 1.177e+02 1.453e+02
s>                        ( - -2.003e+04 1 0)
s>                        ( - -1.351e+04 2 0 QUESTION1 -1 7.549e+01 5.815e+01))
s>                    ( - -1.831e+04 2 0 SILENCE -1 8.458e+01 7.337e+01)))
s>            ( - -3.611e+02 1 0)))INFO: dtree.c(1315): Comp split 6
INFO: dtree.c(1439): stop. leaf nodes are specific
INFO: dtree.c(1478): Final simple tree
|( QUESTION2_6_L -1 -5.303e+04 1.342e+02 2.217e+02
|    ( QUESTION2 -1 -3.365e+04 1.177e+02 1.453e+02
|        ( - -2.003e+04 1 0)
|        ( QUESTION1 -1 -1.351e+04 7.549e+01 5.815e+01
|            ( - -5.387e+03 1 0)
|            ( - -8.043e+03 1 0)))
|    ( QUESTION20 -1 -1.925e+04 1.199e+02 7.637e+01
|        ( - -8.217e+02 1 0)
|        ( SILENCE -1 -1.831e+04 8.458e+01 7.337e+01
|            ( - -1.657e+04 1 0)
|            ( - -1.653e+03 1 0))))
s>    ( QUESTION2_6_L -1 -5.303e+04 1.342e+02 2.217e+02
s>        ( QUESTION2 -1 -3.365e+04 1.177e+02 1.453e+02
s>            ( - -2.003e+04 1 0)
s>            ( QUESTION1 -1 -1.351e+04 7.549e+01 5.815e+01
s>                ( - -5.387e+03 1 0)
s>                ( - -8.043e+03 1 0)))
s>        ( QUESTION20 -1 -1.925e+04 1.199e+02 7.637e+01
s>            ( - -8.217e+02 1 0)
s>            ( SILENCE -1 -1.831e+04 8.458e+01 7.337e+01
s>                ( - -1.657e+04 1 0)
s>                ( - -1.653e+03 1 0))))INFO: dtree.c(1439): stop. leaf nodes are specific
INFO: dtree.c(1478): Final simple tree
|( WDBNDRY_B 0 -5.700e+04 1.548e+02 2.424e+02
|    ( QUESTION0 -1 -5.649e+04 1.236e+02 2.404e+02
|        ( - -9.078e+03 1 0)
|        ( QUESTION2_14_L -1 -4.729e+04 1.035e+02 2.011e+02
|            ( - -2.835e+04 2 0)
|            ( - -1.883e+04 3 0)))
|    ( - -3.611e+02 1 0))
s>    ( WDBNDRY_B 0 -5.700e+04 1.548e+02 2.424e+02
s>        ( QUESTION0 -1 -5.649e+04 1.236e+02 2.404e+02
s>            ( - -9.078e+03 1 0)
s>            ( QUESTION2_14_L -1 -4.729e+04 1.035e+02 2.011e+02
s>                ( - -2.835e+04 2 0)
s>                ( - -1.883e+04 3 0)))
s>        ( - -3.611e+02 1 0))INFO: dtree.c(1315): Comp split 7
INFO: dtree.c(1478): Final simple tree
|( QUESTION0 1 -2.633e+04 1.834e+02 1.064e+02
|    ( QUESTION2_18_L -1 -2.389e+04 1.447e+02 9.536e+01
|        ( - -1.044e+03 1 0)
|        ( QUESTION3 -1 -2.270e+04 1.337e+02 9.036e+01
|            ( - -7.474e+02 1 0)
|            ( QUESTION14 -1 -2.182e+04 1.296e+02 8.736e+01
|                ( - -5.478e+02 1 0)
|                ( QUESTION2_7_L -1 -2.114e+04 1.143e+02 8.436e+01
|                    ( - -3.559e+03 4 0 QUESTION9 -1 1.100e+02 1.400e+01)
|                    ( QUESTION2_14_L -1 -1.747e+04 1.188e+02 7.036e+01
|                        ( - -3.409e+03 1 0)
|                        ( - -1.394e+04 6 0 QUESTION2_3_L -1 1.150e+02 5.637e+01))))))
|    ( QUESTION0 -1 -2.261e+03 1.227e+02 1.100e+01
|        ( - -1.811e+03 1 0)
|        ( - -3.275e+02 1 0)))
s>    ( QUESTION0 1 -2.633e+04 1.834e+02 1.064e+02
s>        ( QUESTION2_18_L -1 -2.389e+04 1.447e+02 9.536e+01
s>            ( - -1.044e+03 1 0)
s>            ( QUESTION3 -1 -2.270e+04 1.337e+02 9.036e+01
s>                ( - -7.474e+02 1 0)
s>                ( QUESTION14 -1 -2.182e+04 1.296e+02 8.736e+01
s>                    ( - -5.478e+02 1 0)
s>                    ( QUESTION2_7_L -1 -2.114e+04 1.143e+02 8.436e+01
s>                        ( - -3.559e+03 4 0 QUESTION9 -1 1.100e+02 1.400e+01)
s>                        ( QUESTION2_14_L -1 -1.747e+04 1.188e+02 7.036e+01
s>                            ( - -3.409e+03 1 0)
s>                            ( - -1.394e+04 6 0 QUESTION2_3_L -1 1.150e+02 5.637e+01))))))
s>        ( QUESTION0 -1 -2.261e+03 1.227e+02 1.100e+01
s>            ( - -1.811e+03 1 0)
s>            ( - -3.275e+02 1 0)))INFO: dtree.c(1315): Comp split 8
INFO: dtree.c(1439): stop. leaf nodes are specific
INFO: dtree.c(1478): Final simple tree
|( WDBNDRY_B 0 -1.054e+04 1.359e+02 4.480e+01
|    ( - -2.215e+03 1 0)
|    ( QUESTION0_0_R 1 -8.188e+03 1.336e+02 3.480e+01
|        ( - -5.310e+02 1 0)
|        ( QUESTION2_18_L -1 -7.523e+03 1.329e+02 3.180e+01
|            ( - -7.280e+02 1 0)
|            ( QUESTION3 -1 -6.662e+03 1.214e+02 2.780e+01
|                ( - -2.432e+03 1 0)
|                ( QUESTION0 -1 -4.109e+03 1.128e+02 1.703e+01
|                    ( - -3.298e+03 1 0)
|                    ( - -6.983e+02 1 0))))))
s>    ( WDBNDRY_B 0 -1.054e+04 1.359e+02 4.480e+01
s>        ( - -2.215e+03 1 0)
s>        ( QUESTION0_0_R 1 -8.188e+03 1.336e+02 3.480e+01
s>            ( - -5.310e+02 1 0)
s>            ( QUESTION2_18_L -1 -7.523e+03 1.329e+02 3.180e+01
s>                ( - -7.280e+02 1 0)
s>                ( QUESTION3 -1 -6.662e+03 1.214e+02 2.780e+01
s>                    ( - -2.432e+03 1 0)
s>                    ( QUESTION0 -1 -4.109e+03 1.128e+02 1.703e+01
s>                        ( - -3.298e+03 1 0)
s>                        ( - -6.983e+02 1 0))))))INFO: dtree.c(1315): Comp split 9
INFO: dtree.c(1478): Final simple tree
|( QUESTION3 -1 -2.270e+04 1.337e+02 9.036e+01
|    ( - -7.474e+02 1 0)
|    ( QUESTION14 -1 -2.182e+04 1.296e+02 8.736e+01
|        ( - -5.478e+02 1 0)
|        ( QUESTION2_7_L -1 -2.114e+04 1.143e+02 8.436e+01
|            ( QUESTION9 -1 -3.559e+03 1.100e+02 1.400e+01
|                ( - -5.990e+02 1 0)
|                ( QUESTION0 -1 -2.850e+03 1.114e+02 1.100e+01
|                    ( - -8.550e+02 1 0)
|                    ( - -1.884e+03 2 0 QUESTION2_8_L -1 1.699e+02 7.001e+00)))
|            ( QUESTION2_14_L -1 -1.747e+04 1.188e+02 7.036e+01
|                ( - -3.409e+03 1 0)
|                ( QUESTION2_3_L -1 -1.394e+04 1.150e+02 5.637e+01
|                    ( - -1.153e+03 1 0)
|                    ( - -1.267e+04 5 0 QUESTION8 -1 9.841e+01 5.137e+01))))))
s>    ( QUESTION3 -1 -2.270e+04 1.337e+02 9.036e+01
s>        ( - -7.474e+02 1 0)
s>        ( QUESTION14 -1 -2.182e+04 1.296e+02 8.736e+01
s>            ( - -5.478e+02 1 0)
s>            ( QUESTION2_7_L -1 -2.114e+04 1.143e+02 8.436e+01
s>                ( QUESTION9 -1 -3.559e+03 1.100e+02 1.400e+01
s>                    ( - -5.990e+02 1 0)
s>                    ( QUESTION0 -1 -2.850e+03 1.114e+02 1.100e+01
s>                        ( - -8.550e+02 1 0)
s>                        ( - -1.884e+03 2 0 QUESTION2_8_L -1 1.699e+02 7.001e+00)))
s>                ( QUESTION2_14_L -1 -1.747e+04 1.188e+02 7.036e+01
s>                    ( - -3.409e+03 1 0)
s>                    ( QUESTION2_3_L -1 -1.394e+04 1.150e+02 5.637e+01
s>                        ( - -1.153e+03 1 0)
s>                        ( - -1.267e+04 5 0 QUESTION8 -1 9.841e+01 5.137e+01))))))INFO: dtree.c(1439): stop. leaf nodes are specific
INFO: dtree.c(1478): Final simple tree
|( QUESTION0 1 -3.444e+03 1.388e+02 1.600e+01
|    ( - -1.044e+03 1 0)
|    ( QUESTION0 -1 -2.261e+03 1.227e+02 1.100e+01
|        ( - -1.811e+03 1 0)
|        ( - -3.275e+02 1 0)))
s>    ( QUESTION0 1 -3.444e+03 1.388e+02 1.600e+01
s>        ( - -1.044e+03 1 0)
s>        ( QUESTION0 -1 -2.261e+03 1.227e+02 1.100e+01
s>            ( - -1.811e+03 1 0)
s>            ( - -3.275e+02 1 0)))INFO: dtree.c(1315): Comp split 10
INFO: dtree.c(1439): stop. leaf nodes are specific
INFO: dtree.c(1478): Final simple tree
|( QUESTION0 -1 -5.649e+04 1.236e+02 2.404e+02
|    ( - -9.078e+03 1 0)
|    ( QUESTION2_14_L -1 -4.729e+04 1.035e+02 2.011e+02
|        ( - -2.835e+04 2 0)
|        ( - -1.883e+04 3 0)))
s>    ( QUESTION0 -1 -5.649e+04 1.236e+02 2.404e+02
s>        ( - -9.078e+03 1 0)
s>        ( QUESTION2_14_L -1 -4.729e+04 1.035e+02 2.011e+02
s>            ( - -2.835e+04 2 0)
s>            ( - -1.883e+04 3 0)))INFO: dtree.c(1315): Comp split 11
INFO: dtree.c(1439): stop. leaf nodes are specific
INFO: dtree.c(1478): Final simple tree
|( WDBNDRY_B 0 -3.032e+03 1.180e+02 1.300e+01
|    ( - -2.215e+03 1 0)
|    ( - -6.983e+02 1 0))
s>    ( WDBNDRY_B 0 -3.032e+03 1.180e+02 1.300e+01
s>        ( - -2.215e+03 1 0)
s>        ( - -6.983e+02 1 0))INFO: dtree.c(1439): stop. leaf nodes are specific
INFO: dtree.c(1478): Final simple tree
|( QUESTION0_0_R 1 -7.364e+03 1.288e+02 3.180e+01
|    ( - -5.310e+02 1 0)
|    ( QUESTION2_18_L -1 -6.704e+03 1.294e+02 2.880e+01
|        ( - -7.280e+02 1 0)
|        ( QUESTION2 -1 -5.846e+03 1.167e+02 2.480e+01
|            ( - -3.298e+03 1 0)
|            ( - -2.432e+03 1 0))))
s>    ( QUESTION0_0_R 1 -7.364e+03 1.288e+02 3.180e+01
s>        ( - -5.310e+02 1 0)
s>        ( QUESTION2_18_L -1 -6.704e+03 1.294e+02 2.880e+01
s>            ( - -7.280e+02 1 0)
s>            ( QUESTION2 -1 -5.846e+03 1.167e+02 2.480e+01
s>                ( - -3.298e+03 1 0)
s>                ( - -2.432e+03 1 0))))INFO: dtree.c(1315): Comp split 12
INFO: dtree.c(1439): stop. leaf nodes are specific
INFO: dtree.c(1478): Final simple tree
|( QUESTION1 -1 -3.845e+04 1.198e+02 1.606e+02
|    ( - -2.003e+04 1 0)
|    ( SILENCE -1 -1.831e+04 8.458e+01 7.337e+01
|        ( - -1.657e+04 1 0)
|        ( - -1.653e+03 1 0)))
s>    ( QUESTION1 -1 -3.845e+04 1.198e+02 1.606e+02
s>        ( - -2.003e+04 1 0)
s>        ( SILENCE -1 -1.831e+04 8.458e+01 7.337e+01
s>            ( - -1.657e+04 1 0)
s>            ( - -1.653e+03 1 0)))INFO: dtree.c(1439): stop. leaf nodes are specific
INFO: dtree.c(1478): Final simple tree
|( QUESTION0 -1 -1.444e+04 1.129e+02 6.115e+01
|    ( QUESTION1 -1 -1.351e+04 7.549e+01 5.815e+01
|        ( - -5.387e+03 1 0)
|        ( - -8.043e+03 1 0))
|    ( - -8.217e+02 1 0))
s>    ( QUESTION0 -1 -1.444e+04 1.129e+02 6.115e+01
s>        ( QUESTION1 -1 -1.351e+04 7.549e+01 5.815e+01
s>            ( - -5.387e+03 1 0)
s>            ( - -8.043e+03 1 0))
s>        ( - -8.217e+02 1 0))INFO: dtree.c(1315): Comp split 13
INFO: dtree.c(1439): stop. leaf nodes are specific
INFO: dtree.c(1478): Final simple tree
|( QUESTION0 -1 -2.261e+03 1.227e+02 1.100e+01
|    ( - -1.811e+03 1 0)
|    ( - -3.275e+02 1 0))
s>    ( QUESTION0 -1 -2.261e+03 1.227e+02 1.100e+01
s>        ( - -1.811e+03 1 0)
s>        ( - -3.275e+02 1 0))INFO: dtree.c(1315): Comp split 14
INFO: dtree.c(1478): Final simple tree
|( QUESTION2_7_L -1 -2.114e+04 1.143e+02 8.436e+01
|    ( QUESTION9 -1 -3.559e+03 1.100e+02 1.400e+01
|        ( - -5.990e+02 1 0)
|        ( QUESTION0 -1 -2.850e+03 1.114e+02 1.100e+01
|            ( - -8.550e+02 1 0)
|            ( QUESTION2_8_L -1 -1.884e+03 1.699e+02 7.001e+00
|                ( - -4.739e+02 1 0)
|                ( - -1.240e+03 1 0))))
|    ( QUESTION2_14_L -1 -1.747e+04 1.188e+02 7.036e+01
|        ( - -3.409e+03 1 0)
|        ( QUESTION2_3_L -1 -1.394e+04 1.150e+02 5.637e+01
|            ( - -1.153e+03 1 0)
|            ( QUESTION8 -1 -1.267e+04 9.841e+01 5.137e+01
|                ( - -2.095e+03 1 0)
|                ( - -1.048e+04 4 0 SILENCE -1 9.174e+01 4.337e+01)))))
s>    ( QUESTION2_7_L -1 -2.114e+04 1.143e+02 8.436e+01
s>        ( QUESTION9 -1 -3.559e+03 1.100e+02 1.400e+01
s>            ( - -5.990e+02 1 0)
s>            ( QUESTION0 -1 -2.850e+03 1.114e+02 1.100e+01
s>                ( - -8.550e+02 1 0)
s>                ( QUESTION2_8_L -1 -1.884e+03 1.699e+02 7.001e+00
s>                    ( - -4.739e+02 1 0)
s>                    ( - -1.240e+03 1 0))))
s>        ( QUESTION2_14_L -1 -1.747e+04 1.188e+02 7.036e+01
s>            ( - -3.409e+03 1 0)
s>            ( QUESTION2_3_L -1 -1.394e+04 1.150e+02 5.637e+01
s>                ( - -1.153e+03 1 0)
s>                ( QUESTION8 -1 -1.267e+04 9.841e+01 5.137e+01
s>                    ( - -2.095e+03 1 0)
s>                    ( - -1.048e+04 4 0 SILENCE -1 9.174e+01 4.337e+01)))))INFO: dtree.c(1439): stop. leaf nodes are specific
INFO: dtree.c(1478): Final simple tree
|( QUESTION1 -1 -1.421e+03 1.254e+02 6.000e+00
|    ( - -7.474e+02 1 0)
|    ( - -5.478e+02 1 0))
s>    ( QUESTION1 -1 -1.421e+03 1.254e+02 6.000e+00
s>        ( - -7.474e+02 1 0)
s>        ( - -5.478e+02 1 0))INFO: dtree.c(1315): Comp split 15
INFO: dtree.c(1478): Final simple tree
|( QUESTION2_3_L -1 -2.049e+04 1.134e+02 8.236e+01
|    ( - -1.153e+03 1 0)
|    ( QUESTION20 -1 -1.922e+04 1.143e+02 7.736e+01
|        ( QUESTION2_7_L -1 -7.234e+03 1.147e+02 2.801e+01
|            ( - -1.240e+03 1 0)
|            ( - -5.879e+03 3 0 QUESTION2_14_L -1 8.854e+01 2.301e+01))
|        ( QUESTION8 -1 -1.188e+04 1.112e+02 4.935e+01
|            ( QUESTION13 -1 -3.755e+03 1.084e+02 1.500e+01
|                ( - -5.990e+02 1 0)
|                ( QUESTION9 -1 -3.048e+03 9.773e+01 1.200e+01
|                    ( - -2.095e+03 1 0)
|                    ( - -8.550e+02 1 0)))
|            ( SILENCE -1 -8.009e+03 9.551e+01 3.435e+01
|                ( - -2.304e+03 1 0)
|                ( - -5.609e+03 1 0)))))
s>    ( QUESTION2_3_L -1 -2.049e+04 1.134e+02 8.236e+01
s>        ( - -1.153e+03 1 0)
s>        ( QUESTION20 -1 -1.922e+04 1.143e+02 7.736e+01
s>            ( QUESTION2_7_L -1 -7.234e+03 1.147e+02 2.801e+01
s>                ( - -1.240e+03 1 0)
s>                ( - -5.879e+03 3 0 QUESTION2_14_L -1 8.854e+01 2.301e+01))
s>            ( QUESTION8 -1 -1.188e+04 1.112e+02 4.935e+01
s>                ( QUESTION13 -1 -3.755e+03 1.084e+02 1.500e+01
s>                    ( - -5.990e+02 1 0)
s>                    ( QUESTION9 -1 -3.048e+03 9.773e+01 1.200e+01
s>                        ( - -2.095e+03 1 0)
s>                        ( - -8.550e+02 1 0)))
s>                ( SILENCE -1 -8.009e+03 9.551e+01 3.435e+01
s>                    ( - -2.304e+03 1 0)
s>                    ( - -5.609e+03 1 0)))))INFO: dtree.c(1315): Comp split 16
INFO: dtree.c(1315): Comp split 17
INFO: dtree.c(1439): stop. leaf nodes are specific
INFO: dtree.c(1478): Final simple tree
|( QUESTION0 -1 -9.269e+03 1.082e+02 3.935e+01
|    ( - -5.609e+03 1 0)
|    ( SILENCE -1 -3.551e+03 9.385e+01 1.516e+01
|        ( - -2.304e+03 1 0)
|        ( - -1.153e+03 1 0)))
s>    ( QUESTION0 -1 -9.269e+03 1.082e+02 3.935e+01
s>        ( - -5.609e+03 1 0)
s>        ( SILENCE -1 -3.551e+03 9.385e+01 1.516e+01
s>            ( - -2.304e+03 1 0)
s>            ( - -1.153e+03 1 0)))INFO: dtree.c(1439): stop. leaf nodes are specific
INFO: dtree.c(1478): Final simple tree
|( QUESTION13 -1 -1.109e+04 1.063e+02 4.301e+01
|    ( - -5.990e+02 1 0)
|    ( QUESTION2_12_L -1 -1.038e+04 1.102e+02 4.001e+01
|        ( - -1.240e+03 1 0)
|        ( QUESTION0 -1 -9.034e+03 1.067e+02 3.501e+01
|            ( QUESTION9 -1 -3.048e+03 9.773e+01 1.200e+01
|                ( - -2.095e+03 1 0)
|                ( - -8.550e+02 1 0))
|            ( QUESTION2_14_L -1 -5.879e+03 8.854e+01 2.301e+01
|                ( - -3.409e+03 1 0)
|                ( - -2.381e+03 2 0)))))
s>    ( QUESTION13 -1 -1.109e+04 1.063e+02 4.301e+01
s>        ( - -5.990e+02 1 0)
s>        ( QUESTION2_12_L -1 -1.038e+04 1.102e+02 4.001e+01
s>            ( - -1.240e+03 1 0)
s>            ( QUESTION0 -1 -9.034e+03 1.067e+02 3.501e+01
s>                ( QUESTION9 -1 -3.048e+03 9.773e+01 1.200e+01
s>                    ( - -2.095e+03 1 0)
s>                    ( - -8.550e+02 1 0))
s>                ( QUESTION2_14_L -1 -5.879e+03 8.854e+01 2.301e+01
s>                    ( - -3.409e+03 1 0)
s>                    ( - -2.381e+03 2 0)))))INFO: dtree.c(1315): Comp split 18
INFO: dtree.c(1439): stop. leaf nodes are specific
INFO: dtree.c(1478): Final simple tree
|( QUESTION2_18_L -1 -6.704e+03 1.294e+02 2.880e+01
|    ( - -7.280e+02 1 0)
|    ( QUESTION2 -1 -5.846e+03 1.167e+02 2.480e+01
|        ( - -3.298e+03 1 0)
|        ( - -2.432e+03 1 0)))
s>    ( QUESTION2_18_L -1 -6.704e+03 1.294e+02 2.880e+01
s>        ( - -7.280e+02 1 0)
s>        ( QUESTION2 -1 -5.846e+03 1.167e+02 2.480e+01
s>            ( - -3.298e+03 1 0)
s>            ( - -2.432e+03 1 0)))INFO: dtree.c(1315): Comp split 19
INFO: dtree.c(1439): stop. leaf nodes are specific
INFO: dtree.c(1478): Final simple tree
|( QUESTION2 -1 -5.846e+03 1.167e+02 2.480e+01
|    ( - -3.298e+03 1 0)
|    ( - -2.432e+03 1 0))
s>    ( QUESTION2 -1 -5.846e+03 1.167e+02 2.480e+01
s>        ( - -3.298e+03 1 0)
s>        ( - -2.432e+03 1 0))INFO: dtree.c(1315): Comp split 20
INFO: dtree.c(1315): Comp split 21
INFO: dtree.c(1439): stop. leaf nodes are specific
INFO: dtree.c(1478): Final simple tree
|( QUESTION2_14_L -1 -4.729e+04 1.035e+02 2.011e+02
|    ( - -2.835e+04 2 0)
|    ( - -1.883e+04 3 0))
s>    ( QUESTION2_14_L -1 -4.729e+04 1.035e+02 2.011e+02
s>        ( - -2.835e+04 2 0)
s>        ( - -1.883e+04 3 0))INFO: dtree.c(1315): Comp split 22
INFO: dtree.c(1315): Comp split 23
INFO: dtree.c(1439): stop. leaf nodes are specific
INFO: dtree.c(1478): Final simple tree
|( SILENCE -1 -1.831e+04 8.458e+01 7.337e+01
|    ( - -1.657e+04 1 0)
|    ( - -1.653e+03 1 0))
s>    ( SILENCE -1 -1.831e+04 8.458e+01 7.337e+01
s>        ( - -1.657e+04 1 0)
s>        ( - -1.653e+03 1 0))INFO: dtree.c(1315): Comp split 24
INFO: dtree.c(1315): Comp split 25
INFO: dtree.c(1315): Comp split 26
INFO: dtree.c(1439): stop. leaf nodes are specific
INFO: dtree.c(1478): Final simple tree
|( QUESTION1 -1 -1.351e+04 7.549e+01 5.815e+01
|    ( - -5.387e+03 1 0)
|    ( - -8.043e+03 1 0))
s>    ( QUESTION1 -1 -1.351e+04 7.549e+01 5.815e+01
s>        ( - -5.387e+03 1 0)
s>        ( - -8.043e+03 1 0))INFO: dtree.c(1315): Comp split 27
INFO: dtree.c(1439): stop. leaf nodes are specific
INFO: dtree.c(1478): Final simple tree
|( QUESTION0 -1 -4.109e+03 1.005e+02 1.700e+01
|    ( - -5.990e+02 1 0)
|    ( - -3.409e+03 1 0))
s>    ( QUESTION0 -1 -4.109e+03 1.005e+02 1.700e+01
s>        ( - -5.990e+02 1 0)
s>        ( - -3.409e+03 1 0))INFO: dtree.c(1439): stop. leaf nodes are specific
INFO: dtree.c(1478): Final simple tree
|( QUESTION2_12_L -1 -6.868e+03 1.051e+02 2.602e+01
|    ( - -1.240e+03 1 0)
|    ( QUESTION16 -1 -5.523e+03 9.796e+01 2.102e+01
|        ( - -8.550e+02 1 0)
|        ( QUESTION0 -1 -4.570e+03 9.389e+01 1.702e+01
|            ( - -2.095e+03 1 0)
|            ( - -2.381e+03 2 0))))
s>    ( QUESTION2_12_L -1 -6.868e+03 1.051e+02 2.602e+01
s>        ( - -1.240e+03 1 0)
s>        ( QUESTION16 -1 -5.523e+03 9.796e+01 2.102e+01
s>            ( - -8.550e+02 1 0)
s>            ( QUESTION0 -1 -4.570e+03 9.389e+01 1.702e+01
s>                ( - -2.095e+03 1 0)
s>                ( - -2.381e+03 2 0))))INFO: dtree.c(1315): Comp split 28
INFO: dtree.c(1439): stop. leaf nodes are specific
INFO: dtree.c(1478): Final simple tree
|( SILENCE -1 -3.551e+03 9.385e+01 1.516e+01
|    ( - -2.304e+03 1 0)
|    ( - -1.153e+03 1 0))
s>    ( SILENCE -1 -3.551e+03 9.385e+01 1.516e+01
s>        ( - -2.304e+03 1 0)
s>        ( - -1.153e+03 1 0))INFO: dtree.c(1315): Comp split 29
INFO: dtree.c(1439): stop. leaf nodes are specific
INFO: dtree.c(1478): Final simple tree
|( QUESTION16 -1 -5.523e+03 9.796e+01 2.102e+01
|    ( - -8.550e+02 1 0)
|    ( QUESTION0 -1 -4.570e+03 9.389e+01 1.702e+01
|        ( - -2.095e+03 1 0)
|        ( - -2.381e+03 2 0)))
s>    ( QUESTION16 -1 -5.523e+03 9.796e+01 2.102e+01
s>        ( - -8.550e+02 1 0)
s>        ( QUESTION0 -1 -4.570e+03 9.389e+01 1.702e+01
s>            ( - -2.095e+03 1 0)
s>            ( - -2.381e+03 2 0)))INFO: dtree.c(1315): Comp split 30
INFO: dtree.c(1315): Comp split 31
INFO: dtree.c(1315): Comp split 32
INFO: dtree.c(1439): stop. leaf nodes are specific
INFO: dtree.c(1478): Final simple tree
|( QUESTION0 -1 -4.570e+03 9.389e+01 1.702e+01
|    ( - -2.095e+03 1 0)
|    ( - -2.381e+03 2 0))
s>    ( QUESTION0 -1 -4.570e+03 9.389e+01 1.702e+01
s>        ( - -2.095e+03 1 0)
s>        ( - -2.381e+03 2 0))INFO: dtree.c(1315): Comp split 33
INFO: dtree.c(1315): Comp split 34
INFO: dtree.c(1315): Comp split 35
INFO: dtree.c(1315): Comp split 36
INFO: dtree.c(1315): Comp split 37
INFO: dtree.c(1318): stop. leaf nodes are specific
Wed Dec 20 23:52:24 2017
