Current configuration:
[NAME]		[DEFLT]	[VALUE]
-allphones	no	no
-cntthresh	0.00001	1.000000e-05
-csplitmax	100	2000
-csplitmin	1	1
-csplitthr	8e-4	0.000000e+00
-example	no	no
-fullvar	no	no
-help		no	no
-meanfn			/home/alex/repos/speech/an4/model_parameters/an4.cd_cont_untied/means
-mixwfn			/home/alex/repos/speech/an4/model_parameters/an4.cd_cont_untied/mixture_weights
-moddeffn		/home/alex/repos/speech/an4/model_architecture/an4.untied.mdef
-mwfloor	1e-4	1.000000e-08
-phone			AA
-psetfn			/home/alex/repos/speech/an4/model_architecture/an4.tree_questions
-ssplitmax	5	7
-ssplitmin	1	1
-ssplitthr	8e-4	0.000000e+00
-state			1
-stwt			1.0,0.05,0.0,
-treefn			/home/alex/repos/speech/an4/trees/an4.unpruned/AA-1.dtree
-ts2cbfn	.semi.	.cont.
-varfloor	0.00001	1.000000e-05
-varfn			/home/alex/repos/speech/an4/model_parameters/an4.cd_cont_untied/variances

INFO: main.c(223): Reading: /home/alex/repos/speech/an4/model_architecture/an4.untied.mdef
INFO: model_def_io.c(573): Model definition info:
INFO: model_def_io.c(574): 1618 total models defined (34 base, 1584 tri)
INFO: model_def_io.c(575): 6472 total states
INFO: model_def_io.c(576): 4854 total tied states
INFO: model_def_io.c(577): 102 total tied CI states
INFO: model_def_io.c(578): 34 total tied transition matrices
INFO: model_def_io.c(579): 4 max state/model
INFO: model_def_io.c(580): 4 min state/model
INFO: main.c(242): Building trees for [AA AH R b] through [AA UW R b]
INFO: main.c(269): Covering states |[102 161]| == 60
INFO: main.c(275): Reading: /home/alex/repos/speech/an4/model_parameters/an4.cd_cont_untied/mixture_weights
INFO: s3mixw_io.c(173): Read /home/alex/repos/speech/an4/model_parameters/an4.cd_cont_untied/mixture_weights [60x1x1 array]
INFO: main.c(311): 20 of 20 models have observation count greater than 0.000010
INFO: main.c(95): nrm stwt: 0.045 0.909 0.045 
INFO: s3gau_io.c(169): Read /home/alex/repos/speech/an4/model_parameters/an4.cd_cont_untied/means [4854x1x1 array]
INFO: s3gau_io.c(169): Read /home/alex/repos/speech/an4/model_parameters/an4.cd_cont_untied/variances [4854x1x1 array]
INFO: main.c(549): Reading: /home/alex/repos/speech/an4/model_architecture/an4.tree_questions
INFO: main.c(588): 180 total simple questions (172 phone; 8 word bndry)
INFO: main.c(590): 42 Left Only questions, and 42 Right Only questions
INFO: dtree.c(1478): Final simple tree
|( QUESTION2_20_L -1 -3.322e+05 9.811e+02 1.446e+03
|    ( - -1.016e+05 5 0 WDBNDRY_B 0 1.858e+02 4.508e+02)
|    ( WDBNDRY_B 0 -2.296e+05 9.252e+02 9.954e+02
|        ( SILENCE -1 -2.045e+05 5.369e+02 8.834e+02
|            ( - -2.830e+04 3 0 QUESTION0_0_R 1 1.955e+02 1.192e+02)
|            ( QUESTION2_14_L -1 -1.757e+05 4.221e+02 7.641e+02
|                ( - -7.976e+04 2 0)
|                ( QUESTION2_0_L -1 -9.547e+04 3.464e+02 4.189e+02
|                    ( - -6.783e+04 2 0 QUESTION0 -1 2.081e+02 2.991e+02)
|                    ( QUESTION14 -1 -2.730e+04 2.611e+02 1.197e+02
|                        ( - -3.617e+03 1 0)
|                        ( - -2.342e+04 4 0 QUESTION0 -1 2.368e+02 1.010e+02)))))
|        ( QUESTION0_0_R 1 -2.418e+04 3.069e+02 1.121e+02
|            ( - -1.603e+04 2 0 QUESTION0_1_R 1 2.091e+02 7.520e+01)
|            ( - -7.842e+03 1 0))))
s>    ( QUESTION2_20_L -1 -3.322e+05 9.811e+02 1.446e+03
s>        ( - -1.016e+05 5 0 WDBNDRY_B 0 1.858e+02 4.508e+02)
s>        ( WDBNDRY_B 0 -2.296e+05 9.252e+02 9.954e+02
s>            ( SILENCE -1 -2.045e+05 5.369e+02 8.834e+02
s>                ( - -2.830e+04 3 0 QUESTION0_0_R 1 1.955e+02 1.192e+02)
s>                ( QUESTION2_14_L -1 -1.757e+05 4.221e+02 7.641e+02
s>                    ( - -7.976e+04 2 0)
s>                    ( QUESTION2_0_L -1 -9.547e+04 3.464e+02 4.189e+02
s>                        ( - -6.783e+04 2 0 QUESTION0 -1 2.081e+02 2.991e+02)
s>                        ( QUESTION14 -1 -2.730e+04 2.611e+02 1.197e+02
s>                            ( - -3.617e+03 1 0)
s>                            ( - -2.342e+04 4 0 QUESTION0 -1 2.368e+02 1.010e+02)))))
s>            ( QUESTION0_0_R 1 -2.418e+04 3.069e+02 1.121e+02
s>                ( - -1.603e+04 2 0 QUESTION0_1_R 1 2.091e+02 7.520e+01)
s>                ( - -7.842e+03 1 0))))INFO: dtree.c(1315): Comp split 0
INFO: dtree.c(1439): stop. leaf nodes are specific
INFO: dtree.c(1478): Final simple tree
|( WDBNDRY_B 0 -1.730e+05 8.719e+02 7.565e+02
|    ( QUESTION2_0_L -1 -1.479e+05 3.566e+02 6.444e+02
|        ( QUESTION0 -1 -6.783e+04 2.081e+02 2.991e+02
|            ( - -6.206e+04 1 0)
|            ( - -5.561e+03 1 0))
|        ( - -7.976e+04 2 0))
|    ( QUESTION0_0_R 1 -2.418e+04 3.069e+02 1.121e+02
|        ( QUESTION0_1_R 1 -1.603e+04 2.091e+02 7.520e+01
|            ( - -6.943e+02 1 0)
|            ( - -1.513e+04 1 0))
|        ( - -7.842e+03 1 0)))
s>    ( WDBNDRY_B 0 -1.730e+05 8.719e+02 7.565e+02
s>        ( QUESTION2_0_L -1 -1.479e+05 3.566e+02 6.444e+02
s>            ( QUESTION0 -1 -6.783e+04 2.081e+02 2.991e+02
s>                ( - -6.206e+04 1 0)
s>                ( - -5.561e+03 1 0))
s>            ( - -7.976e+04 2 0))
s>        ( QUESTION0_0_R 1 -2.418e+04 3.069e+02 1.121e+02
s>            ( QUESTION0_1_R 1 -1.603e+04 2.091e+02 7.520e+01
s>                ( - -6.943e+02 1 0)
s>                ( - -1.513e+04 1 0))
s>            ( - -7.842e+03 1 0)))INFO: dtree.c(1478): Final simple tree
|( QUESTION2_20_L -1 -1.580e+05 5.361e+02 6.898e+02
|    ( WDBNDRY_B 0 -1.016e+05 1.858e+02 4.508e+02
|        ( - -9.877e+04 4 0 QUESTION0 -1 1.752e+02 4.380e+02)
|        ( - -2.684e+03 1 0))
|    ( QUESTION14 -1 -5.586e+04 2.783e+02 2.389e+02
|        ( - -3.617e+03 1 0)
|        ( SILENCE -1 -5.196e+04 2.425e+02 2.202e+02
|            ( QUESTION0_0_R 1 -2.830e+04 1.955e+02 1.192e+02
|                ( - -4.948e+03 1 0)
|                ( - -2.316e+04 2 0 QUESTION0_14_R 1 1.308e+02 9.600e+01))
|            ( QUESTION0 -1 -2.342e+04 2.368e+02 1.010e+02
|                ( - -1.102e+04 2 0 QUESTION1 -1 1.730e+02 4.662e+01)
|                ( QUESTION2_8_L -1 -1.217e+04 1.900e+02 5.437e+01
|                    ( - -9.575e+03 1 0)
|                    ( - -2.401e+03 1 0))))))
s>    ( QUESTION2_20_L -1 -1.580e+05 5.361e+02 6.898e+02
s>        ( WDBNDRY_B 0 -1.016e+05 1.858e+02 4.508e+02
s>            ( - -9.877e+04 4 0 QUESTION0 -1 1.752e+02 4.380e+02)
s>            ( - -2.684e+03 1 0))
s>        ( QUESTION14 -1 -5.586e+04 2.783e+02 2.389e+02
s>            ( - -3.617e+03 1 0)
s>            ( SILENCE -1 -5.196e+04 2.425e+02 2.202e+02
s>                ( QUESTION0_0_R 1 -2.830e+04 1.955e+02 1.192e+02
s>                    ( - -4.948e+03 1 0)
s>                    ( - -2.316e+04 2 0 QUESTION0_14_R 1 1.308e+02 9.600e+01))
s>                ( QUESTION0 -1 -2.342e+04 2.368e+02 1.010e+02
s>                    ( - -1.102e+04 2 0 QUESTION1 -1 1.730e+02 4.662e+01)
s>                    ( QUESTION2_8_L -1 -1.217e+04 1.900e+02 5.437e+01
s>                        ( - -9.575e+03 1 0)
s>                        ( - -2.401e+03 1 0))))))INFO: dtree.c(1315): Comp split 1
INFO: dtree.c(1439): stop. leaf nodes are specific
INFO: dtree.c(1478): Final simple tree
|( QUESTION2_13_L -1 -1.488e+05 3.593e+02 6.484e+02
|    ( - -7.976e+04 2 0)
|    ( QUESTION0 -1 -6.867e+04 2.072e+02 3.031e+02
|        ( WDBNDRY_B 0 -6.290e+04 1.490e+02 2.767e+02
|            ( - -6.206e+04 1 0)
|            ( - -6.943e+02 1 0))
|        ( - -5.561e+03 1 0)))
s>    ( QUESTION2_13_L -1 -1.488e+05 3.593e+02 6.484e+02
s>        ( - -7.976e+04 2 0)
s>        ( QUESTION0 -1 -6.867e+04 2.072e+02 3.031e+02
s>            ( WDBNDRY_B 0 -6.290e+04 1.490e+02 2.767e+02
s>                ( - -6.206e+04 1 0)
s>                ( - -6.943e+02 1 0))
s>            ( - -5.561e+03 1 0)))INFO: dtree.c(1439): stop. leaf nodes are specific
INFO: dtree.c(1478): Final simple tree
|( QUESTION0_0_R 1 -2.328e+04 3.140e+02 1.081e+02
|    ( - -1.513e+04 1 0)
|    ( - -7.842e+03 1 0))
s>    ( QUESTION0_0_R 1 -2.328e+04 3.140e+02 1.081e+02
s>        ( - -1.513e+04 1 0)
s>        ( - -7.842e+03 1 0))INFO: dtree.c(1315): Comp split 2
INFO: dtree.c(1439): stop. leaf nodes are specific
INFO: dtree.c(1478): Final simple tree
|( QUESTION2_7_L -1 -1.125e+05 2.911e+02 5.020e+02
|    ( QUESTION0 -1 -1.340e+04 2.068e+02 6.397e+01
|        ( - -3.617e+03 1 0)
|        ( - -9.575e+03 1 0))
|    ( QUESTION0 -1 -9.877e+04 1.752e+02 4.380e+02
|        ( - -3.096e+03 1 0)
|        ( - -9.550e+04 3 0)))
s>    ( QUESTION2_7_L -1 -1.125e+05 2.911e+02 5.020e+02
s>        ( QUESTION0 -1 -1.340e+04 2.068e+02 6.397e+01
s>            ( - -3.617e+03 1 0)
s>            ( - -9.575e+03 1 0))
s>        ( QUESTION0 -1 -9.877e+04 1.752e+02 4.380e+02
s>            ( - -3.096e+03 1 0)
s>            ( - -9.550e+04 3 0)))INFO: dtree.c(1439): stop. leaf nodes are specific
INFO: dtree.c(1478): Final simple tree
|( QUESTION0 -1 -4.501e+04 2.266e+02 1.878e+02
|    ( WDBNDRY_B 0 -1.389e+04 1.880e+02 5.942e+01
|        ( QUESTION1 -1 -1.102e+04 1.730e+02 4.662e+01
|            ( - -6.574e+03 1 0)
|            ( - -4.272e+03 1 0))
|        ( - -2.684e+03 1 0))
|    ( QUESTION0_0_R 1 -3.090e+04 2.002e+02 1.284e+02
|        ( - -4.948e+03 1 0)
|        ( SILENCE -1 -2.575e+04 1.925e+02 1.052e+02
|            ( QUESTION0_14_R 1 -2.316e+04 1.308e+02 9.600e+01
|                ( - -1.252e+03 1 0)
|                ( - -2.177e+04 1 0))
|            ( - -2.401e+03 1 0))))
s>    ( QUESTION0 -1 -4.501e+04 2.266e+02 1.878e+02
s>        ( WDBNDRY_B 0 -1.389e+04 1.880e+02 5.942e+01
s>            ( QUESTION1 -1 -1.102e+04 1.730e+02 4.662e+01
s>                ( - -6.574e+03 1 0)
s>                ( - -4.272e+03 1 0))
s>            ( - -2.684e+03 1 0))
s>        ( QUESTION0_0_R 1 -3.090e+04 2.002e+02 1.284e+02
s>            ( - -4.948e+03 1 0)
s>            ( SILENCE -1 -2.575e+04 1.925e+02 1.052e+02
s>                ( QUESTION0_14_R 1 -2.316e+04 1.308e+02 9.600e+01
s>                    ( - -1.252e+03 1 0)
s>                    ( - -2.177e+04 1 0))
s>                ( - -2.401e+03 1 0))))INFO: dtree.c(1315): Comp split 3
INFO: dtree.c(1439): stop. leaf nodes are specific
INFO: dtree.c(1478): Final simple tree
|( QUESTION0 -1 -6.867e+04 2.072e+02 3.031e+02
|    ( WDBNDRY_B 0 -6.290e+04 1.490e+02 2.767e+02
|        ( - -6.206e+04 1 0)
|        ( - -6.943e+02 1 0))
|    ( - -5.561e+03 1 0))
s>    ( QUESTION0 -1 -6.867e+04 2.072e+02 3.031e+02
s>        ( WDBNDRY_B 0 -6.290e+04 1.490e+02 2.767e+02
s>            ( - -6.206e+04 1 0)
s>            ( - -6.943e+02 1 0))
s>        ( - -5.561e+03 1 0))INFO: dtree.c(1315): Comp split 4
INFO: dtree.c(1315): Comp split 5
INFO: dtree.c(1439): stop. leaf nodes are specific
INFO: dtree.c(1478): Final simple tree
|( QUESTION0 -1 -9.877e+04 1.752e+02 4.380e+02
|    ( - -3.096e+03 1 0)
|    ( - -9.550e+04 3 0))
s>    ( QUESTION0 -1 -9.877e+04 1.752e+02 4.380e+02
s>        ( - -3.096e+03 1 0)
s>        ( - -9.550e+04 3 0))INFO: dtree.c(1439): stop. leaf nodes are specific
INFO: dtree.c(1478): Final simple tree
|( QUESTION0 -1 -1.340e+04 2.068e+02 6.397e+01
|    ( - -3.617e+03 1 0)
|    ( - -9.575e+03 1 0))
s>    ( QUESTION0 -1 -1.340e+04 2.068e+02 6.397e+01
s>        ( - -3.617e+03 1 0)
s>        ( - -9.575e+03 1 0))INFO: dtree.c(1315): Comp split 6
INFO: dtree.c(1439): stop. leaf nodes are specific
INFO: dtree.c(1478): Final simple tree
|( QUESTION20 -1 -1.500e+04 2.001e+02 6.177e+01
|    ( - -2.401e+03 1 0)
|    ( QUESTION8 -1 -1.239e+04 1.690e+02 5.262e+01
|        ( - -4.272e+03 1 0)
|        ( SILENCE -1 -7.953e+03 1.273e+02 3.465e+01
|            ( - -1.252e+03 1 0)
|            ( - -6.574e+03 1 0))))
s>    ( QUESTION20 -1 -1.500e+04 2.001e+02 6.177e+01
s>        ( - -2.401e+03 1 0)
s>        ( QUESTION8 -1 -1.239e+04 1.690e+02 5.262e+01
s>            ( - -4.272e+03 1 0)
s>            ( SILENCE -1 -7.953e+03 1.273e+02 3.465e+01
s>                ( - -1.252e+03 1 0)
s>                ( - -6.574e+03 1 0))))INFO: dtree.c(1439): stop. leaf nodes are specific
INFO: dtree.c(1478): Final simple tree
|( QUESTION0_0_R 1 -2.978e+04 1.976e+02 1.260e+02
|    ( - -4.948e+03 1 0)
|    ( WDBNDRY_B 0 -2.464e+04 1.791e+02 1.028e+02
|        ( - -2.177e+04 1 0)
|        ( - -2.684e+03 1 0)))
s>    ( QUESTION0_0_R 1 -2.978e+04 1.976e+02 1.260e+02
s>        ( - -4.948e+03 1 0)
s>        ( WDBNDRY_B 0 -2.464e+04 1.791e+02 1.028e+02
s>            ( - -2.177e+04 1 0)
s>            ( - -2.684e+03 1 0)))INFO: dtree.c(1315): Comp split 7
INFO: dtree.c(1439): stop. leaf nodes are specific
INFO: dtree.c(1478): Final simple tree
|( WDBNDRY_B 0 -6.290e+04 1.490e+02 2.767e+02
|    ( - -6.206e+04 1 0)
|    ( - -6.943e+02 1 0))
s>    ( WDBNDRY_B 0 -6.290e+04 1.490e+02 2.767e+02
s>        ( - -6.206e+04 1 0)
s>        ( - -6.943e+02 1 0))INFO: dtree.c(1315): Comp split 8
INFO: dtree.c(1315): Comp split 9
INFO: dtree.c(1439): stop. leaf nodes are specific
INFO: dtree.c(1478): Final simple tree
|( QUESTION8 -1 -1.239e+04 1.690e+02 5.262e+01
|    ( - -4.272e+03 1 0)
|    ( SILENCE -1 -7.953e+03 1.273e+02 3.465e+01
|        ( - -1.252e+03 1 0)
|        ( - -6.574e+03 1 0)))
s>    ( QUESTION8 -1 -1.239e+04 1.690e+02 5.262e+01
s>        ( - -4.272e+03 1 0)
s>        ( SILENCE -1 -7.953e+03 1.273e+02 3.465e+01
s>            ( - -1.252e+03 1 0)
s>            ( - -6.574e+03 1 0)))INFO: dtree.c(1315): Comp split 10
INFO: dtree.c(1439): stop. leaf nodes are specific
INFO: dtree.c(1478): Final simple tree
|( WDBNDRY_B 0 -2.464e+04 1.791e+02 1.028e+02
|    ( - -2.177e+04 1 0)
|    ( - -2.684e+03 1 0))
s>    ( WDBNDRY_B 0 -2.464e+04 1.791e+02 1.028e+02
s>        ( - -2.177e+04 1 0)
s>        ( - -2.684e+03 1 0))INFO: dtree.c(1315): Comp split 11
INFO: dtree.c(1315): Comp split 12
INFO: dtree.c(1315): Comp split 13
INFO: dtree.c(1439): stop. leaf nodes are specific
INFO: dtree.c(1478): Final simple tree
|( SILENCE -1 -7.953e+03 1.273e+02 3.465e+01
|    ( - -1.252e+03 1 0)
|    ( - -6.574e+03 1 0))
s>    ( SILENCE -1 -7.953e+03 1.273e+02 3.465e+01
s>        ( - -1.252e+03 1 0)
s>        ( - -6.574e+03 1 0))INFO: dtree.c(1315): Comp split 14
INFO: dtree.c(1315): Comp split 15
INFO: dtree.c(1315): Comp split 16
INFO: dtree.c(1318): stop. leaf nodes are specific
Wed Dec 20 23:52:13 2017
