Current configuration:
[NAME]		[DEFLT]	[VALUE]
-allphones	no	no
-cntthresh	0.00001	1.000000e-05
-csplitmax	100	2000
-csplitmin	1	1
-csplitthr	8e-4	0.000000e+00
-example	no	no
-fullvar	no	no
-help		no	no
-meanfn			/home/alex/repos/speech/an4/model_parameters/an4.cd_cont_untied/means
-mixwfn			/home/alex/repos/speech/an4/model_parameters/an4.cd_cont_untied/mixture_weights
-moddeffn		/home/alex/repos/speech/an4/model_architecture/an4.untied.mdef
-mwfloor	1e-4	1.000000e-08
-phone			Z
-psetfn			/home/alex/repos/speech/an4/model_architecture/an4.tree_questions
-ssplitmax	5	7
-ssplitmin	1	1
-ssplitthr	8e-4	0.000000e+00
-state			0
-stwt			1.0,0.05,0.0,
-treefn			/home/alex/repos/speech/an4/trees/an4.unpruned/Z-0.dtree
-ts2cbfn	.semi.	.cont.
-varfloor	0.00001	1.000000e-05
-varfn			/home/alex/repos/speech/an4/model_parameters/an4.cd_cont_untied/variances

INFO: main.c(223): Reading: /home/alex/repos/speech/an4/model_architecture/an4.untied.mdef
INFO: model_def_io.c(573): Model definition info:
INFO: model_def_io.c(574): 1618 total models defined (34 base, 1584 tri)
INFO: model_def_io.c(575): 6472 total states
INFO: model_def_io.c(576): 4854 total tied states
INFO: model_def_io.c(577): 102 total tied CI states
INFO: model_def_io.c(578): 34 total tied transition matrices
INFO: model_def_io.c(579): 4 max state/model
INFO: model_def_io.c(580): 4 min state/model
INFO: main.c(242): Building trees for [Z AH IY b] through [Z V IH b]
INFO: main.c(269): Covering states |[4779 4853]| == 75
INFO: main.c(275): Reading: /home/alex/repos/speech/an4/model_parameters/an4.cd_cont_untied/mixture_weights
INFO: s3mixw_io.c(173): Read /home/alex/repos/speech/an4/model_parameters/an4.cd_cont_untied/mixture_weights [75x1x1 array]
INFO: main.c(311): 25 of 25 models have observation count greater than 0.000010
INFO: main.c(95): nrm stwt: 0.952 0.048 0.000 
INFO: s3gau_io.c(169): Read /home/alex/repos/speech/an4/model_parameters/an4.cd_cont_untied/means [4854x1x1 array]
INFO: s3gau_io.c(169): Read /home/alex/repos/speech/an4/model_parameters/an4.cd_cont_untied/variances [4854x1x1 array]
INFO: main.c(549): Reading: /home/alex/repos/speech/an4/model_architecture/an4.tree_questions
INFO: main.c(588): 180 total simple questions (172 phone; 8 word bndry)
INFO: main.c(590): 42 Left Only questions, and 42 Right Only questions
INFO: dtree.c(1478): Final simple tree
|( WDBNDRY_B 0 -1.270e+05 6.928e+02 5.906e+02
|    ( QUESTION2_20_L -1 -1.225e+05 5.435e+02 5.731e+02
|        ( QUESTION0 -1 -5.338e+04 3.837e+02 2.559e+02
|            ( QUESTION0 1 -2.228e+04 2.685e+02 1.095e+02
|                ( - -1.838e+04 1 0)
|                ( - -3.637e+03 1 0))
|            ( - -3.072e+04 6 0 QUESTION0 1 1.676e+02 1.464e+02))
|        ( QUESTION2_12_L -1 -6.862e+04 4.621e+02 3.172e+02
|            ( - -3.787e+04 5 0 QUESTION0 -1 1.798e+02 1.820e+02)
|            ( QUESTION6 -1 -3.029e+04 4.574e+02 1.351e+02
|                ( - 1.740e+02 1 0)
|                ( QUESTION2_0_L -1 -3.001e+04 2.406e+02 1.341e+02
|                    ( - -4.202e+03 2 0 QUESTION0 -1 2.315e+02 2.001e+01)
|                    ( - -2.556e+04 8 0 SILENCE -1 2.238e+02 1.141e+02)))))
|    ( - -3.747e+03 1 0))
s>    ( WDBNDRY_B 0 -1.270e+05 6.928e+02 5.906e+02
s>        ( QUESTION2_20_L -1 -1.225e+05 5.435e+02 5.731e+02
s>            ( QUESTION0 -1 -5.338e+04 3.837e+02 2.559e+02
s>                ( QUESTION0 1 -2.228e+04 2.685e+02 1.095e+02
s>                    ( - -1.838e+04 1 0)
s>                    ( - -3.637e+03 1 0))
s>                ( - -3.072e+04 6 0 QUESTION0 1 1.676e+02 1.464e+02))
s>            ( QUESTION2_12_L -1 -6.862e+04 4.621e+02 3.172e+02
s>                ( - -3.787e+04 5 0 QUESTION0 -1 1.798e+02 1.820e+02)
s>                ( QUESTION6 -1 -3.029e+04 4.574e+02 1.351e+02
s>                    ( - 1.740e+02 1 0)
s>                    ( QUESTION2_0_L -1 -3.001e+04 2.406e+02 1.341e+02
s>                        ( - -4.202e+03 2 0 QUESTION0 -1 2.315e+02 2.001e+01)
s>                        ( - -2.556e+04 8 0 SILENCE -1 2.238e+02 1.141e+02)))))
s>        ( - -3.747e+03 1 0))INFO: dtree.c(1315): Comp split 0
INFO: dtree.c(1478): Final simple tree
|( WDBNDRY_B 0 -3.455e+04 5.102e+02 1.526e+02
|    ( QUESTION6 -1 -3.029e+04 4.574e+02 1.351e+02
|        ( - 1.740e+02 1 0)
|        ( QUESTION2_0_L -1 -3.001e+04 2.406e+02 1.341e+02
|            ( QUESTION0 -1 -4.202e+03 2.315e+02 2.001e+01
|                ( - -3.046e+02 1 0)
|                ( - -3.666e+03 1 0))
|            ( SILENCE -1 -2.556e+04 2.238e+02 1.141e+02
|                ( - -5.286e+03 1 0)
|                ( QUESTION1 -1 -2.005e+04 1.501e+02 8.931e+01
|                    ( QUESTION0 1 -6.909e+02 4.649e+02 3.000e+00
|                        ( - 2.062e+02 1 0)
|                        ( - -4.322e+02 1 0))
|                    ( - -1.921e+04 5 0 QUESTION0 1 1.202e+02 8.631e+01)))))
|    ( - -3.747e+03 1 0))
s>    ( WDBNDRY_B 0 -3.455e+04 5.102e+02 1.526e+02
s>        ( QUESTION6 -1 -3.029e+04 4.574e+02 1.351e+02
s>            ( - 1.740e+02 1 0)
s>            ( QUESTION2_0_L -1 -3.001e+04 2.406e+02 1.341e+02
s>                ( QUESTION0 -1 -4.202e+03 2.315e+02 2.001e+01
s>                    ( - -3.046e+02 1 0)
s>                    ( - -3.666e+03 1 0))
s>                ( SILENCE -1 -2.556e+04 2.238e+02 1.141e+02
s>                    ( - -5.286e+03 1 0)
s>                    ( QUESTION1 -1 -2.005e+04 1.501e+02 8.931e+01
s>                        ( QUESTION0 1 -6.909e+02 4.649e+02 3.000e+00
s>                            ( - 2.062e+02 1 0)
s>                            ( - -4.322e+02 1 0))
s>                        ( - -1.921e+04 5 0 QUESTION0 1 1.202e+02 8.631e+01)))))
s>        ( - -3.747e+03 1 0))INFO: dtree.c(1478): Final simple tree
|( QUESTION2_7_L -1 -9.163e+04 3.773e+02 4.379e+02
|    ( QUESTION0 -1 -3.787e+04 1.798e+02 1.820e+02
|        ( QUESTION14 -1 -2.398e+04 1.618e+02 1.160e+02
|            ( - -2.162e+04 2 0 QUESTION0 1 1.528e+02 1.050e+02)
|            ( - -2.199e+03 1 0))
|        ( QUESTION0 1 -1.370e+04 2.124e+02 6.605e+01
|            ( - -3.567e+03 1 0)
|            ( - -9.925e+03 1 0)))
|    ( QUESTION0 -1 -5.338e+04 3.837e+02 2.559e+02
|        ( QUESTION0 1 -2.228e+04 2.685e+02 1.095e+02
|            ( - -1.838e+04 1 0)
|            ( - -3.637e+03 1 0))
|        ( QUESTION0 1 -3.072e+04 1.676e+02 1.464e+02
|            ( - -1.329e+04 3 0)
|            ( - -1.726e+04 3 0))))
s>    ( QUESTION2_7_L -1 -9.163e+04 3.773e+02 4.379e+02
s>        ( QUESTION0 -1 -3.787e+04 1.798e+02 1.820e+02
s>            ( QUESTION14 -1 -2.398e+04 1.618e+02 1.160e+02
s>                ( - -2.162e+04 2 0 QUESTION0 1 1.528e+02 1.050e+02)
s>                ( - -2.199e+03 1 0))
s>            ( QUESTION0 1 -1.370e+04 2.124e+02 6.605e+01
s>                ( - -3.567e+03 1 0)
s>                ( - -9.925e+03 1 0)))
s>        ( QUESTION0 -1 -5.338e+04 3.837e+02 2.559e+02
s>            ( QUESTION0 1 -2.228e+04 2.685e+02 1.095e+02
s>                ( - -1.838e+04 1 0)
s>                ( - -3.637e+03 1 0))
s>            ( QUESTION0 1 -3.072e+04 1.676e+02 1.464e+02
s>                ( - -1.329e+04 3 0)
s>                ( - -1.726e+04 3 0))))INFO: dtree.c(1315): Comp split 1
INFO: dtree.c(1439): stop. leaf nodes are specific
INFO: dtree.c(1478): Final simple tree
|( QUESTION2_0_L -1 -2.862e+04 2.373e+02 1.291e+02
|    ( - -3.666e+03 1 0)
|    ( SILENCE -1 -2.472e+04 2.164e+02 1.111e+02
|        ( - -5.286e+03 1 0)
|        ( QUESTION0 1 -1.921e+04 1.202e+02 8.631e+01
|            ( QUESTION0 -1 -3.768e+03 1.468e+02 1.649e+01
|                ( - -2.536e+03 1 0)
|                ( - -1.085e+03 1 0))
|            ( QUESTION2_7_L -1 -1.533e+04 4.718e+02 6.982e+01
|                ( - 2.418e+02 1 0)
|                ( - -1.510e+04 2 0)))))
s>    ( QUESTION2_0_L -1 -2.862e+04 2.373e+02 1.291e+02
s>        ( - -3.666e+03 1 0)
s>        ( SILENCE -1 -2.472e+04 2.164e+02 1.111e+02
s>            ( - -5.286e+03 1 0)
s>            ( QUESTION0 1 -1.921e+04 1.202e+02 8.631e+01
s>                ( QUESTION0 -1 -3.768e+03 1.468e+02 1.649e+01
s>                    ( - -2.536e+03 1 0)
s>                    ( - -1.085e+03 1 0))
s>                ( QUESTION2_7_L -1 -1.533e+04 4.718e+02 6.982e+01
s>                    ( - 2.418e+02 1 0)
s>                    ( - -1.510e+04 2 0)))))INFO: dtree.c(1439): stop. leaf nodes are specific
INFO: dtree.c(1478): Final simple tree
|( QUESTION6 -1 -5.388e+03 4.476e+02 2.350e+01
|    ( - 1.740e+02 1 0)
|    ( QUESTION8 -1 -5.114e+03 2.124e+02 2.250e+01
|        ( - -3.046e+02 1 0)
|        ( QUESTION8 1 -4.597e+03 4.824e+02 2.050e+01
|            ( - 2.062e+02 1 0)
|            ( WDBNDRY_B 0 -4.321e+03 1.420e+02 1.950e+01
|                ( - -4.322e+02 1 0)
|                ( - -3.747e+03 1 0)))))
s>    ( QUESTION6 -1 -5.388e+03 4.476e+02 2.350e+01
s>        ( - 1.740e+02 1 0)
s>        ( QUESTION8 -1 -5.114e+03 2.124e+02 2.250e+01
s>            ( - -3.046e+02 1 0)
s>            ( QUESTION8 1 -4.597e+03 4.824e+02 2.050e+01
s>                ( - 2.062e+02 1 0)
s>                ( WDBNDRY_B 0 -4.321e+03 1.420e+02 1.950e+01
s>                    ( - -4.322e+02 1 0)
s>                    ( - -3.747e+03 1 0)))))INFO: dtree.c(1315): Comp split 2
INFO: dtree.c(1439): stop. leaf nodes are specific
INFO: dtree.c(1478): Final simple tree
|( QUESTION6 -1 -5.120e+03 4.468e+02 2.250e+01
|    ( - 1.740e+02 1 0)
|    ( QUESTION8 -1 -4.847e+03 2.218e+02 2.150e+01
|        ( - -3.046e+02 1 0)
|        ( WDBNDRY_B 0 -4.321e+03 1.420e+02 1.950e+01
|            ( - -4.322e+02 1 0)
|            ( - -3.747e+03 1 0))))
s>    ( QUESTION6 -1 -5.120e+03 4.468e+02 2.250e+01
s>        ( - 1.740e+02 1 0)
s>        ( QUESTION8 -1 -4.847e+03 2.218e+02 2.150e+01
s>            ( - -3.046e+02 1 0)
s>            ( WDBNDRY_B 0 -4.321e+03 1.420e+02 1.950e+01
s>                ( - -4.322e+02 1 0)
s>                ( - -3.747e+03 1 0))))INFO: dtree.c(1315): Comp split 3
INFO: dtree.c(1439): stop. leaf nodes are specific
INFO: dtree.c(1478): Final simple tree
|( QUESTION2_13_L -1 -2.839e+04 2.396e+02 1.281e+02
|    ( QUESTION0 1 -1.633e+04 1.495e+02 7.388e+01
|        ( - -1.085e+03 1 0)
|        ( - -1.510e+04 2 0))
|    ( QUESTION20 -1 -1.182e+04 2.116e+02 5.424e+01
|        ( - -3.666e+03 1 0)
|        ( SILENCE -1 -7.946e+03 1.240e+02 3.623e+01
|            ( - -5.286e+03 1 0)
|            ( - -2.536e+03 1 0))))
s>    ( QUESTION2_13_L -1 -2.839e+04 2.396e+02 1.281e+02
s>        ( QUESTION0 1 -1.633e+04 1.495e+02 7.388e+01
s>            ( - -1.085e+03 1 0)
s>            ( - -1.510e+04 2 0))
s>        ( QUESTION20 -1 -1.182e+04 2.116e+02 5.424e+01
s>            ( - -3.666e+03 1 0)
s>            ( SILENCE -1 -7.946e+03 1.240e+02 3.623e+01
s>                ( - -5.286e+03 1 0)
s>                ( - -2.536e+03 1 0))))INFO: dtree.c(1315): Comp split 4
INFO: dtree.c(1439): stop. leaf nodes are specific
INFO: dtree.c(1478): Final simple tree
|( QUESTION0 1 -3.072e+04 1.676e+02 1.464e+02
|    ( - -1.329e+04 3 0)
|    ( - -1.726e+04 3 0))
s>    ( QUESTION0 1 -3.072e+04 1.676e+02 1.464e+02
s>        ( - -1.329e+04 3 0)
s>        ( - -1.726e+04 3 0))INFO: dtree.c(1439): stop. leaf nodes are specific
INFO: dtree.c(1478): Final simple tree
|( QUESTION1 -1 -6.045e+04 3.002e+02 2.915e+02
|    ( QUESTION0 1 -2.228e+04 2.685e+02 1.095e+02
|        ( - -1.838e+04 1 0)
|        ( - -3.637e+03 1 0))
|    ( QUESTION0 -1 -3.787e+04 1.798e+02 1.820e+02
|        ( QUESTION14 -1 -2.398e+04 1.618e+02 1.160e+02
|            ( QUESTION0 1 -2.162e+04 1.528e+02 1.050e+02
|                ( - -2.243e+03 1 0)
|                ( - -1.922e+04 1 0))
|            ( - -2.199e+03 1 0))
|        ( QUESTION0 1 -1.370e+04 2.124e+02 6.605e+01
|            ( - -3.567e+03 1 0)
|            ( - -9.925e+03 1 0))))
s>    ( QUESTION1 -1 -6.045e+04 3.002e+02 2.915e+02
s>        ( QUESTION0 1 -2.228e+04 2.685e+02 1.095e+02
s>            ( - -1.838e+04 1 0)
s>            ( - -3.637e+03 1 0))
s>        ( QUESTION0 -1 -3.787e+04 1.798e+02 1.820e+02
s>            ( QUESTION14 -1 -2.398e+04 1.618e+02 1.160e+02
s>                ( QUESTION0 1 -2.162e+04 1.528e+02 1.050e+02
s>                    ( - -2.243e+03 1 0)
s>                    ( - -1.922e+04 1 0))
s>                ( - -2.199e+03 1 0))
s>            ( QUESTION0 1 -1.370e+04 2.124e+02 6.605e+01
s>                ( - -3.567e+03 1 0)
s>                ( - -9.925e+03 1 0))))INFO: dtree.c(1315): Comp split 5
INFO: dtree.c(1439): stop. leaf nodes are specific
INFO: dtree.c(1478): Final simple tree
|( QUESTION8 -1 -4.847e+03 2.218e+02 2.150e+01
|    ( - -3.046e+02 1 0)
|    ( WDBNDRY_B 0 -4.321e+03 1.420e+02 1.950e+01
|        ( - -4.322e+02 1 0)
|        ( - -3.747e+03 1 0)))
s>    ( QUESTION8 -1 -4.847e+03 2.218e+02 2.150e+01
s>        ( - -3.046e+02 1 0)
s>        ( WDBNDRY_B 0 -4.321e+03 1.420e+02 1.950e+01
s>            ( - -4.322e+02 1 0)
s>            ( - -3.747e+03 1 0)))INFO: dtree.c(1315): Comp split 6
INFO: dtree.c(1439): stop. leaf nodes are specific
INFO: dtree.c(1478): Final simple tree
|( QUESTION1 -1 -4.171e+04 2.081e+02 2.000e+02
|    ( - -3.637e+03 1 0)
|    ( QUESTION0 -1 -3.787e+04 1.798e+02 1.820e+02
|        ( QUESTION14 -1 -2.398e+04 1.618e+02 1.160e+02
|            ( QUESTION0 1 -2.162e+04 1.528e+02 1.050e+02
|                ( - -2.243e+03 1 0)
|                ( - -1.922e+04 1 0))
|            ( - -2.199e+03 1 0))
|        ( QUESTION0 1 -1.370e+04 2.124e+02 6.605e+01
|            ( - -3.567e+03 1 0)
|            ( - -9.925e+03 1 0))))
s>    ( QUESTION1 -1 -4.171e+04 2.081e+02 2.000e+02
s>        ( - -3.637e+03 1 0)
s>        ( QUESTION0 -1 -3.787e+04 1.798e+02 1.820e+02
s>            ( QUESTION14 -1 -2.398e+04 1.618e+02 1.160e+02
s>                ( QUESTION0 1 -2.162e+04 1.528e+02 1.050e+02
s>                    ( - -2.243e+03 1 0)
s>                    ( - -1.922e+04 1 0))
s>                ( - -2.199e+03 1 0))
s>            ( QUESTION0 1 -1.370e+04 2.124e+02 6.605e+01
s>                ( - -3.567e+03 1 0)
s>                ( - -9.925e+03 1 0))))INFO: dtree.c(1315): Comp split 7
INFO: dtree.c(1439): stop. leaf nodes are specific
INFO: dtree.c(1478): Final simple tree
|( QUESTION0 -1 -1.230e+04 1.370e+02 6.005e+01
|    ( - -2.243e+03 1 0)
|    ( - -9.925e+03 1 0))
s>    ( QUESTION0 -1 -1.230e+04 1.370e+02 6.005e+01
s>        ( - -2.243e+03 1 0)
s>        ( - -9.925e+03 1 0))INFO: dtree.c(1439): stop. leaf nodes are specific
INFO: dtree.c(1478): Final simple tree
|( QUESTION14 -1 -2.916e+04 2.235e+02 1.400e+02
|    ( - -1.922e+04 1 0)
|    ( QUESTION1 -1 -9.713e+03 1.696e+02 4.600e+01
|        ( - -3.637e+03 1 0)
|        ( QUESTION0 -1 -5.906e+03 1.393e+02 2.800e+01
|            ( - -2.199e+03 1 0)
|            ( - -3.567e+03 1 0))))
s>    ( QUESTION14 -1 -2.916e+04 2.235e+02 1.400e+02
s>        ( - -1.922e+04 1 0)
s>        ( QUESTION1 -1 -9.713e+03 1.696e+02 4.600e+01
s>            ( - -3.637e+03 1 0)
s>            ( QUESTION0 -1 -5.906e+03 1.393e+02 2.800e+01
s>                ( - -2.199e+03 1 0)
s>                ( - -3.567e+03 1 0))))INFO: dtree.c(1315): Comp split 8
INFO: dtree.c(1439): stop. leaf nodes are specific
INFO: dtree.c(1478): Final simple tree
|( QUESTION20 -1 -1.182e+04 2.116e+02 5.424e+01
|    ( - -3.666e+03 1 0)
|    ( SILENCE -1 -7.946e+03 1.240e+02 3.623e+01
|        ( - -5.286e+03 1 0)
|        ( - -2.536e+03 1 0)))
s>    ( QUESTION20 -1 -1.182e+04 2.116e+02 5.424e+01
s>        ( - -3.666e+03 1 0)
s>        ( SILENCE -1 -7.946e+03 1.240e+02 3.623e+01
s>            ( - -5.286e+03 1 0)
s>            ( - -2.536e+03 1 0)))INFO: dtree.c(1439): stop. leaf nodes are specific
INFO: dtree.c(1478): Final simple tree
|( QUESTION0 1 -1.633e+04 1.495e+02 7.388e+01
|    ( - -1.085e+03 1 0)
|    ( - -1.510e+04 2 0))
s>    ( QUESTION0 1 -1.633e+04 1.495e+02 7.388e+01
s>        ( - -1.085e+03 1 0)
s>        ( - -1.510e+04 2 0))INFO: dtree.c(1315): Comp split 9
INFO: dtree.c(1439): stop. leaf nodes are specific
INFO: dtree.c(1478): Final simple tree
|( QUESTION1 -1 -9.713e+03 1.696e+02 4.600e+01
|    ( - -3.637e+03 1 0)
|    ( QUESTION0 -1 -5.906e+03 1.393e+02 2.800e+01
|        ( - -2.199e+03 1 0)
|        ( - -3.567e+03 1 0)))
s>    ( QUESTION1 -1 -9.713e+03 1.696e+02 4.600e+01
s>        ( - -3.637e+03 1 0)
s>        ( QUESTION0 -1 -5.906e+03 1.393e+02 2.800e+01
s>            ( - -2.199e+03 1 0)
s>            ( - -3.567e+03 1 0)))INFO: dtree.c(1315): Comp split 10
INFO: dtree.c(1439): stop. leaf nodes are specific
INFO: dtree.c(1478): Final simple tree
|( WDBNDRY_B 0 -4.321e+03 1.420e+02 1.950e+01
|    ( - -4.322e+02 1 0)
|    ( - -3.747e+03 1 0))
s>    ( WDBNDRY_B 0 -4.321e+03 1.420e+02 1.950e+01
s>        ( - -4.322e+02 1 0)
s>        ( - -3.747e+03 1 0))INFO: dtree.c(1315): Comp split 11
INFO: dtree.c(1439): stop. leaf nodes are specific
INFO: dtree.c(1478): Final simple tree
|( SILENCE -1 -7.946e+03 1.240e+02 3.623e+01
|    ( - -5.286e+03 1 0)
|    ( - -2.536e+03 1 0))
s>    ( SILENCE -1 -7.946e+03 1.240e+02 3.623e+01
s>        ( - -5.286e+03 1 0)
s>        ( - -2.536e+03 1 0))INFO: dtree.c(1315): Comp split 12
INFO: dtree.c(1439): stop. leaf nodes are specific
INFO: dtree.c(1478): Final simple tree
|( QUESTION0 -1 -5.906e+03 1.393e+02 2.800e+01
|    ( - -2.199e+03 1 0)
|    ( - -3.567e+03 1 0))
s>    ( QUESTION0 -1 -5.906e+03 1.393e+02 2.800e+01
s>        ( - -2.199e+03 1 0)
s>        ( - -3.567e+03 1 0))INFO: dtree.c(1315): Comp split 13
INFO: dtree.c(1315): Comp split 14
INFO: dtree.c(1315): Comp split 15
INFO: dtree.c(1315): Comp split 16
INFO: dtree.c(1315): Comp split 17
INFO: dtree.c(1315): Comp split 18
INFO: dtree.c(1315): Comp split 19
INFO: dtree.c(1318): stop. leaf nodes are specific
Wed Dec 20 23:52:25 2017
