Current configuration:
[NAME]		[DEFLT]	[VALUE]
-allphones	no	no
-cntthresh	0.00001	1.000000e-05
-csplitmax	100	2000
-csplitmin	1	1
-csplitthr	8e-4	0.000000e+00
-example	no	no
-fullvar	no	no
-help		no	no
-meanfn			/home/alex/repos/speech/an4/model_parameters/an4.cd_cont_untied/means
-mixwfn			/home/alex/repos/speech/an4/model_parameters/an4.cd_cont_untied/mixture_weights
-moddeffn		/home/alex/repos/speech/an4/model_architecture/an4.untied.mdef
-mwfloor	1e-4	1.000000e-08
-phone			B
-psetfn			/home/alex/repos/speech/an4/model_architecture/an4.tree_questions
-ssplitmax	5	7
-ssplitmin	1	1
-ssplitthr	8e-4	0.000000e+00
-state			1
-stwt			1.0,0.05,0.0,
-treefn			/home/alex/repos/speech/an4/trees/an4.unpruned/B-1.dtree
-ts2cbfn	.semi.	.cont.
-varfloor	0.00001	1.000000e-05
-varfn			/home/alex/repos/speech/an4/model_parameters/an4.cd_cont_untied/variances

INFO: main.c(223): Reading: /home/alex/repos/speech/an4/model_architecture/an4.untied.mdef
INFO: model_def_io.c(573): Model definition info:
INFO: model_def_io.c(574): 1618 total models defined (34 base, 1584 tri)
INFO: model_def_io.c(575): 6472 total states
INFO: model_def_io.c(576): 4854 total tied states
INFO: model_def_io.c(577): 102 total tied CI states
INFO: model_def_io.c(578): 34 total tied transition matrices
INFO: model_def_io.c(579): 4 max state/model
INFO: model_def_io.c(580): 4 min state/model
INFO: main.c(242): Building trees for [B AH AH i] through [B UW IY b]
INFO: main.c(269): Covering states |[735 788]| == 54
INFO: main.c(275): Reading: /home/alex/repos/speech/an4/model_parameters/an4.cd_cont_untied/mixture_weights
INFO: s3mixw_io.c(173): Read /home/alex/repos/speech/an4/model_parameters/an4.cd_cont_untied/mixture_weights [54x1x1 array]
INFO: main.c(311): 18 of 18 models have observation count greater than 0.000010
INFO: main.c(95): nrm stwt: 0.045 0.909 0.045 
INFO: s3gau_io.c(169): Read /home/alex/repos/speech/an4/model_parameters/an4.cd_cont_untied/means [4854x1x1 array]
INFO: s3gau_io.c(169): Read /home/alex/repos/speech/an4/model_parameters/an4.cd_cont_untied/variances [4854x1x1 array]
INFO: main.c(549): Reading: /home/alex/repos/speech/an4/model_architecture/an4.tree_questions
INFO: main.c(588): 180 total simple questions (172 phone; 8 word bndry)
INFO: main.c(590): 42 Left Only questions, and 42 Right Only questions
INFO: dtree.c(1478): Final simple tree
|( WDBNDRY_B 0 -1.543e+05 1.136e+03 6.353e+02
|    ( QUESTION2_7_L -1 -8.383e+04 3.368e+02 3.341e+02
|        ( - -3.339e+04 3 0 QUESTION0 -1 1.665e+02 1.290e+02)
|        ( SILENCE -1 -5.010e+04 3.483e+02 2.051e+02
|            ( - -1.787e+04 1 0)
|            ( QUESTION2_18_L -1 -3.188e+04 2.152e+02 1.431e+02
|                ( - -2.167e+03 1 0)
|                ( - -2.950e+04 8 0 QUESTION2_15_L -1 1.591e+02 1.341e+02))))
|    ( QUESTION1 1 -6.931e+04 1.060e+03 3.012e+02
|        ( QUESTION1 -1 -3.811e+04 1.711e+02 1.646e+02
|            ( - -3.639e+04 1 0)
|            ( - -1.553e+03 1 0))
|        ( QUESTION0 1 -3.014e+04 2.486e+02 1.366e+02
|            ( - -3.133e+03 2 0 QUESTION0 -1 1.174e+02 1.400e+01)
|            ( - -2.676e+04 1 0))))
s>    ( WDBNDRY_B 0 -1.543e+05 1.136e+03 6.353e+02
s>        ( QUESTION2_7_L -1 -8.383e+04 3.368e+02 3.341e+02
s>            ( - -3.339e+04 3 0 QUESTION0 -1 1.665e+02 1.290e+02)
s>            ( SILENCE -1 -5.010e+04 3.483e+02 2.051e+02
s>                ( - -1.787e+04 1 0)
s>                ( QUESTION2_18_L -1 -3.188e+04 2.152e+02 1.431e+02
s>                    ( - -2.167e+03 1 0)
s>                    ( - -2.950e+04 8 0 QUESTION2_15_L -1 1.591e+02 1.341e+02))))
s>        ( QUESTION1 1 -6.931e+04 1.060e+03 3.012e+02
s>            ( QUESTION1 -1 -3.811e+04 1.711e+02 1.646e+02
s>                ( - -3.639e+04 1 0)
s>                ( - -1.553e+03 1 0))
s>            ( QUESTION0 1 -3.014e+04 2.486e+02 1.366e+02
s>                ( - -3.133e+03 2 0 QUESTION0 -1 1.174e+02 1.400e+01)
s>                ( - -2.676e+04 1 0))))INFO: dtree.c(1315): Comp split 0
INFO: dtree.c(1439): stop. leaf nodes are specific
INFO: dtree.c(1478): Final simple tree
|( QUESTION0 1 -3.014e+04 2.486e+02 1.366e+02
|    ( QUESTION0 -1 -3.133e+03 1.174e+02 1.400e+01
|        ( - -1.449e+03 1 0)
|        ( - -1.568e+03 1 0))
|    ( - -2.676e+04 1 0))
s>    ( QUESTION0 1 -3.014e+04 2.486e+02 1.366e+02
s>        ( QUESTION0 -1 -3.133e+03 1.174e+02 1.400e+01
s>            ( - -1.449e+03 1 0)
s>            ( - -1.568e+03 1 0))
s>        ( - -2.676e+04 1 0))INFO: dtree.c(1478): Final simple tree
|( WDBNDRY_B 0 -1.225e+05 5.512e+02 4.987e+02
|    ( QUESTION2_7_L -1 -8.383e+04 3.368e+02 3.341e+02
|        ( QUESTION0 -1 -3.339e+04 1.665e+02 1.290e+02
|            ( - -3.195e+03 1 0)
|            ( - -3.003e+04 2 0 QUESTION2_8_L -1 9.405e+01 1.151e+02))
|        ( SILENCE -1 -5.010e+04 3.483e+02 2.051e+02
|            ( - -1.787e+04 1 0)
|            ( QUESTION2_18_L -1 -3.188e+04 2.152e+02 1.431e+02
|                ( - -2.167e+03 1 0)
|                ( QUESTION2_15_L -1 -2.950e+04 1.591e+02 1.341e+02
|                    ( - -9.282e+03 4 0 QUESTION3 -1 1.355e+02 4.075e+01)
|                    ( - -2.006e+04 4 0 QUESTION0 -1 1.440e+02 9.338e+01)))))
|    ( QUESTION1 -1 -3.811e+04 1.711e+02 1.646e+02
|        ( - -3.639e+04 1 0)
|        ( - -1.553e+03 1 0)))
s>    ( WDBNDRY_B 0 -1.225e+05 5.512e+02 4.987e+02
s>        ( QUESTION2_7_L -1 -8.383e+04 3.368e+02 3.341e+02
s>            ( QUESTION0 -1 -3.339e+04 1.665e+02 1.290e+02
s>                ( - -3.195e+03 1 0)
s>                ( - -3.003e+04 2 0 QUESTION2_8_L -1 9.405e+01 1.151e+02))
s>            ( SILENCE -1 -5.010e+04 3.483e+02 2.051e+02
s>                ( - -1.787e+04 1 0)
s>                ( QUESTION2_18_L -1 -3.188e+04 2.152e+02 1.431e+02
s>                    ( - -2.167e+03 1 0)
s>                    ( QUESTION2_15_L -1 -2.950e+04 1.591e+02 1.341e+02
s>                        ( - -9.282e+03 4 0 QUESTION3 -1 1.355e+02 4.075e+01)
s>                        ( - -2.006e+04 4 0 QUESTION0 -1 1.440e+02 9.338e+01)))))
s>        ( QUESTION1 -1 -3.811e+04 1.711e+02 1.646e+02
s>            ( - -3.639e+04 1 0)
s>            ( - -1.553e+03 1 0)))INFO: dtree.c(1315): Comp split 1
INFO: dtree.c(1478): Final simple tree
|( WDBNDRY_B 0 -7.141e+04 4.740e+02 3.126e+02
|    ( QUESTION2_15_L -1 -3.282e+04 1.533e+02 1.480e+02
|        ( QUESTION3 -1 -9.282e+03 1.355e+02 4.075e+01
|            ( - -9.671e+02 1 0)
|            ( - -8.179e+03 3 0 QUESTION0 -1 9.924e+01 3.575e+01))
|        ( QUESTION1 -1 -2.339e+04 1.489e+02 1.073e+02
|            ( - -2.739e+03 1 0)
|            ( QUESTION2_13_L -1 -2.050e+04 1.469e+02 9.377e+01
|                ( - -1.018e+04 2 0)
|                ( QUESTION0 -1 -1.018e+04 1.322e+02 4.686e+01
|                    ( - -3.195e+03 1 0)
|                    ( - -6.850e+03 1 0)))))
|    ( QUESTION1 -1 -3.811e+04 1.711e+02 1.646e+02
|        ( - -3.639e+04 1 0)
|        ( - -1.553e+03 1 0)))
s>    ( WDBNDRY_B 0 -7.141e+04 4.740e+02 3.126e+02
s>        ( QUESTION2_15_L -1 -3.282e+04 1.533e+02 1.480e+02
s>            ( QUESTION3 -1 -9.282e+03 1.355e+02 4.075e+01
s>                ( - -9.671e+02 1 0)
s>                ( - -8.179e+03 3 0 QUESTION0 -1 9.924e+01 3.575e+01))
s>            ( QUESTION1 -1 -2.339e+04 1.489e+02 1.073e+02
s>                ( - -2.739e+03 1 0)
s>                ( QUESTION2_13_L -1 -2.050e+04 1.469e+02 9.377e+01
s>                    ( - -1.018e+04 2 0)
s>                    ( QUESTION0 -1 -1.018e+04 1.322e+02 4.686e+01
s>                        ( - -3.195e+03 1 0)
s>                        ( - -6.850e+03 1 0)))))
s>        ( QUESTION1 -1 -3.811e+04 1.711e+02 1.646e+02
s>            ( - -3.639e+04 1 0)
s>            ( - -1.553e+03 1 0)))INFO: dtree.c(1439): stop. leaf nodes are specific
INFO: dtree.c(1478): Final simple tree
|( SILENCE -1 -5.050e+04 2.614e+02 1.861e+02
|    ( - -1.787e+04 1 0)
|    ( QUESTION0 -1 -3.237e+04 1.791e+02 1.241e+02
|        ( - -2.167e+03 1 0)
|        ( QUESTION2_8_L -1 -3.003e+04 9.405e+01 1.151e+02
|            ( - -9.867e+02 1 0)
|            ( - -2.895e+04 1 0))))
s>    ( SILENCE -1 -5.050e+04 2.614e+02 1.861e+02
s>        ( - -1.787e+04 1 0)
s>        ( QUESTION0 -1 -3.237e+04 1.791e+02 1.241e+02
s>            ( - -2.167e+03 1 0)
s>            ( QUESTION2_8_L -1 -3.003e+04 9.405e+01 1.151e+02
s>                ( - -9.867e+02 1 0)
s>                ( - -2.895e+04 1 0))))INFO: dtree.c(1315): Comp split 2
INFO: dtree.c(1478): Final simple tree
|( QUESTION2_0_L -1 -3.452e+04 1.624e+02 1.560e+02
|    ( QUESTION1 -1 -1.144e+04 1.637e+02 5.447e+01
|        ( - -2.739e+03 1 0)
|        ( WDBNDRY_B 0 -8.534e+03 1.310e+02 4.097e+01
|            ( - -6.850e+03 1 0)
|            ( - -1.553e+03 1 0)))
|    ( QUESTION3 -1 -2.292e+04 1.487e+02 1.016e+02
|        ( - -9.671e+02 1 0)
|        ( QUESTION0 -1 -2.181e+04 1.354e+02 9.655e+01
|            ( QUESTION1 -1 -5.198e+03 9.595e+01 2.189e+01
|                ( - -1.907e+03 1 0)
|                ( - -3.195e+03 1 0))
|            ( QUESTION2_14_L -1 -1.647e+04 1.223e+02 7.466e+01
|                ( - -1.018e+04 2 0)
|                ( - -6.173e+03 2 0)))))
s>    ( QUESTION2_0_L -1 -3.452e+04 1.624e+02 1.560e+02
s>        ( QUESTION1 -1 -1.144e+04 1.637e+02 5.447e+01
s>            ( - -2.739e+03 1 0)
s>            ( WDBNDRY_B 0 -8.534e+03 1.310e+02 4.097e+01
s>                ( - -6.850e+03 1 0)
s>                ( - -1.553e+03 1 0)))
s>        ( QUESTION3 -1 -2.292e+04 1.487e+02 1.016e+02
s>            ( - -9.671e+02 1 0)
s>            ( QUESTION0 -1 -2.181e+04 1.354e+02 9.655e+01
s>                ( QUESTION1 -1 -5.198e+03 9.595e+01 2.189e+01
s>                    ( - -1.907e+03 1 0)
s>                    ( - -3.195e+03 1 0))
s>                ( QUESTION2_14_L -1 -1.647e+04 1.223e+02 7.466e+01
s>                    ( - -1.018e+04 2 0)
s>                    ( - -6.173e+03 2 0)))))INFO: dtree.c(1315): Comp split 3
INFO: dtree.c(1439): stop. leaf nodes are specific
INFO: dtree.c(1478): Final simple tree
|( SILENCE -1 -1.895e+04 9.138e+01 6.596e+01
|    ( - -1.787e+04 1 0)
|    ( - -9.867e+02 1 0))
s>    ( SILENCE -1 -1.895e+04 9.138e+01 6.596e+01
s>        ( - -1.787e+04 1 0)
s>        ( - -9.867e+02 1 0))INFO: dtree.c(1439): stop. leaf nodes are specific
INFO: dtree.c(1478): Final simple tree
|( QUESTION0 -1 -3.129e+04 1.784e+02 1.201e+02
|    ( - -2.167e+03 1 0)
|    ( - -2.895e+04 1 0))
s>    ( QUESTION0 -1 -3.129e+04 1.784e+02 1.201e+02
s>        ( - -2.167e+03 1 0)
s>        ( - -2.895e+04 1 0))INFO: dtree.c(1315): Comp split 4
INFO: dtree.c(1439): stop. leaf nodes are specific
INFO: dtree.c(1478): Final simple tree
|( QUESTION0 -1 -3.133e+03 1.174e+02 1.400e+01
|    ( - -1.449e+03 1 0)
|    ( - -1.568e+03 1 0))
s>    ( QUESTION0 -1 -3.133e+03 1.174e+02 1.400e+01
s>        ( - -1.449e+03 1 0)
s>        ( - -1.568e+03 1 0))INFO: dtree.c(1315): Comp split 5
INFO: dtree.c(1439): stop. leaf nodes are specific
INFO: dtree.c(1478): Final simple tree
|( QUESTION13 -1 -1.186e+04 1.322e+02 5.486e+01
|    ( - -3.195e+03 1 0)
|    ( WDBNDRY_B 0 -8.534e+03 1.310e+02 4.097e+01
|        ( - -6.850e+03 1 0)
|        ( - -1.553e+03 1 0)))
s>    ( QUESTION13 -1 -1.186e+04 1.322e+02 5.486e+01
s>        ( - -3.195e+03 1 0)
s>        ( WDBNDRY_B 0 -8.534e+03 1.310e+02 4.097e+01
s>            ( - -6.850e+03 1 0)
s>            ( - -1.553e+03 1 0)))INFO: dtree.c(1439): stop. leaf nodes are specific
INFO: dtree.c(1478): Final simple tree
|( QUESTION2_15_L -1 -2.247e+04 1.504e+02 1.012e+02
|    ( QUESTION3 -1 -9.282e+03 1.355e+02 4.075e+01
|        ( - -9.671e+02 1 0)
|        ( QUESTION0 -1 -8.179e+03 9.924e+01 3.575e+01
|            ( - -1.907e+03 1 0)
|            ( - -6.173e+03 2 0)))
|    ( QUESTION0 -1 -1.304e+04 1.241e+02 6.041e+01
|        ( - -2.739e+03 1 0)
|        ( - -1.018e+04 2 0)))
s>    ( QUESTION2_15_L -1 -2.247e+04 1.504e+02 1.012e+02
s>        ( QUESTION3 -1 -9.282e+03 1.355e+02 4.075e+01
s>            ( - -9.671e+02 1 0)
s>            ( QUESTION0 -1 -8.179e+03 9.924e+01 3.575e+01
s>                ( - -1.907e+03 1 0)
s>                ( - -6.173e+03 2 0)))
s>        ( QUESTION0 -1 -1.304e+04 1.241e+02 6.041e+01
s>            ( - -2.739e+03 1 0)
s>            ( - -1.018e+04 2 0)))INFO: dtree.c(1315): Comp split 6
INFO: dtree.c(1315): Comp split 7
INFO: dtree.c(1439): stop. leaf nodes are specific
INFO: dtree.c(1478): Final simple tree
|( QUESTION0 -1 -1.934e+04 1.301e+02 8.816e+01
|    ( - -2.739e+03 1 0)
|    ( QUESTION2_14_L -1 -1.647e+04 1.223e+02 7.466e+01
|        ( - -1.018e+04 2 0)
|        ( - -6.173e+03 2 0)))
s>    ( QUESTION0 -1 -1.934e+04 1.301e+02 8.816e+01
s>        ( - -2.739e+03 1 0)
s>        ( QUESTION2_14_L -1 -1.647e+04 1.223e+02 7.466e+01
s>            ( - -1.018e+04 2 0)
s>            ( - -6.173e+03 2 0)))INFO: dtree.c(1439): stop. leaf nodes are specific
INFO: dtree.c(1478): Final simple tree
|( QUESTION2 -1 -2.978e+03 1.048e+02 1.300e+01
|    ( - -1.907e+03 1 0)
|    ( - -9.671e+02 1 0))
s>    ( QUESTION2 -1 -2.978e+03 1.048e+02 1.300e+01
s>        ( - -1.907e+03 1 0)
s>        ( - -9.671e+02 1 0))INFO: dtree.c(1315): Comp split 8
INFO: dtree.c(1439): stop. leaf nodes are specific
INFO: dtree.c(1478): Final simple tree
|( WDBNDRY_B 0 -8.534e+03 1.310e+02 4.097e+01
|    ( - -6.850e+03 1 0)
|    ( - -1.553e+03 1 0))
s>    ( WDBNDRY_B 0 -8.534e+03 1.310e+02 4.097e+01
s>        ( - -6.850e+03 1 0)
s>        ( - -1.553e+03 1 0))INFO: dtree.c(1315): Comp split 9
INFO: dtree.c(1315): Comp split 10
INFO: dtree.c(1439): stop. leaf nodes are specific
INFO: dtree.c(1478): Final simple tree
|( QUESTION2_14_L -1 -1.647e+04 1.223e+02 7.466e+01
|    ( - -1.018e+04 2 0)
|    ( - -6.173e+03 2 0))
s>    ( QUESTION2_14_L -1 -1.647e+04 1.223e+02 7.466e+01
s>        ( - -1.018e+04 2 0)
s>        ( - -6.173e+03 2 0))INFO: dtree.c(1315): Comp split 11
INFO: dtree.c(1315): Comp split 12
INFO: dtree.c(1315): Comp split 13
INFO: dtree.c(1315): Comp split 14
INFO: dtree.c(1315): Comp split 15
INFO: dtree.c(1318): stop. leaf nodes are specific
Wed Dec 20 23:52:15 2017
