Current configuration:
[NAME]		[DEFLT]	[VALUE]
-allphones	no	no
-cntthresh	0.00001	1.000000e-05
-csplitmax	100	2000
-csplitmin	1	1
-csplitthr	8e-4	0.000000e+00
-example	no	no
-fullvar	no	no
-help		no	no
-meanfn			/home/alex/repos/speech/an4/model_parameters/an4.cd_cont_untied/means
-mixwfn			/home/alex/repos/speech/an4/model_parameters/an4.cd_cont_untied/mixture_weights
-moddeffn		/home/alex/repos/speech/an4/model_architecture/an4.untied.mdef
-mwfloor	1e-4	1.000000e-08
-phone			AY
-psetfn			/home/alex/repos/speech/an4/model_architecture/an4.tree_questions
-ssplitmax	5	7
-ssplitmin	1	1
-ssplitthr	8e-4	0.000000e+00
-state			1
-stwt			1.0,0.05,0.0,
-treefn			/home/alex/repos/speech/an4/trees/an4.unpruned/AY-1.dtree
-ts2cbfn	.semi.	.cont.
-varfloor	0.00001	1.000000e-05
-varfn			/home/alex/repos/speech/an4/model_parameters/an4.cd_cont_untied/variances

INFO: main.c(223): Reading: /home/alex/repos/speech/an4/model_architecture/an4.untied.mdef
INFO: model_def_io.c(573): Model definition info:
INFO: model_def_io.c(574): 1618 total models defined (34 base, 1584 tri)
INFO: model_def_io.c(575): 6472 total states
INFO: model_def_io.c(576): 4854 total tied states
INFO: model_def_io.c(577): 102 total tied CI states
INFO: model_def_io.c(578): 34 total tied transition matrices
INFO: model_def_io.c(579): 4 max state/model
INFO: model_def_io.c(580): 4 min state/model
INFO: main.c(242): Building trees for [AY AH EH s] through [AY W Z e]
INFO: main.c(269): Covering states |[480 734]| == 255
INFO: main.c(275): Reading: /home/alex/repos/speech/an4/model_parameters/an4.cd_cont_untied/mixture_weights
INFO: s3mixw_io.c(173): Read /home/alex/repos/speech/an4/model_parameters/an4.cd_cont_untied/mixture_weights [255x1x1 array]
INFO: main.c(311): 85 of 85 models have observation count greater than 0.000010
INFO: main.c(95): nrm stwt: 0.045 0.909 0.045 
INFO: s3gau_io.c(169): Read /home/alex/repos/speech/an4/model_parameters/an4.cd_cont_untied/means [4854x1x1 array]
INFO: s3gau_io.c(169): Read /home/alex/repos/speech/an4/model_parameters/an4.cd_cont_untied/variances [4854x1x1 array]
INFO: main.c(549): Reading: /home/alex/repos/speech/an4/model_architecture/an4.tree_questions
INFO: main.c(588): 180 total simple questions (172 phone; 8 word bndry)
INFO: main.c(590): 42 Left Only questions, and 42 Right Only questions
INFO: dtree.c(1478): Final simple tree
|( QUESTION2_8_L -1 -9.930e+05 3.443e+03 5.132e+03
|    ( QUESTION0_1_R 1 -3.429e+05 6.163e+02 1.835e+03
|        ( - -3.506e+03 1 0)
|        ( - -3.388e+05 4 0 QUESTION0_20_R 1 3.540e+02 1.813e+03))
|    ( WDBNDRY_I 0 -6.467e+05 2.486e+03 3.297e+03
|        ( - -2.147e+05 1 0)
|        ( WDBNDRY_E 0 -4.295e+05 1.469e+03 2.190e+03
|            ( SILENCE 1 -1.001e+05 4.918e+02 5.232e+02
|                ( - -2.708e+04 1 0)
|                ( - -7.252e+04 21 0 QUESTION0_1_R 1 4.138e+02 3.862e+02))
|            ( QUESTION2_15_L -1 -3.280e+05 7.149e+02 1.667e+03
|                ( - -1.096e+05 25 0 QUESTION11 1 4.501e+02 5.602e+02)
|                ( QUESTION0_9_R 1 -2.176e+05 6.488e+02 1.107e+03
|                    ( - -4.802e+04 5 0 QUESTION8 -1 4.220e+02 2.440e+02)
|                    ( - -1.689e+05 27 0 QUESTION0_8_R 1 3.375e+02 8.628e+02))))))
s>    ( QUESTION2_8_L -1 -9.930e+05 3.443e+03 5.132e+03
s>        ( QUESTION0_1_R 1 -3.429e+05 6.163e+02 1.835e+03
s>            ( - -3.506e+03 1 0)
s>            ( - -3.388e+05 4 0 QUESTION0_20_R 1 3.540e+02 1.813e+03))
s>        ( WDBNDRY_I 0 -6.467e+05 2.486e+03 3.297e+03
s>            ( - -2.147e+05 1 0)
s>            ( WDBNDRY_E 0 -4.295e+05 1.469e+03 2.190e+03
s>                ( SILENCE 1 -1.001e+05 4.918e+02 5.232e+02
s>                    ( - -2.708e+04 1 0)
s>                    ( - -7.252e+04 21 0 QUESTION0_1_R 1 4.138e+02 3.862e+02))
s>                ( QUESTION2_15_L -1 -3.280e+05 7.149e+02 1.667e+03
s>                    ( - -1.096e+05 25 0 QUESTION11 1 4.501e+02 5.602e+02)
s>                    ( QUESTION0_9_R 1 -2.176e+05 6.488e+02 1.107e+03
s>                        ( - -4.802e+04 5 0 QUESTION8 -1 4.220e+02 2.440e+02)
s>                        ( - -1.689e+05 27 0 QUESTION0_8_R 1 3.375e+02 8.628e+02))))))INFO: dtree.c(1315): Comp split 0
INFO: dtree.c(1478): Final simple tree
|( WDBNDRY_E 0 -4.125e+05 1.171e+03 2.199e+03
|    ( QUESTION0_1_R 1 -7.252e+04 4.138e+02 3.862e+02
|        ( - -2.777e+03 1 0)
|        ( QUESTION0_15_R 1 -6.933e+04 3.837e+02 3.682e+02
|            ( QUESTION0 1 -5.292e+03 5.450e+02 3.200e+01
|                ( QUESTION4 1 -4.934e+03 3.351e+02 3.100e+01
|                    ( - -2.146e+03 1 0)
|                    ( - -2.454e+03 1 0))
|                ( - 1.871e+02 1 0))
|            ( QUESTION12 1 -6.366e+04 3.409e+02 3.362e+02
|                ( - -1.465e+04 1 0)
|                ( - -4.867e+04 16 0 QUESTION17 1 2.443e+02 2.551e+02))))
|    ( QUESTION0_20_R 1 -3.388e+05 3.540e+02 1.813e+03
|        ( - -4.371e+03 2 0 QUESTION0 1 3.097e+02 2.500e+01)
|        ( - -3.341e+05 2 0 WDBNDRY_S 0 2.561e+02 1.788e+03)))
s>    ( WDBNDRY_E 0 -4.125e+05 1.171e+03 2.199e+03
s>        ( QUESTION0_1_R 1 -7.252e+04 4.138e+02 3.862e+02
s>            ( - -2.777e+03 1 0)
s>            ( QUESTION0_15_R 1 -6.933e+04 3.837e+02 3.682e+02
s>                ( QUESTION0 1 -5.292e+03 5.450e+02 3.200e+01
s>                    ( QUESTION4 1 -4.934e+03 3.351e+02 3.100e+01
s>                        ( - -2.146e+03 1 0)
s>                        ( - -2.454e+03 1 0))
s>                    ( - 1.871e+02 1 0))
s>                ( QUESTION12 1 -6.366e+04 3.409e+02 3.362e+02
s>                    ( - -1.465e+04 1 0)
s>                    ( - -4.867e+04 16 0 QUESTION17 1 2.443e+02 2.551e+02))))
s>        ( QUESTION0_20_R 1 -3.388e+05 3.540e+02 1.813e+03
s>            ( - -4.371e+03 2 0 QUESTION0 1 3.097e+02 2.500e+01)
s>            ( - -3.341e+05 2 0 WDBNDRY_S 0 2.561e+02 1.788e+03)))INFO: dtree.c(1478): Final simple tree
|( WDBNDRY_I 0 -5.769e+05 2.289e+03 2.933e+03
|    ( - -2.147e+05 1 0)
|    ( QUESTION2_15_L -1 -3.599e+05 9.583e+02 1.826e+03
|        ( WDBNDRY_E 0 -1.373e+05 5.750e+02 6.972e+02
|            ( - -2.708e+04 1 0)
|            ( QUESTION11 1 -1.096e+05 4.501e+02 5.602e+02
|                ( - -1.609e+03 1 0)
|                ( - -1.076e+05 24 0 SILENCE 1 3.367e+02 5.492e+02)))
|        ( QUESTION0_9_R 1 -2.217e+05 6.393e+02 1.129e+03
|            ( QUESTION8 -1 -4.802e+04 4.220e+02 2.440e+02
|                ( - -4.789e+03 1 0)
|                ( - -4.281e+04 4 0 QUESTION0 -1 3.133e+02 2.170e+02))
|            ( QUESTION2_8_L -1 -1.730e+05 5.741e+02 8.848e+02
|                ( - -3.506e+03 1 0)
|                ( - -1.689e+05 27 0 QUESTION0_8_R 1 3.375e+02 8.628e+02)))))
s>    ( WDBNDRY_I 0 -5.769e+05 2.289e+03 2.933e+03
s>        ( - -2.147e+05 1 0)
s>        ( QUESTION2_15_L -1 -3.599e+05 9.583e+02 1.826e+03
s>            ( WDBNDRY_E 0 -1.373e+05 5.750e+02 6.972e+02
s>                ( - -2.708e+04 1 0)
s>                ( QUESTION11 1 -1.096e+05 4.501e+02 5.602e+02
s>                    ( - -1.609e+03 1 0)
s>                    ( - -1.076e+05 24 0 SILENCE 1 3.367e+02 5.492e+02)))
s>            ( QUESTION0_9_R 1 -2.217e+05 6.393e+02 1.129e+03
s>                ( QUESTION8 -1 -4.802e+04 4.220e+02 2.440e+02
s>                    ( - -4.789e+03 1 0)
s>                    ( - -4.281e+04 4 0 QUESTION0 -1 3.133e+02 2.170e+02))
s>                ( QUESTION2_8_L -1 -1.730e+05 5.741e+02 8.848e+02
s>                    ( - -3.506e+03 1 0)
s>                    ( - -1.689e+05 27 0 QUESTION0_8_R 1 3.375e+02 8.628e+02)))))INFO: dtree.c(1315): Comp split 1
INFO: dtree.c(1478): Final simple tree
|( QUESTION2_15_L -1 -3.599e+05 9.583e+02 1.826e+03
|    ( WDBNDRY_E 0 -1.373e+05 5.750e+02 6.972e+02
|        ( - -2.708e+04 1 0)
|        ( QUESTION11 1 -1.096e+05 4.501e+02 5.602e+02
|            ( - -1.609e+03 1 0)
|            ( - -1.076e+05 24 0 SILENCE 1 3.367e+02 5.492e+02)))
|    ( QUESTION0_9_R 1 -2.217e+05 6.393e+02 1.129e+03
|        ( QUESTION8 -1 -4.802e+04 4.220e+02 2.440e+02
|            ( - -4.789e+03 1 0)
|            ( - -4.281e+04 4 0 QUESTION0 -1 3.133e+02 2.170e+02))
|        ( QUESTION2_8_L -1 -1.730e+05 5.741e+02 8.848e+02
|            ( - -3.506e+03 1 0)
|            ( QUESTION0_8_R 1 -1.689e+05 3.375e+02 8.628e+02
|                ( - -5.971e+03 2 0 SILENCE -1 3.310e+02 3.203e+01)
|                ( - -1.626e+05 25 0 QUESTION15 -1 3.282e+02 8.308e+02)))))
s>    ( QUESTION2_15_L -1 -3.599e+05 9.583e+02 1.826e+03
s>        ( WDBNDRY_E 0 -1.373e+05 5.750e+02 6.972e+02
s>            ( - -2.708e+04 1 0)
s>            ( QUESTION11 1 -1.096e+05 4.501e+02 5.602e+02
s>                ( - -1.609e+03 1 0)
s>                ( - -1.076e+05 24 0 SILENCE 1 3.367e+02 5.492e+02)))
s>        ( QUESTION0_9_R 1 -2.217e+05 6.393e+02 1.129e+03
s>            ( QUESTION8 -1 -4.802e+04 4.220e+02 2.440e+02
s>                ( - -4.789e+03 1 0)
s>                ( - -4.281e+04 4 0 QUESTION0 -1 3.133e+02 2.170e+02))
s>            ( QUESTION2_8_L -1 -1.730e+05 5.741e+02 8.848e+02
s>                ( - -3.506e+03 1 0)
s>                ( QUESTION0_8_R 1 -1.689e+05 3.375e+02 8.628e+02
s>                    ( - -5.971e+03 2 0 SILENCE -1 3.310e+02 3.203e+01)
s>                    ( - -1.626e+05 25 0 QUESTION15 -1 3.282e+02 8.308e+02)))))INFO: dtree.c(1315): Comp split 2
INFO: dtree.c(1478): Final simple tree
|( QUESTION0_1_R 1 -7.252e+04 4.138e+02 3.862e+02
|    ( - -2.777e+03 1 0)
|    ( QUESTION0_15_R 1 -6.933e+04 3.837e+02 3.682e+02
|        ( QUESTION0 1 -5.292e+03 5.450e+02 3.200e+01
|            ( QUESTION4 1 -4.934e+03 3.351e+02 3.100e+01
|                ( - -2.146e+03 1 0)
|                ( - -2.454e+03 1 0))
|            ( - 1.871e+02 1 0))
|        ( QUESTION12 1 -6.366e+04 3.409e+02 3.362e+02
|            ( - -1.465e+04 1 0)
|            ( QUESTION17 1 -4.867e+04 2.443e+02 2.551e+02
|                ( - -6.999e+03 3 0 QUESTION0_6_R 1 2.558e+02 3.642e+01)
|                ( QUESTION0_13_R 1 -4.143e+04 2.784e+02 2.187e+02
|                    ( - -9.763e+02 1 0)
|                    ( - -4.017e+04 12 0 QUESTION15 1 2.448e+02 2.127e+02))))))
s>    ( QUESTION0_1_R 1 -7.252e+04 4.138e+02 3.862e+02
s>        ( - -2.777e+03 1 0)
s>        ( QUESTION0_15_R 1 -6.933e+04 3.837e+02 3.682e+02
s>            ( QUESTION0 1 -5.292e+03 5.450e+02 3.200e+01
s>                ( QUESTION4 1 -4.934e+03 3.351e+02 3.100e+01
s>                    ( - -2.146e+03 1 0)
s>                    ( - -2.454e+03 1 0))
s>                ( - 1.871e+02 1 0))
s>            ( QUESTION12 1 -6.366e+04 3.409e+02 3.362e+02
s>                ( - -1.465e+04 1 0)
s>                ( QUESTION17 1 -4.867e+04 2.443e+02 2.551e+02
s>                    ( - -6.999e+03 3 0 QUESTION0_6_R 1 2.558e+02 3.642e+01)
s>                    ( QUESTION0_13_R 1 -4.143e+04 2.784e+02 2.187e+02
s>                        ( - -9.763e+02 1 0)
s>                        ( - -4.017e+04 12 0 QUESTION15 1 2.448e+02 2.127e+02))))))INFO: dtree.c(1439): stop. leaf nodes are specific
INFO: dtree.c(1478): Final simple tree
|( QUESTION0_20_R 1 -3.388e+05 3.540e+02 1.813e+03
|    ( QUESTION0 1 -4.371e+03 3.097e+02 2.500e+01
|        ( - -2.209e+03 1 0)
|        ( - -1.852e+03 1 0))
|    ( WDBNDRY_S 0 -3.341e+05 2.561e+02 1.788e+03
|        ( - -6.316e+03 1 0)
|        ( - -3.275e+05 1 0)))
s>    ( QUESTION0_20_R 1 -3.388e+05 3.540e+02 1.813e+03
s>        ( QUESTION0 1 -4.371e+03 3.097e+02 2.500e+01
s>            ( - -2.209e+03 1 0)
s>            ( - -1.852e+03 1 0))
s>        ( WDBNDRY_S 0 -3.341e+05 2.561e+02 1.788e+03
s>            ( - -6.316e+03 1 0)
s>            ( - -3.275e+05 1 0)))INFO: dtree.c(1315): Comp split 3
INFO: dtree.c(1478): Final simple tree
|( QUESTION0_9_R 1 -2.237e+05 6.622e+02 1.140e+03
|    ( QUESTION8 -1 -5.005e+04 4.219e+02 2.550e+02
|        ( - -4.789e+03 1 0)
|        ( QUESTION0_10_R 1 -4.484e+04 4.185e+02 2.280e+02
|            ( - -4.281e+04 4 0 QUESTION0 -1 3.133e+02 2.170e+02)
|            ( - -1.609e+03 1 0)))
|    ( QUESTION2_8_L -1 -1.730e+05 5.741e+02 8.848e+02
|        ( - -3.506e+03 1 0)
|        ( QUESTION0_8_R 1 -1.689e+05 3.375e+02 8.628e+02
|            ( SILENCE -1 -5.971e+03 3.310e+02 3.203e+01
|                ( - -1.261e+03 1 0)
|                ( - -4.379e+03 1 0))
|            ( QUESTION15 -1 -1.626e+05 3.282e+02 8.308e+02
|                ( - -8.287e+03 4 0 SILENCE 1 3.855e+02 4.200e+01)
|                ( - -1.540e+05 21 0 QUESTION0_15_R 1 3.678e+02 7.888e+02)))))
s>    ( QUESTION0_9_R 1 -2.237e+05 6.622e+02 1.140e+03
s>        ( QUESTION8 -1 -5.005e+04 4.219e+02 2.550e+02
s>            ( - -4.789e+03 1 0)
s>            ( QUESTION0_10_R 1 -4.484e+04 4.185e+02 2.280e+02
s>                ( - -4.281e+04 4 0 QUESTION0 -1 3.133e+02 2.170e+02)
s>                ( - -1.609e+03 1 0)))
s>        ( QUESTION2_8_L -1 -1.730e+05 5.741e+02 8.848e+02
s>            ( - -3.506e+03 1 0)
s>            ( QUESTION0_8_R 1 -1.689e+05 3.375e+02 8.628e+02
s>                ( SILENCE -1 -5.971e+03 3.310e+02 3.203e+01
s>                    ( - -1.261e+03 1 0)
s>                    ( - -4.379e+03 1 0))
s>                ( QUESTION15 -1 -1.626e+05 3.282e+02 8.308e+02
s>                    ( - -8.287e+03 4 0 SILENCE 1 3.855e+02 4.200e+01)
s>                    ( - -1.540e+05 21 0 QUESTION0_15_R 1 3.678e+02 7.888e+02)))))INFO: dtree.c(1478): Final simple tree
|( WDBNDRY_E 0 -1.352e+05 5.805e+02 6.862e+02
|    ( - -2.708e+04 1 0)
|    ( SILENCE 1 -1.076e+05 3.367e+02 5.492e+02
|        ( - -4.534e+03 2 0 QUESTION2 -1 2.433e+02 2.300e+01)
|        ( QUESTION0_4_R 1 -1.027e+05 3.339e+02 5.262e+02
|            ( - -4.145e+03 1 0)
|            ( QUESTION0 -1 -9.823e+04 3.127e+02 5.022e+02
|                ( QUESTION0_3_R 1 -5.884e+04 2.762e+02 3.036e+02
|                    ( - -1.683e+03 1 0)
|                    ( - -5.688e+04 11 0 QUESTION17 1 2.813e+02 2.936e+02))
|                ( QUESTION0_3_R 1 -3.908e+04 3.163e+02 1.986e+02
|                    ( - -2.311e+03 1 0)
|                    ( QUESTION0_1_R 1 -3.645e+04 2.903e+02 1.866e+02
|                        ( - -1.854e+03 1 0)
|                        ( - -3.431e+04 7 0 QUESTION0 1 2.560e+02 1.766e+02)))))))
s>    ( WDBNDRY_E 0 -1.352e+05 5.805e+02 6.862e+02
s>        ( - -2.708e+04 1 0)
s>        ( SILENCE 1 -1.076e+05 3.367e+02 5.492e+02
s>            ( - -4.534e+03 2 0 QUESTION2 -1 2.433e+02 2.300e+01)
s>            ( QUESTION0_4_R 1 -1.027e+05 3.339e+02 5.262e+02
s>                ( - -4.145e+03 1 0)
s>                ( QUESTION0 -1 -9.823e+04 3.127e+02 5.022e+02
s>                    ( QUESTION0_3_R 1 -5.884e+04 2.762e+02 3.036e+02
s>                        ( - -1.683e+03 1 0)
s>                        ( - -5.688e+04 11 0 QUESTION17 1 2.813e+02 2.936e+02))
s>                    ( QUESTION0_3_R 1 -3.908e+04 3.163e+02 1.986e+02
s>                        ( - -2.311e+03 1 0)
s>                        ( QUESTION0_1_R 1 -3.645e+04 2.903e+02 1.866e+02
s>                            ( - -1.854e+03 1 0)
s>                            ( - -3.431e+04 7 0 QUESTION0 1 2.560e+02 1.766e+02)))))))INFO: dtree.c(1315): Comp split 4
INFO: dtree.c(1478): Final simple tree
|( QUESTION0_9_R 1 -1.741e+05 4.079e+02 8.898e+02
|    ( - -4.789e+03 1 0)
|    ( QUESTION0_8_R 1 -1.689e+05 3.375e+02 8.628e+02
|        ( SILENCE -1 -5.971e+03 3.310e+02 3.203e+01
|            ( - -1.261e+03 1 0)
|            ( - -4.379e+03 1 0))
|        ( QUESTION15 -1 -1.626e+05 3.282e+02 8.308e+02
|            ( SILENCE 1 -8.287e+03 3.855e+02 4.200e+01
|                ( - -3.451e+03 1 0)
|                ( - -4.451e+03 3 0 QUESTION0_0_R 1 2.796e+02 2.200e+01))
|            ( QUESTION0_15_R 1 -1.540e+05 3.678e+02 7.888e+02
|                ( QUESTION0 -1 -5.299e+03 4.802e+02 3.000e+01
|                    ( - -2.060e+03 1 0)
|                    ( - -2.759e+03 1 0))
|                ( - -1.483e+05 19 0 QUESTION1 -1 3.119e+02 7.588e+02)))))
s>    ( QUESTION0_9_R 1 -1.741e+05 4.079e+02 8.898e+02
s>        ( - -4.789e+03 1 0)
s>        ( QUESTION0_8_R 1 -1.689e+05 3.375e+02 8.628e+02
s>            ( SILENCE -1 -5.971e+03 3.310e+02 3.203e+01
s>                ( - -1.261e+03 1 0)
s>                ( - -4.379e+03 1 0))
s>            ( QUESTION15 -1 -1.626e+05 3.282e+02 8.308e+02
s>                ( SILENCE 1 -8.287e+03 3.855e+02 4.200e+01
s>                    ( - -3.451e+03 1 0)
s>                    ( - -4.451e+03 3 0 QUESTION0_0_R 1 2.796e+02 2.200e+01))
s>                ( QUESTION0_15_R 1 -1.540e+05 3.678e+02 7.888e+02
s>                    ( QUESTION0 -1 -5.299e+03 4.802e+02 3.000e+01
s>                        ( - -2.060e+03 1 0)
s>                        ( - -2.759e+03 1 0))
s>                    ( - -1.483e+05 19 0 QUESTION1 -1 3.119e+02 7.588e+02)))))INFO: dtree.c(1439): stop. leaf nodes are specific
INFO: dtree.c(1478): Final simple tree
|( QUESTION0_1_R 1 -4.887e+04 5.212e+02 2.500e+02
|    ( - -3.506e+03 1 0)
|    ( QUESTION0_10_R 1 -4.484e+04 4.185e+02 2.280e+02
|        ( QUESTION0 -1 -4.281e+04 3.133e+02 2.170e+02
|            ( - -1.782e+03 1 0)
|            ( QUESTION2_7_L -1 -4.072e+04 2.288e+02 2.070e+02
|                ( - -5.038e+02 1 0)
|                ( - -3.998e+04 2 0)))
|        ( - -1.609e+03 1 0)))
s>    ( QUESTION0_1_R 1 -4.887e+04 5.212e+02 2.500e+02
s>        ( - -3.506e+03 1 0)
s>        ( QUESTION0_10_R 1 -4.484e+04 4.185e+02 2.280e+02
s>            ( QUESTION0 -1 -4.281e+04 3.133e+02 2.170e+02
s>                ( - -1.782e+03 1 0)
s>                ( QUESTION2_7_L -1 -4.072e+04 2.288e+02 2.070e+02
s>                    ( - -5.038e+02 1 0)
s>                    ( - -3.998e+04 2 0)))
s>            ( - -1.609e+03 1 0)))INFO: dtree.c(1315): Comp split 5
INFO: dtree.c(1439): stop. leaf nodes are specific
INFO: dtree.c(1478): Final simple tree
|( QUESTION0_12_R 1 -1.170e+04 3.566e+02 6.400e+01
|    ( - -2.759e+03 1 0)
|    ( SILENCE 1 -8.580e+03 3.403e+02 4.700e+01
|        ( - -3.451e+03 1 0)
|        ( - -4.789e+03 1 0)))
s>    ( QUESTION0_12_R 1 -1.170e+04 3.566e+02 6.400e+01
s>        ( - -2.759e+03 1 0)
s>        ( SILENCE 1 -8.580e+03 3.403e+02 4.700e+01
s>            ( - -3.451e+03 1 0)
s>            ( - -4.789e+03 1 0)))INFO: dtree.c(1478): Final simple tree
|( QUESTION0_8_R 1 -1.618e+05 3.270e+02 8.258e+02
|    ( SILENCE -1 -5.971e+03 3.310e+02 3.203e+01
|        ( - -1.261e+03 1 0)
|        ( - -4.379e+03 1 0))
|    ( QUESTION1 -1 -1.555e+05 3.143e+02 7.938e+02
|        ( - -4.571e+03 2 0 QUESTION0_0_R 1 1.908e+02 2.500e+01)
|        ( QUESTION2_13_L -1 -1.506e+05 3.527e+02 7.688e+02
|            ( QUESTION0_0_R 1 -1.346e+05 3.488e+02 6.928e+02
|                ( - -1.153e+05 5 0 QUESTION0_5_R 1 2.625e+02 5.981e+02)
|                ( SILENCE 1 -1.897e+04 2.977e+02 9.464e+01
|                    ( - -1.780e+03 1 0)
|                    ( - -1.689e+04 4 0 QUESTION18 1 2.038e+02 8.464e+01)))
|            ( QUESTION15 -1 -1.564e+04 3.188e+02 7.600e+01
|                ( - -4.451e+03 3 0 QUESTION0_0_R 1 2.796e+02 2.200e+01)
|                ( - -1.087e+04 8 0 QUESTION0_15_R 1 2.822e+02 5.400e+01)))))
s>    ( QUESTION0_8_R 1 -1.618e+05 3.270e+02 8.258e+02
s>        ( SILENCE -1 -5.971e+03 3.310e+02 3.203e+01
s>            ( - -1.261e+03 1 0)
s>            ( - -4.379e+03 1 0))
s>        ( QUESTION1 -1 -1.555e+05 3.143e+02 7.938e+02
s>            ( - -4.571e+03 2 0 QUESTION0_0_R 1 1.908e+02 2.500e+01)
s>            ( QUESTION2_13_L -1 -1.506e+05 3.527e+02 7.688e+02
s>                ( QUESTION0_0_R 1 -1.346e+05 3.488e+02 6.928e+02
s>                    ( - -1.153e+05 5 0 QUESTION0_5_R 1 2.625e+02 5.981e+02)
s>                    ( SILENCE 1 -1.897e+04 2.977e+02 9.464e+01
s>                        ( - -1.780e+03 1 0)
s>                        ( - -1.689e+04 4 0 QUESTION18 1 2.038e+02 8.464e+01)))
s>                ( QUESTION15 -1 -1.564e+04 3.188e+02 7.600e+01
s>                    ( - -4.451e+03 3 0 QUESTION0_0_R 1 2.796e+02 2.200e+01)
s>                    ( - -1.087e+04 8 0 QUESTION0_15_R 1 2.822e+02 5.400e+01)))))INFO: dtree.c(1315): Comp split 6
INFO: dtree.c(1439): stop. leaf nodes are specific
INFO: dtree.c(1478): Final simple tree
|( QUESTION0_1_R 1 -3.115e+04 2.952e+02 1.571e+02
|    ( - -1.854e+03 1 0)
|    ( WDBNDRY_E 0 -2.900e+04 2.386e+02 1.471e+02
|        ( - -2.708e+04 1 0)
|        ( - -1.683e+03 1 0)))
s>    ( QUESTION0_1_R 1 -3.115e+04 2.952e+02 1.571e+02
s>        ( - -1.854e+03 1 0)
s>        ( WDBNDRY_E 0 -2.900e+04 2.386e+02 1.471e+02
s>            ( - -2.708e+04 1 0)
s>            ( - -1.683e+03 1 0)))INFO: dtree.c(1478): Final simple tree
|( QUESTION0_3_R 1 -1.035e+05 3.526e+02 5.292e+02
|    ( - -6.718e+03 2 0 QUESTION0_4_R 1 2.617e+02 3.600e+01)
|    ( SILENCE 1 -9.640e+04 3.546e+02 4.932e+02
|        ( - -4.534e+03 2 0 QUESTION2 -1 2.433e+02 2.300e+01)
|        ( QUESTION0 -1 -9.151e+04 3.248e+02 4.702e+02
|            ( QUESTION17 1 -5.688e+04 2.813e+02 2.936e+02
|                ( - -7.804e+03 1 0)
|                ( QUESTION0_1_R 1 -4.879e+04 2.694e+02 2.516e+02
|                    ( QUESTION2 -1 -1.910e+04 3.547e+02 9.903e+01
|                        ( - -6.041e+03 1 0)
|                        ( - -1.271e+04 2 0 QUESTION6 -1 2.260e+02 6.709e+01))
|                    ( QUESTION2_18_L -1 -2.942e+04 2.857e+02 1.526e+02
|                        ( - -1.532e+04 3 0 QUESTION0_0_R 1 2.372e+02 8.057e+01)
|                        ( - -1.381e+04 4 0 QUESTION0_13_R 1 2.741e+02 7.204e+01))))
|            ( - -3.431e+04 7 0 QUESTION0 1 2.560e+02 1.766e+02))))
s>    ( QUESTION0_3_R 1 -1.035e+05 3.526e+02 5.292e+02
s>        ( - -6.718e+03 2 0 QUESTION0_4_R 1 2.617e+02 3.600e+01)
s>        ( SILENCE 1 -9.640e+04 3.546e+02 4.932e+02
s>            ( - -4.534e+03 2 0 QUESTION2 -1 2.433e+02 2.300e+01)
s>            ( QUESTION0 -1 -9.151e+04 3.248e+02 4.702e+02
s>                ( QUESTION17 1 -5.688e+04 2.813e+02 2.936e+02
s>                    ( - -7.804e+03 1 0)
s>                    ( QUESTION0_1_R 1 -4.879e+04 2.694e+02 2.516e+02
s>                        ( QUESTION2 -1 -1.910e+04 3.547e+02 9.903e+01
s>                            ( - -6.041e+03 1 0)
s>                            ( - -1.271e+04 2 0 QUESTION6 -1 2.260e+02 6.709e+01))
s>                        ( QUESTION2_18_L -1 -2.942e+04 2.857e+02 1.526e+02
s>                            ( - -1.532e+04 3 0 QUESTION0_0_R 1 2.372e+02 8.057e+01)
s>                            ( - -1.381e+04 4 0 QUESTION0_13_R 1 2.741e+02 7.204e+01))))
s>                ( - -3.431e+04 7 0 QUESTION0 1 2.560e+02 1.766e+02))))INFO: dtree.c(1315): Comp split 7
INFO: dtree.c(1478): Final simple tree
|( QUESTION0_15_R 1 -6.392e+04 4.521e+02 3.372e+02
|    ( - 1.871e+02 1 0)
|    ( QUESTION12 1 -6.366e+04 3.409e+02 3.362e+02
|        ( - -1.465e+04 1 0)
|        ( QUESTION17 1 -4.867e+04 2.443e+02 2.551e+02
|            ( QUESTION0_6_R 1 -6.999e+03 2.558e+02 3.642e+01
|                ( - -1.757e+03 1 0)
|                ( - -4.986e+03 2 0 QUESTION0_0_R 1 1.492e+02 2.712e+01))
|            ( QUESTION0_13_R 1 -4.143e+04 2.784e+02 2.187e+02
|                ( - -9.763e+02 1 0)
|                ( QUESTION15 1 -4.017e+04 2.448e+02 2.127e+02
|                    ( - -2.259e+03 1 0)
|                    ( QUESTION9 1 -3.767e+04 2.441e+02 1.987e+02
|                        ( - -1.486e+04 5 0 QUESTION0_6_R 1 2.235e+02 7.891e+01)
|                        ( - -2.257e+04 6 0 QUESTION1 1 2.275e+02 1.198e+02)))))))
s>    ( QUESTION0_15_R 1 -6.392e+04 4.521e+02 3.372e+02
s>        ( - 1.871e+02 1 0)
s>        ( QUESTION12 1 -6.366e+04 3.409e+02 3.362e+02
s>            ( - -1.465e+04 1 0)
s>            ( QUESTION17 1 -4.867e+04 2.443e+02 2.551e+02
s>                ( QUESTION0_6_R 1 -6.999e+03 2.558e+02 3.642e+01
s>                    ( - -1.757e+03 1 0)
s>                    ( - -4.986e+03 2 0 QUESTION0_0_R 1 1.492e+02 2.712e+01))
s>                ( QUESTION0_13_R 1 -4.143e+04 2.784e+02 2.187e+02
s>                    ( - -9.763e+02 1 0)
s>                    ( QUESTION15 1 -4.017e+04 2.448e+02 2.127e+02
s>                        ( - -2.259e+03 1 0)
s>                        ( QUESTION9 1 -3.767e+04 2.441e+02 1.987e+02
s>                            ( - -1.486e+04 5 0 QUESTION0_6_R 1 2.235e+02 7.891e+01)
s>                            ( - -2.257e+04 6 0 QUESTION1 1 2.275e+02 1.198e+02)))))))INFO: dtree.c(1439): stop. leaf nodes are specific
INFO: dtree.c(1478): Final simple tree
|( QUESTION4 1 -8.052e+03 3.470e+02 4.900e+01
|    ( - -2.146e+03 1 0)
|    ( QUESTION0_0_R 1 -5.559e+03 3.291e+02 3.400e+01
|        ( - -2.777e+03 1 0)
|        ( - -2.454e+03 1 0)))
s>    ( QUESTION4 1 -8.052e+03 3.470e+02 4.900e+01
s>        ( - -2.146e+03 1 0)
s>        ( QUESTION0_0_R 1 -5.559e+03 3.291e+02 3.400e+01
s>            ( - -2.777e+03 1 0)
s>            ( - -2.454e+03 1 0)))INFO: dtree.c(1315): Comp split 8
INFO: dtree.c(1439): stop. leaf nodes are specific
INFO: dtree.c(1478): Final simple tree
|( QUESTION0_10_R 1 -4.484e+04 4.185e+02 2.280e+02
|    ( QUESTION0 -1 -4.281e+04 3.133e+02 2.170e+02
|        ( - -1.782e+03 1 0)
|        ( QUESTION2_7_L -1 -4.072e+04 2.288e+02 2.070e+02
|            ( - -5.038e+02 1 0)
|            ( - -3.998e+04 2 0)))
|    ( - -1.609e+03 1 0))
s>    ( QUESTION0_10_R 1 -4.484e+04 4.185e+02 2.280e+02
s>        ( QUESTION0 -1 -4.281e+04 3.133e+02 2.170e+02
s>            ( - -1.782e+03 1 0)
s>            ( QUESTION2_7_L -1 -4.072e+04 2.288e+02 2.070e+02
s>                ( - -5.038e+02 1 0)
s>                ( - -3.998e+04 2 0)))
s>        ( - -1.609e+03 1 0))INFO: dtree.c(1315): Comp split 9
INFO: dtree.c(1478): Final simple tree
|( QUESTION0 -1 -7.032e+04 2.980e+02 3.611e+02
|    ( QUESTION2_18_L -1 -3.572e+04 2.806e+02 1.846e+02
|        ( QUESTION0_0_R 1 -1.532e+04 2.372e+02 8.057e+01
|            ( - -1.238e+04 1 0)
|            ( - -2.708e+03 2 0 QUESTION0_14_R 1 2.060e+02 1.500e+01))
|        ( QUESTION0_2_R 1 -2.011e+04 2.912e+02 1.040e+02
|            ( - -8.000e+03 2 0 QUESTION0_6_R 1 2.223e+02 4.199e+01)
|            ( - -1.182e+04 3 0 QUESTION0_13_R 1 2.333e+02 6.199e+01)))
|    ( QUESTION0 1 -3.431e+04 2.560e+02 1.766e+02
|        ( QUESTION0_6_R 1 -2.899e+04 2.542e+02 1.505e+02
|            ( - -3.201e+03 2 0)
|            ( QUESTION0_0_R 1 -2.553e+04 2.388e+02 1.325e+02
|                ( - -2.287e+04 2 0)
|                ( - -2.419e+03 1 0)))
|        ( - -5.065e+03 2 0 QUESTION0_13_R 1 1.400e+02 2.605e+01)))
s>    ( QUESTION0 -1 -7.032e+04 2.980e+02 3.611e+02
s>        ( QUESTION2_18_L -1 -3.572e+04 2.806e+02 1.846e+02
s>            ( QUESTION0_0_R 1 -1.532e+04 2.372e+02 8.057e+01
s>                ( - -1.238e+04 1 0)
s>                ( - -2.708e+03 2 0 QUESTION0_14_R 1 2.060e+02 1.500e+01))
s>            ( QUESTION0_2_R 1 -2.011e+04 2.912e+02 1.040e+02
s>                ( - -8.000e+03 2 0 QUESTION0_6_R 1 2.223e+02 4.199e+01)
s>                ( - -1.182e+04 3 0 QUESTION0_13_R 1 2.333e+02 6.199e+01)))
s>        ( QUESTION0 1 -3.431e+04 2.560e+02 1.766e+02
s>            ( QUESTION0_6_R 1 -2.899e+04 2.542e+02 1.505e+02
s>                ( - -3.201e+03 2 0)
s>                ( QUESTION0_0_R 1 -2.553e+04 2.388e+02 1.325e+02
s>                    ( - -2.287e+04 2 0)
s>                    ( - -2.419e+03 1 0)))
s>            ( - -5.065e+03 2 0 QUESTION0_13_R 1 1.400e+02 2.605e+01)))INFO: dtree.c(1439): stop. leaf nodes are specific
INFO: dtree.c(1478): Final simple tree
|( QUESTION0_1_R 1 -3.266e+04 3.086e+02 1.681e+02
|    ( QUESTION6 -1 -1.271e+04 2.260e+02 6.709e+01
|        ( - -4.011e+03 1 0)
|        ( - -8.471e+03 1 0))
|    ( QUESTION0_12_R 1 -1.964e+04 3.404e+02 1.010e+02
|        ( - -7.804e+03 1 0)
|        ( QUESTION0 -1 -1.150e+04 2.566e+02 5.900e+01
|            ( QUESTION2_18_L -1 -8.931e+03 2.610e+02 4.700e+01
|                ( - -1.674e+03 1 0)
|                ( SILENCE 1 -6.996e+03 2.353e+02 3.700e+01
|                    ( - -2.616e+03 1 0)
|                    ( - -4.145e+03 1 0)))
|            ( - -2.311e+03 1 0))))
s>    ( QUESTION0_1_R 1 -3.266e+04 3.086e+02 1.681e+02
s>        ( QUESTION6 -1 -1.271e+04 2.260e+02 6.709e+01
s>            ( - -4.011e+03 1 0)
s>            ( - -8.471e+03 1 0))
s>        ( QUESTION0_12_R 1 -1.964e+04 3.404e+02 1.010e+02
s>            ( - -7.804e+03 1 0)
s>            ( QUESTION0 -1 -1.150e+04 2.566e+02 5.900e+01
s>                ( QUESTION2_18_L -1 -8.931e+03 2.610e+02 4.700e+01
s>                    ( - -1.674e+03 1 0)
s>                    ( SILENCE 1 -6.996e+03 2.353e+02 3.700e+01
s>                        ( - -2.616e+03 1 0)
s>                        ( - -4.145e+03 1 0)))
s>                ( - -2.311e+03 1 0))))INFO: dtree.c(1315): Comp split 10
INFO: dtree.c(1478): Final simple tree
|( QUESTION2_13_L -1 -1.281e+05 3.917e+02 6.601e+02
|    ( QUESTION0_5_R 1 -1.153e+05 2.625e+02 5.981e+02
|        ( - -5.753e+03 1 0)
|        ( QUESTION0_1_R 1 -1.093e+05 2.426e+02 5.672e+02
|            ( - -5.941e+03 3 0)
|            ( - -1.031e+05 1 0)))
|    ( QUESTION0_8_R 1 -1.242e+04 2.954e+02 6.200e+01
|        ( - -1.261e+03 1 0)
|        ( QUESTION0_15_R 1 -1.087e+04 2.822e+02 5.400e+01
|            ( - -2.060e+03 1 0)
|            ( QUESTION0_5_R 1 -8.526e+03 3.029e+02 4.100e+01
|                ( - -2.330e+03 1 0)
|                ( QUESTION17 1 -5.894e+03 2.455e+02 2.800e+01
|                    ( - -2.796e+02 1 0)
|                    ( - -5.368e+03 5 0 QUESTION0_0_R 1 2.145e+02 2.600e+01))))))
s>    ( QUESTION2_13_L -1 -1.281e+05 3.917e+02 6.601e+02
s>        ( QUESTION0_5_R 1 -1.153e+05 2.625e+02 5.981e+02
s>            ( - -5.753e+03 1 0)
s>            ( QUESTION0_1_R 1 -1.093e+05 2.426e+02 5.672e+02
s>                ( - -5.941e+03 3 0)
s>                ( - -1.031e+05 1 0)))
s>        ( QUESTION0_8_R 1 -1.242e+04 2.954e+02 6.200e+01
s>            ( - -1.261e+03 1 0)
s>            ( QUESTION0_15_R 1 -1.087e+04 2.822e+02 5.400e+01
s>                ( - -2.060e+03 1 0)
s>                ( QUESTION0_5_R 1 -8.526e+03 3.029e+02 4.100e+01
s>                    ( - -2.330e+03 1 0)
s>                    ( QUESTION17 1 -5.894e+03 2.455e+02 2.800e+01
s>                        ( - -2.796e+02 1 0)
s>                        ( - -5.368e+03 5 0 QUESTION0_0_R 1 2.145e+02 2.600e+01))))))INFO: dtree.c(1478): Final simple tree
|( QUESTION0_15_R 1 -3.321e+04 3.370e+02 1.657e+02
|    ( - -1.566e+03 1 0)
|    ( QUESTION0_5_R 1 -3.131e+04 3.206e+02 1.567e+02
|        ( - -4.379e+03 1 0)
|        ( SILENCE 1 -2.661e+04 2.916e+02 1.326e+02
|            ( - -1.780e+03 1 0)
|            ( QUESTION1 -1 -2.454e+04 2.758e+02 1.226e+02
|                ( - -4.571e+03 2 0 QUESTION0_0_R 1 1.908e+02 2.500e+01)
|                ( QUESTION0_4_R 1 -1.969e+04 2.465e+02 9.764e+01
|                    ( - -1.564e+03 1 0)
|                    ( QUESTION0_0_R 1 -1.788e+04 2.305e+02 8.864e+01
|                        ( - -7.633e+02 1 0)
|                        ( QUESTION18 1 -1.689e+04 2.038e+02 8.464e+01
|                            ( - -3.123e+03 1 0)
|                            ( - -1.356e+04 3 0 QUESTION0_13_R 1 1.759e+02 6.864e+01))))))))
s>    ( QUESTION0_15_R 1 -3.321e+04 3.370e+02 1.657e+02
s>        ( - -1.566e+03 1 0)
s>        ( QUESTION0_5_R 1 -3.131e+04 3.206e+02 1.567e+02
s>            ( - -4.379e+03 1 0)
s>            ( SILENCE 1 -2.661e+04 2.916e+02 1.326e+02
s>                ( - -1.780e+03 1 0)
s>                ( QUESTION1 -1 -2.454e+04 2.758e+02 1.226e+02
s>                    ( - -4.571e+03 2 0 QUESTION0_0_R 1 1.908e+02 2.500e+01)
s>                    ( QUESTION0_4_R 1 -1.969e+04 2.465e+02 9.764e+01
s>                        ( - -1.564e+03 1 0)
s>                        ( QUESTION0_0_R 1 -1.788e+04 2.305e+02 8.864e+01
s>                            ( - -7.633e+02 1 0)
s>                            ( QUESTION18 1 -1.689e+04 2.038e+02 8.464e+01
s>                                ( - -3.123e+03 1 0)
s>                                ( - -1.356e+04 3 0 QUESTION0_13_R 1 1.759e+02 6.864e+01))))))))INFO: dtree.c(1315): Comp split 11
INFO: dtree.c(1439): stop. leaf nodes are specific
INFO: dtree.c(1478): Final simple tree
|( SILENCE -1 -4.624e+03 2.345e+02 2.600e+01
|    ( - -2.330e+03 1 0)
|    ( - -2.060e+03 1 0))
s>    ( SILENCE -1 -4.624e+03 2.345e+02 2.600e+01
s>        ( - -2.330e+03 1 0)
s>        ( - -2.060e+03 1 0))INFO: dtree.c(1478): Final simple tree
|( QUESTION0_8_R 1 -1.230e+05 2.982e+02 6.341e+02
|    ( - -1.261e+03 1 0)
|    ( QUESTION0_1_R 1 -1.215e+05 2.818e+02 6.261e+02
|        ( QUESTION2_7_L -1 -7.164e+03 2.309e+02 3.700e+01
|            ( - -9.921e+02 1 0)
|            ( - -5.941e+03 3 0))
|        ( QUESTION0_5_R 1 -1.140e+05 2.614e+02 5.891e+02
|            ( - -5.753e+03 1 0)
|            ( QUESTION2_7_L -1 -1.080e+05 2.382e+02 5.582e+02
|                ( QUESTION15 1 -3.442e+03 2.455e+02 1.700e+01
|                    ( - -1.131e+03 1 0)
|                    ( - -2.066e+03 2 0 QUESTION0_0_R 1 1.861e+02 1.100e+01))
|                ( QUESTION0_0_R 1 -1.043e+05 2.340e+02 5.412e+02
|                    ( - -1.038e+05 2 0 SILENCE -1 1.886e+02 5.392e+02)
|                    ( - -2.796e+02 1 0))))))
s>    ( QUESTION0_8_R 1 -1.230e+05 2.982e+02 6.341e+02
s>        ( - -1.261e+03 1 0)
s>        ( QUESTION0_1_R 1 -1.215e+05 2.818e+02 6.261e+02
s>            ( QUESTION2_7_L -1 -7.164e+03 2.309e+02 3.700e+01
s>                ( - -9.921e+02 1 0)
s>                ( - -5.941e+03 3 0))
s>            ( QUESTION0_5_R 1 -1.140e+05 2.614e+02 5.891e+02
s>                ( - -5.753e+03 1 0)
s>                ( QUESTION2_7_L -1 -1.080e+05 2.382e+02 5.582e+02
s>                    ( QUESTION15 1 -3.442e+03 2.455e+02 1.700e+01
s>                        ( - -1.131e+03 1 0)
s>                        ( - -2.066e+03 2 0 QUESTION0_0_R 1 1.861e+02 1.100e+01))
s>                    ( QUESTION0_0_R 1 -1.043e+05 2.340e+02 5.412e+02
s>                        ( - -1.038e+05 2 0 SILENCE -1 1.886e+02 5.392e+02)
s>                        ( - -2.796e+02 1 0))))))INFO: dtree.c(1315): Comp split 12
INFO: dtree.c(1478): Final simple tree
|( QUESTION12 1 -6.366e+04 3.409e+02 3.362e+02
|    ( - -1.465e+04 1 0)
|    ( QUESTION17 1 -4.867e+04 2.443e+02 2.551e+02
|        ( QUESTION0_6_R 1 -6.999e+03 2.558e+02 3.642e+01
|            ( - -1.757e+03 1 0)
|            ( - -4.986e+03 2 0 QUESTION0_0_R 1 1.492e+02 2.712e+01))
|        ( QUESTION0_13_R 1 -4.143e+04 2.784e+02 2.187e+02
|            ( - -9.763e+02 1 0)
|            ( QUESTION15 1 -4.017e+04 2.448e+02 2.127e+02
|                ( - -2.259e+03 1 0)
|                ( QUESTION9 1 -3.767e+04 2.441e+02 1.987e+02
|                    ( - -1.486e+04 5 0 QUESTION0_6_R 1 2.235e+02 7.891e+01)
|                    ( QUESTION1 1 -2.257e+04 2.275e+02 1.198e+02
|                        ( - -2.067e+02 1 0)
|                        ( - -2.213e+04 5 0 QUESTION0_8_R 1 1.693e+02 1.178e+02)))))))
s>    ( QUESTION12 1 -6.366e+04 3.409e+02 3.362e+02
s>        ( - -1.465e+04 1 0)
s>        ( QUESTION17 1 -4.867e+04 2.443e+02 2.551e+02
s>            ( QUESTION0_6_R 1 -6.999e+03 2.558e+02 3.642e+01
s>                ( - -1.757e+03 1 0)
s>                ( - -4.986e+03 2 0 QUESTION0_0_R 1 1.492e+02 2.712e+01))
s>            ( QUESTION0_13_R 1 -4.143e+04 2.784e+02 2.187e+02
s>                ( - -9.763e+02 1 0)
s>                ( QUESTION15 1 -4.017e+04 2.448e+02 2.127e+02
s>                    ( - -2.259e+03 1 0)
s>                    ( QUESTION9 1 -3.767e+04 2.441e+02 1.987e+02
s>                        ( - -1.486e+04 5 0 QUESTION0_6_R 1 2.235e+02 7.891e+01)
s>                        ( QUESTION1 1 -2.257e+04 2.275e+02 1.198e+02
s>                            ( - -2.067e+02 1 0)
s>                            ( - -2.213e+04 5 0 QUESTION0_8_R 1 1.693e+02 1.178e+02)))))))INFO: dtree.c(1315): Comp split 13
INFO: dtree.c(1439): stop. leaf nodes are specific
INFO: dtree.c(1478): Final simple tree
|( QUESTION0 -1 -4.281e+04 3.133e+02 2.170e+02
|    ( - -1.782e+03 1 0)
|    ( QUESTION2_7_L -1 -4.072e+04 2.288e+02 2.070e+02
|        ( - -5.038e+02 1 0)
|        ( - -3.998e+04 2 0)))
s>    ( QUESTION0 -1 -4.281e+04 3.133e+02 2.170e+02
s>        ( - -1.782e+03 1 0)
s>        ( QUESTION2_7_L -1 -4.072e+04 2.288e+02 2.070e+02
s>            ( - -5.038e+02 1 0)
s>            ( - -3.998e+04 2 0)))INFO: dtree.c(1315): Comp split 14
INFO: dtree.c(1439): stop. leaf nodes are specific
INFO: dtree.c(1478): Final simple tree
|( QUESTION0_3_R 1 -1.709e+04 1.809e+02 9.506e+01
|    ( - -2.259e+03 1 0)
|    ( - -1.465e+04 1 0))
s>    ( QUESTION0_3_R 1 -1.709e+04 1.809e+02 9.506e+01
s>        ( - -2.259e+03 1 0)
s>        ( - -1.465e+04 1 0))INFO: dtree.c(1478): Final simple tree
|( QUESTION9 1 -4.617e+04 2.500e+02 2.411e+02
|    ( QUESTION0_6_R 1 -1.486e+04 2.235e+02 7.891e+01
|        ( - -2.006e+03 1 0)
|        ( QUESTION0_3_R 1 -1.263e+04 2.120e+02 6.691e+01
|            ( - -8.123e+03 2 0 QUESTION0 -1 3.084e+02 4.391e+01)
|            ( - -4.294e+03 2 0 QUESTION0 -1 3.454e+02 2.300e+01)))
|    ( QUESTION17 1 -3.106e+04 2.320e+02 1.622e+02
|        ( QUESTION0_6_R 1 -6.999e+03 2.558e+02 3.642e+01
|            ( - -1.757e+03 1 0)
|            ( - -4.986e+03 2 0 QUESTION0_0_R 1 1.492e+02 2.712e+01))
|        ( QUESTION0_13_R 1 -2.383e+04 2.867e+02 1.258e+02
|            ( - -9.763e+02 1 0)
|            ( QUESTION1 1 -2.257e+04 2.275e+02 1.198e+02
|                ( - -2.067e+02 1 0)
|                ( - -2.213e+04 5 0 QUESTION0_8_R 1 1.693e+02 1.178e+02)))))
s>    ( QUESTION9 1 -4.617e+04 2.500e+02 2.411e+02
s>        ( QUESTION0_6_R 1 -1.486e+04 2.235e+02 7.891e+01
s>            ( - -2.006e+03 1 0)
s>            ( QUESTION0_3_R 1 -1.263e+04 2.120e+02 6.691e+01
s>                ( - -8.123e+03 2 0 QUESTION0 -1 3.084e+02 4.391e+01)
s>                ( - -4.294e+03 2 0 QUESTION0 -1 3.454e+02 2.300e+01)))
s>        ( QUESTION17 1 -3.106e+04 2.320e+02 1.622e+02
s>            ( QUESTION0_6_R 1 -6.999e+03 2.558e+02 3.642e+01
s>                ( - -1.757e+03 1 0)
s>                ( - -4.986e+03 2 0 QUESTION0_0_R 1 1.492e+02 2.712e+01))
s>            ( QUESTION0_13_R 1 -2.383e+04 2.867e+02 1.258e+02
s>                ( - -9.763e+02 1 0)
s>                ( QUESTION1 1 -2.257e+04 2.275e+02 1.198e+02
s>                    ( - -2.067e+02 1 0)
s>                    ( - -2.213e+04 5 0 QUESTION0_8_R 1 1.693e+02 1.178e+02)))))INFO: dtree.c(1315): Comp split 15
INFO: dtree.c(1439): stop. leaf nodes are specific
INFO: dtree.c(1478): Final simple tree
|( QUESTION0_2_R 1 -2.447e+04 2.734e+02 1.276e+02
|    ( - -1.238e+04 1 0)
|    ( QUESTION0_13_R 1 -1.182e+04 2.333e+02 6.199e+01
|        ( - -4.325e+03 1 0)
|        ( QUESTION0_0_R 1 -7.262e+03 1.815e+02 3.795e+01
|            ( - -6.041e+03 1 0)
|            ( - -1.039e+03 1 0))))
s>    ( QUESTION0_2_R 1 -2.447e+04 2.734e+02 1.276e+02
s>        ( - -1.238e+04 1 0)
s>        ( QUESTION0_13_R 1 -1.182e+04 2.333e+02 6.199e+01
s>            ( - -4.325e+03 1 0)
s>            ( QUESTION0_0_R 1 -7.262e+03 1.815e+02 3.795e+01
s>                ( - -6.041e+03 1 0)
s>                ( - -1.039e+03 1 0))))INFO: dtree.c(1478): Final simple tree
|( QUESTION0 -1 -4.548e+04 2.917e+02 2.336e+02
|    ( QUESTION16 1 -1.088e+04 2.257e+02 5.699e+01
|        ( QUESTION0_0_R 1 -2.098e+03 2.066e+02 1.100e+01
|            ( - -1.359e+03 1 0)
|            ( - -5.321e+02 1 0))
|        ( QUESTION0_0_R 1 -8.558e+03 1.708e+02 4.599e+01
|            ( - -6.418e+03 1 0)
|            ( - -1.970e+03 1 0)))
|    ( QUESTION0 1 -3.431e+04 2.560e+02 1.766e+02
|        ( QUESTION0_6_R 1 -2.899e+04 2.542e+02 1.505e+02
|            ( - -3.201e+03 2 0)
|            ( QUESTION0_0_R 1 -2.553e+04 2.388e+02 1.325e+02
|                ( - -2.287e+04 2 0)
|                ( - -2.419e+03 1 0)))
|        ( - -5.065e+03 2 0 QUESTION0_13_R 1 1.400e+02 2.605e+01)))
s>    ( QUESTION0 -1 -4.548e+04 2.917e+02 2.336e+02
s>        ( QUESTION16 1 -1.088e+04 2.257e+02 5.699e+01
s>            ( QUESTION0_0_R 1 -2.098e+03 2.066e+02 1.100e+01
s>                ( - -1.359e+03 1 0)
s>                ( - -5.321e+02 1 0))
s>            ( QUESTION0_0_R 1 -8.558e+03 1.708e+02 4.599e+01
s>                ( - -6.418e+03 1 0)
s>                ( - -1.970e+03 1 0)))
s>        ( QUESTION0 1 -3.431e+04 2.560e+02 1.766e+02
s>            ( QUESTION0_6_R 1 -2.899e+04 2.542e+02 1.505e+02
s>                ( - -3.201e+03 2 0)
s>                ( QUESTION0_0_R 1 -2.553e+04 2.388e+02 1.325e+02
s>                    ( - -2.287e+04 2 0)
s>                    ( - -2.419e+03 1 0)))
s>            ( - -5.065e+03 2 0 QUESTION0_13_R 1 1.400e+02 2.605e+01)))INFO: dtree.c(1315): Comp split 16
INFO: dtree.c(1439): stop. leaf nodes are specific
INFO: dtree.c(1478): Final simple tree
|( QUESTION0 -1 -1.150e+04 2.566e+02 5.900e+01
|    ( QUESTION2_18_L -1 -8.931e+03 2.610e+02 4.700e+01
|        ( - -1.674e+03 1 0)
|        ( SILENCE 1 -6.996e+03 2.353e+02 3.700e+01
|            ( - -2.616e+03 1 0)
|            ( - -4.145e+03 1 0)))
|    ( - -2.311e+03 1 0))
s>    ( QUESTION0 -1 -1.150e+04 2.566e+02 5.900e+01
s>        ( QUESTION2_18_L -1 -8.931e+03 2.610e+02 4.700e+01
s>            ( - -1.674e+03 1 0)
s>            ( SILENCE 1 -6.996e+03 2.353e+02 3.700e+01
s>                ( - -2.616e+03 1 0)
s>                ( - -4.145e+03 1 0)))
s>        ( - -2.311e+03 1 0))INFO: dtree.c(1439): stop. leaf nodes are specific
INFO: dtree.c(1478): Final simple tree
|( QUESTION0_0_R 1 -2.080e+04 2.837e+02 1.091e+02
|    ( QUESTION6 -1 -1.271e+04 2.260e+02 6.709e+01
|        ( - -4.011e+03 1 0)
|        ( - -8.471e+03 1 0))
|    ( - -7.804e+03 1 0))
s>    ( QUESTION0_0_R 1 -2.080e+04 2.837e+02 1.091e+02
s>        ( QUESTION6 -1 -1.271e+04 2.260e+02 6.709e+01
s>            ( - -4.011e+03 1 0)
s>            ( - -8.471e+03 1 0))
s>        ( - -7.804e+03 1 0))INFO: dtree.c(1315): Comp split 17
INFO: dtree.c(1439): stop. leaf nodes are specific
INFO: dtree.c(1478): Final simple tree
|( SILENCE 1 -8.580e+03 3.403e+02 4.700e+01
|    ( - -3.451e+03 1 0)
|    ( - -4.789e+03 1 0))
s>    ( SILENCE 1 -8.580e+03 3.403e+02 4.700e+01
s>        ( - -3.451e+03 1 0)
s>        ( - -4.789e+03 1 0))INFO: dtree.c(1315): Comp split 18
INFO: dtree.c(1439): stop. leaf nodes are specific
INFO: dtree.c(1478): Final simple tree
|( WDBNDRY_S 0 -3.341e+05 2.561e+02 1.788e+03
|    ( - -6.316e+03 1 0)
|    ( - -3.275e+05 1 0))
s>    ( WDBNDRY_S 0 -3.341e+05 2.561e+02 1.788e+03
s>        ( - -6.316e+03 1 0)
s>        ( - -3.275e+05 1 0))INFO: dtree.c(1439): stop. leaf nodes are specific
INFO: dtree.c(1478): Final simple tree
|( QUESTION0 1 -4.371e+03 3.097e+02 2.500e+01
|    ( - -2.209e+03 1 0)
|    ( - -1.852e+03 1 0))
s>    ( QUESTION0 1 -4.371e+03 3.097e+02 2.500e+01
s>        ( - -2.209e+03 1 0)
s>        ( - -1.852e+03 1 0))INFO: dtree.c(1315): Comp split 19
INFO: dtree.c(1439): stop. leaf nodes are specific
INFO: dtree.c(1478): Final simple tree
|( QUESTION0_0_R 1 -5.559e+03 3.291e+02 3.400e+01
|    ( - -2.777e+03 1 0)
|    ( - -2.454e+03 1 0))
s>    ( QUESTION0_0_R 1 -5.559e+03 3.291e+02 3.400e+01
s>        ( - -2.777e+03 1 0)
s>        ( - -2.454e+03 1 0))INFO: dtree.c(1315): Comp split 20
INFO: dtree.c(1315): Comp split 21
INFO: dtree.c(1478): Final simple tree
|( QUESTION0_5_R 1 -3.131e+04 3.206e+02 1.567e+02
|    ( - -4.379e+03 1 0)
|    ( SILENCE 1 -2.661e+04 2.916e+02 1.326e+02
|        ( - -1.780e+03 1 0)
|        ( QUESTION1 -1 -2.454e+04 2.758e+02 1.226e+02
|            ( QUESTION0_0_R 1 -4.571e+03 1.908e+02 2.500e+01
|                ( - -1.985e+03 1 0)
|                ( - -2.396e+03 1 0))
|            ( QUESTION0_4_R 1 -1.969e+04 2.465e+02 9.764e+01
|                ( - -1.564e+03 1 0)
|                ( QUESTION0_0_R 1 -1.788e+04 2.305e+02 8.864e+01
|                    ( - -7.633e+02 1 0)
|                    ( QUESTION18 1 -1.689e+04 2.038e+02 8.464e+01
|                        ( - -3.123e+03 1 0)
|                        ( - -1.356e+04 3 0 QUESTION0_13_R 1 1.759e+02 6.864e+01)))))))
s>    ( QUESTION0_5_R 1 -3.131e+04 3.206e+02 1.567e+02
s>        ( - -4.379e+03 1 0)
s>        ( SILENCE 1 -2.661e+04 2.916e+02 1.326e+02
s>            ( - -1.780e+03 1 0)
s>            ( QUESTION1 -1 -2.454e+04 2.758e+02 1.226e+02
s>                ( QUESTION0_0_R 1 -4.571e+03 1.908e+02 2.500e+01
s>                    ( - -1.985e+03 1 0)
s>                    ( - -2.396e+03 1 0))
s>                ( QUESTION0_4_R 1 -1.969e+04 2.465e+02 9.764e+01
s>                    ( - -1.564e+03 1 0)
s>                    ( QUESTION0_0_R 1 -1.788e+04 2.305e+02 8.864e+01
s>                        ( - -7.633e+02 1 0)
s>                        ( QUESTION18 1 -1.689e+04 2.038e+02 8.464e+01
s>                            ( - -3.123e+03 1 0)
s>                            ( - -1.356e+04 3 0 QUESTION0_13_R 1 1.759e+02 6.864e+01)))))))INFO: dtree.c(1315): Comp split 22
INFO: dtree.c(1315): Comp split 23
INFO: dtree.c(1439): stop. leaf nodes are specific
INFO: dtree.c(1478): Final simple tree
|( QUESTION0_3_R 1 -5.384e+03 2.418e+02 2.803e+01
|    ( - -7.633e+02 1 0)
|    ( - -4.379e+03 1 0))
s>    ( QUESTION0_3_R 1 -5.384e+03 2.418e+02 2.803e+01
s>        ( - -7.633e+02 1 0)
s>        ( - -4.379e+03 1 0))INFO: dtree.c(1439): stop. leaf nodes are specific
INFO: dtree.c(1478): Final simple tree
|( SILENCE 1 -2.561e+04 2.890e+02 1.286e+02
|    ( - -1.780e+03 1 0)
|    ( QUESTION1 -1 -2.354e+04 2.720e+02 1.186e+02
|        ( QUESTION0_0_R 1 -4.571e+03 1.908e+02 2.500e+01
|            ( - -1.985e+03 1 0)
|            ( - -2.396e+03 1 0))
|        ( QUESTION0_0_R 1 -1.869e+04 2.415e+02 9.364e+01
|            ( - -1.564e+03 1 0)
|            ( QUESTION18 1 -1.689e+04 2.038e+02 8.464e+01
|                ( - -3.123e+03 1 0)
|                ( QUESTION0_13_R 1 -1.356e+04 1.759e+02 6.864e+01
|                    ( - -9.057e+02 1 0)
|                    ( - -1.248e+04 2 0))))))
s>    ( SILENCE 1 -2.561e+04 2.890e+02 1.286e+02
s>        ( - -1.780e+03 1 0)
s>        ( QUESTION1 -1 -2.354e+04 2.720e+02 1.186e+02
s>            ( QUESTION0_0_R 1 -4.571e+03 1.908e+02 2.500e+01
s>                ( - -1.985e+03 1 0)
s>                ( - -2.396e+03 1 0))
s>            ( QUESTION0_0_R 1 -1.869e+04 2.415e+02 9.364e+01
s>                ( - -1.564e+03 1 0)
s>                ( QUESTION18 1 -1.689e+04 2.038e+02 8.464e+01
s>                    ( - -3.123e+03 1 0)
s>                    ( QUESTION0_13_R 1 -1.356e+04 1.759e+02 6.864e+01
s>                        ( - -9.057e+02 1 0)
s>                        ( - -1.248e+04 2 0))))))INFO: dtree.c(1315): Comp split 24
INFO: dtree.c(1439): stop. leaf nodes are specific
INFO: dtree.c(1478): Final simple tree
|( QUESTION2_7_L -1 -4.072e+04 2.288e+02 2.070e+02
|    ( - -5.038e+02 1 0)
|    ( - -3.998e+04 2 0))
s>    ( QUESTION2_7_L -1 -4.072e+04 2.288e+02 2.070e+02
s>        ( - -5.038e+02 1 0)
s>        ( - -3.998e+04 2 0))INFO: dtree.c(1315): Comp split 25
INFO: dtree.c(1315): Comp split 26
INFO: dtree.c(1439): stop. leaf nodes are specific
INFO: dtree.c(1478): Final simple tree
|( QUESTION0_0_R 1 -8.473e+03 2.077e+02 4.405e+01
|    ( - -3.201e+03 2 0)
|    ( QUESTION0_13_R 1 -5.065e+03 1.400e+02 2.605e+01
|        ( - -8.809e+02 1 0)
|        ( - -4.044e+03 1 0)))
s>    ( QUESTION0_0_R 1 -8.473e+03 2.077e+02 4.405e+01
s>        ( - -3.201e+03 2 0)
s>        ( QUESTION0_13_R 1 -5.065e+03 1.400e+02 2.605e+01
s>            ( - -8.809e+02 1 0)
s>            ( - -4.044e+03 1 0)))INFO: dtree.c(1439): stop. leaf nodes are specific
INFO: dtree.c(1478): Final simple tree
|( QUESTION0 -1 -3.670e+04 2.873e+02 1.895e+02
|    ( QUESTION16 1 -1.088e+04 2.257e+02 5.699e+01
|        ( QUESTION0_0_R 1 -2.098e+03 2.066e+02 1.100e+01
|            ( - -1.359e+03 1 0)
|            ( - -5.321e+02 1 0))
|        ( QUESTION0_0_R 1 -8.558e+03 1.708e+02 4.599e+01
|            ( - -6.418e+03 1 0)
|            ( - -1.970e+03 1 0)))
|    ( QUESTION0_0_R 1 -2.553e+04 2.388e+02 1.325e+02
|        ( - -2.287e+04 2 0)
|        ( - -2.419e+03 1 0)))
s>    ( QUESTION0 -1 -3.670e+04 2.873e+02 1.895e+02
s>        ( QUESTION16 1 -1.088e+04 2.257e+02 5.699e+01
s>            ( QUESTION0_0_R 1 -2.098e+03 2.066e+02 1.100e+01
s>                ( - -1.359e+03 1 0)
s>                ( - -5.321e+02 1 0))
s>            ( QUESTION0_0_R 1 -8.558e+03 1.708e+02 4.599e+01
s>                ( - -6.418e+03 1 0)
s>                ( - -1.970e+03 1 0)))
s>        ( QUESTION0_0_R 1 -2.553e+04 2.388e+02 1.325e+02
s>            ( - -2.287e+04 2 0)
s>            ( - -2.419e+03 1 0)))INFO: dtree.c(1315): Comp split 27
INFO: dtree.c(1439): stop. leaf nodes are specific
INFO: dtree.c(1478): Final simple tree
|( QUESTION0_5_R 1 -1.140e+05 2.614e+02 5.891e+02
|    ( - -5.753e+03 1 0)
|    ( QUESTION2_7_L -1 -1.080e+05 2.382e+02 5.582e+02
|        ( QUESTION15 1 -3.442e+03 2.455e+02 1.700e+01
|            ( - -1.131e+03 1 0)
|            ( QUESTION0_0_R 1 -2.066e+03 1.861e+02 1.100e+01
|                ( - -5.132e+02 1 0)
|                ( - -1.367e+03 1 0)))
|        ( QUESTION0_0_R 1 -1.043e+05 2.340e+02 5.412e+02
|            ( SILENCE -1 -1.038e+05 1.886e+02 5.392e+02
|                ( - -5.210e+02 1 0)
|                ( - -1.031e+05 1 0))
|            ( - -2.796e+02 1 0))))
s>    ( QUESTION0_5_R 1 -1.140e+05 2.614e+02 5.891e+02
s>        ( - -5.753e+03 1 0)
s>        ( QUESTION2_7_L -1 -1.080e+05 2.382e+02 5.582e+02
s>            ( QUESTION15 1 -3.442e+03 2.455e+02 1.700e+01
s>                ( - -1.131e+03 1 0)
s>                ( QUESTION0_0_R 1 -2.066e+03 1.861e+02 1.100e+01
s>                    ( - -5.132e+02 1 0)
s>                    ( - -1.367e+03 1 0)))
s>            ( QUESTION0_0_R 1 -1.043e+05 2.340e+02 5.412e+02
s>                ( SILENCE -1 -1.038e+05 1.886e+02 5.392e+02
s>                    ( - -5.210e+02 1 0)
s>                    ( - -1.031e+05 1 0))
s>                ( - -2.796e+02 1 0))))INFO: dtree.c(1439): stop. leaf nodes are specific
INFO: dtree.c(1478): Final simple tree
|( SILENCE -1 -8.704e+03 2.783e+02 4.500e+01
|    ( - -1.261e+03 1 0)
|    ( QUESTION2_7_L -1 -7.164e+03 2.309e+02 3.700e+01
|        ( - -9.921e+02 1 0)
|        ( - -5.941e+03 3 0)))
s>    ( SILENCE -1 -8.704e+03 2.783e+02 4.500e+01
s>        ( - -1.261e+03 1 0)
s>        ( QUESTION2_7_L -1 -7.164e+03 2.309e+02 3.700e+01
s>            ( - -9.921e+02 1 0)
s>            ( - -5.941e+03 3 0)))INFO: dtree.c(1315): Comp split 28
INFO: dtree.c(1439): stop. leaf nodes are specific
INFO: dtree.c(1478): Final simple tree
|( QUESTION0_15_R 1 -2.626e+04 2.379e+02 1.355e+02
|    ( - -2.419e+03 1 0)
|    ( QUESTION0_0_R 1 -2.360e+04 1.951e+02 1.215e+02
|        ( - -2.287e+04 2 0)
|        ( - -5.321e+02 1 0)))
s>    ( QUESTION0_15_R 1 -2.626e+04 2.379e+02 1.355e+02
s>        ( - -2.419e+03 1 0)
s>        ( QUESTION0_0_R 1 -2.360e+04 1.951e+02 1.215e+02
s>            ( - -2.287e+04 2 0)
s>            ( - -5.321e+02 1 0)))INFO: dtree.c(1439): stop. leaf nodes are specific
INFO: dtree.c(1478): Final simple tree
|( QUESTION0_6_R 1 -1.015e+04 2.278e+02 5.399e+01
|    ( - -1.359e+03 1 0)
|    ( QUESTION0_0_R 1 -8.558e+03 1.708e+02 4.599e+01
|        ( - -6.418e+03 1 0)
|        ( - -1.970e+03 1 0)))
s>    ( QUESTION0_6_R 1 -1.015e+04 2.278e+02 5.399e+01
s>        ( - -1.359e+03 1 0)
s>        ( QUESTION0_0_R 1 -8.558e+03 1.708e+02 4.599e+01
s>            ( - -6.418e+03 1 0)
s>            ( - -1.970e+03 1 0)))INFO: dtree.c(1315): Comp split 29
INFO: dtree.c(1439): stop. leaf nodes are specific
INFO: dtree.c(1478): Final simple tree
|( QUESTION0_0_R 1 -2.993e+03 2.599e+02 1.530e+01
|    ( - -1.757e+03 1 0)
|    ( - -9.763e+02 1 0))
s>    ( QUESTION0_0_R 1 -2.993e+03 2.599e+02 1.530e+01
s>        ( - -1.757e+03 1 0)
s>        ( - -9.763e+02 1 0))INFO: dtree.c(1478): Final simple tree
|( QUESTION9 1 -4.288e+04 2.401e+02 2.258e+02
|    ( QUESTION0_6_R 1 -1.486e+04 2.235e+02 7.891e+01
|        ( - -2.006e+03 1 0)
|        ( QUESTION0_3_R 1 -1.263e+04 2.120e+02 6.691e+01
|            ( QUESTION0 -1 -8.123e+03 3.084e+02 4.391e+01
|                ( - -5.695e+03 1 0)
|                ( - -2.119e+03 1 0))
|            ( QUESTION0 -1 -4.294e+03 3.454e+02 2.300e+01
|                ( - -2.222e+03 1 0)
|                ( - -1.727e+03 1 0))))
|    ( QUESTION17 1 -2.778e+04 2.281e+02 1.469e+02
|        ( - -4.986e+03 2 0 QUESTION0_0_R 1 1.492e+02 2.712e+01)
|        ( QUESTION1 1 -2.257e+04 2.275e+02 1.198e+02
|            ( - -2.067e+02 1 0)
|            ( - -2.213e+04 5 0 QUESTION0_8_R 1 1.693e+02 1.178e+02))))
s>    ( QUESTION9 1 -4.288e+04 2.401e+02 2.258e+02
s>        ( QUESTION0_6_R 1 -1.486e+04 2.235e+02 7.891e+01
s>            ( - -2.006e+03 1 0)
s>            ( QUESTION0_3_R 1 -1.263e+04 2.120e+02 6.691e+01
s>                ( QUESTION0 -1 -8.123e+03 3.084e+02 4.391e+01
s>                    ( - -5.695e+03 1 0)
s>                    ( - -2.119e+03 1 0))
s>                ( QUESTION0 -1 -4.294e+03 3.454e+02 2.300e+01
s>                    ( - -2.222e+03 1 0)
s>                    ( - -1.727e+03 1 0))))
s>        ( QUESTION17 1 -2.778e+04 2.281e+02 1.469e+02
s>            ( - -4.986e+03 2 0 QUESTION0_0_R 1 1.492e+02 2.712e+01)
s>            ( QUESTION1 1 -2.257e+04 2.275e+02 1.198e+02
s>                ( - -2.067e+02 1 0)
s>                ( - -2.213e+04 5 0 QUESTION0_8_R 1 1.693e+02 1.178e+02))))INFO: dtree.c(1315): Comp split 30
INFO: dtree.c(1439): stop. leaf nodes are specific
INFO: dtree.c(1478): Final simple tree
|( QUESTION0_9_R 1 -3.051e+04 2.917e+02 1.627e+02
|    ( - -1.727e+03 1 0)
|    ( QUESTION1 1 -2.849e+04 2.294e+02 1.517e+02
|        ( - -2.067e+02 1 0)
|        ( QUESTION0_3_R 1 -2.805e+04 2.272e+02 1.497e+02
|            ( - -5.695e+03 1 0)
|            ( QUESTION0_8_R 1 -2.213e+04 1.693e+02 1.178e+02
|                ( - -6.983e+03 1 0)
|                ( QUESTION0_0_R 1 -1.498e+04 1.143e+02 8.008e+01
|                    ( - -3.984e+03 1 0)
|                    ( - -1.088e+04 3 0))))))
s>    ( QUESTION0_9_R 1 -3.051e+04 2.917e+02 1.627e+02
s>        ( - -1.727e+03 1 0)
s>        ( QUESTION1 1 -2.849e+04 2.294e+02 1.517e+02
s>            ( - -2.067e+02 1 0)
s>            ( QUESTION0_3_R 1 -2.805e+04 2.272e+02 1.497e+02
s>                ( - -5.695e+03 1 0)
s>                ( QUESTION0_8_R 1 -2.213e+04 1.693e+02 1.178e+02
s>                    ( - -6.983e+03 1 0)
s>                    ( QUESTION0_0_R 1 -1.498e+04 1.143e+02 8.008e+01
s>                        ( - -3.984e+03 1 0)
s>                        ( - -1.088e+04 3 0))))))INFO: dtree.c(1439): stop. leaf nodes are specific
INFO: dtree.c(1478): Final simple tree
|( QUESTION0_6_R 1 -1.201e+04 2.423e+02 6.312e+01
|    ( - -2.006e+03 1 0)
|    ( QUESTION0_3_R 1 -9.760e+03 2.116e+02 5.112e+01
|        ( - -2.119e+03 1 0)
|        ( QUESTION9 1 -7.429e+03 2.212e+02 3.912e+01
|            ( - -2.222e+03 1 0)
|            ( QUESTION0_0_R 1 -4.986e+03 1.492e+02 2.712e+01
|                ( - -2.803e+03 1 0)
|                ( - -2.034e+03 1 0)))))
s>    ( QUESTION0_6_R 1 -1.201e+04 2.423e+02 6.312e+01
s>        ( - -2.006e+03 1 0)
s>        ( QUESTION0_3_R 1 -9.760e+03 2.116e+02 5.112e+01
s>            ( - -2.119e+03 1 0)
s>            ( QUESTION9 1 -7.429e+03 2.212e+02 3.912e+01
s>                ( - -2.222e+03 1 0)
s>                ( QUESTION0_0_R 1 -4.986e+03 1.492e+02 2.712e+01
s>                    ( - -2.803e+03 1 0)
s>                    ( - -2.034e+03 1 0)))))INFO: dtree.c(1315): Comp split 31
INFO: dtree.c(1439): stop. leaf nodes are specific
INFO: dtree.c(1478): Final simple tree
|( WDBNDRY_E 0 -2.900e+04 2.386e+02 1.471e+02
|    ( - -2.708e+04 1 0)
|    ( - -1.683e+03 1 0))
s>    ( WDBNDRY_E 0 -2.900e+04 2.386e+02 1.471e+02
s>        ( - -2.708e+04 1 0)
s>        ( - -1.683e+03 1 0))INFO: dtree.c(1315): Comp split 32
INFO: dtree.c(1439): stop. leaf nodes are specific
INFO: dtree.c(1478): Final simple tree
|( QUESTION1 1 -2.849e+04 2.294e+02 1.517e+02
|    ( - -2.067e+02 1 0)
|    ( QUESTION0_3_R 1 -2.805e+04 2.272e+02 1.497e+02
|        ( - -5.695e+03 1 0)
|        ( QUESTION0_8_R 1 -2.213e+04 1.693e+02 1.178e+02
|            ( - -6.983e+03 1 0)
|            ( QUESTION0_0_R 1 -1.498e+04 1.143e+02 8.008e+01
|                ( - -3.984e+03 1 0)
|                ( - -1.088e+04 3 0)))))
s>    ( QUESTION1 1 -2.849e+04 2.294e+02 1.517e+02
s>        ( - -2.067e+02 1 0)
s>        ( QUESTION0_3_R 1 -2.805e+04 2.272e+02 1.497e+02
s>            ( - -5.695e+03 1 0)
s>            ( QUESTION0_8_R 1 -2.213e+04 1.693e+02 1.178e+02
s>                ( - -6.983e+03 1 0)
s>                ( QUESTION0_0_R 1 -1.498e+04 1.143e+02 8.008e+01
s>                    ( - -3.984e+03 1 0)
s>                    ( - -1.088e+04 3 0)))))INFO: dtree.c(1315): Comp split 33
INFO: dtree.c(1439): stop. leaf nodes are specific
INFO: dtree.c(1478): Final simple tree
|( QUESTION1 -1 -2.354e+04 2.720e+02 1.186e+02
|    ( QUESTION0_0_R 1 -4.571e+03 1.908e+02 2.500e+01
|        ( - -1.985e+03 1 0)
|        ( - -2.396e+03 1 0))
|    ( QUESTION0_0_R 1 -1.869e+04 2.415e+02 9.364e+01
|        ( - -1.564e+03 1 0)
|        ( QUESTION18 1 -1.689e+04 2.038e+02 8.464e+01
|            ( - -3.123e+03 1 0)
|            ( QUESTION0_13_R 1 -1.356e+04 1.759e+02 6.864e+01
|                ( - -9.057e+02 1 0)
|                ( - -1.248e+04 2 0)))))
s>    ( QUESTION1 -1 -2.354e+04 2.720e+02 1.186e+02
s>        ( QUESTION0_0_R 1 -4.571e+03 1.908e+02 2.500e+01
s>            ( - -1.985e+03 1 0)
s>            ( - -2.396e+03 1 0))
s>        ( QUESTION0_0_R 1 -1.869e+04 2.415e+02 9.364e+01
s>            ( - -1.564e+03 1 0)
s>            ( QUESTION18 1 -1.689e+04 2.038e+02 8.464e+01
s>                ( - -3.123e+03 1 0)
s>                ( QUESTION0_13_R 1 -1.356e+04 1.759e+02 6.864e+01
s>                    ( - -9.057e+02 1 0)
s>                    ( - -1.248e+04 2 0)))))INFO: dtree.c(1315): Comp split 34
INFO: dtree.c(1439): stop. leaf nodes are specific
INFO: dtree.c(1478): Final simple tree
|( QUESTION6 -1 -1.271e+04 2.260e+02 6.709e+01
|    ( - -4.011e+03 1 0)
|    ( - -8.471e+03 1 0))
s>    ( QUESTION6 -1 -1.271e+04 2.260e+02 6.709e+01
s>        ( - -4.011e+03 1 0)
s>        ( - -8.471e+03 1 0))INFO: dtree.c(1315): Comp split 35
INFO: dtree.c(1439): stop. leaf nodes are specific
INFO: dtree.c(1478): Final simple tree
|( SILENCE 1 -6.996e+03 2.353e+02 3.700e+01
|    ( - -2.616e+03 1 0)
|    ( - -4.145e+03 1 0))
s>    ( SILENCE 1 -6.996e+03 2.353e+02 3.700e+01
s>        ( - -2.616e+03 1 0)
s>        ( - -4.145e+03 1 0))INFO: dtree.c(1439): stop. leaf nodes are specific
INFO: dtree.c(1478): Final simple tree
|( SILENCE 1 -4.224e+03 2.389e+02 2.200e+01
|    ( - -1.674e+03 1 0)
|    ( - -2.311e+03 1 0))
s>    ( SILENCE 1 -4.224e+03 2.389e+02 2.200e+01
s>        ( - -1.674e+03 1 0)
s>        ( - -2.311e+03 1 0))INFO: dtree.c(1315): Comp split 36
INFO: dtree.c(1439): stop. leaf nodes are specific
INFO: dtree.c(1478): Final simple tree
|( QUESTION2_7_L -1 -7.164e+03 2.309e+02 3.700e+01
|    ( - -9.921e+02 1 0)
|    ( - -5.941e+03 3 0))
s>    ( QUESTION2_7_L -1 -7.164e+03 2.309e+02 3.700e+01
s>        ( - -9.921e+02 1 0)
s>        ( - -5.941e+03 3 0))INFO: dtree.c(1315): Comp split 37
INFO: dtree.c(1439): stop. leaf nodes are specific
INFO: dtree.c(1478): Final simple tree
|( QUESTION0_13_R 1 -1.182e+04 2.333e+02 6.199e+01
|    ( - -4.325e+03 1 0)
|    ( QUESTION0_0_R 1 -7.262e+03 1.815e+02 3.795e+01
|        ( - -6.041e+03 1 0)
|        ( - -1.039e+03 1 0)))
s>    ( QUESTION0_13_R 1 -1.182e+04 2.333e+02 6.199e+01
s>        ( - -4.325e+03 1 0)
s>        ( QUESTION0_0_R 1 -7.262e+03 1.815e+02 3.795e+01
s>            ( - -6.041e+03 1 0)
s>            ( - -1.039e+03 1 0)))INFO: dtree.c(1315): Comp split 38
INFO: dtree.c(1439): stop. leaf nodes are specific
INFO: dtree.c(1478): Final simple tree
|( QUESTION0_0_R 1 -1.869e+04 2.415e+02 9.364e+01
|    ( - -1.564e+03 1 0)
|    ( QUESTION18 1 -1.689e+04 2.038e+02 8.464e+01
|        ( - -3.123e+03 1 0)
|        ( QUESTION0_13_R 1 -1.356e+04 1.759e+02 6.864e+01
|            ( - -9.057e+02 1 0)
|            ( - -1.248e+04 2 0))))
s>    ( QUESTION0_0_R 1 -1.869e+04 2.415e+02 9.364e+01
s>        ( - -1.564e+03 1 0)
s>        ( QUESTION18 1 -1.689e+04 2.038e+02 8.464e+01
s>            ( - -3.123e+03 1 0)
s>            ( QUESTION0_13_R 1 -1.356e+04 1.759e+02 6.864e+01
s>                ( - -9.057e+02 1 0)
s>                ( - -1.248e+04 2 0))))INFO: dtree.c(1439): stop. leaf nodes are specific
INFO: dtree.c(1478): Final simple tree
|( QUESTION0_0_R 1 -4.571e+03 1.908e+02 2.500e+01
|    ( - -1.985e+03 1 0)
|    ( - -2.396e+03 1 0))
s>    ( QUESTION0_0_R 1 -4.571e+03 1.908e+02 2.500e+01
s>        ( - -1.985e+03 1 0)
s>        ( - -2.396e+03 1 0))INFO: dtree.c(1315): Comp split 39
INFO: dtree.c(1439): stop. leaf nodes are specific
INFO: dtree.c(1478): Final simple tree
|( QUESTION2_7_L -1 -1.059e+05 2.531e+02 5.492e+02
|    ( QUESTION0_0_R 1 -2.066e+03 1.861e+02 1.100e+01
|        ( - -5.132e+02 1 0)
|        ( - -1.367e+03 1 0))
|    ( SILENCE -1 -1.036e+05 2.342e+02 5.382e+02
|        ( - -2.796e+02 1 0)
|        ( - -1.031e+05 1 0)))
s>    ( QUESTION2_7_L -1 -1.059e+05 2.531e+02 5.492e+02
s>        ( QUESTION0_0_R 1 -2.066e+03 1.861e+02 1.100e+01
s>            ( - -5.132e+02 1 0)
s>            ( - -1.367e+03 1 0))
s>        ( SILENCE -1 -1.036e+05 2.342e+02 5.382e+02
s>            ( - -2.796e+02 1 0)
s>            ( - -1.031e+05 1 0)))INFO: dtree.c(1439): stop. leaf nodes are specific
INFO: dtree.c(1478): Final simple tree
|( QUESTION0_3_R 1 -7.818e+03 2.312e+02 3.995e+01
|    ( SILENCE -1 -1.834e+03 1.825e+02 9.000e+00
|        ( - -5.210e+02 1 0)
|        ( - -1.131e+03 1 0))
|    ( - -5.753e+03 1 0))
s>    ( QUESTION0_3_R 1 -7.818e+03 2.312e+02 3.995e+01
s>        ( SILENCE -1 -1.834e+03 1.825e+02 9.000e+00
s>            ( - -5.210e+02 1 0)
s>            ( - -1.131e+03 1 0))
s>        ( - -5.753e+03 1 0))INFO: dtree.c(1315): Comp split 40
INFO: dtree.c(1315): Comp split 41
INFO: dtree.c(1315): Comp split 42
INFO: dtree.c(1439): stop. leaf nodes are specific
INFO: dtree.c(1478): Final simple tree
|( SILENCE -1 -1.036e+05 2.342e+02 5.382e+02
|    ( - -2.796e+02 1 0)
|    ( - -1.031e+05 1 0))
s>    ( SILENCE -1 -1.036e+05 2.342e+02 5.382e+02
s>        ( - -2.796e+02 1 0)
s>        ( - -1.031e+05 1 0))INFO: dtree.c(1439): stop. leaf nodes are specific
INFO: dtree.c(1478): Final simple tree
|( QUESTION0_0_R 1 -2.066e+03 1.861e+02 1.100e+01
|    ( - -5.132e+02 1 0)
|    ( - -1.367e+03 1 0))
s>    ( QUESTION0_0_R 1 -2.066e+03 1.861e+02 1.100e+01
s>        ( - -5.132e+02 1 0)
s>        ( - -1.367e+03 1 0))INFO: dtree.c(1315): Comp split 43
INFO: dtree.c(1439): stop. leaf nodes are specific
INFO: dtree.c(1478): Final simple tree
|( QUESTION0_3_R 1 -9.760e+03 2.116e+02 5.112e+01
|    ( - -2.119e+03 1 0)
|    ( QUESTION9 1 -7.429e+03 2.212e+02 3.912e+01
|        ( - -2.222e+03 1 0)
|        ( QUESTION0_0_R 1 -4.986e+03 1.492e+02 2.712e+01
|            ( - -2.803e+03 1 0)
|            ( - -2.034e+03 1 0))))
s>    ( QUESTION0_3_R 1 -9.760e+03 2.116e+02 5.112e+01
s>        ( - -2.119e+03 1 0)
s>        ( QUESTION9 1 -7.429e+03 2.212e+02 3.912e+01
s>            ( - -2.222e+03 1 0)
s>            ( QUESTION0_0_R 1 -4.986e+03 1.492e+02 2.712e+01
s>                ( - -2.803e+03 1 0)
s>                ( - -2.034e+03 1 0))))INFO: dtree.c(1315): Comp split 44
INFO: dtree.c(1315): Comp split 45
INFO: dtree.c(1439): stop. leaf nodes are specific
INFO: dtree.c(1478): Final simple tree
|( QUESTION18 1 -1.689e+04 2.038e+02 8.464e+01
|    ( - -3.123e+03 1 0)
|    ( QUESTION0_13_R 1 -1.356e+04 1.759e+02 6.864e+01
|        ( - -9.057e+02 1 0)
|        ( - -1.248e+04 2 0)))
s>    ( QUESTION18 1 -1.689e+04 2.038e+02 8.464e+01
s>        ( - -3.123e+03 1 0)
s>        ( QUESTION0_13_R 1 -1.356e+04 1.759e+02 6.864e+01
s>            ( - -9.057e+02 1 0)
s>            ( - -1.248e+04 2 0)))INFO: dtree.c(1315): Comp split 46
INFO: dtree.c(1315): Comp split 47
INFO: dtree.c(1315): Comp split 48
INFO: dtree.c(1439): stop. leaf nodes are specific
INFO: dtree.c(1478): Final simple tree
|( QUESTION0_0_R 1 -2.360e+04 1.951e+02 1.215e+02
|    ( - -2.287e+04 2 0)
|    ( - -5.321e+02 1 0))
s>    ( QUESTION0_0_R 1 -2.360e+04 1.951e+02 1.215e+02
s>        ( - -2.287e+04 2 0)
s>        ( - -5.321e+02 1 0))INFO: dtree.c(1315): Comp split 49
INFO: dtree.c(1315): Comp split 50
INFO: dtree.c(1315): Comp split 51
INFO: dtree.c(1315): Comp split 52
INFO: dtree.c(1439): stop. leaf nodes are specific
INFO: dtree.c(1478): Final simple tree
|( QUESTION0_0_R 1 -7.262e+03 1.815e+02 3.795e+01
|    ( - -6.041e+03 1 0)
|    ( - -1.039e+03 1 0))
s>    ( QUESTION0_0_R 1 -7.262e+03 1.815e+02 3.795e+01
s>        ( - -6.041e+03 1 0)
s>        ( - -1.039e+03 1 0))INFO: dtree.c(1315): Comp split 53
INFO: dtree.c(1439): stop. leaf nodes are specific
INFO: dtree.c(1478): Final simple tree
|( SILENCE -1 -1.834e+03 1.825e+02 9.000e+00
|    ( - -5.210e+02 1 0)
|    ( - -1.131e+03 1 0))
s>    ( SILENCE -1 -1.834e+03 1.825e+02 9.000e+00
s>        ( - -5.210e+02 1 0)
s>        ( - -1.131e+03 1 0))INFO: dtree.c(1315): Comp split 54
INFO: dtree.c(1315): Comp split 55
INFO: dtree.c(1439): stop. leaf nodes are specific
INFO: dtree.c(1478): Final simple tree
|( QUESTION0_3_R 1 -2.805e+04 2.272e+02 1.497e+02
|    ( - -5.695e+03 1 0)
|    ( QUESTION0_8_R 1 -2.213e+04 1.693e+02 1.178e+02
|        ( - -6.983e+03 1 0)
|        ( QUESTION0_0_R 1 -1.498e+04 1.143e+02 8.008e+01
|            ( - -3.984e+03 1 0)
|            ( - -1.088e+04 3 0))))
s>    ( QUESTION0_3_R 1 -2.805e+04 2.272e+02 1.497e+02
s>        ( - -5.695e+03 1 0)
s>        ( QUESTION0_8_R 1 -2.213e+04 1.693e+02 1.178e+02
s>            ( - -6.983e+03 1 0)
s>            ( QUESTION0_0_R 1 -1.498e+04 1.143e+02 8.008e+01
s>                ( - -3.984e+03 1 0)
s>                ( - -1.088e+04 3 0))))INFO: dtree.c(1315): Comp split 56
INFO: dtree.c(1315): Comp split 57
INFO: dtree.c(1439): stop. leaf nodes are specific
INFO: dtree.c(1478): Final simple tree
|( QUESTION0_0_R 1 -8.558e+03 1.708e+02 4.599e+01
|    ( - -6.418e+03 1 0)
|    ( - -1.970e+03 1 0))
s>    ( QUESTION0_0_R 1 -8.558e+03 1.708e+02 4.599e+01
s>        ( - -6.418e+03 1 0)
s>        ( - -1.970e+03 1 0))INFO: dtree.c(1315): Comp split 58
INFO: dtree.c(1439): stop. leaf nodes are specific
INFO: dtree.c(1478): Final simple tree
|( QUESTION0_8_R 1 -2.213e+04 1.693e+02 1.178e+02
|    ( - -6.983e+03 1 0)
|    ( QUESTION0_0_R 1 -1.498e+04 1.143e+02 8.008e+01
|        ( - -3.984e+03 1 0)
|        ( - -1.088e+04 3 0)))
s>    ( QUESTION0_8_R 1 -2.213e+04 1.693e+02 1.178e+02
s>        ( - -6.983e+03 1 0)
s>        ( QUESTION0_0_R 1 -1.498e+04 1.143e+02 8.008e+01
s>            ( - -3.984e+03 1 0)
s>            ( - -1.088e+04 3 0)))INFO: dtree.c(1315): Comp split 59
INFO: dtree.c(1315): Comp split 60
INFO: dtree.c(1439): stop. leaf nodes are specific
INFO: dtree.c(1478): Final simple tree
|( QUESTION9 1 -7.429e+03 2.212e+02 3.912e+01
|    ( - -2.222e+03 1 0)
|    ( QUESTION0_0_R 1 -4.986e+03 1.492e+02 2.712e+01
|        ( - -2.803e+03 1 0)
|        ( - -2.034e+03 1 0)))
s>    ( QUESTION9 1 -7.429e+03 2.212e+02 3.912e+01
s>        ( - -2.222e+03 1 0)
s>        ( QUESTION0_0_R 1 -4.986e+03 1.492e+02 2.712e+01
s>            ( - -2.803e+03 1 0)
s>            ( - -2.034e+03 1 0)))INFO: dtree.c(1315): Comp split 61
INFO: dtree.c(1439): stop. leaf nodes are specific
INFO: dtree.c(1478): Final simple tree
|( QUESTION0_0_R 1 -4.986e+03 1.492e+02 2.712e+01
|    ( - -2.803e+03 1 0)
|    ( - -2.034e+03 1 0))
s>    ( QUESTION0_0_R 1 -4.986e+03 1.492e+02 2.712e+01
s>        ( - -2.803e+03 1 0)
s>        ( - -2.034e+03 1 0))INFO: dtree.c(1315): Comp split 62
INFO: dtree.c(1439): stop. leaf nodes are specific
INFO: dtree.c(1478): Final simple tree
|( QUESTION0_13_R 1 -5.065e+03 1.400e+02 2.605e+01
|    ( - -8.809e+02 1 0)
|    ( - -4.044e+03 1 0))
s>    ( QUESTION0_13_R 1 -5.065e+03 1.400e+02 2.605e+01
s>        ( - -8.809e+02 1 0)
s>        ( - -4.044e+03 1 0))INFO: dtree.c(1315): Comp split 63
INFO: dtree.c(1439): stop. leaf nodes are specific
INFO: dtree.c(1478): Final simple tree
|( QUESTION0_13_R 1 -1.356e+04 1.759e+02 6.864e+01
|    ( - -9.057e+02 1 0)
|    ( - -1.248e+04 2 0))
s>    ( QUESTION0_13_R 1 -1.356e+04 1.759e+02 6.864e+01
s>        ( - -9.057e+02 1 0)
s>        ( - -1.248e+04 2 0))INFO: dtree.c(1315): Comp split 64
INFO: dtree.c(1315): Comp split 65
INFO: dtree.c(1315): Comp split 66
INFO: dtree.c(1315): Comp split 67
INFO: dtree.c(1315): Comp split 68
INFO: dtree.c(1315): Comp split 69
INFO: dtree.c(1315): Comp split 70
INFO: dtree.c(1315): Comp split 71
INFO: dtree.c(1315): Comp split 72
INFO: dtree.c(1439): stop. leaf nodes are specific
INFO: dtree.c(1478): Final simple tree
|( QUESTION0_0_R 1 -1.498e+04 1.143e+02 8.008e+01
|    ( - -3.984e+03 1 0)
|    ( - -1.088e+04 3 0))
s>    ( QUESTION0_0_R 1 -1.498e+04 1.143e+02 8.008e+01
s>        ( - -3.984e+03 1 0)
s>        ( - -1.088e+04 3 0))INFO: dtree.c(1315): Comp split 73
INFO: dtree.c(1315): Comp split 74
INFO: dtree.c(1315): Comp split 75
INFO: dtree.c(1315): Comp split 76
INFO: dtree.c(1318): stop. leaf nodes are specific
Wed Dec 20 23:52:15 2017
