Current configuration:
[NAME]		[DEFLT]	[VALUE]
-allphones	no	no
-cntthresh	0.00001	1.000000e-05
-csplitmax	100	2000
-csplitmin	1	1
-csplitthr	8e-4	0.000000e+00
-example	no	no
-fullvar	no	no
-help		no	no
-meanfn			/home/alex/repos/speech/an4/model_parameters/an4.cd_cont_untied/means
-mixwfn			/home/alex/repos/speech/an4/model_parameters/an4.cd_cont_untied/mixture_weights
-moddeffn		/home/alex/repos/speech/an4/model_architecture/an4.untied.mdef
-mwfloor	1e-4	1.000000e-08
-phone			P
-psetfn			/home/alex/repos/speech/an4/model_architecture/an4.tree_questions
-ssplitmax	5	7
-ssplitmin	1	1
-ssplitthr	8e-4	0.000000e+00
-state			1
-stwt			1.0,0.05,0.0,
-treefn			/home/alex/repos/speech/an4/trees/an4.unpruned/P-1.dtree
-ts2cbfn	.semi.	.cont.
-varfloor	0.00001	1.000000e-05
-varfn			/home/alex/repos/speech/an4/model_parameters/an4.cd_cont_untied/variances

INFO: main.c(223): Reading: /home/alex/repos/speech/an4/model_architecture/an4.untied.mdef
INFO: model_def_io.c(573): Model definition info:
INFO: model_def_io.c(574): 1618 total models defined (34 base, 1584 tri)
INFO: model_def_io.c(575): 6472 total states
INFO: model_def_io.c(576): 4854 total tied states
INFO: model_def_io.c(577): 102 total tied CI states
INFO: model_def_io.c(578): 34 total tied transition matrices
INFO: model_def_io.c(579): 4 max state/model
INFO: model_def_io.c(580): 4 min state/model
INFO: main.c(242): Building trees for [P AA SIL e] through [P UW IY b]
INFO: main.c(269): Covering states |[3579 3629]| == 51
INFO: main.c(275): Reading: /home/alex/repos/speech/an4/model_parameters/an4.cd_cont_untied/mixture_weights
INFO: s3mixw_io.c(173): Read /home/alex/repos/speech/an4/model_parameters/an4.cd_cont_untied/mixture_weights [51x1x1 array]
INFO: main.c(311): 17 of 17 models have observation count greater than 0.000010
INFO: main.c(95): nrm stwt: 0.045 0.909 0.045 
INFO: s3gau_io.c(169): Read /home/alex/repos/speech/an4/model_parameters/an4.cd_cont_untied/means [4854x1x1 array]
INFO: s3gau_io.c(169): Read /home/alex/repos/speech/an4/model_parameters/an4.cd_cont_untied/variances [4854x1x1 array]
INFO: main.c(549): Reading: /home/alex/repos/speech/an4/model_architecture/an4.tree_questions
INFO: main.c(588): 180 total simple questions (172 phone; 8 word bndry)
INFO: main.c(590): 42 Left Only questions, and 42 Right Only questions
INFO: dtree.c(1478): Final simple tree
|( QUESTION0_12_R 1 -1.382e+05 9.643e+02 5.765e+02
|    ( QUESTION5 1 -1.094e+05 4.666e+02 4.483e+02
|        ( - 2.428e+02 1 0)
|        ( QUESTION0_13_R 1 -1.092e+05 4.648e+02 4.473e+02
|            ( - 2.182e+02 1 0)
|            ( SILENCE -1 -1.090e+05 2.187e+02 4.463e+02
|                ( - -6.528e+04 1 0)
|                ( WDBNDRY_B 0 -4.347e+04 1.713e+02 1.833e+02
|                    ( QUESTION0 -1 -3.321e+04 1.327e+02 1.395e+02
|                        ( - -1.130e+04 5 0 QUESTION7 -1 1.056e+02 4.872e+01)
|                        ( - -2.178e+04 5 0 QUESTION2_0_L -1 1.224e+02 9.077e+01))
|                    ( - -1.009e+04 1 0)))))
|    ( QUESTION0 -1 -2.776e+04 2.674e+02 1.282e+02
|        ( - -1.948e+04 2 0 WDBNDRY_E 0 1.268e+02 9.375e+01)
|        ( - -8.020e+03 1 0)))
s>    ( QUESTION0_12_R 1 -1.382e+05 9.643e+02 5.765e+02
s>        ( QUESTION5 1 -1.094e+05 4.666e+02 4.483e+02
s>            ( - 2.428e+02 1 0)
s>            ( QUESTION0_13_R 1 -1.092e+05 4.648e+02 4.473e+02
s>                ( - 2.182e+02 1 0)
s>                ( SILENCE -1 -1.090e+05 2.187e+02 4.463e+02
s>                    ( - -6.528e+04 1 0)
s>                    ( WDBNDRY_B 0 -4.347e+04 1.713e+02 1.833e+02
s>                        ( QUESTION0 -1 -3.321e+04 1.327e+02 1.395e+02
s>                            ( - -1.130e+04 5 0 QUESTION7 -1 1.056e+02 4.872e+01)
s>                            ( - -2.178e+04 5 0 QUESTION2_0_L -1 1.224e+02 9.077e+01))
s>                        ( - -1.009e+04 1 0)))))
s>        ( QUESTION0 -1 -2.776e+04 2.674e+02 1.282e+02
s>            ( - -1.948e+04 2 0 WDBNDRY_E 0 1.268e+02 9.375e+01)
s>            ( - -8.020e+03 1 0)))INFO: dtree.c(1315): Comp split 0
INFO: dtree.c(1478): Final simple tree
|( QUESTION5 1 -1.094e+05 4.666e+02 4.483e+02
|    ( - 2.428e+02 1 0)
|    ( QUESTION0_13_R 1 -1.092e+05 4.648e+02 4.473e+02
|        ( - 2.182e+02 1 0)
|        ( SILENCE -1 -1.090e+05 2.187e+02 4.463e+02
|            ( - -6.528e+04 1 0)
|            ( WDBNDRY_B 0 -4.347e+04 1.713e+02 1.833e+02
|                ( QUESTION0 -1 -3.321e+04 1.327e+02 1.395e+02
|                    ( - -1.130e+04 5 0 QUESTION7 -1 1.056e+02 4.872e+01)
|                    ( QUESTION2_0_L -1 -2.178e+04 1.224e+02 9.077e+01
|                        ( - -3.776e+03 1 0)
|                        ( QUESTION2_7_L -1 -1.788e+04 1.096e+02 7.474e+01
|                            ( - -3.543e+03 1 0)
|                            ( - -1.422e+04 3 0 QUESTION2_14_L -1 1.026e+02 5.976e+01))))
|                ( - -1.009e+04 1 0)))))
s>    ( QUESTION5 1 -1.094e+05 4.666e+02 4.483e+02
s>        ( - 2.428e+02 1 0)
s>        ( QUESTION0_13_R 1 -1.092e+05 4.648e+02 4.473e+02
s>            ( - 2.182e+02 1 0)
s>            ( SILENCE -1 -1.090e+05 2.187e+02 4.463e+02
s>                ( - -6.528e+04 1 0)
s>                ( WDBNDRY_B 0 -4.347e+04 1.713e+02 1.833e+02
s>                    ( QUESTION0 -1 -3.321e+04 1.327e+02 1.395e+02
s>                        ( - -1.130e+04 5 0 QUESTION7 -1 1.056e+02 4.872e+01)
s>                        ( QUESTION2_0_L -1 -2.178e+04 1.224e+02 9.077e+01
s>                            ( - -3.776e+03 1 0)
s>                            ( QUESTION2_7_L -1 -1.788e+04 1.096e+02 7.474e+01
s>                                ( - -3.543e+03 1 0)
s>                                ( - -1.422e+04 3 0 QUESTION2_14_L -1 1.026e+02 5.976e+01))))
s>                    ( - -1.009e+04 1 0)))))INFO: dtree.c(1439): stop. leaf nodes are specific
INFO: dtree.c(1478): Final simple tree
|( QUESTION0 -1 -2.776e+04 2.674e+02 1.282e+02
|    ( WDBNDRY_E 0 -1.948e+04 1.268e+02 9.375e+01
|        ( - -1.778e+04 1 0)
|        ( - -1.571e+03 1 0))
|    ( - -8.020e+03 1 0))
s>    ( QUESTION0 -1 -2.776e+04 2.674e+02 1.282e+02
s>        ( WDBNDRY_E 0 -1.948e+04 1.268e+02 9.375e+01
s>            ( - -1.778e+04 1 0)
s>            ( - -1.571e+03 1 0))
s>        ( - -8.020e+03 1 0))INFO: dtree.c(1315): Comp split 1
INFO: dtree.c(1478): Final simple tree
|( QUESTION0_13_R 1 -1.092e+05 4.648e+02 4.473e+02
|    ( - 2.182e+02 1 0)
|    ( SILENCE -1 -1.090e+05 2.187e+02 4.463e+02
|        ( - -6.528e+04 1 0)
|        ( WDBNDRY_B 0 -4.347e+04 1.713e+02 1.833e+02
|            ( QUESTION0 -1 -3.321e+04 1.327e+02 1.395e+02
|                ( QUESTION7 -1 -1.130e+04 1.056e+02 4.872e+01
|                    ( - -2.371e+03 1 0)
|                    ( - -8.823e+03 4 0 QUESTION2 -1 9.319e+01 3.872e+01))
|                ( QUESTION2_0_L -1 -2.178e+04 1.224e+02 9.077e+01
|                    ( - -3.776e+03 1 0)
|                    ( QUESTION2_7_L -1 -1.788e+04 1.096e+02 7.474e+01
|                        ( - -3.543e+03 1 0)
|                        ( - -1.422e+04 3 0 QUESTION2_14_L -1 1.026e+02 5.976e+01))))
|            ( - -1.009e+04 1 0))))
s>    ( QUESTION0_13_R 1 -1.092e+05 4.648e+02 4.473e+02
s>        ( - 2.182e+02 1 0)
s>        ( SILENCE -1 -1.090e+05 2.187e+02 4.463e+02
s>            ( - -6.528e+04 1 0)
s>            ( WDBNDRY_B 0 -4.347e+04 1.713e+02 1.833e+02
s>                ( QUESTION0 -1 -3.321e+04 1.327e+02 1.395e+02
s>                    ( QUESTION7 -1 -1.130e+04 1.056e+02 4.872e+01
s>                        ( - -2.371e+03 1 0)
s>                        ( - -8.823e+03 4 0 QUESTION2 -1 9.319e+01 3.872e+01))
s>                    ( QUESTION2_0_L -1 -2.178e+04 1.224e+02 9.077e+01
s>                        ( - -3.776e+03 1 0)
s>                        ( QUESTION2_7_L -1 -1.788e+04 1.096e+02 7.474e+01
s>                            ( - -3.543e+03 1 0)
s>                            ( - -1.422e+04 3 0 QUESTION2_14_L -1 1.026e+02 5.976e+01))))
s>                ( - -1.009e+04 1 0))))INFO: dtree.c(1315): Comp split 2
INFO: dtree.c(1478): Final simple tree
|( SILENCE -1 -1.090e+05 2.187e+02 4.463e+02
|    ( - -6.528e+04 1 0)
|    ( WDBNDRY_B 0 -4.347e+04 1.713e+02 1.833e+02
|        ( QUESTION0 -1 -3.321e+04 1.327e+02 1.395e+02
|            ( QUESTION7 -1 -1.130e+04 1.056e+02 4.872e+01
|                ( - -2.371e+03 1 0)
|                ( - -8.823e+03 4 0 QUESTION2 -1 9.319e+01 3.872e+01))
|            ( QUESTION2_0_L -1 -2.178e+04 1.224e+02 9.077e+01
|                ( - -3.776e+03 1 0)
|                ( QUESTION2_7_L -1 -1.788e+04 1.096e+02 7.474e+01
|                    ( - -3.543e+03 1 0)
|                    ( QUESTION2_14_L -1 -1.422e+04 1.026e+02 5.976e+01
|                        ( - -1.094e+04 1 0)
|                        ( - -3.178e+03 2 0)))))
|        ( - -1.009e+04 1 0)))
s>    ( SILENCE -1 -1.090e+05 2.187e+02 4.463e+02
s>        ( - -6.528e+04 1 0)
s>        ( WDBNDRY_B 0 -4.347e+04 1.713e+02 1.833e+02
s>            ( QUESTION0 -1 -3.321e+04 1.327e+02 1.395e+02
s>                ( QUESTION7 -1 -1.130e+04 1.056e+02 4.872e+01
s>                    ( - -2.371e+03 1 0)
s>                    ( - -8.823e+03 4 0 QUESTION2 -1 9.319e+01 3.872e+01))
s>                ( QUESTION2_0_L -1 -2.178e+04 1.224e+02 9.077e+01
s>                    ( - -3.776e+03 1 0)
s>                    ( QUESTION2_7_L -1 -1.788e+04 1.096e+02 7.474e+01
s>                        ( - -3.543e+03 1 0)
s>                        ( QUESTION2_14_L -1 -1.422e+04 1.026e+02 5.976e+01
s>                            ( - -1.094e+04 1 0)
s>                            ( - -3.178e+03 2 0)))))
s>            ( - -1.009e+04 1 0)))INFO: dtree.c(1315): Comp split 3
INFO: dtree.c(1439): stop. leaf nodes are specific
INFO: dtree.c(1478): Final simple tree
|( WDBNDRY_E 0 -1.948e+04 1.268e+02 9.375e+01
|    ( - -1.778e+04 1 0)
|    ( - -1.571e+03 1 0))
s>    ( WDBNDRY_E 0 -1.948e+04 1.268e+02 9.375e+01
s>        ( - -1.778e+04 1 0)
s>        ( - -1.571e+03 1 0))INFO: dtree.c(1315): Comp split 4
INFO: dtree.c(1439): stop. leaf nodes are specific
INFO: dtree.c(1478): Final simple tree
|( QUESTION20 -1 -8.861e+04 1.566e+02 3.615e+02
|    ( QUESTION2_14_L -1 -1.422e+04 1.026e+02 5.976e+01
|        ( - -1.094e+04 1 0)
|        ( - -3.178e+03 2 0))
|    ( SILENCE -1 -7.423e+04 1.330e+02 3.017e+02
|        ( - -6.528e+04 1 0)
|        ( QUESTION2 -1 -8.823e+03 9.319e+01 3.872e+01
|            ( - -2.320e+03 1 0)
|            ( QUESTION14 -1 -6.410e+03 8.124e+01 2.772e+01
|                ( - -1.850e+03 1 0)
|                ( QUESTION1 -1 -4.480e+03 8.145e+01 1.972e+01
|                    ( - -3.409e+03 1 0)
|                    ( - -9.896e+02 1 0))))))
s>    ( QUESTION20 -1 -8.861e+04 1.566e+02 3.615e+02
s>        ( QUESTION2_14_L -1 -1.422e+04 1.026e+02 5.976e+01
s>            ( - -1.094e+04 1 0)
s>            ( - -3.178e+03 2 0))
s>        ( SILENCE -1 -7.423e+04 1.330e+02 3.017e+02
s>            ( - -6.528e+04 1 0)
s>            ( QUESTION2 -1 -8.823e+03 9.319e+01 3.872e+01
s>                ( - -2.320e+03 1 0)
s>                ( QUESTION14 -1 -6.410e+03 8.124e+01 2.772e+01
s>                    ( - -1.850e+03 1 0)
s>                    ( QUESTION1 -1 -4.480e+03 8.145e+01 1.972e+01
s>                        ( - -3.409e+03 1 0)
s>                        ( - -9.896e+02 1 0))))))INFO: dtree.c(1439): stop. leaf nodes are specific
INFO: dtree.c(1478): Final simple tree
|( WDBNDRY_B 0 -2.012e+04 1.374e+02 8.481e+01
|    ( QUESTION2_0_L -1 -9.895e+03 1.018e+02 4.101e+01
|        ( QUESTION0 -1 -6.250e+03 1.020e+02 2.602e+01
|            ( - -2.371e+03 1 0)
|            ( - -3.776e+03 1 0))
|        ( - -3.543e+03 1 0))
|    ( - -1.009e+04 1 0))
s>    ( WDBNDRY_B 0 -2.012e+04 1.374e+02 8.481e+01
s>        ( QUESTION2_0_L -1 -9.895e+03 1.018e+02 4.101e+01
s>            ( QUESTION0 -1 -6.250e+03 1.020e+02 2.602e+01
s>                ( - -2.371e+03 1 0)
s>                ( - -3.776e+03 1 0))
s>            ( - -3.543e+03 1 0))
s>        ( - -1.009e+04 1 0))INFO: dtree.c(1315): Comp split 5
INFO: dtree.c(1439): stop. leaf nodes are specific
INFO: dtree.c(1478): Final simple tree
|( SILENCE -1 -6.987e+04 1.121e+02 2.827e+02
|    ( - -6.528e+04 1 0)
|    ( QUESTION1 -1 -4.480e+03 8.145e+01 1.972e+01
|        ( - -3.409e+03 1 0)
|        ( - -9.896e+02 1 0)))
s>    ( SILENCE -1 -6.987e+04 1.121e+02 2.827e+02
s>        ( - -6.528e+04 1 0)
s>        ( QUESTION1 -1 -4.480e+03 8.145e+01 1.972e+01
s>            ( - -3.409e+03 1 0)
s>            ( - -9.896e+02 1 0)))INFO: dtree.c(1439): stop. leaf nodes are specific
INFO: dtree.c(1478): Final simple tree
|( QUESTION0 -1 -1.858e+04 1.049e+02 7.876e+01
|    ( QUESTION1 -1 -4.251e+03 8.226e+01 1.900e+01
|        ( - -2.320e+03 1 0)
|        ( - -1.850e+03 1 0))
|    ( QUESTION2_14_L -1 -1.422e+04 1.026e+02 5.976e+01
|        ( - -1.094e+04 1 0)
|        ( - -3.178e+03 2 0)))
s>    ( QUESTION0 -1 -1.858e+04 1.049e+02 7.876e+01
s>        ( QUESTION1 -1 -4.251e+03 8.226e+01 1.900e+01
s>            ( - -2.320e+03 1 0)
s>            ( - -1.850e+03 1 0))
s>        ( QUESTION2_14_L -1 -1.422e+04 1.026e+02 5.976e+01
s>            ( - -1.094e+04 1 0)
s>            ( - -3.178e+03 2 0)))INFO: dtree.c(1315): Comp split 6
INFO: dtree.c(1439): stop. leaf nodes are specific
INFO: dtree.c(1478): Final simple tree
|( QUESTION2_0_L -1 -9.895e+03 1.018e+02 4.101e+01
|    ( QUESTION0 -1 -6.250e+03 1.020e+02 2.602e+01
|        ( - -2.371e+03 1 0)
|        ( - -3.776e+03 1 0))
|    ( - -3.543e+03 1 0))
s>    ( QUESTION2_0_L -1 -9.895e+03 1.018e+02 4.101e+01
s>        ( QUESTION0 -1 -6.250e+03 1.020e+02 2.602e+01
s>            ( - -2.371e+03 1 0)
s>            ( - -3.776e+03 1 0))
s>        ( - -3.543e+03 1 0))INFO: dtree.c(1315): Comp split 7
INFO: dtree.c(1315): Comp split 8
INFO: dtree.c(1439): stop. leaf nodes are specific
INFO: dtree.c(1478): Final simple tree
|( QUESTION1 -1 -4.480e+03 8.145e+01 1.972e+01
|    ( - -3.409e+03 1 0)
|    ( - -9.896e+02 1 0))
s>    ( QUESTION1 -1 -4.480e+03 8.145e+01 1.972e+01
s>        ( - -3.409e+03 1 0)
s>        ( - -9.896e+02 1 0))INFO: dtree.c(1315): Comp split 9
INFO: dtree.c(1439): stop. leaf nodes are specific
INFO: dtree.c(1478): Final simple tree
|( QUESTION0 -1 -1.529e+04 9.891e+01 6.483e+01
|    ( QUESTION1 -1 -4.251e+03 8.226e+01 1.900e+01
|        ( - -2.320e+03 1 0)
|        ( - -1.850e+03 1 0))
|    ( - -1.094e+04 1 0))
s>    ( QUESTION0 -1 -1.529e+04 9.891e+01 6.483e+01
s>        ( QUESTION1 -1 -4.251e+03 8.226e+01 1.900e+01
s>            ( - -2.320e+03 1 0)
s>            ( - -1.850e+03 1 0))
s>        ( - -1.094e+04 1 0))INFO: dtree.c(1315): Comp split 10
INFO: dtree.c(1439): stop. leaf nodes are specific
INFO: dtree.c(1478): Final simple tree
|( QUESTION0 -1 -6.250e+03 1.020e+02 2.602e+01
|    ( - -2.371e+03 1 0)
|    ( - -3.776e+03 1 0))
s>    ( QUESTION0 -1 -6.250e+03 1.020e+02 2.602e+01
s>        ( - -2.371e+03 1 0)
s>        ( - -3.776e+03 1 0))INFO: dtree.c(1315): Comp split 11
INFO: dtree.c(1315): Comp split 12
INFO: dtree.c(1439): stop. leaf nodes are specific
INFO: dtree.c(1478): Final simple tree
|( QUESTION1 -1 -4.251e+03 8.226e+01 1.900e+01
|    ( - -2.320e+03 1 0)
|    ( - -1.850e+03 1 0))
s>    ( QUESTION1 -1 -4.251e+03 8.226e+01 1.900e+01
s>        ( - -2.320e+03 1 0)
s>        ( - -1.850e+03 1 0))INFO: dtree.c(1315): Comp split 13
INFO: dtree.c(1315): Comp split 14
INFO: dtree.c(1315): Comp split 15
INFO: dtree.c(1318): stop. leaf nodes are specific
Wed Dec 20 23:52:22 2017
