Current configuration:
[NAME]		[DEFLT]	[VALUE]
-allphones	no	no
-cntthresh	0.00001	1.000000e-05
-csplitmax	100	2000
-csplitmin	1	1
-csplitthr	8e-4	0.000000e+00
-example	no	no
-fullvar	no	no
-help		no	no
-meanfn			/home/alex/repos/speech/an4/model_parameters/an4.cd_cont_untied/means
-mixwfn			/home/alex/repos/speech/an4/model_parameters/an4.cd_cont_untied/mixture_weights
-moddeffn		/home/alex/repos/speech/an4/model_architecture/an4.untied.mdef
-mwfloor	1e-4	1.000000e-08
-phone			K
-psetfn			/home/alex/repos/speech/an4/model_architecture/an4.tree_questions
-ssplitmax	5	7
-ssplitmin	1	1
-ssplitthr	8e-4	0.000000e+00
-state			2
-stwt			1.0,0.05,0.0,
-treefn			/home/alex/repos/speech/an4/trees/an4.unpruned/K-2.dtree
-ts2cbfn	.semi.	.cont.
-varfloor	0.00001	1.000000e-05
-varfn			/home/alex/repos/speech/an4/model_parameters/an4.cd_cont_untied/variances

INFO: main.c(223): Reading: /home/alex/repos/speech/an4/model_architecture/an4.untied.mdef
INFO: model_def_io.c(573): Model definition info:
INFO: model_def_io.c(574): 1618 total models defined (34 base, 1584 tri)
INFO: model_def_io.c(575): 6472 total states
INFO: model_def_io.c(576): 4854 total tied states
INFO: model_def_io.c(577): 102 total tied CI states
INFO: model_def_io.c(578): 34 total tied transition matrices
INFO: model_def_io.c(579): 4 max state/model
INFO: model_def_io.c(580): 4 min state/model
INFO: main.c(242): Building trees for [K AA T i] through [K UW Y b]
INFO: main.c(269): Covering states |[2733 2825]| == 93
INFO: main.c(275): Reading: /home/alex/repos/speech/an4/model_parameters/an4.cd_cont_untied/mixture_weights
INFO: s3mixw_io.c(173): Read /home/alex/repos/speech/an4/model_parameters/an4.cd_cont_untied/mixture_weights [93x1x1 array]
INFO: main.c(311): 31 of 31 models have observation count greater than 0.000010
INFO: main.c(95): nrm stwt: 0.000 0.048 0.952 
INFO: s3gau_io.c(169): Read /home/alex/repos/speech/an4/model_parameters/an4.cd_cont_untied/means [4854x1x1 array]
INFO: s3gau_io.c(169): Read /home/alex/repos/speech/an4/model_parameters/an4.cd_cont_untied/variances [4854x1x1 array]
INFO: main.c(549): Reading: /home/alex/repos/speech/an4/model_architecture/an4.tree_questions
INFO: main.c(588): 180 total simple questions (172 phone; 8 word bndry)
INFO: main.c(590): 42 Left Only questions, and 42 Right Only questions
INFO: dtree.c(1478): Final simple tree
|( QUESTION0_20_R 1 -2.909e+05 4.294e+03 1.270e+03
|    ( QUESTION2_14_L -1 -1.189e+05 2.323e+02 5.306e+02
|        ( - -4.464e+04 4 0)
|        ( QUESTION2_20_L -1 -7.400e+04 2.131e+02 3.270e+02
|            ( - -2.109e+04 8 0 QUESTION0 -1 1.323e+02 9.510e+01)
|            ( QUESTION20 -1 -5.270e+04 1.805e+02 2.319e+02
|                ( QUESTION2_0_L -1 -2.486e+04 1.760e+02 1.116e+02
|                    ( - -7.354e+03 2 0)
|                    ( - -1.733e+04 4 0 QUESTION2_8_L -1 7.688e+01 7.629e+01))
|                ( QUESTION14 -1 -2.766e+04 1.555e+02 1.203e+02
|                    ( - -1.622e+03 1 0)
|                    ( - -2.588e+04 7 0 QUESTION6 -1 1.130e+02 1.123e+02)))))
|    ( QUESTION0_1_R 1 -1.677e+05 2.117e+02 7.391e+02
|        ( - -1.645e+05 2 0 QUESTION11 -1 1.248e+02 7.261e+02)
|        ( - -3.012e+03 3 0 QUESTION1 -1 1.473e+02 1.300e+01)))
s>    ( QUESTION0_20_R 1 -2.909e+05 4.294e+03 1.270e+03
s>        ( QUESTION2_14_L -1 -1.189e+05 2.323e+02 5.306e+02
s>            ( - -4.464e+04 4 0)
s>            ( QUESTION2_20_L -1 -7.400e+04 2.131e+02 3.270e+02
s>                ( - -2.109e+04 8 0 QUESTION0 -1 1.323e+02 9.510e+01)
s>                ( QUESTION20 -1 -5.270e+04 1.805e+02 2.319e+02
s>                    ( QUESTION2_0_L -1 -2.486e+04 1.760e+02 1.116e+02
s>                        ( - -7.354e+03 2 0)
s>                        ( - -1.733e+04 4 0 QUESTION2_8_L -1 7.688e+01 7.629e+01))
s>                    ( QUESTION14 -1 -2.766e+04 1.555e+02 1.203e+02
s>                        ( - -1.622e+03 1 0)
s>                        ( - -2.588e+04 7 0 QUESTION6 -1 1.130e+02 1.123e+02)))))
s>        ( QUESTION0_1_R 1 -1.677e+05 2.117e+02 7.391e+02
s>            ( - -1.645e+05 2 0 QUESTION11 -1 1.248e+02 7.261e+02)
s>            ( - -3.012e+03 3 0 QUESTION1 -1 1.473e+02 1.300e+01)))INFO: dtree.c(1315): Comp split 0
INFO: dtree.c(1478): Final simple tree
|( QUESTION2_14_L -1 -1.189e+05 2.323e+02 5.306e+02
|    ( - -4.464e+04 4 0)
|    ( QUESTION2_20_L -1 -7.400e+04 2.131e+02 3.270e+02
|        ( QUESTION0 -1 -2.109e+04 1.323e+02 9.510e+01
|            ( - -2.639e+03 3 0 QUESTION2 -1 1.061e+02 1.200e+01)
|            ( - -1.832e+04 5 0))
|        ( QUESTION20 -1 -5.270e+04 1.805e+02 2.319e+02
|            ( QUESTION2_0_L -1 -2.486e+04 1.760e+02 1.116e+02
|                ( - -7.354e+03 2 0)
|                ( - -1.733e+04 4 0 QUESTION2_8_L -1 7.688e+01 7.629e+01))
|            ( QUESTION14 -1 -2.766e+04 1.555e+02 1.203e+02
|                ( - -1.622e+03 1 0)
|                ( QUESTION6 -1 -2.588e+04 1.130e+02 1.123e+02
|                    ( - -3.070e+03 1 0)
|                    ( - -2.270e+04 6 0 SILENCE -1 1.020e+02 9.831e+01))))))
s>    ( QUESTION2_14_L -1 -1.189e+05 2.323e+02 5.306e+02
s>        ( - -4.464e+04 4 0)
s>        ( QUESTION2_20_L -1 -7.400e+04 2.131e+02 3.270e+02
s>            ( QUESTION0 -1 -2.109e+04 1.323e+02 9.510e+01
s>                ( - -2.639e+03 3 0 QUESTION2 -1 1.061e+02 1.200e+01)
s>                ( - -1.832e+04 5 0))
s>            ( QUESTION20 -1 -5.270e+04 1.805e+02 2.319e+02
s>                ( QUESTION2_0_L -1 -2.486e+04 1.760e+02 1.116e+02
s>                    ( - -7.354e+03 2 0)
s>                    ( - -1.733e+04 4 0 QUESTION2_8_L -1 7.688e+01 7.629e+01))
s>                ( QUESTION14 -1 -2.766e+04 1.555e+02 1.203e+02
s>                    ( - -1.622e+03 1 0)
s>                    ( QUESTION6 -1 -2.588e+04 1.130e+02 1.123e+02
s>                        ( - -3.070e+03 1 0)
s>                        ( - -2.270e+04 6 0 SILENCE -1 1.020e+02 9.831e+01))))))INFO: dtree.c(1439): stop. leaf nodes are specific
INFO: dtree.c(1478): Final simple tree
|( QUESTION0_1_R 1 -1.677e+05 2.117e+02 7.391e+02
|    ( QUESTION11 -1 -1.645e+05 1.248e+02 7.261e+02
|        ( - -1.435e+05 1 0)
|        ( - -2.086e+04 1 0))
|    ( QUESTION1 -1 -3.012e+03 1.473e+02 1.300e+01
|        ( WDBNDRY_B 0 -2.487e+03 1.105e+02 1.100e+01
|            ( - -5.725e+02 1 0)
|            ( - -1.804e+03 1 0))
|        ( - -3.783e+02 1 0)))
s>    ( QUESTION0_1_R 1 -1.677e+05 2.117e+02 7.391e+02
s>        ( QUESTION11 -1 -1.645e+05 1.248e+02 7.261e+02
s>            ( - -1.435e+05 1 0)
s>            ( - -2.086e+04 1 0))
s>        ( QUESTION1 -1 -3.012e+03 1.473e+02 1.300e+01
s>            ( WDBNDRY_B 0 -2.487e+03 1.105e+02 1.100e+01
s>                ( - -5.725e+02 1 0)
s>                ( - -1.804e+03 1 0))
s>            ( - -3.783e+02 1 0)))INFO: dtree.c(1315): Comp split 1
INFO: dtree.c(1478): Final simple tree
|( QUESTION20 -1 -4.793e+04 1.891e+02 2.086e+02
|    ( - -1.733e+04 4 0 QUESTION2_8_L -1 7.688e+01 7.629e+01)
|    ( QUESTION14 -1 -3.042e+04 1.537e+02 1.323e+02
|        ( - -1.622e+03 1 0)
|        ( QUESTION2_20_L -1 -2.864e+04 1.222e+02 1.243e+02
|            ( QUESTION2 -1 -2.639e+03 1.061e+02 1.200e+01
|                ( - -5.704e+02 1 0)
|                ( - -1.962e+03 2 0))
|            ( QUESTION6 -1 -2.588e+04 1.130e+02 1.123e+02
|                ( - -3.070e+03 1 0)
|                ( SILENCE -1 -2.270e+04 1.020e+02 9.831e+01
|                    ( - -1.011e+04 2 0)
|                    ( QUESTION1 -1 -1.248e+04 9.186e+01 5.622e+01
|                        ( - -1.057e+04 2 0)
|                        ( - -1.821e+03 2 0)))))))
s>    ( QUESTION20 -1 -4.793e+04 1.891e+02 2.086e+02
s>        ( - -1.733e+04 4 0 QUESTION2_8_L -1 7.688e+01 7.629e+01)
s>        ( QUESTION14 -1 -3.042e+04 1.537e+02 1.323e+02
s>            ( - -1.622e+03 1 0)
s>            ( QUESTION2_20_L -1 -2.864e+04 1.222e+02 1.243e+02
s>                ( QUESTION2 -1 -2.639e+03 1.061e+02 1.200e+01
s>                    ( - -5.704e+02 1 0)
s>                    ( - -1.962e+03 2 0))
s>                ( QUESTION6 -1 -2.588e+04 1.130e+02 1.123e+02
s>                    ( - -3.070e+03 1 0)
s>                    ( SILENCE -1 -2.270e+04 1.020e+02 9.831e+01
s>                        ( - -1.011e+04 2 0)
s>                        ( QUESTION1 -1 -1.248e+04 9.186e+01 5.622e+01
s>                            ( - -1.057e+04 2 0)
s>                            ( - -1.821e+03 2 0)))))))INFO: dtree.c(1439): stop. leaf nodes are specific
INFO: dtree.c(1478): Final simple tree
|( QUESTION2_15_L -1 -7.068e+04 2.090e+02 3.220e+02
|    ( - -1.832e+04 5 0)
|    ( QUESTION2_0_L -1 -5.215e+04 1.627e+02 2.389e+02
|        ( - -7.354e+03 2 0)
|        ( - -4.464e+04 4 0)))
s>    ( QUESTION2_15_L -1 -7.068e+04 2.090e+02 3.220e+02
s>        ( - -1.832e+04 5 0)
s>        ( QUESTION2_0_L -1 -5.215e+04 1.627e+02 2.389e+02
s>            ( - -7.354e+03 2 0)
s>            ( - -4.464e+04 4 0)))INFO: dtree.c(1315): Comp split 2
INFO: dtree.c(1439): stop. leaf nodes are specific
INFO: dtree.c(1478): Final simple tree
|( QUESTION11 -1 -1.645e+05 1.248e+02 7.261e+02
|    ( - -1.435e+05 1 0)
|    ( - -2.086e+04 1 0))
s>    ( QUESTION11 -1 -1.645e+05 1.248e+02 7.261e+02
s>        ( - -1.435e+05 1 0)
s>        ( - -2.086e+04 1 0))INFO: dtree.c(1439): stop. leaf nodes are specific
INFO: dtree.c(1478): Final simple tree
|( QUESTION1 -1 -3.012e+03 1.473e+02 1.300e+01
|    ( WDBNDRY_B 0 -2.487e+03 1.105e+02 1.100e+01
|        ( - -5.725e+02 1 0)
|        ( - -1.804e+03 1 0))
|    ( - -3.783e+02 1 0))
s>    ( QUESTION1 -1 -3.012e+03 1.473e+02 1.300e+01
s>        ( WDBNDRY_B 0 -2.487e+03 1.105e+02 1.100e+01
s>            ( - -5.725e+02 1 0)
s>            ( - -1.804e+03 1 0))
s>        ( - -3.783e+02 1 0))INFO: dtree.c(1315): Comp split 3
INFO: dtree.c(1439): stop. leaf nodes are specific
INFO: dtree.c(1478): Final simple tree
|( QUESTION2_0_L -1 -5.215e+04 1.627e+02 2.389e+02
|    ( - -7.354e+03 2 0)
|    ( - -4.464e+04 4 0))
s>    ( QUESTION2_0_L -1 -5.215e+04 1.627e+02 2.389e+02
s>        ( - -7.354e+03 2 0)
s>        ( - -4.464e+04 4 0))INFO: dtree.c(1315): Comp split 4
INFO: dtree.c(1439): stop. leaf nodes are specific
INFO: dtree.c(1478): Final simple tree
|( QUESTION2_20_L -1 -2.864e+04 1.222e+02 1.243e+02
|    ( QUESTION2 -1 -2.639e+03 1.061e+02 1.200e+01
|        ( - -5.704e+02 1 0)
|        ( - -1.962e+03 2 0))
|    ( QUESTION6 -1 -2.588e+04 1.130e+02 1.123e+02
|        ( - -3.070e+03 1 0)
|        ( SILENCE -1 -2.270e+04 1.020e+02 9.831e+01
|            ( - -1.011e+04 2 0)
|            ( QUESTION1 -1 -1.248e+04 9.186e+01 5.622e+01
|                ( - -1.057e+04 2 0)
|                ( - -1.821e+03 2 0)))))
s>    ( QUESTION2_20_L -1 -2.864e+04 1.222e+02 1.243e+02
s>        ( QUESTION2 -1 -2.639e+03 1.061e+02 1.200e+01
s>            ( - -5.704e+02 1 0)
s>            ( - -1.962e+03 2 0))
s>        ( QUESTION6 -1 -2.588e+04 1.130e+02 1.123e+02
s>            ( - -3.070e+03 1 0)
s>            ( SILENCE -1 -2.270e+04 1.020e+02 9.831e+01
s>                ( - -1.011e+04 2 0)
s>                ( QUESTION1 -1 -1.248e+04 9.186e+01 5.622e+01
s>                    ( - -1.057e+04 2 0)
s>                    ( - -1.821e+03 2 0)))))INFO: dtree.c(1439): stop. leaf nodes are specific
INFO: dtree.c(1478): Final simple tree
|( QUESTION0 -1 -1.910e+04 1.502e+02 8.429e+01
|    ( - -1.622e+03 1 0)
|    ( QUESTION2_8_L -1 -1.733e+04 7.688e+01 7.629e+01
|        ( - -2.564e+03 2 0)
|        ( - -1.469e+04 2 0)))
s>    ( QUESTION0 -1 -1.910e+04 1.502e+02 8.429e+01
s>        ( - -1.622e+03 1 0)
s>        ( QUESTION2_8_L -1 -1.733e+04 7.688e+01 7.629e+01
s>            ( - -2.564e+03 2 0)
s>            ( - -1.469e+04 2 0)))INFO: dtree.c(1315): Comp split 5
INFO: dtree.c(1315): Comp split 6
INFO: dtree.c(1439): stop. leaf nodes are specific
INFO: dtree.c(1478): Final simple tree
|( QUESTION2_8_L -1 -1.733e+04 7.688e+01 7.629e+01
|    ( - -2.564e+03 2 0)
|    ( - -1.469e+04 2 0))
s>    ( QUESTION2_8_L -1 -1.733e+04 7.688e+01 7.629e+01
s>        ( - -2.564e+03 2 0)
s>        ( - -1.469e+04 2 0))INFO: dtree.c(1315): Comp split 7
INFO: dtree.c(1439): stop. leaf nodes are specific
INFO: dtree.c(1478): Final simple tree
|( WDBNDRY_B 0 -2.487e+03 1.105e+02 1.100e+01
|    ( - -5.725e+02 1 0)
|    ( - -1.804e+03 1 0))
s>    ( WDBNDRY_B 0 -2.487e+03 1.105e+02 1.100e+01
s>        ( - -5.725e+02 1 0)
s>        ( - -1.804e+03 1 0))INFO: dtree.c(1315): Comp split 8
INFO: dtree.c(1315): Comp split 9
INFO: dtree.c(1439): stop. leaf nodes are specific
INFO: dtree.c(1478): Final simple tree
|( QUESTION2 -1 -4.561e+03 1.115e+02 2.020e+01
|    ( - -5.704e+02 1 0)
|    ( QUESTION1 -1 -3.879e+03 9.630e+01 1.720e+01
|        ( - -1.962e+03 2 0)
|        ( - -1.821e+03 2 0)))
s>    ( QUESTION2 -1 -4.561e+03 1.115e+02 2.020e+01
s>        ( - -5.704e+02 1 0)
s>        ( QUESTION1 -1 -3.879e+03 9.630e+01 1.720e+01
s>            ( - -1.962e+03 2 0)
s>            ( - -1.821e+03 2 0)))INFO: dtree.c(1439): stop. leaf nodes are specific
INFO: dtree.c(1478): Final simple tree
|( QUESTION6 -1 -2.396e+04 1.103e+02 1.041e+02
|    ( - -3.070e+03 1 0)
|    ( SILENCE -1 -2.078e+04 9.375e+01 9.011e+01
|        ( - -1.011e+04 2 0)
|        ( - -1.057e+04 2 0)))
s>    ( QUESTION6 -1 -2.396e+04 1.103e+02 1.041e+02
s>        ( - -3.070e+03 1 0)
s>        ( SILENCE -1 -2.078e+04 9.375e+01 9.011e+01
s>            ( - -1.011e+04 2 0)
s>            ( - -1.057e+04 2 0)))INFO: dtree.c(1315): Comp split 10
INFO: dtree.c(1439): stop. leaf nodes are specific
INFO: dtree.c(1478): Final simple tree
|( QUESTION1 -1 -3.879e+03 9.630e+01 1.720e+01
|    ( - -1.962e+03 2 0)
|    ( - -1.821e+03 2 0))
s>    ( QUESTION1 -1 -3.879e+03 9.630e+01 1.720e+01
s>        ( - -1.962e+03 2 0)
s>        ( - -1.821e+03 2 0))INFO: dtree.c(1315): Comp split 11
INFO: dtree.c(1315): Comp split 12
INFO: dtree.c(1439): stop. leaf nodes are specific
INFO: dtree.c(1478): Final simple tree
|( SILENCE -1 -2.078e+04 9.375e+01 9.011e+01
|    ( - -1.011e+04 2 0)
|    ( - -1.057e+04 2 0))
s>    ( SILENCE -1 -2.078e+04 9.375e+01 9.011e+01
s>        ( - -1.011e+04 2 0)
s>        ( - -1.057e+04 2 0))INFO: dtree.c(1315): Comp split 13
INFO: dtree.c(1315): Comp split 14
INFO: dtree.c(1315): Comp split 15
INFO: dtree.c(1315): Comp split 16
INFO: dtree.c(1318): stop. leaf nodes are specific
Wed Dec 20 23:52:20 2017
