Current configuration:
[NAME]		[DEFLT]	[VALUE]
-allphones	no	no
-cntthresh	0.00001	1.000000e-05
-csplitmax	100	2000
-csplitmin	1	1
-csplitthr	8e-4	0.000000e+00
-example	no	no
-fullvar	no	no
-help		no	no
-meanfn			/home/alex/repos/speech/an4/model_parameters/an4.cd_cont_untied/means
-mixwfn			/home/alex/repos/speech/an4/model_parameters/an4.cd_cont_untied/mixture_weights
-moddeffn		/home/alex/repos/speech/an4/model_architecture/an4.untied.mdef
-mwfloor	1e-4	1.000000e-08
-phone			T
-psetfn			/home/alex/repos/speech/an4/model_architecture/an4.tree_questions
-ssplitmax	5	7
-ssplitmin	1	1
-ssplitthr	8e-4	0.000000e+00
-state			2
-stwt			1.0,0.05,0.0,
-treefn			/home/alex/repos/speech/an4/trees/an4.unpruned/T-2.dtree
-ts2cbfn	.semi.	.cont.
-varfloor	0.00001	1.000000e-05
-varfn			/home/alex/repos/speech/an4/model_parameters/an4.cd_cont_untied/variances

INFO: main.c(223): Reading: /home/alex/repos/speech/an4/model_architecture/an4.untied.mdef
INFO: model_def_io.c(573): Model definition info:
INFO: model_def_io.c(574): 1618 total models defined (34 base, 1584 tri)
INFO: model_def_io.c(575): 6472 total states
INFO: model_def_io.c(576): 4854 total tied states
INFO: model_def_io.c(577): 102 total tied CI states
INFO: model_def_io.c(578): 34 total tied transition matrices
INFO: model_def_io.c(579): 4 max state/model
INFO: model_def_io.c(580): 4 min state/model
INFO: main.c(242): Building trees for [T AH IY b] through [T V W b]
INFO: main.c(269): Covering states |[4080 4361]| == 282
INFO: main.c(275): Reading: /home/alex/repos/speech/an4/model_parameters/an4.cd_cont_untied/mixture_weights
INFO: s3mixw_io.c(173): Read /home/alex/repos/speech/an4/model_parameters/an4.cd_cont_untied/mixture_weights [282x1x1 array]
INFO: main.c(311): 94 of 94 models have observation count greater than 0.000010
INFO: main.c(95): nrm stwt: 0.000 0.048 0.952 
INFO: s3gau_io.c(169): Read /home/alex/repos/speech/an4/model_parameters/an4.cd_cont_untied/means [4854x1x1 array]
INFO: s3gau_io.c(169): Read /home/alex/repos/speech/an4/model_parameters/an4.cd_cont_untied/variances [4854x1x1 array]
INFO: main.c(549): Reading: /home/alex/repos/speech/an4/model_architecture/an4.tree_questions
INFO: main.c(588): 180 total simple questions (172 phone; 8 word bndry)
INFO: main.c(590): 42 Left Only questions, and 42 Right Only questions
INFO: dtree.c(1478): Final simple tree
|( QUESTION20 1 -9.145e+05 3.382e+03 4.143e+03
|    ( WDBNDRY_B 0 -7.126e+05 2.214e+03 3.255e+03
|        ( QUESTION2_3_L -1 -5.545e+05 8.045e+02 2.561e+03
|            ( - -7.287e+04 3 0 QUESTION0 -1 1.125e+02 3.406e+02)
|            ( QUESTION2_14_L -1 -4.808e+05 6.927e+02 2.221e+03
|                ( - -1.391e+05 4 0)
|                ( - -3.410e+05 25 0 SILENCE -1 3.412e+02 1.572e+03)))
|        ( QUESTION2_7_L -1 -1.559e+05 7.154e+02 6.942e+02
|            ( - -6.116e+04 4 0 WDBNDRY_E 0 4.612e+02 2.759e+02)
|            ( - -9.401e+04 14 0 QUESTION2 -1 6.086e+02 4.183e+02)))
|    ( QUESTION4 1 -1.985e+05 1.615e+03 8.873e+02
|        ( WDBNDRY_I 0 -6.270e+04 8.248e+02 2.760e+02
|            ( - -9.485e+03 1 0)
|            ( - -5.239e+04 16 0 QUESTION2 -1 1.906e+02 2.334e+02))
|        ( - -1.342e+05 27 0 WDBNDRY_E 0 3.121e+02 6.112e+02)))
s>    ( QUESTION20 1 -9.145e+05 3.382e+03 4.143e+03
s>        ( WDBNDRY_B 0 -7.126e+05 2.214e+03 3.255e+03
s>            ( QUESTION2_3_L -1 -5.545e+05 8.045e+02 2.561e+03
s>                ( - -7.287e+04 3 0 QUESTION0 -1 1.125e+02 3.406e+02)
s>                ( QUESTION2_14_L -1 -4.808e+05 6.927e+02 2.221e+03
s>                    ( - -1.391e+05 4 0)
s>                    ( - -3.410e+05 25 0 SILENCE -1 3.412e+02 1.572e+03)))
s>            ( QUESTION2_7_L -1 -1.559e+05 7.154e+02 6.942e+02
s>                ( - -6.116e+04 4 0 WDBNDRY_E 0 4.612e+02 2.759e+02)
s>                ( - -9.401e+04 14 0 QUESTION2 -1 6.086e+02 4.183e+02)))
s>        ( QUESTION4 1 -1.985e+05 1.615e+03 8.873e+02
s>            ( WDBNDRY_I 0 -6.270e+04 8.248e+02 2.760e+02
s>                ( - -9.485e+03 1 0)
s>                ( - -5.239e+04 16 0 QUESTION2 -1 1.906e+02 2.334e+02))
s>            ( - -1.342e+05 27 0 WDBNDRY_E 0 3.121e+02 6.112e+02)))INFO: dtree.c(1315): Comp split 0
INFO: dtree.c(1478): Final simple tree
|( QUESTION2_3_L -1 -5.545e+05 8.045e+02 2.561e+03
|    ( - -7.287e+04 3 0 QUESTION0 -1 1.125e+02 3.406e+02)
|    ( QUESTION2_14_L -1 -4.808e+05 6.927e+02 2.221e+03
|        ( - -1.391e+05 4 0)
|        ( SILENCE -1 -3.410e+05 3.412e+02 1.572e+03
|            ( - -4.006e+04 2 0)
|            ( QUESTION16 -1 -3.006e+05 3.150e+02 1.389e+03
|                ( - -7.528e+04 2 0)
|                ( QUESTION1 -1 -2.251e+05 2.173e+02 1.041e+03
|                    ( QUESTION2 -1 -8.673e+04 1.390e+02 4.055e+02
|                        ( - -5.875e+04 2 0)
|                        ( - -2.784e+04 4 0 QUESTION6 -1 1.119e+02 1.297e+02))
|                    ( QUESTION2_7_L -1 -1.381e+05 2.328e+02 6.357e+02
|                        ( - -5.276e+04 8 0 QUESTION2_8_L -1 1.025e+02 2.437e+02)
|                        ( - -8.511e+04 7 0 QUESTION0 -1 1.198e+02 3.919e+02)))))))
s>    ( QUESTION2_3_L -1 -5.545e+05 8.045e+02 2.561e+03
s>        ( - -7.287e+04 3 0 QUESTION0 -1 1.125e+02 3.406e+02)
s>        ( QUESTION2_14_L -1 -4.808e+05 6.927e+02 2.221e+03
s>            ( - -1.391e+05 4 0)
s>            ( SILENCE -1 -3.410e+05 3.412e+02 1.572e+03
s>                ( - -4.006e+04 2 0)
s>                ( QUESTION16 -1 -3.006e+05 3.150e+02 1.389e+03
s>                    ( - -7.528e+04 2 0)
s>                    ( QUESTION1 -1 -2.251e+05 2.173e+02 1.041e+03
s>                        ( QUESTION2 -1 -8.673e+04 1.390e+02 4.055e+02
s>                            ( - -5.875e+04 2 0)
s>                            ( - -2.784e+04 4 0 QUESTION6 -1 1.119e+02 1.297e+02))
s>                        ( QUESTION2_7_L -1 -1.381e+05 2.328e+02 6.357e+02
s>                            ( - -5.276e+04 8 0 QUESTION2_8_L -1 1.025e+02 2.437e+02)
s>                            ( - -8.511e+04 7 0 QUESTION0 -1 1.198e+02 3.919e+02)))))))INFO: dtree.c(1478): Final simple tree
|( WDBNDRY_I 0 -3.563e+05 2.215e+03 1.581e+03
|    ( QUESTION4 1 -1.367e+05 8.380e+02 6.116e+02
|        ( - -9.485e+03 1 0)
|        ( QUESTION2_7_L -1 -1.264e+05 6.508e+02 5.689e+02
|            ( QUESTION1 1 -6.387e+04 4.833e+02 2.879e+02
|                ( - 2.422e+02 1 0)
|                ( - -6.363e+04 4 0 QUESTION2_8_L -1 2.334e+02 2.869e+02))
|            ( QUESTION2 -1 -6.185e+04 3.872e+02 2.810e+02
|                ( - -3.437e+04 1 0)
|                ( - -2.710e+04 4 0 QUESTION1 -1 2.175e+02 1.215e+02))))
|    ( QUESTION4 1 -2.174e+05 1.575e+03 9.699e+02
|        ( - -5.239e+04 16 0 QUESTION2 -1 1.906e+02 2.334e+02)
|        ( SILENCE 1 -1.634e+05 4.357e+02 7.366e+02
|            ( - -6.649e+04 3 0 QUESTION0 -1 2.828e+02 3.075e+02)
|            ( - -9.649e+04 32 0 QUESTION2_14_L -1 2.733e+02 4.290e+02))))
s>    ( WDBNDRY_I 0 -3.563e+05 2.215e+03 1.581e+03
s>        ( QUESTION4 1 -1.367e+05 8.380e+02 6.116e+02
s>            ( - -9.485e+03 1 0)
s>            ( QUESTION2_7_L -1 -1.264e+05 6.508e+02 5.689e+02
s>                ( QUESTION1 1 -6.387e+04 4.833e+02 2.879e+02
s>                    ( - 2.422e+02 1 0)
s>                    ( - -6.363e+04 4 0 QUESTION2_8_L -1 2.334e+02 2.869e+02))
s>                ( QUESTION2 -1 -6.185e+04 3.872e+02 2.810e+02
s>                    ( - -3.437e+04 1 0)
s>                    ( - -2.710e+04 4 0 QUESTION1 -1 2.175e+02 1.215e+02))))
s>        ( QUESTION4 1 -2.174e+05 1.575e+03 9.699e+02
s>            ( - -5.239e+04 16 0 QUESTION2 -1 1.906e+02 2.334e+02)
s>            ( SILENCE 1 -1.634e+05 4.357e+02 7.366e+02
s>                ( - -6.649e+04 3 0 QUESTION0 -1 2.828e+02 3.075e+02)
s>                ( - -9.649e+04 32 0 QUESTION2_14_L -1 2.733e+02 4.290e+02))))INFO: dtree.c(1315): Comp split 1
INFO: dtree.c(1478): Final simple tree
|( QUESTION2_7_L -1 -1.261e+05 6.542e+02 5.679e+02
|    ( QUESTION2_8_L -1 -6.363e+04 2.334e+02 2.869e+02
|        ( - -2.610e+04 2 0 QUESTION0_13_R 1 1.764e+02 1.184e+02)
|        ( QUESTION0_0_R 1 -3.730e+04 1.797e+02 1.685e+02
|            ( - -2.542e+03 1 0)
|            ( - -3.458e+04 1 0)))
|    ( QUESTION2 -1 -6.185e+04 3.872e+02 2.810e+02
|        ( - -3.437e+04 1 0)
|        ( QUESTION1 -1 -2.710e+04 2.175e+02 1.215e+02
|            ( - -1.733e+04 1 0)
|            ( QUESTION0_0_R 1 -9.550e+03 2.113e+02 4.343e+01
|                ( - -2.074e+02 1 0)
|                ( QUESTION0 -1 -9.131e+03 1.764e+02 4.143e+01
|                    ( - -9.858e+02 1 0)
|                    ( - -7.969e+03 1 0))))))
s>    ( QUESTION2_7_L -1 -1.261e+05 6.542e+02 5.679e+02
s>        ( QUESTION2_8_L -1 -6.363e+04 2.334e+02 2.869e+02
s>            ( - -2.610e+04 2 0 QUESTION0_13_R 1 1.764e+02 1.184e+02)
s>            ( QUESTION0_0_R 1 -3.730e+04 1.797e+02 1.685e+02
s>                ( - -2.542e+03 1 0)
s>                ( - -3.458e+04 1 0)))
s>        ( QUESTION2 -1 -6.185e+04 3.872e+02 2.810e+02
s>            ( - -3.437e+04 1 0)
s>            ( QUESTION1 -1 -2.710e+04 2.175e+02 1.215e+02
s>                ( - -1.733e+04 1 0)
s>                ( QUESTION0_0_R 1 -9.550e+03 2.113e+02 4.343e+01
s>                    ( - -2.074e+02 1 0)
s>                    ( QUESTION0 -1 -9.131e+03 1.764e+02 4.143e+01
s>                        ( - -9.858e+02 1 0)
s>                        ( - -7.969e+03 1 0))))))INFO: dtree.c(1478): Final simple tree
|( QUESTION4 1 -2.279e+05 1.557e+03 1.014e+03
|    ( WDBNDRY_I 0 -6.270e+04 8.248e+02 2.760e+02
|        ( - -9.485e+03 1 0)
|        ( - -5.239e+04 16 0 QUESTION2 -1 1.906e+02 2.334e+02))
|    ( WDBNDRY_I 0 -1.637e+05 4.793e+02 7.376e+02
|        ( - 2.422e+02 1 0)
|        ( SILENCE 1 -1.634e+05 4.357e+02 7.366e+02
|            ( QUESTION0 -1 -6.649e+04 2.828e+02 3.075e+02
|                ( - -1.081e+04 1 0)
|                ( - -5.540e+04 2 0))
|            ( QUESTION2_14_L -1 -9.649e+04 2.733e+02 4.290e+02
|                ( - -4.541e+04 9 0 QUESTION0_20_R 1 2.305e+02 2.001e+02)
|                ( QUESTION2_0_L -1 -5.081e+04 2.469e+02 2.290e+02
|                    ( - -2.087e+02 1 0)
|                    ( - -5.035e+04 22 0 QUESTION19 1 2.029e+02 2.270e+02))))))
s>    ( QUESTION4 1 -2.279e+05 1.557e+03 1.014e+03
s>        ( WDBNDRY_I 0 -6.270e+04 8.248e+02 2.760e+02
s>            ( - -9.485e+03 1 0)
s>            ( - -5.239e+04 16 0 QUESTION2 -1 1.906e+02 2.334e+02))
s>        ( WDBNDRY_I 0 -1.637e+05 4.793e+02 7.376e+02
s>            ( - 2.422e+02 1 0)
s>            ( SILENCE 1 -1.634e+05 4.357e+02 7.366e+02
s>                ( QUESTION0 -1 -6.649e+04 2.828e+02 3.075e+02
s>                    ( - -1.081e+04 1 0)
s>                    ( - -5.540e+04 2 0))
s>                ( QUESTION2_14_L -1 -9.649e+04 2.733e+02 4.290e+02
s>                    ( - -4.541e+04 9 0 QUESTION0_20_R 1 2.305e+02 2.001e+02)
s>                    ( QUESTION2_0_L -1 -5.081e+04 2.469e+02 2.290e+02
s>                        ( - -2.087e+02 1 0)
s>                        ( - -5.035e+04 22 0 QUESTION19 1 2.029e+02 2.270e+02))))))INFO: dtree.c(1315): Comp split 2
INFO: dtree.c(1478): Final simple tree
|( SILENCE 1 -1.634e+05 4.357e+02 7.366e+02
|    ( QUESTION0 -1 -6.649e+04 2.828e+02 3.075e+02
|        ( - -1.081e+04 1 0)
|        ( - -5.540e+04 2 0))
|    ( QUESTION2_14_L -1 -9.649e+04 2.733e+02 4.290e+02
|        ( QUESTION0_20_R 1 -4.541e+04 2.305e+02 2.001e+02
|            ( - -2.790e+03 1 0)
|            ( - -4.239e+04 8 0 QUESTION9 1 1.419e+02 1.876e+02))
|        ( QUESTION2_0_L -1 -5.081e+04 2.469e+02 2.290e+02
|            ( - -2.087e+02 1 0)
|            ( QUESTION19 1 -5.035e+04 2.029e+02 2.270e+02
|                ( - -4.614e+03 1 0)
|                ( WDBNDRY_B 0 -4.554e+04 1.991e+02 2.045e+02
|                    ( - -8.556e+03 4 0 QUESTION1 -1 1.410e+02 3.869e+01)
|                    ( - -3.678e+04 17 0 QUESTION0_5_R 1 1.985e+02 1.658e+02))))))
s>    ( SILENCE 1 -1.634e+05 4.357e+02 7.366e+02
s>        ( QUESTION0 -1 -6.649e+04 2.828e+02 3.075e+02
s>            ( - -1.081e+04 1 0)
s>            ( - -5.540e+04 2 0))
s>        ( QUESTION2_14_L -1 -9.649e+04 2.733e+02 4.290e+02
s>            ( QUESTION0_20_R 1 -4.541e+04 2.305e+02 2.001e+02
s>                ( - -2.790e+03 1 0)
s>                ( - -4.239e+04 8 0 QUESTION9 1 1.419e+02 1.876e+02))
s>            ( QUESTION2_0_L -1 -5.081e+04 2.469e+02 2.290e+02
s>                ( - -2.087e+02 1 0)
s>                ( QUESTION19 1 -5.035e+04 2.029e+02 2.270e+02
s>                    ( - -4.614e+03 1 0)
s>                    ( WDBNDRY_B 0 -4.554e+04 1.991e+02 2.045e+02
s>                        ( - -8.556e+03 4 0 QUESTION1 -1 1.410e+02 3.869e+01)
s>                        ( - -3.678e+04 17 0 QUESTION0_5_R 1 1.985e+02 1.658e+02))))))INFO: dtree.c(1478): Final simple tree
|( WDBNDRY_I 0 -6.294e+04 7.980e+02 2.770e+02
|    ( QUESTION0_19_R 1 -9.748e+03 5.056e+02 4.368e+01
|        ( - -9.485e+03 1 0)
|        ( - 2.422e+02 1 0))
|    ( QUESTION2 -1 -5.239e+04 1.906e+02 2.334e+02
|        ( - -1.058e+04 1 0)
|        ( QUESTION15 -1 -4.162e+04 1.674e+02 1.852e+02
|            ( - -1.426e+03 1 0)
|            ( QUESTION0_13_R 1 -4.003e+04 1.580e+02 1.782e+02
|                ( - -8.332e+02 1 0)
|                ( QUESTION2_12_L -1 -3.904e+04 1.227e+02 1.742e+02
|                    ( - -3.567e+03 2 0 QUESTION0 -1 1.043e+02 1.600e+01)
|                    ( QUESTION18 -1 -3.535e+04 1.229e+02 1.582e+02
|                        ( - -1.245e+03 1 0)
|                        ( - -3.398e+04 10 0 WDBNDRY_B 0 1.102e+02 1.522e+02)))))))
s>    ( WDBNDRY_I 0 -6.294e+04 7.980e+02 2.770e+02
s>        ( QUESTION0_19_R 1 -9.748e+03 5.056e+02 4.368e+01
s>            ( - -9.485e+03 1 0)
s>            ( - 2.422e+02 1 0))
s>        ( QUESTION2 -1 -5.239e+04 1.906e+02 2.334e+02
s>            ( - -1.058e+04 1 0)
s>            ( QUESTION15 -1 -4.162e+04 1.674e+02 1.852e+02
s>                ( - -1.426e+03 1 0)
s>                ( QUESTION0_13_R 1 -4.003e+04 1.580e+02 1.782e+02
s>                    ( - -8.332e+02 1 0)
s>                    ( QUESTION2_12_L -1 -3.904e+04 1.227e+02 1.742e+02
s>                        ( - -3.567e+03 2 0 QUESTION0 -1 1.043e+02 1.600e+01)
s>                        ( QUESTION18 -1 -3.535e+04 1.229e+02 1.582e+02
s>                            ( - -1.245e+03 1 0)
s>                            ( - -3.398e+04 10 0 WDBNDRY_B 0 1.102e+02 1.522e+02)))))))INFO: dtree.c(1315): Comp split 3
INFO: dtree.c(1478): Final simple tree
|( SILENCE -1 -3.410e+05 3.412e+02 1.572e+03
|    ( - -4.006e+04 2 0)
|    ( QUESTION16 -1 -3.006e+05 3.150e+02 1.389e+03
|        ( - -7.528e+04 2 0)
|        ( QUESTION1 -1 -2.251e+05 2.173e+02 1.041e+03
|            ( QUESTION2 -1 -8.673e+04 1.390e+02 4.055e+02
|                ( - -5.875e+04 2 0)
|                ( QUESTION6 -1 -2.784e+04 1.119e+02 1.297e+02
|                    ( - -2.831e+03 2 0)
|                    ( - -2.489e+04 2 0)))
|            ( QUESTION2_7_L -1 -1.381e+05 2.328e+02 6.357e+02
|                ( - -5.276e+04 8 0 QUESTION2_8_L -1 1.025e+02 2.437e+02)
|                ( QUESTION0 -1 -8.511e+04 1.198e+02 3.919e+02
|                    ( - -6.373e+03 1 0)
|                    ( - -7.862e+04 6 0))))))
s>    ( SILENCE -1 -3.410e+05 3.412e+02 1.572e+03
s>        ( - -4.006e+04 2 0)
s>        ( QUESTION16 -1 -3.006e+05 3.150e+02 1.389e+03
s>            ( - -7.528e+04 2 0)
s>            ( QUESTION1 -1 -2.251e+05 2.173e+02 1.041e+03
s>                ( QUESTION2 -1 -8.673e+04 1.390e+02 4.055e+02
s>                    ( - -5.875e+04 2 0)
s>                    ( QUESTION6 -1 -2.784e+04 1.119e+02 1.297e+02
s>                        ( - -2.831e+03 2 0)
s>                        ( - -2.489e+04 2 0)))
s>                ( QUESTION2_7_L -1 -1.381e+05 2.328e+02 6.357e+02
s>                    ( - -5.276e+04 8 0 QUESTION2_8_L -1 1.025e+02 2.437e+02)
s>                    ( QUESTION0 -1 -8.511e+04 1.198e+02 3.919e+02
s>                        ( - -6.373e+03 1 0)
s>                        ( - -7.862e+04 6 0))))))INFO: dtree.c(1439): stop. leaf nodes are specific
INFO: dtree.c(1478): Final simple tree
|( QUESTION2_0_L -1 -2.123e+05 3.343e+02 9.891e+02
|    ( QUESTION0 -1 -7.287e+04 1.125e+02 3.406e+02
|        ( - -1.180e+04 2 0)
|        ( - -6.096e+04 1 0))
|    ( - -1.391e+05 4 0))
s>    ( QUESTION2_0_L -1 -2.123e+05 3.343e+02 9.891e+02
s>        ( QUESTION0 -1 -7.287e+04 1.125e+02 3.406e+02
s>            ( - -1.180e+04 2 0)
s>            ( - -6.096e+04 1 0))
s>        ( - -1.391e+05 4 0))INFO: dtree.c(1315): Comp split 4
INFO: dtree.c(1478): Final simple tree
|( WDBNDRY_I 0 -5.263e+04 4.799e+02 2.344e+02
|    ( - 2.422e+02 1 0)
|    ( QUESTION2 -1 -5.239e+04 1.906e+02 2.334e+02
|        ( - -1.058e+04 1 0)
|        ( QUESTION15 -1 -4.162e+04 1.674e+02 1.852e+02
|            ( - -1.426e+03 1 0)
|            ( QUESTION0_13_R 1 -4.003e+04 1.580e+02 1.782e+02
|                ( - -8.332e+02 1 0)
|                ( QUESTION2_12_L -1 -3.904e+04 1.227e+02 1.742e+02
|                    ( - -3.567e+03 2 0 QUESTION0 -1 1.043e+02 1.600e+01)
|                    ( QUESTION18 -1 -3.535e+04 1.229e+02 1.582e+02
|                        ( - -1.245e+03 1 0)
|                        ( WDBNDRY_B 0 -3.398e+04 1.102e+02 1.522e+02
|                            ( - -3.285e+04 9 0 QUESTION1 -1 1.080e+02 1.472e+02)
|                            ( - -1.019e+03 1 0))))))))
s>    ( WDBNDRY_I 0 -5.263e+04 4.799e+02 2.344e+02
s>        ( - 2.422e+02 1 0)
s>        ( QUESTION2 -1 -5.239e+04 1.906e+02 2.334e+02
s>            ( - -1.058e+04 1 0)
s>            ( QUESTION15 -1 -4.162e+04 1.674e+02 1.852e+02
s>                ( - -1.426e+03 1 0)
s>                ( QUESTION0_13_R 1 -4.003e+04 1.580e+02 1.782e+02
s>                    ( - -8.332e+02 1 0)
s>                    ( QUESTION2_12_L -1 -3.904e+04 1.227e+02 1.742e+02
s>                        ( - -3.567e+03 2 0 QUESTION0 -1 1.043e+02 1.600e+01)
s>                        ( QUESTION18 -1 -3.535e+04 1.229e+02 1.582e+02
s>                            ( - -1.245e+03 1 0)
s>                            ( WDBNDRY_B 0 -3.398e+04 1.102e+02 1.522e+02
s>                                ( - -3.285e+04 9 0 QUESTION1 -1 1.080e+02 1.472e+02)
s>                                ( - -1.019e+03 1 0))))))))INFO: dtree.c(1315): Comp split 5
INFO: dtree.c(1439): stop. leaf nodes are specific
INFO: dtree.c(1478): Final simple tree
|( QUESTION2 -1 -6.185e+04 3.872e+02 2.810e+02
|    ( - -3.437e+04 1 0)
|    ( QUESTION1 -1 -2.710e+04 2.175e+02 1.215e+02
|        ( - -1.733e+04 1 0)
|        ( QUESTION0_0_R 1 -9.550e+03 2.113e+02 4.343e+01
|            ( - -2.074e+02 1 0)
|            ( QUESTION0 -1 -9.131e+03 1.764e+02 4.143e+01
|                ( - -9.858e+02 1 0)
|                ( - -7.969e+03 1 0)))))
s>    ( QUESTION2 -1 -6.185e+04 3.872e+02 2.810e+02
s>        ( - -3.437e+04 1 0)
s>        ( QUESTION1 -1 -2.710e+04 2.175e+02 1.215e+02
s>            ( - -1.733e+04 1 0)
s>            ( QUESTION0_0_R 1 -9.550e+03 2.113e+02 4.343e+01
s>                ( - -2.074e+02 1 0)
s>                ( QUESTION0 -1 -9.131e+03 1.764e+02 4.143e+01
s>                    ( - -9.858e+02 1 0)
s>                    ( - -7.969e+03 1 0)))))INFO: dtree.c(1439): stop. leaf nodes are specific
INFO: dtree.c(1478): Final simple tree
|( QUESTION2_8_L -1 -6.363e+04 2.334e+02 2.869e+02
|    ( QUESTION0_13_R 1 -2.610e+04 1.764e+02 1.184e+02
|        ( - -2.289e+03 1 0)
|        ( - -2.363e+04 1 0))
|    ( QUESTION0_0_R 1 -3.730e+04 1.797e+02 1.685e+02
|        ( - -2.542e+03 1 0)
|        ( - -3.458e+04 1 0)))
s>    ( QUESTION2_8_L -1 -6.363e+04 2.334e+02 2.869e+02
s>        ( QUESTION0_13_R 1 -2.610e+04 1.764e+02 1.184e+02
s>            ( - -2.289e+03 1 0)
s>            ( - -2.363e+04 1 0))
s>        ( QUESTION0_0_R 1 -3.730e+04 1.797e+02 1.685e+02
s>            ( - -2.542e+03 1 0)
s>            ( - -3.458e+04 1 0)))INFO: dtree.c(1315): Comp split 6
INFO: dtree.c(1478): Final simple tree
|( QUESTION2 -1 -5.239e+04 1.906e+02 2.334e+02
|    ( - -1.058e+04 1 0)
|    ( QUESTION15 -1 -4.162e+04 1.674e+02 1.852e+02
|        ( - -1.426e+03 1 0)
|        ( QUESTION0_13_R 1 -4.003e+04 1.580e+02 1.782e+02
|            ( - -8.332e+02 1 0)
|            ( QUESTION2_12_L -1 -3.904e+04 1.227e+02 1.742e+02
|                ( - -3.567e+03 2 0 QUESTION0 -1 1.043e+02 1.600e+01)
|                ( QUESTION18 -1 -3.535e+04 1.229e+02 1.582e+02
|                    ( - -1.245e+03 1 0)
|                    ( WDBNDRY_B 0 -3.398e+04 1.102e+02 1.522e+02
|                        ( QUESTION1 -1 -3.285e+04 1.080e+02 1.472e+02
|                            ( - -2.110e+03 1 0)
|                            ( - -3.063e+04 8 0 QUESTION2_3_L -1 1.021e+02 1.377e+02))
|                        ( - -1.019e+03 1 0)))))))
s>    ( QUESTION2 -1 -5.239e+04 1.906e+02 2.334e+02
s>        ( - -1.058e+04 1 0)
s>        ( QUESTION15 -1 -4.162e+04 1.674e+02 1.852e+02
s>            ( - -1.426e+03 1 0)
s>            ( QUESTION0_13_R 1 -4.003e+04 1.580e+02 1.782e+02
s>                ( - -8.332e+02 1 0)
s>                ( QUESTION2_12_L -1 -3.904e+04 1.227e+02 1.742e+02
s>                    ( - -3.567e+03 2 0 QUESTION0 -1 1.043e+02 1.600e+01)
s>                    ( QUESTION18 -1 -3.535e+04 1.229e+02 1.582e+02
s>                        ( - -1.245e+03 1 0)
s>                        ( WDBNDRY_B 0 -3.398e+04 1.102e+02 1.522e+02
s>                            ( QUESTION1 -1 -3.285e+04 1.080e+02 1.472e+02
s>                                ( - -2.110e+03 1 0)
s>                                ( - -3.063e+04 8 0 QUESTION2_3_L -1 1.021e+02 1.377e+02))
s>                            ( - -1.019e+03 1 0)))))))INFO: dtree.c(1315): Comp split 7
INFO: dtree.c(1478): Final simple tree
|( QUESTION2_14_L -1 -9.649e+04 2.733e+02 4.290e+02
|    ( QUESTION0_20_R 1 -4.541e+04 2.305e+02 2.001e+02
|        ( - -2.790e+03 1 0)
|        ( - -4.239e+04 8 0 QUESTION9 1 1.419e+02 1.876e+02))
|    ( QUESTION2_0_L -1 -5.081e+04 2.469e+02 2.290e+02
|        ( - -2.087e+02 1 0)
|        ( QUESTION19 1 -5.035e+04 2.029e+02 2.270e+02
|            ( - -4.614e+03 1 0)
|            ( WDBNDRY_B 0 -4.554e+04 1.991e+02 2.045e+02
|                ( - -8.556e+03 4 0 QUESTION1 -1 1.410e+02 3.869e+01)
|                ( QUESTION0_5_R 1 -3.678e+04 1.985e+02 1.658e+02
|                    ( - -1.603e+04 3 0 QUESTION0_7_R 1 1.103e+02 7.445e+01)
|                    ( QUESTION0_20_R 1 -2.055e+04 1.458e+02 9.139e+01
|                        ( - -3.266e+03 3 0)
|                        ( - -1.714e+04 11 0 QUESTION18 1 1.432e+02 7.716e+01)))))))
s>    ( QUESTION2_14_L -1 -9.649e+04 2.733e+02 4.290e+02
s>        ( QUESTION0_20_R 1 -4.541e+04 2.305e+02 2.001e+02
s>            ( - -2.790e+03 1 0)
s>            ( - -4.239e+04 8 0 QUESTION9 1 1.419e+02 1.876e+02))
s>        ( QUESTION2_0_L -1 -5.081e+04 2.469e+02 2.290e+02
s>            ( - -2.087e+02 1 0)
s>            ( QUESTION19 1 -5.035e+04 2.029e+02 2.270e+02
s>                ( - -4.614e+03 1 0)
s>                ( WDBNDRY_B 0 -4.554e+04 1.991e+02 2.045e+02
s>                    ( - -8.556e+03 4 0 QUESTION1 -1 1.410e+02 3.869e+01)
s>                    ( QUESTION0_5_R 1 -3.678e+04 1.985e+02 1.658e+02
s>                        ( - -1.603e+04 3 0 QUESTION0_7_R 1 1.103e+02 7.445e+01)
s>                        ( QUESTION0_20_R 1 -2.055e+04 1.458e+02 9.139e+01
s>                            ( - -3.266e+03 3 0)
s>                            ( - -1.714e+04 11 0 QUESTION18 1 1.432e+02 7.716e+01)))))))INFO: dtree.c(1439): stop. leaf nodes are specific
INFO: dtree.c(1478): Final simple tree
|( QUESTION0 -1 -6.649e+04 2.828e+02 3.075e+02
|    ( - -1.081e+04 1 0)
|    ( - -5.540e+04 2 0))
s>    ( QUESTION0 -1 -6.649e+04 2.828e+02 3.075e+02
s>        ( - -1.081e+04 1 0)
s>        ( - -5.540e+04 2 0))INFO: dtree.c(1315): Comp split 8
INFO: dtree.c(1439): stop. leaf nodes are specific
INFO: dtree.c(1478): Final simple tree
|( QUESTION1 -1 -2.668e+04 2.158e+02 1.195e+02
|    ( - -1.733e+04 1 0)
|    ( QUESTION0 -1 -9.131e+03 1.764e+02 4.143e+01
|        ( - -9.858e+02 1 0)
|        ( - -7.969e+03 1 0)))
s>    ( QUESTION1 -1 -2.668e+04 2.158e+02 1.195e+02
s>        ( - -1.733e+04 1 0)
s>        ( QUESTION0 -1 -9.131e+03 1.764e+02 4.143e+01
s>            ( - -9.858e+02 1 0)
s>            ( - -7.969e+03 1 0)))INFO: dtree.c(1439): stop. leaf nodes are specific
INFO: dtree.c(1478): Final simple tree
|( QUESTION0_0_R 1 -3.478e+04 2.083e+02 1.614e+02
|    ( - -2.074e+02 1 0)
|    ( - -3.437e+04 1 0))
s>    ( QUESTION0_0_R 1 -3.478e+04 2.083e+02 1.614e+02
s>        ( - -2.074e+02 1 0)
s>        ( - -3.437e+04 1 0))INFO: dtree.c(1315): Comp split 9
INFO: dtree.c(1439): stop. leaf nodes are specific
INFO: dtree.c(1478): Final simple tree
|( QUESTION0 -1 -1.606e+05 2.553e+02 7.395e+02
|    ( QUESTION9 -1 -8.175e+04 1.035e+02 3.765e+02
|        ( - -6.373e+03 1 0)
|        ( - -7.528e+04 2 0))
|    ( - -7.862e+04 6 0))
s>    ( QUESTION0 -1 -1.606e+05 2.553e+02 7.395e+02
s>        ( QUESTION9 -1 -8.175e+04 1.035e+02 3.765e+02
s>            ( - -6.373e+03 1 0)
s>            ( - -7.528e+04 2 0))
s>        ( - -7.862e+04 6 0))INFO: dtree.c(1478): Final simple tree
|( SILENCE -1 -1.800e+05 3.047e+02 8.327e+02
|    ( - -4.006e+04 2 0)
|    ( QUESTION1 -1 -1.397e+05 1.793e+02 6.493e+02
|        ( QUESTION2 -1 -8.673e+04 1.390e+02 4.055e+02
|            ( - -5.875e+04 2 0)
|            ( QUESTION6 -1 -2.784e+04 1.119e+02 1.297e+02
|                ( - -2.831e+03 2 0)
|                ( - -2.489e+04 2 0)))
|        ( QUESTION2_8_L -1 -5.276e+04 1.025e+02 2.437e+02
|            ( - -8.258e+03 2 0)
|            ( QUESTION14 -1 -4.440e+04 9.681e+01 2.048e+02
|                ( - -1.294e+04 2 0)
|                ( QUESTION0 -1 -3.137e+04 9.303e+01 1.444e+02
|                    ( - -3.661e+03 2 0)
|                    ( - -2.761e+04 2 0))))))
s>    ( SILENCE -1 -1.800e+05 3.047e+02 8.327e+02
s>        ( - -4.006e+04 2 0)
s>        ( QUESTION1 -1 -1.397e+05 1.793e+02 6.493e+02
s>            ( QUESTION2 -1 -8.673e+04 1.390e+02 4.055e+02
s>                ( - -5.875e+04 2 0)
s>                ( QUESTION6 -1 -2.784e+04 1.119e+02 1.297e+02
s>                    ( - -2.831e+03 2 0)
s>                    ( - -2.489e+04 2 0)))
s>            ( QUESTION2_8_L -1 -5.276e+04 1.025e+02 2.437e+02
s>                ( - -8.258e+03 2 0)
s>                ( QUESTION14 -1 -4.440e+04 9.681e+01 2.048e+02
s>                    ( - -1.294e+04 2 0)
s>                    ( QUESTION0 -1 -3.137e+04 9.303e+01 1.444e+02
s>                        ( - -3.661e+03 2 0)
s>                        ( - -2.761e+04 2 0))))))INFO: dtree.c(1315): Comp split 10
INFO: dtree.c(1439): stop. leaf nodes are specific
INFO: dtree.c(1478): Final simple tree
|( QUESTION0 -1 -7.287e+04 1.125e+02 3.406e+02
|    ( - -1.180e+04 2 0)
|    ( - -6.096e+04 1 0))
s>    ( QUESTION0 -1 -7.287e+04 1.125e+02 3.406e+02
s>        ( - -1.180e+04 2 0)
s>        ( - -6.096e+04 1 0))INFO: dtree.c(1315): Comp split 11
INFO: dtree.c(1478): Final simple tree
|( QUESTION2_15_L -1 -8.079e+04 2.649e+02 3.617e+02
|    ( QUESTION18 1 -3.513e+04 1.926e+02 1.610e+02
|        ( QUESTION0_0_R 1 -5.762e+03 1.589e+02 2.744e+01
|            ( - -4.614e+03 1 0)
|            ( - -9.890e+02 1 0))
|        ( QUESTION0_2_R 1 -2.918e+04 1.453e+02 1.336e+02
|            ( - -2.199e+04 5 0 QUESTION0_3_R 1 1.221e+02 1.016e+02)
|            ( - -7.042e+03 5 0 QUESTION0_0_R 1 1.175e+02 3.200e+01)))
|    ( QUESTION2_7_L -1 -4.539e+04 1.459e+02 2.006e+02
|        ( QUESTION0_1_R 1 -2.860e+03 4.627e+02 1.300e+01
|            ( - 2.417e+02 1 0)
|            ( QUESTION0_0_R 1 -2.639e+03 1.440e+02 1.200e+01
|                ( - -1.462e+03 1 0)
|                ( - -1.033e+03 1 0)))
|        ( - -4.239e+04 8 0 QUESTION9 1 1.419e+02 1.876e+02)))
s>    ( QUESTION2_15_L -1 -8.079e+04 2.649e+02 3.617e+02
s>        ( QUESTION18 1 -3.513e+04 1.926e+02 1.610e+02
s>            ( QUESTION0_0_R 1 -5.762e+03 1.589e+02 2.744e+01
s>                ( - -4.614e+03 1 0)
s>                ( - -9.890e+02 1 0))
s>            ( QUESTION0_2_R 1 -2.918e+04 1.453e+02 1.336e+02
s>                ( - -2.199e+04 5 0 QUESTION0_3_R 1 1.221e+02 1.016e+02)
s>                ( - -7.042e+03 5 0 QUESTION0_0_R 1 1.175e+02 3.200e+01)))
s>        ( QUESTION2_7_L -1 -4.539e+04 1.459e+02 2.006e+02
s>            ( QUESTION0_1_R 1 -2.860e+03 4.627e+02 1.300e+01
s>                ( - 2.417e+02 1 0)
s>                ( QUESTION0_0_R 1 -2.639e+03 1.440e+02 1.200e+01
s>                    ( - -1.462e+03 1 0)
s>                    ( - -1.033e+03 1 0)))
s>            ( - -4.239e+04 8 0 QUESTION9 1 1.419e+02 1.876e+02)))INFO: dtree.c(1439): stop. leaf nodes are specific
INFO: dtree.c(1478): Final simple tree
|( QUESTION2_0_L -1 -1.538e+04 2.386e+02 6.736e+01
|    ( - -2.087e+02 1 0)
|    ( WDBNDRY_B 0 -1.493e+04 1.882e+02 6.536e+01
|        ( QUESTION1 -1 -8.556e+03 1.410e+02 3.869e+01
|            ( - -3.205e+03 1 0)
|            ( SILENCE -1 -5.209e+03 1.042e+02 2.368e+01
|                ( - -3.057e+03 1 0)
|                ( QUESTION0 -1 -2.049e+03 9.545e+01 1.000e+01
|                    ( - -1.203e+03 1 0)
|                    ( - -7.504e+02 1 0))))
|        ( QUESTION2_14_L -1 -6.190e+03 1.346e+02 2.667e+01
|            ( - -2.790e+03 1 0)
|            ( - -3.266e+03 3 0))))
s>    ( QUESTION2_0_L -1 -1.538e+04 2.386e+02 6.736e+01
s>        ( - -2.087e+02 1 0)
s>        ( WDBNDRY_B 0 -1.493e+04 1.882e+02 6.536e+01
s>            ( QUESTION1 -1 -8.556e+03 1.410e+02 3.869e+01
s>                ( - -3.205e+03 1 0)
s>                ( SILENCE -1 -5.209e+03 1.042e+02 2.368e+01
s>                    ( - -3.057e+03 1 0)
s>                    ( QUESTION0 -1 -2.049e+03 9.545e+01 1.000e+01
s>                        ( - -1.203e+03 1 0)
s>                        ( - -7.504e+02 1 0))))
s>            ( QUESTION2_14_L -1 -6.190e+03 1.346e+02 2.667e+01
s>                ( - -2.790e+03 1 0)
s>                ( - -3.266e+03 3 0))))INFO: dtree.c(1315): Comp split 12
INFO: dtree.c(1478): Final simple tree
|( QUESTION2_15_L -1 -8.058e+04 2.654e+02 3.607e+02
|    ( QUESTION18 1 -3.513e+04 1.926e+02 1.610e+02
|        ( QUESTION0_0_R 1 -5.762e+03 1.589e+02 2.744e+01
|            ( - -4.614e+03 1 0)
|            ( - -9.890e+02 1 0))
|        ( QUESTION0_2_R 1 -2.918e+04 1.453e+02 1.336e+02
|            ( - -2.199e+04 5 0 QUESTION0_3_R 1 1.221e+02 1.016e+02)
|            ( - -7.042e+03 5 0 QUESTION0_0_R 1 1.175e+02 3.200e+01)))
|    ( QUESTION2_7_L -1 -4.518e+04 1.530e+02 1.996e+02
|        ( QUESTION0_0_R 1 -2.639e+03 1.440e+02 1.200e+01
|            ( - -1.462e+03 1 0)
|            ( - -1.033e+03 1 0))
|        ( QUESTION9 1 -4.239e+04 1.419e+02 1.876e+02
|            ( - -1.180e+04 2 0 QUESTION0_3_R 1 1.246e+02 5.299e+01)
|            ( - -3.045e+04 6 0 QUESTION0_15_R 1 1.293e+02 1.346e+02))))
s>    ( QUESTION2_15_L -1 -8.058e+04 2.654e+02 3.607e+02
s>        ( QUESTION18 1 -3.513e+04 1.926e+02 1.610e+02
s>            ( QUESTION0_0_R 1 -5.762e+03 1.589e+02 2.744e+01
s>                ( - -4.614e+03 1 0)
s>                ( - -9.890e+02 1 0))
s>            ( QUESTION0_2_R 1 -2.918e+04 1.453e+02 1.336e+02
s>                ( - -2.199e+04 5 0 QUESTION0_3_R 1 1.221e+02 1.016e+02)
s>                ( - -7.042e+03 5 0 QUESTION0_0_R 1 1.175e+02 3.200e+01)))
s>        ( QUESTION2_7_L -1 -4.518e+04 1.530e+02 1.996e+02
s>            ( QUESTION0_0_R 1 -2.639e+03 1.440e+02 1.200e+01
s>                ( - -1.462e+03 1 0)
s>                ( - -1.033e+03 1 0))
s>            ( QUESTION9 1 -4.239e+04 1.419e+02 1.876e+02
s>                ( - -1.180e+04 2 0 QUESTION0_3_R 1 1.246e+02 5.299e+01)
s>                ( - -3.045e+04 6 0 QUESTION0_15_R 1 1.293e+02 1.346e+02))))INFO: dtree.c(1315): Comp split 13
INFO: dtree.c(1439): stop. leaf nodes are specific
INFO: dtree.c(1478): Final simple tree
|( SILENCE -1 -4.381e+04 9.449e+01 2.004e+02
|    ( - -4.006e+04 2 0)
|    ( - -3.661e+03 2 0))
s>    ( SILENCE -1 -4.381e+04 9.449e+01 2.004e+02
s>        ( - -4.006e+04 2 0)
s>        ( - -3.661e+03 2 0))INFO: dtree.c(1439): stop. leaf nodes are specific
INFO: dtree.c(1478): Final simple tree
|( QUESTION2_12_L -1 -1.359e+05 1.729e+02 6.323e+02
|    ( QUESTION0 -1 -4.065e+04 9.725e+01 1.878e+02
|        ( - -1.294e+04 2 0)
|        ( - -2.761e+04 2 0))
|    ( QUESTION2 -1 -9.509e+04 1.397e+02 4.445e+02
|        ( - -5.875e+04 2 0)
|        ( QUESTION2_18_L -1 -3.620e+04 1.141e+02 1.687e+02
|            ( - -2.489e+04 2 0)
|            ( QUESTION0 -1 -1.119e+04 1.017e+02 5.297e+01
|                ( - -2.831e+03 2 0)
|                ( - -8.258e+03 2 0)))))
s>    ( QUESTION2_12_L -1 -1.359e+05 1.729e+02 6.323e+02
s>        ( QUESTION0 -1 -4.065e+04 9.725e+01 1.878e+02
s>            ( - -1.294e+04 2 0)
s>            ( - -2.761e+04 2 0))
s>        ( QUESTION2 -1 -9.509e+04 1.397e+02 4.445e+02
s>            ( - -5.875e+04 2 0)
s>            ( QUESTION2_18_L -1 -3.620e+04 1.141e+02 1.687e+02
s>                ( - -2.489e+04 2 0)
s>                ( QUESTION0 -1 -1.119e+04 1.017e+02 5.297e+01
s>                    ( - -2.831e+03 2 0)
s>                    ( - -8.258e+03 2 0)))))INFO: dtree.c(1315): Comp split 14
INFO: dtree.c(1439): stop. leaf nodes are specific
INFO: dtree.c(1478): Final simple tree
|( QUESTION18 1 -2.679e+04 1.801e+02 1.240e+02
|    ( - -4.614e+03 1 0)
|    ( QUESTION0_3_R 1 -2.199e+04 1.221e+02 1.016e+02
|        ( QUESTION0_4_R 1 -5.838e+03 1.126e+02 2.716e+01
|            ( - -1.243e+03 1 0)
|            ( - -4.482e+03 1 0))
|        ( QUESTION0_7_R 1 -1.603e+04 1.103e+02 7.445e+01
|            ( - -7.706e+02 1 0)
|            ( QUESTION0_6_R 1 -1.515e+04 9.798e+01 7.045e+01
|                ( - -1.055e+03 1 0)
|                ( - -1.400e+04 1 0)))))
s>    ( QUESTION18 1 -2.679e+04 1.801e+02 1.240e+02
s>        ( - -4.614e+03 1 0)
s>        ( QUESTION0_3_R 1 -2.199e+04 1.221e+02 1.016e+02
s>            ( QUESTION0_4_R 1 -5.838e+03 1.126e+02 2.716e+01
s>                ( - -1.243e+03 1 0)
s>                ( - -4.482e+03 1 0))
s>            ( QUESTION0_7_R 1 -1.603e+04 1.103e+02 7.445e+01
s>                ( - -7.706e+02 1 0)
s>                ( QUESTION0_6_R 1 -1.515e+04 9.798e+01 7.045e+01
s>                    ( - -1.055e+03 1 0)
s>                    ( - -1.400e+04 1 0)))))INFO: dtree.c(1478): Final simple tree
|( QUESTION2_7_L -1 -5.351e+04 1.552e+02 2.366e+02
|    ( QUESTION0_0_R 1 -2.639e+03 1.440e+02 1.200e+01
|        ( - -1.462e+03 1 0)
|        ( - -1.033e+03 1 0))
|    ( QUESTION0_1_R 1 -5.071e+04 1.450e+02 2.246e+02
|        ( QUESTION2_14_L -1 -2.085e+04 1.370e+02 9.266e+01
|            ( - -1.988e+04 2 0)
|            ( - -8.338e+02 1 0))
|        ( QUESTION18 1 -2.972e+04 1.418e+02 1.320e+02
|            ( - -9.890e+02 1 0)
|            ( QUESTION0_3_R 1 -2.858e+04 1.371e+02 1.270e+02
|                ( - -6.124e+03 1 0)
|                ( QUESTION0_15_R 1 -2.232e+04 1.340e+02 9.900e+01
|                    ( - -5.688e+03 4 0 QUESTION0 1 1.105e+02 2.500e+01)
|                    ( - -1.650e+04 5 0 QUESTION16 1 1.164e+02 7.400e+01))))))
s>    ( QUESTION2_7_L -1 -5.351e+04 1.552e+02 2.366e+02
s>        ( QUESTION0_0_R 1 -2.639e+03 1.440e+02 1.200e+01
s>            ( - -1.462e+03 1 0)
s>            ( - -1.033e+03 1 0))
s>        ( QUESTION0_1_R 1 -5.071e+04 1.450e+02 2.246e+02
s>            ( QUESTION2_14_L -1 -2.085e+04 1.370e+02 9.266e+01
s>                ( - -1.988e+04 2 0)
s>                ( - -8.338e+02 1 0))
s>            ( QUESTION18 1 -2.972e+04 1.418e+02 1.320e+02
s>                ( - -9.890e+02 1 0)
s>                ( QUESTION0_3_R 1 -2.858e+04 1.371e+02 1.270e+02
s>                    ( - -6.124e+03 1 0)
s>                    ( QUESTION0_15_R 1 -2.232e+04 1.340e+02 9.900e+01
s>                        ( - -5.688e+03 4 0 QUESTION0 1 1.105e+02 2.500e+01)
s>                        ( - -1.650e+04 5 0 QUESTION16 1 1.164e+02 7.400e+01))))))INFO: dtree.c(1315): Comp split 15
INFO: dtree.c(1439): stop. leaf nodes are specific
INFO: dtree.c(1478): Final simple tree
|( QUESTION0_20_R 1 -2.877e+04 1.846e+02 1.304e+02
|    ( - -2.363e+04 1 0)
|    ( QUESTION0_0_R 1 -4.951e+03 1.198e+02 2.300e+01
|        ( - -2.542e+03 1 0)
|        ( - -2.289e+03 1 0)))
s>    ( QUESTION0_20_R 1 -2.877e+04 1.846e+02 1.304e+02
s>        ( - -2.363e+04 1 0)
s>        ( QUESTION0_0_R 1 -4.951e+03 1.198e+02 2.300e+01
s>            ( - -2.542e+03 1 0)
s>            ( - -2.289e+03 1 0)))INFO: dtree.c(1315): Comp split 16
INFO: dtree.c(1315): Comp split 17
INFO: dtree.c(1439): stop. leaf nodes are specific
INFO: dtree.c(1478): Final simple tree
|( QUESTION9 -1 -8.175e+04 1.035e+02 3.765e+02
|    ( - -6.373e+03 1 0)
|    ( - -7.528e+04 2 0))
s>    ( QUESTION9 -1 -8.175e+04 1.035e+02 3.765e+02
s>        ( - -6.373e+03 1 0)
s>        ( - -7.528e+04 2 0))INFO: dtree.c(1315): Comp split 18
INFO: dtree.c(1439): stop. leaf nodes are specific
INFO: dtree.c(1478): Final simple tree
|( WDBNDRY_B 0 -1.493e+04 1.882e+02 6.536e+01
|    ( QUESTION1 -1 -8.556e+03 1.410e+02 3.869e+01
|        ( - -3.205e+03 1 0)
|        ( SILENCE -1 -5.209e+03 1.042e+02 2.368e+01
|            ( - -3.057e+03 1 0)
|            ( QUESTION0 -1 -2.049e+03 9.545e+01 1.000e+01
|                ( - -1.203e+03 1 0)
|                ( - -7.504e+02 1 0))))
|    ( QUESTION2_14_L -1 -6.190e+03 1.346e+02 2.667e+01
|        ( - -2.790e+03 1 0)
|        ( - -3.266e+03 3 0)))
s>    ( WDBNDRY_B 0 -1.493e+04 1.882e+02 6.536e+01
s>        ( QUESTION1 -1 -8.556e+03 1.410e+02 3.869e+01
s>            ( - -3.205e+03 1 0)
s>            ( SILENCE -1 -5.209e+03 1.042e+02 2.368e+01
s>                ( - -3.057e+03 1 0)
s>                ( QUESTION0 -1 -2.049e+03 9.545e+01 1.000e+01
s>                    ( - -1.203e+03 1 0)
s>                    ( - -7.504e+02 1 0))))
s>        ( QUESTION2_14_L -1 -6.190e+03 1.346e+02 2.667e+01
s>            ( - -2.790e+03 1 0)
s>            ( - -3.266e+03 3 0)))INFO: dtree.c(1315): Comp split 19
INFO: dtree.c(1439): stop. leaf nodes are specific
INFO: dtree.c(1478): Final simple tree
|( QUESTION0 -1 -9.131e+03 1.764e+02 4.143e+01
|    ( - -9.858e+02 1 0)
|    ( - -7.969e+03 1 0))
s>    ( QUESTION0 -1 -9.131e+03 1.764e+02 4.143e+01
s>        ( - -9.858e+02 1 0)
s>        ( - -7.969e+03 1 0))INFO: dtree.c(1315): Comp split 20
INFO: dtree.c(1315): Comp split 21
INFO: dtree.c(1439): stop. leaf nodes are specific
INFO: dtree.c(1478): Final simple tree
|( WDBNDRY_B 0 -1.171e+04 1.086e+02 5.312e+01
|    ( - -1.058e+04 1 0)
|    ( - -1.019e+03 1 0))
s>    ( WDBNDRY_B 0 -1.171e+04 1.086e+02 5.312e+01
s>        ( - -1.058e+04 1 0)
s>        ( - -1.019e+03 1 0))INFO: dtree.c(1478): Final simple tree
|( QUESTION15 -1 -4.049e+04 1.676e+02 1.802e+02
|    ( - -1.426e+03 1 0)
|    ( WDBNDRY_B 0 -3.889e+04 1.562e+02 1.732e+02
|        ( QUESTION18 -1 -3.790e+04 1.213e+02 1.692e+02
|            ( - -1.245e+03 1 0)
|            ( QUESTION2_12_L -1 -3.654e+04 1.195e+02 1.632e+02
|                ( QUESTION0 -1 -3.567e+03 1.043e+02 1.600e+01
|                    ( - -2.231e+03 1 0)
|                    ( - -1.232e+03 1 0))
|                ( QUESTION1 -1 -3.285e+04 1.080e+02 1.472e+02
|                    ( - -2.110e+03 1 0)
|                    ( QUESTION2_3_L -1 -3.063e+04 1.021e+02 1.377e+02
|                        ( - -3.089e+03 1 0)
|                        ( - -2.744e+04 7 0 SILENCE -1 9.033e+01 1.237e+02)))))
|        ( - -8.332e+02 1 0)))
s>    ( QUESTION15 -1 -4.049e+04 1.676e+02 1.802e+02
s>        ( - -1.426e+03 1 0)
s>        ( WDBNDRY_B 0 -3.889e+04 1.562e+02 1.732e+02
s>            ( QUESTION18 -1 -3.790e+04 1.213e+02 1.692e+02
s>                ( - -1.245e+03 1 0)
s>                ( QUESTION2_12_L -1 -3.654e+04 1.195e+02 1.632e+02
s>                    ( QUESTION0 -1 -3.567e+03 1.043e+02 1.600e+01
s>                        ( - -2.231e+03 1 0)
s>                        ( - -1.232e+03 1 0))
s>                    ( QUESTION1 -1 -3.285e+04 1.080e+02 1.472e+02
s>                        ( - -2.110e+03 1 0)
s>                        ( QUESTION2_3_L -1 -3.063e+04 1.021e+02 1.377e+02
s>                            ( - -3.089e+03 1 0)
s>                            ( - -2.744e+04 7 0 SILENCE -1 9.033e+01 1.237e+02)))))
s>            ( - -8.332e+02 1 0)))INFO: dtree.c(1315): Comp split 22
INFO: dtree.c(1439): stop. leaf nodes are specific
INFO: dtree.c(1478): Final simple tree
|( QUESTION0 -1 -4.070e+03 1.143e+02 1.901e+01
|    ( - -3.205e+03 1 0)
|    ( - -7.504e+02 1 0))
s>    ( QUESTION0 -1 -4.070e+03 1.143e+02 1.901e+01
s>        ( - -3.205e+03 1 0)
s>        ( - -7.504e+02 1 0))INFO: dtree.c(1439): stop. leaf nodes are specific
INFO: dtree.c(1478): Final simple tree
|( QUESTION2_14_L -1 -1.067e+04 1.595e+02 4.636e+01
|    ( - -2.790e+03 1 0)
|    ( WDBNDRY_B 0 -7.723e+03 1.011e+02 3.391e+01
|        ( SILENCE -1 -4.356e+03 9.629e+01 1.968e+01
|            ( - -3.057e+03 1 0)
|            ( - -1.203e+03 1 0))
|        ( - -3.266e+03 3 0)))
s>    ( QUESTION2_14_L -1 -1.067e+04 1.595e+02 4.636e+01
s>        ( - -2.790e+03 1 0)
s>        ( WDBNDRY_B 0 -7.723e+03 1.011e+02 3.391e+01
s>            ( SILENCE -1 -4.356e+03 9.629e+01 1.968e+01
s>                ( - -3.057e+03 1 0)
s>                ( - -1.203e+03 1 0))
s>            ( - -3.266e+03 3 0)))INFO: dtree.c(1315): Comp split 23
INFO: dtree.c(1439): stop. leaf nodes are specific
INFO: dtree.c(1478): Final simple tree
|( QUESTION0_0_R 1 -4.951e+03 1.198e+02 2.300e+01
|    ( - -2.542e+03 1 0)
|    ( - -2.289e+03 1 0))
s>    ( QUESTION0_0_R 1 -4.951e+03 1.198e+02 2.300e+01
s>        ( - -2.542e+03 1 0)
s>        ( - -2.289e+03 1 0))INFO: dtree.c(1315): Comp split 24
INFO: dtree.c(1439): stop. leaf nodes are specific
INFO: dtree.c(1478): Final simple tree
|( QUESTION0_3_R 1 -2.199e+04 1.221e+02 1.016e+02
|    ( QUESTION0_4_R 1 -5.838e+03 1.126e+02 2.716e+01
|        ( - -1.243e+03 1 0)
|        ( - -4.482e+03 1 0))
|    ( QUESTION0_7_R 1 -1.603e+04 1.103e+02 7.445e+01
|        ( - -7.706e+02 1 0)
|        ( QUESTION0_6_R 1 -1.515e+04 9.798e+01 7.045e+01
|            ( - -1.055e+03 1 0)
|            ( - -1.400e+04 1 0))))
s>    ( QUESTION0_3_R 1 -2.199e+04 1.221e+02 1.016e+02
s>        ( QUESTION0_4_R 1 -5.838e+03 1.126e+02 2.716e+01
s>            ( - -1.243e+03 1 0)
s>            ( - -4.482e+03 1 0))
s>        ( QUESTION0_7_R 1 -1.603e+04 1.103e+02 7.445e+01
s>            ( - -7.706e+02 1 0)
s>            ( QUESTION0_6_R 1 -1.515e+04 9.798e+01 7.045e+01
s>                ( - -1.055e+03 1 0)
s>                ( - -1.400e+04 1 0))))INFO: dtree.c(1315): Comp split 25
INFO: dtree.c(1439): stop. leaf nodes are specific
INFO: dtree.c(1478): Final simple tree
|( QUESTION3 -1 -1.081e+05 1.366e+02 5.049e+02
|    ( QUESTION6 -1 -2.784e+04 1.119e+02 1.297e+02
|        ( - -2.831e+03 2 0)
|        ( - -2.489e+04 2 0))
|    ( QUESTION0 -1 -8.015e+04 1.098e+02 3.752e+02
|        ( QUESTION1 -1 -7.178e+04 8.844e+01 3.362e+02
|            ( - -5.875e+04 2 0)
|            ( - -1.294e+04 2 0))
|        ( - -8.258e+03 2 0)))
s>    ( QUESTION3 -1 -1.081e+05 1.366e+02 5.049e+02
s>        ( QUESTION6 -1 -2.784e+04 1.119e+02 1.297e+02
s>            ( - -2.831e+03 2 0)
s>            ( - -2.489e+04 2 0))
s>        ( QUESTION0 -1 -8.015e+04 1.098e+02 3.752e+02
s>            ( QUESTION1 -1 -7.178e+04 8.844e+01 3.362e+02
s>                ( - -5.875e+04 2 0)
s>                ( - -1.294e+04 2 0))
s>            ( - -8.258e+03 2 0)))INFO: dtree.c(1315): Comp split 26
INFO: dtree.c(1315): Comp split 27
INFO: dtree.c(1478): Final simple tree
|( QUESTION0_1_R 1 -5.187e+04 1.485e+02 2.296e+02
|    ( QUESTION2_14_L -1 -2.085e+04 1.370e+02 9.266e+01
|        ( - -1.988e+04 2 0)
|        ( - -8.338e+02 1 0))
|    ( QUESTION18 1 -3.087e+04 1.417e+02 1.370e+02
|        ( - -9.890e+02 1 0)
|        ( QUESTION0_3_R 1 -2.974e+04 1.358e+02 1.320e+02
|            ( - -6.124e+03 1 0)
|            ( QUESTION0_15_R 1 -2.348e+04 1.354e+02 1.040e+02
|                ( - -5.688e+03 4 0 QUESTION0 1 1.105e+02 2.500e+01)
|                ( QUESTION2_7_L -1 -1.766e+04 1.254e+02 7.900e+01
|                    ( - -1.033e+03 1 0)
|                    ( QUESTION16 1 -1.650e+04 1.164e+02 7.400e+01
|                        ( - -8.397e+03 3 0 QUESTION0_0_R 1 1.177e+02 3.798e+01)
|                        ( - -7.988e+03 2 0 QUESTION0_0_R 1 1.101e+02 3.602e+01)))))))
s>    ( QUESTION0_1_R 1 -5.187e+04 1.485e+02 2.296e+02
s>        ( QUESTION2_14_L -1 -2.085e+04 1.370e+02 9.266e+01
s>            ( - -1.988e+04 2 0)
s>            ( - -8.338e+02 1 0))
s>        ( QUESTION18 1 -3.087e+04 1.417e+02 1.370e+02
s>            ( - -9.890e+02 1 0)
s>            ( QUESTION0_3_R 1 -2.974e+04 1.358e+02 1.320e+02
s>                ( - -6.124e+03 1 0)
s>                ( QUESTION0_15_R 1 -2.348e+04 1.354e+02 1.040e+02
s>                    ( - -5.688e+03 4 0 QUESTION0 1 1.105e+02 2.500e+01)
s>                    ( QUESTION2_7_L -1 -1.766e+04 1.254e+02 7.900e+01
s>                        ( - -1.033e+03 1 0)
s>                        ( QUESTION16 1 -1.650e+04 1.164e+02 7.400e+01
s>                            ( - -8.397e+03 3 0 QUESTION0_0_R 1 1.177e+02 3.798e+01)
s>                            ( - -7.988e+03 2 0 QUESTION0_0_R 1 1.101e+02 3.602e+01)))))))INFO: dtree.c(1315): Comp split 28
INFO: dtree.c(1478): Final simple tree
|( WDBNDRY_B 0 -3.889e+04 1.562e+02 1.732e+02
|    ( QUESTION18 -1 -3.790e+04 1.213e+02 1.692e+02
|        ( - -1.245e+03 1 0)
|        ( QUESTION2_12_L -1 -3.654e+04 1.195e+02 1.632e+02
|            ( QUESTION0 -1 -3.567e+03 1.043e+02 1.600e+01
|                ( - -2.231e+03 1 0)
|                ( - -1.232e+03 1 0))
|            ( QUESTION1 -1 -3.285e+04 1.080e+02 1.472e+02
|                ( - -2.110e+03 1 0)
|                ( QUESTION2_3_L -1 -3.063e+04 1.021e+02 1.377e+02
|                    ( - -3.089e+03 1 0)
|                    ( SILENCE -1 -2.744e+04 9.033e+01 1.237e+02
|                        ( - -8.099e+03 1 0)
|                        ( - -1.925e+04 6 0 QUESTION2_14_L -1 8.877e+01 8.646e+01))))))
|    ( - -8.332e+02 1 0))
s>    ( WDBNDRY_B 0 -3.889e+04 1.562e+02 1.732e+02
s>        ( QUESTION18 -1 -3.790e+04 1.213e+02 1.692e+02
s>            ( - -1.245e+03 1 0)
s>            ( QUESTION2_12_L -1 -3.654e+04 1.195e+02 1.632e+02
s>                ( QUESTION0 -1 -3.567e+03 1.043e+02 1.600e+01
s>                    ( - -2.231e+03 1 0)
s>                    ( - -1.232e+03 1 0))
s>                ( QUESTION1 -1 -3.285e+04 1.080e+02 1.472e+02
s>                    ( - -2.110e+03 1 0)
s>                    ( QUESTION2_3_L -1 -3.063e+04 1.021e+02 1.377e+02
s>                        ( - -3.089e+03 1 0)
s>                        ( SILENCE -1 -2.744e+04 9.033e+01 1.237e+02
s>                            ( - -8.099e+03 1 0)
s>                            ( - -1.925e+04 6 0 QUESTION2_14_L -1 8.877e+01 8.646e+01))))))
s>        ( - -8.332e+02 1 0))INFO: dtree.c(1315): Comp split 29
INFO: dtree.c(1439): stop. leaf nodes are specific
INFO: dtree.c(1478): Final simple tree
|( QUESTION18 1 -3.049e+04 1.397e+02 1.356e+02
|    ( - -9.890e+02 1 0)
|    ( QUESTION2_14_L -1 -2.936e+04 1.358e+02 1.306e+02
|        ( QUESTION0_9_R 1 -2.516e+04 1.216e+02 1.116e+02
|            ( - -4.024e+03 1 0)
|            ( QUESTION0_1_R 1 -2.102e+04 9.054e+01 9.366e+01
|                ( - -1.988e+04 2 0)
|                ( - -1.045e+03 1 0)))
|        ( QUESTION0_0_R 1 -4.062e+03 1.220e+02 1.900e+01
|            ( - -8.338e+02 1 0)
|            ( - -3.106e+03 1 0))))
s>    ( QUESTION18 1 -3.049e+04 1.397e+02 1.356e+02
s>        ( - -9.890e+02 1 0)
s>        ( QUESTION2_14_L -1 -2.936e+04 1.358e+02 1.306e+02
s>            ( QUESTION0_9_R 1 -2.516e+04 1.216e+02 1.116e+02
s>                ( - -4.024e+03 1 0)
s>                ( QUESTION0_1_R 1 -2.102e+04 9.054e+01 9.366e+01
s>                    ( - -1.988e+04 2 0)
s>                    ( - -1.045e+03 1 0)))
s>            ( QUESTION0_0_R 1 -4.062e+03 1.220e+02 1.900e+01
s>                ( - -8.338e+02 1 0)
s>                ( - -3.106e+03 1 0))))INFO: dtree.c(1439): stop. leaf nodes are specific
INFO: dtree.c(1478): Final simple tree
|( QUESTION0_15_R 1 -2.122e+04 1.371e+02 9.398e+01
|    ( QUESTION0 1 -5.688e+03 1.105e+02 2.500e+01
|        ( - -9.975e+02 1 0)
|        ( QUESTION2_14_L -1 -4.580e+03 9.508e+01 2.000e+01
|            ( - -2.709e+03 1 0)
|            ( - -1.777e+03 2 0)))
|    ( QUESTION0_5_R 1 -1.539e+04 1.314e+02 6.898e+01
|        ( - -5.551e+03 1 0)
|        ( QUESTION2_7_L -1 -9.711e+03 1.201e+02 4.395e+01
|            ( - -1.033e+03 1 0)
|            ( QUESTION0_0_R 1 -8.559e+03 1.078e+02 3.895e+01
|                ( - -6.124e+03 1 0)
|                ( - -2.326e+03 1 0)))))
s>    ( QUESTION0_15_R 1 -2.122e+04 1.371e+02 9.398e+01
s>        ( QUESTION0 1 -5.688e+03 1.105e+02 2.500e+01
s>            ( - -9.975e+02 1 0)
s>            ( QUESTION2_14_L -1 -4.580e+03 9.508e+01 2.000e+01
s>                ( - -2.709e+03 1 0)
s>                ( - -1.777e+03 2 0)))
s>        ( QUESTION0_5_R 1 -1.539e+04 1.314e+02 6.898e+01
s>            ( - -5.551e+03 1 0)
s>            ( QUESTION2_7_L -1 -9.711e+03 1.201e+02 4.395e+01
s>                ( - -1.033e+03 1 0)
s>                ( QUESTION0_0_R 1 -8.559e+03 1.078e+02 3.895e+01
s>                    ( - -6.124e+03 1 0)
s>                    ( - -2.326e+03 1 0)))))INFO: dtree.c(1315): Comp split 30
INFO: dtree.c(1439): stop. leaf nodes are specific
INFO: dtree.c(1478): Final simple tree
|( WDBNDRY_B 0 -7.723e+03 1.011e+02 3.391e+01
|    ( SILENCE -1 -4.356e+03 9.629e+01 1.968e+01
|        ( - -3.057e+03 1 0)
|        ( - -1.203e+03 1 0))
|    ( - -3.266e+03 3 0))
s>    ( WDBNDRY_B 0 -7.723e+03 1.011e+02 3.391e+01
s>        ( SILENCE -1 -4.356e+03 9.629e+01 1.968e+01
s>            ( - -3.057e+03 1 0)
s>            ( - -1.203e+03 1 0))
s>        ( - -3.266e+03 3 0))INFO: dtree.c(1315): Comp split 31
INFO: dtree.c(1478): Final simple tree
|( QUESTION18 -1 -3.790e+04 1.213e+02 1.692e+02
|    ( - -1.245e+03 1 0)
|    ( QUESTION2_12_L -1 -3.654e+04 1.195e+02 1.632e+02
|        ( QUESTION0 -1 -3.567e+03 1.043e+02 1.600e+01
|            ( - -2.231e+03 1 0)
|            ( - -1.232e+03 1 0))
|        ( QUESTION1 -1 -3.285e+04 1.080e+02 1.472e+02
|            ( - -2.110e+03 1 0)
|            ( QUESTION2_3_L -1 -3.063e+04 1.021e+02 1.377e+02
|                ( - -3.089e+03 1 0)
|                ( SILENCE -1 -2.744e+04 9.033e+01 1.237e+02
|                    ( - -8.099e+03 1 0)
|                    ( QUESTION2_14_L -1 -1.925e+04 8.877e+01 8.646e+01
|                        ( - -8.857e+03 2 0)
|                        ( - -1.031e+04 4 0 QUESTION9 -1 8.329e+01 4.635e+01)))))))
s>    ( QUESTION18 -1 -3.790e+04 1.213e+02 1.692e+02
s>        ( - -1.245e+03 1 0)
s>        ( QUESTION2_12_L -1 -3.654e+04 1.195e+02 1.632e+02
s>            ( QUESTION0 -1 -3.567e+03 1.043e+02 1.600e+01
s>                ( - -2.231e+03 1 0)
s>                ( - -1.232e+03 1 0))
s>            ( QUESTION1 -1 -3.285e+04 1.080e+02 1.472e+02
s>                ( - -2.110e+03 1 0)
s>                ( QUESTION2_3_L -1 -3.063e+04 1.021e+02 1.377e+02
s>                    ( - -3.089e+03 1 0)
s>                    ( SILENCE -1 -2.744e+04 9.033e+01 1.237e+02
s>                        ( - -8.099e+03 1 0)
s>                        ( QUESTION2_14_L -1 -1.925e+04 8.877e+01 8.646e+01
s>                            ( - -8.857e+03 2 0)
s>                            ( - -1.031e+04 4 0 QUESTION9 -1 8.329e+01 4.635e+01)))))))INFO: dtree.c(1315): Comp split 32
INFO: dtree.c(1439): stop. leaf nodes are specific
INFO: dtree.c(1478): Final simple tree
|( QUESTION0_1_R 1 -8.192e+03 1.149e+02 3.698e+01
|    ( - -8.338e+02 1 0)
|    ( QUESTION0_0_R 1 -7.244e+03 1.130e+02 3.298e+01
|        ( - -4.024e+03 1 0)
|        ( - -3.106e+03 1 0)))
s>    ( QUESTION0_1_R 1 -8.192e+03 1.149e+02 3.698e+01
s>        ( - -8.338e+02 1 0)
s>        ( QUESTION0_0_R 1 -7.244e+03 1.130e+02 3.298e+01
s>            ( - -4.024e+03 1 0)
s>            ( - -3.106e+03 1 0)))INFO: dtree.c(1439): stop. leaf nodes are specific
INFO: dtree.c(1478): Final simple tree
|( QUESTION0_0_R 1 -2.215e+04 1.400e+02 9.866e+01
|    ( QUESTION0_1_R 1 -2.102e+04 9.054e+01 9.366e+01
|        ( - -1.988e+04 2 0)
|        ( - -1.045e+03 1 0))
|    ( - -9.890e+02 1 0))
s>    ( QUESTION0_0_R 1 -2.215e+04 1.400e+02 9.866e+01
s>        ( QUESTION0_1_R 1 -2.102e+04 9.054e+01 9.366e+01
s>            ( - -1.988e+04 2 0)
s>            ( - -1.045e+03 1 0))
s>        ( - -9.890e+02 1 0))INFO: dtree.c(1315): Comp split 33
INFO: dtree.c(1439): stop. leaf nodes are specific
INFO: dtree.c(1478): Final simple tree
|( QUESTION2_7_L -1 -9.711e+03 1.201e+02 4.395e+01
|    ( - -1.033e+03 1 0)
|    ( QUESTION0_0_R 1 -8.559e+03 1.078e+02 3.895e+01
|        ( - -6.124e+03 1 0)
|        ( - -2.326e+03 1 0)))
s>    ( QUESTION2_7_L -1 -9.711e+03 1.201e+02 4.395e+01
s>        ( - -1.033e+03 1 0)
s>        ( QUESTION0_0_R 1 -8.559e+03 1.078e+02 3.895e+01
s>            ( - -6.124e+03 1 0)
s>            ( - -2.326e+03 1 0)))INFO: dtree.c(1439): stop. leaf nodes are specific
INFO: dtree.c(1478): Final simple tree
|( QUESTION0_0_R 1 -1.136e+04 1.223e+02 5.003e+01
|    ( - -5.551e+03 1 0)
|    ( QUESTION0 1 -5.688e+03 1.105e+02 2.500e+01
|        ( - -9.975e+02 1 0)
|        ( QUESTION2_14_L -1 -4.580e+03 9.508e+01 2.000e+01
|            ( - -2.709e+03 1 0)
|            ( - -1.777e+03 2 0))))
s>    ( QUESTION0_0_R 1 -1.136e+04 1.223e+02 5.003e+01
s>        ( - -5.551e+03 1 0)
s>        ( QUESTION0 1 -5.688e+03 1.105e+02 2.500e+01
s>            ( - -9.975e+02 1 0)
s>            ( QUESTION2_14_L -1 -4.580e+03 9.508e+01 2.000e+01
s>                ( - -2.709e+03 1 0)
s>                ( - -1.777e+03 2 0))))INFO: dtree.c(1315): Comp split 34
INFO: dtree.c(1439): stop. leaf nodes are specific
INFO: dtree.c(1478): Final simple tree
|( QUESTION1 -1 -7.178e+04 8.844e+01 3.362e+02
|    ( - -5.875e+04 2 0)
|    ( - -1.294e+04 2 0))
s>    ( QUESTION1 -1 -7.178e+04 8.844e+01 3.362e+02
s>        ( - -5.875e+04 2 0)
s>        ( - -1.294e+04 2 0))INFO: dtree.c(1439): stop. leaf nodes are specific
INFO: dtree.c(1478): Final simple tree
|( QUESTION2_18_L -1 -3.620e+04 1.141e+02 1.687e+02
|    ( - -2.489e+04 2 0)
|    ( QUESTION0 -1 -1.119e+04 1.017e+02 5.297e+01
|        ( - -2.831e+03 2 0)
|        ( - -8.258e+03 2 0)))
s>    ( QUESTION2_18_L -1 -3.620e+04 1.141e+02 1.687e+02
s>        ( - -2.489e+04 2 0)
s>        ( QUESTION0 -1 -1.119e+04 1.017e+02 5.297e+01
s>            ( - -2.831e+03 2 0)
s>            ( - -8.258e+03 2 0)))INFO: dtree.c(1315): Comp split 35
INFO: dtree.c(1439): stop. leaf nodes are specific
INFO: dtree.c(1478): Final simple tree
|( QUESTION0_1_R 1 -2.102e+04 9.054e+01 9.366e+01
|    ( - -1.988e+04 2 0)
|    ( - -1.045e+03 1 0))
s>    ( QUESTION0_1_R 1 -2.102e+04 9.054e+01 9.366e+01
s>        ( - -1.988e+04 2 0)
s>        ( - -1.045e+03 1 0))INFO: dtree.c(1315): Comp split 36
INFO: dtree.c(1439): stop. leaf nodes are specific
INFO: dtree.c(1478): Final simple tree
|( QUESTION1 -1 -4.424e+03 8.370e+01 1.956e+01
|    ( - -2.110e+03 1 0)
|    ( - -2.231e+03 1 0))
s>    ( QUESTION1 -1 -4.424e+03 8.370e+01 1.956e+01
s>        ( - -2.110e+03 1 0)
s>        ( - -2.231e+03 1 0))INFO: dtree.c(1478): Final simple tree
|( QUESTION18 -1 -3.334e+04 1.234e+02 1.497e+02
|    ( - -1.245e+03 1 0)
|    ( QUESTION2_12_L -1 -3.197e+04 1.068e+02 1.437e+02
|        ( - -1.232e+03 1 0)
|        ( QUESTION2_3_L -1 -3.063e+04 1.021e+02 1.377e+02
|            ( - -3.089e+03 1 0)
|            ( SILENCE -1 -2.744e+04 9.033e+01 1.237e+02
|                ( - -8.099e+03 1 0)
|                ( QUESTION2_14_L -1 -1.925e+04 8.877e+01 8.646e+01
|                    ( - -8.857e+03 2 0)
|                    ( QUESTION9 -1 -1.031e+04 8.329e+01 4.635e+01
|                        ( - -2.698e+03 1 0)
|                        ( QUESTION2_7_L -1 -7.525e+03 7.394e+01 3.374e+01
|                            ( - -4.390e+03 2 0 QUESTION0 -1 6.894e+01 1.991e+01)
|                            ( - -3.062e+03 1 0))))))))
s>    ( QUESTION18 -1 -3.334e+04 1.234e+02 1.497e+02
s>        ( - -1.245e+03 1 0)
s>        ( QUESTION2_12_L -1 -3.197e+04 1.068e+02 1.437e+02
s>            ( - -1.232e+03 1 0)
s>            ( QUESTION2_3_L -1 -3.063e+04 1.021e+02 1.377e+02
s>                ( - -3.089e+03 1 0)
s>                ( SILENCE -1 -2.744e+04 9.033e+01 1.237e+02
s>                    ( - -8.099e+03 1 0)
s>                    ( QUESTION2_14_L -1 -1.925e+04 8.877e+01 8.646e+01
s>                        ( - -8.857e+03 2 0)
s>                        ( QUESTION9 -1 -1.031e+04 8.329e+01 4.635e+01
s>                            ( - -2.698e+03 1 0)
s>                            ( QUESTION2_7_L -1 -7.525e+03 7.394e+01 3.374e+01
s>                                ( - -4.390e+03 2 0 QUESTION0 -1 6.894e+01 1.991e+01)
s>                                ( - -3.062e+03 1 0))))))))INFO: dtree.c(1315): Comp split 37
INFO: dtree.c(1439): stop. leaf nodes are specific
INFO: dtree.c(1478): Final simple tree
|( QUESTION0_3_R 1 -5.623e+03 8.604e+01 2.616e+01
|    ( - -4.482e+03 1 0)
|    ( - -1.055e+03 1 0))
s>    ( QUESTION0_3_R 1 -5.623e+03 8.604e+01 2.616e+01
s>        ( - -4.482e+03 1 0)
s>        ( - -1.055e+03 1 0))INFO: dtree.c(1439): stop. leaf nodes are specific
INFO: dtree.c(1478): Final simple tree
|( QUESTION0_3_R 1 -1.624e+04 1.161e+02 7.545e+01
|    ( - -1.243e+03 1 0)
|    ( QUESTION0_6_R 1 -1.488e+04 1.113e+02 6.945e+01
|        ( - -7.706e+02 1 0)
|        ( - -1.400e+04 1 0)))
s>    ( QUESTION0_3_R 1 -1.624e+04 1.161e+02 7.545e+01
s>        ( - -1.243e+03 1 0)
s>        ( QUESTION0_6_R 1 -1.488e+04 1.113e+02 6.945e+01
s>            ( - -7.706e+02 1 0)
s>            ( - -1.400e+04 1 0)))INFO: dtree.c(1315): Comp split 38
INFO: dtree.c(1439): stop. leaf nodes are specific
INFO: dtree.c(1478): Final simple tree
|( QUESTION0 1 -3.823e+03 1.172e+02 1.700e+01
|    ( - -9.975e+02 1 0)
|    ( - -2.709e+03 1 0))
s>    ( QUESTION0 1 -3.823e+03 1.172e+02 1.700e+01
s>        ( - -9.975e+02 1 0)
s>        ( - -2.709e+03 1 0))INFO: dtree.c(1439): stop. leaf nodes are specific
INFO: dtree.c(1478): Final simple tree
|( QUESTION0_0_R 1 -7.410e+03 8.168e+01 3.303e+01
|    ( - -5.551e+03 1 0)
|    ( - -1.777e+03 2 0))
s>    ( QUESTION0_0_R 1 -7.410e+03 8.168e+01 3.303e+01
s>        ( - -5.551e+03 1 0)
s>        ( - -1.777e+03 2 0))INFO: dtree.c(1315): Comp split 39
INFO: dtree.c(1478): Final simple tree
|( QUESTION2_12_L -1 -3.197e+04 1.068e+02 1.437e+02
|    ( - -1.232e+03 1 0)
|    ( QUESTION2_3_L -1 -3.063e+04 1.021e+02 1.377e+02
|        ( - -3.089e+03 1 0)
|        ( SILENCE -1 -2.744e+04 9.033e+01 1.237e+02
|            ( - -8.099e+03 1 0)
|            ( QUESTION2_14_L -1 -1.925e+04 8.877e+01 8.646e+01
|                ( - -8.857e+03 2 0)
|                ( QUESTION9 -1 -1.031e+04 8.329e+01 4.635e+01
|                    ( - -2.698e+03 1 0)
|                    ( QUESTION2_7_L -1 -7.525e+03 7.394e+01 3.374e+01
|                        ( QUESTION0 -1 -4.390e+03 6.894e+01 1.991e+01
|                            ( - -3.473e+03 1 0)
|                            ( - -8.475e+02 1 0))
|                        ( - -3.062e+03 1 0)))))))
s>    ( QUESTION2_12_L -1 -3.197e+04 1.068e+02 1.437e+02
s>        ( - -1.232e+03 1 0)
s>        ( QUESTION2_3_L -1 -3.063e+04 1.021e+02 1.377e+02
s>            ( - -3.089e+03 1 0)
s>            ( SILENCE -1 -2.744e+04 9.033e+01 1.237e+02
s>                ( - -8.099e+03 1 0)
s>                ( QUESTION2_14_L -1 -1.925e+04 8.877e+01 8.646e+01
s>                    ( - -8.857e+03 2 0)
s>                    ( QUESTION9 -1 -1.031e+04 8.329e+01 4.635e+01
s>                        ( - -2.698e+03 1 0)
s>                        ( QUESTION2_7_L -1 -7.525e+03 7.394e+01 3.374e+01
s>                            ( QUESTION0 -1 -4.390e+03 6.894e+01 1.991e+01
s>                                ( - -3.473e+03 1 0)
s>                                ( - -8.475e+02 1 0))
s>                            ( - -3.062e+03 1 0)))))))INFO: dtree.c(1315): Comp split 40
INFO: dtree.c(1439): stop. leaf nodes are specific
INFO: dtree.c(1478): Final simple tree
|( QUESTION0_0_R 1 -8.559e+03 1.078e+02 3.895e+01
|    ( - -6.124e+03 1 0)
|    ( - -2.326e+03 1 0))
s>    ( QUESTION0_0_R 1 -8.559e+03 1.078e+02 3.895e+01
s>        ( - -6.124e+03 1 0)
s>        ( - -2.326e+03 1 0))INFO: dtree.c(1315): Comp split 41
INFO: dtree.c(1315): Comp split 42
INFO: dtree.c(1315): Comp split 43
INFO: dtree.c(1439): stop. leaf nodes are specific
INFO: dtree.c(1478): Final simple tree
|( QUESTION0_6_R 1 -1.488e+04 1.113e+02 6.945e+01
|    ( - -7.706e+02 1 0)
|    ( - -1.400e+04 1 0))
s>    ( QUESTION0_6_R 1 -1.488e+04 1.113e+02 6.945e+01
s>        ( - -7.706e+02 1 0)
s>        ( - -1.400e+04 1 0))INFO: dtree.c(1315): Comp split 44
INFO: dtree.c(1439): stop. leaf nodes are specific
INFO: dtree.c(1478): Final simple tree
|( QUESTION0_0_R 1 -7.244e+03 1.130e+02 3.298e+01
|    ( - -4.024e+03 1 0)
|    ( - -3.106e+03 1 0))
s>    ( QUESTION0_0_R 1 -7.244e+03 1.130e+02 3.298e+01
s>        ( - -4.024e+03 1 0)
s>        ( - -3.106e+03 1 0))INFO: dtree.c(1315): Comp split 45
INFO: dtree.c(1315): Comp split 46
INFO: dtree.c(1439): stop. leaf nodes are specific
INFO: dtree.c(1478): Final simple tree
|( QUESTION0 -1 -1.119e+04 1.017e+02 5.297e+01
|    ( - -2.831e+03 2 0)
|    ( - -8.258e+03 2 0))
s>    ( QUESTION0 -1 -1.119e+04 1.017e+02 5.297e+01
s>        ( - -2.831e+03 2 0)
s>        ( - -8.258e+03 2 0))INFO: dtree.c(1315): Comp split 47
INFO: dtree.c(1315): Comp split 48
INFO: dtree.c(1315): Comp split 49
INFO: dtree.c(1315): Comp split 50
INFO: dtree.c(1315): Comp split 51
INFO: dtree.c(1315): Comp split 52
INFO: dtree.c(1439): stop. leaf nodes are specific
INFO: dtree.c(1478): Final simple tree
|( QUESTION2_3_L -1 -1.350e+04 9.874e+01 6.031e+01
|    ( - -3.089e+03 1 0)
|    ( QUESTION9 -1 -1.031e+04 8.329e+01 4.635e+01
|        ( - -2.698e+03 1 0)
|        ( QUESTION2_7_L -1 -7.525e+03 7.394e+01 3.374e+01
|            ( QUESTION0 -1 -4.390e+03 6.894e+01 1.991e+01
|                ( - -3.473e+03 1 0)
|                ( - -8.475e+02 1 0))
|            ( - -3.062e+03 1 0))))
s>    ( QUESTION2_3_L -1 -1.350e+04 9.874e+01 6.031e+01
s>        ( - -3.089e+03 1 0)
s>        ( QUESTION9 -1 -1.031e+04 8.329e+01 4.635e+01
s>            ( - -2.698e+03 1 0)
s>            ( QUESTION2_7_L -1 -7.525e+03 7.394e+01 3.374e+01
s>                ( QUESTION0 -1 -4.390e+03 6.894e+01 1.991e+01
s>                    ( - -3.473e+03 1 0)
s>                    ( - -8.475e+02 1 0))
s>                ( - -3.062e+03 1 0))))INFO: dtree.c(1439): stop. leaf nodes are specific
INFO: dtree.c(1478): Final simple tree
|( QUESTION2_7_L -1 -1.837e+04 1.068e+02 8.335e+01
|    ( - -1.232e+03 1 0)
|    ( SILENCE -1 -1.703e+04 7.500e+01 7.735e+01
|        ( - -8.099e+03 1 0)
|        ( - -8.857e+03 2 0)))
s>    ( QUESTION2_7_L -1 -1.837e+04 1.068e+02 8.335e+01
s>        ( - -1.232e+03 1 0)
s>        ( SILENCE -1 -1.703e+04 7.500e+01 7.735e+01
s>            ( - -8.099e+03 1 0)
s>            ( - -8.857e+03 2 0)))INFO: dtree.c(1315): Comp split 53
INFO: dtree.c(1439): stop. leaf nodes are specific
INFO: dtree.c(1478): Final simple tree
|( SILENCE -1 -1.703e+04 7.500e+01 7.735e+01
|    ( - -8.099e+03 1 0)
|    ( - -8.857e+03 2 0))
s>    ( SILENCE -1 -1.703e+04 7.500e+01 7.735e+01
s>        ( - -8.099e+03 1 0)
s>        ( - -8.857e+03 2 0))INFO: dtree.c(1315): Comp split 54
INFO: dtree.c(1315): Comp split 55
INFO: dtree.c(1315): Comp split 56
INFO: dtree.c(1439): stop. leaf nodes are specific
INFO: dtree.c(1478): Final simple tree
|( SILENCE -1 -4.356e+03 9.629e+01 1.968e+01
|    ( - -3.057e+03 1 0)
|    ( - -1.203e+03 1 0))
s>    ( SILENCE -1 -4.356e+03 9.629e+01 1.968e+01
s>        ( - -3.057e+03 1 0)
s>        ( - -1.203e+03 1 0))INFO: dtree.c(1315): Comp split 57
INFO: dtree.c(1439): stop. leaf nodes are specific
INFO: dtree.c(1478): Final simple tree
|( QUESTION9 -1 -1.031e+04 8.329e+01 4.635e+01
|    ( - -2.698e+03 1 0)
|    ( QUESTION2_7_L -1 -7.525e+03 7.394e+01 3.374e+01
|        ( QUESTION0 -1 -4.390e+03 6.894e+01 1.991e+01
|            ( - -3.473e+03 1 0)
|            ( - -8.475e+02 1 0))
|        ( - -3.062e+03 1 0)))
s>    ( QUESTION9 -1 -1.031e+04 8.329e+01 4.635e+01
s>        ( - -2.698e+03 1 0)
s>        ( QUESTION2_7_L -1 -7.525e+03 7.394e+01 3.374e+01
s>            ( QUESTION0 -1 -4.390e+03 6.894e+01 1.991e+01
s>                ( - -3.473e+03 1 0)
s>                ( - -8.475e+02 1 0))
s>            ( - -3.062e+03 1 0)))INFO: dtree.c(1315): Comp split 58
INFO: dtree.c(1315): Comp split 59
INFO: dtree.c(1315): Comp split 60
INFO: dtree.c(1315): Comp split 61
INFO: dtree.c(1315): Comp split 62
INFO: dtree.c(1315): Comp split 63
INFO: dtree.c(1315): Comp split 64
INFO: dtree.c(1439): stop. leaf nodes are specific
INFO: dtree.c(1478): Final simple tree
|( QUESTION2_7_L -1 -7.525e+03 7.394e+01 3.374e+01
|    ( QUESTION0 -1 -4.390e+03 6.894e+01 1.991e+01
|        ( - -3.473e+03 1 0)
|        ( - -8.475e+02 1 0))
|    ( - -3.062e+03 1 0))
s>    ( QUESTION2_7_L -1 -7.525e+03 7.394e+01 3.374e+01
s>        ( QUESTION0 -1 -4.390e+03 6.894e+01 1.991e+01
s>            ( - -3.473e+03 1 0)
s>            ( - -8.475e+02 1 0))
s>        ( - -3.062e+03 1 0))INFO: dtree.c(1315): Comp split 65
INFO: dtree.c(1315): Comp split 66
INFO: dtree.c(1315): Comp split 67
INFO: dtree.c(1439): stop. leaf nodes are specific
INFO: dtree.c(1478): Final simple tree
|( QUESTION0 -1 -4.390e+03 6.894e+01 1.991e+01
|    ( - -3.473e+03 1 0)
|    ( - -8.475e+02 1 0))
s>    ( QUESTION0 -1 -4.390e+03 6.894e+01 1.991e+01
s>        ( - -3.473e+03 1 0)
s>        ( - -8.475e+02 1 0))INFO: dtree.c(1315): Comp split 68
INFO: dtree.c(1315): Comp split 69
INFO: dtree.c(1318): stop. leaf nodes are specific
Wed Dec 20 23:52:24 2017
