Current configuration:
[NAME]		[DEFLT]	[VALUE]
-allphones	no	no
-cntthresh	0.00001	1.000000e-05
-csplitmax	100	2000
-csplitmin	1	1
-csplitthr	8e-4	0.000000e+00
-example	no	no
-fullvar	no	no
-help		no	no
-meanfn			/home/alex/repos/speech/an4/model_parameters/an4.cd_cont_untied/means
-mixwfn			/home/alex/repos/speech/an4/model_parameters/an4.cd_cont_untied/mixture_weights
-moddeffn		/home/alex/repos/speech/an4/model_architecture/an4.untied.mdef
-mwfloor	1e-4	1.000000e-08
-phone			N
-psetfn			/home/alex/repos/speech/an4/model_architecture/an4.tree_questions
-ssplitmax	5	7
-ssplitmin	1	1
-ssplitthr	8e-4	0.000000e+00
-state			0
-stwt			1.0,0.05,0.0,
-treefn			/home/alex/repos/speech/an4/trees/an4.unpruned/N-0.dtree
-ts2cbfn	.semi.	.cont.
-varfloor	0.00001	1.000000e-05
-varfn			/home/alex/repos/speech/an4/model_parameters/an4.cd_cont_untied/variances

INFO: main.c(223): Reading: /home/alex/repos/speech/an4/model_architecture/an4.untied.mdef
INFO: model_def_io.c(573): Model definition info:
INFO: model_def_io.c(574): 1618 total models defined (34 base, 1584 tri)
INFO: model_def_io.c(575): 6472 total states
INFO: model_def_io.c(576): 4854 total tied states
INFO: model_def_io.c(577): 102 total tied CI states
INFO: model_def_io.c(578): 34 total tied transition matrices
INFO: model_def_io.c(579): 4 max state/model
INFO: model_def_io.c(580): 4 min state/model
INFO: main.c(242): Building trees for [N AE D i] through [N V AY b]
INFO: main.c(269): Covering states |[2973 3224]| == 252
INFO: main.c(275): Reading: /home/alex/repos/speech/an4/model_parameters/an4.cd_cont_untied/mixture_weights
INFO: s3mixw_io.c(173): Read /home/alex/repos/speech/an4/model_parameters/an4.cd_cont_untied/mixture_weights [252x1x1 array]
INFO: main.c(311): 84 of 84 models have observation count greater than 0.000010
INFO: main.c(95): nrm stwt: 0.952 0.048 0.000 
INFO: s3gau_io.c(169): Read /home/alex/repos/speech/an4/model_parameters/an4.cd_cont_untied/means [4854x1x1 array]
INFO: s3gau_io.c(169): Read /home/alex/repos/speech/an4/model_parameters/an4.cd_cont_untied/variances [4854x1x1 array]
INFO: main.c(549): Reading: /home/alex/repos/speech/an4/model_architecture/an4.tree_questions
INFO: main.c(588): 180 total simple questions (172 phone; 8 word bndry)
INFO: main.c(590): 42 Left Only questions, and 42 Right Only questions
INFO: dtree.c(1478): Final simple tree
|( QUESTION1 -1 -7.369e+05 4.770e+03 3.187e+03
|    ( QUESTION2 -1 -2.467e+05 8.610e+02 1.069e+03
|        ( - -1.438e+04 1 0)
|        ( - -2.315e+05 21 0 SILENCE 1 6.525e+02 9.994e+02))
|    ( QUESTION2_0_L -1 -4.854e+05 3.643e+03 2.119e+03
|        ( QUESTION0 -1 -3.748e+05 2.607e+03 1.647e+03
|            ( WDBNDRY_I 0 -2.378e+05 1.569e+03 1.043e+03
|                ( QUESTION0_13_R 1 -6.168e+04 7.704e+02 2.682e+02
|                    ( - -5.032e+04 1 0)
|                    ( - -1.059e+04 1 0))
|                ( - -1.746e+05 22 0 WDBNDRY_B 0 5.444e+02 7.744e+02))
|            ( - -1.343e+05 14 0 QUESTION0_3_R 1 7.539e+02 6.046e+02))
|        ( QUESTION2_13_L -1 -1.070e+05 1.816e+03 4.714e+02
|            ( - -5.177e+04 16 0 QUESTION2_14_L -1 3.954e+02 2.275e+02)
|            ( - -5.346e+04 8 0 QUESTION15 -1 4.619e+02 2.439e+02))))
s>    ( QUESTION1 -1 -7.369e+05 4.770e+03 3.187e+03
s>        ( QUESTION2 -1 -2.467e+05 8.610e+02 1.069e+03
s>            ( - -1.438e+04 1 0)
s>            ( - -2.315e+05 21 0 SILENCE 1 6.525e+02 9.994e+02))
s>        ( QUESTION2_0_L -1 -4.854e+05 3.643e+03 2.119e+03
s>            ( QUESTION0 -1 -3.748e+05 2.607e+03 1.647e+03
s>                ( WDBNDRY_I 0 -2.378e+05 1.569e+03 1.043e+03
s>                    ( QUESTION0_13_R 1 -6.168e+04 7.704e+02 2.682e+02
s>                        ( - -5.032e+04 1 0)
s>                        ( - -1.059e+04 1 0))
s>                    ( - -1.746e+05 22 0 WDBNDRY_B 0 5.444e+02 7.744e+02))
s>                ( - -1.343e+05 14 0 QUESTION0_3_R 1 7.539e+02 6.046e+02))
s>            ( QUESTION2_13_L -1 -1.070e+05 1.816e+03 4.714e+02
s>                ( - -5.177e+04 16 0 QUESTION2_14_L -1 3.954e+02 2.275e+02)
s>                ( - -5.346e+04 8 0 QUESTION15 -1 4.619e+02 2.439e+02))))INFO: dtree.c(1315): Comp split 0
INFO: dtree.c(1478): Final simple tree
|( QUESTION2_0_L -1 -3.676e+05 2.833e+03 1.585e+03
|    ( QUESTION1 -1 -2.407e+05 7.073e+02 1.036e+03
|        ( SILENCE 1 -2.294e+05 6.533e+02 9.908e+02
|            ( - -6.264e+04 1 0)
|            ( - -1.661e+05 19 0 QUESTION0_16_R 1 4.434e+02 7.176e+02))
|        ( - -1.059e+04 1 0))
|    ( QUESTION2_14_L -1 -1.240e+05 1.553e+03 5.492e+02
|        ( - -4.424e+04 11 0 QUESTION0_3_R 1 4.449e+02 1.959e+02)
|        ( SILENCE -1 -7.825e+04 6.214e+02 3.532e+02
|            ( - -2.749e+04 2 0)
|            ( QUESTION2 -1 -5.014e+04 4.729e+02 2.250e+02
|                ( - -1.438e+04 1 0)
|                ( QUESTION0_20_R 1 -3.529e+04 4.700e+02 1.558e+02
|                    ( - 2.414e+02 1 0)
|                    ( - -3.506e+04 11 0 QUESTION15 -1 4.599e+02 1.548e+02))))))
s>    ( QUESTION2_0_L -1 -3.676e+05 2.833e+03 1.585e+03
s>        ( QUESTION1 -1 -2.407e+05 7.073e+02 1.036e+03
s>            ( SILENCE 1 -2.294e+05 6.533e+02 9.908e+02
s>                ( - -6.264e+04 1 0)
s>                ( - -1.661e+05 19 0 QUESTION0_16_R 1 4.434e+02 7.176e+02))
s>            ( - -1.059e+04 1 0))
s>        ( QUESTION2_14_L -1 -1.240e+05 1.553e+03 5.492e+02
s>            ( - -4.424e+04 11 0 QUESTION0_3_R 1 4.449e+02 1.959e+02)
s>            ( SILENCE -1 -7.825e+04 6.214e+02 3.532e+02
s>                ( - -2.749e+04 2 0)
s>                ( QUESTION2 -1 -5.014e+04 4.729e+02 2.250e+02
s>                    ( - -1.438e+04 1 0)
s>                    ( QUESTION0_20_R 1 -3.529e+04 4.700e+02 1.558e+02
s>                        ( - 2.414e+02 1 0)
s>                        ( - -3.506e+04 11 0 QUESTION15 -1 4.599e+02 1.548e+02))))))INFO: dtree.c(1478): Final simple tree
|( QUESTION0 -1 -3.634e+05 2.650e+03 1.602e+03
|    ( WDBNDRY_I 0 -2.264e+05 1.573e+03 9.975e+02
|        ( - -5.032e+04 1 0)
|        ( WDBNDRY_B 0 -1.746e+05 5.444e+02 7.744e+02
|            ( - -9.767e+03 1 0)
|            ( SILENCE 1 -1.642e+05 4.921e+02 7.287e+02
|                ( - -4.485e+04 1 0)
|                ( QUESTION0_11_R 1 -1.189e+05 2.953e+02 5.261e+02
|                    ( - -2.581e+03 1 0)
|                    ( - -1.160e+05 19 0 QUESTION0_14_R 1 2.174e+02 5.131e+02)))))
|    ( QUESTION0_3_R 1 -1.343e+05 7.539e+02 6.046e+02
|        ( - -3.814e+04 2 0 WDBNDRY_E 0 2.336e+02 1.728e+02)
|        ( SILENCE 1 -9.546e+04 2.801e+02 4.318e+02
|            ( - -4.537e+04 1 0)
|            ( - -4.980e+04 11 0 QUESTION0_16_R 1 1.897e+02 2.266e+02))))
s>    ( QUESTION0 -1 -3.634e+05 2.650e+03 1.602e+03
s>        ( WDBNDRY_I 0 -2.264e+05 1.573e+03 9.975e+02
s>            ( - -5.032e+04 1 0)
s>            ( WDBNDRY_B 0 -1.746e+05 5.444e+02 7.744e+02
s>                ( - -9.767e+03 1 0)
s>                ( SILENCE 1 -1.642e+05 4.921e+02 7.287e+02
s>                    ( - -4.485e+04 1 0)
s>                    ( QUESTION0_11_R 1 -1.189e+05 2.953e+02 5.261e+02
s>                        ( - -2.581e+03 1 0)
s>                        ( - -1.160e+05 19 0 QUESTION0_14_R 1 2.174e+02 5.131e+02)))))
s>        ( QUESTION0_3_R 1 -1.343e+05 7.539e+02 6.046e+02
s>            ( - -3.814e+04 2 0 WDBNDRY_E 0 2.336e+02 1.728e+02)
s>            ( SILENCE 1 -9.546e+04 2.801e+02 4.318e+02
s>                ( - -4.537e+04 1 0)
s>                ( - -4.980e+04 11 0 QUESTION0_16_R 1 1.897e+02 2.266e+02))))INFO: dtree.c(1315): Comp split 1
INFO: dtree.c(1478): Final simple tree
|( QUESTION2_14_L -1 -1.240e+05 1.553e+03 5.492e+02
|    ( QUESTION0_3_R 1 -4.424e+04 4.449e+02 1.959e+02
|        ( - 1.904e+02 1 0)
|        ( - -4.399e+04 10 0 QUESTION0_20_R 1 4.368e+02 1.949e+02))
|    ( SILENCE -1 -7.825e+04 6.214e+02 3.532e+02
|        ( - -2.749e+04 2 0)
|        ( QUESTION2 -1 -5.014e+04 4.729e+02 2.250e+02
|            ( - -1.438e+04 1 0)
|            ( QUESTION0_20_R 1 -3.529e+04 4.700e+02 1.558e+02
|                ( - 2.414e+02 1 0)
|                ( QUESTION15 -1 -3.506e+04 4.599e+02 1.548e+02
|                    ( - 2.155e+02 1 0)
|                    ( QUESTION2_7_L -1 -3.482e+04 4.422e+02 1.538e+02
|                        ( - -2.534e+04 5 0 QUESTION0 -1 1.901e+02 1.147e+02)
|                        ( - -9.035e+03 5 0 WDBNDRY_B 0 1.687e+02 3.914e+01)))))))
s>    ( QUESTION2_14_L -1 -1.240e+05 1.553e+03 5.492e+02
s>        ( QUESTION0_3_R 1 -4.424e+04 4.449e+02 1.959e+02
s>            ( - 1.904e+02 1 0)
s>            ( - -4.399e+04 10 0 QUESTION0_20_R 1 4.368e+02 1.949e+02))
s>        ( SILENCE -1 -7.825e+04 6.214e+02 3.532e+02
s>            ( - -2.749e+04 2 0)
s>            ( QUESTION2 -1 -5.014e+04 4.729e+02 2.250e+02
s>                ( - -1.438e+04 1 0)
s>                ( QUESTION0_20_R 1 -3.529e+04 4.700e+02 1.558e+02
s>                    ( - 2.414e+02 1 0)
s>                    ( QUESTION15 -1 -3.506e+04 4.599e+02 1.548e+02
s>                        ( - 2.155e+02 1 0)
s>                        ( QUESTION2_7_L -1 -3.482e+04 4.422e+02 1.538e+02
s>                            ( - -2.534e+04 5 0 QUESTION0 -1 1.901e+02 1.147e+02)
s>                            ( - -9.035e+03 5 0 WDBNDRY_B 0 1.687e+02 3.914e+01)))))))INFO: dtree.c(1478): Final simple tree
|( QUESTION1 -1 -2.407e+05 7.073e+02 1.036e+03
|    ( SILENCE 1 -2.294e+05 6.533e+02 9.908e+02
|        ( - -6.264e+04 1 0)
|        ( QUESTION0_16_R 1 -1.661e+05 4.434e+02 7.176e+02
|            ( - 2.417e+02 1 0)
|            ( WDBNDRY_E 0 -1.659e+05 4.012e+02 7.166e+02
|                ( QUESTION0_1_R 1 -1.428e+05 2.794e+02 6.155e+02
|                    ( - -6.896e+04 2 0)
|                    ( QUESTION0_5_R 1 -7.360e+04 2.819e+02 3.196e+02
|                        ( - -2.146e+04 3 0 QUESTION0_10_R 1 1.248e+02 9.425e+01)
|                        ( QUESTION10 1 -5.186e+04 4.553e+02 2.253e+02
|                            ( - 2.415e+02 1 0)
|                            ( - -5.165e+04 5 0 QUESTION15 1 2.550e+02 2.243e+02))))
|                ( - -2.264e+04 7 0 QUESTION0_20_R 1 2.400e+02 1.011e+02))))
|    ( - -1.059e+04 1 0))
s>    ( QUESTION1 -1 -2.407e+05 7.073e+02 1.036e+03
s>        ( SILENCE 1 -2.294e+05 6.533e+02 9.908e+02
s>            ( - -6.264e+04 1 0)
s>            ( QUESTION0_16_R 1 -1.661e+05 4.434e+02 7.176e+02
s>                ( - 2.417e+02 1 0)
s>                ( WDBNDRY_E 0 -1.659e+05 4.012e+02 7.166e+02
s>                    ( QUESTION0_1_R 1 -1.428e+05 2.794e+02 6.155e+02
s>                        ( - -6.896e+04 2 0)
s>                        ( QUESTION0_5_R 1 -7.360e+04 2.819e+02 3.196e+02
s>                            ( - -2.146e+04 3 0 QUESTION0_10_R 1 1.248e+02 9.425e+01)
s>                            ( QUESTION10 1 -5.186e+04 4.553e+02 2.253e+02
s>                                ( - 2.415e+02 1 0)
s>                                ( - -5.165e+04 5 0 QUESTION15 1 2.550e+02 2.243e+02))))
s>                    ( - -2.264e+04 7 0 QUESTION0_20_R 1 2.400e+02 1.011e+02))))
s>        ( - -1.059e+04 1 0))INFO: dtree.c(1315): Comp split 2
INFO: dtree.c(1478): Final simple tree
|( QUESTION0_3_R 1 -1.372e+05 7.589e+02 6.176e+02
|    ( WDBNDRY_E 0 -3.814e+04 2.336e+02 1.728e+02
|        ( - -6.700e+03 1 0)
|        ( - -3.120e+04 1 0))
|    ( SILENCE 1 -9.831e+04 2.830e+02 4.448e+02
|        ( - -4.537e+04 1 0)
|        ( QUESTION0 -1 -5.265e+04 2.635e+02 2.396e+02
|            ( - -2.581e+03 1 0)
|            ( QUESTION0_16_R 1 -4.980e+04 1.897e+02 2.266e+02
|                ( - -2.474e+02 1 0)
|                ( QUESTION3 1 -4.937e+04 2.277e+02 2.246e+02
|                    ( - -1.253e+03 1 0)
|                    ( QUESTION0_15_R 1 -4.789e+04 1.747e+02 2.178e+02
|                        ( - -4.601e+02 1 0)
|                        ( - -4.725e+04 8 0 QUESTION0_6_R 1 1.733e+02 2.148e+02)))))))
s>    ( QUESTION0_3_R 1 -1.372e+05 7.589e+02 6.176e+02
s>        ( WDBNDRY_E 0 -3.814e+04 2.336e+02 1.728e+02
s>            ( - -6.700e+03 1 0)
s>            ( - -3.120e+04 1 0))
s>        ( SILENCE 1 -9.831e+04 2.830e+02 4.448e+02
s>            ( - -4.537e+04 1 0)
s>            ( QUESTION0 -1 -5.265e+04 2.635e+02 2.396e+02
s>                ( - -2.581e+03 1 0)
s>                ( QUESTION0_16_R 1 -4.980e+04 1.897e+02 2.266e+02
s>                    ( - -2.474e+02 1 0)
s>                    ( QUESTION3 1 -4.937e+04 2.277e+02 2.246e+02
s>                        ( - -1.253e+03 1 0)
s>                        ( QUESTION0_15_R 1 -4.789e+04 1.747e+02 2.178e+02
s>                            ( - -4.601e+02 1 0)
s>                            ( - -4.725e+04 8 0 QUESTION0_6_R 1 1.733e+02 2.148e+02)))))))INFO: dtree.c(1478): Final simple tree
|( WDBNDRY_I 0 -2.236e+05 1.577e+03 9.845e+02
|    ( - -5.032e+04 1 0)
|    ( WDBNDRY_B 0 -1.717e+05 5.479e+02 7.614e+02
|        ( - -9.767e+03 1 0)
|        ( SILENCE 1 -1.614e+05 4.935e+02 7.157e+02
|            ( - -4.485e+04 1 0)
|            ( QUESTION0_14_R 1 -1.160e+05 2.174e+02 5.131e+02
|                ( - -6.203e+02 1 0)
|                ( QUESTION15 1 -1.152e+05 2.006e+02 5.091e+02
|                    ( - -8.847e+03 1 0)
|                    ( QUESTION0_1_R 1 -1.061e+05 1.858e+02 4.695e+02
|                        ( - -8.098e+03 2 0)
|                        ( QUESTION17 1 -9.786e+04 1.862e+02 4.334e+02
|                            ( - -3.166e+03 1 0)
|                            ( - -9.451e+04 14 0 QUESTION0_7_R 1 1.789e+02 4.184e+02))))))))
s>    ( WDBNDRY_I 0 -2.236e+05 1.577e+03 9.845e+02
s>        ( - -5.032e+04 1 0)
s>        ( WDBNDRY_B 0 -1.717e+05 5.479e+02 7.614e+02
s>            ( - -9.767e+03 1 0)
s>            ( SILENCE 1 -1.614e+05 4.935e+02 7.157e+02
s>                ( - -4.485e+04 1 0)
s>                ( QUESTION0_14_R 1 -1.160e+05 2.174e+02 5.131e+02
s>                    ( - -6.203e+02 1 0)
s>                    ( QUESTION15 1 -1.152e+05 2.006e+02 5.091e+02
s>                        ( - -8.847e+03 1 0)
s>                        ( QUESTION0_1_R 1 -1.061e+05 1.858e+02 4.695e+02
s>                            ( - -8.098e+03 2 0)
s>                            ( QUESTION17 1 -9.786e+04 1.862e+02 4.334e+02
s>                                ( - -3.166e+03 1 0)
s>                                ( - -9.451e+04 14 0 QUESTION0_7_R 1 1.789e+02 4.184e+02))))))))INFO: dtree.c(1315): Comp split 3
INFO: dtree.c(1478): Final simple tree
|( QUESTION2_14_L -1 -5.398e+04 4.819e+02 2.361e+02
|    ( QUESTION0_3_R 1 -4.424e+04 4.449e+02 1.959e+02
|        ( - 1.904e+02 1 0)
|        ( QUESTION0_20_R 1 -4.399e+04 4.368e+02 1.949e+02
|            ( - 2.094e+02 1 0)
|            ( WDBNDRY_B 0 -4.376e+04 2.992e+02 1.939e+02
|                ( - -1.651e+04 2 0)
|                ( WDBNDRY_E 0 -2.695e+04 2.026e+02 1.205e+02
|                    ( QUESTION0_2_R 1 -2.447e+04 1.788e+02 1.101e+02
|                        ( - -3.033e+02 1 0)
|                        ( - -2.399e+04 5 0 QUESTION0_14_R 1 1.688e+02 1.081e+02))
|                    ( - -2.281e+03 1 0)))))
|    ( QUESTION0_20_R 1 -9.259e+03 4.649e+02 4.014e+01
|        ( - 2.414e+02 1 0)
|        ( - -9.035e+03 5 0 WDBNDRY_B 0 1.687e+02 3.914e+01)))
s>    ( QUESTION2_14_L -1 -5.398e+04 4.819e+02 2.361e+02
s>        ( QUESTION0_3_R 1 -4.424e+04 4.449e+02 1.959e+02
s>            ( - 1.904e+02 1 0)
s>            ( QUESTION0_20_R 1 -4.399e+04 4.368e+02 1.949e+02
s>                ( - 2.094e+02 1 0)
s>                ( WDBNDRY_B 0 -4.376e+04 2.992e+02 1.939e+02
s>                    ( - -1.651e+04 2 0)
s>                    ( WDBNDRY_E 0 -2.695e+04 2.026e+02 1.205e+02
s>                        ( QUESTION0_2_R 1 -2.447e+04 1.788e+02 1.101e+02
s>                            ( - -3.033e+02 1 0)
s>                            ( - -2.399e+04 5 0 QUESTION0_14_R 1 1.688e+02 1.081e+02))
s>                        ( - -2.281e+03 1 0)))))
s>        ( QUESTION0_20_R 1 -9.259e+03 4.649e+02 4.014e+01
s>            ( - 2.414e+02 1 0)
s>            ( - -9.035e+03 5 0 WDBNDRY_B 0 1.687e+02 3.914e+01)))INFO: dtree.c(1478): Final simple tree
|( QUESTION1 -1 -6.834e+04 5.021e+02 3.131e+02
|    ( - -1.438e+04 1 0)
|    ( QUESTION15 -1 -5.346e+04 4.619e+02 2.439e+02
|        ( - 2.155e+02 1 0)
|        ( SILENCE -1 -5.321e+04 3.829e+02 2.429e+02
|            ( - -2.749e+04 2 0)
|            ( QUESTION0 -1 -2.534e+04 1.901e+02 1.147e+02
|                ( QUESTION13 -1 -2.252e+04 1.694e+02 1.026e+02
|                    ( - -5.292e+03 1 0)
|                    ( QUESTION9 -1 -1.705e+04 1.396e+02 7.755e+01
|                        ( - -9.447e+03 1 0)
|                        ( QUESTION17 -1 -7.468e+03 9.748e+01 3.356e+01
|                            ( - -6.765e+03 1 0)
|                            ( - -6.056e+02 1 0))))
|                ( - -2.633e+03 1 0)))))
s>    ( QUESTION1 -1 -6.834e+04 5.021e+02 3.131e+02
s>        ( - -1.438e+04 1 0)
s>        ( QUESTION15 -1 -5.346e+04 4.619e+02 2.439e+02
s>            ( - 2.155e+02 1 0)
s>            ( SILENCE -1 -5.321e+04 3.829e+02 2.429e+02
s>                ( - -2.749e+04 2 0)
s>                ( QUESTION0 -1 -2.534e+04 1.901e+02 1.147e+02
s>                    ( QUESTION13 -1 -2.252e+04 1.694e+02 1.026e+02
s>                        ( - -5.292e+03 1 0)
s>                        ( QUESTION9 -1 -1.705e+04 1.396e+02 7.755e+01
s>                            ( - -9.447e+03 1 0)
s>                            ( QUESTION17 -1 -7.468e+03 9.748e+01 3.356e+01
s>                                ( - -6.765e+03 1 0)
s>                                ( - -6.056e+02 1 0))))
s>                    ( - -2.633e+03 1 0)))))INFO: dtree.c(1315): Comp split 4
INFO: dtree.c(1478): Final simple tree
|( WDBNDRY_B 0 -1.717e+05 5.479e+02 7.614e+02
|    ( - -9.767e+03 1 0)
|    ( SILENCE 1 -1.614e+05 4.935e+02 7.157e+02
|        ( - -4.485e+04 1 0)
|        ( QUESTION0_14_R 1 -1.160e+05 2.174e+02 5.131e+02
|            ( - -6.203e+02 1 0)
|            ( QUESTION15 1 -1.152e+05 2.006e+02 5.091e+02
|                ( - -8.847e+03 1 0)
|                ( QUESTION0_1_R 1 -1.061e+05 1.858e+02 4.695e+02
|                    ( - -8.098e+03 2 0)
|                    ( QUESTION17 1 -9.786e+04 1.862e+02 4.334e+02
|                        ( - -3.166e+03 1 0)
|                        ( QUESTION0_7_R 1 -9.451e+04 1.789e+02 4.184e+02
|                            ( - -7.247e+03 2 0 QUESTION9 1 1.610e+02 3.191e+01)
|                            ( - -8.708e+04 12 0 QUESTION0_13_R 1 1.772e+02 3.865e+02))))))))
s>    ( WDBNDRY_B 0 -1.717e+05 5.479e+02 7.614e+02
s>        ( - -9.767e+03 1 0)
s>        ( SILENCE 1 -1.614e+05 4.935e+02 7.157e+02
s>            ( - -4.485e+04 1 0)
s>            ( QUESTION0_14_R 1 -1.160e+05 2.174e+02 5.131e+02
s>                ( - -6.203e+02 1 0)
s>                ( QUESTION15 1 -1.152e+05 2.006e+02 5.091e+02
s>                    ( - -8.847e+03 1 0)
s>                    ( QUESTION0_1_R 1 -1.061e+05 1.858e+02 4.695e+02
s>                        ( - -8.098e+03 2 0)
s>                        ( QUESTION17 1 -9.786e+04 1.862e+02 4.334e+02
s>                            ( - -3.166e+03 1 0)
s>                            ( QUESTION0_7_R 1 -9.451e+04 1.789e+02 4.184e+02
s>                                ( - -7.247e+03 2 0 QUESTION9 1 1.610e+02 3.191e+01)
s>                                ( - -8.708e+04 12 0 QUESTION0_13_R 1 1.772e+02 3.865e+02))))))))INFO: dtree.c(1315): Comp split 5
INFO: dtree.c(1478): Final simple tree
|( SILENCE 1 -1.052e+05 3.018e+02 4.760e+02
|    ( - -4.537e+04 1 0)
|    ( QUESTION0 -1 -5.955e+04 2.599e+02 2.709e+02
|        ( - -2.581e+03 1 0)
|        ( QUESTION0_3_R 1 -5.671e+04 2.062e+02 2.579e+02
|            ( - -6.700e+03 1 0)
|            ( QUESTION0_16_R 1 -4.980e+04 1.897e+02 2.266e+02
|                ( - -2.474e+02 1 0)
|                ( QUESTION3 1 -4.937e+04 2.277e+02 2.246e+02
|                    ( - -1.253e+03 1 0)
|                    ( QUESTION0_15_R 1 -4.789e+04 1.747e+02 2.178e+02
|                        ( - -4.601e+02 1 0)
|                        ( QUESTION0_6_R 1 -4.725e+04 1.733e+02 2.148e+02
|                            ( - -4.793e+02 1 0)
|                            ( - -4.660e+04 7 0 QUESTION0_10_R 1 1.512e+02 2.118e+02))))))))
s>    ( SILENCE 1 -1.052e+05 3.018e+02 4.760e+02
s>        ( - -4.537e+04 1 0)
s>        ( QUESTION0 -1 -5.955e+04 2.599e+02 2.709e+02
s>            ( - -2.581e+03 1 0)
s>            ( QUESTION0_3_R 1 -5.671e+04 2.062e+02 2.579e+02
s>                ( - -6.700e+03 1 0)
s>                ( QUESTION0_16_R 1 -4.980e+04 1.897e+02 2.266e+02
s>                    ( - -2.474e+02 1 0)
s>                    ( QUESTION3 1 -4.937e+04 2.277e+02 2.246e+02
s>                        ( - -1.253e+03 1 0)
s>                        ( QUESTION0_15_R 1 -4.789e+04 1.747e+02 2.178e+02
s>                            ( - -4.601e+02 1 0)
s>                            ( QUESTION0_6_R 1 -4.725e+04 1.733e+02 2.148e+02
s>                                ( - -4.793e+02 1 0)
s>                                ( - -4.660e+04 7 0 QUESTION0_10_R 1 1.512e+02 2.118e+02))))))))INFO: dtree.c(1315): Comp split 6
INFO: dtree.c(1478): Final simple tree
|( SILENCE 1 -2.294e+05 6.533e+02 9.908e+02
|    ( - -6.264e+04 1 0)
|    ( QUESTION0_16_R 1 -1.661e+05 4.434e+02 7.176e+02
|        ( - 2.417e+02 1 0)
|        ( WDBNDRY_E 0 -1.659e+05 4.012e+02 7.166e+02
|            ( QUESTION0_1_R 1 -1.428e+05 2.794e+02 6.155e+02
|                ( - -6.896e+04 2 0)
|                ( QUESTION0_5_R 1 -7.360e+04 2.819e+02 3.196e+02
|                    ( - -2.146e+04 3 0 QUESTION0_10_R 1 1.248e+02 9.425e+01)
|                    ( QUESTION10 1 -5.186e+04 4.553e+02 2.253e+02
|                        ( - 2.415e+02 1 0)
|                        ( QUESTION15 1 -5.165e+04 2.550e+02 2.243e+02
|                            ( - -6.776e+02 1 0)
|                            ( - -5.072e+04 4 0 QUESTION0 1 2.441e+02 2.203e+02)))))
|            ( - -2.264e+04 7 0 QUESTION0_20_R 1 2.400e+02 1.011e+02))))
s>    ( SILENCE 1 -2.294e+05 6.533e+02 9.908e+02
s>        ( - -6.264e+04 1 0)
s>        ( QUESTION0_16_R 1 -1.661e+05 4.434e+02 7.176e+02
s>            ( - 2.417e+02 1 0)
s>            ( WDBNDRY_E 0 -1.659e+05 4.012e+02 7.166e+02
s>                ( QUESTION0_1_R 1 -1.428e+05 2.794e+02 6.155e+02
s>                    ( - -6.896e+04 2 0)
s>                    ( QUESTION0_5_R 1 -7.360e+04 2.819e+02 3.196e+02
s>                        ( - -2.146e+04 3 0 QUESTION0_10_R 1 1.248e+02 9.425e+01)
s>                        ( QUESTION10 1 -5.186e+04 4.553e+02 2.253e+02
s>                            ( - 2.415e+02 1 0)
s>                            ( QUESTION15 1 -5.165e+04 2.550e+02 2.243e+02
s>                                ( - -6.776e+02 1 0)
s>                                ( - -5.072e+04 4 0 QUESTION0 1 2.441e+02 2.203e+02)))))
s>                ( - -2.264e+04 7 0 QUESTION0_20_R 1 2.400e+02 1.011e+02))))INFO: dtree.c(1315): Comp split 7
INFO: dtree.c(1478): Final simple tree
|( QUESTION15 1 -1.152e+05 2.006e+02 5.091e+02
|    ( - -8.847e+03 1 0)
|    ( QUESTION0_1_R 1 -1.061e+05 1.858e+02 4.695e+02
|        ( - -8.098e+03 2 0)
|        ( QUESTION17 1 -9.786e+04 1.862e+02 4.334e+02
|            ( - -3.166e+03 1 0)
|            ( QUESTION0_7_R 1 -9.451e+04 1.789e+02 4.184e+02
|                ( - -7.247e+03 2 0 QUESTION9 1 1.610e+02 3.191e+01)
|                ( QUESTION0_13_R 1 -8.708e+04 1.772e+02 3.865e+02
|                    ( QUESTION4 1 -2.234e+04 1.699e+02 9.993e+01
|                        ( - -1.392e+03 1 0)
|                        ( - -2.078e+04 3 0 QUESTION0 1 1.345e+02 9.285e+01))
|                    ( QUESTION9 1 -6.457e+04 1.835e+02 2.865e+02
|                        ( - -2.502e+04 3 0 QUESTION11 1 1.424e+02 1.121e+02)
|                        ( - -3.936e+04 5 0 QUESTION0 1 1.552e+02 1.744e+02)))))))
s>    ( QUESTION15 1 -1.152e+05 2.006e+02 5.091e+02
s>        ( - -8.847e+03 1 0)
s>        ( QUESTION0_1_R 1 -1.061e+05 1.858e+02 4.695e+02
s>            ( - -8.098e+03 2 0)
s>            ( QUESTION17 1 -9.786e+04 1.862e+02 4.334e+02
s>                ( - -3.166e+03 1 0)
s>                ( QUESTION0_7_R 1 -9.451e+04 1.789e+02 4.184e+02
s>                    ( - -7.247e+03 2 0 QUESTION9 1 1.610e+02 3.191e+01)
s>                    ( QUESTION0_13_R 1 -8.708e+04 1.772e+02 3.865e+02
s>                        ( QUESTION4 1 -2.234e+04 1.699e+02 9.993e+01
s>                            ( - -1.392e+03 1 0)
s>                            ( - -2.078e+04 3 0 QUESTION0 1 1.345e+02 9.285e+01))
s>                        ( QUESTION9 1 -6.457e+04 1.835e+02 2.865e+02
s>                            ( - -2.502e+04 3 0 QUESTION11 1 1.424e+02 1.121e+02)
s>                            ( - -3.936e+04 5 0 QUESTION0 1 1.552e+02 1.744e+02)))))))INFO: dtree.c(1439): stop. leaf nodes are specific
INFO: dtree.c(1478): Final simple tree
|( SILENCE 1 -5.583e+04 4.046e+02 2.523e+02
|    ( - -4.485e+04 1 0)
|    ( WDBNDRY_B 0 -1.058e+04 1.946e+02 4.970e+01
|        ( - -9.767e+03 1 0)
|        ( - -6.203e+02 1 0)))
s>    ( SILENCE 1 -5.583e+04 4.046e+02 2.523e+02
s>        ( - -4.485e+04 1 0)
s>        ( WDBNDRY_B 0 -1.058e+04 1.946e+02 4.970e+01
s>            ( - -9.767e+03 1 0)
s>            ( - -6.203e+02 1 0)))INFO: dtree.c(1315): Comp split 8
INFO: dtree.c(1478): Final simple tree
|( QUESTION0_16_R 1 -1.661e+05 4.434e+02 7.176e+02
|    ( - 2.417e+02 1 0)
|    ( WDBNDRY_E 0 -1.659e+05 4.012e+02 7.166e+02
|        ( QUESTION0_1_R 1 -1.428e+05 2.794e+02 6.155e+02
|            ( - -6.896e+04 2 0)
|            ( QUESTION0_5_R 1 -7.360e+04 2.819e+02 3.196e+02
|                ( - -2.146e+04 3 0 QUESTION0_10_R 1 1.248e+02 9.425e+01)
|                ( QUESTION10 1 -5.186e+04 4.553e+02 2.253e+02
|                    ( - 2.415e+02 1 0)
|                    ( QUESTION15 1 -5.165e+04 2.550e+02 2.243e+02
|                        ( - -6.776e+02 1 0)
|                        ( QUESTION0 1 -5.072e+04 2.441e+02 2.203e+02
|                            ( - -3.368e+04 2 0 QUESTION0_0_R 1 1.757e+02 1.467e+02)
|                            ( - -1.679e+04 2 0 QUESTION0_13_R 1 1.104e+02 7.366e+01))))))
|        ( - -2.264e+04 7 0 QUESTION0_20_R 1 2.400e+02 1.011e+02)))
s>    ( QUESTION0_16_R 1 -1.661e+05 4.434e+02 7.176e+02
s>        ( - 2.417e+02 1 0)
s>        ( WDBNDRY_E 0 -1.659e+05 4.012e+02 7.166e+02
s>            ( QUESTION0_1_R 1 -1.428e+05 2.794e+02 6.155e+02
s>                ( - -6.896e+04 2 0)
s>                ( QUESTION0_5_R 1 -7.360e+04 2.819e+02 3.196e+02
s>                    ( - -2.146e+04 3 0 QUESTION0_10_R 1 1.248e+02 9.425e+01)
s>                    ( QUESTION10 1 -5.186e+04 4.553e+02 2.253e+02
s>                        ( - 2.415e+02 1 0)
s>                        ( QUESTION15 1 -5.165e+04 2.550e+02 2.243e+02
s>                            ( - -6.776e+02 1 0)
s>                            ( QUESTION0 1 -5.072e+04 2.441e+02 2.203e+02
s>                                ( - -3.368e+04 2 0 QUESTION0_0_R 1 1.757e+02 1.467e+02)
s>                                ( - -1.679e+04 2 0 QUESTION0_13_R 1 1.104e+02 7.366e+01))))))
s>            ( - -2.264e+04 7 0 QUESTION0_20_R 1 2.400e+02 1.011e+02)))INFO: dtree.c(1315): Comp split 9
INFO: dtree.c(1439): stop. leaf nodes are specific
INFO: dtree.c(1478): Final simple tree
|( QUESTION1 -1 -1.986e+04 1.871e+02 9.423e+01
|    ( - -1.438e+04 1 0)
|    ( - -5.292e+03 1 0))
s>    ( QUESTION1 -1 -1.986e+04 1.871e+02 9.423e+01
s>        ( - -1.438e+04 1 0)
s>        ( - -5.292e+03 1 0))INFO: dtree.c(1439): stop. leaf nodes are specific
INFO: dtree.c(1478): Final simple tree
|( QUESTION13 -1 -4.797e+04 4.620e+02 2.189e+02
|    ( - 2.155e+02 1 0)
|    ( SILENCE -1 -4.772e+04 3.680e+02 2.179e+02
|        ( - -2.749e+04 2 0)
|        ( QUESTION0 -1 -1.987e+04 1.820e+02 8.960e+01
|            ( QUESTION9 -1 -1.705e+04 1.396e+02 7.755e+01
|                ( - -9.447e+03 1 0)
|                ( QUESTION17 -1 -7.468e+03 9.748e+01 3.356e+01
|                    ( - -6.765e+03 1 0)
|                    ( - -6.056e+02 1 0)))
|            ( - -2.633e+03 1 0))))
s>    ( QUESTION13 -1 -4.797e+04 4.620e+02 2.189e+02
s>        ( - 2.155e+02 1 0)
s>        ( SILENCE -1 -4.772e+04 3.680e+02 2.179e+02
s>            ( - -2.749e+04 2 0)
s>            ( QUESTION0 -1 -1.987e+04 1.820e+02 8.960e+01
s>                ( QUESTION9 -1 -1.705e+04 1.396e+02 7.755e+01
s>                    ( - -9.447e+03 1 0)
s>                    ( QUESTION17 -1 -7.468e+03 9.748e+01 3.356e+01
s>                        ( - -6.765e+03 1 0)
s>                        ( - -6.056e+02 1 0)))
s>                ( - -2.633e+03 1 0))))INFO: dtree.c(1315): Comp split 10
INFO: dtree.c(1478): Final simple tree
|( QUESTION0_3_R 1 -4.424e+04 4.449e+02 1.959e+02
|    ( - 1.904e+02 1 0)
|    ( QUESTION0_20_R 1 -4.399e+04 4.368e+02 1.949e+02
|        ( - 2.094e+02 1 0)
|        ( WDBNDRY_B 0 -4.376e+04 2.992e+02 1.939e+02
|            ( - -1.651e+04 2 0)
|            ( WDBNDRY_E 0 -2.695e+04 2.026e+02 1.205e+02
|                ( QUESTION0_2_R 1 -2.447e+04 1.788e+02 1.101e+02
|                    ( - -3.033e+02 1 0)
|                    ( QUESTION0_14_R 1 -2.399e+04 1.688e+02 1.081e+02
|                        ( - -3.686e+02 1 0)
|                        ( QUESTION0_0_R 1 -2.345e+04 1.575e+02 1.061e+02
|                            ( - -1.851e+04 2 0)
|                            ( - -4.781e+03 2 0 SILENCE 1 1.355e+02 2.201e+01))))
|                ( - -2.281e+03 1 0)))))
s>    ( QUESTION0_3_R 1 -4.424e+04 4.449e+02 1.959e+02
s>        ( - 1.904e+02 1 0)
s>        ( QUESTION0_20_R 1 -4.399e+04 4.368e+02 1.949e+02
s>            ( - 2.094e+02 1 0)
s>            ( WDBNDRY_B 0 -4.376e+04 2.992e+02 1.939e+02
s>                ( - -1.651e+04 2 0)
s>                ( WDBNDRY_E 0 -2.695e+04 2.026e+02 1.205e+02
s>                    ( QUESTION0_2_R 1 -2.447e+04 1.788e+02 1.101e+02
s>                        ( - -3.033e+02 1 0)
s>                        ( QUESTION0_14_R 1 -2.399e+04 1.688e+02 1.081e+02
s>                            ( - -3.686e+02 1 0)
s>                            ( QUESTION0_0_R 1 -2.345e+04 1.575e+02 1.061e+02
s>                                ( - -1.851e+04 2 0)
s>                                ( - -4.781e+03 2 0 SILENCE 1 1.355e+02 2.201e+01))))
s>                    ( - -2.281e+03 1 0)))))INFO: dtree.c(1439): stop. leaf nodes are specific
INFO: dtree.c(1478): Final simple tree
|( QUESTION0_20_R 1 -9.259e+03 4.649e+02 4.014e+01
|    ( - 2.414e+02 1 0)
|    ( WDBNDRY_B 0 -9.035e+03 1.687e+02 3.914e+01
|        ( QUESTION0 -1 -8.353e+03 1.456e+02 3.614e+01
|            ( - -1.971e+03 1 0)
|            ( - -6.237e+03 3 0))
|        ( - -5.137e+02 1 0)))
s>    ( QUESTION0_20_R 1 -9.259e+03 4.649e+02 4.014e+01
s>        ( - 2.414e+02 1 0)
s>        ( WDBNDRY_B 0 -9.035e+03 1.687e+02 3.914e+01
s>            ( QUESTION0 -1 -8.353e+03 1.456e+02 3.614e+01
s>                ( - -1.971e+03 1 0)
s>                ( - -6.237e+03 3 0))
s>            ( - -5.137e+02 1 0)))INFO: dtree.c(1315): Comp split 11
INFO: dtree.c(1439): stop. leaf nodes are specific
INFO: dtree.c(1478): Final simple tree
|( WDBNDRY_B 0 -9.035e+03 1.687e+02 3.914e+01
|    ( QUESTION0 -1 -8.353e+03 1.456e+02 3.614e+01
|        ( - -1.971e+03 1 0)
|        ( - -6.237e+03 3 0))
|    ( - -5.137e+02 1 0))
s>    ( WDBNDRY_B 0 -9.035e+03 1.687e+02 3.914e+01
s>        ( QUESTION0 -1 -8.353e+03 1.456e+02 3.614e+01
s>            ( - -1.971e+03 1 0)
s>            ( - -6.237e+03 3 0))
s>        ( - -5.137e+02 1 0))INFO: dtree.c(1315): Comp split 12
INFO: dtree.c(1439): stop. leaf nodes are specific
INFO: dtree.c(1478): Final simple tree
|( SILENCE -1 -4.772e+04 3.680e+02 2.179e+02
|    ( - -2.749e+04 2 0)
|    ( QUESTION0 -1 -1.987e+04 1.820e+02 8.960e+01
|        ( QUESTION9 -1 -1.705e+04 1.396e+02 7.755e+01
|            ( - -9.447e+03 1 0)
|            ( QUESTION17 -1 -7.468e+03 9.748e+01 3.356e+01
|                ( - -6.765e+03 1 0)
|                ( - -6.056e+02 1 0)))
|        ( - -2.633e+03 1 0)))
s>    ( SILENCE -1 -4.772e+04 3.680e+02 2.179e+02
s>        ( - -2.749e+04 2 0)
s>        ( QUESTION0 -1 -1.987e+04 1.820e+02 8.960e+01
s>            ( QUESTION9 -1 -1.705e+04 1.396e+02 7.755e+01
s>                ( - -9.447e+03 1 0)
s>                ( QUESTION17 -1 -7.468e+03 9.748e+01 3.356e+01
s>                    ( - -6.765e+03 1 0)
s>                    ( - -6.056e+02 1 0)))
s>            ( - -2.633e+03 1 0)))INFO: dtree.c(1315): Comp split 13
INFO: dtree.c(1478): Final simple tree
|( QUESTION15 1 -4.060e+04 2.624e+02 1.788e+02
|    ( - -6.776e+02 1 0)
|    ( WDBNDRY_I 0 -3.966e+04 2.303e+02 1.748e+02
|        ( QUESTION0_0_R 1 -2.197e+04 2.302e+02 9.814e+01
|            ( QUESTION0_6_R 1 -1.018e+04 1.502e+02 4.528e+01
|                ( - -6.759e+03 2 0 QUESTION2_3_L -1 8.786e+01 3.031e+01)
|                ( QUESTION0_3_R 1 -3.268e+03 1.115e+02 1.497e+01
|                    ( - -2.363e+03 1 0)
|                    ( - -7.931e+02 1 0)))
|            ( QUESTION2_3_L -1 -1.156e+04 2.101e+02 5.286e+01
|                ( - -1.038e+04 1 0)
|                ( - -9.659e+02 1 0)))
|        ( WDBNDRY_B 0 -1.746e+04 2.108e+02 7.666e+01
|            ( - -4.580e+02 1 0)
|            ( - -1.679e+04 2 0 QUESTION0_13_R 1 1.104e+02 7.366e+01))))
s>    ( QUESTION15 1 -4.060e+04 2.624e+02 1.788e+02
s>        ( - -6.776e+02 1 0)
s>        ( WDBNDRY_I 0 -3.966e+04 2.303e+02 1.748e+02
s>            ( QUESTION0_0_R 1 -2.197e+04 2.302e+02 9.814e+01
s>                ( QUESTION0_6_R 1 -1.018e+04 1.502e+02 4.528e+01
s>                    ( - -6.759e+03 2 0 QUESTION2_3_L -1 8.786e+01 3.031e+01)
s>                    ( QUESTION0_3_R 1 -3.268e+03 1.115e+02 1.497e+01
s>                        ( - -2.363e+03 1 0)
s>                        ( - -7.931e+02 1 0)))
s>                ( QUESTION2_3_L -1 -1.156e+04 2.101e+02 5.286e+01
s>                    ( - -1.038e+04 1 0)
s>                    ( - -9.659e+02 1 0)))
s>            ( WDBNDRY_B 0 -1.746e+04 2.108e+02 7.666e+01
s>                ( - -4.580e+02 1 0)
s>                ( - -1.679e+04 2 0 QUESTION0_13_R 1 1.104e+02 7.366e+01))))INFO: dtree.c(1478): Final simple tree
|( QUESTION0_20_R 1 -1.250e+05 4.554e+02 5.388e+02
|    ( - 2.415e+02 1 0)
|    ( QUESTION0_15_R 1 -1.248e+05 4.424e+02 5.378e+02
|        ( - 2.417e+02 1 0)
|        ( QUESTION0_0_R 1 -1.246e+05 2.391e+02 5.368e+02
|            ( QUESTION0_3_R 1 -1.116e+05 2.499e+02 4.805e+02
|                ( - -2.071e+04 1 0)
|                ( QUESTION0_9_R 1 -9.062e+04 2.095e+02 3.902e+02
|                    ( QUESTION0_10_R 1 -1.799e+04 1.220e+02 7.940e+01
|                        ( - -5.809e+03 1 0)
|                        ( - -1.206e+04 1 0))
|                    ( QUESTION0_1_R 1 -7.242e+04 1.143e+02 3.108e+02
|                        ( - -6.896e+04 2 0)
|                        ( - -3.349e+03 1 0))))
|            ( - -1.279e+04 1 0))))
s>    ( QUESTION0_20_R 1 -1.250e+05 4.554e+02 5.388e+02
s>        ( - 2.415e+02 1 0)
s>        ( QUESTION0_15_R 1 -1.248e+05 4.424e+02 5.378e+02
s>            ( - 2.417e+02 1 0)
s>            ( QUESTION0_0_R 1 -1.246e+05 2.391e+02 5.368e+02
s>                ( QUESTION0_3_R 1 -1.116e+05 2.499e+02 4.805e+02
s>                    ( - -2.071e+04 1 0)
s>                    ( QUESTION0_9_R 1 -9.062e+04 2.095e+02 3.902e+02
s>                        ( QUESTION0_10_R 1 -1.799e+04 1.220e+02 7.940e+01
s>                            ( - -5.809e+03 1 0)
s>                            ( - -1.206e+04 1 0))
s>                        ( QUESTION0_1_R 1 -7.242e+04 1.143e+02 3.108e+02
s>                            ( - -6.896e+04 2 0)
s>                            ( - -3.349e+03 1 0))))
s>                ( - -1.279e+04 1 0))))INFO: dtree.c(1315): Comp split 14
INFO: dtree.c(1439): stop. leaf nodes are specific
INFO: dtree.c(1478): Final simple tree
|( QUESTION0_15_R 1 -1.248e+05 4.424e+02 5.378e+02
|    ( - 2.417e+02 1 0)
|    ( QUESTION0_0_R 1 -1.246e+05 2.391e+02 5.368e+02
|        ( QUESTION0_3_R 1 -1.116e+05 2.499e+02 4.805e+02
|            ( - -2.071e+04 1 0)
|            ( QUESTION0_9_R 1 -9.062e+04 2.095e+02 3.902e+02
|                ( QUESTION0_10_R 1 -1.799e+04 1.220e+02 7.940e+01
|                    ( - -5.809e+03 1 0)
|                    ( - -1.206e+04 1 0))
|                ( QUESTION0_1_R 1 -7.242e+04 1.143e+02 3.108e+02
|                    ( - -6.896e+04 2 0)
|                    ( - -3.349e+03 1 0))))
|        ( - -1.279e+04 1 0)))
s>    ( QUESTION0_15_R 1 -1.248e+05 4.424e+02 5.378e+02
s>        ( - 2.417e+02 1 0)
s>        ( QUESTION0_0_R 1 -1.246e+05 2.391e+02 5.368e+02
s>            ( QUESTION0_3_R 1 -1.116e+05 2.499e+02 4.805e+02
s>                ( - -2.071e+04 1 0)
s>                ( QUESTION0_9_R 1 -9.062e+04 2.095e+02 3.902e+02
s>                    ( QUESTION0_10_R 1 -1.799e+04 1.220e+02 7.940e+01
s>                        ( - -5.809e+03 1 0)
s>                        ( - -1.206e+04 1 0))
s>                    ( QUESTION0_1_R 1 -7.242e+04 1.143e+02 3.108e+02
s>                        ( - -6.896e+04 2 0)
s>                        ( - -3.349e+03 1 0))))
s>            ( - -1.279e+04 1 0)))INFO: dtree.c(1315): Comp split 15
INFO: dtree.c(1478): Final simple tree
|( QUESTION0_20_R 1 -4.399e+04 4.368e+02 1.949e+02
|    ( - 2.094e+02 1 0)
|    ( WDBNDRY_B 0 -4.376e+04 2.992e+02 1.939e+02
|        ( - -1.651e+04 2 0)
|        ( WDBNDRY_E 0 -2.695e+04 2.026e+02 1.205e+02
|            ( QUESTION0_2_R 1 -2.447e+04 1.788e+02 1.101e+02
|                ( - -3.033e+02 1 0)
|                ( QUESTION0_14_R 1 -2.399e+04 1.688e+02 1.081e+02
|                    ( - -3.686e+02 1 0)
|                    ( QUESTION0_0_R 1 -2.345e+04 1.575e+02 1.061e+02
|                        ( - -1.851e+04 2 0)
|                        ( SILENCE 1 -4.781e+03 1.355e+02 2.201e+01
|                            ( - -4.327e+03 1 0)
|                            ( - -3.184e+02 1 0)))))
|            ( - -2.281e+03 1 0))))
s>    ( QUESTION0_20_R 1 -4.399e+04 4.368e+02 1.949e+02
s>        ( - 2.094e+02 1 0)
s>        ( WDBNDRY_B 0 -4.376e+04 2.992e+02 1.939e+02
s>            ( - -1.651e+04 2 0)
s>            ( WDBNDRY_E 0 -2.695e+04 2.026e+02 1.205e+02
s>                ( QUESTION0_2_R 1 -2.447e+04 1.788e+02 1.101e+02
s>                    ( - -3.033e+02 1 0)
s>                    ( QUESTION0_14_R 1 -2.399e+04 1.688e+02 1.081e+02
s>                        ( - -3.686e+02 1 0)
s>                        ( QUESTION0_0_R 1 -2.345e+04 1.575e+02 1.061e+02
s>                            ( - -1.851e+04 2 0)
s>                            ( SILENCE 1 -4.781e+03 1.355e+02 2.201e+01
s>                                ( - -4.327e+03 1 0)
s>                                ( - -3.184e+02 1 0)))))
s>                ( - -2.281e+03 1 0))))INFO: dtree.c(1315): Comp split 16
INFO: dtree.c(1439): stop. leaf nodes are specific
INFO: dtree.c(1478): Final simple tree
|( QUESTION0_0_R 1 -1.246e+05 2.391e+02 5.368e+02
|    ( QUESTION0_3_R 1 -1.116e+05 2.499e+02 4.805e+02
|        ( - -2.071e+04 1 0)
|        ( QUESTION0_9_R 1 -9.062e+04 2.095e+02 3.902e+02
|            ( QUESTION0_10_R 1 -1.799e+04 1.220e+02 7.940e+01
|                ( - -5.809e+03 1 0)
|                ( - -1.206e+04 1 0))
|            ( QUESTION0_1_R 1 -7.242e+04 1.143e+02 3.108e+02
|                ( - -6.896e+04 2 0)
|                ( - -3.349e+03 1 0))))
|    ( - -1.279e+04 1 0))
s>    ( QUESTION0_0_R 1 -1.246e+05 2.391e+02 5.368e+02
s>        ( QUESTION0_3_R 1 -1.116e+05 2.499e+02 4.805e+02
s>            ( - -2.071e+04 1 0)
s>            ( QUESTION0_9_R 1 -9.062e+04 2.095e+02 3.902e+02
s>                ( QUESTION0_10_R 1 -1.799e+04 1.220e+02 7.940e+01
s>                    ( - -5.809e+03 1 0)
s>                    ( - -1.206e+04 1 0))
s>                ( QUESTION0_1_R 1 -7.242e+04 1.143e+02 3.108e+02
s>                    ( - -6.896e+04 2 0)
s>                    ( - -3.349e+03 1 0))))
s>        ( - -1.279e+04 1 0))INFO: dtree.c(1315): Comp split 17
INFO: dtree.c(1439): stop. leaf nodes are specific
INFO: dtree.c(1478): Final simple tree
|( WDBNDRY_B 0 -4.376e+04 2.992e+02 1.939e+02
|    ( - -1.651e+04 2 0)
|    ( WDBNDRY_E 0 -2.695e+04 2.026e+02 1.205e+02
|        ( QUESTION0_2_R 1 -2.447e+04 1.788e+02 1.101e+02
|            ( - -3.033e+02 1 0)
|            ( QUESTION0_14_R 1 -2.399e+04 1.688e+02 1.081e+02
|                ( - -3.686e+02 1 0)
|                ( QUESTION0_0_R 1 -2.345e+04 1.575e+02 1.061e+02
|                    ( - -1.851e+04 2 0)
|                    ( SILENCE 1 -4.781e+03 1.355e+02 2.201e+01
|                        ( - -4.327e+03 1 0)
|                        ( - -3.184e+02 1 0)))))
|        ( - -2.281e+03 1 0)))
s>    ( WDBNDRY_B 0 -4.376e+04 2.992e+02 1.939e+02
s>        ( - -1.651e+04 2 0)
s>        ( WDBNDRY_E 0 -2.695e+04 2.026e+02 1.205e+02
s>            ( QUESTION0_2_R 1 -2.447e+04 1.788e+02 1.101e+02
s>                ( - -3.033e+02 1 0)
s>                ( QUESTION0_14_R 1 -2.399e+04 1.688e+02 1.081e+02
s>                    ( - -3.686e+02 1 0)
s>                    ( QUESTION0_0_R 1 -2.345e+04 1.575e+02 1.061e+02
s>                        ( - -1.851e+04 2 0)
s>                        ( SILENCE 1 -4.781e+03 1.355e+02 2.201e+01
s>                            ( - -4.327e+03 1 0)
s>                            ( - -3.184e+02 1 0)))))
s>            ( - -2.281e+03 1 0)))INFO: dtree.c(1315): Comp split 18
INFO: dtree.c(1439): stop. leaf nodes are specific
INFO: dtree.c(1478): Final simple tree
|( WDBNDRY_B 0 -1.058e+04 1.946e+02 4.970e+01
|    ( - -9.767e+03 1 0)
|    ( - -6.203e+02 1 0))
s>    ( WDBNDRY_B 0 -1.058e+04 1.946e+02 4.970e+01
s>        ( - -9.767e+03 1 0)
s>        ( - -6.203e+02 1 0))INFO: dtree.c(1315): Comp split 19
INFO: dtree.c(1439): stop. leaf nodes are specific
INFO: dtree.c(1478): Final simple tree
|( QUESTION0 -1 -1.987e+04 1.820e+02 8.960e+01
|    ( QUESTION9 -1 -1.705e+04 1.396e+02 7.755e+01
|        ( - -9.447e+03 1 0)
|        ( QUESTION17 -1 -7.468e+03 9.748e+01 3.356e+01
|            ( - -6.765e+03 1 0)
|            ( - -6.056e+02 1 0)))
|    ( - -2.633e+03 1 0))
s>    ( QUESTION0 -1 -1.987e+04 1.820e+02 8.960e+01
s>        ( QUESTION9 -1 -1.705e+04 1.396e+02 7.755e+01
s>            ( - -9.447e+03 1 0)
s>            ( QUESTION17 -1 -7.468e+03 9.748e+01 3.356e+01
s>                ( - -6.765e+03 1 0)
s>                ( - -6.056e+02 1 0)))
s>        ( - -2.633e+03 1 0))INFO: dtree.c(1315): Comp split 20
INFO: dtree.c(1478): Final simple tree
|( QUESTION15 1 -2.989e+04 2.556e+02 1.309e+02
|    ( - -6.776e+02 1 0)
|    ( WDBNDRY_B 0 -2.895e+04 2.090e+02 1.269e+02
|        ( - -4.580e+02 1 0)
|        ( QUESTION0_0_R 1 -2.829e+04 2.085e+02 1.239e+02
|            ( QUESTION0_6_R 1 -1.018e+04 1.502e+02 4.528e+01
|                ( - -6.759e+03 2 0 QUESTION2_3_L -1 8.786e+01 3.031e+01)
|                ( QUESTION0_3_R 1 -3.268e+03 1.115e+02 1.497e+01
|                    ( - -2.363e+03 1 0)
|                    ( - -7.931e+02 1 0)))
|            ( WDBNDRY_E 0 -1.790e+04 1.439e+02 7.866e+01
|                ( QUESTION0_13_R 1 -1.679e+04 1.104e+02 7.366e+01
|                    ( - -7.856e+03 1 0)
|                    ( - -8.825e+03 1 0))
|                ( - -9.659e+02 1 0)))))
s>    ( QUESTION15 1 -2.989e+04 2.556e+02 1.309e+02
s>        ( - -6.776e+02 1 0)
s>        ( WDBNDRY_B 0 -2.895e+04 2.090e+02 1.269e+02
s>            ( - -4.580e+02 1 0)
s>            ( QUESTION0_0_R 1 -2.829e+04 2.085e+02 1.239e+02
s>                ( QUESTION0_6_R 1 -1.018e+04 1.502e+02 4.528e+01
s>                    ( - -6.759e+03 2 0 QUESTION2_3_L -1 8.786e+01 3.031e+01)
s>                    ( QUESTION0_3_R 1 -3.268e+03 1.115e+02 1.497e+01
s>                        ( - -2.363e+03 1 0)
s>                        ( - -7.931e+02 1 0)))
s>                ( WDBNDRY_E 0 -1.790e+04 1.439e+02 7.866e+01
s>                    ( QUESTION0_13_R 1 -1.679e+04 1.104e+02 7.366e+01
s>                        ( - -7.856e+03 1 0)
s>                        ( - -8.825e+03 1 0))
s>                    ( - -9.659e+02 1 0)))))INFO: dtree.c(1315): Comp split 21
INFO: dtree.c(1439): stop. leaf nodes are specific
INFO: dtree.c(1478): Final simple tree
|( QUESTION0_9_R 1 -9.062e+04 2.095e+02 3.902e+02
|    ( QUESTION0_10_R 1 -1.799e+04 1.220e+02 7.940e+01
|        ( - -5.809e+03 1 0)
|        ( - -1.206e+04 1 0))
|    ( QUESTION0_1_R 1 -7.242e+04 1.143e+02 3.108e+02
|        ( - -6.896e+04 2 0)
|        ( - -3.349e+03 1 0)))
s>    ( QUESTION0_9_R 1 -9.062e+04 2.095e+02 3.902e+02
s>        ( QUESTION0_10_R 1 -1.799e+04 1.220e+02 7.940e+01
s>            ( - -5.809e+03 1 0)
s>            ( - -1.206e+04 1 0))
s>        ( QUESTION0_1_R 1 -7.242e+04 1.143e+02 3.108e+02
s>            ( - -6.896e+04 2 0)
s>            ( - -3.349e+03 1 0)))INFO: dtree.c(1439): stop. leaf nodes are specific
INFO: dtree.c(1478): Final simple tree
|( QUESTION0_0_R 1 -3.368e+04 1.757e+02 1.467e+02
|    ( - -2.071e+04 1 0)
|    ( - -1.279e+04 1 0))
s>    ( QUESTION0_0_R 1 -3.368e+04 1.757e+02 1.467e+02
s>        ( - -2.071e+04 1 0)
s>        ( - -1.279e+04 1 0))INFO: dtree.c(1315): Comp split 22
INFO: dtree.c(1439): stop. leaf nodes are specific
INFO: dtree.c(1478): Final simple tree
|( QUESTION0_0_R 1 -4.666e+04 1.749e+02 2.112e+02
|    ( - -4.793e+02 1 0)
|    ( SILENCE 1 -4.601e+04 1.713e+02 2.082e+02
|        ( - -4.537e+04 1 0)
|        ( - -4.601e+02 1 0)))
s>    ( QUESTION0_0_R 1 -4.666e+04 1.749e+02 2.112e+02
s>        ( - -4.793e+02 1 0)
s>        ( SILENCE 1 -4.601e+04 1.713e+02 2.082e+02
s>            ( - -4.537e+04 1 0)
s>            ( - -4.601e+02 1 0)))INFO: dtree.c(1478): Final simple tree
|( QUESTION0 -1 -5.826e+04 2.592e+02 2.649e+02
|    ( - -2.581e+03 1 0)
|    ( QUESTION0_18_R 1 -5.542e+04 2.273e+02 2.519e+02
|        ( - -1.253e+03 1 0)
|        ( QUESTION0_3_R 1 -5.394e+04 2.060e+02 2.450e+02
|            ( - -6.700e+03 1 0)
|            ( QUESTION0_15_R 1 -4.704e+04 1.898e+02 2.138e+02
|                ( - -2.474e+02 1 0)
|                ( QUESTION0_10_R 1 -4.660e+04 1.512e+02 2.118e+02
|                    ( - -6.194e+03 1 0)
|                    ( WDBNDRY_E 0 -4.025e+04 1.420e+02 1.833e+02
|                        ( QUESTION0_20_R 1 -3.746e+04 1.382e+02 1.702e+02
|                            ( - -3.729e+03 1 0)
|                            ( - -3.359e+04 4 0 QUESTION0_0_R 1 1.220e+02 1.523e+02))
|                        ( - -2.652e+03 1 0)))))))
s>    ( QUESTION0 -1 -5.826e+04 2.592e+02 2.649e+02
s>        ( - -2.581e+03 1 0)
s>        ( QUESTION0_18_R 1 -5.542e+04 2.273e+02 2.519e+02
s>            ( - -1.253e+03 1 0)
s>            ( QUESTION0_3_R 1 -5.394e+04 2.060e+02 2.450e+02
s>                ( - -6.700e+03 1 0)
s>                ( QUESTION0_15_R 1 -4.704e+04 1.898e+02 2.138e+02
s>                    ( - -2.474e+02 1 0)
s>                    ( QUESTION0_10_R 1 -4.660e+04 1.512e+02 2.118e+02
s>                        ( - -6.194e+03 1 0)
s>                        ( WDBNDRY_E 0 -4.025e+04 1.420e+02 1.833e+02
s>                            ( QUESTION0_20_R 1 -3.746e+04 1.382e+02 1.702e+02
s>                                ( - -3.729e+03 1 0)
s>                                ( - -3.359e+04 4 0 QUESTION0_0_R 1 1.220e+02 1.523e+02))
s>                            ( - -2.652e+03 1 0)))))))INFO: dtree.c(1315): Comp split 23
INFO: dtree.c(1439): stop. leaf nodes are specific
INFO: dtree.c(1478): Final simple tree
|( WDBNDRY_E 0 -2.695e+04 2.026e+02 1.205e+02
|    ( QUESTION0_2_R 1 -2.447e+04 1.788e+02 1.101e+02
|        ( - -3.033e+02 1 0)
|        ( QUESTION0_14_R 1 -2.399e+04 1.688e+02 1.081e+02
|            ( - -3.686e+02 1 0)
|            ( QUESTION0_0_R 1 -2.345e+04 1.575e+02 1.061e+02
|                ( - -1.851e+04 2 0)
|                ( SILENCE 1 -4.781e+03 1.355e+02 2.201e+01
|                    ( - -4.327e+03 1 0)
|                    ( - -3.184e+02 1 0)))))
|    ( - -2.281e+03 1 0))
s>    ( WDBNDRY_E 0 -2.695e+04 2.026e+02 1.205e+02
s>        ( QUESTION0_2_R 1 -2.447e+04 1.788e+02 1.101e+02
s>            ( - -3.033e+02 1 0)
s>            ( QUESTION0_14_R 1 -2.399e+04 1.688e+02 1.081e+02
s>                ( - -3.686e+02 1 0)
s>                ( QUESTION0_0_R 1 -2.345e+04 1.575e+02 1.061e+02
s>                    ( - -1.851e+04 2 0)
s>                    ( SILENCE 1 -4.781e+03 1.355e+02 2.201e+01
s>                        ( - -4.327e+03 1 0)
s>                        ( - -3.184e+02 1 0)))))
s>        ( - -2.281e+03 1 0))INFO: dtree.c(1315): Comp split 24
INFO: dtree.c(1478): Final simple tree
|( QUESTION0_18_R 1 -5.542e+04 2.273e+02 2.519e+02
|    ( - -1.253e+03 1 0)
|    ( QUESTION0_3_R 1 -5.394e+04 2.060e+02 2.450e+02
|        ( - -6.700e+03 1 0)
|        ( QUESTION0_15_R 1 -4.704e+04 1.898e+02 2.138e+02
|            ( - -2.474e+02 1 0)
|            ( QUESTION0_10_R 1 -4.660e+04 1.512e+02 2.118e+02
|                ( - -6.194e+03 1 0)
|                ( WDBNDRY_E 0 -4.025e+04 1.420e+02 1.833e+02
|                    ( QUESTION0_20_R 1 -3.746e+04 1.382e+02 1.702e+02
|                        ( - -3.729e+03 1 0)
|                        ( QUESTION0_0_R 1 -3.359e+04 1.220e+02 1.523e+02
|                            ( - -3.083e+04 3 0 QUESTION0_1_R 1 1.209e+02 1.396e+02)
|                            ( - -2.638e+03 1 0)))
|                    ( - -2.652e+03 1 0))))))
s>    ( QUESTION0_18_R 1 -5.542e+04 2.273e+02 2.519e+02
s>        ( - -1.253e+03 1 0)
s>        ( QUESTION0_3_R 1 -5.394e+04 2.060e+02 2.450e+02
s>            ( - -6.700e+03 1 0)
s>            ( QUESTION0_15_R 1 -4.704e+04 1.898e+02 2.138e+02
s>                ( - -2.474e+02 1 0)
s>                ( QUESTION0_10_R 1 -4.660e+04 1.512e+02 2.118e+02
s>                    ( - -6.194e+03 1 0)
s>                    ( WDBNDRY_E 0 -4.025e+04 1.420e+02 1.833e+02
s>                        ( QUESTION0_20_R 1 -3.746e+04 1.382e+02 1.702e+02
s>                            ( - -3.729e+03 1 0)
s>                            ( QUESTION0_0_R 1 -3.359e+04 1.220e+02 1.523e+02
s>                                ( - -3.083e+04 3 0 QUESTION0_1_R 1 1.209e+02 1.396e+02)
s>                                ( - -2.638e+03 1 0)))
s>                        ( - -2.652e+03 1 0))))))INFO: dtree.c(1315): Comp split 25
INFO: dtree.c(1478): Final simple tree
|( WDBNDRY_B 0 -2.895e+04 2.090e+02 1.269e+02
|    ( - -4.580e+02 1 0)
|    ( QUESTION0_0_R 1 -2.829e+04 2.085e+02 1.239e+02
|        ( QUESTION0_6_R 1 -1.018e+04 1.502e+02 4.528e+01
|            ( QUESTION2_3_L -1 -6.759e+03 8.786e+01 3.031e+01
|                ( - -4.027e+03 1 0)
|                ( - -2.644e+03 1 0))
|            ( QUESTION0_3_R 1 -3.268e+03 1.115e+02 1.497e+01
|                ( - -2.363e+03 1 0)
|                ( - -7.931e+02 1 0)))
|        ( WDBNDRY_E 0 -1.790e+04 1.439e+02 7.866e+01
|            ( QUESTION0_13_R 1 -1.679e+04 1.104e+02 7.366e+01
|                ( - -7.856e+03 1 0)
|                ( - -8.825e+03 1 0))
|            ( - -9.659e+02 1 0))))
s>    ( WDBNDRY_B 0 -2.895e+04 2.090e+02 1.269e+02
s>        ( - -4.580e+02 1 0)
s>        ( QUESTION0_0_R 1 -2.829e+04 2.085e+02 1.239e+02
s>            ( QUESTION0_6_R 1 -1.018e+04 1.502e+02 4.528e+01
s>                ( QUESTION2_3_L -1 -6.759e+03 8.786e+01 3.031e+01
s>                    ( - -4.027e+03 1 0)
s>                    ( - -2.644e+03 1 0))
s>                ( QUESTION0_3_R 1 -3.268e+03 1.115e+02 1.497e+01
s>                    ( - -2.363e+03 1 0)
s>                    ( - -7.931e+02 1 0)))
s>            ( WDBNDRY_E 0 -1.790e+04 1.439e+02 7.866e+01
s>                ( QUESTION0_13_R 1 -1.679e+04 1.104e+02 7.366e+01
s>                    ( - -7.856e+03 1 0)
s>                    ( - -8.825e+03 1 0))
s>                ( - -9.659e+02 1 0))))INFO: dtree.c(1315): Comp split 26
INFO: dtree.c(1439): stop. leaf nodes are specific
INFO: dtree.c(1478): Final simple tree
|( QUESTION0_3_R 1 -4.838e+04 1.779e+02 2.140e+02
|    ( - -8.847e+03 1 0)
|    ( QUESTION0 1 -3.936e+04 1.552e+02 1.744e+02
|        ( QUESTION0_0_R 1 -1.535e+04 1.149e+02 6.851e+01
|            ( - -1.291e+04 1 0)
|            ( - -2.328e+03 1 0))
|        ( - -2.385e+04 3 0)))
s>    ( QUESTION0_3_R 1 -4.838e+04 1.779e+02 2.140e+02
s>        ( - -8.847e+03 1 0)
s>        ( QUESTION0 1 -3.936e+04 1.552e+02 1.744e+02
s>            ( QUESTION0_0_R 1 -1.535e+04 1.149e+02 6.851e+01
s>                ( - -1.291e+04 1 0)
s>                ( - -2.328e+03 1 0))
s>            ( - -2.385e+04 3 0)))INFO: dtree.c(1478): Final simple tree
|( QUESTION18 1 -6.657e+04 1.923e+02 2.951e+02
|    ( - -3.778e+03 1 0)
|    ( QUESTION4 1 -6.260e+04 1.852e+02 2.781e+02
|        ( - -1.392e+03 1 0)
|        ( QUESTION0_1_R 1 -6.103e+04 1.788e+02 2.710e+02
|            ( - -8.098e+03 2 0)
|            ( QUESTION0_8_R 1 -5.275e+04 1.695e+02 2.349e+02
|                ( - -3.166e+03 1 0)
|                ( QUESTION0_6_R 1 -4.941e+04 1.497e+02 2.199e+02
|                    ( - -3.308e+03 1 0)
|                    ( QUESTION0_0_R 1 -4.596e+04 1.547e+02 2.050e+02
|                        ( QUESTION11 1 -2.502e+04 1.424e+02 1.121e+02
|                            ( - -1.484e+03 1 0)
|                            ( - -2.340e+04 2 0 QUESTION0_3_R 1 9.399e+01 1.051e+02))
|                        ( - -2.078e+04 3 0 QUESTION0 1 1.345e+02 9.285e+01)))))))
s>    ( QUESTION18 1 -6.657e+04 1.923e+02 2.951e+02
s>        ( - -3.778e+03 1 0)
s>        ( QUESTION4 1 -6.260e+04 1.852e+02 2.781e+02
s>            ( - -1.392e+03 1 0)
s>            ( QUESTION0_1_R 1 -6.103e+04 1.788e+02 2.710e+02
s>                ( - -8.098e+03 2 0)
s>                ( QUESTION0_8_R 1 -5.275e+04 1.695e+02 2.349e+02
s>                    ( - -3.166e+03 1 0)
s>                    ( QUESTION0_6_R 1 -4.941e+04 1.497e+02 2.199e+02
s>                        ( - -3.308e+03 1 0)
s>                        ( QUESTION0_0_R 1 -4.596e+04 1.547e+02 2.050e+02
s>                            ( QUESTION11 1 -2.502e+04 1.424e+02 1.121e+02
s>                                ( - -1.484e+03 1 0)
s>                                ( - -2.340e+04 2 0 QUESTION0_3_R 1 9.399e+01 1.051e+02))
s>                            ( - -2.078e+04 3 0 QUESTION0 1 1.345e+02 9.285e+01)))))))INFO: dtree.c(1315): Comp split 27
INFO: dtree.c(1439): stop. leaf nodes are specific
INFO: dtree.c(1478): Final simple tree
|( QUESTION0_0_R 1 -2.974e+03 9.704e+01 1.408e+01
|    ( - -1.484e+03 1 0)
|    ( - -1.392e+03 1 0))
s>    ( QUESTION0_0_R 1 -2.974e+03 9.704e+01 1.408e+01
s>        ( - -1.484e+03 1 0)
s>        ( - -1.392e+03 1 0))INFO: dtree.c(1478): Final simple tree
|( QUESTION18 1 -6.337e+04 1.917e+02 2.810e+02
|    ( - -3.778e+03 1 0)
|    ( QUESTION0_1_R 1 -5.940e+04 1.763e+02 2.640e+02
|        ( - -8.098e+03 2 0)
|        ( QUESTION0_8_R 1 -5.112e+04 1.695e+02 2.279e+02
|            ( - -3.166e+03 1 0)
|            ( QUESTION0_0_R 1 -4.779e+04 1.485e+02 2.129e+02
|                ( QUESTION0_6_R 1 -2.686e+04 1.567e+02 1.200e+02
|                    ( - -3.308e+03 1 0)
|                    ( QUESTION0_3_R 1 -2.340e+04 9.399e+01 1.051e+02
|                        ( - -8.974e+03 1 0)
|                        ( - -1.433e+04 1 0)))
|                ( QUESTION0 1 -2.078e+04 1.345e+02 9.285e+01
|                    ( - -7.764e+03 1 0)
|                    ( - -1.288e+04 2 0))))))
s>    ( QUESTION18 1 -6.337e+04 1.917e+02 2.810e+02
s>        ( - -3.778e+03 1 0)
s>        ( QUESTION0_1_R 1 -5.940e+04 1.763e+02 2.640e+02
s>            ( - -8.098e+03 2 0)
s>            ( QUESTION0_8_R 1 -5.112e+04 1.695e+02 2.279e+02
s>                ( - -3.166e+03 1 0)
s>                ( QUESTION0_0_R 1 -4.779e+04 1.485e+02 2.129e+02
s>                    ( QUESTION0_6_R 1 -2.686e+04 1.567e+02 1.200e+02
s>                        ( - -3.308e+03 1 0)
s>                        ( QUESTION0_3_R 1 -2.340e+04 9.399e+01 1.051e+02
s>                            ( - -8.974e+03 1 0)
s>                            ( - -1.433e+04 1 0)))
s>                    ( QUESTION0 1 -2.078e+04 1.345e+02 9.285e+01
s>                        ( - -7.764e+03 1 0)
s>                        ( - -1.288e+04 2 0))))))INFO: dtree.c(1315): Comp split 28
INFO: dtree.c(1478): Final simple tree
|( QUESTION0_3_R 1 -5.394e+04 2.060e+02 2.450e+02
|    ( - -6.700e+03 1 0)
|    ( QUESTION0_15_R 1 -4.704e+04 1.898e+02 2.138e+02
|        ( - -2.474e+02 1 0)
|        ( QUESTION0_10_R 1 -4.660e+04 1.512e+02 2.118e+02
|            ( - -6.194e+03 1 0)
|            ( WDBNDRY_E 0 -4.025e+04 1.420e+02 1.833e+02
|                ( QUESTION0_20_R 1 -3.746e+04 1.382e+02 1.702e+02
|                    ( - -3.729e+03 1 0)
|                    ( QUESTION0_0_R 1 -3.359e+04 1.220e+02 1.523e+02
|                        ( QUESTION0_1_R 1 -3.083e+04 1.209e+02 1.396e+02
|                            ( - -2.506e+04 2 0)
|                            ( - -5.650e+03 1 0))
|                        ( - -2.638e+03 1 0)))
|                ( - -2.652e+03 1 0)))))
s>    ( QUESTION0_3_R 1 -5.394e+04 2.060e+02 2.450e+02
s>        ( - -6.700e+03 1 0)
s>        ( QUESTION0_15_R 1 -4.704e+04 1.898e+02 2.138e+02
s>            ( - -2.474e+02 1 0)
s>            ( QUESTION0_10_R 1 -4.660e+04 1.512e+02 2.118e+02
s>                ( - -6.194e+03 1 0)
s>                ( WDBNDRY_E 0 -4.025e+04 1.420e+02 1.833e+02
s>                    ( QUESTION0_20_R 1 -3.746e+04 1.382e+02 1.702e+02
s>                        ( - -3.729e+03 1 0)
s>                        ( QUESTION0_0_R 1 -3.359e+04 1.220e+02 1.523e+02
s>                            ( QUESTION0_1_R 1 -3.083e+04 1.209e+02 1.396e+02
s>                                ( - -2.506e+04 2 0)
s>                                ( - -5.650e+03 1 0))
s>                            ( - -2.638e+03 1 0)))
s>                    ( - -2.652e+03 1 0)))))INFO: dtree.c(1315): Comp split 29
INFO: dtree.c(1439): stop. leaf nodes are specific
INFO: dtree.c(1478): Final simple tree
|( QUESTION0_1_R 1 -3.165e+04 1.505e+02 1.412e+02
|    ( - -8.098e+03 2 0)
|    ( QUESTION0_3_R 1 -2.340e+04 9.399e+01 1.051e+02
|        ( - -8.974e+03 1 0)
|        ( - -1.433e+04 1 0)))
s>    ( QUESTION0_1_R 1 -3.165e+04 1.505e+02 1.412e+02
s>        ( - -8.098e+03 2 0)
s>        ( QUESTION0_3_R 1 -2.340e+04 9.399e+01 1.051e+02
s>            ( - -8.974e+03 1 0)
s>            ( - -1.433e+04 1 0)))INFO: dtree.c(1439): stop. leaf nodes are specific
INFO: dtree.c(1478): Final simple tree
|( QUESTION18 1 -3.151e+04 1.823e+02 1.398e+02
|    ( - -3.778e+03 1 0)
|    ( QUESTION0_8_R 1 -2.755e+04 1.553e+02 1.228e+02
|        ( - -3.166e+03 1 0)
|        ( QUESTION0_0_R 1 -2.422e+04 1.400e+02 1.077e+02
|            ( - -3.308e+03 1 0)
|            ( QUESTION0 1 -2.078e+04 1.345e+02 9.285e+01
|                ( - -7.764e+03 1 0)
|                ( - -1.288e+04 2 0)))))
s>    ( QUESTION18 1 -3.151e+04 1.823e+02 1.398e+02
s>        ( - -3.778e+03 1 0)
s>        ( QUESTION0_8_R 1 -2.755e+04 1.553e+02 1.228e+02
s>            ( - -3.166e+03 1 0)
s>            ( QUESTION0_0_R 1 -2.422e+04 1.400e+02 1.077e+02
s>                ( - -3.308e+03 1 0)
s>                ( QUESTION0 1 -2.078e+04 1.345e+02 9.285e+01
s>                    ( - -7.764e+03 1 0)
s>                    ( - -1.288e+04 2 0)))))INFO: dtree.c(1315): Comp split 30
INFO: dtree.c(1439): stop. leaf nodes are specific
INFO: dtree.c(1478): Final simple tree
|( WDBNDRY_E 0 -1.790e+04 1.439e+02 7.866e+01
|    ( QUESTION0_13_R 1 -1.679e+04 1.104e+02 7.366e+01
|        ( - -7.856e+03 1 0)
|        ( - -8.825e+03 1 0))
|    ( - -9.659e+02 1 0))
s>    ( WDBNDRY_E 0 -1.790e+04 1.439e+02 7.866e+01
s>        ( QUESTION0_13_R 1 -1.679e+04 1.104e+02 7.366e+01
s>            ( - -7.856e+03 1 0)
s>            ( - -8.825e+03 1 0))
s>        ( - -9.659e+02 1 0))INFO: dtree.c(1439): stop. leaf nodes are specific
INFO: dtree.c(1478): Final simple tree
|( WDBNDRY_B 0 -1.084e+04 2.066e+02 4.828e+01
|    ( - -4.580e+02 1 0)
|    ( QUESTION0_6_R 1 -1.018e+04 1.502e+02 4.528e+01
|        ( QUESTION2_3_L -1 -6.759e+03 8.786e+01 3.031e+01
|            ( - -4.027e+03 1 0)
|            ( - -2.644e+03 1 0))
|        ( QUESTION0_3_R 1 -3.268e+03 1.115e+02 1.497e+01
|            ( - -2.363e+03 1 0)
|            ( - -7.931e+02 1 0))))
s>    ( WDBNDRY_B 0 -1.084e+04 2.066e+02 4.828e+01
s>        ( - -4.580e+02 1 0)
s>        ( QUESTION0_6_R 1 -1.018e+04 1.502e+02 4.528e+01
s>            ( QUESTION2_3_L -1 -6.759e+03 8.786e+01 3.031e+01
s>                ( - -4.027e+03 1 0)
s>                ( - -2.644e+03 1 0))
s>            ( QUESTION0_3_R 1 -3.268e+03 1.115e+02 1.497e+01
s>                ( - -2.363e+03 1 0)
s>                ( - -7.931e+02 1 0))))INFO: dtree.c(1315): Comp split 31
INFO: dtree.c(1439): stop. leaf nodes are specific
INFO: dtree.c(1478): Final simple tree
|( QUESTION0_1_R 1 -7.242e+04 1.143e+02 3.108e+02
|    ( - -6.896e+04 2 0)
|    ( - -3.349e+03 1 0))
s>    ( QUESTION0_1_R 1 -7.242e+04 1.143e+02 3.108e+02
s>        ( - -6.896e+04 2 0)
s>        ( - -3.349e+03 1 0))INFO: dtree.c(1439): stop. leaf nodes are specific
INFO: dtree.c(1478): Final simple tree
|( QUESTION0_10_R 1 -1.799e+04 1.220e+02 7.940e+01
|    ( - -5.809e+03 1 0)
|    ( - -1.206e+04 1 0))
s>    ( QUESTION0_10_R 1 -1.799e+04 1.220e+02 7.940e+01
s>        ( - -5.809e+03 1 0)
s>        ( - -1.206e+04 1 0))INFO: dtree.c(1315): Comp split 32
INFO: dtree.c(1439): stop. leaf nodes are specific
INFO: dtree.c(1478): Final simple tree
|( QUESTION0_6_R 1 -1.018e+04 1.502e+02 4.528e+01
|    ( QUESTION2_3_L -1 -6.759e+03 8.786e+01 3.031e+01
|        ( - -4.027e+03 1 0)
|        ( - -2.644e+03 1 0))
|    ( QUESTION0_3_R 1 -3.268e+03 1.115e+02 1.497e+01
|        ( - -2.363e+03 1 0)
|        ( - -7.931e+02 1 0)))
s>    ( QUESTION0_6_R 1 -1.018e+04 1.502e+02 4.528e+01
s>        ( QUESTION2_3_L -1 -6.759e+03 8.786e+01 3.031e+01
s>            ( - -4.027e+03 1 0)
s>            ( - -2.644e+03 1 0))
s>        ( QUESTION0_3_R 1 -3.268e+03 1.115e+02 1.497e+01
s>            ( - -2.363e+03 1 0)
s>            ( - -7.931e+02 1 0)))INFO: dtree.c(1315): Comp split 33
INFO: dtree.c(1439): stop. leaf nodes are specific
INFO: dtree.c(1478): Final simple tree
|( QUESTION0_15_R 1 -4.704e+04 1.898e+02 2.138e+02
|    ( - -2.474e+02 1 0)
|    ( QUESTION0_10_R 1 -4.660e+04 1.512e+02 2.118e+02
|        ( - -6.194e+03 1 0)
|        ( WDBNDRY_E 0 -4.025e+04 1.420e+02 1.833e+02
|            ( QUESTION0_20_R 1 -3.746e+04 1.382e+02 1.702e+02
|                ( - -3.729e+03 1 0)
|                ( QUESTION0_0_R 1 -3.359e+04 1.220e+02 1.523e+02
|                    ( QUESTION0_1_R 1 -3.083e+04 1.209e+02 1.396e+02
|                        ( - -2.506e+04 2 0)
|                        ( - -5.650e+03 1 0))
|                    ( - -2.638e+03 1 0)))
|            ( - -2.652e+03 1 0))))
s>    ( QUESTION0_15_R 1 -4.704e+04 1.898e+02 2.138e+02
s>        ( - -2.474e+02 1 0)
s>        ( QUESTION0_10_R 1 -4.660e+04 1.512e+02 2.118e+02
s>            ( - -6.194e+03 1 0)
s>            ( WDBNDRY_E 0 -4.025e+04 1.420e+02 1.833e+02
s>                ( QUESTION0_20_R 1 -3.746e+04 1.382e+02 1.702e+02
s>                    ( - -3.729e+03 1 0)
s>                    ( QUESTION0_0_R 1 -3.359e+04 1.220e+02 1.523e+02
s>                        ( QUESTION0_1_R 1 -3.083e+04 1.209e+02 1.396e+02
s>                            ( - -2.506e+04 2 0)
s>                            ( - -5.650e+03 1 0))
s>                        ( - -2.638e+03 1 0)))
s>                ( - -2.652e+03 1 0))))INFO: dtree.c(1315): Comp split 34
INFO: dtree.c(1439): stop. leaf nodes are specific
INFO: dtree.c(1478): Final simple tree
|( QUESTION0_2_R 1 -2.447e+04 1.788e+02 1.101e+02
|    ( - -3.033e+02 1 0)
|    ( QUESTION0_14_R 1 -2.399e+04 1.688e+02 1.081e+02
|        ( - -3.686e+02 1 0)
|        ( QUESTION0_0_R 1 -2.345e+04 1.575e+02 1.061e+02
|            ( - -1.851e+04 2 0)
|            ( SILENCE 1 -4.781e+03 1.355e+02 2.201e+01
|                ( - -4.327e+03 1 0)
|                ( - -3.184e+02 1 0)))))
s>    ( QUESTION0_2_R 1 -2.447e+04 1.788e+02 1.101e+02
s>        ( - -3.033e+02 1 0)
s>        ( QUESTION0_14_R 1 -2.399e+04 1.688e+02 1.081e+02
s>            ( - -3.686e+02 1 0)
s>            ( QUESTION0_0_R 1 -2.345e+04 1.575e+02 1.061e+02
s>                ( - -1.851e+04 2 0)
s>                ( SILENCE 1 -4.781e+03 1.355e+02 2.201e+01
s>                    ( - -4.327e+03 1 0)
s>                    ( - -3.184e+02 1 0)))))INFO: dtree.c(1315): Comp split 35
INFO: dtree.c(1315): Comp split 36
INFO: dtree.c(1439): stop. leaf nodes are specific
INFO: dtree.c(1478): Final simple tree
|( QUESTION0_10_R 1 -4.660e+04 1.512e+02 2.118e+02
|    ( - -6.194e+03 1 0)
|    ( WDBNDRY_E 0 -4.025e+04 1.420e+02 1.833e+02
|        ( QUESTION0_20_R 1 -3.746e+04 1.382e+02 1.702e+02
|            ( - -3.729e+03 1 0)
|            ( QUESTION0_0_R 1 -3.359e+04 1.220e+02 1.523e+02
|                ( QUESTION0_1_R 1 -3.083e+04 1.209e+02 1.396e+02
|                    ( - -2.506e+04 2 0)
|                    ( - -5.650e+03 1 0))
|                ( - -2.638e+03 1 0)))
|        ( - -2.652e+03 1 0)))
s>    ( QUESTION0_10_R 1 -4.660e+04 1.512e+02 2.118e+02
s>        ( - -6.194e+03 1 0)
s>        ( WDBNDRY_E 0 -4.025e+04 1.420e+02 1.833e+02
s>            ( QUESTION0_20_R 1 -3.746e+04 1.382e+02 1.702e+02
s>                ( - -3.729e+03 1 0)
s>                ( QUESTION0_0_R 1 -3.359e+04 1.220e+02 1.523e+02
s>                    ( QUESTION0_1_R 1 -3.083e+04 1.209e+02 1.396e+02
s>                        ( - -2.506e+04 2 0)
s>                        ( - -5.650e+03 1 0))
s>                    ( - -2.638e+03 1 0)))
s>            ( - -2.652e+03 1 0)))INFO: dtree.c(1315): Comp split 37
INFO: dtree.c(1315): Comp split 38
INFO: dtree.c(1439): stop. leaf nodes are specific
INFO: dtree.c(1478): Final simple tree
|( QUESTION0_8_R 1 -2.755e+04 1.553e+02 1.228e+02
|    ( - -3.166e+03 1 0)
|    ( QUESTION0_0_R 1 -2.422e+04 1.400e+02 1.077e+02
|        ( - -3.308e+03 1 0)
|        ( QUESTION0 1 -2.078e+04 1.345e+02 9.285e+01
|            ( - -7.764e+03 1 0)
|            ( - -1.288e+04 2 0))))
s>    ( QUESTION0_8_R 1 -2.755e+04 1.553e+02 1.228e+02
s>        ( - -3.166e+03 1 0)
s>        ( QUESTION0_0_R 1 -2.422e+04 1.400e+02 1.077e+02
s>            ( - -3.308e+03 1 0)
s>            ( QUESTION0 1 -2.078e+04 1.345e+02 9.285e+01
s>                ( - -7.764e+03 1 0)
s>                ( - -1.288e+04 2 0))))INFO: dtree.c(1315): Comp split 39
INFO: dtree.c(1439): stop. leaf nodes are specific
INFO: dtree.c(1478): Final simple tree
|( QUESTION9 -1 -1.705e+04 1.396e+02 7.755e+01
|    ( - -9.447e+03 1 0)
|    ( QUESTION17 -1 -7.468e+03 9.748e+01 3.356e+01
|        ( - -6.765e+03 1 0)
|        ( - -6.056e+02 1 0)))
s>    ( QUESTION9 -1 -1.705e+04 1.396e+02 7.755e+01
s>        ( - -9.447e+03 1 0)
s>        ( QUESTION17 -1 -7.468e+03 9.748e+01 3.356e+01
s>            ( - -6.765e+03 1 0)
s>            ( - -6.056e+02 1 0)))INFO: dtree.c(1315): Comp split 40
INFO: dtree.c(1439): stop. leaf nodes are specific
INFO: dtree.c(1478): Final simple tree
|( QUESTION0_14_R 1 -2.399e+04 1.688e+02 1.081e+02
|    ( - -3.686e+02 1 0)
|    ( QUESTION0_0_R 1 -2.345e+04 1.575e+02 1.061e+02
|        ( - -1.851e+04 2 0)
|        ( SILENCE 1 -4.781e+03 1.355e+02 2.201e+01
|            ( - -4.327e+03 1 0)
|            ( - -3.184e+02 1 0))))
s>    ( QUESTION0_14_R 1 -2.399e+04 1.688e+02 1.081e+02
s>        ( - -3.686e+02 1 0)
s>        ( QUESTION0_0_R 1 -2.345e+04 1.575e+02 1.061e+02
s>            ( - -1.851e+04 2 0)
s>            ( SILENCE 1 -4.781e+03 1.355e+02 2.201e+01
s>                ( - -4.327e+03 1 0)
s>                ( - -3.184e+02 1 0))))INFO: dtree.c(1315): Comp split 41
INFO: dtree.c(1439): stop. leaf nodes are specific
INFO: dtree.c(1478): Final simple tree
|( QUESTION0 1 -3.936e+04 1.552e+02 1.744e+02
|    ( QUESTION0_0_R 1 -1.535e+04 1.149e+02 6.851e+01
|        ( - -1.291e+04 1 0)
|        ( - -2.328e+03 1 0))
|    ( - -2.385e+04 3 0))
s>    ( QUESTION0 1 -3.936e+04 1.552e+02 1.744e+02
s>        ( QUESTION0_0_R 1 -1.535e+04 1.149e+02 6.851e+01
s>            ( - -1.291e+04 1 0)
s>            ( - -2.328e+03 1 0))
s>        ( - -2.385e+04 3 0))INFO: dtree.c(1315): Comp split 42
INFO: dtree.c(1315): Comp split 43
INFO: dtree.c(1439): stop. leaf nodes are specific
INFO: dtree.c(1478): Final simple tree
|( SILENCE 1 -4.601e+04 1.713e+02 2.082e+02
|    ( - -4.537e+04 1 0)
|    ( - -4.601e+02 1 0))
s>    ( SILENCE 1 -4.601e+04 1.713e+02 2.082e+02
s>        ( - -4.537e+04 1 0)
s>        ( - -4.601e+02 1 0))INFO: dtree.c(1315): Comp split 44
INFO: dtree.c(1315): Comp split 45
INFO: dtree.c(1439): stop. leaf nodes are specific
INFO: dtree.c(1478): Final simple tree
|( QUESTION0_0_R 1 -2.345e+04 1.575e+02 1.061e+02
|    ( - -1.851e+04 2 0)
|    ( SILENCE 1 -4.781e+03 1.355e+02 2.201e+01
|        ( - -4.327e+03 1 0)
|        ( - -3.184e+02 1 0)))
s>    ( QUESTION0_0_R 1 -2.345e+04 1.575e+02 1.061e+02
s>        ( - -1.851e+04 2 0)
s>        ( SILENCE 1 -4.781e+03 1.355e+02 2.201e+01
s>            ( - -4.327e+03 1 0)
s>            ( - -3.184e+02 1 0)))INFO: dtree.c(1315): Comp split 46
INFO: dtree.c(1439): stop. leaf nodes are specific
INFO: dtree.c(1478): Final simple tree
|( QUESTION0 -1 -8.353e+03 1.456e+02 3.614e+01
|    ( - -1.971e+03 1 0)
|    ( - -6.237e+03 3 0))
s>    ( QUESTION0 -1 -8.353e+03 1.456e+02 3.614e+01
s>        ( - -1.971e+03 1 0)
s>        ( - -6.237e+03 3 0))INFO: dtree.c(1315): Comp split 47
INFO: dtree.c(1439): stop. leaf nodes are specific
INFO: dtree.c(1478): Final simple tree
|( SILENCE 1 -4.781e+03 1.355e+02 2.201e+01
|    ( - -4.327e+03 1 0)
|    ( - -3.184e+02 1 0))
s>    ( SILENCE 1 -4.781e+03 1.355e+02 2.201e+01
s>        ( - -4.327e+03 1 0)
s>        ( - -3.184e+02 1 0))INFO: dtree.c(1315): Comp split 48
INFO: dtree.c(1439): stop. leaf nodes are specific
INFO: dtree.c(1478): Final simple tree
|( QUESTION0_0_R 1 -2.422e+04 1.400e+02 1.077e+02
|    ( - -3.308e+03 1 0)
|    ( QUESTION0 1 -2.078e+04 1.345e+02 9.285e+01
|        ( - -7.764e+03 1 0)
|        ( - -1.288e+04 2 0)))
s>    ( QUESTION0_0_R 1 -2.422e+04 1.400e+02 1.077e+02
s>        ( - -3.308e+03 1 0)
s>        ( QUESTION0 1 -2.078e+04 1.345e+02 9.285e+01
s>            ( - -7.764e+03 1 0)
s>            ( - -1.288e+04 2 0)))INFO: dtree.c(1315): Comp split 49
INFO: dtree.c(1439): stop. leaf nodes are specific
INFO: dtree.c(1478): Final simple tree
|( QUESTION0_0_R 1 -1.535e+04 1.149e+02 6.851e+01
|    ( - -1.291e+04 1 0)
|    ( - -2.328e+03 1 0))
s>    ( QUESTION0_0_R 1 -1.535e+04 1.149e+02 6.851e+01
s>        ( - -1.291e+04 1 0)
s>        ( - -2.328e+03 1 0))INFO: dtree.c(1315): Comp split 50
INFO: dtree.c(1439): stop. leaf nodes are specific
INFO: dtree.c(1478): Final simple tree
|( WDBNDRY_E 0 -4.025e+04 1.420e+02 1.833e+02
|    ( QUESTION0_20_R 1 -3.746e+04 1.382e+02 1.702e+02
|        ( - -3.729e+03 1 0)
|        ( QUESTION0_0_R 1 -3.359e+04 1.220e+02 1.523e+02
|            ( QUESTION0_1_R 1 -3.083e+04 1.209e+02 1.396e+02
|                ( - -2.506e+04 2 0)
|                ( - -5.650e+03 1 0))
|            ( - -2.638e+03 1 0)))
|    ( - -2.652e+03 1 0))
s>    ( WDBNDRY_E 0 -4.025e+04 1.420e+02 1.833e+02
s>        ( QUESTION0_20_R 1 -3.746e+04 1.382e+02 1.702e+02
s>            ( - -3.729e+03 1 0)
s>            ( QUESTION0_0_R 1 -3.359e+04 1.220e+02 1.523e+02
s>                ( QUESTION0_1_R 1 -3.083e+04 1.209e+02 1.396e+02
s>                    ( - -2.506e+04 2 0)
s>                    ( - -5.650e+03 1 0))
s>                ( - -2.638e+03 1 0)))
s>        ( - -2.652e+03 1 0))INFO: dtree.c(1315): Comp split 51
INFO: dtree.c(1439): stop. leaf nodes are specific
INFO: dtree.c(1478): Final simple tree
|( QUESTION0_3_R 1 -2.340e+04 9.399e+01 1.051e+02
|    ( - -8.974e+03 1 0)
|    ( - -1.433e+04 1 0))
s>    ( QUESTION0_3_R 1 -2.340e+04 9.399e+01 1.051e+02
s>        ( - -8.974e+03 1 0)
s>        ( - -1.433e+04 1 0))INFO: dtree.c(1315): Comp split 52
INFO: dtree.c(1439): stop. leaf nodes are specific
INFO: dtree.c(1478): Final simple tree
|( QUESTION0_3_R 1 -3.268e+03 1.115e+02 1.497e+01
|    ( - -2.363e+03 1 0)
|    ( - -7.931e+02 1 0))
s>    ( QUESTION0_3_R 1 -3.268e+03 1.115e+02 1.497e+01
s>        ( - -2.363e+03 1 0)
s>        ( - -7.931e+02 1 0))INFO: dtree.c(1439): stop. leaf nodes are specific
INFO: dtree.c(1478): Final simple tree
|( QUESTION2_3_L -1 -6.759e+03 8.786e+01 3.031e+01
|    ( - -4.027e+03 1 0)
|    ( - -2.644e+03 1 0))
s>    ( QUESTION2_3_L -1 -6.759e+03 8.786e+01 3.031e+01
s>        ( - -4.027e+03 1 0)
s>        ( - -2.644e+03 1 0))INFO: dtree.c(1315): Comp split 53
INFO: dtree.c(1315): Comp split 54
INFO: dtree.c(1439): stop. leaf nodes are specific
INFO: dtree.c(1478): Final simple tree
|( QUESTION0_13_R 1 -1.679e+04 1.104e+02 7.366e+01
|    ( - -7.856e+03 1 0)
|    ( - -8.825e+03 1 0))
s>    ( QUESTION0_13_R 1 -1.679e+04 1.104e+02 7.366e+01
s>        ( - -7.856e+03 1 0)
s>        ( - -8.825e+03 1 0))INFO: dtree.c(1315): Comp split 55
INFO: dtree.c(1439): stop. leaf nodes are specific
INFO: dtree.c(1478): Final simple tree
|( QUESTION0_20_R 1 -3.746e+04 1.382e+02 1.702e+02
|    ( - -3.729e+03 1 0)
|    ( QUESTION0_0_R 1 -3.359e+04 1.220e+02 1.523e+02
|        ( QUESTION0_1_R 1 -3.083e+04 1.209e+02 1.396e+02
|            ( - -2.506e+04 2 0)
|            ( - -5.650e+03 1 0))
|        ( - -2.638e+03 1 0)))
s>    ( QUESTION0_20_R 1 -3.746e+04 1.382e+02 1.702e+02
s>        ( - -3.729e+03 1 0)
s>        ( QUESTION0_0_R 1 -3.359e+04 1.220e+02 1.523e+02
s>            ( QUESTION0_1_R 1 -3.083e+04 1.209e+02 1.396e+02
s>                ( - -2.506e+04 2 0)
s>                ( - -5.650e+03 1 0))
s>            ( - -2.638e+03 1 0)))INFO: dtree.c(1315): Comp split 56
INFO: dtree.c(1439): stop. leaf nodes are specific
INFO: dtree.c(1478): Final simple tree
|( QUESTION0 1 -2.078e+04 1.345e+02 9.285e+01
|    ( - -7.764e+03 1 0)
|    ( - -1.288e+04 2 0))
s>    ( QUESTION0 1 -2.078e+04 1.345e+02 9.285e+01
s>        ( - -7.764e+03 1 0)
s>        ( - -1.288e+04 2 0))INFO: dtree.c(1315): Comp split 57
INFO: dtree.c(1439): stop. leaf nodes are specific
INFO: dtree.c(1478): Final simple tree
|( QUESTION17 -1 -7.468e+03 9.748e+01 3.356e+01
|    ( - -6.765e+03 1 0)
|    ( - -6.056e+02 1 0))
s>    ( QUESTION17 -1 -7.468e+03 9.748e+01 3.356e+01
s>        ( - -6.765e+03 1 0)
s>        ( - -6.056e+02 1 0))INFO: dtree.c(1315): Comp split 58
INFO: dtree.c(1439): stop. leaf nodes are specific
INFO: dtree.c(1478): Final simple tree
|( QUESTION0_0_R 1 -3.359e+04 1.220e+02 1.523e+02
|    ( QUESTION0_1_R 1 -3.083e+04 1.209e+02 1.396e+02
|        ( - -2.506e+04 2 0)
|        ( - -5.650e+03 1 0))
|    ( - -2.638e+03 1 0))
s>    ( QUESTION0_0_R 1 -3.359e+04 1.220e+02 1.523e+02
s>        ( QUESTION0_1_R 1 -3.083e+04 1.209e+02 1.396e+02
s>            ( - -2.506e+04 2 0)
s>            ( - -5.650e+03 1 0))
s>        ( - -2.638e+03 1 0))INFO: dtree.c(1315): Comp split 59
INFO: dtree.c(1315): Comp split 60
INFO: dtree.c(1315): Comp split 61
INFO: dtree.c(1439): stop. leaf nodes are specific
INFO: dtree.c(1478): Final simple tree
|( QUESTION0_1_R 1 -3.083e+04 1.209e+02 1.396e+02
|    ( - -2.506e+04 2 0)
|    ( - -5.650e+03 1 0))
s>    ( QUESTION0_1_R 1 -3.083e+04 1.209e+02 1.396e+02
s>        ( - -2.506e+04 2 0)
s>        ( - -5.650e+03 1 0))INFO: dtree.c(1315): Comp split 62
INFO: dtree.c(1315): Comp split 63
INFO: dtree.c(1315): Comp split 64
INFO: dtree.c(1315): Comp split 65
INFO: dtree.c(1315): Comp split 66
INFO: dtree.c(1315): Comp split 67
INFO: dtree.c(1315): Comp split 68
INFO: dtree.c(1315): Comp split 69
INFO: dtree.c(1315): Comp split 70
INFO: dtree.c(1315): Comp split 71
INFO: dtree.c(1315): Comp split 72
INFO: dtree.c(1318): stop. leaf nodes are specific
Wed Dec 20 23:52:21 2017
