Current configuration:
[NAME]		[DEFLT]	[VALUE]
-allphones	no	no
-cntthresh	0.00001	1.000000e-05
-csplitmax	100	2000
-csplitmin	1	1
-csplitthr	8e-4	0.000000e+00
-example	no	no
-fullvar	no	no
-help		no	no
-meanfn			/home/alex/repos/speech/an4/model_parameters/an4.cd_cont_untied/means
-mixwfn			/home/alex/repos/speech/an4/model_parameters/an4.cd_cont_untied/mixture_weights
-moddeffn		/home/alex/repos/speech/an4/model_architecture/an4.untied.mdef
-mwfloor	1e-4	1.000000e-08
-phone			P
-psetfn			/home/alex/repos/speech/an4/model_architecture/an4.tree_questions
-ssplitmax	5	7
-ssplitmin	1	1
-ssplitthr	8e-4	0.000000e+00
-state			2
-stwt			1.0,0.05,0.0,
-treefn			/home/alex/repos/speech/an4/trees/an4.unpruned/P-2.dtree
-ts2cbfn	.semi.	.cont.
-varfloor	0.00001	1.000000e-05
-varfn			/home/alex/repos/speech/an4/model_parameters/an4.cd_cont_untied/variances

INFO: main.c(223): Reading: /home/alex/repos/speech/an4/model_architecture/an4.untied.mdef
INFO: model_def_io.c(573): Model definition info:
INFO: model_def_io.c(574): 1618 total models defined (34 base, 1584 tri)
INFO: model_def_io.c(575): 6472 total states
INFO: model_def_io.c(576): 4854 total tied states
INFO: model_def_io.c(577): 102 total tied CI states
INFO: model_def_io.c(578): 34 total tied transition matrices
INFO: model_def_io.c(579): 4 max state/model
INFO: model_def_io.c(580): 4 min state/model
INFO: main.c(242): Building trees for [P AA SIL e] through [P UW IY b]
INFO: main.c(269): Covering states |[3579 3629]| == 51
INFO: main.c(275): Reading: /home/alex/repos/speech/an4/model_parameters/an4.cd_cont_untied/mixture_weights
INFO: s3mixw_io.c(173): Read /home/alex/repos/speech/an4/model_parameters/an4.cd_cont_untied/mixture_weights [51x1x1 array]
INFO: main.c(311): 17 of 17 models have observation count greater than 0.000010
INFO: main.c(95): nrm stwt: 0.000 0.048 0.952 
INFO: s3gau_io.c(169): Read /home/alex/repos/speech/an4/model_parameters/an4.cd_cont_untied/means [4854x1x1 array]
INFO: s3gau_io.c(169): Read /home/alex/repos/speech/an4/model_parameters/an4.cd_cont_untied/variances [4854x1x1 array]
INFO: main.c(549): Reading: /home/alex/repos/speech/an4/model_architecture/an4.tree_questions
INFO: main.c(588): 180 total simple questions (172 phone; 8 word bndry)
INFO: main.c(590): 42 Left Only questions, and 42 Right Only questions
INFO: dtree.c(1478): Final simple tree
|( QUESTION0_20_R 1 -1.413e+05 1.052e+03 6.358e+02
|    ( WDBNDRY_B 0 -1.124e+05 2.075e+02 5.118e+02
|        ( QUESTION20 -1 -9.713e+04 1.693e+02 4.427e+02
|            ( QUESTION2_0_L -1 -2.124e+04 1.580e+02 9.504e+01
|                ( - -3.618e+03 1 0)
|                ( - -1.746e+04 4 0 QUESTION2_15_L -1 1.020e+02 7.804e+01))
|            ( - -7.572e+04 6 0 QUESTION14 -1 1.222e+02 3.477e+02))
|        ( - -1.506e+04 1 0))
|    ( QUESTION2_15_L -1 -2.783e+04 5.857e+02 1.240e+02
|        ( - -1.590e+04 1 0)
|        ( QUESTION0_19_R 1 -1.134e+04 4.884e+02 4.724e+01
|            ( - 2.422e+02 1 0)
|            ( QUESTION0_12_R 1 -1.110e+04 4.694e+02 4.624e+01
|                ( - 2.424e+02 1 0)
|                ( - -1.087e+04 2 0 WDBNDRY_E 0 9.519e+01 4.524e+01)))))
s>    ( QUESTION0_20_R 1 -1.413e+05 1.052e+03 6.358e+02
s>        ( WDBNDRY_B 0 -1.124e+05 2.075e+02 5.118e+02
s>            ( QUESTION20 -1 -9.713e+04 1.693e+02 4.427e+02
s>                ( QUESTION2_0_L -1 -2.124e+04 1.580e+02 9.504e+01
s>                    ( - -3.618e+03 1 0)
s>                    ( - -1.746e+04 4 0 QUESTION2_15_L -1 1.020e+02 7.804e+01))
s>                ( - -7.572e+04 6 0 QUESTION14 -1 1.222e+02 3.477e+02))
s>            ( - -1.506e+04 1 0))
s>        ( QUESTION2_15_L -1 -2.783e+04 5.857e+02 1.240e+02
s>            ( - -1.590e+04 1 0)
s>            ( QUESTION0_19_R 1 -1.134e+04 4.884e+02 4.724e+01
s>                ( - 2.422e+02 1 0)
s>                ( QUESTION0_12_R 1 -1.110e+04 4.694e+02 4.624e+01
s>                    ( - 2.424e+02 1 0)
s>                    ( - -1.087e+04 2 0 WDBNDRY_E 0 9.519e+01 4.524e+01)))))INFO: dtree.c(1315): Comp split 0
INFO: dtree.c(1439): stop. leaf nodes are specific
INFO: dtree.c(1478): Final simple tree
|( QUESTION2_15_L -1 -2.783e+04 5.857e+02 1.240e+02
|    ( - -1.590e+04 1 0)
|    ( QUESTION0_19_R 1 -1.134e+04 4.884e+02 4.724e+01
|        ( - 2.422e+02 1 0)
|        ( QUESTION0_12_R 1 -1.110e+04 4.694e+02 4.624e+01
|            ( - 2.424e+02 1 0)
|            ( WDBNDRY_E 0 -1.087e+04 9.519e+01 4.524e+01
|                ( - -9.424e+03 1 0)
|                ( - -1.350e+03 1 0)))))
s>    ( QUESTION2_15_L -1 -2.783e+04 5.857e+02 1.240e+02
s>        ( - -1.590e+04 1 0)
s>        ( QUESTION0_19_R 1 -1.134e+04 4.884e+02 4.724e+01
s>            ( - 2.422e+02 1 0)
s>            ( QUESTION0_12_R 1 -1.110e+04 4.694e+02 4.624e+01
s>                ( - 2.424e+02 1 0)
s>                ( WDBNDRY_E 0 -1.087e+04 9.519e+01 4.524e+01
s>                    ( - -9.424e+03 1 0)
s>                    ( - -1.350e+03 1 0)))))INFO: dtree.c(1478): Final simple tree
|( WDBNDRY_B 0 -1.124e+05 2.075e+02 5.118e+02
|    ( QUESTION20 -1 -9.713e+04 1.693e+02 4.427e+02
|        ( QUESTION2_0_L -1 -2.124e+04 1.580e+02 9.504e+01
|            ( - -3.618e+03 1 0)
|            ( QUESTION2_15_L -1 -1.746e+04 1.020e+02 7.804e+01
|                ( - -2.396e+03 2 0)
|                ( - -1.497e+04 2 0 QUESTION2_7_L -1 8.750e+01 6.704e+01)))
|        ( QUESTION14 -1 -7.572e+04 1.222e+02 3.477e+02
|            ( - -2.079e+03 1 0)
|            ( QUESTION8 -1 -7.352e+04 1.190e+02 3.377e+02
|                ( - -5.568e+02 1 0)
|                ( QUESTION3 -1 -7.284e+04 1.003e+02 3.347e+02
|                    ( - -8.385e+03 2 0 QUESTION7 -1 9.557e+01 3.994e+01)
|                    ( - -6.436e+04 2 0 SILENCE -1 7.654e+01 2.947e+02)))))
|    ( - -1.506e+04 1 0))
s>    ( WDBNDRY_B 0 -1.124e+05 2.075e+02 5.118e+02
s>        ( QUESTION20 -1 -9.713e+04 1.693e+02 4.427e+02
s>            ( QUESTION2_0_L -1 -2.124e+04 1.580e+02 9.504e+01
s>                ( - -3.618e+03 1 0)
s>                ( QUESTION2_15_L -1 -1.746e+04 1.020e+02 7.804e+01
s>                    ( - -2.396e+03 2 0)
s>                    ( - -1.497e+04 2 0 QUESTION2_7_L -1 8.750e+01 6.704e+01)))
s>            ( QUESTION14 -1 -7.572e+04 1.222e+02 3.477e+02
s>                ( - -2.079e+03 1 0)
s>                ( QUESTION8 -1 -7.352e+04 1.190e+02 3.377e+02
s>                    ( - -5.568e+02 1 0)
s>                    ( QUESTION3 -1 -7.284e+04 1.003e+02 3.347e+02
s>                        ( - -8.385e+03 2 0 QUESTION7 -1 9.557e+01 3.994e+01)
s>                        ( - -6.436e+04 2 0 SILENCE -1 7.654e+01 2.947e+02)))))
s>        ( - -1.506e+04 1 0))INFO: dtree.c(1315): Comp split 1
INFO: dtree.c(1439): stop. leaf nodes are specific
INFO: dtree.c(1478): Final simple tree
|( QUESTION0_19_R 1 -1.134e+04 4.884e+02 4.724e+01
|    ( - 2.422e+02 1 0)
|    ( QUESTION0_12_R 1 -1.110e+04 4.694e+02 4.624e+01
|        ( - 2.424e+02 1 0)
|        ( WDBNDRY_E 0 -1.087e+04 9.519e+01 4.524e+01
|            ( - -9.424e+03 1 0)
|            ( - -1.350e+03 1 0))))
s>    ( QUESTION0_19_R 1 -1.134e+04 4.884e+02 4.724e+01
s>        ( - 2.422e+02 1 0)
s>        ( QUESTION0_12_R 1 -1.110e+04 4.694e+02 4.624e+01
s>            ( - 2.424e+02 1 0)
s>            ( WDBNDRY_E 0 -1.087e+04 9.519e+01 4.524e+01
s>                ( - -9.424e+03 1 0)
s>                ( - -1.350e+03 1 0))))INFO: dtree.c(1315): Comp split 2
INFO: dtree.c(1439): stop. leaf nodes are specific
INFO: dtree.c(1478): Final simple tree
|( QUESTION0_12_R 1 -1.110e+04 4.694e+02 4.624e+01
|    ( - 2.424e+02 1 0)
|    ( WDBNDRY_E 0 -1.087e+04 9.519e+01 4.524e+01
|        ( - -9.424e+03 1 0)
|        ( - -1.350e+03 1 0)))
s>    ( QUESTION0_12_R 1 -1.110e+04 4.694e+02 4.624e+01
s>        ( - 2.424e+02 1 0)
s>        ( WDBNDRY_E 0 -1.087e+04 9.519e+01 4.524e+01
s>            ( - -9.424e+03 1 0)
s>            ( - -1.350e+03 1 0)))INFO: dtree.c(1315): Comp split 3
INFO: dtree.c(1439): stop. leaf nodes are specific
INFO: dtree.c(1478): Final simple tree
|( WDBNDRY_E 0 -1.087e+04 9.519e+01 4.524e+01
|    ( - -9.424e+03 1 0)
|    ( - -1.350e+03 1 0))
s>    ( WDBNDRY_E 0 -1.087e+04 9.519e+01 4.524e+01
s>        ( - -9.424e+03 1 0)
s>        ( - -1.350e+03 1 0))INFO: dtree.c(1315): Comp split 4
INFO: dtree.c(1439): stop. leaf nodes are specific
INFO: dtree.c(1478): Final simple tree
|( WDBNDRY_B 0 -3.022e+04 1.872e+02 1.361e+02
|    ( QUESTION2_7_L -1 -1.497e+04 8.750e+01 6.704e+01
|        ( - -4.414e+03 1 0)
|        ( - -1.046e+04 1 0))
|    ( - -1.506e+04 1 0))
s>    ( WDBNDRY_B 0 -3.022e+04 1.872e+02 1.361e+02
s>        ( QUESTION2_7_L -1 -1.497e+04 8.750e+01 6.704e+01
s>            ( - -4.414e+03 1 0)
s>            ( - -1.046e+04 1 0))
s>        ( - -1.506e+04 1 0))INFO: dtree.c(1478): Final simple tree
|( QUESTION20 -1 -8.197e+04 1.383e+02 3.757e+02
|    ( QUESTION2_0_L -1 -6.111e+03 9.661e+01 2.800e+01
|        ( - -3.618e+03 1 0)
|        ( - -2.396e+03 2 0))
|    ( QUESTION14 -1 -7.572e+04 1.222e+02 3.477e+02
|        ( - -2.079e+03 1 0)
|        ( QUESTION8 -1 -7.352e+04 1.190e+02 3.377e+02
|            ( - -5.568e+02 1 0)
|            ( QUESTION3 -1 -7.284e+04 1.003e+02 3.347e+02
|                ( QUESTION7 -1 -8.385e+03 9.557e+01 3.994e+01
|                    ( - -3.499e+03 1 0)
|                    ( - -4.791e+03 1 0))
|                ( SILENCE -1 -6.436e+04 7.654e+01 2.947e+02
|                    ( - -6.130e+04 1 0)
|                    ( - -2.977e+03 1 0))))))
s>    ( QUESTION20 -1 -8.197e+04 1.383e+02 3.757e+02
s>        ( QUESTION2_0_L -1 -6.111e+03 9.661e+01 2.800e+01
s>            ( - -3.618e+03 1 0)
s>            ( - -2.396e+03 2 0))
s>        ( QUESTION14 -1 -7.572e+04 1.222e+02 3.477e+02
s>            ( - -2.079e+03 1 0)
s>            ( QUESTION8 -1 -7.352e+04 1.190e+02 3.377e+02
s>                ( - -5.568e+02 1 0)
s>                ( QUESTION3 -1 -7.284e+04 1.003e+02 3.347e+02
s>                    ( QUESTION7 -1 -8.385e+03 9.557e+01 3.994e+01
s>                        ( - -3.499e+03 1 0)
s>                        ( - -4.791e+03 1 0))
s>                    ( SILENCE -1 -6.436e+04 7.654e+01 2.947e+02
s>                        ( - -6.130e+04 1 0)
s>                        ( - -2.977e+03 1 0))))))INFO: dtree.c(1315): Comp split 5
INFO: dtree.c(1439): stop. leaf nodes are specific
INFO: dtree.c(1478): Final simple tree
|( QUESTION2_7_L -1 -1.497e+04 8.750e+01 6.704e+01
|    ( - -4.414e+03 1 0)
|    ( - -1.046e+04 1 0))
s>    ( QUESTION2_7_L -1 -1.497e+04 8.750e+01 6.704e+01
s>        ( - -4.414e+03 1 0)
s>        ( - -1.046e+04 1 0))INFO: dtree.c(1315): Comp split 6
INFO: dtree.c(1439): stop. leaf nodes are specific
INFO: dtree.c(1478): Final simple tree
|( QUESTION3 -1 -7.284e+04 1.003e+02 3.347e+02
|    ( QUESTION7 -1 -8.385e+03 9.557e+01 3.994e+01
|        ( - -3.499e+03 1 0)
|        ( - -4.791e+03 1 0))
|    ( SILENCE -1 -6.436e+04 7.654e+01 2.947e+02
|        ( - -6.130e+04 1 0)
|        ( - -2.977e+03 1 0)))
s>    ( QUESTION3 -1 -7.284e+04 1.003e+02 3.347e+02
s>        ( QUESTION7 -1 -8.385e+03 9.557e+01 3.994e+01
s>            ( - -3.499e+03 1 0)
s>            ( - -4.791e+03 1 0))
s>        ( SILENCE -1 -6.436e+04 7.654e+01 2.947e+02
s>            ( - -6.130e+04 1 0)
s>            ( - -2.977e+03 1 0)))INFO: dtree.c(1439): stop. leaf nodes are specific
INFO: dtree.c(1478): Final simple tree
|( QUESTION14 -1 -8.977e+03 1.192e+02 4.100e+01
|    ( - -2.079e+03 1 0)
|    ( QUESTION0 -1 -6.778e+03 1.109e+02 3.100e+01
|        ( - -5.568e+02 1 0)
|        ( QUESTION2_0_L -1 -6.111e+03 9.661e+01 2.800e+01
|            ( - -3.618e+03 1 0)
|            ( - -2.396e+03 2 0))))
s>    ( QUESTION14 -1 -8.977e+03 1.192e+02 4.100e+01
s>        ( - -2.079e+03 1 0)
s>        ( QUESTION0 -1 -6.778e+03 1.109e+02 3.100e+01
s>            ( - -5.568e+02 1 0)
s>            ( QUESTION2_0_L -1 -6.111e+03 9.661e+01 2.800e+01
s>                ( - -3.618e+03 1 0)
s>                ( - -2.396e+03 2 0))))INFO: dtree.c(1315): Comp split 7
INFO: dtree.c(1439): stop. leaf nodes are specific
INFO: dtree.c(1478): Final simple tree
|( QUESTION0 -1 -6.778e+03 1.109e+02 3.100e+01
|    ( - -5.568e+02 1 0)
|    ( QUESTION2_0_L -1 -6.111e+03 9.661e+01 2.800e+01
|        ( - -3.618e+03 1 0)
|        ( - -2.396e+03 2 0)))
s>    ( QUESTION0 -1 -6.778e+03 1.109e+02 3.100e+01
s>        ( - -5.568e+02 1 0)
s>        ( QUESTION2_0_L -1 -6.111e+03 9.661e+01 2.800e+01
s>            ( - -3.618e+03 1 0)
s>            ( - -2.396e+03 2 0)))INFO: dtree.c(1315): Comp split 8
INFO: dtree.c(1439): stop. leaf nodes are specific
INFO: dtree.c(1478): Final simple tree
|( QUESTION2_0_L -1 -6.111e+03 9.661e+01 2.800e+01
|    ( - -3.618e+03 1 0)
|    ( - -2.396e+03 2 0))
s>    ( QUESTION2_0_L -1 -6.111e+03 9.661e+01 2.800e+01
s>        ( - -3.618e+03 1 0)
s>        ( - -2.396e+03 2 0))INFO: dtree.c(1315): Comp split 9
INFO: dtree.c(1439): stop. leaf nodes are specific
INFO: dtree.c(1478): Final simple tree
|( SILENCE -1 -6.795e+04 1.006e+02 3.117e+02
|    ( - -6.130e+04 1 0)
|    ( QUESTION2 -1 -6.544e+03 6.840e+01 3.102e+01
|        ( - -2.977e+03 1 0)
|        ( - -3.499e+03 1 0)))
s>    ( SILENCE -1 -6.795e+04 1.006e+02 3.117e+02
s>        ( - -6.130e+04 1 0)
s>        ( QUESTION2 -1 -6.544e+03 6.840e+01 3.102e+01
s>            ( - -2.977e+03 1 0)
s>            ( - -3.499e+03 1 0)))INFO: dtree.c(1315): Comp split 10
INFO: dtree.c(1439): stop. leaf nodes are specific
INFO: dtree.c(1478): Final simple tree
|( QUESTION2 -1 -6.544e+03 6.840e+01 3.102e+01
|    ( - -2.977e+03 1 0)
|    ( - -3.499e+03 1 0))
s>    ( QUESTION2 -1 -6.544e+03 6.840e+01 3.102e+01
s>        ( - -2.977e+03 1 0)
s>        ( - -3.499e+03 1 0))INFO: dtree.c(1315): Comp split 11
INFO: dtree.c(1315): Comp split 12
INFO: dtree.c(1315): Comp split 13
INFO: dtree.c(1315): Comp split 14
INFO: dtree.c(1315): Comp split 15
INFO: dtree.c(1318): stop. leaf nodes are specific
Wed Dec 20 23:52:22 2017
