Current configuration:
[NAME]		[DEFLT]	[VALUE]
-allphones	no	no
-cntthresh	0.00001	1.000000e-05
-csplitmax	100	2000
-csplitmin	1	1
-csplitthr	8e-4	0.000000e+00
-example	no	no
-fullvar	no	no
-help		no	no
-meanfn			/home/alex/repos/speech/an4/model_parameters/an4.cd_cont_untied/means
-mixwfn			/home/alex/repos/speech/an4/model_parameters/an4.cd_cont_untied/mixture_weights
-moddeffn		/home/alex/repos/speech/an4/model_architecture/an4.untied.mdef
-mwfloor	1e-4	1.000000e-08
-phone			EY
-psetfn			/home/alex/repos/speech/an4/model_architecture/an4.tree_questions
-ssplitmax	5	7
-ssplitmin	1	1
-ssplitthr	8e-4	0.000000e+00
-state			1
-stwt			1.0,0.05,0.0,
-treefn			/home/alex/repos/speech/an4/trees/an4.unpruned/EY-1.dtree
-ts2cbfn	.semi.	.cont.
-varfloor	0.00001	1.000000e-05
-varfn			/home/alex/repos/speech/an4/model_parameters/an4.cd_cont_untied/variances

INFO: main.c(223): Reading: /home/alex/repos/speech/an4/model_architecture/an4.untied.mdef
INFO: model_def_io.c(573): Model definition info:
INFO: model_def_io.c(574): 1618 total models defined (34 base, 1584 tri)
INFO: model_def_io.c(575): 6472 total states
INFO: model_def_io.c(576): 4854 total tied states
INFO: model_def_io.c(577): 102 total tied CI states
INFO: model_def_io.c(578): 34 total tied transition matrices
INFO: model_def_io.c(579): 4 max state/model
INFO: model_def_io.c(580): 4 min state/model
INFO: main.c(242): Building trees for [EY AH CH b] through [EY V T b]
INFO: main.c(269): Covering states |[1326 1535]| == 210
INFO: main.c(275): Reading: /home/alex/repos/speech/an4/model_parameters/an4.cd_cont_untied/mixture_weights
INFO: s3mixw_io.c(173): Read /home/alex/repos/speech/an4/model_parameters/an4.cd_cont_untied/mixture_weights [210x1x1 array]
INFO: main.c(311): 70 of 70 models have observation count greater than 0.000010
INFO: main.c(95): nrm stwt: 0.045 0.909 0.045 
INFO: s3gau_io.c(169): Read /home/alex/repos/speech/an4/model_parameters/an4.cd_cont_untied/means [4854x1x1 array]
INFO: s3gau_io.c(169): Read /home/alex/repos/speech/an4/model_parameters/an4.cd_cont_untied/variances [4854x1x1 array]
INFO: main.c(549): Reading: /home/alex/repos/speech/an4/model_architecture/an4.tree_questions
INFO: main.c(588): 180 total simple questions (172 phone; 8 word bndry)
INFO: main.c(590): 42 Left Only questions, and 42 Right Only questions
INFO: dtree.c(1478): Final simple tree
|( WDBNDRY_E 0 -8.774e+05 3.270e+03 4.523e+03
|    ( QUESTION16 -1 -2.843e+05 6.333e+02 1.543e+03
|        ( QUESTION0_3_R 1 -1.648e+05 5.039e+02 8.846e+02
|            ( - -2.092e+04 2 0 QUESTION0_4_R 1 2.976e+02 1.205e+02)
|            ( - -1.434e+05 17 0 QUESTION0_1_R 1 5.144e+02 7.642e+02))
|        ( - -1.188e+05 18 0 QUESTION0_9_R 1 4.651e+02 6.579e+02))
|    ( QUESTION2_14_L -1 -5.899e+05 1.242e+03 2.980e+03
|        ( - -2.716e+05 4 0 QUESTION14 1 3.221e+02 1.410e+03)
|        ( WDBNDRY_B 0 -3.170e+05 9.659e+02 1.571e+03
|            ( SILENCE -1 -2.794e+05 5.754e+02 1.378e+03
|                ( QUESTION0_3_R 1 -4.169e+04 5.209e+02 1.932e+02
|                    ( - -4.141e+04 2 0 QUESTION14 1 2.104e+02 1.922e+02)
|                    ( - 2.423e+02 1 0))
|                ( - -2.372e+05 25 0 QUESTION7 -1 4.750e+02 1.185e+03))
|            ( - -3.660e+04 1 0))))
s>    ( WDBNDRY_E 0 -8.774e+05 3.270e+03 4.523e+03
s>        ( QUESTION16 -1 -2.843e+05 6.333e+02 1.543e+03
s>            ( QUESTION0_3_R 1 -1.648e+05 5.039e+02 8.846e+02
s>                ( - -2.092e+04 2 0 QUESTION0_4_R 1 2.976e+02 1.205e+02)
s>                ( - -1.434e+05 17 0 QUESTION0_1_R 1 5.144e+02 7.642e+02))
s>            ( - -1.188e+05 18 0 QUESTION0_9_R 1 4.651e+02 6.579e+02))
s>        ( QUESTION2_14_L -1 -5.899e+05 1.242e+03 2.980e+03
s>            ( - -2.716e+05 4 0 QUESTION14 1 3.221e+02 1.410e+03)
s>            ( WDBNDRY_B 0 -3.170e+05 9.659e+02 1.571e+03
s>                ( SILENCE -1 -2.794e+05 5.754e+02 1.378e+03
s>                    ( QUESTION0_3_R 1 -4.169e+04 5.209e+02 1.932e+02
s>                        ( - -4.141e+04 2 0 QUESTION14 1 2.104e+02 1.922e+02)
s>                        ( - 2.423e+02 1 0))
s>                    ( - -2.372e+05 25 0 QUESTION7 -1 4.750e+02 1.185e+03))
s>                ( - -3.660e+04 1 0))))INFO: dtree.c(1315): Comp split 0
INFO: dtree.c(1478): Final simple tree
|( QUESTION2_14_L -1 -5.899e+05 1.242e+03 2.980e+03
|    ( - -2.716e+05 4 0 QUESTION14 1 3.221e+02 1.410e+03)
|    ( WDBNDRY_B 0 -3.170e+05 9.659e+02 1.571e+03
|        ( SILENCE -1 -2.794e+05 5.754e+02 1.378e+03
|            ( QUESTION0_3_R 1 -4.169e+04 5.209e+02 1.932e+02
|                ( - -4.141e+04 2 0 QUESTION14 1 2.104e+02 1.922e+02)
|                ( - 2.423e+02 1 0))
|            ( QUESTION7 -1 -2.372e+05 4.750e+02 1.185e+03
|                ( - -1.199e+04 1 0)
|                ( QUESTION10 -1 -2.247e+05 4.036e+02 1.119e+03
|                    ( - -1.699e+04 1 0)
|                    ( QUESTION0 -1 -2.073e+05 4.264e+02 1.038e+03
|                        ( - -8.554e+04 11 0 QUESTION14 1 3.854e+02 4.366e+02)
|                        ( - -1.213e+05 12 0 QUESTION2_13_L -1 4.113e+02 6.018e+02)))))
|        ( - -3.660e+04 1 0)))
s>    ( QUESTION2_14_L -1 -5.899e+05 1.242e+03 2.980e+03
s>        ( - -2.716e+05 4 0 QUESTION14 1 3.221e+02 1.410e+03)
s>        ( WDBNDRY_B 0 -3.170e+05 9.659e+02 1.571e+03
s>            ( SILENCE -1 -2.794e+05 5.754e+02 1.378e+03
s>                ( QUESTION0_3_R 1 -4.169e+04 5.209e+02 1.932e+02
s>                    ( - -4.141e+04 2 0 QUESTION14 1 2.104e+02 1.922e+02)
s>                    ( - 2.423e+02 1 0))
s>                ( QUESTION7 -1 -2.372e+05 4.750e+02 1.185e+03
s>                    ( - -1.199e+04 1 0)
s>                    ( QUESTION10 -1 -2.247e+05 4.036e+02 1.119e+03
s>                        ( - -1.699e+04 1 0)
s>                        ( QUESTION0 -1 -2.073e+05 4.264e+02 1.038e+03
s>                            ( - -8.554e+04 11 0 QUESTION14 1 3.854e+02 4.366e+02)
s>                            ( - -1.213e+05 12 0 QUESTION2_13_L -1 4.113e+02 6.018e+02)))))
s>            ( - -3.660e+04 1 0)))INFO: dtree.c(1478): Final simple tree
|( QUESTION16 -1 -2.843e+05 6.333e+02 1.543e+03
|    ( QUESTION0_3_R 1 -1.648e+05 5.039e+02 8.846e+02
|        ( - -2.092e+04 2 0 QUESTION0_4_R 1 2.976e+02 1.205e+02)
|        ( QUESTION0_1_R 1 -1.434e+05 5.144e+02 7.642e+02
|            ( - -7.477e+03 1 0)
|            ( QUESTION0_13_R 1 -1.354e+05 4.749e+02 7.187e+02
|                ( - -3.771e+04 7 0 QUESTION3 1 3.602e+02 2.050e+02)
|                ( QUESTION0_10_R 1 -9.719e+04 4.735e+02 5.138e+02
|                    ( - -2.157e+04 1 0)
|                    ( - -7.514e+04 8 0 QUESTION18 1 3.673e+02 3.973e+02)))))
|    ( QUESTION0_9_R 1 -1.188e+05 4.651e+02 6.579e+02
|        ( - -1.587e+04 2 0 QUESTION0_11_R 1 2.940e+02 9.287e+01)
|        ( QUESTION0_1_R 1 -1.025e+05 4.027e+02 5.650e+02
|            ( - -1.974e+04 2 0)
|            ( - -8.236e+04 14 0 QUESTION0_4_R 1 3.714e+02 4.585e+02))))
s>    ( QUESTION16 -1 -2.843e+05 6.333e+02 1.543e+03
s>        ( QUESTION0_3_R 1 -1.648e+05 5.039e+02 8.846e+02
s>            ( - -2.092e+04 2 0 QUESTION0_4_R 1 2.976e+02 1.205e+02)
s>            ( QUESTION0_1_R 1 -1.434e+05 5.144e+02 7.642e+02
s>                ( - -7.477e+03 1 0)
s>                ( QUESTION0_13_R 1 -1.354e+05 4.749e+02 7.187e+02
s>                    ( - -3.771e+04 7 0 QUESTION3 1 3.602e+02 2.050e+02)
s>                    ( QUESTION0_10_R 1 -9.719e+04 4.735e+02 5.138e+02
s>                        ( - -2.157e+04 1 0)
s>                        ( - -7.514e+04 8 0 QUESTION18 1 3.673e+02 3.973e+02)))))
s>        ( QUESTION0_9_R 1 -1.188e+05 4.651e+02 6.579e+02
s>            ( - -1.587e+04 2 0 QUESTION0_11_R 1 2.940e+02 9.287e+01)
s>            ( QUESTION0_1_R 1 -1.025e+05 4.027e+02 5.650e+02
s>                ( - -1.974e+04 2 0)
s>                ( - -8.236e+04 14 0 QUESTION0_4_R 1 3.714e+02 4.585e+02))))INFO: dtree.c(1315): Comp split 1
INFO: dtree.c(1439): stop. leaf nodes are specific
INFO: dtree.c(1478): Final simple tree
|( QUESTION0 -1 -2.841e+05 4.101e+02 1.476e+03
|    ( - -1.199e+04 1 0)
|    ( QUESTION14 1 -2.716e+05 3.221e+02 1.410e+03
|        ( - -6.898e+04 2 0)
|        ( - -2.023e+05 2 0)))
s>    ( QUESTION0 -1 -2.841e+05 4.101e+02 1.476e+03
s>        ( - -1.199e+04 1 0)
s>        ( QUESTION14 1 -2.716e+05 3.221e+02 1.410e+03
s>            ( - -6.898e+04 2 0)
s>            ( - -2.023e+05 2 0)))INFO: dtree.c(1478): Final simple tree
|( WDBNDRY_B 0 -3.045e+05 9.807e+02 1.505e+03
|    ( QUESTION2_6_L -1 -2.669e+05 6.160e+02 1.313e+03
|        ( QUESTION0 -1 -1.989e+05 4.342e+02 1.000e+03
|            ( QUESTION14 1 -8.554e+04 3.854e+02 4.366e+02
|                ( QUESTION9 -1 -7.199e+04 3.321e+02 3.676e+02
|                    ( - -1.070e+04 1 0)
|                    ( - -6.095e+04 5 0 QUESTION2_20_L -1 3.001e+02 3.120e+02))
|                ( - -1.317e+04 5 0 QUESTION2_20_L -1 2.898e+02 6.898e+01))
|            ( QUESTION2_7_L -1 -1.129e+05 4.075e+02 5.637e+02
|                ( - -5.646e+04 4 0 QUESTION2_8_L -1 1.903e+02 2.858e+02)
|                ( - -5.603e+04 6 0 QUESTION14 1 2.122e+02 2.780e+02)))
|        ( QUESTION0_3_R 1 -6.744e+04 5.127e+02 3.122e+02
|            ( - -6.717e+04 5 0 QUESTION20 -1 2.969e+02 3.112e+02)
|            ( - 2.423e+02 1 0)))
|    ( - -3.660e+04 1 0))
s>    ( WDBNDRY_B 0 -3.045e+05 9.807e+02 1.505e+03
s>        ( QUESTION2_6_L -1 -2.669e+05 6.160e+02 1.313e+03
s>            ( QUESTION0 -1 -1.989e+05 4.342e+02 1.000e+03
s>                ( QUESTION14 1 -8.554e+04 3.854e+02 4.366e+02
s>                    ( QUESTION9 -1 -7.199e+04 3.321e+02 3.676e+02
s>                        ( - -1.070e+04 1 0)
s>                        ( - -6.095e+04 5 0 QUESTION2_20_L -1 3.001e+02 3.120e+02))
s>                    ( - -1.317e+04 5 0 QUESTION2_20_L -1 2.898e+02 6.898e+01))
s>                ( QUESTION2_7_L -1 -1.129e+05 4.075e+02 5.637e+02
s>                    ( - -5.646e+04 4 0 QUESTION2_8_L -1 1.903e+02 2.858e+02)
s>                    ( - -5.603e+04 6 0 QUESTION14 1 2.122e+02 2.780e+02)))
s>            ( QUESTION0_3_R 1 -6.744e+04 5.127e+02 3.122e+02
s>                ( - -6.717e+04 5 0 QUESTION20 -1 2.969e+02 3.112e+02)
s>                ( - 2.423e+02 1 0)))
s>        ( - -3.660e+04 1 0))INFO: dtree.c(1315): Comp split 2
INFO: dtree.c(1478): Final simple tree
|( QUESTION2_6_L -1 -2.669e+05 6.160e+02 1.313e+03
|    ( QUESTION0 -1 -1.989e+05 4.342e+02 1.000e+03
|        ( QUESTION14 1 -8.554e+04 3.854e+02 4.366e+02
|            ( QUESTION9 -1 -7.199e+04 3.321e+02 3.676e+02
|                ( - -1.070e+04 1 0)
|                ( QUESTION2_20_L -1 -6.095e+04 3.001e+02 3.120e+02
|                    ( - -3.228e+04 2 0 QUESTION2 -1 2.633e+02 1.658e+02)
|                    ( - -2.837e+04 3 0 QUESTION17 -1 2.023e+02 1.463e+02)))
|            ( - -1.317e+04 5 0 QUESTION2_20_L -1 2.898e+02 6.898e+01))
|        ( QUESTION2_7_L -1 -1.129e+05 4.075e+02 5.637e+02
|            ( - -5.646e+04 4 0 QUESTION2_8_L -1 1.903e+02 2.858e+02)
|            ( - -5.603e+04 6 0 QUESTION14 1 2.122e+02 2.780e+02)))
|    ( QUESTION0_3_R 1 -6.744e+04 5.127e+02 3.122e+02
|        ( - -6.717e+04 5 0 QUESTION20 -1 2.969e+02 3.112e+02)
|        ( - 2.423e+02 1 0)))
s>    ( QUESTION2_6_L -1 -2.669e+05 6.160e+02 1.313e+03
s>        ( QUESTION0 -1 -1.989e+05 4.342e+02 1.000e+03
s>            ( QUESTION14 1 -8.554e+04 3.854e+02 4.366e+02
s>                ( QUESTION9 -1 -7.199e+04 3.321e+02 3.676e+02
s>                    ( - -1.070e+04 1 0)
s>                    ( QUESTION2_20_L -1 -6.095e+04 3.001e+02 3.120e+02
s>                        ( - -3.228e+04 2 0 QUESTION2 -1 2.633e+02 1.658e+02)
s>                        ( - -2.837e+04 3 0 QUESTION17 -1 2.023e+02 1.463e+02)))
s>                ( - -1.317e+04 5 0 QUESTION2_20_L -1 2.898e+02 6.898e+01))
s>            ( QUESTION2_7_L -1 -1.129e+05 4.075e+02 5.637e+02
s>                ( - -5.646e+04 4 0 QUESTION2_8_L -1 1.903e+02 2.858e+02)
s>                ( - -5.603e+04 6 0 QUESTION14 1 2.122e+02 2.780e+02)))
s>        ( QUESTION0_3_R 1 -6.744e+04 5.127e+02 3.122e+02
s>            ( - -6.717e+04 5 0 QUESTION20 -1 2.969e+02 3.112e+02)
s>            ( - 2.423e+02 1 0)))INFO: dtree.c(1315): Comp split 3
INFO: dtree.c(1478): Final simple tree
|( QUESTION0_13_R 1 -1.555e+05 5.065e+02 8.253e+02
|    ( QUESTION3 1 -3.771e+04 3.602e+02 2.050e+02
|        ( - -1.493e+04 2 0 QUESTION4 1 2.657e+02 8.003e+01)
|        ( - -2.241e+04 5 0 QUESTION8 1 3.065e+02 1.249e+02))
|    ( QUESTION0_10_R 1 -1.173e+05 4.672e+02 6.203e+02
|        ( - -2.157e+04 1 0)
|        ( QUESTION18 1 -9.522e+04 3.832e+02 5.039e+02
|            ( - -1.414e+04 1 0)
|            ( QUESTION0_12_R 1 -8.069e+04 4.031e+02 4.229e+02
|                ( QUESTION0 1 -3.187e+04 3.543e+02 1.699e+02
|                    ( - -4.574e+03 1 0)
|                    ( - -2.694e+04 3 0))
|                ( QUESTION0_6_R 1 -4.842e+04 3.324e+02 2.531e+02
|                    ( - -6.224e+03 1 0)
|                    ( - -4.186e+04 4 0 SILENCE 1 2.435e+02 2.180e+02))))))
s>    ( QUESTION0_13_R 1 -1.555e+05 5.065e+02 8.253e+02
s>        ( QUESTION3 1 -3.771e+04 3.602e+02 2.050e+02
s>            ( - -1.493e+04 2 0 QUESTION4 1 2.657e+02 8.003e+01)
s>            ( - -2.241e+04 5 0 QUESTION8 1 3.065e+02 1.249e+02))
s>        ( QUESTION0_10_R 1 -1.173e+05 4.672e+02 6.203e+02
s>            ( - -2.157e+04 1 0)
s>            ( QUESTION18 1 -9.522e+04 3.832e+02 5.039e+02
s>                ( - -1.414e+04 1 0)
s>                ( QUESTION0_12_R 1 -8.069e+04 4.031e+02 4.229e+02
s>                    ( QUESTION0 1 -3.187e+04 3.543e+02 1.699e+02
s>                        ( - -4.574e+03 1 0)
s>                        ( - -2.694e+04 3 0))
s>                    ( QUESTION0_6_R 1 -4.842e+04 3.324e+02 2.531e+02
s>                        ( - -6.224e+03 1 0)
s>                        ( - -4.186e+04 4 0 SILENCE 1 2.435e+02 2.180e+02))))))INFO: dtree.c(1478): Final simple tree
|( QUESTION16 -1 -1.279e+05 4.914e+02 7.172e+02
|    ( - -2.870e+04 3 0 QUESTION0_4_R 1 3.113e+02 1.659e+02)
|    ( QUESTION0_9_R 1 -9.868e+04 4.543e+02 5.513e+02
|        ( - -1.587e+04 2 0 QUESTION0_11_R 1 2.940e+02 9.287e+01)
|        ( QUESTION0_4_R 1 -8.236e+04 3.714e+02 4.585e+02
|            ( QUESTION1 -1 -3.749e+03 3.446e+02 2.300e+01
|                ( - -5.144e+02 1 0)
|                ( - -2.890e+03 1 0))
|            ( QUESTION3 1 -7.824e+04 3.432e+02 4.355e+02
|                ( - -9.652e+03 1 0)
|                ( QUESTION0_15_R 1 -6.824e+04 3.525e+02 3.796e+02
|                    ( - -1.232e+04 1 0)
|                    ( QUESTION0_8_R 1 -5.557e+04 3.115e+02 3.086e+02
|                        ( - -1.205e+04 2 0 QUESTION17 1 2.691e+02 7.082e+01)
|                        ( - -4.321e+04 8 0 QUESTION0_0_R 1 3.053e+02 2.378e+02)))))))
s>    ( QUESTION16 -1 -1.279e+05 4.914e+02 7.172e+02
s>        ( - -2.870e+04 3 0 QUESTION0_4_R 1 3.113e+02 1.659e+02)
s>        ( QUESTION0_9_R 1 -9.868e+04 4.543e+02 5.513e+02
s>            ( - -1.587e+04 2 0 QUESTION0_11_R 1 2.940e+02 9.287e+01)
s>            ( QUESTION0_4_R 1 -8.236e+04 3.714e+02 4.585e+02
s>                ( QUESTION1 -1 -3.749e+03 3.446e+02 2.300e+01
s>                    ( - -5.144e+02 1 0)
s>                    ( - -2.890e+03 1 0))
s>                ( QUESTION3 1 -7.824e+04 3.432e+02 4.355e+02
s>                    ( - -9.652e+03 1 0)
s>                    ( QUESTION0_15_R 1 -6.824e+04 3.525e+02 3.796e+02
s>                        ( - -1.232e+04 1 0)
s>                        ( QUESTION0_8_R 1 -5.557e+04 3.115e+02 3.086e+02
s>                            ( - -1.205e+04 2 0 QUESTION17 1 2.691e+02 7.082e+01)
s>                            ( - -4.321e+04 8 0 QUESTION0_0_R 1 3.053e+02 2.378e+02)))))))INFO: dtree.c(1315): Comp split 4
INFO: dtree.c(1478): Final simple tree
|( QUESTION2_6_L -1 -1.526e+05 5.065e+02 7.364e+02
|    ( QUESTION0 -1 -8.466e+04 2.532e+02 4.243e+02
|        ( - -2.837e+04 3 0 QUESTION17 -1 2.023e+02 1.463e+02)
|        ( QUESTION14 1 -5.603e+04 2.122e+02 2.780e+02
|            ( - -4.196e+04 3 0)
|            ( - -1.386e+04 3 0)))
|    ( QUESTION0_3_R 1 -6.744e+04 5.127e+02 3.122e+02
|        ( QUESTION20 -1 -6.717e+04 2.969e+02 3.112e+02
|            ( QUESTION14 1 -8.192e+03 2.230e+02 3.802e+01
|                ( - -2.507e+03 1 0)
|                ( - -5.462e+03 1 0))
|            ( SILENCE -1 -5.868e+04 2.796e+02 2.732e+02
|                ( - -4.141e+04 2 0 QUESTION14 1 2.104e+02 1.922e+02)
|                ( - -1.699e+04 1 0)))
|        ( - 2.423e+02 1 0)))
s>    ( QUESTION2_6_L -1 -1.526e+05 5.065e+02 7.364e+02
s>        ( QUESTION0 -1 -8.466e+04 2.532e+02 4.243e+02
s>            ( - -2.837e+04 3 0 QUESTION17 -1 2.023e+02 1.463e+02)
s>            ( QUESTION14 1 -5.603e+04 2.122e+02 2.780e+02
s>                ( - -4.196e+04 3 0)
s>                ( - -1.386e+04 3 0)))
s>        ( QUESTION0_3_R 1 -6.744e+04 5.127e+02 3.122e+02
s>            ( QUESTION20 -1 -6.717e+04 2.969e+02 3.112e+02
s>                ( QUESTION14 1 -8.192e+03 2.230e+02 3.802e+01
s>                    ( - -2.507e+03 1 0)
s>                    ( - -5.462e+03 1 0))
s>                ( SILENCE -1 -5.868e+04 2.796e+02 2.732e+02
s>                    ( - -4.141e+04 2 0 QUESTION14 1 2.104e+02 1.922e+02)
s>                    ( - -1.699e+04 1 0)))
s>            ( - 2.423e+02 1 0)))INFO: dtree.c(1478): Final simple tree
|( QUESTION0 -1 -1.136e+05 4.153e+02 5.761e+02
|    ( QUESTION14 1 -5.674e+04 3.417e+02 2.903e+02
|        ( QUESTION3 -1 -4.323e+04 2.612e+02 2.213e+02
|            ( - -1.235e+03 1 0)
|            ( QUESTION1 -1 -4.174e+04 2.532e+02 2.143e+02
|                ( - -3.078e+04 1 0)
|                ( - -1.070e+04 1 0)))
|        ( QUESTION2_20_L -1 -1.317e+04 2.898e+02 6.898e+01
|            ( QUESTION2 -1 -8.161e+03 2.244e+02 4.398e+01
|                ( - -4.824e+03 1 0)
|                ( - -3.112e+03 1 0))
|            ( QUESTION14 -1 -4.717e+03 2.335e+02 2.500e+01
|                ( - -2.345e+03 1 0)
|                ( - -2.139e+03 2 0 QUESTION1 -1 2.143e+02 1.200e+01))))
|    ( - -5.646e+04 4 0 QUESTION2_8_L -1 1.903e+02 2.858e+02))
s>    ( QUESTION0 -1 -1.136e+05 4.153e+02 5.761e+02
s>        ( QUESTION14 1 -5.674e+04 3.417e+02 2.903e+02
s>            ( QUESTION3 -1 -4.323e+04 2.612e+02 2.213e+02
s>                ( - -1.235e+03 1 0)
s>                ( QUESTION1 -1 -4.174e+04 2.532e+02 2.143e+02
s>                    ( - -3.078e+04 1 0)
s>                    ( - -1.070e+04 1 0)))
s>            ( QUESTION2_20_L -1 -1.317e+04 2.898e+02 6.898e+01
s>                ( QUESTION2 -1 -8.161e+03 2.244e+02 4.398e+01
s>                    ( - -4.824e+03 1 0)
s>                    ( - -3.112e+03 1 0))
s>                ( QUESTION14 -1 -4.717e+03 2.335e+02 2.500e+01
s>                    ( - -2.345e+03 1 0)
s>                    ( - -2.139e+03 2 0 QUESTION1 -1 2.143e+02 1.200e+01))))
s>        ( - -5.646e+04 4 0 QUESTION2_8_L -1 1.903e+02 2.858e+02))INFO: dtree.c(1315): Comp split 5
INFO: dtree.c(1478): Final simple tree
|( QUESTION3 1 -7.902e+04 3.459e+02 4.385e+02
|    ( - -9.652e+03 1 0)
|    ( QUESTION0_15_R 1 -6.902e+04 3.612e+02 3.826e+02
|        ( - -1.232e+04 1 0)
|        ( QUESTION0_8_R 1 -5.634e+04 3.253e+02 3.116e+02
|            ( QUESTION17 1 -1.205e+04 2.691e+02 7.082e+01
|                ( - -6.297e+03 1 0)
|                ( - -5.486e+03 1 0))
|            ( QUESTION0_0_R 1 -4.396e+04 3.110e+02 2.408e+02
|                ( - -9.132e+03 3 0 QUESTION0_4_R 1 2.345e+02 4.899e+01)
|                ( QUESTION18 1 -3.452e+04 3.638e+02 1.918e+02
|                    ( - -7.446e+03 1 0)
|                    ( QUESTION1 -1 -2.671e+04 2.764e+02 1.488e+02
|                        ( - -5.783e+03 1 0)
|                        ( - -2.065e+04 4 0 QUESTION0_13_R 1 2.084e+02 1.149e+02)))))))
s>    ( QUESTION3 1 -7.902e+04 3.459e+02 4.385e+02
s>        ( - -9.652e+03 1 0)
s>        ( QUESTION0_15_R 1 -6.902e+04 3.612e+02 3.826e+02
s>            ( - -1.232e+04 1 0)
s>            ( QUESTION0_8_R 1 -5.634e+04 3.253e+02 3.116e+02
s>                ( QUESTION17 1 -1.205e+04 2.691e+02 7.082e+01
s>                    ( - -6.297e+03 1 0)
s>                    ( - -5.486e+03 1 0))
s>                ( QUESTION0_0_R 1 -4.396e+04 3.110e+02 2.408e+02
s>                    ( - -9.132e+03 3 0 QUESTION0_4_R 1 2.345e+02 4.899e+01)
s>                    ( QUESTION18 1 -3.452e+04 3.638e+02 1.918e+02
s>                        ( - -7.446e+03 1 0)
s>                        ( QUESTION1 -1 -2.671e+04 2.764e+02 1.488e+02
s>                            ( - -5.783e+03 1 0)
s>                            ( - -2.065e+04 4 0 QUESTION0_13_R 1 2.084e+02 1.149e+02)))))))INFO: dtree.c(1439): stop. leaf nodes are specific
INFO: dtree.c(1478): Final simple tree
|( QUESTION0_5_R 1 -4.822e+04 4.006e+02 2.788e+02
|    ( QUESTION0_11_R 1 -1.587e+04 2.940e+02 9.287e+01
|        ( - -5.786e+03 1 0)
|        ( - -9.790e+03 1 0))
|    ( QUESTION9 -1 -3.194e+04 3.591e+02 1.859e+02
|        ( - -2.890e+03 1 0)
|        ( QUESTION0_4_R 1 -2.870e+04 3.113e+02 1.659e+02
|            ( - -1.597e+04 1 0)
|            ( QUESTION0_1_R 1 -1.242e+04 2.866e+02 7.337e+01
|                ( - -7.477e+03 1 0)
|                ( - -4.652e+03 1 0)))))
s>    ( QUESTION0_5_R 1 -4.822e+04 4.006e+02 2.788e+02
s>        ( QUESTION0_11_R 1 -1.587e+04 2.940e+02 9.287e+01
s>            ( - -5.786e+03 1 0)
s>            ( - -9.790e+03 1 0))
s>        ( QUESTION9 -1 -3.194e+04 3.591e+02 1.859e+02
s>            ( - -2.890e+03 1 0)
s>            ( QUESTION0_4_R 1 -2.870e+04 3.113e+02 1.659e+02
s>                ( - -1.597e+04 1 0)
s>                ( QUESTION0_1_R 1 -1.242e+04 2.866e+02 7.337e+01
s>                    ( - -7.477e+03 1 0)
s>                    ( - -4.652e+03 1 0)))))INFO: dtree.c(1315): Comp split 6
INFO: dtree.c(1439): stop. leaf nodes are specific
INFO: dtree.c(1478): Final simple tree
|( QUESTION8 1 -2.241e+04 3.065e+02 1.249e+02
|    ( QUESTION17 1 -4.284e+03 2.250e+02 2.500e+01
|        ( - -2.303e+03 1 0)
|        ( - -1.756e+03 1 0))
|    ( QUESTION0_14_R 1 -1.782e+04 1.628e+02 9.993e+01
|        ( - -6.165e+03 1 0)
|        ( - -1.150e+04 2 0)))
s>    ( QUESTION8 1 -2.241e+04 3.065e+02 1.249e+02
s>        ( QUESTION17 1 -4.284e+03 2.250e+02 2.500e+01
s>            ( - -2.303e+03 1 0)
s>            ( - -1.756e+03 1 0))
s>        ( QUESTION0_14_R 1 -1.782e+04 1.628e+02 9.993e+01
s>            ( - -6.165e+03 1 0)
s>            ( - -1.150e+04 2 0)))INFO: dtree.c(1478): Final simple tree
|( QUESTION0_10_R 1 -1.325e+05 4.604e+02 7.004e+02
|    ( - -2.157e+04 1 0)
|    ( QUESTION18 1 -1.105e+05 3.673e+02 5.839e+02
|        ( - -1.414e+04 1 0)
|        ( QUESTION0_12_R 1 -9.594e+04 4.022e+02 5.030e+02
|            ( QUESTION0 1 -4.712e+04 3.392e+02 2.499e+02
|                ( QUESTION0_13_R 1 -1.984e+04 3.337e+02 1.060e+02
|                    ( QUESTION4 1 -1.493e+04 2.657e+02 8.003e+01
|                        ( - -3.028e+03 1 0)
|                        ( - -1.164e+04 1 0))
|                    ( - -4.574e+03 1 0))
|                ( - -2.694e+04 3 0))
|            ( QUESTION0_6_R 1 -4.842e+04 3.324e+02 2.531e+02
|                ( - -6.224e+03 1 0)
|                ( - -4.186e+04 4 0 SILENCE 1 2.435e+02 2.180e+02)))))
s>    ( QUESTION0_10_R 1 -1.325e+05 4.604e+02 7.004e+02
s>        ( - -2.157e+04 1 0)
s>        ( QUESTION18 1 -1.105e+05 3.673e+02 5.839e+02
s>            ( - -1.414e+04 1 0)
s>            ( QUESTION0_12_R 1 -9.594e+04 4.022e+02 5.030e+02
s>                ( QUESTION0 1 -4.712e+04 3.392e+02 2.499e+02
s>                    ( QUESTION0_13_R 1 -1.984e+04 3.337e+02 1.060e+02
s>                        ( QUESTION4 1 -1.493e+04 2.657e+02 8.003e+01
s>                            ( - -3.028e+03 1 0)
s>                            ( - -1.164e+04 1 0))
s>                        ( - -4.574e+03 1 0))
s>                    ( - -2.694e+04 3 0))
s>                ( QUESTION0_6_R 1 -4.842e+04 3.324e+02 2.531e+02
s>                    ( - -6.224e+03 1 0)
s>                    ( - -4.186e+04 4 0 SILENCE 1 2.435e+02 2.180e+02)))))INFO: dtree.c(1315): Comp split 7
INFO: dtree.c(1439): stop. leaf nodes are specific
INFO: dtree.c(1478): Final simple tree
|( SILENCE -1 -6.138e+04 2.807e+02 2.842e+02
|    ( QUESTION14 1 -4.141e+04 2.104e+02 1.922e+02
|        ( - -1.502e+04 1 0)
|        ( - -2.618e+04 1 0))
|    ( QUESTION0 -1 -1.969e+04 1.945e+02 9.193e+01
|        ( - -1.699e+04 1 0)
|        ( - -2.507e+03 1 0)))
s>    ( SILENCE -1 -6.138e+04 2.807e+02 2.842e+02
s>        ( QUESTION14 1 -4.141e+04 2.104e+02 1.922e+02
s>            ( - -1.502e+04 1 0)
s>            ( - -2.618e+04 1 0))
s>        ( QUESTION0 -1 -1.969e+04 1.945e+02 9.193e+01
s>            ( - -1.699e+04 1 0)
s>            ( - -2.507e+03 1 0)))INFO: dtree.c(1439): stop. leaf nodes are specific
INFO: dtree.c(1478): Final simple tree
|( SILENCE -1 -9.069e+04 5.109e+02 4.523e+02
|    ( - 2.423e+02 1 0)
|    ( QUESTION2_0_L -1 -9.042e+04 2.981e+02 4.513e+02
|        ( - -5.462e+03 1 0)
|        ( QUESTION0 -1 -8.466e+04 2.532e+02 4.243e+02
|            ( QUESTION17 -1 -2.837e+04 2.023e+02 1.463e+02
|                ( - -1.062e+04 1 0)
|                ( QUESTION1 -1 -1.755e+04 1.631e+02 8.931e+01
|                    ( - -1.295e+04 1 0)
|                    ( - -4.430e+03 1 0)))
|            ( QUESTION14 1 -5.603e+04 2.122e+02 2.780e+02
|                ( - -4.196e+04 3 0)
|                ( - -1.386e+04 3 0)))))
s>    ( SILENCE -1 -9.069e+04 5.109e+02 4.523e+02
s>        ( - 2.423e+02 1 0)
s>        ( QUESTION2_0_L -1 -9.042e+04 2.981e+02 4.513e+02
s>            ( - -5.462e+03 1 0)
s>            ( QUESTION0 -1 -8.466e+04 2.532e+02 4.243e+02
s>                ( QUESTION17 -1 -2.837e+04 2.023e+02 1.463e+02
s>                    ( - -1.062e+04 1 0)
s>                    ( QUESTION1 -1 -1.755e+04 1.631e+02 8.931e+01
s>                        ( - -1.295e+04 1 0)
s>                        ( - -4.430e+03 1 0)))
s>                ( QUESTION14 1 -5.603e+04 2.122e+02 2.780e+02
s>                    ( - -4.196e+04 3 0)
s>                    ( - -1.386e+04 3 0)))))INFO: dtree.c(1315): Comp split 8
INFO: dtree.c(1439): stop. leaf nodes are specific
INFO: dtree.c(1478): Final simple tree
|( QUESTION0_8_R 1 -4.188e+04 2.669e+02 2.307e+02
|    ( - -5.486e+03 1 0)
|    ( QUESTION0_0_R 1 -3.613e+04 2.898e+02 1.978e+02
|        ( QUESTION0_4_R 1 -9.132e+03 2.345e+02 4.899e+01
|            ( - -5.144e+02 1 0)
|            ( QUESTION0_3_R 1 -8.383e+03 1.880e+02 4.599e+01
|                ( - -6.036e+03 1 0)
|                ( - -2.159e+03 1 0)))
|        ( QUESTION1 -1 -2.671e+04 2.764e+02 1.488e+02
|            ( - -5.783e+03 1 0)
|            ( QUESTION0_13_R 1 -2.065e+04 2.084e+02 1.149e+02
|                ( - -3.741e+03 1 0)
|                ( - -1.670e+04 3 0)))))
s>    ( QUESTION0_8_R 1 -4.188e+04 2.669e+02 2.307e+02
s>        ( - -5.486e+03 1 0)
s>        ( QUESTION0_0_R 1 -3.613e+04 2.898e+02 1.978e+02
s>            ( QUESTION0_4_R 1 -9.132e+03 2.345e+02 4.899e+01
s>                ( - -5.144e+02 1 0)
s>                ( QUESTION0_3_R 1 -8.383e+03 1.880e+02 4.599e+01
s>                    ( - -6.036e+03 1 0)
s>                    ( - -2.159e+03 1 0)))
s>            ( QUESTION1 -1 -2.671e+04 2.764e+02 1.488e+02
s>                ( - -5.783e+03 1 0)
s>                ( QUESTION0_13_R 1 -2.065e+04 2.084e+02 1.149e+02
s>                    ( - -3.741e+03 1 0)
s>                    ( - -1.670e+04 3 0)))))INFO: dtree.c(1439): stop. leaf nodes are specific
INFO: dtree.c(1478): Final simple tree
|( QUESTION1 1 -3.660e+04 3.813e+02 2.078e+02
|    ( - -9.652e+03 1 0)
|    ( QUESTION0_14_R 1 -2.657e+04 3.473e+02 1.519e+02
|        ( - -7.446e+03 1 0)
|        ( QUESTION0_0_R 1 -1.878e+04 1.586e+02 1.089e+02
|            ( - -6.297e+03 1 0)
|            ( - -1.232e+04 1 0))))
s>    ( QUESTION1 1 -3.660e+04 3.813e+02 2.078e+02
s>        ( - -9.652e+03 1 0)
s>        ( QUESTION0_14_R 1 -2.657e+04 3.473e+02 1.519e+02
s>            ( - -7.446e+03 1 0)
s>            ( QUESTION0_0_R 1 -1.878e+04 1.586e+02 1.089e+02
s>                ( - -6.297e+03 1 0)
s>                ( - -1.232e+04 1 0))))INFO: dtree.c(1315): Comp split 9
INFO: dtree.c(1439): stop. leaf nodes are specific
INFO: dtree.c(1478): Final simple tree
|( QUESTION2_0_L -1 -9.042e+04 2.981e+02 4.513e+02
|    ( - -5.462e+03 1 0)
|    ( QUESTION0 -1 -8.466e+04 2.532e+02 4.243e+02
|        ( QUESTION17 -1 -2.837e+04 2.023e+02 1.463e+02
|            ( - -1.062e+04 1 0)
|            ( QUESTION1 -1 -1.755e+04 1.631e+02 8.931e+01
|                ( - -1.295e+04 1 0)
|                ( - -4.430e+03 1 0)))
|        ( QUESTION14 1 -5.603e+04 2.122e+02 2.780e+02
|            ( - -4.196e+04 3 0)
|            ( - -1.386e+04 3 0))))
s>    ( QUESTION2_0_L -1 -9.042e+04 2.981e+02 4.513e+02
s>        ( - -5.462e+03 1 0)
s>        ( QUESTION0 -1 -8.466e+04 2.532e+02 4.243e+02
s>            ( QUESTION17 -1 -2.837e+04 2.023e+02 1.463e+02
s>                ( - -1.062e+04 1 0)
s>                ( QUESTION1 -1 -1.755e+04 1.631e+02 8.931e+01
s>                    ( - -1.295e+04 1 0)
s>                    ( - -4.430e+03 1 0)))
s>            ( QUESTION14 1 -5.603e+04 2.122e+02 2.780e+02
s>                ( - -4.196e+04 3 0)
s>                ( - -1.386e+04 3 0))))INFO: dtree.c(1315): Comp split 10
INFO: dtree.c(1439): stop. leaf nodes are specific
INFO: dtree.c(1478): Final simple tree
|( QUESTION0_6_R 1 -4.842e+04 3.324e+02 2.531e+02
|    ( - -6.224e+03 1 0)
|    ( SILENCE 1 -4.186e+04 2.435e+02 2.180e+02
|        ( - -1.916e+04 1 0)
|        ( QUESTION0_1_R 1 -2.246e+04 1.628e+02 1.206e+02
|            ( - -1.974e+04 2 0)
|            ( - -2.552e+03 1 0))))
s>    ( QUESTION0_6_R 1 -4.842e+04 3.324e+02 2.531e+02
s>        ( - -6.224e+03 1 0)
s>        ( SILENCE 1 -4.186e+04 2.435e+02 2.180e+02
s>            ( - -1.916e+04 1 0)
s>            ( QUESTION0_1_R 1 -2.246e+04 1.628e+02 1.206e+02
s>                ( - -1.974e+04 2 0)
s>                ( - -2.552e+03 1 0))))INFO: dtree.c(1439): stop. leaf nodes are specific
INFO: dtree.c(1478): Final simple tree
|( QUESTION0_9_R 1 -8.355e+04 3.975e+02 4.473e+02
|    ( - -2.157e+04 1 0)
|    ( QUESTION0 1 -6.158e+04 3.468e+02 3.308e+02
|        ( QUESTION5 1 -3.430e+04 3.460e+02 1.870e+02
|            ( - -1.164e+04 1 0)
|            ( QUESTION0_20_R 1 -2.231e+04 3.193e+02 1.249e+02
|                ( - -4.574e+03 1 0)
|                ( QUESTION0_0_R 1 -1.742e+04 2.482e+02 9.892e+01
|                    ( - -1.414e+04 1 0)
|                    ( - -3.028e+03 1 0))))
|        ( - -2.694e+04 3 0)))
s>    ( QUESTION0_9_R 1 -8.355e+04 3.975e+02 4.473e+02
s>        ( - -2.157e+04 1 0)
s>        ( QUESTION0 1 -6.158e+04 3.468e+02 3.308e+02
s>            ( QUESTION5 1 -3.430e+04 3.460e+02 1.870e+02
s>                ( - -1.164e+04 1 0)
s>                ( QUESTION0_20_R 1 -2.231e+04 3.193e+02 1.249e+02
s>                    ( - -4.574e+03 1 0)
s>                    ( QUESTION0_0_R 1 -1.742e+04 2.482e+02 9.892e+01
s>                        ( - -1.414e+04 1 0)
s>                        ( - -3.028e+03 1 0))))
s>            ( - -2.694e+04 3 0)))INFO: dtree.c(1315): Comp split 11
INFO: dtree.c(1439): stop. leaf nodes are specific
INFO: dtree.c(1478): Final simple tree
|( QUESTION0_4_R 1 -1.560e+04 2.929e+02 9.337e+01
|    ( - -2.890e+03 1 0)
|    ( QUESTION0_1_R 1 -1.242e+04 2.866e+02 7.337e+01
|        ( - -7.477e+03 1 0)
|        ( - -4.652e+03 1 0)))
s>    ( QUESTION0_4_R 1 -1.560e+04 2.929e+02 9.337e+01
s>        ( - -2.890e+03 1 0)
s>        ( QUESTION0_1_R 1 -1.242e+04 2.866e+02 7.337e+01
s>            ( - -7.477e+03 1 0)
s>            ( - -4.652e+03 1 0)))INFO: dtree.c(1439): stop. leaf nodes are specific
INFO: dtree.c(1478): Final simple tree
|( QUESTION0_11_R 1 -3.212e+04 3.284e+02 1.854e+02
|    ( - -5.786e+03 1 0)
|    ( QUESTION0_3_R 1 -2.601e+04 2.464e+02 1.514e+02
|        ( - -1.597e+04 1 0)
|        ( - -9.790e+03 1 0)))
s>    ( QUESTION0_11_R 1 -3.212e+04 3.284e+02 1.854e+02
s>        ( - -5.786e+03 1 0)
s>        ( QUESTION0_3_R 1 -2.601e+04 2.464e+02 1.514e+02
s>            ( - -1.597e+04 1 0)
s>            ( - -9.790e+03 1 0)))INFO: dtree.c(1315): Comp split 12
INFO: dtree.c(1439): stop. leaf nodes are specific
INFO: dtree.c(1478): Final simple tree
|( QUESTION0_0_R 1 -2.643e+04 2.814e+02 1.425e+02
|    ( - -2.157e+04 1 0)
|    ( - -4.574e+03 1 0))
s>    ( QUESTION0_0_R 1 -2.643e+04 2.814e+02 1.425e+02
s>        ( - -2.157e+04 1 0)
s>        ( - -4.574e+03 1 0))INFO: dtree.c(1439): stop. leaf nodes are specific
INFO: dtree.c(1478): Final simple tree
|( QUESTION5 1 -5.668e+04 3.408e+02 3.048e+02
|    ( - -1.164e+04 1 0)
|    ( QUESTION0_20_R 1 -4.470e+04 3.411e+02 2.428e+02
|        ( - -2.694e+04 3 0)
|        ( QUESTION0_0_R 1 -1.742e+04 2.482e+02 9.892e+01
|            ( - -1.414e+04 1 0)
|            ( - -3.028e+03 1 0))))
s>    ( QUESTION5 1 -5.668e+04 3.408e+02 3.048e+02
s>        ( - -1.164e+04 1 0)
s>        ( QUESTION0_20_R 1 -4.470e+04 3.411e+02 2.428e+02
s>            ( - -2.694e+04 3 0)
s>            ( QUESTION0_0_R 1 -1.742e+04 2.482e+02 9.892e+01
s>                ( - -1.414e+04 1 0)
s>                ( - -3.028e+03 1 0))))INFO: dtree.c(1315): Comp split 13
INFO: dtree.c(1439): stop. leaf nodes are specific
INFO: dtree.c(1478): Final simple tree
|( QUESTION14 1 -5.171e+04 3.184e+02 2.653e+02
|    ( QUESTION3 -1 -4.323e+04 2.612e+02 2.213e+02
|        ( - -1.235e+03 1 0)
|        ( QUESTION1 -1 -4.174e+04 2.532e+02 2.143e+02
|            ( - -3.078e+04 1 0)
|            ( - -1.070e+04 1 0)))
|    ( QUESTION2 -1 -8.161e+03 2.244e+02 4.398e+01
|        ( - -4.824e+03 1 0)
|        ( - -3.112e+03 1 0)))
s>    ( QUESTION14 1 -5.171e+04 3.184e+02 2.653e+02
s>        ( QUESTION3 -1 -4.323e+04 2.612e+02 2.213e+02
s>            ( - -1.235e+03 1 0)
s>            ( QUESTION1 -1 -4.174e+04 2.532e+02 2.143e+02
s>                ( - -3.078e+04 1 0)
s>                ( - -1.070e+04 1 0)))
s>        ( QUESTION2 -1 -8.161e+03 2.244e+02 4.398e+01
s>            ( - -4.824e+03 1 0)
s>            ( - -3.112e+03 1 0)))INFO: dtree.c(1439): stop. leaf nodes are specific
INFO: dtree.c(1478): Final simple tree
|( QUESTION0 -1 -6.146e+04 2.833e+02 3.108e+02
|    ( QUESTION14 -1 -4.717e+03 2.335e+02 2.500e+01
|        ( - -2.345e+03 1 0)
|        ( QUESTION1 -1 -2.139e+03 2.143e+02 1.200e+01
|            ( - -1.164e+03 1 0)
|            ( - -7.604e+02 1 0)))
|    ( QUESTION2_8_L -1 -5.646e+04 1.903e+02 2.858e+02
|        ( QUESTION14 1 -4.961e+03 3.603e+02 2.600e+01
|            ( - -1.665e+03 1 0)
|            ( - -2.936e+03 1 0))
|        ( QUESTION14 1 -5.131e+04 2.074e+02 2.598e+02
|            ( - -3.978e+04 1 0)
|            ( - -1.132e+04 1 0))))
s>    ( QUESTION0 -1 -6.146e+04 2.833e+02 3.108e+02
s>        ( QUESTION14 -1 -4.717e+03 2.335e+02 2.500e+01
s>            ( - -2.345e+03 1 0)
s>            ( QUESTION1 -1 -2.139e+03 2.143e+02 1.200e+01
s>                ( - -1.164e+03 1 0)
s>                ( - -7.604e+02 1 0)))
s>        ( QUESTION2_8_L -1 -5.646e+04 1.903e+02 2.858e+02
s>            ( QUESTION14 1 -4.961e+03 3.603e+02 2.600e+01
s>                ( - -1.665e+03 1 0)
s>                ( - -2.936e+03 1 0))
s>            ( QUESTION14 1 -5.131e+04 2.074e+02 2.598e+02
s>                ( - -3.978e+04 1 0)
s>                ( - -1.132e+04 1 0))))INFO: dtree.c(1315): Comp split 14
INFO: dtree.c(1439): stop. leaf nodes are specific
INFO: dtree.c(1478): Final simple tree
|( QUESTION14 1 -2.716e+05 3.221e+02 1.410e+03
|    ( - -6.898e+04 2 0)
|    ( - -2.023e+05 2 0))
s>    ( QUESTION14 1 -2.716e+05 3.221e+02 1.410e+03
s>        ( - -6.898e+04 2 0)
s>        ( - -2.023e+05 2 0))INFO: dtree.c(1315): Comp split 15
INFO: dtree.c(1439): stop. leaf nodes are specific
INFO: dtree.c(1478): Final simple tree
|( QUESTION0_14_R 1 -2.657e+04 3.473e+02 1.519e+02
|    ( - -7.446e+03 1 0)
|    ( QUESTION0_0_R 1 -1.878e+04 1.586e+02 1.089e+02
|        ( - -6.297e+03 1 0)
|        ( - -1.232e+04 1 0)))
s>    ( QUESTION0_14_R 1 -2.657e+04 3.473e+02 1.519e+02
s>        ( - -7.446e+03 1 0)
s>        ( QUESTION0_0_R 1 -1.878e+04 1.586e+02 1.089e+02
s>            ( - -6.297e+03 1 0)
s>            ( - -1.232e+04 1 0)))INFO: dtree.c(1315): Comp split 16
INFO: dtree.c(1439): stop. leaf nodes are specific
INFO: dtree.c(1478): Final simple tree
|( QUESTION0 -1 -5.476e+03 1.954e+02 3.000e+01
|    ( - -2.345e+03 1 0)
|    ( - -2.936e+03 1 0))
s>    ( QUESTION0 -1 -5.476e+03 1.954e+02 3.000e+01
s>        ( - -2.345e+03 1 0)
s>        ( - -2.936e+03 1 0))INFO: dtree.c(1439): stop. leaf nodes are specific
INFO: dtree.c(1478): Final simple tree
|( QUESTION8 -1 -5.561e+04 2.620e+02 2.808e+02
|    ( - -7.604e+02 1 0)
|    ( QUESTION2_8_L -1 -5.458e+04 2.393e+02 2.758e+02
|        ( - -1.665e+03 1 0)
|        ( QUESTION14 1 -5.268e+04 2.173e+02 2.668e+02
|            ( - -3.978e+04 1 0)
|            ( QUESTION0 -1 -1.268e+04 1.947e+02 6.518e+01
|                ( - -1.164e+03 1 0)
|                ( - -1.132e+04 1 0)))))
s>    ( QUESTION8 -1 -5.561e+04 2.620e+02 2.808e+02
s>        ( - -7.604e+02 1 0)
s>        ( QUESTION2_8_L -1 -5.458e+04 2.393e+02 2.758e+02
s>            ( - -1.665e+03 1 0)
s>            ( QUESTION14 1 -5.268e+04 2.173e+02 2.668e+02
s>                ( - -3.978e+04 1 0)
s>                ( QUESTION0 -1 -1.268e+04 1.947e+02 6.518e+01
s>                    ( - -1.164e+03 1 0)
s>                    ( - -1.132e+04 1 0)))))INFO: dtree.c(1315): Comp split 17
INFO: dtree.c(1439): stop. leaf nodes are specific
INFO: dtree.c(1478): Final simple tree
|( QUESTION0_0_R 1 -1.878e+04 1.586e+02 1.089e+02
|    ( - -6.297e+03 1 0)
|    ( - -1.232e+04 1 0))
s>    ( QUESTION0_0_R 1 -1.878e+04 1.586e+02 1.089e+02
s>        ( - -6.297e+03 1 0)
s>        ( - -1.232e+04 1 0))INFO: dtree.c(1315): Comp split 18
INFO: dtree.c(1439): stop. leaf nodes are specific
INFO: dtree.c(1478): Final simple tree
|( QUESTION0_0_R 1 -1.742e+04 2.482e+02 9.892e+01
|    ( - -1.414e+04 1 0)
|    ( - -3.028e+03 1 0))
s>    ( QUESTION0_0_R 1 -1.742e+04 2.482e+02 9.892e+01
s>        ( - -1.414e+04 1 0)
s>        ( - -3.028e+03 1 0))INFO: dtree.c(1439): stop. leaf nodes are specific
INFO: dtree.c(1478): Final simple tree
|( QUESTION0_13_R 1 -3.892e+04 3.359e+02 2.059e+02
|    ( - -1.164e+04 1 0)
|    ( - -2.694e+04 3 0))
s>    ( QUESTION0_13_R 1 -3.892e+04 3.359e+02 2.059e+02
s>        ( - -1.164e+04 1 0)
s>        ( - -2.694e+04 3 0))INFO: dtree.c(1315): Comp split 19
INFO: dtree.c(1439): stop. leaf nodes are specific
INFO: dtree.c(1478): Final simple tree
|( QUESTION0_0_R 1 -3.006e+04 2.779e+02 1.639e+02
|    ( QUESTION0_4_R 1 -9.132e+03 2.345e+02 4.899e+01
|        ( - -5.144e+02 1 0)
|        ( QUESTION0_3_R 1 -8.383e+03 1.880e+02 4.599e+01
|            ( - -6.036e+03 1 0)
|            ( - -2.159e+03 1 0)))
|    ( QUESTION0_13_R 1 -2.065e+04 2.084e+02 1.149e+02
|        ( - -3.741e+03 1 0)
|        ( - -1.670e+04 3 0)))
s>    ( QUESTION0_0_R 1 -3.006e+04 2.779e+02 1.639e+02
s>        ( QUESTION0_4_R 1 -9.132e+03 2.345e+02 4.899e+01
s>            ( - -5.144e+02 1 0)
s>            ( QUESTION0_3_R 1 -8.383e+03 1.880e+02 4.599e+01
s>                ( - -6.036e+03 1 0)
s>                ( - -2.159e+03 1 0)))
s>        ( QUESTION0_13_R 1 -2.065e+04 2.084e+02 1.149e+02
s>            ( - -3.741e+03 1 0)
s>            ( - -1.670e+04 3 0)))INFO: dtree.c(1439): stop. leaf nodes are specific
INFO: dtree.c(1478): Final simple tree
|( QUESTION0_0_R 1 -1.148e+04 2.094e+02 6.680e+01
|    ( - -5.486e+03 1 0)
|    ( - -5.783e+03 1 0))
s>    ( QUESTION0_0_R 1 -1.148e+04 2.094e+02 6.680e+01
s>        ( - -5.486e+03 1 0)
s>        ( - -5.783e+03 1 0))INFO: dtree.c(1315): Comp split 20
INFO: dtree.c(1439): stop. leaf nodes are specific
INFO: dtree.c(1478): Final simple tree
|( QUESTION1 -1 -4.655e+04 2.538e+02 2.383e+02
|    ( QUESTION2 -1 -3.559e+04 2.233e+02 1.828e+02
|        ( - -3.078e+04 1 0)
|        ( QUESTION14 1 -4.586e+03 2.400e+02 2.399e+01
|            ( - -1.235e+03 1 0)
|            ( - -3.112e+03 1 0)))
|    ( - -1.070e+04 1 0))
s>    ( QUESTION1 -1 -4.655e+04 2.538e+02 2.383e+02
s>        ( QUESTION2 -1 -3.559e+04 2.233e+02 1.828e+02
s>            ( - -3.078e+04 1 0)
s>            ( QUESTION14 1 -4.586e+03 2.400e+02 2.399e+01
s>                ( - -1.235e+03 1 0)
s>                ( - -3.112e+03 1 0)))
s>        ( - -1.070e+04 1 0))INFO: dtree.c(1315): Comp split 21
INFO: dtree.c(1315): Comp split 22
INFO: dtree.c(1439): stop. leaf nodes are specific
INFO: dtree.c(1478): Final simple tree
|( SILENCE 1 -4.186e+04 2.435e+02 2.180e+02
|    ( - -1.916e+04 1 0)
|    ( QUESTION0_1_R 1 -2.246e+04 1.628e+02 1.206e+02
|        ( - -1.974e+04 2 0)
|        ( - -2.552e+03 1 0)))
s>    ( SILENCE 1 -4.186e+04 2.435e+02 2.180e+02
s>        ( - -1.916e+04 1 0)
s>        ( QUESTION0_1_R 1 -2.246e+04 1.628e+02 1.206e+02
s>            ( - -1.974e+04 2 0)
s>            ( - -2.552e+03 1 0)))INFO: dtree.c(1315): Comp split 23
INFO: dtree.c(1439): stop. leaf nodes are specific
INFO: dtree.c(1478): Final simple tree
|( QUESTION0_3_R 1 -2.601e+04 2.464e+02 1.514e+02
|    ( - -1.597e+04 1 0)
|    ( - -9.790e+03 1 0))
s>    ( QUESTION0_3_R 1 -2.601e+04 2.464e+02 1.514e+02
s>        ( - -1.597e+04 1 0)
s>        ( - -9.790e+03 1 0))INFO: dtree.c(1315): Comp split 24
INFO: dtree.c(1315): Comp split 25
INFO: dtree.c(1439): stop. leaf nodes are specific
INFO: dtree.c(1478): Final simple tree
|( QUESTION0_14_R 1 -1.782e+04 1.628e+02 9.993e+01
|    ( - -6.165e+03 1 0)
|    ( - -1.150e+04 2 0))
s>    ( QUESTION0_14_R 1 -1.782e+04 1.628e+02 9.993e+01
s>        ( - -6.165e+03 1 0)
s>        ( - -1.150e+04 2 0))INFO: dtree.c(1439): stop. leaf nodes are specific
INFO: dtree.c(1478): Final simple tree
|( QUESTION17 1 -4.284e+03 2.250e+02 2.500e+01
|    ( - -2.303e+03 1 0)
|    ( - -1.756e+03 1 0))
s>    ( QUESTION17 1 -4.284e+03 2.250e+02 2.500e+01
s>        ( - -2.303e+03 1 0)
s>        ( - -1.756e+03 1 0))INFO: dtree.c(1315): Comp split 26
INFO: dtree.c(1439): stop. leaf nodes are specific
INFO: dtree.c(1478): Final simple tree
|( QUESTION0 -1 -8.466e+04 2.532e+02 4.243e+02
|    ( QUESTION17 -1 -2.837e+04 2.023e+02 1.463e+02
|        ( - -1.062e+04 1 0)
|        ( QUESTION1 -1 -1.755e+04 1.631e+02 8.931e+01
|            ( - -1.295e+04 1 0)
|            ( - -4.430e+03 1 0)))
|    ( QUESTION14 1 -5.603e+04 2.122e+02 2.780e+02
|        ( - -4.196e+04 3 0)
|        ( - -1.386e+04 3 0)))
s>    ( QUESTION0 -1 -8.466e+04 2.532e+02 4.243e+02
s>        ( QUESTION17 -1 -2.837e+04 2.023e+02 1.463e+02
s>            ( - -1.062e+04 1 0)
s>            ( QUESTION1 -1 -1.755e+04 1.631e+02 8.931e+01
s>                ( - -1.295e+04 1 0)
s>                ( - -4.430e+03 1 0)))
s>        ( QUESTION14 1 -5.603e+04 2.122e+02 2.780e+02
s>            ( - -4.196e+04 3 0)
s>            ( - -1.386e+04 3 0)))INFO: dtree.c(1315): Comp split 27
INFO: dtree.c(1439): stop. leaf nodes are specific
INFO: dtree.c(1478): Final simple tree
|( QUESTION0_1_R 1 -1.242e+04 2.866e+02 7.337e+01
|    ( - -7.477e+03 1 0)
|    ( - -4.652e+03 1 0))
s>    ( QUESTION0_1_R 1 -1.242e+04 2.866e+02 7.337e+01
s>        ( - -7.477e+03 1 0)
s>        ( - -4.652e+03 1 0))INFO: dtree.c(1315): Comp split 28
INFO: dtree.c(1315): Comp split 29
INFO: dtree.c(1315): Comp split 30
INFO: dtree.c(1439): stop. leaf nodes are specific
INFO: dtree.c(1478): Final simple tree
|( QUESTION0 -1 -1.969e+04 1.945e+02 9.193e+01
|    ( - -1.699e+04 1 0)
|    ( - -2.507e+03 1 0))
s>    ( QUESTION0 -1 -1.969e+04 1.945e+02 9.193e+01
s>        ( - -1.699e+04 1 0)
s>        ( - -2.507e+03 1 0))INFO: dtree.c(1439): stop. leaf nodes are specific
INFO: dtree.c(1478): Final simple tree
|( QUESTION14 1 -4.141e+04 2.104e+02 1.922e+02
|    ( - -1.502e+04 1 0)
|    ( - -2.618e+04 1 0))
s>    ( QUESTION14 1 -4.141e+04 2.104e+02 1.922e+02
s>        ( - -1.502e+04 1 0)
s>        ( - -2.618e+04 1 0))INFO: dtree.c(1315): Comp split 31
INFO: dtree.c(1439): stop. leaf nodes are specific
INFO: dtree.c(1478): Final simple tree
|( QUESTION0_3_R 1 -8.383e+03 1.880e+02 4.599e+01
|    ( - -6.036e+03 1 0)
|    ( - -2.159e+03 1 0))
s>    ( QUESTION0_3_R 1 -8.383e+03 1.880e+02 4.599e+01
s>        ( - -6.036e+03 1 0)
s>        ( - -2.159e+03 1 0))INFO: dtree.c(1439): stop. leaf nodes are specific
INFO: dtree.c(1478): Final simple tree
|( QUESTION0_0_R 1 -2.140e+04 2.324e+02 1.179e+02
|    ( - -5.144e+02 1 0)
|    ( QUESTION0_13_R 1 -2.065e+04 2.084e+02 1.149e+02
|        ( - -3.741e+03 1 0)
|        ( - -1.670e+04 3 0)))
s>    ( QUESTION0_0_R 1 -2.140e+04 2.324e+02 1.179e+02
s>        ( - -5.144e+02 1 0)
s>        ( QUESTION0_13_R 1 -2.065e+04 2.084e+02 1.149e+02
s>            ( - -3.741e+03 1 0)
s>            ( - -1.670e+04 3 0)))INFO: dtree.c(1315): Comp split 32
INFO: dtree.c(1439): stop. leaf nodes are specific
INFO: dtree.c(1478): Final simple tree
|( QUESTION2_8_L -1 -5.458e+04 2.393e+02 2.758e+02
|    ( - -1.665e+03 1 0)
|    ( QUESTION14 1 -5.268e+04 2.173e+02 2.668e+02
|        ( - -3.978e+04 1 0)
|        ( QUESTION0 -1 -1.268e+04 1.947e+02 6.518e+01
|            ( - -1.164e+03 1 0)
|            ( - -1.132e+04 1 0))))
s>    ( QUESTION2_8_L -1 -5.458e+04 2.393e+02 2.758e+02
s>        ( - -1.665e+03 1 0)
s>        ( QUESTION14 1 -5.268e+04 2.173e+02 2.668e+02
s>            ( - -3.978e+04 1 0)
s>            ( QUESTION0 -1 -1.268e+04 1.947e+02 6.518e+01
s>                ( - -1.164e+03 1 0)
s>                ( - -1.132e+04 1 0))))INFO: dtree.c(1315): Comp split 33
INFO: dtree.c(1439): stop. leaf nodes are specific
INFO: dtree.c(1478): Final simple tree
|( QUESTION1 -1 -4.506e+04 2.545e+02 2.313e+02
|    ( QUESTION2 -1 -3.410e+04 2.045e+02 1.758e+02
|        ( - -3.078e+04 1 0)
|        ( - -3.112e+03 1 0))
|    ( - -1.070e+04 1 0))
s>    ( QUESTION1 -1 -4.506e+04 2.545e+02 2.313e+02
s>        ( QUESTION2 -1 -3.410e+04 2.045e+02 1.758e+02
s>            ( - -3.078e+04 1 0)
s>            ( - -3.112e+03 1 0))
s>        ( - -1.070e+04 1 0))INFO: dtree.c(1315): Comp split 34
INFO: dtree.c(1439): stop. leaf nodes are specific
INFO: dtree.c(1478): Final simple tree
|( QUESTION2 -1 -3.410e+04 2.045e+02 1.758e+02
|    ( - -3.078e+04 1 0)
|    ( - -3.112e+03 1 0))
s>    ( QUESTION2 -1 -3.410e+04 2.045e+02 1.758e+02
s>        ( - -3.078e+04 1 0)
s>        ( - -3.112e+03 1 0))INFO: dtree.c(1315): Comp split 35
INFO: dtree.c(1439): stop. leaf nodes are specific
INFO: dtree.c(1478): Final simple tree
|( QUESTION17 -1 -2.837e+04 2.023e+02 1.463e+02
|    ( - -1.062e+04 1 0)
|    ( QUESTION1 -1 -1.755e+04 1.631e+02 8.931e+01
|        ( - -1.295e+04 1 0)
|        ( - -4.430e+03 1 0)))
s>    ( QUESTION17 -1 -2.837e+04 2.023e+02 1.463e+02
s>        ( - -1.062e+04 1 0)
s>        ( QUESTION1 -1 -1.755e+04 1.631e+02 8.931e+01
s>            ( - -1.295e+04 1 0)
s>            ( - -4.430e+03 1 0)))INFO: dtree.c(1439): stop. leaf nodes are specific
INFO: dtree.c(1478): Final simple tree
|( QUESTION14 1 -5.603e+04 2.122e+02 2.780e+02
|    ( - -4.196e+04 3 0)
|    ( - -1.386e+04 3 0))
s>    ( QUESTION14 1 -5.603e+04 2.122e+02 2.780e+02
s>        ( - -4.196e+04 3 0)
s>        ( - -1.386e+04 3 0))INFO: dtree.c(1315): Comp split 36
INFO: dtree.c(1315): Comp split 37
INFO: dtree.c(1315): Comp split 38
INFO: dtree.c(1439): stop. leaf nodes are specific
INFO: dtree.c(1478): Final simple tree
|( QUESTION0_1_R 1 -2.246e+04 1.628e+02 1.206e+02
|    ( - -1.974e+04 2 0)
|    ( - -2.552e+03 1 0))
s>    ( QUESTION0_1_R 1 -2.246e+04 1.628e+02 1.206e+02
s>        ( - -1.974e+04 2 0)
s>        ( - -2.552e+03 1 0))INFO: dtree.c(1315): Comp split 39
INFO: dtree.c(1439): stop. leaf nodes are specific
INFO: dtree.c(1478): Final simple tree
|( QUESTION14 1 -5.268e+04 2.173e+02 2.668e+02
|    ( - -3.978e+04 1 0)
|    ( QUESTION0 -1 -1.268e+04 1.947e+02 6.518e+01
|        ( - -1.164e+03 1 0)
|        ( - -1.132e+04 1 0)))
s>    ( QUESTION14 1 -5.268e+04 2.173e+02 2.668e+02
s>        ( - -3.978e+04 1 0)
s>        ( QUESTION0 -1 -1.268e+04 1.947e+02 6.518e+01
s>            ( - -1.164e+03 1 0)
s>            ( - -1.132e+04 1 0)))INFO: dtree.c(1315): Comp split 40
INFO: dtree.c(1439): stop. leaf nodes are specific
INFO: dtree.c(1478): Final simple tree
|( QUESTION0_13_R 1 -2.065e+04 2.084e+02 1.149e+02
|    ( - -3.741e+03 1 0)
|    ( - -1.670e+04 3 0))
s>    ( QUESTION0_13_R 1 -2.065e+04 2.084e+02 1.149e+02
s>        ( - -3.741e+03 1 0)
s>        ( - -1.670e+04 3 0))INFO: dtree.c(1315): Comp split 41
INFO: dtree.c(1315): Comp split 42
INFO: dtree.c(1439): stop. leaf nodes are specific
INFO: dtree.c(1478): Final simple tree
|( QUESTION0 -1 -1.268e+04 1.947e+02 6.518e+01
|    ( - -1.164e+03 1 0)
|    ( - -1.132e+04 1 0))
s>    ( QUESTION0 -1 -1.268e+04 1.947e+02 6.518e+01
s>        ( - -1.164e+03 1 0)
s>        ( - -1.132e+04 1 0))INFO: dtree.c(1315): Comp split 43
INFO: dtree.c(1315): Comp split 44
INFO: dtree.c(1315): Comp split 45
INFO: dtree.c(1315): Comp split 46
INFO: dtree.c(1315): Comp split 47
INFO: dtree.c(1315): Comp split 48
INFO: dtree.c(1439): stop. leaf nodes are specific
INFO: dtree.c(1478): Final simple tree
|( QUESTION1 -1 -1.755e+04 1.631e+02 8.931e+01
|    ( - -1.295e+04 1 0)
|    ( - -4.430e+03 1 0))
s>    ( QUESTION1 -1 -1.755e+04 1.631e+02 8.931e+01
s>        ( - -1.295e+04 1 0)
s>        ( - -4.430e+03 1 0))INFO: dtree.c(1315): Comp split 49
INFO: dtree.c(1315): Comp split 50
INFO: dtree.c(1315): Comp split 51
INFO: dtree.c(1315): Comp split 52
INFO: dtree.c(1315): Comp split 53
INFO: dtree.c(1315): Comp split 54
INFO: dtree.c(1315): Comp split 55
INFO: dtree.c(1315): Comp split 56
INFO: dtree.c(1315): Comp split 57
INFO: dtree.c(1318): stop. leaf nodes are specific
Wed Dec 20 23:52:17 2017
