Current configuration:
[NAME]		[DEFLT]	[VALUE]
-allphones	no	no
-cntthresh	0.00001	1.000000e-05
-csplitmax	100	2000
-csplitmin	1	1
-csplitthr	8e-4	0.000000e+00
-example	no	no
-fullvar	no	no
-help		no	no
-meanfn			/home/alex/repos/speech/an4/model_parameters/an4.cd_cont_untied/means
-mixwfn			/home/alex/repos/speech/an4/model_parameters/an4.cd_cont_untied/mixture_weights
-moddeffn		/home/alex/repos/speech/an4/model_architecture/an4.untied.mdef
-mwfloor	1e-4	1.000000e-08
-phone			D
-psetfn			/home/alex/repos/speech/an4/model_architecture/an4.tree_questions
-ssplitmax	5	7
-ssplitmin	1	1
-ssplitthr	8e-4	0.000000e+00
-state			0
-stwt			1.0,0.05,0.0,
-treefn			/home/alex/repos/speech/an4/trees/an4.unpruned/D-0.dtree
-ts2cbfn	.semi.	.cont.
-varfloor	0.00001	1.000000e-05
-varfn			/home/alex/repos/speech/an4/model_parameters/an4.cd_cont_untied/variances

INFO: main.c(223): Reading: /home/alex/repos/speech/an4/model_architecture/an4.untied.mdef
INFO: model_def_io.c(573): Model definition info:
INFO: model_def_io.c(574): 1618 total models defined (34 base, 1584 tri)
INFO: model_def_io.c(575): 6472 total states
INFO: model_def_io.c(576): 4854 total tied states
INFO: model_def_io.c(577): 102 total tied CI states
INFO: model_def_io.c(578): 34 total tied transition matrices
INFO: model_def_io.c(579): 4 max state/model
INFO: model_def_io.c(580): 4 min state/model
INFO: main.c(242): Building trees for [D AH AH b] through [D UW IY b]
INFO: main.c(269): Covering states |[861 977]| == 117
INFO: main.c(275): Reading: /home/alex/repos/speech/an4/model_parameters/an4.cd_cont_untied/mixture_weights
INFO: s3mixw_io.c(173): Read /home/alex/repos/speech/an4/model_parameters/an4.cd_cont_untied/mixture_weights [117x1x1 array]
INFO: main.c(311): 39 of 39 models have observation count greater than 0.000010
INFO: main.c(95): nrm stwt: 0.952 0.048 0.000 
INFO: s3gau_io.c(169): Read /home/alex/repos/speech/an4/model_parameters/an4.cd_cont_untied/means [4854x1x1 array]
INFO: s3gau_io.c(169): Read /home/alex/repos/speech/an4/model_parameters/an4.cd_cont_untied/variances [4854x1x1 array]
INFO: main.c(549): Reading: /home/alex/repos/speech/an4/model_architecture/an4.tree_questions
INFO: main.c(588): 180 total simple questions (172 phone; 8 word bndry)
INFO: main.c(590): 42 Left Only questions, and 42 Right Only questions
INFO: dtree.c(1478): Final simple tree
|( QUESTION10 -1 -3.325e+05 2.398e+03 1.546e+03
|    ( QUESTION0_14_R 1 -3.092e+04 6.960e+02 1.372e+02
|        ( - -6.516e+03 1 0)
|        ( - -2.371e+04 6 0 QUESTION0_1_R 1 4.478e+02 1.046e+02))
|    ( SILENCE -1 -2.992e+05 1.063e+03 1.409e+03
|        ( - -6.451e+04 3 0 QUESTION0_13_R 1 1.877e+02 3.137e+02)
|        ( QUESTION2_14_L -1 -2.336e+05 6.451e+02 1.095e+03
|            ( QUESTION0_13_R 1 -6.010e+04 5.319e+02 2.846e+02
|                ( - -1.637e+04 2 0)
|                ( - -4.320e+04 2 0))
|            ( QUESTION2_0_L -1 -1.728e+05 6.568e+02 8.109e+02
|                ( - -6.360e+04 4 0 QUESTION0 -1 3.423e+02 3.006e+02)
|                ( QUESTION15 -1 -1.086e+05 4.972e+02 5.103e+02
|                    ( - 2.424e+02 1 0)
|                    ( - -1.083e+05 20 0 QUESTION0_2_R 1 4.905e+02 5.093e+02))))))
s>    ( QUESTION10 -1 -3.325e+05 2.398e+03 1.546e+03
s>        ( QUESTION0_14_R 1 -3.092e+04 6.960e+02 1.372e+02
s>            ( - -6.516e+03 1 0)
s>            ( - -2.371e+04 6 0 QUESTION0_1_R 1 4.478e+02 1.046e+02))
s>        ( SILENCE -1 -2.992e+05 1.063e+03 1.409e+03
s>            ( - -6.451e+04 3 0 QUESTION0_13_R 1 1.877e+02 3.137e+02)
s>            ( QUESTION2_14_L -1 -2.336e+05 6.451e+02 1.095e+03
s>                ( QUESTION0_13_R 1 -6.010e+04 5.319e+02 2.846e+02
s>                    ( - -1.637e+04 2 0)
s>                    ( - -4.320e+04 2 0))
s>                ( QUESTION2_0_L -1 -1.728e+05 6.568e+02 8.109e+02
s>                    ( - -6.360e+04 4 0 QUESTION0 -1 3.423e+02 3.006e+02)
s>                    ( QUESTION15 -1 -1.086e+05 4.972e+02 5.103e+02
s>                        ( - 2.424e+02 1 0)
s>                        ( - -1.083e+05 20 0 QUESTION0_2_R 1 4.905e+02 5.093e+02))))))INFO: dtree.c(1315): Comp split 0
INFO: dtree.c(1439): stop. leaf nodes are specific
INFO: dtree.c(1478): Final simple tree
|( QUESTION0_1_R 1 -2.371e+04 4.478e+02 1.046e+02
|    ( - 1.923e+02 1 0)
|    ( WDBNDRY_E 0 -2.345e+04 3.422e+02 1.036e+02
|        ( QUESTION0_0_R 1 -5.341e+03 1.738e+02 2.359e+01
|            ( - -2.821e+02 1 0)
|            ( QUESTION0_20_R 1 -4.885e+03 1.671e+02 2.159e+01
|                ( - -3.245e+02 1 0)
|                ( SILENCE 1 -4.394e+03 1.628e+02 1.959e+01
|                    ( - -1.436e+03 1 0)
|                    ( - -2.795e+03 1 0))))
|        ( - -1.777e+04 1 0)))
s>    ( QUESTION0_1_R 1 -2.371e+04 4.478e+02 1.046e+02
s>        ( - 1.923e+02 1 0)
s>        ( WDBNDRY_E 0 -2.345e+04 3.422e+02 1.036e+02
s>            ( QUESTION0_0_R 1 -5.341e+03 1.738e+02 2.359e+01
s>                ( - -2.821e+02 1 0)
s>                ( QUESTION0_20_R 1 -4.885e+03 1.671e+02 2.159e+01
s>                    ( - -3.245e+02 1 0)
s>                    ( SILENCE 1 -4.394e+03 1.628e+02 1.959e+01
s>                        ( - -1.436e+03 1 0)
s>                        ( - -2.795e+03 1 0))))
s>            ( - -1.777e+04 1 0)))INFO: dtree.c(1478): Final simple tree
|( SILENCE -1 -3.059e+05 1.081e+03 1.442e+03
|    ( - -6.451e+04 3 0 QUESTION0_13_R 1 1.877e+02 3.137e+02)
|    ( QUESTION2_14_L -1 -2.403e+05 6.595e+02 1.128e+03
|        ( QUESTION0_13_R 1 -6.010e+04 5.319e+02 2.846e+02
|            ( - -1.637e+04 2 0)
|            ( - -4.320e+04 2 0))
|        ( QUESTION2_3_L -1 -1.796e+05 6.924e+02 8.435e+02
|            ( - -6.360e+04 4 0 QUESTION0 -1 3.423e+02 3.006e+02)
|            ( QUESTION15 -1 -1.153e+05 4.981e+02 5.429e+02
|                ( - 2.424e+02 1 0)
|                ( QUESTION0_2_R 1 -1.150e+05 4.911e+02 5.419e+02
|                    ( - 2.411e+02 1 0)
|                    ( QUESTION2_7_L -1 -1.148e+05 4.348e+02 5.409e+02
|                        ( - -1.583e+04 4 0 QUESTION0_13_R 1 2.370e+02 7.956e+01)
|                        ( - -9.852e+04 16 0 QUESTION0 -1 4.055e+02 4.613e+02)))))))
s>    ( SILENCE -1 -3.059e+05 1.081e+03 1.442e+03
s>        ( - -6.451e+04 3 0 QUESTION0_13_R 1 1.877e+02 3.137e+02)
s>        ( QUESTION2_14_L -1 -2.403e+05 6.595e+02 1.128e+03
s>            ( QUESTION0_13_R 1 -6.010e+04 5.319e+02 2.846e+02
s>                ( - -1.637e+04 2 0)
s>                ( - -4.320e+04 2 0))
s>            ( QUESTION2_3_L -1 -1.796e+05 6.924e+02 8.435e+02
s>                ( - -6.360e+04 4 0 QUESTION0 -1 3.423e+02 3.006e+02)
s>                ( QUESTION15 -1 -1.153e+05 4.981e+02 5.429e+02
s>                    ( - 2.424e+02 1 0)
s>                    ( QUESTION0_2_R 1 -1.150e+05 4.911e+02 5.419e+02
s>                        ( - 2.411e+02 1 0)
s>                        ( QUESTION2_7_L -1 -1.148e+05 4.348e+02 5.409e+02
s>                            ( - -1.583e+04 4 0 QUESTION0_13_R 1 2.370e+02 7.956e+01)
s>                            ( - -9.852e+04 16 0 QUESTION0 -1 4.055e+02 4.613e+02)))))))INFO: dtree.c(1315): Comp split 1
INFO: dtree.c(1478): Final simple tree
|( QUESTION2_15_L -1 -1.798e+05 6.020e+02 8.378e+02
|    ( QUESTION0_2_R 1 -9.206e+04 4.888e+02 4.297e+02
|        ( - 2.411e+02 1 0)
|        ( QUESTION0 -1 -9.181e+04 4.132e+02 4.287e+02
|            ( QUESTION2_18_L -1 -5.328e+04 4.082e+02 2.542e+02
|                ( - -1.408e+04 2 0 QUESTION0_13_R 1 1.281e+02 6.574e+01)
|                ( WDBNDRY_B 0 -3.878e+04 4.280e+02 1.885e+02
|                    ( - -3.022e+04 2 0 QUESTION2 -1 2.189e+02 1.505e+02)
|                    ( - -8.138e+03 5 0 QUESTION0_0_R 1 1.265e+02 3.800e+01)))
|            ( WDBNDRY_B 0 -3.813e+04 4.567e+02 1.745e+02
|                ( - -3.787e+04 5 0 QUESTION0_13_R 1 2.245e+02 1.735e+02)
|                ( - 2.029e+02 1 0))))
|    ( QUESTION0 -1 -8.714e+04 3.896e+02 4.080e+02
|        ( - -4.613e+04 3 0 QUESTION0_13_R 1 3.128e+02 2.168e+02)
|        ( - -4.063e+04 4 0 QUESTION2_0_L -1 3.413e+02 1.913e+02)))
s>    ( QUESTION2_15_L -1 -1.798e+05 6.020e+02 8.378e+02
s>        ( QUESTION0_2_R 1 -9.206e+04 4.888e+02 4.297e+02
s>            ( - 2.411e+02 1 0)
s>            ( QUESTION0 -1 -9.181e+04 4.132e+02 4.287e+02
s>                ( QUESTION2_18_L -1 -5.328e+04 4.082e+02 2.542e+02
s>                    ( - -1.408e+04 2 0 QUESTION0_13_R 1 1.281e+02 6.574e+01)
s>                    ( WDBNDRY_B 0 -3.878e+04 4.280e+02 1.885e+02
s>                        ( - -3.022e+04 2 0 QUESTION2 -1 2.189e+02 1.505e+02)
s>                        ( - -8.138e+03 5 0 QUESTION0_0_R 1 1.265e+02 3.800e+01)))
s>                ( WDBNDRY_B 0 -3.813e+04 4.567e+02 1.745e+02
s>                    ( - -3.787e+04 5 0 QUESTION0_13_R 1 2.245e+02 1.735e+02)
s>                    ( - 2.029e+02 1 0))))
s>        ( QUESTION0 -1 -8.714e+04 3.896e+02 4.080e+02
s>            ( - -4.613e+04 3 0 QUESTION0_13_R 1 3.128e+02 2.168e+02)
s>            ( - -4.063e+04 4 0 QUESTION2_0_L -1 3.413e+02 1.913e+02)))INFO: dtree.c(1478): Final simple tree
|( QUESTION2_13_L -1 -1.250e+05 7.583e+02 6.039e+02
|    ( - -4.320e+04 2 0)
|    ( QUESTION15 -1 -8.099e+04 5.003e+02 3.942e+02
|        ( - 2.424e+02 1 0)
|        ( QUESTION0 -1 -8.074e+04 4.282e+02 3.932e+02
|            ( QUESTION0_13_R 1 -9.685e+03 2.189e+02 5.056e+01
|                ( - -2.553e+03 1 0)
|                ( - -6.912e+03 1 0))
|            ( SILENCE -1 -7.062e+04 1.741e+02 3.427e+02
|                ( QUESTION0_13_R 1 -6.451e+04 1.877e+02 3.137e+02
|                    ( - -7.793e+03 1 0)
|                    ( - -5.653e+04 2 0 QUESTION0 1 1.147e+02 2.743e+02))
|                ( QUESTION0_13_R 1 -5.942e+03 1.472e+02 2.900e+01
|                    ( - -3.938e+03 1 0)
|                    ( - -1.857e+03 1 0))))))
s>    ( QUESTION2_13_L -1 -1.250e+05 7.583e+02 6.039e+02
s>        ( - -4.320e+04 2 0)
s>        ( QUESTION15 -1 -8.099e+04 5.003e+02 3.942e+02
s>            ( - 2.424e+02 1 0)
s>            ( QUESTION0 -1 -8.074e+04 4.282e+02 3.932e+02
s>                ( QUESTION0_13_R 1 -9.685e+03 2.189e+02 5.056e+01
s>                    ( - -2.553e+03 1 0)
s>                    ( - -6.912e+03 1 0))
s>                ( SILENCE -1 -7.062e+04 1.741e+02 3.427e+02
s>                    ( QUESTION0_13_R 1 -6.451e+04 1.877e+02 3.137e+02
s>                        ( - -7.793e+03 1 0)
s>                        ( - -5.653e+04 2 0 QUESTION0 1 1.147e+02 2.743e+02))
s>                    ( QUESTION0_13_R 1 -5.942e+03 1.472e+02 2.900e+01
s>                        ( - -3.938e+03 1 0)
s>                        ( - -1.857e+03 1 0))))))INFO: dtree.c(1315): Comp split 2
INFO: dtree.c(1439): stop. leaf nodes are specific
INFO: dtree.c(1478): Final simple tree
|( QUESTION2_13_L -1 -5.320e+04 1.962e+02 2.591e+02
|    ( - -4.320e+04 2 0)
|    ( SILENCE -1 -9.804e+03 1.528e+02 4.935e+01
|        ( - -7.793e+03 1 0)
|        ( - -1.857e+03 1 0)))
s>    ( QUESTION2_13_L -1 -5.320e+04 1.962e+02 2.591e+02
s>        ( - -4.320e+04 2 0)
s>        ( SILENCE -1 -9.804e+03 1.528e+02 4.935e+01
s>            ( - -7.793e+03 1 0)
s>            ( - -1.857e+03 1 0)))INFO: dtree.c(1439): stop. leaf nodes are specific
INFO: dtree.c(1478): Final simple tree
|( QUESTION15 -1 -7.098e+04 4.993e+02 3.449e+02
|    ( - 2.424e+02 1 0)
|    ( QUESTION0 -1 -7.072e+04 4.284e+02 3.439e+02
|        ( QUESTION0_13_R 1 -9.685e+03 2.189e+02 5.056e+01
|            ( - -2.553e+03 1 0)
|            ( - -6.912e+03 1 0))
|        ( SILENCE -1 -6.061e+04 1.486e+02 2.933e+02
|            ( QUESTION0 1 -5.653e+04 1.147e+02 2.743e+02
|                ( - -2.586e+03 1 0)
|                ( - -5.382e+04 1 0))
|            ( - -3.938e+03 1 0))))
s>    ( QUESTION15 -1 -7.098e+04 4.993e+02 3.449e+02
s>        ( - 2.424e+02 1 0)
s>        ( QUESTION0 -1 -7.072e+04 4.284e+02 3.439e+02
s>            ( QUESTION0_13_R 1 -9.685e+03 2.189e+02 5.056e+01
s>                ( - -2.553e+03 1 0)
s>                ( - -6.912e+03 1 0))
s>            ( SILENCE -1 -6.061e+04 1.486e+02 2.933e+02
s>                ( QUESTION0 1 -5.653e+04 1.147e+02 2.743e+02
s>                    ( - -2.586e+03 1 0)
s>                    ( - -5.382e+04 1 0))
s>                ( - -3.938e+03 1 0))))INFO: dtree.c(1315): Comp split 3
INFO: dtree.c(1439): stop. leaf nodes are specific
INFO: dtree.c(1478): Final simple tree
|( QUESTION2 -1 -3.022e+04 2.189e+02 1.505e+02
|    ( - -2.717e+04 1 0)
|    ( - -2.828e+03 1 0))
s>    ( QUESTION2 -1 -3.022e+04 2.189e+02 1.505e+02
s>        ( - -2.717e+04 1 0)
s>        ( - -2.828e+03 1 0))INFO: dtree.c(1478): Final simple tree
|( QUESTION2_3_L -1 -1.488e+05 5.823e+02 6.873e+02
|    ( QUESTION0 -1 -6.360e+04 3.423e+02 3.006e+02
|        ( - -3.934e+04 2 0 QUESTION0_13_R 1 2.168e+02 1.842e+02)
|        ( QUESTION0_13_R 1 -2.392e+04 2.454e+02 1.164e+02
|            ( - -2.035e+03 1 0)
|            ( - -2.164e+04 1 0)))
|    ( QUESTION0_2_R 1 -8.464e+04 4.843e+02 3.867e+02
|        ( - 2.411e+02 1 0)
|        ( QUESTION2_14_L -1 -8.440e+04 4.127e+02 3.857e+02
|            ( - -1.637e+04 2 0)
|            ( QUESTION3 -1 -6.762e+04 3.695e+02 3.108e+02
|                ( - -1.408e+04 2 0 QUESTION0_13_R 1 1.281e+02 6.574e+01)
|                ( QUESTION0_15_R 1 -5.317e+04 2.478e+02 2.451e+02
|                    ( - -1.478e+04 4 0 WDBNDRY_B 0 1.394e+02 6.900e+01)
|                    ( - -3.814e+04 8 0 QUESTION0_13_R 1 1.889e+02 1.761e+02))))))
s>    ( QUESTION2_3_L -1 -1.488e+05 5.823e+02 6.873e+02
s>        ( QUESTION0 -1 -6.360e+04 3.423e+02 3.006e+02
s>            ( - -3.934e+04 2 0 QUESTION0_13_R 1 2.168e+02 1.842e+02)
s>            ( QUESTION0_13_R 1 -2.392e+04 2.454e+02 1.164e+02
s>                ( - -2.035e+03 1 0)
s>                ( - -2.164e+04 1 0)))
s>        ( QUESTION0_2_R 1 -8.464e+04 4.843e+02 3.867e+02
s>            ( - 2.411e+02 1 0)
s>            ( QUESTION2_14_L -1 -8.440e+04 4.127e+02 3.857e+02
s>                ( - -1.637e+04 2 0)
s>                ( QUESTION3 -1 -6.762e+04 3.695e+02 3.108e+02
s>                    ( - -1.408e+04 2 0 QUESTION0_13_R 1 1.281e+02 6.574e+01)
s>                    ( QUESTION0_15_R 1 -5.317e+04 2.478e+02 2.451e+02
s>                        ( - -1.478e+04 4 0 WDBNDRY_B 0 1.394e+02 6.900e+01)
s>                        ( - -3.814e+04 8 0 QUESTION0_13_R 1 1.889e+02 1.761e+02))))))INFO: dtree.c(1315): Comp split 4
INFO: dtree.c(1478): Final simple tree
|( QUESTION0_2_R 1 -6.786e+04 4.839e+02 3.118e+02
|    ( - 2.411e+02 1 0)
|    ( QUESTION3 -1 -6.762e+04 3.695e+02 3.108e+02
|        ( - -1.408e+04 2 0 QUESTION0_13_R 1 1.281e+02 6.574e+01)
|        ( QUESTION0_15_R 1 -5.317e+04 2.478e+02 2.451e+02
|            ( WDBNDRY_B 0 -1.478e+04 1.394e+02 6.900e+01
|                ( - -8.257e+03 2 0)
|                ( - -6.388e+03 2 0 WDBNDRY_E 0 1.148e+02 3.000e+01))
|            ( QUESTION0_13_R 1 -3.814e+04 1.889e+02 1.761e+02
|                ( - -6.516e+03 1 0)
|                ( QUESTION0 -1 -3.143e+04 1.394e+02 1.435e+02
|                    ( - -1.650e+03 3 0 QUESTION0_0_R 1 1.392e+02 8.000e+00)
|                    ( WDBNDRY_B 0 -2.964e+04 4.550e+02 1.355e+02
|                        ( - -2.939e+04 3 0)
|                        ( - 2.029e+02 1 0)))))))
s>    ( QUESTION0_2_R 1 -6.786e+04 4.839e+02 3.118e+02
s>        ( - 2.411e+02 1 0)
s>        ( QUESTION3 -1 -6.762e+04 3.695e+02 3.108e+02
s>            ( - -1.408e+04 2 0 QUESTION0_13_R 1 1.281e+02 6.574e+01)
s>            ( QUESTION0_15_R 1 -5.317e+04 2.478e+02 2.451e+02
s>                ( WDBNDRY_B 0 -1.478e+04 1.394e+02 6.900e+01
s>                    ( - -8.257e+03 2 0)
s>                    ( - -6.388e+03 2 0 WDBNDRY_E 0 1.148e+02 3.000e+01))
s>                ( QUESTION0_13_R 1 -3.814e+04 1.889e+02 1.761e+02
s>                    ( - -6.516e+03 1 0)
s>                    ( QUESTION0 -1 -3.143e+04 1.394e+02 1.435e+02
s>                        ( - -1.650e+03 3 0 QUESTION0_0_R 1 1.392e+02 8.000e+00)
s>                        ( WDBNDRY_B 0 -2.964e+04 4.550e+02 1.355e+02
s>                            ( - -2.939e+04 3 0)
s>                            ( - 2.029e+02 1 0)))))))INFO: dtree.c(1439): stop. leaf nodes are specific
INFO: dtree.c(1478): Final simple tree
|( QUESTION0 -1 -8.035e+04 3.818e+02 3.754e+02
|    ( QUESTION0_13_R 1 -3.934e+04 2.168e+02 1.842e+02
|        ( - -4.995e+03 1 0)
|        ( - -3.413e+04 1 0))
|    ( QUESTION2_0_L -1 -4.063e+04 3.413e+02 1.913e+02
|        ( QUESTION0_13_R 1 -2.392e+04 2.454e+02 1.164e+02
|            ( - -2.035e+03 1 0)
|            ( - -2.164e+04 1 0))
|        ( - -1.637e+04 2 0)))
s>    ( QUESTION0 -1 -8.035e+04 3.818e+02 3.754e+02
s>        ( QUESTION0_13_R 1 -3.934e+04 2.168e+02 1.842e+02
s>            ( - -4.995e+03 1 0)
s>            ( - -3.413e+04 1 0))
s>        ( QUESTION2_0_L -1 -4.063e+04 3.413e+02 1.913e+02
s>            ( QUESTION0_13_R 1 -2.392e+04 2.454e+02 1.164e+02
s>                ( - -2.035e+03 1 0)
s>                ( - -2.164e+04 1 0))
s>            ( - -1.637e+04 2 0)))INFO: dtree.c(1315): Comp split 5
INFO: dtree.c(1439): stop. leaf nodes are specific
INFO: dtree.c(1478): Final simple tree
|( QUESTION15 -1 -6.356e+04 4.973e+02 3.073e+02
|    ( - 2.424e+02 1 0)
|    ( SILENCE -1 -6.330e+04 1.765e+02 3.063e+02
|        ( QUESTION0 1 -5.653e+04 1.147e+02 2.743e+02
|            ( - -2.586e+03 1 0)
|            ( - -5.382e+04 1 0))
|        ( QUESTION0 -1 -6.600e+03 1.095e+02 3.200e+01
|            ( - -2.553e+03 1 0)
|            ( - -3.938e+03 1 0))))
s>    ( QUESTION15 -1 -6.356e+04 4.973e+02 3.073e+02
s>        ( - 2.424e+02 1 0)
s>        ( SILENCE -1 -6.330e+04 1.765e+02 3.063e+02
s>            ( QUESTION0 1 -5.653e+04 1.147e+02 2.743e+02
s>                ( - -2.586e+03 1 0)
s>                ( - -5.382e+04 1 0))
s>            ( QUESTION0 -1 -6.600e+03 1.095e+02 3.200e+01
s>                ( - -2.553e+03 1 0)
s>                ( - -3.938e+03 1 0))))INFO: dtree.c(1315): Comp split 6
INFO: dtree.c(1439): stop. leaf nodes are specific
INFO: dtree.c(1478): Final simple tree
|( SILENCE -1 -6.330e+04 1.765e+02 3.063e+02
|    ( QUESTION0 1 -5.653e+04 1.147e+02 2.743e+02
|        ( - -2.586e+03 1 0)
|        ( - -5.382e+04 1 0))
|    ( QUESTION0 -1 -6.600e+03 1.095e+02 3.200e+01
|        ( - -2.553e+03 1 0)
|        ( - -3.938e+03 1 0)))
s>    ( SILENCE -1 -6.330e+04 1.765e+02 3.063e+02
s>        ( QUESTION0 1 -5.653e+04 1.147e+02 2.743e+02
s>            ( - -2.586e+03 1 0)
s>            ( - -5.382e+04 1 0))
s>        ( QUESTION0 -1 -6.600e+03 1.095e+02 3.200e+01
s>            ( - -2.553e+03 1 0)
s>            ( - -3.938e+03 1 0)))INFO: dtree.c(1315): Comp split 7
INFO: dtree.c(1478): Final simple tree
|( QUESTION3 -1 -6.762e+04 3.695e+02 3.108e+02
|    ( - -1.408e+04 2 0 QUESTION0_13_R 1 1.281e+02 6.574e+01)
|    ( QUESTION0_15_R 1 -5.317e+04 2.478e+02 2.451e+02
|        ( WDBNDRY_B 0 -1.478e+04 1.394e+02 6.900e+01
|            ( - -8.257e+03 2 0)
|            ( - -6.388e+03 2 0 WDBNDRY_E 0 1.148e+02 3.000e+01))
|        ( QUESTION0_13_R 1 -3.814e+04 1.889e+02 1.761e+02
|            ( - -6.516e+03 1 0)
|            ( QUESTION0 -1 -3.143e+04 1.394e+02 1.435e+02
|                ( QUESTION0_0_R 1 -1.650e+03 1.392e+02 8.000e+00
|                    ( - -3.368e+02 2 0)
|                    ( - -1.174e+03 1 0))
|                ( WDBNDRY_B 0 -2.964e+04 4.550e+02 1.355e+02
|                    ( - -2.939e+04 3 0)
|                    ( - 2.029e+02 1 0))))))
s>    ( QUESTION3 -1 -6.762e+04 3.695e+02 3.108e+02
s>        ( - -1.408e+04 2 0 QUESTION0_13_R 1 1.281e+02 6.574e+01)
s>        ( QUESTION0_15_R 1 -5.317e+04 2.478e+02 2.451e+02
s>            ( WDBNDRY_B 0 -1.478e+04 1.394e+02 6.900e+01
s>                ( - -8.257e+03 2 0)
s>                ( - -6.388e+03 2 0 WDBNDRY_E 0 1.148e+02 3.000e+01))
s>            ( QUESTION0_13_R 1 -3.814e+04 1.889e+02 1.761e+02
s>                ( - -6.516e+03 1 0)
s>                ( QUESTION0 -1 -3.143e+04 1.394e+02 1.435e+02
s>                    ( QUESTION0_0_R 1 -1.650e+03 1.392e+02 8.000e+00
s>                        ( - -3.368e+02 2 0)
s>                        ( - -1.174e+03 1 0))
s>                    ( WDBNDRY_B 0 -2.964e+04 4.550e+02 1.355e+02
s>                        ( - -2.939e+04 3 0)
s>                        ( - 2.029e+02 1 0))))))INFO: dtree.c(1315): Comp split 8
INFO: dtree.c(1478): Final simple tree
|( QUESTION3 -1 -6.737e+04 3.702e+02 3.098e+02
|    ( QUESTION0_13_R 1 -1.408e+04 1.281e+02 6.574e+01
|        ( - -8.728e+02 1 0)
|        ( - -1.308e+04 1 0))
|    ( QUESTION0_15_R 1 -5.291e+04 2.464e+02 2.441e+02
|        ( WDBNDRY_B 0 -1.478e+04 1.394e+02 6.900e+01
|            ( - -8.257e+03 2 0)
|            ( - -6.388e+03 2 0 WDBNDRY_E 0 1.148e+02 3.000e+01))
|        ( QUESTION0_13_R 1 -3.788e+04 1.878e+02 1.751e+02
|            ( - -6.516e+03 1 0)
|            ( WDBNDRY_B 0 -3.118e+04 1.391e+02 1.425e+02
|                ( - -2.939e+04 3 0)
|                ( QUESTION0_0_R 1 -1.650e+03 1.392e+02 8.000e+00
|                    ( - -3.368e+02 2 0)
|                    ( - -1.174e+03 1 0))))))
s>    ( QUESTION3 -1 -6.737e+04 3.702e+02 3.098e+02
s>        ( QUESTION0_13_R 1 -1.408e+04 1.281e+02 6.574e+01
s>            ( - -8.728e+02 1 0)
s>            ( - -1.308e+04 1 0))
s>        ( QUESTION0_15_R 1 -5.291e+04 2.464e+02 2.441e+02
s>            ( WDBNDRY_B 0 -1.478e+04 1.394e+02 6.900e+01
s>                ( - -8.257e+03 2 0)
s>                ( - -6.388e+03 2 0 WDBNDRY_E 0 1.148e+02 3.000e+01))
s>            ( QUESTION0_13_R 1 -3.788e+04 1.878e+02 1.751e+02
s>                ( - -6.516e+03 1 0)
s>                ( WDBNDRY_B 0 -3.118e+04 1.391e+02 1.425e+02
s>                    ( - -2.939e+04 3 0)
s>                    ( QUESTION0_0_R 1 -1.650e+03 1.392e+02 8.000e+00
s>                        ( - -3.368e+02 2 0)
s>                        ( - -1.174e+03 1 0))))))INFO: dtree.c(1315): Comp split 9
INFO: dtree.c(1439): stop. leaf nodes are specific
INFO: dtree.c(1478): Final simple tree
|( WDBNDRY_E 0 -2.345e+04 3.422e+02 1.036e+02
|    ( QUESTION0_0_R 1 -5.341e+03 1.738e+02 2.359e+01
|        ( - -2.821e+02 1 0)
|        ( QUESTION0_20_R 1 -4.885e+03 1.671e+02 2.159e+01
|            ( - -3.245e+02 1 0)
|            ( SILENCE 1 -4.394e+03 1.628e+02 1.959e+01
|                ( - -1.436e+03 1 0)
|                ( - -2.795e+03 1 0))))
|    ( - -1.777e+04 1 0))
s>    ( WDBNDRY_E 0 -2.345e+04 3.422e+02 1.036e+02
s>        ( QUESTION0_0_R 1 -5.341e+03 1.738e+02 2.359e+01
s>            ( - -2.821e+02 1 0)
s>            ( QUESTION0_20_R 1 -4.885e+03 1.671e+02 2.159e+01
s>                ( - -3.245e+02 1 0)
s>                ( SILENCE 1 -4.394e+03 1.628e+02 1.959e+01
s>                    ( - -1.436e+03 1 0)
s>                    ( - -2.795e+03 1 0))))
s>        ( - -1.777e+04 1 0))INFO: dtree.c(1315): Comp split 10
INFO: dtree.c(1439): stop. leaf nodes are specific
INFO: dtree.c(1478): Final simple tree
|( QUESTION0_13_R 1 -3.639e+04 2.310e+02 1.702e+02
|    ( - -2.035e+03 1 0)
|    ( - -3.413e+04 1 0))
s>    ( QUESTION0_13_R 1 -3.639e+04 2.310e+02 1.702e+02
s>        ( - -2.035e+03 1 0)
s>        ( - -3.413e+04 1 0))INFO: dtree.c(1439): stop. leaf nodes are specific
INFO: dtree.c(1478): Final simple tree
|( QUESTION2_0_L -1 -4.354e+04 3.440e+02 2.052e+02
|    ( QUESTION0_13_R 1 -2.683e+04 1.963e+02 1.304e+02
|        ( - -4.995e+03 1 0)
|        ( - -2.164e+04 1 0))
|    ( - -1.637e+04 2 0))
s>    ( QUESTION2_0_L -1 -4.354e+04 3.440e+02 2.052e+02
s>        ( QUESTION0_13_R 1 -2.683e+04 1.963e+02 1.304e+02
s>            ( - -4.995e+03 1 0)
s>            ( - -2.164e+04 1 0))
s>        ( - -1.637e+04 2 0))INFO: dtree.c(1315): Comp split 11
INFO: dtree.c(1439): stop. leaf nodes are specific
INFO: dtree.c(1478): Final simple tree
|( WDBNDRY_B 0 -1.539e+04 1.294e+02 7.174e+01
|    ( QUESTION0_13_R 1 -1.408e+04 1.281e+02 6.574e+01
|        ( - -8.728e+02 1 0)
|        ( - -1.308e+04 1 0))
|    ( - -1.174e+03 1 0))
s>    ( WDBNDRY_B 0 -1.539e+04 1.294e+02 7.174e+01
s>        ( QUESTION0_13_R 1 -1.408e+04 1.281e+02 6.574e+01
s>            ( - -8.728e+02 1 0)
s>            ( - -1.308e+04 1 0))
s>        ( - -1.174e+03 1 0))INFO: dtree.c(1439): stop. leaf nodes are specific
INFO: dtree.c(1478): Final simple tree
|( QUESTION0_15_R 1 -5.161e+04 2.570e+02 2.381e+02
|    ( WDBNDRY_B 0 -1.478e+04 1.394e+02 6.900e+01
|        ( - -8.257e+03 2 0)
|        ( WDBNDRY_E 0 -6.388e+03 1.148e+02 3.000e+01
|            ( - -3.414e+02 1 0)
|            ( - -5.931e+03 1 0)))
|    ( QUESTION0_13_R 1 -3.656e+04 1.865e+02 1.691e+02
|        ( - -6.516e+03 1 0)
|        ( WDBNDRY_B 0 -2.986e+04 1.349e+02 1.365e+02
|            ( - -2.939e+04 3 0)
|            ( - -3.368e+02 2 0))))
s>    ( QUESTION0_15_R 1 -5.161e+04 2.570e+02 2.381e+02
s>        ( WDBNDRY_B 0 -1.478e+04 1.394e+02 6.900e+01
s>            ( - -8.257e+03 2 0)
s>            ( WDBNDRY_E 0 -6.388e+03 1.148e+02 3.000e+01
s>                ( - -3.414e+02 1 0)
s>                ( - -5.931e+03 1 0)))
s>        ( QUESTION0_13_R 1 -3.656e+04 1.865e+02 1.691e+02
s>            ( - -6.516e+03 1 0)
s>            ( WDBNDRY_B 0 -2.986e+04 1.349e+02 1.365e+02
s>                ( - -2.939e+04 3 0)
s>                ( - -3.368e+02 2 0))))INFO: dtree.c(1315): Comp split 12
INFO: dtree.c(1439): stop. leaf nodes are specific
INFO: dtree.c(1478): Final simple tree
|( QUESTION0_13_R 1 -2.683e+04 1.963e+02 1.304e+02
|    ( - -4.995e+03 1 0)
|    ( - -2.164e+04 1 0))
s>    ( QUESTION0_13_R 1 -2.683e+04 1.963e+02 1.304e+02
s>        ( - -4.995e+03 1 0)
s>        ( - -2.164e+04 1 0))INFO: dtree.c(1315): Comp split 13
INFO: dtree.c(1439): stop. leaf nodes are specific
INFO: dtree.c(1478): Final simple tree
|( QUESTION0_0_R 1 -5.341e+03 1.738e+02 2.359e+01
|    ( - -2.821e+02 1 0)
|    ( QUESTION0_20_R 1 -4.885e+03 1.671e+02 2.159e+01
|        ( - -3.245e+02 1 0)
|        ( SILENCE 1 -4.394e+03 1.628e+02 1.959e+01
|            ( - -1.436e+03 1 0)
|            ( - -2.795e+03 1 0))))
s>    ( QUESTION0_0_R 1 -5.341e+03 1.738e+02 2.359e+01
s>        ( - -2.821e+02 1 0)
s>        ( QUESTION0_20_R 1 -4.885e+03 1.671e+02 2.159e+01
s>            ( - -3.245e+02 1 0)
s>            ( SILENCE 1 -4.394e+03 1.628e+02 1.959e+01
s>                ( - -1.436e+03 1 0)
s>                ( - -2.795e+03 1 0))))INFO: dtree.c(1315): Comp split 14
INFO: dtree.c(1439): stop. leaf nodes are specific
INFO: dtree.c(1478): Final simple tree
|( WDBNDRY_B 0 -1.525e+04 1.415e+02 7.100e+01
|    ( - -8.257e+03 2 0)
|    ( QUESTION0_0_R 1 -6.852e+03 1.274e+02 3.200e+01
|        ( - -3.368e+02 2 0)
|        ( WDBNDRY_E 0 -6.388e+03 1.148e+02 3.000e+01
|            ( - -3.414e+02 1 0)
|            ( - -5.931e+03 1 0))))
s>    ( WDBNDRY_B 0 -1.525e+04 1.415e+02 7.100e+01
s>        ( - -8.257e+03 2 0)
s>        ( QUESTION0_0_R 1 -6.852e+03 1.274e+02 3.200e+01
s>            ( - -3.368e+02 2 0)
s>            ( WDBNDRY_E 0 -6.388e+03 1.148e+02 3.000e+01
s>                ( - -3.414e+02 1 0)
s>                ( - -5.931e+03 1 0))))INFO: dtree.c(1439): stop. leaf nodes are specific
INFO: dtree.c(1478): Final simple tree
|( WDBNDRY_B 0 -3.609e+04 1.872e+02 1.671e+02
|    ( - -2.939e+04 3 0)
|    ( - -6.516e+03 1 0))
s>    ( WDBNDRY_B 0 -3.609e+04 1.872e+02 1.671e+02
s>        ( - -2.939e+04 3 0)
s>        ( - -6.516e+03 1 0))INFO: dtree.c(1315): Comp split 15
INFO: dtree.c(1315): Comp split 16
INFO: dtree.c(1315): Comp split 17
INFO: dtree.c(1315): Comp split 18
INFO: dtree.c(1439): stop. leaf nodes are specific
INFO: dtree.c(1478): Final simple tree
|( SILENCE -1 -9.804e+03 1.528e+02 4.935e+01
|    ( - -7.793e+03 1 0)
|    ( - -1.857e+03 1 0))
s>    ( SILENCE -1 -9.804e+03 1.528e+02 4.935e+01
s>        ( - -7.793e+03 1 0)
s>        ( - -1.857e+03 1 0))INFO: dtree.c(1315): Comp split 19
INFO: dtree.c(1315): Comp split 20
INFO: dtree.c(1439): stop. leaf nodes are specific
INFO: dtree.c(1478): Final simple tree
|( QUESTION0 -1 -6.600e+03 1.095e+02 3.200e+01
|    ( - -2.553e+03 1 0)
|    ( - -3.938e+03 1 0))
s>    ( QUESTION0 -1 -6.600e+03 1.095e+02 3.200e+01
s>        ( - -2.553e+03 1 0)
s>        ( - -3.938e+03 1 0))INFO: dtree.c(1439): stop. leaf nodes are specific
INFO: dtree.c(1478): Final simple tree
|( QUESTION0 1 -5.653e+04 1.147e+02 2.743e+02
|    ( - -2.586e+03 1 0)
|    ( - -5.382e+04 1 0))
s>    ( QUESTION0 1 -5.653e+04 1.147e+02 2.743e+02
s>        ( - -2.586e+03 1 0)
s>        ( - -5.382e+04 1 0))INFO: dtree.c(1315): Comp split 21
INFO: dtree.c(1439): stop. leaf nodes are specific
INFO: dtree.c(1478): Final simple tree
|( QUESTION0_20_R 1 -4.885e+03 1.671e+02 2.159e+01
|    ( - -3.245e+02 1 0)
|    ( SILENCE 1 -4.394e+03 1.628e+02 1.959e+01
|        ( - -1.436e+03 1 0)
|        ( - -2.795e+03 1 0)))
s>    ( QUESTION0_20_R 1 -4.885e+03 1.671e+02 2.159e+01
s>        ( - -3.245e+02 1 0)
s>        ( SILENCE 1 -4.394e+03 1.628e+02 1.959e+01
s>            ( - -1.436e+03 1 0)
s>            ( - -2.795e+03 1 0)))INFO: dtree.c(1315): Comp split 22
INFO: dtree.c(1439): stop. leaf nodes are specific
INFO: dtree.c(1478): Final simple tree
|( SILENCE 1 -4.394e+03 1.628e+02 1.959e+01
|    ( - -1.436e+03 1 0)
|    ( - -2.795e+03 1 0))
s>    ( SILENCE 1 -4.394e+03 1.628e+02 1.959e+01
s>        ( - -1.436e+03 1 0)
s>        ( - -2.795e+03 1 0))INFO: dtree.c(1315): Comp split 23
INFO: dtree.c(1315): Comp split 24
INFO: dtree.c(1315): Comp split 25
INFO: dtree.c(1439): stop. leaf nodes are specific
INFO: dtree.c(1478): Final simple tree
|( QUESTION0_0_R 1 -6.852e+03 1.274e+02 3.200e+01
|    ( - -3.368e+02 2 0)
|    ( WDBNDRY_E 0 -6.388e+03 1.148e+02 3.000e+01
|        ( - -3.414e+02 1 0)
|        ( - -5.931e+03 1 0)))
s>    ( QUESTION0_0_R 1 -6.852e+03 1.274e+02 3.200e+01
s>        ( - -3.368e+02 2 0)
s>        ( WDBNDRY_E 0 -6.388e+03 1.148e+02 3.000e+01
s>            ( - -3.414e+02 1 0)
s>            ( - -5.931e+03 1 0)))INFO: dtree.c(1315): Comp split 26
INFO: dtree.c(1439): stop. leaf nodes are specific
INFO: dtree.c(1478): Final simple tree
|( QUESTION0_13_R 1 -1.408e+04 1.281e+02 6.574e+01
|    ( - -8.728e+02 1 0)
|    ( - -1.308e+04 1 0))
s>    ( QUESTION0_13_R 1 -1.408e+04 1.281e+02 6.574e+01
s>        ( - -8.728e+02 1 0)
s>        ( - -1.308e+04 1 0))INFO: dtree.c(1315): Comp split 27
INFO: dtree.c(1315): Comp split 28
INFO: dtree.c(1439): stop. leaf nodes are specific
INFO: dtree.c(1478): Final simple tree
|( WDBNDRY_E 0 -6.388e+03 1.148e+02 3.000e+01
|    ( - -3.414e+02 1 0)
|    ( - -5.931e+03 1 0))
s>    ( WDBNDRY_E 0 -6.388e+03 1.148e+02 3.000e+01
s>        ( - -3.414e+02 1 0)
s>        ( - -5.931e+03 1 0))INFO: dtree.c(1315): Comp split 29
INFO: dtree.c(1315): Comp split 30
INFO: dtree.c(1315): Comp split 31
INFO: dtree.c(1315): Comp split 32
INFO: dtree.c(1318): stop. leaf nodes are specific
Wed Dec 20 23:52:16 2017
