Current configuration:
[NAME]		[DEFLT]	[VALUE]
-allphones	no	no
-cntthresh	0.00001	1.000000e-05
-csplitmax	100	2000
-csplitmin	1	1
-csplitthr	8e-4	0.000000e+00
-example	no	no
-fullvar	no	no
-help		no	no
-meanfn			/home/alex/repos/speech/an4/model_parameters/an4.cd_cont_untied/means
-mixwfn			/home/alex/repos/speech/an4/model_parameters/an4.cd_cont_untied/mixture_weights
-moddeffn		/home/alex/repos/speech/an4/model_architecture/an4.untied.mdef
-mwfloor	1e-4	1.000000e-08
-phone			R
-psetfn			/home/alex/repos/speech/an4/model_architecture/an4.tree_questions
-ssplitmax	5	7
-ssplitmin	1	1
-ssplitthr	8e-4	0.000000e+00
-state			1
-stwt			1.0,0.05,0.0,
-treefn			/home/alex/repos/speech/an4/trees/an4.unpruned/R-1.dtree
-ts2cbfn	.semi.	.cont.
-varfloor	0.00001	1.000000e-05
-varfn			/home/alex/repos/speech/an4/model_parameters/an4.cd_cont_untied/variances

INFO: main.c(223): Reading: /home/alex/repos/speech/an4/model_architecture/an4.untied.mdef
INFO: model_def_io.c(573): Model definition info:
INFO: model_def_io.c(574): 1618 total models defined (34 base, 1584 tri)
INFO: model_def_io.c(575): 6472 total states
INFO: model_def_io.c(576): 4854 total tied states
INFO: model_def_io.c(577): 102 total tied CI states
INFO: model_def_io.c(578): 34 total tied transition matrices
INFO: model_def_io.c(579): 4 max state/model
INFO: model_def_io.c(580): 4 min state/model
INFO: main.c(242): Building trees for [R AA AA e] through [R TH IY i]
INFO: main.c(269): Covering states |[3630 3758]| == 129
INFO: main.c(275): Reading: /home/alex/repos/speech/an4/model_parameters/an4.cd_cont_untied/mixture_weights
INFO: s3mixw_io.c(173): Read /home/alex/repos/speech/an4/model_parameters/an4.cd_cont_untied/mixture_weights [129x1x1 array]
INFO: main.c(311): 43 of 43 models have observation count greater than 0.000010
INFO: main.c(95): nrm stwt: 0.045 0.909 0.045 
INFO: s3gau_io.c(169): Read /home/alex/repos/speech/an4/model_parameters/an4.cd_cont_untied/means [4854x1x1 array]
INFO: s3gau_io.c(169): Read /home/alex/repos/speech/an4/model_parameters/an4.cd_cont_untied/variances [4854x1x1 array]
INFO: main.c(549): Reading: /home/alex/repos/speech/an4/model_architecture/an4.tree_questions
INFO: main.c(588): 180 total simple questions (172 phone; 8 word bndry)
INFO: main.c(590): 42 Left Only questions, and 42 Right Only questions
INFO: dtree.c(1478): Final simple tree
|( QUESTION1 -1 -5.240e+05 5.686e+03 2.255e+03
|    ( QUESTION2_0_L -1 -3.214e+05 2.147e+03 1.412e+03
|        ( - -1.843e+05 22 0 QUESTION15 1 6.003e+02 8.234e+02)
|        ( QUESTION0_3_R 1 -1.350e+05 1.614e+03 5.882e+02
|            ( - -2.559e+04 2 0 WDBNDRY_E 0 1.817e+02 1.100e+02)
|            ( QUESTION0_10_R 1 -1.078e+05 1.065e+03 4.782e+02
|                ( - -1.376e+04 1 0)
|                ( - -9.293e+04 10 0 SILENCE 1 7.795e+02 4.135e+02))))
|    ( QUESTION0 1 -1.969e+05 3.268e+03 8.432e+02
|        ( - -6.827e+04 4 0 QUESTION0_13_R 1 6.568e+02 2.712e+02)
|        ( QUESTION2_7_L -1 -1.254e+05 2.027e+03 5.719e+02
|            ( - -6.603e+04 1 0)
|            ( QUESTION0_13_R 1 -5.733e+04 1.105e+03 2.705e+02
|                ( - -2.516e+04 1 0)
|                ( - -3.106e+04 2 0 QUESTION11 -1 8.018e+02 1.434e+02)))))
s>    ( QUESTION1 -1 -5.240e+05 5.686e+03 2.255e+03
s>        ( QUESTION2_0_L -1 -3.214e+05 2.147e+03 1.412e+03
s>            ( - -1.843e+05 22 0 QUESTION15 1 6.003e+02 8.234e+02)
s>            ( QUESTION0_3_R 1 -1.350e+05 1.614e+03 5.882e+02
s>                ( - -2.559e+04 2 0 WDBNDRY_E 0 1.817e+02 1.100e+02)
s>                ( QUESTION0_10_R 1 -1.078e+05 1.065e+03 4.782e+02
s>                    ( - -1.376e+04 1 0)
s>                    ( - -9.293e+04 10 0 SILENCE 1 7.795e+02 4.135e+02))))
s>        ( QUESTION0 1 -1.969e+05 3.268e+03 8.432e+02
s>            ( - -6.827e+04 4 0 QUESTION0_13_R 1 6.568e+02 2.712e+02)
s>            ( QUESTION2_7_L -1 -1.254e+05 2.027e+03 5.719e+02
s>                ( - -6.603e+04 1 0)
s>                ( QUESTION0_13_R 1 -5.733e+04 1.105e+03 2.705e+02
s>                    ( - -2.516e+04 1 0)
s>                    ( - -3.106e+04 2 0 QUESTION11 -1 8.018e+02 1.434e+02)))))INFO: dtree.c(1315): Comp split 0
INFO: dtree.c(1478): Final simple tree
|( QUESTION1 -1 -3.206e+05 1.927e+03 1.429e+03
|    ( QUESTION2_0_L -1 -2.935e+05 1.474e+03 1.302e+03
|        ( QUESTION15 1 -1.843e+05 6.003e+02 8.234e+02
|            ( - -4.970e+04 2 0 WDBNDRY_E 0 2.210e+02 2.301e+02)
|            ( QUESTION0_15_R 1 -1.340e+05 4.601e+02 5.933e+02
|                ( - -4.008e+04 4 0 QUESTION5 1 3.056e+02 1.792e+02)
|                ( QUESTION1 1 -9.347e+04 5.182e+02 4.141e+02
|                    ( - -3.511e+03 1 0)
|                    ( - -8.944e+04 15 0 SILENCE 1 5.056e+02 3.970e+02))))
|        ( QUESTION0_10_R 1 -1.078e+05 1.065e+03 4.782e+02
|            ( - -1.376e+04 1 0)
|            ( SILENCE 1 -9.293e+04 7.795e+02 4.135e+02
|                ( - -4.440e+04 1 0)
|                ( - -4.775e+04 9 0 QUESTION0_0_R 1 3.304e+02 2.129e+02))))
|    ( - -2.516e+04 1 0))
s>    ( QUESTION1 -1 -3.206e+05 1.927e+03 1.429e+03
s>        ( QUESTION2_0_L -1 -2.935e+05 1.474e+03 1.302e+03
s>            ( QUESTION15 1 -1.843e+05 6.003e+02 8.234e+02
s>                ( - -4.970e+04 2 0 WDBNDRY_E 0 2.210e+02 2.301e+02)
s>                ( QUESTION0_15_R 1 -1.340e+05 4.601e+02 5.933e+02
s>                    ( - -4.008e+04 4 0 QUESTION5 1 3.056e+02 1.792e+02)
s>                    ( QUESTION1 1 -9.347e+04 5.182e+02 4.141e+02
s>                        ( - -3.511e+03 1 0)
s>                        ( - -8.944e+04 15 0 SILENCE 1 5.056e+02 3.970e+02))))
s>            ( QUESTION0_10_R 1 -1.078e+05 1.065e+03 4.782e+02
s>                ( - -1.376e+04 1 0)
s>                ( SILENCE 1 -9.293e+04 7.795e+02 4.135e+02
s>                    ( - -4.440e+04 1 0)
s>                    ( - -4.775e+04 9 0 QUESTION0_0_R 1 3.304e+02 2.129e+02))))
s>        ( - -2.516e+04 1 0))INFO: dtree.c(1478): Final simple tree
|( QUESTION0 1 -1.975e+05 3.333e+03 8.261e+02
|    ( QUESTION0_0_R 1 -9.585e+04 1.989e+03 3.812e+02
|        ( WDBNDRY_E 0 -2.559e+04 1.817e+02 1.100e+02
|            ( - -9.557e+03 1 0)
|            ( - -1.585e+04 1 0))
|        ( QUESTION0_13_R 1 -6.827e+04 6.568e+02 2.712e+02
|            ( WDBNDRY_B 0 -5.436e+04 1.886e+02 2.161e+02
|                ( - -5.376e+04 1 0)
|                ( - -4.079e+02 2 0))
|            ( - -1.326e+04 1 0)))
|    ( QUESTION2_7_L -1 -9.827e+04 1.171e+03 4.448e+02
|        ( - -6.603e+04 1 0)
|        ( QUESTION11 -1 -3.106e+04 8.018e+02 1.434e+02
|            ( - -2.231e+04 1 0)
|            ( - -7.948e+03 1 0))))
s>    ( QUESTION0 1 -1.975e+05 3.333e+03 8.261e+02
s>        ( QUESTION0_0_R 1 -9.585e+04 1.989e+03 3.812e+02
s>            ( WDBNDRY_E 0 -2.559e+04 1.817e+02 1.100e+02
s>                ( - -9.557e+03 1 0)
s>                ( - -1.585e+04 1 0))
s>            ( QUESTION0_13_R 1 -6.827e+04 6.568e+02 2.712e+02
s>                ( WDBNDRY_B 0 -5.436e+04 1.886e+02 2.161e+02
s>                    ( - -5.376e+04 1 0)
s>                    ( - -4.079e+02 2 0))
s>                ( - -1.326e+04 1 0)))
s>        ( QUESTION2_7_L -1 -9.827e+04 1.171e+03 4.448e+02
s>            ( - -6.603e+04 1 0)
s>            ( QUESTION11 -1 -3.106e+04 8.018e+02 1.434e+02
s>                ( - -2.231e+04 1 0)
s>                ( - -7.948e+03 1 0))))INFO: dtree.c(1315): Comp split 1
INFO: dtree.c(1439): stop. leaf nodes are specific
INFO: dtree.c(1478): Final simple tree
|( QUESTION0_0_R 1 -9.585e+04 1.989e+03 3.812e+02
|    ( WDBNDRY_E 0 -2.559e+04 1.817e+02 1.100e+02
|        ( - -9.557e+03 1 0)
|        ( - -1.585e+04 1 0))
|    ( QUESTION0_13_R 1 -6.827e+04 6.568e+02 2.712e+02
|        ( WDBNDRY_B 0 -5.436e+04 1.886e+02 2.161e+02
|            ( - -5.376e+04 1 0)
|            ( - -4.079e+02 2 0))
|        ( - -1.326e+04 1 0)))
s>    ( QUESTION0_0_R 1 -9.585e+04 1.989e+03 3.812e+02
s>        ( WDBNDRY_E 0 -2.559e+04 1.817e+02 1.100e+02
s>            ( - -9.557e+03 1 0)
s>            ( - -1.585e+04 1 0))
s>        ( QUESTION0_13_R 1 -6.827e+04 6.568e+02 2.712e+02
s>            ( WDBNDRY_B 0 -5.436e+04 1.886e+02 2.161e+02
s>                ( - -5.376e+04 1 0)
s>                ( - -4.079e+02 2 0))
s>            ( - -1.326e+04 1 0)))INFO: dtree.c(1439): stop. leaf nodes are specific
INFO: dtree.c(1478): Final simple tree
|( QUESTION2_7_L -1 -9.827e+04 1.171e+03 4.448e+02
|    ( - -6.603e+04 1 0)
|    ( QUESTION11 -1 -3.106e+04 8.018e+02 1.434e+02
|        ( - -2.231e+04 1 0)
|        ( - -7.948e+03 1 0)))
s>    ( QUESTION2_7_L -1 -9.827e+04 1.171e+03 4.448e+02
s>        ( - -6.603e+04 1 0)
s>        ( QUESTION11 -1 -3.106e+04 8.018e+02 1.434e+02
s>            ( - -2.231e+04 1 0)
s>            ( - -7.948e+03 1 0)))INFO: dtree.c(1315): Comp split 2
INFO: dtree.c(1439): stop. leaf nodes are specific
INFO: dtree.c(1478): Final simple tree
|( WDBNDRY_E 0 -4.387e+04 1.249e+03 2.089e+02
|    ( QUESTION0_0_R 1 -1.746e+04 1.859e+02 8.177e+01
|        ( - -1.376e+04 1 0)
|        ( - -3.511e+03 1 0))
|    ( - -2.516e+04 1 0))
s>    ( WDBNDRY_E 0 -4.387e+04 1.249e+03 2.089e+02
s>        ( QUESTION0_0_R 1 -1.746e+04 1.859e+02 8.177e+01
s>            ( - -1.376e+04 1 0)
s>            ( - -3.511e+03 1 0))
s>        ( - -2.516e+04 1 0))INFO: dtree.c(1478): Final simple tree
|( QUESTION2_0_L -1 -2.747e+05 1.451e+03 1.220e+03
|    ( QUESTION0_15_R 1 -1.803e+05 6.060e+02 8.063e+02
|        ( - -4.008e+04 4 0 QUESTION5 1 3.056e+02 1.792e+02)
|        ( SILENCE 1 -1.396e+05 5.059e+02 6.271e+02
|            ( - -1.133e+04 1 0)
|            ( QUESTION15 1 -1.278e+05 4.729e+02 5.749e+02
|                ( - -4.970e+04 2 0 WDBNDRY_E 0 2.210e+02 2.301e+02)
|                ( WDBNDRY_E 0 -7.760e+04 3.362e+02 3.449e+02
|                    ( - -6.933e+04 13 0 QUESTION0_7_R 1 2.949e+02 3.082e+02)
|                    ( - -7.933e+03 1 0)))))
|    ( SILENCE 1 -9.293e+04 7.795e+02 4.135e+02
|        ( - -4.440e+04 1 0)
|        ( QUESTION0_0_R 1 -4.775e+04 3.304e+02 2.129e+02
|            ( - -3.302e+04 5 0 QUESTION0_9_R 1 2.459e+02 1.475e+02)
|            ( - -1.440e+04 4 0 QUESTION0_16_R 1 2.256e+02 6.538e+01))))
s>    ( QUESTION2_0_L -1 -2.747e+05 1.451e+03 1.220e+03
s>        ( QUESTION0_15_R 1 -1.803e+05 6.060e+02 8.063e+02
s>            ( - -4.008e+04 4 0 QUESTION5 1 3.056e+02 1.792e+02)
s>            ( SILENCE 1 -1.396e+05 5.059e+02 6.271e+02
s>                ( - -1.133e+04 1 0)
s>                ( QUESTION15 1 -1.278e+05 4.729e+02 5.749e+02
s>                    ( - -4.970e+04 2 0 WDBNDRY_E 0 2.210e+02 2.301e+02)
s>                    ( WDBNDRY_E 0 -7.760e+04 3.362e+02 3.449e+02
s>                        ( - -6.933e+04 13 0 QUESTION0_7_R 1 2.949e+02 3.082e+02)
s>                        ( - -7.933e+03 1 0)))))
s>        ( SILENCE 1 -9.293e+04 7.795e+02 4.135e+02
s>            ( - -4.440e+04 1 0)
s>            ( QUESTION0_0_R 1 -4.775e+04 3.304e+02 2.129e+02
s>                ( - -3.302e+04 5 0 QUESTION0_9_R 1 2.459e+02 1.475e+02)
s>                ( - -1.440e+04 4 0 QUESTION0_16_R 1 2.256e+02 6.538e+01))))INFO: dtree.c(1315): Comp split 3
INFO: dtree.c(1439): stop. leaf nodes are specific
INFO: dtree.c(1478): Final simple tree
|( QUESTION0_13_R 1 -6.827e+04 6.568e+02 2.712e+02
|    ( WDBNDRY_B 0 -5.436e+04 1.886e+02 2.161e+02
|        ( - -5.376e+04 1 0)
|        ( - -4.079e+02 2 0))
|    ( - -1.326e+04 1 0))
s>    ( QUESTION0_13_R 1 -6.827e+04 6.568e+02 2.712e+02
s>        ( WDBNDRY_B 0 -5.436e+04 1.886e+02 2.161e+02
s>            ( - -5.376e+04 1 0)
s>            ( - -4.079e+02 2 0))
s>        ( - -1.326e+04 1 0))INFO: dtree.c(1439): stop. leaf nodes are specific
INFO: dtree.c(1478): Final simple tree
|( WDBNDRY_E 0 -2.559e+04 1.817e+02 1.100e+02
|    ( - -9.557e+03 1 0)
|    ( - -1.585e+04 1 0))
s>    ( WDBNDRY_E 0 -2.559e+04 1.817e+02 1.100e+02
s>        ( - -9.557e+03 1 0)
s>        ( - -1.585e+04 1 0))INFO: dtree.c(1315): Comp split 4
INFO: dtree.c(1478): Final simple tree
|( SILENCE 1 -1.047e+05 8.919e+02 4.656e+02
|    ( QUESTION2_0_L -1 -5.606e+04 3.272e+02 2.527e+02
|        ( - -1.133e+04 1 0)
|        ( - -4.440e+04 1 0))
|    ( QUESTION0_0_R 1 -4.775e+04 3.304e+02 2.129e+02
|        ( QUESTION0_9_R 1 -3.302e+04 2.459e+02 1.475e+02
|            ( WDBNDRY_E 0 -7.170e+03 2.143e+02 3.300e+01
|                ( - -6.459e+03 1 0)
|                ( - -4.973e+02 1 0))
|            ( - -2.560e+04 3 0 QUESTION0_1_R 1 1.829e+02 1.145e+02))
|        ( QUESTION0_16_R 1 -1.440e+04 2.256e+02 6.538e+01
|            ( - -4.118e+02 1 0)
|            ( QUESTION0_15_R 1 -1.376e+04 1.922e+02 6.238e+01
|                ( - -4.098e+03 1 0)
|                ( - -9.468e+03 2 0 QUESTION0_13_R 1 1.683e+02 4.324e+01)))))
s>    ( SILENCE 1 -1.047e+05 8.919e+02 4.656e+02
s>        ( QUESTION2_0_L -1 -5.606e+04 3.272e+02 2.527e+02
s>            ( - -1.133e+04 1 0)
s>            ( - -4.440e+04 1 0))
s>        ( QUESTION0_0_R 1 -4.775e+04 3.304e+02 2.129e+02
s>            ( QUESTION0_9_R 1 -3.302e+04 2.459e+02 1.475e+02
s>                ( WDBNDRY_E 0 -7.170e+03 2.143e+02 3.300e+01
s>                    ( - -6.459e+03 1 0)
s>                    ( - -4.973e+02 1 0))
s>                ( - -2.560e+04 3 0 QUESTION0_1_R 1 1.829e+02 1.145e+02))
s>            ( QUESTION0_16_R 1 -1.440e+04 2.256e+02 6.538e+01
s>                ( - -4.118e+02 1 0)
s>                ( QUESTION0_15_R 1 -1.376e+04 1.922e+02 6.238e+01
s>                    ( - -4.098e+03 1 0)
s>                    ( - -9.468e+03 2 0 QUESTION0_13_R 1 1.683e+02 4.324e+01)))))INFO: dtree.c(1478): Final simple tree
|( QUESTION0_15_R 1 -1.685e+05 6.655e+02 7.541e+02
|    ( QUESTION5 1 -4.008e+04 3.056e+02 1.792e+02
|        ( - -8.553e+03 1 0)
|        ( - -3.122e+04 3 0 QUESTION0 1 1.289e+02 1.393e+02))
|    ( QUESTION15 1 -1.278e+05 4.729e+02 5.749e+02
|        ( - -4.970e+04 2 0 WDBNDRY_E 0 2.210e+02 2.301e+02)
|        ( WDBNDRY_E 0 -7.760e+04 3.362e+02 3.449e+02
|            ( QUESTION0_7_R 1 -6.933e+04 2.949e+02 3.082e+02
|                ( - -4.043e+03 1 0)
|                ( QUESTION0_10_R 1 -6.499e+04 3.216e+02 2.882e+02
|                    ( - -1.630e+04 2 0 QUESTION0_11_R 1 2.186e+02 7.220e+01)
|                    ( QUESTION0_20_R 1 -4.837e+04 2.584e+02 2.160e+02
|                        ( - -2.270e+04 3 0)
|                        ( - -2.541e+04 7 0 QUESTION0_9_R 1 2.406e+02 1.153e+02))))
|            ( - -7.933e+03 1 0))))
s>    ( QUESTION0_15_R 1 -1.685e+05 6.655e+02 7.541e+02
s>        ( QUESTION5 1 -4.008e+04 3.056e+02 1.792e+02
s>            ( - -8.553e+03 1 0)
s>            ( - -3.122e+04 3 0 QUESTION0 1 1.289e+02 1.393e+02))
s>        ( QUESTION15 1 -1.278e+05 4.729e+02 5.749e+02
s>            ( - -4.970e+04 2 0 WDBNDRY_E 0 2.210e+02 2.301e+02)
s>            ( WDBNDRY_E 0 -7.760e+04 3.362e+02 3.449e+02
s>                ( QUESTION0_7_R 1 -6.933e+04 2.949e+02 3.082e+02
s>                    ( - -4.043e+03 1 0)
s>                    ( QUESTION0_10_R 1 -6.499e+04 3.216e+02 2.882e+02
s>                        ( - -1.630e+04 2 0 QUESTION0_11_R 1 2.186e+02 7.220e+01)
s>                        ( QUESTION0_20_R 1 -4.837e+04 2.584e+02 2.160e+02
s>                            ( - -2.270e+04 3 0)
s>                            ( - -2.541e+04 7 0 QUESTION0_9_R 1 2.406e+02 1.153e+02))))
s>                ( - -7.933e+03 1 0))))INFO: dtree.c(1315): Comp split 5
INFO: dtree.c(1439): stop. leaf nodes are specific
INFO: dtree.c(1478): Final simple tree
|( QUESTION0_0_R 1 -1.746e+04 1.859e+02 8.177e+01
|    ( - -1.376e+04 1 0)
|    ( - -3.511e+03 1 0))
s>    ( QUESTION0_0_R 1 -1.746e+04 1.859e+02 8.177e+01
s>        ( - -1.376e+04 1 0)
s>        ( - -3.511e+03 1 0))INFO: dtree.c(1315): Comp split 6
INFO: dtree.c(1439): stop. leaf nodes are specific
INFO: dtree.c(1478): Final simple tree
|( QUESTION11 -1 -3.106e+04 8.018e+02 1.434e+02
|    ( - -2.231e+04 1 0)
|    ( - -7.948e+03 1 0))
s>    ( QUESTION11 -1 -3.106e+04 8.018e+02 1.434e+02
s>        ( - -2.231e+04 1 0)
s>        ( - -7.948e+03 1 0))INFO: dtree.c(1315): Comp split 7
INFO: dtree.c(1439): stop. leaf nodes are specific
INFO: dtree.c(1478): Final simple tree
|( QUESTION0_6_R 1 -5.201e+04 2.255e+02 2.316e+02
|    ( - -4.043e+03 1 0)
|    ( QUESTION9 1 -4.774e+04 2.256e+02 2.115e+02
|        ( - -1.576e+04 1 0)
|        ( QUESTION0_0_R 1 -3.175e+04 2.122e+02 1.413e+02
|            ( - -3.219e+02 1 0)
|            ( QUESTION0 1 -3.122e+04 1.289e+02 1.393e+02
|                ( - -3.218e+03 1 0)
|                ( - -2.787e+04 2 0)))))
s>    ( QUESTION0_6_R 1 -5.201e+04 2.255e+02 2.316e+02
s>        ( - -4.043e+03 1 0)
s>        ( QUESTION9 1 -4.774e+04 2.256e+02 2.115e+02
s>            ( - -1.576e+04 1 0)
s>            ( QUESTION0_0_R 1 -3.175e+04 2.122e+02 1.413e+02
s>                ( - -3.219e+02 1 0)
s>                ( QUESTION0 1 -3.122e+04 1.289e+02 1.393e+02
s>                    ( - -3.218e+03 1 0)
s>                    ( - -2.787e+04 2 0)))))INFO: dtree.c(1478): Final simple tree
|( QUESTION15 1 -1.156e+05 4.564e+02 5.226e+02
|    ( WDBNDRY_E 0 -4.970e+04 2.210e+02 2.301e+02
|        ( - -4.802e+04 1 0)
|        ( - -1.458e+03 1 0))
|    ( WDBNDRY_E 0 -6.540e+04 3.142e+02 2.925e+02
|        ( QUESTION0_20_R 1 -5.715e+04 2.498e+02 2.559e+02
|            ( - -2.270e+04 3 0)
|            ( QUESTION0_9_R 1 -3.420e+04 2.391e+02 1.552e+02
|                ( - -2.041e+02 1 0)
|                ( QUESTION0_15_R 1 -3.375e+04 2.398e+02 1.532e+02
|                    ( - -8.553e+03 1 0)
|                    ( QUESTION0_2_R 1 -2.496e+04 2.117e+02 1.133e+02
|                        ( - -1.454e+04 3 0 QUESTION17 1 2.252e+02 6.701e+01)
|                        ( - -1.021e+04 3 0 QUESTION17 1 1.519e+02 4.630e+01)))))
|        ( - -7.933e+03 1 0)))
s>    ( QUESTION15 1 -1.156e+05 4.564e+02 5.226e+02
s>        ( WDBNDRY_E 0 -4.970e+04 2.210e+02 2.301e+02
s>            ( - -4.802e+04 1 0)
s>            ( - -1.458e+03 1 0))
s>        ( WDBNDRY_E 0 -6.540e+04 3.142e+02 2.925e+02
s>            ( QUESTION0_20_R 1 -5.715e+04 2.498e+02 2.559e+02
s>                ( - -2.270e+04 3 0)
s>                ( QUESTION0_9_R 1 -3.420e+04 2.391e+02 1.552e+02
s>                    ( - -2.041e+02 1 0)
s>                    ( QUESTION0_15_R 1 -3.375e+04 2.398e+02 1.532e+02
s>                        ( - -8.553e+03 1 0)
s>                        ( QUESTION0_2_R 1 -2.496e+04 2.117e+02 1.133e+02
s>                            ( - -1.454e+04 3 0 QUESTION17 1 2.252e+02 6.701e+01)
s>                            ( - -1.021e+04 3 0 QUESTION17 1 1.519e+02 4.630e+01)))))
s>            ( - -7.933e+03 1 0)))INFO: dtree.c(1315): Comp split 8
INFO: dtree.c(1439): stop. leaf nodes are specific
INFO: dtree.c(1478): Final simple tree
|( QUESTION2_0_L -1 -5.606e+04 3.272e+02 2.527e+02
|    ( - -1.133e+04 1 0)
|    ( - -4.440e+04 1 0))
s>    ( QUESTION2_0_L -1 -5.606e+04 3.272e+02 2.527e+02
s>        ( - -1.133e+04 1 0)
s>        ( - -4.440e+04 1 0))INFO: dtree.c(1478): Final simple tree
|( QUESTION0_0_R 1 -4.775e+04 3.304e+02 2.129e+02
|    ( QUESTION0_9_R 1 -3.302e+04 2.459e+02 1.475e+02
|        ( WDBNDRY_E 0 -7.170e+03 2.143e+02 3.300e+01
|            ( - -6.459e+03 1 0)
|            ( - -4.973e+02 1 0))
|        ( QUESTION0_1_R 1 -2.560e+04 1.829e+02 1.145e+02
|            ( - -2.517e+04 2 0)
|            ( - -2.508e+02 1 0)))
|    ( QUESTION0_16_R 1 -1.440e+04 2.256e+02 6.538e+01
|        ( - -4.118e+02 1 0)
|        ( QUESTION0_15_R 1 -1.376e+04 1.922e+02 6.238e+01
|            ( - -4.098e+03 1 0)
|            ( QUESTION0_13_R 1 -9.468e+03 1.683e+02 4.324e+01
|                ( - -2.926e+03 1 0)
|                ( - -6.374e+03 1 0)))))
s>    ( QUESTION0_0_R 1 -4.775e+04 3.304e+02 2.129e+02
s>        ( QUESTION0_9_R 1 -3.302e+04 2.459e+02 1.475e+02
s>            ( WDBNDRY_E 0 -7.170e+03 2.143e+02 3.300e+01
s>                ( - -6.459e+03 1 0)
s>                ( - -4.973e+02 1 0))
s>            ( QUESTION0_1_R 1 -2.560e+04 1.829e+02 1.145e+02
s>                ( - -2.517e+04 2 0)
s>                ( - -2.508e+02 1 0)))
s>        ( QUESTION0_16_R 1 -1.440e+04 2.256e+02 6.538e+01
s>            ( - -4.118e+02 1 0)
s>            ( QUESTION0_15_R 1 -1.376e+04 1.922e+02 6.238e+01
s>                ( - -4.098e+03 1 0)
s>                ( QUESTION0_13_R 1 -9.468e+03 1.683e+02 4.324e+01
s>                    ( - -2.926e+03 1 0)
s>                    ( - -6.374e+03 1 0)))))INFO: dtree.c(1315): Comp split 9
INFO: dtree.c(1315): Comp split 10
INFO: dtree.c(1439): stop. leaf nodes are specific
INFO: dtree.c(1478): Final simple tree
|( WDBNDRY_B 0 -1.380e+04 1.366e+02 5.712e+01
|    ( - -1.326e+04 1 0)
|    ( - -4.079e+02 2 0))
s>    ( WDBNDRY_B 0 -1.380e+04 1.366e+02 5.712e+01
s>        ( - -1.326e+04 1 0)
s>        ( - -4.079e+02 2 0))INFO: dtree.c(1315): Comp split 11
INFO: dtree.c(1439): stop. leaf nodes are specific
INFO: dtree.c(1478): Final simple tree
|( WDBNDRY_E 0 -1.991e+04 1.720e+02 8.997e+01
|    ( QUESTION17 1 -1.021e+04 1.519e+02 4.630e+01
|        ( - -7.061e+02 1 0)
|        ( QUESTION0_0_R 1 -9.355e+03 1.283e+02 4.230e+01
|            ( - -2.516e+03 1 0)
|            ( - -6.711e+03 1 0)))
|    ( QUESTION14 1 -9.524e+03 1.336e+02 4.366e+01
|        ( - -7.933e+03 1 0)
|        ( - -1.458e+03 1 0)))
s>    ( WDBNDRY_E 0 -1.991e+04 1.720e+02 8.997e+01
s>        ( QUESTION17 1 -1.021e+04 1.519e+02 4.630e+01
s>            ( - -7.061e+02 1 0)
s>            ( QUESTION0_0_R 1 -9.355e+03 1.283e+02 4.230e+01
s>                ( - -2.516e+03 1 0)
s>                ( - -6.711e+03 1 0)))
s>        ( QUESTION14 1 -9.524e+03 1.336e+02 4.366e+01
s>            ( - -7.933e+03 1 0)
s>            ( - -1.458e+03 1 0)))INFO: dtree.c(1439): stop. leaf nodes are specific
INFO: dtree.c(1478): Final simple tree
|( QUESTION0_0_R 1 -9.507e+04 3.899e+02 4.326e+02
|    ( QUESTION17 1 -6.321e+04 2.490e+02 2.921e+02
|        ( - -1.080e+03 1 0)
|        ( QUESTION0_9_R 1 -6.188e+04 2.453e+02 2.861e+02
|            ( - -2.041e+02 1 0)
|            ( QUESTION15 1 -6.143e+04 1.787e+02 2.841e+02
|                ( - -4.802e+04 1 0)
|                ( QUESTION0_3_R 1 -1.323e+04 1.270e+02 6.101e+01
|                    ( - -5.949e+03 1 0)
|                    ( - -7.155e+03 1 0)))))
|    ( QUESTION0_13_R 1 -3.148e+04 2.203e+02 1.406e+02
|        ( - -8.553e+03 1 0)
|        ( - -2.270e+04 3 0)))
s>    ( QUESTION0_0_R 1 -9.507e+04 3.899e+02 4.326e+02
s>        ( QUESTION17 1 -6.321e+04 2.490e+02 2.921e+02
s>            ( - -1.080e+03 1 0)
s>            ( QUESTION0_9_R 1 -6.188e+04 2.453e+02 2.861e+02
s>                ( - -2.041e+02 1 0)
s>                ( QUESTION15 1 -6.143e+04 1.787e+02 2.841e+02
s>                    ( - -4.802e+04 1 0)
s>                    ( QUESTION0_3_R 1 -1.323e+04 1.270e+02 6.101e+01
s>                        ( - -5.949e+03 1 0)
s>                        ( - -7.155e+03 1 0)))))
s>        ( QUESTION0_13_R 1 -3.148e+04 2.203e+02 1.406e+02
s>            ( - -8.553e+03 1 0)
s>            ( - -2.270e+04 3 0)))INFO: dtree.c(1315): Comp split 12
INFO: dtree.c(1439): stop. leaf nodes are specific
INFO: dtree.c(1478): Final simple tree
|( QUESTION17 1 -6.276e+04 2.497e+02 2.901e+02
|    ( - -1.080e+03 1 0)
|    ( QUESTION15 1 -6.143e+04 1.787e+02 2.841e+02
|        ( - -4.802e+04 1 0)
|        ( QUESTION0_3_R 1 -1.323e+04 1.270e+02 6.101e+01
|            ( - -5.949e+03 1 0)
|            ( - -7.155e+03 1 0))))
s>    ( QUESTION17 1 -6.276e+04 2.497e+02 2.901e+02
s>        ( - -1.080e+03 1 0)
s>        ( QUESTION15 1 -6.143e+04 1.787e+02 2.841e+02
s>            ( - -4.802e+04 1 0)
s>            ( QUESTION0_3_R 1 -1.323e+04 1.270e+02 6.101e+01
s>                ( - -5.949e+03 1 0)
s>                ( - -7.155e+03 1 0))))INFO: dtree.c(1439): stop. leaf nodes are specific
INFO: dtree.c(1478): Final simple tree
|( QUESTION0_0_R 1 -3.192e+04 2.430e+02 1.426e+02
|    ( - -2.041e+02 1 0)
|    ( QUESTION0_13_R 1 -3.148e+04 2.203e+02 1.406e+02
|        ( - -8.553e+03 1 0)
|        ( - -2.270e+04 3 0)))
s>    ( QUESTION0_0_R 1 -3.192e+04 2.430e+02 1.426e+02
s>        ( - -2.041e+02 1 0)
s>        ( QUESTION0_13_R 1 -3.148e+04 2.203e+02 1.406e+02
s>            ( - -8.553e+03 1 0)
s>            ( - -2.270e+04 3 0)))INFO: dtree.c(1315): Comp split 13
INFO: dtree.c(1439): stop. leaf nodes are specific
INFO: dtree.c(1478): Final simple tree
|( QUESTION0_0_R 1 -1.741e+04 2.838e+02 7.872e+01
|    ( - -6.459e+03 1 0)
|    ( QUESTION0_13_R 1 -1.067e+04 1.964e+02 4.871e+01
|        ( - -4.098e+03 1 0)
|        ( - -6.374e+03 1 0)))
s>    ( QUESTION0_0_R 1 -1.741e+04 2.838e+02 7.872e+01
s>        ( - -6.459e+03 1 0)
s>        ( QUESTION0_13_R 1 -1.067e+04 1.964e+02 4.871e+01
s>            ( - -4.098e+03 1 0)
s>            ( - -6.374e+03 1 0)))INFO: dtree.c(1439): stop. leaf nodes are specific
INFO: dtree.c(1478): Final simple tree
|( QUESTION0_15_R 1 -2.997e+04 2.195e+02 1.342e+02
|    ( - -4.118e+02 1 0)
|    ( QUESTION0_6_R 1 -2.933e+04 1.817e+02 1.312e+02
|        ( - -2.508e+02 1 0)
|        ( WDBNDRY_E 0 -2.890e+04 1.698e+02 1.292e+02
|            ( QUESTION0_0_R 1 -2.824e+04 1.403e+02 1.262e+02
|                ( - -2.517e+04 2 0)
|                ( - -2.926e+03 1 0))
|            ( - -4.973e+02 1 0))))
s>    ( QUESTION0_15_R 1 -2.997e+04 2.195e+02 1.342e+02
s>        ( - -4.118e+02 1 0)
s>        ( QUESTION0_6_R 1 -2.933e+04 1.817e+02 1.312e+02
s>            ( - -2.508e+02 1 0)
s>            ( WDBNDRY_E 0 -2.890e+04 1.698e+02 1.292e+02
s>                ( QUESTION0_0_R 1 -2.824e+04 1.403e+02 1.262e+02
s>                    ( - -2.517e+04 2 0)
s>                    ( - -2.926e+03 1 0))
s>                ( - -4.973e+02 1 0))))INFO: dtree.c(1315): Comp split 14
INFO: dtree.c(1315): Comp split 15
INFO: dtree.c(1439): stop. leaf nodes are specific
INFO: dtree.c(1478): Final simple tree
|( QUESTION0_13_R 1 -1.067e+04 1.964e+02 4.871e+01
|    ( - -4.098e+03 1 0)
|    ( - -6.374e+03 1 0))
s>    ( QUESTION0_13_R 1 -1.067e+04 1.964e+02 4.871e+01
s>        ( - -4.098e+03 1 0)
s>        ( - -6.374e+03 1 0))INFO: dtree.c(1315): Comp split 16
INFO: dtree.c(1439): stop. leaf nodes are specific
INFO: dtree.c(1478): Final simple tree
|( QUESTION15 1 -6.143e+04 1.787e+02 2.841e+02
|    ( - -4.802e+04 1 0)
|    ( QUESTION0_3_R 1 -1.323e+04 1.270e+02 6.101e+01
|        ( - -5.949e+03 1 0)
|        ( - -7.155e+03 1 0)))
s>    ( QUESTION15 1 -6.143e+04 1.787e+02 2.841e+02
s>        ( - -4.802e+04 1 0)
s>        ( QUESTION0_3_R 1 -1.323e+04 1.270e+02 6.101e+01
s>            ( - -5.949e+03 1 0)
s>            ( - -7.155e+03 1 0)))INFO: dtree.c(1315): Comp split 17
INFO: dtree.c(1439): stop. leaf nodes are specific
INFO: dtree.c(1478): Final simple tree
|( QUESTION0_13_R 1 -3.148e+04 2.203e+02 1.406e+02
|    ( - -8.553e+03 1 0)
|    ( - -2.270e+04 3 0))
s>    ( QUESTION0_13_R 1 -3.148e+04 2.203e+02 1.406e+02
s>        ( - -8.553e+03 1 0)
s>        ( - -2.270e+04 3 0))INFO: dtree.c(1315): Comp split 18
INFO: dtree.c(1439): stop. leaf nodes are specific
INFO: dtree.c(1478): Final simple tree
|( QUESTION0_0_R 1 -3.175e+04 2.122e+02 1.413e+02
|    ( - -3.219e+02 1 0)
|    ( QUESTION0 1 -3.122e+04 1.289e+02 1.393e+02
|        ( - -3.218e+03 1 0)
|        ( - -2.787e+04 2 0)))
s>    ( QUESTION0_0_R 1 -3.175e+04 2.122e+02 1.413e+02
s>        ( - -3.219e+02 1 0)
s>        ( QUESTION0 1 -3.122e+04 1.289e+02 1.393e+02
s>            ( - -3.218e+03 1 0)
s>            ( - -2.787e+04 2 0)))INFO: dtree.c(1439): stop. leaf nodes are specific
INFO: dtree.c(1478): Final simple tree
|( QUESTION0_6_R 1 -2.003e+04 2.186e+02 9.025e+01
|    ( - -4.043e+03 1 0)
|    ( - -1.576e+04 1 0))
s>    ( QUESTION0_6_R 1 -2.003e+04 2.186e+02 9.025e+01
s>        ( - -4.043e+03 1 0)
s>        ( - -1.576e+04 1 0))INFO: dtree.c(1315): Comp split 19
INFO: dtree.c(1315): Comp split 20
INFO: dtree.c(1439): stop. leaf nodes are specific
INFO: dtree.c(1478): Final simple tree
|( QUESTION0_6_R 1 -2.933e+04 1.817e+02 1.312e+02
|    ( - -2.508e+02 1 0)
|    ( WDBNDRY_E 0 -2.890e+04 1.698e+02 1.292e+02
|        ( QUESTION0_0_R 1 -2.824e+04 1.403e+02 1.262e+02
|            ( - -2.517e+04 2 0)
|            ( - -2.926e+03 1 0))
|        ( - -4.973e+02 1 0)))
s>    ( QUESTION0_6_R 1 -2.933e+04 1.817e+02 1.312e+02
s>        ( - -2.508e+02 1 0)
s>        ( WDBNDRY_E 0 -2.890e+04 1.698e+02 1.292e+02
s>            ( QUESTION0_0_R 1 -2.824e+04 1.403e+02 1.262e+02
s>                ( - -2.517e+04 2 0)
s>                ( - -2.926e+03 1 0))
s>            ( - -4.973e+02 1 0)))INFO: dtree.c(1315): Comp split 21
INFO: dtree.c(1315): Comp split 22
INFO: dtree.c(1439): stop. leaf nodes are specific
INFO: dtree.c(1478): Final simple tree
|( QUESTION0 1 -3.122e+04 1.289e+02 1.393e+02
|    ( - -3.218e+03 1 0)
|    ( - -2.787e+04 2 0))
s>    ( QUESTION0 1 -3.122e+04 1.289e+02 1.393e+02
s>        ( - -3.218e+03 1 0)
s>        ( - -2.787e+04 2 0))INFO: dtree.c(1315): Comp split 23
INFO: dtree.c(1315): Comp split 24
INFO: dtree.c(1315): Comp split 25
INFO: dtree.c(1439): stop. leaf nodes are specific
INFO: dtree.c(1478): Final simple tree
|( WDBNDRY_E 0 -2.890e+04 1.698e+02 1.292e+02
|    ( QUESTION0_0_R 1 -2.824e+04 1.403e+02 1.262e+02
|        ( - -2.517e+04 2 0)
|        ( - -2.926e+03 1 0))
|    ( - -4.973e+02 1 0))
s>    ( WDBNDRY_E 0 -2.890e+04 1.698e+02 1.292e+02
s>        ( QUESTION0_0_R 1 -2.824e+04 1.403e+02 1.262e+02
s>            ( - -2.517e+04 2 0)
s>            ( - -2.926e+03 1 0))
s>        ( - -4.973e+02 1 0))INFO: dtree.c(1315): Comp split 26
INFO: dtree.c(1315): Comp split 27
INFO: dtree.c(1439): stop. leaf nodes are specific
INFO: dtree.c(1478): Final simple tree
|( QUESTION0_3_R 1 -1.323e+04 1.270e+02 6.101e+01
|    ( - -5.949e+03 1 0)
|    ( - -7.155e+03 1 0))
s>    ( QUESTION0_3_R 1 -1.323e+04 1.270e+02 6.101e+01
s>        ( - -5.949e+03 1 0)
s>        ( - -7.155e+03 1 0))INFO: dtree.c(1315): Comp split 28
INFO: dtree.c(1439): stop. leaf nodes are specific
INFO: dtree.c(1478): Final simple tree
|( QUESTION17 1 -1.021e+04 1.519e+02 4.630e+01
|    ( - -7.061e+02 1 0)
|    ( QUESTION0_0_R 1 -9.355e+03 1.283e+02 4.230e+01
|        ( - -2.516e+03 1 0)
|        ( - -6.711e+03 1 0)))
s>    ( QUESTION17 1 -1.021e+04 1.519e+02 4.630e+01
s>        ( - -7.061e+02 1 0)
s>        ( QUESTION0_0_R 1 -9.355e+03 1.283e+02 4.230e+01
s>            ( - -2.516e+03 1 0)
s>            ( - -6.711e+03 1 0)))INFO: dtree.c(1439): stop. leaf nodes are specific
INFO: dtree.c(1478): Final simple tree
|( QUESTION14 1 -9.524e+03 1.336e+02 4.366e+01
|    ( - -7.933e+03 1 0)
|    ( - -1.458e+03 1 0))
s>    ( QUESTION14 1 -9.524e+03 1.336e+02 4.366e+01
s>        ( - -7.933e+03 1 0)
s>        ( - -1.458e+03 1 0))INFO: dtree.c(1315): Comp split 29
INFO: dtree.c(1439): stop. leaf nodes are specific
INFO: dtree.c(1478): Final simple tree
|( QUESTION0_0_R 1 -2.824e+04 1.403e+02 1.262e+02
|    ( - -2.517e+04 2 0)
|    ( - -2.926e+03 1 0))
s>    ( QUESTION0_0_R 1 -2.824e+04 1.403e+02 1.262e+02
s>        ( - -2.517e+04 2 0)
s>        ( - -2.926e+03 1 0))INFO: dtree.c(1315): Comp split 30
INFO: dtree.c(1439): stop. leaf nodes are specific
INFO: dtree.c(1478): Final simple tree
|( QUESTION0_0_R 1 -9.355e+03 1.283e+02 4.230e+01
|    ( - -2.516e+03 1 0)
|    ( - -6.711e+03 1 0))
s>    ( QUESTION0_0_R 1 -9.355e+03 1.283e+02 4.230e+01
s>        ( - -2.516e+03 1 0)
s>        ( - -6.711e+03 1 0))INFO: dtree.c(1315): Comp split 31
INFO: dtree.c(1315): Comp split 32
INFO: dtree.c(1315): Comp split 33
INFO: dtree.c(1315): Comp split 34
INFO: dtree.c(1315): Comp split 35
INFO: dtree.c(1315): Comp split 36
INFO: dtree.c(1315): Comp split 37
INFO: dtree.c(1318): stop. leaf nodes are specific
Wed Dec 20 23:52:22 2017
