Current configuration:
[NAME]		[DEFLT]	[VALUE]
-allphones	no	no
-cntthresh	0.00001	1.000000e-05
-csplitmax	100	2000
-csplitmin	1	1
-csplitthr	8e-4	0.000000e+00
-example	no	no
-fullvar	no	no
-help		no	no
-meanfn			/home/alex/repos/speech/an4/model_parameters/an4.cd_cont_untied/means
-mixwfn			/home/alex/repos/speech/an4/model_parameters/an4.cd_cont_untied/mixture_weights
-moddeffn		/home/alex/repos/speech/an4/model_architecture/an4.untied.mdef
-mwfloor	1e-4	1.000000e-08
-phone			OW
-psetfn			/home/alex/repos/speech/an4/model_architecture/an4.tree_questions
-ssplitmax	5	7
-ssplitmin	1	1
-ssplitthr	8e-4	0.000000e+00
-state			0
-stwt			1.0,0.05,0.0,
-treefn			/home/alex/repos/speech/an4/trees/an4.unpruned/OW-0.dtree
-ts2cbfn	.semi.	.cont.
-varfloor	0.00001	1.000000e-05
-varfn			/home/alex/repos/speech/an4/model_parameters/an4.cd_cont_untied/variances

INFO: main.c(223): Reading: /home/alex/repos/speech/an4/model_architecture/an4.untied.mdef
INFO: model_def_io.c(573): Model definition info:
INFO: model_def_io.c(574): 1618 total models defined (34 base, 1584 tri)
INFO: model_def_io.c(575): 6472 total states
INFO: model_def_io.c(576): 4854 total tied states
INFO: model_def_io.c(577): 102 total tied CI states
INFO: model_def_io.c(578): 34 total tied transition matrices
INFO: model_def_io.c(579): 4 max state/model
INFO: model_def_io.c(580): 4 min state/model
INFO: main.c(242): Building trees for [OW AY AA s] through [OW V SIL s]
INFO: main.c(269): Covering states |[3225 3578]| == 354
INFO: main.c(275): Reading: /home/alex/repos/speech/an4/model_parameters/an4.cd_cont_untied/mixture_weights
INFO: s3mixw_io.c(173): Read /home/alex/repos/speech/an4/model_parameters/an4.cd_cont_untied/mixture_weights [354x1x1 array]
INFO: main.c(311): 118 of 118 models have observation count greater than 0.000010
INFO: main.c(95): nrm stwt: 0.952 0.048 0.000 
INFO: s3gau_io.c(169): Read /home/alex/repos/speech/an4/model_parameters/an4.cd_cont_untied/means [4854x1x1 array]
INFO: s3gau_io.c(169): Read /home/alex/repos/speech/an4/model_parameters/an4.cd_cont_untied/variances [4854x1x1 array]
INFO: main.c(549): Reading: /home/alex/repos/speech/an4/model_architecture/an4.tree_questions
INFO: main.c(588): 180 total simple questions (172 phone; 8 word bndry)
INFO: main.c(590): 42 Left Only questions, and 42 Right Only questions
INFO: dtree.c(1478): Final simple tree
|( WDBNDRY_E 0 -5.705e+05 1.543e+03 2.490e+03
|    ( QUESTION2 -1 -4.586e+04 1.039e+03 1.958e+02
|        ( - -1.319e+04 1 0)
|        ( QUESTION1 -1 -3.163e+04 5.245e+02 1.407e+02
|            ( - -2.246e+04 7 0 SILENCE 1 4.219e+02 1.005e+02)
|            ( - -8.648e+03 1 0)))
|    ( QUESTION2_15_L -1 -5.231e+05 9.138e+02 2.294e+03
|        ( QUESTION2 -1 -2.143e+05 7.822e+02 9.491e+02
|            ( - -4.599e+04 11 0 QUESTION0_7_R 1 2.488e+02 2.031e+02)
|            ( QUESTION6 -1 -1.676e+05 4.768e+02 7.460e+02
|                ( - -2.283e+04 5 0 QUESTION0_20_R 1 2.209e+02 9.894e+01)
|                ( - -1.443e+05 35 0 QUESTION0 -1 3.646e+02 6.471e+02)))
|        ( QUESTION2 1 -3.079e+05 5.468e+02 1.345e+03
|            ( - -1.185e+04 3 0 QUESTION0 -1 1.420e+02 5.800e+01)
|            ( - -2.955e+05 55 0 QUESTION2_13_L -1 4.532e+02 1.287e+03))))
s>    ( WDBNDRY_E 0 -5.705e+05 1.543e+03 2.490e+03
s>        ( QUESTION2 -1 -4.586e+04 1.039e+03 1.958e+02
s>            ( - -1.319e+04 1 0)
s>            ( QUESTION1 -1 -3.163e+04 5.245e+02 1.407e+02
s>                ( - -2.246e+04 7 0 SILENCE 1 4.219e+02 1.005e+02)
s>                ( - -8.648e+03 1 0)))
s>        ( QUESTION2_15_L -1 -5.231e+05 9.138e+02 2.294e+03
s>            ( QUESTION2 -1 -2.143e+05 7.822e+02 9.491e+02
s>                ( - -4.599e+04 11 0 QUESTION0_7_R 1 2.488e+02 2.031e+02)
s>                ( QUESTION6 -1 -1.676e+05 4.768e+02 7.460e+02
s>                    ( - -2.283e+04 5 0 QUESTION0_20_R 1 2.209e+02 9.894e+01)
s>                    ( - -1.443e+05 35 0 QUESTION0 -1 3.646e+02 6.471e+02)))
s>            ( QUESTION2 1 -3.079e+05 5.468e+02 1.345e+03
s>                ( - -1.185e+04 3 0 QUESTION0 -1 1.420e+02 5.800e+01)
s>                ( - -2.955e+05 55 0 QUESTION2_13_L -1 4.532e+02 1.287e+03))))INFO: dtree.c(1315): Comp split 0
INFO: dtree.c(1478): Final simple tree
|( WDBNDRY_E 0 -1.799e+05 9.769e+02 8.056e+02
|    ( SILENCE 1 -2.246e+04 4.219e+02 1.005e+02
|        ( - -1.197e+04 1 0)
|        ( - -1.007e+04 6 0 QUESTION0_0_R 1 2.364e+02 4.685e+01))
|    ( QUESTION2_20_L -1 -1.565e+05 4.039e+02 7.051e+02
|        ( QUESTION0_11_R 1 -8.577e+04 4.613e+02 3.847e+02
|            ( - 1.572e+02 1 0)
|            ( - -8.547e+04 21 0 QUESTION0_3_R 1 2.719e+02 3.837e+02))
|        ( QUESTION0_14_R 1 -7.033e+04 3.615e+02 3.204e+02
|            ( - -1.185e+04 3 0 QUESTION0 -1 1.420e+02 5.800e+01)
|            ( QUESTION4 1 -5.812e+04 3.253e+02 2.624e+02
|                ( - -6.744e+03 1 0)
|                ( QUESTION0_0_R 1 -5.105e+04 3.227e+02 2.284e+02
|                    ( - -4.159e+04 8 0 QUESTION18 1 2.349e+02 1.881e+02)
|                    ( - -9.138e+03 4 0 SILENCE 1 2.099e+02 4.027e+01))))))
s>    ( WDBNDRY_E 0 -1.799e+05 9.769e+02 8.056e+02
s>        ( SILENCE 1 -2.246e+04 4.219e+02 1.005e+02
s>            ( - -1.197e+04 1 0)
s>            ( - -1.007e+04 6 0 QUESTION0_0_R 1 2.364e+02 4.685e+01))
s>        ( QUESTION2_20_L -1 -1.565e+05 4.039e+02 7.051e+02
s>            ( QUESTION0_11_R 1 -8.577e+04 4.613e+02 3.847e+02
s>                ( - 1.572e+02 1 0)
s>                ( - -8.547e+04 21 0 QUESTION0_3_R 1 2.719e+02 3.837e+02))
s>            ( QUESTION0_14_R 1 -7.033e+04 3.615e+02 3.204e+02
s>                ( - -1.185e+04 3 0 QUESTION0 -1 1.420e+02 5.800e+01)
s>                ( QUESTION4 1 -5.812e+04 3.253e+02 2.624e+02
s>                    ( - -6.744e+03 1 0)
s>                    ( QUESTION0_0_R 1 -5.105e+04 3.227e+02 2.284e+02
s>                        ( - -4.159e+04 8 0 QUESTION18 1 2.349e+02 1.881e+02)
s>                        ( - -9.138e+03 4 0 SILENCE 1 2.099e+02 4.027e+01))))))INFO: dtree.c(1478): Final simple tree
|( WDBNDRY_E 0 -3.889e+05 1.314e+03 1.685e+03
|    ( QUESTION1 -1 -2.255e+04 7.074e+02 9.524e+01
|        ( - -1.319e+04 1 0)
|        ( - -8.648e+03 1 0))
|    ( QUESTION1 -1 -3.651e+05 5.068e+02 1.589e+03
|        ( - -6.908e+04 16 0 QUESTION0_7_R 1 2.547e+02 3.020e+02)
|        ( QUESTION2_13_L -1 -2.955e+05 4.532e+02 1.287e+03
|            ( SILENCE 1 -1.289e+05 3.281e+02 5.608e+02
|                ( - -7.926e+03 2 0)
|                ( QUESTION0_1_R 1 -1.207e+05 3.523e+02 5.228e+02
|                    ( - -2.297e+04 2 0)
|                    ( - -9.733e+04 12 0 QUESTION10 1 2.055e+02 4.179e+02)))
|            ( QUESTION2_11_L -1 -1.661e+05 3.371e+02 7.266e+02
|                ( - -2.427e+04 7 0 QUESTION0_12_R 1 1.956e+02 1.082e+02)
|                ( - -1.415e+05 32 0 QUESTION15 -1 2.997e+02 6.183e+02)))))
s>    ( WDBNDRY_E 0 -3.889e+05 1.314e+03 1.685e+03
s>        ( QUESTION1 -1 -2.255e+04 7.074e+02 9.524e+01
s>            ( - -1.319e+04 1 0)
s>            ( - -8.648e+03 1 0))
s>        ( QUESTION1 -1 -3.651e+05 5.068e+02 1.589e+03
s>            ( - -6.908e+04 16 0 QUESTION0_7_R 1 2.547e+02 3.020e+02)
s>            ( QUESTION2_13_L -1 -2.955e+05 4.532e+02 1.287e+03
s>                ( SILENCE 1 -1.289e+05 3.281e+02 5.608e+02
s>                    ( - -7.926e+03 2 0)
s>                    ( QUESTION0_1_R 1 -1.207e+05 3.523e+02 5.228e+02
s>                        ( - -2.297e+04 2 0)
s>                        ( - -9.733e+04 12 0 QUESTION10 1 2.055e+02 4.179e+02)))
s>                ( QUESTION2_11_L -1 -1.661e+05 3.371e+02 7.266e+02
s>                    ( - -2.427e+04 7 0 QUESTION0_12_R 1 1.956e+02 1.082e+02)
s>                    ( - -1.415e+05 32 0 QUESTION15 -1 2.997e+02 6.183e+02)))))INFO: dtree.c(1315): Comp split 1
INFO: dtree.c(1478): Final simple tree
|( QUESTION1 -1 -3.651e+05 5.068e+02 1.589e+03
|    ( - -6.908e+04 16 0 QUESTION0_7_R 1 2.547e+02 3.020e+02)
|    ( QUESTION2_13_L -1 -2.955e+05 4.532e+02 1.287e+03
|        ( SILENCE 1 -1.289e+05 3.281e+02 5.608e+02
|            ( - -7.926e+03 2 0)
|            ( QUESTION0_1_R 1 -1.207e+05 3.523e+02 5.228e+02
|                ( - -2.297e+04 2 0)
|                ( - -9.733e+04 12 0 QUESTION10 1 2.055e+02 4.179e+02)))
|        ( QUESTION2_11_L -1 -1.661e+05 3.371e+02 7.266e+02
|            ( - -2.427e+04 7 0 QUESTION0_12_R 1 1.956e+02 1.082e+02)
|            ( QUESTION15 -1 -1.415e+05 2.997e+02 6.183e+02
|                ( - -3.556e+04 8 0 QUESTION0_8_R 1 1.733e+02 1.596e+02)
|                ( SILENCE -1 -1.057e+05 2.673e+02 4.587e+02
|                    ( - -2.902e+04 5 0 QUESTION5 1 2.184e+02 1.265e+02)
|                    ( - -7.636e+04 19 0 QUESTION0_4_R 1 2.626e+02 3.322e+02))))))
s>    ( QUESTION1 -1 -3.651e+05 5.068e+02 1.589e+03
s>        ( - -6.908e+04 16 0 QUESTION0_7_R 1 2.547e+02 3.020e+02)
s>        ( QUESTION2_13_L -1 -2.955e+05 4.532e+02 1.287e+03
s>            ( SILENCE 1 -1.289e+05 3.281e+02 5.608e+02
s>                ( - -7.926e+03 2 0)
s>                ( QUESTION0_1_R 1 -1.207e+05 3.523e+02 5.228e+02
s>                    ( - -2.297e+04 2 0)
s>                    ( - -9.733e+04 12 0 QUESTION10 1 2.055e+02 4.179e+02)))
s>            ( QUESTION2_11_L -1 -1.661e+05 3.371e+02 7.266e+02
s>                ( - -2.427e+04 7 0 QUESTION0_12_R 1 1.956e+02 1.082e+02)
s>                ( QUESTION15 -1 -1.415e+05 2.997e+02 6.183e+02
s>                    ( - -3.556e+04 8 0 QUESTION0_8_R 1 1.733e+02 1.596e+02)
s>                    ( SILENCE -1 -1.057e+05 2.673e+02 4.587e+02
s>                        ( - -2.902e+04 5 0 QUESTION5 1 2.184e+02 1.265e+02)
s>                        ( - -7.636e+04 19 0 QUESTION0_4_R 1 2.626e+02 3.322e+02))))))INFO: dtree.c(1439): stop. leaf nodes are specific
INFO: dtree.c(1478): Final simple tree
|( QUESTION1 -1 -2.255e+04 7.074e+02 9.524e+01
|    ( - -1.319e+04 1 0)
|    ( - -8.648e+03 1 0))
s>    ( QUESTION1 -1 -2.255e+04 7.074e+02 9.524e+01
s>        ( - -1.319e+04 1 0)
s>        ( - -8.648e+03 1 0))INFO: dtree.c(1315): Comp split 2
INFO: dtree.c(1478): Final simple tree
|( QUESTION2_20_L -1 -1.562e+05 4.049e+02 7.041e+02
|    ( QUESTION0_3_R 1 -8.547e+04 2.719e+02 3.837e+02
|        ( - -1.199e+03 2 0)
|        ( QUESTION0_1_R 1 -8.400e+04 2.752e+02 3.777e+02
|            ( - -8.133e+03 3 0)
|            ( QUESTION1 1 -7.559e+04 2.414e+02 3.414e+02
|                ( - -9.782e+03 2 0)
|                ( - -6.557e+04 14 0 QUESTION0_7_R 1 2.381e+02 2.955e+02))))
|    ( QUESTION0_14_R 1 -7.033e+04 3.615e+02 3.204e+02
|        ( - -1.185e+04 3 0 QUESTION0 -1 1.420e+02 5.800e+01)
|        ( QUESTION4 1 -5.812e+04 3.253e+02 2.624e+02
|            ( - -6.744e+03 1 0)
|            ( QUESTION0_0_R 1 -5.105e+04 3.227e+02 2.284e+02
|                ( - -4.159e+04 8 0 QUESTION18 1 2.349e+02 1.881e+02)
|                ( - -9.138e+03 4 0 SILENCE 1 2.099e+02 4.027e+01)))))
s>    ( QUESTION2_20_L -1 -1.562e+05 4.049e+02 7.041e+02
s>        ( QUESTION0_3_R 1 -8.547e+04 2.719e+02 3.837e+02
s>            ( - -1.199e+03 2 0)
s>            ( QUESTION0_1_R 1 -8.400e+04 2.752e+02 3.777e+02
s>                ( - -8.133e+03 3 0)
s>                ( QUESTION1 1 -7.559e+04 2.414e+02 3.414e+02
s>                    ( - -9.782e+03 2 0)
s>                    ( - -6.557e+04 14 0 QUESTION0_7_R 1 2.381e+02 2.955e+02))))
s>        ( QUESTION0_14_R 1 -7.033e+04 3.615e+02 3.204e+02
s>            ( - -1.185e+04 3 0 QUESTION0 -1 1.420e+02 5.800e+01)
s>            ( QUESTION4 1 -5.812e+04 3.253e+02 2.624e+02
s>                ( - -6.744e+03 1 0)
s>                ( QUESTION0_0_R 1 -5.105e+04 3.227e+02 2.284e+02
s>                    ( - -4.159e+04 8 0 QUESTION18 1 2.349e+02 1.881e+02)
s>                    ( - -9.138e+03 4 0 SILENCE 1 2.099e+02 4.027e+01)))))INFO: dtree.c(1439): stop. leaf nodes are specific
INFO: dtree.c(1478): Final simple tree
|( WDBNDRY_E 0 -2.276e+04 4.530e+02 1.015e+02
|    ( SILENCE 1 -2.246e+04 4.219e+02 1.005e+02
|        ( - -1.197e+04 1 0)
|        ( QUESTION0_0_R 1 -1.007e+04 2.364e+02 4.685e+01
|            ( QUESTION0_6_R 1 -9.216e+03 2.227e+02 4.285e+01
|                ( - -1.778e+02 1 0)
|                ( QUESTION0_5_R 1 -8.815e+03 1.734e+02 4.085e+01
|                    ( - -1.306e+03 1 0)
|                    ( QUESTION0_1_R 1 -7.337e+03 1.707e+02 3.484e+01
|                        ( - -6.268e+03 2 0)
|                        ( - -8.976e+02 1 0))))
|            ( - -6.169e+02 1 0)))
|    ( - 1.572e+02 1 0))
s>    ( WDBNDRY_E 0 -2.276e+04 4.530e+02 1.015e+02
s>        ( SILENCE 1 -2.246e+04 4.219e+02 1.005e+02
s>            ( - -1.197e+04 1 0)
s>            ( QUESTION0_0_R 1 -1.007e+04 2.364e+02 4.685e+01
s>                ( QUESTION0_6_R 1 -9.216e+03 2.227e+02 4.285e+01
s>                    ( - -1.778e+02 1 0)
s>                    ( QUESTION0_5_R 1 -8.815e+03 1.734e+02 4.085e+01
s>                        ( - -1.306e+03 1 0)
s>                        ( QUESTION0_1_R 1 -7.337e+03 1.707e+02 3.484e+01
s>                            ( - -6.268e+03 2 0)
s>                            ( - -8.976e+02 1 0))))
s>                ( - -6.169e+02 1 0)))
s>        ( - 1.572e+02 1 0))INFO: dtree.c(1315): Comp split 3
INFO: dtree.c(1315): Comp split 4
INFO: dtree.c(1478): Final simple tree
|( QUESTION2_13_L -1 -2.393e+05 4.332e+02 1.036e+03
|    ( - -9.733e+04 12 0 QUESTION10 1 2.055e+02 4.179e+02)
|    ( QUESTION15 -1 -1.415e+05 2.997e+02 6.183e+02
|        ( - -3.556e+04 8 0 QUESTION0_8_R 1 1.733e+02 1.596e+02)
|        ( SILENCE -1 -1.057e+05 2.673e+02 4.587e+02
|            ( - -2.902e+04 5 0 QUESTION5 1 2.184e+02 1.265e+02)
|            ( QUESTION0_4_R 1 -7.636e+04 2.626e+02 3.322e+02
|                ( QUESTION0 -1 -1.718e+04 2.270e+02 7.901e+01
|                    ( - -9.530e+02 1 0)
|                    ( - -1.600e+04 1 0))
|                ( QUESTION0_15_R 1 -5.891e+04 2.586e+02 2.532e+02
|                    ( - -4.567e+02 1 0)
|                    ( QUESTION2_0_L -1 -5.820e+04 2.276e+02 2.502e+02
|                        ( - -2.906e+03 1 0)
|                        ( - -5.507e+04 15 0 QUESTION0_9_R 1 2.149e+02 2.372e+02)))))))
s>    ( QUESTION2_13_L -1 -2.393e+05 4.332e+02 1.036e+03
s>        ( - -9.733e+04 12 0 QUESTION10 1 2.055e+02 4.179e+02)
s>        ( QUESTION15 -1 -1.415e+05 2.997e+02 6.183e+02
s>            ( - -3.556e+04 8 0 QUESTION0_8_R 1 1.733e+02 1.596e+02)
s>            ( SILENCE -1 -1.057e+05 2.673e+02 4.587e+02
s>                ( - -2.902e+04 5 0 QUESTION5 1 2.184e+02 1.265e+02)
s>                ( QUESTION0_4_R 1 -7.636e+04 2.626e+02 3.322e+02
s>                    ( QUESTION0 -1 -1.718e+04 2.270e+02 7.901e+01
s>                        ( - -9.530e+02 1 0)
s>                        ( - -1.600e+04 1 0))
s>                    ( QUESTION0_15_R 1 -5.891e+04 2.586e+02 2.532e+02
s>                        ( - -4.567e+02 1 0)
s>                        ( QUESTION2_0_L -1 -5.820e+04 2.276e+02 2.502e+02
s>                            ( - -2.906e+03 1 0)
s>                            ( - -5.507e+04 15 0 QUESTION0_9_R 1 2.149e+02 2.372e+02)))))))INFO: dtree.c(1478): Final simple tree
|( QUESTION1 -1 -1.252e+05 4.768e+02 5.531e+02
|    ( QUESTION0_7_R 1 -6.908e+04 2.547e+02 3.020e+02
|        ( - -6.561e+02 1 0)
|        ( QUESTION2 -1 -6.817e+04 2.463e+02 2.980e+02
|            ( QUESTION0_3_R 1 -4.509e+04 2.454e+02 1.991e+02
|                ( - -7.622e+03 1 0)
|                ( QUESTION0_20_R 1 -3.722e+04 2.148e+02 1.641e+02
|                    ( - -2.188e+03 1 0)
|                    ( - -3.482e+04 8 0 QUESTION0_14_R 1 2.156e+02 1.531e+02)))
|            ( QUESTION0_20_R 1 -2.283e+04 2.209e+02 9.894e+01
|                ( - -9.500e+02 1 0)
|                ( - -2.166e+04 4 0 QUESTION0_9_R 1 1.650e+02 9.394e+01))))
|    ( QUESTION2_7_L -1 -5.567e+04 3.449e+02 2.511e+02
|        ( - -2.427e+04 7 0 QUESTION0_12_R 1 1.956e+02 1.082e+02)
|        ( - -3.105e+04 4 0 SILENCE 1 1.556e+02 1.428e+02)))
s>    ( QUESTION1 -1 -1.252e+05 4.768e+02 5.531e+02
s>        ( QUESTION0_7_R 1 -6.908e+04 2.547e+02 3.020e+02
s>            ( - -6.561e+02 1 0)
s>            ( QUESTION2 -1 -6.817e+04 2.463e+02 2.980e+02
s>                ( QUESTION0_3_R 1 -4.509e+04 2.454e+02 1.991e+02
s>                    ( - -7.622e+03 1 0)
s>                    ( QUESTION0_20_R 1 -3.722e+04 2.148e+02 1.641e+02
s>                        ( - -2.188e+03 1 0)
s>                        ( - -3.482e+04 8 0 QUESTION0_14_R 1 2.156e+02 1.531e+02)))
s>                ( QUESTION0_20_R 1 -2.283e+04 2.209e+02 9.894e+01
s>                    ( - -9.500e+02 1 0)
s>                    ( - -2.166e+04 4 0 QUESTION0_9_R 1 1.650e+02 9.394e+01))))
s>        ( QUESTION2_7_L -1 -5.567e+04 3.449e+02 2.511e+02
s>            ( - -2.427e+04 7 0 QUESTION0_12_R 1 1.956e+02 1.082e+02)
s>            ( - -3.105e+04 4 0 SILENCE 1 1.556e+02 1.428e+02)))INFO: dtree.c(1315): Comp split 5
INFO: dtree.c(1478): Final simple tree
|( QUESTION0 -1 -1.369e+05 3.601e+02 6.121e+02
|    ( QUESTION0_0_R 1 -5.105e+04 3.227e+02 2.284e+02
|        ( - -4.159e+04 8 0 QUESTION18 1 2.349e+02 1.881e+02)
|        ( - -9.138e+03 4 0 SILENCE 1 2.099e+02 4.027e+01))
|    ( QUESTION0_3_R 1 -8.547e+04 2.719e+02 3.837e+02
|        ( - -1.199e+03 2 0)
|        ( QUESTION0_1_R 1 -8.400e+04 2.752e+02 3.777e+02
|            ( - -8.133e+03 3 0)
|            ( QUESTION1 1 -7.559e+04 2.414e+02 3.414e+02
|                ( - -9.782e+03 2 0)
|                ( QUESTION0_7_R 1 -6.557e+04 2.381e+02 2.955e+02
|                    ( - -3.203e+03 1 0)
|                    ( QUESTION11 1 -6.212e+04 2.396e+02 2.805e+02
|                        ( - -2.791e+02 1 0)
|                        ( - -6.161e+04 12 0 QUESTION16 1 1.936e+02 2.785e+02)))))))
s>    ( QUESTION0 -1 -1.369e+05 3.601e+02 6.121e+02
s>        ( QUESTION0_0_R 1 -5.105e+04 3.227e+02 2.284e+02
s>            ( - -4.159e+04 8 0 QUESTION18 1 2.349e+02 1.881e+02)
s>            ( - -9.138e+03 4 0 SILENCE 1 2.099e+02 4.027e+01))
s>        ( QUESTION0_3_R 1 -8.547e+04 2.719e+02 3.837e+02
s>            ( - -1.199e+03 2 0)
s>            ( QUESTION0_1_R 1 -8.400e+04 2.752e+02 3.777e+02
s>                ( - -8.133e+03 3 0)
s>                ( QUESTION1 1 -7.559e+04 2.414e+02 3.414e+02
s>                    ( - -9.782e+03 2 0)
s>                    ( QUESTION0_7_R 1 -6.557e+04 2.381e+02 2.955e+02
s>                        ( - -3.203e+03 1 0)
s>                        ( QUESTION11 1 -6.212e+04 2.396e+02 2.805e+02
s>                            ( - -2.791e+02 1 0)
s>                            ( - -6.161e+04 12 0 QUESTION16 1 1.936e+02 2.785e+02)))))))INFO: dtree.c(1439): stop. leaf nodes are specific
INFO: dtree.c(1478): Final simple tree
|( QUESTION0_13_R 1 -1.879e+04 1.929e+02 9.201e+01
|    ( QUESTION0 -1 -1.185e+04 1.420e+02 5.800e+01
|        ( - -2.205e+03 1 0)
|        ( - -9.502e+03 2 0))
|    ( - -6.744e+03 1 0))
s>    ( QUESTION0_13_R 1 -1.879e+04 1.929e+02 9.201e+01
s>        ( QUESTION0 -1 -1.185e+04 1.420e+02 5.800e+01
s>            ( - -2.205e+03 1 0)
s>            ( - -9.502e+03 2 0))
s>        ( - -6.744e+03 1 0))INFO: dtree.c(1315): Comp split 6
INFO: dtree.c(1478): Final simple tree
|( QUESTION15 -1 -1.365e+05 3.115e+02 5.973e+02
|    ( - -3.556e+04 8 0 QUESTION0_8_R 1 1.733e+02 1.596e+02)
|    ( QUESTION0_4_R 1 -1.006e+05 2.593e+02 4.377e+02
|        ( - -1.600e+04 1 0)
|        ( SILENCE -1 -8.438e+04 2.875e+02 3.637e+02
|            ( QUESTION5 1 -2.902e+04 2.184e+02 1.265e+02
|                ( - -1.046e+04 1 0)
|                ( QUESTION0_13_R 1 -1.835e+04 1.734e+02 8.030e+01
|                    ( - -2.572e+03 1 0)
|                    ( - -1.560e+04 3 0 QUESTION0_0_R 1 1.550e+02 6.830e+01)))
|            ( QUESTION0_9_R 1 -5.507e+04 2.149e+02 2.372e+02
|                ( QUESTION0_10_R 1 -2.369e+04 1.962e+02 1.032e+02
|                    ( - -2.022e+04 1 0)
|                    ( - -3.280e+03 1 0))
|                ( - -3.116e+04 13 0 QUESTION0_7_R 1 1.686e+02 1.341e+02)))))
s>    ( QUESTION15 -1 -1.365e+05 3.115e+02 5.973e+02
s>        ( - -3.556e+04 8 0 QUESTION0_8_R 1 1.733e+02 1.596e+02)
s>        ( QUESTION0_4_R 1 -1.006e+05 2.593e+02 4.377e+02
s>            ( - -1.600e+04 1 0)
s>            ( SILENCE -1 -8.438e+04 2.875e+02 3.637e+02
s>                ( QUESTION5 1 -2.902e+04 2.184e+02 1.265e+02
s>                    ( - -1.046e+04 1 0)
s>                    ( QUESTION0_13_R 1 -1.835e+04 1.734e+02 8.030e+01
s>                        ( - -2.572e+03 1 0)
s>                        ( - -1.560e+04 3 0 QUESTION0_0_R 1 1.550e+02 6.830e+01)))
s>                ( QUESTION0_9_R 1 -5.507e+04 2.149e+02 2.372e+02
s>                    ( QUESTION0_10_R 1 -2.369e+04 1.962e+02 1.032e+02
s>                        ( - -2.022e+04 1 0)
s>                        ( - -3.280e+03 1 0))
s>                    ( - -3.116e+04 13 0 QUESTION0_7_R 1 1.686e+02 1.341e+02)))))INFO: dtree.c(1478): Final simple tree
|( QUESTION10 1 -1.022e+05 2.049e+02 4.389e+02
|    ( - -3.837e+04 2 0)
|    ( QUESTION5 1 -6.366e+04 2.039e+02 2.707e+02
|        ( - -1.688e+03 1 0)
|        ( QUESTION0 -1 -6.177e+04 1.846e+02 2.627e+02
|            ( - -9.530e+02 1 0)
|            ( QUESTION0 1 -6.064e+04 1.703e+02 2.577e+02
|                ( QUESTION2_0_L -1 -3.046e+04 2.691e+02 1.281e+02
|                    ( - -4.567e+02 1 0)
|                    ( - -2.973e+04 5 0 QUESTION0_7_R 1 1.207e+02 1.251e+02))
|                ( QUESTION0_13_R 1 -3.001e+04 2.149e+02 1.296e+02
|                    ( - -9.047e+03 1 0)
|                    ( SILENCE 1 -2.074e+04 1.275e+02 8.864e+01
|                        ( - -2.906e+03 1 0)
|                        ( - -1.771e+04 3 0)))))))
s>    ( QUESTION10 1 -1.022e+05 2.049e+02 4.389e+02
s>        ( - -3.837e+04 2 0)
s>        ( QUESTION5 1 -6.366e+04 2.039e+02 2.707e+02
s>            ( - -1.688e+03 1 0)
s>            ( QUESTION0 -1 -6.177e+04 1.846e+02 2.627e+02
s>                ( - -9.530e+02 1 0)
s>                ( QUESTION0 1 -6.064e+04 1.703e+02 2.577e+02
s>                    ( QUESTION2_0_L -1 -3.046e+04 2.691e+02 1.281e+02
s>                        ( - -4.567e+02 1 0)
s>                        ( - -2.973e+04 5 0 QUESTION0_7_R 1 1.207e+02 1.251e+02))
s>                    ( QUESTION0_13_R 1 -3.001e+04 2.149e+02 1.296e+02
s>                        ( - -9.047e+03 1 0)
s>                        ( SILENCE 1 -2.074e+04 1.275e+02 8.864e+01
s>                            ( - -2.906e+03 1 0)
s>                            ( - -1.771e+04 3 0)))))))INFO: dtree.c(1315): Comp split 7
INFO: dtree.c(1478): Final simple tree
|( QUESTION0_7_R 1 -6.908e+04 2.547e+02 3.020e+02
|    ( - -6.561e+02 1 0)
|    ( QUESTION2 -1 -6.817e+04 2.463e+02 2.980e+02
|        ( QUESTION0_3_R 1 -4.509e+04 2.454e+02 1.991e+02
|            ( - -7.622e+03 1 0)
|            ( QUESTION0_20_R 1 -3.722e+04 2.148e+02 1.641e+02
|                ( - -2.188e+03 1 0)
|                ( QUESTION0_14_R 1 -3.482e+04 2.156e+02 1.531e+02
|                    ( - -1.822e+03 1 0)
|                    ( QUESTION9 1 -3.278e+04 2.019e+02 1.441e+02
|                        ( - -2.267e+03 1 0)
|                        ( - -3.031e+04 6 0 QUESTION0_2_R 1 1.750e+02 1.341e+02)))))
|        ( QUESTION0_20_R 1 -2.283e+04 2.209e+02 9.894e+01
|            ( - -9.500e+02 1 0)
|            ( - -2.166e+04 4 0 QUESTION0_9_R 1 1.650e+02 9.394e+01))))
s>    ( QUESTION0_7_R 1 -6.908e+04 2.547e+02 3.020e+02
s>        ( - -6.561e+02 1 0)
s>        ( QUESTION2 -1 -6.817e+04 2.463e+02 2.980e+02
s>            ( QUESTION0_3_R 1 -4.509e+04 2.454e+02 1.991e+02
s>                ( - -7.622e+03 1 0)
s>                ( QUESTION0_20_R 1 -3.722e+04 2.148e+02 1.641e+02
s>                    ( - -2.188e+03 1 0)
s>                    ( QUESTION0_14_R 1 -3.482e+04 2.156e+02 1.531e+02
s>                        ( - -1.822e+03 1 0)
s>                        ( QUESTION9 1 -3.278e+04 2.019e+02 1.441e+02
s>                            ( - -2.267e+03 1 0)
s>                            ( - -3.031e+04 6 0 QUESTION0_2_R 1 1.750e+02 1.341e+02)))))
s>            ( QUESTION0_20_R 1 -2.283e+04 2.209e+02 9.894e+01
s>                ( - -9.500e+02 1 0)
s>                ( - -2.166e+04 4 0 QUESTION0_9_R 1 1.650e+02 9.394e+01))))INFO: dtree.c(1478): Final simple tree
|( QUESTION2_7_L -1 -5.567e+04 3.449e+02 2.511e+02
|    ( QUESTION0_12_R 1 -2.427e+04 1.956e+02 1.082e+02
|        ( - -6.712e+03 1 0)
|        ( SILENCE 1 -1.736e+04 1.919e+02 7.825e+01
|            ( - -1.691e+03 1 0)
|            ( QUESTION0_1_R 1 -1.548e+04 1.584e+02 7.025e+01
|                ( QUESTION0 -1 -1.048e+04 1.830e+02 4.725e+01
|                    ( - -8.946e+03 2 0)
|                    ( - -1.348e+03 1 0))
|                ( QUESTION0_11_R 1 -4.844e+03 1.149e+02 2.300e+01
|                    ( - -2.398e+03 1 0)
|                    ( - -2.331e+03 1 0)))))
|    ( SILENCE 1 -3.105e+04 1.556e+02 1.428e+02
|        ( - -7.926e+03 2 0)
|        ( - -2.297e+04 2 0)))
s>    ( QUESTION2_7_L -1 -5.567e+04 3.449e+02 2.511e+02
s>        ( QUESTION0_12_R 1 -2.427e+04 1.956e+02 1.082e+02
s>            ( - -6.712e+03 1 0)
s>            ( SILENCE 1 -1.736e+04 1.919e+02 7.825e+01
s>                ( - -1.691e+03 1 0)
s>                ( QUESTION0_1_R 1 -1.548e+04 1.584e+02 7.025e+01
s>                    ( QUESTION0 -1 -1.048e+04 1.830e+02 4.725e+01
s>                        ( - -8.946e+03 2 0)
s>                        ( - -1.348e+03 1 0))
s>                    ( QUESTION0_11_R 1 -4.844e+03 1.149e+02 2.300e+01
s>                        ( - -2.398e+03 1 0)
s>                        ( - -2.331e+03 1 0)))))
s>        ( SILENCE 1 -3.105e+04 1.556e+02 1.428e+02
s>            ( - -7.926e+03 2 0)
s>            ( - -2.297e+04 2 0)))INFO: dtree.c(1315): Comp split 8
INFO: dtree.c(1439): stop. leaf nodes are specific
INFO: dtree.c(1478): Final simple tree
|( SILENCE 1 -2.246e+04 4.219e+02 1.005e+02
|    ( - -1.197e+04 1 0)
|    ( QUESTION0_0_R 1 -1.007e+04 2.364e+02 4.685e+01
|        ( QUESTION0_6_R 1 -9.216e+03 2.227e+02 4.285e+01
|            ( - -1.778e+02 1 0)
|            ( QUESTION0_5_R 1 -8.815e+03 1.734e+02 4.085e+01
|                ( - -1.306e+03 1 0)
|                ( QUESTION0_1_R 1 -7.337e+03 1.707e+02 3.484e+01
|                    ( - -6.268e+03 2 0)
|                    ( - -8.976e+02 1 0))))
|        ( - -6.169e+02 1 0)))
s>    ( SILENCE 1 -2.246e+04 4.219e+02 1.005e+02
s>        ( - -1.197e+04 1 0)
s>        ( QUESTION0_0_R 1 -1.007e+04 2.364e+02 4.685e+01
s>            ( QUESTION0_6_R 1 -9.216e+03 2.227e+02 4.285e+01
s>                ( - -1.778e+02 1 0)
s>                ( QUESTION0_5_R 1 -8.815e+03 1.734e+02 4.085e+01
s>                    ( - -1.306e+03 1 0)
s>                    ( QUESTION0_1_R 1 -7.337e+03 1.707e+02 3.484e+01
s>                        ( - -6.268e+03 2 0)
s>                        ( - -8.976e+02 1 0))))
s>            ( - -6.169e+02 1 0)))INFO: dtree.c(1315): Comp split 9
INFO: dtree.c(1439): stop. leaf nodes are specific
INFO: dtree.c(1478): Final simple tree
|( SILENCE 1 -1.343e+04 1.571e+02 5.971e+01
|    ( - -1.197e+04 1 0)
|    ( - -1.306e+03 1 0))
s>    ( SILENCE 1 -1.343e+04 1.571e+02 5.971e+01
s>        ( - -1.197e+04 1 0)
s>        ( - -1.306e+03 1 0))INFO: dtree.c(1439): stop. leaf nodes are specific
INFO: dtree.c(1478): Final simple tree
|( QUESTION0_0_R 1 -8.592e+03 2.418e+02 4.084e+01
|    ( QUESTION0_5_R 1 -7.734e+03 2.193e+02 3.684e+01
|        ( - -1.778e+02 1 0)
|        ( QUESTION0_1_R 1 -7.337e+03 1.707e+02 3.484e+01
|            ( - -6.268e+03 2 0)
|            ( - -8.976e+02 1 0)))
|    ( - -6.169e+02 1 0))
s>    ( QUESTION0_0_R 1 -8.592e+03 2.418e+02 4.084e+01
s>        ( QUESTION0_5_R 1 -7.734e+03 2.193e+02 3.684e+01
s>            ( - -1.778e+02 1 0)
s>            ( QUESTION0_1_R 1 -7.337e+03 1.707e+02 3.484e+01
s>                ( - -6.268e+03 2 0)
s>                ( - -8.976e+02 1 0)))
s>        ( - -6.169e+02 1 0))INFO: dtree.c(1315): Comp split 10
INFO: dtree.c(1478): Final simple tree
|( QUESTION0_3_R 1 -7.199e+04 2.735e+02 3.228e+02
|    ( - -1.199e+03 2 0)
|    ( QUESTION0_1_R 1 -7.052e+04 2.597e+02 3.168e+02
|        ( - -8.133e+03 3 0)
|        ( QUESTION11 1 -6.212e+04 2.396e+02 2.805e+02
|            ( - -2.791e+02 1 0)
|            ( QUESTION16 1 -6.161e+04 1.936e+02 2.785e+02
|                ( QUESTION0_0_R 1 -2.260e+04 1.458e+02 1.046e+02
|                    ( - -2.172e+04 2 0)
|                    ( - -7.275e+02 1 0))
|                ( QUESTION0_13_R 1 -3.882e+04 2.133e+02 1.740e+02
|                    ( - -2.263e+04 2 0)
|                    ( QUESTION0_0_R 1 -1.597e+04 1.607e+02 7.180e+01
|                        ( - -6.568e+03 3 0)
|                        ( - -9.242e+03 4 0)))))))
s>    ( QUESTION0_3_R 1 -7.199e+04 2.735e+02 3.228e+02
s>        ( - -1.199e+03 2 0)
s>        ( QUESTION0_1_R 1 -7.052e+04 2.597e+02 3.168e+02
s>            ( - -8.133e+03 3 0)
s>            ( QUESTION11 1 -6.212e+04 2.396e+02 2.805e+02
s>                ( - -2.791e+02 1 0)
s>                ( QUESTION16 1 -6.161e+04 1.936e+02 2.785e+02
s>                    ( QUESTION0_0_R 1 -2.260e+04 1.458e+02 1.046e+02
s>                        ( - -2.172e+04 2 0)
s>                        ( - -7.275e+02 1 0))
s>                    ( QUESTION0_13_R 1 -3.882e+04 2.133e+02 1.740e+02
s>                        ( - -2.263e+04 2 0)
s>                        ( QUESTION0_0_R 1 -1.597e+04 1.607e+02 7.180e+01
s>                            ( - -6.568e+03 3 0)
s>                            ( - -9.242e+03 4 0)))))))INFO: dtree.c(1478): Final simple tree
|( QUESTION0 1 -6.446e+04 2.825e+02 2.893e+02
|    ( QUESTION18 1 -5.496e+04 2.732e+02 2.483e+02
|        ( - -6.495e+03 3 0 QUESTION0 -1 1.843e+02 2.898e+01)
|        ( QUESTION5 1 -4.819e+04 2.887e+02 2.193e+02
|            ( - -3.206e+03 1 0)
|            ( QUESTION0_3_R 1 -4.470e+04 2.405e+02 2.050e+02
|                ( - -2.100e+02 1 0)
|                ( QUESTION0_6_R 1 -4.424e+04 2.113e+02 2.030e+02
|                    ( - -5.821e+03 1 0)
|                    ( - -3.821e+04 5 0 QUESTION9 1 1.649e+02 1.741e+02)))))
|    ( QUESTION0_12_R 1 -9.217e+03 2.058e+02 4.101e+01
|        ( - -3.799e+03 2 0 QUESTION0_13_R 1 1.487e+02 1.800e+01)
|        ( SILENCE 1 -5.212e+03 1.888e+02 2.301e+01
|            ( - -1.730e+03 1 0)
|            ( - -3.293e+03 1 0))))
s>    ( QUESTION0 1 -6.446e+04 2.825e+02 2.893e+02
s>        ( QUESTION18 1 -5.496e+04 2.732e+02 2.483e+02
s>            ( - -6.495e+03 3 0 QUESTION0 -1 1.843e+02 2.898e+01)
s>            ( QUESTION5 1 -4.819e+04 2.887e+02 2.193e+02
s>                ( - -3.206e+03 1 0)
s>                ( QUESTION0_3_R 1 -4.470e+04 2.405e+02 2.050e+02
s>                    ( - -2.100e+02 1 0)
s>                    ( QUESTION0_6_R 1 -4.424e+04 2.113e+02 2.030e+02
s>                        ( - -5.821e+03 1 0)
s>                        ( - -3.821e+04 5 0 QUESTION9 1 1.649e+02 1.741e+02)))))
s>        ( QUESTION0_12_R 1 -9.217e+03 2.058e+02 4.101e+01
s>            ( - -3.799e+03 2 0 QUESTION0_13_R 1 1.487e+02 1.800e+01)
s>            ( SILENCE 1 -5.212e+03 1.888e+02 2.301e+01
s>                ( - -1.730e+03 1 0)
s>                ( - -3.293e+03 1 0))))INFO: dtree.c(1315): Comp split 11
INFO: dtree.c(1439): stop. leaf nodes are specific
INFO: dtree.c(1478): Final simple tree
|( QUESTION0_6_R 1 -4.774e+04 2.199e+02 2.181e+02
|    ( - -5.821e+03 1 0)
|    ( QUESTION0_1_R 1 -4.170e+04 1.975e+02 1.891e+02
|        ( - -3.293e+03 1 0)
|        ( QUESTION9 1 -3.821e+04 1.649e+02 1.741e+02
|            ( QUESTION0_10_R 1 -2.621e+04 1.120e+02 1.192e+02
|                ( - -2.497e+04 1 0)
|                ( - -1.130e+03 1 0))
|            ( QUESTION0_0_R 1 -1.183e+04 1.372e+02 5.491e+01
|                ( - -1.916e+03 1 0)
|                ( - -9.782e+03 2 0)))))
s>    ( QUESTION0_6_R 1 -4.774e+04 2.199e+02 2.181e+02
s>        ( - -5.821e+03 1 0)
s>        ( QUESTION0_1_R 1 -4.170e+04 1.975e+02 1.891e+02
s>            ( - -3.293e+03 1 0)
s>            ( QUESTION9 1 -3.821e+04 1.649e+02 1.741e+02
s>                ( QUESTION0_10_R 1 -2.621e+04 1.120e+02 1.192e+02
s>                    ( - -2.497e+04 1 0)
s>                    ( - -1.130e+03 1 0))
s>                ( QUESTION0_0_R 1 -1.183e+04 1.372e+02 5.491e+01
s>                    ( - -1.916e+03 1 0)
s>                    ( - -9.782e+03 2 0)))))INFO: dtree.c(1478): Final simple tree
|( QUESTION0_3_R 1 -1.628e+04 2.346e+02 7.125e+01
|    ( - -2.100e+02 1 0)
|    ( QUESTION0 1 -1.584e+04 2.301e+02 6.925e+01
|        ( QUESTION0 -1 -9.871e+03 1.989e+02 4.325e+01
|            ( QUESTION0_0_R 1 -6.469e+03 1.559e+02 2.825e+01
|                ( QUESTION0_7_R 1 -3.108e+03 1.231e+02 1.398e+01
|                    ( - -5.969e+02 1 0)
|                    ( - -2.388e+03 1 0))
|                ( - -3.206e+03 1 0))
|            ( - -3.203e+03 1 0))
|        ( SILENCE 1 -5.739e+03 2.093e+02 2.600e+01
|            ( - -1.730e+03 1 0)
|            ( QUESTION0_13_R 1 -3.799e+03 1.487e+02 1.800e+01
|                ( - -1.784e+03 1 0)
|                ( - -1.867e+03 1 0)))))
s>    ( QUESTION0_3_R 1 -1.628e+04 2.346e+02 7.125e+01
s>        ( - -2.100e+02 1 0)
s>        ( QUESTION0 1 -1.584e+04 2.301e+02 6.925e+01
s>            ( QUESTION0 -1 -9.871e+03 1.989e+02 4.325e+01
s>                ( QUESTION0_0_R 1 -6.469e+03 1.559e+02 2.825e+01
s>                    ( QUESTION0_7_R 1 -3.108e+03 1.231e+02 1.398e+01
s>                        ( - -5.969e+02 1 0)
s>                        ( - -2.388e+03 1 0))
s>                    ( - -3.206e+03 1 0))
s>                ( - -3.203e+03 1 0))
s>            ( SILENCE 1 -5.739e+03 2.093e+02 2.600e+01
s>                ( - -1.730e+03 1 0)
s>                ( QUESTION0_13_R 1 -3.799e+03 1.487e+02 1.800e+01
s>                    ( - -1.784e+03 1 0)
s>                    ( - -1.867e+03 1 0)))))INFO: dtree.c(1315): Comp split 12
INFO: dtree.c(1478): Final simple tree
|( QUESTION0_9_R 1 -5.507e+04 2.149e+02 2.372e+02
|    ( QUESTION0_10_R 1 -2.369e+04 1.962e+02 1.032e+02
|        ( - -2.022e+04 1 0)
|        ( - -3.280e+03 1 0))
|    ( QUESTION0_7_R 1 -3.116e+04 1.686e+02 1.341e+02
|        ( - -2.114e+03 1 0)
|        ( WDBNDRY_S 0 -2.887e+04 1.519e+02 1.241e+02
|            ( QUESTION0 1 -2.777e+04 1.575e+02 1.191e+02
|                ( - -7.736e+03 3 0 QUESTION0 -1 9.729e+01 3.300e+01)
|                ( QUESTION0 -1 -1.988e+04 1.957e+02 8.608e+01
|                    ( QUESTION0_0_R 1 -4.849e+03 1.791e+02 2.200e+01
|                        ( - -7.038e+02 1 0)
|                        ( - -3.966e+03 2 0 SILENCE 1 1.639e+02 1.800e+01))
|                    ( - -1.483e+04 5 0 SILENCE 1 1.449e+02 6.408e+01)))
|            ( - -9.503e+02 1 0))))
s>    ( QUESTION0_9_R 1 -5.507e+04 2.149e+02 2.372e+02
s>        ( QUESTION0_10_R 1 -2.369e+04 1.962e+02 1.032e+02
s>            ( - -2.022e+04 1 0)
s>            ( - -3.280e+03 1 0))
s>        ( QUESTION0_7_R 1 -3.116e+04 1.686e+02 1.341e+02
s>            ( - -2.114e+03 1 0)
s>            ( WDBNDRY_S 0 -2.887e+04 1.519e+02 1.241e+02
s>                ( QUESTION0 1 -2.777e+04 1.575e+02 1.191e+02
s>                    ( - -7.736e+03 3 0 QUESTION0 -1 9.729e+01 3.300e+01)
s>                    ( QUESTION0 -1 -1.988e+04 1.957e+02 8.608e+01
s>                        ( QUESTION0_0_R 1 -4.849e+03 1.791e+02 2.200e+01
s>                            ( - -7.038e+02 1 0)
s>                            ( - -3.966e+03 2 0 SILENCE 1 1.639e+02 1.800e+01))
s>                        ( - -1.483e+04 5 0 SILENCE 1 1.449e+02 6.408e+01)))
s>                ( - -9.503e+02 1 0))))INFO: dtree.c(1478): Final simple tree
|( QUESTION0 -1 -8.104e+04 2.587e+02 3.601e+02
|    ( QUESTION0_8_R 1 -3.556e+04 1.733e+02 1.596e+02
|        ( - -6.930e+02 1 0)
|        ( QUESTION0_6_R 1 -3.470e+04 1.651e+02 1.556e+02
|            ( - -4.920e+03 1 0)
|            ( - -2.961e+04 6 0 QUESTION0_13_R 1 1.467e+02 1.337e+02)))
|    ( QUESTION5 1 -4.522e+04 2.233e+02 2.005e+02
|        ( - -1.046e+04 1 0)
|        ( SILENCE -1 -3.454e+04 1.847e+02 1.543e+02
|            ( QUESTION0_13_R 1 -1.835e+04 1.734e+02 8.030e+01
|                ( - -2.572e+03 1 0)
|                ( QUESTION0_0_R 1 -1.560e+04 1.550e+02 6.830e+01
|                    ( - -1.396e+04 2 0 QUESTION0_1_R 1 1.178e+02 6.130e+01)
|                    ( - -1.487e+03 1 0)))
|            ( - -1.600e+04 1 0))))
s>    ( QUESTION0 -1 -8.104e+04 2.587e+02 3.601e+02
s>        ( QUESTION0_8_R 1 -3.556e+04 1.733e+02 1.596e+02
s>            ( - -6.930e+02 1 0)
s>            ( QUESTION0_6_R 1 -3.470e+04 1.651e+02 1.556e+02
s>                ( - -4.920e+03 1 0)
s>                ( - -2.961e+04 6 0 QUESTION0_13_R 1 1.467e+02 1.337e+02)))
s>        ( QUESTION5 1 -4.522e+04 2.233e+02 2.005e+02
s>            ( - -1.046e+04 1 0)
s>            ( SILENCE -1 -3.454e+04 1.847e+02 1.543e+02
s>                ( QUESTION0_13_R 1 -1.835e+04 1.734e+02 8.030e+01
s>                    ( - -2.572e+03 1 0)
s>                    ( QUESTION0_0_R 1 -1.560e+04 1.550e+02 6.830e+01
s>                        ( - -1.396e+04 2 0 QUESTION0_1_R 1 1.178e+02 6.130e+01)
s>                        ( - -1.487e+03 1 0)))
s>                ( - -1.600e+04 1 0))))INFO: dtree.c(1315): Comp split 13
INFO: dtree.c(1439): stop. leaf nodes are specific
INFO: dtree.c(1478): Final simple tree
|( QUESTION0_12_R 1 -2.427e+04 1.956e+02 1.082e+02
|    ( - -6.712e+03 1 0)
|    ( SILENCE 1 -1.736e+04 1.919e+02 7.825e+01
|        ( - -1.691e+03 1 0)
|        ( QUESTION0_1_R 1 -1.548e+04 1.584e+02 7.025e+01
|            ( QUESTION0 -1 -1.048e+04 1.830e+02 4.725e+01
|                ( - -8.946e+03 2 0)
|                ( - -1.348e+03 1 0))
|            ( QUESTION0_11_R 1 -4.844e+03 1.149e+02 2.300e+01
|                ( - -2.398e+03 1 0)
|                ( - -2.331e+03 1 0)))))
s>    ( QUESTION0_12_R 1 -2.427e+04 1.956e+02 1.082e+02
s>        ( - -6.712e+03 1 0)
s>        ( SILENCE 1 -1.736e+04 1.919e+02 7.825e+01
s>            ( - -1.691e+03 1 0)
s>            ( QUESTION0_1_R 1 -1.548e+04 1.584e+02 7.025e+01
s>                ( QUESTION0 -1 -1.048e+04 1.830e+02 4.725e+01
s>                    ( - -8.946e+03 2 0)
s>                    ( - -1.348e+03 1 0))
s>                ( QUESTION0_11_R 1 -4.844e+03 1.149e+02 2.300e+01
s>                    ( - -2.398e+03 1 0)
s>                    ( - -2.331e+03 1 0)))))INFO: dtree.c(1439): stop. leaf nodes are specific
INFO: dtree.c(1478): Final simple tree
|( SILENCE 1 -3.105e+04 1.556e+02 1.428e+02
|    ( - -7.926e+03 2 0)
|    ( - -2.297e+04 2 0))
s>    ( SILENCE 1 -3.105e+04 1.556e+02 1.428e+02
s>        ( - -7.926e+03 2 0)
s>        ( - -2.297e+04 2 0))INFO: dtree.c(1315): Comp split 14
INFO: dtree.c(1439): stop. leaf nodes are specific
INFO: dtree.c(1478): Final simple tree
|( QUESTION0_9_R 1 -6.072e+04 1.918e+02 2.745e+02
|    ( - -6.568e+03 3 0)
|    ( QUESTION0_20_R 1 -5.396e+04 1.880e+02 2.445e+02
|        ( - -9.242e+03 4 0)
|        ( QUESTION0_0_R 1 -4.453e+04 1.753e+02 2.027e+02
|            ( - -2.172e+04 2 0)
|            ( - -2.263e+04 2 0))))
s>    ( QUESTION0_9_R 1 -6.072e+04 1.918e+02 2.745e+02
s>        ( - -6.568e+03 3 0)
s>        ( QUESTION0_20_R 1 -5.396e+04 1.880e+02 2.445e+02
s>            ( - -9.242e+03 4 0)
s>            ( QUESTION0_0_R 1 -4.453e+04 1.753e+02 2.027e+02
s>                ( - -2.172e+04 2 0)
s>                ( - -2.263e+04 2 0))))INFO: dtree.c(1439): stop. leaf nodes are specific
INFO: dtree.c(1478): Final simple tree
|( QUESTION0_3_R 1 -1.093e+04 2.259e+02 4.823e+01
|    ( - -1.199e+03 2 0)
|    ( QUESTION0_2_R 1 -9.500e+03 2.201e+02 4.223e+01
|        ( - -2.791e+02 1 0)
|        ( QUESTION0_0_R 1 -9.001e+03 1.405e+02 4.023e+01
|            ( - -8.133e+03 3 0)
|            ( - -7.275e+02 1 0))))
s>    ( QUESTION0_3_R 1 -1.093e+04 2.259e+02 4.823e+01
s>        ( - -1.199e+03 2 0)
s>        ( QUESTION0_2_R 1 -9.500e+03 2.201e+02 4.223e+01
s>            ( - -2.791e+02 1 0)
s>            ( QUESTION0_0_R 1 -9.001e+03 1.405e+02 4.023e+01
s>                ( - -8.133e+03 3 0)
s>                ( - -7.275e+02 1 0))))INFO: dtree.c(1315): Comp split 15
INFO: dtree.c(1439): stop. leaf nodes are specific
INFO: dtree.c(1478): Final simple tree
|( SILENCE 1 -5.062e+04 1.503e+02 2.137e+02
|    ( - -2.906e+03 1 0)
|    ( QUESTION0_0_R 1 -4.757e+04 1.307e+02 2.007e+02
|        ( QUESTION0_7_R 1 -1.961e+04 1.246e+02 8.201e+01
|            ( - -2.963e+03 1 0)
|            ( QUESTION0_9_R 1 -1.652e+04 9.879e+01 6.901e+01
|                ( - -1.821e+03 1 0)
|                ( QUESTION0_3_R 1 -1.460e+04 7.058e+01 6.101e+01
|                    ( - -3.030e+03 1 0)
|                    ( - -1.150e+04 1 0))))
|        ( QUESTION0_13_R 1 -2.783e+04 1.086e+02 1.187e+02
|            ( - -1.001e+04 1 0)
|            ( - -1.771e+04 3 0))))
s>    ( SILENCE 1 -5.062e+04 1.503e+02 2.137e+02
s>        ( - -2.906e+03 1 0)
s>        ( QUESTION0_0_R 1 -4.757e+04 1.307e+02 2.007e+02
s>            ( QUESTION0_7_R 1 -1.961e+04 1.246e+02 8.201e+01
s>                ( - -2.963e+03 1 0)
s>                ( QUESTION0_9_R 1 -1.652e+04 9.879e+01 6.901e+01
s>                    ( - -1.821e+03 1 0)
s>                    ( QUESTION0_3_R 1 -1.460e+04 7.058e+01 6.101e+01
s>                        ( - -3.030e+03 1 0)
s>                        ( - -1.150e+04 1 0))))
s>            ( QUESTION0_13_R 1 -2.783e+04 1.086e+02 1.187e+02
s>                ( - -1.001e+04 1 0)
s>                ( - -1.771e+04 3 0))))INFO: dtree.c(1439): stop. leaf nodes are specific
INFO: dtree.c(1478): Final simple tree
|( QUESTION4 1 -5.132e+04 2.478e+02 2.252e+02
|    ( - -4.567e+02 1 0)
|    ( QUESTION1 1 -5.061e+04 1.987e+02 2.222e+02
|        ( - -1.688e+03 1 0)
|        ( QUESTION0_3_R 1 -4.873e+04 1.834e+02 2.142e+02
|            ( - -9.530e+02 1 0)
|            ( QUESTION0_0_R 1 -4.759e+04 1.733e+02 2.092e+02
|                ( - -3.837e+04 2 0)
|                ( - -9.047e+03 1 0)))))
s>    ( QUESTION4 1 -5.132e+04 2.478e+02 2.252e+02
s>        ( - -4.567e+02 1 0)
s>        ( QUESTION1 1 -5.061e+04 1.987e+02 2.222e+02
s>            ( - -1.688e+03 1 0)
s>            ( QUESTION0_3_R 1 -4.873e+04 1.834e+02 2.142e+02
s>                ( - -9.530e+02 1 0)
s>                ( QUESTION0_0_R 1 -4.759e+04 1.733e+02 2.092e+02
s>                    ( - -3.837e+04 2 0)
s>                    ( - -9.047e+03 1 0)))))INFO: dtree.c(1315): Comp split 16
INFO: dtree.c(1478): Final simple tree
|( QUESTION2 -1 -6.251e+04 2.159e+02 2.730e+02
|    ( QUESTION0_3_R 1 -4.063e+04 2.307e+02 1.791e+02
|        ( - -7.622e+03 1 0)
|        ( QUESTION9 1 -3.278e+04 2.019e+02 1.441e+02
|            ( - -2.267e+03 1 0)
|            ( QUESTION0_2_R 1 -3.031e+04 1.750e+02 1.341e+02
|                ( - -6.700e+03 2 0 QUESTION0_6_R 1 1.262e+02 3.098e+01)
|                ( QUESTION0_0_R 1 -2.344e+04 1.629e+02 1.031e+02
|                    ( - -1.206e+04 2 0)
|                    ( - -1.122e+04 2 0 SILENCE 1 1.503e+02 4.902e+01)))))
|    ( QUESTION0_9_R 1 -2.166e+04 1.650e+02 9.394e+01
|        ( - -3.282e+03 1 0)
|        ( QUESTION0_5_R 1 -1.821e+04 1.509e+02 7.887e+01
|            ( - -3.339e+03 1 0)
|            ( - -1.472e+04 2 0 QUESTION0_0_R 1 1.228e+02 6.388e+01))))
s>    ( QUESTION2 -1 -6.251e+04 2.159e+02 2.730e+02
s>        ( QUESTION0_3_R 1 -4.063e+04 2.307e+02 1.791e+02
s>            ( - -7.622e+03 1 0)
s>            ( QUESTION9 1 -3.278e+04 2.019e+02 1.441e+02
s>                ( - -2.267e+03 1 0)
s>                ( QUESTION0_2_R 1 -3.031e+04 1.750e+02 1.341e+02
s>                    ( - -6.700e+03 2 0 QUESTION0_6_R 1 1.262e+02 3.098e+01)
s>                    ( QUESTION0_0_R 1 -2.344e+04 1.629e+02 1.031e+02
s>                        ( - -1.206e+04 2 0)
s>                        ( - -1.122e+04 2 0 SILENCE 1 1.503e+02 4.902e+01)))))
s>        ( QUESTION0_9_R 1 -2.166e+04 1.650e+02 9.394e+01
s>            ( - -3.282e+03 1 0)
s>            ( QUESTION0_5_R 1 -1.821e+04 1.509e+02 7.887e+01
s>                ( - -3.339e+03 1 0)
s>                ( - -1.472e+04 2 0 QUESTION0_0_R 1 1.228e+02 6.388e+01))))INFO: dtree.c(1439): stop. leaf nodes are specific
INFO: dtree.c(1478): Final simple tree
|( QUESTION0_0_R 1 -6.293e+03 2.417e+02 2.900e+01
|    ( - -6.561e+02 1 0)
|    ( QUESTION2 -1 -5.395e+03 2.316e+02 2.500e+01
|        ( QUESTION0_13_R 1 -4.214e+03 2.038e+02 2.000e+01
|            ( - -1.822e+03 1 0)
|            ( - -2.188e+03 1 0))
|        ( - -9.500e+02 1 0)))
s>    ( QUESTION0_0_R 1 -6.293e+03 2.417e+02 2.900e+01
s>        ( - -6.561e+02 1 0)
s>        ( QUESTION2 -1 -5.395e+03 2.316e+02 2.500e+01
s>            ( QUESTION0_13_R 1 -4.214e+03 2.038e+02 2.000e+01
s>                ( - -1.822e+03 1 0)
s>                ( - -2.188e+03 1 0))
s>            ( - -9.500e+02 1 0)))INFO: dtree.c(1315): Comp split 17
INFO: dtree.c(1439): stop. leaf nodes are specific
INFO: dtree.c(1478): Final simple tree
|( SILENCE 1 -1.896e+04 1.476e+02 8.406e+01
|    ( - -7.250e+03 1 0)
|    ( QUESTION0_0_R 1 -1.157e+04 1.296e+02 5.204e+01
|        ( - -7.622e+03 1 0)
|        ( - -3.816e+03 1 0)))
s>    ( SILENCE 1 -1.896e+04 1.476e+02 8.406e+01
s>        ( - -7.250e+03 1 0)
s>        ( QUESTION0_0_R 1 -1.157e+04 1.296e+02 5.204e+01
s>            ( - -7.622e+03 1 0)
s>            ( - -3.816e+03 1 0)))INFO: dtree.c(1478): Final simple tree
|( QUESTION0_1_R 1 -4.327e+04 2.101e+02 1.890e+02
|    ( - -1.206e+04 2 0)
|    ( QUESTION11 1 -3.100e+04 2.160e+02 1.349e+02
|        ( - -2.267e+03 1 0)
|        ( QUESTION10 1 -2.852e+04 1.655e+02 1.249e+02
|            ( - -3.282e+03 1 0)
|            ( QUESTION0_6_R 1 -2.508e+04 1.637e+02 1.098e+02
|                ( QUESTION2 -1 -8.800e+03 1.360e+02 3.997e+01
|                    ( - -5.325e+03 1 0)
|                    ( - -3.339e+03 1 0))
|                ( QUESTION0_5_R 1 -1.611e+04 1.408e+02 6.988e+01
|                    ( - -1.249e+03 1 0)
|                    ( QUESTION0_0_R 1 -1.472e+04 1.228e+02 6.388e+01
|                        ( - -1.324e+03 1 0)
|                        ( - -1.328e+04 1 0)))))))
s>    ( QUESTION0_1_R 1 -4.327e+04 2.101e+02 1.890e+02
s>        ( - -1.206e+04 2 0)
s>        ( QUESTION11 1 -3.100e+04 2.160e+02 1.349e+02
s>            ( - -2.267e+03 1 0)
s>            ( QUESTION10 1 -2.852e+04 1.655e+02 1.249e+02
s>                ( - -3.282e+03 1 0)
s>                ( QUESTION0_6_R 1 -2.508e+04 1.637e+02 1.098e+02
s>                    ( QUESTION2 -1 -8.800e+03 1.360e+02 3.997e+01
s>                        ( - -5.325e+03 1 0)
s>                        ( - -3.339e+03 1 0))
s>                    ( QUESTION0_5_R 1 -1.611e+04 1.408e+02 6.988e+01
s>                        ( - -1.249e+03 1 0)
s>                        ( QUESTION0_0_R 1 -1.472e+04 1.228e+02 6.388e+01
s>                            ( - -1.324e+03 1 0)
s>                            ( - -1.328e+04 1 0)))))))INFO: dtree.c(1315): Comp split 18
INFO: dtree.c(1439): stop. leaf nodes are specific
INFO: dtree.c(1478): Final simple tree
|( QUESTION0_1_R 1 -8.222e+03 1.861e+02 3.700e+01
|    ( - -7.038e+02 1 0)
|    ( QUESTION0_12_R 1 -7.332e+03 1.739e+02 3.300e+01
|        ( - -2.797e+03 1 0)
|        ( QUESTION0_8_R 1 -4.362e+03 1.639e+02 2.000e+01
|            ( - -9.503e+02 1 0)
|            ( WDBNDRY_S 0 -3.247e+03 1.286e+02 1.500e+01
|                ( - -1.005e+03 1 0)
|                ( - -2.114e+03 1 0)))))
s>    ( QUESTION0_1_R 1 -8.222e+03 1.861e+02 3.700e+01
s>        ( - -7.038e+02 1 0)
s>        ( QUESTION0_12_R 1 -7.332e+03 1.739e+02 3.300e+01
s>            ( - -2.797e+03 1 0)
s>            ( QUESTION0_8_R 1 -4.362e+03 1.639e+02 2.000e+01
s>                ( - -9.503e+02 1 0)
s>                ( WDBNDRY_S 0 -3.247e+03 1.286e+02 1.500e+01
s>                    ( - -1.005e+03 1 0)
s>                    ( - -2.114e+03 1 0)))))INFO: dtree.c(1478): Final simple tree
|( QUESTION11 1 -4.658e+04 1.978e+02 2.002e+02
|    ( - -3.280e+03 1 0)
|    ( QUESTION0_5_R 1 -4.310e+04 1.831e+02 1.852e+02
|        ( - -2.022e+04 1 0)
|        ( QUESTION0_1_R 1 -2.270e+04 1.594e+02 9.708e+01
|            ( - -6.860e+03 2 0)
|            ( SILENCE 1 -1.568e+04 1.510e+02 6.701e+01
|                ( - -3.104e+03 1 0)
|                ( QUESTION0_0_R 1 -1.243e+04 1.134e+02 5.300e+01
|                    ( QUESTION0 -1 -4.018e+03 2.470e+02 1.700e+01
|                        ( - -6.061e+02 1 0)
|                        ( - -3.165e+03 1 0))
|                    ( QUESTION0_13_R 1 -8.297e+03 8.255e+01 3.600e+01
|                        ( - -3.622e+03 1 0)
|                        ( - -4.593e+03 2 0)))))))
s>    ( QUESTION11 1 -4.658e+04 1.978e+02 2.002e+02
s>        ( - -3.280e+03 1 0)
s>        ( QUESTION0_5_R 1 -4.310e+04 1.831e+02 1.852e+02
s>            ( - -2.022e+04 1 0)
s>            ( QUESTION0_1_R 1 -2.270e+04 1.594e+02 9.708e+01
s>                ( - -6.860e+03 2 0)
s>                ( SILENCE 1 -1.568e+04 1.510e+02 6.701e+01
s>                    ( - -3.104e+03 1 0)
s>                    ( QUESTION0_0_R 1 -1.243e+04 1.134e+02 5.300e+01
s>                        ( QUESTION0 -1 -4.018e+03 2.470e+02 1.700e+01
s>                            ( - -6.061e+02 1 0)
s>                            ( - -3.165e+03 1 0))
s>                        ( QUESTION0_13_R 1 -8.297e+03 8.255e+01 3.600e+01
s>                            ( - -3.622e+03 1 0)
s>                            ( - -4.593e+03 2 0)))))))INFO: dtree.c(1315): Comp split 19
INFO: dtree.c(1439): stop. leaf nodes are specific
INFO: dtree.c(1478): Final simple tree
|( QUESTION11 1 -4.571e+04 1.979e+02 1.972e+02
|    ( - -3.280e+03 1 0)
|    ( QUESTION0_5_R 1 -4.223e+04 1.724e+02 1.822e+02
|        ( - -2.022e+04 1 0)
|        ( QUESTION0_1_R 1 -2.184e+04 1.613e+02 9.408e+01
|            ( - -6.860e+03 2 0)
|            ( SILENCE 1 -1.482e+04 1.504e+02 6.401e+01
|                ( - -3.104e+03 1 0)
|                ( QUESTION0_0_R 1 -1.156e+04 1.029e+02 5.000e+01
|                    ( - -3.165e+03 1 0)
|                    ( QUESTION0_13_R 1 -8.297e+03 8.255e+01 3.600e+01
|                        ( - -3.622e+03 1 0)
|                        ( - -4.593e+03 2 0)))))))
s>    ( QUESTION11 1 -4.571e+04 1.979e+02 1.972e+02
s>        ( - -3.280e+03 1 0)
s>        ( QUESTION0_5_R 1 -4.223e+04 1.724e+02 1.822e+02
s>            ( - -2.022e+04 1 0)
s>            ( QUESTION0_1_R 1 -2.184e+04 1.613e+02 9.408e+01
s>                ( - -6.860e+03 2 0)
s>                ( SILENCE 1 -1.482e+04 1.504e+02 6.401e+01
s>                    ( - -3.104e+03 1 0)
s>                    ( QUESTION0_0_R 1 -1.156e+04 1.029e+02 5.000e+01
s>                        ( - -3.165e+03 1 0)
s>                        ( QUESTION0_13_R 1 -8.297e+03 8.255e+01 3.600e+01
s>                            ( - -3.622e+03 1 0)
s>                            ( - -4.593e+03 2 0)))))))INFO: dtree.c(1315): Comp split 20
INFO: dtree.c(1439): stop. leaf nodes are specific
INFO: dtree.c(1478): Final simple tree
|( QUESTION5 1 -4.522e+04 2.233e+02 2.005e+02
|    ( - -1.046e+04 1 0)
|    ( SILENCE -1 -3.454e+04 1.847e+02 1.543e+02
|        ( QUESTION0_13_R 1 -1.835e+04 1.734e+02 8.030e+01
|            ( - -2.572e+03 1 0)
|            ( QUESTION0_0_R 1 -1.560e+04 1.550e+02 6.830e+01
|                ( QUESTION0_1_R 1 -1.396e+04 1.178e+02 6.130e+01
|                    ( - -7.561e+03 1 0)
|                    ( - -6.284e+03 1 0))
|                ( - -1.487e+03 1 0)))
|        ( - -1.600e+04 1 0)))
s>    ( QUESTION5 1 -4.522e+04 2.233e+02 2.005e+02
s>        ( - -1.046e+04 1 0)
s>        ( SILENCE -1 -3.454e+04 1.847e+02 1.543e+02
s>            ( QUESTION0_13_R 1 -1.835e+04 1.734e+02 8.030e+01
s>                ( - -2.572e+03 1 0)
s>                ( QUESTION0_0_R 1 -1.560e+04 1.550e+02 6.830e+01
s>                    ( QUESTION0_1_R 1 -1.396e+04 1.178e+02 6.130e+01
s>                        ( - -7.561e+03 1 0)
s>                        ( - -6.284e+03 1 0))
s>                    ( - -1.487e+03 1 0)))
s>            ( - -1.600e+04 1 0)))INFO: dtree.c(1439): stop. leaf nodes are specific
INFO: dtree.c(1478): Final simple tree
|( QUESTION0_8_R 1 -3.556e+04 1.733e+02 1.596e+02
|    ( - -6.930e+02 1 0)
|    ( QUESTION0_6_R 1 -3.470e+04 1.651e+02 1.556e+02
|        ( - -4.920e+03 1 0)
|        ( QUESTION0_13_R 1 -2.961e+04 1.467e+02 1.337e+02
|            ( - -3.258e+03 1 0)
|            ( QUESTION1 1 -2.621e+04 1.754e+02 1.187e+02
|                ( - -4.437e+03 1 0)
|                ( QUESTION0_5_R 1 -2.159e+04 1.270e+02 9.766e+01
|                    ( - -1.201e+04 1 0)
|                    ( QUESTION0_0_R 1 -9.459e+03 9.251e+01 4.269e+01
|                        ( - -2.860e+03 1 0)
|                        ( - -6.506e+03 2 0)))))))
s>    ( QUESTION0_8_R 1 -3.556e+04 1.733e+02 1.596e+02
s>        ( - -6.930e+02 1 0)
s>        ( QUESTION0_6_R 1 -3.470e+04 1.651e+02 1.556e+02
s>            ( - -4.920e+03 1 0)
s>            ( QUESTION0_13_R 1 -2.961e+04 1.467e+02 1.337e+02
s>                ( - -3.258e+03 1 0)
s>                ( QUESTION1 1 -2.621e+04 1.754e+02 1.187e+02
s>                    ( - -4.437e+03 1 0)
s>                    ( QUESTION0_5_R 1 -2.159e+04 1.270e+02 9.766e+01
s>                        ( - -1.201e+04 1 0)
s>                        ( QUESTION0_0_R 1 -9.459e+03 9.251e+01 4.269e+01
s>                            ( - -2.860e+03 1 0)
s>                            ( - -6.506e+03 2 0)))))))INFO: dtree.c(1315): Comp split 21
INFO: dtree.c(1439): stop. leaf nodes are specific
INFO: dtree.c(1478): Final simple tree
|( QUESTION0_6_R 1 -2.508e+04 1.637e+02 1.098e+02
|    ( QUESTION2 -1 -8.800e+03 1.360e+02 3.997e+01
|        ( - -5.325e+03 1 0)
|        ( - -3.339e+03 1 0))
|    ( QUESTION0_5_R 1 -1.611e+04 1.408e+02 6.988e+01
|        ( - -1.249e+03 1 0)
|        ( QUESTION0_0_R 1 -1.472e+04 1.228e+02 6.388e+01
|            ( - -1.324e+03 1 0)
|            ( - -1.328e+04 1 0))))
s>    ( QUESTION0_6_R 1 -2.508e+04 1.637e+02 1.098e+02
s>        ( QUESTION2 -1 -8.800e+03 1.360e+02 3.997e+01
s>            ( - -5.325e+03 1 0)
s>            ( - -3.339e+03 1 0))
s>        ( QUESTION0_5_R 1 -1.611e+04 1.408e+02 6.988e+01
s>            ( - -1.249e+03 1 0)
s>            ( QUESTION0_0_R 1 -1.472e+04 1.228e+02 6.388e+01
s>                ( - -1.324e+03 1 0)
s>                ( - -1.328e+04 1 0))))INFO: dtree.c(1439): stop. leaf nodes are specific
INFO: dtree.c(1478): Final simple tree
|( QUESTION11 1 -1.795e+04 2.081e+02 7.913e+01
|    ( - -2.267e+03 1 0)
|    ( QUESTION0_1_R 1 -1.548e+04 1.347e+02 6.913e+01
|        ( - -1.206e+04 2 0)
|        ( - -3.282e+03 1 0)))
s>    ( QUESTION11 1 -1.795e+04 2.081e+02 7.913e+01
s>        ( - -2.267e+03 1 0)
s>        ( QUESTION0_1_R 1 -1.548e+04 1.347e+02 6.913e+01
s>            ( - -1.206e+04 2 0)
s>            ( - -3.282e+03 1 0)))INFO: dtree.c(1315): Comp split 22
INFO: dtree.c(1439): stop. leaf nodes are specific
INFO: dtree.c(1478): Final simple tree
|( QUESTION1 1 -5.061e+04 1.987e+02 2.222e+02
|    ( - -1.688e+03 1 0)
|    ( QUESTION0_3_R 1 -4.873e+04 1.834e+02 2.142e+02
|        ( - -9.530e+02 1 0)
|        ( QUESTION0_0_R 1 -4.759e+04 1.733e+02 2.092e+02
|            ( - -3.837e+04 2 0)
|            ( - -9.047e+03 1 0))))
s>    ( QUESTION1 1 -5.061e+04 1.987e+02 2.222e+02
s>        ( - -1.688e+03 1 0)
s>        ( QUESTION0_3_R 1 -4.873e+04 1.834e+02 2.142e+02
s>            ( - -9.530e+02 1 0)
s>            ( QUESTION0_0_R 1 -4.759e+04 1.733e+02 2.092e+02
s>                ( - -3.837e+04 2 0)
s>                ( - -9.047e+03 1 0))))INFO: dtree.c(1315): Comp split 23
INFO: dtree.c(1439): stop. leaf nodes are specific
INFO: dtree.c(1478): Final simple tree
|( QUESTION0_5_R 1 -7.734e+03 2.193e+02 3.684e+01
|    ( - -1.778e+02 1 0)
|    ( QUESTION0_1_R 1 -7.337e+03 1.707e+02 3.484e+01
|        ( - -6.268e+03 2 0)
|        ( - -8.976e+02 1 0)))
s>    ( QUESTION0_5_R 1 -7.734e+03 2.193e+02 3.684e+01
s>        ( - -1.778e+02 1 0)
s>        ( QUESTION0_1_R 1 -7.337e+03 1.707e+02 3.484e+01
s>            ( - -6.268e+03 2 0)
s>            ( - -8.976e+02 1 0)))INFO: dtree.c(1315): Comp split 24
INFO: dtree.c(1439): stop. leaf nodes are specific
INFO: dtree.c(1478): Final simple tree
|( QUESTION2 -1 -5.395e+03 2.316e+02 2.500e+01
|    ( QUESTION0_13_R 1 -4.214e+03 2.038e+02 2.000e+01
|        ( - -1.822e+03 1 0)
|        ( - -2.188e+03 1 0))
|    ( - -9.500e+02 1 0))
s>    ( QUESTION2 -1 -5.395e+03 2.316e+02 2.500e+01
s>        ( QUESTION0_13_R 1 -4.214e+03 2.038e+02 2.000e+01
s>            ( - -1.822e+03 1 0)
s>            ( - -2.188e+03 1 0))
s>        ( - -9.500e+02 1 0))INFO: dtree.c(1315): Comp split 25
INFO: dtree.c(1439): stop. leaf nodes are specific
INFO: dtree.c(1478): Final simple tree
|( QUESTION0_3_R 1 -8.844e+03 2.299e+02 3.925e+01
|    ( - -2.100e+02 1 0)
|    ( QUESTION1 1 -8.404e+03 1.640e+02 3.725e+01
|        ( - -3.206e+03 1 0)
|        ( QUESTION0_8_R 1 -5.034e+03 1.499e+02 2.298e+01
|            ( - -2.388e+03 1 0)
|            ( QUESTION0_0_R 1 -2.497e+03 1.159e+02 1.201e+01
|                ( - -5.969e+02 1 0)
|                ( - -1.784e+03 1 0)))))
s>    ( QUESTION0_3_R 1 -8.844e+03 2.299e+02 3.925e+01
s>        ( - -2.100e+02 1 0)
s>        ( QUESTION1 1 -8.404e+03 1.640e+02 3.725e+01
s>            ( - -3.206e+03 1 0)
s>            ( QUESTION0_8_R 1 -5.034e+03 1.499e+02 2.298e+01
s>                ( - -2.388e+03 1 0)
s>                ( QUESTION0_0_R 1 -2.497e+03 1.159e+02 1.201e+01
s>                    ( - -5.969e+02 1 0)
s>                    ( - -1.784e+03 1 0)))))INFO: dtree.c(1439): stop. leaf nodes are specific
INFO: dtree.c(1478): Final simple tree
|( QUESTION0_0_R 1 -7.200e+03 2.125e+02 3.200e+01
|    ( - -3.203e+03 1 0)
|    ( SILENCE 1 -3.784e+03 1.873e+02 1.700e+01
|        ( - -1.730e+03 1 0)
|        ( - -1.867e+03 1 0)))
s>    ( QUESTION0_0_R 1 -7.200e+03 2.125e+02 3.200e+01
s>        ( - -3.203e+03 1 0)
s>        ( SILENCE 1 -3.784e+03 1.873e+02 1.700e+01
s>            ( - -1.730e+03 1 0)
s>            ( - -1.867e+03 1 0)))INFO: dtree.c(1315): Comp split 26
INFO: dtree.c(1439): stop. leaf nodes are specific
INFO: dtree.c(1478): Final simple tree
|( QUESTION0_13_R 1 -4.214e+03 2.038e+02 2.000e+01
|    ( - -1.822e+03 1 0)
|    ( - -2.188e+03 1 0))
s>    ( QUESTION0_13_R 1 -4.214e+03 2.038e+02 2.000e+01
s>        ( - -1.822e+03 1 0)
s>        ( - -2.188e+03 1 0))INFO: dtree.c(1315): Comp split 27
INFO: dtree.c(1439): stop. leaf nodes are specific
INFO: dtree.c(1478): Final simple tree
|( QUESTION1 1 -8.404e+03 1.640e+02 3.725e+01
|    ( - -3.206e+03 1 0)
|    ( QUESTION0_8_R 1 -5.034e+03 1.499e+02 2.298e+01
|        ( - -2.388e+03 1 0)
|        ( QUESTION0_0_R 1 -2.497e+03 1.159e+02 1.201e+01
|            ( - -5.969e+02 1 0)
|            ( - -1.784e+03 1 0))))
s>    ( QUESTION1 1 -8.404e+03 1.640e+02 3.725e+01
s>        ( - -3.206e+03 1 0)
s>        ( QUESTION0_8_R 1 -5.034e+03 1.499e+02 2.298e+01
s>            ( - -2.388e+03 1 0)
s>            ( QUESTION0_0_R 1 -2.497e+03 1.159e+02 1.201e+01
s>                ( - -5.969e+02 1 0)
s>                ( - -1.784e+03 1 0))))INFO: dtree.c(1315): Comp split 28
INFO: dtree.c(1439): stop. leaf nodes are specific
INFO: dtree.c(1478): Final simple tree
|( QUESTION0_0_R 1 -1.815e+04 1.291e+02 8.016e+01
|    ( - -7.561e+03 1 0)
|    ( - -1.046e+04 1 0))
s>    ( QUESTION0_0_R 1 -1.815e+04 1.291e+02 8.016e+01
s>        ( - -7.561e+03 1 0)
s>        ( - -1.046e+04 1 0))INFO: dtree.c(1439): stop. leaf nodes are specific
INFO: dtree.c(1478): Final simple tree
|( SILENCE -1 -2.684e+04 1.761e+02 1.203e+02
|    ( QUESTION0_20_R 1 -1.066e+04 1.792e+02 4.630e+01
|        ( - -1.487e+03 1 0)
|        ( QUESTION0_0_R 1 -8.997e+03 1.408e+02 3.930e+01
|            ( - -6.284e+03 1 0)
|            ( - -2.572e+03 1 0)))
|    ( - -1.600e+04 1 0))
s>    ( SILENCE -1 -2.684e+04 1.761e+02 1.203e+02
s>        ( QUESTION0_20_R 1 -1.066e+04 1.792e+02 4.630e+01
s>            ( - -1.487e+03 1 0)
s>            ( QUESTION0_0_R 1 -8.997e+03 1.408e+02 3.930e+01
s>                ( - -6.284e+03 1 0)
s>                ( - -2.572e+03 1 0)))
s>        ( - -1.600e+04 1 0))INFO: dtree.c(1315): Comp split 29
INFO: dtree.c(1439): stop. leaf nodes are specific
INFO: dtree.c(1478): Final simple tree
|( QUESTION0_2_R 1 -9.500e+03 2.201e+02 4.223e+01
|    ( - -2.791e+02 1 0)
|    ( QUESTION0_0_R 1 -9.001e+03 1.405e+02 4.023e+01
|        ( - -8.133e+03 3 0)
|        ( - -7.275e+02 1 0)))
s>    ( QUESTION0_2_R 1 -9.500e+03 2.201e+02 4.223e+01
s>        ( - -2.791e+02 1 0)
s>        ( QUESTION0_0_R 1 -9.001e+03 1.405e+02 4.023e+01
s>            ( - -8.133e+03 3 0)
s>            ( - -7.275e+02 1 0)))INFO: dtree.c(1315): Comp split 30
INFO: dtree.c(1439): stop. leaf nodes are specific
INFO: dtree.c(1478): Final simple tree
|( QUESTION0_0_R 1 -9.001e+03 1.405e+02 4.023e+01
|    ( - -8.133e+03 3 0)
|    ( - -7.275e+02 1 0))
s>    ( QUESTION0_0_R 1 -9.001e+03 1.405e+02 4.023e+01
s>        ( - -8.133e+03 3 0)
s>        ( - -7.275e+02 1 0))INFO: dtree.c(1315): Comp split 31
INFO: dtree.c(1439): stop. leaf nodes are specific
INFO: dtree.c(1478): Final simple tree
|( QUESTION0_1_R 1 -4.170e+04 1.975e+02 1.891e+02
|    ( - -3.293e+03 1 0)
|    ( QUESTION9 1 -3.821e+04 1.649e+02 1.741e+02
|        ( QUESTION0_10_R 1 -2.621e+04 1.120e+02 1.192e+02
|            ( - -2.497e+04 1 0)
|            ( - -1.130e+03 1 0))
|        ( QUESTION0_0_R 1 -1.183e+04 1.372e+02 5.491e+01
|            ( - -1.916e+03 1 0)
|            ( - -9.782e+03 2 0))))
s>    ( QUESTION0_1_R 1 -4.170e+04 1.975e+02 1.891e+02
s>        ( - -3.293e+03 1 0)
s>        ( QUESTION9 1 -3.821e+04 1.649e+02 1.741e+02
s>            ( QUESTION0_10_R 1 -2.621e+04 1.120e+02 1.192e+02
s>                ( - -2.497e+04 1 0)
s>                ( - -1.130e+03 1 0))
s>            ( QUESTION0_0_R 1 -1.183e+04 1.372e+02 5.491e+01
s>                ( - -1.916e+03 1 0)
s>                ( - -9.782e+03 2 0))))INFO: dtree.c(1315): Comp split 32
INFO: dtree.c(1439): stop. leaf nodes are specific
INFO: dtree.c(1478): Final simple tree
|( QUESTION0_1_R 1 -7.337e+03 1.707e+02 3.484e+01
|    ( - -6.268e+03 2 0)
|    ( - -8.976e+02 1 0))
s>    ( QUESTION0_1_R 1 -7.337e+03 1.707e+02 3.484e+01
s>        ( - -6.268e+03 2 0)
s>        ( - -8.976e+02 1 0))INFO: dtree.c(1315): Comp split 33
INFO: dtree.c(1439): stop. leaf nodes are specific
INFO: dtree.c(1478): Final simple tree
|( QUESTION0_0_R 1 -4.453e+04 1.753e+02 2.027e+02
|    ( - -2.172e+04 2 0)
|    ( - -2.263e+04 2 0))
s>    ( QUESTION0_0_R 1 -4.453e+04 1.753e+02 2.027e+02
s>        ( - -2.172e+04 2 0)
s>        ( - -2.263e+04 2 0))INFO: dtree.c(1439): stop. leaf nodes are specific
INFO: dtree.c(1478): Final simple tree
|( QUESTION0_0_R 1 -1.597e+04 1.607e+02 7.180e+01
|    ( - -6.568e+03 3 0)
|    ( - -9.242e+03 4 0))
s>    ( QUESTION0_0_R 1 -1.597e+04 1.607e+02 7.180e+01
s>        ( - -6.568e+03 3 0)
s>        ( - -9.242e+03 4 0))INFO: dtree.c(1315): Comp split 34
INFO: dtree.c(1439): stop. leaf nodes are specific
INFO: dtree.c(1478): Final simple tree
|( SILENCE 1 -3.784e+03 1.873e+02 1.700e+01
|    ( - -1.730e+03 1 0)
|    ( - -1.867e+03 1 0))
s>    ( SILENCE 1 -3.784e+03 1.873e+02 1.700e+01
s>        ( - -1.730e+03 1 0)
s>        ( - -1.867e+03 1 0))INFO: dtree.c(1315): Comp split 35
INFO: dtree.c(1439): stop. leaf nodes are specific
INFO: dtree.c(1478): Final simple tree
|( QUESTION0_1_R 1 -1.548e+04 1.347e+02 6.913e+01
|    ( - -1.206e+04 2 0)
|    ( - -3.282e+03 1 0))
s>    ( QUESTION0_1_R 1 -1.548e+04 1.347e+02 6.913e+01
s>        ( - -1.206e+04 2 0)
s>        ( - -3.282e+03 1 0))INFO: dtree.c(1315): Comp split 36
INFO: dtree.c(1439): stop. leaf nodes are specific
INFO: dtree.c(1478): Final simple tree
|( QUESTION0_5_R 1 -1.500e+04 1.534e+02 6.500e+01
|    ( - -3.280e+03 1 0)
|    ( QUESTION0_0_R 1 -1.156e+04 1.029e+02 5.000e+01
|        ( - -3.165e+03 1 0)
|        ( QUESTION0_13_R 1 -8.297e+03 8.255e+01 3.600e+01
|            ( - -3.622e+03 1 0)
|            ( - -4.593e+03 2 0))))
s>    ( QUESTION0_5_R 1 -1.500e+04 1.534e+02 6.500e+01
s>        ( - -3.280e+03 1 0)
s>        ( QUESTION0_0_R 1 -1.156e+04 1.029e+02 5.000e+01
s>            ( - -3.165e+03 1 0)
s>            ( QUESTION0_13_R 1 -8.297e+03 8.255e+01 3.600e+01
s>                ( - -3.622e+03 1 0)
s>                ( - -4.593e+03 2 0))))INFO: dtree.c(1439): stop. leaf nodes are specific
INFO: dtree.c(1478): Final simple tree
|( QUESTION0_1_R 1 -3.050e+04 1.750e+02 1.322e+02
|    ( - -6.860e+03 2 0)
|    ( SILENCE 1 -2.347e+04 1.465e+02 1.022e+02
|        ( - -3.104e+03 1 0)
|        ( - -2.022e+04 1 0)))
s>    ( QUESTION0_1_R 1 -3.050e+04 1.750e+02 1.322e+02
s>        ( - -6.860e+03 2 0)
s>        ( SILENCE 1 -2.347e+04 1.465e+02 1.022e+02
s>            ( - -3.104e+03 1 0)
s>            ( - -2.022e+04 1 0)))INFO: dtree.c(1315): Comp split 37
INFO: dtree.c(1439): stop. leaf nodes are specific
INFO: dtree.c(1478): Final simple tree
|( SILENCE 1 -2.272e+04 1.912e+02 1.012e+02
|    ( - -1.691e+03 1 0)
|    ( QUESTION0_0_R 1 -2.084e+04 1.784e+02 9.325e+01
|        ( QUESTION0_1_R 1 -1.394e+04 1.540e+02 6.325e+01
|            ( - -8.946e+03 2 0)
|            ( QUESTION0_11_R 1 -4.844e+03 1.149e+02 2.300e+01
|                ( - -2.398e+03 1 0)
|                ( - -2.331e+03 1 0)))
|        ( - -6.712e+03 1 0)))
s>    ( SILENCE 1 -2.272e+04 1.912e+02 1.012e+02
s>        ( - -1.691e+03 1 0)
s>        ( QUESTION0_0_R 1 -2.084e+04 1.784e+02 9.325e+01
s>            ( QUESTION0_1_R 1 -1.394e+04 1.540e+02 6.325e+01
s>                ( - -8.946e+03 2 0)
s>                ( QUESTION0_11_R 1 -4.844e+03 1.149e+02 2.300e+01
s>                    ( - -2.398e+03 1 0)
s>                    ( - -2.331e+03 1 0)))
s>            ( - -6.712e+03 1 0)))INFO: dtree.c(1315): Comp split 38
INFO: dtree.c(1315): Comp split 39
INFO: dtree.c(1439): stop. leaf nodes are specific
INFO: dtree.c(1478): Final simple tree
|( QUESTION0_3_R 1 -4.873e+04 1.834e+02 2.142e+02
|    ( - -9.530e+02 1 0)
|    ( QUESTION0_0_R 1 -4.759e+04 1.733e+02 2.092e+02
|        ( - -3.837e+04 2 0)
|        ( - -9.047e+03 1 0)))
s>    ( QUESTION0_3_R 1 -4.873e+04 1.834e+02 2.142e+02
s>        ( - -9.530e+02 1 0)
s>        ( QUESTION0_0_R 1 -4.759e+04 1.733e+02 2.092e+02
s>            ( - -3.837e+04 2 0)
s>            ( - -9.047e+03 1 0)))INFO: dtree.c(1315): Comp split 40
INFO: dtree.c(1439): stop. leaf nodes are specific
INFO: dtree.c(1478): Final simple tree
|( QUESTION9 1 -3.821e+04 1.649e+02 1.741e+02
|    ( QUESTION0_10_R 1 -2.621e+04 1.120e+02 1.192e+02
|        ( - -2.497e+04 1 0)
|        ( - -1.130e+03 1 0))
|    ( QUESTION0_0_R 1 -1.183e+04 1.372e+02 5.491e+01
|        ( - -1.916e+03 1 0)
|        ( - -9.782e+03 2 0)))
s>    ( QUESTION9 1 -3.821e+04 1.649e+02 1.741e+02
s>        ( QUESTION0_10_R 1 -2.621e+04 1.120e+02 1.192e+02
s>            ( - -2.497e+04 1 0)
s>            ( - -1.130e+03 1 0))
s>        ( QUESTION0_0_R 1 -1.183e+04 1.372e+02 5.491e+01
s>            ( - -1.916e+03 1 0)
s>            ( - -9.782e+03 2 0)))INFO: dtree.c(1315): Comp split 41
INFO: dtree.c(1439): stop. leaf nodes are specific
INFO: dtree.c(1478): Final simple tree
|( QUESTION0 -1 -1.185e+04 1.420e+02 5.800e+01
|    ( - -2.205e+03 1 0)
|    ( - -9.502e+03 2 0))
s>    ( QUESTION0 -1 -1.185e+04 1.420e+02 5.800e+01
s>        ( - -2.205e+03 1 0)
s>        ( - -9.502e+03 2 0))INFO: dtree.c(1315): Comp split 42
INFO: dtree.c(1439): stop. leaf nodes are specific
INFO: dtree.c(1478): Final simple tree
|( QUESTION0_0_R 1 -2.084e+04 1.784e+02 9.325e+01
|    ( QUESTION0_1_R 1 -1.394e+04 1.540e+02 6.325e+01
|        ( - -8.946e+03 2 0)
|        ( QUESTION0_11_R 1 -4.844e+03 1.149e+02 2.300e+01
|            ( - -2.398e+03 1 0)
|            ( - -2.331e+03 1 0)))
|    ( - -6.712e+03 1 0))
s>    ( QUESTION0_0_R 1 -2.084e+04 1.784e+02 9.325e+01
s>        ( QUESTION0_1_R 1 -1.394e+04 1.540e+02 6.325e+01
s>            ( - -8.946e+03 2 0)
s>            ( QUESTION0_11_R 1 -4.844e+03 1.149e+02 2.300e+01
s>                ( - -2.398e+03 1 0)
s>                ( - -2.331e+03 1 0)))
s>        ( - -6.712e+03 1 0))INFO: dtree.c(1315): Comp split 43
INFO: dtree.c(1439): stop. leaf nodes are specific
INFO: dtree.c(1478): Final simple tree
|( QUESTION0_0_R 1 -8.997e+03 1.408e+02 3.930e+01
|    ( - -6.284e+03 1 0)
|    ( - -2.572e+03 1 0))
s>    ( QUESTION0_0_R 1 -8.997e+03 1.408e+02 3.930e+01
s>        ( - -6.284e+03 1 0)
s>        ( - -2.572e+03 1 0))INFO: dtree.c(1439): stop. leaf nodes are specific
INFO: dtree.c(1478): Final simple tree
|( SILENCE -1 -1.765e+04 1.641e+02 8.101e+01
|    ( - -1.487e+03 1 0)
|    ( - -1.600e+04 1 0))
s>    ( SILENCE -1 -1.765e+04 1.641e+02 8.101e+01
s>        ( - -1.487e+03 1 0)
s>        ( - -1.600e+04 1 0))INFO: dtree.c(1315): Comp split 44
INFO: dtree.c(1439): stop. leaf nodes are specific
INFO: dtree.c(1478): Final simple tree
|( QUESTION0_8_R 1 -3.094e+04 1.699e+02 1.386e+02
|    ( - -6.930e+02 1 0)
|    ( QUESTION0_6_R 1 -3.007e+04 1.597e+02 1.346e+02
|        ( - -4.920e+03 1 0)
|        ( QUESTION0_13_R 1 -2.499e+04 1.421e+02 1.127e+02
|            ( - -3.258e+03 1 0)
|            ( QUESTION0_5_R 1 -2.159e+04 1.270e+02 9.766e+01
|                ( - -1.201e+04 1 0)
|                ( QUESTION0_0_R 1 -9.459e+03 9.251e+01 4.269e+01
|                    ( - -2.860e+03 1 0)
|                    ( - -6.506e+03 2 0))))))
s>    ( QUESTION0_8_R 1 -3.094e+04 1.699e+02 1.386e+02
s>        ( - -6.930e+02 1 0)
s>        ( QUESTION0_6_R 1 -3.007e+04 1.597e+02 1.346e+02
s>            ( - -4.920e+03 1 0)
s>            ( QUESTION0_13_R 1 -2.499e+04 1.421e+02 1.127e+02
s>                ( - -3.258e+03 1 0)
s>                ( QUESTION0_5_R 1 -2.159e+04 1.270e+02 9.766e+01
s>                    ( - -1.201e+04 1 0)
s>                    ( QUESTION0_0_R 1 -9.459e+03 9.251e+01 4.269e+01
s>                        ( - -2.860e+03 1 0)
s>                        ( - -6.506e+03 2 0))))))INFO: dtree.c(1315): Comp split 45
INFO: dtree.c(1315): Comp split 46
INFO: dtree.c(1439): stop. leaf nodes are specific
INFO: dtree.c(1478): Final simple tree
|( WDBNDRY_S 0 -3.247e+03 1.286e+02 1.500e+01
|    ( - -1.005e+03 1 0)
|    ( - -2.114e+03 1 0))
s>    ( WDBNDRY_S 0 -3.247e+03 1.286e+02 1.500e+01
s>        ( - -1.005e+03 1 0)
s>        ( - -2.114e+03 1 0))INFO: dtree.c(1439): stop. leaf nodes are specific
INFO: dtree.c(1478): Final simple tree
|( QUESTION0_1_R 1 -4.788e+03 1.858e+02 2.200e+01
|    ( - -7.038e+02 1 0)
|    ( WDBNDRY_S 0 -3.898e+03 1.511e+02 1.800e+01
|        ( - -2.797e+03 1 0)
|        ( - -9.503e+02 1 0)))
s>    ( QUESTION0_1_R 1 -4.788e+03 1.858e+02 2.200e+01
s>        ( - -7.038e+02 1 0)
s>        ( WDBNDRY_S 0 -3.898e+03 1.511e+02 1.800e+01
s>            ( - -2.797e+03 1 0)
s>            ( - -9.503e+02 1 0)))INFO: dtree.c(1315): Comp split 47
INFO: dtree.c(1439): stop. leaf nodes are specific
INFO: dtree.c(1478): Final simple tree
|( WDBNDRY_S 0 -3.898e+03 1.511e+02 1.800e+01
|    ( - -2.797e+03 1 0)
|    ( - -9.503e+02 1 0))
s>    ( WDBNDRY_S 0 -3.898e+03 1.511e+02 1.800e+01
s>        ( - -2.797e+03 1 0)
s>        ( - -9.503e+02 1 0))INFO: dtree.c(1315): Comp split 48
INFO: dtree.c(1439): stop. leaf nodes are specific
INFO: dtree.c(1478): Final simple tree
|( QUESTION0_0_R 1 -4.759e+04 1.733e+02 2.092e+02
|    ( - -3.837e+04 2 0)
|    ( - -9.047e+03 1 0))
s>    ( QUESTION0_0_R 1 -4.759e+04 1.733e+02 2.092e+02
s>        ( - -3.837e+04 2 0)
s>        ( - -9.047e+03 1 0))INFO: dtree.c(1315): Comp split 49
INFO: dtree.c(1439): stop. leaf nodes are specific
INFO: dtree.c(1478): Final simple tree
|( QUESTION0_1_R 1 -1.394e+04 1.540e+02 6.325e+01
|    ( - -8.946e+03 2 0)
|    ( QUESTION0_11_R 1 -4.844e+03 1.149e+02 2.300e+01
|        ( - -2.398e+03 1 0)
|        ( - -2.331e+03 1 0)))
s>    ( QUESTION0_1_R 1 -1.394e+04 1.540e+02 6.325e+01
s>        ( - -8.946e+03 2 0)
s>        ( QUESTION0_11_R 1 -4.844e+03 1.149e+02 2.300e+01
s>            ( - -2.398e+03 1 0)
s>            ( - -2.331e+03 1 0)))INFO: dtree.c(1315): Comp split 50
INFO: dtree.c(1315): Comp split 51
INFO: dtree.c(1439): stop. leaf nodes are specific
INFO: dtree.c(1478): Final simple tree
|( SILENCE 1 -2.347e+04 1.465e+02 1.022e+02
|    ( - -3.104e+03 1 0)
|    ( - -2.022e+04 1 0))
s>    ( SILENCE 1 -2.347e+04 1.465e+02 1.022e+02
s>        ( - -3.104e+03 1 0)
s>        ( - -2.022e+04 1 0))INFO: dtree.c(1315): Comp split 52
INFO: dtree.c(1315): Comp split 53
INFO: dtree.c(1315): Comp split 54
INFO: dtree.c(1439): stop. leaf nodes are specific
INFO: dtree.c(1478): Final simple tree
|( QUESTION0_6_R 1 -3.007e+04 1.597e+02 1.346e+02
|    ( - -4.920e+03 1 0)
|    ( QUESTION0_13_R 1 -2.499e+04 1.421e+02 1.127e+02
|        ( - -3.258e+03 1 0)
|        ( QUESTION0_5_R 1 -2.159e+04 1.270e+02 9.766e+01
|            ( - -1.201e+04 1 0)
|            ( QUESTION0_0_R 1 -9.459e+03 9.251e+01 4.269e+01
|                ( - -2.860e+03 1 0)
|                ( - -6.506e+03 2 0)))))
s>    ( QUESTION0_6_R 1 -3.007e+04 1.597e+02 1.346e+02
s>        ( - -4.920e+03 1 0)
s>        ( QUESTION0_13_R 1 -2.499e+04 1.421e+02 1.127e+02
s>            ( - -3.258e+03 1 0)
s>            ( QUESTION0_5_R 1 -2.159e+04 1.270e+02 9.766e+01
s>                ( - -1.201e+04 1 0)
s>                ( QUESTION0_0_R 1 -9.459e+03 9.251e+01 4.269e+01
s>                    ( - -2.860e+03 1 0)
s>                    ( - -6.506e+03 2 0)))))INFO: dtree.c(1315): Comp split 55
INFO: dtree.c(1439): stop. leaf nodes are specific
INFO: dtree.c(1478): Final simple tree
|( QUESTION0_0_R 1 -1.183e+04 1.372e+02 5.491e+01
|    ( - -1.916e+03 1 0)
|    ( - -9.782e+03 2 0))
s>    ( QUESTION0_0_R 1 -1.183e+04 1.372e+02 5.491e+01
s>        ( - -1.916e+03 1 0)
s>        ( - -9.782e+03 2 0))INFO: dtree.c(1439): stop. leaf nodes are specific
INFO: dtree.c(1478): Final simple tree
|( QUESTION0_10_R 1 -2.621e+04 1.120e+02 1.192e+02
|    ( - -2.497e+04 1 0)
|    ( - -1.130e+03 1 0))
s>    ( QUESTION0_10_R 1 -2.621e+04 1.120e+02 1.192e+02
s>        ( - -2.497e+04 1 0)
s>        ( - -1.130e+03 1 0))INFO: dtree.c(1315): Comp split 56
INFO: dtree.c(1439): stop. leaf nodes are specific
INFO: dtree.c(1478): Final simple tree
|( QUESTION0_0_R 1 -1.864e+04 1.237e+02 8.466e+01
|    ( - -1.201e+04 1 0)
|    ( - -6.506e+03 2 0))
s>    ( QUESTION0_0_R 1 -1.864e+04 1.237e+02 8.466e+01
s>        ( - -1.201e+04 1 0)
s>        ( - -6.506e+03 2 0))INFO: dtree.c(1439): stop. leaf nodes are specific
INFO: dtree.c(1478): Final simple tree
|( QUESTION0_0_R 1 -1.127e+04 1.340e+02 4.996e+01
|    ( QUESTION0_3_R 1 -7.879e+03 9.952e+01 3.496e+01
|        ( - -2.860e+03 1 0)
|        ( - -4.920e+03 1 0))
|    ( - -3.258e+03 1 0))
s>    ( QUESTION0_0_R 1 -1.127e+04 1.340e+02 4.996e+01
s>        ( QUESTION0_3_R 1 -7.879e+03 9.952e+01 3.496e+01
s>            ( - -2.860e+03 1 0)
s>            ( - -4.920e+03 1 0))
s>        ( - -3.258e+03 1 0))INFO: dtree.c(1315): Comp split 57
INFO: dtree.c(1315): Comp split 58
INFO: dtree.c(1439): stop. leaf nodes are specific
INFO: dtree.c(1478): Final simple tree
|( QUESTION0_8_R 1 -5.034e+03 1.499e+02 2.298e+01
|    ( - -2.388e+03 1 0)
|    ( QUESTION0_0_R 1 -2.497e+03 1.159e+02 1.201e+01
|        ( - -5.969e+02 1 0)
|        ( - -1.784e+03 1 0)))
s>    ( QUESTION0_8_R 1 -5.034e+03 1.499e+02 2.298e+01
s>        ( - -2.388e+03 1 0)
s>        ( QUESTION0_0_R 1 -2.497e+03 1.159e+02 1.201e+01
s>            ( - -5.969e+02 1 0)
s>            ( - -1.784e+03 1 0)))INFO: dtree.c(1315): Comp split 59
INFO: dtree.c(1439): stop. leaf nodes are specific
INFO: dtree.c(1478): Final simple tree
|( QUESTION0_5_R 1 -1.611e+04 1.408e+02 6.988e+01
|    ( - -1.249e+03 1 0)
|    ( QUESTION0_0_R 1 -1.472e+04 1.228e+02 6.388e+01
|        ( - -1.324e+03 1 0)
|        ( - -1.328e+04 1 0)))
s>    ( QUESTION0_5_R 1 -1.611e+04 1.408e+02 6.988e+01
s>        ( - -1.249e+03 1 0)
s>        ( QUESTION0_0_R 1 -1.472e+04 1.228e+02 6.388e+01
s>            ( - -1.324e+03 1 0)
s>            ( - -1.328e+04 1 0)))INFO: dtree.c(1439): stop. leaf nodes are specific
INFO: dtree.c(1478): Final simple tree
|( QUESTION2 -1 -8.800e+03 1.360e+02 3.997e+01
|    ( - -5.325e+03 1 0)
|    ( - -3.339e+03 1 0))
s>    ( QUESTION2 -1 -8.800e+03 1.360e+02 3.997e+01
s>        ( - -5.325e+03 1 0)
s>        ( - -3.339e+03 1 0))INFO: dtree.c(1315): Comp split 60
INFO: dtree.c(1315): Comp split 61
INFO: dtree.c(1315): Comp split 62
INFO: dtree.c(1315): Comp split 63
INFO: dtree.c(1439): stop. leaf nodes are specific
INFO: dtree.c(1478): Final simple tree
|( QUESTION0_11_R 1 -4.844e+03 1.149e+02 2.300e+01
|    ( - -2.398e+03 1 0)
|    ( - -2.331e+03 1 0))
s>    ( QUESTION0_11_R 1 -4.844e+03 1.149e+02 2.300e+01
s>        ( - -2.398e+03 1 0)
s>        ( - -2.331e+03 1 0))INFO: dtree.c(1315): Comp split 64
INFO: dtree.c(1439): stop. leaf nodes are specific
INFO: dtree.c(1478): Final simple tree
|( QUESTION0_0_R 1 -1.156e+04 1.029e+02 5.000e+01
|    ( - -3.165e+03 1 0)
|    ( QUESTION0_13_R 1 -8.297e+03 8.255e+01 3.600e+01
|        ( - -3.622e+03 1 0)
|        ( - -4.593e+03 2 0)))
s>    ( QUESTION0_0_R 1 -1.156e+04 1.029e+02 5.000e+01
s>        ( - -3.165e+03 1 0)
s>        ( QUESTION0_13_R 1 -8.297e+03 8.255e+01 3.600e+01
s>            ( - -3.622e+03 1 0)
s>            ( - -4.593e+03 2 0)))INFO: dtree.c(1315): Comp split 65
INFO: dtree.c(1315): Comp split 66
INFO: dtree.c(1439): stop. leaf nodes are specific
INFO: dtree.c(1478): Final simple tree
|( QUESTION0_0_R 1 -4.757e+04 1.307e+02 2.007e+02
|    ( QUESTION0_7_R 1 -1.961e+04 1.246e+02 8.201e+01
|        ( - -2.963e+03 1 0)
|        ( QUESTION0_9_R 1 -1.652e+04 9.879e+01 6.901e+01
|            ( - -1.821e+03 1 0)
|            ( QUESTION0_3_R 1 -1.460e+04 7.058e+01 6.101e+01
|                ( - -3.030e+03 1 0)
|                ( - -1.150e+04 1 0))))
|    ( QUESTION0_13_R 1 -2.783e+04 1.086e+02 1.187e+02
|        ( - -1.001e+04 1 0)
|        ( - -1.771e+04 3 0)))
s>    ( QUESTION0_0_R 1 -4.757e+04 1.307e+02 2.007e+02
s>        ( QUESTION0_7_R 1 -1.961e+04 1.246e+02 8.201e+01
s>            ( - -2.963e+03 1 0)
s>            ( QUESTION0_9_R 1 -1.652e+04 9.879e+01 6.901e+01
s>                ( - -1.821e+03 1 0)
s>                ( QUESTION0_3_R 1 -1.460e+04 7.058e+01 6.101e+01
s>                    ( - -3.030e+03 1 0)
s>                    ( - -1.150e+04 1 0))))
s>        ( QUESTION0_13_R 1 -2.783e+04 1.086e+02 1.187e+02
s>            ( - -1.001e+04 1 0)
s>            ( - -1.771e+04 3 0)))INFO: dtree.c(1315): Comp split 67
INFO: dtree.c(1439): stop. leaf nodes are specific
INFO: dtree.c(1478): Final simple tree
|( QUESTION0_0_R 1 -2.497e+03 1.159e+02 1.201e+01
|    ( - -5.969e+02 1 0)
|    ( - -1.784e+03 1 0))
s>    ( QUESTION0_0_R 1 -2.497e+03 1.159e+02 1.201e+01
s>        ( - -5.969e+02 1 0)
s>        ( - -1.784e+03 1 0))INFO: dtree.c(1315): Comp split 68
INFO: dtree.c(1439): stop. leaf nodes are specific
INFO: dtree.c(1478): Final simple tree
|( QUESTION0_0_R 1 -1.157e+04 1.296e+02 5.204e+01
|    ( - -7.622e+03 1 0)
|    ( - -3.816e+03 1 0))
s>    ( QUESTION0_0_R 1 -1.157e+04 1.296e+02 5.204e+01
s>        ( - -7.622e+03 1 0)
s>        ( - -3.816e+03 1 0))INFO: dtree.c(1315): Comp split 69
INFO: dtree.c(1315): Comp split 70
INFO: dtree.c(1315): Comp split 71
INFO: dtree.c(1315): Comp split 72
INFO: dtree.c(1439): stop. leaf nodes are specific
INFO: dtree.c(1478): Final simple tree
|( QUESTION0_0_R 1 -1.472e+04 1.228e+02 6.388e+01
|    ( - -1.324e+03 1 0)
|    ( - -1.328e+04 1 0))
s>    ( QUESTION0_0_R 1 -1.472e+04 1.228e+02 6.388e+01
s>        ( - -1.324e+03 1 0)
s>        ( - -1.328e+04 1 0))INFO: dtree.c(1315): Comp split 73
INFO: dtree.c(1315): Comp split 74
INFO: dtree.c(1315): Comp split 75
INFO: dtree.c(1315): Comp split 76
INFO: dtree.c(1315): Comp split 77
INFO: dtree.c(1439): stop. leaf nodes are specific
INFO: dtree.c(1478): Final simple tree
|( QUESTION0_3_R 1 -7.879e+03 9.952e+01 3.496e+01
|    ( - -2.860e+03 1 0)
|    ( - -4.920e+03 1 0))
s>    ( QUESTION0_3_R 1 -7.879e+03 9.952e+01 3.496e+01
s>        ( - -2.860e+03 1 0)
s>        ( - -4.920e+03 1 0))INFO: dtree.c(1315): Comp split 78
INFO: dtree.c(1439): stop. leaf nodes are specific
INFO: dtree.c(1478): Final simple tree
|( QUESTION0_9_R 1 -1.652e+04 9.879e+01 6.901e+01
|    ( - -1.821e+03 1 0)
|    ( QUESTION0_3_R 1 -1.460e+04 7.058e+01 6.101e+01
|        ( - -3.030e+03 1 0)
|        ( - -1.150e+04 1 0)))
s>    ( QUESTION0_9_R 1 -1.652e+04 9.879e+01 6.901e+01
s>        ( - -1.821e+03 1 0)
s>        ( QUESTION0_3_R 1 -1.460e+04 7.058e+01 6.101e+01
s>            ( - -3.030e+03 1 0)
s>            ( - -1.150e+04 1 0)))INFO: dtree.c(1439): stop. leaf nodes are specific
INFO: dtree.c(1478): Final simple tree
|( QUESTION0_0_R 1 -3.092e+04 1.241e+02 1.317e+02
|    ( - -2.963e+03 1 0)
|    ( QUESTION0_13_R 1 -2.783e+04 1.086e+02 1.187e+02
|        ( - -1.001e+04 1 0)
|        ( - -1.771e+04 3 0)))
s>    ( QUESTION0_0_R 1 -3.092e+04 1.241e+02 1.317e+02
s>        ( - -2.963e+03 1 0)
s>        ( QUESTION0_13_R 1 -2.783e+04 1.086e+02 1.187e+02
s>            ( - -1.001e+04 1 0)
s>            ( - -1.771e+04 3 0)))INFO: dtree.c(1315): Comp split 79
INFO: dtree.c(1315): Comp split 80
INFO: dtree.c(1315): Comp split 81
INFO: dtree.c(1315): Comp split 82
INFO: dtree.c(1439): stop. leaf nodes are specific
INFO: dtree.c(1478): Final simple tree
|( QUESTION0_13_R 1 -2.783e+04 1.086e+02 1.187e+02
|    ( - -1.001e+04 1 0)
|    ( - -1.771e+04 3 0))
s>    ( QUESTION0_13_R 1 -2.783e+04 1.086e+02 1.187e+02
s>        ( - -1.001e+04 1 0)
s>        ( - -1.771e+04 3 0))INFO: dtree.c(1315): Comp split 83
INFO: dtree.c(1315): Comp split 84
INFO: dtree.c(1315): Comp split 85
INFO: dtree.c(1315): Comp split 86
INFO: dtree.c(1315): Comp split 87
INFO: dtree.c(1315): Comp split 88
INFO: dtree.c(1315): Comp split 89
INFO: dtree.c(1439): stop. leaf nodes are specific
INFO: dtree.c(1478): Final simple tree
|( QUESTION0_13_R 1 -8.297e+03 8.255e+01 3.600e+01
|    ( - -3.622e+03 1 0)
|    ( - -4.593e+03 2 0))
s>    ( QUESTION0_13_R 1 -8.297e+03 8.255e+01 3.600e+01
s>        ( - -3.622e+03 1 0)
s>        ( - -4.593e+03 2 0))INFO: dtree.c(1315): Comp split 90
INFO: dtree.c(1315): Comp split 91
INFO: dtree.c(1439): stop. leaf nodes are specific
INFO: dtree.c(1478): Final simple tree
|( QUESTION0_3_R 1 -1.460e+04 7.058e+01 6.101e+01
|    ( - -3.030e+03 1 0)
|    ( - -1.150e+04 1 0))
s>    ( QUESTION0_3_R 1 -1.460e+04 7.058e+01 6.101e+01
s>        ( - -3.030e+03 1 0)
s>        ( - -1.150e+04 1 0))INFO: dtree.c(1315): Comp split 92
INFO: dtree.c(1315): Comp split 93
INFO: dtree.c(1315): Comp split 94
INFO: dtree.c(1318): stop. leaf nodes are specific
Wed Dec 20 23:52:22 2017
