Current configuration:
[NAME]		[DEFLT]	[VALUE]
-allphones	no	no
-cntthresh	0.00001	1.000000e-05
-csplitmax	100	2000
-csplitmin	1	1
-csplitthr	8e-4	0.000000e+00
-example	no	no
-fullvar	no	no
-help		no	no
-meanfn			/home/alex/repos/speech/an4/model_parameters/an4.cd_cont_untied/means
-mixwfn			/home/alex/repos/speech/an4/model_parameters/an4.cd_cont_untied/mixture_weights
-moddeffn		/home/alex/repos/speech/an4/model_architecture/an4.untied.mdef
-mwfloor	1e-4	1.000000e-08
-phone			V
-psetfn			/home/alex/repos/speech/an4/model_architecture/an4.tree_questions
-ssplitmax	5	7
-ssplitmin	1	1
-ssplitthr	8e-4	0.000000e+00
-state			1
-stwt			1.0,0.05,0.0,
-treefn			/home/alex/repos/speech/an4/trees/an4.unpruned/V-1.dtree
-ts2cbfn	.semi.	.cont.
-varfloor	0.00001	1.000000e-05
-varfn			/home/alex/repos/speech/an4/model_parameters/an4.cd_cont_untied/variances

INFO: main.c(223): Reading: /home/alex/repos/speech/an4/model_architecture/an4.untied.mdef
INFO: model_def_io.c(573): Model definition info:
INFO: model_def_io.c(574): 1618 total models defined (34 base, 1584 tri)
INFO: model_def_io.c(575): 6472 total states
INFO: model_def_io.c(576): 4854 total tied states
INFO: model_def_io.c(577): 102 total tied CI states
INFO: model_def_io.c(578): 34 total tied transition matrices
INFO: model_def_io.c(579): 4 max state/model
INFO: model_def_io.c(580): 4 min state/model
INFO: main.c(242): Building trees for [V AH IY b] through [V T IY b]
INFO: main.c(269): Covering states |[4587 4670]| == 84
INFO: main.c(275): Reading: /home/alex/repos/speech/an4/model_parameters/an4.cd_cont_untied/mixture_weights
INFO: s3mixw_io.c(173): Read /home/alex/repos/speech/an4/model_parameters/an4.cd_cont_untied/mixture_weights [84x1x1 array]
INFO: main.c(311): 28 of 28 models have observation count greater than 0.000010
INFO: main.c(95): nrm stwt: 0.045 0.909 0.045 
INFO: s3gau_io.c(169): Read /home/alex/repos/speech/an4/model_parameters/an4.cd_cont_untied/means [4854x1x1 array]
INFO: s3gau_io.c(169): Read /home/alex/repos/speech/an4/model_parameters/an4.cd_cont_untied/variances [4854x1x1 array]
INFO: main.c(549): Reading: /home/alex/repos/speech/an4/model_architecture/an4.tree_questions
INFO: main.c(588): 180 total simple questions (172 phone; 8 word bndry)
INFO: main.c(590): 42 Left Only questions, and 42 Right Only questions
INFO: dtree.c(1478): Final simple tree
|( WDBNDRY_I 0 -2.502e+05 2.363e+03 1.074e+03
|    ( - -6.903e+04 1 0)
|    ( WDBNDRY_B 0 -1.788e+05 8.409e+02 7.611e+02
|        ( SILENCE -1 -4.291e+04 4.499e+02 1.811e+02
|            ( - -6.953e+03 1 0)
|            ( QUESTION2_7_L -1 -3.550e+04 3.539e+02 1.558e+02
|                ( - -7.125e+03 3 0 QUESTION2_8_L -1 1.871e+02 2.904e+01)
|                ( - -2.803e+04 6 0 QUESTION2_18_L -1 1.650e+02 1.268e+02)))
|        ( SILENCE 1 -1.350e+05 5.268e+02 5.800e+02
|            ( QUESTION2_0_L -1 -3.842e+04 4.676e+02 1.620e+02
|                ( - -3.814e+04 1 0)
|                ( - 1.912e+02 1 0))
|            ( QUESTION2_0_L -1 -9.607e+04 3.108e+02 4.180e+02
|                ( - -9.249e+04 11 0 QUESTION0_11_R 1 2.764e+02 4.030e+02)
|                ( - -3.266e+03 4 0 QUESTION0_0_R 1 1.148e+02 1.500e+01)))))
s>    ( WDBNDRY_I 0 -2.502e+05 2.363e+03 1.074e+03
s>        ( - -6.903e+04 1 0)
s>        ( WDBNDRY_B 0 -1.788e+05 8.409e+02 7.611e+02
s>            ( SILENCE -1 -4.291e+04 4.499e+02 1.811e+02
s>                ( - -6.953e+03 1 0)
s>                ( QUESTION2_7_L -1 -3.550e+04 3.539e+02 1.558e+02
s>                    ( - -7.125e+03 3 0 QUESTION2_8_L -1 1.871e+02 2.904e+01)
s>                    ( - -2.803e+04 6 0 QUESTION2_18_L -1 1.650e+02 1.268e+02)))
s>            ( SILENCE 1 -1.350e+05 5.268e+02 5.800e+02
s>                ( QUESTION2_0_L -1 -3.842e+04 4.676e+02 1.620e+02
s>                    ( - -3.814e+04 1 0)
s>                    ( - 1.912e+02 1 0))
s>                ( QUESTION2_0_L -1 -9.607e+04 3.108e+02 4.180e+02
s>                    ( - -9.249e+04 11 0 QUESTION0_11_R 1 2.764e+02 4.030e+02)
s>                    ( - -3.266e+03 4 0 QUESTION0_0_R 1 1.148e+02 1.500e+01)))))INFO: dtree.c(1315): Comp split 0
INFO: dtree.c(1478): Final simple tree
|( WDBNDRY_B 0 -1.788e+05 8.409e+02 7.611e+02
|    ( SILENCE -1 -4.291e+04 4.499e+02 1.811e+02
|        ( - -6.953e+03 1 0)
|        ( QUESTION2_7_L -1 -3.550e+04 3.539e+02 1.558e+02
|            ( - -7.125e+03 3 0 QUESTION2_8_L -1 1.871e+02 2.904e+01)
|            ( - -2.803e+04 6 0 QUESTION2_18_L -1 1.650e+02 1.268e+02)))
|    ( SILENCE 1 -1.350e+05 5.268e+02 5.800e+02
|        ( QUESTION2_0_L -1 -3.842e+04 4.676e+02 1.620e+02
|            ( - -3.814e+04 1 0)
|            ( - 1.912e+02 1 0))
|        ( QUESTION2_0_L -1 -9.607e+04 3.108e+02 4.180e+02
|            ( QUESTION0_11_R 1 -9.249e+04 2.764e+02 4.030e+02
|                ( - -9.432e+03 1 0)
|                ( - -8.278e+04 10 0 QUESTION0_1_R 1 1.684e+02 3.599e+02))
|            ( - -3.266e+03 4 0 QUESTION0_0_R 1 1.148e+02 1.500e+01))))
s>    ( WDBNDRY_B 0 -1.788e+05 8.409e+02 7.611e+02
s>        ( SILENCE -1 -4.291e+04 4.499e+02 1.811e+02
s>            ( - -6.953e+03 1 0)
s>            ( QUESTION2_7_L -1 -3.550e+04 3.539e+02 1.558e+02
s>                ( - -7.125e+03 3 0 QUESTION2_8_L -1 1.871e+02 2.904e+01)
s>                ( - -2.803e+04 6 0 QUESTION2_18_L -1 1.650e+02 1.268e+02)))
s>        ( SILENCE 1 -1.350e+05 5.268e+02 5.800e+02
s>            ( QUESTION2_0_L -1 -3.842e+04 4.676e+02 1.620e+02
s>                ( - -3.814e+04 1 0)
s>                ( - 1.912e+02 1 0))
s>            ( QUESTION2_0_L -1 -9.607e+04 3.108e+02 4.180e+02
s>                ( QUESTION0_11_R 1 -9.249e+04 2.764e+02 4.030e+02
s>                    ( - -9.432e+03 1 0)
s>                    ( - -8.278e+04 10 0 QUESTION0_1_R 1 1.684e+02 3.599e+02))
s>                ( - -3.266e+03 4 0 QUESTION0_0_R 1 1.148e+02 1.500e+01))))INFO: dtree.c(1315): Comp split 1
INFO: dtree.c(1478): Final simple tree
|( QUESTION0_11_R 1 -9.249e+04 2.764e+02 4.030e+02
|    ( - -9.432e+03 1 0)
|    ( QUESTION0_1_R 1 -8.278e+04 1.684e+02 3.599e+02
|        ( QUESTION0 -1 -1.543e+04 1.258e+02 7.018e+01
|            ( - -9.869e+02 1 0)
|            ( - -1.432e+04 2 0))
|        ( QUESTION9 1 -6.718e+04 1.661e+02 2.898e+02
|            ( QUESTION0_10_R 1 -5.285e+04 1.468e+02 2.296e+02
|                ( - -7.286e+02 1 0)
|                ( - -5.197e+04 2 0 QUESTION0_3_R 1 9.793e+01 2.266e+02))
|            ( QUESTION0_13_R 1 -1.416e+04 1.320e+02 6.017e+01
|                ( QUESTION0_14_R 1 -9.259e+03 1.140e+02 3.888e+01
|                    ( - -4.756e+03 1 0)
|                    ( - -4.389e+03 1 0))
|                ( - -4.773e+03 2 0 QUESTION0_0_R 1 9.950e+01 2.129e+01)))))
s>    ( QUESTION0_11_R 1 -9.249e+04 2.764e+02 4.030e+02
s>        ( - -9.432e+03 1 0)
s>        ( QUESTION0_1_R 1 -8.278e+04 1.684e+02 3.599e+02
s>            ( QUESTION0 -1 -1.543e+04 1.258e+02 7.018e+01
s>                ( - -9.869e+02 1 0)
s>                ( - -1.432e+04 2 0))
s>            ( QUESTION9 1 -6.718e+04 1.661e+02 2.898e+02
s>                ( QUESTION0_10_R 1 -5.285e+04 1.468e+02 2.296e+02
s>                    ( - -7.286e+02 1 0)
s>                    ( - -5.197e+04 2 0 QUESTION0_3_R 1 9.793e+01 2.266e+02))
s>                ( QUESTION0_13_R 1 -1.416e+04 1.320e+02 6.017e+01
s>                    ( QUESTION0_14_R 1 -9.259e+03 1.140e+02 3.888e+01
s>                        ( - -4.756e+03 1 0)
s>                        ( - -4.389e+03 1 0))
s>                    ( - -4.773e+03 2 0 QUESTION0_0_R 1 9.950e+01 2.129e+01)))))INFO: dtree.c(1478): Final simple tree
|( WDBNDRY_B 0 -8.541e+04 5.472e+02 3.581e+02
|    ( SILENCE -1 -4.291e+04 4.499e+02 1.811e+02
|        ( - -6.953e+03 1 0)
|        ( QUESTION2_7_L -1 -3.550e+04 3.539e+02 1.558e+02
|            ( QUESTION2_8_L -1 -7.125e+03 1.871e+02 2.904e+01
|                ( - -2.289e+02 1 0)
|                ( - -6.709e+03 2 0 QUESTION0 -1 1.445e+02 2.704e+01))
|            ( QUESTION2_18_L -1 -2.803e+04 1.650e+02 1.268e+02
|                ( - -8.426e+02 1 0)
|                ( - -2.702e+04 5 0 QUESTION2_0_L -1 1.528e+02 1.228e+02))))
|    ( QUESTION2_0_L -1 -4.195e+04 2.877e+02 1.770e+02
|        ( - -3.814e+04 1 0)
|        ( SILENCE 1 -3.521e+03 4.460e+02 1.600e+01
|            ( - 1.912e+02 1 0)
|            ( - -3.266e+03 4 0 QUESTION0_0_R 1 1.148e+02 1.500e+01))))
s>    ( WDBNDRY_B 0 -8.541e+04 5.472e+02 3.581e+02
s>        ( SILENCE -1 -4.291e+04 4.499e+02 1.811e+02
s>            ( - -6.953e+03 1 0)
s>            ( QUESTION2_7_L -1 -3.550e+04 3.539e+02 1.558e+02
s>                ( QUESTION2_8_L -1 -7.125e+03 1.871e+02 2.904e+01
s>                    ( - -2.289e+02 1 0)
s>                    ( - -6.709e+03 2 0 QUESTION0 -1 1.445e+02 2.704e+01))
s>                ( QUESTION2_18_L -1 -2.803e+04 1.650e+02 1.268e+02
s>                    ( - -8.426e+02 1 0)
s>                    ( - -2.702e+04 5 0 QUESTION2_0_L -1 1.528e+02 1.228e+02))))
s>        ( QUESTION2_0_L -1 -4.195e+04 2.877e+02 1.770e+02
s>            ( - -3.814e+04 1 0)
s>            ( SILENCE 1 -3.521e+03 4.460e+02 1.600e+01
s>                ( - 1.912e+02 1 0)
s>                ( - -3.266e+03 4 0 QUESTION0_0_R 1 1.148e+02 1.500e+01))))INFO: dtree.c(1315): Comp split 2
INFO: dtree.c(1439): stop. leaf nodes are specific
INFO: dtree.c(1478): Final simple tree
|( WDBNDRY_B 0 -6.669e+04 5.194e+02 2.878e+02
|    ( QUESTION2_18_L -1 -2.803e+04 1.650e+02 1.268e+02
|        ( - -8.426e+02 1 0)
|        ( QUESTION2_0_L -1 -2.702e+04 1.528e+02 1.228e+02
|            ( QUESTION0 -1 -1.685e+04 1.226e+02 7.902e+01
|                ( - -9.376e+03 1 0)
|                ( - -7.351e+03 1 0))
|            ( QUESTION0 -1 -1.002e+04 9.814e+01 4.374e+01
|                ( - -6.658e+02 1 0)
|                ( - -9.252e+03 2 0))))
|    ( - -3.814e+04 1 0))
s>    ( WDBNDRY_B 0 -6.669e+04 5.194e+02 2.878e+02
s>        ( QUESTION2_18_L -1 -2.803e+04 1.650e+02 1.268e+02
s>            ( - -8.426e+02 1 0)
s>            ( QUESTION2_0_L -1 -2.702e+04 1.528e+02 1.228e+02
s>                ( QUESTION0 -1 -1.685e+04 1.226e+02 7.902e+01
s>                    ( - -9.376e+03 1 0)
s>                    ( - -7.351e+03 1 0))
s>                ( QUESTION0 -1 -1.002e+04 9.814e+01 4.374e+01
s>                    ( - -6.658e+02 1 0)
s>                    ( - -9.252e+03 2 0))))
s>        ( - -3.814e+04 1 0))INFO: dtree.c(1478): Final simple tree
|( SILENCE 1 -1.816e+04 4.581e+02 7.035e+01
|    ( - 1.912e+02 1 0)
|    ( WDBNDRY_B 0 -1.789e+04 2.793e+02 6.935e+01
|        ( SILENCE -1 -1.435e+04 2.675e+02 5.435e+01
|            ( - -6.953e+03 1 0)
|            ( QUESTION2_8_L -1 -7.125e+03 1.871e+02 2.904e+01
|                ( - -2.289e+02 1 0)
|                ( QUESTION0 -1 -6.709e+03 1.445e+02 2.704e+01
|                    ( - -1.077e+03 1 0)
|                    ( - -5.487e+03 1 0))))
|        ( QUESTION0_0_R 1 -3.266e+03 1.148e+02 1.500e+01
|            ( QUESTION0_1_R 1 -2.289e+03 1.020e+02 1.100e+01
|                ( - -1.199e+03 2 0)
|                ( - -9.874e+02 1 0))
|            ( - -8.624e+02 1 0))))
s>    ( SILENCE 1 -1.816e+04 4.581e+02 7.035e+01
s>        ( - 1.912e+02 1 0)
s>        ( WDBNDRY_B 0 -1.789e+04 2.793e+02 6.935e+01
s>            ( SILENCE -1 -1.435e+04 2.675e+02 5.435e+01
s>                ( - -6.953e+03 1 0)
s>                ( QUESTION2_8_L -1 -7.125e+03 1.871e+02 2.904e+01
s>                    ( - -2.289e+02 1 0)
s>                    ( QUESTION0 -1 -6.709e+03 1.445e+02 2.704e+01
s>                        ( - -1.077e+03 1 0)
s>                        ( - -5.487e+03 1 0))))
s>            ( QUESTION0_0_R 1 -3.266e+03 1.148e+02 1.500e+01
s>                ( QUESTION0_1_R 1 -2.289e+03 1.020e+02 1.100e+01
s>                    ( - -1.199e+03 2 0)
s>                    ( - -9.874e+02 1 0))
s>                ( - -8.624e+02 1 0))))INFO: dtree.c(1315): Comp split 3
INFO: dtree.c(1439): stop. leaf nodes are specific
INFO: dtree.c(1478): Final simple tree
|( QUESTION2_0_L -1 -2.625e+04 1.520e+02 1.198e+02
|    ( QUESTION0 -1 -1.685e+04 1.226e+02 7.902e+01
|        ( - -9.376e+03 1 0)
|        ( - -7.351e+03 1 0))
|    ( - -9.252e+03 2 0))
s>    ( QUESTION2_0_L -1 -2.625e+04 1.520e+02 1.198e+02
s>        ( QUESTION0 -1 -1.685e+04 1.226e+02 7.902e+01
s>            ( - -9.376e+03 1 0)
s>            ( - -7.351e+03 1 0))
s>        ( - -9.252e+03 2 0))INFO: dtree.c(1439): stop. leaf nodes are specific
INFO: dtree.c(1478): Final simple tree
|( QUESTION2_18_L -1 -3.990e+04 1.519e+02 1.680e+02
|    ( - -8.426e+02 1 0)
|    ( WDBNDRY_B 0 -3.891e+04 9.778e+01 1.640e+02
|        ( - -6.658e+02 1 0)
|        ( - -3.814e+04 1 0)))
s>    ( QUESTION2_18_L -1 -3.990e+04 1.519e+02 1.680e+02
s>        ( - -8.426e+02 1 0)
s>        ( WDBNDRY_B 0 -3.891e+04 9.778e+01 1.640e+02
s>            ( - -6.658e+02 1 0)
s>            ( - -3.814e+04 1 0)))INFO: dtree.c(1315): Comp split 4
INFO: dtree.c(1439): stop. leaf nodes are specific
INFO: dtree.c(1478): Final simple tree
|( WDBNDRY_B 0 -1.789e+04 2.793e+02 6.935e+01
|    ( SILENCE -1 -1.435e+04 2.675e+02 5.435e+01
|        ( - -6.953e+03 1 0)
|        ( QUESTION2_8_L -1 -7.125e+03 1.871e+02 2.904e+01
|            ( - -2.289e+02 1 0)
|            ( QUESTION0 -1 -6.709e+03 1.445e+02 2.704e+01
|                ( - -1.077e+03 1 0)
|                ( - -5.487e+03 1 0))))
|    ( QUESTION0_0_R 1 -3.266e+03 1.148e+02 1.500e+01
|        ( QUESTION0_1_R 1 -2.289e+03 1.020e+02 1.100e+01
|            ( - -1.199e+03 2 0)
|            ( - -9.874e+02 1 0))
|        ( - -8.624e+02 1 0)))
s>    ( WDBNDRY_B 0 -1.789e+04 2.793e+02 6.935e+01
s>        ( SILENCE -1 -1.435e+04 2.675e+02 5.435e+01
s>            ( - -6.953e+03 1 0)
s>            ( QUESTION2_8_L -1 -7.125e+03 1.871e+02 2.904e+01
s>                ( - -2.289e+02 1 0)
s>                ( QUESTION0 -1 -6.709e+03 1.445e+02 2.704e+01
s>                    ( - -1.077e+03 1 0)
s>                    ( - -5.487e+03 1 0))))
s>        ( QUESTION0_0_R 1 -3.266e+03 1.148e+02 1.500e+01
s>            ( QUESTION0_1_R 1 -2.289e+03 1.020e+02 1.100e+01
s>                ( - -1.199e+03 2 0)
s>                ( - -9.874e+02 1 0))
s>            ( - -8.624e+02 1 0)))INFO: dtree.c(1315): Comp split 5
INFO: dtree.c(1439): stop. leaf nodes are specific
INFO: dtree.c(1478): Final simple tree
|( QUESTION0_1_R 1 -1.505e+04 1.364e+02 6.700e+01
|    ( - -9.869e+02 1 0)
|    ( QUESTION0_0_R 1 -1.393e+04 1.045e+02 6.200e+01
|        ( - -9.432e+03 1 0)
|        ( - -4.389e+03 1 0)))
s>    ( QUESTION0_1_R 1 -1.505e+04 1.364e+02 6.700e+01
s>        ( - -9.869e+02 1 0)
s>        ( QUESTION0_0_R 1 -1.393e+04 1.045e+02 6.200e+01
s>            ( - -9.432e+03 1 0)
s>            ( - -4.389e+03 1 0)))INFO: dtree.c(1439): stop. leaf nodes are specific
INFO: dtree.c(1478): Final simple tree
|( QUESTION9 1 -7.712e+04 1.551e+02 3.360e+02
|    ( QUESTION0_10_R 1 -5.285e+04 1.468e+02 2.296e+02
|        ( - -7.286e+02 1 0)
|        ( QUESTION0_3_R 1 -5.197e+04 9.793e+01 2.266e+02
|            ( - -4.478e+04 1 0)
|            ( - -7.099e+03 1 0)))
|    ( QUESTION0_13_R 1 -2.412e+04 1.349e+02 1.064e+02
|        ( - -4.756e+03 1 0)
|        ( QUESTION0_1_R 1 -1.923e+04 1.335e+02 8.647e+01
|            ( - -1.432e+04 2 0)
|            ( QUESTION0_0_R 1 -4.773e+03 9.950e+01 2.129e+01
|                ( - -1.899e+03 1 0)
|                ( - -2.775e+03 1 0)))))
s>    ( QUESTION9 1 -7.712e+04 1.551e+02 3.360e+02
s>        ( QUESTION0_10_R 1 -5.285e+04 1.468e+02 2.296e+02
s>            ( - -7.286e+02 1 0)
s>            ( QUESTION0_3_R 1 -5.197e+04 9.793e+01 2.266e+02
s>                ( - -4.478e+04 1 0)
s>                ( - -7.099e+03 1 0)))
s>        ( QUESTION0_13_R 1 -2.412e+04 1.349e+02 1.064e+02
s>            ( - -4.756e+03 1 0)
s>            ( QUESTION0_1_R 1 -1.923e+04 1.335e+02 8.647e+01
s>                ( - -1.432e+04 2 0)
s>                ( QUESTION0_0_R 1 -4.773e+03 9.950e+01 2.129e+01
s>                    ( - -1.899e+03 1 0)
s>                    ( - -2.775e+03 1 0)))))INFO: dtree.c(1315): Comp split 6
INFO: dtree.c(1439): stop. leaf nodes are specific
INFO: dtree.c(1478): Final simple tree
|( SILENCE -1 -1.435e+04 2.675e+02 5.435e+01
|    ( - -6.953e+03 1 0)
|    ( QUESTION2_8_L -1 -7.125e+03 1.871e+02 2.904e+01
|        ( - -2.289e+02 1 0)
|        ( QUESTION0 -1 -6.709e+03 1.445e+02 2.704e+01
|            ( - -1.077e+03 1 0)
|            ( - -5.487e+03 1 0))))
s>    ( SILENCE -1 -1.435e+04 2.675e+02 5.435e+01
s>        ( - -6.953e+03 1 0)
s>        ( QUESTION2_8_L -1 -7.125e+03 1.871e+02 2.904e+01
s>            ( - -2.289e+02 1 0)
s>            ( QUESTION0 -1 -6.709e+03 1.445e+02 2.704e+01
s>                ( - -1.077e+03 1 0)
s>                ( - -5.487e+03 1 0))))INFO: dtree.c(1439): stop. leaf nodes are specific
INFO: dtree.c(1478): Final simple tree
|( QUESTION0_0_R 1 -3.266e+03 1.148e+02 1.500e+01
|    ( QUESTION0_1_R 1 -2.289e+03 1.020e+02 1.100e+01
|        ( - -1.199e+03 2 0)
|        ( - -9.874e+02 1 0))
|    ( - -8.624e+02 1 0))
s>    ( QUESTION0_0_R 1 -3.266e+03 1.148e+02 1.500e+01
s>        ( QUESTION0_1_R 1 -2.289e+03 1.020e+02 1.100e+01
s>            ( - -1.199e+03 2 0)
s>            ( - -9.874e+02 1 0))
s>        ( - -8.624e+02 1 0))INFO: dtree.c(1315): Comp split 7
INFO: dtree.c(1439): stop. leaf nodes are specific
INFO: dtree.c(1478): Final simple tree
|( QUESTION2_8_L -1 -7.125e+03 1.871e+02 2.904e+01
|    ( - -2.289e+02 1 0)
|    ( QUESTION0 -1 -6.709e+03 1.445e+02 2.704e+01
|        ( - -1.077e+03 1 0)
|        ( - -5.487e+03 1 0)))
s>    ( QUESTION2_8_L -1 -7.125e+03 1.871e+02 2.904e+01
s>        ( - -2.289e+02 1 0)
s>        ( QUESTION0 -1 -6.709e+03 1.445e+02 2.704e+01
s>            ( - -1.077e+03 1 0)
s>            ( - -5.487e+03 1 0)))INFO: dtree.c(1315): Comp split 8
INFO: dtree.c(1439): stop. leaf nodes are specific
INFO: dtree.c(1478): Final simple tree
|( QUESTION0 -1 -6.709e+03 1.445e+02 2.704e+01
|    ( - -1.077e+03 1 0)
|    ( - -5.487e+03 1 0))
s>    ( QUESTION0 -1 -6.709e+03 1.445e+02 2.704e+01
s>        ( - -1.077e+03 1 0)
s>        ( - -5.487e+03 1 0))INFO: dtree.c(1315): Comp split 9
INFO: dtree.c(1439): stop. leaf nodes are specific
INFO: dtree.c(1478): Final simple tree
|( QUESTION0_9_R 1 -2.010e+04 1.435e+02 8.947e+01
|    ( - -7.286e+02 1 0)
|    ( QUESTION0_1_R 1 -1.923e+04 1.335e+02 8.647e+01
|        ( - -1.432e+04 2 0)
|        ( QUESTION0_0_R 1 -4.773e+03 9.950e+01 2.129e+01
|            ( - -1.899e+03 1 0)
|            ( - -2.775e+03 1 0))))
s>    ( QUESTION0_9_R 1 -2.010e+04 1.435e+02 8.947e+01
s>        ( - -7.286e+02 1 0)
s>        ( QUESTION0_1_R 1 -1.923e+04 1.335e+02 8.647e+01
s>            ( - -1.432e+04 2 0)
s>            ( QUESTION0_0_R 1 -4.773e+03 9.950e+01 2.129e+01
s>                ( - -1.899e+03 1 0)
s>                ( - -2.775e+03 1 0))))INFO: dtree.c(1439): stop. leaf nodes are specific
INFO: dtree.c(1478): Final simple tree
|( QUESTION0_0_R 1 -5.686e+04 1.277e+02 2.465e+02
|    ( QUESTION0_3_R 1 -5.197e+04 9.793e+01 2.266e+02
|        ( - -4.478e+04 1 0)
|        ( - -7.099e+03 1 0))
|    ( - -4.756e+03 1 0))
s>    ( QUESTION0_0_R 1 -5.686e+04 1.277e+02 2.465e+02
s>        ( QUESTION0_3_R 1 -5.197e+04 9.793e+01 2.266e+02
s>            ( - -4.478e+04 1 0)
s>            ( - -7.099e+03 1 0))
s>        ( - -4.756e+03 1 0))INFO: dtree.c(1315): Comp split 10
INFO: dtree.c(1439): stop. leaf nodes are specific
INFO: dtree.c(1478): Final simple tree
|( QUESTION0 -1 -1.685e+04 1.226e+02 7.902e+01
|    ( - -9.376e+03 1 0)
|    ( - -7.351e+03 1 0))
s>    ( QUESTION0 -1 -1.685e+04 1.226e+02 7.902e+01
s>        ( - -9.376e+03 1 0)
s>        ( - -7.351e+03 1 0))INFO: dtree.c(1315): Comp split 11
INFO: dtree.c(1439): stop. leaf nodes are specific
INFO: dtree.c(1478): Final simple tree
|( WDBNDRY_B 0 -3.891e+04 9.778e+01 1.640e+02
|    ( - -6.658e+02 1 0)
|    ( - -3.814e+04 1 0))
s>    ( WDBNDRY_B 0 -3.891e+04 9.778e+01 1.640e+02
s>        ( - -6.658e+02 1 0)
s>        ( - -3.814e+04 1 0))INFO: dtree.c(1315): Comp split 12
INFO: dtree.c(1315): Comp split 13
INFO: dtree.c(1439): stop. leaf nodes are specific
INFO: dtree.c(1478): Final simple tree
|( QUESTION0_1_R 1 -1.923e+04 1.335e+02 8.647e+01
|    ( - -1.432e+04 2 0)
|    ( QUESTION0_0_R 1 -4.773e+03 9.950e+01 2.129e+01
|        ( - -1.899e+03 1 0)
|        ( - -2.775e+03 1 0)))
s>    ( QUESTION0_1_R 1 -1.923e+04 1.335e+02 8.647e+01
s>        ( - -1.432e+04 2 0)
s>        ( QUESTION0_0_R 1 -4.773e+03 9.950e+01 2.129e+01
s>            ( - -1.899e+03 1 0)
s>            ( - -2.775e+03 1 0)))INFO: dtree.c(1315): Comp split 14
INFO: dtree.c(1439): stop. leaf nodes are specific
INFO: dtree.c(1478): Final simple tree
|( QUESTION0_0_R 1 -1.393e+04 1.045e+02 6.200e+01
|    ( - -9.432e+03 1 0)
|    ( - -4.389e+03 1 0))
s>    ( QUESTION0_0_R 1 -1.393e+04 1.045e+02 6.200e+01
s>        ( - -9.432e+03 1 0)
s>        ( - -4.389e+03 1 0))INFO: dtree.c(1315): Comp split 15
INFO: dtree.c(1439): stop. leaf nodes are specific
INFO: dtree.c(1478): Final simple tree
|( QUESTION0_0_R 1 -4.773e+03 9.950e+01 2.129e+01
|    ( - -1.899e+03 1 0)
|    ( - -2.775e+03 1 0))
s>    ( QUESTION0_0_R 1 -4.773e+03 9.950e+01 2.129e+01
s>        ( - -1.899e+03 1 0)
s>        ( - -2.775e+03 1 0))INFO: dtree.c(1315): Comp split 16
INFO: dtree.c(1439): stop. leaf nodes are specific
INFO: dtree.c(1478): Final simple tree
|( QUESTION0_3_R 1 -5.197e+04 9.793e+01 2.266e+02
|    ( - -4.478e+04 1 0)
|    ( - -7.099e+03 1 0))
s>    ( QUESTION0_3_R 1 -5.197e+04 9.793e+01 2.266e+02
s>        ( - -4.478e+04 1 0)
s>        ( - -7.099e+03 1 0))INFO: dtree.c(1315): Comp split 17
INFO: dtree.c(1315): Comp split 18
INFO: dtree.c(1439): stop. leaf nodes are specific
INFO: dtree.c(1478): Final simple tree
|( QUESTION0_1_R 1 -2.289e+03 1.020e+02 1.100e+01
|    ( - -1.199e+03 2 0)
|    ( - -9.874e+02 1 0))
s>    ( QUESTION0_1_R 1 -2.289e+03 1.020e+02 1.100e+01
s>        ( - -1.199e+03 2 0)
s>        ( - -9.874e+02 1 0))INFO: dtree.c(1315): Comp split 19
INFO: dtree.c(1315): Comp split 20
INFO: dtree.c(1315): Comp split 21
INFO: dtree.c(1315): Comp split 22
INFO: dtree.c(1315): Comp split 23
INFO: dtree.c(1315): Comp split 24
INFO: dtree.c(1318): stop. leaf nodes are specific
Wed Dec 20 23:52:25 2017
