Current configuration:
[NAME]		[DEFLT]	[VALUE]
-allphones	no	no
-cntthresh	0.00001	1.000000e-05
-csplitmax	100	2000
-csplitmin	1	1
-csplitthr	8e-4	0.000000e+00
-example	no	no
-fullvar	no	no
-help		no	no
-meanfn			/home/alex/repos/speech/an4/model_parameters/an4.cd_cont_untied/means
-mixwfn			/home/alex/repos/speech/an4/model_parameters/an4.cd_cont_untied/mixture_weights
-moddeffn		/home/alex/repos/speech/an4/model_architecture/an4.untied.mdef
-mwfloor	1e-4	1.000000e-08
-phone			JH
-psetfn			/home/alex/repos/speech/an4/model_architecture/an4.tree_questions
-ssplitmax	5	7
-ssplitmin	1	1
-ssplitthr	8e-4	0.000000e+00
-state			0
-stwt			1.0,0.05,0.0,
-treefn			/home/alex/repos/speech/an4/trees/an4.unpruned/JH-0.dtree
-ts2cbfn	.semi.	.cont.
-varfloor	0.00001	1.000000e-05
-varfn			/home/alex/repos/speech/an4/model_parameters/an4.cd_cont_untied/variances

INFO: main.c(223): Reading: /home/alex/repos/speech/an4/model_architecture/an4.untied.mdef
INFO: model_def_io.c(573): Model definition info:
INFO: model_def_io.c(574): 1618 total models defined (34 base, 1584 tri)
INFO: model_def_io.c(575): 6472 total states
INFO: model_def_io.c(576): 4854 total tied states
INFO: model_def_io.c(577): 102 total tied CI states
INFO: model_def_io.c(578): 34 total tied transition matrices
INFO: model_def_io.c(579): 4 max state/model
INFO: model_def_io.c(580): 4 min state/model
INFO: main.c(242): Building trees for [JH AH EY b] through [JH UW IY b]
INFO: main.c(269): Covering states |[2643 2732]| == 90
INFO: main.c(275): Reading: /home/alex/repos/speech/an4/model_parameters/an4.cd_cont_untied/mixture_weights
INFO: s3mixw_io.c(173): Read /home/alex/repos/speech/an4/model_parameters/an4.cd_cont_untied/mixture_weights [90x1x1 array]
INFO: main.c(311): 30 of 30 models have observation count greater than 0.000010
INFO: main.c(95): nrm stwt: 0.952 0.048 0.000 
INFO: s3gau_io.c(169): Read /home/alex/repos/speech/an4/model_parameters/an4.cd_cont_untied/means [4854x1x1 array]
INFO: s3gau_io.c(169): Read /home/alex/repos/speech/an4/model_parameters/an4.cd_cont_untied/variances [4854x1x1 array]
INFO: main.c(549): Reading: /home/alex/repos/speech/an4/model_architecture/an4.tree_questions
INFO: main.c(588): 180 total simple questions (172 phone; 8 word bndry)
INFO: main.c(590): 42 Left Only questions, and 42 Right Only questions
INFO: dtree.c(1478): Final simple tree
|( SILENCE -1 -2.958e+05 7.740e+02 1.366e+03
|    ( - -7.846e+04 5 0 QUESTION0_13_R 1 1.505e+02 3.669e+02)
|    ( QUESTION2_7_L -1 -2.166e+05 7.677e+02 9.990e+02
|        ( QUESTION14 -1 -4.539e+04 2.938e+02 2.198e+02
|            ( - -1.998e+04 2 0)
|            ( QUESTION0 -1 -2.511e+04 1.963e+02 1.200e+02
|                ( - -2.736e+03 1 0)
|                ( - -2.218e+04 4 0 QUESTION2_8_L -1 1.804e+02 1.060e+02)))
|        ( QUESTION2_18_L -1 -1.704e+05 7.812e+02 7.792e+02
|            ( - -7.888e+04 1 0)
|            ( QUESTION2_14_L -1 -9.074e+04 3.515e+02 4.130e+02
|                ( - -3.804e+04 4 0)
|                ( QUESTION2 -1 -5.235e+04 2.678e+02 2.368e+02
|                    ( - -1.266e+04 2 0)
|                    ( - -3.942e+04 11 0 QUESTION2_0_L -1 1.878e+02 1.780e+02))))))
s>    ( SILENCE -1 -2.958e+05 7.740e+02 1.366e+03
s>        ( - -7.846e+04 5 0 QUESTION0_13_R 1 1.505e+02 3.669e+02)
s>        ( QUESTION2_7_L -1 -2.166e+05 7.677e+02 9.990e+02
s>            ( QUESTION14 -1 -4.539e+04 2.938e+02 2.198e+02
s>                ( - -1.998e+04 2 0)
s>                ( QUESTION0 -1 -2.511e+04 1.963e+02 1.200e+02
s>                    ( - -2.736e+03 1 0)
s>                    ( - -2.218e+04 4 0 QUESTION2_8_L -1 1.804e+02 1.060e+02)))
s>            ( QUESTION2_18_L -1 -1.704e+05 7.812e+02 7.792e+02
s>                ( - -7.888e+04 1 0)
s>                ( QUESTION2_14_L -1 -9.074e+04 3.515e+02 4.130e+02
s>                    ( - -3.804e+04 4 0)
s>                    ( QUESTION2 -1 -5.235e+04 2.678e+02 2.368e+02
s>                        ( - -1.266e+04 2 0)
s>                        ( - -3.942e+04 11 0 QUESTION2_0_L -1 1.878e+02 1.780e+02))))))INFO: dtree.c(1315): Comp split 0
INFO: dtree.c(1439): stop. leaf nodes are specific
INFO: dtree.c(1478): Final simple tree
|( QUESTION2_14_L -1 -7.782e+04 3.527e+02 3.543e+02
|    ( - -3.804e+04 4 0)
|    ( QUESTION2_0_L -1 -3.942e+04 1.878e+02 1.780e+02
|        ( QUESTION0 -1 -2.041e+04 1.537e+02 9.413e+01
|            ( - -8.642e+03 2 0)
|            ( - -1.161e+04 2 0))
|        ( QUESTION0 -1 -1.883e+04 1.400e+02 8.390e+01
|            ( - -1.916e+03 2 0)
|            ( - -1.677e+04 5 0))))
s>    ( QUESTION2_14_L -1 -7.782e+04 3.527e+02 3.543e+02
s>        ( - -3.804e+04 4 0)
s>        ( QUESTION2_0_L -1 -3.942e+04 1.878e+02 1.780e+02
s>            ( QUESTION0 -1 -2.041e+04 1.537e+02 9.413e+01
s>                ( - -8.642e+03 2 0)
s>                ( - -1.161e+04 2 0))
s>            ( QUESTION0 -1 -1.883e+04 1.400e+02 8.390e+01
s>                ( - -1.916e+03 2 0)
s>                ( - -1.677e+04 5 0))))INFO: dtree.c(1478): Final simple tree
|( QUESTION1 -1 -2.169e+05 8.031e+02 1.012e+03
|    ( QUESTION2 -1 -9.172e+04 1.870e+02 4.249e+02
|        ( - -1.266e+04 2 0)
|        ( - -7.888e+04 1 0))
|    ( SILENCE -1 -1.244e+05 5.498e+02 5.867e+02
|        ( QUESTION0_13_R 1 -7.846e+04 1.505e+02 3.669e+02
|            ( - -7.024e+03 2 0 QUESTION0_16_R 1 1.272e+02 3.401e+01)
|            ( - -7.129e+04 3 0))
|        ( QUESTION14 -1 -4.539e+04 2.938e+02 2.198e+02
|            ( - -1.998e+04 2 0)
|            ( QUESTION0 -1 -2.511e+04 1.963e+02 1.200e+02
|                ( - -2.736e+03 1 0)
|                ( QUESTION2_8_L -1 -2.218e+04 1.804e+02 1.060e+02
|                    ( - -6.892e+03 2 0)
|                    ( - -1.511e+04 2 0))))))
s>    ( QUESTION1 -1 -2.169e+05 8.031e+02 1.012e+03
s>        ( QUESTION2 -1 -9.172e+04 1.870e+02 4.249e+02
s>            ( - -1.266e+04 2 0)
s>            ( - -7.888e+04 1 0))
s>        ( SILENCE -1 -1.244e+05 5.498e+02 5.867e+02
s>            ( QUESTION0_13_R 1 -7.846e+04 1.505e+02 3.669e+02
s>                ( - -7.024e+03 2 0 QUESTION0_16_R 1 1.272e+02 3.401e+01)
s>                ( - -7.129e+04 3 0))
s>            ( QUESTION14 -1 -4.539e+04 2.938e+02 2.198e+02
s>                ( - -1.998e+04 2 0)
s>                ( QUESTION0 -1 -2.511e+04 1.963e+02 1.200e+02
s>                    ( - -2.736e+03 1 0)
s>                    ( QUESTION2_8_L -1 -2.218e+04 1.804e+02 1.060e+02
s>                        ( - -6.892e+03 2 0)
s>                        ( - -1.511e+04 2 0))))))INFO: dtree.c(1315): Comp split 1
INFO: dtree.c(1439): stop. leaf nodes are specific
INFO: dtree.c(1478): Final simple tree
|( SILENCE -1 -1.244e+05 5.498e+02 5.867e+02
|    ( QUESTION0_13_R 1 -7.846e+04 1.505e+02 3.669e+02
|        ( QUESTION0_16_R 1 -7.024e+03 1.272e+02 3.401e+01
|            ( - -2.587e+03 1 0)
|            ( - -4.310e+03 1 0))
|        ( - -7.129e+04 3 0))
|    ( QUESTION14 -1 -4.539e+04 2.938e+02 2.198e+02
|        ( - -1.998e+04 2 0)
|        ( QUESTION0 -1 -2.511e+04 1.963e+02 1.200e+02
|            ( - -2.736e+03 1 0)
|            ( QUESTION2_8_L -1 -2.218e+04 1.804e+02 1.060e+02
|                ( - -6.892e+03 2 0)
|                ( - -1.511e+04 2 0)))))
s>    ( SILENCE -1 -1.244e+05 5.498e+02 5.867e+02
s>        ( QUESTION0_13_R 1 -7.846e+04 1.505e+02 3.669e+02
s>            ( QUESTION0_16_R 1 -7.024e+03 1.272e+02 3.401e+01
s>                ( - -2.587e+03 1 0)
s>                ( - -4.310e+03 1 0))
s>            ( - -7.129e+04 3 0))
s>        ( QUESTION14 -1 -4.539e+04 2.938e+02 2.198e+02
s>            ( - -1.998e+04 2 0)
s>            ( QUESTION0 -1 -2.511e+04 1.963e+02 1.200e+02
s>                ( - -2.736e+03 1 0)
s>                ( QUESTION2_8_L -1 -2.218e+04 1.804e+02 1.060e+02
s>                    ( - -6.892e+03 2 0)
s>                    ( - -1.511e+04 2 0)))))INFO: dtree.c(1439): stop. leaf nodes are specific
INFO: dtree.c(1478): Final simple tree
|( QUESTION2 -1 -9.172e+04 1.870e+02 4.249e+02
|    ( - -1.266e+04 2 0)
|    ( - -7.888e+04 1 0))
s>    ( QUESTION2 -1 -9.172e+04 1.870e+02 4.249e+02
s>        ( - -1.266e+04 2 0)
s>        ( - -7.888e+04 1 0))INFO: dtree.c(1315): Comp split 2
INFO: dtree.c(1439): stop. leaf nodes are specific
INFO: dtree.c(1478): Final simple tree
|( QUESTION14 -1 -4.539e+04 2.938e+02 2.198e+02
|    ( - -1.998e+04 2 0)
|    ( QUESTION0 -1 -2.511e+04 1.963e+02 1.200e+02
|        ( - -2.736e+03 1 0)
|        ( QUESTION2_8_L -1 -2.218e+04 1.804e+02 1.060e+02
|            ( - -6.892e+03 2 0)
|            ( - -1.511e+04 2 0))))
s>    ( QUESTION14 -1 -4.539e+04 2.938e+02 2.198e+02
s>        ( - -1.998e+04 2 0)
s>        ( QUESTION0 -1 -2.511e+04 1.963e+02 1.200e+02
s>            ( - -2.736e+03 1 0)
s>            ( QUESTION2_8_L -1 -2.218e+04 1.804e+02 1.060e+02
s>                ( - -6.892e+03 2 0)
s>                ( - -1.511e+04 2 0))))INFO: dtree.c(1439): stop. leaf nodes are specific
INFO: dtree.c(1478): Final simple tree
|( QUESTION0_13_R 1 -7.846e+04 1.505e+02 3.669e+02
|    ( QUESTION0_16_R 1 -7.024e+03 1.272e+02 3.401e+01
|        ( - -2.587e+03 1 0)
|        ( - -4.310e+03 1 0))
|    ( - -7.129e+04 3 0))
s>    ( QUESTION0_13_R 1 -7.846e+04 1.505e+02 3.669e+02
s>        ( QUESTION0_16_R 1 -7.024e+03 1.272e+02 3.401e+01
s>            ( - -2.587e+03 1 0)
s>            ( - -4.310e+03 1 0))
s>        ( - -7.129e+04 3 0))INFO: dtree.c(1315): Comp split 3
INFO: dtree.c(1439): stop. leaf nodes are specific
INFO: dtree.c(1478): Final simple tree
|( QUESTION2_0_L -1 -3.942e+04 1.878e+02 1.780e+02
|    ( QUESTION0 -1 -2.041e+04 1.537e+02 9.413e+01
|        ( - -8.642e+03 2 0)
|        ( - -1.161e+04 2 0))
|    ( QUESTION0 -1 -1.883e+04 1.400e+02 8.390e+01
|        ( - -1.916e+03 2 0)
|        ( - -1.677e+04 5 0)))
s>    ( QUESTION2_0_L -1 -3.942e+04 1.878e+02 1.780e+02
s>        ( QUESTION0 -1 -2.041e+04 1.537e+02 9.413e+01
s>            ( - -8.642e+03 2 0)
s>            ( - -1.161e+04 2 0))
s>        ( QUESTION0 -1 -1.883e+04 1.400e+02 8.390e+01
s>            ( - -1.916e+03 2 0)
s>            ( - -1.677e+04 5 0)))INFO: dtree.c(1315): Comp split 4
INFO: dtree.c(1439): stop. leaf nodes are specific
INFO: dtree.c(1478): Final simple tree
|( QUESTION0 -1 -2.511e+04 1.963e+02 1.200e+02
|    ( - -2.736e+03 1 0)
|    ( QUESTION2_8_L -1 -2.218e+04 1.804e+02 1.060e+02
|        ( - -6.892e+03 2 0)
|        ( - -1.511e+04 2 0)))
s>    ( QUESTION0 -1 -2.511e+04 1.963e+02 1.200e+02
s>        ( - -2.736e+03 1 0)
s>        ( QUESTION2_8_L -1 -2.218e+04 1.804e+02 1.060e+02
s>            ( - -6.892e+03 2 0)
s>            ( - -1.511e+04 2 0)))INFO: dtree.c(1315): Comp split 5
INFO: dtree.c(1439): stop. leaf nodes are specific
INFO: dtree.c(1478): Final simple tree
|( QUESTION0 -1 -2.244e+04 1.488e+02 1.031e+02
|    ( QUESTION7 -1 -1.068e+04 1.243e+02 4.919e+01
|        ( - -8.642e+03 2 0)
|        ( - -1.916e+03 2 0))
|    ( - -1.161e+04 2 0))
s>    ( QUESTION0 -1 -2.244e+04 1.488e+02 1.031e+02
s>        ( QUESTION7 -1 -1.068e+04 1.243e+02 4.919e+01
s>            ( - -8.642e+03 2 0)
s>            ( - -1.916e+03 2 0))
s>        ( - -1.161e+04 2 0))INFO: dtree.c(1315): Comp split 6
INFO: dtree.c(1439): stop. leaf nodes are specific
INFO: dtree.c(1478): Final simple tree
|( QUESTION2_8_L -1 -2.218e+04 1.804e+02 1.060e+02
|    ( - -6.892e+03 2 0)
|    ( - -1.511e+04 2 0))
s>    ( QUESTION2_8_L -1 -2.218e+04 1.804e+02 1.060e+02
s>        ( - -6.892e+03 2 0)
s>        ( - -1.511e+04 2 0))INFO: dtree.c(1315): Comp split 7
INFO: dtree.c(1315): Comp split 8
INFO: dtree.c(1315): Comp split 9
INFO: dtree.c(1439): stop. leaf nodes are specific
INFO: dtree.c(1478): Final simple tree
|( QUESTION0_16_R 1 -7.024e+03 1.272e+02 3.401e+01
|    ( - -2.587e+03 1 0)
|    ( - -4.310e+03 1 0))
s>    ( QUESTION0_16_R 1 -7.024e+03 1.272e+02 3.401e+01
s>        ( - -2.587e+03 1 0)
s>        ( - -4.310e+03 1 0))INFO: dtree.c(1315): Comp split 10
INFO: dtree.c(1439): stop. leaf nodes are specific
INFO: dtree.c(1478): Final simple tree
|( QUESTION7 -1 -1.068e+04 1.243e+02 4.919e+01
|    ( - -8.642e+03 2 0)
|    ( - -1.916e+03 2 0))
s>    ( QUESTION7 -1 -1.068e+04 1.243e+02 4.919e+01
s>        ( - -8.642e+03 2 0)
s>        ( - -1.916e+03 2 0))INFO: dtree.c(1315): Comp split 11
INFO: dtree.c(1315): Comp split 12
INFO: dtree.c(1315): Comp split 13
INFO: dtree.c(1318): stop. leaf nodes are specific
Wed Dec 20 23:52:20 2017
