Current configuration:
[NAME]		[DEFLT]	[VALUE]
-allphones	no	no
-cntthresh	0.00001	1.000000e-05
-csplitmax	100	2000
-csplitmin	1	1
-csplitthr	8e-4	0.000000e+00
-example	no	no
-fullvar	no	no
-help		no	no
-meanfn			/home/alex/repos/speech/an4/model_parameters/an4.cd_cont_untied/means
-mixwfn			/home/alex/repos/speech/an4/model_parameters/an4.cd_cont_untied/mixture_weights
-moddeffn		/home/alex/repos/speech/an4/model_architecture/an4.untied.mdef
-mwfloor	1e-4	1.000000e-08
-phone			M
-psetfn			/home/alex/repos/speech/an4/model_architecture/an4.tree_questions
-ssplitmax	5	7
-ssplitmin	1	1
-ssplitthr	8e-4	0.000000e+00
-state			1
-stwt			1.0,0.05,0.0,
-treefn			/home/alex/repos/speech/an4/trees/an4.unpruned/M-1.dtree
-ts2cbfn	.semi.	.cont.
-varfloor	0.00001	1.000000e-05
-varfn			/home/alex/repos/speech/an4/model_parameters/an4.cd_cont_untied/variances

INFO: main.c(223): Reading: /home/alex/repos/speech/an4/model_architecture/an4.untied.mdef
INFO: model_def_io.c(573): Model definition info:
INFO: model_def_io.c(574): 1618 total models defined (34 base, 1584 tri)
INFO: model_def_io.c(575): 6472 total states
INFO: model_def_io.c(576): 4854 total tied states
INFO: model_def_io.c(577): 102 total tied CI states
INFO: model_def_io.c(578): 34 total tied transition matrices
INFO: model_def_io.c(579): 4 max state/model
INFO: model_def_io.c(580): 4 min state/model
INFO: main.c(242): Building trees for [M EH AH e] through [M SIL EY b]
INFO: main.c(269): Covering states |[2904 2972]| == 69
INFO: main.c(275): Reading: /home/alex/repos/speech/an4/model_parameters/an4.cd_cont_untied/mixture_weights
INFO: s3mixw_io.c(173): Read /home/alex/repos/speech/an4/model_parameters/an4.cd_cont_untied/mixture_weights [69x1x1 array]
INFO: main.c(311): 23 of 23 models have observation count greater than 0.000010
INFO: main.c(95): nrm stwt: 0.045 0.909 0.045 
INFO: s3gau_io.c(169): Read /home/alex/repos/speech/an4/model_parameters/an4.cd_cont_untied/means [4854x1x1 array]
INFO: s3gau_io.c(169): Read /home/alex/repos/speech/an4/model_parameters/an4.cd_cont_untied/variances [4854x1x1 array]
INFO: main.c(549): Reading: /home/alex/repos/speech/an4/model_architecture/an4.tree_questions
INFO: main.c(588): 180 total simple questions (172 phone; 8 word bndry)
INFO: main.c(590): 42 Left Only questions, and 42 Right Only questions
INFO: dtree.c(1478): Final simple tree
|( QUESTION1 -1 -9.586e+04 4.585e+02 3.941e+02
|    ( - 1.559e+02 1 0)
|    ( QUESTION0_12_R 1 -9.556e+04 3.069e+02 3.931e+02
|        ( WDBNDRY_B 0 -5.730e+04 2.450e+02 2.363e+02
|            ( - -1.092e+03 2 0 QUESTION0_13_R 1 1.421e+02 5.000e+00)
|            ( - -5.596e+04 9 0 QUESTION17 1 1.658e+02 2.313e+02))
|        ( WDBNDRY_E 0 -3.795e+04 2.259e+02 1.568e+02
|            ( SILENCE 1 -3.415e+04 1.943e+02 1.400e+02
|                ( - -3.078e+03 1 0)
|                ( QUESTION9 1 -3.088e+04 1.837e+02 1.270e+02
|                    ( - -2.047e+04 5 0 QUESTION14 1 1.514e+02 8.504e+01)
|                    ( QUESTION0_7_R 1 -1.022e+04 1.742e+02 4.200e+01
|                        ( - -2.892e+03 1 0)
|                        ( - -7.154e+03 3 0 QUESTION0_1_R 1 1.416e+02 2.800e+01))))
|            ( - -3.580e+03 1 0))))
s>    ( QUESTION1 -1 -9.586e+04 4.585e+02 3.941e+02
s>        ( - 1.559e+02 1 0)
s>        ( QUESTION0_12_R 1 -9.556e+04 3.069e+02 3.931e+02
s>            ( WDBNDRY_B 0 -5.730e+04 2.450e+02 2.363e+02
s>                ( - -1.092e+03 2 0 QUESTION0_13_R 1 1.421e+02 5.000e+00)
s>                ( - -5.596e+04 9 0 QUESTION17 1 1.658e+02 2.313e+02))
s>            ( WDBNDRY_E 0 -3.795e+04 2.259e+02 1.568e+02
s>                ( SILENCE 1 -3.415e+04 1.943e+02 1.400e+02
s>                    ( - -3.078e+03 1 0)
s>                    ( QUESTION9 1 -3.088e+04 1.837e+02 1.270e+02
s>                        ( - -2.047e+04 5 0 QUESTION14 1 1.514e+02 8.504e+01)
s>                        ( QUESTION0_7_R 1 -1.022e+04 1.742e+02 4.200e+01
s>                            ( - -2.892e+03 1 0)
s>                            ( - -7.154e+03 3 0 QUESTION0_1_R 1 1.416e+02 2.800e+01))))
s>                ( - -3.580e+03 1 0))))INFO: dtree.c(1315): Comp split 0
INFO: dtree.c(1478): Final simple tree
|( QUESTION0_12_R 1 -9.556e+04 3.069e+02 3.931e+02
|    ( WDBNDRY_B 0 -5.730e+04 2.450e+02 2.363e+02
|        ( - -1.092e+03 2 0 QUESTION0_13_R 1 1.421e+02 5.000e+00)
|        ( QUESTION17 1 -5.596e+04 1.658e+02 2.313e+02
|            ( - -2.198e+03 1 0)
|            ( - -5.360e+04 8 0 QUESTION0_15_R 1 1.483e+02 2.213e+02)))
|    ( WDBNDRY_E 0 -3.795e+04 2.259e+02 1.568e+02
|        ( SILENCE 1 -3.415e+04 1.943e+02 1.400e+02
|            ( - -3.078e+03 1 0)
|            ( QUESTION9 1 -3.088e+04 1.837e+02 1.270e+02
|                ( - -2.047e+04 5 0 QUESTION14 1 1.514e+02 8.504e+01)
|                ( QUESTION0_7_R 1 -1.022e+04 1.742e+02 4.200e+01
|                    ( - -2.892e+03 1 0)
|                    ( - -7.154e+03 3 0 QUESTION0_1_R 1 1.416e+02 2.800e+01))))
|        ( - -3.580e+03 1 0)))
s>    ( QUESTION0_12_R 1 -9.556e+04 3.069e+02 3.931e+02
s>        ( WDBNDRY_B 0 -5.730e+04 2.450e+02 2.363e+02
s>            ( - -1.092e+03 2 0 QUESTION0_13_R 1 1.421e+02 5.000e+00)
s>            ( QUESTION17 1 -5.596e+04 1.658e+02 2.313e+02
s>                ( - -2.198e+03 1 0)
s>                ( - -5.360e+04 8 0 QUESTION0_15_R 1 1.483e+02 2.213e+02)))
s>        ( WDBNDRY_E 0 -3.795e+04 2.259e+02 1.568e+02
s>            ( SILENCE 1 -3.415e+04 1.943e+02 1.400e+02
s>                ( - -3.078e+03 1 0)
s>                ( QUESTION9 1 -3.088e+04 1.837e+02 1.270e+02
s>                    ( - -2.047e+04 5 0 QUESTION14 1 1.514e+02 8.504e+01)
s>                    ( QUESTION0_7_R 1 -1.022e+04 1.742e+02 4.200e+01
s>                        ( - -2.892e+03 1 0)
s>                        ( - -7.154e+03 3 0 QUESTION0_1_R 1 1.416e+02 2.800e+01))))
s>            ( - -3.580e+03 1 0)))INFO: dtree.c(1315): Comp split 1
INFO: dtree.c(1478): Final simple tree
|( WDBNDRY_E 0 -4.030e+04 2.231e+02 1.668e+02
|    ( SILENCE 1 -3.650e+04 1.944e+02 1.500e+02
|        ( - -3.078e+03 1 0)
|        ( QUESTION9 1 -3.322e+04 1.949e+02 1.370e+02
|            ( QUESTION14 1 -2.047e+04 1.514e+02 8.504e+01
|                ( - -6.439e+03 2 0 QUESTION0_3_R 1 1.254e+02 2.550e+01)
|                ( QUESTION11 1 -1.388e+04 1.505e+02 5.953e+01
|                    ( - -1.247e+03 1 0)
|                    ( - -1.248e+04 2 0 QUESTION0_3_R 1 1.236e+02 5.353e+01)))
|            ( QUESTION0_7_R 1 -1.256e+04 1.824e+02 5.200e+01
|                ( - -2.892e+03 1 0)
|                ( QUESTION0_2_R 1 -9.483e+03 1.511e+02 3.800e+01
|                    ( - -1.108e+03 1 0)
|                    ( - -8.224e+03 3 0 QUESTION0_0_R 1 1.214e+02 3.300e+01)))))
|    ( - -3.580e+03 1 0))
s>    ( WDBNDRY_E 0 -4.030e+04 2.231e+02 1.668e+02
s>        ( SILENCE 1 -3.650e+04 1.944e+02 1.500e+02
s>            ( - -3.078e+03 1 0)
s>            ( QUESTION9 1 -3.322e+04 1.949e+02 1.370e+02
s>                ( QUESTION14 1 -2.047e+04 1.514e+02 8.504e+01
s>                    ( - -6.439e+03 2 0 QUESTION0_3_R 1 1.254e+02 2.550e+01)
s>                    ( QUESTION11 1 -1.388e+04 1.505e+02 5.953e+01
s>                        ( - -1.247e+03 1 0)
s>                        ( - -1.248e+04 2 0 QUESTION0_3_R 1 1.236e+02 5.353e+01)))
s>                ( QUESTION0_7_R 1 -1.256e+04 1.824e+02 5.200e+01
s>                    ( - -2.892e+03 1 0)
s>                    ( QUESTION0_2_R 1 -9.483e+03 1.511e+02 3.800e+01
s>                        ( - -1.108e+03 1 0)
s>                        ( - -8.224e+03 3 0 QUESTION0_0_R 1 1.214e+02 3.300e+01)))))
s>        ( - -3.580e+03 1 0))INFO: dtree.c(1439): stop. leaf nodes are specific
INFO: dtree.c(1478): Final simple tree
|( WDBNDRY_B 0 -5.493e+04 2.427e+02 2.263e+02
|    ( QUESTION0_13_R 1 -1.092e+03 1.421e+02 5.000e+00
|        ( - -5.812e+02 1 0)
|        ( - -3.685e+02 1 0))
|    ( QUESTION0_15_R 1 -5.360e+04 1.483e+02 2.213e+02
|        ( QUESTION0 1 -3.537e+04 1.643e+02 1.463e+02
|            ( - -1.858e+04 1 0)
|            ( - -1.663e+04 2 0))
|        ( QUESTION0 1 -1.808e+04 1.515e+02 7.495e+01
|            ( QUESTION0_13_R 1 -3.818e+03 1.034e+02 1.600e+01
|                ( - -1.404e+03 1 0)
|                ( - -2.311e+03 1 0))
|            ( - -1.411e+04 3 0))))
s>    ( WDBNDRY_B 0 -5.493e+04 2.427e+02 2.263e+02
s>        ( QUESTION0_13_R 1 -1.092e+03 1.421e+02 5.000e+00
s>            ( - -5.812e+02 1 0)
s>            ( - -3.685e+02 1 0))
s>        ( QUESTION0_15_R 1 -5.360e+04 1.483e+02 2.213e+02
s>            ( QUESTION0 1 -3.537e+04 1.643e+02 1.463e+02
s>                ( - -1.858e+04 1 0)
s>                ( - -1.663e+04 2 0))
s>            ( QUESTION0 1 -1.808e+04 1.515e+02 7.495e+01
s>                ( QUESTION0_13_R 1 -3.818e+03 1.034e+02 1.600e+01
s>                    ( - -1.404e+03 1 0)
s>                    ( - -2.311e+03 1 0))
s>                ( - -1.411e+04 3 0))))INFO: dtree.c(1315): Comp split 2
INFO: dtree.c(1439): stop. leaf nodes are specific
INFO: dtree.c(1478): Final simple tree
|( QUESTION0_15_R 1 -5.360e+04 1.483e+02 2.213e+02
|    ( QUESTION0 1 -3.537e+04 1.643e+02 1.463e+02
|        ( - -1.858e+04 1 0)
|        ( - -1.663e+04 2 0))
|    ( QUESTION0 1 -1.808e+04 1.515e+02 7.495e+01
|        ( QUESTION0_13_R 1 -3.818e+03 1.034e+02 1.600e+01
|            ( - -1.404e+03 1 0)
|            ( - -2.311e+03 1 0))
|        ( - -1.411e+04 3 0)))
s>    ( QUESTION0_15_R 1 -5.360e+04 1.483e+02 2.213e+02
s>        ( QUESTION0 1 -3.537e+04 1.643e+02 1.463e+02
s>            ( - -1.858e+04 1 0)
s>            ( - -1.663e+04 2 0))
s>        ( QUESTION0 1 -1.808e+04 1.515e+02 7.495e+01
s>            ( QUESTION0_13_R 1 -3.818e+03 1.034e+02 1.600e+01
s>                ( - -1.404e+03 1 0)
s>                ( - -2.311e+03 1 0))
s>            ( - -1.411e+04 3 0)))INFO: dtree.c(1439): stop. leaf nodes are specific
INFO: dtree.c(1478): Final simple tree
|( QUESTION0_13_R 1 -1.092e+03 1.421e+02 5.000e+00
|    ( - -5.812e+02 1 0)
|    ( - -3.685e+02 1 0))
s>    ( QUESTION0_13_R 1 -1.092e+03 1.421e+02 5.000e+00
s>        ( - -5.812e+02 1 0)
s>        ( - -3.685e+02 1 0))INFO: dtree.c(1315): Comp split 3
INFO: dtree.c(1478): Final simple tree
|( SILENCE 1 -3.650e+04 1.944e+02 1.500e+02
|    ( - -3.078e+03 1 0)
|    ( QUESTION9 1 -3.322e+04 1.949e+02 1.370e+02
|        ( QUESTION14 1 -2.047e+04 1.514e+02 8.504e+01
|            ( QUESTION0_3_R 1 -6.439e+03 1.254e+02 2.550e+01
|                ( - -2.192e+03 1 0)
|                ( - -4.121e+03 1 0))
|            ( QUESTION11 1 -1.388e+04 1.505e+02 5.953e+01
|                ( - -1.247e+03 1 0)
|                ( - -1.248e+04 2 0 QUESTION0_3_R 1 1.236e+02 5.353e+01)))
|        ( QUESTION0_7_R 1 -1.256e+04 1.824e+02 5.200e+01
|            ( - -2.892e+03 1 0)
|            ( QUESTION0_2_R 1 -9.483e+03 1.511e+02 3.800e+01
|                ( - -1.108e+03 1 0)
|                ( - -8.224e+03 3 0 QUESTION0_0_R 1 1.214e+02 3.300e+01)))))
s>    ( SILENCE 1 -3.650e+04 1.944e+02 1.500e+02
s>        ( - -3.078e+03 1 0)
s>        ( QUESTION9 1 -3.322e+04 1.949e+02 1.370e+02
s>            ( QUESTION14 1 -2.047e+04 1.514e+02 8.504e+01
s>                ( QUESTION0_3_R 1 -6.439e+03 1.254e+02 2.550e+01
s>                    ( - -2.192e+03 1 0)
s>                    ( - -4.121e+03 1 0))
s>                ( QUESTION11 1 -1.388e+04 1.505e+02 5.953e+01
s>                    ( - -1.247e+03 1 0)
s>                    ( - -1.248e+04 2 0 QUESTION0_3_R 1 1.236e+02 5.353e+01)))
s>            ( QUESTION0_7_R 1 -1.256e+04 1.824e+02 5.200e+01
s>                ( - -2.892e+03 1 0)
s>                ( QUESTION0_2_R 1 -9.483e+03 1.511e+02 3.800e+01
s>                    ( - -1.108e+03 1 0)
s>                    ( - -8.224e+03 3 0 QUESTION0_0_R 1 1.214e+02 3.300e+01)))))INFO: dtree.c(1315): Comp split 4
INFO: dtree.c(1439): stop. leaf nodes are specific
INFO: dtree.c(1478): Final simple tree
|( QUESTION11 1 -1.813e+04 1.437e+02 7.604e+01
|    ( - -1.247e+03 1 0)
|    ( QUESTION0_9_R 1 -1.674e+04 1.397e+02 7.004e+01
|        ( - -9.834e+03 1 0)
|        ( QUESTION0_3_R 1 -6.768e+03 1.208e+02 2.750e+01
|            ( - -2.526e+03 1 0)
|            ( - -4.121e+03 1 0))))
s>    ( QUESTION11 1 -1.813e+04 1.437e+02 7.604e+01
s>        ( - -1.247e+03 1 0)
s>        ( QUESTION0_9_R 1 -1.674e+04 1.397e+02 7.004e+01
s>            ( - -9.834e+03 1 0)
s>            ( QUESTION0_3_R 1 -6.768e+03 1.208e+02 2.750e+01
s>                ( - -2.526e+03 1 0)
s>                ( - -4.121e+03 1 0))))INFO: dtree.c(1439): stop. leaf nodes are specific
INFO: dtree.c(1478): Final simple tree
|( QUESTION0_7_R 1 -1.814e+04 1.975e+02 7.400e+01
|    ( - -2.892e+03 1 0)
|    ( SILENCE 1 -1.505e+04 1.815e+02 6.000e+01
|        ( - -3.078e+03 1 0)
|        ( QUESTION0_2_R 1 -1.179e+04 1.759e+02 4.700e+01
|            ( QUESTION0_3_R 1 -3.386e+03 8.573e+01 1.400e+01
|                ( - -2.192e+03 1 0)
|                ( - -1.108e+03 1 0))
|            ( QUESTION0_0_R 1 -8.224e+03 1.214e+02 3.300e+01
|                ( - -5.905e+03 2 0)
|                ( - -2.198e+03 1 0)))))
s>    ( QUESTION0_7_R 1 -1.814e+04 1.975e+02 7.400e+01
s>        ( - -2.892e+03 1 0)
s>        ( SILENCE 1 -1.505e+04 1.815e+02 6.000e+01
s>            ( - -3.078e+03 1 0)
s>            ( QUESTION0_2_R 1 -1.179e+04 1.759e+02 4.700e+01
s>                ( QUESTION0_3_R 1 -3.386e+03 8.573e+01 1.400e+01
s>                    ( - -2.192e+03 1 0)
s>                    ( - -1.108e+03 1 0))
s>                ( QUESTION0_0_R 1 -8.224e+03 1.214e+02 3.300e+01
s>                    ( - -5.905e+03 2 0)
s>                    ( - -2.198e+03 1 0)))))INFO: dtree.c(1315): Comp split 5
INFO: dtree.c(1439): stop. leaf nodes are specific
INFO: dtree.c(1478): Final simple tree
|( SILENCE 1 -1.505e+04 1.815e+02 6.000e+01
|    ( - -3.078e+03 1 0)
|    ( QUESTION0_2_R 1 -1.179e+04 1.759e+02 4.700e+01
|        ( QUESTION0_3_R 1 -3.386e+03 8.573e+01 1.400e+01
|            ( - -2.192e+03 1 0)
|            ( - -1.108e+03 1 0))
|        ( QUESTION0_0_R 1 -8.224e+03 1.214e+02 3.300e+01
|            ( - -5.905e+03 2 0)
|            ( - -2.198e+03 1 0))))
s>    ( SILENCE 1 -1.505e+04 1.815e+02 6.000e+01
s>        ( - -3.078e+03 1 0)
s>        ( QUESTION0_2_R 1 -1.179e+04 1.759e+02 4.700e+01
s>            ( QUESTION0_3_R 1 -3.386e+03 8.573e+01 1.400e+01
s>                ( - -2.192e+03 1 0)
s>                ( - -1.108e+03 1 0))
s>            ( QUESTION0_0_R 1 -8.224e+03 1.214e+02 3.300e+01
s>                ( - -5.905e+03 2 0)
s>                ( - -2.198e+03 1 0))))INFO: dtree.c(1315): Comp split 6
INFO: dtree.c(1439): stop. leaf nodes are specific
INFO: dtree.c(1478): Final simple tree
|( QUESTION4 1 -3.677e+04 1.407e+02 1.524e+02
|    ( - -2.311e+03 1 0)
|    ( QUESTION0_14_R 1 -3.432e+04 1.352e+02 1.424e+02
|        ( - -1.404e+03 1 0)
|        ( QUESTION0_13_R 1 -3.278e+04 9.695e+01 1.364e+02
|            ( - -1.858e+04 1 0)
|            ( - -1.411e+04 3 0))))
s>    ( QUESTION4 1 -3.677e+04 1.407e+02 1.524e+02
s>        ( - -2.311e+03 1 0)
s>        ( QUESTION0_14_R 1 -3.432e+04 1.352e+02 1.424e+02
s>            ( - -1.404e+03 1 0)
s>            ( QUESTION0_13_R 1 -3.278e+04 9.695e+01 1.364e+02
s>                ( - -1.858e+04 1 0)
s>                ( - -1.411e+04 3 0))))INFO: dtree.c(1315): Comp split 7
INFO: dtree.c(1439): stop. leaf nodes are specific
INFO: dtree.c(1478): Final simple tree
|( QUESTION0_2_R 1 -1.179e+04 1.759e+02 4.700e+01
|    ( QUESTION0_3_R 1 -3.386e+03 8.573e+01 1.400e+01
|        ( - -2.192e+03 1 0)
|        ( - -1.108e+03 1 0))
|    ( QUESTION0_0_R 1 -8.224e+03 1.214e+02 3.300e+01
|        ( - -5.905e+03 2 0)
|        ( - -2.198e+03 1 0)))
s>    ( QUESTION0_2_R 1 -1.179e+04 1.759e+02 4.700e+01
s>        ( QUESTION0_3_R 1 -3.386e+03 8.573e+01 1.400e+01
s>            ( - -2.192e+03 1 0)
s>            ( - -1.108e+03 1 0))
s>        ( QUESTION0_0_R 1 -8.224e+03 1.214e+02 3.300e+01
s>            ( - -5.905e+03 2 0)
s>            ( - -2.198e+03 1 0)))INFO: dtree.c(1315): Comp split 8
INFO: dtree.c(1439): stop. leaf nodes are specific
INFO: dtree.c(1478): Final simple tree
|( QUESTION0_3_R 1 -3.386e+03 8.573e+01 1.400e+01
|    ( - -2.192e+03 1 0)
|    ( - -1.108e+03 1 0))
s>    ( QUESTION0_3_R 1 -3.386e+03 8.573e+01 1.400e+01
s>        ( - -2.192e+03 1 0)
s>        ( - -1.108e+03 1 0))INFO: dtree.c(1439): stop. leaf nodes are specific
INFO: dtree.c(1478): Final simple tree
|( QUESTION0_0_R 1 -8.224e+03 1.214e+02 3.300e+01
|    ( - -5.905e+03 2 0)
|    ( - -2.198e+03 1 0))
s>    ( QUESTION0_0_R 1 -8.224e+03 1.214e+02 3.300e+01
s>        ( - -5.905e+03 2 0)
s>        ( - -2.198e+03 1 0))INFO: dtree.c(1315): Comp split 9
INFO: dtree.c(1439): stop. leaf nodes are specific
INFO: dtree.c(1478): Final simple tree
|( QUESTION0_13_R 1 -3.278e+04 9.695e+01 1.364e+02
|    ( - -1.858e+04 1 0)
|    ( - -1.411e+04 3 0))
s>    ( QUESTION0_13_R 1 -3.278e+04 9.695e+01 1.364e+02
s>        ( - -1.858e+04 1 0)
s>        ( - -1.411e+04 3 0))INFO: dtree.c(1439): stop. leaf nodes are specific
INFO: dtree.c(1478): Final simple tree
|( QUESTION0_13_R 1 -3.818e+03 1.034e+02 1.600e+01
|    ( - -1.404e+03 1 0)
|    ( - -2.311e+03 1 0))
s>    ( QUESTION0_13_R 1 -3.818e+03 1.034e+02 1.600e+01
s>        ( - -1.404e+03 1 0)
s>        ( - -2.311e+03 1 0))INFO: dtree.c(1315): Comp split 10
INFO: dtree.c(1439): stop. leaf nodes are specific
INFO: dtree.c(1478): Final simple tree
|( QUESTION0_9_R 1 -1.674e+04 1.397e+02 7.004e+01
|    ( - -9.834e+03 1 0)
|    ( QUESTION0_3_R 1 -6.768e+03 1.208e+02 2.750e+01
|        ( - -2.526e+03 1 0)
|        ( - -4.121e+03 1 0)))
s>    ( QUESTION0_9_R 1 -1.674e+04 1.397e+02 7.004e+01
s>        ( - -9.834e+03 1 0)
s>        ( QUESTION0_3_R 1 -6.768e+03 1.208e+02 2.750e+01
s>            ( - -2.526e+03 1 0)
s>            ( - -4.121e+03 1 0)))INFO: dtree.c(1315): Comp split 11
INFO: dtree.c(1315): Comp split 12
INFO: dtree.c(1439): stop. leaf nodes are specific
INFO: dtree.c(1478): Final simple tree
|( QUESTION0_3_R 1 -6.768e+03 1.208e+02 2.750e+01
|    ( - -2.526e+03 1 0)
|    ( - -4.121e+03 1 0))
s>    ( QUESTION0_3_R 1 -6.768e+03 1.208e+02 2.750e+01
s>        ( - -2.526e+03 1 0)
s>        ( - -4.121e+03 1 0))INFO: dtree.c(1315): Comp split 13
INFO: dtree.c(1315): Comp split 14
INFO: dtree.c(1315): Comp split 15
INFO: dtree.c(1315): Comp split 16
INFO: dtree.c(1315): Comp split 17
INFO: dtree.c(1315): Comp split 18
INFO: dtree.c(1318): stop. leaf nodes are specific
Wed Dec 20 23:52:21 2017
