Current configuration:
[NAME]		[DEFLT]	[VALUE]
-allphones	no	no
-cntthresh	0.00001	1.000000e-05
-csplitmax	100	2000
-csplitmin	1	1
-csplitthr	8e-4	0.000000e+00
-example	no	no
-fullvar	no	no
-help		no	no
-meanfn			/home/alex/repos/speech/an4/model_parameters/an4.cd_cont_untied/means
-mixwfn			/home/alex/repos/speech/an4/model_parameters/an4.cd_cont_untied/mixture_weights
-moddeffn		/home/alex/repos/speech/an4/model_architecture/an4.untied.mdef
-mwfloor	1e-4	1.000000e-08
-phone			F
-psetfn			/home/alex/repos/speech/an4/model_architecture/an4.tree_questions
-ssplitmax	5	7
-ssplitmin	1	1
-ssplitthr	8e-4	0.000000e+00
-state			2
-stwt			1.0,0.05,0.0,
-treefn			/home/alex/repos/speech/an4/trees/an4.unpruned/F-2.dtree
-ts2cbfn	.semi.	.cont.
-varfloor	0.00001	1.000000e-05
-varfn			/home/alex/repos/speech/an4/model_parameters/an4.cd_cont_untied/variances

INFO: main.c(223): Reading: /home/alex/repos/speech/an4/model_architecture/an4.untied.mdef
INFO: model_def_io.c(573): Model definition info:
INFO: model_def_io.c(574): 1618 total models defined (34 base, 1584 tri)
INFO: model_def_io.c(575): 6472 total states
INFO: model_def_io.c(576): 4854 total tied states
INFO: model_def_io.c(577): 102 total tied CI states
INFO: model_def_io.c(578): 34 total tied transition matrices
INFO: model_def_io.c(579): 4 max state/model
INFO: model_def_io.c(580): 4 min state/model
INFO: main.c(242): Building trees for [F AE SIL e] through [F V IH b]
INFO: main.c(269): Covering states |[1536 1739]| == 204
INFO: main.c(275): Reading: /home/alex/repos/speech/an4/model_parameters/an4.cd_cont_untied/mixture_weights
INFO: s3mixw_io.c(173): Read /home/alex/repos/speech/an4/model_parameters/an4.cd_cont_untied/mixture_weights [204x1x1 array]
INFO: main.c(311): 68 of 68 models have observation count greater than 0.000010
INFO: main.c(95): nrm stwt: 0.000 0.048 0.952 
INFO: s3gau_io.c(169): Read /home/alex/repos/speech/an4/model_parameters/an4.cd_cont_untied/means [4854x1x1 array]
INFO: s3gau_io.c(169): Read /home/alex/repos/speech/an4/model_parameters/an4.cd_cont_untied/variances [4854x1x1 array]
INFO: main.c(549): Reading: /home/alex/repos/speech/an4/model_architecture/an4.tree_questions
INFO: main.c(588): 180 total simple questions (172 phone; 8 word bndry)
INFO: main.c(590): 42 Left Only questions, and 42 Right Only questions
INFO: dtree.c(1478): Final simple tree
|( QUESTION0_15_R 1 -4.102e+05 2.502e+03 1.719e+03
|    ( QUESTION5 1 -1.701e+05 4.573e+02 7.353e+02
|        ( - 2.334e+01 1 0)
|        ( - -1.697e+05 18 0 QUESTION20 -1 2.585e+02 7.343e+02))
|    ( QUESTION1 1 -2.376e+05 1.862e+03 9.832e+02
|        ( - -1.538e+05 16 0 QUESTION2_13_L -1 3.304e+02 6.405e+02)
|        ( WDBNDRY_B 0 -8.194e+04 5.751e+02 3.427e+02
|            ( QUESTION18 -1 -2.578e+04 4.302e+02 1.066e+02
|                ( - 1.952e+02 1 0)
|                ( - -2.555e+04 13 0 QUESTION10 -1 1.768e+02 1.056e+02))
|            ( QUESTION2_3_L -1 -5.558e+04 4.784e+02 2.361e+02
|                ( - 2.420e+02 1 0)
|                ( QUESTION11 -1 -5.535e+04 3.475e+02 2.351e+02
|                    ( - -2.135e+04 2 0 QUESTION0_3_R 1 1.568e+02 9.576e+01)
|                    ( - -3.365e+04 16 0 QUESTION0_20_R 1 1.723e+02 1.394e+02))))))
s>    ( QUESTION0_15_R 1 -4.102e+05 2.502e+03 1.719e+03
s>        ( QUESTION5 1 -1.701e+05 4.573e+02 7.353e+02
s>            ( - 2.334e+01 1 0)
s>            ( - -1.697e+05 18 0 QUESTION20 -1 2.585e+02 7.343e+02))
s>        ( QUESTION1 1 -2.376e+05 1.862e+03 9.832e+02
s>            ( - -1.538e+05 16 0 QUESTION2_13_L -1 3.304e+02 6.405e+02)
s>            ( WDBNDRY_B 0 -8.194e+04 5.751e+02 3.427e+02
s>                ( QUESTION18 -1 -2.578e+04 4.302e+02 1.066e+02
s>                    ( - 1.952e+02 1 0)
s>                    ( - -2.555e+04 13 0 QUESTION10 -1 1.768e+02 1.056e+02))
s>                ( QUESTION2_3_L -1 -5.558e+04 4.784e+02 2.361e+02
s>                    ( - 2.420e+02 1 0)
s>                    ( QUESTION11 -1 -5.535e+04 3.475e+02 2.351e+02
s>                        ( - -2.135e+04 2 0 QUESTION0_3_R 1 1.568e+02 9.576e+01)
s>                        ( - -3.365e+04 16 0 QUESTION0_20_R 1 1.723e+02 1.394e+02))))))INFO: dtree.c(1315): Comp split 0
INFO: dtree.c(1478): Final simple tree
|( QUESTION20 -1 -1.697e+05 2.585e+02 7.343e+02
|    ( QUESTION2_14_L -1 -5.877e+04 1.783e+02 2.530e+02
|        ( - -2.936e+04 3 0 QUESTION0 1 1.129e+02 1.299e+02)
|        ( QUESTION2_13_L -1 -2.922e+04 1.624e+02 1.231e+02
|            ( - -1.961e+04 2 0)
|            ( - -9.455e+03 3 0 QUESTION2_0_L -1 1.087e+02 3.912e+01)))
|    ( QUESTION2 -1 -1.107e+05 1.927e+02 4.814e+02
|        ( - -5.875e+04 1 0)
|        ( QUESTION2_6_L -1 -5.172e+04 1.688e+02 2.213e+02
|            ( - -2.034e+04 3 0 QUESTION1 -1 1.308e+02 8.937e+01)
|            ( WDBNDRY_B 0 -3.121e+04 1.470e+02 1.319e+02
|                ( SILENCE -1 -1.889e+04 1.384e+02 8.039e+01
|                    ( - -1.288e+04 1 0)
|                    ( - -5.871e+03 2 0 QUESTION0 1 1.510e+02 2.406e+01))
|                ( - -1.218e+04 3 0 QUESTION0 1 1.087e+02 5.153e+01)))))
s>    ( QUESTION20 -1 -1.697e+05 2.585e+02 7.343e+02
s>        ( QUESTION2_14_L -1 -5.877e+04 1.783e+02 2.530e+02
s>            ( - -2.936e+04 3 0 QUESTION0 1 1.129e+02 1.299e+02)
s>            ( QUESTION2_13_L -1 -2.922e+04 1.624e+02 1.231e+02
s>                ( - -1.961e+04 2 0)
s>                ( - -9.455e+03 3 0 QUESTION2_0_L -1 1.087e+02 3.912e+01)))
s>        ( QUESTION2 -1 -1.107e+05 1.927e+02 4.814e+02
s>            ( - -5.875e+04 1 0)
s>            ( QUESTION2_6_L -1 -5.172e+04 1.688e+02 2.213e+02
s>                ( - -2.034e+04 3 0 QUESTION1 -1 1.308e+02 8.937e+01)
s>                ( WDBNDRY_B 0 -3.121e+04 1.470e+02 1.319e+02
s>                    ( SILENCE -1 -1.889e+04 1.384e+02 8.039e+01
s>                        ( - -1.288e+04 1 0)
s>                        ( - -5.871e+03 2 0 QUESTION0 1 1.510e+02 2.406e+01))
s>                    ( - -1.218e+04 3 0 QUESTION0 1 1.087e+02 5.153e+01)))))INFO: dtree.c(1478): Final simple tree
|( QUESTION1 1 -2.381e+05 1.860e+03 9.842e+02
|    ( QUESTION0_13_R 1 -1.543e+05 4.585e+02 6.415e+02
|        ( - 2.334e+01 1 0)
|        ( QUESTION2_13_L -1 -1.538e+05 3.304e+02 6.405e+02
|            ( - -7.972e+04 7 0 QUESTION0 -1 1.476e+02 3.336e+02)
|            ( - -7.376e+04 9 0 SILENCE -1 1.905e+02 3.068e+02)))
|    ( WDBNDRY_B 0 -8.194e+04 5.751e+02 3.427e+02
|        ( QUESTION18 -1 -2.578e+04 4.302e+02 1.066e+02
|            ( - 1.952e+02 1 0)
|            ( - -2.555e+04 13 0 QUESTION10 -1 1.768e+02 1.056e+02))
|        ( QUESTION2_3_L -1 -5.558e+04 4.784e+02 2.361e+02
|            ( - 2.420e+02 1 0)
|            ( QUESTION11 -1 -5.535e+04 3.475e+02 2.351e+02
|                ( - -2.135e+04 2 0 QUESTION0_3_R 1 1.568e+02 9.576e+01)
|                ( - -3.365e+04 16 0 QUESTION0_20_R 1 1.723e+02 1.394e+02)))))
s>    ( QUESTION1 1 -2.381e+05 1.860e+03 9.842e+02
s>        ( QUESTION0_13_R 1 -1.543e+05 4.585e+02 6.415e+02
s>            ( - 2.334e+01 1 0)
s>            ( QUESTION2_13_L -1 -1.538e+05 3.304e+02 6.405e+02
s>                ( - -7.972e+04 7 0 QUESTION0 -1 1.476e+02 3.336e+02)
s>                ( - -7.376e+04 9 0 SILENCE -1 1.905e+02 3.068e+02)))
s>        ( WDBNDRY_B 0 -8.194e+04 5.751e+02 3.427e+02
s>            ( QUESTION18 -1 -2.578e+04 4.302e+02 1.066e+02
s>                ( - 1.952e+02 1 0)
s>                ( - -2.555e+04 13 0 QUESTION10 -1 1.768e+02 1.056e+02))
s>            ( QUESTION2_3_L -1 -5.558e+04 4.784e+02 2.361e+02
s>                ( - 2.420e+02 1 0)
s>                ( QUESTION11 -1 -5.535e+04 3.475e+02 2.351e+02
s>                    ( - -2.135e+04 2 0 QUESTION0_3_R 1 1.568e+02 9.576e+01)
s>                    ( - -3.365e+04 16 0 QUESTION0_20_R 1 1.723e+02 1.394e+02)))))INFO: dtree.c(1315): Comp split 1
INFO: dtree.c(1478): Final simple tree
|( WDBNDRY_B 0 -8.194e+04 5.751e+02 3.427e+02
|    ( QUESTION18 -1 -2.578e+04 4.302e+02 1.066e+02
|        ( - 1.952e+02 1 0)
|        ( QUESTION10 -1 -2.555e+04 1.768e+02 1.056e+02
|            ( - -3.909e+03 1 0)
|            ( - -2.146e+04 12 0 QUESTION2_0_L -1 1.459e+02 8.847e+01)))
|    ( QUESTION2_3_L -1 -5.558e+04 4.784e+02 2.361e+02
|        ( - 2.420e+02 1 0)
|        ( QUESTION11 -1 -5.535e+04 3.475e+02 2.351e+02
|            ( - -2.135e+04 2 0 QUESTION0_3_R 1 1.568e+02 9.576e+01)
|            ( QUESTION0_20_R 1 -3.365e+04 1.723e+02 1.394e+02
|                ( - -7.479e+03 2 0)
|                ( QUESTION0_10_R 1 -2.599e+04 1.745e+02 1.080e+02
|                    ( - -7.685e+03 1 0)
|                    ( - -1.814e+04 13 0 QUESTION0_8_R 1 1.302e+02 7.397e+01))))))
s>    ( WDBNDRY_B 0 -8.194e+04 5.751e+02 3.427e+02
s>        ( QUESTION18 -1 -2.578e+04 4.302e+02 1.066e+02
s>            ( - 1.952e+02 1 0)
s>            ( QUESTION10 -1 -2.555e+04 1.768e+02 1.056e+02
s>                ( - -3.909e+03 1 0)
s>                ( - -2.146e+04 12 0 QUESTION2_0_L -1 1.459e+02 8.847e+01)))
s>        ( QUESTION2_3_L -1 -5.558e+04 4.784e+02 2.361e+02
s>            ( - 2.420e+02 1 0)
s>            ( QUESTION11 -1 -5.535e+04 3.475e+02 2.351e+02
s>                ( - -2.135e+04 2 0 QUESTION0_3_R 1 1.568e+02 9.576e+01)
s>                ( QUESTION0_20_R 1 -3.365e+04 1.723e+02 1.394e+02
s>                    ( - -7.479e+03 2 0)
s>                    ( QUESTION0_10_R 1 -2.599e+04 1.745e+02 1.080e+02
s>                        ( - -7.685e+03 1 0)
s>                        ( - -1.814e+04 13 0 QUESTION0_8_R 1 1.302e+02 7.397e+01))))))INFO: dtree.c(1478): Final simple tree
|( QUESTION0_13_R 1 -1.543e+05 4.585e+02 6.415e+02
|    ( - 2.334e+01 1 0)
|    ( QUESTION2_13_L -1 -1.538e+05 3.304e+02 6.405e+02
|        ( QUESTION0 -1 -7.972e+04 1.476e+02 3.336e+02
|            ( - -3.064e+04 3 0 QUESTION6 -1 1.272e+02 1.319e+02)
|            ( - -4.894e+04 4 0 QUESTION2_14_L -1 9.461e+01 2.018e+02))
|        ( SILENCE -1 -7.376e+04 1.905e+02 3.068e+02
|            ( - -3.111e+04 1 0)
|            ( WDBNDRY_B 0 -4.246e+04 1.738e+02 1.759e+02
|                ( QUESTION0 -1 -4.105e+04 1.500e+02 1.699e+02
|                    ( QUESTION15 -1 -3.042e+04 1.327e+02 1.227e+02
|                        ( - -3.643e+02 1 0)
|                        ( - -2.992e+04 4 0 QUESTION10 -1 1.046e+02 1.207e+02))
|                    ( - -1.048e+04 2 0 QUESTION2_0_L -1 1.270e+02 4.719e+01))
|                ( - -1.243e+03 1 0)))))
s>    ( QUESTION0_13_R 1 -1.543e+05 4.585e+02 6.415e+02
s>        ( - 2.334e+01 1 0)
s>        ( QUESTION2_13_L -1 -1.538e+05 3.304e+02 6.405e+02
s>            ( QUESTION0 -1 -7.972e+04 1.476e+02 3.336e+02
s>                ( - -3.064e+04 3 0 QUESTION6 -1 1.272e+02 1.319e+02)
s>                ( - -4.894e+04 4 0 QUESTION2_14_L -1 9.461e+01 2.018e+02))
s>            ( SILENCE -1 -7.376e+04 1.905e+02 3.068e+02
s>                ( - -3.111e+04 1 0)
s>                ( WDBNDRY_B 0 -4.246e+04 1.738e+02 1.759e+02
s>                    ( QUESTION0 -1 -4.105e+04 1.500e+02 1.699e+02
s>                        ( QUESTION15 -1 -3.042e+04 1.327e+02 1.227e+02
s>                            ( - -3.643e+02 1 0)
s>                            ( - -2.992e+04 4 0 QUESTION10 -1 1.046e+02 1.207e+02))
s>                        ( - -1.048e+04 2 0 QUESTION2_0_L -1 1.270e+02 4.719e+01))
s>                    ( - -1.243e+03 1 0)))))INFO: dtree.c(1315): Comp split 2
INFO: dtree.c(1478): Final simple tree
|( QUESTION11 -1 -5.535e+04 3.475e+02 2.351e+02
|    ( QUESTION0_3_R 1 -2.135e+04 1.568e+02 9.576e+01
|        ( - -2.036e+04 1 0)
|        ( - -8.351e+02 1 0))
|    ( QUESTION0_20_R 1 -3.365e+04 1.723e+02 1.394e+02
|        ( - -7.479e+03 2 0)
|        ( QUESTION0_10_R 1 -2.599e+04 1.745e+02 1.080e+02
|            ( - -7.685e+03 1 0)
|            ( QUESTION0_8_R 1 -1.814e+04 1.302e+02 7.397e+01
|                ( QUESTION17 1 -7.792e+02 5.080e+02 4.000e+00
|                    ( - 2.406e+02 1 0)
|                    ( - -5.117e+02 1 0))
|                ( QUESTION17 1 -1.723e+04 2.218e+02 6.997e+01
|                    ( - -5.916e+02 1 0)
|                    ( - -1.641e+04 10 0 QUESTION1 -1 1.269e+02 6.797e+01))))))
s>    ( QUESTION11 -1 -5.535e+04 3.475e+02 2.351e+02
s>        ( QUESTION0_3_R 1 -2.135e+04 1.568e+02 9.576e+01
s>            ( - -2.036e+04 1 0)
s>            ( - -8.351e+02 1 0))
s>        ( QUESTION0_20_R 1 -3.365e+04 1.723e+02 1.394e+02
s>            ( - -7.479e+03 2 0)
s>            ( QUESTION0_10_R 1 -2.599e+04 1.745e+02 1.080e+02
s>                ( - -7.685e+03 1 0)
s>                ( QUESTION0_8_R 1 -1.814e+04 1.302e+02 7.397e+01
s>                    ( QUESTION17 1 -7.792e+02 5.080e+02 4.000e+00
s>                        ( - 2.406e+02 1 0)
s>                        ( - -5.117e+02 1 0))
s>                    ( QUESTION17 1 -1.723e+04 2.218e+02 6.997e+01
s>                        ( - -5.916e+02 1 0)
s>                        ( - -1.641e+04 10 0 QUESTION1 -1 1.269e+02 6.797e+01))))))INFO: dtree.c(1478): Final simple tree
|( WDBNDRY_B 0 -2.601e+04 4.718e+02 1.076e+02
|    ( QUESTION18 -1 -2.578e+04 4.302e+02 1.066e+02
|        ( - 1.952e+02 1 0)
|        ( QUESTION10 -1 -2.555e+04 1.768e+02 1.056e+02
|            ( - -3.909e+03 1 0)
|            ( QUESTION2_0_L -1 -2.146e+04 1.459e+02 8.847e+01
|                ( - -3.302e+02 1 0)
|                ( QUESTION6 -1 -2.099e+04 1.391e+02 8.647e+01
|                    ( - -5.915e+02 1 0)
|                    ( QUESTION9 -1 -2.026e+04 1.376e+02 8.447e+01
|                        ( - -4.148e+02 1 0)
|                        ( QUESTION3 -1 -1.970e+04 1.333e+02 8.247e+01
|                            ( - -5.476e+02 1 0)
|                            ( - -1.902e+04 8 0 QUESTION8 -1 1.311e+02 7.947e+01)))))))
|    ( - 2.420e+02 1 0))
s>    ( WDBNDRY_B 0 -2.601e+04 4.718e+02 1.076e+02
s>        ( QUESTION18 -1 -2.578e+04 4.302e+02 1.066e+02
s>            ( - 1.952e+02 1 0)
s>            ( QUESTION10 -1 -2.555e+04 1.768e+02 1.056e+02
s>                ( - -3.909e+03 1 0)
s>                ( QUESTION2_0_L -1 -2.146e+04 1.459e+02 8.847e+01
s>                    ( - -3.302e+02 1 0)
s>                    ( QUESTION6 -1 -2.099e+04 1.391e+02 8.647e+01
s>                        ( - -5.915e+02 1 0)
s>                        ( QUESTION9 -1 -2.026e+04 1.376e+02 8.447e+01
s>                            ( - -4.148e+02 1 0)
s>                            ( QUESTION3 -1 -1.970e+04 1.333e+02 8.247e+01
s>                                ( - -5.476e+02 1 0)
s>                                ( - -1.902e+04 8 0 QUESTION8 -1 1.311e+02 7.947e+01)))))))
s>        ( - 2.420e+02 1 0))INFO: dtree.c(1315): Comp split 3
INFO: dtree.c(1478): Final simple tree
|( QUESTION11 -1 -5.511e+04 3.488e+02 2.341e+02
|    ( QUESTION0_3_R 1 -2.135e+04 1.568e+02 9.576e+01
|        ( - -2.036e+04 1 0)
|        ( - -8.351e+02 1 0))
|    ( QUESTION17 1 -3.340e+04 2.244e+02 1.384e+02
|        ( - -5.916e+02 1 0)
|        ( QUESTION0_20_R 1 -3.259e+04 1.733e+02 1.364e+02
|            ( - -7.479e+03 2 0)
|            ( QUESTION0_10_R 1 -2.494e+04 1.742e+02 1.050e+02
|                ( - -7.685e+03 1 0)
|                ( QUESTION0_8_R 1 -1.708e+04 1.517e+02 7.097e+01
|                    ( - -5.117e+02 1 0)
|                    ( QUESTION1 -1 -1.641e+04 1.269e+02 6.797e+01
|                        ( - -7.070e+02 1 0)
|                        ( - -1.558e+04 9 0 SILENCE 1 1.824e+02 6.497e+01)))))))
s>    ( QUESTION11 -1 -5.511e+04 3.488e+02 2.341e+02
s>        ( QUESTION0_3_R 1 -2.135e+04 1.568e+02 9.576e+01
s>            ( - -2.036e+04 1 0)
s>            ( - -8.351e+02 1 0))
s>        ( QUESTION17 1 -3.340e+04 2.244e+02 1.384e+02
s>            ( - -5.916e+02 1 0)
s>            ( QUESTION0_20_R 1 -3.259e+04 1.733e+02 1.364e+02
s>                ( - -7.479e+03 2 0)
s>                ( QUESTION0_10_R 1 -2.494e+04 1.742e+02 1.050e+02
s>                    ( - -7.685e+03 1 0)
s>                    ( QUESTION0_8_R 1 -1.708e+04 1.517e+02 7.097e+01
s>                        ( - -5.117e+02 1 0)
s>                        ( QUESTION1 -1 -1.641e+04 1.269e+02 6.797e+01
s>                            ( - -7.070e+02 1 0)
s>                            ( - -1.558e+04 9 0 SILENCE 1 1.824e+02 6.497e+01)))))))INFO: dtree.c(1315): Comp split 4
INFO: dtree.c(1478): Final simple tree
|( QUESTION18 -1 -2.578e+04 4.302e+02 1.066e+02
|    ( - 1.952e+02 1 0)
|    ( QUESTION10 -1 -2.555e+04 1.768e+02 1.056e+02
|        ( - -3.909e+03 1 0)
|        ( QUESTION2_0_L -1 -2.146e+04 1.459e+02 8.847e+01
|            ( - -3.302e+02 1 0)
|            ( QUESTION6 -1 -2.099e+04 1.391e+02 8.647e+01
|                ( - -5.915e+02 1 0)
|                ( QUESTION9 -1 -2.026e+04 1.376e+02 8.447e+01
|                    ( - -4.148e+02 1 0)
|                    ( QUESTION3 -1 -1.970e+04 1.333e+02 8.247e+01
|                        ( - -5.476e+02 1 0)
|                        ( QUESTION8 -1 -1.902e+04 1.311e+02 7.947e+01
|                            ( - -8.375e+02 1 0)
|                            ( - -1.805e+04 7 0 QUESTION2_14_L -1 1.269e+02 7.647e+01))))))))
s>    ( QUESTION18 -1 -2.578e+04 4.302e+02 1.066e+02
s>        ( - 1.952e+02 1 0)
s>        ( QUESTION10 -1 -2.555e+04 1.768e+02 1.056e+02
s>            ( - -3.909e+03 1 0)
s>            ( QUESTION2_0_L -1 -2.146e+04 1.459e+02 8.847e+01
s>                ( - -3.302e+02 1 0)
s>                ( QUESTION6 -1 -2.099e+04 1.391e+02 8.647e+01
s>                    ( - -5.915e+02 1 0)
s>                    ( QUESTION9 -1 -2.026e+04 1.376e+02 8.447e+01
s>                        ( - -4.148e+02 1 0)
s>                        ( QUESTION3 -1 -1.970e+04 1.333e+02 8.247e+01
s>                            ( - -5.476e+02 1 0)
s>                            ( QUESTION8 -1 -1.902e+04 1.311e+02 7.947e+01
s>                                ( - -8.375e+02 1 0)
s>                                ( - -1.805e+04 7 0 QUESTION2_14_L -1 1.269e+02 7.647e+01))))))))INFO: dtree.c(1315): Comp split 5
INFO: dtree.c(1478): Final simple tree
|( QUESTION2_13_L -1 -1.538e+05 3.304e+02 6.405e+02
|    ( QUESTION0 -1 -7.972e+04 1.476e+02 3.336e+02
|        ( QUESTION6 -1 -3.064e+04 1.272e+02 1.319e+02
|            ( - -1.506e+03 1 0)
|            ( - -2.901e+04 2 0 QUESTION2 -1 1.113e+02 1.269e+02))
|        ( - -4.894e+04 4 0 QUESTION2_14_L -1 9.461e+01 2.018e+02))
|    ( SILENCE -1 -7.376e+04 1.905e+02 3.068e+02
|        ( - -3.111e+04 1 0)
|        ( WDBNDRY_B 0 -4.246e+04 1.738e+02 1.759e+02
|            ( QUESTION0 -1 -4.105e+04 1.500e+02 1.699e+02
|                ( QUESTION15 -1 -3.042e+04 1.327e+02 1.227e+02
|                    ( - -3.643e+02 1 0)
|                    ( - -2.992e+04 4 0 QUESTION10 -1 1.046e+02 1.207e+02))
|                ( - -1.048e+04 2 0 QUESTION2_0_L -1 1.270e+02 4.719e+01))
|            ( - -1.243e+03 1 0))))
s>    ( QUESTION2_13_L -1 -1.538e+05 3.304e+02 6.405e+02
s>        ( QUESTION0 -1 -7.972e+04 1.476e+02 3.336e+02
s>            ( QUESTION6 -1 -3.064e+04 1.272e+02 1.319e+02
s>                ( - -1.506e+03 1 0)
s>                ( - -2.901e+04 2 0 QUESTION2 -1 1.113e+02 1.269e+02))
s>            ( - -4.894e+04 4 0 QUESTION2_14_L -1 9.461e+01 2.018e+02))
s>        ( SILENCE -1 -7.376e+04 1.905e+02 3.068e+02
s>            ( - -3.111e+04 1 0)
s>            ( WDBNDRY_B 0 -4.246e+04 1.738e+02 1.759e+02
s>                ( QUESTION0 -1 -4.105e+04 1.500e+02 1.699e+02
s>                    ( QUESTION15 -1 -3.042e+04 1.327e+02 1.227e+02
s>                        ( - -3.643e+02 1 0)
s>                        ( - -2.992e+04 4 0 QUESTION10 -1 1.046e+02 1.207e+02))
s>                    ( - -1.048e+04 2 0 QUESTION2_0_L -1 1.270e+02 4.719e+01))
s>                ( - -1.243e+03 1 0))))INFO: dtree.c(1315): Comp split 6
INFO: dtree.c(1478): Final simple tree
|( QUESTION10 -1 -2.555e+04 1.768e+02 1.056e+02
|    ( - -3.909e+03 1 0)
|    ( QUESTION2_0_L -1 -2.146e+04 1.459e+02 8.847e+01
|        ( - -3.302e+02 1 0)
|        ( QUESTION6 -1 -2.099e+04 1.391e+02 8.647e+01
|            ( - -5.915e+02 1 0)
|            ( QUESTION9 -1 -2.026e+04 1.376e+02 8.447e+01
|                ( - -4.148e+02 1 0)
|                ( QUESTION3 -1 -1.970e+04 1.333e+02 8.247e+01
|                    ( - -5.476e+02 1 0)
|                    ( QUESTION8 -1 -1.902e+04 1.311e+02 7.947e+01
|                        ( - -8.375e+02 1 0)
|                        ( QUESTION2_14_L -1 -1.805e+04 1.269e+02 7.647e+01
|                            ( - -3.166e+03 1 0)
|                            ( - -1.476e+04 6 0 QUESTION0_0_R 1 1.095e+02 6.352e+01))))))))
s>    ( QUESTION10 -1 -2.555e+04 1.768e+02 1.056e+02
s>        ( - -3.909e+03 1 0)
s>        ( QUESTION2_0_L -1 -2.146e+04 1.459e+02 8.847e+01
s>            ( - -3.302e+02 1 0)
s>            ( QUESTION6 -1 -2.099e+04 1.391e+02 8.647e+01
s>                ( - -5.915e+02 1 0)
s>                ( QUESTION9 -1 -2.026e+04 1.376e+02 8.447e+01
s>                    ( - -4.148e+02 1 0)
s>                    ( QUESTION3 -1 -1.970e+04 1.333e+02 8.247e+01
s>                        ( - -5.476e+02 1 0)
s>                        ( QUESTION8 -1 -1.902e+04 1.311e+02 7.947e+01
s>                            ( - -8.375e+02 1 0)
s>                            ( QUESTION2_14_L -1 -1.805e+04 1.269e+02 7.647e+01
s>                                ( - -3.166e+03 1 0)
s>                                ( - -1.476e+04 6 0 QUESTION0_0_R 1 1.095e+02 6.352e+01))))))))INFO: dtree.c(1315): Comp split 7
INFO: dtree.c(1478): Final simple tree
|( QUESTION17 1 -3.438e+04 2.250e+02 1.424e+02
|    ( - -5.916e+02 1 0)
|    ( QUESTION0_20_R 1 -3.356e+04 1.664e+02 1.404e+02
|        ( - -7.479e+03 2 0)
|        ( QUESTION0_10_R 1 -2.592e+04 1.769e+02 1.090e+02
|            ( - -7.685e+03 1 0)
|            ( QUESTION0_8_R 1 -1.805e+04 1.484e+02 7.497e+01
|                ( - -5.117e+02 1 0)
|                ( QUESTION11 -1 -1.739e+04 1.461e+02 7.197e+01
|                    ( - -8.351e+02 1 0)
|                    ( QUESTION1 -1 -1.641e+04 1.269e+02 6.797e+01
|                        ( - -7.070e+02 1 0)
|                        ( SILENCE 1 -1.558e+04 1.824e+02 6.497e+01
|                            ( - -2.335e+02 1 0)
|                            ( - -1.516e+04 8 0 QUESTION0_0_R 1 1.177e+02 6.297e+01))))))))
s>    ( QUESTION17 1 -3.438e+04 2.250e+02 1.424e+02
s>        ( - -5.916e+02 1 0)
s>        ( QUESTION0_20_R 1 -3.356e+04 1.664e+02 1.404e+02
s>            ( - -7.479e+03 2 0)
s>            ( QUESTION0_10_R 1 -2.592e+04 1.769e+02 1.090e+02
s>                ( - -7.685e+03 1 0)
s>                ( QUESTION0_8_R 1 -1.805e+04 1.484e+02 7.497e+01
s>                    ( - -5.117e+02 1 0)
s>                    ( QUESTION11 -1 -1.739e+04 1.461e+02 7.197e+01
s>                        ( - -8.351e+02 1 0)
s>                        ( QUESTION1 -1 -1.641e+04 1.269e+02 6.797e+01
s>                            ( - -7.070e+02 1 0)
s>                            ( SILENCE 1 -1.558e+04 1.824e+02 6.497e+01
s>                                ( - -2.335e+02 1 0)
s>                                ( - -1.516e+04 8 0 QUESTION0_0_R 1 1.177e+02 6.297e+01))))))))INFO: dtree.c(1315): Comp split 8
INFO: dtree.c(1439): stop. leaf nodes are specific
INFO: dtree.c(1478): Final simple tree
|( QUESTION0 -1 -7.952e+04 1.791e+02 3.346e+02
|    ( WDBNDRY_B 0 -3.040e+04 1.545e+02 1.329e+02
|        ( QUESTION2 -1 -2.901e+04 1.113e+02 1.269e+02
|            ( - -1.856e+04 1 0)
|            ( - -1.033e+04 1 0))
|        ( - -1.243e+03 1 0))
|    ( QUESTION2_14_L -1 -4.894e+04 9.461e+01 2.018e+02
|        ( - -2.739e+04 2 0)
|        ( - -2.146e+04 2 0)))
s>    ( QUESTION0 -1 -7.952e+04 1.791e+02 3.346e+02
s>        ( WDBNDRY_B 0 -3.040e+04 1.545e+02 1.329e+02
s>            ( QUESTION2 -1 -2.901e+04 1.113e+02 1.269e+02
s>                ( - -1.856e+04 1 0)
s>                ( - -1.033e+04 1 0))
s>            ( - -1.243e+03 1 0))
s>        ( QUESTION2_14_L -1 -4.894e+04 9.461e+01 2.018e+02
s>            ( - -2.739e+04 2 0)
s>            ( - -2.146e+04 2 0)))INFO: dtree.c(1478): Final simple tree
|( SILENCE -1 -7.395e+04 1.885e+02 3.058e+02
|    ( - -3.111e+04 1 0)
|    ( QUESTION0 -1 -4.265e+04 1.512e+02 1.749e+02
|        ( QUESTION15 -1 -3.202e+04 1.330e+02 1.277e+02
|            ( - -3.643e+02 1 0)
|            ( QUESTION10 -1 -3.152e+04 1.095e+02 1.257e+02
|                ( - -8.117e+03 1 0)
|                ( QUESTION18 -1 -2.330e+04 9.361e+01 9.365e+01
|                    ( - -6.924e+02 1 0)
|                    ( QUESTION1 -1 -2.251e+04 9.108e+01 9.065e+01
|                        ( - -1.506e+03 1 0)
|                        ( - -2.091e+04 2 0 QUESTION9 -1 6.775e+01 8.565e+01)))))
|        ( QUESTION2_0_L -1 -1.048e+04 1.270e+02 4.719e+01
|            ( - -6.071e+02 1 0)
|            ( - -9.744e+03 1 0))))
s>    ( SILENCE -1 -7.395e+04 1.885e+02 3.058e+02
s>        ( - -3.111e+04 1 0)
s>        ( QUESTION0 -1 -4.265e+04 1.512e+02 1.749e+02
s>            ( QUESTION15 -1 -3.202e+04 1.330e+02 1.277e+02
s>                ( - -3.643e+02 1 0)
s>                ( QUESTION10 -1 -3.152e+04 1.095e+02 1.257e+02
s>                    ( - -8.117e+03 1 0)
s>                    ( QUESTION18 -1 -2.330e+04 9.361e+01 9.365e+01
s>                        ( - -6.924e+02 1 0)
s>                        ( QUESTION1 -1 -2.251e+04 9.108e+01 9.065e+01
s>                            ( - -1.506e+03 1 0)
s>                            ( - -2.091e+04 2 0 QUESTION9 -1 6.775e+01 8.565e+01)))))
s>            ( QUESTION2_0_L -1 -1.048e+04 1.270e+02 4.719e+01
s>                ( - -6.071e+02 1 0)
s>                ( - -9.744e+03 1 0))))INFO: dtree.c(1315): Comp split 9
INFO: dtree.c(1439): stop. leaf nodes are specific
INFO: dtree.c(1478): Final simple tree
|( QUESTION1 -1 -9.014e+04 1.759e+02 3.920e+02
|    ( - -5.875e+04 1 0)
|    ( WDBNDRY_B 0 -3.121e+04 1.470e+02 1.319e+02
|        ( SILENCE -1 -1.889e+04 1.384e+02 8.039e+01
|            ( - -1.288e+04 1 0)
|            ( QUESTION0 1 -5.871e+03 1.510e+02 2.406e+01
|                ( - -5.942e+02 1 0)
|                ( - -5.126e+03 1 0)))
|        ( QUESTION0 1 -1.218e+04 1.087e+02 5.153e+01
|            ( - -3.359e+03 1 0)
|            ( - -8.714e+03 2 0))))
s>    ( QUESTION1 -1 -9.014e+04 1.759e+02 3.920e+02
s>        ( - -5.875e+04 1 0)
s>        ( WDBNDRY_B 0 -3.121e+04 1.470e+02 1.319e+02
s>            ( SILENCE -1 -1.889e+04 1.384e+02 8.039e+01
s>                ( - -1.288e+04 1 0)
s>                ( QUESTION0 1 -5.871e+03 1.510e+02 2.406e+01
s>                    ( - -5.942e+02 1 0)
s>                    ( - -5.126e+03 1 0)))
s>            ( QUESTION0 1 -1.218e+04 1.087e+02 5.153e+01
s>                ( - -3.359e+03 1 0)
s>                ( - -8.714e+03 2 0))))INFO: dtree.c(1478): Final simple tree
|( QUESTION2_14_L -1 -7.926e+04 1.955e+02 3.423e+02
|    ( QUESTION0 1 -2.936e+04 1.129e+02 1.299e+02
|        ( - -5.158e+02 1 0)
|        ( - -2.873e+04 2 0))
|    ( QUESTION2_20_L -1 -4.970e+04 1.659e+02 2.124e+02
|        ( - -1.961e+04 2 0)
|        ( QUESTION8 -1 -2.993e+04 1.475e+02 1.285e+02
|            ( QUESTION9 -1 -1.414e+04 1.073e+02 6.297e+01
|                ( - -7.782e+03 1 0)
|                ( - -6.248e+03 1 0))
|            ( QUESTION2_7_L -1 -1.565e+04 1.248e+02 6.552e+01
|                ( - -7.555e+03 2 0 QUESTION2_8_L -1 8.629e+01 3.212e+01)
|                ( QUESTION0 -1 -7.967e+03 1.080e+02 3.340e+01
|                    ( - -6.067e+03 1 0)
|                    ( - -1.792e+03 1 0))))))
s>    ( QUESTION2_14_L -1 -7.926e+04 1.955e+02 3.423e+02
s>        ( QUESTION0 1 -2.936e+04 1.129e+02 1.299e+02
s>            ( - -5.158e+02 1 0)
s>            ( - -2.873e+04 2 0))
s>        ( QUESTION2_20_L -1 -4.970e+04 1.659e+02 2.124e+02
s>            ( - -1.961e+04 2 0)
s>            ( QUESTION8 -1 -2.993e+04 1.475e+02 1.285e+02
s>                ( QUESTION9 -1 -1.414e+04 1.073e+02 6.297e+01
s>                    ( - -7.782e+03 1 0)
s>                    ( - -6.248e+03 1 0))
s>                ( QUESTION2_7_L -1 -1.565e+04 1.248e+02 6.552e+01
s>                    ( - -7.555e+03 2 0 QUESTION2_8_L -1 8.629e+01 3.212e+01)
s>                    ( QUESTION0 -1 -7.967e+03 1.080e+02 3.340e+01
s>                        ( - -6.067e+03 1 0)
s>                        ( - -1.792e+03 1 0))))))INFO: dtree.c(1315): Comp split 10
INFO: dtree.c(1478): Final simple tree
|( QUESTION0_20_R 1 -3.356e+04 1.664e+02 1.404e+02
|    ( - -7.479e+03 2 0)
|    ( QUESTION0_10_R 1 -2.592e+04 1.769e+02 1.090e+02
|        ( - -7.685e+03 1 0)
|        ( QUESTION0_8_R 1 -1.805e+04 1.484e+02 7.497e+01
|            ( - -5.117e+02 1 0)
|            ( QUESTION11 -1 -1.739e+04 1.461e+02 7.197e+01
|                ( - -8.351e+02 1 0)
|                ( QUESTION1 -1 -1.641e+04 1.269e+02 6.797e+01
|                    ( - -7.070e+02 1 0)
|                    ( SILENCE 1 -1.558e+04 1.824e+02 6.497e+01
|                        ( - -2.335e+02 1 0)
|                        ( QUESTION0_0_R 1 -1.516e+04 1.177e+02 6.297e+01
|                            ( - -1.289e+04 7 0 WDBNDRY_E 0 1.135e+02 5.297e+01)
|                            ( - -2.157e+03 1 0))))))))
s>    ( QUESTION0_20_R 1 -3.356e+04 1.664e+02 1.404e+02
s>        ( - -7.479e+03 2 0)
s>        ( QUESTION0_10_R 1 -2.592e+04 1.769e+02 1.090e+02
s>            ( - -7.685e+03 1 0)
s>            ( QUESTION0_8_R 1 -1.805e+04 1.484e+02 7.497e+01
s>                ( - -5.117e+02 1 0)
s>                ( QUESTION11 -1 -1.739e+04 1.461e+02 7.197e+01
s>                    ( - -8.351e+02 1 0)
s>                    ( QUESTION1 -1 -1.641e+04 1.269e+02 6.797e+01
s>                        ( - -7.070e+02 1 0)
s>                        ( SILENCE 1 -1.558e+04 1.824e+02 6.497e+01
s>                            ( - -2.335e+02 1 0)
s>                            ( QUESTION0_0_R 1 -1.516e+04 1.177e+02 6.297e+01
s>                                ( - -1.289e+04 7 0 WDBNDRY_E 0 1.135e+02 5.297e+01)
s>                                ( - -2.157e+03 1 0))))))))INFO: dtree.c(1315): Comp split 11
INFO: dtree.c(1439): stop. leaf nodes are specific
INFO: dtree.c(1478): Final simple tree
|( QUESTION0 -1 -4.555e+04 1.494e+02 1.998e+02
|    ( QUESTION9 -1 -1.414e+04 1.073e+02 6.297e+01
|        ( - -7.782e+03 1 0)
|        ( - -6.248e+03 1 0))
|    ( QUESTION0 1 -3.126e+04 1.135e+02 1.369e+02
|        ( - -5.158e+02 1 0)
|        ( QUESTION2_0_L -1 -3.063e+04 1.045e+02 1.339e+02
|            ( - -1.792e+03 1 0)
|            ( - -2.873e+04 2 0))))
s>    ( QUESTION0 -1 -4.555e+04 1.494e+02 1.998e+02
s>        ( QUESTION9 -1 -1.414e+04 1.073e+02 6.297e+01
s>            ( - -7.782e+03 1 0)
s>            ( - -6.248e+03 1 0))
s>        ( QUESTION0 1 -3.126e+04 1.135e+02 1.369e+02
s>            ( - -5.158e+02 1 0)
s>            ( QUESTION2_0_L -1 -3.063e+04 1.045e+02 1.339e+02
s>                ( - -1.792e+03 1 0)
s>                ( - -2.873e+04 2 0))))INFO: dtree.c(1439): stop. leaf nodes are specific
INFO: dtree.c(1478): Final simple tree
|( QUESTION2_20_L -1 -3.350e+04 1.442e+02 1.425e+02
|    ( - -1.961e+04 2 0)
|    ( QUESTION0 -1 -1.375e+04 1.286e+02 5.852e+01
|        ( - -6.067e+03 1 0)
|        ( QUESTION2_8_L -1 -7.555e+03 8.629e+01 3.212e+01
|            ( - -1.792e+03 1 0)
|            ( - -5.676e+03 1 0))))
s>    ( QUESTION2_20_L -1 -3.350e+04 1.442e+02 1.425e+02
s>        ( - -1.961e+04 2 0)
s>        ( QUESTION0 -1 -1.375e+04 1.286e+02 5.852e+01
s>            ( - -6.067e+03 1 0)
s>            ( QUESTION2_8_L -1 -7.555e+03 8.629e+01 3.212e+01
s>                ( - -1.792e+03 1 0)
s>                ( - -5.676e+03 1 0))))INFO: dtree.c(1315): Comp split 12
INFO: dtree.c(1478): Final simple tree
|( QUESTION1 -1 -1.641e+04 1.269e+02 6.797e+01
|    ( - -7.070e+02 1 0)
|    ( SILENCE 1 -1.558e+04 1.824e+02 6.497e+01
|        ( - -2.335e+02 1 0)
|        ( QUESTION0_0_R 1 -1.516e+04 1.177e+02 6.297e+01
|            ( WDBNDRY_E 0 -1.289e+04 1.135e+02 5.297e+01
|                ( QUESTION0_9_R 1 -1.176e+04 1.259e+02 4.797e+01
|                    ( - -5.320e+02 1 0)
|                    ( QUESTION15 1 -1.110e+04 1.050e+02 4.497e+01
|                        ( - -1.762e+03 1 0)
|                        ( QUESTION0_5_R 1 -9.230e+03 1.047e+02 3.689e+01
|                            ( - -1.065e+03 1 0)
|                            ( - -8.061e+03 3 0 QUESTION0_1_R 1 9.312e+01 3.189e+01))))
|                ( - -1.020e+03 1 0))
|            ( - -2.157e+03 1 0))))
s>    ( QUESTION1 -1 -1.641e+04 1.269e+02 6.797e+01
s>        ( - -7.070e+02 1 0)
s>        ( SILENCE 1 -1.558e+04 1.824e+02 6.497e+01
s>            ( - -2.335e+02 1 0)
s>            ( QUESTION0_0_R 1 -1.516e+04 1.177e+02 6.297e+01
s>                ( WDBNDRY_E 0 -1.289e+04 1.135e+02 5.297e+01
s>                    ( QUESTION0_9_R 1 -1.176e+04 1.259e+02 4.797e+01
s>                        ( - -5.320e+02 1 0)
s>                        ( QUESTION15 1 -1.110e+04 1.050e+02 4.497e+01
s>                            ( - -1.762e+03 1 0)
s>                            ( QUESTION0_5_R 1 -9.230e+03 1.047e+02 3.689e+01
s>                                ( - -1.065e+03 1 0)
s>                                ( - -8.061e+03 3 0 QUESTION0_1_R 1 9.312e+01 3.189e+01))))
s>                    ( - -1.020e+03 1 0))
s>                ( - -2.157e+03 1 0))))INFO: dtree.c(1439): stop. leaf nodes are specific
INFO: dtree.c(1478): Final simple tree
|( QUESTION0_10_R 1 -1.694e+04 1.588e+02 7.238e+01
|    ( - -7.685e+03 1 0)
|    ( QUESTION0_6_R 1 -9.099e+03 1.400e+02 3.833e+01
|        ( - -5.117e+02 1 0)
|        ( WDBNDRY_E 0 -8.447e+03 1.334e+02 3.533e+01
|            ( - -7.479e+03 2 0)
|            ( - -8.351e+02 1 0))))
s>    ( QUESTION0_10_R 1 -1.694e+04 1.588e+02 7.238e+01
s>        ( - -7.685e+03 1 0)
s>        ( QUESTION0_6_R 1 -9.099e+03 1.400e+02 3.833e+01
s>            ( - -5.117e+02 1 0)
s>            ( WDBNDRY_E 0 -8.447e+03 1.334e+02 3.533e+01
s>                ( - -7.479e+03 2 0)
s>                ( - -8.351e+02 1 0))))INFO: dtree.c(1315): Comp split 13
INFO: dtree.c(1439): stop. leaf nodes are specific
INFO: dtree.c(1478): Final simple tree
|( QUESTION0 -1 -4.142e+04 1.558e+02 1.699e+02
|    ( QUESTION10 -1 -3.152e+04 1.095e+02 1.257e+02
|        ( - -8.117e+03 1 0)
|        ( QUESTION18 -1 -2.330e+04 9.361e+01 9.365e+01
|            ( - -6.924e+02 1 0)
|            ( QUESTION1 -1 -2.251e+04 9.108e+01 9.065e+01
|                ( - -1.506e+03 1 0)
|                ( QUESTION9 -1 -2.091e+04 6.775e+01 8.565e+01
|                    ( - -1.426e+04 1 0)
|                    ( - -6.583e+03 1 0)))))
|    ( - -9.744e+03 1 0))
s>    ( QUESTION0 -1 -4.142e+04 1.558e+02 1.699e+02
s>        ( QUESTION10 -1 -3.152e+04 1.095e+02 1.257e+02
s>            ( - -8.117e+03 1 0)
s>            ( QUESTION18 -1 -2.330e+04 9.361e+01 9.365e+01
s>                ( - -6.924e+02 1 0)
s>                ( QUESTION1 -1 -2.251e+04 9.108e+01 9.065e+01
s>                    ( - -1.506e+03 1 0)
s>                    ( QUESTION9 -1 -2.091e+04 6.775e+01 8.565e+01
s>                        ( - -1.426e+04 1 0)
s>                        ( - -6.583e+03 1 0)))))
s>        ( - -9.744e+03 1 0))INFO: dtree.c(1439): stop. leaf nodes are specific
INFO: dtree.c(1478): Final simple tree
|( QUESTION0 -1 -3.233e+04 1.261e+02 1.359e+02
|    ( - -3.643e+02 1 0)
|    ( SILENCE -1 -3.184e+04 1.259e+02 1.339e+02
|        ( - -3.111e+04 1 0)
|        ( - -6.071e+02 1 0)))
s>    ( QUESTION0 -1 -3.233e+04 1.261e+02 1.359e+02
s>        ( - -3.643e+02 1 0)
s>        ( SILENCE -1 -3.184e+04 1.259e+02 1.339e+02
s>            ( - -3.111e+04 1 0)
s>            ( - -6.071e+02 1 0)))INFO: dtree.c(1315): Comp split 14
INFO: dtree.c(1439): stop. leaf nodes are specific
INFO: dtree.c(1478): Final simple tree
|( QUESTION1 -1 -4.587e+03 1.298e+02 2.016e+01
|    ( - -5.476e+02 1 0)
|    ( - -3.909e+03 1 0))
s>    ( QUESTION1 -1 -4.587e+03 1.298e+02 2.016e+01
s>        ( - -5.476e+02 1 0)
s>        ( - -3.909e+03 1 0))INFO: dtree.c(1478): Final simple tree
|( QUESTION2_0_L -1 -2.078e+04 1.462e+02 8.547e+01
|    ( - -3.302e+02 1 0)
|    ( QUESTION3 -1 -2.030e+04 1.384e+02 8.347e+01
|        ( - -5.915e+02 1 0)
|        ( QUESTION9 -1 -1.957e+04 1.370e+02 8.147e+01
|            ( - -4.148e+02 1 0)
|            ( QUESTION8 -1 -1.902e+04 1.311e+02 7.947e+01
|                ( - -8.375e+02 1 0)
|                ( QUESTION2_14_L -1 -1.805e+04 1.269e+02 7.647e+01
|                    ( - -3.166e+03 1 0)
|                    ( QUESTION0_0_R 1 -1.476e+04 1.095e+02 6.352e+01
|                        ( SILENCE -1 -1.274e+03 1.716e+02 4.000e+00
|                            ( - -7.905e+02 1 0)
|                            ( - -3.115e+02 1 0))
|                        ( - -1.338e+04 4 0 SILENCE -1 9.862e+01 5.952e+01)))))))
s>    ( QUESTION2_0_L -1 -2.078e+04 1.462e+02 8.547e+01
s>        ( - -3.302e+02 1 0)
s>        ( QUESTION3 -1 -2.030e+04 1.384e+02 8.347e+01
s>            ( - -5.915e+02 1 0)
s>            ( QUESTION9 -1 -1.957e+04 1.370e+02 8.147e+01
s>                ( - -4.148e+02 1 0)
s>                ( QUESTION8 -1 -1.902e+04 1.311e+02 7.947e+01
s>                    ( - -8.375e+02 1 0)
s>                    ( QUESTION2_14_L -1 -1.805e+04 1.269e+02 7.647e+01
s>                        ( - -3.166e+03 1 0)
s>                        ( QUESTION0_0_R 1 -1.476e+04 1.095e+02 6.352e+01
s>                            ( SILENCE -1 -1.274e+03 1.716e+02 4.000e+00
s>                                ( - -7.905e+02 1 0)
s>                                ( - -3.115e+02 1 0))
s>                            ( - -1.338e+04 4 0 SILENCE -1 9.862e+01 5.952e+01)))))))INFO: dtree.c(1315): Comp split 15
INFO: dtree.c(1478): Final simple tree
|( SILENCE 1 -1.600e+04 1.283e+02 6.597e+01
|    ( - -7.070e+02 1 0)
|    ( QUESTION0_0_R 1 -1.516e+04 1.177e+02 6.297e+01
|        ( WDBNDRY_E 0 -1.289e+04 1.135e+02 5.297e+01
|            ( QUESTION0_9_R 1 -1.176e+04 1.259e+02 4.797e+01
|                ( - -5.320e+02 1 0)
|                ( QUESTION15 1 -1.110e+04 1.050e+02 4.497e+01
|                    ( - -1.762e+03 1 0)
|                    ( QUESTION0_5_R 1 -9.230e+03 1.047e+02 3.689e+01
|                        ( - -1.065e+03 1 0)
|                        ( QUESTION0_1_R 1 -8.061e+03 9.312e+01 3.189e+01
|                            ( - -1.944e+03 2 0)
|                            ( - -6.024e+03 1 0)))))
|            ( - -1.020e+03 1 0))
|        ( - -2.157e+03 1 0)))
s>    ( SILENCE 1 -1.600e+04 1.283e+02 6.597e+01
s>        ( - -7.070e+02 1 0)
s>        ( QUESTION0_0_R 1 -1.516e+04 1.177e+02 6.297e+01
s>            ( WDBNDRY_E 0 -1.289e+04 1.135e+02 5.297e+01
s>                ( QUESTION0_9_R 1 -1.176e+04 1.259e+02 4.797e+01
s>                    ( - -5.320e+02 1 0)
s>                    ( QUESTION15 1 -1.110e+04 1.050e+02 4.497e+01
s>                        ( - -1.762e+03 1 0)
s>                        ( QUESTION0_5_R 1 -9.230e+03 1.047e+02 3.689e+01
s>                            ( - -1.065e+03 1 0)
s>                            ( QUESTION0_1_R 1 -8.061e+03 9.312e+01 3.189e+01
s>                                ( - -1.944e+03 2 0)
s>                                ( - -6.024e+03 1 0)))))
s>                ( - -1.020e+03 1 0))
s>            ( - -2.157e+03 1 0)))INFO: dtree.c(1315): Comp split 16
INFO: dtree.c(1439): stop. leaf nodes are specific
INFO: dtree.c(1478): Final simple tree
|( SILENCE -1 -1.816e+04 1.574e+02 7.739e+01
|    ( - -1.288e+04 1 0)
|    ( - -5.126e+03 1 0))
s>    ( SILENCE -1 -1.816e+04 1.574e+02 7.739e+01
s>        ( - -1.288e+04 1 0)
s>        ( - -5.126e+03 1 0))INFO: dtree.c(1439): stop. leaf nodes are specific
INFO: dtree.c(1478): Final simple tree
|( QUESTION1 -1 -7.180e+04 1.565e+02 3.146e+02
|    ( - -5.875e+04 1 0)
|    ( WDBNDRY_B 0 -1.289e+04 1.186e+02 5.453e+01
|        ( - -5.942e+02 1 0)
|        ( QUESTION0 1 -1.218e+04 1.087e+02 5.153e+01
|            ( - -3.359e+03 1 0)
|            ( - -8.714e+03 2 0))))
s>    ( QUESTION1 -1 -7.180e+04 1.565e+02 3.146e+02
s>        ( - -5.875e+04 1 0)
s>        ( WDBNDRY_B 0 -1.289e+04 1.186e+02 5.453e+01
s>            ( - -5.942e+02 1 0)
s>            ( QUESTION0 1 -1.218e+04 1.087e+02 5.153e+01
s>                ( - -3.359e+03 1 0)
s>                ( - -8.714e+03 2 0))))INFO: dtree.c(1315): Comp split 17
INFO: dtree.c(1439): stop. leaf nodes are specific
INFO: dtree.c(1478): Final simple tree
|( WDBNDRY_B 0 -3.040e+04 1.545e+02 1.329e+02
|    ( QUESTION2 -1 -2.901e+04 1.113e+02 1.269e+02
|        ( - -1.856e+04 1 0)
|        ( - -1.033e+04 1 0))
|    ( - -1.243e+03 1 0))
s>    ( WDBNDRY_B 0 -3.040e+04 1.545e+02 1.329e+02
s>        ( QUESTION2 -1 -2.901e+04 1.113e+02 1.269e+02
s>            ( - -1.856e+04 1 0)
s>            ( - -1.033e+04 1 0))
s>        ( - -1.243e+03 1 0))INFO: dtree.c(1439): stop. leaf nodes are specific
INFO: dtree.c(1478): Final simple tree
|( QUESTION2_14_L -1 -4.894e+04 9.461e+01 2.018e+02
|    ( - -2.739e+04 2 0)
|    ( - -2.146e+04 2 0))
s>    ( QUESTION2_14_L -1 -4.894e+04 9.461e+01 2.018e+02
s>        ( - -2.739e+04 2 0)
s>        ( - -2.146e+04 2 0))INFO: dtree.c(1315): Comp split 18
INFO: dtree.c(1439): stop. leaf nodes are specific
INFO: dtree.c(1478): Final simple tree
|( QUESTION0_6_R 1 -9.099e+03 1.400e+02 3.833e+01
|    ( - -5.117e+02 1 0)
|    ( WDBNDRY_E 0 -8.447e+03 1.334e+02 3.533e+01
|        ( - -7.479e+03 2 0)
|        ( - -8.351e+02 1 0)))
s>    ( QUESTION0_6_R 1 -9.099e+03 1.400e+02 3.833e+01
s>        ( - -5.117e+02 1 0)
s>        ( WDBNDRY_E 0 -8.447e+03 1.334e+02 3.533e+01
s>            ( - -7.479e+03 2 0)
s>            ( - -8.351e+02 1 0)))INFO: dtree.c(1315): Comp split 19
INFO: dtree.c(1315): Comp split 20
INFO: dtree.c(1439): stop. leaf nodes are specific
INFO: dtree.c(1478): Final simple tree
|( WDBNDRY_B 0 -1.289e+04 1.186e+02 5.453e+01
|    ( - -5.942e+02 1 0)
|    ( QUESTION0 1 -1.218e+04 1.087e+02 5.153e+01
|        ( - -3.359e+03 1 0)
|        ( - -8.714e+03 2 0)))
s>    ( WDBNDRY_B 0 -1.289e+04 1.186e+02 5.453e+01
s>        ( - -5.942e+02 1 0)
s>        ( QUESTION0 1 -1.218e+04 1.087e+02 5.153e+01
s>            ( - -3.359e+03 1 0)
s>            ( - -8.714e+03 2 0)))INFO: dtree.c(1315): Comp split 21
INFO: dtree.c(1439): stop. leaf nodes are specific
INFO: dtree.c(1478): Final simple tree
|( QUESTION10 -1 -3.152e+04 1.095e+02 1.257e+02
|    ( - -8.117e+03 1 0)
|    ( QUESTION18 -1 -2.330e+04 9.361e+01 9.365e+01
|        ( - -6.924e+02 1 0)
|        ( QUESTION1 -1 -2.251e+04 9.108e+01 9.065e+01
|            ( - -1.506e+03 1 0)
|            ( QUESTION9 -1 -2.091e+04 6.775e+01 8.565e+01
|                ( - -1.426e+04 1 0)
|                ( - -6.583e+03 1 0)))))
s>    ( QUESTION10 -1 -3.152e+04 1.095e+02 1.257e+02
s>        ( - -8.117e+03 1 0)
s>        ( QUESTION18 -1 -2.330e+04 9.361e+01 9.365e+01
s>            ( - -6.924e+02 1 0)
s>            ( QUESTION1 -1 -2.251e+04 9.108e+01 9.065e+01
s>                ( - -1.506e+03 1 0)
s>                ( QUESTION9 -1 -2.091e+04 6.775e+01 8.565e+01
s>                    ( - -1.426e+04 1 0)
s>                    ( - -6.583e+03 1 0)))))INFO: dtree.c(1315): Comp split 22
INFO: dtree.c(1439): stop. leaf nodes are specific
INFO: dtree.c(1478): Final simple tree
|( QUESTION2 -1 -2.901e+04 1.113e+02 1.269e+02
|    ( - -1.856e+04 1 0)
|    ( - -1.033e+04 1 0))
s>    ( QUESTION2 -1 -2.901e+04 1.113e+02 1.269e+02
s>        ( - -1.856e+04 1 0)
s>        ( - -1.033e+04 1 0))INFO: dtree.c(1315): Comp split 23
INFO: dtree.c(1439): stop. leaf nodes are specific
INFO: dtree.c(1478): Final simple tree
|( QUESTION9 -1 -1.414e+04 1.073e+02 6.297e+01
|    ( - -7.782e+03 1 0)
|    ( - -6.248e+03 1 0))
s>    ( QUESTION9 -1 -1.414e+04 1.073e+02 6.297e+01
s>        ( - -7.782e+03 1 0)
s>        ( - -6.248e+03 1 0))INFO: dtree.c(1439): stop. leaf nodes are specific
INFO: dtree.c(1478): Final simple tree
|( QUESTION0 1 -3.126e+04 1.135e+02 1.369e+02
|    ( - -5.158e+02 1 0)
|    ( QUESTION2_0_L -1 -3.063e+04 1.045e+02 1.339e+02
|        ( - -1.792e+03 1 0)
|        ( - -2.873e+04 2 0)))
s>    ( QUESTION0 1 -3.126e+04 1.135e+02 1.369e+02
s>        ( - -5.158e+02 1 0)
s>        ( QUESTION2_0_L -1 -3.063e+04 1.045e+02 1.339e+02
s>            ( - -1.792e+03 1 0)
s>            ( - -2.873e+04 2 0)))INFO: dtree.c(1315): Comp split 24
INFO: dtree.c(1478): Final simple tree
|( QUESTION2_0_L -1 -2.032e+04 1.467e+02 8.347e+01
|    ( - -3.302e+02 1 0)
|    ( QUESTION3 -1 -1.984e+04 1.377e+02 8.147e+01
|        ( - -5.915e+02 1 0)
|        ( QUESTION9 -1 -1.912e+04 1.361e+02 7.947e+01
|            ( - -4.148e+02 1 0)
|            ( QUESTION0_0_R 1 -1.856e+04 1.348e+02 7.747e+01
|                ( - -7.905e+02 1 0)
|                ( QUESTION8 -1 -1.764e+04 1.332e+02 7.547e+01
|                    ( - -8.375e+02 1 0)
|                    ( QUESTION2_14_L -1 -1.667e+04 1.256e+02 7.247e+01
|                        ( - -3.166e+03 1 0)
|                        ( SILENCE -1 -1.338e+04 9.862e+01 5.952e+01
|                            ( - -4.403e+03 1 0)
|                            ( - -8.876e+03 3 0 QUESTION0 -1 9.293e+01 3.910e+01))))))))
s>    ( QUESTION2_0_L -1 -2.032e+04 1.467e+02 8.347e+01
s>        ( - -3.302e+02 1 0)
s>        ( QUESTION3 -1 -1.984e+04 1.377e+02 8.147e+01
s>            ( - -5.915e+02 1 0)
s>            ( QUESTION9 -1 -1.912e+04 1.361e+02 7.947e+01
s>                ( - -4.148e+02 1 0)
s>                ( QUESTION0_0_R 1 -1.856e+04 1.348e+02 7.747e+01
s>                    ( - -7.905e+02 1 0)
s>                    ( QUESTION8 -1 -1.764e+04 1.332e+02 7.547e+01
s>                        ( - -8.375e+02 1 0)
s>                        ( QUESTION2_14_L -1 -1.667e+04 1.256e+02 7.247e+01
s>                            ( - -3.166e+03 1 0)
s>                            ( SILENCE -1 -1.338e+04 9.862e+01 5.952e+01
s>                                ( - -4.403e+03 1 0)
s>                                ( - -8.876e+03 3 0 QUESTION0 -1 9.293e+01 3.910e+01))))))))INFO: dtree.c(1315): Comp split 25
INFO: dtree.c(1478): Final simple tree
|( QUESTION3 -1 -1.984e+04 1.377e+02 8.147e+01
|    ( - -5.915e+02 1 0)
|    ( QUESTION9 -1 -1.912e+04 1.361e+02 7.947e+01
|        ( - -4.148e+02 1 0)
|        ( QUESTION0_0_R 1 -1.856e+04 1.348e+02 7.747e+01
|            ( - -7.905e+02 1 0)
|            ( QUESTION8 -1 -1.764e+04 1.332e+02 7.547e+01
|                ( - -8.375e+02 1 0)
|                ( QUESTION2_14_L -1 -1.667e+04 1.256e+02 7.247e+01
|                    ( - -3.166e+03 1 0)
|                    ( SILENCE -1 -1.338e+04 9.862e+01 5.952e+01
|                        ( - -4.403e+03 1 0)
|                        ( QUESTION0 -1 -8.876e+03 9.293e+01 3.910e+01
|                            ( - -6.085e+03 1 0)
|                            ( - -2.698e+03 2 0))))))))
s>    ( QUESTION3 -1 -1.984e+04 1.377e+02 8.147e+01
s>        ( - -5.915e+02 1 0)
s>        ( QUESTION9 -1 -1.912e+04 1.361e+02 7.947e+01
s>            ( - -4.148e+02 1 0)
s>            ( QUESTION0_0_R 1 -1.856e+04 1.348e+02 7.747e+01
s>                ( - -7.905e+02 1 0)
s>                ( QUESTION8 -1 -1.764e+04 1.332e+02 7.547e+01
s>                    ( - -8.375e+02 1 0)
s>                    ( QUESTION2_14_L -1 -1.667e+04 1.256e+02 7.247e+01
s>                        ( - -3.166e+03 1 0)
s>                        ( SILENCE -1 -1.338e+04 9.862e+01 5.952e+01
s>                            ( - -4.403e+03 1 0)
s>                            ( QUESTION0 -1 -8.876e+03 9.293e+01 3.910e+01
s>                                ( - -6.085e+03 1 0)
s>                                ( - -2.698e+03 2 0))))))))INFO: dtree.c(1315): Comp split 26
INFO: dtree.c(1439): stop. leaf nodes are specific
INFO: dtree.c(1478): Final simple tree
|( QUESTION0 -1 -1.375e+04 1.286e+02 5.852e+01
|    ( - -6.067e+03 1 0)
|    ( QUESTION2_8_L -1 -7.555e+03 8.629e+01 3.212e+01
|        ( - -1.792e+03 1 0)
|        ( - -5.676e+03 1 0)))
s>    ( QUESTION0 -1 -1.375e+04 1.286e+02 5.852e+01
s>        ( - -6.067e+03 1 0)
s>        ( QUESTION2_8_L -1 -7.555e+03 8.629e+01 3.212e+01
s>            ( - -1.792e+03 1 0)
s>            ( - -5.676e+03 1 0)))INFO: dtree.c(1315): Comp split 27
INFO: dtree.c(1439): stop. leaf nodes are specific
INFO: dtree.c(1478): Final simple tree
|( WDBNDRY_E 0 -8.447e+03 1.334e+02 3.533e+01
|    ( - -7.479e+03 2 0)
|    ( - -8.351e+02 1 0))
s>    ( WDBNDRY_E 0 -8.447e+03 1.334e+02 3.533e+01
s>        ( - -7.479e+03 2 0)
s>        ( - -8.351e+02 1 0))INFO: dtree.c(1315): Comp split 28
INFO: dtree.c(1439): stop. leaf nodes are specific
INFO: dtree.c(1478): Final simple tree
|( QUESTION9 -1 -1.912e+04 1.361e+02 7.947e+01
|    ( - -4.148e+02 1 0)
|    ( QUESTION0_0_R 1 -1.856e+04 1.348e+02 7.747e+01
|        ( - -7.905e+02 1 0)
|        ( QUESTION8 -1 -1.764e+04 1.332e+02 7.547e+01
|            ( - -8.375e+02 1 0)
|            ( QUESTION2_14_L -1 -1.667e+04 1.256e+02 7.247e+01
|                ( - -3.166e+03 1 0)
|                ( SILENCE -1 -1.338e+04 9.862e+01 5.952e+01
|                    ( - -4.403e+03 1 0)
|                    ( QUESTION0 -1 -8.876e+03 9.293e+01 3.910e+01
|                        ( - -6.085e+03 1 0)
|                        ( - -2.698e+03 2 0)))))))
s>    ( QUESTION9 -1 -1.912e+04 1.361e+02 7.947e+01
s>        ( - -4.148e+02 1 0)
s>        ( QUESTION0_0_R 1 -1.856e+04 1.348e+02 7.747e+01
s>            ( - -7.905e+02 1 0)
s>            ( QUESTION8 -1 -1.764e+04 1.332e+02 7.547e+01
s>                ( - -8.375e+02 1 0)
s>                ( QUESTION2_14_L -1 -1.667e+04 1.256e+02 7.247e+01
s>                    ( - -3.166e+03 1 0)
s>                    ( SILENCE -1 -1.338e+04 9.862e+01 5.952e+01
s>                        ( - -4.403e+03 1 0)
s>                        ( QUESTION0 -1 -8.876e+03 9.293e+01 3.910e+01
s>                            ( - -6.085e+03 1 0)
s>                            ( - -2.698e+03 2 0)))))))INFO: dtree.c(1315): Comp split 29
INFO: dtree.c(1439): stop. leaf nodes are specific
INFO: dtree.c(1478): Final simple tree
|( QUESTION0_0_R 1 -1.856e+04 1.348e+02 7.747e+01
|    ( - -7.905e+02 1 0)
|    ( QUESTION8 -1 -1.764e+04 1.332e+02 7.547e+01
|        ( - -8.375e+02 1 0)
|        ( QUESTION2_14_L -1 -1.667e+04 1.256e+02 7.247e+01
|            ( - -3.166e+03 1 0)
|            ( SILENCE -1 -1.338e+04 9.862e+01 5.952e+01
|                ( - -4.403e+03 1 0)
|                ( QUESTION0 -1 -8.876e+03 9.293e+01 3.910e+01
|                    ( - -6.085e+03 1 0)
|                    ( - -2.698e+03 2 0))))))
s>    ( QUESTION0_0_R 1 -1.856e+04 1.348e+02 7.747e+01
s>        ( - -7.905e+02 1 0)
s>        ( QUESTION8 -1 -1.764e+04 1.332e+02 7.547e+01
s>            ( - -8.375e+02 1 0)
s>            ( QUESTION2_14_L -1 -1.667e+04 1.256e+02 7.247e+01
s>                ( - -3.166e+03 1 0)
s>                ( SILENCE -1 -1.338e+04 9.862e+01 5.952e+01
s>                    ( - -4.403e+03 1 0)
s>                    ( QUESTION0 -1 -8.876e+03 9.293e+01 3.910e+01
s>                        ( - -6.085e+03 1 0)
s>                        ( - -2.698e+03 2 0))))))INFO: dtree.c(1315): Comp split 30
INFO: dtree.c(1439): stop. leaf nodes are specific
INFO: dtree.c(1478): Final simple tree
|( QUESTION8 -1 -1.764e+04 1.332e+02 7.547e+01
|    ( - -8.375e+02 1 0)
|    ( QUESTION2_14_L -1 -1.667e+04 1.256e+02 7.247e+01
|        ( - -3.166e+03 1 0)
|        ( SILENCE -1 -1.338e+04 9.862e+01 5.952e+01
|            ( - -4.403e+03 1 0)
|            ( QUESTION0 -1 -8.876e+03 9.293e+01 3.910e+01
|                ( - -6.085e+03 1 0)
|                ( - -2.698e+03 2 0)))))
s>    ( QUESTION8 -1 -1.764e+04 1.332e+02 7.547e+01
s>        ( - -8.375e+02 1 0)
s>        ( QUESTION2_14_L -1 -1.667e+04 1.256e+02 7.247e+01
s>            ( - -3.166e+03 1 0)
s>            ( SILENCE -1 -1.338e+04 9.862e+01 5.952e+01
s>                ( - -4.403e+03 1 0)
s>                ( QUESTION0 -1 -8.876e+03 9.293e+01 3.910e+01
s>                    ( - -6.085e+03 1 0)
s>                    ( - -2.698e+03 2 0)))))INFO: dtree.c(1315): Comp split 31
INFO: dtree.c(1315): Comp split 32
INFO: dtree.c(1439): stop. leaf nodes are specific
INFO: dtree.c(1478): Final simple tree
|( QUESTION2_14_L -1 -1.667e+04 1.256e+02 7.247e+01
|    ( - -3.166e+03 1 0)
|    ( SILENCE -1 -1.338e+04 9.862e+01 5.952e+01
|        ( - -4.403e+03 1 0)
|        ( QUESTION0 -1 -8.876e+03 9.293e+01 3.910e+01
|            ( - -6.085e+03 1 0)
|            ( - -2.698e+03 2 0))))
s>    ( QUESTION2_14_L -1 -1.667e+04 1.256e+02 7.247e+01
s>        ( - -3.166e+03 1 0)
s>        ( SILENCE -1 -1.338e+04 9.862e+01 5.952e+01
s>            ( - -4.403e+03 1 0)
s>            ( QUESTION0 -1 -8.876e+03 9.293e+01 3.910e+01
s>                ( - -6.085e+03 1 0)
s>                ( - -2.698e+03 2 0))))INFO: dtree.c(1315): Comp split 33
INFO: dtree.c(1439): stop. leaf nodes are specific
INFO: dtree.c(1478): Final simple tree
|( SILENCE 1 -1.534e+04 1.276e+02 6.297e+01
|    ( - -7.070e+02 1 0)
|    ( QUESTION0_0_R 1 -1.450e+04 1.163e+02 5.997e+01
|        ( WDBNDRY_E 0 -1.223e+04 1.112e+02 4.997e+01
|            ( QUESTION15 1 -1.110e+04 1.050e+02 4.497e+01
|                ( - -1.762e+03 1 0)
|                ( QUESTION0_5_R 1 -9.230e+03 1.047e+02 3.689e+01
|                    ( - -1.065e+03 1 0)
|                    ( QUESTION0_1_R 1 -8.061e+03 9.312e+01 3.189e+01
|                        ( - -1.944e+03 2 0)
|                        ( - -6.024e+03 1 0))))
|            ( - -1.020e+03 1 0))
|        ( - -2.157e+03 1 0)))
s>    ( SILENCE 1 -1.534e+04 1.276e+02 6.297e+01
s>        ( - -7.070e+02 1 0)
s>        ( QUESTION0_0_R 1 -1.450e+04 1.163e+02 5.997e+01
s>            ( WDBNDRY_E 0 -1.223e+04 1.112e+02 4.997e+01
s>                ( QUESTION15 1 -1.110e+04 1.050e+02 4.497e+01
s>                    ( - -1.762e+03 1 0)
s>                    ( QUESTION0_5_R 1 -9.230e+03 1.047e+02 3.689e+01
s>                        ( - -1.065e+03 1 0)
s>                        ( QUESTION0_1_R 1 -8.061e+03 9.312e+01 3.189e+01
s>                            ( - -1.944e+03 2 0)
s>                            ( - -6.024e+03 1 0))))
s>                ( - -1.020e+03 1 0))
s>            ( - -2.157e+03 1 0)))INFO: dtree.c(1315): Comp split 34
INFO: dtree.c(1315): Comp split 35
INFO: dtree.c(1439): stop. leaf nodes are specific
INFO: dtree.c(1478): Final simple tree
|( QUESTION2_8_L -1 -7.555e+03 8.629e+01 3.212e+01
|    ( - -1.792e+03 1 0)
|    ( - -5.676e+03 1 0))
s>    ( QUESTION2_8_L -1 -7.555e+03 8.629e+01 3.212e+01
s>        ( - -1.792e+03 1 0)
s>        ( - -5.676e+03 1 0))INFO: dtree.c(1315): Comp split 36
INFO: dtree.c(1439): stop. leaf nodes are specific
INFO: dtree.c(1478): Final simple tree
|( QUESTION0_0_R 1 -1.450e+04 1.163e+02 5.997e+01
|    ( WDBNDRY_E 0 -1.223e+04 1.112e+02 4.997e+01
|        ( QUESTION15 1 -1.110e+04 1.050e+02 4.497e+01
|            ( - -1.762e+03 1 0)
|            ( QUESTION0_5_R 1 -9.230e+03 1.047e+02 3.689e+01
|                ( - -1.065e+03 1 0)
|                ( QUESTION0_1_R 1 -8.061e+03 9.312e+01 3.189e+01
|                    ( - -1.944e+03 2 0)
|                    ( - -6.024e+03 1 0))))
|        ( - -1.020e+03 1 0))
|    ( - -2.157e+03 1 0))
s>    ( QUESTION0_0_R 1 -1.450e+04 1.163e+02 5.997e+01
s>        ( WDBNDRY_E 0 -1.223e+04 1.112e+02 4.997e+01
s>            ( QUESTION15 1 -1.110e+04 1.050e+02 4.497e+01
s>                ( - -1.762e+03 1 0)
s>                ( QUESTION0_5_R 1 -9.230e+03 1.047e+02 3.689e+01
s>                    ( - -1.065e+03 1 0)
s>                    ( QUESTION0_1_R 1 -8.061e+03 9.312e+01 3.189e+01
s>                        ( - -1.944e+03 2 0)
s>                        ( - -6.024e+03 1 0))))
s>            ( - -1.020e+03 1 0))
s>        ( - -2.157e+03 1 0))INFO: dtree.c(1315): Comp split 37
INFO: dtree.c(1439): stop. leaf nodes are specific
INFO: dtree.c(1478): Final simple tree
|( SILENCE -1 -3.184e+04 1.259e+02 1.339e+02
|    ( - -3.111e+04 1 0)
|    ( - -6.071e+02 1 0))
s>    ( SILENCE -1 -3.184e+04 1.259e+02 1.339e+02
s>        ( - -3.111e+04 1 0)
s>        ( - -6.071e+02 1 0))INFO: dtree.c(1315): Comp split 38
INFO: dtree.c(1315): Comp split 39
INFO: dtree.c(1439): stop. leaf nodes are specific
INFO: dtree.c(1478): Final simple tree
|( SILENCE -1 -1.338e+04 9.862e+01 5.952e+01
|    ( - -4.403e+03 1 0)
|    ( QUESTION0 -1 -8.876e+03 9.293e+01 3.910e+01
|        ( - -6.085e+03 1 0)
|        ( - -2.698e+03 2 0)))
s>    ( SILENCE -1 -1.338e+04 9.862e+01 5.952e+01
s>        ( - -4.403e+03 1 0)
s>        ( QUESTION0 -1 -8.876e+03 9.293e+01 3.910e+01
s>            ( - -6.085e+03 1 0)
s>            ( - -2.698e+03 2 0)))INFO: dtree.c(1315): Comp split 40
INFO: dtree.c(1439): stop. leaf nodes are specific
INFO: dtree.c(1478): Final simple tree
|( QUESTION0 1 -1.218e+04 1.087e+02 5.153e+01
|    ( - -3.359e+03 1 0)
|    ( - -8.714e+03 2 0))
s>    ( QUESTION0 1 -1.218e+04 1.087e+02 5.153e+01
s>        ( - -3.359e+03 1 0)
s>        ( - -8.714e+03 2 0))INFO: dtree.c(1315): Comp split 41
INFO: dtree.c(1439): stop. leaf nodes are specific
INFO: dtree.c(1478): Final simple tree
|( WDBNDRY_E 0 -1.223e+04 1.112e+02 4.997e+01
|    ( QUESTION15 1 -1.110e+04 1.050e+02 4.497e+01
|        ( - -1.762e+03 1 0)
|        ( QUESTION0_5_R 1 -9.230e+03 1.047e+02 3.689e+01
|            ( - -1.065e+03 1 0)
|            ( QUESTION0_1_R 1 -8.061e+03 9.312e+01 3.189e+01
|                ( - -1.944e+03 2 0)
|                ( - -6.024e+03 1 0))))
|    ( - -1.020e+03 1 0))
s>    ( WDBNDRY_E 0 -1.223e+04 1.112e+02 4.997e+01
s>        ( QUESTION15 1 -1.110e+04 1.050e+02 4.497e+01
s>            ( - -1.762e+03 1 0)
s>            ( QUESTION0_5_R 1 -9.230e+03 1.047e+02 3.689e+01
s>                ( - -1.065e+03 1 0)
s>                ( QUESTION0_1_R 1 -8.061e+03 9.312e+01 3.189e+01
s>                    ( - -1.944e+03 2 0)
s>                    ( - -6.024e+03 1 0))))
s>        ( - -1.020e+03 1 0))INFO: dtree.c(1315): Comp split 42
INFO: dtree.c(1439): stop. leaf nodes are specific
INFO: dtree.c(1478): Final simple tree
|( QUESTION2_0_L -1 -3.063e+04 1.045e+02 1.339e+02
|    ( - -1.792e+03 1 0)
|    ( - -2.873e+04 2 0))
s>    ( QUESTION2_0_L -1 -3.063e+04 1.045e+02 1.339e+02
s>        ( - -1.792e+03 1 0)
s>        ( - -2.873e+04 2 0))INFO: dtree.c(1315): Comp split 43
INFO: dtree.c(1315): Comp split 44
INFO: dtree.c(1439): stop. leaf nodes are specific
INFO: dtree.c(1478): Final simple tree
|( QUESTION15 1 -1.110e+04 1.050e+02 4.497e+01
|    ( - -1.762e+03 1 0)
|    ( QUESTION0_5_R 1 -9.230e+03 1.047e+02 3.689e+01
|        ( - -1.065e+03 1 0)
|        ( QUESTION0_1_R 1 -8.061e+03 9.312e+01 3.189e+01
|            ( - -1.944e+03 2 0)
|            ( - -6.024e+03 1 0))))
s>    ( QUESTION15 1 -1.110e+04 1.050e+02 4.497e+01
s>        ( - -1.762e+03 1 0)
s>        ( QUESTION0_5_R 1 -9.230e+03 1.047e+02 3.689e+01
s>            ( - -1.065e+03 1 0)
s>            ( QUESTION0_1_R 1 -8.061e+03 9.312e+01 3.189e+01
s>                ( - -1.944e+03 2 0)
s>                ( - -6.024e+03 1 0))))INFO: dtree.c(1315): Comp split 45
INFO: dtree.c(1439): stop. leaf nodes are specific
INFO: dtree.c(1478): Final simple tree
|( QUESTION18 -1 -2.330e+04 9.361e+01 9.365e+01
|    ( - -6.924e+02 1 0)
|    ( QUESTION1 -1 -2.251e+04 9.108e+01 9.065e+01
|        ( - -1.506e+03 1 0)
|        ( QUESTION9 -1 -2.091e+04 6.775e+01 8.565e+01
|            ( - -1.426e+04 1 0)
|            ( - -6.583e+03 1 0))))
s>    ( QUESTION18 -1 -2.330e+04 9.361e+01 9.365e+01
s>        ( - -6.924e+02 1 0)
s>        ( QUESTION1 -1 -2.251e+04 9.108e+01 9.065e+01
s>            ( - -1.506e+03 1 0)
s>            ( QUESTION9 -1 -2.091e+04 6.775e+01 8.565e+01
s>                ( - -1.426e+04 1 0)
s>                ( - -6.583e+03 1 0))))INFO: dtree.c(1315): Comp split 46
INFO: dtree.c(1315): Comp split 47
INFO: dtree.c(1315): Comp split 48
INFO: dtree.c(1439): stop. leaf nodes are specific
INFO: dtree.c(1478): Final simple tree
|( QUESTION0_5_R 1 -9.230e+03 1.047e+02 3.689e+01
|    ( - -1.065e+03 1 0)
|    ( QUESTION0_1_R 1 -8.061e+03 9.312e+01 3.189e+01
|        ( - -1.944e+03 2 0)
|        ( - -6.024e+03 1 0)))
s>    ( QUESTION0_5_R 1 -9.230e+03 1.047e+02 3.689e+01
s>        ( - -1.065e+03 1 0)
s>        ( QUESTION0_1_R 1 -8.061e+03 9.312e+01 3.189e+01
s>            ( - -1.944e+03 2 0)
s>            ( - -6.024e+03 1 0)))INFO: dtree.c(1315): Comp split 49
INFO: dtree.c(1439): stop. leaf nodes are specific
INFO: dtree.c(1478): Final simple tree
|( QUESTION0_1_R 1 -8.061e+03 9.312e+01 3.189e+01
|    ( - -1.944e+03 2 0)
|    ( - -6.024e+03 1 0))
s>    ( QUESTION0_1_R 1 -8.061e+03 9.312e+01 3.189e+01
s>        ( - -1.944e+03 2 0)
s>        ( - -6.024e+03 1 0))INFO: dtree.c(1315): Comp split 50
INFO: dtree.c(1315): Comp split 51
INFO: dtree.c(1439): stop. leaf nodes are specific
INFO: dtree.c(1478): Final simple tree
|( QUESTION0 -1 -8.876e+03 9.293e+01 3.910e+01
|    ( - -6.085e+03 1 0)
|    ( - -2.698e+03 2 0))
s>    ( QUESTION0 -1 -8.876e+03 9.293e+01 3.910e+01
s>        ( - -6.085e+03 1 0)
s>        ( - -2.698e+03 2 0))INFO: dtree.c(1315): Comp split 52
INFO: dtree.c(1315): Comp split 53
INFO: dtree.c(1439): stop. leaf nodes are specific
INFO: dtree.c(1478): Final simple tree
|( QUESTION1 -1 -2.251e+04 9.108e+01 9.065e+01
|    ( - -1.506e+03 1 0)
|    ( QUESTION9 -1 -2.091e+04 6.775e+01 8.565e+01
|        ( - -1.426e+04 1 0)
|        ( - -6.583e+03 1 0)))
s>    ( QUESTION1 -1 -2.251e+04 9.108e+01 9.065e+01
s>        ( - -1.506e+03 1 0)
s>        ( QUESTION9 -1 -2.091e+04 6.775e+01 8.565e+01
s>            ( - -1.426e+04 1 0)
s>            ( - -6.583e+03 1 0)))INFO: dtree.c(1315): Comp split 54
INFO: dtree.c(1315): Comp split 55
INFO: dtree.c(1315): Comp split 56
INFO: dtree.c(1439): stop. leaf nodes are specific
INFO: dtree.c(1478): Final simple tree
|( QUESTION9 -1 -2.091e+04 6.775e+01 8.565e+01
|    ( - -1.426e+04 1 0)
|    ( - -6.583e+03 1 0))
s>    ( QUESTION9 -1 -2.091e+04 6.775e+01 8.565e+01
s>        ( - -1.426e+04 1 0)
s>        ( - -6.583e+03 1 0))INFO: dtree.c(1315): Comp split 57
INFO: dtree.c(1315): Comp split 58
INFO: dtree.c(1315): Comp split 59
INFO: dtree.c(1318): stop. leaf nodes are specific
Wed Dec 20 23:52:18 2017
