Current configuration:
[NAME]		[DEFLT]	[VALUE]
-allphones	no	no
-cntthresh	0.00001	1.000000e-05
-csplitmax	100	2000
-csplitmin	1	1
-csplitthr	8e-4	0.000000e+00
-example	no	no
-fullvar	no	no
-help		no	no
-meanfn			/home/alex/repos/speech/an4/model_parameters/an4.cd_cont_untied/means
-mixwfn			/home/alex/repos/speech/an4/model_parameters/an4.cd_cont_untied/mixture_weights
-moddeffn		/home/alex/repos/speech/an4/model_architecture/an4.untied.mdef
-mwfloor	1e-4	1.000000e-08
-phone			ER
-psetfn			/home/alex/repos/speech/an4/model_architecture/an4.tree_questions
-ssplitmax	5	7
-ssplitmin	1	1
-ssplitthr	8e-4	0.000000e+00
-state			2
-stwt			1.0,0.05,0.0,
-treefn			/home/alex/repos/speech/an4/trees/an4.unpruned/ER-2.dtree
-ts2cbfn	.semi.	.cont.
-varfloor	0.00001	1.000000e-05
-varfn			/home/alex/repos/speech/an4/model_parameters/an4.cd_cont_untied/variances

INFO: main.c(223): Reading: /home/alex/repos/speech/an4/model_architecture/an4.untied.mdef
INFO: model_def_io.c(573): Model definition info:
INFO: model_def_io.c(574): 1618 total models defined (34 base, 1584 tri)
INFO: model_def_io.c(575): 6472 total states
INFO: model_def_io.c(576): 4854 total tied states
INFO: model_def_io.c(577): 102 total tied CI states
INFO: model_def_io.c(578): 34 total tied transition matrices
INFO: model_def_io.c(579): 4 max state/model
INFO: model_def_io.c(580): 4 min state/model
INFO: main.c(242): Building trees for [ER B EY e] through [ER TH T i]
INFO: main.c(269): Covering states |[1272 1325]| == 54
INFO: main.c(275): Reading: /home/alex/repos/speech/an4/model_parameters/an4.cd_cont_untied/mixture_weights
INFO: s3mixw_io.c(173): Read /home/alex/repos/speech/an4/model_parameters/an4.cd_cont_untied/mixture_weights [54x1x1 array]
INFO: main.c(311): 18 of 18 models have observation count greater than 0.000010
INFO: main.c(95): nrm stwt: 0.000 0.048 0.952 
INFO: s3gau_io.c(169): Read /home/alex/repos/speech/an4/model_parameters/an4.cd_cont_untied/means [4854x1x1 array]
INFO: s3gau_io.c(169): Read /home/alex/repos/speech/an4/model_parameters/an4.cd_cont_untied/variances [4854x1x1 array]
INFO: main.c(549): Reading: /home/alex/repos/speech/an4/model_architecture/an4.tree_questions
INFO: main.c(588): 180 total simple questions (172 phone; 8 word bndry)
INFO: main.c(590): 42 Left Only questions, and 42 Right Only questions
INFO: dtree.c(1478): Final simple tree
|( WDBNDRY_E 0 -2.345e+05 6.591e+02 1.109e+03
|    ( QUESTION9 1 -1.812e+05 5.577e+02 8.575e+02
|        ( - -3.058e+04 4 0 QUESTION1 -1 2.750e+02 1.398e+02)
|        ( QUESTION0_1_R 1 -1.501e+05 4.307e+02 7.177e+02
|            ( QUESTION1 -1 -9.708e+04 3.606e+02 4.612e+02
|                ( - -9.250e+04 2 0)
|                ( - -4.216e+03 2 0))
|            ( QUESTION0_6_R 1 -5.258e+04 3.536e+02 2.564e+02
|                ( - -2.061e+03 1 0)
|                ( - -5.017e+04 5 0 QUESTION1 -1 3.147e+02 2.444e+02))))
|    ( QUESTION16 -1 -5.263e+04 5.035e+02 2.520e+02
|        ( - -7.355e+03 1 0)
|        ( QUESTION0_5_R 1 -4.477e+04 3.690e+02 2.153e+02
|            ( - -3.690e+04 1 0)
|            ( - -7.493e+03 2 0 QUESTION0_1_R 1 2.118e+02 3.694e+01))))
s>    ( WDBNDRY_E 0 -2.345e+05 6.591e+02 1.109e+03
s>        ( QUESTION9 1 -1.812e+05 5.577e+02 8.575e+02
s>            ( - -3.058e+04 4 0 QUESTION1 -1 2.750e+02 1.398e+02)
s>            ( QUESTION0_1_R 1 -1.501e+05 4.307e+02 7.177e+02
s>                ( QUESTION1 -1 -9.708e+04 3.606e+02 4.612e+02
s>                    ( - -9.250e+04 2 0)
s>                    ( - -4.216e+03 2 0))
s>                ( QUESTION0_6_R 1 -5.258e+04 3.536e+02 2.564e+02
s>                    ( - -2.061e+03 1 0)
s>                    ( - -5.017e+04 5 0 QUESTION1 -1 3.147e+02 2.444e+02))))
s>        ( QUESTION16 -1 -5.263e+04 5.035e+02 2.520e+02
s>            ( - -7.355e+03 1 0)
s>            ( QUESTION0_5_R 1 -4.477e+04 3.690e+02 2.153e+02
s>                ( - -3.690e+04 1 0)
s>                ( - -7.493e+03 2 0 QUESTION0_1_R 1 2.118e+02 3.694e+01))))INFO: dtree.c(1315): Comp split 0
INFO: dtree.c(1439): stop. leaf nodes are specific
INFO: dtree.c(1478): Final simple tree
|( WDBNDRY_E 0 -8.999e+04 5.083e+02 4.348e+02
|    ( QUESTION0_6_R 1 -5.258e+04 3.536e+02 2.564e+02
|        ( - -2.061e+03 1 0)
|        ( QUESTION1 -1 -5.017e+04 3.147e+02 2.444e+02
|            ( QUESTION0_13_R 1 -4.636e+04 3.141e+02 2.268e+02
|                ( - -1.200e+04 1 0)
|                ( QUESTION0_0_R 1 -3.405e+04 1.961e+02 1.670e+02
|                    ( - -1.033e+04 1 0)
|                    ( - -2.353e+04 1 0)))
|            ( QUESTION0_13_R 1 -3.491e+03 2.395e+02 1.762e+01
|                ( - -1.977e+03 1 0)
|                ( - -1.274e+03 1 0))))
|    ( - -3.690e+04 1 0))
s>    ( WDBNDRY_E 0 -8.999e+04 5.083e+02 4.348e+02
s>        ( QUESTION0_6_R 1 -5.258e+04 3.536e+02 2.564e+02
s>            ( - -2.061e+03 1 0)
s>            ( QUESTION1 -1 -5.017e+04 3.147e+02 2.444e+02
s>                ( QUESTION0_13_R 1 -4.636e+04 3.141e+02 2.268e+02
s>                    ( - -1.200e+04 1 0)
s>                    ( QUESTION0_0_R 1 -3.405e+04 1.961e+02 1.670e+02
s>                        ( - -1.033e+04 1 0)
s>                        ( - -2.353e+04 1 0)))
s>                ( QUESTION0_13_R 1 -3.491e+03 2.395e+02 1.762e+01
s>                    ( - -1.977e+03 1 0)
s>                    ( - -1.274e+03 1 0))))
s>        ( - -3.690e+04 1 0))INFO: dtree.c(1478): Final simple tree
|( QUESTION0_6_R 1 -1.439e+05 5.236e+02 6.747e+02
|    ( - -7.355e+03 1 0)
|    ( QUESTION16 -1 -1.360e+05 4.881e+02 6.380e+02
|        ( QUESTION0_1_R 1 -7.418e+03 2.371e+02 3.300e+01
|            ( - -4.216e+03 2 0)
|            ( - -2.965e+03 2 0 QUESTION0_3_R 1 7.987e+01 1.300e+01))
|        ( WDBNDRY_E 0 -1.281e+05 3.601e+02 6.050e+02
|            ( QUESTION0_1_R 1 -1.202e+05 3.723e+02 5.680e+02
|                ( - -9.250e+04 2 0)
|                ( QUESTION0_3_R 1 -2.734e+04 2.171e+02 1.268e+02
|                    ( - -1.829e+04 1 0)
|                    ( - -8.833e+03 1 0)))
|            ( QUESTION0_1_R 1 -7.493e+03 2.118e+02 3.694e+01
|                ( - -4.093e+03 1 0)
|                ( - -3.188e+03 1 0)))))
s>    ( QUESTION0_6_R 1 -1.439e+05 5.236e+02 6.747e+02
s>        ( - -7.355e+03 1 0)
s>        ( QUESTION16 -1 -1.360e+05 4.881e+02 6.380e+02
s>            ( QUESTION0_1_R 1 -7.418e+03 2.371e+02 3.300e+01
s>                ( - -4.216e+03 2 0)
s>                ( - -2.965e+03 2 0 QUESTION0_3_R 1 7.987e+01 1.300e+01))
s>            ( WDBNDRY_E 0 -1.281e+05 3.601e+02 6.050e+02
s>                ( QUESTION0_1_R 1 -1.202e+05 3.723e+02 5.680e+02
s>                    ( - -9.250e+04 2 0)
s>                    ( QUESTION0_3_R 1 -2.734e+04 2.171e+02 1.268e+02
s>                        ( - -1.829e+04 1 0)
s>                        ( - -8.833e+03 1 0)))
s>                ( QUESTION0_1_R 1 -7.493e+03 2.118e+02 3.694e+01
s>                    ( - -4.093e+03 1 0)
s>                    ( - -3.188e+03 1 0)))))INFO: dtree.c(1315): Comp split 1
INFO: dtree.c(1478): Final simple tree
|( QUESTION16 -1 -1.360e+05 4.881e+02 6.380e+02
|    ( QUESTION0_1_R 1 -7.418e+03 2.371e+02 3.300e+01
|        ( - -4.216e+03 2 0)
|        ( QUESTION0_3_R 1 -2.965e+03 7.987e+01 1.300e+01
|            ( - -1.523e+03 1 0)
|            ( - -1.362e+03 1 0)))
|    ( WDBNDRY_E 0 -1.281e+05 3.601e+02 6.050e+02
|        ( QUESTION0_1_R 1 -1.202e+05 3.723e+02 5.680e+02
|            ( - -9.250e+04 2 0)
|            ( QUESTION0_3_R 1 -2.734e+04 2.171e+02 1.268e+02
|                ( - -1.829e+04 1 0)
|                ( - -8.833e+03 1 0)))
|        ( QUESTION0_1_R 1 -7.493e+03 2.118e+02 3.694e+01
|            ( - -4.093e+03 1 0)
|            ( - -3.188e+03 1 0))))
s>    ( QUESTION16 -1 -1.360e+05 4.881e+02 6.380e+02
s>        ( QUESTION0_1_R 1 -7.418e+03 2.371e+02 3.300e+01
s>            ( - -4.216e+03 2 0)
s>            ( QUESTION0_3_R 1 -2.965e+03 7.987e+01 1.300e+01
s>                ( - -1.523e+03 1 0)
s>                ( - -1.362e+03 1 0)))
s>        ( WDBNDRY_E 0 -1.281e+05 3.601e+02 6.050e+02
s>            ( QUESTION0_1_R 1 -1.202e+05 3.723e+02 5.680e+02
s>                ( - -9.250e+04 2 0)
s>                ( QUESTION0_3_R 1 -2.734e+04 2.171e+02 1.268e+02
s>                    ( - -1.829e+04 1 0)
s>                    ( - -8.833e+03 1 0)))
s>            ( QUESTION0_1_R 1 -7.493e+03 2.118e+02 3.694e+01
s>                ( - -4.093e+03 1 0)
s>                ( - -3.188e+03 1 0))))INFO: dtree.c(1315): Comp split 2
INFO: dtree.c(1439): stop. leaf nodes are specific
INFO: dtree.c(1478): Final simple tree
|( WDBNDRY_E 0 -3.842e+04 2.446e+02 1.854e+02
|    ( - -1.274e+03 1 0)
|    ( - -3.690e+04 1 0))
s>    ( WDBNDRY_E 0 -3.842e+04 2.446e+02 1.854e+02
s>        ( - -1.274e+03 1 0)
s>        ( - -3.690e+04 1 0))INFO: dtree.c(1439): stop. leaf nodes are specific
INFO: dtree.c(1478): Final simple tree
|( QUESTION0_6_R 1 -5.105e+04 3.587e+02 2.494e+02
|    ( - -2.061e+03 1 0)
|    ( QUESTION0_13_R 1 -4.863e+04 3.115e+02 2.374e+02
|        ( QUESTION1 -1 -1.427e+04 2.938e+02 7.040e+01
|            ( - -1.200e+04 1 0)
|            ( - -1.977e+03 1 0))
|        ( QUESTION0_0_R 1 -3.405e+04 1.961e+02 1.670e+02
|            ( - -1.033e+04 1 0)
|            ( - -2.353e+04 1 0))))
s>    ( QUESTION0_6_R 1 -5.105e+04 3.587e+02 2.494e+02
s>        ( - -2.061e+03 1 0)
s>        ( QUESTION0_13_R 1 -4.863e+04 3.115e+02 2.374e+02
s>            ( QUESTION1 -1 -1.427e+04 2.938e+02 7.040e+01
s>                ( - -1.200e+04 1 0)
s>                ( - -1.977e+03 1 0))
s>            ( QUESTION0_0_R 1 -3.405e+04 1.961e+02 1.670e+02
s>                ( - -1.033e+04 1 0)
s>                ( - -2.353e+04 1 0))))INFO: dtree.c(1315): Comp split 3
INFO: dtree.c(1439): stop. leaf nodes are specific
INFO: dtree.c(1478): Final simple tree
|( QUESTION16 -1 -4.297e+04 3.836e+02 1.967e+02
|    ( QUESTION0_1_R 1 -7.418e+03 2.371e+02 3.300e+01
|        ( - -4.216e+03 2 0)
|        ( QUESTION0_3_R 1 -2.965e+03 7.987e+01 1.300e+01
|            ( - -1.523e+03 1 0)
|            ( - -1.362e+03 1 0)))
|    ( WDBNDRY_E 0 -3.516e+04 3.267e+02 1.637e+02
|        ( QUESTION0_3_R 1 -2.734e+04 2.171e+02 1.268e+02
|            ( - -1.829e+04 1 0)
|            ( - -8.833e+03 1 0))
|        ( QUESTION0_1_R 1 -7.493e+03 2.118e+02 3.694e+01
|            ( - -4.093e+03 1 0)
|            ( - -3.188e+03 1 0))))
s>    ( QUESTION16 -1 -4.297e+04 3.836e+02 1.967e+02
s>        ( QUESTION0_1_R 1 -7.418e+03 2.371e+02 3.300e+01
s>            ( - -4.216e+03 2 0)
s>            ( QUESTION0_3_R 1 -2.965e+03 7.987e+01 1.300e+01
s>                ( - -1.523e+03 1 0)
s>                ( - -1.362e+03 1 0)))
s>        ( WDBNDRY_E 0 -3.516e+04 3.267e+02 1.637e+02
s>            ( QUESTION0_3_R 1 -2.734e+04 2.171e+02 1.268e+02
s>                ( - -1.829e+04 1 0)
s>                ( - -8.833e+03 1 0))
s>            ( QUESTION0_1_R 1 -7.493e+03 2.118e+02 3.694e+01
s>                ( - -4.093e+03 1 0)
s>                ( - -3.188e+03 1 0))))INFO: dtree.c(1315): Comp split 4
INFO: dtree.c(1439): stop. leaf nodes are specific
INFO: dtree.c(1478): Final simple tree
|( WDBNDRY_E 0 -3.516e+04 3.267e+02 1.637e+02
|    ( QUESTION0_3_R 1 -2.734e+04 2.171e+02 1.268e+02
|        ( - -1.829e+04 1 0)
|        ( - -8.833e+03 1 0))
|    ( QUESTION0_1_R 1 -7.493e+03 2.118e+02 3.694e+01
|        ( - -4.093e+03 1 0)
|        ( - -3.188e+03 1 0)))
s>    ( WDBNDRY_E 0 -3.516e+04 3.267e+02 1.637e+02
s>        ( QUESTION0_3_R 1 -2.734e+04 2.171e+02 1.268e+02
s>            ( - -1.829e+04 1 0)
s>            ( - -8.833e+03 1 0))
s>        ( QUESTION0_1_R 1 -7.493e+03 2.118e+02 3.694e+01
s>            ( - -4.093e+03 1 0)
s>            ( - -3.188e+03 1 0)))INFO: dtree.c(1439): stop. leaf nodes are specific
INFO: dtree.c(1478): Final simple tree
|( QUESTION0_1_R 1 -7.418e+03 2.371e+02 3.300e+01
|    ( - -4.216e+03 2 0)
|    ( QUESTION0_3_R 1 -2.965e+03 7.987e+01 1.300e+01
|        ( - -1.523e+03 1 0)
|        ( - -1.362e+03 1 0)))
s>    ( QUESTION0_1_R 1 -7.418e+03 2.371e+02 3.300e+01
s>        ( - -4.216e+03 2 0)
s>        ( QUESTION0_3_R 1 -2.965e+03 7.987e+01 1.300e+01
s>            ( - -1.523e+03 1 0)
s>            ( - -1.362e+03 1 0)))INFO: dtree.c(1315): Comp split 5
INFO: dtree.c(1439): stop. leaf nodes are specific
INFO: dtree.c(1478): Final simple tree
|( QUESTION0_13_R 1 -4.863e+04 3.115e+02 2.374e+02
|    ( QUESTION1 -1 -1.427e+04 2.938e+02 7.040e+01
|        ( - -1.200e+04 1 0)
|        ( - -1.977e+03 1 0))
|    ( QUESTION0_0_R 1 -3.405e+04 1.961e+02 1.670e+02
|        ( - -1.033e+04 1 0)
|        ( - -2.353e+04 1 0)))
s>    ( QUESTION0_13_R 1 -4.863e+04 3.115e+02 2.374e+02
s>        ( QUESTION1 -1 -1.427e+04 2.938e+02 7.040e+01
s>            ( - -1.200e+04 1 0)
s>            ( - -1.977e+03 1 0))
s>        ( QUESTION0_0_R 1 -3.405e+04 1.961e+02 1.670e+02
s>            ( - -1.033e+04 1 0)
s>            ( - -2.353e+04 1 0)))INFO: dtree.c(1315): Comp split 6
INFO: dtree.c(1439): stop. leaf nodes are specific
INFO: dtree.c(1478): Final simple tree
|( QUESTION0_1_R 1 -7.493e+03 2.118e+02 3.694e+01
|    ( - -4.093e+03 1 0)
|    ( - -3.188e+03 1 0))
s>    ( QUESTION0_1_R 1 -7.493e+03 2.118e+02 3.694e+01
s>        ( - -4.093e+03 1 0)
s>        ( - -3.188e+03 1 0))INFO: dtree.c(1439): stop. leaf nodes are specific
INFO: dtree.c(1478): Final simple tree
|( QUESTION0_3_R 1 -2.734e+04 2.171e+02 1.268e+02
|    ( - -1.829e+04 1 0)
|    ( - -8.833e+03 1 0))
s>    ( QUESTION0_3_R 1 -2.734e+04 2.171e+02 1.268e+02
s>        ( - -1.829e+04 1 0)
s>        ( - -8.833e+03 1 0))INFO: dtree.c(1315): Comp split 7
INFO: dtree.c(1439): stop. leaf nodes are specific
INFO: dtree.c(1478): Final simple tree
|( QUESTION0_0_R 1 -3.405e+04 1.961e+02 1.670e+02
|    ( - -1.033e+04 1 0)
|    ( - -2.353e+04 1 0))
s>    ( QUESTION0_0_R 1 -3.405e+04 1.961e+02 1.670e+02
s>        ( - -1.033e+04 1 0)
s>        ( - -2.353e+04 1 0))INFO: dtree.c(1439): stop. leaf nodes are specific
INFO: dtree.c(1478): Final simple tree
|( QUESTION1 -1 -1.427e+04 2.938e+02 7.040e+01
|    ( - -1.200e+04 1 0)
|    ( - -1.977e+03 1 0))
s>    ( QUESTION1 -1 -1.427e+04 2.938e+02 7.040e+01
s>        ( - -1.200e+04 1 0)
s>        ( - -1.977e+03 1 0))INFO: dtree.c(1315): Comp split 8
INFO: dtree.c(1315): Comp split 9
INFO: dtree.c(1315): Comp split 10
INFO: dtree.c(1439): stop. leaf nodes are specific
INFO: dtree.c(1478): Final simple tree
|( QUESTION0_3_R 1 -2.965e+03 7.987e+01 1.300e+01
|    ( - -1.523e+03 1 0)
|    ( - -1.362e+03 1 0))
s>    ( QUESTION0_3_R 1 -2.965e+03 7.987e+01 1.300e+01
s>        ( - -1.523e+03 1 0)
s>        ( - -1.362e+03 1 0))INFO: dtree.c(1315): Comp split 11
INFO: dtree.c(1315): Comp split 12
INFO: dtree.c(1315): Comp split 13
INFO: dtree.c(1315): Comp split 14
INFO: dtree.c(1315): Comp split 15
INFO: dtree.c(1318): stop. leaf nodes are specific
Wed Dec 20 23:52:17 2017
