Current configuration:
[NAME]		[DEFLT]	[VALUE]
-allphones	no	no
-cntthresh	0.00001	1.000000e-05
-csplitmax	100	2000
-csplitmin	1	1
-csplitthr	8e-4	0.000000e+00
-example	no	no
-fullvar	no	no
-help		no	no
-meanfn			/home/alex/repos/speech/an4/model_parameters/an4.cd_cont_untied/means
-mixwfn			/home/alex/repos/speech/an4/model_parameters/an4.cd_cont_untied/mixture_weights
-moddeffn		/home/alex/repos/speech/an4/model_architecture/an4.untied.mdef
-mwfloor	1e-4	1.000000e-08
-phone			N
-psetfn			/home/alex/repos/speech/an4/model_architecture/an4.tree_questions
-ssplitmax	5	7
-ssplitmin	1	1
-ssplitthr	8e-4	0.000000e+00
-state			1
-stwt			1.0,0.05,0.0,
-treefn			/home/alex/repos/speech/an4/trees/an4.unpruned/N-1.dtree
-ts2cbfn	.semi.	.cont.
-varfloor	0.00001	1.000000e-05
-varfn			/home/alex/repos/speech/an4/model_parameters/an4.cd_cont_untied/variances

INFO: main.c(223): Reading: /home/alex/repos/speech/an4/model_architecture/an4.untied.mdef
INFO: model_def_io.c(573): Model definition info:
INFO: model_def_io.c(574): 1618 total models defined (34 base, 1584 tri)
INFO: model_def_io.c(575): 6472 total states
INFO: model_def_io.c(576): 4854 total tied states
INFO: model_def_io.c(577): 102 total tied CI states
INFO: model_def_io.c(578): 34 total tied transition matrices
INFO: model_def_io.c(579): 4 max state/model
INFO: model_def_io.c(580): 4 min state/model
INFO: main.c(242): Building trees for [N AE D i] through [N V AY b]
INFO: main.c(269): Covering states |[2973 3224]| == 252
INFO: main.c(275): Reading: /home/alex/repos/speech/an4/model_parameters/an4.cd_cont_untied/mixture_weights
INFO: s3mixw_io.c(173): Read /home/alex/repos/speech/an4/model_parameters/an4.cd_cont_untied/mixture_weights [252x1x1 array]
INFO: main.c(311): 84 of 84 models have observation count greater than 0.000010
INFO: main.c(95): nrm stwt: 0.045 0.909 0.045 
INFO: s3gau_io.c(169): Read /home/alex/repos/speech/an4/model_parameters/an4.cd_cont_untied/means [4854x1x1 array]
INFO: s3gau_io.c(169): Read /home/alex/repos/speech/an4/model_parameters/an4.cd_cont_untied/variances [4854x1x1 array]
INFO: main.c(549): Reading: /home/alex/repos/speech/an4/model_architecture/an4.tree_questions
INFO: main.c(588): 180 total simple questions (172 phone; 8 word bndry)
INFO: main.c(590): 42 Left Only questions, and 42 Right Only questions
INFO: dtree.c(1478): Final simple tree
|( WDBNDRY_E 0 -9.821e+05 5.993e+03 4.478e+03
|    ( QUESTION0 -1 -7.355e+05 1.924e+03 3.453e+03
|        ( SILENCE 1 -5.933e+05 1.707e+03 2.814e+03
|            ( - -1.563e+05 2 0 QUESTION1 -1 3.786e+02 7.586e+02)
|            ( QUESTION2 1 -4.353e+05 1.055e+03 2.056e+03
|                ( - -2.205e+04 1 0)
|                ( QUESTION1 -1 -4.122e+05 9.851e+02 1.944e+03
|                    ( - -2.411e+05 11 0 QUESTION0_0_R 1 7.570e+02 1.130e+03)
|                    ( - -1.701e+05 20 0 QUESTION15 1 4.427e+02 8.141e+02))))
|        ( - -1.403e+05 22 0 QUESTION2_14_L -1 6.721e+02 6.389e+02))
|    ( WDBNDRY_B 0 -2.406e+05 1.850e+03 1.025e+03
|        ( SILENCE -1 -1.118e+05 8.610e+02 4.732e+02
|            ( - -2.763e+04 2 0)
|            ( - -8.328e+04 15 0 QUESTION2_13_L -1 4.073e+02 3.426e+02))
|        ( - -1.269e+05 11 0 QUESTION8 -1 5.915e+02 5.513e+02)))
s>    ( WDBNDRY_E 0 -9.821e+05 5.993e+03 4.478e+03
s>        ( QUESTION0 -1 -7.355e+05 1.924e+03 3.453e+03
s>            ( SILENCE 1 -5.933e+05 1.707e+03 2.814e+03
s>                ( - -1.563e+05 2 0 QUESTION1 -1 3.786e+02 7.586e+02)
s>                ( QUESTION2 1 -4.353e+05 1.055e+03 2.056e+03
s>                    ( - -2.205e+04 1 0)
s>                    ( QUESTION1 -1 -4.122e+05 9.851e+02 1.944e+03
s>                        ( - -2.411e+05 11 0 QUESTION0_0_R 1 7.570e+02 1.130e+03)
s>                        ( - -1.701e+05 20 0 QUESTION15 1 4.427e+02 8.141e+02))))
s>            ( - -1.403e+05 22 0 QUESTION2_14_L -1 6.721e+02 6.389e+02))
s>        ( WDBNDRY_B 0 -2.406e+05 1.850e+03 1.025e+03
s>            ( SILENCE -1 -1.118e+05 8.610e+02 4.732e+02
s>                ( - -2.763e+04 2 0)
s>                ( - -8.328e+04 15 0 QUESTION2_13_L -1 4.073e+02 3.426e+02))
s>            ( - -1.269e+05 11 0 QUESTION8 -1 5.915e+02 5.513e+02)))INFO: dtree.c(1315): Comp split 0
INFO: dtree.c(1478): Final simple tree
|( SILENCE 1 -5.933e+05 1.707e+03 2.814e+03
|    ( - -1.563e+05 2 0 QUESTION1 -1 3.786e+02 7.586e+02)
|    ( QUESTION2 1 -4.353e+05 1.055e+03 2.056e+03
|        ( - -2.205e+04 1 0)
|        ( QUESTION1 -1 -4.122e+05 9.851e+02 1.944e+03
|            ( QUESTION0_0_R 1 -2.411e+05 7.570e+02 1.130e+03
|                ( QUESTION15 1 -2.138e+05 4.903e+02 1.015e+03
|                    ( - -2.310e+03 1 0)
|                    ( - -2.110e+05 6 0 QUESTION0_3_R 1 3.844e+02 1.002e+03))
|                ( QUESTION8 1 -2.650e+04 4.441e+02 1.148e+02
|                    ( - 2.039e+02 1 0)
|                    ( - -2.626e+04 3 0 QUESTION0_16_R 1 4.378e+02 1.138e+02)))
|            ( QUESTION15 1 -1.701e+05 4.427e+02 8.141e+02
|                ( - -1.318e+04 1 0)
|                ( - -1.565e+05 19 0 QUESTION0_1_R 1 3.251e+02 7.459e+02)))))
s>    ( SILENCE 1 -5.933e+05 1.707e+03 2.814e+03
s>        ( - -1.563e+05 2 0 QUESTION1 -1 3.786e+02 7.586e+02)
s>        ( QUESTION2 1 -4.353e+05 1.055e+03 2.056e+03
s>            ( - -2.205e+04 1 0)
s>            ( QUESTION1 -1 -4.122e+05 9.851e+02 1.944e+03
s>                ( QUESTION0_0_R 1 -2.411e+05 7.570e+02 1.130e+03
s>                    ( QUESTION15 1 -2.138e+05 4.903e+02 1.015e+03
s>                        ( - -2.310e+03 1 0)
s>                        ( - -2.110e+05 6 0 QUESTION0_3_R 1 3.844e+02 1.002e+03))
s>                    ( QUESTION8 1 -2.650e+04 4.441e+02 1.148e+02
s>                        ( - 2.039e+02 1 0)
s>                        ( - -2.626e+04 3 0 QUESTION0_16_R 1 4.378e+02 1.138e+02)))
s>                ( QUESTION15 1 -1.701e+05 4.427e+02 8.141e+02
s>                    ( - -1.318e+04 1 0)
s>                    ( - -1.565e+05 19 0 QUESTION0_1_R 1 3.251e+02 7.459e+02)))))INFO: dtree.c(1478): Final simple tree
|( WDBNDRY_I 0 -3.826e+05 2.111e+03 1.663e+03
|    ( QUESTION8 -1 -1.269e+05 5.915e+02 5.513e+02
|        ( QUESTION0_13_R 1 -7.529e+04 5.289e+02 3.277e+02
|            ( - -5.958e+04 1 0)
|            ( - -1.518e+04 1 0))
|        ( QUESTION0 -1 -5.105e+04 4.967e+02 2.236e+02
|            ( - -2.573e+04 6 0 QUESTION0_5_R 1 2.335e+02 1.172e+02)
|            ( - -2.482e+04 3 0 QUESTION2_0_L -1 2.171e+02 1.064e+02)))
|    ( WDBNDRY_B 0 -2.535e+05 1.406e+03 1.112e+03
|        ( SILENCE -1 -1.118e+05 8.610e+02 4.732e+02
|            ( - -2.763e+04 2 0)
|            ( - -8.328e+04 15 0 QUESTION2_13_L -1 4.073e+02 3.426e+02))
|        ( QUESTION2_14_L -1 -1.403e+05 6.721e+02 6.389e+02
|            ( - -4.237e+04 8 0 QUESTION0_2_R 1 3.202e+02 2.005e+02)
|            ( - -9.730e+04 14 0 SILENCE 1 4.399e+02 4.384e+02))))
s>    ( WDBNDRY_I 0 -3.826e+05 2.111e+03 1.663e+03
s>        ( QUESTION8 -1 -1.269e+05 5.915e+02 5.513e+02
s>            ( QUESTION0_13_R 1 -7.529e+04 5.289e+02 3.277e+02
s>                ( - -5.958e+04 1 0)
s>                ( - -1.518e+04 1 0))
s>            ( QUESTION0 -1 -5.105e+04 4.967e+02 2.236e+02
s>                ( - -2.573e+04 6 0 QUESTION0_5_R 1 2.335e+02 1.172e+02)
s>                ( - -2.482e+04 3 0 QUESTION2_0_L -1 2.171e+02 1.064e+02)))
s>        ( WDBNDRY_B 0 -2.535e+05 1.406e+03 1.112e+03
s>            ( SILENCE -1 -1.118e+05 8.610e+02 4.732e+02
s>                ( - -2.763e+04 2 0)
s>                ( - -8.328e+04 15 0 QUESTION2_13_L -1 4.073e+02 3.426e+02))
s>            ( QUESTION2_14_L -1 -1.403e+05 6.721e+02 6.389e+02
s>                ( - -4.237e+04 8 0 QUESTION0_2_R 1 3.202e+02 2.005e+02)
s>                ( - -9.730e+04 14 0 SILENCE 1 4.399e+02 4.384e+02))))INFO: dtree.c(1315): Comp split 1
INFO: dtree.c(1478): Final simple tree
|( WDBNDRY_B 0 -2.797e+05 1.391e+03 1.229e+03
|    ( SILENCE -1 -1.118e+05 8.610e+02 4.732e+02
|        ( - -2.763e+04 2 0)
|        ( QUESTION2_13_L -1 -8.328e+04 4.073e+02 3.426e+02
|            ( - -5.016e+04 7 0 QUESTION2 -1 2.096e+02 2.080e+02)
|            ( QUESTION2_0_L -1 -3.271e+04 3.833e+02 1.346e+02
|                ( - -7.606e+03 2 0 QUESTION1 -1 2.369e+02 2.743e+01)
|                ( - -2.472e+04 6 0 QUESTION15 -1 1.999e+02 1.072e+02))))
|    ( SILENCE 1 -1.666e+05 7.251e+02 7.561e+02
|        ( - -5.040e+04 2 0 QUESTION2_0_L -1 2.384e+02 2.314e+02)
|        ( QUESTION2_14_L -1 -1.154e+05 5.546e+02 5.247e+02
|            ( - -3.508e+04 7 0 QUESTION0_5_R 1 3.081e+02 1.654e+02)
|            ( WDBNDRY_E 0 -7.981e+04 3.373e+02 3.592e+02
|                ( - -5.374e+04 13 0 QUESTION9 1 2.011e+02 2.420e+02)
|                ( - -2.573e+04 6 0 QUESTION0_5_R 1 2.335e+02 1.172e+02)))))
s>    ( WDBNDRY_B 0 -2.797e+05 1.391e+03 1.229e+03
s>        ( SILENCE -1 -1.118e+05 8.610e+02 4.732e+02
s>            ( - -2.763e+04 2 0)
s>            ( QUESTION2_13_L -1 -8.328e+04 4.073e+02 3.426e+02
s>                ( - -5.016e+04 7 0 QUESTION2 -1 2.096e+02 2.080e+02)
s>                ( QUESTION2_0_L -1 -3.271e+04 3.833e+02 1.346e+02
s>                    ( - -7.606e+03 2 0 QUESTION1 -1 2.369e+02 2.743e+01)
s>                    ( - -2.472e+04 6 0 QUESTION15 -1 1.999e+02 1.072e+02))))
s>        ( SILENCE 1 -1.666e+05 7.251e+02 7.561e+02
s>            ( - -5.040e+04 2 0 QUESTION2_0_L -1 2.384e+02 2.314e+02)
s>            ( QUESTION2_14_L -1 -1.154e+05 5.546e+02 5.247e+02
s>                ( - -3.508e+04 7 0 QUESTION0_5_R 1 3.081e+02 1.654e+02)
s>                ( WDBNDRY_E 0 -7.981e+04 3.373e+02 3.592e+02
s>                    ( - -5.374e+04 13 0 QUESTION9 1 2.011e+02 2.420e+02)
s>                    ( - -2.573e+04 6 0 QUESTION0_5_R 1 2.335e+02 1.172e+02)))))INFO: dtree.c(1439): stop. leaf nodes are specific
INFO: dtree.c(1478): Final simple tree
|( QUESTION2_3_L -1 -1.007e+05 5.580e+02 4.341e+02
|    ( QUESTION0_3_R 1 -2.138e+04 1.351e+02 9.194e+01
|        ( - -2.016e+04 1 0)
|        ( - -1.089e+03 1 0))
|    ( QUESTION0_20_R 1 -7.872e+04 5.186e+02 3.422e+02
|        ( - -1.518e+04 1 0)
|        ( QUESTION0_0_R 1 -6.303e+04 2.190e+02 2.762e+02
|            ( - -3.224e+03 1 0)
|            ( - -5.958e+04 1 0))))
s>    ( QUESTION2_3_L -1 -1.007e+05 5.580e+02 4.341e+02
s>        ( QUESTION0_3_R 1 -2.138e+04 1.351e+02 9.194e+01
s>            ( - -2.016e+04 1 0)
s>            ( - -1.089e+03 1 0))
s>        ( QUESTION0_20_R 1 -7.872e+04 5.186e+02 3.422e+02
s>            ( - -1.518e+04 1 0)
s>            ( QUESTION0_0_R 1 -6.303e+04 2.190e+02 2.762e+02
s>                ( - -3.224e+03 1 0)
s>                ( - -5.958e+04 1 0))))INFO: dtree.c(1315): Comp split 2
INFO: dtree.c(1478): Final simple tree
|( QUESTION1 -1 -3.957e+05 9.240e+02 1.863e+03
|    ( QUESTION0_0_R 1 -2.383e+05 7.494e+02 1.117e+03
|        ( QUESTION0_3_R 1 -2.110e+05 3.844e+02 1.002e+03
|            ( - -3.942e+04 1 0)
|            ( - -1.712e+05 5 0 QUESTION16 1 2.488e+02 8.116e+02))
|        ( QUESTION8 1 -2.650e+04 4.441e+02 1.148e+02
|            ( - 2.039e+02 1 0)
|            ( QUESTION0_16_R 1 -2.626e+04 4.378e+02 1.138e+02
|                ( - 2.208e+02 1 0)
|                ( - -2.605e+04 2 0 QUESTION0_13_R 1 2.046e+02 1.128e+02))))
|    ( QUESTION0_1_R 1 -1.565e+05 3.251e+02 7.459e+02
|        ( - -1.598e+04 2 0)
|        ( QUESTION19 1 -1.402e+05 3.070e+02 6.658e+02
|            ( - -2.032e+04 2 0 QUESTION0_7_R 1 3.586e+02 1.008e+02)
|            ( - -1.195e+05 15 0 QUESTION4 1 2.819e+02 5.650e+02))))
s>    ( QUESTION1 -1 -3.957e+05 9.240e+02 1.863e+03
s>        ( QUESTION0_0_R 1 -2.383e+05 7.494e+02 1.117e+03
s>            ( QUESTION0_3_R 1 -2.110e+05 3.844e+02 1.002e+03
s>                ( - -3.942e+04 1 0)
s>                ( - -1.712e+05 5 0 QUESTION16 1 2.488e+02 8.116e+02))
s>            ( QUESTION8 1 -2.650e+04 4.441e+02 1.148e+02
s>                ( - 2.039e+02 1 0)
s>                ( QUESTION0_16_R 1 -2.626e+04 4.378e+02 1.138e+02
s>                    ( - 2.208e+02 1 0)
s>                    ( - -2.605e+04 2 0 QUESTION0_13_R 1 2.046e+02 1.128e+02))))
s>        ( QUESTION0_1_R 1 -1.565e+05 3.251e+02 7.459e+02
s>            ( - -1.598e+04 2 0)
s>            ( QUESTION19 1 -1.402e+05 3.070e+02 6.658e+02
s>                ( - -2.032e+04 2 0 QUESTION0_7_R 1 3.586e+02 1.008e+02)
s>                ( - -1.195e+05 15 0 QUESTION4 1 2.819e+02 5.650e+02))))INFO: dtree.c(1439): stop. leaf nodes are specific
INFO: dtree.c(1478): Final simple tree
|( SILENCE 1 -1.959e+05 1.322e+03 9.512e+02
|    ( QUESTION1 -1 -1.563e+05 3.786e+02 7.586e+02
|        ( - -9.958e+04 1 0)
|        ( - -5.631e+04 1 0))
|    ( QUESTION0_0_R 1 -3.825e+04 4.038e+02 1.926e+02
|        ( QUESTION1 -1 -1.580e+04 3.124e+02 8.124e+01
|            ( - -2.310e+03 1 0)
|            ( - -1.318e+04 1 0))
|        ( - -2.205e+04 1 0)))
s>    ( SILENCE 1 -1.959e+05 1.322e+03 9.512e+02
s>        ( QUESTION1 -1 -1.563e+05 3.786e+02 7.586e+02
s>            ( - -9.958e+04 1 0)
s>            ( - -5.631e+04 1 0))
s>        ( QUESTION0_0_R 1 -3.825e+04 4.038e+02 1.926e+02
s>            ( QUESTION1 -1 -1.580e+04 3.124e+02 8.124e+01
s>                ( - -2.310e+03 1 0)
s>                ( - -1.318e+04 1 0))
s>            ( - -2.205e+04 1 0)))INFO: dtree.c(1315): Comp split 3
INFO: dtree.c(1478): Final simple tree
|( SILENCE 1 -1.666e+05 7.251e+02 7.561e+02
|    ( QUESTION2_0_L -1 -5.040e+04 2.384e+02 2.314e+02
|        ( - -4.313e+04 1 0)
|        ( - -7.038e+03 1 0))
|    ( QUESTION2_14_L -1 -1.154e+05 5.546e+02 5.247e+02
|        ( QUESTION0_5_R 1 -3.508e+04 3.081e+02 1.654e+02
|            ( - -1.265e+03 1 0)
|            ( QUESTION0_14_R 1 -3.350e+04 3.028e+02 1.584e+02
|                ( - -2.557e+03 1 0)
|                ( QUESTION0_2_R 1 -3.064e+04 2.955e+02 1.444e+02
|                    ( - -7.735e+02 1 0)
|                    ( - -2.957e+04 4 0 QUESTION0_20_R 1 1.989e+02 1.394e+02))))
|        ( WDBNDRY_E 0 -7.981e+04 3.373e+02 3.592e+02
|            ( - -5.374e+04 13 0 QUESTION9 1 2.011e+02 2.420e+02)
|            ( - -2.573e+04 6 0 QUESTION0_5_R 1 2.335e+02 1.172e+02))))
s>    ( SILENCE 1 -1.666e+05 7.251e+02 7.561e+02
s>        ( QUESTION2_0_L -1 -5.040e+04 2.384e+02 2.314e+02
s>            ( - -4.313e+04 1 0)
s>            ( - -7.038e+03 1 0))
s>        ( QUESTION2_14_L -1 -1.154e+05 5.546e+02 5.247e+02
s>            ( QUESTION0_5_R 1 -3.508e+04 3.081e+02 1.654e+02
s>                ( - -1.265e+03 1 0)
s>                ( QUESTION0_14_R 1 -3.350e+04 3.028e+02 1.584e+02
s>                    ( - -2.557e+03 1 0)
s>                    ( QUESTION0_2_R 1 -3.064e+04 2.955e+02 1.444e+02
s>                        ( - -7.735e+02 1 0)
s>                        ( - -2.957e+04 4 0 QUESTION0_20_R 1 1.989e+02 1.394e+02))))
s>            ( WDBNDRY_E 0 -7.981e+04 3.373e+02 3.592e+02
s>                ( - -5.374e+04 13 0 QUESTION9 1 2.011e+02 2.420e+02)
s>                ( - -2.573e+04 6 0 QUESTION0_5_R 1 2.335e+02 1.172e+02))))INFO: dtree.c(1478): Final simple tree
|( SILENCE -1 -1.118e+05 8.610e+02 4.732e+02
|    ( - -2.763e+04 2 0)
|    ( QUESTION2_13_L -1 -8.328e+04 4.073e+02 3.426e+02
|        ( QUESTION2 -1 -5.016e+04 2.096e+02 2.080e+02
|            ( - -1.221e+04 1 0)
|            ( QUESTION2_14_L -1 -3.774e+04 2.413e+02 1.571e+02
|                ( - -2.621e+04 2 0)
|                ( - -1.128e+04 4 0 QUESTION0 -1 1.347e+02 4.736e+01)))
|        ( QUESTION2_0_L -1 -3.271e+04 3.833e+02 1.346e+02
|            ( QUESTION1 -1 -7.606e+03 2.369e+02 2.743e+01
|                ( - -5.857e+02 1 0)
|                ( - -6.783e+03 1 0))
|            ( QUESTION15 -1 -2.472e+04 1.999e+02 1.072e+02
|                ( - -5.391e+02 1 0)
|                ( - -2.398e+04 5 0 QUESTION0 -1 1.797e+02 1.052e+02)))))
s>    ( SILENCE -1 -1.118e+05 8.610e+02 4.732e+02
s>        ( - -2.763e+04 2 0)
s>        ( QUESTION2_13_L -1 -8.328e+04 4.073e+02 3.426e+02
s>            ( QUESTION2 -1 -5.016e+04 2.096e+02 2.080e+02
s>                ( - -1.221e+04 1 0)
s>                ( QUESTION2_14_L -1 -3.774e+04 2.413e+02 1.571e+02
s>                    ( - -2.621e+04 2 0)
s>                    ( - -1.128e+04 4 0 QUESTION0 -1 1.347e+02 4.736e+01)))
s>            ( QUESTION2_0_L -1 -3.271e+04 3.833e+02 1.346e+02
s>                ( QUESTION1 -1 -7.606e+03 2.369e+02 2.743e+01
s>                    ( - -5.857e+02 1 0)
s>                    ( - -6.783e+03 1 0))
s>                ( QUESTION15 -1 -2.472e+04 1.999e+02 1.072e+02
s>                    ( - -5.391e+02 1 0)
s>                    ( - -2.398e+04 5 0 QUESTION0 -1 1.797e+02 1.052e+02)))))INFO: dtree.c(1315): Comp split 4
INFO: dtree.c(1439): stop. leaf nodes are specific
INFO: dtree.c(1478): Final simple tree
|( QUESTION1 -1 -1.563e+05 3.786e+02 7.586e+02
|    ( - -9.958e+04 1 0)
|    ( - -5.631e+04 1 0))
s>    ( QUESTION1 -1 -1.563e+05 3.786e+02 7.586e+02
s>        ( - -9.958e+04 1 0)
s>        ( - -5.631e+04 1 0))INFO: dtree.c(1439): stop. leaf nodes are specific
INFO: dtree.c(1478): Final simple tree
|( QUESTION0_0_R 1 -3.825e+04 4.038e+02 1.926e+02
|    ( QUESTION1 -1 -1.580e+04 3.124e+02 8.124e+01
|        ( - -2.310e+03 1 0)
|        ( - -1.318e+04 1 0))
|    ( - -2.205e+04 1 0))
s>    ( QUESTION0_0_R 1 -3.825e+04 4.038e+02 1.926e+02
s>        ( QUESTION1 -1 -1.580e+04 3.124e+02 8.124e+01
s>            ( - -2.310e+03 1 0)
s>            ( - -1.318e+04 1 0))
s>        ( - -2.205e+04 1 0))INFO: dtree.c(1315): Comp split 5
INFO: dtree.c(1439): stop. leaf nodes are specific
INFO: dtree.c(1478): Final simple tree
|( QUESTION0_3_R 1 -2.110e+05 3.844e+02 1.002e+03
|    ( - -3.942e+04 1 0)
|    ( QUESTION16 1 -1.712e+05 2.488e+02 8.116e+02
|        ( QUESTION0_6_R 1 -1.704e+04 1.609e+02 7.997e+01
|            ( - -6.790e+03 1 0)
|            ( - -1.008e+04 1 0))
|        ( QUESTION0_1_R 1 -1.539e+05 2.010e+02 7.317e+02
|            ( - -1.283e+05 2 0)
|            ( - -2.540e+04 1 0))))
s>    ( QUESTION0_3_R 1 -2.110e+05 3.844e+02 1.002e+03
s>        ( - -3.942e+04 1 0)
s>        ( QUESTION16 1 -1.712e+05 2.488e+02 8.116e+02
s>            ( QUESTION0_6_R 1 -1.704e+04 1.609e+02 7.997e+01
s>                ( - -6.790e+03 1 0)
s>                ( - -1.008e+04 1 0))
s>            ( QUESTION0_1_R 1 -1.539e+05 2.010e+02 7.317e+02
s>                ( - -1.283e+05 2 0)
s>                ( - -2.540e+04 1 0))))INFO: dtree.c(1478): Final simple tree
|( QUESTION1 -1 -1.835e+05 5.403e+02 8.607e+02
|    ( QUESTION8 1 -2.650e+04 4.441e+02 1.148e+02
|        ( - 2.039e+02 1 0)
|        ( QUESTION0_16_R 1 -2.626e+04 4.378e+02 1.138e+02
|            ( - 2.208e+02 1 0)
|            ( - -2.605e+04 2 0 QUESTION0_13_R 1 2.046e+02 1.128e+02)))
|    ( QUESTION0_1_R 1 -1.565e+05 3.251e+02 7.459e+02
|        ( - -1.598e+04 2 0)
|        ( QUESTION19 1 -1.402e+05 3.070e+02 6.658e+02
|            ( QUESTION0_7_R 1 -2.032e+04 3.586e+02 1.008e+02
|                ( - -6.862e+03 1 0)
|                ( - -1.310e+04 1 0))
|            ( QUESTION4 1 -1.195e+05 2.819e+02 5.650e+02
|                ( - -7.697e+03 2 0 QUESTION0_13_R 1 1.914e+02 3.800e+01)
|                ( - -1.116e+05 13 0 QUESTION0_13_R 1 2.857e+02 5.270e+02)))))
s>    ( QUESTION1 -1 -1.835e+05 5.403e+02 8.607e+02
s>        ( QUESTION8 1 -2.650e+04 4.441e+02 1.148e+02
s>            ( - 2.039e+02 1 0)
s>            ( QUESTION0_16_R 1 -2.626e+04 4.378e+02 1.138e+02
s>                ( - 2.208e+02 1 0)
s>                ( - -2.605e+04 2 0 QUESTION0_13_R 1 2.046e+02 1.128e+02)))
s>        ( QUESTION0_1_R 1 -1.565e+05 3.251e+02 7.459e+02
s>            ( - -1.598e+04 2 0)
s>            ( QUESTION19 1 -1.402e+05 3.070e+02 6.658e+02
s>                ( QUESTION0_7_R 1 -2.032e+04 3.586e+02 1.008e+02
s>                    ( - -6.862e+03 1 0)
s>                    ( - -1.310e+04 1 0))
s>                ( QUESTION4 1 -1.195e+05 2.819e+02 5.650e+02
s>                    ( - -7.697e+03 2 0 QUESTION0_13_R 1 1.914e+02 3.800e+01)
s>                    ( - -1.116e+05 13 0 QUESTION0_13_R 1 2.857e+02 5.270e+02)))))INFO: dtree.c(1315): Comp split 6
INFO: dtree.c(1439): stop. leaf nodes are specific
INFO: dtree.c(1478): Final simple tree
|( SILENCE -1 -5.200e+04 3.858e+02 2.358e+02
|    ( - -2.763e+04 2 0)
|    ( QUESTION0 -1 -2.398e+04 1.797e+02 1.052e+02
|        ( QUESTION2_11_L -1 -2.062e+04 1.505e+02 9.116e+01
|            ( QUESTION9 -1 -1.363e+04 1.124e+02 6.017e+01
|                ( - -7.724e+03 1 0)
|                ( - -5.792e+03 1 0))
|            ( QUESTION9 -1 -6.845e+03 1.452e+02 3.100e+01
|                ( - -5.309e+03 1 0)
|                ( - -1.390e+03 1 0)))
|        ( - -3.178e+03 1 0)))
s>    ( SILENCE -1 -5.200e+04 3.858e+02 2.358e+02
s>        ( - -2.763e+04 2 0)
s>        ( QUESTION0 -1 -2.398e+04 1.797e+02 1.052e+02
s>            ( QUESTION2_11_L -1 -2.062e+04 1.505e+02 9.116e+01
s>                ( QUESTION9 -1 -1.363e+04 1.124e+02 6.017e+01
s>                    ( - -7.724e+03 1 0)
s>                    ( - -5.792e+03 1 0))
s>                ( QUESTION9 -1 -6.845e+03 1.452e+02 3.100e+01
s>                    ( - -5.309e+03 1 0)
s>                    ( - -1.390e+03 1 0)))
s>            ( - -3.178e+03 1 0)))INFO: dtree.c(1439): stop. leaf nodes are specific
INFO: dtree.c(1478): Final simple tree
|( QUESTION2_0_L -1 -5.889e+04 3.951e+02 2.374e+02
|    ( QUESTION1 -1 -7.606e+03 2.369e+02 2.743e+01
|        ( - -5.857e+02 1 0)
|        ( - -6.783e+03 1 0))
|    ( QUESTION2 -1 -5.089e+04 2.089e+02 2.100e+02
|        ( - -1.221e+04 1 0)
|        ( QUESTION2_14_L -1 -3.846e+04 2.401e+02 1.591e+02
|            ( - -2.621e+04 2 0)
|            ( QUESTION8 -1 -1.201e+04 1.867e+02 4.936e+01
|                ( - -5.391e+02 1 0)
|                ( QUESTION0 -1 -1.128e+04 1.347e+02 4.736e+01
|                    ( - -2.740e+03 1 0)
|                    ( - -8.409e+03 3 0))))))
s>    ( QUESTION2_0_L -1 -5.889e+04 3.951e+02 2.374e+02
s>        ( QUESTION1 -1 -7.606e+03 2.369e+02 2.743e+01
s>            ( - -5.857e+02 1 0)
s>            ( - -6.783e+03 1 0))
s>        ( QUESTION2 -1 -5.089e+04 2.089e+02 2.100e+02
s>            ( - -1.221e+04 1 0)
s>            ( QUESTION2_14_L -1 -3.846e+04 2.401e+02 1.591e+02
s>                ( - -2.621e+04 2 0)
s>                ( QUESTION8 -1 -1.201e+04 1.867e+02 4.936e+01
s>                    ( - -5.391e+02 1 0)
s>                    ( QUESTION0 -1 -1.128e+04 1.347e+02 4.736e+01
s>                        ( - -2.740e+03 1 0)
s>                        ( - -8.409e+03 3 0))))))INFO: dtree.c(1315): Comp split 7
INFO: dtree.c(1439): stop. leaf nodes are specific
INFO: dtree.c(1478): Final simple tree
|( SILENCE 1 -5.332e+04 3.545e+02 2.454e+02
|    ( QUESTION2_0_L -1 -5.040e+04 2.384e+02 2.314e+02
|        ( - -4.313e+04 1 0)
|        ( - -7.038e+03 1 0))
|    ( - -2.557e+03 1 0))
s>    ( SILENCE 1 -5.332e+04 3.545e+02 2.454e+02
s>        ( QUESTION2_0_L -1 -5.040e+04 2.384e+02 2.314e+02
s>            ( - -4.313e+04 1 0)
s>            ( - -7.038e+03 1 0))
s>        ( - -2.557e+03 1 0))INFO: dtree.c(1478): Final simple tree
|( QUESTION2_14_L -1 -1.125e+05 4.976e+02 5.107e+02
|    ( QUESTION0_2_R 1 -3.221e+04 3.083e+02 1.514e+02
|        ( QUESTION0_3_R 1 -2.332e+03 2.931e+02 1.200e+01
|            ( - -7.735e+02 1 0)
|            ( - -1.265e+03 1 0))
|        ( - -2.957e+04 4 0 QUESTION0_20_R 1 1.989e+02 1.394e+02))
|    ( WDBNDRY_E 0 -7.981e+04 3.373e+02 3.592e+02
|        ( QUESTION9 1 -5.374e+04 2.011e+02 2.420e+02
|            ( QUESTION0_0_R 1 -1.354e+04 4.809e+02 6.207e+01
|                ( - -1.330e+04 3 0 QUESTION2_0_L -1 2.115e+02 6.107e+01)
|                ( - 2.411e+02 1 0))
|            ( - -4.000e+04 9 0 QUESTION0_20_R 1 2.005e+02 1.799e+02))
|        ( QUESTION0_5_R 1 -2.573e+04 2.335e+02 1.172e+02
|            ( - -8.622e+03 3 0 QUESTION0_6_R 1 1.748e+02 3.984e+01)
|            ( - -1.688e+04 3 0 QUESTION2_3_L -1 1.419e+02 7.735e+01))))
s>    ( QUESTION2_14_L -1 -1.125e+05 4.976e+02 5.107e+02
s>        ( QUESTION0_2_R 1 -3.221e+04 3.083e+02 1.514e+02
s>            ( QUESTION0_3_R 1 -2.332e+03 2.931e+02 1.200e+01
s>                ( - -7.735e+02 1 0)
s>                ( - -1.265e+03 1 0))
s>            ( - -2.957e+04 4 0 QUESTION0_20_R 1 1.989e+02 1.394e+02))
s>        ( WDBNDRY_E 0 -7.981e+04 3.373e+02 3.592e+02
s>            ( QUESTION9 1 -5.374e+04 2.011e+02 2.420e+02
s>                ( QUESTION0_0_R 1 -1.354e+04 4.809e+02 6.207e+01
s>                    ( - -1.330e+04 3 0 QUESTION2_0_L -1 2.115e+02 6.107e+01)
s>                    ( - 2.411e+02 1 0))
s>                ( - -4.000e+04 9 0 QUESTION0_20_R 1 2.005e+02 1.799e+02))
s>            ( QUESTION0_5_R 1 -2.573e+04 2.335e+02 1.172e+02
s>                ( - -8.622e+03 3 0 QUESTION0_6_R 1 1.748e+02 3.984e+01)
s>                ( - -1.688e+04 3 0 QUESTION2_3_L -1 1.419e+02 7.735e+01))))INFO: dtree.c(1315): Comp split 8
INFO: dtree.c(1439): stop. leaf nodes are specific
INFO: dtree.c(1478): Final simple tree
|( QUESTION0_20_R 1 -7.872e+04 5.186e+02 3.422e+02
|    ( - -1.518e+04 1 0)
|    ( QUESTION0_0_R 1 -6.303e+04 2.190e+02 2.762e+02
|        ( - -3.224e+03 1 0)
|        ( - -5.958e+04 1 0)))
s>    ( QUESTION0_20_R 1 -7.872e+04 5.186e+02 3.422e+02
s>        ( - -1.518e+04 1 0)
s>        ( QUESTION0_0_R 1 -6.303e+04 2.190e+02 2.762e+02
s>            ( - -3.224e+03 1 0)
s>            ( - -5.958e+04 1 0)))INFO: dtree.c(1439): stop. leaf nodes are specific
INFO: dtree.c(1478): Final simple tree
|( QUESTION0_3_R 1 -2.138e+04 1.351e+02 9.194e+01
|    ( - -2.016e+04 1 0)
|    ( - -1.089e+03 1 0))
s>    ( QUESTION0_3_R 1 -2.138e+04 1.351e+02 9.194e+01
s>        ( - -2.016e+04 1 0)
s>        ( - -1.089e+03 1 0))INFO: dtree.c(1315): Comp split 9
INFO: dtree.c(1439): stop. leaf nodes are specific
INFO: dtree.c(1478): Final simple tree
|( QUESTION8 1 -3.448e+04 4.438e+02 1.528e+02
|    ( - 2.039e+02 1 0)
|    ( QUESTION0_16_R 1 -3.424e+04 4.380e+02 1.518e+02
|        ( - 2.208e+02 1 0)
|        ( QUESTION0 1 -3.402e+04 2.770e+02 1.508e+02
|            ( QUESTION0_13_R 1 -7.697e+03 1.914e+02 3.800e+01
|                ( - -5.495e+02 1 0)
|                ( - -6.956e+03 1 0))
|            ( QUESTION0_13_R 1 -2.605e+04 2.046e+02 1.128e+02
|                ( - -1.071e+04 1 0)
|                ( - -1.514e+04 1 0)))))
s>    ( QUESTION8 1 -3.448e+04 4.438e+02 1.528e+02
s>        ( - 2.039e+02 1 0)
s>        ( QUESTION0_16_R 1 -3.424e+04 4.380e+02 1.518e+02
s>            ( - 2.208e+02 1 0)
s>            ( QUESTION0 1 -3.402e+04 2.770e+02 1.508e+02
s>                ( QUESTION0_13_R 1 -7.697e+03 1.914e+02 3.800e+01
s>                    ( - -5.495e+02 1 0)
s>                    ( - -6.956e+03 1 0))
s>                ( QUESTION0_13_R 1 -2.605e+04 2.046e+02 1.128e+02
s>                    ( - -1.071e+04 1 0)
s>                    ( - -1.514e+04 1 0)))))INFO: dtree.c(1478): Final simple tree
|( QUESTION0_1_R 1 -1.485e+05 3.268e+02 7.079e+02
|    ( - -1.598e+04 2 0)
|    ( QUESTION19 1 -1.322e+05 2.989e+02 6.278e+02
|        ( QUESTION0_7_R 1 -2.032e+04 3.586e+02 1.008e+02
|            ( - -6.862e+03 1 0)
|            ( - -1.310e+04 1 0))
|        ( QUESTION0_13_R 1 -1.116e+05 2.857e+02 5.270e+02
|            ( QUESTION1 1 -2.759e+04 2.669e+02 1.298e+02
|                ( - -1.052e+04 1 0)
|                ( - -1.680e+04 3 0 QUESTION0_14_R 1 1.790e+02 7.976e+01))
|            ( QUESTION12 1 -8.369e+04 2.781e+02 3.973e+02
|                ( - -1.840e+04 1 0)
|                ( QUESTION10 1 -6.501e+04 2.657e+02 3.104e+02
|                    ( - -3.547e+03 1 0)
|                    ( - -6.120e+04 7 0 QUESTION0_8_R 1 2.633e+02 2.914e+02))))))
s>    ( QUESTION0_1_R 1 -1.485e+05 3.268e+02 7.079e+02
s>        ( - -1.598e+04 2 0)
s>        ( QUESTION19 1 -1.322e+05 2.989e+02 6.278e+02
s>            ( QUESTION0_7_R 1 -2.032e+04 3.586e+02 1.008e+02
s>                ( - -6.862e+03 1 0)
s>                ( - -1.310e+04 1 0))
s>            ( QUESTION0_13_R 1 -1.116e+05 2.857e+02 5.270e+02
s>                ( QUESTION1 1 -2.759e+04 2.669e+02 1.298e+02
s>                    ( - -1.052e+04 1 0)
s>                    ( - -1.680e+04 3 0 QUESTION0_14_R 1 1.790e+02 7.976e+01))
s>                ( QUESTION12 1 -8.369e+04 2.781e+02 3.973e+02
s>                    ( - -1.840e+04 1 0)
s>                    ( QUESTION10 1 -6.501e+04 2.657e+02 3.104e+02
s>                        ( - -3.547e+03 1 0)
s>                        ( - -6.120e+04 7 0 QUESTION0_8_R 1 2.633e+02 2.914e+02))))))INFO: dtree.c(1315): Comp split 10
INFO: dtree.c(1439): stop. leaf nodes are specific
INFO: dtree.c(1478): Final simple tree
|( QUESTION0_0_R 1 -6.303e+04 2.190e+02 2.762e+02
|    ( - -3.224e+03 1 0)
|    ( - -5.958e+04 1 0))
s>    ( QUESTION0_0_R 1 -6.303e+04 2.190e+02 2.762e+02
s>        ( - -3.224e+03 1 0)
s>        ( - -5.958e+04 1 0))INFO: dtree.c(1315): Comp split 11
INFO: dtree.c(1478): Final simple tree
|( WDBNDRY_E 0 -8.087e+04 3.374e+02 3.642e+02
|    ( QUESTION2_14_L -1 -5.480e+04 2.861e+02 2.470e+02
|        ( - -7.735e+02 1 0)
|        ( QUESTION9 1 -5.374e+04 2.011e+02 2.420e+02
|            ( QUESTION0_0_R 1 -1.354e+04 4.809e+02 6.207e+01
|                ( QUESTION2_0_L -1 -1.330e+04 2.115e+02 6.107e+01
|                    ( - -1.243e+04 2 0 QUESTION0_3_R 1 1.509e+02 5.707e+01)
|                    ( - -6.584e+02 1 0))
|                ( - 2.411e+02 1 0))
|            ( QUESTION0_20_R 1 -4.000e+04 2.005e+02 1.799e+02
|                ( - -2.232e+03 1 0)
|                ( - -3.757e+04 8 0 QUESTION0_9_R 1 1.905e+02 1.699e+02))))
|    ( QUESTION0_5_R 1 -2.573e+04 2.335e+02 1.172e+02
|        ( - -8.622e+03 3 0 QUESTION0_6_R 1 1.748e+02 3.984e+01)
|        ( - -1.688e+04 3 0 QUESTION2_3_L -1 1.419e+02 7.735e+01)))
s>    ( WDBNDRY_E 0 -8.087e+04 3.374e+02 3.642e+02
s>        ( QUESTION2_14_L -1 -5.480e+04 2.861e+02 2.470e+02
s>            ( - -7.735e+02 1 0)
s>            ( QUESTION9 1 -5.374e+04 2.011e+02 2.420e+02
s>                ( QUESTION0_0_R 1 -1.354e+04 4.809e+02 6.207e+01
s>                    ( QUESTION2_0_L -1 -1.330e+04 2.115e+02 6.107e+01
s>                        ( - -1.243e+04 2 0 QUESTION0_3_R 1 1.509e+02 5.707e+01)
s>                        ( - -6.584e+02 1 0))
s>                    ( - 2.411e+02 1 0))
s>                ( QUESTION0_20_R 1 -4.000e+04 2.005e+02 1.799e+02
s>                    ( - -2.232e+03 1 0)
s>                    ( - -3.757e+04 8 0 QUESTION0_9_R 1 1.905e+02 1.699e+02))))
s>        ( QUESTION0_5_R 1 -2.573e+04 2.335e+02 1.172e+02
s>            ( - -8.622e+03 3 0 QUESTION0_6_R 1 1.748e+02 3.984e+01)
s>            ( - -1.688e+04 3 0 QUESTION2_3_L -1 1.419e+02 7.735e+01)))INFO: dtree.c(1439): stop. leaf nodes are specific
INFO: dtree.c(1478): Final simple tree
|( QUESTION0_2_R 1 -3.115e+04 3.089e+02 1.464e+02
|    ( - -1.265e+03 1 0)
|    ( QUESTION0_20_R 1 -2.957e+04 1.989e+02 1.394e+02
|        ( - -3.964e+02 1 0)
|        ( QUESTION0_0_R 1 -2.898e+04 1.578e+02 1.364e+02
|            ( - -2.825e+04 2 0)
|            ( - -5.703e+02 1 0))))
s>    ( QUESTION0_2_R 1 -3.115e+04 3.089e+02 1.464e+02
s>        ( - -1.265e+03 1 0)
s>        ( QUESTION0_20_R 1 -2.957e+04 1.989e+02 1.394e+02
s>            ( - -3.964e+02 1 0)
s>            ( QUESTION0_0_R 1 -2.898e+04 1.578e+02 1.364e+02
s>                ( - -2.825e+04 2 0)
s>                ( - -5.703e+02 1 0))))INFO: dtree.c(1315): Comp split 12
INFO: dtree.c(1478): Final simple tree
|( WDBNDRY_E 0 -8.063e+04 3.396e+02 3.632e+02
|    ( QUESTION2_14_L -1 -5.456e+04 2.862e+02 2.460e+02
|        ( - -7.735e+02 1 0)
|        ( QUESTION0_20_R 1 -5.350e+04 2.096e+02 2.410e+02
|            ( - -2.232e+03 1 0)
|            ( QUESTION0_10_R 1 -5.105e+04 2.014e+02 2.310e+02
|                ( - -4.783e+03 1 0)
|                ( QUESTION2_0_L -1 -4.607e+04 1.964e+02 2.080e+02
|                    ( QUESTION9 1 -4.522e+04 1.954e+02 2.040e+02
|                        ( - -1.243e+04 2 0 QUESTION0_3_R 1 1.509e+02 5.707e+01)
|                        ( - -3.259e+04 7 0 QUESTION0_2_R 1 1.907e+02 1.470e+02))
|                    ( - -6.584e+02 1 0)))))
|    ( QUESTION0_5_R 1 -2.573e+04 2.335e+02 1.172e+02
|        ( - -8.622e+03 3 0 QUESTION0_6_R 1 1.748e+02 3.984e+01)
|        ( - -1.688e+04 3 0 QUESTION2_3_L -1 1.419e+02 7.735e+01)))
s>    ( WDBNDRY_E 0 -8.063e+04 3.396e+02 3.632e+02
s>        ( QUESTION2_14_L -1 -5.456e+04 2.862e+02 2.460e+02
s>            ( - -7.735e+02 1 0)
s>            ( QUESTION0_20_R 1 -5.350e+04 2.096e+02 2.410e+02
s>                ( - -2.232e+03 1 0)
s>                ( QUESTION0_10_R 1 -5.105e+04 2.014e+02 2.310e+02
s>                    ( - -4.783e+03 1 0)
s>                    ( QUESTION2_0_L -1 -4.607e+04 1.964e+02 2.080e+02
s>                        ( QUESTION9 1 -4.522e+04 1.954e+02 2.040e+02
s>                            ( - -1.243e+04 2 0 QUESTION0_3_R 1 1.509e+02 5.707e+01)
s>                            ( - -3.259e+04 7 0 QUESTION0_2_R 1 1.907e+02 1.470e+02))
s>                        ( - -6.584e+02 1 0)))))
s>        ( QUESTION0_5_R 1 -2.573e+04 2.335e+02 1.172e+02
s>            ( - -8.622e+03 3 0 QUESTION0_6_R 1 1.748e+02 3.984e+01)
s>            ( - -1.688e+04 3 0 QUESTION2_3_L -1 1.419e+02 7.735e+01)))INFO: dtree.c(1315): Comp split 13
INFO: dtree.c(1439): stop. leaf nodes are specific
INFO: dtree.c(1478): Final simple tree
|( QUESTION0_16_R 1 -3.424e+04 4.380e+02 1.518e+02
|    ( - 2.208e+02 1 0)
|    ( QUESTION0 1 -3.402e+04 2.770e+02 1.508e+02
|        ( QUESTION0_13_R 1 -7.697e+03 1.914e+02 3.800e+01
|            ( - -5.495e+02 1 0)
|            ( - -6.956e+03 1 0))
|        ( QUESTION0_13_R 1 -2.605e+04 2.046e+02 1.128e+02
|            ( - -1.071e+04 1 0)
|            ( - -1.514e+04 1 0))))
s>    ( QUESTION0_16_R 1 -3.424e+04 4.380e+02 1.518e+02
s>        ( - 2.208e+02 1 0)
s>        ( QUESTION0 1 -3.402e+04 2.770e+02 1.508e+02
s>            ( QUESTION0_13_R 1 -7.697e+03 1.914e+02 3.800e+01
s>                ( - -5.495e+02 1 0)
s>                ( - -6.956e+03 1 0))
s>            ( QUESTION0_13_R 1 -2.605e+04 2.046e+02 1.128e+02
s>                ( - -1.071e+04 1 0)
s>                ( - -1.514e+04 1 0))))INFO: dtree.c(1315): Comp split 14
INFO: dtree.c(1439): stop. leaf nodes are specific
INFO: dtree.c(1478): Final simple tree
|( QUESTION0 1 -3.402e+04 2.770e+02 1.508e+02
|    ( QUESTION0_13_R 1 -7.697e+03 1.914e+02 3.800e+01
|        ( - -5.495e+02 1 0)
|        ( - -6.956e+03 1 0))
|    ( QUESTION0_13_R 1 -2.605e+04 2.046e+02 1.128e+02
|        ( - -1.071e+04 1 0)
|        ( - -1.514e+04 1 0)))
s>    ( QUESTION0 1 -3.402e+04 2.770e+02 1.508e+02
s>        ( QUESTION0_13_R 1 -7.697e+03 1.914e+02 3.800e+01
s>            ( - -5.495e+02 1 0)
s>            ( - -6.956e+03 1 0))
s>        ( QUESTION0_13_R 1 -2.605e+04 2.046e+02 1.128e+02
s>            ( - -1.071e+04 1 0)
s>            ( - -1.514e+04 1 0)))INFO: dtree.c(1315): Comp split 15
INFO: dtree.c(1439): stop. leaf nodes are specific
INFO: dtree.c(1478): Final simple tree
|( QUESTION1 -1 -1.580e+04 3.124e+02 8.124e+01
|    ( - -2.310e+03 1 0)
|    ( - -1.318e+04 1 0))
s>    ( QUESTION1 -1 -1.580e+04 3.124e+02 8.124e+01
s>        ( - -2.310e+03 1 0)
s>        ( - -1.318e+04 1 0))INFO: dtree.c(1315): Comp split 16
INFO: dtree.c(1439): stop. leaf nodes are specific
INFO: dtree.c(1478): Final simple tree
|( QUESTION0_6_R 1 -5.024e+04 3.098e+02 2.445e+02
|    ( - -1.310e+04 1 0)
|    ( QUESTION0_1_R 1 -3.683e+04 2.753e+02 1.788e+02
|        ( - -1.598e+04 2 0)
|        ( QUESTION0_0_R 1 -2.058e+04 2.326e+02 9.876e+01
|            ( - -3.547e+03 1 0)
|            ( QUESTION0_14_R 1 -1.680e+04 1.790e+02 7.976e+01
|                ( - -4.011e+02 1 0)
|                ( - -1.622e+04 2 0)))))
s>    ( QUESTION0_6_R 1 -5.024e+04 3.098e+02 2.445e+02
s>        ( - -1.310e+04 1 0)
s>        ( QUESTION0_1_R 1 -3.683e+04 2.753e+02 1.788e+02
s>            ( - -1.598e+04 2 0)
s>            ( QUESTION0_0_R 1 -2.058e+04 2.326e+02 9.876e+01
s>                ( - -3.547e+03 1 0)
s>                ( QUESTION0_14_R 1 -1.680e+04 1.790e+02 7.976e+01
s>                    ( - -4.011e+02 1 0)
s>                    ( - -1.622e+04 2 0)))))INFO: dtree.c(1478): Final simple tree
|( QUESTION18 1 -9.784e+04 3.179e+02 4.634e+02
|    ( - -6.862e+03 1 0)
|    ( QUESTION0_13_R 1 -9.066e+04 2.729e+02 4.283e+02
|        ( - -1.052e+04 1 0)
|        ( QUESTION10 1 -7.987e+04 2.693e+02 3.783e+02
|            ( - -1.840e+04 1 0)
|            ( QUESTION0_8_R 1 -6.120e+04 2.633e+02 2.914e+02
|                ( - -3.302e+03 1 0)
|                ( QUESTION0_3_R 1 -5.763e+04 1.966e+02 2.744e+02
|                    ( - -1.814e+04 1 0)
|                    ( QUESTION0_9_R 1 -3.929e+04 1.887e+02 1.858e+02
|                        ( - -7.668e+02 1 0)
|                        ( QUESTION0_0_R 1 -3.834e+04 1.547e+02 1.818e+02
|                            ( - -5.199e+03 1 0)
|                            ( - -3.298e+04 3 0))))))))
s>    ( QUESTION18 1 -9.784e+04 3.179e+02 4.634e+02
s>        ( - -6.862e+03 1 0)
s>        ( QUESTION0_13_R 1 -9.066e+04 2.729e+02 4.283e+02
s>            ( - -1.052e+04 1 0)
s>            ( QUESTION10 1 -7.987e+04 2.693e+02 3.783e+02
s>                ( - -1.840e+04 1 0)
s>                ( QUESTION0_8_R 1 -6.120e+04 2.633e+02 2.914e+02
s>                    ( - -3.302e+03 1 0)
s>                    ( QUESTION0_3_R 1 -5.763e+04 1.966e+02 2.744e+02
s>                        ( - -1.814e+04 1 0)
s>                        ( QUESTION0_9_R 1 -3.929e+04 1.887e+02 1.858e+02
s>                            ( - -7.668e+02 1 0)
s>                            ( QUESTION0_0_R 1 -3.834e+04 1.547e+02 1.818e+02
s>                                ( - -5.199e+03 1 0)
s>                                ( - -3.298e+04 3 0))))))))INFO: dtree.c(1315): Comp split 17
INFO: dtree.c(1439): stop. leaf nodes are specific
INFO: dtree.c(1478): Final simple tree
|( QUESTION2 -1 -5.089e+04 2.089e+02 2.100e+02
|    ( - -1.221e+04 1 0)
|    ( QUESTION2_14_L -1 -3.846e+04 2.401e+02 1.591e+02
|        ( - -2.621e+04 2 0)
|        ( QUESTION8 -1 -1.201e+04 1.867e+02 4.936e+01
|            ( - -5.391e+02 1 0)
|            ( QUESTION0 -1 -1.128e+04 1.347e+02 4.736e+01
|                ( - -2.740e+03 1 0)
|                ( - -8.409e+03 3 0)))))
s>    ( QUESTION2 -1 -5.089e+04 2.089e+02 2.100e+02
s>        ( - -1.221e+04 1 0)
s>        ( QUESTION2_14_L -1 -3.846e+04 2.401e+02 1.591e+02
s>            ( - -2.621e+04 2 0)
s>            ( QUESTION8 -1 -1.201e+04 1.867e+02 4.936e+01
s>                ( - -5.391e+02 1 0)
s>                ( QUESTION0 -1 -1.128e+04 1.347e+02 4.736e+01
s>                    ( - -2.740e+03 1 0)
s>                    ( - -8.409e+03 3 0)))))INFO: dtree.c(1439): stop. leaf nodes are specific
INFO: dtree.c(1478): Final simple tree
|( QUESTION1 -1 -7.606e+03 2.369e+02 2.743e+01
|    ( - -5.857e+02 1 0)
|    ( - -6.783e+03 1 0))
s>    ( QUESTION1 -1 -7.606e+03 2.369e+02 2.743e+01
s>        ( - -5.857e+02 1 0)
s>        ( - -6.783e+03 1 0))INFO: dtree.c(1315): Comp split 18
INFO: dtree.c(1439): stop. leaf nodes are specific
INFO: dtree.c(1478): Final simple tree
|( WDBNDRY_E 0 -2.014e+04 1.806e+02 9.135e+01
|    ( QUESTION0_0_R 1 -3.080e+03 1.899e+02 1.400e+01
|        ( - -6.584e+02 1 0)
|        ( - -2.232e+03 1 0))
|    ( QUESTION2_3_L -1 -1.688e+04 1.419e+02 7.735e+01
|        ( QUESTION0_0_R 1 -1.599e+04 1.307e+02 7.335e+01
|            ( - -3.326e+03 1 0)
|            ( - -1.253e+04 1 0))
|        ( - -7.487e+02 1 0)))
s>    ( WDBNDRY_E 0 -2.014e+04 1.806e+02 9.135e+01
s>        ( QUESTION0_0_R 1 -3.080e+03 1.899e+02 1.400e+01
s>            ( - -6.584e+02 1 0)
s>            ( - -2.232e+03 1 0))
s>        ( QUESTION2_3_L -1 -1.688e+04 1.419e+02 7.735e+01
s>            ( QUESTION0_0_R 1 -1.599e+04 1.307e+02 7.335e+01
s>                ( - -3.326e+03 1 0)
s>                ( - -1.253e+04 1 0))
s>            ( - -7.487e+02 1 0)))INFO: dtree.c(1478): Final simple tree
|( QUESTION2_0_L -1 -6.010e+04 2.875e+02 2.719e+02
|    ( WDBNDRY_E 0 -5.904e+04 2.216e+02 2.669e+02
|        ( QUESTION9 1 -5.020e+04 2.060e+02 2.270e+02
|            ( - -1.243e+04 2 0 QUESTION0_3_R 1 1.509e+02 5.707e+01)
|            ( QUESTION0_9_R 1 -3.757e+04 1.905e+02 1.699e+02
|                ( - -4.783e+03 1 0)
|                ( QUESTION0_2_R 1 -3.259e+04 1.907e+02 1.470e+02
|                    ( - -4.597e+02 1 0)
|                    ( QUESTION0_16_R 1 -3.194e+04 1.841e+02 1.440e+02
|                        ( - -5.600e+02 1 0)
|                        ( QUESTION3 1 -3.120e+04 2.327e+02 1.410e+02
|                            ( - -1.035e+03 1 0)
|                            ( - -2.993e+04 4 0 QUESTION0_15_R 1 1.514e+02 1.349e+02))))))
|        ( - -8.622e+03 3 0 QUESTION0_6_R 1 1.748e+02 3.984e+01))
|    ( - -7.735e+02 1 0))
s>    ( QUESTION2_0_L -1 -6.010e+04 2.875e+02 2.719e+02
s>        ( WDBNDRY_E 0 -5.904e+04 2.216e+02 2.669e+02
s>            ( QUESTION9 1 -5.020e+04 2.060e+02 2.270e+02
s>                ( - -1.243e+04 2 0 QUESTION0_3_R 1 1.509e+02 5.707e+01)
s>                ( QUESTION0_9_R 1 -3.757e+04 1.905e+02 1.699e+02
s>                    ( - -4.783e+03 1 0)
s>                    ( QUESTION0_2_R 1 -3.259e+04 1.907e+02 1.470e+02
s>                        ( - -4.597e+02 1 0)
s>                        ( QUESTION0_16_R 1 -3.194e+04 1.841e+02 1.440e+02
s>                            ( - -5.600e+02 1 0)
s>                            ( QUESTION3 1 -3.120e+04 2.327e+02 1.410e+02
s>                                ( - -1.035e+03 1 0)
s>                                ( - -2.993e+04 4 0 QUESTION0_15_R 1 1.514e+02 1.349e+02))))))
s>            ( - -8.622e+03 3 0 QUESTION0_6_R 1 1.748e+02 3.984e+01))
s>        ( - -7.735e+02 1 0))INFO: dtree.c(1315): Comp split 19
INFO: dtree.c(1439): stop. leaf nodes are specific
INFO: dtree.c(1478): Final simple tree
|( QUESTION0 -1 -2.398e+04 1.797e+02 1.052e+02
|    ( QUESTION2_11_L -1 -2.062e+04 1.505e+02 9.116e+01
|        ( QUESTION9 -1 -1.363e+04 1.124e+02 6.017e+01
|            ( - -7.724e+03 1 0)
|            ( - -5.792e+03 1 0))
|        ( QUESTION9 -1 -6.845e+03 1.452e+02 3.100e+01
|            ( - -5.309e+03 1 0)
|            ( - -1.390e+03 1 0)))
|    ( - -3.178e+03 1 0))
s>    ( QUESTION0 -1 -2.398e+04 1.797e+02 1.052e+02
s>        ( QUESTION2_11_L -1 -2.062e+04 1.505e+02 9.116e+01
s>            ( QUESTION9 -1 -1.363e+04 1.124e+02 6.017e+01
s>                ( - -7.724e+03 1 0)
s>                ( - -5.792e+03 1 0))
s>            ( QUESTION9 -1 -6.845e+03 1.452e+02 3.100e+01
s>                ( - -5.309e+03 1 0)
s>                ( - -1.390e+03 1 0)))
s>        ( - -3.178e+03 1 0))INFO: dtree.c(1315): Comp split 20
INFO: dtree.c(1439): stop. leaf nodes are specific
INFO: dtree.c(1478): Final simple tree
|( QUESTION16 1 -1.712e+05 2.488e+02 8.116e+02
|    ( QUESTION0_6_R 1 -1.704e+04 1.609e+02 7.997e+01
|        ( - -6.790e+03 1 0)
|        ( - -1.008e+04 1 0))
|    ( QUESTION0_1_R 1 -1.539e+05 2.010e+02 7.317e+02
|        ( - -1.283e+05 2 0)
|        ( - -2.540e+04 1 0)))
s>    ( QUESTION16 1 -1.712e+05 2.488e+02 8.116e+02
s>        ( QUESTION0_6_R 1 -1.704e+04 1.609e+02 7.997e+01
s>            ( - -6.790e+03 1 0)
s>            ( - -1.008e+04 1 0))
s>        ( QUESTION0_1_R 1 -1.539e+05 2.010e+02 7.317e+02
s>            ( - -1.283e+05 2 0)
s>            ( - -2.540e+04 1 0)))INFO: dtree.c(1315): Comp split 21
INFO: dtree.c(1315): Comp split 22
INFO: dtree.c(1439): stop. leaf nodes are specific
INFO: dtree.c(1478): Final simple tree
|( QUESTION2_0_L -1 -5.040e+04 2.384e+02 2.314e+02
|    ( - -4.313e+04 1 0)
|    ( - -7.038e+03 1 0))
s>    ( QUESTION2_0_L -1 -5.040e+04 2.384e+02 2.314e+02
s>        ( - -4.313e+04 1 0)
s>        ( - -7.038e+03 1 0))INFO: dtree.c(1315): Comp split 23
INFO: dtree.c(1439): stop. leaf nodes are specific
INFO: dtree.c(1478): Final simple tree
|( QUESTION18 1 -6.480e+04 3.074e+02 3.096e+02
|    ( - -6.862e+03 1 0)
|    ( QUESTION0_3_R 1 -5.763e+04 1.966e+02 2.744e+02
|        ( - -1.814e+04 1 0)
|        ( QUESTION0_9_R 1 -3.929e+04 1.887e+02 1.858e+02
|            ( - -7.668e+02 1 0)
|            ( QUESTION0_0_R 1 -3.834e+04 1.547e+02 1.818e+02
|                ( - -5.199e+03 1 0)
|                ( - -3.298e+04 3 0)))))
s>    ( QUESTION18 1 -6.480e+04 3.074e+02 3.096e+02
s>        ( - -6.862e+03 1 0)
s>        ( QUESTION0_3_R 1 -5.763e+04 1.966e+02 2.744e+02
s>            ( - -1.814e+04 1 0)
s>            ( QUESTION0_9_R 1 -3.929e+04 1.887e+02 1.858e+02
s>                ( - -7.668e+02 1 0)
s>                ( QUESTION0_0_R 1 -3.834e+04 1.547e+02 1.818e+02
s>                    ( - -5.199e+03 1 0)
s>                    ( - -3.298e+04 3 0)))))INFO: dtree.c(1439): stop. leaf nodes are specific
INFO: dtree.c(1478): Final simple tree
|( QUESTION0_9_R 1 -3.271e+04 2.586e+02 1.538e+02
|    ( - -1.840e+04 1 0)
|    ( QUESTION0_0_R 1 -1.405e+04 2.312e+02 6.699e+01
|        ( - -3.302e+03 1 0)
|        ( - -1.052e+04 1 0)))
s>    ( QUESTION0_9_R 1 -3.271e+04 2.586e+02 1.538e+02
s>        ( - -1.840e+04 1 0)
s>        ( QUESTION0_0_R 1 -1.405e+04 2.312e+02 6.699e+01
s>            ( - -3.302e+03 1 0)
s>            ( - -1.052e+04 1 0)))INFO: dtree.c(1315): Comp split 24
INFO: dtree.c(1315): Comp split 25
INFO: dtree.c(1439): stop. leaf nodes are specific
INFO: dtree.c(1478): Final simple tree
|( QUESTION0_1_R 1 -3.683e+04 2.753e+02 1.788e+02
|    ( - -1.598e+04 2 0)
|    ( QUESTION0_0_R 1 -2.058e+04 2.326e+02 9.876e+01
|        ( - -3.547e+03 1 0)
|        ( QUESTION0_14_R 1 -1.680e+04 1.790e+02 7.976e+01
|            ( - -4.011e+02 1 0)
|            ( - -1.622e+04 2 0))))
s>    ( QUESTION0_1_R 1 -3.683e+04 2.753e+02 1.788e+02
s>        ( - -1.598e+04 2 0)
s>        ( QUESTION0_0_R 1 -2.058e+04 2.326e+02 9.876e+01
s>            ( - -3.547e+03 1 0)
s>            ( QUESTION0_14_R 1 -1.680e+04 1.790e+02 7.976e+01
s>                ( - -4.011e+02 1 0)
s>                ( - -1.622e+04 2 0))))INFO: dtree.c(1315): Comp split 26
INFO: dtree.c(1439): stop. leaf nodes are specific
INFO: dtree.c(1478): Final simple tree
|( QUESTION0_20_R 1 -2.957e+04 1.989e+02 1.394e+02
|    ( - -3.964e+02 1 0)
|    ( QUESTION0_0_R 1 -2.898e+04 1.578e+02 1.364e+02
|        ( - -2.825e+04 2 0)
|        ( - -5.703e+02 1 0)))
s>    ( QUESTION0_20_R 1 -2.957e+04 1.989e+02 1.394e+02
s>        ( - -3.964e+02 1 0)
s>        ( QUESTION0_0_R 1 -2.898e+04 1.578e+02 1.364e+02
s>            ( - -2.825e+04 2 0)
s>            ( - -5.703e+02 1 0)))INFO: dtree.c(1315): Comp split 27
INFO: dtree.c(1439): stop. leaf nodes are specific
INFO: dtree.c(1478): Final simple tree
|( QUESTION0_3_R 1 -5.763e+04 1.966e+02 2.744e+02
|    ( - -1.814e+04 1 0)
|    ( QUESTION0_9_R 1 -3.929e+04 1.887e+02 1.858e+02
|        ( - -7.668e+02 1 0)
|        ( QUESTION0_0_R 1 -3.834e+04 1.547e+02 1.818e+02
|            ( - -5.199e+03 1 0)
|            ( - -3.298e+04 3 0))))
s>    ( QUESTION0_3_R 1 -5.763e+04 1.966e+02 2.744e+02
s>        ( - -1.814e+04 1 0)
s>        ( QUESTION0_9_R 1 -3.929e+04 1.887e+02 1.858e+02
s>            ( - -7.668e+02 1 0)
s>            ( QUESTION0_0_R 1 -3.834e+04 1.547e+02 1.818e+02
s>                ( - -5.199e+03 1 0)
s>                ( - -3.298e+04 3 0))))INFO: dtree.c(1315): Comp split 28
INFO: dtree.c(1439): stop. leaf nodes are specific
INFO: dtree.c(1478): Final simple tree
|( QUESTION0_13_R 1 -2.677e+04 2.149e+02 1.158e+02
|    ( QUESTION0 1 -1.142e+04 1.619e+02 4.694e+01
|        ( - -5.495e+02 1 0)
|        ( - -1.071e+04 1 0))
|    ( - -1.514e+04 1 0))
s>    ( QUESTION0_13_R 1 -2.677e+04 2.149e+02 1.158e+02
s>        ( QUESTION0 1 -1.142e+04 1.619e+02 4.694e+01
s>            ( - -5.495e+02 1 0)
s>            ( - -1.071e+04 1 0))
s>        ( - -1.514e+04 1 0))INFO: dtree.c(1315): Comp split 29
INFO: dtree.c(1478): Final simple tree
|( WDBNDRY_E 0 -5.904e+04 2.216e+02 2.669e+02
|    ( QUESTION9 1 -5.020e+04 2.060e+02 2.270e+02
|        ( - -1.243e+04 2 0 QUESTION0_3_R 1 1.509e+02 5.707e+01)
|        ( QUESTION0_9_R 1 -3.757e+04 1.905e+02 1.699e+02
|            ( - -4.783e+03 1 0)
|            ( QUESTION0_2_R 1 -3.259e+04 1.907e+02 1.470e+02
|                ( - -4.597e+02 1 0)
|                ( QUESTION0_16_R 1 -3.194e+04 1.841e+02 1.440e+02
|                    ( - -5.600e+02 1 0)
|                    ( QUESTION3 1 -3.120e+04 2.327e+02 1.410e+02
|                        ( - -1.035e+03 1 0)
|                        ( - -2.993e+04 4 0 QUESTION0_15_R 1 1.514e+02 1.349e+02))))))
|    ( QUESTION0_6_R 1 -8.622e+03 1.748e+02 3.984e+01
|        ( - -6.943e+03 2 0 QUESTION2_3_L -1 8.210e+01 3.184e+01)
|        ( - -1.505e+03 1 0)))
s>    ( WDBNDRY_E 0 -5.904e+04 2.216e+02 2.669e+02
s>        ( QUESTION9 1 -5.020e+04 2.060e+02 2.270e+02
s>            ( - -1.243e+04 2 0 QUESTION0_3_R 1 1.509e+02 5.707e+01)
s>            ( QUESTION0_9_R 1 -3.757e+04 1.905e+02 1.699e+02
s>                ( - -4.783e+03 1 0)
s>                ( QUESTION0_2_R 1 -3.259e+04 1.907e+02 1.470e+02
s>                    ( - -4.597e+02 1 0)
s>                    ( QUESTION0_16_R 1 -3.194e+04 1.841e+02 1.440e+02
s>                        ( - -5.600e+02 1 0)
s>                        ( QUESTION3 1 -3.120e+04 2.327e+02 1.410e+02
s>                            ( - -1.035e+03 1 0)
s>                            ( - -2.993e+04 4 0 QUESTION0_15_R 1 1.514e+02 1.349e+02))))))
s>        ( QUESTION0_6_R 1 -8.622e+03 1.748e+02 3.984e+01
s>            ( - -6.943e+03 2 0 QUESTION2_3_L -1 8.210e+01 3.184e+01)
s>            ( - -1.505e+03 1 0)))INFO: dtree.c(1315): Comp split 30
INFO: dtree.c(1439): stop. leaf nodes are specific
INFO: dtree.c(1478): Final simple tree
|( QUESTION0_0_R 1 -2.000e+04 2.317e+02 9.676e+01
|    ( - -3.547e+03 1 0)
|    ( - -1.622e+04 2 0))
s>    ( QUESTION0_0_R 1 -2.000e+04 2.317e+02 9.676e+01
s>        ( - -3.547e+03 1 0)
s>        ( - -1.622e+04 2 0))INFO: dtree.c(1439): stop. leaf nodes are specific
INFO: dtree.c(1478): Final simple tree
|( QUESTION0_0_R 1 -1.655e+04 1.779e+02 8.208e+01
|    ( - -1.598e+04 2 0)
|    ( - -4.011e+02 1 0))
s>    ( QUESTION0_0_R 1 -1.655e+04 1.779e+02 8.208e+01
s>        ( - -1.598e+04 2 0)
s>        ( - -4.011e+02 1 0))INFO: dtree.c(1315): Comp split 31
INFO: dtree.c(1439): stop. leaf nodes are specific
INFO: dtree.c(1478): Final simple tree
|( QUESTION0 -1 -1.128e+04 1.347e+02 4.736e+01
|    ( - -2.740e+03 1 0)
|    ( - -8.409e+03 3 0))
s>    ( QUESTION0 -1 -1.128e+04 1.347e+02 4.736e+01
s>        ( - -2.740e+03 1 0)
s>        ( - -8.409e+03 3 0))INFO: dtree.c(1439): stop. leaf nodes are specific
INFO: dtree.c(1478): Final simple tree
|( QUESTION0 -1 -3.934e+04 1.905e+02 1.627e+02
|    ( QUESTION1 -1 -1.294e+04 1.851e+02 5.296e+01
|        ( - -1.221e+04 1 0)
|        ( - -5.391e+02 1 0))
|    ( - -2.621e+04 2 0))
s>    ( QUESTION0 -1 -3.934e+04 1.905e+02 1.627e+02
s>        ( QUESTION1 -1 -1.294e+04 1.851e+02 5.296e+01
s>            ( - -1.221e+04 1 0)
s>            ( - -5.391e+02 1 0))
s>        ( - -2.621e+04 2 0))INFO: dtree.c(1315): Comp split 32
INFO: dtree.c(1439): stop. leaf nodes are specific
INFO: dtree.c(1478): Final simple tree
|( QUESTION0_0_R 1 -1.405e+04 2.312e+02 6.699e+01
|    ( - -3.302e+03 1 0)
|    ( - -1.052e+04 1 0))
s>    ( QUESTION0_0_R 1 -1.405e+04 2.312e+02 6.699e+01
s>        ( - -3.302e+03 1 0)
s>        ( - -1.052e+04 1 0))INFO: dtree.c(1315): Comp split 33
INFO: dtree.c(1439): stop. leaf nodes are specific
INFO: dtree.c(1478): Final simple tree
|( QUESTION3 1 -3.617e+04 2.278e+02 1.639e+02
|    ( - -1.035e+03 1 0)
|    ( QUESTION0_2_R 1 -3.491e+04 1.951e+02 1.579e+02
|        ( - -4.783e+03 1 0)
|        ( QUESTION0_15_R 1 -2.993e+04 1.514e+02 1.349e+02
|            ( - -3.186e+02 1 0)
|            ( QUESTION0_0_R 1 -2.946e+04 1.438e+02 1.329e+02
|                ( - -2.764e+04 2 0)
|                ( - -1.681e+03 1 0)))))
s>    ( QUESTION3 1 -3.617e+04 2.278e+02 1.639e+02
s>        ( - -1.035e+03 1 0)
s>        ( QUESTION0_2_R 1 -3.491e+04 1.951e+02 1.579e+02
s>            ( - -4.783e+03 1 0)
s>            ( QUESTION0_15_R 1 -2.993e+04 1.514e+02 1.349e+02
s>                ( - -3.186e+02 1 0)
s>                ( QUESTION0_0_R 1 -2.946e+04 1.438e+02 1.329e+02
s>                    ( - -2.764e+04 2 0)
s>                    ( - -1.681e+03 1 0)))))INFO: dtree.c(1439): stop. leaf nodes are specific
INFO: dtree.c(1478): Final simple tree
|( QUESTION0_5_R 1 -2.262e+04 1.976e+02 1.029e+02
|    ( QUESTION17 1 -1.576e+04 1.878e+02 7.232e+01
|        ( - -4.597e+02 1 0)
|        ( WDBNDRY_E 0 -1.511e+04 1.542e+02 6.932e+01
|            ( - -6.336e+03 1 0)
|            ( QUESTION0_6_R 1 -8.622e+03 1.748e+02 3.984e+01
|                ( QUESTION2_3_L -1 -6.943e+03 8.210e+01 3.184e+01
|                    ( - -4.484e+03 1 0)
|                    ( - -2.377e+03 1 0))
|                ( - -1.505e+03 1 0))))
|    ( QUESTION0_0_R 1 -6.659e+03 1.591e+02 3.059e+01
|        ( - -5.940e+03 1 0)
|        ( - -5.600e+02 1 0)))
s>    ( QUESTION0_5_R 1 -2.262e+04 1.976e+02 1.029e+02
s>        ( QUESTION17 1 -1.576e+04 1.878e+02 7.232e+01
s>            ( - -4.597e+02 1 0)
s>            ( WDBNDRY_E 0 -1.511e+04 1.542e+02 6.932e+01
s>                ( - -6.336e+03 1 0)
s>                ( QUESTION0_6_R 1 -8.622e+03 1.748e+02 3.984e+01
s>                    ( QUESTION2_3_L -1 -6.943e+03 8.210e+01 3.184e+01
s>                        ( - -4.484e+03 1 0)
s>                        ( - -2.377e+03 1 0))
s>                    ( - -1.505e+03 1 0))))
s>        ( QUESTION0_0_R 1 -6.659e+03 1.591e+02 3.059e+01
s>            ( - -5.940e+03 1 0)
s>            ( - -5.600e+02 1 0)))INFO: dtree.c(1315): Comp split 34
INFO: dtree.c(1439): stop. leaf nodes are specific
INFO: dtree.c(1478): Final simple tree
|( QUESTION0_1_R 1 -1.539e+05 2.010e+02 7.317e+02
|    ( - -1.283e+05 2 0)
|    ( - -2.540e+04 1 0))
s>    ( QUESTION0_1_R 1 -1.539e+05 2.010e+02 7.317e+02
s>        ( - -1.283e+05 2 0)
s>        ( - -2.540e+04 1 0))INFO: dtree.c(1439): stop. leaf nodes are specific
INFO: dtree.c(1478): Final simple tree
|( QUESTION0_6_R 1 -1.704e+04 1.609e+02 7.997e+01
|    ( - -6.790e+03 1 0)
|    ( - -1.008e+04 1 0))
s>    ( QUESTION0_6_R 1 -1.704e+04 1.609e+02 7.997e+01
s>        ( - -6.790e+03 1 0)
s>        ( - -1.008e+04 1 0))INFO: dtree.c(1315): Comp split 35
INFO: dtree.c(1315): Comp split 36
INFO: dtree.c(1315): Comp split 37
INFO: dtree.c(1315): Comp split 38
INFO: dtree.c(1315): Comp split 39
INFO: dtree.c(1439): stop. leaf nodes are specific
INFO: dtree.c(1478): Final simple tree
|( QUESTION0_2_R 1 -3.491e+04 1.951e+02 1.579e+02
|    ( - -4.783e+03 1 0)
|    ( QUESTION0_15_R 1 -2.993e+04 1.514e+02 1.349e+02
|        ( - -3.186e+02 1 0)
|        ( QUESTION0_0_R 1 -2.946e+04 1.438e+02 1.329e+02
|            ( - -2.764e+04 2 0)
|            ( - -1.681e+03 1 0))))
s>    ( QUESTION0_2_R 1 -3.491e+04 1.951e+02 1.579e+02
s>        ( - -4.783e+03 1 0)
s>        ( QUESTION0_15_R 1 -2.993e+04 1.514e+02 1.349e+02
s>            ( - -3.186e+02 1 0)
s>            ( QUESTION0_0_R 1 -2.946e+04 1.438e+02 1.329e+02
s>                ( - -2.764e+04 2 0)
s>                ( - -1.681e+03 1 0))))INFO: dtree.c(1315): Comp split 40
INFO: dtree.c(1315): Comp split 41
INFO: dtree.c(1439): stop. leaf nodes are specific
INFO: dtree.c(1478): Final simple tree
|( QUESTION0_0_R 1 -3.834e+04 1.547e+02 1.818e+02
|    ( - -5.199e+03 1 0)
|    ( - -3.298e+04 3 0))
s>    ( QUESTION0_0_R 1 -3.834e+04 1.547e+02 1.818e+02
s>        ( - -5.199e+03 1 0)
s>        ( - -3.298e+04 3 0))INFO: dtree.c(1439): stop. leaf nodes are specific
INFO: dtree.c(1478): Final simple tree
|( QUESTION0_3_R 1 -1.908e+04 1.678e+02 9.259e+01
|    ( - -1.814e+04 1 0)
|    ( - -7.668e+02 1 0))
s>    ( QUESTION0_3_R 1 -1.908e+04 1.678e+02 9.259e+01
s>        ( - -1.814e+04 1 0)
s>        ( - -7.668e+02 1 0))INFO: dtree.c(1315): Comp split 42
INFO: dtree.c(1439): stop. leaf nodes are specific
INFO: dtree.c(1478): Final simple tree
|( QUESTION0 1 -1.142e+04 1.619e+02 4.694e+01
|    ( - -5.495e+02 1 0)
|    ( - -1.071e+04 1 0))
s>    ( QUESTION0 1 -1.142e+04 1.619e+02 4.694e+01
s>        ( - -5.495e+02 1 0)
s>        ( - -1.071e+04 1 0))INFO: dtree.c(1315): Comp split 43
INFO: dtree.c(1439): stop. leaf nodes are specific
INFO: dtree.c(1478): Final simple tree
|( QUESTION17 1 -2.090e+04 1.883e+02 9.491e+01
|    ( - -4.597e+02 1 0)
|    ( QUESTION0_5_R 1 -2.026e+04 1.834e+02 9.191e+01
|        ( WDBNDRY_E 0 -1.341e+04 1.356e+02 6.132e+01
|            ( - -6.336e+03 1 0)
|            ( QUESTION2_3_L -1 -6.943e+03 8.210e+01 3.184e+01
|                ( - -4.484e+03 1 0)
|                ( - -2.377e+03 1 0)))
|        ( QUESTION0_0_R 1 -6.659e+03 1.591e+02 3.059e+01
|            ( - -5.940e+03 1 0)
|            ( - -5.600e+02 1 0))))
s>    ( QUESTION17 1 -2.090e+04 1.883e+02 9.491e+01
s>        ( - -4.597e+02 1 0)
s>        ( QUESTION0_5_R 1 -2.026e+04 1.834e+02 9.191e+01
s>            ( WDBNDRY_E 0 -1.341e+04 1.356e+02 6.132e+01
s>                ( - -6.336e+03 1 0)
s>                ( QUESTION2_3_L -1 -6.943e+03 8.210e+01 3.184e+01
s>                    ( - -4.484e+03 1 0)
s>                    ( - -2.377e+03 1 0)))
s>            ( QUESTION0_0_R 1 -6.659e+03 1.591e+02 3.059e+01
s>                ( - -5.940e+03 1 0)
s>                ( - -5.600e+02 1 0))))INFO: dtree.c(1315): Comp split 44
INFO: dtree.c(1439): stop. leaf nodes are specific
INFO: dtree.c(1478): Final simple tree
|( WDBNDRY_E 0 -1.683e+04 1.817e+02 7.735e+01
|    ( - -6.584e+02 1 0)
|    ( QUESTION0_0_R 1 -1.599e+04 1.307e+02 7.335e+01
|        ( - -3.326e+03 1 0)
|        ( - -1.253e+04 1 0)))
s>    ( WDBNDRY_E 0 -1.683e+04 1.817e+02 7.735e+01
s>        ( - -6.584e+02 1 0)
s>        ( QUESTION0_0_R 1 -1.599e+04 1.307e+02 7.335e+01
s>            ( - -3.326e+03 1 0)
s>            ( - -1.253e+04 1 0)))INFO: dtree.c(1439): stop. leaf nodes are specific
INFO: dtree.c(1478): Final simple tree
|( WDBNDRY_E 0 -3.108e+03 1.274e+02 1.400e+01
|    ( - -2.232e+03 1 0)
|    ( - -7.487e+02 1 0))
s>    ( WDBNDRY_E 0 -3.108e+03 1.274e+02 1.400e+01
s>        ( - -2.232e+03 1 0)
s>        ( - -7.487e+02 1 0))INFO: dtree.c(1315): Comp split 45
INFO: dtree.c(1315): Comp split 46
INFO: dtree.c(1439): stop. leaf nodes are specific
INFO: dtree.c(1478): Final simple tree
|( QUESTION0_0_R 1 -2.898e+04 1.578e+02 1.364e+02
|    ( - -2.825e+04 2 0)
|    ( - -5.703e+02 1 0))
s>    ( QUESTION0_0_R 1 -2.898e+04 1.578e+02 1.364e+02
s>        ( - -2.825e+04 2 0)
s>        ( - -5.703e+02 1 0))INFO: dtree.c(1315): Comp split 47
INFO: dtree.c(1439): stop. leaf nodes are specific
INFO: dtree.c(1478): Final simple tree
|( QUESTION0_15_R 1 -2.993e+04 1.514e+02 1.349e+02
|    ( - -3.186e+02 1 0)
|    ( QUESTION0_0_R 1 -2.946e+04 1.438e+02 1.329e+02
|        ( - -2.764e+04 2 0)
|        ( - -1.681e+03 1 0)))
s>    ( QUESTION0_15_R 1 -2.993e+04 1.514e+02 1.349e+02
s>        ( - -3.186e+02 1 0)
s>        ( QUESTION0_0_R 1 -2.946e+04 1.438e+02 1.329e+02
s>            ( - -2.764e+04 2 0)
s>            ( - -1.681e+03 1 0)))INFO: dtree.c(1315): Comp split 48
INFO: dtree.c(1439): stop. leaf nodes are specific
INFO: dtree.c(1478): Final simple tree
|( QUESTION1 -1 -1.294e+04 1.851e+02 5.296e+01
|    ( - -1.221e+04 1 0)
|    ( - -5.391e+02 1 0))
s>    ( QUESTION1 -1 -1.294e+04 1.851e+02 5.296e+01
s>        ( - -1.221e+04 1 0)
s>        ( - -5.391e+02 1 0))INFO: dtree.c(1315): Comp split 49
INFO: dtree.c(1439): stop. leaf nodes are specific
INFO: dtree.c(1478): Final simple tree
|( QUESTION0_5_R 1 -2.026e+04 1.834e+02 9.191e+01
|    ( WDBNDRY_E 0 -1.341e+04 1.356e+02 6.132e+01
|        ( - -6.336e+03 1 0)
|        ( QUESTION2_3_L -1 -6.943e+03 8.210e+01 3.184e+01
|            ( - -4.484e+03 1 0)
|            ( - -2.377e+03 1 0)))
|    ( QUESTION0_0_R 1 -6.659e+03 1.591e+02 3.059e+01
|        ( - -5.940e+03 1 0)
|        ( - -5.600e+02 1 0)))
s>    ( QUESTION0_5_R 1 -2.026e+04 1.834e+02 9.191e+01
s>        ( WDBNDRY_E 0 -1.341e+04 1.356e+02 6.132e+01
s>            ( - -6.336e+03 1 0)
s>            ( QUESTION2_3_L -1 -6.943e+03 8.210e+01 3.184e+01
s>                ( - -4.484e+03 1 0)
s>                ( - -2.377e+03 1 0)))
s>        ( QUESTION0_0_R 1 -6.659e+03 1.591e+02 3.059e+01
s>            ( - -5.940e+03 1 0)
s>            ( - -5.600e+02 1 0)))INFO: dtree.c(1315): Comp split 50
INFO: dtree.c(1315): Comp split 51
INFO: dtree.c(1439): stop. leaf nodes are specific
INFO: dtree.c(1478): Final simple tree
|( WDBNDRY_E 0 -1.341e+04 1.356e+02 6.132e+01
|    ( - -6.336e+03 1 0)
|    ( QUESTION2_3_L -1 -6.943e+03 8.210e+01 3.184e+01
|        ( - -4.484e+03 1 0)
|        ( - -2.377e+03 1 0)))
s>    ( WDBNDRY_E 0 -1.341e+04 1.356e+02 6.132e+01
s>        ( - -6.336e+03 1 0)
s>        ( QUESTION2_3_L -1 -6.943e+03 8.210e+01 3.184e+01
s>            ( - -4.484e+03 1 0)
s>            ( - -2.377e+03 1 0)))INFO: dtree.c(1439): stop. leaf nodes are specific
INFO: dtree.c(1478): Final simple tree
|( QUESTION0_0_R 1 -6.659e+03 1.591e+02 3.059e+01
|    ( - -5.940e+03 1 0)
|    ( - -5.600e+02 1 0))
s>    ( QUESTION0_0_R 1 -6.659e+03 1.591e+02 3.059e+01
s>        ( - -5.940e+03 1 0)
s>        ( - -5.600e+02 1 0))INFO: dtree.c(1315): Comp split 52
INFO: dtree.c(1439): stop. leaf nodes are specific
INFO: dtree.c(1478): Final simple tree
|( QUESTION0_0_R 1 -1.599e+04 1.307e+02 7.335e+01
|    ( - -3.326e+03 1 0)
|    ( - -1.253e+04 1 0))
s>    ( QUESTION0_0_R 1 -1.599e+04 1.307e+02 7.335e+01
s>        ( - -3.326e+03 1 0)
s>        ( - -1.253e+04 1 0))INFO: dtree.c(1315): Comp split 53
INFO: dtree.c(1439): stop. leaf nodes are specific
INFO: dtree.c(1478): Final simple tree
|( QUESTION2_11_L -1 -2.062e+04 1.505e+02 9.116e+01
|    ( QUESTION9 -1 -1.363e+04 1.124e+02 6.017e+01
|        ( - -7.724e+03 1 0)
|        ( - -5.792e+03 1 0))
|    ( QUESTION9 -1 -6.845e+03 1.452e+02 3.100e+01
|        ( - -5.309e+03 1 0)
|        ( - -1.390e+03 1 0)))
s>    ( QUESTION2_11_L -1 -2.062e+04 1.505e+02 9.116e+01
s>        ( QUESTION9 -1 -1.363e+04 1.124e+02 6.017e+01
s>            ( - -7.724e+03 1 0)
s>            ( - -5.792e+03 1 0))
s>        ( QUESTION9 -1 -6.845e+03 1.452e+02 3.100e+01
s>            ( - -5.309e+03 1 0)
s>            ( - -1.390e+03 1 0)))INFO: dtree.c(1315): Comp split 54
INFO: dtree.c(1315): Comp split 55
INFO: dtree.c(1315): Comp split 56
INFO: dtree.c(1315): Comp split 57
INFO: dtree.c(1315): Comp split 58
INFO: dtree.c(1315): Comp split 59
INFO: dtree.c(1315): Comp split 60
INFO: dtree.c(1315): Comp split 61
INFO: dtree.c(1439): stop. leaf nodes are specific
INFO: dtree.c(1478): Final simple tree
|( QUESTION0_0_R 1 -2.946e+04 1.438e+02 1.329e+02
|    ( - -2.764e+04 2 0)
|    ( - -1.681e+03 1 0))
s>    ( QUESTION0_0_R 1 -2.946e+04 1.438e+02 1.329e+02
s>        ( - -2.764e+04 2 0)
s>        ( - -1.681e+03 1 0))INFO: dtree.c(1315): Comp split 62
INFO: dtree.c(1439): stop. leaf nodes are specific
INFO: dtree.c(1478): Final simple tree
|( QUESTION9 -1 -6.845e+03 1.452e+02 3.100e+01
|    ( - -5.309e+03 1 0)
|    ( - -1.390e+03 1 0))
s>    ( QUESTION9 -1 -6.845e+03 1.452e+02 3.100e+01
s>        ( - -5.309e+03 1 0)
s>        ( - -1.390e+03 1 0))INFO: dtree.c(1439): stop. leaf nodes are specific
INFO: dtree.c(1478): Final simple tree
|( QUESTION9 -1 -1.363e+04 1.124e+02 6.017e+01
|    ( - -7.724e+03 1 0)
|    ( - -5.792e+03 1 0))
s>    ( QUESTION9 -1 -1.363e+04 1.124e+02 6.017e+01
s>        ( - -7.724e+03 1 0)
s>        ( - -5.792e+03 1 0))INFO: dtree.c(1315): Comp split 63
INFO: dtree.c(1315): Comp split 64
INFO: dtree.c(1315): Comp split 65
INFO: dtree.c(1439): stop. leaf nodes are specific
INFO: dtree.c(1478): Final simple tree
|( QUESTION2_3_L -1 -6.943e+03 8.210e+01 3.184e+01
|    ( - -4.484e+03 1 0)
|    ( - -2.377e+03 1 0))
s>    ( QUESTION2_3_L -1 -6.943e+03 8.210e+01 3.184e+01
s>        ( - -4.484e+03 1 0)
s>        ( - -2.377e+03 1 0))INFO: dtree.c(1315): Comp split 66
INFO: dtree.c(1315): Comp split 67
INFO: dtree.c(1315): Comp split 68
INFO: dtree.c(1315): Comp split 69
INFO: dtree.c(1315): Comp split 70
INFO: dtree.c(1315): Comp split 71
INFO: dtree.c(1315): Comp split 72
INFO: dtree.c(1318): stop. leaf nodes are specific
Wed Dec 20 23:52:21 2017
