Current configuration:
[NAME]		[DEFLT]	[VALUE]
-allphones	no	no
-cntthresh	0.00001	1.000000e-05
-csplitmax	100	2000
-csplitmin	1	1
-csplitthr	8e-4	0.000000e+00
-example	no	no
-fullvar	no	no
-help		no	no
-meanfn			/home/alex/repos/speech/an4/model_parameters/an4.cd_cont_untied/means
-mixwfn			/home/alex/repos/speech/an4/model_parameters/an4.cd_cont_untied/mixture_weights
-moddeffn		/home/alex/repos/speech/an4/model_architecture/an4.untied.mdef
-mwfloor	1e-4	1.000000e-08
-phone			EY
-psetfn			/home/alex/repos/speech/an4/model_architecture/an4.tree_questions
-ssplitmax	5	7
-ssplitmin	1	1
-ssplitthr	8e-4	0.000000e+00
-state			0
-stwt			1.0,0.05,0.0,
-treefn			/home/alex/repos/speech/an4/trees/an4.unpruned/EY-0.dtree
-ts2cbfn	.semi.	.cont.
-varfloor	0.00001	1.000000e-05
-varfn			/home/alex/repos/speech/an4/model_parameters/an4.cd_cont_untied/variances

INFO: main.c(223): Reading: /home/alex/repos/speech/an4/model_architecture/an4.untied.mdef
INFO: model_def_io.c(573): Model definition info:
INFO: model_def_io.c(574): 1618 total models defined (34 base, 1584 tri)
INFO: model_def_io.c(575): 6472 total states
INFO: model_def_io.c(576): 4854 total tied states
INFO: model_def_io.c(577): 102 total tied CI states
INFO: model_def_io.c(578): 34 total tied transition matrices
INFO: model_def_io.c(579): 4 max state/model
INFO: model_def_io.c(580): 4 min state/model
INFO: main.c(242): Building trees for [EY AH CH b] through [EY V T b]
INFO: main.c(269): Covering states |[1326 1535]| == 210
INFO: main.c(275): Reading: /home/alex/repos/speech/an4/model_parameters/an4.cd_cont_untied/mixture_weights
INFO: s3mixw_io.c(173): Read /home/alex/repos/speech/an4/model_parameters/an4.cd_cont_untied/mixture_weights [210x1x1 array]
INFO: main.c(311): 70 of 70 models have observation count greater than 0.000010
INFO: main.c(95): nrm stwt: 0.952 0.048 0.000 
INFO: s3gau_io.c(169): Read /home/alex/repos/speech/an4/model_parameters/an4.cd_cont_untied/means [4854x1x1 array]
INFO: s3gau_io.c(169): Read /home/alex/repos/speech/an4/model_parameters/an4.cd_cont_untied/variances [4854x1x1 array]
INFO: main.c(549): Reading: /home/alex/repos/speech/an4/model_architecture/an4.tree_questions
INFO: main.c(588): 180 total simple questions (172 phone; 8 word bndry)
INFO: main.c(590): 42 Left Only questions, and 42 Right Only questions
INFO: dtree.c(1478): Final simple tree
|( WDBNDRY_I 0 -8.319e+05 3.328e+03 3.665e+03
|    ( - -2.894e+04 1 0)
|    ( WDBNDRY_B 0 -7.997e+05 3.000e+03 3.522e+03
|        ( QUESTION2_14_L -1 -6.214e+05 7.919e+02 2.758e+03
|            ( - -2.242e+05 4 0 QUESTION14 1 4.205e+02 9.861e+02)
|            ( QUESTION2_6_L -1 -3.964e+05 8.494e+02 1.772e+03
|                ( - -2.216e+05 21 0 QUESTION2_7_L -1 4.588e+02 9.711e+02)
|                ( SILENCE -1 -1.739e+05 5.903e+02 8.012e+02
|                    ( QUESTION0_3_R 1 -1.011e+05 4.600e+02 4.684e+02
|                        ( - -1.009e+05 2 0 QUESTION14 1 2.239e+02 4.674e+02)
|                        ( - 2.415e+02 1 0))
|                    ( - -7.224e+04 4 0 QUESTION1 -1 3.725e+02 3.328e+02))))
|        ( QUESTION9 -1 -1.753e+05 1.685e+03 7.633e+02
|            ( - -4.034e+04 16 0 QUESTION0_3_R 1 2.075e+02 1.702e+02)
|            ( - -1.332e+05 21 0 QUESTION1 -1 4.098e+02 5.931e+02))))
s>    ( WDBNDRY_I 0 -8.319e+05 3.328e+03 3.665e+03
s>        ( - -2.894e+04 1 0)
s>        ( WDBNDRY_B 0 -7.997e+05 3.000e+03 3.522e+03
s>            ( QUESTION2_14_L -1 -6.214e+05 7.919e+02 2.758e+03
s>                ( - -2.242e+05 4 0 QUESTION14 1 4.205e+02 9.861e+02)
s>                ( QUESTION2_6_L -1 -3.964e+05 8.494e+02 1.772e+03
s>                    ( - -2.216e+05 21 0 QUESTION2_7_L -1 4.588e+02 9.711e+02)
s>                    ( SILENCE -1 -1.739e+05 5.903e+02 8.012e+02
s>                        ( QUESTION0_3_R 1 -1.011e+05 4.600e+02 4.684e+02
s>                            ( - -1.009e+05 2 0 QUESTION14 1 2.239e+02 4.674e+02)
s>                            ( - 2.415e+02 1 0))
s>                        ( - -7.224e+04 4 0 QUESTION1 -1 3.725e+02 3.328e+02))))
s>            ( QUESTION9 -1 -1.753e+05 1.685e+03 7.633e+02
s>                ( - -4.034e+04 16 0 QUESTION0_3_R 1 2.075e+02 1.702e+02)
s>                ( - -1.332e+05 21 0 QUESTION1 -1 4.098e+02 5.931e+02))))INFO: dtree.c(1315): Comp split 0
INFO: dtree.c(1478): Final simple tree
|( WDBNDRY_B 0 -7.570e+05 2.365e+03 3.351e+03
|    ( QUESTION2_14_L -1 -6.214e+05 7.919e+02 2.758e+03
|        ( - -2.242e+05 4 0 QUESTION14 1 4.205e+02 9.861e+02)
|        ( QUESTION2_6_L -1 -3.964e+05 8.494e+02 1.772e+03
|            ( QUESTION2_7_L -1 -2.216e+05 4.588e+02 9.711e+02
|                ( - -1.007e+05 9 0 QUESTION14 -1 3.492e+02 4.440e+02)
|                ( QUESTION0 -1 -1.205e+05 4.835e+02 5.272e+02
|                    ( - -5.218e+04 6 0 QUESTION2 -1 2.271e+02 2.279e+02)
|                    ( - -6.781e+04 6 0 QUESTION14 1 2.595e+02 2.992e+02)))
|            ( SILENCE -1 -1.739e+05 5.903e+02 8.012e+02
|                ( QUESTION0_3_R 1 -1.011e+05 4.600e+02 4.684e+02
|                    ( - -1.009e+05 2 0 QUESTION14 1 2.239e+02 4.674e+02)
|                    ( - 2.415e+02 1 0))
|                ( - -7.224e+04 4 0 QUESTION1 -1 3.725e+02 3.328e+02))))
|    ( - -1.332e+05 21 0 QUESTION1 -1 4.098e+02 5.931e+02))
s>    ( WDBNDRY_B 0 -7.570e+05 2.365e+03 3.351e+03
s>        ( QUESTION2_14_L -1 -6.214e+05 7.919e+02 2.758e+03
s>            ( - -2.242e+05 4 0 QUESTION14 1 4.205e+02 9.861e+02)
s>            ( QUESTION2_6_L -1 -3.964e+05 8.494e+02 1.772e+03
s>                ( QUESTION2_7_L -1 -2.216e+05 4.588e+02 9.711e+02
s>                    ( - -1.007e+05 9 0 QUESTION14 -1 3.492e+02 4.440e+02)
s>                    ( QUESTION0 -1 -1.205e+05 4.835e+02 5.272e+02
s>                        ( - -5.218e+04 6 0 QUESTION2 -1 2.271e+02 2.279e+02)
s>                        ( - -6.781e+04 6 0 QUESTION14 1 2.595e+02 2.992e+02)))
s>                ( SILENCE -1 -1.739e+05 5.903e+02 8.012e+02
s>                    ( QUESTION0_3_R 1 -1.011e+05 4.600e+02 4.684e+02
s>                        ( - -1.009e+05 2 0 QUESTION14 1 2.239e+02 4.674e+02)
s>                        ( - 2.415e+02 1 0))
s>                    ( - -7.224e+04 4 0 QUESTION1 -1 3.725e+02 3.328e+02))))
s>        ( - -1.332e+05 21 0 QUESTION1 -1 4.098e+02 5.931e+02))INFO: dtree.c(1478): Final simple tree
|( WDBNDRY_E 0 -7.150e+04 2.214e+03 3.132e+02
|    ( QUESTION0_3_R 1 -4.034e+04 2.075e+02 1.702e+02
|        ( QUESTION0_4_R 1 -3.123e+03 1.528e+02 1.400e+01
|            ( - -7.775e+02 1 0)
|            ( - -2.193e+03 1 0))
|        ( QUESTION0_20_R 1 -3.701e+04 1.768e+02 1.562e+02
|            ( - -7.249e+03 3 0)
|            ( QUESTION0_1_R 1 -2.959e+04 1.558e+02 1.247e+02
|                ( - -6.343e+03 2 0)
|                ( QUESTION9 1 -2.309e+04 1.492e+02 9.761e+01
|                    ( - -4.663e+03 1 0)
|                    ( QUESTION19 1 -1.828e+04 1.357e+02 7.641e+01
|                        ( - -2.573e+03 2 0 QUESTION0_7_R 1 1.308e+02 1.112e+01)
|                        ( - -1.557e+04 6 0 QUESTION0_6_R 1 1.657e+02 6.529e+01))))))
|    ( - -2.894e+04 1 0))
s>    ( WDBNDRY_E 0 -7.150e+04 2.214e+03 3.132e+02
s>        ( QUESTION0_3_R 1 -4.034e+04 2.075e+02 1.702e+02
s>            ( QUESTION0_4_R 1 -3.123e+03 1.528e+02 1.400e+01
s>                ( - -7.775e+02 1 0)
s>                ( - -2.193e+03 1 0))
s>            ( QUESTION0_20_R 1 -3.701e+04 1.768e+02 1.562e+02
s>                ( - -7.249e+03 3 0)
s>                ( QUESTION0_1_R 1 -2.959e+04 1.558e+02 1.247e+02
s>                    ( - -6.343e+03 2 0)
s>                    ( QUESTION9 1 -2.309e+04 1.492e+02 9.761e+01
s>                        ( - -4.663e+03 1 0)
s>                        ( QUESTION19 1 -1.828e+04 1.357e+02 7.641e+01
s>                            ( - -2.573e+03 2 0 QUESTION0_7_R 1 1.308e+02 1.112e+01)
s>                            ( - -1.557e+04 6 0 QUESTION0_6_R 1 1.657e+02 6.529e+01))))))
s>        ( - -2.894e+04 1 0))INFO: dtree.c(1315): Comp split 1
INFO: dtree.c(1478): Final simple tree
|( QUESTION2_14_L -1 -6.214e+05 7.919e+02 2.758e+03
|    ( QUESTION14 1 -2.242e+05 4.205e+02 9.861e+02
|        ( - -6.861e+04 2 0)
|        ( - -1.552e+05 2 0))
|    ( QUESTION2_6_L -1 -3.964e+05 8.494e+02 1.772e+03
|        ( QUESTION2_7_L -1 -2.216e+05 4.588e+02 9.711e+02
|            ( - -1.007e+05 9 0 QUESTION14 -1 3.492e+02 4.440e+02)
|            ( QUESTION0 -1 -1.205e+05 4.835e+02 5.272e+02
|                ( - -5.218e+04 6 0 QUESTION2 -1 2.271e+02 2.279e+02)
|                ( - -6.781e+04 6 0 QUESTION14 1 2.595e+02 2.992e+02)))
|        ( SILENCE -1 -1.739e+05 5.903e+02 8.012e+02
|            ( QUESTION0_3_R 1 -1.011e+05 4.600e+02 4.684e+02
|                ( - -1.009e+05 2 0 QUESTION14 1 2.239e+02 4.674e+02)
|                ( - 2.415e+02 1 0))
|            ( - -7.224e+04 4 0 QUESTION1 -1 3.725e+02 3.328e+02))))
s>    ( QUESTION2_14_L -1 -6.214e+05 7.919e+02 2.758e+03
s>        ( QUESTION14 1 -2.242e+05 4.205e+02 9.861e+02
s>            ( - -6.861e+04 2 0)
s>            ( - -1.552e+05 2 0))
s>        ( QUESTION2_6_L -1 -3.964e+05 8.494e+02 1.772e+03
s>            ( QUESTION2_7_L -1 -2.216e+05 4.588e+02 9.711e+02
s>                ( - -1.007e+05 9 0 QUESTION14 -1 3.492e+02 4.440e+02)
s>                ( QUESTION0 -1 -1.205e+05 4.835e+02 5.272e+02
s>                    ( - -5.218e+04 6 0 QUESTION2 -1 2.271e+02 2.279e+02)
s>                    ( - -6.781e+04 6 0 QUESTION14 1 2.595e+02 2.992e+02)))
s>            ( SILENCE -1 -1.739e+05 5.903e+02 8.012e+02
s>                ( QUESTION0_3_R 1 -1.011e+05 4.600e+02 4.684e+02
s>                    ( - -1.009e+05 2 0 QUESTION14 1 2.239e+02 4.674e+02)
s>                    ( - 2.415e+02 1 0))
s>                ( - -7.224e+04 4 0 QUESTION1 -1 3.725e+02 3.328e+02))))INFO: dtree.c(1478): Final simple tree
|( QUESTION1 -1 -1.332e+05 4.098e+02 5.931e+02
|    ( - -3.948e+03 2 0 QUESTION0_0_R 1 1.128e+02 1.700e+01)
|    ( QUESTION0_10_R 1 -1.289e+05 1.639e+02 5.761e+02
|        ( - -2.002e+04 1 0)
|        ( QUESTION0_9_R 1 -1.087e+05 1.430e+02 4.850e+02
|            ( - -1.626e+03 1 0)
|            ( SILENCE 1 -1.069e+05 1.417e+02 4.770e+02
|                ( - -1.773e+04 1 0)
|                ( QUESTION1 1 -8.904e+04 1.503e+02 3.969e+02
|                    ( - -1.941e+04 4 0 QUESTION0_13_R 1 1.175e+02 8.661e+01)
|                    ( QUESTION0_13_R 1 -6.948e+04 1.396e+02 3.102e+02
|                        ( QUESTION17 1 -1.134e+04 1.317e+02 5.108e+01
|                            ( - -1.401e+03 1 0)
|                            ( - -9.810e+03 3 0 QUESTION0_14_R 1 1.281e+02 4.408e+01))
|                        ( - -5.800e+04 8 0 QUESTION0_4_R 1 1.303e+02 2.592e+02)))))))
s>    ( QUESTION1 -1 -1.332e+05 4.098e+02 5.931e+02
s>        ( - -3.948e+03 2 0 QUESTION0_0_R 1 1.128e+02 1.700e+01)
s>        ( QUESTION0_10_R 1 -1.289e+05 1.639e+02 5.761e+02
s>            ( - -2.002e+04 1 0)
s>            ( QUESTION0_9_R 1 -1.087e+05 1.430e+02 4.850e+02
s>                ( - -1.626e+03 1 0)
s>                ( SILENCE 1 -1.069e+05 1.417e+02 4.770e+02
s>                    ( - -1.773e+04 1 0)
s>                    ( QUESTION1 1 -8.904e+04 1.503e+02 3.969e+02
s>                        ( - -1.941e+04 4 0 QUESTION0_13_R 1 1.175e+02 8.661e+01)
s>                        ( QUESTION0_13_R 1 -6.948e+04 1.396e+02 3.102e+02
s>                            ( QUESTION17 1 -1.134e+04 1.317e+02 5.108e+01
s>                                ( - -1.401e+03 1 0)
s>                                ( - -9.810e+03 3 0 QUESTION0_14_R 1 1.281e+02 4.408e+01))
s>                            ( - -5.800e+04 8 0 QUESTION0_4_R 1 1.303e+02 2.592e+02)))))))INFO: dtree.c(1315): Comp split 2
INFO: dtree.c(1478): Final simple tree
|( QUESTION0_3_R 1 -4.034e+04 2.075e+02 1.702e+02
|    ( QUESTION0_4_R 1 -3.123e+03 1.528e+02 1.400e+01
|        ( - -7.775e+02 1 0)
|        ( - -2.193e+03 1 0))
|    ( QUESTION0_20_R 1 -3.701e+04 1.768e+02 1.562e+02
|        ( - -7.249e+03 3 0)
|        ( QUESTION0_1_R 1 -2.959e+04 1.558e+02 1.247e+02
|            ( - -6.343e+03 2 0)
|            ( QUESTION9 1 -2.309e+04 1.492e+02 9.761e+01
|                ( - -4.663e+03 1 0)
|                ( QUESTION19 1 -1.828e+04 1.357e+02 7.641e+01
|                    ( - -2.573e+03 2 0 QUESTION0_7_R 1 1.308e+02 1.112e+01)
|                    ( QUESTION0_6_R 1 -1.557e+04 1.657e+02 6.529e+01
|                        ( - -1.534e+03 1 0)
|                        ( - -1.387e+04 5 0 QUESTION1 1 1.370e+02 5.826e+01)))))))
s>    ( QUESTION0_3_R 1 -4.034e+04 2.075e+02 1.702e+02
s>        ( QUESTION0_4_R 1 -3.123e+03 1.528e+02 1.400e+01
s>            ( - -7.775e+02 1 0)
s>            ( - -2.193e+03 1 0))
s>        ( QUESTION0_20_R 1 -3.701e+04 1.768e+02 1.562e+02
s>            ( - -7.249e+03 3 0)
s>            ( QUESTION0_1_R 1 -2.959e+04 1.558e+02 1.247e+02
s>                ( - -6.343e+03 2 0)
s>                ( QUESTION9 1 -2.309e+04 1.492e+02 9.761e+01
s>                    ( - -4.663e+03 1 0)
s>                    ( QUESTION19 1 -1.828e+04 1.357e+02 7.641e+01
s>                        ( - -2.573e+03 2 0 QUESTION0_7_R 1 1.308e+02 1.112e+01)
s>                        ( QUESTION0_6_R 1 -1.557e+04 1.657e+02 6.529e+01
s>                            ( - -1.534e+03 1 0)
s>                            ( - -1.387e+04 5 0 QUESTION1 1 1.370e+02 5.826e+01)))))))INFO: dtree.c(1315): Comp split 3
INFO: dtree.c(1478): Final simple tree
|( QUESTION2_7_L -1 -2.216e+05 4.588e+02 9.711e+02
|    ( QUESTION14 -1 -1.007e+05 3.492e+02 4.440e+02
|        ( - -1.366e+04 2 0 QUESTION14 1 1.735e+02 6.254e+01)
|        ( QUESTION2_8_L -1 -8.667e+04 1.999e+02 3.814e+02
|            ( - -2.053e+04 4 0 QUESTION14 1 1.304e+02 8.979e+01)
|            ( - -6.594e+04 3 0 QUESTION14 1 2.048e+02 2.916e+02)))
|    ( QUESTION0 -1 -1.205e+05 4.835e+02 5.272e+02
|        ( QUESTION2 -1 -5.218e+04 2.271e+02 2.279e+02
|            ( QUESTION14 1 -3.455e+04 2.234e+02 1.515e+02
|                ( - -2.813e+04 1 0)
|                ( - -6.196e+03 1 0))
|            ( - -1.741e+04 4 0 QUESTION6 -1 1.432e+02 7.647e+01))
|        ( QUESTION14 1 -6.781e+04 2.595e+02 2.992e+02
|            ( - -5.636e+04 3 0)
|            ( - -1.119e+04 3 0))))
s>    ( QUESTION2_7_L -1 -2.216e+05 4.588e+02 9.711e+02
s>        ( QUESTION14 -1 -1.007e+05 3.492e+02 4.440e+02
s>            ( - -1.366e+04 2 0 QUESTION14 1 1.735e+02 6.254e+01)
s>            ( QUESTION2_8_L -1 -8.667e+04 1.999e+02 3.814e+02
s>                ( - -2.053e+04 4 0 QUESTION14 1 1.304e+02 8.979e+01)
s>                ( - -6.594e+04 3 0 QUESTION14 1 2.048e+02 2.916e+02)))
s>        ( QUESTION0 -1 -1.205e+05 4.835e+02 5.272e+02
s>            ( QUESTION2 -1 -5.218e+04 2.271e+02 2.279e+02
s>                ( QUESTION14 1 -3.455e+04 2.234e+02 1.515e+02
s>                    ( - -2.813e+04 1 0)
s>                    ( - -6.196e+03 1 0))
s>                ( - -1.741e+04 4 0 QUESTION6 -1 1.432e+02 7.647e+01))
s>            ( QUESTION14 1 -6.781e+04 2.595e+02 2.992e+02
s>                ( - -5.636e+04 3 0)
s>                ( - -1.119e+04 3 0))))INFO: dtree.c(1478): Final simple tree
|( SILENCE -1 -3.988e+05 7.016e+02 1.787e+03
|    ( QUESTION0_3_R 1 -1.011e+05 4.600e+02 4.684e+02
|        ( QUESTION14 1 -1.009e+05 2.239e+02 4.674e+02
|            ( - -3.511e+04 1 0)
|            ( - -6.556e+04 1 0))
|        ( - 2.415e+02 1 0))
|    ( QUESTION14 1 -2.970e+05 6.666e+02 1.319e+03
|        ( QUESTION0 -1 -1.179e+05 3.968e+02 5.385e+02
|            ( - -3.586e+04 1 0)
|            ( - -8.167e+04 3 0 QUESTION2_0_L -1 1.698e+02 3.714e+02))
|        ( QUESTION2_0_L -1 -1.784e+05 2.968e+02 7.804e+02
|            ( QUESTION0 -1 -2.298e+04 3.506e+02 1.036e+02
|                ( - -7.752e+03 1 0)
|                ( - -1.488e+04 1 0))
|            ( - -1.552e+05 2 0))))
s>    ( SILENCE -1 -3.988e+05 7.016e+02 1.787e+03
s>        ( QUESTION0_3_R 1 -1.011e+05 4.600e+02 4.684e+02
s>            ( QUESTION14 1 -1.009e+05 2.239e+02 4.674e+02
s>                ( - -3.511e+04 1 0)
s>                ( - -6.556e+04 1 0))
s>            ( - 2.415e+02 1 0))
s>        ( QUESTION14 1 -2.970e+05 6.666e+02 1.319e+03
s>            ( QUESTION0 -1 -1.179e+05 3.968e+02 5.385e+02
s>                ( - -3.586e+04 1 0)
s>                ( - -8.167e+04 3 0 QUESTION2_0_L -1 1.698e+02 3.714e+02))
s>            ( QUESTION2_0_L -1 -1.784e+05 2.968e+02 7.804e+02
s>                ( QUESTION0 -1 -2.298e+04 3.506e+02 1.036e+02
s>                    ( - -7.752e+03 1 0)
s>                    ( - -1.488e+04 1 0))
s>                ( - -1.552e+05 2 0))))INFO: dtree.c(1315): Comp split 4
INFO: dtree.c(1439): stop. leaf nodes are specific
INFO: dtree.c(1478): Final simple tree
|( QUESTION0 -1 -1.632e+05 2.338e+02 7.088e+02
|    ( - -7.752e+03 1 0)
|    ( - -1.552e+05 2 0))
s>    ( QUESTION0 -1 -1.632e+05 2.338e+02 7.088e+02
s>        ( - -7.752e+03 1 0)
s>        ( - -1.552e+05 2 0))INFO: dtree.c(1439): stop. leaf nodes are specific
INFO: dtree.c(1478): Final simple tree
|( SILENCE -1 -2.348e+05 6.314e+02 1.078e+03
|    ( QUESTION0_3_R 1 -1.011e+05 4.600e+02 4.684e+02
|        ( QUESTION14 1 -1.009e+05 2.239e+02 4.674e+02
|            ( - -3.511e+04 1 0)
|            ( - -6.556e+04 1 0))
|        ( - 2.415e+02 1 0))
|    ( QUESTION0 -1 -1.330e+05 3.938e+02 6.101e+02
|        ( - -3.586e+04 1 0)
|        ( QUESTION14 1 -9.678e+04 2.349e+02 4.429e+02
|            ( QUESTION2_0_L -1 -8.167e+04 1.698e+02 3.714e+02
|                ( - -1.288e+04 1 0)
|                ( - -6.861e+04 2 0))
|            ( - -1.488e+04 1 0))))
s>    ( SILENCE -1 -2.348e+05 6.314e+02 1.078e+03
s>        ( QUESTION0_3_R 1 -1.011e+05 4.600e+02 4.684e+02
s>            ( QUESTION14 1 -1.009e+05 2.239e+02 4.674e+02
s>                ( - -3.511e+04 1 0)
s>                ( - -6.556e+04 1 0))
s>            ( - 2.415e+02 1 0))
s>        ( QUESTION0 -1 -1.330e+05 3.938e+02 6.101e+02
s>            ( - -3.586e+04 1 0)
s>            ( QUESTION14 1 -9.678e+04 2.349e+02 4.429e+02
s>                ( QUESTION2_0_L -1 -8.167e+04 1.698e+02 3.714e+02
s>                    ( - -1.288e+04 1 0)
s>                    ( - -6.861e+04 2 0))
s>                ( - -1.488e+04 1 0))))INFO: dtree.c(1315): Comp split 5
INFO: dtree.c(1439): stop. leaf nodes are specific
INFO: dtree.c(1478): Final simple tree
|( QUESTION14 1 -1.009e+05 2.239e+02 4.674e+02
|    ( - -3.511e+04 1 0)
|    ( - -6.556e+04 1 0))
s>    ( QUESTION14 1 -1.009e+05 2.239e+02 4.674e+02
s>        ( - -3.511e+04 1 0)
s>        ( - -6.556e+04 1 0))INFO: dtree.c(1439): stop. leaf nodes are specific
INFO: dtree.c(1478): Final simple tree
|( SILENCE -1 -1.332e+05 4.596e+02 6.111e+02
|    ( - 2.415e+02 1 0)
|    ( QUESTION0 -1 -1.330e+05 3.938e+02 6.101e+02
|        ( - -3.586e+04 1 0)
|        ( QUESTION14 1 -9.678e+04 2.349e+02 4.429e+02
|            ( QUESTION2_0_L -1 -8.167e+04 1.698e+02 3.714e+02
|                ( - -1.288e+04 1 0)
|                ( - -6.861e+04 2 0))
|            ( - -1.488e+04 1 0))))
s>    ( SILENCE -1 -1.332e+05 4.596e+02 6.111e+02
s>        ( - 2.415e+02 1 0)
s>        ( QUESTION0 -1 -1.330e+05 3.938e+02 6.101e+02
s>            ( - -3.586e+04 1 0)
s>            ( QUESTION14 1 -9.678e+04 2.349e+02 4.429e+02
s>                ( QUESTION2_0_L -1 -8.167e+04 1.698e+02 3.714e+02
s>                    ( - -1.288e+04 1 0)
s>                    ( - -6.861e+04 2 0))
s>                ( - -1.488e+04 1 0))))INFO: dtree.c(1315): Comp split 6
INFO: dtree.c(1439): stop. leaf nodes are specific
INFO: dtree.c(1478): Final simple tree
|( QUESTION14 1 -6.781e+04 2.595e+02 2.992e+02
|    ( - -5.636e+04 3 0)
|    ( - -1.119e+04 3 0))
s>    ( QUESTION14 1 -6.781e+04 2.595e+02 2.992e+02
s>        ( - -5.636e+04 3 0)
s>        ( - -1.119e+04 3 0))INFO: dtree.c(1478): Final simple tree
|( QUESTION0 -1 -1.532e+05 3.500e+02 6.719e+02
|    ( QUESTION14 -1 -8.007e+04 2.591e+02 3.503e+02
|        ( QUESTION14 1 -1.366e+04 1.735e+02 6.254e+01
|            ( - -1.183e+04 1 0)
|            ( - -1.659e+03 1 0))
|        ( QUESTION1 -1 -6.615e+04 2.432e+02 2.877e+02
|            ( QUESTION2 -1 -5.218e+04 2.271e+02 2.279e+02
|                ( QUESTION14 1 -3.455e+04 2.234e+02 1.515e+02
|                    ( - -2.813e+04 1 0)
|                    ( - -6.196e+03 1 0))
|                ( - -1.741e+04 4 0 QUESTION6 -1 1.432e+02 7.647e+01))
|            ( - -1.373e+04 3 0 QUESTION9 -1 1.516e+02 5.979e+01)))
|    ( QUESTION14 1 -7.276e+04 2.092e+02 3.216e+02
|        ( - -5.415e+04 2 0 QUESTION2_8_L -1 1.321e+02 2.414e+02)
|        ( - -1.840e+04 2 0 QUESTION2_8_L -1 1.589e+02 8.024e+01)))
s>    ( QUESTION0 -1 -1.532e+05 3.500e+02 6.719e+02
s>        ( QUESTION14 -1 -8.007e+04 2.591e+02 3.503e+02
s>            ( QUESTION14 1 -1.366e+04 1.735e+02 6.254e+01
s>                ( - -1.183e+04 1 0)
s>                ( - -1.659e+03 1 0))
s>            ( QUESTION1 -1 -6.615e+04 2.432e+02 2.877e+02
s>                ( QUESTION2 -1 -5.218e+04 2.271e+02 2.279e+02
s>                    ( QUESTION14 1 -3.455e+04 2.234e+02 1.515e+02
s>                        ( - -2.813e+04 1 0)
s>                        ( - -6.196e+03 1 0))
s>                    ( - -1.741e+04 4 0 QUESTION6 -1 1.432e+02 7.647e+01))
s>                ( - -1.373e+04 3 0 QUESTION9 -1 1.516e+02 5.979e+01)))
s>        ( QUESTION14 1 -7.276e+04 2.092e+02 3.216e+02
s>            ( - -5.415e+04 2 0 QUESTION2_8_L -1 1.321e+02 2.414e+02)
s>            ( - -1.840e+04 2 0 QUESTION2_8_L -1 1.589e+02 8.024e+01)))INFO: dtree.c(1315): Comp split 7
INFO: dtree.c(1439): stop. leaf nodes are specific
INFO: dtree.c(1478): Final simple tree
|( QUESTION0 -1 -1.330e+05 3.938e+02 6.101e+02
|    ( - -3.586e+04 1 0)
|    ( QUESTION14 1 -9.678e+04 2.349e+02 4.429e+02
|        ( QUESTION2_0_L -1 -8.167e+04 1.698e+02 3.714e+02
|            ( - -1.288e+04 1 0)
|            ( - -6.861e+04 2 0))
|        ( - -1.488e+04 1 0)))
s>    ( QUESTION0 -1 -1.330e+05 3.938e+02 6.101e+02
s>        ( - -3.586e+04 1 0)
s>        ( QUESTION14 1 -9.678e+04 2.349e+02 4.429e+02
s>            ( QUESTION2_0_L -1 -8.167e+04 1.698e+02 3.714e+02
s>                ( - -1.288e+04 1 0)
s>                ( - -6.861e+04 2 0))
s>            ( - -1.488e+04 1 0)))INFO: dtree.c(1315): Comp split 8
INFO: dtree.c(1439): stop. leaf nodes are specific
INFO: dtree.c(1478): Final simple tree
|( QUESTION1 -1 -4.844e+04 2.265e+02 2.140e+02
|    ( QUESTION14 1 -3.455e+04 2.234e+02 1.515e+02
|        ( - -2.813e+04 1 0)
|        ( - -6.196e+03 1 0))
|    ( QUESTION14 1 -1.366e+04 1.735e+02 6.254e+01
|        ( - -1.183e+04 1 0)
|        ( - -1.659e+03 1 0)))
s>    ( QUESTION1 -1 -4.844e+04 2.265e+02 2.140e+02
s>        ( QUESTION14 1 -3.455e+04 2.234e+02 1.515e+02
s>            ( - -2.813e+04 1 0)
s>            ( - -6.196e+03 1 0))
s>        ( QUESTION14 1 -1.366e+04 1.735e+02 6.254e+01
s>            ( - -1.183e+04 1 0)
s>            ( - -1.659e+03 1 0)))INFO: dtree.c(1478): Final simple tree
|( QUESTION1 -1 -1.043e+05 2.379e+02 4.579e+02
|    ( QUESTION6 -1 -1.741e+04 1.432e+02 7.647e+01
|        ( - -7.781e+03 2 0 QUESTION14 1 1.181e+02 3.499e+01)
|        ( QUESTION14 1 -9.483e+03 4.433e+02 4.147e+01
|            ( - -9.209e+03 1 0)
|            ( - 1.701e+02 1 0)))
|    ( QUESTION2_8_L -1 -8.667e+04 1.999e+02 3.814e+02
|        ( QUESTION14 1 -2.053e+04 1.304e+02 8.979e+01
|            ( - -1.485e+04 3 0 QUESTION0 -1 1.337e+02 6.479e+01)
|            ( - -5.549e+03 1 0))
|        ( QUESTION14 1 -6.594e+04 2.048e+02 2.916e+02
|            ( - -5.059e+04 1 0)
|            ( QUESTION0 -1 -1.515e+04 1.707e+02 6.624e+01
|                ( - -2.294e+03 1 0)
|                ( - -1.269e+04 1 0)))))
s>    ( QUESTION1 -1 -1.043e+05 2.379e+02 4.579e+02
s>        ( QUESTION6 -1 -1.741e+04 1.432e+02 7.647e+01
s>            ( - -7.781e+03 2 0 QUESTION14 1 1.181e+02 3.499e+01)
s>            ( QUESTION14 1 -9.483e+03 4.433e+02 4.147e+01
s>                ( - -9.209e+03 1 0)
s>                ( - 1.701e+02 1 0)))
s>        ( QUESTION2_8_L -1 -8.667e+04 1.999e+02 3.814e+02
s>            ( QUESTION14 1 -2.053e+04 1.304e+02 8.979e+01
s>                ( - -1.485e+04 3 0 QUESTION0 -1 1.337e+02 6.479e+01)
s>                ( - -5.549e+03 1 0))
s>            ( QUESTION14 1 -6.594e+04 2.048e+02 2.916e+02
s>                ( - -5.059e+04 1 0)
s>                ( QUESTION0 -1 -1.515e+04 1.707e+02 6.624e+01
s>                    ( - -2.294e+03 1 0)
s>                    ( - -1.269e+04 1 0)))))INFO: dtree.c(1315): Comp split 9
INFO: dtree.c(1478): Final simple tree
|( QUESTION1 -1 -1.040e+05 2.372e+02 4.569e+02
|    ( QUESTION6 -1 -1.713e+04 1.395e+02 7.547e+01
|        ( - -7.781e+03 2 0 QUESTION14 1 1.181e+02 3.499e+01)
|        ( - -9.209e+03 1 0))
|    ( QUESTION2_8_L -1 -8.667e+04 1.999e+02 3.814e+02
|        ( QUESTION14 1 -2.053e+04 1.304e+02 8.979e+01
|            ( QUESTION0 -1 -1.485e+04 1.337e+02 6.479e+01
|                ( - -1.128e+04 2 0 QUESTION17 -1 1.218e+02 4.879e+01)
|                ( - -3.437e+03 1 0))
|            ( - -5.549e+03 1 0))
|        ( QUESTION14 1 -6.594e+04 2.048e+02 2.916e+02
|            ( - -5.059e+04 1 0)
|            ( QUESTION0 -1 -1.515e+04 1.707e+02 6.624e+01
|                ( - -2.294e+03 1 0)
|                ( - -1.269e+04 1 0)))))
s>    ( QUESTION1 -1 -1.040e+05 2.372e+02 4.569e+02
s>        ( QUESTION6 -1 -1.713e+04 1.395e+02 7.547e+01
s>            ( - -7.781e+03 2 0 QUESTION14 1 1.181e+02 3.499e+01)
s>            ( - -9.209e+03 1 0))
s>        ( QUESTION2_8_L -1 -8.667e+04 1.999e+02 3.814e+02
s>            ( QUESTION14 1 -2.053e+04 1.304e+02 8.979e+01
s>                ( QUESTION0 -1 -1.485e+04 1.337e+02 6.479e+01
s>                    ( - -1.128e+04 2 0 QUESTION17 -1 1.218e+02 4.879e+01)
s>                    ( - -3.437e+03 1 0))
s>                ( - -5.549e+03 1 0))
s>            ( QUESTION14 1 -6.594e+04 2.048e+02 2.916e+02
s>                ( - -5.059e+04 1 0)
s>                ( QUESTION0 -1 -1.515e+04 1.707e+02 6.624e+01
s>                    ( - -2.294e+03 1 0)
s>                    ( - -1.269e+04 1 0)))))INFO: dtree.c(1315): Comp split 10
INFO: dtree.c(1478): Final simple tree
|( QUESTION0_10_R 1 -1.289e+05 1.639e+02 5.761e+02
|    ( - -2.002e+04 1 0)
|    ( QUESTION0_9_R 1 -1.087e+05 1.430e+02 4.850e+02
|        ( - -1.626e+03 1 0)
|        ( SILENCE 1 -1.069e+05 1.417e+02 4.770e+02
|            ( - -1.773e+04 1 0)
|            ( QUESTION1 1 -8.904e+04 1.503e+02 3.969e+02
|                ( - -1.941e+04 4 0 QUESTION0_13_R 1 1.175e+02 8.661e+01)
|                ( QUESTION0_13_R 1 -6.948e+04 1.396e+02 3.102e+02
|                    ( QUESTION17 1 -1.134e+04 1.317e+02 5.108e+01
|                        ( - -1.401e+03 1 0)
|                        ( - -9.810e+03 3 0 QUESTION0_14_R 1 1.281e+02 4.408e+01))
|                    ( QUESTION0_4_R 1 -5.800e+04 1.303e+02 2.592e+02
|                        ( - -1.026e+04 1 0)
|                        ( - -4.761e+04 7 0 QUESTION0_1_R 1 1.160e+02 2.129e+02)))))))
s>    ( QUESTION0_10_R 1 -1.289e+05 1.639e+02 5.761e+02
s>        ( - -2.002e+04 1 0)
s>        ( QUESTION0_9_R 1 -1.087e+05 1.430e+02 4.850e+02
s>            ( - -1.626e+03 1 0)
s>            ( SILENCE 1 -1.069e+05 1.417e+02 4.770e+02
s>                ( - -1.773e+04 1 0)
s>                ( QUESTION1 1 -8.904e+04 1.503e+02 3.969e+02
s>                    ( - -1.941e+04 4 0 QUESTION0_13_R 1 1.175e+02 8.661e+01)
s>                    ( QUESTION0_13_R 1 -6.948e+04 1.396e+02 3.102e+02
s>                        ( QUESTION17 1 -1.134e+04 1.317e+02 5.108e+01
s>                            ( - -1.401e+03 1 0)
s>                            ( - -9.810e+03 3 0 QUESTION0_14_R 1 1.281e+02 4.408e+01))
s>                        ( QUESTION0_4_R 1 -5.800e+04 1.303e+02 2.592e+02
s>                            ( - -1.026e+04 1 0)
s>                            ( - -4.761e+04 7 0 QUESTION0_1_R 1 1.160e+02 2.129e+02)))))))INFO: dtree.c(1439): stop. leaf nodes are specific
INFO: dtree.c(1478): Final simple tree
|( QUESTION0_0_R 1 -3.948e+03 1.128e+02 1.700e+01
|    ( - -1.489e+03 1 0)
|    ( - -2.347e+03 1 0))
s>    ( QUESTION0_0_R 1 -3.948e+03 1.128e+02 1.700e+01
s>        ( - -1.489e+03 1 0)
s>        ( - -2.347e+03 1 0))INFO: dtree.c(1315): Comp split 11
INFO: dtree.c(1439): stop. leaf nodes are specific
INFO: dtree.c(1478): Final simple tree
|( QUESTION14 1 -9.678e+04 2.349e+02 4.429e+02
|    ( QUESTION2_0_L -1 -8.167e+04 1.698e+02 3.714e+02
|        ( - -1.288e+04 1 0)
|        ( - -6.861e+04 2 0))
|    ( - -1.488e+04 1 0))
s>    ( QUESTION14 1 -9.678e+04 2.349e+02 4.429e+02
s>        ( QUESTION2_0_L -1 -8.167e+04 1.698e+02 3.714e+02
s>            ( - -1.288e+04 1 0)
s>            ( - -6.861e+04 2 0))
s>        ( - -1.488e+04 1 0))INFO: dtree.c(1315): Comp split 12
INFO: dtree.c(1439): stop. leaf nodes are specific
INFO: dtree.c(1478): Final simple tree
|( QUESTION1 -1 -1.817e+04 1.377e+02 8.376e+01
|    ( - -6.196e+03 1 0)
|    ( - -1.183e+04 1 0))
s>    ( QUESTION1 -1 -1.817e+04 1.377e+02 8.376e+01
s>        ( - -6.196e+03 1 0)
s>        ( - -1.183e+04 1 0))INFO: dtree.c(1439): stop. leaf nodes are specific
INFO: dtree.c(1478): Final simple tree
|( QUESTION1 -1 -2.993e+04 1.454e+02 1.302e+02
|    ( - -2.813e+04 1 0)
|    ( - -1.659e+03 1 0))
s>    ( QUESTION1 -1 -2.993e+04 1.454e+02 1.302e+02
s>        ( - -2.813e+04 1 0)
s>        ( - -1.659e+03 1 0))INFO: dtree.c(1315): Comp split 13
INFO: dtree.c(1439): stop. leaf nodes are specific
INFO: dtree.c(1478): Final simple tree
|( QUESTION0 -1 -5.305e+04 1.718e+02 2.364e+02
|    ( - -2.294e+03 1 0)
|    ( - -5.059e+04 1 0))
s>    ( QUESTION0 -1 -5.305e+04 1.718e+02 2.364e+02
s>        ( - -2.294e+03 1 0)
s>        ( - -5.059e+04 1 0))INFO: dtree.c(1478): Final simple tree
|( QUESTION1 -1 -5.073e+04 2.091e+02 2.205e+02
|    ( QUESTION6 -1 -1.713e+04 1.395e+02 7.547e+01
|        ( QUESTION14 1 -7.781e+03 1.181e+02 3.499e+01
|            ( - -2.857e+03 1 0)
|            ( - -4.806e+03 1 0))
|        ( - -9.209e+03 1 0))
|    ( QUESTION2_8_L -1 -3.339e+04 1.678e+02 1.450e+02
|        ( QUESTION14 1 -2.053e+04 1.304e+02 8.979e+01
|            ( QUESTION0 -1 -1.485e+04 1.337e+02 6.479e+01
|                ( QUESTION17 -1 -1.128e+04 1.218e+02 4.879e+01
|                    ( - -6.442e+03 1 0)
|                    ( - -4.717e+03 1 0))
|                ( - -3.437e+03 1 0))
|            ( - -5.549e+03 1 0))
|        ( - -1.269e+04 1 0)))
s>    ( QUESTION1 -1 -5.073e+04 2.091e+02 2.205e+02
s>        ( QUESTION6 -1 -1.713e+04 1.395e+02 7.547e+01
s>            ( QUESTION14 1 -7.781e+03 1.181e+02 3.499e+01
s>                ( - -2.857e+03 1 0)
s>                ( - -4.806e+03 1 0))
s>            ( - -9.209e+03 1 0))
s>        ( QUESTION2_8_L -1 -3.339e+04 1.678e+02 1.450e+02
s>            ( QUESTION14 1 -2.053e+04 1.304e+02 8.979e+01
s>                ( QUESTION0 -1 -1.485e+04 1.337e+02 6.479e+01
s>                    ( QUESTION17 -1 -1.128e+04 1.218e+02 4.879e+01
s>                        ( - -6.442e+03 1 0)
s>                        ( - -4.717e+03 1 0))
s>                    ( - -3.437e+03 1 0))
s>                ( - -5.549e+03 1 0))
s>            ( - -1.269e+04 1 0)))INFO: dtree.c(1315): Comp split 14
INFO: dtree.c(1315): Comp split 15
INFO: dtree.c(1439): stop. leaf nodes are specific
INFO: dtree.c(1478): Final simple tree
|( QUESTION2_0_L -1 -8.167e+04 1.698e+02 3.714e+02
|    ( - -1.288e+04 1 0)
|    ( - -6.861e+04 2 0))
s>    ( QUESTION2_0_L -1 -8.167e+04 1.698e+02 3.714e+02
s>        ( - -1.288e+04 1 0)
s>        ( - -6.861e+04 2 0))INFO: dtree.c(1315): Comp split 16
INFO: dtree.c(1315): Comp split 17
INFO: dtree.c(1439): stop. leaf nodes are specific
INFO: dtree.c(1478): Final simple tree
|( QUESTION17 1 -2.347e+04 1.359e+02 1.053e+02
|    ( - -1.401e+03 1 0)
|    ( QUESTION0_5_R 1 -2.193e+04 1.284e+02 9.832e+01
|        ( - -1.626e+03 1 0)
|        ( QUESTION0_14_R 1 -2.018e+04 1.251e+02 9.032e+01
|            ( - -1.180e+03 1 0)
|            ( QUESTION0_0_R 1 -1.887e+04 1.074e+02 8.432e+01
|                ( - -1.026e+04 1 0)
|                ( - -8.502e+03 2 0)))))
s>    ( QUESTION17 1 -2.347e+04 1.359e+02 1.053e+02
s>        ( - -1.401e+03 1 0)
s>        ( QUESTION0_5_R 1 -2.193e+04 1.284e+02 9.832e+01
s>            ( - -1.626e+03 1 0)
s>            ( QUESTION0_14_R 1 -2.018e+04 1.251e+02 9.032e+01
s>                ( - -1.180e+03 1 0)
s>                ( QUESTION0_0_R 1 -1.887e+04 1.074e+02 8.432e+01
s>                    ( - -1.026e+04 1 0)
s>                    ( - -8.502e+03 2 0)))))INFO: dtree.c(1478): Final simple tree
|( QUESTION9 1 -1.052e+05 1.676e+02 4.708e+02
|    ( - -2.385e+04 2 0 QUESTION0_3_R 1 9.749e+01 1.081e+02)
|    ( QUESTION0_1_R 1 -8.116e+04 1.259e+02 3.627e+02
|        ( - -5.866e+03 1 0)
|        ( QUESTION1 1 -7.517e+04 1.247e+02 3.357e+02
|            ( QUESTION0_13_R 1 -1.941e+04 1.175e+02 8.661e+01
|                ( QUESTION4 1 -1.459e+04 1.237e+02 6.461e+01
|                    ( - -1.742e+03 1 0)
|                    ( - -1.272e+04 2 0 QUESTION0_14_R 1 9.082e+01 5.661e+01))
|                ( - -4.709e+03 1 0))
|            ( SILENCE 1 -5.563e+04 1.252e+02 2.491e+02
|                ( - -1.773e+04 1 0)
|                ( QUESTION17 1 -3.778e+04 1.005e+02 1.689e+02
|                    ( - -3.984e+03 1 0)
|                    ( - -3.369e+04 4 0 QUESTION0_0_R 1 8.697e+01 1.509e+02))))))
s>    ( QUESTION9 1 -1.052e+05 1.676e+02 4.708e+02
s>        ( - -2.385e+04 2 0 QUESTION0_3_R 1 9.749e+01 1.081e+02)
s>        ( QUESTION0_1_R 1 -8.116e+04 1.259e+02 3.627e+02
s>            ( - -5.866e+03 1 0)
s>            ( QUESTION1 1 -7.517e+04 1.247e+02 3.357e+02
s>                ( QUESTION0_13_R 1 -1.941e+04 1.175e+02 8.661e+01
s>                    ( QUESTION4 1 -1.459e+04 1.237e+02 6.461e+01
s>                        ( - -1.742e+03 1 0)
s>                        ( - -1.272e+04 2 0 QUESTION0_14_R 1 9.082e+01 5.661e+01))
s>                    ( - -4.709e+03 1 0))
s>                ( SILENCE 1 -5.563e+04 1.252e+02 2.491e+02
s>                    ( - -1.773e+04 1 0)
s>                    ( QUESTION17 1 -3.778e+04 1.005e+02 1.689e+02
s>                        ( - -3.984e+03 1 0)
s>                        ( - -3.369e+04 4 0 QUESTION0_0_R 1 8.697e+01 1.509e+02))))))INFO: dtree.c(1315): Comp split 18
INFO: dtree.c(1439): stop. leaf nodes are specific
INFO: dtree.c(1478): Final simple tree
|( SILENCE 1 -7.032e+04 1.189e+02 3.137e+02
|    ( - -1.773e+04 1 0)
|    ( QUESTION5 1 -5.247e+04 1.149e+02 2.335e+02
|        ( - -8.618e+03 1 0)
|        ( QUESTION0_14_R 1 -4.374e+04 1.129e+02 1.949e+02
|            ( - -4.010e+03 1 0)
|            ( QUESTION17 1 -3.962e+04 1.017e+02 1.769e+02
|                ( - -3.984e+03 1 0)
|                ( QUESTION0_13_R 1 -3.553e+04 9.639e+01 1.589e+02
|                    ( - -1.742e+03 1 0)
|                    ( QUESTION0_0_R 1 -3.369e+04 8.697e+01 1.509e+02
|                        ( - -8.099e+03 1 0)
|                        ( - -2.551e+04 3 0)))))))
s>    ( SILENCE 1 -7.032e+04 1.189e+02 3.137e+02
s>        ( - -1.773e+04 1 0)
s>        ( QUESTION5 1 -5.247e+04 1.149e+02 2.335e+02
s>            ( - -8.618e+03 1 0)
s>            ( QUESTION0_14_R 1 -4.374e+04 1.129e+02 1.949e+02
s>                ( - -4.010e+03 1 0)
s>                ( QUESTION17 1 -3.962e+04 1.017e+02 1.769e+02
s>                    ( - -3.984e+03 1 0)
s>                    ( QUESTION0_13_R 1 -3.553e+04 9.639e+01 1.589e+02
s>                        ( - -1.742e+03 1 0)
s>                        ( QUESTION0_0_R 1 -3.369e+04 8.697e+01 1.509e+02
s>                            ( - -8.099e+03 1 0)
s>                            ( - -2.551e+04 3 0)))))))INFO: dtree.c(1439): stop. leaf nodes are specific
INFO: dtree.c(1478): Final simple tree
|( QUESTION0_3_R 1 -3.461e+04 1.045e+02 1.571e+02
|    ( - -3.726e+03 1 0)
|    ( QUESTION0_1_R 1 -3.078e+04 9.564e+01 1.400e+02
|        ( - -5.866e+03 1 0)
|        ( QUESTION0_0_R 1 -2.482e+04 8.684e+01 1.130e+02
|            ( - -2.002e+04 1 0)
|            ( - -4.709e+03 1 0))))
s>    ( QUESTION0_3_R 1 -3.461e+04 1.045e+02 1.571e+02
s>        ( - -3.726e+03 1 0)
s>        ( QUESTION0_1_R 1 -3.078e+04 9.564e+01 1.400e+02
s>            ( - -5.866e+03 1 0)
s>            ( QUESTION0_0_R 1 -2.482e+04 8.684e+01 1.130e+02
s>                ( - -2.002e+04 1 0)
s>                ( - -4.709e+03 1 0))))INFO: dtree.c(1315): Comp split 19
INFO: dtree.c(1315): Comp split 20
INFO: dtree.c(1439): stop. leaf nodes are specific
INFO: dtree.c(1478): Final simple tree
|( QUESTION2_8_L -1 -3.339e+04 1.678e+02 1.450e+02
|    ( QUESTION14 1 -2.053e+04 1.304e+02 8.979e+01
|        ( QUESTION0 -1 -1.485e+04 1.337e+02 6.479e+01
|            ( QUESTION17 -1 -1.128e+04 1.218e+02 4.879e+01
|                ( - -6.442e+03 1 0)
|                ( - -4.717e+03 1 0))
|            ( - -3.437e+03 1 0))
|        ( - -5.549e+03 1 0))
|    ( - -1.269e+04 1 0))
s>    ( QUESTION2_8_L -1 -3.339e+04 1.678e+02 1.450e+02
s>        ( QUESTION14 1 -2.053e+04 1.304e+02 8.979e+01
s>            ( QUESTION0 -1 -1.485e+04 1.337e+02 6.479e+01
s>                ( QUESTION17 -1 -1.128e+04 1.218e+02 4.879e+01
s>                    ( - -6.442e+03 1 0)
s>                    ( - -4.717e+03 1 0))
s>                ( - -3.437e+03 1 0))
s>            ( - -5.549e+03 1 0))
s>        ( - -1.269e+04 1 0))INFO: dtree.c(1439): stop. leaf nodes are specific
INFO: dtree.c(1478): Final simple tree
|( QUESTION6 -1 -1.713e+04 1.395e+02 7.547e+01
|    ( QUESTION14 1 -7.781e+03 1.181e+02 3.499e+01
|        ( - -2.857e+03 1 0)
|        ( - -4.806e+03 1 0))
|    ( - -9.209e+03 1 0))
s>    ( QUESTION6 -1 -1.713e+04 1.395e+02 7.547e+01
s>        ( QUESTION14 1 -7.781e+03 1.181e+02 3.499e+01
s>            ( - -2.857e+03 1 0)
s>            ( - -4.806e+03 1 0))
s>        ( - -9.209e+03 1 0))INFO: dtree.c(1315): Comp split 21
INFO: dtree.c(1439): stop. leaf nodes are specific
INFO: dtree.c(1478): Final simple tree
|( QUESTION0_0_R 1 -1.204e+04 1.260e+02 5.271e+01
|    ( - -4.663e+03 1 0)
|    ( - -7.249e+03 3 0))
s>    ( QUESTION0_0_R 1 -1.204e+04 1.260e+02 5.271e+01
s>        ( - -4.663e+03 1 0)
s>        ( - -7.249e+03 3 0))INFO: dtree.c(1478): Final simple tree
|( QUESTION0_3_R 1 -2.810e+04 2.060e+02 1.175e+02
|    ( QUESTION0_4_R 1 -3.123e+03 1.528e+02 1.400e+01
|        ( - -7.775e+02 1 0)
|        ( - -2.193e+03 1 0))
|    ( QUESTION0_0_R 1 -2.477e+04 1.514e+02 1.035e+02
|        ( QUESTION0_8_R 1 -1.210e+04 1.578e+02 5.030e+01
|            ( QUESTION17 1 -3.324e+03 1.788e+02 1.415e+01
|                ( - -1.534e+03 1 0)
|                ( - -1.611e+03 1 0))
|            ( - -8.622e+03 4 0 QUESTION0_9_R 1 1.143e+02 3.615e+01))
|        ( QUESTION1 1 -1.251e+04 1.386e+02 5.322e+01
|            ( - -2.588e+03 1 0)
|            ( QUESTION17 1 -9.787e+03 1.326e+02 4.214e+01
|                ( - -1.957e+03 1 0)
|                ( - -7.697e+03 2 0 QUESTION0_14_R 1 1.193e+02 3.314e+01)))))
s>    ( QUESTION0_3_R 1 -2.810e+04 2.060e+02 1.175e+02
s>        ( QUESTION0_4_R 1 -3.123e+03 1.528e+02 1.400e+01
s>            ( - -7.775e+02 1 0)
s>            ( - -2.193e+03 1 0))
s>        ( QUESTION0_0_R 1 -2.477e+04 1.514e+02 1.035e+02
s>            ( QUESTION0_8_R 1 -1.210e+04 1.578e+02 5.030e+01
s>                ( QUESTION17 1 -3.324e+03 1.788e+02 1.415e+01
s>                    ( - -1.534e+03 1 0)
s>                    ( - -1.611e+03 1 0))
s>                ( - -8.622e+03 4 0 QUESTION0_9_R 1 1.143e+02 3.615e+01))
s>            ( QUESTION1 1 -1.251e+04 1.386e+02 5.322e+01
s>                ( - -2.588e+03 1 0)
s>                ( QUESTION17 1 -9.787e+03 1.326e+02 4.214e+01
s>                    ( - -1.957e+03 1 0)
s>                    ( - -7.697e+03 2 0 QUESTION0_14_R 1 1.193e+02 3.314e+01)))))INFO: dtree.c(1315): Comp split 22
INFO: dtree.c(1439): stop. leaf nodes are specific
INFO: dtree.c(1478): Final simple tree
|( QUESTION0_0_R 1 -1.212e+04 1.587e+02 5.125e+01
|    ( - -1.534e+03 1 0)
|    ( QUESTION1 1 -1.042e+04 1.385e+02 4.422e+01
|        ( - -2.588e+03 1 0)
|        ( QUESTION0_14_R 1 -7.697e+03 1.193e+02 3.314e+01
|            ( - -2.889e+03 1 0)
|            ( - -4.689e+03 1 0))))
s>    ( QUESTION0_0_R 1 -1.212e+04 1.587e+02 5.125e+01
s>        ( - -1.534e+03 1 0)
s>        ( QUESTION1 1 -1.042e+04 1.385e+02 4.422e+01
s>            ( - -2.588e+03 1 0)
s>            ( QUESTION0_14_R 1 -7.697e+03 1.193e+02 3.314e+01
s>                ( - -2.889e+03 1 0)
s>                ( - -4.689e+03 1 0))))INFO: dtree.c(1439): stop. leaf nodes are specific
INFO: dtree.c(1478): Final simple tree
|( QUESTION0_3_R 1 -1.577e+04 1.976e+02 6.627e+01
|    ( QUESTION0_4_R 1 -3.123e+03 1.528e+02 1.400e+01
|        ( - -7.775e+02 1 0)
|        ( - -2.193e+03 1 0))
|    ( QUESTION0_0_R 1 -1.245e+04 1.294e+02 5.227e+01
|        ( QUESTION0_8_R 1 -1.036e+04 1.299e+02 4.327e+01
|            ( - -1.611e+03 1 0)
|            ( QUESTION0_9_R 1 -8.622e+03 1.143e+02 3.615e+01
|                ( - -1.229e+03 1 0)
|                ( QUESTION0_1_R 1 -7.278e+03 1.040e+02 3.111e+01
|                    ( - -6.343e+03 2 0)
|                    ( - -8.308e+02 1 0))))
|        ( - -1.957e+03 1 0)))
s>    ( QUESTION0_3_R 1 -1.577e+04 1.976e+02 6.627e+01
s>        ( QUESTION0_4_R 1 -3.123e+03 1.528e+02 1.400e+01
s>            ( - -7.775e+02 1 0)
s>            ( - -2.193e+03 1 0))
s>        ( QUESTION0_0_R 1 -1.245e+04 1.294e+02 5.227e+01
s>            ( QUESTION0_8_R 1 -1.036e+04 1.299e+02 4.327e+01
s>                ( - -1.611e+03 1 0)
s>                ( QUESTION0_9_R 1 -8.622e+03 1.143e+02 3.615e+01
s>                    ( - -1.229e+03 1 0)
s>                    ( QUESTION0_1_R 1 -7.278e+03 1.040e+02 3.111e+01
s>                        ( - -6.343e+03 2 0)
s>                        ( - -8.308e+02 1 0))))
s>            ( - -1.957e+03 1 0)))INFO: dtree.c(1315): Comp split 23
INFO: dtree.c(1439): stop. leaf nodes are specific
INFO: dtree.c(1478): Final simple tree
|( QUESTION0_0_R 1 -1.245e+04 1.294e+02 5.227e+01
|    ( QUESTION0_8_R 1 -1.036e+04 1.299e+02 4.327e+01
|        ( - -1.611e+03 1 0)
|        ( QUESTION0_9_R 1 -8.622e+03 1.143e+02 3.615e+01
|            ( - -1.229e+03 1 0)
|            ( QUESTION0_1_R 1 -7.278e+03 1.040e+02 3.111e+01
|                ( - -6.343e+03 2 0)
|                ( - -8.308e+02 1 0))))
|    ( - -1.957e+03 1 0))
s>    ( QUESTION0_0_R 1 -1.245e+04 1.294e+02 5.227e+01
s>        ( QUESTION0_8_R 1 -1.036e+04 1.299e+02 4.327e+01
s>            ( - -1.611e+03 1 0)
s>            ( QUESTION0_9_R 1 -8.622e+03 1.143e+02 3.615e+01
s>                ( - -1.229e+03 1 0)
s>                ( QUESTION0_1_R 1 -7.278e+03 1.040e+02 3.111e+01
s>                    ( - -6.343e+03 2 0)
s>                    ( - -8.308e+02 1 0))))
s>        ( - -1.957e+03 1 0))INFO: dtree.c(1439): stop. leaf nodes are specific
INFO: dtree.c(1478): Final simple tree
|( QUESTION0_4_R 1 -3.123e+03 1.528e+02 1.400e+01
|    ( - -7.775e+02 1 0)
|    ( - -2.193e+03 1 0))
s>    ( QUESTION0_4_R 1 -3.123e+03 1.528e+02 1.400e+01
s>        ( - -7.775e+02 1 0)
s>        ( - -2.193e+03 1 0))INFO: dtree.c(1315): Comp split 24
INFO: dtree.c(1439): stop. leaf nodes are specific
INFO: dtree.c(1478): Final simple tree
|( QUESTION0 -1 -1.696e+04 1.329e+02 7.379e+01
|    ( QUESTION17 -1 -1.128e+04 1.218e+02 4.879e+01
|        ( - -6.442e+03 1 0)
|        ( - -4.717e+03 1 0))
|    ( - -5.549e+03 1 0))
s>    ( QUESTION0 -1 -1.696e+04 1.329e+02 7.379e+01
s>        ( QUESTION17 -1 -1.128e+04 1.218e+02 4.879e+01
s>            ( - -6.442e+03 1 0)
s>            ( - -4.717e+03 1 0))
s>        ( - -5.549e+03 1 0))INFO: dtree.c(1439): stop. leaf nodes are specific
INFO: dtree.c(1478): Final simple tree
|( QUESTION14 1 -1.624e+04 1.147e+02 7.124e+01
|    ( - -3.437e+03 1 0)
|    ( - -1.269e+04 1 0))
s>    ( QUESTION14 1 -1.624e+04 1.147e+02 7.124e+01
s>        ( - -3.437e+03 1 0)
s>        ( - -1.269e+04 1 0))INFO: dtree.c(1315): Comp split 25
INFO: dtree.c(1315): Comp split 26
INFO: dtree.c(1315): Comp split 27
INFO: dtree.c(1439): stop. leaf nodes are specific
INFO: dtree.c(1478): Final simple tree
|( QUESTION1 1 -1.042e+04 1.385e+02 4.422e+01
|    ( - -2.588e+03 1 0)
|    ( QUESTION0_14_R 1 -7.697e+03 1.193e+02 3.314e+01
|        ( - -2.889e+03 1 0)
|        ( - -4.689e+03 1 0)))
s>    ( QUESTION1 1 -1.042e+04 1.385e+02 4.422e+01
s>        ( - -2.588e+03 1 0)
s>        ( QUESTION0_14_R 1 -7.697e+03 1.193e+02 3.314e+01
s>            ( - -2.889e+03 1 0)
s>            ( - -4.689e+03 1 0)))INFO: dtree.c(1315): Comp split 28
INFO: dtree.c(1315): Comp split 29
INFO: dtree.c(1315): Comp split 30
INFO: dtree.c(1439): stop. leaf nodes are specific
INFO: dtree.c(1478): Final simple tree
|( QUESTION0_14_R 1 -2.041e+04 1.366e+02 9.132e+01
|    ( - -1.401e+03 1 0)
|    ( QUESTION0_0_R 1 -1.887e+04 1.074e+02 8.432e+01
|        ( - -1.026e+04 1 0)
|        ( - -8.502e+03 2 0)))
s>    ( QUESTION0_14_R 1 -2.041e+04 1.366e+02 9.132e+01
s>        ( - -1.401e+03 1 0)
s>        ( QUESTION0_0_R 1 -1.887e+04 1.074e+02 8.432e+01
s>            ( - -1.026e+04 1 0)
s>            ( - -8.502e+03 2 0)))INFO: dtree.c(1439): stop. leaf nodes are specific
INFO: dtree.c(1478): Final simple tree
|( QUESTION0_0_R 1 -2.915e+03 1.093e+02 1.400e+01
|    ( - -1.626e+03 1 0)
|    ( - -1.180e+03 1 0))
s>    ( QUESTION0_0_R 1 -2.915e+03 1.093e+02 1.400e+01
s>        ( - -1.626e+03 1 0)
s>        ( - -1.180e+03 1 0))INFO: dtree.c(1315): Comp split 31
INFO: dtree.c(1439): stop. leaf nodes are specific
INFO: dtree.c(1478): Final simple tree
|( QUESTION0_9_R 1 -8.622e+03 1.143e+02 3.615e+01
|    ( - -1.229e+03 1 0)
|    ( QUESTION0_1_R 1 -7.278e+03 1.040e+02 3.111e+01
|        ( - -6.343e+03 2 0)
|        ( - -8.308e+02 1 0)))
s>    ( QUESTION0_9_R 1 -8.622e+03 1.143e+02 3.615e+01
s>        ( - -1.229e+03 1 0)
s>        ( QUESTION0_1_R 1 -7.278e+03 1.040e+02 3.111e+01
s>            ( - -6.343e+03 2 0)
s>            ( - -8.308e+02 1 0)))INFO: dtree.c(1439): stop. leaf nodes are specific
INFO: dtree.c(1478): Final simple tree
|( QUESTION0_0_R 1 -3.685e+03 1.166e+02 1.612e+01
|    ( - -1.611e+03 1 0)
|    ( - -1.957e+03 1 0))
s>    ( QUESTION0_0_R 1 -3.685e+03 1.166e+02 1.612e+01
s>        ( - -1.611e+03 1 0)
s>        ( - -1.957e+03 1 0))INFO: dtree.c(1315): Comp split 32
INFO: dtree.c(1439): stop. leaf nodes are specific
INFO: dtree.c(1478): Final simple tree
|( QUESTION14 1 -7.781e+03 1.181e+02 3.499e+01
|    ( - -2.857e+03 1 0)
|    ( - -4.806e+03 1 0))
s>    ( QUESTION14 1 -7.781e+03 1.181e+02 3.499e+01
s>        ( - -2.857e+03 1 0)
s>        ( - -4.806e+03 1 0))INFO: dtree.c(1315): Comp split 33
INFO: dtree.c(1439): stop. leaf nodes are specific
INFO: dtree.c(1478): Final simple tree
|( QUESTION0_14_R 1 -7.697e+03 1.193e+02 3.314e+01
|    ( - -2.889e+03 1 0)
|    ( - -4.689e+03 1 0))
s>    ( QUESTION0_14_R 1 -7.697e+03 1.193e+02 3.314e+01
s>        ( - -2.889e+03 1 0)
s>        ( - -4.689e+03 1 0))INFO: dtree.c(1315): Comp split 34
INFO: dtree.c(1315): Comp split 35
INFO: dtree.c(1439): stop. leaf nodes are specific
INFO: dtree.c(1478): Final simple tree
|( QUESTION0_0_R 1 -1.887e+04 1.074e+02 8.432e+01
|    ( - -1.026e+04 1 0)
|    ( - -8.502e+03 2 0))
s>    ( QUESTION0_0_R 1 -1.887e+04 1.074e+02 8.432e+01
s>        ( - -1.026e+04 1 0)
s>        ( - -8.502e+03 2 0))INFO: dtree.c(1315): Comp split 36
INFO: dtree.c(1439): stop. leaf nodes are specific
INFO: dtree.c(1478): Final simple tree
|( SILENCE 1 -2.775e+04 9.054e+01 1.236e+02
|    ( - -1.773e+04 1 0)
|    ( QUESTION0_0_R 1 -9.930e+03 8.921e+01 4.338e+01
|        ( - -8.099e+03 1 0)
|        ( - -1.742e+03 1 0)))
s>    ( SILENCE 1 -2.775e+04 9.054e+01 1.236e+02
s>        ( - -1.773e+04 1 0)
s>        ( QUESTION0_0_R 1 -9.930e+03 8.921e+01 4.338e+01
s>            ( - -8.099e+03 1 0)
s>            ( - -1.742e+03 1 0)))INFO: dtree.c(1439): stop. leaf nodes are specific
INFO: dtree.c(1478): Final simple tree
|( QUESTION0_13_R 1 -4.244e+04 1.331e+02 1.901e+02
|    ( QUESTION0_14_R 1 -1.272e+04 9.082e+01 5.661e+01
|        ( - -4.010e+03 1 0)
|        ( - -8.618e+03 1 0))
|    ( QUESTION0_0_R 1 -2.959e+04 9.303e+01 1.335e+02
|        ( - -3.984e+03 1 0)
|        ( - -2.551e+04 3 0)))
s>    ( QUESTION0_13_R 1 -4.244e+04 1.331e+02 1.901e+02
s>        ( QUESTION0_14_R 1 -1.272e+04 9.082e+01 5.661e+01
s>            ( - -4.010e+03 1 0)
s>            ( - -8.618e+03 1 0))
s>        ( QUESTION0_0_R 1 -2.959e+04 9.303e+01 1.335e+02
s>            ( - -3.984e+03 1 0)
s>            ( - -2.551e+04 3 0)))INFO: dtree.c(1315): Comp split 37
INFO: dtree.c(1439): stop. leaf nodes are specific
INFO: dtree.c(1478): Final simple tree
|( QUESTION0_0_R 1 -2.959e+04 9.303e+01 1.335e+02
|    ( - -3.984e+03 1 0)
|    ( - -2.551e+04 3 0))
s>    ( QUESTION0_0_R 1 -2.959e+04 9.303e+01 1.335e+02
s>        ( - -3.984e+03 1 0)
s>        ( - -2.551e+04 3 0))INFO: dtree.c(1439): stop. leaf nodes are specific
INFO: dtree.c(1478): Final simple tree
|( QUESTION0_14_R 1 -1.272e+04 9.082e+01 5.661e+01
|    ( - -4.010e+03 1 0)
|    ( - -8.618e+03 1 0))
s>    ( QUESTION0_14_R 1 -1.272e+04 9.082e+01 5.661e+01
s>        ( - -4.010e+03 1 0)
s>        ( - -8.618e+03 1 0))INFO: dtree.c(1315): Comp split 38
INFO: dtree.c(1439): stop. leaf nodes are specific
INFO: dtree.c(1478): Final simple tree
|( QUESTION17 -1 -1.128e+04 1.218e+02 4.879e+01
|    ( - -6.442e+03 1 0)
|    ( - -4.717e+03 1 0))
s>    ( QUESTION17 -1 -1.128e+04 1.218e+02 4.879e+01
s>        ( - -6.442e+03 1 0)
s>        ( - -4.717e+03 1 0))INFO: dtree.c(1315): Comp split 39
INFO: dtree.c(1315): Comp split 40
INFO: dtree.c(1315): Comp split 41
INFO: dtree.c(1315): Comp split 42
INFO: dtree.c(1315): Comp split 43
INFO: dtree.c(1315): Comp split 44
INFO: dtree.c(1315): Comp split 45
INFO: dtree.c(1439): stop. leaf nodes are specific
INFO: dtree.c(1478): Final simple tree
|( QUESTION0_1_R 1 -7.278e+03 1.040e+02 3.111e+01
|    ( - -6.343e+03 2 0)
|    ( - -8.308e+02 1 0))
s>    ( QUESTION0_1_R 1 -7.278e+03 1.040e+02 3.111e+01
s>        ( - -6.343e+03 2 0)
s>        ( - -8.308e+02 1 0))INFO: dtree.c(1315): Comp split 46
INFO: dtree.c(1315): Comp split 47
INFO: dtree.c(1315): Comp split 48
INFO: dtree.c(1315): Comp split 49
INFO: dtree.c(1439): stop. leaf nodes are specific
INFO: dtree.c(1478): Final simple tree
|( QUESTION0_1_R 1 -3.078e+04 9.564e+01 1.400e+02
|    ( - -5.866e+03 1 0)
|    ( QUESTION0_0_R 1 -2.482e+04 8.684e+01 1.130e+02
|        ( - -2.002e+04 1 0)
|        ( - -4.709e+03 1 0)))
s>    ( QUESTION0_1_R 1 -3.078e+04 9.564e+01 1.400e+02
s>        ( - -5.866e+03 1 0)
s>        ( QUESTION0_0_R 1 -2.482e+04 8.684e+01 1.130e+02
s>            ( - -2.002e+04 1 0)
s>            ( - -4.709e+03 1 0)))INFO: dtree.c(1315): Comp split 50
INFO: dtree.c(1315): Comp split 51
INFO: dtree.c(1439): stop. leaf nodes are specific
INFO: dtree.c(1478): Final simple tree
|( QUESTION0_0_R 1 -2.482e+04 8.684e+01 1.130e+02
|    ( - -2.002e+04 1 0)
|    ( - -4.709e+03 1 0))
s>    ( QUESTION0_0_R 1 -2.482e+04 8.684e+01 1.130e+02
s>        ( - -2.002e+04 1 0)
s>        ( - -4.709e+03 1 0))INFO: dtree.c(1315): Comp split 52
INFO: dtree.c(1315): Comp split 53
INFO: dtree.c(1315): Comp split 54
INFO: dtree.c(1439): stop. leaf nodes are specific
INFO: dtree.c(1478): Final simple tree
|( QUESTION0_0_R 1 -9.930e+03 8.921e+01 4.338e+01
|    ( - -8.099e+03 1 0)
|    ( - -1.742e+03 1 0))
s>    ( QUESTION0_0_R 1 -9.930e+03 8.921e+01 4.338e+01
s>        ( - -8.099e+03 1 0)
s>        ( - -1.742e+03 1 0))INFO: dtree.c(1315): Comp split 55
INFO: dtree.c(1315): Comp split 56
INFO: dtree.c(1315): Comp split 57
INFO: dtree.c(1318): stop. leaf nodes are specific
Wed Dec 20 23:52:17 2017
