Current configuration:
[NAME]		[DEFLT]	[VALUE]
-allphones	no	no
-cntthresh	0.00001	1.000000e-05
-csplitmax	100	2000
-csplitmin	1	1
-csplitthr	8e-4	0.000000e+00
-example	no	no
-fullvar	no	no
-help		no	no
-meanfn			/home/alex/repos/speech/an4/model_parameters/an4.cd_cont_untied/means
-mixwfn			/home/alex/repos/speech/an4/model_parameters/an4.cd_cont_untied/mixture_weights
-moddeffn		/home/alex/repos/speech/an4/model_architecture/an4.untied.mdef
-mwfloor	1e-4	1.000000e-08
-phone			ER
-psetfn			/home/alex/repos/speech/an4/model_architecture/an4.tree_questions
-ssplitmax	5	7
-ssplitmin	1	1
-ssplitthr	8e-4	0.000000e+00
-state			0
-stwt			1.0,0.05,0.0,
-treefn			/home/alex/repos/speech/an4/trees/an4.unpruned/ER-0.dtree
-ts2cbfn	.semi.	.cont.
-varfloor	0.00001	1.000000e-05
-varfn			/home/alex/repos/speech/an4/model_parameters/an4.cd_cont_untied/variances

INFO: main.c(223): Reading: /home/alex/repos/speech/an4/model_architecture/an4.untied.mdef
INFO: model_def_io.c(573): Model definition info:
INFO: model_def_io.c(574): 1618 total models defined (34 base, 1584 tri)
INFO: model_def_io.c(575): 6472 total states
INFO: model_def_io.c(576): 4854 total tied states
INFO: model_def_io.c(577): 102 total tied CI states
INFO: model_def_io.c(578): 34 total tied transition matrices
INFO: model_def_io.c(579): 4 max state/model
INFO: model_def_io.c(580): 4 min state/model
INFO: main.c(242): Building trees for [ER B EY e] through [ER TH T i]
INFO: main.c(269): Covering states |[1272 1325]| == 54
INFO: main.c(275): Reading: /home/alex/repos/speech/an4/model_parameters/an4.cd_cont_untied/mixture_weights
INFO: s3mixw_io.c(173): Read /home/alex/repos/speech/an4/model_parameters/an4.cd_cont_untied/mixture_weights [54x1x1 array]
INFO: main.c(311): 18 of 18 models have observation count greater than 0.000010
INFO: main.c(95): nrm stwt: 0.952 0.048 0.000 
INFO: s3gau_io.c(169): Read /home/alex/repos/speech/an4/model_parameters/an4.cd_cont_untied/means [4854x1x1 array]
INFO: s3gau_io.c(169): Read /home/alex/repos/speech/an4/model_parameters/an4.cd_cont_untied/variances [4854x1x1 array]
INFO: main.c(549): Reading: /home/alex/repos/speech/an4/model_architecture/an4.tree_questions
INFO: main.c(588): 180 total simple questions (172 phone; 8 word bndry)
INFO: main.c(590): 42 Left Only questions, and 42 Right Only questions
INFO: dtree.c(1478): Final simple tree
|( QUESTION1 -1 -9.896e+04 1.120e+03 4.175e+02
|    ( QUESTION0_1_R 1 -7.187e+04 1.732e+02 3.072e+02
|        ( - -4.293e+04 2 0)
|        ( - -2.876e+04 6 0 QUESTION0_6_R 1 1.350e+02 1.238e+02))
|    ( QUESTION0_13_R 1 -2.597e+04 4.764e+02 1.103e+02
|        ( - 2.162e+02 1 0)
|        ( QUESTION0_0_R 1 -2.571e+04 4.756e+02 1.093e+02
|            ( QUESTION16 -1 -2.548e+04 4.324e+02 1.083e+02
|                ( WDBNDRY_E 0 -1.014e+04 2.192e+02 4.298e+01
|                    ( QUESTION0_5_R 1 -6.598e+03 1.576e+02 2.803e+01
|                        ( - -5.122e+03 1 0)
|                        ( - -1.318e+03 3 0 QUESTION0_1_R 1 1.137e+02 6.000e+00))
|                    ( - -3.326e+03 1 0))
|                ( - -1.490e+04 3 0 QUESTION0_1_R 1 1.302e+02 6.535e+01))
|            ( - 2.409e+02 1 0))))
s>    ( QUESTION1 -1 -9.896e+04 1.120e+03 4.175e+02
s>        ( QUESTION0_1_R 1 -7.187e+04 1.732e+02 3.072e+02
s>            ( - -4.293e+04 2 0)
s>            ( - -2.876e+04 6 0 QUESTION0_6_R 1 1.350e+02 1.238e+02))
s>        ( QUESTION0_13_R 1 -2.597e+04 4.764e+02 1.103e+02
s>            ( - 2.162e+02 1 0)
s>            ( QUESTION0_0_R 1 -2.571e+04 4.756e+02 1.093e+02
s>                ( QUESTION16 -1 -2.548e+04 4.324e+02 1.083e+02
s>                    ( WDBNDRY_E 0 -1.014e+04 2.192e+02 4.298e+01
s>                        ( QUESTION0_5_R 1 -6.598e+03 1.576e+02 2.803e+01
s>                            ( - -5.122e+03 1 0)
s>                            ( - -1.318e+03 3 0 QUESTION0_1_R 1 1.137e+02 6.000e+00))
s>                        ( - -3.326e+03 1 0))
s>                    ( - -1.490e+04 3 0 QUESTION0_1_R 1 1.302e+02 6.535e+01))
s>                ( - 2.409e+02 1 0))))INFO: dtree.c(1315): Comp split 0
INFO: dtree.c(1478): Final simple tree
|( QUESTION1 -1 -8.091e+04 3.637e+02 3.442e+02
|    ( QUESTION0_1_R 1 -7.187e+04 1.732e+02 3.072e+02
|        ( - -4.293e+04 2 0)
|        ( QUESTION0_6_R 1 -2.876e+04 1.350e+02 1.238e+02
|            ( - -1.450e+03 1 0)
|            ( QUESTION10 1 -2.718e+04 1.092e+02 1.168e+02
|                ( - -4.052e+03 1 0)
|                ( QUESTION0_3_R 1 -2.302e+04 9.725e+01 9.911e+01
|                    ( - -5.735e+03 1 0)
|                    ( QUESTION0_0_R 1 -1.719e+04 8.019e+01 7.385e+01
|                        ( - -3.842e+03 1 0)
|                        ( - -1.326e+04 2 0 QUESTION0_13_R 1 6.526e+01 5.689e+01))))))
|    ( WDBNDRY_E 0 -8.673e+03 2.253e+02 3.698e+01
|        ( - -5.122e+03 1 0)
|        ( - -3.326e+03 1 0)))
s>    ( QUESTION1 -1 -8.091e+04 3.637e+02 3.442e+02
s>        ( QUESTION0_1_R 1 -7.187e+04 1.732e+02 3.072e+02
s>            ( - -4.293e+04 2 0)
s>            ( QUESTION0_6_R 1 -2.876e+04 1.350e+02 1.238e+02
s>                ( - -1.450e+03 1 0)
s>                ( QUESTION10 1 -2.718e+04 1.092e+02 1.168e+02
s>                    ( - -4.052e+03 1 0)
s>                    ( QUESTION0_3_R 1 -2.302e+04 9.725e+01 9.911e+01
s>                        ( - -5.735e+03 1 0)
s>                        ( QUESTION0_0_R 1 -1.719e+04 8.019e+01 7.385e+01
s>                            ( - -3.842e+03 1 0)
s>                            ( - -1.326e+04 2 0 QUESTION0_13_R 1 6.526e+01 5.689e+01))))))
s>        ( WDBNDRY_E 0 -8.673e+03 2.253e+02 3.698e+01
s>            ( - -5.122e+03 1 0)
s>            ( - -3.326e+03 1 0)))INFO: dtree.c(1439): stop. leaf nodes are specific
INFO: dtree.c(1478): Final simple tree
|( QUESTION0_20_R 1 -1.688e+04 4.788e+02 7.335e+01
|    ( - 2.409e+02 1 0)
|    ( QUESTION0_0_R 1 -1.664e+04 4.792e+02 7.235e+01
|        ( QUESTION9 -1 -1.638e+04 1.574e+02 7.135e+01
|            ( QUESTION0_3_R 1 -1.397e+04 9.600e+01 6.135e+01
|                ( - -6.427e+02 1 0)
|                ( - -1.323e+04 1 0))
|            ( WDBNDRY_E 0 -2.250e+03 1.288e+02 1.000e+01
|                ( QUESTION0_1_R 1 -1.318e+03 1.137e+02 6.000e+00
|                    ( - -8.185e+02 2 0)
|                    ( - -3.862e+02 1 0))
|                ( - -8.031e+02 1 0)))
|        ( - 2.162e+02 1 0)))
s>    ( QUESTION0_20_R 1 -1.688e+04 4.788e+02 7.335e+01
s>        ( - 2.409e+02 1 0)
s>        ( QUESTION0_0_R 1 -1.664e+04 4.792e+02 7.235e+01
s>            ( QUESTION9 -1 -1.638e+04 1.574e+02 7.135e+01
s>                ( QUESTION0_3_R 1 -1.397e+04 9.600e+01 6.135e+01
s>                    ( - -6.427e+02 1 0)
s>                    ( - -1.323e+04 1 0))
s>                ( WDBNDRY_E 0 -2.250e+03 1.288e+02 1.000e+01
s>                    ( QUESTION0_1_R 1 -1.318e+03 1.137e+02 6.000e+00
s>                        ( - -8.185e+02 2 0)
s>                        ( - -3.862e+02 1 0))
s>                    ( - -8.031e+02 1 0)))
s>            ( - 2.162e+02 1 0)))INFO: dtree.c(1315): Comp split 1
INFO: dtree.c(1439): stop. leaf nodes are specific
INFO: dtree.c(1478): Final simple tree
|( QUESTION0_0_R 1 -1.664e+04 4.792e+02 7.235e+01
|    ( QUESTION9 -1 -1.638e+04 1.574e+02 7.135e+01
|        ( QUESTION0_3_R 1 -1.397e+04 9.600e+01 6.135e+01
|            ( - -6.427e+02 1 0)
|            ( - -1.323e+04 1 0))
|        ( WDBNDRY_E 0 -2.250e+03 1.288e+02 1.000e+01
|            ( QUESTION0_1_R 1 -1.318e+03 1.137e+02 6.000e+00
|                ( - -8.185e+02 2 0)
|                ( - -3.862e+02 1 0))
|            ( - -8.031e+02 1 0)))
|    ( - 2.162e+02 1 0))
s>    ( QUESTION0_0_R 1 -1.664e+04 4.792e+02 7.235e+01
s>        ( QUESTION9 -1 -1.638e+04 1.574e+02 7.135e+01
s>            ( QUESTION0_3_R 1 -1.397e+04 9.600e+01 6.135e+01
s>                ( - -6.427e+02 1 0)
s>                ( - -1.323e+04 1 0))
s>            ( WDBNDRY_E 0 -2.250e+03 1.288e+02 1.000e+01
s>                ( QUESTION0_1_R 1 -1.318e+03 1.137e+02 6.000e+00
s>                    ( - -8.185e+02 2 0)
s>                    ( - -3.862e+02 1 0))
s>                ( - -8.031e+02 1 0)))
s>        ( - 2.162e+02 1 0))INFO: dtree.c(1315): Comp split 2
INFO: dtree.c(1439): stop. leaf nodes are specific
INFO: dtree.c(1478): Final simple tree
|( QUESTION9 -1 -1.638e+04 1.574e+02 7.135e+01
|    ( QUESTION0_3_R 1 -1.397e+04 9.600e+01 6.135e+01
|        ( - -6.427e+02 1 0)
|        ( - -1.323e+04 1 0))
|    ( WDBNDRY_E 0 -2.250e+03 1.288e+02 1.000e+01
|        ( QUESTION0_1_R 1 -1.318e+03 1.137e+02 6.000e+00
|            ( - -8.185e+02 2 0)
|            ( - -3.862e+02 1 0))
|        ( - -8.031e+02 1 0)))
s>    ( QUESTION9 -1 -1.638e+04 1.574e+02 7.135e+01
s>        ( QUESTION0_3_R 1 -1.397e+04 9.600e+01 6.135e+01
s>            ( - -6.427e+02 1 0)
s>            ( - -1.323e+04 1 0))
s>        ( WDBNDRY_E 0 -2.250e+03 1.288e+02 1.000e+01
s>            ( QUESTION0_1_R 1 -1.318e+03 1.137e+02 6.000e+00
s>                ( - -8.185e+02 2 0)
s>                ( - -3.862e+02 1 0))
s>            ( - -8.031e+02 1 0)))INFO: dtree.c(1315): Comp split 3
INFO: dtree.c(1439): stop. leaf nodes are specific
INFO: dtree.c(1478): Final simple tree
|( WDBNDRY_E 0 -8.673e+03 2.253e+02 3.698e+01
|    ( - -5.122e+03 1 0)
|    ( - -3.326e+03 1 0))
s>    ( WDBNDRY_E 0 -8.673e+03 2.253e+02 3.698e+01
s>        ( - -5.122e+03 1 0)
s>        ( - -3.326e+03 1 0))INFO: dtree.c(1439): stop. leaf nodes are specific
INFO: dtree.c(1478): Final simple tree
|( QUESTION0_1_R 1 -7.187e+04 1.732e+02 3.072e+02
|    ( - -4.293e+04 2 0)
|    ( QUESTION0_6_R 1 -2.876e+04 1.350e+02 1.238e+02
|        ( - -1.450e+03 1 0)
|        ( QUESTION10 1 -2.718e+04 1.092e+02 1.168e+02
|            ( - -4.052e+03 1 0)
|            ( QUESTION0_3_R 1 -2.302e+04 9.725e+01 9.911e+01
|                ( - -5.735e+03 1 0)
|                ( QUESTION0_0_R 1 -1.719e+04 8.019e+01 7.385e+01
|                    ( - -3.842e+03 1 0)
|                    ( QUESTION0_13_R 1 -1.326e+04 6.526e+01 5.689e+01
|                        ( - -6.228e+03 1 0)
|                        ( - -6.971e+03 1 0)))))))
s>    ( QUESTION0_1_R 1 -7.187e+04 1.732e+02 3.072e+02
s>        ( - -4.293e+04 2 0)
s>        ( QUESTION0_6_R 1 -2.876e+04 1.350e+02 1.238e+02
s>            ( - -1.450e+03 1 0)
s>            ( QUESTION10 1 -2.718e+04 1.092e+02 1.168e+02
s>                ( - -4.052e+03 1 0)
s>                ( QUESTION0_3_R 1 -2.302e+04 9.725e+01 9.911e+01
s>                    ( - -5.735e+03 1 0)
s>                    ( QUESTION0_0_R 1 -1.719e+04 8.019e+01 7.385e+01
s>                        ( - -3.842e+03 1 0)
s>                        ( QUESTION0_13_R 1 -1.326e+04 6.526e+01 5.689e+01
s>                            ( - -6.228e+03 1 0)
s>                            ( - -6.971e+03 1 0)))))))INFO: dtree.c(1315): Comp split 4
INFO: dtree.c(1315): Comp split 5
INFO: dtree.c(1439): stop. leaf nodes are specific
INFO: dtree.c(1478): Final simple tree
|( QUESTION0_0_R 1 -4.925e+04 8.855e+01 2.100e+02
|    ( - -4.293e+04 2 0)
|    ( - -6.228e+03 1 0))
s>    ( QUESTION0_0_R 1 -4.925e+04 8.855e+01 2.100e+02
s>        ( - -4.293e+04 2 0)
s>        ( - -6.228e+03 1 0))INFO: dtree.c(1439): stop. leaf nodes are specific
INFO: dtree.c(1478): Final simple tree
|( QUESTION0_6_R 1 -2.244e+04 1.259e+02 9.720e+01
|    ( - -1.450e+03 1 0)
|    ( QUESTION10 1 -2.087e+04 1.063e+02 9.020e+01
|        ( - -4.052e+03 1 0)
|        ( QUESTION0_3_R 1 -1.671e+04 8.560e+01 7.250e+01
|            ( - -5.735e+03 1 0)
|            ( QUESTION0_0_R 1 -1.089e+04 7.687e+01 4.725e+01
|                ( - -3.842e+03 1 0)
|                ( - -6.971e+03 1 0)))))
s>    ( QUESTION0_6_R 1 -2.244e+04 1.259e+02 9.720e+01
s>        ( - -1.450e+03 1 0)
s>        ( QUESTION10 1 -2.087e+04 1.063e+02 9.020e+01
s>            ( - -4.052e+03 1 0)
s>            ( QUESTION0_3_R 1 -1.671e+04 8.560e+01 7.250e+01
s>                ( - -5.735e+03 1 0)
s>                ( QUESTION0_0_R 1 -1.089e+04 7.687e+01 4.725e+01
s>                    ( - -3.842e+03 1 0)
s>                    ( - -6.971e+03 1 0)))))INFO: dtree.c(1315): Comp split 6
INFO: dtree.c(1439): stop. leaf nodes are specific
INFO: dtree.c(1478): Final simple tree
|( WDBNDRY_E 0 -2.250e+03 1.288e+02 1.000e+01
|    ( QUESTION0_1_R 1 -1.318e+03 1.137e+02 6.000e+00
|        ( - -8.185e+02 2 0)
|        ( - -3.862e+02 1 0))
|    ( - -8.031e+02 1 0))
s>    ( WDBNDRY_E 0 -2.250e+03 1.288e+02 1.000e+01
s>        ( QUESTION0_1_R 1 -1.318e+03 1.137e+02 6.000e+00
s>            ( - -8.185e+02 2 0)
s>            ( - -3.862e+02 1 0))
s>        ( - -8.031e+02 1 0))INFO: dtree.c(1439): stop. leaf nodes are specific
INFO: dtree.c(1478): Final simple tree
|( QUESTION0_3_R 1 -1.397e+04 9.600e+01 6.135e+01
|    ( - -6.427e+02 1 0)
|    ( - -1.323e+04 1 0))
s>    ( QUESTION0_3_R 1 -1.397e+04 9.600e+01 6.135e+01
s>        ( - -6.427e+02 1 0)
s>        ( - -1.323e+04 1 0))INFO: dtree.c(1315): Comp split 7
INFO: dtree.c(1439): stop. leaf nodes are specific
INFO: dtree.c(1478): Final simple tree
|( QUESTION0_1_R 1 -1.318e+03 1.137e+02 6.000e+00
|    ( - -8.185e+02 2 0)
|    ( - -3.862e+02 1 0))
s>    ( QUESTION0_1_R 1 -1.318e+03 1.137e+02 6.000e+00
s>        ( - -8.185e+02 2 0)
s>        ( - -3.862e+02 1 0))INFO: dtree.c(1315): Comp split 8
INFO: dtree.c(1439): stop. leaf nodes are specific
INFO: dtree.c(1478): Final simple tree
|( QUESTION10 1 -2.087e+04 1.063e+02 9.020e+01
|    ( - -4.052e+03 1 0)
|    ( QUESTION0_3_R 1 -1.671e+04 8.560e+01 7.250e+01
|        ( - -5.735e+03 1 0)
|        ( QUESTION0_0_R 1 -1.089e+04 7.687e+01 4.725e+01
|            ( - -3.842e+03 1 0)
|            ( - -6.971e+03 1 0))))
s>    ( QUESTION10 1 -2.087e+04 1.063e+02 9.020e+01
s>        ( - -4.052e+03 1 0)
s>        ( QUESTION0_3_R 1 -1.671e+04 8.560e+01 7.250e+01
s>            ( - -5.735e+03 1 0)
s>            ( QUESTION0_0_R 1 -1.089e+04 7.687e+01 4.725e+01
s>                ( - -3.842e+03 1 0)
s>                ( - -6.971e+03 1 0))))INFO: dtree.c(1315): Comp split 9
INFO: dtree.c(1315): Comp split 10
INFO: dtree.c(1439): stop. leaf nodes are specific
INFO: dtree.c(1478): Final simple tree
|( QUESTION0_3_R 1 -1.671e+04 8.560e+01 7.250e+01
|    ( - -5.735e+03 1 0)
|    ( QUESTION0_0_R 1 -1.089e+04 7.687e+01 4.725e+01
|        ( - -3.842e+03 1 0)
|        ( - -6.971e+03 1 0)))
s>    ( QUESTION0_3_R 1 -1.671e+04 8.560e+01 7.250e+01
s>        ( - -5.735e+03 1 0)
s>        ( QUESTION0_0_R 1 -1.089e+04 7.687e+01 4.725e+01
s>            ( - -3.842e+03 1 0)
s>            ( - -6.971e+03 1 0)))INFO: dtree.c(1315): Comp split 11
INFO: dtree.c(1315): Comp split 12
INFO: dtree.c(1315): Comp split 13
INFO: dtree.c(1439): stop. leaf nodes are specific
INFO: dtree.c(1478): Final simple tree
|( QUESTION0_0_R 1 -1.089e+04 7.687e+01 4.725e+01
|    ( - -3.842e+03 1 0)
|    ( - -6.971e+03 1 0))
s>    ( QUESTION0_0_R 1 -1.089e+04 7.687e+01 4.725e+01
s>        ( - -3.842e+03 1 0)
s>        ( - -6.971e+03 1 0))INFO: dtree.c(1315): Comp split 14
INFO: dtree.c(1315): Comp split 15
INFO: dtree.c(1318): stop. leaf nodes are specific
Wed Dec 20 23:52:17 2017
