Current configuration:
[NAME]		[DEFLT]	[VALUE]
-allphones	no	no
-cntthresh	0.00001	1.000000e-05
-csplitmax	100	2000
-csplitmin	1	1
-csplitthr	8e-4	0.000000e+00
-example	no	no
-fullvar	no	no
-help		no	no
-meanfn			/home/alex/repos/speech/an4/model_parameters/an4.cd_cont_untied/means
-mixwfn			/home/alex/repos/speech/an4/model_parameters/an4.cd_cont_untied/mixture_weights
-moddeffn		/home/alex/repos/speech/an4/model_architecture/an4.untied.mdef
-mwfloor	1e-4	1.000000e-08
-phone			K
-psetfn			/home/alex/repos/speech/an4/model_architecture/an4.tree_questions
-ssplitmax	5	7
-ssplitmin	1	1
-ssplitthr	8e-4	0.000000e+00
-state			0
-stwt			1.0,0.05,0.0,
-treefn			/home/alex/repos/speech/an4/trees/an4.unpruned/K-0.dtree
-ts2cbfn	.semi.	.cont.
-varfloor	0.00001	1.000000e-05
-varfn			/home/alex/repos/speech/an4/model_parameters/an4.cd_cont_untied/variances

INFO: main.c(223): Reading: /home/alex/repos/speech/an4/model_architecture/an4.untied.mdef
INFO: model_def_io.c(573): Model definition info:
INFO: model_def_io.c(574): 1618 total models defined (34 base, 1584 tri)
INFO: model_def_io.c(575): 6472 total states
INFO: model_def_io.c(576): 4854 total tied states
INFO: model_def_io.c(577): 102 total tied CI states
INFO: model_def_io.c(578): 34 total tied transition matrices
INFO: model_def_io.c(579): 4 max state/model
INFO: model_def_io.c(580): 4 min state/model
INFO: main.c(242): Building trees for [K AA T i] through [K UW Y b]
INFO: main.c(269): Covering states |[2733 2825]| == 93
INFO: main.c(275): Reading: /home/alex/repos/speech/an4/model_parameters/an4.cd_cont_untied/mixture_weights
INFO: s3mixw_io.c(173): Read /home/alex/repos/speech/an4/model_parameters/an4.cd_cont_untied/mixture_weights [93x1x1 array]
INFO: main.c(311): 31 of 31 models have observation count greater than 0.000010
INFO: main.c(95): nrm stwt: 0.952 0.048 0.000 
INFO: s3gau_io.c(169): Read /home/alex/repos/speech/an4/model_parameters/an4.cd_cont_untied/means [4854x1x1 array]
INFO: s3gau_io.c(169): Read /home/alex/repos/speech/an4/model_parameters/an4.cd_cont_untied/variances [4854x1x1 array]
INFO: main.c(549): Reading: /home/alex/repos/speech/an4/model_architecture/an4.tree_questions
INFO: main.c(588): 180 total simple questions (172 phone; 8 word bndry)
INFO: main.c(590): 42 Left Only questions, and 42 Right Only questions
INFO: dtree.c(1478): Final simple tree
|( QUESTION0_20_R 1 -2.422e+05 1.865e+03 1.009e+03
|    ( SILENCE -1 -6.586e+04 6.254e+02 2.634e+02
|        ( - -6.466e+03 2 0)
|        ( QUESTION2_14_L -1 -5.877e+04 5.791e+02 2.364e+02
|            ( - -2.110e+04 4 0)
|            ( QUESTION2 -1 -3.709e+04 4.666e+02 1.485e+02
|                ( - 2.164e+02 1 0)
|                ( QUESTION2_0_L -1 -3.684e+04 4.586e+02 1.475e+02
|                    ( - -8.452e+03 3 0 QUESTION0 -1 1.624e+02 3.701e+01)
|                    ( QUESTION2_20_L -1 -2.793e+04 3.051e+02 1.105e+02
|                        ( - -9.096e+03 7 0 QUESTION0 -1 1.419e+02 3.702e+01)
|                        ( - -1.853e+04 9 0 QUESTION1 -1 2.616e+02 7.346e+01))))))
|    ( QUESTION11 -1 -1.745e+05 8.047e+02 7.456e+02
|        ( - -1.385e+05 1 0)
|        ( - -3.517e+04 4 0 QUESTION0_2_R 1 2.364e+02 1.525e+02)))
s>    ( QUESTION0_20_R 1 -2.422e+05 1.865e+03 1.009e+03
s>        ( SILENCE -1 -6.586e+04 6.254e+02 2.634e+02
s>            ( - -6.466e+03 2 0)
s>            ( QUESTION2_14_L -1 -5.877e+04 5.791e+02 2.364e+02
s>                ( - -2.110e+04 4 0)
s>                ( QUESTION2 -1 -3.709e+04 4.666e+02 1.485e+02
s>                    ( - 2.164e+02 1 0)
s>                    ( QUESTION2_0_L -1 -3.684e+04 4.586e+02 1.475e+02
s>                        ( - -8.452e+03 3 0 QUESTION0 -1 1.624e+02 3.701e+01)
s>                        ( QUESTION2_20_L -1 -2.793e+04 3.051e+02 1.105e+02
s>                            ( - -9.096e+03 7 0 QUESTION0 -1 1.419e+02 3.702e+01)
s>                            ( - -1.853e+04 9 0 QUESTION1 -1 2.616e+02 7.346e+01))))))
s>        ( QUESTION11 -1 -1.745e+05 8.047e+02 7.456e+02
s>            ( - -1.385e+05 1 0)
s>            ( - -3.517e+04 4 0 QUESTION0_2_R 1 2.364e+02 1.525e+02)))INFO: dtree.c(1315): Comp split 0
INFO: dtree.c(1439): stop. leaf nodes are specific
INFO: dtree.c(1478): Final simple tree
|( QUESTION11 -1 -1.833e+05 7.684e+02 7.826e+02
|    ( - -1.385e+05 1 0)
|    ( QUESTION0_20_R 1 -4.400e+04 3.711e+02 1.895e+02
|        ( QUESTION0 -1 -8.452e+03 1.624e+02 3.701e+01
|            ( - -3.098e+03 1 0)
|            ( - -5.191e+03 2 0))
|        ( QUESTION0_2_R 1 -3.517e+04 2.364e+02 1.525e+02
|            ( - -1.476e+03 1 0)
|            ( QUESTION0_0_R 1 -3.346e+04 1.885e+02 1.455e+02
|                ( - -3.067e+04 1 0)
|                ( WDBNDRY_B 0 -2.598e+03 1.199e+02 1.200e+01
|                    ( - -7.918e+02 1 0)
|                    ( - -1.687e+03 1 0))))))
s>    ( QUESTION11 -1 -1.833e+05 7.684e+02 7.826e+02
s>        ( - -1.385e+05 1 0)
s>        ( QUESTION0_20_R 1 -4.400e+04 3.711e+02 1.895e+02
s>            ( QUESTION0 -1 -8.452e+03 1.624e+02 3.701e+01
s>                ( - -3.098e+03 1 0)
s>                ( - -5.191e+03 2 0))
s>            ( QUESTION0_2_R 1 -3.517e+04 2.364e+02 1.525e+02
s>                ( - -1.476e+03 1 0)
s>                ( QUESTION0_0_R 1 -3.346e+04 1.885e+02 1.455e+02
s>                    ( - -3.067e+04 1 0)
s>                    ( WDBNDRY_B 0 -2.598e+03 1.199e+02 1.200e+01
s>                        ( - -7.918e+02 1 0)
s>                        ( - -1.687e+03 1 0))))))INFO: dtree.c(1478): Final simple tree
|( QUESTION2_14_L -1 -5.697e+04 7.147e+02 2.263e+02
|    ( - -2.110e+04 4 0)
|    ( SILENCE -1 -3.516e+04 5.120e+02 1.385e+02
|        ( - -6.466e+03 2 0)
|        ( QUESTION2 -1 -2.818e+04 4.652e+02 1.115e+02
|            ( - 2.164e+02 1 0)
|            ( QUESTION2_20_L -1 -2.793e+04 3.051e+02 1.105e+02
|                ( - -9.096e+03 7 0 QUESTION0 -1 1.419e+02 3.702e+01)
|                ( QUESTION1 -1 -1.853e+04 2.616e+02 7.346e+01
|                    ( - -7.040e+03 2 0)
|                    ( QUESTION0 -1 -1.123e+04 1.688e+02 4.380e+01
|                        ( - -2.281e+03 3 0 QUESTION14 -1 1.271e+02 1.000e+01)
|                        ( QUESTION2_8_L -1 -8.779e+03 1.488e+02 3.380e+01
|                            ( - -2.015e+03 2 0)
|                            ( - -6.615e+03 2 0))))))))
s>    ( QUESTION2_14_L -1 -5.697e+04 7.147e+02 2.263e+02
s>        ( - -2.110e+04 4 0)
s>        ( SILENCE -1 -3.516e+04 5.120e+02 1.385e+02
s>            ( - -6.466e+03 2 0)
s>            ( QUESTION2 -1 -2.818e+04 4.652e+02 1.115e+02
s>                ( - 2.164e+02 1 0)
s>                ( QUESTION2_20_L -1 -2.793e+04 3.051e+02 1.105e+02
s>                    ( - -9.096e+03 7 0 QUESTION0 -1 1.419e+02 3.702e+01)
s>                    ( QUESTION1 -1 -1.853e+04 2.616e+02 7.346e+01
s>                        ( - -7.040e+03 2 0)
s>                        ( QUESTION0 -1 -1.123e+04 1.688e+02 4.380e+01
s>                            ( - -2.281e+03 3 0 QUESTION14 -1 1.271e+02 1.000e+01)
s>                            ( QUESTION2_8_L -1 -8.779e+03 1.488e+02 3.380e+01
s>                                ( - -2.015e+03 2 0)
s>                                ( - -6.615e+03 2 0))))))))INFO: dtree.c(1315): Comp split 1
INFO: dtree.c(1439): stop. leaf nodes are specific
INFO: dtree.c(1478): Final simple tree
|( QUESTION0_20_R 1 -1.483e+05 3.641e+02 6.342e+02
|    ( QUESTION0 -1 -8.452e+03 1.624e+02 3.701e+01
|        ( - -3.098e+03 1 0)
|        ( - -5.191e+03 2 0))
|    ( WDBNDRY_B 0 -1.395e+05 1.419e+02 5.971e+02
|        ( - -7.918e+02 1 0)
|        ( - -1.385e+05 1 0)))
s>    ( QUESTION0_20_R 1 -1.483e+05 3.641e+02 6.342e+02
s>        ( QUESTION0 -1 -8.452e+03 1.624e+02 3.701e+01
s>            ( - -3.098e+03 1 0)
s>            ( - -5.191e+03 2 0))
s>        ( WDBNDRY_B 0 -1.395e+05 1.419e+02 5.971e+02
s>            ( - -7.918e+02 1 0)
s>            ( - -1.385e+05 1 0)))INFO: dtree.c(1439): stop. leaf nodes are specific
INFO: dtree.c(1478): Final simple tree
|( QUESTION0_2_R 1 -3.421e+04 2.345e+02 1.485e+02
|    ( - -1.476e+03 1 0)
|    ( QUESTION0_0_R 1 -3.250e+04 1.425e+02 1.415e+02
|        ( - -3.067e+04 1 0)
|        ( - -1.687e+03 1 0)))
s>    ( QUESTION0_2_R 1 -3.421e+04 2.345e+02 1.485e+02
s>        ( - -1.476e+03 1 0)
s>        ( QUESTION0_0_R 1 -3.250e+04 1.425e+02 1.415e+02
s>            ( - -3.067e+04 1 0)
s>            ( - -1.687e+03 1 0)))INFO: dtree.c(1315): Comp split 2
INFO: dtree.c(1478): Final simple tree
|( SILENCE -1 -3.516e+04 5.120e+02 1.385e+02
|    ( - -6.466e+03 2 0)
|    ( QUESTION2 -1 -2.818e+04 4.652e+02 1.115e+02
|        ( - 2.164e+02 1 0)
|        ( QUESTION2_20_L -1 -2.793e+04 3.051e+02 1.105e+02
|            ( QUESTION0 -1 -9.096e+03 1.419e+02 3.702e+01
|                ( - -1.132e+03 2 0)
|                ( - -7.822e+03 5 0))
|            ( QUESTION1 -1 -1.853e+04 2.616e+02 7.346e+01
|                ( - -7.040e+03 2 0)
|                ( QUESTION0 -1 -1.123e+04 1.688e+02 4.380e+01
|                    ( - -2.281e+03 3 0 QUESTION14 -1 1.271e+02 1.000e+01)
|                    ( QUESTION2_8_L -1 -8.779e+03 1.488e+02 3.380e+01
|                        ( - -2.015e+03 2 0)
|                        ( - -6.615e+03 2 0)))))))
s>    ( SILENCE -1 -3.516e+04 5.120e+02 1.385e+02
s>        ( - -6.466e+03 2 0)
s>        ( QUESTION2 -1 -2.818e+04 4.652e+02 1.115e+02
s>            ( - 2.164e+02 1 0)
s>            ( QUESTION2_20_L -1 -2.793e+04 3.051e+02 1.105e+02
s>                ( QUESTION0 -1 -9.096e+03 1.419e+02 3.702e+01
s>                    ( - -1.132e+03 2 0)
s>                    ( - -7.822e+03 5 0))
s>                ( QUESTION1 -1 -1.853e+04 2.616e+02 7.346e+01
s>                    ( - -7.040e+03 2 0)
s>                    ( QUESTION0 -1 -1.123e+04 1.688e+02 4.380e+01
s>                        ( - -2.281e+03 3 0 QUESTION14 -1 1.271e+02 1.000e+01)
s>                        ( QUESTION2_8_L -1 -8.779e+03 1.488e+02 3.380e+01
s>                            ( - -2.015e+03 2 0)
s>                            ( - -6.615e+03 2 0)))))))INFO: dtree.c(1315): Comp split 3
INFO: dtree.c(1478): Final simple tree
|( QUESTION2 -1 -2.818e+04 4.652e+02 1.115e+02
|    ( - 2.164e+02 1 0)
|    ( QUESTION2_20_L -1 -2.793e+04 3.051e+02 1.105e+02
|        ( QUESTION0 -1 -9.096e+03 1.419e+02 3.702e+01
|            ( - -1.132e+03 2 0)
|            ( - -7.822e+03 5 0))
|        ( QUESTION1 -1 -1.853e+04 2.616e+02 7.346e+01
|            ( - -7.040e+03 2 0)
|            ( QUESTION0 -1 -1.123e+04 1.688e+02 4.380e+01
|                ( QUESTION14 -1 -2.281e+03 1.271e+02 1.000e+01
|                    ( - -6.544e+02 1 0)
|                    ( - -1.500e+03 2 0))
|                ( QUESTION2_8_L -1 -8.779e+03 1.488e+02 3.380e+01
|                    ( - -2.015e+03 2 0)
|                    ( - -6.615e+03 2 0))))))
s>    ( QUESTION2 -1 -2.818e+04 4.652e+02 1.115e+02
s>        ( - 2.164e+02 1 0)
s>        ( QUESTION2_20_L -1 -2.793e+04 3.051e+02 1.105e+02
s>            ( QUESTION0 -1 -9.096e+03 1.419e+02 3.702e+01
s>                ( - -1.132e+03 2 0)
s>                ( - -7.822e+03 5 0))
s>            ( QUESTION1 -1 -1.853e+04 2.616e+02 7.346e+01
s>                ( - -7.040e+03 2 0)
s>                ( QUESTION0 -1 -1.123e+04 1.688e+02 4.380e+01
s>                    ( QUESTION14 -1 -2.281e+03 1.271e+02 1.000e+01
s>                        ( - -6.544e+02 1 0)
s>                        ( - -1.500e+03 2 0))
s>                    ( QUESTION2_8_L -1 -8.779e+03 1.488e+02 3.380e+01
s>                        ( - -2.015e+03 2 0)
s>                        ( - -6.615e+03 2 0))))))INFO: dtree.c(1315): Comp split 4
INFO: dtree.c(1439): stop. leaf nodes are specific
INFO: dtree.c(1478): Final simple tree
|( QUESTION2_20_L -1 -2.793e+04 3.051e+02 1.105e+02
|    ( QUESTION0 -1 -9.096e+03 1.419e+02 3.702e+01
|        ( - -1.132e+03 2 0)
|        ( - -7.822e+03 5 0))
|    ( QUESTION1 -1 -1.853e+04 2.616e+02 7.346e+01
|        ( - -7.040e+03 2 0)
|        ( QUESTION0 -1 -1.123e+04 1.688e+02 4.380e+01
|            ( QUESTION14 -1 -2.281e+03 1.271e+02 1.000e+01
|                ( - -6.544e+02 1 0)
|                ( - -1.500e+03 2 0))
|            ( QUESTION2_8_L -1 -8.779e+03 1.488e+02 3.380e+01
|                ( - -2.015e+03 2 0)
|                ( - -6.615e+03 2 0)))))
s>    ( QUESTION2_20_L -1 -2.793e+04 3.051e+02 1.105e+02
s>        ( QUESTION0 -1 -9.096e+03 1.419e+02 3.702e+01
s>            ( - -1.132e+03 2 0)
s>            ( - -7.822e+03 5 0))
s>        ( QUESTION1 -1 -1.853e+04 2.616e+02 7.346e+01
s>            ( - -7.040e+03 2 0)
s>            ( QUESTION0 -1 -1.123e+04 1.688e+02 4.380e+01
s>                ( QUESTION14 -1 -2.281e+03 1.271e+02 1.000e+01
s>                    ( - -6.544e+02 1 0)
s>                    ( - -1.500e+03 2 0))
s>                ( QUESTION2_8_L -1 -8.779e+03 1.488e+02 3.380e+01
s>                    ( - -2.015e+03 2 0)
s>                    ( - -6.615e+03 2 0)))))INFO: dtree.c(1315): Comp split 5
INFO: dtree.c(1439): stop. leaf nodes are specific
INFO: dtree.c(1478): Final simple tree
|( WDBNDRY_B 0 -1.395e+05 1.419e+02 5.971e+02
|    ( - -7.918e+02 1 0)
|    ( - -1.385e+05 1 0))
s>    ( WDBNDRY_B 0 -1.395e+05 1.419e+02 5.971e+02
s>        ( - -7.918e+02 1 0)
s>        ( - -1.385e+05 1 0))INFO: dtree.c(1439): stop. leaf nodes are specific
INFO: dtree.c(1478): Final simple tree
|( QUESTION0 -1 -8.452e+03 1.624e+02 3.701e+01
|    ( - -3.098e+03 1 0)
|    ( - -5.191e+03 2 0))
s>    ( QUESTION0 -1 -8.452e+03 1.624e+02 3.701e+01
s>        ( - -3.098e+03 1 0)
s>        ( - -5.191e+03 2 0))INFO: dtree.c(1315): Comp split 6
INFO: dtree.c(1439): stop. leaf nodes are specific
INFO: dtree.c(1478): Final simple tree
|( QUESTION2_18_L -1 -1.978e+04 2.758e+02 7.846e+01
|    ( - -7.040e+03 2 0)
|    ( QUESTION0 -1 -1.246e+04 1.643e+02 4.880e+01
|        ( QUESTION14 -1 -3.517e+03 1.216e+02 1.500e+01
|            ( - -6.544e+02 1 0)
|            ( QUESTION1 -1 -2.741e+03 1.092e+02 1.200e+01
|                ( - -1.132e+03 2 0)
|                ( - -1.500e+03 2 0)))
|        ( QUESTION2_8_L -1 -8.779e+03 1.488e+02 3.380e+01
|            ( - -2.015e+03 2 0)
|            ( - -6.615e+03 2 0))))
s>    ( QUESTION2_18_L -1 -1.978e+04 2.758e+02 7.846e+01
s>        ( - -7.040e+03 2 0)
s>        ( QUESTION0 -1 -1.246e+04 1.643e+02 4.880e+01
s>            ( QUESTION14 -1 -3.517e+03 1.216e+02 1.500e+01
s>                ( - -6.544e+02 1 0)
s>                ( QUESTION1 -1 -2.741e+03 1.092e+02 1.200e+01
s>                    ( - -1.132e+03 2 0)
s>                    ( - -1.500e+03 2 0)))
s>            ( QUESTION2_8_L -1 -8.779e+03 1.488e+02 3.380e+01
s>                ( - -2.015e+03 2 0)
s>                ( - -6.615e+03 2 0))))INFO: dtree.c(1315): Comp split 7
INFO: dtree.c(1439): stop. leaf nodes are specific
INFO: dtree.c(1478): Final simple tree
|( QUESTION8 -1 -1.167e+04 1.527e+02 4.580e+01
|    ( - -1.500e+03 2 0)
|    ( QUESTION2_12_L -1 -1.002e+04 1.463e+02 3.880e+01
|        ( - -6.615e+03 2 0)
|        ( QUESTION0 -1 -3.254e+03 1.076e+02 1.400e+01
|            ( - -1.132e+03 2 0)
|            ( - -2.015e+03 2 0))))
s>    ( QUESTION8 -1 -1.167e+04 1.527e+02 4.580e+01
s>        ( - -1.500e+03 2 0)
s>        ( QUESTION2_12_L -1 -1.002e+04 1.463e+02 3.880e+01
s>            ( - -6.615e+03 2 0)
s>            ( QUESTION0 -1 -3.254e+03 1.076e+02 1.400e+01
s>                ( - -1.132e+03 2 0)
s>                ( - -2.015e+03 2 0))))INFO: dtree.c(1439): stop. leaf nodes are specific
INFO: dtree.c(1478): Final simple tree
|( QUESTION1 -1 -7.831e+03 1.370e+02 3.266e+01
|    ( - -7.040e+03 2 0)
|    ( - -6.544e+02 1 0))
s>    ( QUESTION1 -1 -7.831e+03 1.370e+02 3.266e+01
s>        ( - -7.040e+03 2 0)
s>        ( - -6.544e+02 1 0))INFO: dtree.c(1315): Comp split 8
INFO: dtree.c(1439): stop. leaf nodes are specific
INFO: dtree.c(1478): Final simple tree
|( QUESTION0_0_R 1 -3.250e+04 1.425e+02 1.415e+02
|    ( - -3.067e+04 1 0)
|    ( - -1.687e+03 1 0))
s>    ( QUESTION0_0_R 1 -3.250e+04 1.425e+02 1.415e+02
s>        ( - -3.067e+04 1 0)
s>        ( - -1.687e+03 1 0))INFO: dtree.c(1315): Comp split 9
INFO: dtree.c(1439): stop. leaf nodes are specific
INFO: dtree.c(1478): Final simple tree
|( QUESTION8 -1 -4.889e+03 1.353e+02 2.100e+01
|    ( - -1.500e+03 2 0)
|    ( QUESTION0 -1 -3.254e+03 1.076e+02 1.400e+01
|        ( - -1.132e+03 2 0)
|        ( - -2.015e+03 2 0)))
s>    ( QUESTION8 -1 -4.889e+03 1.353e+02 2.100e+01
s>        ( - -1.500e+03 2 0)
s>        ( QUESTION0 -1 -3.254e+03 1.076e+02 1.400e+01
s>            ( - -1.132e+03 2 0)
s>            ( - -2.015e+03 2 0)))INFO: dtree.c(1315): Comp split 10
INFO: dtree.c(1315): Comp split 11
INFO: dtree.c(1315): Comp split 12
INFO: dtree.c(1315): Comp split 13
INFO: dtree.c(1315): Comp split 14
INFO: dtree.c(1439): stop. leaf nodes are specific
INFO: dtree.c(1478): Final simple tree
|( QUESTION0 -1 -3.254e+03 1.076e+02 1.400e+01
|    ( - -1.132e+03 2 0)
|    ( - -2.015e+03 2 0))
s>    ( QUESTION0 -1 -3.254e+03 1.076e+02 1.400e+01
s>        ( - -1.132e+03 2 0)
s>        ( - -2.015e+03 2 0))INFO: dtree.c(1315): Comp split 15
INFO: dtree.c(1315): Comp split 16
INFO: dtree.c(1318): stop. leaf nodes are specific
Wed Dec 20 23:52:20 2017
