Current configuration:
[NAME]		[DEFLT]	[VALUE]
-allphones	no	no
-cntthresh	0.00001	1.000000e-05
-csplitmax	100	2000
-csplitmin	1	1
-csplitthr	8e-4	0.000000e+00
-example	no	no
-fullvar	no	no
-help		no	no
-meanfn			/home/alex/repos/speech/an4/model_parameters/an4.cd_cont_untied/means
-mixwfn			/home/alex/repos/speech/an4/model_parameters/an4.cd_cont_untied/mixture_weights
-moddeffn		/home/alex/repos/speech/an4/model_architecture/an4.untied.mdef
-mwfloor	1e-4	1.000000e-08
-phone			AH
-psetfn			/home/alex/repos/speech/an4/model_architecture/an4.tree_questions
-ssplitmax	5	7
-ssplitmin	1	1
-ssplitthr	8e-4	0.000000e+00
-state			2
-stwt			1.0,0.05,0.0,
-treefn			/home/alex/repos/speech/an4/trees/an4.unpruned/AH-2.dtree
-ts2cbfn	.semi.	.cont.
-varfloor	0.00001	1.000000e-05
-varfn			/home/alex/repos/speech/an4/model_parameters/an4.cd_cont_untied/variances

INFO: main.c(223): Reading: /home/alex/repos/speech/an4/model_architecture/an4.untied.mdef
INFO: model_def_io.c(573): Model definition info:
INFO: model_def_io.c(574): 1618 total models defined (34 base, 1584 tri)
INFO: model_def_io.c(575): 6472 total states
INFO: model_def_io.c(576): 4854 total tied states
INFO: model_def_io.c(577): 102 total tied CI states
INFO: model_def_io.c(578): 34 total tied transition matrices
INFO: model_def_io.c(579): 4 max state/model
INFO: model_def_io.c(580): 4 min state/model
INFO: main.c(242): Building trees for [AH AH AY s] through [AH Z N i]
INFO: main.c(269): Covering states |[177 470]| == 294
INFO: main.c(275): Reading: /home/alex/repos/speech/an4/model_parameters/an4.cd_cont_untied/mixture_weights
INFO: s3mixw_io.c(173): Read /home/alex/repos/speech/an4/model_parameters/an4.cd_cont_untied/mixture_weights [294x1x1 array]
INFO: main.c(311): 98 of 98 models have observation count greater than 0.000010
INFO: main.c(95): nrm stwt: 0.000 0.048 0.952 
INFO: s3gau_io.c(169): Read /home/alex/repos/speech/an4/model_parameters/an4.cd_cont_untied/means [4854x1x1 array]
INFO: s3gau_io.c(169): Read /home/alex/repos/speech/an4/model_parameters/an4.cd_cont_untied/variances [4854x1x1 array]
INFO: main.c(549): Reading: /home/alex/repos/speech/an4/model_architecture/an4.tree_questions
INFO: main.c(588): 180 total simple questions (172 phone; 8 word bndry)
INFO: main.c(590): 42 Left Only questions, and 42 Right Only questions
INFO: dtree.c(1478): Final simple tree
|( WDBNDRY_S 0 -9.489e+05 2.820e+04 4.616e+03
|    ( SILENCE 1 -6.102e+05 8.020e+02 3.233e+03
|        ( - -4.897e+04 5 0 QUESTION2 -1 2.574e+02 2.583e+02)
|        ( QUESTION2_14_L -1 -5.605e+05 7.440e+02 2.975e+03
|            ( - -2.067e+05 17 0 QUESTION8 1 5.543e+02 1.111e+03)
|            ( - -3.530e+05 58 0 QUESTION3 -1 5.644e+02 1.863e+03)))
|    ( QUESTION2 1 -3.104e+05 3.239e+03 1.383e+03
|        ( QUESTION2_7_L -1 -2.043e+05 1.221e+03 9.271e+02
|            ( - -7.975e+04 3 0 QUESTION2_8_L -1 3.790e+02 3.675e+02)
|            ( - -1.234e+05 2 0 QUESTION1 -1 1.559e+02 5.596e+02))
|        ( QUESTION3 -1 -1.029e+05 2.450e+03 4.563e+02
|            ( - -2.493e+04 3 0 QUESTION0_0_R 1 5.343e+02 1.136e+02)
|            ( QUESTION0 1 -7.549e+04 1.548e+03 3.427e+02
|                ( - -4.361e+04 7 0 QUESTION9 -1 4.700e+02 2.018e+02)
|                ( - -3.033e+04 3 0 QUESTION0_0_R 1 2.857e+02 1.409e+02)))))
s>    ( WDBNDRY_S 0 -9.489e+05 2.820e+04 4.616e+03
s>        ( SILENCE 1 -6.102e+05 8.020e+02 3.233e+03
s>            ( - -4.897e+04 5 0 QUESTION2 -1 2.574e+02 2.583e+02)
s>            ( QUESTION2_14_L -1 -5.605e+05 7.440e+02 2.975e+03
s>                ( - -2.067e+05 17 0 QUESTION8 1 5.543e+02 1.111e+03)
s>                ( - -3.530e+05 58 0 QUESTION3 -1 5.644e+02 1.863e+03)))
s>        ( QUESTION2 1 -3.104e+05 3.239e+03 1.383e+03
s>            ( QUESTION2_7_L -1 -2.043e+05 1.221e+03 9.271e+02
s>                ( - -7.975e+04 3 0 QUESTION2_8_L -1 3.790e+02 3.675e+02)
s>                ( - -1.234e+05 2 0 QUESTION1 -1 1.559e+02 5.596e+02))
s>            ( QUESTION3 -1 -1.029e+05 2.450e+03 4.563e+02
s>                ( - -2.493e+04 3 0 QUESTION0_0_R 1 5.343e+02 1.136e+02)
s>                ( QUESTION0 1 -7.549e+04 1.548e+03 3.427e+02
s>                    ( - -4.361e+04 7 0 QUESTION9 -1 4.700e+02 2.018e+02)
s>                    ( - -3.033e+04 3 0 QUESTION0_0_R 1 2.857e+02 1.409e+02)))))INFO: dtree.c(1315): Comp split 0
INFO: dtree.c(1478): Final simple tree
|( QUESTION2 1 -3.104e+05 3.239e+03 1.383e+03
|    ( QUESTION2_7_L -1 -2.043e+05 1.221e+03 9.271e+02
|        ( - -7.975e+04 3 0 QUESTION2_8_L -1 3.790e+02 3.675e+02)
|        ( - -1.234e+05 2 0 QUESTION1 -1 1.559e+02 5.596e+02))
|    ( QUESTION3 -1 -1.029e+05 2.450e+03 4.563e+02
|        ( QUESTION0_0_R 1 -2.493e+04 5.343e+02 1.136e+02
|            ( QUESTION0_1_R 1 -2.463e+04 5.117e+02 1.126e+02
|                ( - 2.415e+02 1 0)
|                ( - -2.436e+04 1 0))
|            ( - 2.422e+02 1 0))
|        ( QUESTION0 1 -7.549e+04 1.548e+03 3.427e+02
|            ( QUESTION9 -1 -4.361e+04 4.700e+02 2.018e+02
|                ( - 2.172e+02 1 0)
|                ( - -4.335e+04 6 0 WDBNDRY_E 0 4.698e+02 2.008e+02))
|            ( - -3.033e+04 3 0 QUESTION0_0_R 1 2.857e+02 1.409e+02))))
s>    ( QUESTION2 1 -3.104e+05 3.239e+03 1.383e+03
s>        ( QUESTION2_7_L -1 -2.043e+05 1.221e+03 9.271e+02
s>            ( - -7.975e+04 3 0 QUESTION2_8_L -1 3.790e+02 3.675e+02)
s>            ( - -1.234e+05 2 0 QUESTION1 -1 1.559e+02 5.596e+02))
s>        ( QUESTION3 -1 -1.029e+05 2.450e+03 4.563e+02
s>            ( QUESTION0_0_R 1 -2.493e+04 5.343e+02 1.136e+02
s>                ( QUESTION0_1_R 1 -2.463e+04 5.117e+02 1.126e+02
s>                    ( - 2.415e+02 1 0)
s>                    ( - -2.436e+04 1 0))
s>                ( - 2.422e+02 1 0))
s>            ( QUESTION0 1 -7.549e+04 1.548e+03 3.427e+02
s>                ( QUESTION9 -1 -4.361e+04 4.700e+02 2.018e+02
s>                    ( - 2.172e+02 1 0)
s>                    ( - -4.335e+04 6 0 WDBNDRY_E 0 4.698e+02 2.008e+02))
s>                ( - -3.033e+04 3 0 QUESTION0_0_R 1 2.857e+02 1.409e+02))))INFO: dtree.c(1478): Final simple tree
|( SILENCE 1 -6.102e+05 8.020e+02 3.233e+03
|    ( - -4.897e+04 5 0 QUESTION2 -1 2.574e+02 2.583e+02)
|    ( QUESTION2_14_L -1 -5.605e+05 7.440e+02 2.975e+03
|        ( QUESTION8 1 -2.067e+05 5.543e+02 1.111e+03
|            ( - -1.167e+05 9 0 QUESTION15 1 4.200e+02 6.304e+02)
|            ( - -8.947e+04 8 0 QUESTION0 1 3.270e+02 4.808e+02))
|        ( QUESTION3 -1 -3.530e+05 5.644e+02 1.863e+03
|            ( QUESTION13 1 -1.125e+05 5.298e+02 6.083e+02
|                ( - -1.495e+04 4 0 QUESTION0_4_R 1 3.373e+02 7.789e+01)
|                ( QUESTION0 1 -9.706e+04 5.233e+02 5.304e+02
|                    ( - -8.243e+04 8 0 QUESTION2 1 4.279e+02 4.515e+02)
|                    ( QUESTION0_20_R 1 -1.411e+04 5.334e+02 7.894e+01
|                        ( - -4.020e+03 2 0)
|                        ( - -9.557e+03 3 0 QUESTION2_20_L -1 4.627e+02 5.394e+01))))
|            ( - -2.399e+05 41 0 QUESTION2_13_L -1 4.374e+02 1.255e+03))))
s>    ( SILENCE 1 -6.102e+05 8.020e+02 3.233e+03
s>        ( - -4.897e+04 5 0 QUESTION2 -1 2.574e+02 2.583e+02)
s>        ( QUESTION2_14_L -1 -5.605e+05 7.440e+02 2.975e+03
s>            ( QUESTION8 1 -2.067e+05 5.543e+02 1.111e+03
s>                ( - -1.167e+05 9 0 QUESTION15 1 4.200e+02 6.304e+02)
s>                ( - -8.947e+04 8 0 QUESTION0 1 3.270e+02 4.808e+02))
s>            ( QUESTION3 -1 -3.530e+05 5.644e+02 1.863e+03
s>                ( QUESTION13 1 -1.125e+05 5.298e+02 6.083e+02
s>                    ( - -1.495e+04 4 0 QUESTION0_4_R 1 3.373e+02 7.789e+01)
s>                    ( QUESTION0 1 -9.706e+04 5.233e+02 5.304e+02
s>                        ( - -8.243e+04 8 0 QUESTION2 1 4.279e+02 4.515e+02)
s>                        ( QUESTION0_20_R 1 -1.411e+04 5.334e+02 7.894e+01
s>                            ( - -4.020e+03 2 0)
s>                            ( - -9.557e+03 3 0 QUESTION2_20_L -1 4.627e+02 5.394e+01))))
s>                ( - -2.399e+05 41 0 QUESTION2_13_L -1 4.374e+02 1.255e+03))))INFO: dtree.c(1315): Comp split 1
INFO: dtree.c(1478): Final simple tree
|( QUESTION3 -1 -1.029e+05 2.450e+03 4.563e+02
|    ( QUESTION0_0_R 1 -2.493e+04 5.343e+02 1.136e+02
|        ( QUESTION0_1_R 1 -2.463e+04 5.117e+02 1.126e+02
|            ( - 2.415e+02 1 0)
|            ( - -2.436e+04 1 0))
|        ( - 2.422e+02 1 0))
|    ( QUESTION0 1 -7.549e+04 1.548e+03 3.427e+02
|        ( QUESTION9 -1 -4.361e+04 4.700e+02 2.018e+02
|            ( - 2.172e+02 1 0)
|            ( WDBNDRY_E 0 -4.335e+04 4.698e+02 2.008e+02
|                ( - 2.416e+02 1 0)
|                ( QUESTION13 1 -4.313e+04 4.590e+02 1.998e+02
|                    ( - 2.424e+02 1 0)
|                    ( - -4.291e+04 4 0 WDBNDRY_B 0 4.525e+02 1.988e+02))))
|        ( - -3.033e+04 3 0 QUESTION0_0_R 1 2.857e+02 1.409e+02)))
s>    ( QUESTION3 -1 -1.029e+05 2.450e+03 4.563e+02
s>        ( QUESTION0_0_R 1 -2.493e+04 5.343e+02 1.136e+02
s>            ( QUESTION0_1_R 1 -2.463e+04 5.117e+02 1.126e+02
s>                ( - 2.415e+02 1 0)
s>                ( - -2.436e+04 1 0))
s>            ( - 2.422e+02 1 0))
s>        ( QUESTION0 1 -7.549e+04 1.548e+03 3.427e+02
s>            ( QUESTION9 -1 -4.361e+04 4.700e+02 2.018e+02
s>                ( - 2.172e+02 1 0)
s>                ( WDBNDRY_E 0 -4.335e+04 4.698e+02 2.008e+02
s>                    ( - 2.416e+02 1 0)
s>                    ( QUESTION13 1 -4.313e+04 4.590e+02 1.998e+02
s>                        ( - 2.424e+02 1 0)
s>                        ( - -4.291e+04 4 0 WDBNDRY_B 0 4.525e+02 1.988e+02))))
s>            ( - -3.033e+04 3 0 QUESTION0_0_R 1 2.857e+02 1.409e+02)))INFO: dtree.c(1439): stop. leaf nodes are specific
INFO: dtree.c(1478): Final simple tree
|( QUESTION2_7_L -1 -2.043e+05 1.221e+03 9.271e+02
|    ( QUESTION2_8_L -1 -7.975e+04 3.790e+02 3.675e+02
|        ( QUESTION17 -1 -7.497e+04 1.973e+02 3.454e+02
|            ( - -7.365e+04 1 0)
|            ( - -1.130e+03 1 0))
|        ( - -4.399e+03 1 0))
|    ( QUESTION1 -1 -1.234e+05 1.559e+02 5.596e+02
|        ( - -1.193e+05 1 0)
|        ( - -3.942e+03 1 0)))
s>    ( QUESTION2_7_L -1 -2.043e+05 1.221e+03 9.271e+02
s>        ( QUESTION2_8_L -1 -7.975e+04 3.790e+02 3.675e+02
s>            ( QUESTION17 -1 -7.497e+04 1.973e+02 3.454e+02
s>                ( - -7.365e+04 1 0)
s>                ( - -1.130e+03 1 0))
s>            ( - -4.399e+03 1 0))
s>        ( QUESTION1 -1 -1.234e+05 1.559e+02 5.596e+02
s>            ( - -1.193e+05 1 0)
s>            ( - -3.942e+03 1 0)))INFO: dtree.c(1315): Comp split 2
INFO: dtree.c(1439): stop. leaf nodes are specific
INFO: dtree.c(1478): Final simple tree
|( WDBNDRY_B 0 -2.460e+04 4.534e+02 1.126e+02
|    ( - 2.172e+02 1 0)
|    ( - -2.436e+04 1 0))
s>    ( WDBNDRY_B 0 -2.460e+04 4.534e+02 1.126e+02
s>        ( - 2.172e+02 1 0)
s>        ( - -2.436e+04 1 0))INFO: dtree.c(1478): Final simple tree
|( QUESTION0 1 -7.570e+04 1.533e+03 3.437e+02
|    ( WDBNDRY_E 0 -4.335e+04 4.698e+02 2.008e+02
|        ( - 2.416e+02 1 0)
|        ( QUESTION13 1 -4.313e+04 4.590e+02 1.998e+02
|            ( - 2.424e+02 1 0)
|            ( WDBNDRY_B 0 -4.291e+04 4.525e+02 1.988e+02
|                ( - 2.060e+02 1 0)
|                ( - -4.266e+04 3 0 QUESTION0_9_R 1 2.226e+02 1.978e+02))))
|    ( QUESTION10 -1 -3.081e+04 2.832e+02 1.429e+02
|        ( - -1.432e+03 1 0)
|        ( QUESTION0_0_R 1 -2.910e+04 4.627e+02 1.359e+02
|            ( - 2.415e+02 1 0)
|            ( QUESTION1 -1 -2.887e+04 5.006e+02 1.349e+02
|                ( - 2.422e+02 1 0)
|                ( - -2.862e+04 2 0 QUESTION9 -1 1.041e+02 1.339e+02)))))
s>    ( QUESTION0 1 -7.570e+04 1.533e+03 3.437e+02
s>        ( WDBNDRY_E 0 -4.335e+04 4.698e+02 2.008e+02
s>            ( - 2.416e+02 1 0)
s>            ( QUESTION13 1 -4.313e+04 4.590e+02 1.998e+02
s>                ( - 2.424e+02 1 0)
s>                ( WDBNDRY_B 0 -4.291e+04 4.525e+02 1.988e+02
s>                    ( - 2.060e+02 1 0)
s>                    ( - -4.266e+04 3 0 QUESTION0_9_R 1 2.226e+02 1.978e+02))))
s>        ( QUESTION10 -1 -3.081e+04 2.832e+02 1.429e+02
s>            ( - -1.432e+03 1 0)
s>            ( QUESTION0_0_R 1 -2.910e+04 4.627e+02 1.359e+02
s>                ( - 2.415e+02 1 0)
s>                ( QUESTION1 -1 -2.887e+04 5.006e+02 1.349e+02
s>                    ( - 2.422e+02 1 0)
s>                    ( - -2.862e+04 2 0 QUESTION9 -1 1.041e+02 1.339e+02)))))INFO: dtree.c(1315): Comp split 3
INFO: dtree.c(1439): stop. leaf nodes are specific
INFO: dtree.c(1478): Final simple tree
|( QUESTION13 1 -4.334e+04 4.589e+02 2.008e+02
|    ( - 2.424e+02 1 0)
|    ( WDBNDRY_B 0 -4.312e+04 4.524e+02 1.998e+02
|        ( - 2.060e+02 1 0)
|        ( QUESTION0_1_R 1 -4.287e+04 4.513e+02 1.988e+02
|            ( - 2.415e+02 1 0)
|            ( QUESTION0_9_R 1 -4.266e+04 2.226e+02 1.978e+02
|                ( - -1.544e+03 1 0)
|                ( QUESTION0_0_R 1 -4.090e+04 1.544e+02 1.898e+02
|                    ( - -3.963e+04 1 0)
|                    ( - -1.111e+03 1 0))))))
s>    ( QUESTION13 1 -4.334e+04 4.589e+02 2.008e+02
s>        ( - 2.424e+02 1 0)
s>        ( WDBNDRY_B 0 -4.312e+04 4.524e+02 1.998e+02
s>            ( - 2.060e+02 1 0)
s>            ( QUESTION0_1_R 1 -4.287e+04 4.513e+02 1.988e+02
s>                ( - 2.415e+02 1 0)
s>                ( QUESTION0_9_R 1 -4.266e+04 2.226e+02 1.978e+02
s>                    ( - -1.544e+03 1 0)
s>                    ( QUESTION0_0_R 1 -4.090e+04 1.544e+02 1.898e+02
s>                        ( - -3.963e+04 1 0)
s>                        ( - -1.111e+03 1 0))))))INFO: dtree.c(1439): stop. leaf nodes are specific
INFO: dtree.c(1478): Final simple tree
|( QUESTION1 -1 -3.081e+04 4.978e+02 1.429e+02
|    ( - 2.422e+02 1 0)
|    ( WDBNDRY_E 0 -3.056e+04 4.652e+02 1.419e+02
|        ( - 2.416e+02 1 0)
|        ( QUESTION0_0_R 1 -3.033e+04 2.857e+02 1.409e+02
|            ( - -1.432e+03 1 0)
|            ( QUESTION9 -1 -2.862e+04 1.041e+02 1.339e+02
|                ( - -6.034e+02 1 0)
|                ( - -2.791e+04 1 0)))))
s>    ( QUESTION1 -1 -3.081e+04 4.978e+02 1.429e+02
s>        ( - 2.422e+02 1 0)
s>        ( WDBNDRY_E 0 -3.056e+04 4.652e+02 1.419e+02
s>            ( - 2.416e+02 1 0)
s>            ( QUESTION0_0_R 1 -3.033e+04 2.857e+02 1.409e+02
s>                ( - -1.432e+03 1 0)
s>                ( QUESTION9 -1 -2.862e+04 1.041e+02 1.339e+02
s>                    ( - -6.034e+02 1 0)
s>                    ( - -2.791e+04 1 0)))))INFO: dtree.c(1315): Comp split 4
INFO: dtree.c(1439): stop. leaf nodes are specific
INFO: dtree.c(1478): Final simple tree
|( QUESTION2_8_L -1 -7.975e+04 3.790e+02 3.675e+02
|    ( QUESTION17 -1 -7.497e+04 1.973e+02 3.454e+02
|        ( - -7.365e+04 1 0)
|        ( - -1.130e+03 1 0))
|    ( - -4.399e+03 1 0))
s>    ( QUESTION2_8_L -1 -7.975e+04 3.790e+02 3.675e+02
s>        ( QUESTION17 -1 -7.497e+04 1.973e+02 3.454e+02
s>            ( - -7.365e+04 1 0)
s>            ( - -1.130e+03 1 0))
s>        ( - -4.399e+03 1 0))INFO: dtree.c(1439): stop. leaf nodes are specific
INFO: dtree.c(1478): Final simple tree
|( QUESTION1 -1 -1.234e+05 1.559e+02 5.596e+02
|    ( - -1.193e+05 1 0)
|    ( - -3.942e+03 1 0))
s>    ( QUESTION1 -1 -1.234e+05 1.559e+02 5.596e+02
s>        ( - -1.193e+05 1 0)
s>        ( - -3.942e+03 1 0))INFO: dtree.c(1315): Comp split 5
INFO: dtree.c(1478): Final simple tree
|( QUESTION0 -1 -2.942e+05 5.997e+02 1.588e+03
|    ( QUESTION0_20_R 1 -8.693e+04 4.824e+02 4.765e+02
|        ( - -4.020e+03 2 0)
|        ( QUESTION2 1 -8.243e+04 4.279e+02 4.515e+02
|            ( - -4.883e+03 1 0)
|            ( QUESTION7 -1 -7.712e+04 3.891e+02 4.205e+02
|                ( - -5.759e+03 1 0)
|                ( - -7.097e+04 6 0 QUESTION18 1 3.860e+02 3.865e+02))))
|    ( QUESTION8 1 -2.067e+05 5.543e+02 1.111e+03
|        ( QUESTION15 1 -1.167e+05 4.200e+02 6.304e+02
|            ( - -2.055e+03 1 0)
|            ( QUESTION0_3_R 1 -1.142e+05 3.971e+02 6.174e+02
|                ( - -1.177e+04 1 0)
|                ( - -1.020e+05 7 0 QUESTION0_8_R 1 3.633e+02 5.488e+02)))
|        ( - -8.947e+04 8 0 QUESTION0 1 3.270e+02 4.808e+02)))
s>    ( QUESTION0 -1 -2.942e+05 5.997e+02 1.588e+03
s>        ( QUESTION0_20_R 1 -8.693e+04 4.824e+02 4.765e+02
s>            ( - -4.020e+03 2 0)
s>            ( QUESTION2 1 -8.243e+04 4.279e+02 4.515e+02
s>                ( - -4.883e+03 1 0)
s>                ( QUESTION7 -1 -7.712e+04 3.891e+02 4.205e+02
s>                    ( - -5.759e+03 1 0)
s>                    ( - -7.097e+04 6 0 QUESTION18 1 3.860e+02 3.865e+02))))
s>        ( QUESTION8 1 -2.067e+05 5.543e+02 1.111e+03
s>            ( QUESTION15 1 -1.167e+05 4.200e+02 6.304e+02
s>                ( - -2.055e+03 1 0)
s>                ( QUESTION0_3_R 1 -1.142e+05 3.971e+02 6.174e+02
s>                    ( - -1.177e+04 1 0)
s>                    ( - -1.020e+05 7 0 QUESTION0_8_R 1 3.633e+02 5.488e+02)))
s>            ( - -8.947e+04 8 0 QUESTION0 1 3.270e+02 4.808e+02)))INFO: dtree.c(1478): Final simple tree
|( SILENCE 1 -3.149e+05 6.095e+02 1.645e+03
|    ( - -4.897e+04 5 0 QUESTION2 -1 2.574e+02 2.583e+02)
|    ( QUESTION2_20_L -1 -2.653e+05 4.562e+02 1.387e+03
|        ( QUESTION2 -1 -1.223e+05 3.706e+02 6.428e+02
|            ( - -2.638e+04 4 0 QUESTION0_0_R 1 3.473e+02 1.420e+02)
|            ( - -9.556e+04 18 0 QUESTION0 -1 3.683e+02 5.008e+02))
|        ( QUESTION15 -1 -1.425e+05 5.563e+02 7.442e+02
|            ( QUESTION0_9_R 1 -5.316e+04 3.961e+02 2.806e+02
|                ( - -1.340e+04 1 0)
|                ( - -3.936e+04 7 0 QUESTION0_13_R 1 2.627e+02 2.061e+02))
|            ( QUESTION0_13_R 1 -8.880e+04 5.291e+02 4.636e+02
|                ( - -1.958e+04 5 0 QUESTION0_14_R 1 2.837e+02 1.020e+02)
|                ( QUESTION15 1 -6.870e+04 3.857e+02 3.616e+02
|                    ( - -1.372e+04 2 0 SILENCE -1 2.425e+02 7.182e+01)
|                    ( - -5.460e+04 11 0 QUESTION1 -1 3.216e+02 2.898e+02))))))
s>    ( SILENCE 1 -3.149e+05 6.095e+02 1.645e+03
s>        ( - -4.897e+04 5 0 QUESTION2 -1 2.574e+02 2.583e+02)
s>        ( QUESTION2_20_L -1 -2.653e+05 4.562e+02 1.387e+03
s>            ( QUESTION2 -1 -1.223e+05 3.706e+02 6.428e+02
s>                ( - -2.638e+04 4 0 QUESTION0_0_R 1 3.473e+02 1.420e+02)
s>                ( - -9.556e+04 18 0 QUESTION0 -1 3.683e+02 5.008e+02))
s>            ( QUESTION15 -1 -1.425e+05 5.563e+02 7.442e+02
s>                ( QUESTION0_9_R 1 -5.316e+04 3.961e+02 2.806e+02
s>                    ( - -1.340e+04 1 0)
s>                    ( - -3.936e+04 7 0 QUESTION0_13_R 1 2.627e+02 2.061e+02))
s>                ( QUESTION0_13_R 1 -8.880e+04 5.291e+02 4.636e+02
s>                    ( - -1.958e+04 5 0 QUESTION0_14_R 1 2.837e+02 1.020e+02)
s>                    ( QUESTION15 1 -6.870e+04 3.857e+02 3.616e+02
s>                        ( - -1.372e+04 2 0 SILENCE -1 2.425e+02 7.182e+01)
s>                        ( - -5.460e+04 11 0 QUESTION1 -1 3.216e+02 2.898e+02))))))INFO: dtree.c(1315): Comp split 6
INFO: dtree.c(1478): Final simple tree
|( QUESTION0_13_R 1 -7.472e+04 5.496e+02 3.918e+02
|    ( QUESTION0_14_R 1 -1.958e+04 2.837e+02 1.020e+02
|        ( - -4.397e+03 1 0)
|        ( QUESTION20 -1 -1.490e+04 2.790e+02 7.903e+01
|            ( - -4.724e+03 1 0)
|            ( - -9.894e+03 3 0 QUESTION4 1 2.252e+02 5.200e+01)))
|    ( QUESTION1 -1 -5.460e+04 3.216e+02 2.898e+02
|        ( - -3.390e+03 2 0 QUESTION0_1_R 1 2.189e+02 1.800e+01)
|        ( QUESTION0_6_R 1 -5.088e+04 2.588e+02 2.718e+02
|            ( - -2.724e+03 1 0)
|            ( SILENCE -1 -4.790e+04 2.728e+02 2.568e+02
|                ( QUESTION0_0_R 1 -2.714e+04 4.046e+02 1.464e+02
|                    ( - -2.398e+04 2 0 QUESTION0_3_R 1 2.524e+02 1.284e+02)
|                    ( - -2.749e+03 1 0))
|                ( - -2.049e+04 5 0 QUESTION0_0_R 1 2.856e+02 1.104e+02)))))
s>    ( QUESTION0_13_R 1 -7.472e+04 5.496e+02 3.918e+02
s>        ( QUESTION0_14_R 1 -1.958e+04 2.837e+02 1.020e+02
s>            ( - -4.397e+03 1 0)
s>            ( QUESTION20 -1 -1.490e+04 2.790e+02 7.903e+01
s>                ( - -4.724e+03 1 0)
s>                ( - -9.894e+03 3 0 QUESTION4 1 2.252e+02 5.200e+01)))
s>        ( QUESTION1 -1 -5.460e+04 3.216e+02 2.898e+02
s>            ( - -3.390e+03 2 0 QUESTION0_1_R 1 2.189e+02 1.800e+01)
s>            ( QUESTION0_6_R 1 -5.088e+04 2.588e+02 2.718e+02
s>                ( - -2.724e+03 1 0)
s>                ( SILENCE -1 -4.790e+04 2.728e+02 2.568e+02
s>                    ( QUESTION0_0_R 1 -2.714e+04 4.046e+02 1.464e+02
s>                        ( - -2.398e+04 2 0 QUESTION0_3_R 1 2.524e+02 1.284e+02)
s>                        ( - -2.749e+03 1 0))
s>                    ( - -2.049e+04 5 0 QUESTION0_0_R 1 2.856e+02 1.104e+02)))))INFO: dtree.c(1478): Final simple tree
|( SILENCE 1 -2.393e+05 5.375e+02 1.253e+03
|    ( - -4.897e+04 5 0 QUESTION2 -1 2.574e+02 2.583e+02)
|    ( QUESTION6 -1 -1.898e+05 3.807e+02 9.952e+02
|        ( QUESTION0_1_R 1 -1.444e+04 6.220e+02 7.884e+01
|            ( - -4.133e+03 1 0)
|            ( - -9.681e+03 2 0 QUESTION0_3_R 1 2.933e+02 5.190e+01))
|        ( QUESTION0 -1 -1.750e+05 4.011e+02 9.164e+02
|            ( QUESTION5 1 -8.267e+04 3.558e+02 4.366e+02
|                ( - -3.881e+03 1 0)
|                ( - -7.843e+04 12 0 QUESTION15 1 3.394e+02 4.126e+02))
|            ( QUESTION4 1 -9.195e+04 4.494e+02 4.797e+02
|                ( - -2.072e+04 3 0 QUESTION0_13_R 1 2.571e+02 1.128e+02)
|                ( QUESTION16 1 -7.078e+04 3.462e+02 3.669e+02
|                    ( - -1.066e+04 3 0 QUESTION0_7_R 1 2.311e+02 5.582e+01)
|                    ( - -5.977e+04 10 0 QUESTION0_0_R 1 2.752e+02 3.111e+02))))))
s>    ( SILENCE 1 -2.393e+05 5.375e+02 1.253e+03
s>        ( - -4.897e+04 5 0 QUESTION2 -1 2.574e+02 2.583e+02)
s>        ( QUESTION6 -1 -1.898e+05 3.807e+02 9.952e+02
s>            ( QUESTION0_1_R 1 -1.444e+04 6.220e+02 7.884e+01
s>                ( - -4.133e+03 1 0)
s>                ( - -9.681e+03 2 0 QUESTION0_3_R 1 2.933e+02 5.190e+01))
s>            ( QUESTION0 -1 -1.750e+05 4.011e+02 9.164e+02
s>                ( QUESTION5 1 -8.267e+04 3.558e+02 4.366e+02
s>                    ( - -3.881e+03 1 0)
s>                    ( - -7.843e+04 12 0 QUESTION15 1 3.394e+02 4.126e+02))
s>                ( QUESTION4 1 -9.195e+04 4.494e+02 4.797e+02
s>                    ( - -2.072e+04 3 0 QUESTION0_13_R 1 2.571e+02 1.128e+02)
s>                    ( QUESTION16 1 -7.078e+04 3.462e+02 3.669e+02
s>                        ( - -1.066e+04 3 0 QUESTION0_7_R 1 2.311e+02 5.582e+01)
s>                        ( - -5.977e+04 10 0 QUESTION0_0_R 1 2.752e+02 3.111e+02))))))INFO: dtree.c(1315): Comp split 7
INFO: dtree.c(1478): Final simple tree
|( QUESTION0_20_R 1 -1.926e+05 4.558e+02 1.042e+03
|    ( - -4.020e+03 2 0)
|    ( QUESTION0 -1 -1.881e+05 4.949e+02 1.017e+03
|        ( QUESTION18 1 -7.097e+04 3.860e+02 3.865e+02
|            ( - -7.287e+03 1 0)
|            ( QUESTION0_9_R 1 -6.330e+04 3.818e+02 3.435e+02
|                ( QUESTION6 -1 -3.250e+04 5.327e+02 1.786e+02
|                    ( - -1.267e+04 1 0)
|                    ( - -1.929e+04 1 0))
|                ( - -3.042e+04 3 0 QUESTION0_15_R 1 2.620e+02 1.650e+02)))
|        ( QUESTION15 1 -1.167e+05 4.200e+02 6.304e+02
|            ( - -2.055e+03 1 0)
|            ( QUESTION0_3_R 1 -1.142e+05 3.971e+02 6.174e+02
|                ( - -1.177e+04 1 0)
|                ( - -1.020e+05 7 0 QUESTION0_8_R 1 3.633e+02 5.488e+02)))))
s>    ( QUESTION0_20_R 1 -1.926e+05 4.558e+02 1.042e+03
s>        ( - -4.020e+03 2 0)
s>        ( QUESTION0 -1 -1.881e+05 4.949e+02 1.017e+03
s>            ( QUESTION18 1 -7.097e+04 3.860e+02 3.865e+02
s>                ( - -7.287e+03 1 0)
s>                ( QUESTION0_9_R 1 -6.330e+04 3.818e+02 3.435e+02
s>                    ( QUESTION6 -1 -3.250e+04 5.327e+02 1.786e+02
s>                        ( - -1.267e+04 1 0)
s>                        ( - -1.929e+04 1 0))
s>                    ( - -3.042e+04 3 0 QUESTION0_15_R 1 2.620e+02 1.650e+02)))
s>            ( QUESTION15 1 -1.167e+05 4.200e+02 6.304e+02
s>                ( - -2.055e+03 1 0)
s>                ( QUESTION0_3_R 1 -1.142e+05 3.971e+02 6.174e+02
s>                    ( - -1.177e+04 1 0)
s>                    ( - -1.020e+05 7 0 QUESTION0_8_R 1 3.633e+02 5.488e+02)))))INFO: dtree.c(1439): stop. leaf nodes are specific
INFO: dtree.c(1478): Final simple tree
|( QUESTION0_14_R 1 -1.009e+05 4.492e+02 5.458e+02
|    ( - -4.883e+03 1 0)
|    ( QUESTION0 1 -9.553e+04 3.326e+02 5.148e+02
|        ( QUESTION0_13_R 1 -5.883e+04 3.421e+02 3.187e+02
|            ( - -4.887e+04 2 0)
|            ( QUESTION0_0_R 1 -9.618e+03 2.395e+02 5.600e+01
|                ( - -5.759e+03 1 0)
|                ( - -3.619e+03 1 0)))
|        ( QUESTION0_20_R 1 -3.637e+04 3.048e+02 1.960e+02
|            ( - -7.970e+03 3 0)
|            ( QUESTION0_0_R 1 -2.809e+04 2.428e+02 1.534e+02
|                ( - -2.449e+04 1 0)
|                ( - -3.360e+03 1 0)))))
s>    ( QUESTION0_14_R 1 -1.009e+05 4.492e+02 5.458e+02
s>        ( - -4.883e+03 1 0)
s>        ( QUESTION0 1 -9.553e+04 3.326e+02 5.148e+02
s>            ( QUESTION0_13_R 1 -5.883e+04 3.421e+02 3.187e+02
s>                ( - -4.887e+04 2 0)
s>                ( QUESTION0_0_R 1 -9.618e+03 2.395e+02 5.600e+01
s>                    ( - -5.759e+03 1 0)
s>                    ( - -3.619e+03 1 0)))
s>            ( QUESTION0_20_R 1 -3.637e+04 3.048e+02 1.960e+02
s>                ( - -7.970e+03 3 0)
s>                ( QUESTION0_0_R 1 -2.809e+04 2.428e+02 1.534e+02
s>                    ( - -2.449e+04 1 0)
s>                    ( - -3.360e+03 1 0)))))INFO: dtree.c(1315): Comp split 8
INFO: dtree.c(1478): Final simple tree
|( SILENCE 1 -2.345e+05 5.522e+02 1.227e+03
|    ( - -4.897e+04 5 0 QUESTION2 -1 2.574e+02 2.583e+02)
|    ( QUESTION2_13_L -1 -1.850e+05 3.737e+02 9.683e+02
|        ( QUESTION2 -1 -1.203e+05 3.796e+02 6.298e+02
|            ( QUESTION0_0_R 1 -2.638e+04 3.473e+02 1.420e+02
|                ( QUESTION15 1 -2.215e+04 3.197e+02 1.180e+02
|                    ( - -3.272e+03 1 0)
|                    ( - -1.856e+04 2 0 QUESTION0_3_R 1 2.602e+02 1.000e+02))
|                ( - -3.881e+03 1 0))
|            ( QUESTION4 1 -9.351e+04 3.975e+02 4.878e+02
|                ( - -2.072e+04 3 0 QUESTION0_13_R 1 2.571e+02 1.128e+02)
|                ( - -7.239e+04 15 0 QUESTION16 1 3.195e+02 3.750e+02)))
|        ( QUESTION0_9_R 1 -6.433e+04 4.209e+02 3.385e+02
|            ( - -1.340e+04 1 0)
|            ( - -5.050e+04 8 0 QUESTION0_13_R 1 3.146e+02 2.640e+02))))
s>    ( SILENCE 1 -2.345e+05 5.522e+02 1.227e+03
s>        ( - -4.897e+04 5 0 QUESTION2 -1 2.574e+02 2.583e+02)
s>        ( QUESTION2_13_L -1 -1.850e+05 3.737e+02 9.683e+02
s>            ( QUESTION2 -1 -1.203e+05 3.796e+02 6.298e+02
s>                ( QUESTION0_0_R 1 -2.638e+04 3.473e+02 1.420e+02
s>                    ( QUESTION15 1 -2.215e+04 3.197e+02 1.180e+02
s>                        ( - -3.272e+03 1 0)
s>                        ( - -1.856e+04 2 0 QUESTION0_3_R 1 2.602e+02 1.000e+02))
s>                    ( - -3.881e+03 1 0))
s>                ( QUESTION4 1 -9.351e+04 3.975e+02 4.878e+02
s>                    ( - -2.072e+04 3 0 QUESTION0_13_R 1 2.571e+02 1.128e+02)
s>                    ( - -7.239e+04 15 0 QUESTION16 1 3.195e+02 3.750e+02)))
s>            ( QUESTION0_9_R 1 -6.433e+04 4.209e+02 3.385e+02
s>                ( - -1.340e+04 1 0)
s>                ( - -5.050e+04 8 0 QUESTION0_13_R 1 3.146e+02 2.640e+02))))INFO: dtree.c(1315): Comp split 9
INFO: dtree.c(1478): Final simple tree
|( QUESTION0 -1 -1.649e+05 5.563e+02 8.913e+02
|    ( QUESTION0_9_R 1 -5.011e+04 3.965e+02 2.739e+02
|        ( - -1.929e+04 1 0)
|        ( QUESTION0_15_R 1 -3.042e+04 2.620e+02 1.650e+02
|            ( - -2.515e+04 1 0)
|            ( - -5.003e+03 2 0 QUESTION0_0_R 1 1.955e+02 2.800e+01)))
|    ( QUESTION0_3_R 1 -1.142e+05 3.971e+02 6.174e+02
|        ( - -1.177e+04 1 0)
|        ( QUESTION0_8_R 1 -1.020e+05 3.633e+02 5.488e+02
|            ( - -7.904e+03 1 0)
|            ( QUESTION18 1 -9.378e+04 4.739e+02 5.032e+02
|                ( - -8.770e+03 2 0 QUESTION0_0_R 1 2.057e+02 4.599e+01)
|                ( QUESTION0_0_R 1 -8.453e+04 3.195e+02 4.572e+02
|                    ( - -6.695e+04 3 0 QUESTION0_6_R 1 1.868e+02 3.615e+02)
|                    ( - -1.726e+04 1 0))))))
s>    ( QUESTION0 -1 -1.649e+05 5.563e+02 8.913e+02
s>        ( QUESTION0_9_R 1 -5.011e+04 3.965e+02 2.739e+02
s>            ( - -1.929e+04 1 0)
s>            ( QUESTION0_15_R 1 -3.042e+04 2.620e+02 1.650e+02
s>                ( - -2.515e+04 1 0)
s>                ( - -5.003e+03 2 0 QUESTION0_0_R 1 1.955e+02 2.800e+01)))
s>        ( QUESTION0_3_R 1 -1.142e+05 3.971e+02 6.174e+02
s>            ( - -1.177e+04 1 0)
s>            ( QUESTION0_8_R 1 -1.020e+05 3.633e+02 5.488e+02
s>                ( - -7.904e+03 1 0)
s>                ( QUESTION18 1 -9.378e+04 4.739e+02 5.032e+02
s>                    ( - -8.770e+03 2 0 QUESTION0_0_R 1 2.057e+02 4.599e+01)
s>                    ( QUESTION0_0_R 1 -8.453e+04 3.195e+02 4.572e+02
s>                        ( - -6.695e+04 3 0 QUESTION0_6_R 1 1.868e+02 3.615e+02)
s>                        ( - -1.726e+04 1 0))))))INFO: dtree.c(1439): stop. leaf nodes are specific
INFO: dtree.c(1478): Final simple tree
|( QUESTION0_0_R 1 -2.704e+04 4.275e+02 1.506e+02
|    ( QUESTION0_3_R 1 -2.260e+04 3.745e+02 1.256e+02
|        ( - -2.055e+03 1 0)
|        ( QUESTION0_6_R 1 -2.017e+04 2.089e+02 1.126e+02
|            ( - -7.287e+03 1 0)
|            ( - -1.267e+04 1 0)))
|    ( - -4.020e+03 2 0))
s>    ( QUESTION0_0_R 1 -2.704e+04 4.275e+02 1.506e+02
s>        ( QUESTION0_3_R 1 -2.260e+04 3.745e+02 1.256e+02
s>            ( - -2.055e+03 1 0)
s>            ( QUESTION0_6_R 1 -2.017e+04 2.089e+02 1.126e+02
s>                ( - -7.287e+03 1 0)
s>                ( - -1.267e+04 1 0)))
s>        ( - -4.020e+03 2 0))INFO: dtree.c(1315): Comp split 10
INFO: dtree.c(1478): Final simple tree
|( QUESTION0_6_R 1 -5.088e+04 2.588e+02 2.718e+02
|    ( - -2.724e+03 1 0)
|    ( SILENCE -1 -4.790e+04 2.728e+02 2.568e+02
|        ( QUESTION0_0_R 1 -2.714e+04 4.046e+02 1.464e+02
|            ( QUESTION0_3_R 1 -2.398e+04 2.524e+02 1.284e+02
|                ( - -9.847e+02 1 0)
|                ( - -2.275e+04 1 0))
|            ( - -2.749e+03 1 0))
|        ( QUESTION0_0_R 1 -2.049e+04 2.856e+02 1.104e+02
|            ( QUESTION0_3_R 1 -1.836e+04 2.656e+02 9.939e+01
|                ( - -3.231e+03 1 0)
|                ( QUESTION2_12_L -1 -1.487e+04 3.455e+02 8.039e+01
|                    ( - -3.838e+03 1 0)
|                    ( - -1.068e+04 2 0 QUESTION0_11_R 1 1.716e+02 5.724e+01)))
|            ( - -1.842e+03 1 0))))
s>    ( QUESTION0_6_R 1 -5.088e+04 2.588e+02 2.718e+02
s>        ( - -2.724e+03 1 0)
s>        ( SILENCE -1 -4.790e+04 2.728e+02 2.568e+02
s>            ( QUESTION0_0_R 1 -2.714e+04 4.046e+02 1.464e+02
s>                ( QUESTION0_3_R 1 -2.398e+04 2.524e+02 1.284e+02
s>                    ( - -9.847e+02 1 0)
s>                    ( - -2.275e+04 1 0))
s>                ( - -2.749e+03 1 0))
s>            ( QUESTION0_0_R 1 -2.049e+04 2.856e+02 1.104e+02
s>                ( QUESTION0_3_R 1 -1.836e+04 2.656e+02 9.939e+01
s>                    ( - -3.231e+03 1 0)
s>                    ( QUESTION2_12_L -1 -1.487e+04 3.455e+02 8.039e+01
s>                        ( - -3.838e+03 1 0)
s>                        ( - -1.068e+04 2 0 QUESTION0_11_R 1 1.716e+02 5.724e+01)))
s>                ( - -1.842e+03 1 0))))INFO: dtree.c(1439): stop. leaf nodes are specific
INFO: dtree.c(1478): Final simple tree
|( QUESTION20 -1 -2.316e+04 2.890e+02 1.200e+02
|    ( - -4.724e+03 1 0)
|    ( QUESTION0_14_R 1 -1.814e+04 3.096e+02 9.300e+01
|        ( - -4.397e+03 1 0)
|        ( QUESTION0_1_R 1 -1.344e+04 2.508e+02 7.000e+01
|            ( - -9.711e+02 1 0)
|            ( QUESTION4 1 -1.221e+04 1.944e+02 6.400e+01
|                ( - -1.962e+03 1 0)
|                ( QUESTION0 1 -1.006e+04 1.581e+02 5.300e+01
|                    ( SILENCE -1 -6.149e+03 1.562e+02 3.200e+01
|                        ( - -3.793e+03 1 0)
|                        ( - -2.199e+03 1 0))
|                    ( - -3.752e+03 1 0))))))
s>    ( QUESTION20 -1 -2.316e+04 2.890e+02 1.200e+02
s>        ( - -4.724e+03 1 0)
s>        ( QUESTION0_14_R 1 -1.814e+04 3.096e+02 9.300e+01
s>            ( - -4.397e+03 1 0)
s>            ( QUESTION0_1_R 1 -1.344e+04 2.508e+02 7.000e+01
s>                ( - -9.711e+02 1 0)
s>                ( QUESTION4 1 -1.221e+04 1.944e+02 6.400e+01
s>                    ( - -1.962e+03 1 0)
s>                    ( QUESTION0 1 -1.006e+04 1.581e+02 5.300e+01
s>                        ( SILENCE -1 -6.149e+03 1.562e+02 3.200e+01
s>                            ( - -3.793e+03 1 0)
s>                            ( - -2.199e+03 1 0))
s>                        ( - -3.752e+03 1 0))))))INFO: dtree.c(1315): Comp split 11
INFO: dtree.c(1439): stop. leaf nodes are specific
INFO: dtree.c(1478): Final simple tree
|( QUESTION18 1 -9.906e+04 4.672e+02 5.312e+02
|    ( QUESTION0_0_R 1 -8.770e+03 2.057e+02 4.599e+01
|        ( - -3.309e+03 1 0)
|        ( - -5.255e+03 1 0))
|    ( QUESTION9 1 -8.983e+04 3.274e+02 4.852e+02
|        ( QUESTION0_6_R 1 -6.695e+04 1.868e+02 3.615e+02
|            ( - -2.530e+03 1 0)
|            ( - -6.423e+04 2 0))
|        ( QUESTION0 -1 -2.255e+04 2.828e+02 1.237e+02
|            ( QUESTION0_0_R 1 -5.003e+03 1.955e+02 2.800e+01
|                ( - -3.018e+03 1 0)
|                ( - -1.789e+03 1 0))
|            ( - -1.726e+04 1 0))))
s>    ( QUESTION18 1 -9.906e+04 4.672e+02 5.312e+02
s>        ( QUESTION0_0_R 1 -8.770e+03 2.057e+02 4.599e+01
s>            ( - -3.309e+03 1 0)
s>            ( - -5.255e+03 1 0))
s>        ( QUESTION9 1 -8.983e+04 3.274e+02 4.852e+02
s>            ( QUESTION0_6_R 1 -6.695e+04 1.868e+02 3.615e+02
s>                ( - -2.530e+03 1 0)
s>                ( - -6.423e+04 2 0))
s>            ( QUESTION0 -1 -2.255e+04 2.828e+02 1.237e+02
s>                ( QUESTION0_0_R 1 -5.003e+03 1.955e+02 2.800e+01
s>                    ( - -3.018e+03 1 0)
s>                    ( - -1.789e+03 1 0))
s>                ( - -1.726e+04 1 0))))INFO: dtree.c(1439): stop. leaf nodes are specific
INFO: dtree.c(1478): Final simple tree
|( QUESTION0_0_R 1 -6.514e+04 4.316e+02 3.601e+02
|    ( QUESTION0_3_R 1 -3.956e+04 3.586e+02 2.231e+02
|        ( - -1.177e+04 1 0)
|        ( QUESTION0_6_R 1 -2.743e+04 2.290e+02 1.545e+02
|            ( - -7.904e+03 1 0)
|            ( - -1.929e+04 1 0)))
|    ( - -2.515e+04 1 0))
s>    ( QUESTION0_0_R 1 -6.514e+04 4.316e+02 3.601e+02
s>        ( QUESTION0_3_R 1 -3.956e+04 3.586e+02 2.231e+02
s>            ( - -1.177e+04 1 0)
s>            ( QUESTION0_6_R 1 -2.743e+04 2.290e+02 1.545e+02
s>                ( - -7.904e+03 1 0)
s>                ( - -1.929e+04 1 0)))
s>        ( - -2.515e+04 1 0))INFO: dtree.c(1315): Comp split 12
INFO: dtree.c(1439): stop. leaf nodes are specific
INFO: dtree.c(1478): Final simple tree
|( QUESTION0_0_R 1 -1.756e+04 2.721e+02 9.850e+01
|    ( - -1.340e+04 1 0)
|    ( - -3.881e+03 1 0))
s>    ( QUESTION0_0_R 1 -1.756e+04 2.721e+02 9.850e+01
s>        ( - -1.340e+04 1 0)
s>        ( - -3.881e+03 1 0))INFO: dtree.c(1478): Final simple tree
|( SILENCE 1 -2.163e+05 5.304e+02 1.128e+03
|    ( - -4.897e+04 5 0 QUESTION2 -1 2.574e+02 2.583e+02)
|    ( QUESTION0_4_R 1 -1.668e+05 3.725e+02 8.698e+02
|        ( - -1.827e+04 3 0 QUESTION0 -1 2.503e+02 9.980e+01)
|        ( QUESTION0_15_R 1 -1.482e+05 3.619e+02 7.700e+02
|            ( QUESTION4 1 -4.837e+04 3.189e+02 2.550e+02
|                ( QUESTION0 -1 -3.866e+04 3.108e+02 2.050e+02
|                    ( - -2.027e+04 1 0)
|                    ( - -1.808e+04 2 0))
|                ( - -9.387e+03 3 0 QUESTION0 1 2.170e+02 5.000e+01))
|            ( QUESTION13 1 -9.945e+04 3.123e+02 5.149e+02
|                ( - -1.929e+04 4 0 QUESTION2 -1 2.857e+02 9.981e+01)
|                ( QUESTION1 -1 -7.985e+04 3.016e+02 4.151e+02
|                    ( - -1.173e+04 1 0)
|                    ( - -6.782e+04 15 0 QUESTION17 1 3.040e+02 3.520e+02))))))
s>    ( SILENCE 1 -2.163e+05 5.304e+02 1.128e+03
s>        ( - -4.897e+04 5 0 QUESTION2 -1 2.574e+02 2.583e+02)
s>        ( QUESTION0_4_R 1 -1.668e+05 3.725e+02 8.698e+02
s>            ( - -1.827e+04 3 0 QUESTION0 -1 2.503e+02 9.980e+01)
s>            ( QUESTION0_15_R 1 -1.482e+05 3.619e+02 7.700e+02
s>                ( QUESTION4 1 -4.837e+04 3.189e+02 2.550e+02
s>                    ( QUESTION0 -1 -3.866e+04 3.108e+02 2.050e+02
s>                        ( - -2.027e+04 1 0)
s>                        ( - -1.808e+04 2 0))
s>                    ( - -9.387e+03 3 0 QUESTION0 1 2.170e+02 5.000e+01))
s>                ( QUESTION13 1 -9.945e+04 3.123e+02 5.149e+02
s>                    ( - -1.929e+04 4 0 QUESTION2 -1 2.857e+02 9.981e+01)
s>                    ( QUESTION1 -1 -7.985e+04 3.016e+02 4.151e+02
s>                        ( - -1.173e+04 1 0)
s>                        ( - -6.782e+04 15 0 QUESTION17 1 3.040e+02 3.520e+02))))))INFO: dtree.c(1315): Comp split 13
INFO: dtree.c(1478): Final simple tree
|( QUESTION0_3_R 1 -1.374e+05 3.605e+02 7.200e+02
|    ( QUESTION0 -1 -1.827e+04 2.503e+02 9.980e+01
|        ( - -1.439e+04 2 0 QUESTION2 -1 2.312e+02 7.881e+01)
|        ( - -3.632e+03 1 0))
|    ( QUESTION0 -1 -1.188e+05 3.419e+02 6.202e+02
|        ( QUESTION0 1 -5.130e+04 2.629e+02 2.692e+02
|            ( - -4.154e+04 5 0 QUESTION0_0_R 1 2.311e+02 2.182e+02)
|            ( - -9.496e+03 3 0 QUESTION0_0_R 1 2.375e+02 5.105e+01))
|        ( QUESTION0_0_R 1 -6.717e+04 3.825e+02 3.509e+02
|            ( QUESTION0_7_R 1 -4.450e+04 2.949e+02 2.301e+02
|                ( - -1.808e+03 1 0)
|                ( - -4.240e+04 6 0 QUESTION0_6_R 1 2.211e+02 2.201e+02))
|            ( QUESTION0_15_R 1 -2.228e+04 2.701e+02 1.208e+02
|                ( - -1.808e+04 2 0)
|                ( - -3.927e+03 2 0 QUESTION0_13_R 1 2.424e+02 2.300e+01)))))
s>    ( QUESTION0_3_R 1 -1.374e+05 3.605e+02 7.200e+02
s>        ( QUESTION0 -1 -1.827e+04 2.503e+02 9.980e+01
s>            ( - -1.439e+04 2 0 QUESTION2 -1 2.312e+02 7.881e+01)
s>            ( - -3.632e+03 1 0))
s>        ( QUESTION0 -1 -1.188e+05 3.419e+02 6.202e+02
s>            ( QUESTION0 1 -5.130e+04 2.629e+02 2.692e+02
s>                ( - -4.154e+04 5 0 QUESTION0_0_R 1 2.311e+02 2.182e+02)
s>                ( - -9.496e+03 3 0 QUESTION0_0_R 1 2.375e+02 5.105e+01))
s>            ( QUESTION0_0_R 1 -6.717e+04 3.825e+02 3.509e+02
s>                ( QUESTION0_7_R 1 -4.450e+04 2.949e+02 2.301e+02
s>                    ( - -1.808e+03 1 0)
s>                    ( - -4.240e+04 6 0 QUESTION0_6_R 1 2.211e+02 2.201e+02))
s>                ( QUESTION0_15_R 1 -2.228e+04 2.701e+02 1.208e+02
s>                    ( - -1.808e+04 2 0)
s>                    ( - -3.927e+03 2 0 QUESTION0_13_R 1 2.424e+02 2.300e+01)))))INFO: dtree.c(1478): Final simple tree
|( QUESTION0 1 -7.829e+04 4.213e+02 4.081e+02
|    ( QUESTION0 -1 -2.676e+04 3.201e+02 1.388e+02
|        ( QUESTION2 -1 -8.127e+03 2.635e+02 4.198e+01
|            ( - -3.272e+03 1 0)
|            ( - -4.592e+03 2 0 QUESTION0_3_R 1 1.951e+02 2.399e+01))
|        ( SILENCE -1 -1.831e+04 2.369e+02 9.683e+01
|            ( - -1.087e+04 1 0)
|            ( - -7.203e+03 2 0)))
|    ( QUESTION2 -1 -5.111e+04 2.589e+02 2.693e+02
|        ( - -1.349e+04 1 0)
|        ( QUESTION0 -1 -3.736e+04 2.317e+02 1.951e+02
|            ( - -1.559e+03 1 0)
|            ( QUESTION2_14_L -1 -3.557e+04 2.145e+02 1.861e+02
|                ( - -1.667e+04 1 0)
|                ( - -1.869e+04 3 0 QUESTION2_0_L -1 1.716e+02 9.837e+01)))))
s>    ( QUESTION0 1 -7.829e+04 4.213e+02 4.081e+02
s>        ( QUESTION0 -1 -2.676e+04 3.201e+02 1.388e+02
s>            ( QUESTION2 -1 -8.127e+03 2.635e+02 4.198e+01
s>                ( - -3.272e+03 1 0)
s>                ( - -4.592e+03 2 0 QUESTION0_3_R 1 1.951e+02 2.399e+01))
s>            ( SILENCE -1 -1.831e+04 2.369e+02 9.683e+01
s>                ( - -1.087e+04 1 0)
s>                ( - -7.203e+03 2 0)))
s>        ( QUESTION2 -1 -5.111e+04 2.589e+02 2.693e+02
s>            ( - -1.349e+04 1 0)
s>            ( QUESTION0 -1 -3.736e+04 2.317e+02 1.951e+02
s>                ( - -1.559e+03 1 0)
s>                ( QUESTION2_14_L -1 -3.557e+04 2.145e+02 1.861e+02
s>                    ( - -1.667e+04 1 0)
s>                    ( - -1.869e+04 3 0 QUESTION2_0_L -1 1.716e+02 9.837e+01)))))INFO: dtree.c(1315): Comp split 14
INFO: dtree.c(1439): stop. leaf nodes are specific
INFO: dtree.c(1478): Final simple tree
|( QUESTION0_20_R 1 -3.691e+04 2.650e+02 1.996e+02
|    ( - -2.384e+03 1 0)
|    ( QUESTION2 -1 -3.426e+04 2.573e+02 1.846e+02
|        ( - -6.568e+03 1 0)
|        ( QUESTION0_14_R 1 -2.744e+04 2.500e+02 1.477e+02
|            ( - -1.301e+03 1 0)
|            ( QUESTION0_0_R 1 -2.589e+04 2.163e+02 1.397e+02
|                ( - -7.590e+03 1 0)
|                ( - -1.808e+04 2 0)))))
s>    ( QUESTION0_20_R 1 -3.691e+04 2.650e+02 1.996e+02
s>        ( - -2.384e+03 1 0)
s>        ( QUESTION2 -1 -3.426e+04 2.573e+02 1.846e+02
s>            ( - -6.568e+03 1 0)
s>            ( QUESTION0_14_R 1 -2.744e+04 2.500e+02 1.477e+02
s>                ( - -1.301e+03 1 0)
s>                ( QUESTION0_0_R 1 -2.589e+04 2.163e+02 1.397e+02
s>                    ( - -7.590e+03 1 0)
s>                    ( - -1.808e+04 2 0)))))INFO: dtree.c(1478): Final simple tree
|( QUESTION0_13_R 1 -9.996e+04 3.133e+02 5.203e+02
|    ( QUESTION0_14_R 1 -2.529e+04 2.101e+02 1.341e+02
|        ( - -4.813e+03 1 0)
|        ( - -2.027e+04 1 0))
|    ( QUESTION1 -1 -7.436e+04 3.003e+02 3.863e+02
|        ( - -1.173e+04 1 0)
|        ( QUESTION0_7_R 1 -6.233e+04 2.997e+02 3.232e+02
|            ( - -1.808e+03 1 0)
|            ( QUESTION0_3_R 1 -6.022e+04 2.450e+02 3.132e+02
|                ( - -3.632e+03 1 0)
|                ( QUESTION1 1 -5.634e+04 2.276e+02 2.922e+02
|                    ( - -1.480e+03 1 0)
|                    ( QUESTION0_9_R 1 -5.464e+04 1.752e+02 2.842e+02
|                        ( - -2.144e+04 3 0)
|                        ( - -3.302e+04 7 0 QUESTION0_0_R 1 1.805e+02 1.717e+02)))))))
s>    ( QUESTION0_13_R 1 -9.996e+04 3.133e+02 5.203e+02
s>        ( QUESTION0_14_R 1 -2.529e+04 2.101e+02 1.341e+02
s>            ( - -4.813e+03 1 0)
s>            ( - -2.027e+04 1 0))
s>        ( QUESTION1 -1 -7.436e+04 3.003e+02 3.863e+02
s>            ( - -1.173e+04 1 0)
s>            ( QUESTION0_7_R 1 -6.233e+04 2.997e+02 3.232e+02
s>                ( - -1.808e+03 1 0)
s>                ( QUESTION0_3_R 1 -6.022e+04 2.450e+02 3.132e+02
s>                    ( - -3.632e+03 1 0)
s>                    ( QUESTION1 1 -5.634e+04 2.276e+02 2.922e+02
s>                        ( - -1.480e+03 1 0)
s>                        ( QUESTION0_9_R 1 -5.464e+04 1.752e+02 2.842e+02
s>                            ( - -2.144e+04 3 0)
s>                            ( - -3.302e+04 7 0 QUESTION0_0_R 1 1.805e+02 1.717e+02)))))))INFO: dtree.c(1315): Comp split 15
INFO: dtree.c(1439): stop. leaf nodes are specific
INFO: dtree.c(1478): Final simple tree
|( WDBNDRY_E 0 -3.056e+04 4.652e+02 1.419e+02
|    ( - 2.416e+02 1 0)
|    ( QUESTION0_0_R 1 -3.033e+04 2.857e+02 1.409e+02
|        ( - -1.432e+03 1 0)
|        ( QUESTION9 -1 -2.862e+04 1.041e+02 1.339e+02
|            ( - -6.034e+02 1 0)
|            ( - -2.791e+04 1 0))))
s>    ( WDBNDRY_E 0 -3.056e+04 4.652e+02 1.419e+02
s>        ( - 2.416e+02 1 0)
s>        ( QUESTION0_0_R 1 -3.033e+04 2.857e+02 1.409e+02
s>            ( - -1.432e+03 1 0)
s>            ( QUESTION9 -1 -2.862e+04 1.041e+02 1.339e+02
s>                ( - -6.034e+02 1 0)
s>                ( - -2.791e+04 1 0))))INFO: dtree.c(1315): Comp split 16
INFO: dtree.c(1439): stop. leaf nodes are specific
INFO: dtree.c(1478): Final simple tree
|( QUESTION9 1 -8.983e+04 3.274e+02 4.852e+02
|    ( QUESTION0_6_R 1 -6.695e+04 1.868e+02 3.615e+02
|        ( - -2.530e+03 1 0)
|        ( - -6.423e+04 2 0))
|    ( QUESTION0 -1 -2.255e+04 2.828e+02 1.237e+02
|        ( QUESTION0_0_R 1 -5.003e+03 1.955e+02 2.800e+01
|            ( - -3.018e+03 1 0)
|            ( - -1.789e+03 1 0))
|        ( - -1.726e+04 1 0)))
s>    ( QUESTION9 1 -8.983e+04 3.274e+02 4.852e+02
s>        ( QUESTION0_6_R 1 -6.695e+04 1.868e+02 3.615e+02
s>            ( - -2.530e+03 1 0)
s>            ( - -6.423e+04 2 0))
s>        ( QUESTION0 -1 -2.255e+04 2.828e+02 1.237e+02
s>            ( QUESTION0_0_R 1 -5.003e+03 1.955e+02 2.800e+01
s>                ( - -3.018e+03 1 0)
s>                ( - -1.789e+03 1 0))
s>            ( - -1.726e+04 1 0)))INFO: dtree.c(1439): stop. leaf nodes are specific
INFO: dtree.c(1478): Final simple tree
|( QUESTION0_0_R 1 -8.770e+03 2.057e+02 4.599e+01
|    ( - -3.309e+03 1 0)
|    ( - -5.255e+03 1 0))
s>    ( QUESTION0_0_R 1 -8.770e+03 2.057e+02 4.599e+01
s>        ( - -3.309e+03 1 0)
s>        ( - -5.255e+03 1 0))INFO: dtree.c(1315): Comp split 17
INFO: dtree.c(1439): stop. leaf nodes are specific
INFO: dtree.c(1478): Final simple tree
|( QUESTION0_0_R 1 -3.033e+04 2.857e+02 1.409e+02
|    ( - -1.432e+03 1 0)
|    ( QUESTION9 -1 -2.862e+04 1.041e+02 1.339e+02
|        ( - -6.034e+02 1 0)
|        ( - -2.791e+04 1 0)))
s>    ( QUESTION0_0_R 1 -3.033e+04 2.857e+02 1.409e+02
s>        ( - -1.432e+03 1 0)
s>        ( QUESTION9 -1 -2.862e+04 1.041e+02 1.339e+02
s>            ( - -6.034e+02 1 0)
s>            ( - -2.791e+04 1 0)))INFO: dtree.c(1315): Comp split 18
INFO: dtree.c(1439): stop. leaf nodes are specific
INFO: dtree.c(1478): Final simple tree
|( WDBNDRY_B 0 -4.312e+04 4.524e+02 1.998e+02
|    ( - 2.060e+02 1 0)
|    ( QUESTION0_1_R 1 -4.287e+04 4.513e+02 1.988e+02
|        ( - 2.415e+02 1 0)
|        ( QUESTION0_9_R 1 -4.266e+04 2.226e+02 1.978e+02
|            ( - -1.544e+03 1 0)
|            ( QUESTION0_0_R 1 -4.090e+04 1.544e+02 1.898e+02
|                ( - -3.963e+04 1 0)
|                ( - -1.111e+03 1 0)))))
s>    ( WDBNDRY_B 0 -4.312e+04 4.524e+02 1.998e+02
s>        ( - 2.060e+02 1 0)
s>        ( QUESTION0_1_R 1 -4.287e+04 4.513e+02 1.988e+02
s>            ( - 2.415e+02 1 0)
s>            ( QUESTION0_9_R 1 -4.266e+04 2.226e+02 1.978e+02
s>                ( - -1.544e+03 1 0)
s>                ( QUESTION0_0_R 1 -4.090e+04 1.544e+02 1.898e+02
s>                    ( - -3.963e+04 1 0)
s>                    ( - -1.111e+03 1 0)))))INFO: dtree.c(1315): Comp split 19
INFO: dtree.c(1315): Comp split 20
INFO: dtree.c(1439): stop. leaf nodes are specific
INFO: dtree.c(1478): Final simple tree
|( QUESTION0_1_R 1 -4.287e+04 4.513e+02 1.988e+02
|    ( - 2.415e+02 1 0)
|    ( QUESTION0_9_R 1 -4.266e+04 2.226e+02 1.978e+02
|        ( - -1.544e+03 1 0)
|        ( QUESTION0_0_R 1 -4.090e+04 1.544e+02 1.898e+02
|            ( - -3.963e+04 1 0)
|            ( - -1.111e+03 1 0))))
s>    ( QUESTION0_1_R 1 -4.287e+04 4.513e+02 1.988e+02
s>        ( - 2.415e+02 1 0)
s>        ( QUESTION0_9_R 1 -4.266e+04 2.226e+02 1.978e+02
s>            ( - -1.544e+03 1 0)
s>            ( QUESTION0_0_R 1 -4.090e+04 1.544e+02 1.898e+02
s>                ( - -3.963e+04 1 0)
s>                ( - -1.111e+03 1 0))))INFO: dtree.c(1315): Comp split 21
INFO: dtree.c(1439): stop. leaf nodes are specific
INFO: dtree.c(1478): Final simple tree
|( QUESTION0_9_R 1 -4.266e+04 2.226e+02 1.978e+02
|    ( - -1.544e+03 1 0)
|    ( QUESTION0_0_R 1 -4.090e+04 1.544e+02 1.898e+02
|        ( - -3.963e+04 1 0)
|        ( - -1.111e+03 1 0)))
s>    ( QUESTION0_9_R 1 -4.266e+04 2.226e+02 1.978e+02
s>        ( - -1.544e+03 1 0)
s>        ( QUESTION0_0_R 1 -4.090e+04 1.544e+02 1.898e+02
s>            ( - -3.963e+04 1 0)
s>            ( - -1.111e+03 1 0)))INFO: dtree.c(1315): Comp split 22
INFO: dtree.c(1439): stop. leaf nodes are specific
INFO: dtree.c(1478): Final simple tree
|( QUESTION0 1 -9.553e+04 3.326e+02 5.148e+02
|    ( QUESTION0_13_R 1 -5.883e+04 3.421e+02 3.187e+02
|        ( - -4.887e+04 2 0)
|        ( QUESTION0_0_R 1 -9.618e+03 2.395e+02 5.600e+01
|            ( - -5.759e+03 1 0)
|            ( - -3.619e+03 1 0)))
|    ( QUESTION0_20_R 1 -3.637e+04 3.048e+02 1.960e+02
|        ( - -7.970e+03 3 0)
|        ( QUESTION0_0_R 1 -2.809e+04 2.428e+02 1.534e+02
|            ( - -2.449e+04 1 0)
|            ( - -3.360e+03 1 0))))
s>    ( QUESTION0 1 -9.553e+04 3.326e+02 5.148e+02
s>        ( QUESTION0_13_R 1 -5.883e+04 3.421e+02 3.187e+02
s>            ( - -4.887e+04 2 0)
s>            ( QUESTION0_0_R 1 -9.618e+03 2.395e+02 5.600e+01
s>                ( - -5.759e+03 1 0)
s>                ( - -3.619e+03 1 0)))
s>        ( QUESTION0_20_R 1 -3.637e+04 3.048e+02 1.960e+02
s>            ( - -7.970e+03 3 0)
s>            ( QUESTION0_0_R 1 -2.809e+04 2.428e+02 1.534e+02
s>                ( - -2.449e+04 1 0)
s>                ( - -3.360e+03 1 0))))INFO: dtree.c(1315): Comp split 23
INFO: dtree.c(1439): stop. leaf nodes are specific
INFO: dtree.c(1478): Final simple tree
|( QUESTION0_3_R 1 -3.956e+04 3.586e+02 2.231e+02
|    ( - -1.177e+04 1 0)
|    ( QUESTION0_6_R 1 -2.743e+04 2.290e+02 1.545e+02
|        ( - -7.904e+03 1 0)
|        ( - -1.929e+04 1 0)))
s>    ( QUESTION0_3_R 1 -3.956e+04 3.586e+02 2.231e+02
s>        ( - -1.177e+04 1 0)
s>        ( QUESTION0_6_R 1 -2.743e+04 2.290e+02 1.545e+02
s>            ( - -7.904e+03 1 0)
s>            ( - -1.929e+04 1 0)))INFO: dtree.c(1315): Comp split 24
INFO: dtree.c(1439): stop. leaf nodes are specific
INFO: dtree.c(1478): Final simple tree
|( QUESTION0 -1 -2.855e+04 3.023e+02 1.478e+02
|    ( QUESTION2 -1 -9.935e+03 2.722e+02 5.098e+01
|        ( - -3.272e+03 1 0)
|        ( SILENCE 1 -6.391e+03 2.404e+02 3.299e+01
|            ( - -1.559e+03 1 0)
|            ( QUESTION0_3_R 1 -4.592e+03 1.951e+02 2.399e+01
|                ( - -2.599e+03 1 0)
|                ( - -1.798e+03 1 0))))
|    ( SILENCE -1 -1.831e+04 2.369e+02 9.683e+01
|        ( - -1.087e+04 1 0)
|        ( - -7.203e+03 2 0)))
s>    ( QUESTION0 -1 -2.855e+04 3.023e+02 1.478e+02
s>        ( QUESTION2 -1 -9.935e+03 2.722e+02 5.098e+01
s>            ( - -3.272e+03 1 0)
s>            ( SILENCE 1 -6.391e+03 2.404e+02 3.299e+01
s>                ( - -1.559e+03 1 0)
s>                ( QUESTION0_3_R 1 -4.592e+03 1.951e+02 2.399e+01
s>                    ( - -2.599e+03 1 0)
s>                    ( - -1.798e+03 1 0))))
s>        ( SILENCE -1 -1.831e+04 2.369e+02 9.683e+01
s>            ( - -1.087e+04 1 0)
s>            ( - -7.203e+03 2 0)))INFO: dtree.c(1439): stop. leaf nodes are specific
INFO: dtree.c(1478): Final simple tree
|( QUESTION0 -1 -4.931e+04 2.499e+02 2.603e+02
|    ( - -1.349e+04 1 0)
|    ( QUESTION2_14_L -1 -3.557e+04 2.145e+02 1.861e+02
|        ( - -1.667e+04 1 0)
|        ( QUESTION2_0_L -1 -1.869e+04 1.716e+02 9.837e+01
|            ( - -9.410e+03 1 0)
|            ( SILENCE 1 -9.105e+03 1.919e+02 4.838e+01
|                ( - -6.946e+03 1 0)
|                ( - -1.967e+03 1 0)))))
s>    ( QUESTION0 -1 -4.931e+04 2.499e+02 2.603e+02
s>        ( - -1.349e+04 1 0)
s>        ( QUESTION2_14_L -1 -3.557e+04 2.145e+02 1.861e+02
s>            ( - -1.667e+04 1 0)
s>            ( QUESTION2_0_L -1 -1.869e+04 1.716e+02 9.837e+01
s>                ( - -9.410e+03 1 0)
s>                ( SILENCE 1 -9.105e+03 1.919e+02 4.838e+01
s>                    ( - -6.946e+03 1 0)
s>                    ( - -1.967e+03 1 0)))))INFO: dtree.c(1315): Comp split 25
INFO: dtree.c(1439): stop. leaf nodes are specific
INFO: dtree.c(1478): Final simple tree
|( QUESTION0_3_R 1 -2.260e+04 3.745e+02 1.256e+02
|    ( - -2.055e+03 1 0)
|    ( QUESTION0_6_R 1 -2.017e+04 2.089e+02 1.126e+02
|        ( - -7.287e+03 1 0)
|        ( - -1.267e+04 1 0)))
s>    ( QUESTION0_3_R 1 -2.260e+04 3.745e+02 1.256e+02
s>        ( - -2.055e+03 1 0)
s>        ( QUESTION0_6_R 1 -2.017e+04 2.089e+02 1.126e+02
s>            ( - -7.287e+03 1 0)
s>            ( - -1.267e+04 1 0)))INFO: dtree.c(1315): Comp split 26
INFO: dtree.c(1439): stop. leaf nodes are specific
INFO: dtree.c(1478): Final simple tree
|( SILENCE -1 -6.887e+03 3.001e+02 4.115e+01
|    ( - -2.749e+03 1 0)
|    ( - -3.838e+03 1 0))
s>    ( SILENCE -1 -6.887e+03 3.001e+02 4.115e+01
s>        ( - -2.749e+03 1 0)
s>        ( - -3.838e+03 1 0))INFO: dtree.c(1439): stop. leaf nodes are specific
INFO: dtree.c(1478): Final simple tree
|( QUESTION20 -1 -4.357e+04 2.992e+02 2.306e+02
|    ( QUESTION0_0_R 1 -1.579e+04 2.907e+02 8.524e+01
|        ( QUESTION0_3_R 1 -1.366e+04 2.468e+02 7.424e+01
|            ( - -3.231e+03 1 0)
|            ( - -1.018e+04 1 0))
|        ( - -1.842e+03 1 0))
|    ( QUESTION0_9_R 1 -2.748e+04 2.813e+02 1.454e+02
|        ( SILENCE -1 -2.327e+04 1.956e+02 1.244e+02
|            ( - -2.275e+04 1 0)
|            ( - -3.310e+02 1 0))
|        ( SILENCE -1 -3.929e+03 2.203e+02 2.100e+01
|            ( - -9.847e+02 1 0)
|            ( - -2.724e+03 1 0))))
s>    ( QUESTION20 -1 -4.357e+04 2.992e+02 2.306e+02
s>        ( QUESTION0_0_R 1 -1.579e+04 2.907e+02 8.524e+01
s>            ( QUESTION0_3_R 1 -1.366e+04 2.468e+02 7.424e+01
s>                ( - -3.231e+03 1 0)
s>                ( - -1.018e+04 1 0))
s>            ( - -1.842e+03 1 0))
s>        ( QUESTION0_9_R 1 -2.748e+04 2.813e+02 1.454e+02
s>            ( SILENCE -1 -2.327e+04 1.956e+02 1.244e+02
s>                ( - -2.275e+04 1 0)
s>                ( - -3.310e+02 1 0))
s>            ( SILENCE -1 -3.929e+03 2.203e+02 2.100e+01
s>                ( - -9.847e+02 1 0)
s>                ( - -2.724e+03 1 0))))INFO: dtree.c(1315): Comp split 27
INFO: dtree.c(1478): Final simple tree
|( QUESTION0_7_R 1 -6.062e+04 3.031e+02 3.152e+02
|    ( - -1.808e+03 1 0)
|    ( QUESTION0_3_R 1 -5.851e+04 2.396e+02 3.052e+02
|        ( - -3.632e+03 1 0)
|        ( QUESTION0_9_R 1 -5.464e+04 1.752e+02 2.842e+02
|            ( - -2.144e+04 3 0)
|            ( QUESTION0_0_R 1 -3.302e+04 1.805e+02 1.717e+02
|                ( QUESTION0 -1 -2.435e+04 1.448e+02 1.256e+02
|                    ( QUESTION0_1_R 1 -3.434e+03 2.104e+02 1.800e+01
|                        ( - -7.674e+02 1 0)
|                        ( - -2.456e+03 1 0))
|                    ( QUESTION0_1_R 1 -2.077e+04 2.000e+02 1.076e+02
|                        ( - -1.348e+04 2 0)
|                        ( - -7.087e+03 1 0)))
|                ( - -8.491e+03 2 0)))))
s>    ( QUESTION0_7_R 1 -6.062e+04 3.031e+02 3.152e+02
s>        ( - -1.808e+03 1 0)
s>        ( QUESTION0_3_R 1 -5.851e+04 2.396e+02 3.052e+02
s>            ( - -3.632e+03 1 0)
s>            ( QUESTION0_9_R 1 -5.464e+04 1.752e+02 2.842e+02
s>                ( - -2.144e+04 3 0)
s>                ( QUESTION0_0_R 1 -3.302e+04 1.805e+02 1.717e+02
s>                    ( QUESTION0 -1 -2.435e+04 1.448e+02 1.256e+02
s>                        ( QUESTION0_1_R 1 -3.434e+03 2.104e+02 1.800e+01
s>                            ( - -7.674e+02 1 0)
s>                            ( - -2.456e+03 1 0))
s>                        ( QUESTION0_1_R 1 -2.077e+04 2.000e+02 1.076e+02
s>                            ( - -1.348e+04 2 0)
s>                            ( - -7.087e+03 1 0)))
s>                    ( - -8.491e+03 2 0)))))INFO: dtree.c(1439): stop. leaf nodes are specific
INFO: dtree.c(1478): Final simple tree
|( QUESTION0_20_R 1 -3.893e+04 2.256e+02 2.052e+02
|    ( - -1.480e+03 1 0)
|    ( QUESTION0_14_R 1 -3.722e+04 2.244e+02 1.972e+02
|        ( - -4.813e+03 1 0)
|        ( QUESTION0_0_R 1 -3.218e+04 1.859e+02 1.703e+02
|            ( - -1.173e+04 1 0)
|            ( - -2.027e+04 1 0))))
s>    ( QUESTION0_20_R 1 -3.893e+04 2.256e+02 2.052e+02
s>        ( - -1.480e+03 1 0)
s>        ( QUESTION0_14_R 1 -3.722e+04 2.244e+02 1.972e+02
s>            ( - -4.813e+03 1 0)
s>            ( QUESTION0_0_R 1 -3.218e+04 1.859e+02 1.703e+02
s>                ( - -1.173e+04 1 0)
s>                ( - -2.027e+04 1 0))))INFO: dtree.c(1315): Comp split 28
INFO: dtree.c(1439): stop. leaf nodes are specific
INFO: dtree.c(1478): Final simple tree
|( QUESTION0 1 -3.803e+04 3.175e+02 2.094e+02
|    ( QUESTION0_0_R 1 -9.618e+03 2.395e+02 5.600e+01
|        ( - -5.759e+03 1 0)
|        ( - -3.619e+03 1 0))
|    ( QUESTION0_0_R 1 -2.809e+04 2.428e+02 1.534e+02
|        ( - -2.449e+04 1 0)
|        ( - -3.360e+03 1 0)))
s>    ( QUESTION0 1 -3.803e+04 3.175e+02 2.094e+02
s>        ( QUESTION0_0_R 1 -9.618e+03 2.395e+02 5.600e+01
s>            ( - -5.759e+03 1 0)
s>            ( - -3.619e+03 1 0))
s>        ( QUESTION0_0_R 1 -2.809e+04 2.428e+02 1.534e+02
s>            ( - -2.449e+04 1 0)
s>            ( - -3.360e+03 1 0)))INFO: dtree.c(1439): stop. leaf nodes are specific
INFO: dtree.c(1478): Final simple tree
|( QUESTION0_13_R 1 -5.711e+04 2.697e+02 3.054e+02
|    ( - -4.887e+04 2 0)
|    ( - -7.970e+03 3 0))
s>    ( QUESTION0_13_R 1 -5.711e+04 2.697e+02 3.054e+02
s>        ( - -4.887e+04 2 0)
s>        ( - -7.970e+03 3 0))INFO: dtree.c(1315): Comp split 29
INFO: dtree.c(1439): stop. leaf nodes are specific
INFO: dtree.c(1478): Final simple tree
|( QUESTION17 -1 -7.497e+04 1.973e+02 3.454e+02
|    ( - -7.365e+04 1 0)
|    ( - -1.130e+03 1 0))
s>    ( QUESTION17 -1 -7.497e+04 1.973e+02 3.454e+02
s>        ( - -7.365e+04 1 0)
s>        ( - -1.130e+03 1 0))INFO: dtree.c(1315): Comp split 30
INFO: dtree.c(1439): stop. leaf nodes are specific
INFO: dtree.c(1478): Final simple tree
|( QUESTION0_6_R 1 -2.017e+04 2.089e+02 1.126e+02
|    ( - -7.287e+03 1 0)
|    ( - -1.267e+04 1 0))
s>    ( QUESTION0_6_R 1 -2.017e+04 2.089e+02 1.126e+02
s>        ( - -7.287e+03 1 0)
s>        ( - -1.267e+04 1 0))INFO: dtree.c(1315): Comp split 31
INFO: dtree.c(1439): stop. leaf nodes are specific
INFO: dtree.c(1478): Final simple tree
|( QUESTION0_6_R 1 -2.743e+04 2.290e+02 1.545e+02
|    ( - -7.904e+03 1 0)
|    ( - -1.929e+04 1 0))
s>    ( QUESTION0_6_R 1 -2.743e+04 2.290e+02 1.545e+02
s>        ( - -7.904e+03 1 0)
s>        ( - -1.929e+04 1 0))INFO: dtree.c(1315): Comp split 32
INFO: dtree.c(1439): stop. leaf nodes are specific
INFO: dtree.c(1478): Final simple tree
|( QUESTION0_3_R 1 -1.416e+04 2.503e+02 7.624e+01
|    ( - -3.231e+03 1 0)
|    ( QUESTION0_11_R 1 -1.068e+04 1.716e+02 5.724e+01
|        ( - -3.310e+02 1 0)
|        ( - -1.018e+04 1 0)))
s>    ( QUESTION0_3_R 1 -1.416e+04 2.503e+02 7.624e+01
s>        ( - -3.231e+03 1 0)
s>        ( QUESTION0_11_R 1 -1.068e+04 1.716e+02 5.724e+01
s>            ( - -3.310e+02 1 0)
s>            ( - -1.018e+04 1 0)))INFO: dtree.c(1439): stop. leaf nodes are specific
INFO: dtree.c(1478): Final simple tree
|( QUESTION0_6_R 1 -2.906e+04 2.558e+02 1.544e+02
|    ( - -2.724e+03 1 0)
|    ( QUESTION0_5_R 1 -2.608e+04 2.562e+02 1.394e+02
|        ( - -2.275e+04 1 0)
|        ( SILENCE -1 -3.077e+03 2.500e+02 1.700e+01
|            ( - -9.847e+02 1 0)
|            ( - -1.842e+03 1 0))))
s>    ( QUESTION0_6_R 1 -2.906e+04 2.558e+02 1.544e+02
s>        ( - -2.724e+03 1 0)
s>        ( QUESTION0_5_R 1 -2.608e+04 2.562e+02 1.394e+02
s>            ( - -2.275e+04 1 0)
s>            ( SILENCE -1 -3.077e+03 2.500e+02 1.700e+01
s>                ( - -9.847e+02 1 0)
s>                ( - -1.842e+03 1 0))))INFO: dtree.c(1315): Comp split 33
INFO: dtree.c(1439): stop. leaf nodes are specific
INFO: dtree.c(1478): Final simple tree
|( QUESTION0_1_R 1 -1.344e+04 2.508e+02 7.000e+01
|    ( - -9.711e+02 1 0)
|    ( QUESTION4 1 -1.221e+04 1.944e+02 6.400e+01
|        ( - -1.962e+03 1 0)
|        ( QUESTION0 1 -1.006e+04 1.581e+02 5.300e+01
|            ( SILENCE -1 -6.149e+03 1.562e+02 3.200e+01
|                ( - -3.793e+03 1 0)
|                ( - -2.199e+03 1 0))
|            ( - -3.752e+03 1 0))))
s>    ( QUESTION0_1_R 1 -1.344e+04 2.508e+02 7.000e+01
s>        ( - -9.711e+02 1 0)
s>        ( QUESTION4 1 -1.221e+04 1.944e+02 6.400e+01
s>            ( - -1.962e+03 1 0)
s>            ( QUESTION0 1 -1.006e+04 1.581e+02 5.300e+01
s>                ( SILENCE -1 -6.149e+03 1.562e+02 3.200e+01
s>                    ( - -3.793e+03 1 0)
s>                    ( - -2.199e+03 1 0))
s>                ( - -3.752e+03 1 0))))INFO: dtree.c(1439): stop. leaf nodes are specific
INFO: dtree.c(1478): Final simple tree
|( SILENCE -1 -9.385e+03 2.639e+02 5.003e+01
|    ( - -4.397e+03 1 0)
|    ( - -4.724e+03 1 0))
s>    ( SILENCE -1 -9.385e+03 2.639e+02 5.003e+01
s>        ( - -4.397e+03 1 0)
s>        ( - -4.724e+03 1 0))INFO: dtree.c(1315): Comp split 34
INFO: dtree.c(1439): stop. leaf nodes are specific
INFO: dtree.c(1478): Final simple tree
|( QUESTION0_6_R 1 -6.695e+04 1.868e+02 3.615e+02
|    ( - -2.530e+03 1 0)
|    ( - -6.423e+04 2 0))
s>    ( QUESTION0_6_R 1 -6.695e+04 1.868e+02 3.615e+02
s>        ( - -2.530e+03 1 0)
s>        ( - -6.423e+04 2 0))INFO: dtree.c(1439): stop. leaf nodes are specific
INFO: dtree.c(1478): Final simple tree
|( QUESTION0 -1 -2.255e+04 2.828e+02 1.237e+02
|    ( QUESTION0_0_R 1 -5.003e+03 1.955e+02 2.800e+01
|        ( - -3.018e+03 1 0)
|        ( - -1.789e+03 1 0))
|    ( - -1.726e+04 1 0))
s>    ( QUESTION0 -1 -2.255e+04 2.828e+02 1.237e+02
s>        ( QUESTION0_0_R 1 -5.003e+03 1.955e+02 2.800e+01
s>            ( - -3.018e+03 1 0)
s>            ( - -1.789e+03 1 0))
s>        ( - -1.726e+04 1 0))INFO: dtree.c(1315): Comp split 35
INFO: dtree.c(1439): stop. leaf nodes are specific
INFO: dtree.c(1478): Final simple tree
|( QUESTION0_0_R 1 -2.809e+04 2.428e+02 1.534e+02
|    ( - -2.449e+04 1 0)
|    ( - -3.360e+03 1 0))
s>    ( QUESTION0_0_R 1 -2.809e+04 2.428e+02 1.534e+02
s>        ( - -2.449e+04 1 0)
s>        ( - -3.360e+03 1 0))INFO: dtree.c(1439): stop. leaf nodes are specific
INFO: dtree.c(1478): Final simple tree
|( QUESTION0_0_R 1 -9.618e+03 2.395e+02 5.600e+01
|    ( - -5.759e+03 1 0)
|    ( - -3.619e+03 1 0))
s>    ( QUESTION0_0_R 1 -9.618e+03 2.395e+02 5.600e+01
s>        ( - -5.759e+03 1 0)
s>        ( - -3.619e+03 1 0))INFO: dtree.c(1315): Comp split 36
INFO: dtree.c(1439): stop. leaf nodes are specific
INFO: dtree.c(1478): Final simple tree
|( QUESTION0_3_R 1 -5.851e+04 2.396e+02 3.052e+02
|    ( - -3.632e+03 1 0)
|    ( QUESTION0_9_R 1 -5.464e+04 1.752e+02 2.842e+02
|        ( - -2.144e+04 3 0)
|        ( QUESTION0_0_R 1 -3.302e+04 1.805e+02 1.717e+02
|            ( QUESTION0 -1 -2.435e+04 1.448e+02 1.256e+02
|                ( QUESTION0_1_R 1 -3.434e+03 2.104e+02 1.800e+01
|                    ( - -7.674e+02 1 0)
|                    ( - -2.456e+03 1 0))
|                ( QUESTION0_1_R 1 -2.077e+04 2.000e+02 1.076e+02
|                    ( - -1.348e+04 2 0)
|                    ( - -7.087e+03 1 0)))
|            ( - -8.491e+03 2 0))))
s>    ( QUESTION0_3_R 1 -5.851e+04 2.396e+02 3.052e+02
s>        ( - -3.632e+03 1 0)
s>        ( QUESTION0_9_R 1 -5.464e+04 1.752e+02 2.842e+02
s>            ( - -2.144e+04 3 0)
s>            ( QUESTION0_0_R 1 -3.302e+04 1.805e+02 1.717e+02
s>                ( QUESTION0 -1 -2.435e+04 1.448e+02 1.256e+02
s>                    ( QUESTION0_1_R 1 -3.434e+03 2.104e+02 1.800e+01
s>                        ( - -7.674e+02 1 0)
s>                        ( - -2.456e+03 1 0))
s>                    ( QUESTION0_1_R 1 -2.077e+04 2.000e+02 1.076e+02
s>                        ( - -1.348e+04 2 0)
s>                        ( - -7.087e+03 1 0)))
s>                ( - -8.491e+03 2 0))))INFO: dtree.c(1315): Comp split 37
INFO: dtree.c(1439): stop. leaf nodes are specific
INFO: dtree.c(1478): Final simple tree
|( QUESTION2 -1 -9.935e+03 2.722e+02 5.098e+01
|    ( - -3.272e+03 1 0)
|    ( SILENCE 1 -6.391e+03 2.404e+02 3.299e+01
|        ( - -1.559e+03 1 0)
|        ( QUESTION0_3_R 1 -4.592e+03 1.951e+02 2.399e+01
|            ( - -2.599e+03 1 0)
|            ( - -1.798e+03 1 0))))
s>    ( QUESTION2 -1 -9.935e+03 2.722e+02 5.098e+01
s>        ( - -3.272e+03 1 0)
s>        ( SILENCE 1 -6.391e+03 2.404e+02 3.299e+01
s>            ( - -1.559e+03 1 0)
s>            ( QUESTION0_3_R 1 -4.592e+03 1.951e+02 2.399e+01
s>                ( - -2.599e+03 1 0)
s>                ( - -1.798e+03 1 0))))INFO: dtree.c(1439): stop. leaf nodes are specific
INFO: dtree.c(1478): Final simple tree
|( SILENCE -1 -1.831e+04 2.369e+02 9.683e+01
|    ( - -1.087e+04 1 0)
|    ( - -7.203e+03 2 0))
s>    ( SILENCE -1 -1.831e+04 2.369e+02 9.683e+01
s>        ( - -1.087e+04 1 0)
s>        ( - -7.203e+03 2 0))INFO: dtree.c(1315): Comp split 38
INFO: dtree.c(1315): Comp split 39
INFO: dtree.c(1439): stop. leaf nodes are specific
INFO: dtree.c(1478): Final simple tree
|( QUESTION9 -1 -2.862e+04 1.041e+02 1.339e+02
|    ( - -6.034e+02 1 0)
|    ( - -2.791e+04 1 0))
s>    ( QUESTION9 -1 -2.862e+04 1.041e+02 1.339e+02
s>        ( - -6.034e+02 1 0)
s>        ( - -2.791e+04 1 0))INFO: dtree.c(1315): Comp split 40
INFO: dtree.c(1439): stop. leaf nodes are specific
INFO: dtree.c(1478): Final simple tree
|( SILENCE -1 -2.485e+04 2.561e+02 1.334e+02
|    ( - -2.275e+04 1 0)
|    ( - -1.842e+03 1 0))
s>    ( SILENCE -1 -2.485e+04 2.561e+02 1.334e+02
s>        ( - -2.275e+04 1 0)
s>        ( - -1.842e+03 1 0))INFO: dtree.c(1439): stop. leaf nodes are specific
INFO: dtree.c(1478): Final simple tree
|( SILENCE -1 -3.929e+03 2.203e+02 2.100e+01
|    ( - -9.847e+02 1 0)
|    ( - -2.724e+03 1 0))
s>    ( SILENCE -1 -3.929e+03 2.203e+02 2.100e+01
s>        ( - -9.847e+02 1 0)
s>        ( - -2.724e+03 1 0))INFO: dtree.c(1315): Comp split 41
INFO: dtree.c(1439): stop. leaf nodes are specific
INFO: dtree.c(1478): Final simple tree
|( QUESTION0_0_R 1 -5.003e+03 1.955e+02 2.800e+01
|    ( - -3.018e+03 1 0)
|    ( - -1.789e+03 1 0))
s>    ( QUESTION0_0_R 1 -5.003e+03 1.955e+02 2.800e+01
s>        ( - -3.018e+03 1 0)
s>        ( - -1.789e+03 1 0))INFO: dtree.c(1315): Comp split 42
INFO: dtree.c(1439): stop. leaf nodes are specific
INFO: dtree.c(1478): Final simple tree
|( QUESTION2 -1 -3.271e+04 2.548e+02 1.766e+02
|    ( - -6.568e+03 1 0)
|    ( QUESTION0_0_R 1 -2.589e+04 2.163e+02 1.397e+02
|        ( - -7.590e+03 1 0)
|        ( - -1.808e+04 2 0)))
s>    ( QUESTION2 -1 -3.271e+04 2.548e+02 1.766e+02
s>        ( - -6.568e+03 1 0)
s>        ( QUESTION0_0_R 1 -2.589e+04 2.163e+02 1.397e+02
s>            ( - -7.590e+03 1 0)
s>            ( - -1.808e+04 2 0)))INFO: dtree.c(1439): stop. leaf nodes are specific
INFO: dtree.c(1478): Final simple tree
|( QUESTION0_13_R 1 -3.927e+03 2.424e+02 2.300e+01
|    ( - -1.301e+03 1 0)
|    ( - -2.384e+03 1 0))
s>    ( QUESTION0_13_R 1 -3.927e+03 2.424e+02 2.300e+01
s>        ( - -1.301e+03 1 0)
s>        ( - -2.384e+03 1 0))INFO: dtree.c(1315): Comp split 43
INFO: dtree.c(1439): stop. leaf nodes are specific
INFO: dtree.c(1478): Final simple tree
|( SILENCE 1 -6.391e+03 2.404e+02 3.299e+01
|    ( - -1.559e+03 1 0)
|    ( QUESTION0_3_R 1 -4.592e+03 1.951e+02 2.399e+01
|        ( - -2.599e+03 1 0)
|        ( - -1.798e+03 1 0)))
s>    ( SILENCE 1 -6.391e+03 2.404e+02 3.299e+01
s>        ( - -1.559e+03 1 0)
s>        ( QUESTION0_3_R 1 -4.592e+03 1.951e+02 2.399e+01
s>            ( - -2.599e+03 1 0)
s>            ( - -1.798e+03 1 0)))INFO: dtree.c(1315): Comp split 44
INFO: dtree.c(1315): Comp split 45
INFO: dtree.c(1315): Comp split 46
INFO: dtree.c(1315): Comp split 47
INFO: dtree.c(1439): stop. leaf nodes are specific
INFO: dtree.c(1478): Final simple tree
|( QUESTION2_14_L -1 -2.380e+04 1.885e+02 1.251e+02
|    ( - -1.667e+04 1 0)
|    ( - -6.946e+03 1 0))
s>    ( QUESTION2_14_L -1 -2.380e+04 1.885e+02 1.251e+02
s>        ( - -1.667e+04 1 0)
s>        ( - -6.946e+03 1 0))INFO: dtree.c(1439): stop. leaf nodes are specific
INFO: dtree.c(1478): Final simple tree
|( QUESTION0 -1 -2.525e+04 2.173e+02 1.352e+02
|    ( - -1.349e+04 1 0)
|    ( SILENCE 1 -1.154e+04 1.657e+02 6.098e+01
|        ( - -9.410e+03 1 0)
|        ( - -1.967e+03 1 0)))
s>    ( QUESTION0 -1 -2.525e+04 2.173e+02 1.352e+02
s>        ( - -1.349e+04 1 0)
s>        ( SILENCE 1 -1.154e+04 1.657e+02 6.098e+01
s>            ( - -9.410e+03 1 0)
s>            ( - -1.967e+03 1 0)))INFO: dtree.c(1315): Comp split 48
INFO: dtree.c(1315): Comp split 49
INFO: dtree.c(1439): stop. leaf nodes are specific
INFO: dtree.c(1478): Final simple tree
|( QUESTION0_0_R 1 -2.589e+04 2.163e+02 1.397e+02
|    ( - -7.590e+03 1 0)
|    ( - -1.808e+04 2 0))
s>    ( QUESTION0_0_R 1 -2.589e+04 2.163e+02 1.397e+02
s>        ( - -7.590e+03 1 0)
s>        ( - -1.808e+04 2 0))INFO: dtree.c(1315): Comp split 50
INFO: dtree.c(1439): stop. leaf nodes are specific
INFO: dtree.c(1478): Final simple tree
|( QUESTION4 1 -1.221e+04 1.944e+02 6.400e+01
|    ( - -1.962e+03 1 0)
|    ( QUESTION0 1 -1.006e+04 1.581e+02 5.300e+01
|        ( SILENCE -1 -6.149e+03 1.562e+02 3.200e+01
|            ( - -3.793e+03 1 0)
|            ( - -2.199e+03 1 0))
|        ( - -3.752e+03 1 0)))
s>    ( QUESTION4 1 -1.221e+04 1.944e+02 6.400e+01
s>        ( - -1.962e+03 1 0)
s>        ( QUESTION0 1 -1.006e+04 1.581e+02 5.300e+01
s>            ( SILENCE -1 -6.149e+03 1.562e+02 3.200e+01
s>                ( - -3.793e+03 1 0)
s>                ( - -2.199e+03 1 0))
s>            ( - -3.752e+03 1 0)))INFO: dtree.c(1315): Comp split 51
INFO: dtree.c(1439): stop. leaf nodes are specific
INFO: dtree.c(1478): Final simple tree
|( QUESTION0_11_R 1 -1.068e+04 1.716e+02 5.724e+01
|    ( - -3.310e+02 1 0)
|    ( - -1.018e+04 1 0))
s>    ( QUESTION0_11_R 1 -1.068e+04 1.716e+02 5.724e+01
s>        ( - -3.310e+02 1 0)
s>        ( - -1.018e+04 1 0))INFO: dtree.c(1315): Comp split 52
INFO: dtree.c(1315): Comp split 53
INFO: dtree.c(1439): stop. leaf nodes are specific
INFO: dtree.c(1478): Final simple tree
|( QUESTION0_3_R 1 -1.094e+04 2.214e+02 5.881e+01
|    ( - -3.632e+03 1 0)
|    ( - -7.087e+03 1 0))
s>    ( QUESTION0_3_R 1 -1.094e+04 2.214e+02 5.881e+01
s>        ( - -3.632e+03 1 0)
s>        ( - -7.087e+03 1 0))INFO: dtree.c(1439): stop. leaf nodes are specific
INFO: dtree.c(1478): Final simple tree
|( QUESTION0_1_R 1 -4.732e+04 1.685e+02 2.464e+02
|    ( QUESTION0 -1 -1.447e+04 2.256e+02 7.480e+01
|        ( - -7.674e+02 1 0)
|        ( - -1.348e+04 2 0))
|    ( QUESTION0_6_R 1 -3.268e+04 1.506e+02 1.716e+02
|        ( - -2.456e+03 1 0)
|        ( QUESTION0_0_R 1 -3.008e+04 1.418e+02 1.586e+02
|            ( - -2.144e+04 3 0)
|            ( - -8.491e+03 2 0))))
s>    ( QUESTION0_1_R 1 -4.732e+04 1.685e+02 2.464e+02
s>        ( QUESTION0 -1 -1.447e+04 2.256e+02 7.480e+01
s>            ( - -7.674e+02 1 0)
s>            ( - -1.348e+04 2 0))
s>        ( QUESTION0_6_R 1 -3.268e+04 1.506e+02 1.716e+02
s>            ( - -2.456e+03 1 0)
s>            ( QUESTION0_0_R 1 -3.008e+04 1.418e+02 1.586e+02
s>                ( - -2.144e+04 3 0)
s>                ( - -8.491e+03 2 0))))INFO: dtree.c(1315): Comp split 54
INFO: dtree.c(1315): Comp split 55
INFO: dtree.c(1439): stop. leaf nodes are specific
INFO: dtree.c(1478): Final simple tree
|( QUESTION0_3_R 1 -4.592e+03 1.951e+02 2.399e+01
|    ( - -2.599e+03 1 0)
|    ( - -1.798e+03 1 0))
s>    ( QUESTION0_3_R 1 -4.592e+03 1.951e+02 2.399e+01
s>        ( - -2.599e+03 1 0)
s>        ( - -1.798e+03 1 0))INFO: dtree.c(1315): Comp split 56
INFO: dtree.c(1315): Comp split 57
INFO: dtree.c(1315): Comp split 58
INFO: dtree.c(1315): Comp split 59
INFO: dtree.c(1439): stop. leaf nodes are specific
INFO: dtree.c(1478): Final simple tree
|( QUESTION0_1_R 1 -4.633e+04 1.682e+02 2.414e+02
|    ( - -1.348e+04 2 0)
|    ( QUESTION0_6_R 1 -3.268e+04 1.506e+02 1.716e+02
|        ( - -2.456e+03 1 0)
|        ( QUESTION0_0_R 1 -3.008e+04 1.418e+02 1.586e+02
|            ( - -2.144e+04 3 0)
|            ( - -8.491e+03 2 0))))
s>    ( QUESTION0_1_R 1 -4.633e+04 1.682e+02 2.414e+02
s>        ( - -1.348e+04 2 0)
s>        ( QUESTION0_6_R 1 -3.268e+04 1.506e+02 1.716e+02
s>            ( - -2.456e+03 1 0)
s>            ( QUESTION0_0_R 1 -3.008e+04 1.418e+02 1.586e+02
s>                ( - -2.144e+04 3 0)
s>                ( - -8.491e+03 2 0))))INFO: dtree.c(1315): Comp split 60
INFO: dtree.c(1439): stop. leaf nodes are specific
INFO: dtree.c(1478): Final simple tree
|( QUESTION0_14_R 1 -3.722e+04 2.244e+02 1.972e+02
|    ( - -4.813e+03 1 0)
|    ( QUESTION0_0_R 1 -3.218e+04 1.859e+02 1.703e+02
|        ( - -1.173e+04 1 0)
|        ( - -2.027e+04 1 0)))
s>    ( QUESTION0_14_R 1 -3.722e+04 2.244e+02 1.972e+02
s>        ( - -4.813e+03 1 0)
s>        ( QUESTION0_0_R 1 -3.218e+04 1.859e+02 1.703e+02
s>            ( - -1.173e+04 1 0)
s>            ( - -2.027e+04 1 0)))INFO: dtree.c(1315): Comp split 61
INFO: dtree.c(1439): stop. leaf nodes are specific
INFO: dtree.c(1478): Final simple tree
|( QUESTION0_0_R 1 -3.218e+04 1.859e+02 1.703e+02
|    ( - -1.173e+04 1 0)
|    ( - -2.027e+04 1 0))
s>    ( QUESTION0_0_R 1 -3.218e+04 1.859e+02 1.703e+02
s>        ( - -1.173e+04 1 0)
s>        ( - -2.027e+04 1 0))INFO: dtree.c(1315): Comp split 62
INFO: dtree.c(1439): stop. leaf nodes are specific
INFO: dtree.c(1478): Final simple tree
|( QUESTION0_0_R 1 -4.090e+04 1.544e+02 1.898e+02
|    ( - -3.963e+04 1 0)
|    ( - -1.111e+03 1 0))
s>    ( QUESTION0_0_R 1 -4.090e+04 1.544e+02 1.898e+02
s>        ( - -3.963e+04 1 0)
s>        ( - -1.111e+03 1 0))INFO: dtree.c(1315): Comp split 63
INFO: dtree.c(1439): stop. leaf nodes are specific
INFO: dtree.c(1478): Final simple tree
|( SILENCE -1 -7.707e+03 1.627e+02 4.100e+01
|    ( - -3.793e+03 1 0)
|    ( - -3.752e+03 1 0))
s>    ( SILENCE -1 -7.707e+03 1.627e+02 4.100e+01
s>        ( - -3.793e+03 1 0)
s>        ( - -3.752e+03 1 0))INFO: dtree.c(1439): stop. leaf nodes are specific
INFO: dtree.c(1478): Final simple tree
|( SILENCE -1 -4.285e+03 1.240e+02 2.300e+01
|    ( - -1.962e+03 1 0)
|    ( - -2.199e+03 1 0))
s>    ( SILENCE -1 -4.285e+03 1.240e+02 2.300e+01
s>        ( - -1.962e+03 1 0)
s>        ( - -2.199e+03 1 0))INFO: dtree.c(1315): Comp split 64
INFO: dtree.c(1315): Comp split 65
INFO: dtree.c(1315): Comp split 66
INFO: dtree.c(1439): stop. leaf nodes are specific
INFO: dtree.c(1478): Final simple tree
|( SILENCE 1 -1.154e+04 1.657e+02 6.098e+01
|    ( - -9.410e+03 1 0)
|    ( - -1.967e+03 1 0))
s>    ( SILENCE 1 -1.154e+04 1.657e+02 6.098e+01
s>        ( - -9.410e+03 1 0)
s>        ( - -1.967e+03 1 0))INFO: dtree.c(1315): Comp split 67
INFO: dtree.c(1315): Comp split 68
INFO: dtree.c(1439): stop. leaf nodes are specific
INFO: dtree.c(1478): Final simple tree
|( QUESTION0_0_R 1 -3.008e+04 1.418e+02 1.586e+02
|    ( - -2.144e+04 3 0)
|    ( - -8.491e+03 2 0))
s>    ( QUESTION0_0_R 1 -3.008e+04 1.418e+02 1.586e+02
s>        ( - -2.144e+04 3 0)
s>        ( - -8.491e+03 2 0))INFO: dtree.c(1439): stop. leaf nodes are specific
INFO: dtree.c(1478): Final simple tree
|( QUESTION0_1_R 1 -1.604e+04 1.071e+02 8.280e+01
|    ( - -1.348e+04 2 0)
|    ( - -2.456e+03 1 0))
s>    ( QUESTION0_1_R 1 -1.604e+04 1.071e+02 8.280e+01
s>        ( - -1.348e+04 2 0)
s>        ( - -2.456e+03 1 0))INFO: dtree.c(1315): Comp split 69
INFO: dtree.c(1315): Comp split 70
INFO: dtree.c(1315): Comp split 71
INFO: dtree.c(1315): Comp split 72
INFO: dtree.c(1315): Comp split 73
INFO: dtree.c(1315): Comp split 74
INFO: dtree.c(1315): Comp split 75
INFO: dtree.c(1315): Comp split 76
INFO: dtree.c(1315): Comp split 77
INFO: dtree.c(1315): Comp split 78
INFO: dtree.c(1315): Comp split 79
INFO: dtree.c(1315): Comp split 80
INFO: dtree.c(1315): Comp split 81
INFO: dtree.c(1315): Comp split 82
INFO: dtree.c(1315): Comp split 83
INFO: dtree.c(1315): Comp split 84
INFO: dtree.c(1315): Comp split 85
INFO: dtree.c(1315): Comp split 86
INFO: dtree.c(1318): stop. leaf nodes are specific
Wed Dec 20 23:52:15 2017
