Current configuration:
[NAME]		[DEFLT]	[VALUE]
-allphones	no	no
-cntthresh	0.00001	1.000000e-05
-csplitmax	100	2000
-csplitmin	1	1
-csplitthr	8e-4	0.000000e+00
-example	no	no
-fullvar	no	no
-help		no	no
-meanfn			/home/alex/repos/speech/an4/model_parameters/an4.cd_cont_untied/means
-mixwfn			/home/alex/repos/speech/an4/model_parameters/an4.cd_cont_untied/mixture_weights
-moddeffn		/home/alex/repos/speech/an4/model_architecture/an4.untied.mdef
-mwfloor	1e-4	1.000000e-08
-phone			K
-psetfn			/home/alex/repos/speech/an4/model_architecture/an4.tree_questions
-ssplitmax	5	7
-ssplitmin	1	1
-ssplitthr	8e-4	0.000000e+00
-state			1
-stwt			1.0,0.05,0.0,
-treefn			/home/alex/repos/speech/an4/trees/an4.unpruned/K-1.dtree
-ts2cbfn	.semi.	.cont.
-varfloor	0.00001	1.000000e-05
-varfn			/home/alex/repos/speech/an4/model_parameters/an4.cd_cont_untied/variances

INFO: main.c(223): Reading: /home/alex/repos/speech/an4/model_architecture/an4.untied.mdef
INFO: model_def_io.c(573): Model definition info:
INFO: model_def_io.c(574): 1618 total models defined (34 base, 1584 tri)
INFO: model_def_io.c(575): 6472 total states
INFO: model_def_io.c(576): 4854 total tied states
INFO: model_def_io.c(577): 102 total tied CI states
INFO: model_def_io.c(578): 34 total tied transition matrices
INFO: model_def_io.c(579): 4 max state/model
INFO: model_def_io.c(580): 4 min state/model
INFO: main.c(242): Building trees for [K AA T i] through [K UW Y b]
INFO: main.c(269): Covering states |[2733 2825]| == 93
INFO: main.c(275): Reading: /home/alex/repos/speech/an4/model_parameters/an4.cd_cont_untied/mixture_weights
INFO: s3mixw_io.c(173): Read /home/alex/repos/speech/an4/model_parameters/an4.cd_cont_untied/mixture_weights [93x1x1 array]
INFO: main.c(311): 31 of 31 models have observation count greater than 0.000010
INFO: main.c(95): nrm stwt: 0.045 0.909 0.045 
INFO: s3gau_io.c(169): Read /home/alex/repos/speech/an4/model_parameters/an4.cd_cont_untied/means [4854x1x1 array]
INFO: s3gau_io.c(169): Read /home/alex/repos/speech/an4/model_parameters/an4.cd_cont_untied/variances [4854x1x1 array]
INFO: main.c(549): Reading: /home/alex/repos/speech/an4/model_architecture/an4.tree_questions
INFO: main.c(588): 180 total simple questions (172 phone; 8 word bndry)
INFO: main.c(590): 42 Left Only questions, and 42 Right Only questions
INFO: dtree.c(1478): Final simple tree
|( QUESTION0_20_R 1 -3.748e+05 2.068e+03 1.738e+03
|    ( QUESTION2_12_L -1 -1.496e+05 5.719e+02 7.093e+02
|        ( QUESTION15 -1 -3.355e+04 1.765e+02 1.682e+02
|            ( - -2.568e+03 2 0)
|            ( - -3.080e+04 3 0 QUESTION0 -1 1.200e+02 1.552e+02))
|        ( SILENCE -1 -1.155e+05 3.109e+02 5.411e+02
|            ( - -2.588e+04 2 0)
|            ( QUESTION2_14_L -1 -8.928e+04 2.618e+02 4.130e+02
|                ( - -4.409e+04 4 0)
|                ( QUESTION2_0_L -1 -4.493e+04 2.240e+02 2.063e+02
|                    ( - -8.971e+03 3 0 QUESTION0 -1 9.577e+01 4.000e+01)
|                    ( - -3.573e+04 12 0 QUESTION2_20_L -1 1.712e+02 1.663e+02)))))
|    ( QUESTION12 -1 -2.231e+05 3.083e+02 1.029e+03
|        ( - -3.069e+04 2 0 QUESTION0_0_R 1 1.358e+02 1.423e+02)
|        ( - -1.921e+05 3 0 WDBNDRY_B 0 1.681e+02 8.864e+02)))
s>    ( QUESTION0_20_R 1 -3.748e+05 2.068e+03 1.738e+03
s>        ( QUESTION2_12_L -1 -1.496e+05 5.719e+02 7.093e+02
s>            ( QUESTION15 -1 -3.355e+04 1.765e+02 1.682e+02
s>                ( - -2.568e+03 2 0)
s>                ( - -3.080e+04 3 0 QUESTION0 -1 1.200e+02 1.552e+02))
s>            ( SILENCE -1 -1.155e+05 3.109e+02 5.411e+02
s>                ( - -2.588e+04 2 0)
s>                ( QUESTION2_14_L -1 -8.928e+04 2.618e+02 4.130e+02
s>                    ( - -4.409e+04 4 0)
s>                    ( QUESTION2_0_L -1 -4.493e+04 2.240e+02 2.063e+02
s>                        ( - -8.971e+03 3 0 QUESTION0 -1 9.577e+01 4.000e+01)
s>                        ( - -3.573e+04 12 0 QUESTION2_20_L -1 1.712e+02 1.663e+02)))))
s>        ( QUESTION12 -1 -2.231e+05 3.083e+02 1.029e+03
s>            ( - -3.069e+04 2 0 QUESTION0_0_R 1 1.358e+02 1.423e+02)
s>            ( - -1.921e+05 3 0 WDBNDRY_B 0 1.681e+02 8.864e+02)))INFO: dtree.c(1315): Comp split 0
INFO: dtree.c(1478): Final simple tree
|( QUESTION2_12_L -1 -1.496e+05 5.719e+02 7.093e+02
|    ( QUESTION15 -1 -3.355e+04 1.765e+02 1.682e+02
|        ( - -2.568e+03 2 0)
|        ( - -3.080e+04 3 0 QUESTION0 -1 1.200e+02 1.552e+02))
|    ( SILENCE -1 -1.155e+05 3.109e+02 5.411e+02
|        ( - -2.588e+04 2 0)
|        ( QUESTION2_14_L -1 -8.928e+04 2.618e+02 4.130e+02
|            ( - -4.409e+04 4 0)
|            ( QUESTION2_0_L -1 -4.493e+04 2.240e+02 2.063e+02
|                ( - -8.971e+03 3 0 QUESTION0 -1 9.577e+01 4.000e+01)
|                ( QUESTION2_20_L -1 -3.573e+04 1.712e+02 1.663e+02
|                    ( QUESTION2 -1 -1.982e+04 1.668e+02 9.196e+01
|                        ( - -2.880e+02 1 0)
|                        ( - -1.936e+04 7 0 QUESTION0 -1 1.495e+02 8.996e+01))
|                    ( - -1.574e+04 4 0 QUESTION0 -1 1.325e+02 7.431e+01))))))
s>    ( QUESTION2_12_L -1 -1.496e+05 5.719e+02 7.093e+02
s>        ( QUESTION15 -1 -3.355e+04 1.765e+02 1.682e+02
s>            ( - -2.568e+03 2 0)
s>            ( - -3.080e+04 3 0 QUESTION0 -1 1.200e+02 1.552e+02))
s>        ( SILENCE -1 -1.155e+05 3.109e+02 5.411e+02
s>            ( - -2.588e+04 2 0)
s>            ( QUESTION2_14_L -1 -8.928e+04 2.618e+02 4.130e+02
s>                ( - -4.409e+04 4 0)
s>                ( QUESTION2_0_L -1 -4.493e+04 2.240e+02 2.063e+02
s>                    ( - -8.971e+03 3 0 QUESTION0 -1 9.577e+01 4.000e+01)
s>                    ( QUESTION2_20_L -1 -3.573e+04 1.712e+02 1.663e+02
s>                        ( QUESTION2 -1 -1.982e+04 1.668e+02 9.196e+01
s>                            ( - -2.880e+02 1 0)
s>                            ( - -1.936e+04 7 0 QUESTION0 -1 1.495e+02 8.996e+01))
s>                        ( - -1.574e+04 4 0 QUESTION0 -1 1.325e+02 7.431e+01))))))INFO: dtree.c(1439): stop. leaf nodes are specific
INFO: dtree.c(1478): Final simple tree
|( QUESTION12 -1 -2.231e+05 3.083e+02 1.029e+03
|    ( QUESTION0_0_R 1 -3.069e+04 1.358e+02 1.423e+02
|        ( - -2.913e+04 1 0)
|        ( - -1.418e+03 1 0))
|    ( WDBNDRY_B 0 -1.921e+05 1.681e+02 8.864e+02
|        ( - -3.434e+02 1 0)
|        ( QUESTION0_1_R 1 -1.916e+05 1.124e+02 8.844e+02
|            ( - -1.898e+05 1 0)
|            ( - -1.718e+03 1 0))))
s>    ( QUESTION12 -1 -2.231e+05 3.083e+02 1.029e+03
s>        ( QUESTION0_0_R 1 -3.069e+04 1.358e+02 1.423e+02
s>            ( - -2.913e+04 1 0)
s>            ( - -1.418e+03 1 0))
s>        ( WDBNDRY_B 0 -1.921e+05 1.681e+02 8.864e+02
s>            ( - -3.434e+02 1 0)
s>            ( QUESTION0_1_R 1 -1.916e+05 1.124e+02 8.844e+02
s>                ( - -1.898e+05 1 0)
s>                ( - -1.718e+03 1 0))))INFO: dtree.c(1315): Comp split 1
INFO: dtree.c(1439): stop. leaf nodes are specific
INFO: dtree.c(1478): Final simple tree
|( QUESTION0 -1 -3.080e+04 1.200e+02 1.552e+02
|    ( - -1.616e+03 1 0)
|    ( - -2.907e+04 2 0))
s>    ( QUESTION0 -1 -3.080e+04 1.200e+02 1.552e+02
s>        ( - -1.616e+03 1 0)
s>        ( - -2.907e+04 2 0))INFO: dtree.c(1478): Final simple tree
|( QUESTION2_14_L -1 -1.182e+05 3.070e+02 5.541e+02
|    ( - -4.409e+04 4 0)
|    ( QUESTION2_0_L -1 -7.378e+04 2.768e+02 3.474e+02
|        ( - -8.971e+03 3 0 QUESTION0 -1 9.577e+01 4.000e+01)
|        ( QUESTION2_20_L -1 -6.453e+04 2.046e+02 3.074e+02
|            ( QUESTION2 -1 -1.982e+04 1.668e+02 9.196e+01
|                ( - -2.880e+02 1 0)
|                ( QUESTION0 -1 -1.936e+04 1.495e+02 8.996e+01
|                    ( - -3.108e+03 2 0)
|                    ( - -1.610e+04 5 0)))
|            ( SILENCE -1 -4.451e+04 1.819e+02 2.154e+02
|                ( - -2.588e+04 2 0)
|                ( QUESTION1 -1 -1.845e+04 1.476e+02 8.731e+01
|                    ( - -1.215e+04 2 0)
|                    ( - -6.154e+03 4 0 QUESTION0 -1 1.210e+02 3.000e+01))))))
s>    ( QUESTION2_14_L -1 -1.182e+05 3.070e+02 5.541e+02
s>        ( - -4.409e+04 4 0)
s>        ( QUESTION2_0_L -1 -7.378e+04 2.768e+02 3.474e+02
s>            ( - -8.971e+03 3 0 QUESTION0 -1 9.577e+01 4.000e+01)
s>            ( QUESTION2_20_L -1 -6.453e+04 2.046e+02 3.074e+02
s>                ( QUESTION2 -1 -1.982e+04 1.668e+02 9.196e+01
s>                    ( - -2.880e+02 1 0)
s>                    ( QUESTION0 -1 -1.936e+04 1.495e+02 8.996e+01
s>                        ( - -3.108e+03 2 0)
s>                        ( - -1.610e+04 5 0)))
s>                ( SILENCE -1 -4.451e+04 1.819e+02 2.154e+02
s>                    ( - -2.588e+04 2 0)
s>                    ( QUESTION1 -1 -1.845e+04 1.476e+02 8.731e+01
s>                        ( - -1.215e+04 2 0)
s>                        ( - -6.154e+03 4 0 QUESTION0 -1 1.210e+02 3.000e+01))))))INFO: dtree.c(1315): Comp split 2
INFO: dtree.c(1439): stop. leaf nodes are specific
INFO: dtree.c(1478): Final simple tree
|( QUESTION2_20_L -1 -6.083e+04 2.101e+02 2.894e+02
|    ( - -1.610e+04 5 0)
|    ( SILENCE -1 -4.451e+04 1.819e+02 2.154e+02
|        ( - -2.588e+04 2 0)
|        ( QUESTION1 -1 -1.845e+04 1.476e+02 8.731e+01
|            ( - -1.215e+04 2 0)
|            ( QUESTION0 -1 -6.154e+03 1.210e+02 3.000e+01
|                ( - -2.568e+03 2 0)
|                ( - -3.465e+03 2 0)))))
s>    ( QUESTION2_20_L -1 -6.083e+04 2.101e+02 2.894e+02
s>        ( - -1.610e+04 5 0)
s>        ( SILENCE -1 -4.451e+04 1.819e+02 2.154e+02
s>            ( - -2.588e+04 2 0)
s>            ( QUESTION1 -1 -1.845e+04 1.476e+02 8.731e+01
s>                ( - -1.215e+04 2 0)
s>                ( QUESTION0 -1 -6.154e+03 1.210e+02 3.000e+01
s>                    ( - -2.568e+03 2 0)
s>                    ( - -3.465e+03 2 0)))))INFO: dtree.c(1439): stop. leaf nodes are specific
INFO: dtree.c(1478): Final simple tree
|( QUESTION2_0_L -1 -5.698e+04 2.224e+02 2.647e+02
|    ( QUESTION0 -1 -8.971e+03 9.577e+01 4.000e+01
|        ( - -3.268e+03 1 0)
|        ( - -5.608e+03 2 0))
|    ( QUESTION2 -1 -4.778e+04 1.696e+02 2.247e+02
|        ( - -2.880e+02 1 0)
|        ( QUESTION0 -1 -4.732e+04 1.235e+02 2.227e+02
|            ( - -3.108e+03 2 0)
|            ( - -4.409e+04 4 0))))
s>    ( QUESTION2_0_L -1 -5.698e+04 2.224e+02 2.647e+02
s>        ( QUESTION0 -1 -8.971e+03 9.577e+01 4.000e+01
s>            ( - -3.268e+03 1 0)
s>            ( - -5.608e+03 2 0))
s>        ( QUESTION2 -1 -4.778e+04 1.696e+02 2.247e+02
s>            ( - -2.880e+02 1 0)
s>            ( QUESTION0 -1 -4.732e+04 1.235e+02 2.227e+02
s>                ( - -3.108e+03 2 0)
s>                ( - -4.409e+04 4 0))))INFO: dtree.c(1315): Comp split 3
INFO: dtree.c(1439): stop. leaf nodes are specific
INFO: dtree.c(1478): Final simple tree
|( QUESTION0_1_R 1 -3.096e+04 1.098e+02 1.433e+02
|    ( - -2.913e+04 1 0)
|    ( - -1.718e+03 1 0))
s>    ( QUESTION0_1_R 1 -3.096e+04 1.098e+02 1.433e+02
s>        ( - -2.913e+04 1 0)
s>        ( - -1.718e+03 1 0))INFO: dtree.c(1439): stop. leaf nodes are specific
INFO: dtree.c(1478): Final simple tree
|( WDBNDRY_B 0 -1.919e+05 1.681e+02 8.854e+02
|    ( - -3.434e+02 1 0)
|    ( QUESTION0_0_R 1 -1.913e+05 1.226e+02 8.834e+02
|        ( - -1.898e+05 1 0)
|        ( - -1.418e+03 1 0)))
s>    ( WDBNDRY_B 0 -1.919e+05 1.681e+02 8.854e+02
s>        ( - -3.434e+02 1 0)
s>        ( QUESTION0_0_R 1 -1.913e+05 1.226e+02 8.834e+02
s>            ( - -1.898e+05 1 0)
s>            ( - -1.418e+03 1 0)))INFO: dtree.c(1315): Comp split 4
INFO: dtree.c(1439): stop. leaf nodes are specific
INFO: dtree.c(1478): Final simple tree
|( QUESTION2 -1 -4.778e+04 1.696e+02 2.247e+02
|    ( - -2.880e+02 1 0)
|    ( QUESTION0 -1 -4.732e+04 1.235e+02 2.227e+02
|        ( - -3.108e+03 2 0)
|        ( - -4.409e+04 4 0)))
s>    ( QUESTION2 -1 -4.778e+04 1.696e+02 2.247e+02
s>        ( - -2.880e+02 1 0)
s>        ( QUESTION0 -1 -4.732e+04 1.235e+02 2.227e+02
s>            ( - -3.108e+03 2 0)
s>            ( - -4.409e+04 4 0)))INFO: dtree.c(1439): stop. leaf nodes are specific
INFO: dtree.c(1478): Final simple tree
|( QUESTION0 -1 -8.971e+03 9.577e+01 4.000e+01
|    ( - -3.268e+03 1 0)
|    ( - -5.608e+03 2 0))
s>    ( QUESTION0 -1 -8.971e+03 9.577e+01 4.000e+01
s>        ( - -3.268e+03 1 0)
s>        ( - -5.608e+03 2 0))INFO: dtree.c(1315): Comp split 5
INFO: dtree.c(1439): stop. leaf nodes are specific
INFO: dtree.c(1478): Final simple tree
|( SILENCE -1 -2.858e+04 1.321e+02 1.411e+02
|    ( - -2.588e+04 2 0)
|    ( - -2.568e+03 2 0))
s>    ( SILENCE -1 -2.858e+04 1.321e+02 1.411e+02
s>        ( - -2.588e+04 2 0)
s>        ( - -2.568e+03 2 0))INFO: dtree.c(1439): stop. leaf nodes are specific
INFO: dtree.c(1478): Final simple tree
|( QUESTION2_20_L -1 -3.203e+04 1.813e+02 1.483e+02
|    ( - -1.610e+04 5 0)
|    ( QUESTION0 -1 -1.574e+04 1.325e+02 7.431e+01
|        ( - -1.215e+04 2 0)
|        ( - -3.465e+03 2 0)))
s>    ( QUESTION2_20_L -1 -3.203e+04 1.813e+02 1.483e+02
s>        ( - -1.610e+04 5 0)
s>        ( QUESTION0 -1 -1.574e+04 1.325e+02 7.431e+01
s>            ( - -1.215e+04 2 0)
s>            ( - -3.465e+03 2 0)))INFO: dtree.c(1315): Comp split 6
INFO: dtree.c(1439): stop. leaf nodes are specific
INFO: dtree.c(1478): Final simple tree
|( QUESTION0 -1 -1.574e+04 1.325e+02 7.431e+01
|    ( - -1.215e+04 2 0)
|    ( - -3.465e+03 2 0))
s>    ( QUESTION0 -1 -1.574e+04 1.325e+02 7.431e+01
s>        ( - -1.215e+04 2 0)
s>        ( - -3.465e+03 2 0))INFO: dtree.c(1315): Comp split 7
INFO: dtree.c(1439): stop. leaf nodes are specific
INFO: dtree.c(1478): Final simple tree
|( QUESTION0 -1 -4.732e+04 1.235e+02 2.227e+02
|    ( - -3.108e+03 2 0)
|    ( - -4.409e+04 4 0))
s>    ( QUESTION0 -1 -4.732e+04 1.235e+02 2.227e+02
s>        ( - -3.108e+03 2 0)
s>        ( - -4.409e+04 4 0))INFO: dtree.c(1315): Comp split 8
INFO: dtree.c(1439): stop. leaf nodes are specific
INFO: dtree.c(1478): Final simple tree
|( QUESTION0_0_R 1 -1.913e+05 1.226e+02 8.834e+02
|    ( - -1.898e+05 1 0)
|    ( - -1.418e+03 1 0))
s>    ( QUESTION0_0_R 1 -1.913e+05 1.226e+02 8.834e+02
s>        ( - -1.898e+05 1 0)
s>        ( - -1.418e+03 1 0))INFO: dtree.c(1315): Comp split 9
INFO: dtree.c(1315): Comp split 10
INFO: dtree.c(1315): Comp split 11
INFO: dtree.c(1315): Comp split 12
INFO: dtree.c(1315): Comp split 13
INFO: dtree.c(1315): Comp split 14
INFO: dtree.c(1315): Comp split 15
INFO: dtree.c(1315): Comp split 16
INFO: dtree.c(1318): stop. leaf nodes are specific
Wed Dec 20 23:52:20 2017
