Current configuration:
[NAME]		[DEFLT]	[VALUE]
-allphones	no	no
-cntthresh	0.00001	1.000000e-05
-csplitmax	100	2000
-csplitmin	1	1
-csplitthr	8e-4	0.000000e+00
-example	no	no
-fullvar	no	no
-help		no	no
-meanfn			/home/alex/repos/speech/an4/model_parameters/an4.cd_cont_untied/means
-mixwfn			/home/alex/repos/speech/an4/model_parameters/an4.cd_cont_untied/mixture_weights
-moddeffn		/home/alex/repos/speech/an4/model_architecture/an4.untied.mdef
-mwfloor	1e-4	1.000000e-08
-phone			B
-psetfn			/home/alex/repos/speech/an4/model_architecture/an4.tree_questions
-ssplitmax	5	7
-ssplitmin	1	1
-ssplitthr	8e-4	0.000000e+00
-state			0
-stwt			1.0,0.05,0.0,
-treefn			/home/alex/repos/speech/an4/trees/an4.unpruned/B-0.dtree
-ts2cbfn	.semi.	.cont.
-varfloor	0.00001	1.000000e-05
-varfn			/home/alex/repos/speech/an4/model_parameters/an4.cd_cont_untied/variances

INFO: main.c(223): Reading: /home/alex/repos/speech/an4/model_architecture/an4.untied.mdef
INFO: model_def_io.c(573): Model definition info:
INFO: model_def_io.c(574): 1618 total models defined (34 base, 1584 tri)
INFO: model_def_io.c(575): 6472 total states
INFO: model_def_io.c(576): 4854 total tied states
INFO: model_def_io.c(577): 102 total tied CI states
INFO: model_def_io.c(578): 34 total tied transition matrices
INFO: model_def_io.c(579): 4 max state/model
INFO: model_def_io.c(580): 4 min state/model
INFO: main.c(242): Building trees for [B AH AH i] through [B UW IY b]
INFO: main.c(269): Covering states |[735 788]| == 54
INFO: main.c(275): Reading: /home/alex/repos/speech/an4/model_parameters/an4.cd_cont_untied/mixture_weights
INFO: s3mixw_io.c(173): Read /home/alex/repos/speech/an4/model_parameters/an4.cd_cont_untied/mixture_weights [54x1x1 array]
INFO: main.c(311): 18 of 18 models have observation count greater than 0.000010
INFO: main.c(95): nrm stwt: 0.952 0.048 0.000 
INFO: s3gau_io.c(169): Read /home/alex/repos/speech/an4/model_parameters/an4.cd_cont_untied/means [4854x1x1 array]
INFO: s3gau_io.c(169): Read /home/alex/repos/speech/an4/model_parameters/an4.cd_cont_untied/variances [4854x1x1 array]
INFO: main.c(549): Reading: /home/alex/repos/speech/an4/model_architecture/an4.tree_questions
INFO: main.c(588): 180 total simple questions (172 phone; 8 word bndry)
INFO: main.c(590): 42 Left Only questions, and 42 Right Only questions
INFO: dtree.c(1478): Final simple tree
|( QUESTION2_7_L -1 -3.957e+05 2.215e+03 1.902e+03
|    ( QUESTION0 -1 -1.393e+05 4.326e+02 7.018e+02
|        ( - -8.642e+03 1 0)
|        ( - -1.302e+05 2 0 QUESTION2_8_L -1 1.937e+02 6.598e+02))
|    ( QUESTION6 -1 -2.542e+05 1.331e+03 1.200e+03
|        ( QUESTION1 1 -9.274e+04 2.339e+03 4.317e+02
|            ( - -6.679e+04 1 0)
|            ( - -2.361e+04 4 0 QUESTION7 -1 2.958e+02 1.037e+02))
|        ( QUESTION2_6_L -1 -1.602e+05 5.507e+02 7.681e+02
|            ( QUESTION3 -1 -4.425e+04 5.022e+02 2.142e+02
|                ( - -9.520e+03 1 0)
|                ( - -3.423e+04 6 0 QUESTION2_14_L -1 2.761e+02 1.638e+02))
|            ( SILENCE -1 -1.154e+05 3.870e+02 5.539e+02
|                ( - -1.065e+05 1 0)
|                ( - -8.437e+03 2 0 WDBNDRY_B 0 2.133e+02 3.904e+01)))))
s>    ( QUESTION2_7_L -1 -3.957e+05 2.215e+03 1.902e+03
s>        ( QUESTION0 -1 -1.393e+05 4.326e+02 7.018e+02
s>            ( - -8.642e+03 1 0)
s>            ( - -1.302e+05 2 0 QUESTION2_8_L -1 1.937e+02 6.598e+02))
s>        ( QUESTION6 -1 -2.542e+05 1.331e+03 1.200e+03
s>            ( QUESTION1 1 -9.274e+04 2.339e+03 4.317e+02
s>                ( - -6.679e+04 1 0)
s>                ( - -2.361e+04 4 0 QUESTION7 -1 2.958e+02 1.037e+02))
s>            ( QUESTION2_6_L -1 -1.602e+05 5.507e+02 7.681e+02
s>                ( QUESTION3 -1 -4.425e+04 5.022e+02 2.142e+02
s>                    ( - -9.520e+03 1 0)
s>                    ( - -3.423e+04 6 0 QUESTION2_14_L -1 2.761e+02 1.638e+02))
s>                ( SILENCE -1 -1.154e+05 3.870e+02 5.539e+02
s>                    ( - -1.065e+05 1 0)
s>                    ( - -8.437e+03 2 0 WDBNDRY_B 0 2.133e+02 3.904e+01)))))INFO: dtree.c(1315): Comp split 0
INFO: dtree.c(1439): stop. leaf nodes are specific
INFO: dtree.c(1478): Final simple tree
|( QUESTION7 -1 -2.361e+04 2.958e+02 1.037e+02
|    ( WDBNDRY_B 0 -2.072e+04 3.141e+02 9.174e+01
|        ( - -1.258e+03 1 0)
|        ( - -1.915e+04 1 0))
|    ( WDBNDRY_B 0 -2.589e+03 1.993e+02 1.200e+01
|        ( - -7.269e+02 1 0)
|        ( - -1.662e+03 1 0)))
s>    ( QUESTION7 -1 -2.361e+04 2.958e+02 1.037e+02
s>        ( WDBNDRY_B 0 -2.072e+04 3.141e+02 9.174e+01
s>            ( - -1.258e+03 1 0)
s>            ( - -1.915e+04 1 0))
s>        ( WDBNDRY_B 0 -2.589e+03 1.993e+02 1.200e+01
s>            ( - -7.269e+02 1 0)
s>            ( - -1.662e+03 1 0)))INFO: dtree.c(1478): Final simple tree
|( QUESTION2_7_L -1 -3.686e+05 1.592e+03 1.798e+03
|    ( QUESTION0 -1 -1.393e+05 4.326e+02 7.018e+02
|        ( - -8.642e+03 1 0)
|        ( - -1.302e+05 2 0 QUESTION2_8_L -1 1.937e+02 6.598e+02))
|    ( QUESTION1 -1 -2.277e+05 8.781e+02 1.096e+03
|        ( QUESTION2_18_L -1 -8.343e+04 5.005e+02 4.114e+02
|            ( - -9.520e+03 1 0)
|            ( - -7.341e+04 2 0 WDBNDRY_B 0 2.198e+02 3.609e+02))
|        ( SILENCE -1 -1.434e+05 4.623e+02 6.846e+02
|            ( - -1.065e+05 1 0)
|            ( QUESTION2_0_L -1 -3.641e+04 3.815e+02 1.698e+02
|                ( - -8.437e+03 2 0 WDBNDRY_B 0 2.133e+02 3.904e+01)
|                ( QUESTION2_14_L -1 -2.760e+04 2.630e+02 1.307e+02
|                    ( - -1.308e+04 2 0)
|                    ( - -1.426e+04 3 0 WDBNDRY_B 0 1.442e+02 6.867e+01))))))
s>    ( QUESTION2_7_L -1 -3.686e+05 1.592e+03 1.798e+03
s>        ( QUESTION0 -1 -1.393e+05 4.326e+02 7.018e+02
s>            ( - -8.642e+03 1 0)
s>            ( - -1.302e+05 2 0 QUESTION2_8_L -1 1.937e+02 6.598e+02))
s>        ( QUESTION1 -1 -2.277e+05 8.781e+02 1.096e+03
s>            ( QUESTION2_18_L -1 -8.343e+04 5.005e+02 4.114e+02
s>                ( - -9.520e+03 1 0)
s>                ( - -7.341e+04 2 0 WDBNDRY_B 0 2.198e+02 3.609e+02))
s>            ( SILENCE -1 -1.434e+05 4.623e+02 6.846e+02
s>                ( - -1.065e+05 1 0)
s>                ( QUESTION2_0_L -1 -3.641e+04 3.815e+02 1.698e+02
s>                    ( - -8.437e+03 2 0 WDBNDRY_B 0 2.133e+02 3.904e+01)
s>                    ( QUESTION2_14_L -1 -2.760e+04 2.630e+02 1.307e+02
s>                        ( - -1.308e+04 2 0)
s>                        ( - -1.426e+04 3 0 WDBNDRY_B 0 1.442e+02 6.867e+01))))))INFO: dtree.c(1315): Comp split 1
INFO: dtree.c(1439): stop. leaf nodes are specific
INFO: dtree.c(1478): Final simple tree
|( QUESTION0 -1 -1.401e+05 3.535e+02 7.103e+02
|    ( - -9.520e+03 1 0)
|    ( QUESTION2_8_L -1 -1.302e+05 1.937e+02 6.598e+02
|        ( - -5.038e+03 1 0)
|        ( - -1.250e+05 1 0)))
s>    ( QUESTION0 -1 -1.401e+05 3.535e+02 7.103e+02
s>        ( - -9.520e+03 1 0)
s>        ( QUESTION2_8_L -1 -1.302e+05 1.937e+02 6.598e+02
s>            ( - -5.038e+03 1 0)
s>            ( - -1.250e+05 1 0)))INFO: dtree.c(1478): Final simple tree
|( QUESTION1 -1 -2.266e+05 8.359e+02 1.088e+03
|    ( WDBNDRY_B 0 -7.341e+04 2.198e+02 3.609e+02
|        ( - -6.396e+03 1 0)
|        ( - -6.679e+04 1 0))
|    ( SILENCE -1 -1.523e+05 5.011e+02 7.267e+02
|        ( - -1.065e+05 1 0)
|        ( QUESTION2_0_L -1 -4.527e+04 3.847e+02 2.119e+02
|            ( WDBNDRY_B 0 -8.437e+03 2.133e+02 3.904e+01
|                ( - -7.627e+03 1 0)
|                ( - -5.966e+02 1 0))
|            ( QUESTION2_14_L -1 -3.645e+04 2.775e+02 1.728e+02
|                ( - -1.308e+04 2 0)
|                ( QUESTION0 -1 -2.309e+04 1.946e+02 1.107e+02
|                    ( - -8.642e+03 1 0)
|                    ( - -1.426e+04 3 0 WDBNDRY_B 0 1.442e+02 6.867e+01))))))
s>    ( QUESTION1 -1 -2.266e+05 8.359e+02 1.088e+03
s>        ( WDBNDRY_B 0 -7.341e+04 2.198e+02 3.609e+02
s>            ( - -6.396e+03 1 0)
s>            ( - -6.679e+04 1 0))
s>        ( SILENCE -1 -1.523e+05 5.011e+02 7.267e+02
s>            ( - -1.065e+05 1 0)
s>            ( QUESTION2_0_L -1 -4.527e+04 3.847e+02 2.119e+02
s>                ( WDBNDRY_B 0 -8.437e+03 2.133e+02 3.904e+01
s>                    ( - -7.627e+03 1 0)
s>                    ( - -5.966e+02 1 0))
s>                ( QUESTION2_14_L -1 -3.645e+04 2.775e+02 1.728e+02
s>                    ( - -1.308e+04 2 0)
s>                    ( QUESTION0 -1 -2.309e+04 1.946e+02 1.107e+02
s>                        ( - -8.642e+03 1 0)
s>                        ( - -1.426e+04 3 0 WDBNDRY_B 0 1.442e+02 6.867e+01))))))INFO: dtree.c(1315): Comp split 2
INFO: dtree.c(1439): stop. leaf nodes are specific
INFO: dtree.c(1478): Final simple tree
|( QUESTION1 -1 -1.103e+05 4.437e+02 5.337e+02
|    ( WDBNDRY_B 0 -7.341e+04 2.198e+02 3.609e+02
|        ( - -6.396e+03 1 0)
|        ( - -6.679e+04 1 0))
|    ( QUESTION2_14_L -1 -3.645e+04 2.775e+02 1.728e+02
|        ( - -1.308e+04 2 0)
|        ( QUESTION0 -1 -2.309e+04 1.946e+02 1.107e+02
|            ( - -8.642e+03 1 0)
|            ( WDBNDRY_B 0 -1.426e+04 1.442e+02 6.867e+01
|                ( - -1.055e+04 2 0)
|                ( - -3.566e+03 1 0)))))
s>    ( QUESTION1 -1 -1.103e+05 4.437e+02 5.337e+02
s>        ( WDBNDRY_B 0 -7.341e+04 2.198e+02 3.609e+02
s>            ( - -6.396e+03 1 0)
s>            ( - -6.679e+04 1 0))
s>        ( QUESTION2_14_L -1 -3.645e+04 2.775e+02 1.728e+02
s>            ( - -1.308e+04 2 0)
s>            ( QUESTION0 -1 -2.309e+04 1.946e+02 1.107e+02
s>                ( - -8.642e+03 1 0)
s>                ( WDBNDRY_B 0 -1.426e+04 1.442e+02 6.867e+01
s>                    ( - -1.055e+04 2 0)
s>                    ( - -3.566e+03 1 0)))))INFO: dtree.c(1439): stop. leaf nodes are specific
INFO: dtree.c(1478): Final simple tree
|( SILENCE -1 -1.154e+05 3.870e+02 5.539e+02
|    ( - -1.065e+05 1 0)
|    ( WDBNDRY_B 0 -8.437e+03 2.133e+02 3.904e+01
|        ( - -7.627e+03 1 0)
|        ( - -5.966e+02 1 0)))
s>    ( SILENCE -1 -1.154e+05 3.870e+02 5.539e+02
s>        ( - -1.065e+05 1 0)
s>        ( WDBNDRY_B 0 -8.437e+03 2.133e+02 3.904e+01
s>            ( - -7.627e+03 1 0)
s>            ( - -5.966e+02 1 0)))INFO: dtree.c(1315): Comp split 3
INFO: dtree.c(1439): stop. leaf nodes are specific
INFO: dtree.c(1478): Final simple tree
|( QUESTION2_14_L -1 -3.645e+04 2.775e+02 1.728e+02
|    ( - -1.308e+04 2 0)
|    ( QUESTION0 -1 -2.309e+04 1.946e+02 1.107e+02
|        ( - -8.642e+03 1 0)
|        ( WDBNDRY_B 0 -1.426e+04 1.442e+02 6.867e+01
|            ( - -1.055e+04 2 0)
|            ( - -3.566e+03 1 0))))
s>    ( QUESTION2_14_L -1 -3.645e+04 2.775e+02 1.728e+02
s>        ( - -1.308e+04 2 0)
s>        ( QUESTION0 -1 -2.309e+04 1.946e+02 1.107e+02
s>            ( - -8.642e+03 1 0)
s>            ( WDBNDRY_B 0 -1.426e+04 1.442e+02 6.867e+01
s>                ( - -1.055e+04 2 0)
s>                ( - -3.566e+03 1 0))))INFO: dtree.c(1439): stop. leaf nodes are specific
INFO: dtree.c(1478): Final simple tree
|( WDBNDRY_B 0 -7.341e+04 2.198e+02 3.609e+02
|    ( - -6.396e+03 1 0)
|    ( - -6.679e+04 1 0))
s>    ( WDBNDRY_B 0 -7.341e+04 2.198e+02 3.609e+02
s>        ( - -6.396e+03 1 0)
s>        ( - -6.679e+04 1 0))INFO: dtree.c(1315): Comp split 4
INFO: dtree.c(1439): stop. leaf nodes are specific
INFO: dtree.c(1478): Final simple tree
|( WDBNDRY_B 0 -8.437e+03 2.133e+02 3.904e+01
|    ( - -7.627e+03 1 0)
|    ( - -5.966e+02 1 0))
s>    ( WDBNDRY_B 0 -8.437e+03 2.133e+02 3.904e+01
s>        ( - -7.627e+03 1 0)
s>        ( - -5.966e+02 1 0))INFO: dtree.c(1315): Comp split 5
INFO: dtree.c(1439): stop. leaf nodes are specific
INFO: dtree.c(1478): Final simple tree
|( QUESTION7 -1 -4.075e+03 2.283e+02 1.750e+01
|    ( - -1.258e+03 1 0)
|    ( WDBNDRY_B 0 -2.589e+03 1.993e+02 1.200e+01
|        ( - -7.269e+02 1 0)
|        ( - -1.662e+03 1 0)))
s>    ( QUESTION7 -1 -4.075e+03 2.283e+02 1.750e+01
s>        ( - -1.258e+03 1 0)
s>        ( WDBNDRY_B 0 -2.589e+03 1.993e+02 1.200e+01
s>            ( - -7.269e+02 1 0)
s>            ( - -1.662e+03 1 0)))INFO: dtree.c(1315): Comp split 6
INFO: dtree.c(1439): stop. leaf nodes are specific
INFO: dtree.c(1478): Final simple tree
|( QUESTION2_8_L -1 -1.302e+05 1.937e+02 6.598e+02
|    ( - -5.038e+03 1 0)
|    ( - -1.250e+05 1 0))
s>    ( QUESTION2_8_L -1 -1.302e+05 1.937e+02 6.598e+02
s>        ( - -5.038e+03 1 0)
s>        ( - -1.250e+05 1 0))INFO: dtree.c(1315): Comp split 7
INFO: dtree.c(1439): stop. leaf nodes are specific
INFO: dtree.c(1478): Final simple tree
|( QUESTION0 -1 -2.309e+04 1.946e+02 1.107e+02
|    ( - -8.642e+03 1 0)
|    ( WDBNDRY_B 0 -1.426e+04 1.442e+02 6.867e+01
|        ( - -1.055e+04 2 0)
|        ( - -3.566e+03 1 0)))
s>    ( QUESTION0 -1 -2.309e+04 1.946e+02 1.107e+02
s>        ( - -8.642e+03 1 0)
s>        ( WDBNDRY_B 0 -1.426e+04 1.442e+02 6.867e+01
s>            ( - -1.055e+04 2 0)
s>            ( - -3.566e+03 1 0)))INFO: dtree.c(1315): Comp split 8
INFO: dtree.c(1439): stop. leaf nodes are specific
INFO: dtree.c(1478): Final simple tree
|( WDBNDRY_B 0 -2.589e+03 1.993e+02 1.200e+01
|    ( - -7.269e+02 1 0)
|    ( - -1.662e+03 1 0))
s>    ( WDBNDRY_B 0 -2.589e+03 1.993e+02 1.200e+01
s>        ( - -7.269e+02 1 0)
s>        ( - -1.662e+03 1 0))INFO: dtree.c(1315): Comp split 9
INFO: dtree.c(1315): Comp split 10
INFO: dtree.c(1315): Comp split 11
INFO: dtree.c(1315): Comp split 12
INFO: dtree.c(1439): stop. leaf nodes are specific
INFO: dtree.c(1478): Final simple tree
|( WDBNDRY_B 0 -1.426e+04 1.442e+02 6.867e+01
|    ( - -1.055e+04 2 0)
|    ( - -3.566e+03 1 0))
s>    ( WDBNDRY_B 0 -1.426e+04 1.442e+02 6.867e+01
s>        ( - -1.055e+04 2 0)
s>        ( - -3.566e+03 1 0))INFO: dtree.c(1315): Comp split 13
INFO: dtree.c(1315): Comp split 14
INFO: dtree.c(1315): Comp split 15
INFO: dtree.c(1318): stop. leaf nodes are specific
Wed Dec 20 23:52:15 2017
