Current configuration:
[NAME]		[DEFLT]	[VALUE]
-allphones	no	no
-cntthresh	0.00001	1.000000e-05
-csplitmax	100	2000
-csplitmin	1	1
-csplitthr	8e-4	0.000000e+00
-example	no	no
-fullvar	no	no
-help		no	no
-meanfn			/home/alex/repos/speech/an4/model_parameters/an4.cd_cont_untied/means
-mixwfn			/home/alex/repos/speech/an4/model_parameters/an4.cd_cont_untied/mixture_weights
-moddeffn		/home/alex/repos/speech/an4/model_architecture/an4.untied.mdef
-mwfloor	1e-4	1.000000e-08
-phone			IH
-psetfn			/home/alex/repos/speech/an4/model_architecture/an4.tree_questions
-ssplitmax	5	7
-ssplitmin	1	1
-ssplitthr	8e-4	0.000000e+00
-state			1
-stwt			1.0,0.05,0.0,
-treefn			/home/alex/repos/speech/an4/trees/an4.unpruned/IH-1.dtree
-ts2cbfn	.semi.	.cont.
-varfloor	0.00001	1.000000e-05
-varfn			/home/alex/repos/speech/an4/model_parameters/an4.cd_cont_untied/variances

INFO: main.c(223): Reading: /home/alex/repos/speech/an4/model_architecture/an4.untied.mdef
INFO: model_def_io.c(573): Model definition info:
INFO: model_def_io.c(574): 1618 total models defined (34 base, 1584 tri)
INFO: model_def_io.c(575): 6472 total states
INFO: model_def_io.c(576): 4854 total tied states
INFO: model_def_io.c(577): 102 total tied CI states
INFO: model_def_io.c(578): 34 total tied transition matrices
INFO: model_def_io.c(579): 4 max state/model
INFO: model_def_io.c(580): 4 min state/model
INFO: main.c(242): Building trees for [IH D S i] through [IH Z R i]
INFO: main.c(269): Covering states |[1809 1835]| == 27
INFO: main.c(275): Reading: /home/alex/repos/speech/an4/model_parameters/an4.cd_cont_untied/mixture_weights
INFO: s3mixw_io.c(173): Read /home/alex/repos/speech/an4/model_parameters/an4.cd_cont_untied/mixture_weights [27x1x1 array]
INFO: main.c(311): 9 of 9 models have observation count greater than 0.000010
INFO: main.c(95): nrm stwt: 0.045 0.909 0.045 
INFO: s3gau_io.c(169): Read /home/alex/repos/speech/an4/model_parameters/an4.cd_cont_untied/means [4854x1x1 array]
INFO: s3gau_io.c(169): Read /home/alex/repos/speech/an4/model_parameters/an4.cd_cont_untied/variances [4854x1x1 array]
INFO: main.c(549): Reading: /home/alex/repos/speech/an4/model_architecture/an4.tree_questions
INFO: main.c(588): 180 total simple questions (172 phone; 8 word bndry)
INFO: main.c(590): 42 Left Only questions, and 42 Right Only questions
INFO: dtree.c(1478): Final simple tree
|( QUESTION20 -1 -2.079e+05 2.969e+03 8.907e+02
|    ( WDBNDRY_B 0 -1.321e+05 4.672e+02 5.816e+02
|        ( - 9.014e+01 1 0)
|        ( QUESTION0_0_R 1 -1.317e+05 4.597e+02 5.806e+02
|            ( - -1.906e+04 1 0)
|            ( - -1.122e+05 1 0)))
|    ( QUESTION17 -1 -7.286e+04 8.511e+02 3.091e+02
|        ( - -2.665e+04 1 0)
|        ( QUESTION0_1_R 1 -4.536e+04 4.554e+02 1.841e+02
|            ( - 2.181e+02 1 0)
|            ( QUESTION0_18_R 1 -4.513e+04 3.132e+02 1.831e+02
|                ( - -3.806e+04 1 0)
|                ( SILENCE -1 -6.756e+03 1.594e+02 2.568e+01
|                    ( - -6.900e+02 1 0)
|                    ( - -5.906e+03 2 0 WDBNDRY_B 0 1.311e+02 2.368e+01))))))
s>    ( QUESTION20 -1 -2.079e+05 2.969e+03 8.907e+02
s>        ( WDBNDRY_B 0 -1.321e+05 4.672e+02 5.816e+02
s>            ( - 9.014e+01 1 0)
s>            ( QUESTION0_0_R 1 -1.317e+05 4.597e+02 5.806e+02
s>                ( - -1.906e+04 1 0)
s>                ( - -1.122e+05 1 0)))
s>        ( QUESTION17 -1 -7.286e+04 8.511e+02 3.091e+02
s>            ( - -2.665e+04 1 0)
s>            ( QUESTION0_1_R 1 -4.536e+04 4.554e+02 1.841e+02
s>                ( - 2.181e+02 1 0)
s>                ( QUESTION0_18_R 1 -4.513e+04 3.132e+02 1.831e+02
s>                    ( - -3.806e+04 1 0)
s>                    ( SILENCE -1 -6.756e+03 1.594e+02 2.568e+01
s>                        ( - -6.900e+02 1 0)
s>                        ( - -5.906e+03 2 0 WDBNDRY_B 0 1.311e+02 2.368e+01))))))INFO: dtree.c(1315): Comp split 0
INFO: dtree.c(1439): stop. leaf nodes are specific
INFO: dtree.c(1478): Final simple tree
|( QUESTION0_0_R 1 -1.317e+05 4.597e+02 5.806e+02
|    ( - -1.906e+04 1 0)
|    ( - -1.122e+05 1 0))
s>    ( QUESTION0_0_R 1 -1.317e+05 4.597e+02 5.806e+02
s>        ( - -1.906e+04 1 0)
s>        ( - -1.122e+05 1 0))INFO: dtree.c(1439): stop. leaf nodes are specific
INFO: dtree.c(1478): Final simple tree
|( QUESTION17 -1 -7.323e+04 8.522e+02 3.101e+02
|    ( - -2.665e+04 1 0)
|    ( QUESTION20 -1 -4.573e+04 4.555e+02 1.851e+02
|        ( - 9.014e+01 1 0)
|        ( QUESTION0_1_R 1 -4.536e+04 4.554e+02 1.841e+02
|            ( - 2.181e+02 1 0)
|            ( QUESTION0_18_R 1 -4.513e+04 3.132e+02 1.831e+02
|                ( - -3.806e+04 1 0)
|                ( SILENCE -1 -6.756e+03 1.594e+02 2.568e+01
|                    ( - -6.900e+02 1 0)
|                    ( WDBNDRY_B 0 -5.906e+03 1.311e+02 2.368e+01
|                        ( - -7.840e+02 1 0)
|                        ( - -4.991e+03 1 0)))))))
s>    ( QUESTION17 -1 -7.323e+04 8.522e+02 3.101e+02
s>        ( - -2.665e+04 1 0)
s>        ( QUESTION20 -1 -4.573e+04 4.555e+02 1.851e+02
s>            ( - 9.014e+01 1 0)
s>            ( QUESTION0_1_R 1 -4.536e+04 4.554e+02 1.841e+02
s>                ( - 2.181e+02 1 0)
s>                ( QUESTION0_18_R 1 -4.513e+04 3.132e+02 1.831e+02
s>                    ( - -3.806e+04 1 0)
s>                    ( SILENCE -1 -6.756e+03 1.594e+02 2.568e+01
s>                        ( - -6.900e+02 1 0)
s>                        ( WDBNDRY_B 0 -5.906e+03 1.311e+02 2.368e+01
s>                            ( - -7.840e+02 1 0)
s>                            ( - -4.991e+03 1 0)))))))INFO: dtree.c(1315): Comp split 1
INFO: dtree.c(1439): stop. leaf nodes are specific
INFO: dtree.c(1478): Final simple tree
|( QUESTION20 -1 -4.573e+04 4.555e+02 1.851e+02
|    ( - 9.014e+01 1 0)
|    ( QUESTION0_1_R 1 -4.536e+04 4.554e+02 1.841e+02
|        ( - 2.181e+02 1 0)
|        ( QUESTION0_18_R 1 -4.513e+04 3.132e+02 1.831e+02
|            ( - -3.806e+04 1 0)
|            ( SILENCE -1 -6.756e+03 1.594e+02 2.568e+01
|                ( - -6.900e+02 1 0)
|                ( WDBNDRY_B 0 -5.906e+03 1.311e+02 2.368e+01
|                    ( - -7.840e+02 1 0)
|                    ( - -4.991e+03 1 0))))))
s>    ( QUESTION20 -1 -4.573e+04 4.555e+02 1.851e+02
s>        ( - 9.014e+01 1 0)
s>        ( QUESTION0_1_R 1 -4.536e+04 4.554e+02 1.841e+02
s>            ( - 2.181e+02 1 0)
s>            ( QUESTION0_18_R 1 -4.513e+04 3.132e+02 1.831e+02
s>                ( - -3.806e+04 1 0)
s>                ( SILENCE -1 -6.756e+03 1.594e+02 2.568e+01
s>                    ( - -6.900e+02 1 0)
s>                    ( WDBNDRY_B 0 -5.906e+03 1.311e+02 2.368e+01
s>                        ( - -7.840e+02 1 0)
s>                        ( - -4.991e+03 1 0))))))INFO: dtree.c(1315): Comp split 2
INFO: dtree.c(1315): Comp split 3
INFO: dtree.c(1439): stop. leaf nodes are specific
INFO: dtree.c(1478): Final simple tree
|( QUESTION0_1_R 1 -4.536e+04 4.554e+02 1.841e+02
|    ( - 2.181e+02 1 0)
|    ( QUESTION0_18_R 1 -4.513e+04 3.132e+02 1.831e+02
|        ( - -3.806e+04 1 0)
|        ( SILENCE -1 -6.756e+03 1.594e+02 2.568e+01
|            ( - -6.900e+02 1 0)
|            ( WDBNDRY_B 0 -5.906e+03 1.311e+02 2.368e+01
|                ( - -7.840e+02 1 0)
|                ( - -4.991e+03 1 0)))))
s>    ( QUESTION0_1_R 1 -4.536e+04 4.554e+02 1.841e+02
s>        ( - 2.181e+02 1 0)
s>        ( QUESTION0_18_R 1 -4.513e+04 3.132e+02 1.831e+02
s>            ( - -3.806e+04 1 0)
s>            ( SILENCE -1 -6.756e+03 1.594e+02 2.568e+01
s>                ( - -6.900e+02 1 0)
s>                ( WDBNDRY_B 0 -5.906e+03 1.311e+02 2.368e+01
s>                    ( - -7.840e+02 1 0)
s>                    ( - -4.991e+03 1 0)))))INFO: dtree.c(1315): Comp split 4
INFO: dtree.c(1439): stop. leaf nodes are specific
INFO: dtree.c(1478): Final simple tree
|( QUESTION0_18_R 1 -4.513e+04 3.132e+02 1.831e+02
|    ( - -3.806e+04 1 0)
|    ( SILENCE -1 -6.756e+03 1.594e+02 2.568e+01
|        ( - -6.900e+02 1 0)
|        ( WDBNDRY_B 0 -5.906e+03 1.311e+02 2.368e+01
|            ( - -7.840e+02 1 0)
|            ( - -4.991e+03 1 0))))
s>    ( QUESTION0_18_R 1 -4.513e+04 3.132e+02 1.831e+02
s>        ( - -3.806e+04 1 0)
s>        ( SILENCE -1 -6.756e+03 1.594e+02 2.568e+01
s>            ( - -6.900e+02 1 0)
s>            ( WDBNDRY_B 0 -5.906e+03 1.311e+02 2.368e+01
s>                ( - -7.840e+02 1 0)
s>                ( - -4.991e+03 1 0))))INFO: dtree.c(1315): Comp split 5
INFO: dtree.c(1439): stop. leaf nodes are specific
INFO: dtree.c(1478): Final simple tree
|( SILENCE -1 -6.756e+03 1.594e+02 2.568e+01
|    ( - -6.900e+02 1 0)
|    ( WDBNDRY_B 0 -5.906e+03 1.311e+02 2.368e+01
|        ( - -7.840e+02 1 0)
|        ( - -4.991e+03 1 0)))
s>    ( SILENCE -1 -6.756e+03 1.594e+02 2.568e+01
s>        ( - -6.900e+02 1 0)
s>        ( WDBNDRY_B 0 -5.906e+03 1.311e+02 2.368e+01
s>            ( - -7.840e+02 1 0)
s>            ( - -4.991e+03 1 0)))INFO: dtree.c(1315): Comp split 6
INFO: dtree.c(1439): stop. leaf nodes are specific
INFO: dtree.c(1478): Final simple tree
|( WDBNDRY_B 0 -5.906e+03 1.311e+02 2.368e+01
|    ( - -7.840e+02 1 0)
|    ( - -4.991e+03 1 0))
s>    ( WDBNDRY_B 0 -5.906e+03 1.311e+02 2.368e+01
s>        ( - -7.840e+02 1 0)
s>        ( - -4.991e+03 1 0))INFO: dtree.c(1315): Comp split 7
INFO: dtree.c(1315): Comp split 8
INFO: dtree.c(1318): stop. leaf nodes are specific
Wed Dec 20 23:52:18 2017
