Current configuration:
[NAME]		[DEFLT]	[VALUE]
-allphones	no	no
-cntthresh	0.00001	1.000000e-05
-csplitmax	100	2000
-csplitmin	1	1
-csplitthr	8e-4	0.000000e+00
-example	no	no
-fullvar	no	no
-help		no	no
-meanfn			/home/alex/repos/speech/an4/model_parameters/an4.cd_cont_untied/means
-mixwfn			/home/alex/repos/speech/an4/model_parameters/an4.cd_cont_untied/mixture_weights
-moddeffn		/home/alex/repos/speech/an4/model_architecture/an4.untied.mdef
-mwfloor	1e-4	1.000000e-08
-phone			D
-psetfn			/home/alex/repos/speech/an4/model_architecture/an4.tree_questions
-ssplitmax	5	7
-ssplitmin	1	1
-ssplitthr	8e-4	0.000000e+00
-state			1
-stwt			1.0,0.05,0.0,
-treefn			/home/alex/repos/speech/an4/trees/an4.unpruned/D-1.dtree
-ts2cbfn	.semi.	.cont.
-varfloor	0.00001	1.000000e-05
-varfn			/home/alex/repos/speech/an4/model_parameters/an4.cd_cont_untied/variances

INFO: main.c(223): Reading: /home/alex/repos/speech/an4/model_architecture/an4.untied.mdef
INFO: model_def_io.c(573): Model definition info:
INFO: model_def_io.c(574): 1618 total models defined (34 base, 1584 tri)
INFO: model_def_io.c(575): 6472 total states
INFO: model_def_io.c(576): 4854 total tied states
INFO: model_def_io.c(577): 102 total tied CI states
INFO: model_def_io.c(578): 34 total tied transition matrices
INFO: model_def_io.c(579): 4 max state/model
INFO: model_def_io.c(580): 4 min state/model
INFO: main.c(242): Building trees for [D AH AH b] through [D UW IY b]
INFO: main.c(269): Covering states |[861 977]| == 117
INFO: main.c(275): Reading: /home/alex/repos/speech/an4/model_parameters/an4.cd_cont_untied/mixture_weights
INFO: s3mixw_io.c(173): Read /home/alex/repos/speech/an4/model_parameters/an4.cd_cont_untied/mixture_weights [117x1x1 array]
INFO: main.c(311): 39 of 39 models have observation count greater than 0.000010
INFO: main.c(95): nrm stwt: 0.045 0.909 0.045 
INFO: s3gau_io.c(169): Read /home/alex/repos/speech/an4/model_parameters/an4.cd_cont_untied/means [4854x1x1 array]
INFO: s3gau_io.c(169): Read /home/alex/repos/speech/an4/model_parameters/an4.cd_cont_untied/variances [4854x1x1 array]
INFO: main.c(549): Reading: /home/alex/repos/speech/an4/model_architecture/an4.tree_questions
INFO: main.c(588): 180 total simple questions (172 phone; 8 word bndry)
INFO: main.c(590): 42 Left Only questions, and 42 Right Only questions
INFO: dtree.c(1478): Final simple tree
|( QUESTION10 -1 -1.570e+05 1.229e+03 6.491e+02
|    ( WDBNDRY_E 0 -2.214e+04 3.446e+02 9.412e+01
|        ( - -9.685e+03 6 0 QUESTION20 1 1.492e+02 4.244e+01)
|        ( - -1.211e+04 1 0))
|    ( QUESTION15 -1 -1.336e+05 4.806e+02 5.550e+02
|        ( - 2.419e+02 1 0)
|        ( QUESTION0_2_R 1 -1.334e+05 4.796e+02 5.540e+02
|            ( - 2.419e+02 1 0)
|            ( QUESTION0_20_R 1 -1.331e+05 4.256e+02 5.530e+02
|                ( QUESTION2_15_L -1 -1.005e+05 3.642e+02 4.189e+02
|                    ( - -4.447e+04 7 0 QUESTION0 -1 2.213e+02 1.899e+02)
|                    ( QUESTION2_0_L -1 -5.566e+04 2.726e+02 2.290e+02
|                        ( - -2.724e+04 2 0 QUESTION0 -1 1.491e+02 1.195e+02)
|                        ( - -2.815e+04 6 0 QUESTION2_13_L -1 1.726e+02 1.095e+02)))
|                ( - -3.222e+04 15 0 QUESTION2_14_L -1 2.228e+02 1.341e+02)))))
s>    ( QUESTION10 -1 -1.570e+05 1.229e+03 6.491e+02
s>        ( WDBNDRY_E 0 -2.214e+04 3.446e+02 9.412e+01
s>            ( - -9.685e+03 6 0 QUESTION20 1 1.492e+02 4.244e+01)
s>            ( - -1.211e+04 1 0))
s>        ( QUESTION15 -1 -1.336e+05 4.806e+02 5.550e+02
s>            ( - 2.419e+02 1 0)
s>            ( QUESTION0_2_R 1 -1.334e+05 4.796e+02 5.540e+02
s>                ( - 2.419e+02 1 0)
s>                ( QUESTION0_20_R 1 -1.331e+05 4.256e+02 5.530e+02
s>                    ( QUESTION2_15_L -1 -1.005e+05 3.642e+02 4.189e+02
s>                        ( - -4.447e+04 7 0 QUESTION0 -1 2.213e+02 1.899e+02)
s>                        ( QUESTION2_0_L -1 -5.566e+04 2.726e+02 2.290e+02
s>                            ( - -2.724e+04 2 0 QUESTION0 -1 1.491e+02 1.195e+02)
s>                            ( - -2.815e+04 6 0 QUESTION2_13_L -1 1.726e+02 1.095e+02)))
s>                    ( - -3.222e+04 15 0 QUESTION2_14_L -1 2.228e+02 1.341e+02)))))INFO: dtree.c(1315): Comp split 0
INFO: dtree.c(1478): Final simple tree
|( QUESTION15 -1 -1.336e+05 4.806e+02 5.550e+02
|    ( - 2.419e+02 1 0)
|    ( QUESTION0_2_R 1 -1.334e+05 4.796e+02 5.540e+02
|        ( - 2.419e+02 1 0)
|        ( QUESTION0_20_R 1 -1.331e+05 4.256e+02 5.530e+02
|            ( QUESTION2_15_L -1 -1.005e+05 3.642e+02 4.189e+02
|                ( QUESTION0 -1 -4.447e+04 2.213e+02 1.899e+02
|                    ( - -1.797e+04 4 0 QUESTION2_18_L -1 1.678e+02 7.425e+01)
|                    ( - -2.628e+04 3 0))
|                ( QUESTION2_0_L -1 -5.566e+04 2.726e+02 2.290e+02
|                    ( - -2.724e+04 2 0 QUESTION0 -1 1.491e+02 1.195e+02)
|                    ( - -2.815e+04 6 0 QUESTION2_13_L -1 1.726e+02 1.095e+02)))
|            ( QUESTION2_14_L -1 -3.222e+04 2.228e+02 1.341e+02
|                ( - -1.175e+04 2 0)
|                ( - -2.025e+04 13 0 QUESTION3 -1 1.938e+02 8.400e+01)))))
s>    ( QUESTION15 -1 -1.336e+05 4.806e+02 5.550e+02
s>        ( - 2.419e+02 1 0)
s>        ( QUESTION0_2_R 1 -1.334e+05 4.796e+02 5.540e+02
s>            ( - 2.419e+02 1 0)
s>            ( QUESTION0_20_R 1 -1.331e+05 4.256e+02 5.530e+02
s>                ( QUESTION2_15_L -1 -1.005e+05 3.642e+02 4.189e+02
s>                    ( QUESTION0 -1 -4.447e+04 2.213e+02 1.899e+02
s>                        ( - -1.797e+04 4 0 QUESTION2_18_L -1 1.678e+02 7.425e+01)
s>                        ( - -2.628e+04 3 0))
s>                    ( QUESTION2_0_L -1 -5.566e+04 2.726e+02 2.290e+02
s>                        ( - -2.724e+04 2 0 QUESTION0 -1 1.491e+02 1.195e+02)
s>                        ( - -2.815e+04 6 0 QUESTION2_13_L -1 1.726e+02 1.095e+02)))
s>                ( QUESTION2_14_L -1 -3.222e+04 2.228e+02 1.341e+02
s>                    ( - -1.175e+04 2 0)
s>                    ( - -2.025e+04 13 0 QUESTION3 -1 1.938e+02 8.400e+01)))))INFO: dtree.c(1439): stop. leaf nodes are specific
INFO: dtree.c(1478): Final simple tree
|( WDBNDRY_E 0 -2.214e+04 3.446e+02 9.412e+01
|    ( QUESTION20 1 -9.685e+03 1.492e+02 4.244e+01
|        ( QUESTION0_0_R 1 -2.096e+03 1.294e+02 1.000e+01
|            ( - -7.455e+02 1 0)
|            ( - -1.221e+03 1 0))
|        ( QUESTION0_15_R 1 -7.440e+03 1.412e+02 3.244e+01
|            ( - -2.882e+03 1 0)
|            ( QUESTION0_0_R 1 -4.417e+03 1.444e+02 1.900e+01
|                ( - -5.072e+02 1 0)
|                ( SILENCE 1 -3.765e+03 1.216e+02 1.600e+01
|                    ( - -1.926e+03 1 0)
|                    ( - -1.717e+03 1 0)))))
|    ( - -1.211e+04 1 0))
s>    ( WDBNDRY_E 0 -2.214e+04 3.446e+02 9.412e+01
s>        ( QUESTION20 1 -9.685e+03 1.492e+02 4.244e+01
s>            ( QUESTION0_0_R 1 -2.096e+03 1.294e+02 1.000e+01
s>                ( - -7.455e+02 1 0)
s>                ( - -1.221e+03 1 0))
s>            ( QUESTION0_15_R 1 -7.440e+03 1.412e+02 3.244e+01
s>                ( - -2.882e+03 1 0)
s>                ( QUESTION0_0_R 1 -4.417e+03 1.444e+02 1.900e+01
s>                    ( - -5.072e+02 1 0)
s>                    ( SILENCE 1 -3.765e+03 1.216e+02 1.600e+01
s>                        ( - -1.926e+03 1 0)
s>                        ( - -1.717e+03 1 0)))))
s>        ( - -1.211e+04 1 0))INFO: dtree.c(1315): Comp split 1
INFO: dtree.c(1478): Final simple tree
|( QUESTION2_15_L -1 -7.391e+04 2.795e+02 3.033e+02
|    ( QUESTION2_18_L -1 -1.797e+04 1.678e+02 7.425e+01
|        ( - -6.083e+03 1 0)
|        ( - -1.172e+04 3 0 QUESTION2 -1 1.128e+02 4.811e+01))
|    ( QUESTION2_0_L -1 -5.566e+04 2.726e+02 2.290e+02
|        ( QUESTION0 -1 -2.724e+04 1.491e+02 1.195e+02
|            ( - -1.707e+04 1 0)
|            ( - -1.002e+04 1 0))
|        ( QUESTION2_13_L -1 -2.815e+04 1.726e+02 1.095e+02
|            ( - -1.661e+04 2 0)
|            ( QUESTION0 -1 -1.136e+04 1.606e+02 3.914e+01
|                ( - -8.373e+02 1 0)
|                ( QUESTION0 1 -1.036e+04 1.412e+02 3.614e+01
|                    ( - -6.290e+02 1 0)
|                    ( - -9.593e+03 2 0 SILENCE -1 1.072e+02 3.314e+01))))))
s>    ( QUESTION2_15_L -1 -7.391e+04 2.795e+02 3.033e+02
s>        ( QUESTION2_18_L -1 -1.797e+04 1.678e+02 7.425e+01
s>            ( - -6.083e+03 1 0)
s>            ( - -1.172e+04 3 0 QUESTION2 -1 1.128e+02 4.811e+01))
s>        ( QUESTION2_0_L -1 -5.566e+04 2.726e+02 2.290e+02
s>            ( QUESTION0 -1 -2.724e+04 1.491e+02 1.195e+02
s>                ( - -1.707e+04 1 0)
s>                ( - -1.002e+04 1 0))
s>            ( QUESTION2_13_L -1 -2.815e+04 1.726e+02 1.095e+02
s>                ( - -1.661e+04 2 0)
s>                ( QUESTION0 -1 -1.136e+04 1.606e+02 3.914e+01
s>                    ( - -8.373e+02 1 0)
s>                    ( QUESTION0 1 -1.036e+04 1.412e+02 3.614e+01
s>                        ( - -6.290e+02 1 0)
s>                        ( - -9.593e+03 2 0 SILENCE -1 1.072e+02 3.314e+01))))))INFO: dtree.c(1478): Final simple tree
|( QUESTION15 -1 -5.920e+04 4.789e+02 2.517e+02
|    ( - 2.419e+02 1 0)
|    ( QUESTION0_2_R 1 -5.896e+04 4.780e+02 2.507e+02
|        ( - 2.419e+02 1 0)
|        ( QUESTION2_14_L -1 -5.872e+04 2.450e+02 2.497e+02
|            ( - -1.175e+04 2 0)
|            ( QUESTION0_13_R 1 -4.673e+04 2.107e+02 1.996e+02
|                ( QUESTION3 -1 -1.907e+04 1.982e+02 7.900e+01
|                    ( - -3.166e+03 2 0 QUESTION6 -1 1.234e+02 1.400e+01)
|                    ( SILENCE -1 -1.570e+04 1.735e+02 6.500e+01
|                        ( - -2.787e+03 1 0)
|                        ( - -1.274e+04 7 0 WDBNDRY_I 0 1.512e+02 5.281e+01)))
|                ( QUESTION0 -1 -2.745e+04 1.714e+02 1.206e+02
|                    ( - -3.193e+02 2 0)
|                    ( - -2.696e+04 4 0 WDBNDRY_B 0 1.340e+02 1.186e+02))))))
s>    ( QUESTION15 -1 -5.920e+04 4.789e+02 2.517e+02
s>        ( - 2.419e+02 1 0)
s>        ( QUESTION0_2_R 1 -5.896e+04 4.780e+02 2.507e+02
s>            ( - 2.419e+02 1 0)
s>            ( QUESTION2_14_L -1 -5.872e+04 2.450e+02 2.497e+02
s>                ( - -1.175e+04 2 0)
s>                ( QUESTION0_13_R 1 -4.673e+04 2.107e+02 1.996e+02
s>                    ( QUESTION3 -1 -1.907e+04 1.982e+02 7.900e+01
s>                        ( - -3.166e+03 2 0 QUESTION6 -1 1.234e+02 1.400e+01)
s>                        ( SILENCE -1 -1.570e+04 1.735e+02 6.500e+01
s>                            ( - -2.787e+03 1 0)
s>                            ( - -1.274e+04 7 0 WDBNDRY_I 0 1.512e+02 5.281e+01)))
s>                    ( QUESTION0 -1 -2.745e+04 1.714e+02 1.206e+02
s>                        ( - -3.193e+02 2 0)
s>                        ( - -2.696e+04 4 0 WDBNDRY_B 0 1.340e+02 1.186e+02))))))INFO: dtree.c(1315): Comp split 2
INFO: dtree.c(1478): Final simple tree
|( QUESTION0_2_R 1 -5.896e+04 4.780e+02 2.507e+02
|    ( - 2.419e+02 1 0)
|    ( QUESTION2_14_L -1 -5.872e+04 2.450e+02 2.497e+02
|        ( - -1.175e+04 2 0)
|        ( QUESTION0_13_R 1 -4.673e+04 2.107e+02 1.996e+02
|            ( QUESTION3 -1 -1.907e+04 1.982e+02 7.900e+01
|                ( - -3.166e+03 2 0 QUESTION6 -1 1.234e+02 1.400e+01)
|                ( SILENCE -1 -1.570e+04 1.735e+02 6.500e+01
|                    ( - -2.787e+03 1 0)
|                    ( WDBNDRY_I 0 -1.274e+04 1.512e+02 5.281e+01
|                        ( - -3.410e+03 1 0)
|                        ( - -9.181e+03 6 0 QUESTION2_0_L -1 1.407e+02 3.782e+01))))
|            ( QUESTION0 -1 -2.745e+04 1.714e+02 1.206e+02
|                ( - -3.193e+02 2 0)
|                ( - -2.696e+04 4 0 WDBNDRY_B 0 1.340e+02 1.186e+02)))))
s>    ( QUESTION0_2_R 1 -5.896e+04 4.780e+02 2.507e+02
s>        ( - 2.419e+02 1 0)
s>        ( QUESTION2_14_L -1 -5.872e+04 2.450e+02 2.497e+02
s>            ( - -1.175e+04 2 0)
s>            ( QUESTION0_13_R 1 -4.673e+04 2.107e+02 1.996e+02
s>                ( QUESTION3 -1 -1.907e+04 1.982e+02 7.900e+01
s>                    ( - -3.166e+03 2 0 QUESTION6 -1 1.234e+02 1.400e+01)
s>                    ( SILENCE -1 -1.570e+04 1.735e+02 6.500e+01
s>                        ( - -2.787e+03 1 0)
s>                        ( WDBNDRY_I 0 -1.274e+04 1.512e+02 5.281e+01
s>                            ( - -3.410e+03 1 0)
s>                            ( - -9.181e+03 6 0 QUESTION2_0_L -1 1.407e+02 3.782e+01))))
s>                ( QUESTION0 -1 -2.745e+04 1.714e+02 1.206e+02
s>                    ( - -3.193e+02 2 0)
s>                    ( - -2.696e+04 4 0 WDBNDRY_B 0 1.340e+02 1.186e+02)))))INFO: dtree.c(1315): Comp split 3
INFO: dtree.c(1478): Final simple tree
|( QUESTION2_14_L -1 -5.872e+04 2.450e+02 2.497e+02
|    ( - -1.175e+04 2 0)
|    ( QUESTION0_13_R 1 -4.673e+04 2.107e+02 1.996e+02
|        ( QUESTION3 -1 -1.907e+04 1.982e+02 7.900e+01
|            ( - -3.166e+03 2 0 QUESTION6 -1 1.234e+02 1.400e+01)
|            ( SILENCE -1 -1.570e+04 1.735e+02 6.500e+01
|                ( - -2.787e+03 1 0)
|                ( WDBNDRY_I 0 -1.274e+04 1.512e+02 5.281e+01
|                    ( - -3.410e+03 1 0)
|                    ( QUESTION2_0_L -1 -9.181e+03 1.407e+02 3.782e+01
|                        ( - -4.291e+02 1 0)
|                        ( - -8.611e+03 5 0 QUESTION2_7_L -1 1.134e+02 3.582e+01)))))
|        ( QUESTION0 -1 -2.745e+04 1.714e+02 1.206e+02
|            ( - -3.193e+02 2 0)
|            ( - -2.696e+04 4 0 WDBNDRY_B 0 1.340e+02 1.186e+02))))
s>    ( QUESTION2_14_L -1 -5.872e+04 2.450e+02 2.497e+02
s>        ( - -1.175e+04 2 0)
s>        ( QUESTION0_13_R 1 -4.673e+04 2.107e+02 1.996e+02
s>            ( QUESTION3 -1 -1.907e+04 1.982e+02 7.900e+01
s>                ( - -3.166e+03 2 0 QUESTION6 -1 1.234e+02 1.400e+01)
s>                ( SILENCE -1 -1.570e+04 1.735e+02 6.500e+01
s>                    ( - -2.787e+03 1 0)
s>                    ( WDBNDRY_I 0 -1.274e+04 1.512e+02 5.281e+01
s>                        ( - -3.410e+03 1 0)
s>                        ( QUESTION2_0_L -1 -9.181e+03 1.407e+02 3.782e+01
s>                            ( - -4.291e+02 1 0)
s>                            ( - -8.611e+03 5 0 QUESTION2_7_L -1 1.134e+02 3.582e+01)))))
s>            ( QUESTION0 -1 -2.745e+04 1.714e+02 1.206e+02
s>                ( - -3.193e+02 2 0)
s>                ( - -2.696e+04 4 0 WDBNDRY_B 0 1.340e+02 1.186e+02))))INFO: dtree.c(1315): Comp split 4
INFO: dtree.c(1439): stop. leaf nodes are specific
INFO: dtree.c(1478): Final simple tree
|( QUESTION20 1 -9.685e+03 1.492e+02 4.244e+01
|    ( QUESTION0_0_R 1 -2.096e+03 1.294e+02 1.000e+01
|        ( - -7.455e+02 1 0)
|        ( - -1.221e+03 1 0))
|    ( QUESTION0_15_R 1 -7.440e+03 1.412e+02 3.244e+01
|        ( - -2.882e+03 1 0)
|        ( QUESTION0_0_R 1 -4.417e+03 1.444e+02 1.900e+01
|            ( - -5.072e+02 1 0)
|            ( SILENCE 1 -3.765e+03 1.216e+02 1.600e+01
|                ( - -1.926e+03 1 0)
|                ( - -1.717e+03 1 0)))))
s>    ( QUESTION20 1 -9.685e+03 1.492e+02 4.244e+01
s>        ( QUESTION0_0_R 1 -2.096e+03 1.294e+02 1.000e+01
s>            ( - -7.455e+02 1 0)
s>            ( - -1.221e+03 1 0))
s>        ( QUESTION0_15_R 1 -7.440e+03 1.412e+02 3.244e+01
s>            ( - -2.882e+03 1 0)
s>            ( QUESTION0_0_R 1 -4.417e+03 1.444e+02 1.900e+01
s>                ( - -5.072e+02 1 0)
s>                ( SILENCE 1 -3.765e+03 1.216e+02 1.600e+01
s>                    ( - -1.926e+03 1 0)
s>                    ( - -1.717e+03 1 0)))))INFO: dtree.c(1315): Comp split 5
INFO: dtree.c(1439): stop. leaf nodes are specific
INFO: dtree.c(1478): Final simple tree
|( QUESTION1 -1 -3.445e+04 2.179e+02 1.356e+02
|    ( - -6.083e+03 1 0)
|    ( QUESTION2_13_L -1 -2.815e+04 1.726e+02 1.095e+02
|        ( - -1.661e+04 2 0)
|        ( QUESTION0 -1 -1.136e+04 1.606e+02 3.914e+01
|            ( - -8.373e+02 1 0)
|            ( QUESTION0 1 -1.036e+04 1.412e+02 3.614e+01
|                ( - -6.290e+02 1 0)
|                ( SILENCE -1 -9.593e+03 1.072e+02 3.314e+01
|                    ( - -8.873e+03 1 0)
|                    ( - -6.126e+02 1 0))))))
s>    ( QUESTION1 -1 -3.445e+04 2.179e+02 1.356e+02
s>        ( - -6.083e+03 1 0)
s>        ( QUESTION2_13_L -1 -2.815e+04 1.726e+02 1.095e+02
s>            ( - -1.661e+04 2 0)
s>            ( QUESTION0 -1 -1.136e+04 1.606e+02 3.914e+01
s>                ( - -8.373e+02 1 0)
s>                ( QUESTION0 1 -1.036e+04 1.412e+02 3.614e+01
s>                    ( - -6.290e+02 1 0)
s>                    ( SILENCE -1 -9.593e+03 1.072e+02 3.314e+01
s>                        ( - -8.873e+03 1 0)
s>                        ( - -6.126e+02 1 0))))))INFO: dtree.c(1439): stop. leaf nodes are specific
INFO: dtree.c(1478): Final simple tree
|( QUESTION2_0_L -1 -3.917e+04 2.083e+02 1.676e+02
|    ( QUESTION0 -1 -2.724e+04 1.491e+02 1.195e+02
|        ( - -1.707e+04 1 0)
|        ( - -1.002e+04 1 0))
|    ( QUESTION2 -1 -1.172e+04 1.128e+02 4.811e+01
|        ( WDBNDRY_B 0 -1.114e+04 1.114e+02 4.611e+01
|            ( - -1.038e+04 1 0)
|            ( - -6.511e+02 1 0))
|        ( - -4.671e+02 1 0)))
s>    ( QUESTION2_0_L -1 -3.917e+04 2.083e+02 1.676e+02
s>        ( QUESTION0 -1 -2.724e+04 1.491e+02 1.195e+02
s>            ( - -1.707e+04 1 0)
s>            ( - -1.002e+04 1 0))
s>        ( QUESTION2 -1 -1.172e+04 1.128e+02 4.811e+01
s>            ( WDBNDRY_B 0 -1.114e+04 1.114e+02 4.611e+01
s>                ( - -1.038e+04 1 0)
s>                ( - -6.511e+02 1 0))
s>            ( - -4.671e+02 1 0)))INFO: dtree.c(1315): Comp split 6
INFO: dtree.c(1478): Final simple tree
|( QUESTION2_14_L -1 -2.519e+04 2.103e+02 1.049e+02
|    ( - -1.175e+04 2 0)
|    ( QUESTION0_0_R 1 -1.322e+04 1.609e+02 5.481e+01
|        ( - -3.193e+02 2 0)
|        ( WDBNDRY_I 0 -1.274e+04 1.512e+02 5.281e+01
|            ( - -3.410e+03 1 0)
|            ( QUESTION2_0_L -1 -9.181e+03 1.407e+02 3.782e+01
|                ( - -4.291e+02 1 0)
|                ( QUESTION2_7_L -1 -8.611e+03 1.134e+02 3.582e+01
|                    ( QUESTION0 -1 -2.878e+03 1.076e+02 1.200e+01
|                        ( - -4.848e+02 1 0)
|                        ( - -2.286e+03 1 0))
|                    ( WDBNDRY_B 0 -5.619e+03 9.886e+01 2.382e+01
|                        ( - -5.157e+03 2 0)
|                        ( - -3.634e+02 1 0)))))))
s>    ( QUESTION2_14_L -1 -2.519e+04 2.103e+02 1.049e+02
s>        ( - -1.175e+04 2 0)
s>        ( QUESTION0_0_R 1 -1.322e+04 1.609e+02 5.481e+01
s>            ( - -3.193e+02 2 0)
s>            ( WDBNDRY_I 0 -1.274e+04 1.512e+02 5.281e+01
s>                ( - -3.410e+03 1 0)
s>                ( QUESTION2_0_L -1 -9.181e+03 1.407e+02 3.782e+01
s>                    ( - -4.291e+02 1 0)
s>                    ( QUESTION2_7_L -1 -8.611e+03 1.134e+02 3.582e+01
s>                        ( QUESTION0 -1 -2.878e+03 1.076e+02 1.200e+01
s>                            ( - -4.848e+02 1 0)
s>                            ( - -2.286e+03 1 0))
s>                        ( WDBNDRY_B 0 -5.619e+03 9.886e+01 2.382e+01
s>                            ( - -5.157e+03 2 0)
s>                            ( - -3.634e+02 1 0)))))))INFO: dtree.c(1439): stop. leaf nodes are specific
INFO: dtree.c(1478): Final simple tree
|( SILENCE -1 -3.326e+04 1.900e+02 1.448e+02
|    ( - -2.787e+03 1 0)
|    ( QUESTION0_13_R 1 -3.029e+04 1.623e+02 1.326e+02
|        ( QUESTION6 -1 -3.166e+03 1.234e+02 1.400e+01
|            ( - -1.595e+03 1 0)
|            ( - -1.447e+03 1 0))
|        ( WDBNDRY_B 0 -2.696e+04 1.340e+02 1.186e+02
|            ( - -2.628e+04 3 0)
|            ( - -5.492e+02 1 0))))
s>    ( SILENCE -1 -3.326e+04 1.900e+02 1.448e+02
s>        ( - -2.787e+03 1 0)
s>        ( QUESTION0_13_R 1 -3.029e+04 1.623e+02 1.326e+02
s>            ( QUESTION6 -1 -3.166e+03 1.234e+02 1.400e+01
s>                ( - -1.595e+03 1 0)
s>                ( - -1.447e+03 1 0))
s>            ( WDBNDRY_B 0 -2.696e+04 1.340e+02 1.186e+02
s>                ( - -2.628e+04 3 0)
s>                ( - -5.492e+02 1 0))))INFO: dtree.c(1315): Comp split 7
INFO: dtree.c(1439): stop. leaf nodes are specific
INFO: dtree.c(1478): Final simple tree
|( QUESTION2_13_L -1 -2.815e+04 1.726e+02 1.095e+02
|    ( - -1.661e+04 2 0)
|    ( QUESTION0 -1 -1.136e+04 1.606e+02 3.914e+01
|        ( - -8.373e+02 1 0)
|        ( QUESTION0 1 -1.036e+04 1.412e+02 3.614e+01
|            ( - -6.290e+02 1 0)
|            ( SILENCE -1 -9.593e+03 1.072e+02 3.314e+01
|                ( - -8.873e+03 1 0)
|                ( - -6.126e+02 1 0)))))
s>    ( QUESTION2_13_L -1 -2.815e+04 1.726e+02 1.095e+02
s>        ( - -1.661e+04 2 0)
s>        ( QUESTION0 -1 -1.136e+04 1.606e+02 3.914e+01
s>            ( - -8.373e+02 1 0)
s>            ( QUESTION0 1 -1.036e+04 1.412e+02 3.614e+01
s>                ( - -6.290e+02 1 0)
s>                ( SILENCE -1 -9.593e+03 1.072e+02 3.314e+01
s>                    ( - -8.873e+03 1 0)
s>                    ( - -6.126e+02 1 0)))))INFO: dtree.c(1315): Comp split 8
INFO: dtree.c(1439): stop. leaf nodes are specific
INFO: dtree.c(1478): Final simple tree
|( QUESTION0_0_R 1 -1.322e+04 1.609e+02 5.481e+01
|    ( - -3.193e+02 2 0)
|    ( WDBNDRY_I 0 -1.274e+04 1.512e+02 5.281e+01
|        ( - -3.410e+03 1 0)
|        ( QUESTION2_0_L -1 -9.181e+03 1.407e+02 3.782e+01
|            ( - -4.291e+02 1 0)
|            ( QUESTION2_7_L -1 -8.611e+03 1.134e+02 3.582e+01
|                ( QUESTION0 -1 -2.878e+03 1.076e+02 1.200e+01
|                    ( - -4.848e+02 1 0)
|                    ( - -2.286e+03 1 0))
|                ( WDBNDRY_B 0 -5.619e+03 9.886e+01 2.382e+01
|                    ( - -5.157e+03 2 0)
|                    ( - -3.634e+02 1 0))))))
s>    ( QUESTION0_0_R 1 -1.322e+04 1.609e+02 5.481e+01
s>        ( - -3.193e+02 2 0)
s>        ( WDBNDRY_I 0 -1.274e+04 1.512e+02 5.281e+01
s>            ( - -3.410e+03 1 0)
s>            ( QUESTION2_0_L -1 -9.181e+03 1.407e+02 3.782e+01
s>                ( - -4.291e+02 1 0)
s>                ( QUESTION2_7_L -1 -8.611e+03 1.134e+02 3.582e+01
s>                    ( QUESTION0 -1 -2.878e+03 1.076e+02 1.200e+01
s>                        ( - -4.848e+02 1 0)
s>                        ( - -2.286e+03 1 0))
s>                    ( WDBNDRY_B 0 -5.619e+03 9.886e+01 2.382e+01
s>                        ( - -5.157e+03 2 0)
s>                        ( - -3.634e+02 1 0))))))INFO: dtree.c(1315): Comp split 9
INFO: dtree.c(1439): stop. leaf nodes are specific
INFO: dtree.c(1478): Final simple tree
|( QUESTION2 -1 -1.172e+04 1.128e+02 4.811e+01
|    ( WDBNDRY_B 0 -1.114e+04 1.114e+02 4.611e+01
|        ( - -1.038e+04 1 0)
|        ( - -6.511e+02 1 0))
|    ( - -4.671e+02 1 0))
s>    ( QUESTION2 -1 -1.172e+04 1.128e+02 4.811e+01
s>        ( WDBNDRY_B 0 -1.114e+04 1.114e+02 4.611e+01
s>            ( - -1.038e+04 1 0)
s>            ( - -6.511e+02 1 0))
s>        ( - -4.671e+02 1 0))INFO: dtree.c(1439): stop. leaf nodes are specific
INFO: dtree.c(1478): Final simple tree
|( QUESTION0 -1 -2.724e+04 1.491e+02 1.195e+02
|    ( - -1.707e+04 1 0)
|    ( - -1.002e+04 1 0))
s>    ( QUESTION0 -1 -2.724e+04 1.491e+02 1.195e+02
s>        ( - -1.707e+04 1 0)
s>        ( - -1.002e+04 1 0))INFO: dtree.c(1315): Comp split 10
INFO: dtree.c(1439): stop. leaf nodes are specific
INFO: dtree.c(1478): Final simple tree
|( SILENCE 1 -3.765e+03 1.216e+02 1.600e+01
|    ( - -1.926e+03 1 0)
|    ( - -1.717e+03 1 0))
s>    ( SILENCE 1 -3.765e+03 1.216e+02 1.600e+01
s>        ( - -1.926e+03 1 0)
s>        ( - -1.717e+03 1 0))INFO: dtree.c(1439): stop. leaf nodes are specific
INFO: dtree.c(1478): Final simple tree
|( QUESTION0_13_R 1 -5.729e+03 1.318e+02 2.644e+01
|    ( - -2.882e+03 1 0)
|    ( QUESTION0_1_R 1 -2.716e+03 1.221e+02 1.300e+01
|        ( - -7.455e+02 1 0)
|        ( QUESTION0_0_R 1 -1.848e+03 1.202e+02 9.000e+00
|            ( - -5.072e+02 1 0)
|            ( - -1.221e+03 1 0))))
s>    ( QUESTION0_13_R 1 -5.729e+03 1.318e+02 2.644e+01
s>        ( - -2.882e+03 1 0)
s>        ( QUESTION0_1_R 1 -2.716e+03 1.221e+02 1.300e+01
s>            ( - -7.455e+02 1 0)
s>            ( QUESTION0_0_R 1 -1.848e+03 1.202e+02 9.000e+00
s>                ( - -5.072e+02 1 0)
s>                ( - -1.221e+03 1 0))))INFO: dtree.c(1315): Comp split 11
INFO: dtree.c(1439): stop. leaf nodes are specific
INFO: dtree.c(1478): Final simple tree
|( QUESTION0_13_R 1 -3.029e+04 1.623e+02 1.326e+02
|    ( QUESTION6 -1 -3.166e+03 1.234e+02 1.400e+01
|        ( - -1.595e+03 1 0)
|        ( - -1.447e+03 1 0))
|    ( WDBNDRY_B 0 -2.696e+04 1.340e+02 1.186e+02
|        ( - -2.628e+04 3 0)
|        ( - -5.492e+02 1 0)))
s>    ( QUESTION0_13_R 1 -3.029e+04 1.623e+02 1.326e+02
s>        ( QUESTION6 -1 -3.166e+03 1.234e+02 1.400e+01
s>            ( - -1.595e+03 1 0)
s>            ( - -1.447e+03 1 0))
s>        ( WDBNDRY_B 0 -2.696e+04 1.340e+02 1.186e+02
s>            ( - -2.628e+04 3 0)
s>            ( - -5.492e+02 1 0)))INFO: dtree.c(1315): Comp split 12
INFO: dtree.c(1439): stop. leaf nodes are specific
INFO: dtree.c(1478): Final simple tree
|( SILENCE -1 -9.593e+03 1.072e+02 3.314e+01
|    ( - -8.873e+03 1 0)
|    ( - -6.126e+02 1 0))
s>    ( SILENCE -1 -9.593e+03 1.072e+02 3.314e+01
s>        ( - -8.873e+03 1 0)
s>        ( - -6.126e+02 1 0))INFO: dtree.c(1439): stop. leaf nodes are specific
INFO: dtree.c(1478): Final simple tree
|( QUESTION0 -1 -1.837e+04 1.554e+02 7.636e+01
|    ( - -8.373e+02 1 0)
|    ( SILENCE -1 -1.737e+04 1.317e+02 7.336e+01
|        ( - -6.290e+02 1 0)
|        ( - -1.661e+04 2 0)))
s>    ( QUESTION0 -1 -1.837e+04 1.554e+02 7.636e+01
s>        ( - -8.373e+02 1 0)
s>        ( SILENCE -1 -1.737e+04 1.317e+02 7.336e+01
s>            ( - -6.290e+02 1 0)
s>            ( - -1.661e+04 2 0)))INFO: dtree.c(1315): Comp split 13
INFO: dtree.c(1439): stop. leaf nodes are specific
INFO: dtree.c(1478): Final simple tree
|( WDBNDRY_B 0 -2.696e+04 1.340e+02 1.186e+02
|    ( - -2.628e+04 3 0)
|    ( - -5.492e+02 1 0))
s>    ( WDBNDRY_B 0 -2.696e+04 1.340e+02 1.186e+02
s>        ( - -2.628e+04 3 0)
s>        ( - -5.492e+02 1 0))INFO: dtree.c(1439): stop. leaf nodes are specific
INFO: dtree.c(1478): Final simple tree
|( QUESTION6 -1 -3.166e+03 1.234e+02 1.400e+01
|    ( - -1.595e+03 1 0)
|    ( - -1.447e+03 1 0))
s>    ( QUESTION6 -1 -3.166e+03 1.234e+02 1.400e+01
s>        ( - -1.595e+03 1 0)
s>        ( - -1.447e+03 1 0))INFO: dtree.c(1315): Comp split 14
INFO: dtree.c(1439): stop. leaf nodes are specific
INFO: dtree.c(1478): Final simple tree
|( WDBNDRY_I 0 -1.274e+04 1.512e+02 5.281e+01
|    ( - -3.410e+03 1 0)
|    ( QUESTION2_0_L -1 -9.181e+03 1.407e+02 3.782e+01
|        ( - -4.291e+02 1 0)
|        ( QUESTION2_7_L -1 -8.611e+03 1.134e+02 3.582e+01
|            ( QUESTION0 -1 -2.878e+03 1.076e+02 1.200e+01
|                ( - -4.848e+02 1 0)
|                ( - -2.286e+03 1 0))
|            ( WDBNDRY_B 0 -5.619e+03 9.886e+01 2.382e+01
|                ( - -5.157e+03 2 0)
|                ( - -3.634e+02 1 0)))))
s>    ( WDBNDRY_I 0 -1.274e+04 1.512e+02 5.281e+01
s>        ( - -3.410e+03 1 0)
s>        ( QUESTION2_0_L -1 -9.181e+03 1.407e+02 3.782e+01
s>            ( - -4.291e+02 1 0)
s>            ( QUESTION2_7_L -1 -8.611e+03 1.134e+02 3.582e+01
s>                ( QUESTION0 -1 -2.878e+03 1.076e+02 1.200e+01
s>                    ( - -4.848e+02 1 0)
s>                    ( - -2.286e+03 1 0))
s>                ( WDBNDRY_B 0 -5.619e+03 9.886e+01 2.382e+01
s>                    ( - -5.157e+03 2 0)
s>                    ( - -3.634e+02 1 0)))))INFO: dtree.c(1315): Comp split 15
INFO: dtree.c(1439): stop. leaf nodes are specific
INFO: dtree.c(1478): Final simple tree
|( SILENCE -1 -1.737e+04 1.317e+02 7.336e+01
|    ( - -6.290e+02 1 0)
|    ( - -1.661e+04 2 0))
s>    ( SILENCE -1 -1.737e+04 1.317e+02 7.336e+01
s>        ( - -6.290e+02 1 0)
s>        ( - -1.661e+04 2 0))INFO: dtree.c(1315): Comp split 16
INFO: dtree.c(1439): stop. leaf nodes are specific
INFO: dtree.c(1478): Final simple tree
|( QUESTION2_0_L -1 -9.181e+03 1.407e+02 3.782e+01
|    ( - -4.291e+02 1 0)
|    ( QUESTION2_7_L -1 -8.611e+03 1.134e+02 3.582e+01
|        ( QUESTION0 -1 -2.878e+03 1.076e+02 1.200e+01
|            ( - -4.848e+02 1 0)
|            ( - -2.286e+03 1 0))
|        ( WDBNDRY_B 0 -5.619e+03 9.886e+01 2.382e+01
|            ( - -5.157e+03 2 0)
|            ( - -3.634e+02 1 0))))
s>    ( QUESTION2_0_L -1 -9.181e+03 1.407e+02 3.782e+01
s>        ( - -4.291e+02 1 0)
s>        ( QUESTION2_7_L -1 -8.611e+03 1.134e+02 3.582e+01
s>            ( QUESTION0 -1 -2.878e+03 1.076e+02 1.200e+01
s>                ( - -4.848e+02 1 0)
s>                ( - -2.286e+03 1 0))
s>            ( WDBNDRY_B 0 -5.619e+03 9.886e+01 2.382e+01
s>                ( - -5.157e+03 2 0)
s>                ( - -3.634e+02 1 0))))INFO: dtree.c(1315): Comp split 17
INFO: dtree.c(1315): Comp split 18
INFO: dtree.c(1439): stop. leaf nodes are specific
INFO: dtree.c(1478): Final simple tree
|( QUESTION2_7_L -1 -8.611e+03 1.134e+02 3.582e+01
|    ( QUESTION0 -1 -2.878e+03 1.076e+02 1.200e+01
|        ( - -4.848e+02 1 0)
|        ( - -2.286e+03 1 0))
|    ( WDBNDRY_B 0 -5.619e+03 9.886e+01 2.382e+01
|        ( - -5.157e+03 2 0)
|        ( - -3.634e+02 1 0)))
s>    ( QUESTION2_7_L -1 -8.611e+03 1.134e+02 3.582e+01
s>        ( QUESTION0 -1 -2.878e+03 1.076e+02 1.200e+01
s>            ( - -4.848e+02 1 0)
s>            ( - -2.286e+03 1 0))
s>        ( WDBNDRY_B 0 -5.619e+03 9.886e+01 2.382e+01
s>            ( - -5.157e+03 2 0)
s>            ( - -3.634e+02 1 0)))INFO: dtree.c(1315): Comp split 19
INFO: dtree.c(1315): Comp split 20
INFO: dtree.c(1439): stop. leaf nodes are specific
INFO: dtree.c(1478): Final simple tree
|( QUESTION0_1_R 1 -2.716e+03 1.221e+02 1.300e+01
|    ( - -7.455e+02 1 0)
|    ( QUESTION0_0_R 1 -1.848e+03 1.202e+02 9.000e+00
|        ( - -5.072e+02 1 0)
|        ( - -1.221e+03 1 0)))
s>    ( QUESTION0_1_R 1 -2.716e+03 1.221e+02 1.300e+01
s>        ( - -7.455e+02 1 0)
s>        ( QUESTION0_0_R 1 -1.848e+03 1.202e+02 9.000e+00
s>            ( - -5.072e+02 1 0)
s>            ( - -1.221e+03 1 0)))INFO: dtree.c(1315): Comp split 21
INFO: dtree.c(1315): Comp split 22
INFO: dtree.c(1315): Comp split 23
INFO: dtree.c(1439): stop. leaf nodes are specific
INFO: dtree.c(1478): Final simple tree
|( QUESTION0_0_R 1 -1.848e+03 1.202e+02 9.000e+00
|    ( - -5.072e+02 1 0)
|    ( - -1.221e+03 1 0))
s>    ( QUESTION0_0_R 1 -1.848e+03 1.202e+02 9.000e+00
s>        ( - -5.072e+02 1 0)
s>        ( - -1.221e+03 1 0))INFO: dtree.c(1315): Comp split 24
INFO: dtree.c(1315): Comp split 25
INFO: dtree.c(1315): Comp split 26
INFO: dtree.c(1439): stop. leaf nodes are specific
INFO: dtree.c(1478): Final simple tree
|( QUESTION8 -1 -6.205e+03 1.013e+02 2.582e+01
|    ( - -4.848e+02 1 0)
|    ( WDBNDRY_B 0 -5.619e+03 9.886e+01 2.382e+01
|        ( - -5.157e+03 2 0)
|        ( - -3.634e+02 1 0)))
s>    ( QUESTION8 -1 -6.205e+03 1.013e+02 2.582e+01
s>        ( - -4.848e+02 1 0)
s>        ( WDBNDRY_B 0 -5.619e+03 9.886e+01 2.382e+01
s>            ( - -5.157e+03 2 0)
s>            ( - -3.634e+02 1 0)))INFO: dtree.c(1315): Comp split 27
INFO: dtree.c(1439): stop. leaf nodes are specific
INFO: dtree.c(1478): Final simple tree
|( WDBNDRY_B 0 -1.114e+04 1.114e+02 4.611e+01
|    ( - -1.038e+04 1 0)
|    ( - -6.511e+02 1 0))
s>    ( WDBNDRY_B 0 -1.114e+04 1.114e+02 4.611e+01
s>        ( - -1.038e+04 1 0)
s>        ( - -6.511e+02 1 0))INFO: dtree.c(1315): Comp split 28
INFO: dtree.c(1315): Comp split 29
INFO: dtree.c(1315): Comp split 30
INFO: dtree.c(1439): stop. leaf nodes are specific
INFO: dtree.c(1478): Final simple tree
|( WDBNDRY_B 0 -5.619e+03 9.886e+01 2.382e+01
|    ( - -5.157e+03 2 0)
|    ( - -3.634e+02 1 0))
s>    ( WDBNDRY_B 0 -5.619e+03 9.886e+01 2.382e+01
s>        ( - -5.157e+03 2 0)
s>        ( - -3.634e+02 1 0))INFO: dtree.c(1315): Comp split 31
INFO: dtree.c(1315): Comp split 32
INFO: dtree.c(1318): stop. leaf nodes are specific
Wed Dec 20 23:52:16 2017
