Current configuration:
[NAME]		[DEFLT]	[VALUE]
-allphones	no	no
-cntthresh	0.00001	1.000000e-05
-csplitmax	100	2000
-csplitmin	1	1
-csplitthr	8e-4	0.000000e+00
-example	no	no
-fullvar	no	no
-help		no	no
-meanfn			/home/alex/repos/speech/an4/model_parameters/an4.cd_cont_untied/means
-mixwfn			/home/alex/repos/speech/an4/model_parameters/an4.cd_cont_untied/mixture_weights
-moddeffn		/home/alex/repos/speech/an4/model_architecture/an4.untied.mdef
-mwfloor	1e-4	1.000000e-08
-phone			R
-psetfn			/home/alex/repos/speech/an4/model_architecture/an4.tree_questions
-ssplitmax	5	7
-ssplitmin	1	1
-ssplitthr	8e-4	0.000000e+00
-state			2
-stwt			1.0,0.05,0.0,
-treefn			/home/alex/repos/speech/an4/trees/an4.unpruned/R-2.dtree
-ts2cbfn	.semi.	.cont.
-varfloor	0.00001	1.000000e-05
-varfn			/home/alex/repos/speech/an4/model_parameters/an4.cd_cont_untied/variances

INFO: main.c(223): Reading: /home/alex/repos/speech/an4/model_architecture/an4.untied.mdef
INFO: model_def_io.c(573): Model definition info:
INFO: model_def_io.c(574): 1618 total models defined (34 base, 1584 tri)
INFO: model_def_io.c(575): 6472 total states
INFO: model_def_io.c(576): 4854 total tied states
INFO: model_def_io.c(577): 102 total tied CI states
INFO: model_def_io.c(578): 34 total tied transition matrices
INFO: model_def_io.c(579): 4 max state/model
INFO: model_def_io.c(580): 4 min state/model
INFO: main.c(242): Building trees for [R AA AA e] through [R TH IY i]
INFO: main.c(269): Covering states |[3630 3758]| == 129
INFO: main.c(275): Reading: /home/alex/repos/speech/an4/model_parameters/an4.cd_cont_untied/mixture_weights
INFO: s3mixw_io.c(173): Read /home/alex/repos/speech/an4/model_parameters/an4.cd_cont_untied/mixture_weights [129x1x1 array]
INFO: main.c(311): 43 of 43 models have observation count greater than 0.000010
INFO: main.c(95): nrm stwt: 0.000 0.048 0.952 
INFO: s3gau_io.c(169): Read /home/alex/repos/speech/an4/model_parameters/an4.cd_cont_untied/means [4854x1x1 array]
INFO: s3gau_io.c(169): Read /home/alex/repos/speech/an4/model_parameters/an4.cd_cont_untied/variances [4854x1x1 array]
INFO: main.c(549): Reading: /home/alex/repos/speech/an4/model_architecture/an4.tree_questions
INFO: main.c(588): 180 total simple questions (172 phone; 8 word bndry)
INFO: main.c(590): 42 Left Only questions, and 42 Right Only questions
INFO: dtree.c(1478): Final simple tree
|( QUESTION1 -1 -5.306e+05 6.697e+03 2.300e+03
|    ( SILENCE 1 -3.713e+05 3.833e+03 1.614e+03
|        ( - -8.231e+04 2 0 QUESTION2_0_L -1 2.429e+02 3.874e+02)
|        ( QUESTION0_3_R 1 -2.851e+05 1.298e+03 1.226e+03
|            ( - -9.523e+04 6 0 QUESTION2_0_L -1 7.855e+02 4.104e+02)
|            ( QUESTION0_11_R 1 -1.886e+05 9.590e+02 8.157e+02
|                ( - -1.543e+04 2 0 QUESTION2_0_L -1 3.322e+02 6.957e+01)
|                ( - -1.722e+05 25 0 QUESTION0_1_R 1 9.015e+02 7.462e+02))))
|    ( QUESTION0_13_R 1 -1.526e+05 2.720e+03 6.866e+02
|        ( WDBNDRY_B 0 -5.018e+04 1.224e+03 2.217e+02
|            ( - -2.961e+04 1 0)
|            ( - -1.934e+04 3 0 QUESTION0 1 4.355e+02 9.088e+01))
|        ( QUESTION2_13_L -1 -9.971e+04 9.964e+02 4.649e+02
|            ( - -1.850e+04 1 0)
|            ( - -8.021e+04 3 0 WDBNDRY_B 0 5.919e+02 3.738e+02))))
s>    ( QUESTION1 -1 -5.306e+05 6.697e+03 2.300e+03
s>        ( SILENCE 1 -3.713e+05 3.833e+03 1.614e+03
s>            ( - -8.231e+04 2 0 QUESTION2_0_L -1 2.429e+02 3.874e+02)
s>            ( QUESTION0_3_R 1 -2.851e+05 1.298e+03 1.226e+03
s>                ( - -9.523e+04 6 0 QUESTION2_0_L -1 7.855e+02 4.104e+02)
s>                ( QUESTION0_11_R 1 -1.886e+05 9.590e+02 8.157e+02
s>                    ( - -1.543e+04 2 0 QUESTION2_0_L -1 3.322e+02 6.957e+01)
s>                    ( - -1.722e+05 25 0 QUESTION0_1_R 1 9.015e+02 7.462e+02))))
s>        ( QUESTION0_13_R 1 -1.526e+05 2.720e+03 6.866e+02
s>            ( WDBNDRY_B 0 -5.018e+04 1.224e+03 2.217e+02
s>                ( - -2.961e+04 1 0)
s>                ( - -1.934e+04 3 0 QUESTION0 1 4.355e+02 9.088e+01))
s>            ( QUESTION2_13_L -1 -9.971e+04 9.964e+02 4.649e+02
s>                ( - -1.850e+04 1 0)
s>                ( - -8.021e+04 3 0 WDBNDRY_B 0 5.919e+02 3.738e+02))))INFO: dtree.c(1315): Comp split 0
INFO: dtree.c(1439): stop. leaf nodes are specific
INFO: dtree.c(1478): Final simple tree
|( QUESTION0_13_R 1 -1.526e+05 2.720e+03 6.866e+02
|    ( WDBNDRY_B 0 -5.018e+04 1.224e+03 2.217e+02
|        ( - -2.961e+04 1 0)
|        ( QUESTION0 1 -1.934e+04 4.355e+02 9.088e+01
|            ( - -1.245e+03 2 0)
|            ( - -1.766e+04 1 0)))
|    ( QUESTION2_13_L -1 -9.971e+04 9.964e+02 4.649e+02
|        ( - -1.850e+04 1 0)
|        ( WDBNDRY_B 0 -8.021e+04 5.919e+02 3.738e+02
|            ( - -9.594e+03 1 0)
|            ( QUESTION11 -1 -7.002e+04 3.414e+02 3.316e+02
|                ( - -6.498e+04 1 0)
|                ( - -4.703e+03 1 0)))))
s>    ( QUESTION0_13_R 1 -1.526e+05 2.720e+03 6.866e+02
s>        ( WDBNDRY_B 0 -5.018e+04 1.224e+03 2.217e+02
s>            ( - -2.961e+04 1 0)
s>            ( QUESTION0 1 -1.934e+04 4.355e+02 9.088e+01
s>                ( - -1.245e+03 2 0)
s>                ( - -1.766e+04 1 0)))
s>        ( QUESTION2_13_L -1 -9.971e+04 9.964e+02 4.649e+02
s>            ( - -1.850e+04 1 0)
s>            ( WDBNDRY_B 0 -8.021e+04 5.919e+02 3.738e+02
s>                ( - -9.594e+03 1 0)
s>                ( QUESTION11 -1 -7.002e+04 3.414e+02 3.316e+02
s>                    ( - -6.498e+04 1 0)
s>                    ( - -4.703e+03 1 0)))))INFO: dtree.c(1478): Final simple tree
|( SILENCE 1 -3.713e+05 3.833e+03 1.614e+03
|    ( - -8.231e+04 2 0 QUESTION2_0_L -1 2.429e+02 3.874e+02)
|    ( QUESTION0_3_R 1 -2.851e+05 1.298e+03 1.226e+03
|        ( QUESTION2_0_L -1 -9.523e+04 7.855e+02 4.104e+02
|            ( - -6.777e+04 4 0 WDBNDRY_E 0 2.634e+02 2.963e+02)
|            ( - -2.667e+04 2 0 WDBNDRY_E 0 2.378e+02 1.141e+02))
|        ( QUESTION0_11_R 1 -1.886e+05 9.590e+02 8.157e+02
|            ( - -1.543e+04 2 0 QUESTION2_0_L -1 3.322e+02 6.957e+01)
|            ( QUESTION0_1_R 1 -1.722e+05 9.015e+02 7.462e+02
|                ( - -2.744e+04 3 0 QUESTION2_0_L -1 1.315e+02 1.202e+02)
|                ( QUESTION0_18_R 1 -1.439e+05 6.254e+02 6.260e+02
|                    ( - -4.540e+04 5 0 QUESTION0 1 2.680e+02 1.986e+02)
|                    ( QUESTION4 1 -9.784e+04 7.106e+02 4.273e+02
|                        ( - -4.284e+03 1 0)
|                        ( - -9.285e+04 16 0 QUESTION0_15_R 1 4.602e+02 4.058e+02)))))))
s>    ( SILENCE 1 -3.713e+05 3.833e+03 1.614e+03
s>        ( - -8.231e+04 2 0 QUESTION2_0_L -1 2.429e+02 3.874e+02)
s>        ( QUESTION0_3_R 1 -2.851e+05 1.298e+03 1.226e+03
s>            ( QUESTION2_0_L -1 -9.523e+04 7.855e+02 4.104e+02
s>                ( - -6.777e+04 4 0 WDBNDRY_E 0 2.634e+02 2.963e+02)
s>                ( - -2.667e+04 2 0 WDBNDRY_E 0 2.378e+02 1.141e+02))
s>            ( QUESTION0_11_R 1 -1.886e+05 9.590e+02 8.157e+02
s>                ( - -1.543e+04 2 0 QUESTION2_0_L -1 3.322e+02 6.957e+01)
s>                ( QUESTION0_1_R 1 -1.722e+05 9.015e+02 7.462e+02
s>                    ( - -2.744e+04 3 0 QUESTION2_0_L -1 1.315e+02 1.202e+02)
s>                    ( QUESTION0_18_R 1 -1.439e+05 6.254e+02 6.260e+02
s>                        ( - -4.540e+04 5 0 QUESTION0 1 2.680e+02 1.986e+02)
s>                        ( QUESTION4 1 -9.784e+04 7.106e+02 4.273e+02
s>                            ( - -4.284e+03 1 0)
s>                            ( - -9.285e+04 16 0 QUESTION0_15_R 1 4.602e+02 4.058e+02)))))))INFO: dtree.c(1315): Comp split 1
INFO: dtree.c(1439): stop. leaf nodes are specific
INFO: dtree.c(1478): Final simple tree
|( QUESTION2_0_L -1 -8.231e+04 2.429e+02 3.874e+02
|    ( - -1.894e+04 1 0)
|    ( - -6.312e+04 1 0))
s>    ( QUESTION2_0_L -1 -8.231e+04 2.429e+02 3.874e+02
s>        ( - -1.894e+04 1 0)
s>        ( - -6.312e+04 1 0))INFO: dtree.c(1478): Final simple tree
|( QUESTION0_3_R 1 -2.851e+05 1.298e+03 1.226e+03
|    ( QUESTION2_0_L -1 -9.523e+04 7.855e+02 4.104e+02
|        ( - -6.777e+04 4 0 WDBNDRY_E 0 2.634e+02 2.963e+02)
|        ( - -2.667e+04 2 0 WDBNDRY_E 0 2.378e+02 1.141e+02))
|    ( QUESTION0_11_R 1 -1.886e+05 9.590e+02 8.157e+02
|        ( - -1.543e+04 2 0 QUESTION2_0_L -1 3.322e+02 6.957e+01)
|        ( QUESTION0_1_R 1 -1.722e+05 9.015e+02 7.462e+02
|            ( - -2.744e+04 3 0 QUESTION2_0_L -1 1.315e+02 1.202e+02)
|            ( QUESTION0_18_R 1 -1.439e+05 6.254e+02 6.260e+02
|                ( - -4.540e+04 5 0 QUESTION0 1 2.680e+02 1.986e+02)
|                ( QUESTION4 1 -9.784e+04 7.106e+02 4.273e+02
|                    ( - -4.284e+03 1 0)
|                    ( QUESTION0_15_R 1 -9.285e+04 4.602e+02 4.058e+02
|                        ( - 2.098e+02 1 0)
|                        ( - -9.259e+04 15 0 QUESTION16 1 4.223e+02 4.048e+02)))))))
s>    ( QUESTION0_3_R 1 -2.851e+05 1.298e+03 1.226e+03
s>        ( QUESTION2_0_L -1 -9.523e+04 7.855e+02 4.104e+02
s>            ( - -6.777e+04 4 0 WDBNDRY_E 0 2.634e+02 2.963e+02)
s>            ( - -2.667e+04 2 0 WDBNDRY_E 0 2.378e+02 1.141e+02))
s>        ( QUESTION0_11_R 1 -1.886e+05 9.590e+02 8.157e+02
s>            ( - -1.543e+04 2 0 QUESTION2_0_L -1 3.322e+02 6.957e+01)
s>            ( QUESTION0_1_R 1 -1.722e+05 9.015e+02 7.462e+02
s>                ( - -2.744e+04 3 0 QUESTION2_0_L -1 1.315e+02 1.202e+02)
s>                ( QUESTION0_18_R 1 -1.439e+05 6.254e+02 6.260e+02
s>                    ( - -4.540e+04 5 0 QUESTION0 1 2.680e+02 1.986e+02)
s>                    ( QUESTION4 1 -9.784e+04 7.106e+02 4.273e+02
s>                        ( - -4.284e+03 1 0)
s>                        ( QUESTION0_15_R 1 -9.285e+04 4.602e+02 4.058e+02
s>                            ( - 2.098e+02 1 0)
s>                            ( - -9.259e+04 15 0 QUESTION16 1 4.223e+02 4.048e+02)))))))INFO: dtree.c(1315): Comp split 2
INFO: dtree.c(1439): stop. leaf nodes are specific
INFO: dtree.c(1478): Final simple tree
|( QUESTION2_13_L -1 -1.013e+05 1.016e+03 4.709e+02
|    ( - -1.850e+04 1 0)
|    ( QUESTION0 1 -8.178e+04 7.504e+02 3.798e+02
|        ( WDBNDRY_B 0 -1.101e+04 1.703e+02 4.823e+01
|            ( - -9.594e+03 1 0)
|            ( - -1.245e+03 2 0))
|        ( QUESTION11 -1 -7.002e+04 3.414e+02 3.316e+02
|            ( - -6.498e+04 1 0)
|            ( - -4.703e+03 1 0))))
s>    ( QUESTION2_13_L -1 -1.013e+05 1.016e+03 4.709e+02
s>        ( - -1.850e+04 1 0)
s>        ( QUESTION0 1 -8.178e+04 7.504e+02 3.798e+02
s>            ( WDBNDRY_B 0 -1.101e+04 1.703e+02 4.823e+01
s>                ( - -9.594e+03 1 0)
s>                ( - -1.245e+03 2 0))
s>            ( QUESTION11 -1 -7.002e+04 3.414e+02 3.316e+02
s>                ( - -6.498e+04 1 0)
s>                ( - -4.703e+03 1 0))))INFO: dtree.c(1439): stop. leaf nodes are specific
INFO: dtree.c(1478): Final simple tree
|( WDBNDRY_B 0 -4.858e+04 1.306e+03 2.157e+02
|    ( - -2.961e+04 1 0)
|    ( - -1.766e+04 1 0))
s>    ( WDBNDRY_B 0 -4.858e+04 1.306e+03 2.157e+02
s>        ( - -2.961e+04 1 0)
s>        ( - -1.766e+04 1 0))INFO: dtree.c(1315): Comp split 3
INFO: dtree.c(1478): Final simple tree
|( QUESTION2_0_L -1 -2.171e+05 1.097e+03 9.364e+02
|    ( QUESTION0_20_R 1 -1.451e+05 5.459e+02 6.338e+02
|        ( - -3.168e+04 3 0)
|        ( QUESTION0_9_R 1 -1.128e+05 5.591e+02 4.912e+02
|            ( - -1.999e+04 2 0 QUESTION0_10_R 1 1.528e+02 8.894e+01)
|            ( - -9.230e+04 10 0 QUESTION15 1 2.505e+02 4.023e+02)))
|    ( QUESTION0_3_R 1 -7.089e+04 6.529e+02 3.026e+02
|        ( - -2.667e+04 2 0 WDBNDRY_E 0 2.378e+02 1.141e+02)
|        ( QUESTION0_15_R 1 -4.357e+04 4.554e+02 1.885e+02
|            ( - 2.098e+02 1 0)
|            ( QUESTION0_20_R 1 -4.332e+04 3.701e+02 1.875e+02
|                ( - -6.690e+03 1 0)
|                ( QUESTION0_9_R 1 -3.626e+04 3.194e+02 1.575e+02
|                    ( - -8.342e+03 2 0 WDBNDRY_E 0 1.400e+02 3.692e+01)
|                    ( - -2.760e+04 4 0 QUESTION0_1_R 1 1.700e+02 1.206e+02))))))
s>    ( QUESTION2_0_L -1 -2.171e+05 1.097e+03 9.364e+02
s>        ( QUESTION0_20_R 1 -1.451e+05 5.459e+02 6.338e+02
s>            ( - -3.168e+04 3 0)
s>            ( QUESTION0_9_R 1 -1.128e+05 5.591e+02 4.912e+02
s>                ( - -1.999e+04 2 0 QUESTION0_10_R 1 1.528e+02 8.894e+01)
s>                ( - -9.230e+04 10 0 QUESTION15 1 2.505e+02 4.023e+02)))
s>        ( QUESTION0_3_R 1 -7.089e+04 6.529e+02 3.026e+02
s>            ( - -2.667e+04 2 0 WDBNDRY_E 0 2.378e+02 1.141e+02)
s>            ( QUESTION0_15_R 1 -4.357e+04 4.554e+02 1.885e+02
s>                ( - 2.098e+02 1 0)
s>                ( QUESTION0_20_R 1 -4.332e+04 3.701e+02 1.875e+02
s>                    ( - -6.690e+03 1 0)
s>                    ( QUESTION0_9_R 1 -3.626e+04 3.194e+02 1.575e+02
s>                        ( - -8.342e+03 2 0 WDBNDRY_E 0 1.400e+02 3.692e+01)
s>                        ( - -2.760e+04 4 0 QUESTION0_1_R 1 1.700e+02 1.206e+02))))))INFO: dtree.c(1439): stop. leaf nodes are specific
INFO: dtree.c(1478): Final simple tree
|( QUESTION0_13_R 1 -6.649e+04 1.097e+03 2.898e+02
|    ( QUESTION0 1 -4.540e+04 2.680e+02 1.986e+02
|        ( QUESTION4 1 -1.413e+04 1.257e+02 6.234e+01
|            ( - -5.049e+03 1 0)
|            ( - -8.959e+03 1 0))
|        ( QUESTION2_0_L -1 -3.099e+04 1.701e+02 1.363e+02
|            ( - -2.673e+04 2 0)
|            ( - -4.091e+03 1 0)))
|    ( QUESTION0_0_R 1 -2.000e+04 2.875e+02 9.113e+01
|        ( QUESTION2_0_L -1 -1.543e+04 3.322e+02 6.957e+01
|            ( - -1.419e+03 1 0)
|            ( - -1.368e+04 1 0))
|        ( - -4.284e+03 1 0)))
s>    ( QUESTION0_13_R 1 -6.649e+04 1.097e+03 2.898e+02
s>        ( QUESTION0 1 -4.540e+04 2.680e+02 1.986e+02
s>            ( QUESTION4 1 -1.413e+04 1.257e+02 6.234e+01
s>                ( - -5.049e+03 1 0)
s>                ( - -8.959e+03 1 0))
s>            ( QUESTION2_0_L -1 -3.099e+04 1.701e+02 1.363e+02
s>                ( - -2.673e+04 2 0)
s>                ( - -4.091e+03 1 0)))
s>        ( QUESTION0_0_R 1 -2.000e+04 2.875e+02 9.113e+01
s>            ( QUESTION2_0_L -1 -1.543e+04 3.322e+02 6.957e+01
s>                ( - -1.419e+03 1 0)
s>                ( - -1.368e+04 1 0))
s>            ( - -4.284e+03 1 0)))INFO: dtree.c(1315): Comp split 4
INFO: dtree.c(1439): stop. leaf nodes are specific
INFO: dtree.c(1478): Final simple tree
|( QUESTION1 1 -4.696e+04 2.666e+02 2.056e+02
|    ( QUESTION4 1 -1.413e+04 1.257e+02 6.234e+01
|        ( - -5.049e+03 1 0)
|        ( - -8.959e+03 1 0))
|    ( QUESTION2_0_L -1 -3.256e+04 1.705e+02 1.433e+02
|        ( QUESTION0_0_R 1 -2.830e+04 1.479e+02 1.244e+02
|            ( - -1.419e+03 1 0)
|            ( - -2.673e+04 2 0))
|        ( - -4.091e+03 1 0)))
s>    ( QUESTION1 1 -4.696e+04 2.666e+02 2.056e+02
s>        ( QUESTION4 1 -1.413e+04 1.257e+02 6.234e+01
s>            ( - -5.049e+03 1 0)
s>            ( - -8.959e+03 1 0))
s>        ( QUESTION2_0_L -1 -3.256e+04 1.705e+02 1.433e+02
s>            ( QUESTION0_0_R 1 -2.830e+04 1.479e+02 1.244e+02
s>                ( - -1.419e+03 1 0)
s>                ( - -2.673e+04 2 0))
s>            ( - -4.091e+03 1 0)))INFO: dtree.c(1439): stop. leaf nodes are specific
INFO: dtree.c(1478): Final simple tree
|( QUESTION0_0_R 1 -1.821e+04 2.530e+02 8.413e+01
|    ( - -1.368e+04 1 0)
|    ( - -4.284e+03 1 0))
s>    ( QUESTION0_0_R 1 -1.821e+04 2.530e+02 8.413e+01
s>        ( - -1.368e+04 1 0)
s>        ( - -4.284e+03 1 0))INFO: dtree.c(1315): Comp split 5
INFO: dtree.c(1315): Comp split 6
INFO: dtree.c(1478): Final simple tree
|( QUESTION0_20_R 1 -1.520e+05 5.584e+02 6.638e+02
|    ( QUESTION2_0_L -1 -3.859e+04 2.245e+02 1.726e+02
|        ( - -3.168e+04 3 0)
|        ( - -6.690e+03 1 0))
|    ( QUESTION0_9_R 1 -1.128e+05 5.591e+02 4.912e+02
|        ( - -1.999e+04 2 0 QUESTION0_10_R 1 1.528e+02 8.894e+01)
|        ( QUESTION15 1 -9.230e+04 2.505e+02 4.023e+02
|            ( - -5.352e+04 2 0 WDBNDRY_E 0 1.526e+02 2.349e+02)
|            ( QUESTION0_7_R 1 -3.853e+04 2.531e+02 1.674e+02
|                ( - -3.820e+03 1 0)
|                ( QUESTION17 1 -3.446e+04 1.985e+02 1.499e+02
|                    ( - -1.724e+03 2 0 QUESTION0_0_R 1 1.422e+02 8.000e+00)
|                    ( WDBNDRY_E 0 -3.253e+04 1.763e+02 1.419e+02
|                        ( - -2.420e+04 4 0 QUESTION0_0_R 1 1.748e+02 1.055e+02)
|                        ( - -8.154e+03 1 0)))))))
s>    ( QUESTION0_20_R 1 -1.520e+05 5.584e+02 6.638e+02
s>        ( QUESTION2_0_L -1 -3.859e+04 2.245e+02 1.726e+02
s>            ( - -3.168e+04 3 0)
s>            ( - -6.690e+03 1 0))
s>        ( QUESTION0_9_R 1 -1.128e+05 5.591e+02 4.912e+02
s>            ( - -1.999e+04 2 0 QUESTION0_10_R 1 1.528e+02 8.894e+01)
s>            ( QUESTION15 1 -9.230e+04 2.505e+02 4.023e+02
s>                ( - -5.352e+04 2 0 WDBNDRY_E 0 1.526e+02 2.349e+02)
s>                ( QUESTION0_7_R 1 -3.853e+04 2.531e+02 1.674e+02
s>                    ( - -3.820e+03 1 0)
s>                    ( QUESTION17 1 -3.446e+04 1.985e+02 1.499e+02
s>                        ( - -1.724e+03 2 0 QUESTION0_0_R 1 1.422e+02 8.000e+00)
s>                        ( WDBNDRY_E 0 -3.253e+04 1.763e+02 1.419e+02
s>                            ( - -2.420e+04 4 0 QUESTION0_0_R 1 1.748e+02 1.055e+02)
s>                            ( - -8.154e+03 1 0)))))))INFO: dtree.c(1478): Final simple tree
|( QUESTION0_3_R 1 -6.389e+04 7.116e+02 2.726e+02
|    ( WDBNDRY_E 0 -2.667e+04 2.378e+02 1.141e+02
|        ( - -1.069e+04 1 0)
|        ( - -1.575e+04 1 0))
|    ( QUESTION0_15_R 1 -3.651e+04 4.554e+02 1.585e+02
|        ( - 2.098e+02 1 0)
|        ( QUESTION0_9_R 1 -3.626e+04 3.194e+02 1.575e+02
|            ( WDBNDRY_E 0 -8.342e+03 1.400e+02 3.692e+01
|                ( - -7.446e+03 1 0)
|                ( - -7.558e+02 1 0))
|            ( QUESTION0_1_R 1 -2.760e+04 1.700e+02 1.206e+02
|                ( - -2.424e+04 2 0)
|                ( QUESTION0_0_R 1 -3.190e+03 1.540e+02 1.432e+01
|                    ( - -5.199e+02 1 0)
|                    ( - -2.516e+03 1 0))))))
s>    ( QUESTION0_3_R 1 -6.389e+04 7.116e+02 2.726e+02
s>        ( WDBNDRY_E 0 -2.667e+04 2.378e+02 1.141e+02
s>            ( - -1.069e+04 1 0)
s>            ( - -1.575e+04 1 0))
s>        ( QUESTION0_15_R 1 -3.651e+04 4.554e+02 1.585e+02
s>            ( - 2.098e+02 1 0)
s>            ( QUESTION0_9_R 1 -3.626e+04 3.194e+02 1.575e+02
s>                ( WDBNDRY_E 0 -8.342e+03 1.400e+02 3.692e+01
s>                    ( - -7.446e+03 1 0)
s>                    ( - -7.558e+02 1 0))
s>                ( QUESTION0_1_R 1 -2.760e+04 1.700e+02 1.206e+02
s>                    ( - -2.424e+04 2 0)
s>                    ( QUESTION0_0_R 1 -3.190e+03 1.540e+02 1.432e+01
s>                        ( - -5.199e+02 1 0)
s>                        ( - -2.516e+03 1 0))))))INFO: dtree.c(1315): Comp split 7
INFO: dtree.c(1439): stop. leaf nodes are specific
INFO: dtree.c(1478): Final simple tree
|( QUESTION0 1 -8.178e+04 7.504e+02 3.798e+02
|    ( WDBNDRY_B 0 -1.101e+04 1.703e+02 4.823e+01
|        ( - -9.594e+03 1 0)
|        ( - -1.245e+03 2 0))
|    ( QUESTION11 -1 -7.002e+04 3.414e+02 3.316e+02
|        ( - -6.498e+04 1 0)
|        ( - -4.703e+03 1 0)))
s>    ( QUESTION0 1 -8.178e+04 7.504e+02 3.798e+02
s>        ( WDBNDRY_B 0 -1.101e+04 1.703e+02 4.823e+01
s>            ( - -9.594e+03 1 0)
s>            ( - -1.245e+03 2 0))
s>        ( QUESTION11 -1 -7.002e+04 3.414e+02 3.316e+02
s>            ( - -6.498e+04 1 0)
s>            ( - -4.703e+03 1 0)))INFO: dtree.c(1315): Comp split 8
INFO: dtree.c(1478): Final simple tree
|( QUESTION15 1 -9.230e+04 2.505e+02 4.023e+02
|    ( WDBNDRY_E 0 -5.352e+04 1.526e+02 2.349e+02
|        ( - -5.113e+04 1 0)
|        ( - -2.236e+03 1 0))
|    ( QUESTION0_7_R 1 -3.853e+04 2.531e+02 1.674e+02
|        ( - -3.820e+03 1 0)
|        ( QUESTION17 1 -3.446e+04 1.985e+02 1.499e+02
|            ( - -1.724e+03 2 0 QUESTION0_0_R 1 1.422e+02 8.000e+00)
|            ( WDBNDRY_E 0 -3.253e+04 1.763e+02 1.419e+02
|                ( QUESTION0_0_R 1 -2.420e+04 1.748e+02 1.055e+02
|                    ( QUESTION0_5_R 1 -1.775e+04 1.543e+02 7.783e+01
|                        ( - -8.720e+03 1 0)
|                        ( - -8.877e+03 2 0 QUESTION0_1_R 1 8.629e+01 3.902e+01))
|                    ( - -6.277e+03 1 0))
|                ( - -8.154e+03 1 0)))))
s>    ( QUESTION15 1 -9.230e+04 2.505e+02 4.023e+02
s>        ( WDBNDRY_E 0 -5.352e+04 1.526e+02 2.349e+02
s>            ( - -5.113e+04 1 0)
s>            ( - -2.236e+03 1 0))
s>        ( QUESTION0_7_R 1 -3.853e+04 2.531e+02 1.674e+02
s>            ( - -3.820e+03 1 0)
s>            ( QUESTION17 1 -3.446e+04 1.985e+02 1.499e+02
s>                ( - -1.724e+03 2 0 QUESTION0_0_R 1 1.422e+02 8.000e+00)
s>                ( WDBNDRY_E 0 -3.253e+04 1.763e+02 1.419e+02
s>                    ( QUESTION0_0_R 1 -2.420e+04 1.748e+02 1.055e+02
s>                        ( QUESTION0_5_R 1 -1.775e+04 1.543e+02 7.783e+01
s>                            ( - -8.720e+03 1 0)
s>                            ( - -8.877e+03 2 0 QUESTION0_1_R 1 8.629e+01 3.902e+01))
s>                        ( - -6.277e+03 1 0))
s>                    ( - -8.154e+03 1 0)))))INFO: dtree.c(1439): stop. leaf nodes are specific
INFO: dtree.c(1478): Final simple tree
|( QUESTION0_0_R 1 -5.886e+04 2.844e+02 2.616e+02
|    ( QUESTION0_10_R 1 -1.999e+04 1.528e+02 8.894e+01
|        ( - -1.912e+04 1 0)
|        ( - -7.181e+02 1 0))
|    ( QUESTION2_0_L -1 -3.859e+04 2.245e+02 1.726e+02
|        ( - -3.168e+04 3 0)
|        ( - -6.690e+03 1 0)))
s>    ( QUESTION0_0_R 1 -5.886e+04 2.844e+02 2.616e+02
s>        ( QUESTION0_10_R 1 -1.999e+04 1.528e+02 8.894e+01
s>            ( - -1.912e+04 1 0)
s>            ( - -7.181e+02 1 0))
s>        ( QUESTION2_0_L -1 -3.859e+04 2.245e+02 1.726e+02
s>            ( - -3.168e+04 3 0)
s>            ( - -6.690e+03 1 0)))INFO: dtree.c(1315): Comp split 9
INFO: dtree.c(1439): stop. leaf nodes are specific
INFO: dtree.c(1478): Final simple tree
|( QUESTION11 -1 -7.002e+04 3.414e+02 3.316e+02
|    ( - -6.498e+04 1 0)
|    ( - -4.703e+03 1 0))
s>    ( QUESTION11 -1 -7.002e+04 3.414e+02 3.316e+02
s>        ( - -6.498e+04 1 0)
s>        ( - -4.703e+03 1 0))INFO: dtree.c(1439): stop. leaf nodes are specific
INFO: dtree.c(1478): Final simple tree
|( WDBNDRY_B 0 -1.101e+04 1.703e+02 4.823e+01
|    ( - -9.594e+03 1 0)
|    ( - -1.245e+03 2 0))
s>    ( WDBNDRY_B 0 -1.101e+04 1.703e+02 4.823e+01
s>        ( - -9.594e+03 1 0)
s>        ( - -1.245e+03 2 0))INFO: dtree.c(1315): Comp split 10
INFO: dtree.c(1439): stop. leaf nodes are specific
INFO: dtree.c(1478): Final simple tree
|( QUESTION0_15_R 1 -3.651e+04 4.554e+02 1.585e+02
|    ( - 2.098e+02 1 0)
|    ( QUESTION0_9_R 1 -3.626e+04 3.194e+02 1.575e+02
|        ( WDBNDRY_E 0 -8.342e+03 1.400e+02 3.692e+01
|            ( - -7.446e+03 1 0)
|            ( - -7.558e+02 1 0))
|        ( QUESTION0_1_R 1 -2.760e+04 1.700e+02 1.206e+02
|            ( - -2.424e+04 2 0)
|            ( QUESTION0_0_R 1 -3.190e+03 1.540e+02 1.432e+01
|                ( - -5.199e+02 1 0)
|                ( - -2.516e+03 1 0)))))
s>    ( QUESTION0_15_R 1 -3.651e+04 4.554e+02 1.585e+02
s>        ( - 2.098e+02 1 0)
s>        ( QUESTION0_9_R 1 -3.626e+04 3.194e+02 1.575e+02
s>            ( WDBNDRY_E 0 -8.342e+03 1.400e+02 3.692e+01
s>                ( - -7.446e+03 1 0)
s>                ( - -7.558e+02 1 0))
s>            ( QUESTION0_1_R 1 -2.760e+04 1.700e+02 1.206e+02
s>                ( - -2.424e+04 2 0)
s>                ( QUESTION0_0_R 1 -3.190e+03 1.540e+02 1.432e+01
s>                    ( - -5.199e+02 1 0)
s>                    ( - -2.516e+03 1 0)))))INFO: dtree.c(1439): stop. leaf nodes are specific
INFO: dtree.c(1478): Final simple tree
|( WDBNDRY_E 0 -2.667e+04 2.378e+02 1.141e+02
|    ( - -1.069e+04 1 0)
|    ( - -1.575e+04 1 0))
s>    ( WDBNDRY_E 0 -2.667e+04 2.378e+02 1.141e+02
s>        ( - -1.069e+04 1 0)
s>        ( - -1.575e+04 1 0))INFO: dtree.c(1315): Comp split 11
INFO: dtree.c(1439): stop. leaf nodes are specific
INFO: dtree.c(1478): Final simple tree
|( QUESTION0_9_R 1 -3.626e+04 3.194e+02 1.575e+02
|    ( WDBNDRY_E 0 -8.342e+03 1.400e+02 3.692e+01
|        ( - -7.446e+03 1 0)
|        ( - -7.558e+02 1 0))
|    ( QUESTION0_1_R 1 -2.760e+04 1.700e+02 1.206e+02
|        ( - -2.424e+04 2 0)
|        ( QUESTION0_0_R 1 -3.190e+03 1.540e+02 1.432e+01
|            ( - -5.199e+02 1 0)
|            ( - -2.516e+03 1 0))))
s>    ( QUESTION0_9_R 1 -3.626e+04 3.194e+02 1.575e+02
s>        ( WDBNDRY_E 0 -8.342e+03 1.400e+02 3.692e+01
s>            ( - -7.446e+03 1 0)
s>            ( - -7.558e+02 1 0))
s>        ( QUESTION0_1_R 1 -2.760e+04 1.700e+02 1.206e+02
s>            ( - -2.424e+04 2 0)
s>            ( QUESTION0_0_R 1 -3.190e+03 1.540e+02 1.432e+01
s>                ( - -5.199e+02 1 0)
s>                ( - -2.516e+03 1 0))))INFO: dtree.c(1315): Comp split 12
INFO: dtree.c(1439): stop. leaf nodes are specific
INFO: dtree.c(1478): Final simple tree
|( QUESTION0_7_R 1 -6.402e+04 2.380e+02 2.812e+02
|    ( - -3.820e+03 1 0)
|    ( QUESTION0_3_R 1 -5.996e+04 1.074e+02 2.637e+02
|        ( - -5.113e+04 1 0)
|        ( - -8.720e+03 1 0)))
s>    ( QUESTION0_7_R 1 -6.402e+04 2.380e+02 2.812e+02
s>        ( - -3.820e+03 1 0)
s>        ( QUESTION0_3_R 1 -5.996e+04 1.074e+02 2.637e+02
s>            ( - -5.113e+04 1 0)
s>            ( - -8.720e+03 1 0)))INFO: dtree.c(1439): stop. leaf nodes are specific
INFO: dtree.c(1478): Final simple tree
|( QUESTION0_5_R 1 -2.792e+04 2.378e+02 1.210e+02
|    ( - -1.226e+03 1 0)
|    ( QUESTION18 1 -2.646e+04 1.606e+02 1.150e+02
|        ( - -6.277e+03 1 0)
|        ( WDBNDRY_E 0 -2.002e+04 1.434e+02 8.741e+01
|            ( QUESTION0_0_R 1 -9.341e+03 1.080e+02 4.102e+01
|                ( QUESTION0_1_R 1 -8.877e+03 8.629e+01 3.902e+01
|                    ( - -3.073e+03 1 0)
|                    ( - -5.718e+03 1 0))
|                ( - -3.557e+02 1 0))
|            ( QUESTION14 1 -1.053e+04 1.445e+02 4.639e+01
|                ( - -8.154e+03 1 0)
|                ( - -2.236e+03 1 0)))))
s>    ( QUESTION0_5_R 1 -2.792e+04 2.378e+02 1.210e+02
s>        ( - -1.226e+03 1 0)
s>        ( QUESTION18 1 -2.646e+04 1.606e+02 1.150e+02
s>            ( - -6.277e+03 1 0)
s>            ( WDBNDRY_E 0 -2.002e+04 1.434e+02 8.741e+01
s>                ( QUESTION0_0_R 1 -9.341e+03 1.080e+02 4.102e+01
s>                    ( QUESTION0_1_R 1 -8.877e+03 8.629e+01 3.902e+01
s>                        ( - -3.073e+03 1 0)
s>                        ( - -5.718e+03 1 0))
s>                    ( - -3.557e+02 1 0))
s>                ( QUESTION14 1 -1.053e+04 1.445e+02 4.639e+01
s>                    ( - -8.154e+03 1 0)
s>                    ( - -2.236e+03 1 0)))))INFO: dtree.c(1315): Comp split 13
INFO: dtree.c(1315): Comp split 14
INFO: dtree.c(1439): stop. leaf nodes are specific
INFO: dtree.c(1478): Final simple tree
|( QUESTION0_0_R 1 -2.849e+04 1.708e+02 1.246e+02
|    ( QUESTION0_6_R 1 -2.581e+04 1.546e+02 1.132e+02
|        ( - -5.199e+02 1 0)
|        ( WDBNDRY_E 0 -2.513e+04 1.367e+02 1.102e+02
|            ( - -2.424e+04 2 0)
|            ( - -7.558e+02 1 0)))
|    ( - -2.516e+03 1 0))
s>    ( QUESTION0_0_R 1 -2.849e+04 1.708e+02 1.246e+02
s>        ( QUESTION0_6_R 1 -2.581e+04 1.546e+02 1.132e+02
s>            ( - -5.199e+02 1 0)
s>            ( WDBNDRY_E 0 -2.513e+04 1.367e+02 1.102e+02
s>                ( - -2.424e+04 2 0)
s>                ( - -7.558e+02 1 0)))
s>        ( - -2.516e+03 1 0))INFO: dtree.c(1315): Comp split 15
INFO: dtree.c(1439): stop. leaf nodes are specific
INFO: dtree.c(1478): Final simple tree
|( QUESTION0_0_R 1 -3.255e+04 1.524e+02 1.466e+02
|    ( - -7.181e+02 1 0)
|    ( - -3.168e+04 3 0))
s>    ( QUESTION0_0_R 1 -3.255e+04 1.524e+02 1.466e+02
s>        ( - -7.181e+02 1 0)
s>        ( - -3.168e+04 3 0))INFO: dtree.c(1439): stop. leaf nodes are specific
INFO: dtree.c(1478): Final simple tree
|( QUESTION0_0_R 1 -2.601e+04 2.016e+02 1.150e+02
|    ( - -1.912e+04 1 0)
|    ( - -6.690e+03 1 0))
s>    ( QUESTION0_0_R 1 -2.601e+04 2.016e+02 1.150e+02
s>        ( - -1.912e+04 1 0)
s>        ( - -6.690e+03 1 0))INFO: dtree.c(1315): Comp split 16
INFO: dtree.c(1439): stop. leaf nodes are specific
INFO: dtree.c(1478): Final simple tree
|( QUESTION4 1 -1.413e+04 1.257e+02 6.234e+01
|    ( - -5.049e+03 1 0)
|    ( - -8.959e+03 1 0))
s>    ( QUESTION4 1 -1.413e+04 1.257e+02 6.234e+01
s>        ( - -5.049e+03 1 0)
s>        ( - -8.959e+03 1 0))INFO: dtree.c(1439): stop. leaf nodes are specific
INFO: dtree.c(1478): Final simple tree
|( QUESTION2_0_L -1 -3.256e+04 1.705e+02 1.433e+02
|    ( QUESTION0_0_R 1 -2.830e+04 1.479e+02 1.244e+02
|        ( - -1.419e+03 1 0)
|        ( - -2.673e+04 2 0))
|    ( - -4.091e+03 1 0))
s>    ( QUESTION2_0_L -1 -3.256e+04 1.705e+02 1.433e+02
s>        ( QUESTION0_0_R 1 -2.830e+04 1.479e+02 1.244e+02
s>            ( - -1.419e+03 1 0)
s>            ( - -2.673e+04 2 0))
s>        ( - -4.091e+03 1 0))INFO: dtree.c(1315): Comp split 17
INFO: dtree.c(1315): Comp split 18
INFO: dtree.c(1315): Comp split 19
INFO: dtree.c(1439): stop. leaf nodes are specific
INFO: dtree.c(1478): Final simple tree
|( QUESTION0_3_R 1 -5.996e+04 1.074e+02 2.637e+02
|    ( - -5.113e+04 1 0)
|    ( - -8.720e+03 1 0))
s>    ( QUESTION0_3_R 1 -5.996e+04 1.074e+02 2.637e+02
s>        ( - -5.113e+04 1 0)
s>        ( - -8.720e+03 1 0))INFO: dtree.c(1315): Comp split 20
INFO: dtree.c(1439): stop. leaf nodes are specific
INFO: dtree.c(1478): Final simple tree
|( QUESTION18 1 -2.646e+04 1.606e+02 1.150e+02
|    ( - -6.277e+03 1 0)
|    ( WDBNDRY_E 0 -2.002e+04 1.434e+02 8.741e+01
|        ( QUESTION0_0_R 1 -9.341e+03 1.080e+02 4.102e+01
|            ( QUESTION0_1_R 1 -8.877e+03 8.629e+01 3.902e+01
|                ( - -3.073e+03 1 0)
|                ( - -5.718e+03 1 0))
|            ( - -3.557e+02 1 0))
|        ( QUESTION14 1 -1.053e+04 1.445e+02 4.639e+01
|            ( - -8.154e+03 1 0)
|            ( - -2.236e+03 1 0))))
s>    ( QUESTION18 1 -2.646e+04 1.606e+02 1.150e+02
s>        ( - -6.277e+03 1 0)
s>        ( WDBNDRY_E 0 -2.002e+04 1.434e+02 8.741e+01
s>            ( QUESTION0_0_R 1 -9.341e+03 1.080e+02 4.102e+01
s>                ( QUESTION0_1_R 1 -8.877e+03 8.629e+01 3.902e+01
s>                    ( - -3.073e+03 1 0)
s>                    ( - -5.718e+03 1 0))
s>                ( - -3.557e+02 1 0))
s>            ( QUESTION14 1 -1.053e+04 1.445e+02 4.639e+01
s>                ( - -8.154e+03 1 0)
s>                ( - -2.236e+03 1 0))))INFO: dtree.c(1315): Comp split 21
INFO: dtree.c(1315): Comp split 22
INFO: dtree.c(1315): Comp split 23
INFO: dtree.c(1439): stop. leaf nodes are specific
INFO: dtree.c(1478): Final simple tree
|( QUESTION18 1 -1.813e+04 1.623e+02 7.865e+01
|    ( - -6.277e+03 1 0)
|    ( QUESTION0_0_R 1 -1.169e+04 1.103e+02 5.102e+01
|        ( WDBNDRY_E 0 -1.122e+04 1.064e+02 4.902e+01
|            ( QUESTION0_1_R 1 -8.877e+03 8.629e+01 3.902e+01
|                ( - -3.073e+03 1 0)
|                ( - -5.718e+03 1 0))
|            ( - -2.236e+03 1 0))
|        ( - -3.557e+02 1 0)))
s>    ( QUESTION18 1 -1.813e+04 1.623e+02 7.865e+01
s>        ( - -6.277e+03 1 0)
s>        ( QUESTION0_0_R 1 -1.169e+04 1.103e+02 5.102e+01
s>            ( WDBNDRY_E 0 -1.122e+04 1.064e+02 4.902e+01
s>                ( QUESTION0_1_R 1 -8.877e+03 8.629e+01 3.902e+01
s>                    ( - -3.073e+03 1 0)
s>                    ( - -5.718e+03 1 0))
s>                ( - -2.236e+03 1 0))
s>            ( - -3.557e+02 1 0)))INFO: dtree.c(1315): Comp split 24
INFO: dtree.c(1439): stop. leaf nodes are specific
INFO: dtree.c(1478): Final simple tree
|( WDBNDRY_E 0 -2.513e+04 1.367e+02 1.102e+02
|    ( - -2.424e+04 2 0)
|    ( - -7.558e+02 1 0))
s>    ( WDBNDRY_E 0 -2.513e+04 1.367e+02 1.102e+02
s>        ( - -2.424e+04 2 0)
s>        ( - -7.558e+02 1 0))INFO: dtree.c(1439): stop. leaf nodes are specific
INFO: dtree.c(1478): Final simple tree
|( QUESTION0_0_R 1 -3.190e+03 1.540e+02 1.432e+01
|    ( - -5.199e+02 1 0)
|    ( - -2.516e+03 1 0))
s>    ( QUESTION0_0_R 1 -3.190e+03 1.540e+02 1.432e+01
s>        ( - -5.199e+02 1 0)
s>        ( - -2.516e+03 1 0))INFO: dtree.c(1315): Comp split 25
INFO: dtree.c(1439): stop. leaf nodes are specific
INFO: dtree.c(1478): Final simple tree
|( QUESTION0_0_R 1 -2.830e+04 1.479e+02 1.244e+02
|    ( - -1.419e+03 1 0)
|    ( - -2.673e+04 2 0))
s>    ( QUESTION0_0_R 1 -2.830e+04 1.479e+02 1.244e+02
s>        ( - -1.419e+03 1 0)
s>        ( - -2.673e+04 2 0))INFO: dtree.c(1315): Comp split 26
INFO: dtree.c(1315): Comp split 27
INFO: dtree.c(1439): stop. leaf nodes are specific
INFO: dtree.c(1478): Final simple tree
|( QUESTION0_0_R 1 -1.169e+04 1.103e+02 5.102e+01
|    ( WDBNDRY_E 0 -1.122e+04 1.064e+02 4.902e+01
|        ( QUESTION0_1_R 1 -8.877e+03 8.629e+01 3.902e+01
|            ( - -3.073e+03 1 0)
|            ( - -5.718e+03 1 0))
|        ( - -2.236e+03 1 0))
|    ( - -3.557e+02 1 0))
s>    ( QUESTION0_0_R 1 -1.169e+04 1.103e+02 5.102e+01
s>        ( WDBNDRY_E 0 -1.122e+04 1.064e+02 4.902e+01
s>            ( QUESTION0_1_R 1 -8.877e+03 8.629e+01 3.902e+01
s>                ( - -3.073e+03 1 0)
s>                ( - -5.718e+03 1 0))
s>            ( - -2.236e+03 1 0))
s>        ( - -3.557e+02 1 0))INFO: dtree.c(1315): Comp split 28
INFO: dtree.c(1315): Comp split 29
INFO: dtree.c(1315): Comp split 30
INFO: dtree.c(1315): Comp split 31
INFO: dtree.c(1315): Comp split 32
INFO: dtree.c(1315): Comp split 33
INFO: dtree.c(1439): stop. leaf nodes are specific
INFO: dtree.c(1478): Final simple tree
|( WDBNDRY_E 0 -1.122e+04 1.064e+02 4.902e+01
|    ( QUESTION0_1_R 1 -8.877e+03 8.629e+01 3.902e+01
|        ( - -3.073e+03 1 0)
|        ( - -5.718e+03 1 0))
|    ( - -2.236e+03 1 0))
s>    ( WDBNDRY_E 0 -1.122e+04 1.064e+02 4.902e+01
s>        ( QUESTION0_1_R 1 -8.877e+03 8.629e+01 3.902e+01
s>            ( - -3.073e+03 1 0)
s>            ( - -5.718e+03 1 0))
s>        ( - -2.236e+03 1 0))INFO: dtree.c(1315): Comp split 34
INFO: dtree.c(1315): Comp split 35
INFO: dtree.c(1439): stop. leaf nodes are specific
INFO: dtree.c(1478): Final simple tree
|( QUESTION0_1_R 1 -8.877e+03 8.629e+01 3.902e+01
|    ( - -3.073e+03 1 0)
|    ( - -5.718e+03 1 0))
s>    ( QUESTION0_1_R 1 -8.877e+03 8.629e+01 3.902e+01
s>        ( - -3.073e+03 1 0)
s>        ( - -5.718e+03 1 0))INFO: dtree.c(1315): Comp split 36
INFO: dtree.c(1315): Comp split 37
INFO: dtree.c(1318): stop. leaf nodes are specific
Wed Dec 20 23:52:22 2017
