Current configuration:
[NAME]		[DEFLT]	[VALUE]
-allphones	no	no
-cntthresh	0.00001	1.000000e-05
-csplitmax	100	2000
-csplitmin	1	1
-csplitthr	8e-4	0.000000e+00
-example	no	no
-fullvar	no	no
-help		no	no
-meanfn			/home/alex/repos/speech/an4/model_parameters/an4.cd_cont_untied/means
-mixwfn			/home/alex/repos/speech/an4/model_parameters/an4.cd_cont_untied/mixture_weights
-moddeffn		/home/alex/repos/speech/an4/model_architecture/an4.untied.mdef
-mwfloor	1e-4	1.000000e-08
-phone			V
-psetfn			/home/alex/repos/speech/an4/model_architecture/an4.tree_questions
-ssplitmax	5	7
-ssplitmin	1	1
-ssplitthr	8e-4	0.000000e+00
-state			0
-stwt			1.0,0.05,0.0,
-treefn			/home/alex/repos/speech/an4/trees/an4.unpruned/V-0.dtree
-ts2cbfn	.semi.	.cont.
-varfloor	0.00001	1.000000e-05
-varfn			/home/alex/repos/speech/an4/model_parameters/an4.cd_cont_untied/variances

INFO: main.c(223): Reading: /home/alex/repos/speech/an4/model_architecture/an4.untied.mdef
INFO: model_def_io.c(573): Model definition info:
INFO: model_def_io.c(574): 1618 total models defined (34 base, 1584 tri)
INFO: model_def_io.c(575): 6472 total states
INFO: model_def_io.c(576): 4854 total tied states
INFO: model_def_io.c(577): 102 total tied CI states
INFO: model_def_io.c(578): 34 total tied transition matrices
INFO: model_def_io.c(579): 4 max state/model
INFO: model_def_io.c(580): 4 min state/model
INFO: main.c(242): Building trees for [V AH IY b] through [V T IY b]
INFO: main.c(269): Covering states |[4587 4670]| == 84
INFO: main.c(275): Reading: /home/alex/repos/speech/an4/model_parameters/an4.cd_cont_untied/mixture_weights
INFO: s3mixw_io.c(173): Read /home/alex/repos/speech/an4/model_parameters/an4.cd_cont_untied/mixture_weights [84x1x1 array]
INFO: main.c(311): 28 of 28 models have observation count greater than 0.000010
INFO: main.c(95): nrm stwt: 0.952 0.048 0.000 
INFO: s3gau_io.c(169): Read /home/alex/repos/speech/an4/model_parameters/an4.cd_cont_untied/means [4854x1x1 array]
INFO: s3gau_io.c(169): Read /home/alex/repos/speech/an4/model_parameters/an4.cd_cont_untied/variances [4854x1x1 array]
INFO: main.c(549): Reading: /home/alex/repos/speech/an4/model_architecture/an4.tree_questions
INFO: main.c(588): 180 total simple questions (172 phone; 8 word bndry)
INFO: main.c(590): 42 Left Only questions, and 42 Right Only questions
INFO: dtree.c(1478): Final simple tree
|( WDBNDRY_I 0 -3.062e+05 3.121e+03 1.400e+03
|    ( - -8.940e+04 1 0)
|    ( QUESTION0_0_R 1 -2.137e+05 1.509e+03 9.797e+02
|        ( - -9.624e+04 11 0 QUESTION2_0_L -1 3.164e+02 4.485e+02)
|        ( SILENCE -1 -1.160e+05 6.595e+02 5.312e+02
|            ( - -5.115e+03 1 0)
|            ( SILENCE 1 -1.102e+05 7.071e+02 5.051e+02
|                ( QUESTION2_0_L -1 -6.380e+04 4.798e+02 2.974e+02
|                    ( - -6.356e+04 1 0)
|                    ( - 2.428e+02 1 0))
|                ( QUESTION2_8_L -1 -4.568e+04 4.410e+02 2.077e+02
|                    ( - 2.158e+02 1 0)
|                    ( QUESTION2_0_L -1 -4.545e+04 4.274e+02 2.067e+02
|                        ( - -3.134e+04 5 0 QUESTION0 -1 3.839e+02 1.453e+02)
|                        ( - -1.369e+04 7 0 QUESTION2_14_L -1 2.939e+02 6.138e+01)))))))
s>    ( WDBNDRY_I 0 -3.062e+05 3.121e+03 1.400e+03
s>        ( - -8.940e+04 1 0)
s>        ( QUESTION0_0_R 1 -2.137e+05 1.509e+03 9.797e+02
s>            ( - -9.624e+04 11 0 QUESTION2_0_L -1 3.164e+02 4.485e+02)
s>            ( SILENCE -1 -1.160e+05 6.595e+02 5.312e+02
s>                ( - -5.115e+03 1 0)
s>                ( SILENCE 1 -1.102e+05 7.071e+02 5.051e+02
s>                    ( QUESTION2_0_L -1 -6.380e+04 4.798e+02 2.974e+02
s>                        ( - -6.356e+04 1 0)
s>                        ( - 2.428e+02 1 0))
s>                    ( QUESTION2_8_L -1 -4.568e+04 4.410e+02 2.077e+02
s>                        ( - 2.158e+02 1 0)
s>                        ( QUESTION2_0_L -1 -4.545e+04 4.274e+02 2.067e+02
s>                            ( - -3.134e+04 5 0 QUESTION0 -1 3.839e+02 1.453e+02)
s>                            ( - -1.369e+04 7 0 QUESTION2_14_L -1 2.939e+02 6.138e+01)))))))INFO: dtree.c(1315): Comp split 0
INFO: dtree.c(1478): Final simple tree
|( QUESTION0_0_R 1 -2.137e+05 1.509e+03 9.797e+02
|    ( - -9.624e+04 11 0 QUESTION2_0_L -1 3.164e+02 4.485e+02)
|    ( SILENCE -1 -1.160e+05 6.595e+02 5.312e+02
|        ( - -5.115e+03 1 0)
|        ( SILENCE 1 -1.102e+05 7.071e+02 5.051e+02
|            ( QUESTION2_0_L -1 -6.380e+04 4.798e+02 2.974e+02
|                ( - -6.356e+04 1 0)
|                ( - 2.428e+02 1 0))
|            ( QUESTION2_8_L -1 -4.568e+04 4.410e+02 2.077e+02
|                ( - 2.158e+02 1 0)
|                ( QUESTION2_0_L -1 -4.545e+04 4.274e+02 2.067e+02
|                    ( QUESTION0 -1 -3.134e+04 3.839e+02 1.453e+02
|                        ( - -8.747e+03 1 0)
|                        ( - -2.221e+04 4 0 WDBNDRY_B 0 2.381e+02 1.032e+02))
|                    ( - -1.369e+04 7 0 QUESTION2_14_L -1 2.939e+02 6.138e+01))))))
s>    ( QUESTION0_0_R 1 -2.137e+05 1.509e+03 9.797e+02
s>        ( - -9.624e+04 11 0 QUESTION2_0_L -1 3.164e+02 4.485e+02)
s>        ( SILENCE -1 -1.160e+05 6.595e+02 5.312e+02
s>            ( - -5.115e+03 1 0)
s>            ( SILENCE 1 -1.102e+05 7.071e+02 5.051e+02
s>                ( QUESTION2_0_L -1 -6.380e+04 4.798e+02 2.974e+02
s>                    ( - -6.356e+04 1 0)
s>                    ( - 2.428e+02 1 0))
s>                ( QUESTION2_8_L -1 -4.568e+04 4.410e+02 2.077e+02
s>                    ( - 2.158e+02 1 0)
s>                    ( QUESTION2_0_L -1 -4.545e+04 4.274e+02 2.067e+02
s>                        ( QUESTION0 -1 -3.134e+04 3.839e+02 1.453e+02
s>                            ( - -8.747e+03 1 0)
s>                            ( - -2.221e+04 4 0 WDBNDRY_B 0 2.381e+02 1.032e+02))
s>                        ( - -1.369e+04 7 0 QUESTION2_14_L -1 2.939e+02 6.138e+01))))))INFO: dtree.c(1315): Comp split 1
INFO: dtree.c(1478): Final simple tree
|( QUESTION2_0_L -1 -1.186e+05 3.056e+02 5.517e+02
|    ( WDBNDRY_B 0 -1.165e+05 3.028e+02 5.427e+02
|        ( - -7.901e+03 1 0)
|        ( QUESTION0_11_R 1 -1.083e+05 2.565e+02 5.062e+02
|            ( - -1.057e+04 1 0)
|            ( QUESTION0_10_R 1 -9.745e+04 2.272e+02 4.572e+02
|                ( - -2.374e+03 1 0)
|                ( QUESTION0 -1 -9.485e+04 1.916e+02 4.452e+02
|                    ( - -9.346e+02 1 0)
|                    ( QUESTION0_20_R 1 -9.372e+04 1.626e+02 4.402e+02
|                        ( - -4.686e+03 1 0)
|                        ( QUESTION0_15_R 1 -8.888e+04 1.457e+02 4.170e+02
|                            ( - -4.437e+03 1 0)
|                            ( - -8.429e+04 6 0 QUESTION0_2_R 1 1.469e+02 3.955e+02)))))))
|    ( - -1.834e+03 3 0 QUESTION0_1_R 1 1.263e+02 9.000e+00))
s>    ( QUESTION2_0_L -1 -1.186e+05 3.056e+02 5.517e+02
s>        ( WDBNDRY_B 0 -1.165e+05 3.028e+02 5.427e+02
s>            ( - -7.901e+03 1 0)
s>            ( QUESTION0_11_R 1 -1.083e+05 2.565e+02 5.062e+02
s>                ( - -1.057e+04 1 0)
s>                ( QUESTION0_10_R 1 -9.745e+04 2.272e+02 4.572e+02
s>                    ( - -2.374e+03 1 0)
s>                    ( QUESTION0 -1 -9.485e+04 1.916e+02 4.452e+02
s>                        ( - -9.346e+02 1 0)
s>                        ( QUESTION0_20_R 1 -9.372e+04 1.626e+02 4.402e+02
s>                            ( - -4.686e+03 1 0)
s>                            ( QUESTION0_15_R 1 -8.888e+04 1.457e+02 4.170e+02
s>                                ( - -4.437e+03 1 0)
s>                                ( - -8.429e+04 6 0 QUESTION0_2_R 1 1.469e+02 3.955e+02)))))))
s>        ( - -1.834e+03 3 0 QUESTION0_1_R 1 1.263e+02 9.000e+00))INFO: dtree.c(1478): Final simple tree
|( SILENCE 1 -9.326e+04 7.290e+02 4.280e+02
|    ( QUESTION2_0_L -1 -6.380e+04 4.798e+02 2.974e+02
|        ( - -6.356e+04 1 0)
|        ( - 2.428e+02 1 0))
|    ( SILENCE -1 -2.873e+04 6.332e+02 1.306e+02
|        ( - -5.115e+03 1 0)
|        ( QUESTION2_8_L -1 -2.298e+04 4.404e+02 1.045e+02
|            ( - 2.158e+02 1 0)
|            ( QUESTION2_7_L -1 -2.276e+04 3.421e+02 1.035e+02
|                ( - -4.407e+03 2 0 QUESTION0 -1 1.735e+02 1.991e+01)
|                ( QUESTION2_14_L -1 -1.801e+04 2.409e+02 8.358e+01
|                    ( - -6.662e+03 2 0)
|                    ( QUESTION7 -1 -1.111e+04 2.109e+02 5.211e+01
|                        ( - -8.747e+03 1 0)
|                        ( - -2.149e+03 3 0 WDBNDRY_B 0 1.696e+02 1.000e+01)))))))
s>    ( SILENCE 1 -9.326e+04 7.290e+02 4.280e+02
s>        ( QUESTION2_0_L -1 -6.380e+04 4.798e+02 2.974e+02
s>            ( - -6.356e+04 1 0)
s>            ( - 2.428e+02 1 0))
s>        ( SILENCE -1 -2.873e+04 6.332e+02 1.306e+02
s>            ( - -5.115e+03 1 0)
s>            ( QUESTION2_8_L -1 -2.298e+04 4.404e+02 1.045e+02
s>                ( - 2.158e+02 1 0)
s>                ( QUESTION2_7_L -1 -2.276e+04 3.421e+02 1.035e+02
s>                    ( - -4.407e+03 2 0 QUESTION0 -1 1.735e+02 1.991e+01)
s>                    ( QUESTION2_14_L -1 -1.801e+04 2.409e+02 8.358e+01
s>                        ( - -6.662e+03 2 0)
s>                        ( QUESTION7 -1 -1.111e+04 2.109e+02 5.211e+01
s>                            ( - -8.747e+03 1 0)
s>                            ( - -2.149e+03 3 0 WDBNDRY_B 0 1.696e+02 1.000e+01)))))))INFO: dtree.c(1315): Comp split 2
INFO: dtree.c(1439): stop. leaf nodes are specific
INFO: dtree.c(1478): Final simple tree
|( SILENCE 1 -1.824e+04 4.766e+02 8.458e+01
|    ( - 2.428e+02 1 0)
|    ( QUESTION2_14_L -1 -1.801e+04 2.409e+02 8.358e+01
|        ( - -6.662e+03 2 0)
|        ( QUESTION7 -1 -1.111e+04 2.109e+02 5.211e+01
|            ( - -8.747e+03 1 0)
|            ( WDBNDRY_B 0 -2.149e+03 1.696e+02 1.000e+01
|                ( QUESTION6 -1 -1.261e+03 1.556e+02 6.000e+00
|                    ( - -5.498e+02 1 0)
|                    ( - -5.551e+02 1 0))
|                ( - -7.190e+02 1 0)))))
s>    ( SILENCE 1 -1.824e+04 4.766e+02 8.458e+01
s>        ( - 2.428e+02 1 0)
s>        ( QUESTION2_14_L -1 -1.801e+04 2.409e+02 8.358e+01
s>            ( - -6.662e+03 2 0)
s>            ( QUESTION7 -1 -1.111e+04 2.109e+02 5.211e+01
s>                ( - -8.747e+03 1 0)
s>                ( WDBNDRY_B 0 -2.149e+03 1.696e+02 1.000e+01
s>                    ( QUESTION6 -1 -1.261e+03 1.556e+02 6.000e+00
s>                        ( - -5.498e+02 1 0)
s>                        ( - -5.551e+02 1 0))
s>                    ( - -7.190e+02 1 0)))))INFO: dtree.c(1439): stop. leaf nodes are specific
INFO: dtree.c(1478): Final simple tree
|( SILENCE -1 -7.421e+04 5.927e+02 3.434e+02
|    ( - -5.115e+03 1 0)
|    ( QUESTION2_8_L -1 -6.850e+04 4.403e+02 3.173e+02
|        ( - 2.158e+02 1 0)
|        ( WDBNDRY_B 0 -6.828e+04 3.079e+02 3.163e+02
|            ( QUESTION0 -1 -4.407e+03 1.735e+02 1.991e+01
|                ( - -1.321e+03 1 0)
|                ( - -2.912e+03 1 0))
|            ( - -6.356e+04 1 0))))
s>    ( SILENCE -1 -7.421e+04 5.927e+02 3.434e+02
s>        ( - -5.115e+03 1 0)
s>        ( QUESTION2_8_L -1 -6.850e+04 4.403e+02 3.173e+02
s>            ( - 2.158e+02 1 0)
s>            ( WDBNDRY_B 0 -6.828e+04 3.079e+02 3.163e+02
s>                ( QUESTION0 -1 -4.407e+03 1.735e+02 1.991e+01
s>                    ( - -1.321e+03 1 0)
s>                    ( - -2.912e+03 1 0))
s>                ( - -6.356e+04 1 0))))INFO: dtree.c(1315): Comp split 3
INFO: dtree.c(1439): stop. leaf nodes are specific
INFO: dtree.c(1478): Final simple tree
|( QUESTION2_8_L -1 -6.850e+04 4.403e+02 3.173e+02
|    ( - 2.158e+02 1 0)
|    ( WDBNDRY_B 0 -6.828e+04 3.079e+02 3.163e+02
|        ( QUESTION0 -1 -4.407e+03 1.735e+02 1.991e+01
|            ( - -1.321e+03 1 0)
|            ( - -2.912e+03 1 0))
|        ( - -6.356e+04 1 0)))
s>    ( QUESTION2_8_L -1 -6.850e+04 4.403e+02 3.173e+02
s>        ( - 2.158e+02 1 0)
s>        ( WDBNDRY_B 0 -6.828e+04 3.079e+02 3.163e+02
s>            ( QUESTION0 -1 -4.407e+03 1.735e+02 1.991e+01
s>                ( - -1.321e+03 1 0)
s>                ( - -2.912e+03 1 0))
s>            ( - -6.356e+04 1 0)))INFO: dtree.c(1315): Comp split 4
INFO: dtree.c(1439): stop. leaf nodes are specific
INFO: dtree.c(1478): Final simple tree
|( QUESTION2_14_L -1 -1.801e+04 2.409e+02 8.358e+01
|    ( - -6.662e+03 2 0)
|    ( QUESTION7 -1 -1.111e+04 2.109e+02 5.211e+01
|        ( - -8.747e+03 1 0)
|        ( WDBNDRY_B 0 -2.149e+03 1.696e+02 1.000e+01
|            ( QUESTION6 -1 -1.261e+03 1.556e+02 6.000e+00
|                ( - -5.498e+02 1 0)
|                ( - -5.551e+02 1 0))
|            ( - -7.190e+02 1 0))))
s>    ( QUESTION2_14_L -1 -1.801e+04 2.409e+02 8.358e+01
s>        ( - -6.662e+03 2 0)
s>        ( QUESTION7 -1 -1.111e+04 2.109e+02 5.211e+01
s>            ( - -8.747e+03 1 0)
s>            ( WDBNDRY_B 0 -2.149e+03 1.696e+02 1.000e+01
s>                ( QUESTION6 -1 -1.261e+03 1.556e+02 6.000e+00
s>                    ( - -5.498e+02 1 0)
s>                    ( - -5.551e+02 1 0))
s>                ( - -7.190e+02 1 0))))INFO: dtree.c(1315): Comp split 5
INFO: dtree.c(1439): stop. leaf nodes are specific
INFO: dtree.c(1478): Final simple tree
|( WDBNDRY_B 0 -6.828e+04 3.079e+02 3.163e+02
|    ( QUESTION0 -1 -4.407e+03 1.735e+02 1.991e+01
|        ( - -1.321e+03 1 0)
|        ( - -2.912e+03 1 0))
|    ( - -6.356e+04 1 0))
s>    ( WDBNDRY_B 0 -6.828e+04 3.079e+02 3.163e+02
s>        ( QUESTION0 -1 -4.407e+03 1.735e+02 1.991e+01
s>            ( - -1.321e+03 1 0)
s>            ( - -2.912e+03 1 0))
s>        ( - -6.356e+04 1 0))INFO: dtree.c(1315): Comp split 6
INFO: dtree.c(1478): Final simple tree
|( QUESTION0_10_R 1 -1.046e+05 2.564e+02 4.892e+02
|    ( - -1.057e+04 1 0)
|    ( QUESTION0_20_R 1 -9.372e+04 1.626e+02 4.402e+02
|        ( - -4.686e+03 1 0)
|        ( QUESTION0_15_R 1 -8.888e+04 1.457e+02 4.170e+02
|            ( - -4.437e+03 1 0)
|            ( QUESTION0_2_R 1 -8.429e+04 1.469e+02 3.955e+02
|                ( QUESTION0_6_R 1 -6.184e+04 1.138e+02 2.921e+02
|                    ( - -3.422e+03 1 0)
|                    ( QUESTION0_3_R 1 -5.831e+04 9.443e+01 2.749e+02
|                        ( - -5.026e+04 1 0)
|                        ( - -7.948e+03 1 0)))
|                ( QUESTION0_0_R 1 -2.231e+04 8.919e+01 1.034e+02
|                    ( - -1.754e+04 2 0)
|                    ( - -4.673e+03 1 0))))))
s>    ( QUESTION0_10_R 1 -1.046e+05 2.564e+02 4.892e+02
s>        ( - -1.057e+04 1 0)
s>        ( QUESTION0_20_R 1 -9.372e+04 1.626e+02 4.402e+02
s>            ( - -4.686e+03 1 0)
s>            ( QUESTION0_15_R 1 -8.888e+04 1.457e+02 4.170e+02
s>                ( - -4.437e+03 1 0)
s>                ( QUESTION0_2_R 1 -8.429e+04 1.469e+02 3.955e+02
s>                    ( QUESTION0_6_R 1 -6.184e+04 1.138e+02 2.921e+02
s>                        ( - -3.422e+03 1 0)
s>                        ( QUESTION0_3_R 1 -5.831e+04 9.443e+01 2.749e+02
s>                            ( - -5.026e+04 1 0)
s>                            ( - -7.948e+03 1 0)))
s>                    ( QUESTION0_0_R 1 -2.231e+04 8.919e+01 1.034e+02
s>                        ( - -1.754e+04 2 0)
s>                        ( - -4.673e+03 1 0))))))INFO: dtree.c(1439): stop. leaf nodes are specific
INFO: dtree.c(1478): Final simple tree
|( QUESTION2_0_L -1 -1.363e+04 2.207e+02 6.248e+01
|    ( QUESTION0_1_R 1 -1.158e+04 1.880e+02 5.348e+01
|        ( - -9.346e+02 1 0)
|        ( WDBNDRY_B 0 -1.046e+04 1.804e+02 4.848e+01
|            ( - -7.901e+03 1 0)
|            ( - -2.374e+03 1 0)))
|    ( QUESTION0_1_R 1 -1.834e+03 1.263e+02 9.000e+00
|        ( - -1.148e+03 2 0)
|        ( - -5.595e+02 1 0)))
s>    ( QUESTION2_0_L -1 -1.363e+04 2.207e+02 6.248e+01
s>        ( QUESTION0_1_R 1 -1.158e+04 1.880e+02 5.348e+01
s>            ( - -9.346e+02 1 0)
s>            ( WDBNDRY_B 0 -1.046e+04 1.804e+02 4.848e+01
s>                ( - -7.901e+03 1 0)
s>                ( - -2.374e+03 1 0)))
s>        ( QUESTION0_1_R 1 -1.834e+03 1.263e+02 9.000e+00
s>            ( - -1.148e+03 2 0)
s>            ( - -5.595e+02 1 0)))INFO: dtree.c(1315): Comp split 7
INFO: dtree.c(1439): stop. leaf nodes are specific
INFO: dtree.c(1478): Final simple tree
|( WDBNDRY_B 0 -6.506e+04 1.707e+02 3.034e+02
|    ( - -1.321e+03 1 0)
|    ( - -6.356e+04 1 0))
s>    ( WDBNDRY_B 0 -6.506e+04 1.707e+02 3.034e+02
s>        ( - -1.321e+03 1 0)
s>        ( - -6.356e+04 1 0))INFO: dtree.c(1315): Comp split 8
INFO: dtree.c(1439): stop. leaf nodes are specific
INFO: dtree.c(1478): Final simple tree
|( QUESTION0_20_R 1 -8.914e+04 1.654e+02 4.186e+02
|    ( - -4.686e+03 1 0)
|    ( QUESTION0_2_R 1 -8.429e+04 1.469e+02 3.955e+02
|        ( QUESTION0_6_R 1 -6.184e+04 1.138e+02 2.921e+02
|            ( - -3.422e+03 1 0)
|            ( QUESTION0_3_R 1 -5.831e+04 9.443e+01 2.749e+02
|                ( - -5.026e+04 1 0)
|                ( - -7.948e+03 1 0)))
|        ( QUESTION0_0_R 1 -2.231e+04 8.919e+01 1.034e+02
|            ( - -1.754e+04 2 0)
|            ( - -4.673e+03 1 0))))
s>    ( QUESTION0_20_R 1 -8.914e+04 1.654e+02 4.186e+02
s>        ( - -4.686e+03 1 0)
s>        ( QUESTION0_2_R 1 -8.429e+04 1.469e+02 3.955e+02
s>            ( QUESTION0_6_R 1 -6.184e+04 1.138e+02 2.921e+02
s>                ( - -3.422e+03 1 0)
s>                ( QUESTION0_3_R 1 -5.831e+04 9.443e+01 2.749e+02
s>                    ( - -5.026e+04 1 0)
s>                    ( - -7.948e+03 1 0)))
s>            ( QUESTION0_0_R 1 -2.231e+04 8.919e+01 1.034e+02
s>                ( - -1.754e+04 2 0)
s>                ( - -4.673e+03 1 0))))INFO: dtree.c(1439): stop. leaf nodes are specific
INFO: dtree.c(1478): Final simple tree
|( QUESTION0_0_R 1 -1.514e+04 1.247e+02 7.061e+01
|    ( - -1.057e+04 1 0)
|    ( - -4.437e+03 1 0))
s>    ( QUESTION0_0_R 1 -1.514e+04 1.247e+02 7.061e+01
s>        ( - -1.057e+04 1 0)
s>        ( - -4.437e+03 1 0))INFO: dtree.c(1315): Comp split 9
INFO: dtree.c(1439): stop. leaf nodes are specific
INFO: dtree.c(1478): Final simple tree
|( QUESTION0 -1 -7.339e+03 1.278e+02 3.447e+01
|    ( - -5.498e+02 1 0)
|    ( - -6.662e+03 2 0))
s>    ( QUESTION0 -1 -7.339e+03 1.278e+02 3.447e+01
s>        ( - -5.498e+02 1 0)
s>        ( - -6.662e+03 2 0))INFO: dtree.c(1439): stop. leaf nodes are specific
INFO: dtree.c(1478): Final simple tree
|( QUESTION6 -1 -1.040e+04 2.133e+02 4.911e+01
|    ( - -8.747e+03 1 0)
|    ( WDBNDRY_B 0 -1.443e+03 1.691e+02 7.000e+00
|        ( - -5.551e+02 1 0)
|        ( - -7.190e+02 1 0)))
s>    ( QUESTION6 -1 -1.040e+04 2.133e+02 4.911e+01
s>        ( - -8.747e+03 1 0)
s>        ( WDBNDRY_B 0 -1.443e+03 1.691e+02 7.000e+00
s>            ( - -5.551e+02 1 0)
s>            ( - -7.190e+02 1 0)))INFO: dtree.c(1315): Comp split 10
INFO: dtree.c(1439): stop. leaf nodes are specific
INFO: dtree.c(1478): Final simple tree
|( QUESTION0_1_R 1 -1.158e+04 1.880e+02 5.348e+01
|    ( - -9.346e+02 1 0)
|    ( WDBNDRY_B 0 -1.046e+04 1.804e+02 4.848e+01
|        ( - -7.901e+03 1 0)
|        ( - -2.374e+03 1 0)))
s>    ( QUESTION0_1_R 1 -1.158e+04 1.880e+02 5.348e+01
s>        ( - -9.346e+02 1 0)
s>        ( WDBNDRY_B 0 -1.046e+04 1.804e+02 4.848e+01
s>            ( - -7.901e+03 1 0)
s>            ( - -2.374e+03 1 0)))INFO: dtree.c(1439): stop. leaf nodes are specific
INFO: dtree.c(1478): Final simple tree
|( QUESTION0_1_R 1 -1.834e+03 1.263e+02 9.000e+00
|    ( - -1.148e+03 2 0)
|    ( - -5.595e+02 1 0))
s>    ( QUESTION0_1_R 1 -1.834e+03 1.263e+02 9.000e+00
s>        ( - -1.148e+03 2 0)
s>        ( - -5.595e+02 1 0))INFO: dtree.c(1315): Comp split 11
INFO: dtree.c(1439): stop. leaf nodes are specific
INFO: dtree.c(1478): Final simple tree
|( WDBNDRY_B 0 -1.443e+03 1.691e+02 7.000e+00
|    ( - -5.551e+02 1 0)
|    ( - -7.190e+02 1 0))
s>    ( WDBNDRY_B 0 -1.443e+03 1.691e+02 7.000e+00
s>        ( - -5.551e+02 1 0)
s>        ( - -7.190e+02 1 0))INFO: dtree.c(1315): Comp split 12
INFO: dtree.c(1439): stop. leaf nodes are specific
INFO: dtree.c(1478): Final simple tree
|( WDBNDRY_B 0 -1.046e+04 1.804e+02 4.848e+01
|    ( - -7.901e+03 1 0)
|    ( - -2.374e+03 1 0))
s>    ( WDBNDRY_B 0 -1.046e+04 1.804e+02 4.848e+01
s>        ( - -7.901e+03 1 0)
s>        ( - -2.374e+03 1 0))INFO: dtree.c(1315): Comp split 13
INFO: dtree.c(1315): Comp split 14
INFO: dtree.c(1315): Comp split 15
INFO: dtree.c(1315): Comp split 16
INFO: dtree.c(1439): stop. leaf nodes are specific
INFO: dtree.c(1478): Final simple tree
|( QUESTION0_2_R 1 -8.429e+04 1.469e+02 3.955e+02
|    ( QUESTION0_6_R 1 -6.184e+04 1.138e+02 2.921e+02
|        ( - -3.422e+03 1 0)
|        ( QUESTION0_3_R 1 -5.831e+04 9.443e+01 2.749e+02
|            ( - -5.026e+04 1 0)
|            ( - -7.948e+03 1 0)))
|    ( QUESTION0_0_R 1 -2.231e+04 8.919e+01 1.034e+02
|        ( - -1.754e+04 2 0)
|        ( - -4.673e+03 1 0)))
s>    ( QUESTION0_2_R 1 -8.429e+04 1.469e+02 3.955e+02
s>        ( QUESTION0_6_R 1 -6.184e+04 1.138e+02 2.921e+02
s>            ( - -3.422e+03 1 0)
s>            ( QUESTION0_3_R 1 -5.831e+04 9.443e+01 2.749e+02
s>                ( - -5.026e+04 1 0)
s>                ( - -7.948e+03 1 0)))
s>        ( QUESTION0_0_R 1 -2.231e+04 8.919e+01 1.034e+02
s>            ( - -1.754e+04 2 0)
s>            ( - -4.673e+03 1 0)))INFO: dtree.c(1315): Comp split 17
INFO: dtree.c(1439): stop. leaf nodes are specific
INFO: dtree.c(1478): Final simple tree
|( QUESTION0_6_R 1 -6.184e+04 1.138e+02 2.921e+02
|    ( - -3.422e+03 1 0)
|    ( QUESTION0_3_R 1 -5.831e+04 9.443e+01 2.749e+02
|        ( - -5.026e+04 1 0)
|        ( - -7.948e+03 1 0)))
s>    ( QUESTION0_6_R 1 -6.184e+04 1.138e+02 2.921e+02
s>        ( - -3.422e+03 1 0)
s>        ( QUESTION0_3_R 1 -5.831e+04 9.443e+01 2.749e+02
s>            ( - -5.026e+04 1 0)
s>            ( - -7.948e+03 1 0)))INFO: dtree.c(1439): stop. leaf nodes are specific
INFO: dtree.c(1478): Final simple tree
|( QUESTION0_0_R 1 -2.231e+04 8.919e+01 1.034e+02
|    ( - -1.754e+04 2 0)
|    ( - -4.673e+03 1 0))
s>    ( QUESTION0_0_R 1 -2.231e+04 8.919e+01 1.034e+02
s>        ( - -1.754e+04 2 0)
s>        ( - -4.673e+03 1 0))INFO: dtree.c(1315): Comp split 18
INFO: dtree.c(1315): Comp split 19
INFO: dtree.c(1315): Comp split 20
INFO: dtree.c(1315): Comp split 21
INFO: dtree.c(1439): stop. leaf nodes are specific
INFO: dtree.c(1478): Final simple tree
|( QUESTION0_3_R 1 -5.831e+04 9.443e+01 2.749e+02
|    ( - -5.026e+04 1 0)
|    ( - -7.948e+03 1 0))
s>    ( QUESTION0_3_R 1 -5.831e+04 9.443e+01 2.749e+02
s>        ( - -5.026e+04 1 0)
s>        ( - -7.948e+03 1 0))INFO: dtree.c(1315): Comp split 22
INFO: dtree.c(1315): Comp split 23
INFO: dtree.c(1315): Comp split 24
INFO: dtree.c(1318): stop. leaf nodes are specific
Wed Dec 20 23:52:25 2017
