Current configuration:
[NAME]		[DEFLT]	[VALUE]
-allphones	no	no
-cntthresh	0.00001	1.000000e-05
-csplitmax	100	2000
-csplitmin	1	1
-csplitthr	8e-4	0.000000e+00
-example	no	no
-fullvar	no	no
-help		no	no
-meanfn			/home/alex/repos/speech/an4/model_parameters/an4.cd_cont_untied/means
-mixwfn			/home/alex/repos/speech/an4/model_parameters/an4.cd_cont_untied/mixture_weights
-moddeffn		/home/alex/repos/speech/an4/model_architecture/an4.untied.mdef
-mwfloor	1e-4	1.000000e-08
-phone			ER
-psetfn			/home/alex/repos/speech/an4/model_architecture/an4.tree_questions
-ssplitmax	5	7
-ssplitmin	1	1
-ssplitthr	8e-4	0.000000e+00
-state			1
-stwt			1.0,0.05,0.0,
-treefn			/home/alex/repos/speech/an4/trees/an4.unpruned/ER-1.dtree
-ts2cbfn	.semi.	.cont.
-varfloor	0.00001	1.000000e-05
-varfn			/home/alex/repos/speech/an4/model_parameters/an4.cd_cont_untied/variances

INFO: main.c(223): Reading: /home/alex/repos/speech/an4/model_architecture/an4.untied.mdef
INFO: model_def_io.c(573): Model definition info:
INFO: model_def_io.c(574): 1618 total models defined (34 base, 1584 tri)
INFO: model_def_io.c(575): 6472 total states
INFO: model_def_io.c(576): 4854 total tied states
INFO: model_def_io.c(577): 102 total tied CI states
INFO: model_def_io.c(578): 34 total tied transition matrices
INFO: model_def_io.c(579): 4 max state/model
INFO: model_def_io.c(580): 4 min state/model
INFO: main.c(242): Building trees for [ER B EY e] through [ER TH T i]
INFO: main.c(269): Covering states |[1272 1325]| == 54
INFO: main.c(275): Reading: /home/alex/repos/speech/an4/model_parameters/an4.cd_cont_untied/mixture_weights
INFO: s3mixw_io.c(173): Read /home/alex/repos/speech/an4/model_parameters/an4.cd_cont_untied/mixture_weights [54x1x1 array]
INFO: main.c(311): 18 of 18 models have observation count greater than 0.000010
INFO: main.c(95): nrm stwt: 0.045 0.909 0.045 
INFO: s3gau_io.c(169): Read /home/alex/repos/speech/an4/model_parameters/an4.cd_cont_untied/means [4854x1x1 array]
INFO: s3gau_io.c(169): Read /home/alex/repos/speech/an4/model_parameters/an4.cd_cont_untied/variances [4854x1x1 array]
INFO: main.c(549): Reading: /home/alex/repos/speech/an4/model_architecture/an4.tree_questions
INFO: main.c(588): 180 total simple questions (172 phone; 8 word bndry)
INFO: main.c(590): 42 Left Only questions, and 42 Right Only questions
INFO: dtree.c(1478): Final simple tree
|( QUESTION1 -1 -1.298e+05 9.771e+02 5.499e+02
|    ( - -9.526e+04 8 0 QUESTION0_2_R 1 1.454e+02 4.058e+02)
|    ( QUESTION0_20_R 1 -3.356e+04 4.625e+02 1.441e+02
|        ( - 1.682e+02 1 0)
|        ( QUESTION9 -1 -3.327e+04 4.594e+02 1.431e+02
|            ( QUESTION0_3_R 1 -2.116e+04 1.733e+02 9.488e+01
|                ( - -2.188e+03 1 0)
|                ( - -1.879e+04 1 0))
|            ( QUESTION0_6_R 1 -1.165e+04 2.994e+02 4.823e+01
|                ( - -4.449e+03 1 0)
|                ( QUESTION0_5_R 1 -6.902e+03 2.225e+02 2.797e+01
|                    ( - -2.961e+03 1 0)
|                    ( QUESTION0_0_R 1 -3.718e+03 1.883e+02 1.500e+01
|                        ( - -3.169e+03 4 0 QUESTION0_1_R 1 1.363e+02 1.300e+01)
|                        ( - -3.613e+02 1 0)))))))
s>    ( QUESTION1 -1 -1.298e+05 9.771e+02 5.499e+02
s>        ( - -9.526e+04 8 0 QUESTION0_2_R 1 1.454e+02 4.058e+02)
s>        ( QUESTION0_20_R 1 -3.356e+04 4.625e+02 1.441e+02
s>            ( - 1.682e+02 1 0)
s>            ( QUESTION9 -1 -3.327e+04 4.594e+02 1.431e+02
s>                ( QUESTION0_3_R 1 -2.116e+04 1.733e+02 9.488e+01
s>                    ( - -2.188e+03 1 0)
s>                    ( - -1.879e+04 1 0))
s>                ( QUESTION0_6_R 1 -1.165e+04 2.994e+02 4.823e+01
s>                    ( - -4.449e+03 1 0)
s>                    ( QUESTION0_5_R 1 -6.902e+03 2.225e+02 2.797e+01
s>                        ( - -2.961e+03 1 0)
s>                        ( QUESTION0_0_R 1 -3.718e+03 1.883e+02 1.500e+01
s>                            ( - -3.169e+03 4 0 QUESTION0_1_R 1 1.363e+02 1.300e+01)
s>                            ( - -3.613e+02 1 0)))))))INFO: dtree.c(1315): Comp split 0
INFO: dtree.c(1478): Final simple tree
|( WDBNDRY_E 0 -9.997e+04 2.615e+02 4.260e+02
|    ( QUESTION0_2_R 1 -9.526e+04 1.454e+02 4.058e+02
|        ( QUESTION10 1 -2.120e+04 1.054e+02 8.965e+01
|            ( - -5.539e+03 1 0)
|            ( QUESTION0_6_R 1 -1.555e+04 8.905e+01 6.556e+01
|                ( - -1.325e+03 1 0)
|                ( QUESTION0_3_R 1 -1.414e+04 7.527e+01 5.956e+01
|                    ( - -8.516e+03 1 0)
|                    ( - -5.549e+03 1 0))))
|        ( QUESTION0_13_R 1 -7.392e+04 1.205e+02 3.161e+02
|            ( - -8.480e+03 1 0)
|            ( QUESTION0_0_R 1 -6.532e+04 9.379e+01 2.791e+02
|                ( - -5.475e+04 2 0)
|                ( - -1.048e+04 1 0))))
|    ( - -4.449e+03 1 0))
s>    ( WDBNDRY_E 0 -9.997e+04 2.615e+02 4.260e+02
s>        ( QUESTION0_2_R 1 -9.526e+04 1.454e+02 4.058e+02
s>            ( QUESTION10 1 -2.120e+04 1.054e+02 8.965e+01
s>                ( - -5.539e+03 1 0)
s>                ( QUESTION0_6_R 1 -1.555e+04 8.905e+01 6.556e+01
s>                    ( - -1.325e+03 1 0)
s>                    ( QUESTION0_3_R 1 -1.414e+04 7.527e+01 5.956e+01
s>                        ( - -8.516e+03 1 0)
s>                        ( - -5.549e+03 1 0))))
s>            ( QUESTION0_13_R 1 -7.392e+04 1.205e+02 3.161e+02
s>                ( - -8.480e+03 1 0)
s>                ( QUESTION0_0_R 1 -6.532e+04 9.379e+01 2.791e+02
s>                    ( - -5.475e+04 2 0)
s>                    ( - -1.048e+04 1 0))))
s>        ( - -4.449e+03 1 0))INFO: dtree.c(1478): Final simple tree
|( QUESTION0_20_R 1 -2.879e+04 4.634e+02 1.239e+02
|    ( - 1.682e+02 1 0)
|    ( QUESTION9 -1 -2.849e+04 4.321e+02 1.229e+02
|        ( QUESTION0_3_R 1 -2.116e+04 1.733e+02 9.488e+01
|            ( - -2.188e+03 1 0)
|            ( - -1.879e+04 1 0))
|        ( QUESTION0_5_R 1 -6.902e+03 2.225e+02 2.797e+01
|            ( - -2.961e+03 1 0)
|            ( QUESTION0_0_R 1 -3.718e+03 1.883e+02 1.500e+01
|                ( QUESTION0_1_R 1 -3.169e+03 1.363e+02 1.300e+01
|                    ( WDBNDRY_E 0 -2.608e+03 1.342e+02 1.100e+01
|                        ( - -1.155e+03 2 0)
|                        ( - -1.319e+03 1 0))
|                    ( - -4.246e+02 1 0))
|                ( - -3.613e+02 1 0)))))
s>    ( QUESTION0_20_R 1 -2.879e+04 4.634e+02 1.239e+02
s>        ( - 1.682e+02 1 0)
s>        ( QUESTION9 -1 -2.849e+04 4.321e+02 1.229e+02
s>            ( QUESTION0_3_R 1 -2.116e+04 1.733e+02 9.488e+01
s>                ( - -2.188e+03 1 0)
s>                ( - -1.879e+04 1 0))
s>            ( QUESTION0_5_R 1 -6.902e+03 2.225e+02 2.797e+01
s>                ( - -2.961e+03 1 0)
s>                ( QUESTION0_0_R 1 -3.718e+03 1.883e+02 1.500e+01
s>                    ( QUESTION0_1_R 1 -3.169e+03 1.363e+02 1.300e+01
s>                        ( WDBNDRY_E 0 -2.608e+03 1.342e+02 1.100e+01
s>                            ( - -1.155e+03 2 0)
s>                            ( - -1.319e+03 1 0))
s>                        ( - -4.246e+02 1 0))
s>                    ( - -3.613e+02 1 0)))))INFO: dtree.c(1315): Comp split 1
INFO: dtree.c(1439): stop. leaf nodes are specific
INFO: dtree.c(1478): Final simple tree
|( QUESTION9 -1 -2.849e+04 4.321e+02 1.229e+02
|    ( QUESTION0_3_R 1 -2.116e+04 1.733e+02 9.488e+01
|        ( - -2.188e+03 1 0)
|        ( - -1.879e+04 1 0))
|    ( QUESTION0_5_R 1 -6.902e+03 2.225e+02 2.797e+01
|        ( - -2.961e+03 1 0)
|        ( QUESTION0_0_R 1 -3.718e+03 1.883e+02 1.500e+01
|            ( QUESTION0_1_R 1 -3.169e+03 1.363e+02 1.300e+01
|                ( WDBNDRY_E 0 -2.608e+03 1.342e+02 1.100e+01
|                    ( - -1.155e+03 2 0)
|                    ( - -1.319e+03 1 0))
|                ( - -4.246e+02 1 0))
|            ( - -3.613e+02 1 0))))
s>    ( QUESTION9 -1 -2.849e+04 4.321e+02 1.229e+02
s>        ( QUESTION0_3_R 1 -2.116e+04 1.733e+02 9.488e+01
s>            ( - -2.188e+03 1 0)
s>            ( - -1.879e+04 1 0))
s>        ( QUESTION0_5_R 1 -6.902e+03 2.225e+02 2.797e+01
s>            ( - -2.961e+03 1 0)
s>            ( QUESTION0_0_R 1 -3.718e+03 1.883e+02 1.500e+01
s>                ( QUESTION0_1_R 1 -3.169e+03 1.363e+02 1.300e+01
s>                    ( WDBNDRY_E 0 -2.608e+03 1.342e+02 1.100e+01
s>                        ( - -1.155e+03 2 0)
s>                        ( - -1.319e+03 1 0))
s>                    ( - -4.246e+02 1 0))
s>                ( - -3.613e+02 1 0))))INFO: dtree.c(1315): Comp split 2
INFO: dtree.c(1439): stop. leaf nodes are specific
INFO: dtree.c(1478): Final simple tree
|( QUESTION0_5_R 1 -6.902e+03 2.225e+02 2.797e+01
|    ( - -2.961e+03 1 0)
|    ( QUESTION0_0_R 1 -3.718e+03 1.883e+02 1.500e+01
|        ( QUESTION0_1_R 1 -3.169e+03 1.363e+02 1.300e+01
|            ( WDBNDRY_E 0 -2.608e+03 1.342e+02 1.100e+01
|                ( - -1.155e+03 2 0)
|                ( - -1.319e+03 1 0))
|            ( - -4.246e+02 1 0))
|        ( - -3.613e+02 1 0)))
s>    ( QUESTION0_5_R 1 -6.902e+03 2.225e+02 2.797e+01
s>        ( - -2.961e+03 1 0)
s>        ( QUESTION0_0_R 1 -3.718e+03 1.883e+02 1.500e+01
s>            ( QUESTION0_1_R 1 -3.169e+03 1.363e+02 1.300e+01
s>                ( WDBNDRY_E 0 -2.608e+03 1.342e+02 1.100e+01
s>                    ( - -1.155e+03 2 0)
s>                    ( - -1.319e+03 1 0))
s>                ( - -4.246e+02 1 0))
s>            ( - -3.613e+02 1 0)))INFO: dtree.c(1439): stop. leaf nodes are specific
INFO: dtree.c(1478): Final simple tree
|( QUESTION0_3_R 1 -2.116e+04 1.733e+02 9.488e+01
|    ( - -2.188e+03 1 0)
|    ( - -1.879e+04 1 0))
s>    ( QUESTION0_3_R 1 -2.116e+04 1.733e+02 9.488e+01
s>        ( - -2.188e+03 1 0)
s>        ( - -1.879e+04 1 0))INFO: dtree.c(1315): Comp split 3
INFO: dtree.c(1439): stop. leaf nodes are specific
INFO: dtree.c(1478): Final simple tree
|( QUESTION0_2_R 1 -9.526e+04 1.454e+02 4.058e+02
|    ( QUESTION10 1 -2.120e+04 1.054e+02 8.965e+01
|        ( - -5.539e+03 1 0)
|        ( QUESTION0_6_R 1 -1.555e+04 8.905e+01 6.556e+01
|            ( - -1.325e+03 1 0)
|            ( QUESTION0_3_R 1 -1.414e+04 7.527e+01 5.956e+01
|                ( - -8.516e+03 1 0)
|                ( - -5.549e+03 1 0))))
|    ( QUESTION0_13_R 1 -7.392e+04 1.205e+02 3.161e+02
|        ( - -8.480e+03 1 0)
|        ( QUESTION0_0_R 1 -6.532e+04 9.379e+01 2.791e+02
|            ( - -5.475e+04 2 0)
|            ( - -1.048e+04 1 0))))
s>    ( QUESTION0_2_R 1 -9.526e+04 1.454e+02 4.058e+02
s>        ( QUESTION10 1 -2.120e+04 1.054e+02 8.965e+01
s>            ( - -5.539e+03 1 0)
s>            ( QUESTION0_6_R 1 -1.555e+04 8.905e+01 6.556e+01
s>                ( - -1.325e+03 1 0)
s>                ( QUESTION0_3_R 1 -1.414e+04 7.527e+01 5.956e+01
s>                    ( - -8.516e+03 1 0)
s>                    ( - -5.549e+03 1 0))))
s>        ( QUESTION0_13_R 1 -7.392e+04 1.205e+02 3.161e+02
s>            ( - -8.480e+03 1 0)
s>            ( QUESTION0_0_R 1 -6.532e+04 9.379e+01 2.791e+02
s>                ( - -5.475e+04 2 0)
s>                ( - -1.048e+04 1 0))))INFO: dtree.c(1315): Comp split 4
INFO: dtree.c(1439): stop. leaf nodes are specific
INFO: dtree.c(1478): Final simple tree
|( QUESTION0_0_R 1 -3.718e+03 1.883e+02 1.500e+01
|    ( QUESTION0_1_R 1 -3.169e+03 1.363e+02 1.300e+01
|        ( WDBNDRY_E 0 -2.608e+03 1.342e+02 1.100e+01
|            ( - -1.155e+03 2 0)
|            ( - -1.319e+03 1 0))
|        ( - -4.246e+02 1 0))
|    ( - -3.613e+02 1 0))
s>    ( QUESTION0_0_R 1 -3.718e+03 1.883e+02 1.500e+01
s>        ( QUESTION0_1_R 1 -3.169e+03 1.363e+02 1.300e+01
s>            ( WDBNDRY_E 0 -2.608e+03 1.342e+02 1.100e+01
s>                ( - -1.155e+03 2 0)
s>                ( - -1.319e+03 1 0))
s>            ( - -4.246e+02 1 0))
s>        ( - -3.613e+02 1 0))INFO: dtree.c(1315): Comp split 5
INFO: dtree.c(1439): stop. leaf nodes are specific
INFO: dtree.c(1478): Final simple tree
|( QUESTION0_1_R 1 -3.169e+03 1.363e+02 1.300e+01
|    ( WDBNDRY_E 0 -2.608e+03 1.342e+02 1.100e+01
|        ( - -1.155e+03 2 0)
|        ( - -1.319e+03 1 0))
|    ( - -4.246e+02 1 0))
s>    ( QUESTION0_1_R 1 -3.169e+03 1.363e+02 1.300e+01
s>        ( WDBNDRY_E 0 -2.608e+03 1.342e+02 1.100e+01
s>            ( - -1.155e+03 2 0)
s>            ( - -1.319e+03 1 0))
s>        ( - -4.246e+02 1 0))INFO: dtree.c(1315): Comp split 6
INFO: dtree.c(1315): Comp split 7
INFO: dtree.c(1439): stop. leaf nodes are specific
INFO: dtree.c(1478): Final simple tree
|( QUESTION10 1 -3.035e+04 1.104e+02 1.276e+02
|    ( - -5.539e+03 1 0)
|    ( QUESTION0_0_R 1 -2.470e+04 8.489e+01 1.035e+02
|        ( QUESTION0_3_R 1 -1.414e+04 7.527e+01 5.956e+01
|            ( - -8.516e+03 1 0)
|            ( - -5.549e+03 1 0))
|        ( - -1.048e+04 1 0)))
s>    ( QUESTION10 1 -3.035e+04 1.104e+02 1.276e+02
s>        ( - -5.539e+03 1 0)
s>        ( QUESTION0_0_R 1 -2.470e+04 8.489e+01 1.035e+02
s>            ( QUESTION0_3_R 1 -1.414e+04 7.527e+01 5.956e+01
s>                ( - -8.516e+03 1 0)
s>                ( - -5.549e+03 1 0))
s>            ( - -1.048e+04 1 0)))INFO: dtree.c(1439): stop. leaf nodes are specific
INFO: dtree.c(1478): Final simple tree
|( QUESTION0_0_R 1 -6.476e+04 1.194e+02 2.781e+02
|    ( QUESTION0_1_R 1 -5.616e+04 8.484e+01 2.411e+02
|        ( - -5.475e+04 2 0)
|        ( - -1.325e+03 1 0))
|    ( - -8.480e+03 1 0))
s>    ( QUESTION0_0_R 1 -6.476e+04 1.194e+02 2.781e+02
s>        ( QUESTION0_1_R 1 -5.616e+04 8.484e+01 2.411e+02
s>            ( - -5.475e+04 2 0)
s>            ( - -1.325e+03 1 0))
s>        ( - -8.480e+03 1 0))INFO: dtree.c(1315): Comp split 8
INFO: dtree.c(1439): stop. leaf nodes are specific
INFO: dtree.c(1478): Final simple tree
|( WDBNDRY_E 0 -2.608e+03 1.342e+02 1.100e+01
|    ( - -1.155e+03 2 0)
|    ( - -1.319e+03 1 0))
s>    ( WDBNDRY_E 0 -2.608e+03 1.342e+02 1.100e+01
s>        ( - -1.155e+03 2 0)
s>        ( - -1.319e+03 1 0))INFO: dtree.c(1315): Comp split 9
INFO: dtree.c(1315): Comp split 10
INFO: dtree.c(1439): stop. leaf nodes are specific
INFO: dtree.c(1478): Final simple tree
|( QUESTION0_1_R 1 -5.616e+04 8.484e+01 2.411e+02
|    ( - -5.475e+04 2 0)
|    ( - -1.325e+03 1 0))
s>    ( QUESTION0_1_R 1 -5.616e+04 8.484e+01 2.411e+02
s>        ( - -5.475e+04 2 0)
s>        ( - -1.325e+03 1 0))INFO: dtree.c(1315): Comp split 11
INFO: dtree.c(1439): stop. leaf nodes are specific
INFO: dtree.c(1478): Final simple tree
|( QUESTION0_0_R 1 -2.470e+04 8.489e+01 1.035e+02
|    ( QUESTION0_3_R 1 -1.414e+04 7.527e+01 5.956e+01
|        ( - -8.516e+03 1 0)
|        ( - -5.549e+03 1 0))
|    ( - -1.048e+04 1 0))
s>    ( QUESTION0_0_R 1 -2.470e+04 8.489e+01 1.035e+02
s>        ( QUESTION0_3_R 1 -1.414e+04 7.527e+01 5.956e+01
s>            ( - -8.516e+03 1 0)
s>            ( - -5.549e+03 1 0))
s>        ( - -1.048e+04 1 0))INFO: dtree.c(1315): Comp split 12
INFO: dtree.c(1439): stop. leaf nodes are specific
INFO: dtree.c(1478): Final simple tree
|( QUESTION0_3_R 1 -1.414e+04 7.527e+01 5.956e+01
|    ( - -8.516e+03 1 0)
|    ( - -5.549e+03 1 0))
s>    ( QUESTION0_3_R 1 -1.414e+04 7.527e+01 5.956e+01
s>        ( - -8.516e+03 1 0)
s>        ( - -5.549e+03 1 0))INFO: dtree.c(1315): Comp split 13
INFO: dtree.c(1315): Comp split 14
INFO: dtree.c(1315): Comp split 15
INFO: dtree.c(1318): stop. leaf nodes are specific
Wed Dec 20 23:52:17 2017
