Current configuration:
[NAME]		[DEFLT]	[VALUE]
-allphones	no	no
-cntthresh	0.00001	1.000000e-05
-csplitmax	100	2000
-csplitmin	1	1
-csplitthr	8e-4	0.000000e+00
-example	no	no
-fullvar	no	no
-help		no	no
-meanfn			/home/alex/repos/speech/an4/model_parameters/an4.cd_cont_untied/means
-mixwfn			/home/alex/repos/speech/an4/model_parameters/an4.cd_cont_untied/mixture_weights
-moddeffn		/home/alex/repos/speech/an4/model_architecture/an4.untied.mdef
-mwfloor	1e-4	1.000000e-08
-phone			S
-psetfn			/home/alex/repos/speech/an4/model_architecture/an4.tree_questions
-ssplitmax	5	7
-ssplitmin	1	1
-ssplitthr	8e-4	0.000000e+00
-state			0
-stwt			1.0,0.05,0.0,
-treefn			/home/alex/repos/speech/an4/trees/an4.unpruned/S-0.dtree
-ts2cbfn	.semi.	.cont.
-varfloor	0.00001	1.000000e-05
-varfn			/home/alex/repos/speech/an4/model_parameters/an4.cd_cont_untied/variances

INFO: main.c(223): Reading: /home/alex/repos/speech/an4/model_architecture/an4.untied.mdef
INFO: model_def_io.c(573): Model definition info:
INFO: model_def_io.c(574): 1618 total models defined (34 base, 1584 tri)
INFO: model_def_io.c(575): 6472 total states
INFO: model_def_io.c(576): 4854 total tied states
INFO: model_def_io.c(577): 102 total tied CI states
INFO: model_def_io.c(578): 34 total tied transition matrices
INFO: model_def_io.c(579): 4 max state/model
INFO: model_def_io.c(580): 4 min state/model
INFO: main.c(242): Building trees for [S AA T i] through [S V IH b]
INFO: main.c(269): Covering states |[3759 4079]| == 321
INFO: main.c(275): Reading: /home/alex/repos/speech/an4/model_parameters/an4.cd_cont_untied/mixture_weights
INFO: s3mixw_io.c(173): Read /home/alex/repos/speech/an4/model_parameters/an4.cd_cont_untied/mixture_weights [321x1x1 array]
INFO: main.c(311): 107 of 107 models have observation count greater than 0.000010
INFO: main.c(95): nrm stwt: 0.952 0.048 0.000 
INFO: s3gau_io.c(169): Read /home/alex/repos/speech/an4/model_parameters/an4.cd_cont_untied/means [4854x1x1 array]
INFO: s3gau_io.c(169): Read /home/alex/repos/speech/an4/model_parameters/an4.cd_cont_untied/variances [4854x1x1 array]
INFO: main.c(549): Reading: /home/alex/repos/speech/an4/model_architecture/an4.tree_questions
INFO: main.c(588): 180 total simple questions (172 phone; 8 word bndry)
INFO: main.c(590): 42 Left Only questions, and 42 Right Only questions
INFO: dtree.c(1478): Final simple tree
|( WDBNDRY_B 0 -1.352e+06 6.292e+03 5.940e+03
|    ( SILENCE -1 -8.988e+05 3.955e+03 4.027e+03
|        ( - -2.888e+05 4 0 QUESTION0 1 7.025e+02 1.360e+03)
|        ( QUESTION2 -1 -6.061e+05 1.540e+03 2.667e+03
|            ( - -8.883e+04 3 0 QUESTION0 1 1.808e+02 3.862e+02)
|            ( QUESTION2_14_L -1 -5.158e+05 1.343e+03 2.281e+03
|                ( - -1.567e+05 6 0 QUESTION0 1 4.180e+02 7.072e+02)
|                ( QUESTION2_20_L -1 -3.577e+05 8.750e+02 1.574e+03
|                    ( - -1.004e+05 10 0 QUESTION0 -1 2.079e+02 4.343e+02)
|                    ( - -2.564e+05 23 0 QUESTION2_3_L -1 7.405e+02 1.139e+03)))))
|    ( QUESTION16 -1 -4.469e+05 4.975e+03 1.913e+03
|        ( - -1.466e+05 23 0 WDBNDRY_E 0 6.616e+02 6.501e+02)
|        ( QUESTION2_0_L -1 -2.954e+05 1.396e+03 1.263e+03
|            ( - -2.581e+05 22 0 SILENCE 1 5.333e+02 1.112e+03)
|            ( - -3.589e+04 16 0 QUESTION18 1 1.852e+02 1.511e+02))))
s>    ( WDBNDRY_B 0 -1.352e+06 6.292e+03 5.940e+03
s>        ( SILENCE -1 -8.988e+05 3.955e+03 4.027e+03
s>            ( - -2.888e+05 4 0 QUESTION0 1 7.025e+02 1.360e+03)
s>            ( QUESTION2 -1 -6.061e+05 1.540e+03 2.667e+03
s>                ( - -8.883e+04 3 0 QUESTION0 1 1.808e+02 3.862e+02)
s>                ( QUESTION2_14_L -1 -5.158e+05 1.343e+03 2.281e+03
s>                    ( - -1.567e+05 6 0 QUESTION0 1 4.180e+02 7.072e+02)
s>                    ( QUESTION2_20_L -1 -3.577e+05 8.750e+02 1.574e+03
s>                        ( - -1.004e+05 10 0 QUESTION0 -1 2.079e+02 4.343e+02)
s>                        ( - -2.564e+05 23 0 QUESTION2_3_L -1 7.405e+02 1.139e+03)))))
s>        ( QUESTION16 -1 -4.469e+05 4.975e+03 1.913e+03
s>            ( - -1.466e+05 23 0 WDBNDRY_E 0 6.616e+02 6.501e+02)
s>            ( QUESTION2_0_L -1 -2.954e+05 1.396e+03 1.263e+03
s>                ( - -2.581e+05 22 0 SILENCE 1 5.333e+02 1.112e+03)
s>                ( - -3.589e+04 16 0 QUESTION18 1 1.852e+02 1.511e+02))))INFO: dtree.c(1315): Comp split 0
INFO: dtree.c(1478): Final simple tree
|( SILENCE -1 -9.359e+05 4.250e+03 4.178e+03
|    ( - -2.888e+05 4 0 QUESTION0 1 7.025e+02 1.360e+03)
|    ( QUESTION2 -1 -6.429e+05 1.517e+03 2.818e+03
|        ( - -8.883e+04 3 0 QUESTION0 1 1.808e+02 3.862e+02)
|        ( QUESTION2_14_L -1 -5.526e+05 1.346e+03 2.432e+03
|            ( QUESTION10 1 -1.913e+05 9.576e+02 8.483e+02
|                ( - -1.503e+05 5 0 WDBNDRY_B 0 2.644e+02 6.803e+02)
|                ( - -4.000e+04 16 0 QUESTION0_20_R 1 1.903e+02 1.681e+02))
|            ( QUESTION2_20_L -1 -3.599e+05 8.694e+02 1.584e+03
|                ( - -1.004e+05 10 0 QUESTION0 -1 2.079e+02 4.343e+02)
|                ( QUESTION2_3_L -1 -2.587e+05 7.137e+02 1.149e+03
|                    ( - -7.016e+04 5 0 QUESTION11 1 4.523e+02 3.127e+02)
|                    ( QUESTION0 -1 -1.878e+05 8.106e+02 8.368e+02
|                        ( - -1.434e+05 15 0 QUESTION2_7_L -1 4.902e+02 6.363e+02)
|                        ( - -4.358e+04 4 0 QUESTION0 1 2.419e+02 2.005e+02)))))))
s>    ( SILENCE -1 -9.359e+05 4.250e+03 4.178e+03
s>        ( - -2.888e+05 4 0 QUESTION0 1 7.025e+02 1.360e+03)
s>        ( QUESTION2 -1 -6.429e+05 1.517e+03 2.818e+03
s>            ( - -8.883e+04 3 0 QUESTION0 1 1.808e+02 3.862e+02)
s>            ( QUESTION2_14_L -1 -5.526e+05 1.346e+03 2.432e+03
s>                ( QUESTION10 1 -1.913e+05 9.576e+02 8.483e+02
s>                    ( - -1.503e+05 5 0 WDBNDRY_B 0 2.644e+02 6.803e+02)
s>                    ( - -4.000e+04 16 0 QUESTION0_20_R 1 1.903e+02 1.681e+02))
s>                ( QUESTION2_20_L -1 -3.599e+05 8.694e+02 1.584e+03
s>                    ( - -1.004e+05 10 0 QUESTION0 -1 2.079e+02 4.343e+02)
s>                    ( QUESTION2_3_L -1 -2.587e+05 7.137e+02 1.149e+03
s>                        ( - -7.016e+04 5 0 QUESTION11 1 4.523e+02 3.127e+02)
s>                        ( QUESTION0 -1 -1.878e+05 8.106e+02 8.368e+02
s>                            ( - -1.434e+05 15 0 QUESTION2_7_L -1 4.902e+02 6.363e+02)
s>                            ( - -4.358e+04 4 0 QUESTION0 1 2.419e+02 2.005e+02)))))))INFO: dtree.c(1478): Final simple tree
|( QUESTION16 -1 -4.095e+05 4.869e+03 1.762e+03
|    ( WDBNDRY_E 0 -1.466e+05 6.616e+02 6.501e+02
|        ( SILENCE 1 -1.119e+05 3.784e+02 4.947e+02
|            ( - -3.980e+04 1 0)
|            ( - -7.173e+04 20 0 QUESTION15 1 1.705e+02 3.213e+02))
|        ( QUESTION0_3_R 1 -3.401e+04 4.630e+02 1.554e+02
|            ( - -3.379e+04 1 0)
|            ( - 2.415e+02 1 0)))
|    ( SILENCE 1 -2.581e+05 5.333e+02 1.112e+03
|        ( - -6.663e+04 1 0)
|        ( QUESTION0_4_R 1 -1.909e+05 3.405e+02 8.246e+02
|            ( WDBNDRY_E 0 -3.007e+04 2.760e+02 1.311e+02
|                ( - -2.135e+04 1 0)
|                ( - -8.435e+03 3 0 QUESTION1 -1 1.470e+02 3.800e+01))
|            ( - -1.605e+05 17 0 QUESTION18 1 2.219e+02 6.935e+02))))
s>    ( QUESTION16 -1 -4.095e+05 4.869e+03 1.762e+03
s>        ( WDBNDRY_E 0 -1.466e+05 6.616e+02 6.501e+02
s>            ( SILENCE 1 -1.119e+05 3.784e+02 4.947e+02
s>                ( - -3.980e+04 1 0)
s>                ( - -7.173e+04 20 0 QUESTION15 1 1.705e+02 3.213e+02))
s>            ( QUESTION0_3_R 1 -3.401e+04 4.630e+02 1.554e+02
s>                ( - -3.379e+04 1 0)
s>                ( - 2.415e+02 1 0)))
s>        ( SILENCE 1 -2.581e+05 5.333e+02 1.112e+03
s>            ( - -6.663e+04 1 0)
s>            ( QUESTION0_4_R 1 -1.909e+05 3.405e+02 8.246e+02
s>                ( WDBNDRY_E 0 -3.007e+04 2.760e+02 1.311e+02
s>                    ( - -2.135e+04 1 0)
s>                    ( - -8.435e+03 3 0 QUESTION1 -1 1.470e+02 3.800e+01))
s>                ( - -1.605e+05 17 0 QUESTION18 1 2.219e+02 6.935e+02))))INFO: dtree.c(1315): Comp split 1
INFO: dtree.c(1478): Final simple tree
|( SILENCE 1 -2.581e+05 5.333e+02 1.112e+03
|    ( - -6.663e+04 1 0)
|    ( QUESTION0_4_R 1 -1.909e+05 3.405e+02 8.246e+02
|        ( WDBNDRY_E 0 -3.007e+04 2.760e+02 1.311e+02
|            ( - -2.135e+04 1 0)
|            ( QUESTION1 -1 -8.435e+03 1.470e+02 3.800e+01
|                ( QUESTION4 -1 -4.773e+03 1.433e+02 2.195e+01
|                    ( - -1.216e+03 1 0)
|                    ( - -3.413e+03 1 0))
|                ( - -3.515e+03 1 0)))
|        ( QUESTION18 1 -1.605e+05 2.219e+02 6.935e+02
|            ( - -8.159e+04 3 0 QUESTION0_8_R 1 1.406e+02 3.525e+02)
|            ( QUESTION11 1 -7.872e+04 1.468e+02 3.410e+02
|                ( - -1.506e+03 1 0)
|                ( - -7.706e+04 13 0 QUESTION0_11_R 1 1.362e+02 3.340e+02)))))
s>    ( SILENCE 1 -2.581e+05 5.333e+02 1.112e+03
s>        ( - -6.663e+04 1 0)
s>        ( QUESTION0_4_R 1 -1.909e+05 3.405e+02 8.246e+02
s>            ( WDBNDRY_E 0 -3.007e+04 2.760e+02 1.311e+02
s>                ( - -2.135e+04 1 0)
s>                ( QUESTION1 -1 -8.435e+03 1.470e+02 3.800e+01
s>                    ( QUESTION4 -1 -4.773e+03 1.433e+02 2.195e+01
s>                        ( - -1.216e+03 1 0)
s>                        ( - -3.413e+03 1 0))
s>                    ( - -3.515e+03 1 0)))
s>            ( QUESTION18 1 -1.605e+05 2.219e+02 6.935e+02
s>                ( - -8.159e+04 3 0 QUESTION0_8_R 1 1.406e+02 3.525e+02)
s>                ( QUESTION11 1 -7.872e+04 1.468e+02 3.410e+02
s>                    ( - -1.506e+03 1 0)
s>                    ( - -7.706e+04 13 0 QUESTION0_11_R 1 1.362e+02 3.340e+02)))))INFO: dtree.c(1478): Final simple tree
|( WDBNDRY_E 0 -1.466e+05 6.616e+02 6.501e+02
|    ( SILENCE 1 -1.119e+05 3.784e+02 4.947e+02
|        ( - -3.980e+04 1 0)
|        ( QUESTION15 1 -7.173e+04 1.705e+02 3.213e+02
|            ( - -3.408e+02 1 0)
|            ( QUESTION0_2_R 1 -7.122e+04 1.494e+02 3.193e+02
|                ( QUESTION12 1 -2.516e+04 1.521e+02 1.129e+02
|                    ( - -2.799e+03 1 0)
|                    ( - -2.220e+04 7 0 QUESTION18 1 1.387e+02 9.985e+01))
|                ( QUESTION17 1 -4.591e+04 1.430e+02 2.064e+02
|                    ( - -3.445e+02 1 0)
|                    ( - -4.543e+04 10 0 QUESTION8 1 1.292e+02 2.044e+02)))))
|    ( QUESTION0_3_R 1 -3.401e+04 4.630e+02 1.554e+02
|        ( - -3.379e+04 1 0)
|        ( - 2.415e+02 1 0)))
s>    ( WDBNDRY_E 0 -1.466e+05 6.616e+02 6.501e+02
s>        ( SILENCE 1 -1.119e+05 3.784e+02 4.947e+02
s>            ( - -3.980e+04 1 0)
s>            ( QUESTION15 1 -7.173e+04 1.705e+02 3.213e+02
s>                ( - -3.408e+02 1 0)
s>                ( QUESTION0_2_R 1 -7.122e+04 1.494e+02 3.193e+02
s>                    ( QUESTION12 1 -2.516e+04 1.521e+02 1.129e+02
s>                        ( - -2.799e+03 1 0)
s>                        ( - -2.220e+04 7 0 QUESTION18 1 1.387e+02 9.985e+01))
s>                    ( QUESTION17 1 -4.591e+04 1.430e+02 2.064e+02
s>                        ( - -3.445e+02 1 0)
s>                        ( - -4.543e+04 10 0 QUESTION8 1 1.292e+02 2.044e+02)))))
s>        ( QUESTION0_3_R 1 -3.401e+04 4.630e+02 1.554e+02
s>            ( - -3.379e+04 1 0)
s>            ( - 2.415e+02 1 0)))INFO: dtree.c(1315): Comp split 2
INFO: dtree.c(1478): Final simple tree
|( QUESTION0_3_R 1 -3.330e+05 7.284e+02 1.560e+03
|    ( - -7.602e+04 1 0)
|    ( SILENCE -1 -2.563e+05 6.349e+02 1.205e+03
|        ( QUESTION0 1 -2.121e+05 4.657e+02 1.004e+03
|            ( QUESTION0_0_R 1 -1.215e+05 1.482e+02 5.748e+02
|                ( - -5.135e+04 1 0)
|                ( - -7.002e+04 1 0))
|            ( - -9.007e+04 1 0))
|        ( QUESTION0 1 -4.358e+04 2.419e+02 2.005e+02
|            ( QUESTION0_0_R 1 -3.502e+04 1.593e+02 1.621e+02
|                ( - -1.915e+04 1 0)
|                ( QUESTION2_8_L -1 -1.571e+04 1.350e+02 7.404e+01
|                    ( - -1.846e+03 1 0)
|                    ( - -1.373e+04 1 0)))
|            ( - -8.315e+03 1 0))))
s>    ( QUESTION0_3_R 1 -3.330e+05 7.284e+02 1.560e+03
s>        ( - -7.602e+04 1 0)
s>        ( SILENCE -1 -2.563e+05 6.349e+02 1.205e+03
s>            ( QUESTION0 1 -2.121e+05 4.657e+02 1.004e+03
s>                ( QUESTION0_0_R 1 -1.215e+05 1.482e+02 5.748e+02
s>                    ( - -5.135e+04 1 0)
s>                    ( - -7.002e+04 1 0))
s>                ( - -9.007e+04 1 0))
s>            ( QUESTION0 1 -4.358e+04 2.419e+02 2.005e+02
s>                ( QUESTION0_0_R 1 -3.502e+04 1.593e+02 1.621e+02
s>                    ( - -1.915e+04 1 0)
s>                    ( QUESTION2_8_L -1 -1.571e+04 1.350e+02 7.404e+01
s>                        ( - -1.846e+03 1 0)
s>                        ( - -1.373e+04 1 0)))
s>                ( - -8.315e+03 1 0))))INFO: dtree.c(1478): Final simple tree
|( QUESTION2 -1 -5.984e+05 1.450e+03 2.618e+03
|    ( - -8.883e+04 3 0 QUESTION0 1 1.808e+02 3.862e+02)
|    ( QUESTION2_14_L -1 -5.081e+05 1.369e+03 2.232e+03
|        ( QUESTION10 1 -1.913e+05 9.576e+02 8.483e+02
|            ( - -1.503e+05 5 0 WDBNDRY_B 0 2.644e+02 6.803e+02)
|            ( - -4.000e+04 16 0 QUESTION0_20_R 1 1.903e+02 1.681e+02))
|        ( QUESTION0 -1 -3.155e+05 8.927e+02 1.383e+03
|            ( QUESTION6 -1 -1.884e+05 6.537e+02 8.388e+02
|                ( - -4.427e+04 4 0 QUESTION0 1 3.448e+02 2.025e+02)
|                ( QUESTION2_7_L -1 -1.434e+05 4.902e+02 6.363e+02
|                    ( - -3.189e+04 9 0 QUESTION17 -1 3.543e+02 1.382e+02)
|                    ( QUESTION11 1 -1.111e+05 4.956e+02 4.980e+02
|                        ( - -7.238e+04 2 0 QUESTION1 -1 2.749e+02 3.301e+02)
|                        ( - -3.818e+04 4 0 QUESTION1 -1 2.215e+02 1.680e+02))))
|            ( - -1.262e+05 11 0 QUESTION2_0_L -1 4.365e+02 5.444e+02))))
s>    ( QUESTION2 -1 -5.984e+05 1.450e+03 2.618e+03
s>        ( - -8.883e+04 3 0 QUESTION0 1 1.808e+02 3.862e+02)
s>        ( QUESTION2_14_L -1 -5.081e+05 1.369e+03 2.232e+03
s>            ( QUESTION10 1 -1.913e+05 9.576e+02 8.483e+02
s>                ( - -1.503e+05 5 0 WDBNDRY_B 0 2.644e+02 6.803e+02)
s>                ( - -4.000e+04 16 0 QUESTION0_20_R 1 1.903e+02 1.681e+02))
s>            ( QUESTION0 -1 -3.155e+05 8.927e+02 1.383e+03
s>                ( QUESTION6 -1 -1.884e+05 6.537e+02 8.388e+02
s>                    ( - -4.427e+04 4 0 QUESTION0 1 3.448e+02 2.025e+02)
s>                    ( QUESTION2_7_L -1 -1.434e+05 4.902e+02 6.363e+02
s>                        ( - -3.189e+04 9 0 QUESTION17 -1 3.543e+02 1.382e+02)
s>                        ( QUESTION11 1 -1.111e+05 4.956e+02 4.980e+02
s>                            ( - -7.238e+04 2 0 QUESTION1 -1 2.749e+02 3.301e+02)
s>                            ( - -3.818e+04 4 0 QUESTION1 -1 2.215e+02 1.680e+02))))
s>                ( - -1.262e+05 11 0 QUESTION2_0_L -1 4.365e+02 5.444e+02))))INFO: dtree.c(1315): Comp split 3
INFO: dtree.c(1478): Final simple tree
|( QUESTION2_4_L -1 -3.006e+05 8.117e+02 1.351e+03
|    ( - -4.815e+04 1 0)
|    ( QUESTION0 -1 -2.516e+05 4.582e+02 1.132e+03
|        ( QUESTION17 -1 -1.008e+05 4.554e+02 4.516e+02
|            ( - -9.476e+03 2 0 QUESTION0_0_R 1 9.472e+01 4.189e+01)
|            ( QUESTION11 1 -9.090e+04 4.291e+02 4.097e+02
|                ( QUESTION15 -1 -4.715e+04 4.537e+02 2.163e+02
|                    ( - 1.072e+02 1 0)
|                    ( QUESTION6 -1 -4.680e+04 2.724e+02 2.153e+02
|                        ( - -1.562e+04 1 0)
|                        ( - -3.091e+04 4 0 QUESTION1 -1 2.159e+02 1.409e+02)))
|                ( - -4.332e+04 6 0 QUESTION7 -1 2.292e+02 1.934e+02)))
|        ( WDBNDRY_B 0 -1.503e+05 2.644e+02 6.803e+02
|            ( - -1.438e+05 4 0 QUESTION0_0_R 1 2.556e+02 6.537e+02)
|            ( - -6.259e+03 1 0))))
s>    ( QUESTION2_4_L -1 -3.006e+05 8.117e+02 1.351e+03
s>        ( - -4.815e+04 1 0)
s>        ( QUESTION0 -1 -2.516e+05 4.582e+02 1.132e+03
s>            ( QUESTION17 -1 -1.008e+05 4.554e+02 4.516e+02
s>                ( - -9.476e+03 2 0 QUESTION0_0_R 1 9.472e+01 4.189e+01)
s>                ( QUESTION11 1 -9.090e+04 4.291e+02 4.097e+02
s>                    ( QUESTION15 -1 -4.715e+04 4.537e+02 2.163e+02
s>                        ( - 1.072e+02 1 0)
s>                        ( QUESTION6 -1 -4.680e+04 2.724e+02 2.153e+02
s>                            ( - -1.562e+04 1 0)
s>                            ( - -3.091e+04 4 0 QUESTION1 -1 2.159e+02 1.409e+02)))
s>                    ( - -4.332e+04 6 0 QUESTION7 -1 2.292e+02 1.934e+02)))
s>            ( WDBNDRY_B 0 -1.503e+05 2.644e+02 6.803e+02
s>                ( - -1.438e+05 4 0 QUESTION0_0_R 1 2.556e+02 6.537e+02)
s>                ( - -6.259e+03 1 0))))INFO: dtree.c(1478): Final simple tree
|( QUESTION2 -1 -2.958e+05 1.291e+03 1.267e+03
|    ( - -8.883e+04 3 0 QUESTION0 1 1.808e+02 3.862e+02)
|    ( QUESTION10 1 -2.057e+05 7.055e+02 8.805e+02
|        ( QUESTION0 -1 -1.313e+05 5.740e+02 5.703e+02
|            ( QUESTION1 -1 -3.620e+04 2.354e+02 1.600e+02
|                ( - -9.164e+03 1 0)
|                ( WDBNDRY_B 0 -2.680e+04 1.937e+02 1.192e+02
|                    ( - -2.450e+04 1 0)
|                    ( - -2.102e+03 1 0)))
|            ( - -9.450e+04 7 0 QUESTION0_0_R 1 1.353e+02 4.103e+02))
|        ( QUESTION2_14_L -1 -7.371e+04 3.432e+02 3.102e+02
|            ( - -4.000e+04 16 0 QUESTION0_20_R 1 1.903e+02 1.681e+02)
|            ( QUESTION2_0_L -1 -3.337e+04 2.172e+02 1.421e+02
|                ( - -2.525e+04 1 0)
|                ( - -7.904e+03 4 0 QUESTION0 -1 1.303e+02 3.300e+01)))))
s>    ( QUESTION2 -1 -2.958e+05 1.291e+03 1.267e+03
s>        ( - -8.883e+04 3 0 QUESTION0 1 1.808e+02 3.862e+02)
s>        ( QUESTION10 1 -2.057e+05 7.055e+02 8.805e+02
s>            ( QUESTION0 -1 -1.313e+05 5.740e+02 5.703e+02
s>                ( QUESTION1 -1 -3.620e+04 2.354e+02 1.600e+02
s>                    ( - -9.164e+03 1 0)
s>                    ( WDBNDRY_B 0 -2.680e+04 1.937e+02 1.192e+02
s>                        ( - -2.450e+04 1 0)
s>                        ( - -2.102e+03 1 0)))
s>                ( - -9.450e+04 7 0 QUESTION0_0_R 1 1.353e+02 4.103e+02))
s>            ( QUESTION2_14_L -1 -7.371e+04 3.432e+02 3.102e+02
s>                ( - -4.000e+04 16 0 QUESTION0_20_R 1 1.903e+02 1.681e+02)
s>                ( QUESTION2_0_L -1 -3.337e+04 2.172e+02 1.421e+02
s>                    ( - -2.525e+04 1 0)
s>                    ( - -7.904e+03 4 0 QUESTION0 -1 1.303e+02 3.300e+01)))))INFO: dtree.c(1315): Comp split 4
INFO: dtree.c(1478): Final simple tree
|( QUESTION10 1 -2.057e+05 7.055e+02 8.805e+02
|    ( QUESTION0 -1 -1.313e+05 5.740e+02 5.703e+02
|        ( QUESTION1 -1 -3.620e+04 2.354e+02 1.600e+02
|            ( - -9.164e+03 1 0)
|            ( WDBNDRY_B 0 -2.680e+04 1.937e+02 1.192e+02
|                ( - -2.450e+04 1 0)
|                ( - -2.102e+03 1 0)))
|        ( - -9.450e+04 7 0 QUESTION0_0_R 1 1.353e+02 4.103e+02))
|    ( QUESTION2_14_L -1 -7.371e+04 3.432e+02 3.102e+02
|        ( QUESTION0_20_R 1 -4.000e+04 1.903e+02 1.681e+02
|            ( - -1.531e+04 4 0 WDBNDRY_B 0 1.366e+02 6.552e+01)
|            ( - -2.450e+04 12 0 QUESTION18 1 1.885e+02 1.025e+02))
|        ( QUESTION2_0_L -1 -3.337e+04 2.172e+02 1.421e+02
|            ( - -2.525e+04 1 0)
|            ( - -7.904e+03 4 0 QUESTION0 -1 1.303e+02 3.300e+01))))
s>    ( QUESTION10 1 -2.057e+05 7.055e+02 8.805e+02
s>        ( QUESTION0 -1 -1.313e+05 5.740e+02 5.703e+02
s>            ( QUESTION1 -1 -3.620e+04 2.354e+02 1.600e+02
s>                ( - -9.164e+03 1 0)
s>                ( WDBNDRY_B 0 -2.680e+04 1.937e+02 1.192e+02
s>                    ( - -2.450e+04 1 0)
s>                    ( - -2.102e+03 1 0)))
s>            ( - -9.450e+04 7 0 QUESTION0_0_R 1 1.353e+02 4.103e+02))
s>        ( QUESTION2_14_L -1 -7.371e+04 3.432e+02 3.102e+02
s>            ( QUESTION0_20_R 1 -4.000e+04 1.903e+02 1.681e+02
s>                ( - -1.531e+04 4 0 WDBNDRY_B 0 1.366e+02 6.552e+01)
s>                ( - -2.450e+04 12 0 QUESTION18 1 1.885e+02 1.025e+02))
s>            ( QUESTION2_0_L -1 -3.337e+04 2.172e+02 1.421e+02
s>                ( - -2.525e+04 1 0)
s>                ( - -7.904e+03 4 0 QUESTION0 -1 1.303e+02 3.300e+01))))INFO: dtree.c(1439): stop. leaf nodes are specific
INFO: dtree.c(1478): Final simple tree
|( QUESTION0 1 -8.883e+04 1.808e+02 3.862e+02
|    ( QUESTION0_0_R 1 -8.407e+04 1.613e+02 3.667e+02
|        ( - -3.239e+04 1 0)
|        ( - -5.152e+04 1 0))
|    ( - -4.577e+03 1 0))
s>    ( QUESTION0 1 -8.883e+04 1.808e+02 3.862e+02
s>        ( QUESTION0_0_R 1 -8.407e+04 1.613e+02 3.667e+02
s>            ( - -3.239e+04 1 0)
s>            ( - -5.152e+04 1 0))
s>        ( - -4.577e+03 1 0))INFO: dtree.c(1315): Comp split 5
INFO: dtree.c(1439): stop. leaf nodes are specific
INFO: dtree.c(1478): Final simple tree
|( QUESTION2_7_L -1 -8.931e+04 4.897e+02 4.020e+02
|    ( QUESTION17 -1 -1.644e+04 2.354e+02 7.198e+01
|        ( QUESTION0_0_R 1 -9.476e+03 9.472e+01 4.189e+01
|            ( - -3.240e+03 1 0)
|            ( - -6.142e+03 1 0))
|        ( QUESTION9 -1 -6.728e+03 1.515e+02 3.009e+01
|            ( QUESTION10 -1 -5.834e+03 1.397e+02 2.609e+01
|                ( - -5.895e+02 1 0)
|                ( - -5.104e+03 1 0))
|            ( - -7.432e+02 1 0)))
|    ( QUESTION1 -1 -7.238e+04 2.749e+02 3.301e+02
|        ( - -2.396e+04 1 0)
|        ( - -4.815e+04 1 0)))
s>    ( QUESTION2_7_L -1 -8.931e+04 4.897e+02 4.020e+02
s>        ( QUESTION17 -1 -1.644e+04 2.354e+02 7.198e+01
s>            ( QUESTION0_0_R 1 -9.476e+03 9.472e+01 4.189e+01
s>                ( - -3.240e+03 1 0)
s>                ( - -6.142e+03 1 0))
s>            ( QUESTION9 -1 -6.728e+03 1.515e+02 3.009e+01
s>                ( QUESTION10 -1 -5.834e+03 1.397e+02 2.609e+01
s>                    ( - -5.895e+02 1 0)
s>                    ( - -5.104e+03 1 0))
s>                ( - -7.432e+02 1 0)))
s>        ( QUESTION1 -1 -7.238e+04 2.749e+02 3.301e+02
s>            ( - -2.396e+04 1 0)
s>            ( - -4.815e+04 1 0)))INFO: dtree.c(1478): Final simple tree
|( QUESTION2_13_L -1 -2.103e+05 3.946e+02 9.491e+02
|    ( WDBNDRY_B 0 -1.524e+05 2.648e+02 6.893e+02
|        ( QUESTION11 1 -1.459e+05 2.637e+02 6.627e+02
|            ( - -5.747e+04 2 0)
|            ( - -8.812e+04 4 0 QUESTION0 -1 1.554e+02 4.045e+02))
|        ( - -6.259e+03 1 0))
|    ( QUESTION11 1 -5.753e+04 3.142e+02 2.598e+02
|        ( QUESTION1 -1 -1.598e+04 4.590e+02 7.534e+01
|            ( - -1.562e+04 1 0)
|            ( - 1.072e+02 1 0))
|        ( QUESTION1 -1 -4.124e+04 2.129e+02 1.844e+02
|            ( - -2.622e+04 1 0)
|            ( QUESTION14 -1 -1.481e+04 1.767e+02 6.524e+01
|                ( - -8.965e+03 2 0 QUESTION0_0_R 1 1.983e+02 3.820e+01)
|                ( - -5.673e+03 1 0)))))
s>    ( QUESTION2_13_L -1 -2.103e+05 3.946e+02 9.491e+02
s>        ( WDBNDRY_B 0 -1.524e+05 2.648e+02 6.893e+02
s>            ( QUESTION11 1 -1.459e+05 2.637e+02 6.627e+02
s>                ( - -5.747e+04 2 0)
s>                ( - -8.812e+04 4 0 QUESTION0 -1 1.554e+02 4.045e+02))
s>            ( - -6.259e+03 1 0))
s>        ( QUESTION11 1 -5.753e+04 3.142e+02 2.598e+02
s>            ( QUESTION1 -1 -1.598e+04 4.590e+02 7.534e+01
s>                ( - -1.562e+04 1 0)
s>                ( - 1.072e+02 1 0))
s>            ( QUESTION1 -1 -4.124e+04 2.129e+02 1.844e+02
s>                ( - -2.622e+04 1 0)
s>                ( QUESTION14 -1 -1.481e+04 1.767e+02 6.524e+01
s>                    ( - -8.965e+03 2 0 QUESTION0_0_R 1 1.983e+02 3.820e+01)
s>                    ( - -5.673e+03 1 0)))))INFO: dtree.c(1315): Comp split 6
INFO: dtree.c(1478): Final simple tree
|( QUESTION2_14_L -1 -6.782e+04 3.317e+02 2.872e+02
|    ( QUESTION0_20_R 1 -4.000e+04 1.903e+02 1.681e+02
|        ( WDBNDRY_B 0 -1.531e+04 1.366e+02 6.552e+01
|            ( - -1.254e+04 2 0)
|            ( - -2.630e+03 2 0 QUESTION0 1 5.689e+01 1.200e+01))
|        ( QUESTION18 1 -2.450e+04 1.885e+02 1.025e+02
|            ( - -6.881e+03 3 0 QUESTION0_7_R 1 1.350e+02 2.952e+01)
|            ( QUESTION15 1 -1.743e+04 2.203e+02 7.301e+01
|                ( - -3.795e+03 1 0)
|                ( QUESTION0_3_R 1 -1.341e+04 1.415e+02 5.701e+01
|                    ( - -6.169e+02 1 0)
|                    ( - -1.266e+04 7 0 QUESTION1 1 1.358e+02 5.401e+01)))))
|    ( WDBNDRY_B 0 -2.749e+04 1.368e+02 1.191e+02
|        ( - -2.525e+04 1 0)
|        ( - -2.102e+03 1 0)))
s>    ( QUESTION2_14_L -1 -6.782e+04 3.317e+02 2.872e+02
s>        ( QUESTION0_20_R 1 -4.000e+04 1.903e+02 1.681e+02
s>            ( WDBNDRY_B 0 -1.531e+04 1.366e+02 6.552e+01
s>                ( - -1.254e+04 2 0)
s>                ( - -2.630e+03 2 0 QUESTION0 1 5.689e+01 1.200e+01))
s>            ( QUESTION18 1 -2.450e+04 1.885e+02 1.025e+02
s>                ( - -6.881e+03 3 0 QUESTION0_7_R 1 1.350e+02 2.952e+01)
s>                ( QUESTION15 1 -1.743e+04 2.203e+02 7.301e+01
s>                    ( - -3.795e+03 1 0)
s>                    ( QUESTION0_3_R 1 -1.341e+04 1.415e+02 5.701e+01
s>                        ( - -6.169e+02 1 0)
s>                        ( - -1.266e+04 7 0 QUESTION1 1 1.358e+02 5.401e+01)))))
s>        ( WDBNDRY_B 0 -2.749e+04 1.368e+02 1.191e+02
s>            ( - -2.525e+04 1 0)
s>            ( - -2.102e+03 1 0)))INFO: dtree.c(1478): Final simple tree
|( QUESTION0 -1 -1.371e+05 6.382e+02 5.933e+02
|    ( QUESTION1 -1 -3.588e+04 2.154e+02 1.580e+02
|        ( QUESTION0_0_R 1 -1.116e+04 1.203e+02 4.875e+01
|            ( - -9.164e+03 1 0)
|            ( - -1.875e+03 1 0))
|        ( - -2.450e+04 1 0))
|    ( QUESTION0 1 -1.006e+05 1.834e+02 4.353e+02
|        ( QUESTION0_0_R 1 -9.450e+04 1.353e+02 4.103e+02
|            ( QUESTION2_0_L -1 -2.855e+04 2.430e+02 1.227e+02
|                ( - -9.173e+02 1 0)
|                ( - -2.739e+04 3 0))
|            ( QUESTION2_0_L -1 -6.581e+04 1.281e+02 2.876e+02
|                ( - -1.051e+03 1 0)
|                ( - -6.463e+04 2 0)))
|        ( - -5.899e+03 3 0)))
s>    ( QUESTION0 -1 -1.371e+05 6.382e+02 5.933e+02
s>        ( QUESTION1 -1 -3.588e+04 2.154e+02 1.580e+02
s>            ( QUESTION0_0_R 1 -1.116e+04 1.203e+02 4.875e+01
s>                ( - -9.164e+03 1 0)
s>                ( - -1.875e+03 1 0))
s>            ( - -2.450e+04 1 0))
s>        ( QUESTION0 1 -1.006e+05 1.834e+02 4.353e+02
s>            ( QUESTION0_0_R 1 -9.450e+04 1.353e+02 4.103e+02
s>                ( QUESTION2_0_L -1 -2.855e+04 2.430e+02 1.227e+02
s>                    ( - -9.173e+02 1 0)
s>                    ( - -2.739e+04 3 0))
s>                ( QUESTION2_0_L -1 -6.581e+04 1.281e+02 2.876e+02
s>                    ( - -1.051e+03 1 0)
s>                    ( - -6.463e+04 2 0)))
s>            ( - -5.899e+03 3 0)))INFO: dtree.c(1315): Comp split 7
INFO: dtree.c(1439): stop. leaf nodes are specific
INFO: dtree.c(1478): Final simple tree
|( SILENCE -1 -1.343e+05 6.053e+02 6.302e+02
|    ( - -9.007e+04 1 0)
|    ( QUESTION0 1 -4.358e+04 2.419e+02 2.005e+02
|        ( QUESTION0_0_R 1 -3.502e+04 1.593e+02 1.621e+02
|            ( - -1.915e+04 1 0)
|            ( QUESTION2_8_L -1 -1.571e+04 1.350e+02 7.404e+01
|                ( - -1.846e+03 1 0)
|                ( - -1.373e+04 1 0)))
|        ( - -8.315e+03 1 0)))
s>    ( SILENCE -1 -1.343e+05 6.053e+02 6.302e+02
s>        ( - -9.007e+04 1 0)
s>        ( QUESTION0 1 -4.358e+04 2.419e+02 2.005e+02
s>            ( QUESTION0_0_R 1 -3.502e+04 1.593e+02 1.621e+02
s>                ( - -1.915e+04 1 0)
s>                ( QUESTION2_8_L -1 -1.571e+04 1.350e+02 7.404e+01
s>                    ( - -1.846e+03 1 0)
s>                    ( - -1.373e+04 1 0)))
s>            ( - -8.315e+03 1 0)))INFO: dtree.c(1439): stop. leaf nodes are specific
INFO: dtree.c(1478): Final simple tree
|( QUESTION0_3_R 1 -1.980e+05 4.603e+02 9.300e+02
|    ( - -7.602e+04 1 0)
|    ( QUESTION0_0_R 1 -1.215e+05 1.482e+02 5.748e+02
|        ( - -5.135e+04 1 0)
|        ( - -7.002e+04 1 0)))
s>    ( QUESTION0_3_R 1 -1.980e+05 4.603e+02 9.300e+02
s>        ( - -7.602e+04 1 0)
s>        ( QUESTION0_0_R 1 -1.215e+05 1.482e+02 5.748e+02
s>            ( - -5.135e+04 1 0)
s>            ( - -7.002e+04 1 0)))INFO: dtree.c(1315): Comp split 8
INFO: dtree.c(1439): stop. leaf nodes are specific
INFO: dtree.c(1478): Final simple tree
|( WDBNDRY_E 0 -3.429e+04 1.628e+02 1.564e+02
|    ( - -3.408e+02 1 0)
|    ( - -3.379e+04 1 0))
s>    ( WDBNDRY_E 0 -3.429e+04 1.628e+02 1.564e+02
s>        ( - -3.408e+02 1 0)
s>        ( - -3.379e+04 1 0))INFO: dtree.c(1478): Final simple tree
|( WDBNDRY_E 0 -1.116e+05 4.594e+02 4.937e+02
|    ( SILENCE 1 -1.114e+05 3.745e+02 4.927e+02
|        ( - -3.980e+04 1 0)
|        ( QUESTION0_2_R 1 -7.122e+04 1.494e+02 3.193e+02
|            ( QUESTION12 1 -2.516e+04 1.521e+02 1.129e+02
|                ( - -2.799e+03 1 0)
|                ( QUESTION18 1 -2.220e+04 1.387e+02 9.985e+01
|                    ( QUESTION0_7_R 1 -3.146e+02 7.399e+02 2.000e+00
|                        ( - 2.066e+02 1 0)
|                        ( - 2.187e+02 1 0))
|                    ( - -2.175e+04 5 0 QUESTION0_7_R 1 1.518e+02 9.785e+01)))
|            ( QUESTION17 1 -4.591e+04 1.430e+02 2.064e+02
|                ( - -3.445e+02 1 0)
|                ( - -4.543e+04 10 0 QUESTION8 1 1.292e+02 2.044e+02))))
|    ( - 2.415e+02 1 0))
s>    ( WDBNDRY_E 0 -1.116e+05 4.594e+02 4.937e+02
s>        ( SILENCE 1 -1.114e+05 3.745e+02 4.927e+02
s>            ( - -3.980e+04 1 0)
s>            ( QUESTION0_2_R 1 -7.122e+04 1.494e+02 3.193e+02
s>                ( QUESTION12 1 -2.516e+04 1.521e+02 1.129e+02
s>                    ( - -2.799e+03 1 0)
s>                    ( QUESTION18 1 -2.220e+04 1.387e+02 9.985e+01
s>                        ( QUESTION0_7_R 1 -3.146e+02 7.399e+02 2.000e+00
s>                            ( - 2.066e+02 1 0)
s>                            ( - 2.187e+02 1 0))
s>                        ( - -2.175e+04 5 0 QUESTION0_7_R 1 1.518e+02 9.785e+01)))
s>                ( QUESTION17 1 -4.591e+04 1.430e+02 2.064e+02
s>                    ( - -3.445e+02 1 0)
s>                    ( - -4.543e+04 10 0 QUESTION8 1 1.292e+02 2.044e+02))))
s>        ( - 2.415e+02 1 0))INFO: dtree.c(1315): Comp split 9
INFO: dtree.c(1439): stop. leaf nodes are specific
INFO: dtree.c(1478): Final simple tree
|( QUESTION0 1 -1.006e+05 1.834e+02 4.353e+02
|    ( QUESTION0_0_R 1 -9.450e+04 1.353e+02 4.103e+02
|        ( QUESTION2_0_L -1 -2.855e+04 2.430e+02 1.227e+02
|            ( - -9.173e+02 1 0)
|            ( - -2.739e+04 3 0))
|        ( QUESTION2_0_L -1 -6.581e+04 1.281e+02 2.876e+02
|            ( - -1.051e+03 1 0)
|            ( - -6.463e+04 2 0)))
|    ( - -5.899e+03 3 0))
s>    ( QUESTION0 1 -1.006e+05 1.834e+02 4.353e+02
s>        ( QUESTION0_0_R 1 -9.450e+04 1.353e+02 4.103e+02
s>            ( QUESTION2_0_L -1 -2.855e+04 2.430e+02 1.227e+02
s>                ( - -9.173e+02 1 0)
s>                ( - -2.739e+04 3 0))
s>            ( QUESTION2_0_L -1 -6.581e+04 1.281e+02 2.876e+02
s>                ( - -1.051e+03 1 0)
s>                ( - -6.463e+04 2 0)))
s>        ( - -5.899e+03 3 0))INFO: dtree.c(1439): stop. leaf nodes are specific
INFO: dtree.c(1478): Final simple tree
|( QUESTION1 -1 -3.588e+04 2.154e+02 1.580e+02
|    ( QUESTION0_0_R 1 -1.116e+04 1.203e+02 4.875e+01
|        ( - -9.164e+03 1 0)
|        ( - -1.875e+03 1 0))
|    ( - -2.450e+04 1 0))
s>    ( QUESTION1 -1 -3.588e+04 2.154e+02 1.580e+02
s>        ( QUESTION0_0_R 1 -1.116e+04 1.203e+02 4.875e+01
s>            ( - -9.164e+03 1 0)
s>            ( - -1.875e+03 1 0))
s>        ( - -2.450e+04 1 0))INFO: dtree.c(1315): Comp split 10
INFO: dtree.c(1439): stop. leaf nodes are specific
INFO: dtree.c(1478): Final simple tree
|( QUESTION0 1 -4.358e+04 2.419e+02 2.005e+02
|    ( QUESTION0_0_R 1 -3.502e+04 1.593e+02 1.621e+02
|        ( - -1.915e+04 1 0)
|        ( QUESTION2_8_L -1 -1.571e+04 1.350e+02 7.404e+01
|            ( - -1.846e+03 1 0)
|            ( - -1.373e+04 1 0)))
|    ( - -8.315e+03 1 0))
s>    ( QUESTION0 1 -4.358e+04 2.419e+02 2.005e+02
s>        ( QUESTION0_0_R 1 -3.502e+04 1.593e+02 1.621e+02
s>            ( - -1.915e+04 1 0)
s>            ( QUESTION2_8_L -1 -1.571e+04 1.350e+02 7.404e+01
s>                ( - -1.846e+03 1 0)
s>                ( - -1.373e+04 1 0)))
s>        ( - -8.315e+03 1 0))INFO: dtree.c(1315): Comp split 11
INFO: dtree.c(1439): stop. leaf nodes are specific
INFO: dtree.c(1478): Final simple tree
|( WDBNDRY_E 0 -6.796e+04 1.147e+02 2.932e+02
|    ( - -6.663e+04 1 0)
|    ( - -1.216e+03 1 0))
s>    ( WDBNDRY_E 0 -6.796e+04 1.147e+02 2.932e+02
s>        ( - -6.663e+04 1 0)
s>        ( - -1.216e+03 1 0))INFO: dtree.c(1478): Final simple tree
|( WDBNDRY_E 0 -1.896e+05 3.465e+02 8.186e+02
|    ( QUESTION0_4_R 1 -1.822e+05 2.839e+02 7.866e+02
|        ( - -2.135e+04 1 0)
|        ( QUESTION18 1 -1.605e+05 2.219e+02 6.935e+02
|            ( QUESTION0_8_R 1 -8.159e+04 1.406e+02 3.525e+02
|                ( - -4.408e+03 1 0)
|                ( - -7.704e+04 2 0 QUESTION0_0_R 1 1.249e+02 3.325e+02))
|            ( QUESTION11 1 -7.872e+04 1.468e+02 3.410e+02
|                ( - -1.506e+03 1 0)
|                ( QUESTION0_11_R 1 -7.706e+04 1.362e+02 3.340e+02
|                    ( - -2.694e+03 1 0)
|                    ( - -7.423e+04 12 0 QUESTION0_8_R 1 1.323e+02 3.220e+02)))))
|    ( QUESTION1 -1 -7.084e+03 1.553e+02 3.200e+01
|        ( - -3.413e+03 1 0)
|        ( - -3.515e+03 1 0)))
s>    ( WDBNDRY_E 0 -1.896e+05 3.465e+02 8.186e+02
s>        ( QUESTION0_4_R 1 -1.822e+05 2.839e+02 7.866e+02
s>            ( - -2.135e+04 1 0)
s>            ( QUESTION18 1 -1.605e+05 2.219e+02 6.935e+02
s>                ( QUESTION0_8_R 1 -8.159e+04 1.406e+02 3.525e+02
s>                    ( - -4.408e+03 1 0)
s>                    ( - -7.704e+04 2 0 QUESTION0_0_R 1 1.249e+02 3.325e+02))
s>                ( QUESTION11 1 -7.872e+04 1.468e+02 3.410e+02
s>                    ( - -1.506e+03 1 0)
s>                    ( QUESTION0_11_R 1 -7.706e+04 1.362e+02 3.340e+02
s>                        ( - -2.694e+03 1 0)
s>                        ( - -7.423e+04 12 0 QUESTION0_8_R 1 1.323e+02 3.220e+02)))))
s>        ( QUESTION1 -1 -7.084e+03 1.553e+02 3.200e+01
s>            ( - -3.413e+03 1 0)
s>            ( - -3.515e+03 1 0)))INFO: dtree.c(1315): Comp split 12
INFO: dtree.c(1439): stop. leaf nodes are specific
INFO: dtree.c(1478): Final simple tree
|( QUESTION0 -1 -1.676e+05 3.440e+02 7.641e+02
|    ( QUESTION7 -1 -2.352e+04 1.774e+02 1.104e+02
|        ( - -1.562e+04 1 0)
|        ( QUESTION1 -1 -7.718e+03 1.366e+02 3.605e+01
|            ( QUESTION0_0_R 1 -1.909e+03 1.161e+02 9.000e+00
|                ( - -1.035e+03 1 0)
|                ( - -7.571e+02 1 0))
|            ( - -5.673e+03 1 0)))
|    ( QUESTION0_0_R 1 -1.438e+05 2.556e+02 6.537e+02
|        ( - -8.605e+04 2 0)
|        ( - -5.747e+04 2 0)))
s>    ( QUESTION0 -1 -1.676e+05 3.440e+02 7.641e+02
s>        ( QUESTION7 -1 -2.352e+04 1.774e+02 1.104e+02
s>            ( - -1.562e+04 1 0)
s>            ( QUESTION1 -1 -7.718e+03 1.366e+02 3.605e+01
s>                ( QUESTION0_0_R 1 -1.909e+03 1.161e+02 9.000e+00
s>                    ( - -1.035e+03 1 0)
s>                    ( - -7.571e+02 1 0))
s>                ( - -5.673e+03 1 0)))
s>        ( QUESTION0_0_R 1 -1.438e+05 2.556e+02 6.537e+02
s>            ( - -8.605e+04 2 0)
s>            ( - -5.747e+04 2 0)))INFO: dtree.c(1439): stop. leaf nodes are specific
INFO: dtree.c(1478): Final simple tree
|( QUESTION11 1 -4.215e+04 4.486e+02 1.850e+02
|    ( - 1.072e+02 1 0)
|    ( QUESTION0_0_R 1 -4.181e+04 1.989e+02 1.840e+02
|        ( WDBNDRY_B 0 -1.095e+04 1.472e+02 4.580e+01
|            ( - -4.542e+03 1 0)
|            ( - -6.259e+03 1 0))
|        ( QUESTION1 -1 -3.067e+04 2.258e+02 1.382e+02
|            ( - -2.622e+04 1 0)
|            ( - -4.225e+03 1 0))))
s>    ( QUESTION11 1 -4.215e+04 4.486e+02 1.850e+02
s>        ( - 1.072e+02 1 0)
s>        ( QUESTION0_0_R 1 -4.181e+04 1.989e+02 1.840e+02
s>            ( WDBNDRY_B 0 -1.095e+04 1.472e+02 4.580e+01
s>                ( - -4.542e+03 1 0)
s>                ( - -6.259e+03 1 0))
s>            ( QUESTION1 -1 -3.067e+04 2.258e+02 1.382e+02
s>                ( - -2.622e+04 1 0)
s>                ( - -4.225e+03 1 0))))INFO: dtree.c(1315): Comp split 13
INFO: dtree.c(1439): stop. leaf nodes are specific
INFO: dtree.c(1478): Final simple tree
|( QUESTION2_0_L -1 -7.311e+04 2.789e+02 3.331e+02
|    ( - -4.815e+04 1 0)
|    ( QUESTION1 -1 -2.468e+04 1.327e+02 1.139e+02
|        ( - -2.396e+04 1 0)
|        ( - -5.895e+02 1 0)))
s>    ( QUESTION2_0_L -1 -7.311e+04 2.789e+02 3.331e+02
s>        ( - -4.815e+04 1 0)
s>        ( QUESTION1 -1 -2.468e+04 1.327e+02 1.139e+02
s>            ( - -2.396e+04 1 0)
s>            ( - -5.895e+02 1 0)))INFO: dtree.c(1439): stop. leaf nodes are specific
INFO: dtree.c(1478): Final simple tree
|( QUESTION17 -1 -1.571e+04 2.284e+02 6.898e+01
|    ( QUESTION0_0_R 1 -9.476e+03 9.472e+01 4.189e+01
|        ( - -3.240e+03 1 0)
|        ( - -6.142e+03 1 0))
|    ( QUESTION9 -1 -6.006e+03 1.585e+02 2.709e+01
|        ( - -5.104e+03 1 0)
|        ( - -7.432e+02 1 0)))
s>    ( QUESTION17 -1 -1.571e+04 2.284e+02 6.898e+01
s>        ( QUESTION0_0_R 1 -9.476e+03 9.472e+01 4.189e+01
s>            ( - -3.240e+03 1 0)
s>            ( - -6.142e+03 1 0))
s>        ( QUESTION9 -1 -6.006e+03 1.585e+02 2.709e+01
s>            ( - -5.104e+03 1 0)
s>            ( - -7.432e+02 1 0)))INFO: dtree.c(1315): Comp split 14
INFO: dtree.c(1439): stop. leaf nodes are specific
INFO: dtree.c(1478): Final simple tree
|( QUESTION0_0_R 1 -1.215e+05 1.482e+02 5.748e+02
|    ( - -5.135e+04 1 0)
|    ( - -7.002e+04 1 0))
s>    ( QUESTION0_0_R 1 -1.215e+05 1.482e+02 5.748e+02
s>        ( - -5.135e+04 1 0)
s>        ( - -7.002e+04 1 0))INFO: dtree.c(1315): Comp split 15
INFO: dtree.c(1478): Final simple tree
|( SILENCE 1 -1.114e+05 3.745e+02 4.927e+02
|    ( - -3.980e+04 1 0)
|    ( QUESTION0_2_R 1 -7.122e+04 1.494e+02 3.193e+02
|        ( QUESTION12 1 -2.516e+04 1.521e+02 1.129e+02
|            ( - -2.799e+03 1 0)
|            ( QUESTION18 1 -2.220e+04 1.387e+02 9.985e+01
|                ( QUESTION0_7_R 1 -3.146e+02 7.399e+02 2.000e+00
|                    ( - 2.066e+02 1 0)
|                    ( - 2.187e+02 1 0))
|                ( QUESTION0_7_R 1 -2.175e+04 1.518e+02 9.785e+01
|                    ( - -3.259e+02 1 0)
|                    ( - -2.127e+04 4 0 QUESTION0_6_R 1 1.169e+02 9.585e+01))))
|        ( QUESTION17 1 -4.591e+04 1.430e+02 2.064e+02
|            ( - -3.445e+02 1 0)
|            ( - -4.543e+04 10 0 QUESTION8 1 1.292e+02 2.044e+02))))
s>    ( SILENCE 1 -1.114e+05 3.745e+02 4.927e+02
s>        ( - -3.980e+04 1 0)
s>        ( QUESTION0_2_R 1 -7.122e+04 1.494e+02 3.193e+02
s>            ( QUESTION12 1 -2.516e+04 1.521e+02 1.129e+02
s>                ( - -2.799e+03 1 0)
s>                ( QUESTION18 1 -2.220e+04 1.387e+02 9.985e+01
s>                    ( QUESTION0_7_R 1 -3.146e+02 7.399e+02 2.000e+00
s>                        ( - 2.066e+02 1 0)
s>                        ( - 2.187e+02 1 0))
s>                    ( QUESTION0_7_R 1 -2.175e+04 1.518e+02 9.785e+01
s>                        ( - -3.259e+02 1 0)
s>                        ( - -2.127e+04 4 0 QUESTION0_6_R 1 1.169e+02 9.585e+01))))
s>            ( QUESTION17 1 -4.591e+04 1.430e+02 2.064e+02
s>                ( - -3.445e+02 1 0)
s>                ( - -4.543e+04 10 0 QUESTION8 1 1.292e+02 2.044e+02))))INFO: dtree.c(1315): Comp split 16
INFO: dtree.c(1439): stop. leaf nodes are specific
INFO: dtree.c(1478): Final simple tree
|( QUESTION0_0_R 1 -4.181e+04 1.989e+02 1.840e+02
|    ( WDBNDRY_B 0 -1.095e+04 1.472e+02 4.580e+01
|        ( - -4.542e+03 1 0)
|        ( - -6.259e+03 1 0))
|    ( QUESTION1 -1 -3.067e+04 2.258e+02 1.382e+02
|        ( - -2.622e+04 1 0)
|        ( - -4.225e+03 1 0)))
s>    ( QUESTION0_0_R 1 -4.181e+04 1.989e+02 1.840e+02
s>        ( WDBNDRY_B 0 -1.095e+04 1.472e+02 4.580e+01
s>            ( - -4.542e+03 1 0)
s>            ( - -6.259e+03 1 0))
s>        ( QUESTION1 -1 -3.067e+04 2.258e+02 1.382e+02
s>            ( - -2.622e+04 1 0)
s>            ( - -4.225e+03 1 0)))INFO: dtree.c(1315): Comp split 17
INFO: dtree.c(1478): Final simple tree
|( QUESTION19 1 -1.112e+05 4.360e+02 4.917e+02
|    ( - 2.187e+02 1 0)
|    ( SILENCE 1 -1.109e+05 3.708e+02 4.907e+02
|        ( - -3.980e+04 1 0)
|        ( QUESTION0_2_R 1 -7.077e+04 1.517e+02 3.173e+02
|            ( QUESTION0_7_R 1 -2.470e+04 1.520e+02 1.109e+02
|                ( - -3.259e+02 1 0)
|                ( QUESTION12 1 -2.422e+04 1.517e+02 1.089e+02
|                    ( - -2.799e+03 1 0)
|                    ( - -2.127e+04 4 0 QUESTION0_6_R 1 1.169e+02 9.585e+01)))
|            ( QUESTION17 1 -4.591e+04 1.430e+02 2.064e+02
|                ( - -3.445e+02 1 0)
|                ( QUESTION8 1 -4.543e+04 1.292e+02 2.044e+02
|                    ( - -4.000e+02 1 0)
|                    ( - -4.490e+04 9 0 QUESTION3 1 1.172e+02 2.024e+02))))))
s>    ( QUESTION19 1 -1.112e+05 4.360e+02 4.917e+02
s>        ( - 2.187e+02 1 0)
s>        ( SILENCE 1 -1.109e+05 3.708e+02 4.907e+02
s>            ( - -3.980e+04 1 0)
s>            ( QUESTION0_2_R 1 -7.077e+04 1.517e+02 3.173e+02
s>                ( QUESTION0_7_R 1 -2.470e+04 1.520e+02 1.109e+02
s>                    ( - -3.259e+02 1 0)
s>                    ( QUESTION12 1 -2.422e+04 1.517e+02 1.089e+02
s>                        ( - -2.799e+03 1 0)
s>                        ( - -2.127e+04 4 0 QUESTION0_6_R 1 1.169e+02 9.585e+01)))
s>                ( QUESTION17 1 -4.591e+04 1.430e+02 2.064e+02
s>                    ( - -3.445e+02 1 0)
s>                    ( QUESTION8 1 -4.543e+04 1.292e+02 2.044e+02
s>                        ( - -4.000e+02 1 0)
s>                        ( - -4.490e+04 9 0 QUESTION3 1 1.172e+02 2.024e+02))))))INFO: dtree.c(1315): Comp split 18
INFO: dtree.c(1478): Final simple tree
|( SILENCE 1 -1.109e+05 3.708e+02 4.907e+02
|    ( - -3.980e+04 1 0)
|    ( QUESTION0_2_R 1 -7.077e+04 1.517e+02 3.173e+02
|        ( QUESTION0_7_R 1 -2.470e+04 1.520e+02 1.109e+02
|            ( - -3.259e+02 1 0)
|            ( QUESTION12 1 -2.422e+04 1.517e+02 1.089e+02
|                ( - -2.799e+03 1 0)
|                ( - -2.127e+04 4 0 QUESTION0_6_R 1 1.169e+02 9.585e+01)))
|        ( QUESTION17 1 -4.591e+04 1.430e+02 2.064e+02
|            ( - -3.445e+02 1 0)
|            ( QUESTION8 1 -4.543e+04 1.292e+02 2.044e+02
|                ( - -4.000e+02 1 0)
|                ( QUESTION3 1 -4.490e+04 1.172e+02 2.024e+02
|                    ( - -1.313e+03 2 0 QUESTION0_13_R 1 1.896e+02 6.000e+00)
|                    ( - -4.347e+04 7 0 QUESTION0_14_R 1 9.754e+01 1.964e+02))))))
s>    ( SILENCE 1 -1.109e+05 3.708e+02 4.907e+02
s>        ( - -3.980e+04 1 0)
s>        ( QUESTION0_2_R 1 -7.077e+04 1.517e+02 3.173e+02
s>            ( QUESTION0_7_R 1 -2.470e+04 1.520e+02 1.109e+02
s>                ( - -3.259e+02 1 0)
s>                ( QUESTION12 1 -2.422e+04 1.517e+02 1.089e+02
s>                    ( - -2.799e+03 1 0)
s>                    ( - -2.127e+04 4 0 QUESTION0_6_R 1 1.169e+02 9.585e+01)))
s>            ( QUESTION17 1 -4.591e+04 1.430e+02 2.064e+02
s>                ( - -3.445e+02 1 0)
s>                ( QUESTION8 1 -4.543e+04 1.292e+02 2.044e+02
s>                    ( - -4.000e+02 1 0)
s>                    ( QUESTION3 1 -4.490e+04 1.172e+02 2.024e+02
s>                        ( - -1.313e+03 2 0 QUESTION0_13_R 1 1.896e+02 6.000e+00)
s>                        ( - -4.347e+04 7 0 QUESTION0_14_R 1 9.754e+01 1.964e+02))))))INFO: dtree.c(1315): Comp split 19
INFO: dtree.c(1478): Final simple tree
|( QUESTION0_3_R 1 -1.619e+04 1.484e+02 6.901e+01
|    ( - -6.169e+02 1 0)
|    ( QUESTION0_20_R 1 -1.542e+04 1.357e+02 6.601e+01
|        ( - -2.630e+03 2 0 QUESTION0 1 5.689e+01 1.200e+01)
|        ( QUESTION1 1 -1.266e+04 1.358e+02 5.401e+01
|            ( QUESTION4 1 -2.303e+03 1.221e+02 9.998e+00
|                ( - -1.356e+03 1 0)
|                ( - -8.244e+02 1 0))
|            ( QUESTION0_1_R 1 -1.022e+04 1.100e+02 4.402e+01
|                ( - -2.209e+03 1 0)
|                ( QUESTION0_14_R 1 -7.898e+03 9.543e+01 3.402e+01
|                    ( - -2.175e+03 1 0)
|                    ( QUESTION0_0_R 1 -5.627e+03 8.908e+01 2.402e+01
|                        ( - -1.051e+03 1 0)
|                        ( - -4.487e+03 2 0)))))))
s>    ( QUESTION0_3_R 1 -1.619e+04 1.484e+02 6.901e+01
s>        ( - -6.169e+02 1 0)
s>        ( QUESTION0_20_R 1 -1.542e+04 1.357e+02 6.601e+01
s>            ( - -2.630e+03 2 0 QUESTION0 1 5.689e+01 1.200e+01)
s>            ( QUESTION1 1 -1.266e+04 1.358e+02 5.401e+01
s>                ( QUESTION4 1 -2.303e+03 1.221e+02 9.998e+00
s>                    ( - -1.356e+03 1 0)
s>                    ( - -8.244e+02 1 0))
s>                ( QUESTION0_1_R 1 -1.022e+04 1.100e+02 4.402e+01
s>                    ( - -2.209e+03 1 0)
s>                    ( QUESTION0_14_R 1 -7.898e+03 9.543e+01 3.402e+01
s>                        ( - -2.175e+03 1 0)
s>                        ( QUESTION0_0_R 1 -5.627e+03 8.908e+01 2.402e+01
s>                            ( - -1.051e+03 1 0)
s>                            ( - -4.487e+03 2 0)))))))INFO: dtree.c(1439): stop. leaf nodes are specific
INFO: dtree.c(1478): Final simple tree
|( QUESTION2_14_L -1 -5.125e+04 2.543e+02 2.182e+02
|    ( WDBNDRY_B 0 -2.350e+04 1.872e+02 9.904e+01
|        ( - -1.254e+04 2 0)
|        ( QUESTION0_7_R 1 -1.077e+04 1.388e+02 4.552e+01
|            ( - -8.204e+02 1 0)
|            ( QUESTION0_0_R 1 -9.815e+03 1.126e+02 4.152e+01
|                ( QUESTION0_3_R 1 -6.119e+03 1.046e+02 2.600e+01
|                    ( - -3.795e+03 1 0)
|                    ( - -2.220e+03 1 0))
|                ( - -3.583e+03 1 0))))
|    ( WDBNDRY_B 0 -2.749e+04 1.368e+02 1.191e+02
|        ( - -2.525e+04 1 0)
|        ( - -2.102e+03 1 0)))
s>    ( QUESTION2_14_L -1 -5.125e+04 2.543e+02 2.182e+02
s>        ( WDBNDRY_B 0 -2.350e+04 1.872e+02 9.904e+01
s>            ( - -1.254e+04 2 0)
s>            ( QUESTION0_7_R 1 -1.077e+04 1.388e+02 4.552e+01
s>                ( - -8.204e+02 1 0)
s>                ( QUESTION0_0_R 1 -9.815e+03 1.126e+02 4.152e+01
s>                    ( QUESTION0_3_R 1 -6.119e+03 1.046e+02 2.600e+01
s>                        ( - -3.795e+03 1 0)
s>                        ( - -2.220e+03 1 0))
s>                    ( - -3.583e+03 1 0))))
s>        ( WDBNDRY_B 0 -2.749e+04 1.368e+02 1.191e+02
s>            ( - -2.525e+04 1 0)
s>            ( - -2.102e+03 1 0)))INFO: dtree.c(1315): Comp split 20
INFO: dtree.c(1439): stop. leaf nodes are specific
INFO: dtree.c(1478): Final simple tree
|( SILENCE 1 -4.033e+04 1.288e+02 1.754e+02
|    ( - -3.980e+04 1 0)
|    ( - -4.000e+02 1 0))
s>    ( SILENCE 1 -4.033e+04 1.288e+02 1.754e+02
s>        ( - -3.980e+04 1 0)
s>        ( - -4.000e+02 1 0))INFO: dtree.c(1478): Final simple tree
|( QUESTION0_7_R 1 -7.024e+04 1.508e+02 3.153e+02
|    ( - -3.259e+02 1 0)
|    ( QUESTION0_2_R 1 -6.976e+04 1.509e+02 3.133e+02
|        ( QUESTION12 1 -2.422e+04 1.517e+02 1.089e+02
|            ( - -2.799e+03 1 0)
|            ( QUESTION0_6_R 1 -2.127e+04 1.169e+02 9.585e+01
|                ( - -2.648e+03 1 0)
|                ( - -1.851e+04 3 0 QUESTION0_10_R 1 8.587e+01 8.383e+01)))
|        ( QUESTION8 1 -4.538e+04 1.435e+02 2.044e+02
|            ( - -3.445e+02 1 0)
|            ( QUESTION3 1 -4.490e+04 1.172e+02 2.024e+02
|                ( QUESTION0_13_R 1 -1.313e+03 1.896e+02 6.000e+00
|                    ( - -2.955e+02 1 0)
|                    ( - -8.276e+02 1 0))
|                ( - -4.347e+04 7 0 QUESTION0_14_R 1 9.754e+01 1.964e+02)))))
s>    ( QUESTION0_7_R 1 -7.024e+04 1.508e+02 3.153e+02
s>        ( - -3.259e+02 1 0)
s>        ( QUESTION0_2_R 1 -6.976e+04 1.509e+02 3.133e+02
s>            ( QUESTION12 1 -2.422e+04 1.517e+02 1.089e+02
s>                ( - -2.799e+03 1 0)
s>                ( QUESTION0_6_R 1 -2.127e+04 1.169e+02 9.585e+01
s>                    ( - -2.648e+03 1 0)
s>                    ( - -1.851e+04 3 0 QUESTION0_10_R 1 8.587e+01 8.383e+01)))
s>            ( QUESTION8 1 -4.538e+04 1.435e+02 2.044e+02
s>                ( - -3.445e+02 1 0)
s>                ( QUESTION3 1 -4.490e+04 1.172e+02 2.024e+02
s>                    ( QUESTION0_13_R 1 -1.313e+03 1.896e+02 6.000e+00
s>                        ( - -2.955e+02 1 0)
s>                        ( - -8.276e+02 1 0))
s>                    ( - -4.347e+04 7 0 QUESTION0_14_R 1 9.754e+01 1.964e+02)))))INFO: dtree.c(1315): Comp split 21
INFO: dtree.c(1439): stop. leaf nodes are specific
INFO: dtree.c(1478): Final simple tree
|( QUESTION0_3_R 1 -9.860e+04 2.069e+02 4.256e+02
|    ( - -2.135e+04 1 0)
|    ( QUESTION0_0_R 1 -7.704e+04 1.249e+02 3.325e+02
|        ( - -6.793e+04 1 0)
|        ( - -8.987e+03 1 0)))
s>    ( QUESTION0_3_R 1 -9.860e+04 2.069e+02 4.256e+02
s>        ( - -2.135e+04 1 0)
s>        ( QUESTION0_0_R 1 -7.704e+04 1.249e+02 3.325e+02
s>            ( - -6.793e+04 1 0)
s>            ( - -8.987e+03 1 0)))INFO: dtree.c(1478): Final simple tree
|( WDBNDRY_E 0 -9.064e+04 3.369e+02 3.930e+02
|    ( QUESTION11 1 -8.322e+04 1.480e+02 3.610e+02
|        ( - -1.506e+03 1 0)
|        ( QUESTION0_11_R 1 -8.157e+04 1.374e+02 3.540e+02
|            ( - -2.694e+03 1 0)
|            ( QUESTION0_8_R 1 -7.874e+04 1.278e+02 3.420e+02
|                ( - -8.733e+03 2 0 QUESTION17 1 1.011e+02 3.901e+01)
|                ( QUESTION13 1 -6.988e+04 1.268e+02 3.030e+02
|                    ( - -8.047e+03 2 0 QUESTION0_3_R 1 1.021e+02 3.580e+01)
|                    ( QUESTION0_1_R 1 -6.170e+04 1.147e+02 2.672e+02
|                        ( - -3.193e+03 1 0)
|                        ( - -5.840e+04 8 0 QUESTION1 1 1.016e+02 2.535e+02))))))
|    ( QUESTION1 -1 -7.084e+03 1.553e+02 3.200e+01
|        ( - -3.413e+03 1 0)
|        ( - -3.515e+03 1 0)))
s>    ( WDBNDRY_E 0 -9.064e+04 3.369e+02 3.930e+02
s>        ( QUESTION11 1 -8.322e+04 1.480e+02 3.610e+02
s>            ( - -1.506e+03 1 0)
s>            ( QUESTION0_11_R 1 -8.157e+04 1.374e+02 3.540e+02
s>                ( - -2.694e+03 1 0)
s>                ( QUESTION0_8_R 1 -7.874e+04 1.278e+02 3.420e+02
s>                    ( - -8.733e+03 2 0 QUESTION17 1 1.011e+02 3.901e+01)
s>                    ( QUESTION13 1 -6.988e+04 1.268e+02 3.030e+02
s>                        ( - -8.047e+03 2 0 QUESTION0_3_R 1 1.021e+02 3.580e+01)
s>                        ( QUESTION0_1_R 1 -6.170e+04 1.147e+02 2.672e+02
s>                            ( - -3.193e+03 1 0)
s>                            ( - -5.840e+04 8 0 QUESTION1 1 1.016e+02 2.535e+02))))))
s>        ( QUESTION1 -1 -7.084e+03 1.553e+02 3.200e+01
s>            ( - -3.413e+03 1 0)
s>            ( - -3.515e+03 1 0)))INFO: dtree.c(1315): Comp split 22
INFO: dtree.c(1439): stop. leaf nodes are specific
INFO: dtree.c(1478): Final simple tree
|( QUESTION7 -1 -2.352e+04 1.774e+02 1.104e+02
|    ( - -1.562e+04 1 0)
|    ( QUESTION1 -1 -7.718e+03 1.366e+02 3.605e+01
|        ( QUESTION0_0_R 1 -1.909e+03 1.161e+02 9.000e+00
|            ( - -1.035e+03 1 0)
|            ( - -7.571e+02 1 0))
|        ( - -5.673e+03 1 0)))
s>    ( QUESTION7 -1 -2.352e+04 1.774e+02 1.104e+02
s>        ( - -1.562e+04 1 0)
s>        ( QUESTION1 -1 -7.718e+03 1.366e+02 3.605e+01
s>            ( QUESTION0_0_R 1 -1.909e+03 1.161e+02 9.000e+00
s>                ( - -1.035e+03 1 0)
s>                ( - -7.571e+02 1 0))
s>            ( - -5.673e+03 1 0)))INFO: dtree.c(1439): stop. leaf nodes are specific
INFO: dtree.c(1478): Final simple tree
|( QUESTION0_0_R 1 -1.438e+05 2.556e+02 6.537e+02
|    ( - -8.605e+04 2 0)
|    ( - -5.747e+04 2 0))
s>    ( QUESTION0_0_R 1 -1.438e+05 2.556e+02 6.537e+02
s>        ( - -8.605e+04 2 0)
s>        ( - -5.747e+04 2 0))INFO: dtree.c(1315): Comp split 23
INFO: dtree.c(1478): Final simple tree
|( QUESTION11 1 -8.322e+04 1.480e+02 3.610e+02
|    ( - -1.506e+03 1 0)
|    ( QUESTION0_11_R 1 -8.157e+04 1.374e+02 3.540e+02
|        ( - -2.694e+03 1 0)
|        ( QUESTION0_8_R 1 -7.874e+04 1.278e+02 3.420e+02
|            ( - -8.733e+03 2 0 QUESTION17 1 1.011e+02 3.901e+01)
|            ( QUESTION13 1 -6.988e+04 1.268e+02 3.030e+02
|                ( QUESTION0_3_R 1 -8.047e+03 1.021e+02 3.580e+01
|                    ( - -1.517e+03 1 0)
|                    ( - -6.428e+03 1 0))
|                ( QUESTION0_1_R 1 -6.170e+04 1.147e+02 2.672e+02
|                    ( - -3.193e+03 1 0)
|                    ( QUESTION1 1 -5.840e+04 1.016e+02 2.535e+02
|                        ( - -2.324e+03 1 0)
|                        ( - -5.597e+04 7 0 QUESTION0_20_R 1 9.339e+01 2.431e+02)))))))
s>    ( QUESTION11 1 -8.322e+04 1.480e+02 3.610e+02
s>        ( - -1.506e+03 1 0)
s>        ( QUESTION0_11_R 1 -8.157e+04 1.374e+02 3.540e+02
s>            ( - -2.694e+03 1 0)
s>            ( QUESTION0_8_R 1 -7.874e+04 1.278e+02 3.420e+02
s>                ( - -8.733e+03 2 0 QUESTION17 1 1.011e+02 3.901e+01)
s>                ( QUESTION13 1 -6.988e+04 1.268e+02 3.030e+02
s>                    ( QUESTION0_3_R 1 -8.047e+03 1.021e+02 3.580e+01
s>                        ( - -1.517e+03 1 0)
s>                        ( - -6.428e+03 1 0))
s>                    ( QUESTION0_1_R 1 -6.170e+04 1.147e+02 2.672e+02
s>                        ( - -3.193e+03 1 0)
s>                        ( QUESTION1 1 -5.840e+04 1.016e+02 2.535e+02
s>                            ( - -2.324e+03 1 0)
s>                            ( - -5.597e+04 7 0 QUESTION0_20_R 1 9.339e+01 2.431e+02)))))))INFO: dtree.c(1439): stop. leaf nodes are specific
INFO: dtree.c(1478): Final simple tree
|( QUESTION1 -1 -7.084e+03 1.553e+02 3.200e+01
|    ( - -3.413e+03 1 0)
|    ( - -3.515e+03 1 0))
s>    ( QUESTION1 -1 -7.084e+03 1.553e+02 3.200e+01
s>        ( - -3.413e+03 1 0)
s>        ( - -3.515e+03 1 0))INFO: dtree.c(1315): Comp split 24
INFO: dtree.c(1439): stop. leaf nodes are specific
INFO: dtree.c(1478): Final simple tree
|( QUESTION1 -1 -2.468e+04 1.327e+02 1.139e+02
|    ( - -2.396e+04 1 0)
|    ( - -5.895e+02 1 0))
s>    ( QUESTION1 -1 -2.468e+04 1.327e+02 1.139e+02
s>        ( - -2.396e+04 1 0)
s>        ( - -5.895e+02 1 0))INFO: dtree.c(1315): Comp split 25
INFO: dtree.c(1315): Comp split 26
INFO: dtree.c(1439): stop. leaf nodes are specific
INFO: dtree.c(1478): Final simple tree
|( WDBNDRY_B 0 -2.350e+04 1.872e+02 9.904e+01
|    ( - -1.254e+04 2 0)
|    ( QUESTION0_7_R 1 -1.077e+04 1.388e+02 4.552e+01
|        ( - -8.204e+02 1 0)
|        ( QUESTION0_0_R 1 -9.815e+03 1.126e+02 4.152e+01
|            ( QUESTION0_3_R 1 -6.119e+03 1.046e+02 2.600e+01
|                ( - -3.795e+03 1 0)
|                ( - -2.220e+03 1 0))
|            ( - -3.583e+03 1 0))))
s>    ( WDBNDRY_B 0 -2.350e+04 1.872e+02 9.904e+01
s>        ( - -1.254e+04 2 0)
s>        ( QUESTION0_7_R 1 -1.077e+04 1.388e+02 4.552e+01
s>            ( - -8.204e+02 1 0)
s>            ( QUESTION0_0_R 1 -9.815e+03 1.126e+02 4.152e+01
s>                ( QUESTION0_3_R 1 -6.119e+03 1.046e+02 2.600e+01
s>                    ( - -3.795e+03 1 0)
s>                    ( - -2.220e+03 1 0))
s>                ( - -3.583e+03 1 0))))INFO: dtree.c(1439): stop. leaf nodes are specific
INFO: dtree.c(1478): Final simple tree
|( WDBNDRY_B 0 -2.749e+04 1.368e+02 1.191e+02
|    ( - -2.525e+04 1 0)
|    ( - -2.102e+03 1 0))
s>    ( WDBNDRY_B 0 -2.749e+04 1.368e+02 1.191e+02
s>        ( - -2.525e+04 1 0)
s>        ( - -2.102e+03 1 0))INFO: dtree.c(1315): Comp split 27
INFO: dtree.c(1439): stop. leaf nodes are specific
INFO: dtree.c(1478): Final simple tree
|( QUESTION0_0_R 1 -3.502e+04 1.593e+02 1.621e+02
|    ( - -1.915e+04 1 0)
|    ( QUESTION2_8_L -1 -1.571e+04 1.350e+02 7.404e+01
|        ( - -1.846e+03 1 0)
|        ( - -1.373e+04 1 0)))
s>    ( QUESTION0_0_R 1 -3.502e+04 1.593e+02 1.621e+02
s>        ( - -1.915e+04 1 0)
s>        ( QUESTION2_8_L -1 -1.571e+04 1.350e+02 7.404e+01
s>            ( - -1.846e+03 1 0)
s>            ( - -1.373e+04 1 0)))INFO: dtree.c(1315): Comp split 28
INFO: dtree.c(1439): stop. leaf nodes are specific
INFO: dtree.c(1478): Final simple tree
|( QUESTION0 1 -9.943e+04 1.843e+02 4.303e+02
|    ( QUESTION0_0_R 1 -9.334e+04 1.397e+02 4.053e+02
|        ( - -2.739e+04 3 0)
|        ( QUESTION2_0_L -1 -6.581e+04 1.281e+02 2.876e+02
|            ( - -1.051e+03 1 0)
|            ( - -6.463e+04 2 0)))
|    ( - -5.899e+03 3 0))
s>    ( QUESTION0 1 -9.943e+04 1.843e+02 4.303e+02
s>        ( QUESTION0_0_R 1 -9.334e+04 1.397e+02 4.053e+02
s>            ( - -2.739e+04 3 0)
s>            ( QUESTION2_0_L -1 -6.581e+04 1.281e+02 2.876e+02
s>                ( - -1.051e+03 1 0)
s>                ( - -6.463e+04 2 0)))
s>        ( - -5.899e+03 3 0))INFO: dtree.c(1315): Comp split 29
INFO: dtree.c(1439): stop. leaf nodes are specific
INFO: dtree.c(1478): Final simple tree
|( QUESTION9 -1 -6.006e+03 1.585e+02 2.709e+01
|    ( - -5.104e+03 1 0)
|    ( - -7.432e+02 1 0))
s>    ( QUESTION9 -1 -6.006e+03 1.585e+02 2.709e+01
s>        ( - -5.104e+03 1 0)
s>        ( - -7.432e+02 1 0))INFO: dtree.c(1439): stop. leaf nodes are specific
INFO: dtree.c(1478): Final simple tree
|( QUESTION0_0_R 1 -9.476e+03 9.472e+01 4.189e+01
|    ( - -3.240e+03 1 0)
|    ( - -6.142e+03 1 0))
s>    ( QUESTION0_0_R 1 -9.476e+03 9.472e+01 4.189e+01
s>        ( - -3.240e+03 1 0)
s>        ( - -6.142e+03 1 0))INFO: dtree.c(1315): Comp split 30
INFO: dtree.c(1439): stop. leaf nodes are specific
INFO: dtree.c(1478): Final simple tree
|( QUESTION0_0_R 1 -3.736e+04 1.987e+02 1.650e+02
|    ( WDBNDRY_B 0 -1.095e+04 1.472e+02 4.580e+01
|        ( - -4.542e+03 1 0)
|        ( - -6.259e+03 1 0))
|    ( - -2.622e+04 1 0))
s>    ( QUESTION0_0_R 1 -3.736e+04 1.987e+02 1.650e+02
s>        ( WDBNDRY_B 0 -1.095e+04 1.472e+02 4.580e+01
s>            ( - -4.542e+03 1 0)
s>            ( - -6.259e+03 1 0))
s>        ( - -2.622e+04 1 0))INFO: dtree.c(1315): Comp split 31
INFO: dtree.c(1439): stop. leaf nodes are specific
INFO: dtree.c(1478): Final simple tree
|( QUESTION0_0_R 1 -2.649e+04 1.117e+02 1.172e+02
|    ( - -2.450e+04 1 0)
|    ( - -1.875e+03 1 0))
s>    ( QUESTION0_0_R 1 -2.649e+04 1.117e+02 1.172e+02
s>        ( - -2.450e+04 1 0)
s>        ( - -1.875e+03 1 0))INFO: dtree.c(1315): Comp split 32
INFO: dtree.c(1439): stop. leaf nodes are specific
INFO: dtree.c(1478): Final simple tree
|( QUESTION0_0_R 1 -7.704e+04 1.249e+02 3.325e+02
|    ( - -6.793e+04 1 0)
|    ( - -8.987e+03 1 0))
s>    ( QUESTION0_0_R 1 -7.704e+04 1.249e+02 3.325e+02
s>        ( - -6.793e+04 1 0)
s>        ( - -8.987e+03 1 0))INFO: dtree.c(1315): Comp split 33
INFO: dtree.c(1439): stop. leaf nodes are specific
INFO: dtree.c(1478): Final simple tree
|( WDBNDRY_B 0 -1.095e+04 1.472e+02 4.580e+01
|    ( - -4.542e+03 1 0)
|    ( - -6.259e+03 1 0))
s>    ( WDBNDRY_B 0 -1.095e+04 1.472e+02 4.580e+01
s>        ( - -4.542e+03 1 0)
s>        ( - -6.259e+03 1 0))INFO: dtree.c(1315): Comp split 34
INFO: dtree.c(1439): stop. leaf nodes are specific
INFO: dtree.c(1478): Final simple tree
|( QUESTION0_0_R 1 -1.898e+04 1.715e+02 8.583e+01
|    ( QUESTION0_10_R 1 -1.851e+04 8.587e+01 8.383e+01
|        ( - -5.356e+03 1 0)
|        ( QUESTION0_3_R 1 -1.307e+04 5.503e+01 5.952e+01
|            ( - -6.356e+03 1 0)
|            ( - -6.656e+03 1 0)))
|    ( - -2.955e+02 1 0))
s>    ( QUESTION0_0_R 1 -1.898e+04 1.715e+02 8.583e+01
s>        ( QUESTION0_10_R 1 -1.851e+04 8.587e+01 8.383e+01
s>            ( - -5.356e+03 1 0)
s>            ( QUESTION0_3_R 1 -1.307e+04 5.503e+01 5.952e+01
s>                ( - -6.356e+03 1 0)
s>                ( - -6.656e+03 1 0)))
s>        ( - -2.955e+02 1 0))INFO: dtree.c(1478): Final simple tree
|( QUESTION0_7_R 1 -5.106e+04 1.500e+02 2.295e+02
|    ( - -3.259e+02 1 0)
|    ( QUESTION3 1 -5.059e+04 1.273e+02 2.275e+02
|        ( - -8.276e+02 1 0)
|        ( QUESTION0_9_R 1 -4.963e+04 1.261e+02 2.235e+02
|            ( - -2.799e+03 1 0)
|            ( QUESTION0_14_R 1 -4.671e+04 1.113e+02 2.104e+02
|                ( QUESTION1 1 -4.157e+03 1.333e+02 1.882e+01
|                    ( - -3.679e+03 1 0)
|                    ( - -3.445e+02 1 0))
|                ( QUESTION0_2_R 1 -4.244e+04 1.026e+02 1.916e+02
|                    ( - -2.648e+03 1 0)
|                    ( QUESTION0_13_R 1 -3.969e+04 9.688e+01 1.796e+02
|                        ( - -2.645e+03 2 0)
|                        ( - -3.695e+04 4 0 QUESTION0_0_R 1 9.516e+01 1.674e+02)))))))
s>    ( QUESTION0_7_R 1 -5.106e+04 1.500e+02 2.295e+02
s>        ( - -3.259e+02 1 0)
s>        ( QUESTION3 1 -5.059e+04 1.273e+02 2.275e+02
s>            ( - -8.276e+02 1 0)
s>            ( QUESTION0_9_R 1 -4.963e+04 1.261e+02 2.235e+02
s>                ( - -2.799e+03 1 0)
s>                ( QUESTION0_14_R 1 -4.671e+04 1.113e+02 2.104e+02
s>                    ( QUESTION1 1 -4.157e+03 1.333e+02 1.882e+01
s>                        ( - -3.679e+03 1 0)
s>                        ( - -3.445e+02 1 0))
s>                    ( QUESTION0_2_R 1 -4.244e+04 1.026e+02 1.916e+02
s>                        ( - -2.648e+03 1 0)
s>                        ( QUESTION0_13_R 1 -3.969e+04 9.688e+01 1.796e+02
s>                            ( - -2.645e+03 2 0)
s>                            ( - -3.695e+04 4 0 QUESTION0_0_R 1 9.516e+01 1.674e+02)))))))INFO: dtree.c(1315): Comp split 35
INFO: dtree.c(1439): stop. leaf nodes are specific
INFO: dtree.c(1478): Final simple tree
|( QUESTION0_7_R 1 -1.077e+04 1.388e+02 4.552e+01
|    ( - -8.204e+02 1 0)
|    ( QUESTION0_0_R 1 -9.815e+03 1.126e+02 4.152e+01
|        ( QUESTION0_3_R 1 -6.119e+03 1.046e+02 2.600e+01
|            ( - -3.795e+03 1 0)
|            ( - -2.220e+03 1 0))
|        ( - -3.583e+03 1 0)))
s>    ( QUESTION0_7_R 1 -1.077e+04 1.388e+02 4.552e+01
s>        ( - -8.204e+02 1 0)
s>        ( QUESTION0_0_R 1 -9.815e+03 1.126e+02 4.152e+01
s>            ( QUESTION0_3_R 1 -6.119e+03 1.046e+02 2.600e+01
s>                ( - -3.795e+03 1 0)
s>                ( - -2.220e+03 1 0))
s>            ( - -3.583e+03 1 0)))INFO: dtree.c(1315): Comp split 36
INFO: dtree.c(1439): stop. leaf nodes are specific
INFO: dtree.c(1478): Final simple tree
|( QUESTION0_0_R 1 -9.334e+04 1.397e+02 4.053e+02
|    ( - -2.739e+04 3 0)
|    ( QUESTION2_0_L -1 -6.581e+04 1.281e+02 2.876e+02
|        ( - -1.051e+03 1 0)
|        ( - -6.463e+04 2 0)))
s>    ( QUESTION0_0_R 1 -9.334e+04 1.397e+02 4.053e+02
s>        ( - -2.739e+04 3 0)
s>        ( QUESTION2_0_L -1 -6.581e+04 1.281e+02 2.876e+02
s>            ( - -1.051e+03 1 0)
s>            ( - -6.463e+04 2 0)))INFO: dtree.c(1315): Comp split 37
INFO: dtree.c(1478): Final simple tree
|( QUESTION0_8_R 1 -7.874e+04 1.278e+02 3.420e+02
|    ( QUESTION17 1 -8.733e+03 1.011e+02 3.901e+01
|        ( - -4.224e+03 1 0)
|        ( - -4.408e+03 1 0))
|    ( QUESTION13 1 -6.988e+04 1.268e+02 3.030e+02
|        ( QUESTION0_3_R 1 -8.047e+03 1.021e+02 3.580e+01
|            ( - -1.517e+03 1 0)
|            ( - -6.428e+03 1 0))
|        ( QUESTION0_1_R 1 -6.170e+04 1.147e+02 2.672e+02
|            ( - -3.193e+03 1 0)
|            ( QUESTION1 1 -5.840e+04 1.016e+02 2.535e+02
|                ( - -2.324e+03 1 0)
|                ( QUESTION0_20_R 1 -5.597e+04 9.339e+01 2.431e+02
|                    ( - -2.084e+04 3 0)
|                    ( - -3.503e+04 4 0 QUESTION0_15_R 1 7.960e+01 1.524e+02))))))
s>    ( QUESTION0_8_R 1 -7.874e+04 1.278e+02 3.420e+02
s>        ( QUESTION17 1 -8.733e+03 1.011e+02 3.901e+01
s>            ( - -4.224e+03 1 0)
s>            ( - -4.408e+03 1 0))
s>        ( QUESTION13 1 -6.988e+04 1.268e+02 3.030e+02
s>            ( QUESTION0_3_R 1 -8.047e+03 1.021e+02 3.580e+01
s>                ( - -1.517e+03 1 0)
s>                ( - -6.428e+03 1 0))
s>            ( QUESTION0_1_R 1 -6.170e+04 1.147e+02 2.672e+02
s>                ( - -3.193e+03 1 0)
s>                ( QUESTION1 1 -5.840e+04 1.016e+02 2.535e+02
s>                    ( - -2.324e+03 1 0)
s>                    ( QUESTION0_20_R 1 -5.597e+04 9.339e+01 2.431e+02
s>                        ( - -2.084e+04 3 0)
s>                        ( - -3.503e+04 4 0 QUESTION0_15_R 1 7.960e+01 1.524e+02))))))INFO: dtree.c(1439): stop. leaf nodes are specific
INFO: dtree.c(1478): Final simple tree
|( QUESTION0_10_R 1 -4.304e+03 1.042e+02 1.900e+01
|    ( - -2.694e+03 1 0)
|    ( - -1.506e+03 1 0))
s>    ( QUESTION0_10_R 1 -4.304e+03 1.042e+02 1.900e+01
s>        ( - -2.694e+03 1 0)
s>        ( - -1.506e+03 1 0))INFO: dtree.c(1315): Comp split 38
INFO: dtree.c(1439): stop. leaf nodes are specific
INFO: dtree.c(1478): Final simple tree
|( QUESTION0_0_R 1 -8.407e+04 1.613e+02 3.667e+02
|    ( - -3.239e+04 1 0)
|    ( - -5.152e+04 1 0))
s>    ( QUESTION0_0_R 1 -8.407e+04 1.613e+02 3.667e+02
s>        ( - -3.239e+04 1 0)
s>        ( - -5.152e+04 1 0))INFO: dtree.c(1315): Comp split 39
INFO: dtree.c(1439): stop. leaf nodes are specific
INFO: dtree.c(1478): Final simple tree
|( QUESTION1 -1 -7.718e+03 1.366e+02 3.605e+01
|    ( QUESTION0_0_R 1 -1.909e+03 1.161e+02 9.000e+00
|        ( - -1.035e+03 1 0)
|        ( - -7.571e+02 1 0))
|    ( - -5.673e+03 1 0))
s>    ( QUESTION1 -1 -7.718e+03 1.366e+02 3.605e+01
s>        ( QUESTION0_0_R 1 -1.909e+03 1.161e+02 9.000e+00
s>            ( - -1.035e+03 1 0)
s>            ( - -7.571e+02 1 0))
s>        ( - -5.673e+03 1 0))INFO: dtree.c(1315): Comp split 40
INFO: dtree.c(1439): stop. leaf nodes are specific
INFO: dtree.c(1478): Final simple tree
|( QUESTION0_20_R 1 -9.529e+03 1.078e+02 4.102e+01
|    ( QUESTION0 1 -2.630e+03 5.689e+01 1.200e+01
|        ( - -8.108e+02 1 0)
|        ( - -1.763e+03 1 0))
|    ( QUESTION0_0_R 1 -6.791e+03 9.444e+01 2.902e+01
|        ( - -2.209e+03 1 0)
|        ( - -4.487e+03 2 0)))
s>    ( QUESTION0_20_R 1 -9.529e+03 1.078e+02 4.102e+01
s>        ( QUESTION0 1 -2.630e+03 5.689e+01 1.200e+01
s>            ( - -8.108e+02 1 0)
s>            ( - -1.763e+03 1 0))
s>        ( QUESTION0_0_R 1 -6.791e+03 9.444e+01 2.902e+01
s>            ( - -2.209e+03 1 0)
s>            ( - -4.487e+03 2 0)))INFO: dtree.c(1439): stop. leaf nodes are specific
INFO: dtree.c(1478): Final simple tree
|( QUESTION4 1 -6.483e+03 1.281e+02 2.800e+01
|    ( - -1.356e+03 1 0)
|    ( QUESTION0_3_R 1 -4.999e+03 1.255e+02 2.200e+01
|        ( - -6.169e+02 1 0)
|        ( QUESTION0_15_R 1 -4.256e+03 1.093e+02 1.900e+01
|            ( - -8.244e+02 1 0)
|            ( QUESTION0_0_R 1 -3.323e+03 9.637e+01 1.500e+01
|                ( - -1.051e+03 1 0)
|                ( - -2.175e+03 1 0)))))
s>    ( QUESTION4 1 -6.483e+03 1.281e+02 2.800e+01
s>        ( - -1.356e+03 1 0)
s>        ( QUESTION0_3_R 1 -4.999e+03 1.255e+02 2.200e+01
s>            ( - -6.169e+02 1 0)
s>            ( QUESTION0_15_R 1 -4.256e+03 1.093e+02 1.900e+01
s>                ( - -8.244e+02 1 0)
s>                ( QUESTION0_0_R 1 -3.323e+03 9.637e+01 1.500e+01
s>                    ( - -1.051e+03 1 0)
s>                    ( - -2.175e+03 1 0)))))INFO: dtree.c(1315): Comp split 41
INFO: dtree.c(1439): stop. leaf nodes are specific
INFO: dtree.c(1478): Final simple tree
|( QUESTION0_0_R 1 -2.112e+04 1.206e+02 9.708e+01
|    ( - -1.915e+04 1 0)
|    ( - -1.846e+03 1 0))
s>    ( QUESTION0_0_R 1 -2.112e+04 1.206e+02 9.708e+01
s>        ( - -1.915e+04 1 0)
s>        ( - -1.846e+03 1 0))INFO: dtree.c(1315): Comp split 42
INFO: dtree.c(1439): stop. leaf nodes are specific
INFO: dtree.c(1478): Final simple tree
|( QUESTION0_10_R 1 -1.851e+04 8.587e+01 8.383e+01
|    ( - -5.356e+03 1 0)
|    ( QUESTION0_3_R 1 -1.307e+04 5.503e+01 5.952e+01
|        ( - -6.356e+03 1 0)
|        ( - -6.656e+03 1 0)))
s>    ( QUESTION0_10_R 1 -1.851e+04 8.587e+01 8.383e+01
s>        ( - -5.356e+03 1 0)
s>        ( QUESTION0_3_R 1 -1.307e+04 5.503e+01 5.952e+01
s>            ( - -6.356e+03 1 0)
s>            ( - -6.656e+03 1 0)))INFO: dtree.c(1315): Comp split 43
INFO: dtree.c(1315): Comp split 44
INFO: dtree.c(1439): stop. leaf nodes are specific
INFO: dtree.c(1478): Final simple tree
|( QUESTION0_6_R 1 -6.494e+04 1.208e+02 2.823e+02
|    ( - -6.428e+03 1 0)
|    ( QUESTION1 1 -5.840e+04 1.016e+02 2.535e+02
|        ( - -2.324e+03 1 0)
|        ( QUESTION0_20_R 1 -5.597e+04 9.339e+01 2.431e+02
|            ( - -2.084e+04 3 0)
|            ( QUESTION0_15_R 1 -3.503e+04 7.960e+01 1.524e+02
|                ( - -1.614e+04 2 0)
|                ( QUESTION0_0_R 1 -1.881e+04 7.974e+01 8.256e+01
|                    ( - -1.511e+04 1 0)
|                    ( - -3.621e+03 1 0))))))
s>    ( QUESTION0_6_R 1 -6.494e+04 1.208e+02 2.823e+02
s>        ( - -6.428e+03 1 0)
s>        ( QUESTION1 1 -5.840e+04 1.016e+02 2.535e+02
s>            ( - -2.324e+03 1 0)
s>            ( QUESTION0_20_R 1 -5.597e+04 9.339e+01 2.431e+02
s>                ( - -2.084e+04 3 0)
s>                ( QUESTION0_15_R 1 -3.503e+04 7.960e+01 1.524e+02
s>                    ( - -1.614e+04 2 0)
s>                    ( QUESTION0_0_R 1 -1.881e+04 7.974e+01 8.256e+01
s>                        ( - -1.511e+04 1 0)
s>                        ( - -3.621e+03 1 0))))))INFO: dtree.c(1439): stop. leaf nodes are specific
INFO: dtree.c(1478): Final simple tree
|( QUESTION0_1_R 1 -1.363e+04 1.106e+02 5.975e+01
|    ( - -3.193e+03 1 0)
|    ( QUESTION17 1 -1.033e+04 1.002e+02 4.601e+01
|        ( - -4.224e+03 1 0)
|        ( QUESTION0_3_R 1 -6.004e+03 7.912e+01 2.700e+01
|            ( - -1.517e+03 1 0)
|            ( - -4.408e+03 1 0))))
s>    ( QUESTION0_1_R 1 -1.363e+04 1.106e+02 5.975e+01
s>        ( - -3.193e+03 1 0)
s>        ( QUESTION17 1 -1.033e+04 1.002e+02 4.601e+01
s>            ( - -4.224e+03 1 0)
s>            ( QUESTION0_3_R 1 -6.004e+03 7.912e+01 2.700e+01
s>                ( - -1.517e+03 1 0)
s>                ( - -4.408e+03 1 0))))INFO: dtree.c(1315): Comp split 45
INFO: dtree.c(1315): Comp split 46
INFO: dtree.c(1315): Comp split 47
INFO: dtree.c(1439): stop. leaf nodes are specific
INFO: dtree.c(1478): Final simple tree
|( QUESTION0_0_R 1 -2.855e+04 1.101e+02 1.227e+02
|    ( - -2.739e+04 3 0)
|    ( - -1.051e+03 1 0))
s>    ( QUESTION0_0_R 1 -2.855e+04 1.101e+02 1.227e+02
s>        ( - -2.739e+04 3 0)
s>        ( - -1.051e+03 1 0))INFO: dtree.c(1315): Comp split 48
INFO: dtree.c(1315): Comp split 49
INFO: dtree.c(1478): Final simple tree
|( QUESTION3 1 -5.059e+04 1.273e+02 2.275e+02
|    ( - -8.276e+02 1 0)
|    ( QUESTION0_9_R 1 -4.963e+04 1.261e+02 2.235e+02
|        ( - -2.799e+03 1 0)
|        ( QUESTION0_14_R 1 -4.671e+04 1.113e+02 2.104e+02
|            ( QUESTION1 1 -4.157e+03 1.333e+02 1.882e+01
|                ( - -3.679e+03 1 0)
|                ( - -3.445e+02 1 0))
|            ( QUESTION0_2_R 1 -4.244e+04 1.026e+02 1.916e+02
|                ( - -2.648e+03 1 0)
|                ( QUESTION0_13_R 1 -3.969e+04 9.688e+01 1.796e+02
|                    ( - -2.645e+03 2 0)
|                    ( QUESTION0_0_R 1 -3.695e+04 9.516e+01 1.674e+02
|                        ( - -2.260e+04 2 0)
|                        ( - -1.425e+04 2 0)))))))
s>    ( QUESTION3 1 -5.059e+04 1.273e+02 2.275e+02
s>        ( - -8.276e+02 1 0)
s>        ( QUESTION0_9_R 1 -4.963e+04 1.261e+02 2.235e+02
s>            ( - -2.799e+03 1 0)
s>            ( QUESTION0_14_R 1 -4.671e+04 1.113e+02 2.104e+02
s>                ( QUESTION1 1 -4.157e+03 1.333e+02 1.882e+01
s>                    ( - -3.679e+03 1 0)
s>                    ( - -3.445e+02 1 0))
s>                ( QUESTION0_2_R 1 -4.244e+04 1.026e+02 1.916e+02
s>                    ( - -2.648e+03 1 0)
s>                    ( QUESTION0_13_R 1 -3.969e+04 9.688e+01 1.796e+02
s>                        ( - -2.645e+03 2 0)
s>                        ( QUESTION0_0_R 1 -3.695e+04 9.516e+01 1.674e+02
s>                            ( - -2.260e+04 2 0)
s>                            ( - -1.425e+04 2 0)))))))INFO: dtree.c(1315): Comp split 50
INFO: dtree.c(1315): Comp split 51
INFO: dtree.c(1315): Comp split 52
INFO: dtree.c(1439): stop. leaf nodes are specific
INFO: dtree.c(1478): Final simple tree
|( QUESTION3 1 -5.010e+04 1.271e+02 2.255e+02
|    ( - -8.276e+02 1 0)
|    ( QUESTION0_9_R 1 -4.915e+04 1.264e+02 2.215e+02
|        ( - -2.799e+03 1 0)
|        ( QUESTION0_2_R 1 -4.622e+04 1.053e+02 2.084e+02
|            ( - -2.648e+03 1 0)
|            ( QUESTION0_14_R 1 -4.347e+04 9.754e+01 1.964e+02
|                ( - -3.679e+03 1 0)
|                ( QUESTION0_13_R 1 -3.969e+04 9.688e+01 1.796e+02
|                    ( - -2.645e+03 2 0)
|                    ( QUESTION0_0_R 1 -3.695e+04 9.516e+01 1.674e+02
|                        ( - -2.260e+04 2 0)
|                        ( - -1.425e+04 2 0)))))))
s>    ( QUESTION3 1 -5.010e+04 1.271e+02 2.255e+02
s>        ( - -8.276e+02 1 0)
s>        ( QUESTION0_9_R 1 -4.915e+04 1.264e+02 2.215e+02
s>            ( - -2.799e+03 1 0)
s>            ( QUESTION0_2_R 1 -4.622e+04 1.053e+02 2.084e+02
s>                ( - -2.648e+03 1 0)
s>                ( QUESTION0_14_R 1 -4.347e+04 9.754e+01 1.964e+02
s>                    ( - -3.679e+03 1 0)
s>                    ( QUESTION0_13_R 1 -3.969e+04 9.688e+01 1.796e+02
s>                        ( - -2.645e+03 2 0)
s>                        ( QUESTION0_0_R 1 -3.695e+04 9.516e+01 1.674e+02
s>                            ( - -2.260e+04 2 0)
s>                            ( - -1.425e+04 2 0)))))))INFO: dtree.c(1315): Comp split 53
INFO: dtree.c(1439): stop. leaf nodes are specific
INFO: dtree.c(1478): Final simple tree
|( QUESTION0_0_R 1 -9.815e+03 1.126e+02 4.152e+01
|    ( QUESTION0_3_R 1 -6.119e+03 1.046e+02 2.600e+01
|        ( - -3.795e+03 1 0)
|        ( - -2.220e+03 1 0))
|    ( - -3.583e+03 1 0))
s>    ( QUESTION0_0_R 1 -9.815e+03 1.126e+02 4.152e+01
s>        ( QUESTION0_3_R 1 -6.119e+03 1.046e+02 2.600e+01
s>            ( - -3.795e+03 1 0)
s>            ( - -2.220e+03 1 0))
s>        ( - -3.583e+03 1 0))INFO: dtree.c(1315): Comp split 54
INFO: dtree.c(1315): Comp split 55
INFO: dtree.c(1439): stop. leaf nodes are specific
INFO: dtree.c(1478): Final simple tree
|( QUESTION0_0_R 1 -1.909e+03 1.161e+02 9.000e+00
|    ( - -1.035e+03 1 0)
|    ( - -7.571e+02 1 0))
s>    ( QUESTION0_0_R 1 -1.909e+03 1.161e+02 9.000e+00
s>        ( - -1.035e+03 1 0)
s>        ( - -7.571e+02 1 0))INFO: dtree.c(1315): Comp split 56
INFO: dtree.c(1439): stop. leaf nodes are specific
INFO: dtree.c(1478): Final simple tree
|( QUESTION0_14_R 1 -3.104e+03 1.039e+02 1.400e+01
|    ( - -2.175e+03 1 0)
|    ( - -8.244e+02 1 0))
s>    ( QUESTION0_14_R 1 -3.104e+03 1.039e+02 1.400e+01
s>        ( - -2.175e+03 1 0)
s>        ( - -8.244e+02 1 0))INFO: dtree.c(1439): stop. leaf nodes are specific
INFO: dtree.c(1478): Final simple tree
|( QUESTION0_3_R 1 -3.244e+03 1.292e+02 1.400e+01
|    ( - -6.169e+02 1 0)
|    ( QUESTION0_0_R 1 -2.498e+03 9.043e+01 1.100e+01
|        ( - -1.051e+03 1 0)
|        ( - -1.356e+03 1 0)))
s>    ( QUESTION0_3_R 1 -3.244e+03 1.292e+02 1.400e+01
s>        ( - -6.169e+02 1 0)
s>        ( QUESTION0_0_R 1 -2.498e+03 9.043e+01 1.100e+01
s>            ( - -1.051e+03 1 0)
s>            ( - -1.356e+03 1 0)))INFO: dtree.c(1315): Comp split 57
INFO: dtree.c(1439): stop. leaf nodes are specific
INFO: dtree.c(1478): Final simple tree
|( QUESTION0_15_R 1 -1.254e+04 9.166e+01 5.515e+01
|    ( - -2.324e+03 1 0)
|    ( QUESTION0_0_R 1 -1.012e+04 7.463e+01 4.479e+01
|        ( - -6.428e+03 1 0)
|        ( - -3.621e+03 1 0)))
s>    ( QUESTION0_15_R 1 -1.254e+04 9.166e+01 5.515e+01
s>        ( - -2.324e+03 1 0)
s>        ( QUESTION0_0_R 1 -1.012e+04 7.463e+01 4.479e+01
s>            ( - -6.428e+03 1 0)
s>            ( - -3.621e+03 1 0)))INFO: dtree.c(1439): stop. leaf nodes are specific
INFO: dtree.c(1478): Final simple tree
|( QUESTION0_20_R 1 -5.227e+04 9.578e+01 2.271e+02
|    ( - -2.084e+04 3 0)
|    ( QUESTION0_0_R 1 -3.133e+04 7.986e+01 1.364e+02
|        ( - -1.511e+04 1 0)
|        ( - -1.614e+04 2 0)))
s>    ( QUESTION0_20_R 1 -5.227e+04 9.578e+01 2.271e+02
s>        ( - -2.084e+04 3 0)
s>        ( QUESTION0_0_R 1 -3.133e+04 7.986e+01 1.364e+02
s>            ( - -1.511e+04 1 0)
s>            ( - -1.614e+04 2 0)))INFO: dtree.c(1315): Comp split 58
INFO: dtree.c(1315): Comp split 59
INFO: dtree.c(1439): stop. leaf nodes are specific
INFO: dtree.c(1478): Final simple tree
|( QUESTION0_2_R 1 -4.244e+04 1.026e+02 1.916e+02
|    ( - -2.648e+03 1 0)
|    ( QUESTION0_13_R 1 -3.969e+04 9.688e+01 1.796e+02
|        ( - -2.645e+03 2 0)
|        ( QUESTION0_0_R 1 -3.695e+04 9.516e+01 1.674e+02
|            ( - -2.260e+04 2 0)
|            ( - -1.425e+04 2 0))))
s>    ( QUESTION0_2_R 1 -4.244e+04 1.026e+02 1.916e+02
s>        ( - -2.648e+03 1 0)
s>        ( QUESTION0_13_R 1 -3.969e+04 9.688e+01 1.796e+02
s>            ( - -2.645e+03 2 0)
s>            ( QUESTION0_0_R 1 -3.695e+04 9.516e+01 1.674e+02
s>                ( - -2.260e+04 2 0)
s>                ( - -1.425e+04 2 0))))INFO: dtree.c(1439): stop. leaf nodes are specific
INFO: dtree.c(1478): Final simple tree
|( QUESTION0_20_R 1 -7.529e+03 1.195e+02 3.387e+01
|    ( - -8.276e+02 1 0)
|    ( QUESTION0_0_R 1 -6.582e+03 1.031e+02 2.987e+01
|        ( - -2.799e+03 1 0)
|        ( - -3.679e+03 1 0)))
s>    ( QUESTION0_20_R 1 -7.529e+03 1.195e+02 3.387e+01
s>        ( - -8.276e+02 1 0)
s>        ( QUESTION0_0_R 1 -6.582e+03 1.031e+02 2.987e+01
s>            ( - -2.799e+03 1 0)
s>            ( - -3.679e+03 1 0)))INFO: dtree.c(1315): Comp split 60
INFO: dtree.c(1439): stop. leaf nodes are specific
INFO: dtree.c(1478): Final simple tree
|( QUESTION0_0_R 1 -2.498e+03 9.043e+01 1.100e+01
|    ( - -1.051e+03 1 0)
|    ( - -1.356e+03 1 0))
s>    ( QUESTION0_0_R 1 -2.498e+03 9.043e+01 1.100e+01
s>        ( - -1.051e+03 1 0)
s>        ( - -1.356e+03 1 0))INFO: dtree.c(1315): Comp split 61
INFO: dtree.c(1315): Comp split 62
INFO: dtree.c(1315): Comp split 63
INFO: dtree.c(1315): Comp split 64
INFO: dtree.c(1439): stop. leaf nodes are specific
INFO: dtree.c(1478): Final simple tree
|( QUESTION0_0_R 1 -6.582e+03 1.031e+02 2.987e+01
|    ( - -2.799e+03 1 0)
|    ( - -3.679e+03 1 0))
s>    ( QUESTION0_0_R 1 -6.582e+03 1.031e+02 2.987e+01
s>        ( - -2.799e+03 1 0)
s>        ( - -3.679e+03 1 0))INFO: dtree.c(1315): Comp split 65
INFO: dtree.c(1315): Comp split 66
INFO: dtree.c(1315): Comp split 67
INFO: dtree.c(1439): stop. leaf nodes are specific
INFO: dtree.c(1478): Final simple tree
|( QUESTION0_3_R 1 -5.835e+03 9.445e+01 2.601e+01
|    ( - -1.517e+03 1 0)
|    ( - -4.224e+03 1 0))
s>    ( QUESTION0_3_R 1 -5.835e+03 9.445e+01 2.601e+01
s>        ( - -1.517e+03 1 0)
s>        ( - -4.224e+03 1 0))INFO: dtree.c(1439): stop. leaf nodes are specific
INFO: dtree.c(1478): Final simple tree
|( QUESTION0_1_R 1 -7.683e+03 8.181e+01 3.373e+01
|    ( - -3.193e+03 1 0)
|    ( - -4.408e+03 1 0))
s>    ( QUESTION0_1_R 1 -7.683e+03 8.181e+01 3.373e+01
s>        ( - -3.193e+03 1 0)
s>        ( - -4.408e+03 1 0))INFO: dtree.c(1315): Comp split 68
INFO: dtree.c(1439): stop. leaf nodes are specific
INFO: dtree.c(1478): Final simple tree
|( QUESTION0_3_R 1 -6.119e+03 1.046e+02 2.600e+01
|    ( - -3.795e+03 1 0)
|    ( - -2.220e+03 1 0))
s>    ( QUESTION0_3_R 1 -6.119e+03 1.046e+02 2.600e+01
s>        ( - -3.795e+03 1 0)
s>        ( - -2.220e+03 1 0))INFO: dtree.c(1315): Comp split 69
INFO: dtree.c(1315): Comp split 70
INFO: dtree.c(1315): Comp split 71
INFO: dtree.c(1439): stop. leaf nodes are specific
INFO: dtree.c(1478): Final simple tree
|( QUESTION0 1 -2.630e+03 5.689e+01 1.200e+01
|    ( - -8.108e+02 1 0)
|    ( - -1.763e+03 1 0))
s>    ( QUESTION0 1 -2.630e+03 5.689e+01 1.200e+01
s>        ( - -8.108e+02 1 0)
s>        ( - -1.763e+03 1 0))INFO: dtree.c(1439): stop. leaf nodes are specific
INFO: dtree.c(1478): Final simple tree
|( QUESTION0_0_R 1 -6.791e+03 9.444e+01 2.902e+01
|    ( - -2.209e+03 1 0)
|    ( - -4.487e+03 2 0))
s>    ( QUESTION0_0_R 1 -6.791e+03 9.444e+01 2.902e+01
s>        ( - -2.209e+03 1 0)
s>        ( - -4.487e+03 2 0))INFO: dtree.c(1315): Comp split 72
INFO: dtree.c(1439): stop. leaf nodes are specific
INFO: dtree.c(1478): Final simple tree
|( QUESTION0_0_R 1 -2.534e+04 9.677e+01 1.155e+02
|    ( - -2.260e+04 2 0)
|    ( - -2.645e+03 2 0))
s>    ( QUESTION0_0_R 1 -2.534e+04 9.677e+01 1.155e+02
s>        ( - -2.260e+04 2 0)
s>        ( - -2.645e+03 2 0))INFO: dtree.c(1439): stop. leaf nodes are specific
INFO: dtree.c(1478): Final simple tree
|( QUESTION0_0_R 1 -1.699e+04 9.261e+01 7.611e+01
|    ( - -2.648e+03 1 0)
|    ( - -1.425e+04 2 0))
s>    ( QUESTION0_0_R 1 -1.699e+04 9.261e+01 7.611e+01
s>        ( - -2.648e+03 1 0)
s>        ( - -1.425e+04 2 0))INFO: dtree.c(1315): Comp split 73
INFO: dtree.c(1315): Comp split 74
INFO: dtree.c(1315): Comp split 75
INFO: dtree.c(1315): Comp split 76
INFO: dtree.c(1315): Comp split 77
INFO: dtree.c(1315): Comp split 78
INFO: dtree.c(1439): stop. leaf nodes are specific
INFO: dtree.c(1478): Final simple tree
|( QUESTION0_0_R 1 -3.133e+04 7.986e+01 1.364e+02
|    ( - -1.511e+04 1 0)
|    ( - -1.614e+04 2 0))
s>    ( QUESTION0_0_R 1 -3.133e+04 7.986e+01 1.364e+02
s>        ( - -1.511e+04 1 0)
s>        ( - -1.614e+04 2 0))INFO: dtree.c(1315): Comp split 79
INFO: dtree.c(1315): Comp split 80
INFO: dtree.c(1315): Comp split 81
INFO: dtree.c(1315): Comp split 82
INFO: dtree.c(1315): Comp split 83
INFO: dtree.c(1439): stop. leaf nodes are specific
INFO: dtree.c(1478): Final simple tree
|( QUESTION0_0_R 1 -1.012e+04 7.463e+01 4.479e+01
|    ( - -6.428e+03 1 0)
|    ( - -3.621e+03 1 0))
s>    ( QUESTION0_0_R 1 -1.012e+04 7.463e+01 4.479e+01
s>        ( - -6.428e+03 1 0)
s>        ( - -3.621e+03 1 0))INFO: dtree.c(1315): Comp split 84
INFO: dtree.c(1315): Comp split 85
INFO: dtree.c(1439): stop. leaf nodes are specific
INFO: dtree.c(1478): Final simple tree
|( QUESTION0_3_R 1 -1.307e+04 5.503e+01 5.952e+01
|    ( - -6.356e+03 1 0)
|    ( - -6.656e+03 1 0))
s>    ( QUESTION0_3_R 1 -1.307e+04 5.503e+01 5.952e+01
s>        ( - -6.356e+03 1 0)
s>        ( - -6.656e+03 1 0))INFO: dtree.c(1315): Comp split 86
INFO: dtree.c(1315): Comp split 87
INFO: dtree.c(1315): Comp split 88
INFO: dtree.c(1315): Comp split 89
INFO: dtree.c(1315): Comp split 90
INFO: dtree.c(1315): Comp split 91
INFO: dtree.c(1318): stop. leaf nodes are specific
Wed Dec 20 23:52:23 2017
