Current configuration:
[NAME]		[DEFLT]	[VALUE]
-dcountfn		/home/alex/repos/speech/an4/model_parameters/an4.cd_cont_20/mixture_weights
-example	no	no
-fullvar	no	no
-help		no	no
-inmeanfn		/home/alex/repos/speech/an4/model_parameters/an4.cd_cont_20/means
-inmixwfn		/home/alex/repos/speech/an4/model_parameters/an4.cd_cont_20/mixture_weights
-invarfn		/home/alex/repos/speech/an4/model_parameters/an4.cd_cont_20/variances
-ninc		1	4
-outmeanfn		/home/alex/repos/speech/an4/model_parameters/an4.cd_cont_initial/means
-outmixwfn		/home/alex/repos/speech/an4/model_parameters/an4.cd_cont_initial/mixture_weights
-outvarfn		/home/alex/repos/speech/an4/model_parameters/an4.cd_cont_initial/variances

INFO: main.c(86): Reading mixing weight file /home/alex/repos/speech/an4/model_parameters/an4.cd_cont_20/mixture_weights.
INFO: s3mixw_io.c(117): Read /home/alex/repos/speech/an4/model_parameters/an4.cd_cont_20/mixture_weights [201x1x4 array]
INFO: s3gau_io.c(169): Read /home/alex/repos/speech/an4/model_parameters/an4.cd_cont_20/means [201x1x4 array]
INFO: s3gau_io.c(169): Read /home/alex/repos/speech/an4/model_parameters/an4.cd_cont_20/variances [201x1x4 array]
INFO: s3gau_io.c(553): Read /home/alex/repos/speech/an4/model_parameters/an4.cd_cont_20/mixture_weights [201x1x4 array]
INFO: main.c(151): output n_density == 8
0:2(6.49e+02)0(5.51e+02)1(2.97e+02)3(2.49e+02)
1:1(6.22e+02)3(4.89e+02)2(3.70e+02)0(2.52e+02)
2:0(7.46e+02)3(5.66e+02)2(5.02e+02)1(4.97e+02)
3:1(1.63e+01)3(1.30e+01)2(9.67e+00)0(9.00e+00)
4:1(1.00e+01)0(7.00e+00)3(5.00e+00)2(4.00e+00)
5:2(9.00e+00)0(9.00e+00)1(8.00e+00)3(6.00e+00)
6:1(7.52e+02)0(6.73e+02)2(5.91e+02)3(4.15e+02)
7:2(6.26e+02)0(6.10e+02)1(5.76e+02)3(3.84e+02)
8:1(1.39e+03)2(1.36e+03)3(1.12e+03)0(7.09e+02)
9:2(2.82e+02)0(2.27e+02)3(2.26e+02)1(2.23e+02)
10:0(2.83e+02)2(2.81e+02)1(2.45e+02)3(2.25e+02)
11:2(3.43e+02)1(2.54e+02)3(2.01e+02)0(1.87e+02)
12:2(1.40e+02)0(7.99e+01)3(6.86e+01)1(5.87e+01)
13:1(2.86e+02)2(2.24e+02)3(1.88e+02)0(1.57e+02)
14:1(1.84e+02)2(1.80e+02)3(1.49e+02)0(1.46e+02)
15:2(7.36e+02)1(6.53e+02)3(6.04e+02)0(5.60e+02)
16:1(1.44e+03)3(1.35e+03)2(1.21e+03)0(1.12e+03)
17:1(1.30e+03)3(1.21e+03)2(1.15e+03)0(9.87e+02)
18:2(5.77e+02)3(4.11e+02)1(3.11e+02)0(1.95e+02)
19:1(1.74e+02)2(1.73e+02)0(1.46e+02)3(1.00e+02)
20:2(2.29e+02)0(2.07e+02)3(9.06e+01)1(5.72e+01)
21:2(1.80e+02)3(1.73e+02)0(1.56e+02)1(1.51e+02)
22:2(3.17e+02)0(2.56e+02)1(1.95e+02)3(1.88e+02)
23:0(3.75e+02)1(3.64e+02)2(3.27e+02)3(2.45e+02)
24:2(4.48e+02)1(4.01e+02)0(2.73e+02)3(2.61e+02)
25:2(2.67e+02)1(1.87e+02)3(8.07e+01)0(6.90e+01)
26:1(2.10e+02)3(1.47e+02)2(1.46e+02)0(1.44e+02)
27:2(1.88e+03)0(1.48e+03)3(1.11e+03)1(6.63e+02)
28:2(1.26e+03)0(1.05e+03)3(3.76e+02)1(3.36e+02)
29:1(1.78e+03)2(1.49e+03)3(1.44e+03)0(1.42e+03)
30:0(1.70e+02)1(1.35e+02)2(1.31e+02)3(7.49e+01)
31:2(2.37e+02)1(2.34e+02)3(8.94e+01)0(7.91e+01)
32:0(3.57e+02)1(3.33e+02)3(3.29e+02)2(2.60e+02)
33:0(7.85e+02)2(6.92e+02)1(5.97e+02)3(5.93e+02)
34:2(1.33e+03)1(1.11e+03)0(1.04e+03)3(7.78e+02)
35:2(6.87e+02)0(6.65e+02)3(6.45e+02)1(5.72e+02)
36:2(7.51e+02)1(5.45e+02)3(5.40e+02)0(3.30e+02)
37:1(1.20e+03)2(1.15e+03)0(9.74e+02)3(8.70e+02)
38:2(5.08e+02)3(4.22e+02)1(3.66e+02)0(3.58e+02)
39:2(6.38e+01)0(6.14e+01)1(4.36e+01)3(2.22e+01)
40:1(4.11e+01)2(3.31e+01)0(2.21e+01)3(1.60e+01)
41:0(4.23e+01)1(2.20e+01)3(1.71e+01)2(1.70e+01)
42:2(4.92e+02)3(4.19e+02)1(4.03e+02)0(1.83e+02)
43:3(1.72e+02)2(1.66e+02)0(1.39e+02)1(8.50e+01)
44:1(2.18e+02)3(1.86e+02)2(1.56e+02)0(1.47e+02)
45:1(3.38e+02)2(2.92e+02)3(2.14e+02)0(2.11e+02)
46:0(3.61e+02)2(3.01e+02)3(2.66e+02)1(2.48e+02)
47:3(2.34e+02)0(2.19e+02)2(1.93e+02)1(1.82e+02)
48:1(1.76e+03)0(1.49e+03)2(1.30e+03)3(9.50e+02)
49:1(6.14e+03)2(3.29e+03)3(3.25e+03)0(3.23e+03)
50:0(2.20e+03)1(1.77e+03)2(1.74e+03)3(1.59e+03)
51:1(3.72e+02)3(3.50e+02)2(3.03e+02)0(2.57e+02)
52:1(1.98e+02)0(1.96e+02)3(1.65e+02)2(1.47e+02)
53:0(3.00e+02)2(2.92e+02)1(2.67e+02)3(1.79e+02)
54:1(3.50e+02)3(2.89e+02)2(2.86e+02)0(2.46e+02)
55:1(4.91e+02)2(4.24e+02)0(2.38e+02)3(2.24e+02)
56:2(5.18e+02)3(3.83e+02)0(3.03e+02)1(2.63e+02)
57:0(4.13e+02)1(2.79e+02)3(2.73e+02)2(1.78e+02)
58:1(5.18e+02)2(3.96e+02)0(3.25e+02)3(2.86e+02)
59:0(4.98e+02)2(3.46e+02)3(2.56e+02)1(2.26e+02)
60:1(1.44e+02)2(1.19e+02)0(9.95e+01)3(6.57e+01)
61:2(1.74e+02)3(1.48e+02)0(1.25e+02)1(7.07e+01)
62:1(3.25e+02)0(2.78e+02)2(2.65e+02)3(2.38e+02)
63:2(1.09e+03)0(1.08e+03)3(5.93e+02)1(4.83e+02)
64:2(1.39e+03)0(1.12e+03)1(1.03e+03)3(9.64e+02)
65:1(1.32e+03)0(1.12e+03)3(1.11e+03)2(1.03e+03)
66:1(6.41e+02)2(5.69e+02)0(4.82e+02)3(4.39e+02)
67:0(8.61e+02)3(6.86e+02)2(6.57e+02)1(6.14e+02)
68:3(6.10e+02)0(6.05e+02)2(5.47e+02)1(4.51e+02)
69:2(2.92e+02)1(2.90e+02)3(1.90e+02)0(1.13e+02)
70:0(1.82e+02)2(1.45e+02)3(9.78e+01)1(9.71e+01)
71:2(1.77e+02)0(1.77e+02)3(1.59e+02)1(1.13e+02)
72:2(7.18e+02)1(5.11e+02)3(4.59e+02)0(3.61e+02)
73:0(7.39e+02)2(7.37e+02)1(4.48e+02)3(4.18e+02)
74:2(7.52e+02)1(6.04e+02)3(5.75e+02)0(5.39e+02)
75:1(1.52e+03)0(1.27e+03)3(1.08e+03)2(9.97e+02)
76:1(1.93e+03)2(1.91e+03)0(1.82e+03)3(1.20e+03)
77:1(1.05e+03)2(9.92e+02)3(9.57e+02)0(5.42e+02)
78:0(4.77e+03)2(4.24e+03)1(3.87e+03)3(3.57e+03)
79:1(4.22e+03)2(3.87e+03)3(2.71e+03)0(2.47e+03)
80:1(7.05e+03)3(5.33e+03)2(4.27e+03)0(3.16e+03)
81:3(1.77e+03)0(1.58e+03)1(1.58e+03)2(1.32e+03)
82:0(1.03e+03)2(8.27e+02)3(7.57e+02)1(6.67e+02)
83:2(1.06e+03)1(7.53e+02)3(7.50e+02)0(6.01e+02)
84:3(5.54e+02)0(5.41e+02)2(4.17e+02)1(4.07e+02)
85:2(2.39e+02)1(2.08e+02)3(1.57e+02)0(1.26e+02)
86:1(2.09e+02)2(1.96e+02)3(1.27e+02)0(1.22e+02)
87:0(5.08e+02)3(4.34e+02)1(4.01e+02)2(3.34e+02)
88:2(6.06e+02)0(5.92e+02)1(5.72e+02)3(4.85e+02)
89:1(1.04e+03)2(7.32e+02)3(6.90e+02)0(6.60e+02)
90:3(4.38e+02)1(3.54e+02)0(2.84e+02)2(2.70e+02)
91:2(3.59e+02)1(3.25e+02)0(2.36e+02)3(1.79e+02)
92:1(5.61e+02)3(5.41e+02)2(5.03e+02)0(2.94e+02)
93:1(7.39e+02)2(3.87e+02)3(3.33e+02)0(3.11e+02)
94:0(4.67e+02)3(3.18e+02)1(3.12e+02)2(2.54e+02)
95:2(5.25e+02)1(3.81e+02)0(3.51e+02)3(3.48e+02)
96:0(3.90e+02)1(2.92e+02)3(2.91e+02)2(1.74e+02)
97:0(3.44e+02)1(3.31e+02)2(3.20e+02)3(2.78e+02)
98:1(2.37e+02)0(2.33e+02)2(1.79e+02)3(1.49e+02)
99:1(1.89e+02)0(1.68e+02)3(1.63e+02)2(1.39e+02)
100:0(1.55e+02)2(1.04e+02)1(7.81e+01)3(7.55e+01)
101:2(1.89e+02)0(1.57e+02)1(1.15e+02)3(7.38e+01)
102:2(6.49e+02)0(5.51e+02)1(2.97e+02)3(2.49e+02)
103:1(6.22e+02)3(4.89e+02)2(3.70e+02)0(2.52e+02)
104:0(7.46e+02)3(5.66e+02)2(5.02e+02)1(4.97e+02)
105:1(1.63e+01)3(1.30e+01)2(9.67e+00)0(9.00e+00)
106:1(1.00e+01)0(7.00e+00)3(5.00e+00)2(4.00e+00)
107:2(9.00e+00)0(9.00e+00)1(8.00e+00)3(6.00e+00)
108:1(7.52e+02)0(6.73e+02)2(5.91e+02)3(4.15e+02)
109:2(6.26e+02)0(6.10e+02)1(5.76e+02)3(3.84e+02)
110:1(1.39e+03)2(1.36e+03)3(1.12e+03)0(7.09e+02)
111:2(2.82e+02)0(2.27e+02)3(2.26e+02)1(2.23e+02)
112:0(2.83e+02)2(2.81e+02)1(2.45e+02)3(2.25e+02)
113:2(3.43e+02)1(2.54e+02)3(2.01e+02)0(1.87e+02)
114:2(1.40e+02)0(7.99e+01)3(6.86e+01)1(5.87e+01)
115:1(2.86e+02)2(2.24e+02)3(1.88e+02)0(1.57e+02)
116:1(1.84e+02)2(1.80e+02)3(1.49e+02)0(1.46e+02)
117:2(7.36e+02)1(6.53e+02)3(6.04e+02)0(5.60e+02)
118:1(1.44e+03)3(1.35e+03)2(1.21e+03)0(1.12e+03)
119:1(1.30e+03)3(1.21e+03)2(1.15e+03)0(9.87e+02)
120:2(5.77e+02)3(4.11e+02)1(3.11e+02)0(1.95e+02)
121:1(1.74e+02)2(1.73e+02)0(1.46e+02)3(1.00e+02)
122:2(2.29e+02)0(2.07e+02)3(9.06e+01)1(5.72e+01)
123:2(1.80e+02)3(1.73e+02)0(1.56e+02)1(1.51e+02)
124:2(3.17e+02)0(2.56e+02)1(1.95e+02)3(1.88e+02)
125:0(3.75e+02)1(3.64e+02)2(3.27e+02)3(2.45e+02)
126:2(4.48e+02)1(4.01e+02)0(2.73e+02)3(2.61e+02)
127:2(2.67e+02)1(1.87e+02)3(8.07e+01)0(6.90e+01)
128:1(2.10e+02)3(1.47e+02)2(1.46e+02)0(1.44e+02)
129:2(1.88e+03)0(1.48e+03)3(1.11e+03)1(6.63e+02)
130:2(1.26e+03)0(1.05e+03)3(3.76e+02)1(3.36e+02)
131:1(1.78e+03)2(1.49e+03)3(1.44e+03)0(1.42e+03)
132:0(1.70e+02)1(1.35e+02)2(1.31e+02)3(7.49e+01)
133:2(2.37e+02)1(2.34e+02)3(8.94e+01)0(7.91e+01)
134:0(3.57e+02)1(3.33e+02)3(3.29e+02)2(2.60e+02)
135:0(7.85e+02)2(6.92e+02)1(5.97e+02)3(5.93e+02)
136:2(1.33e+03)1(1.11e+03)0(1.04e+03)3(7.78e+02)
137:2(6.87e+02)0(6.65e+02)3(6.45e+02)1(5.72e+02)
138:2(7.51e+02)1(5.45e+02)3(5.40e+02)0(3.30e+02)
139:1(1.20e+03)2(1.15e+03)0(9.74e+02)3(8.70e+02)
140:2(5.08e+02)3(4.22e+02)1(3.66e+02)0(3.58e+02)
141:2(6.38e+01)0(6.14e+01)1(4.36e+01)3(2.22e+01)
142:1(4.11e+01)2(3.31e+01)0(2.21e+01)3(1.60e+01)
143:0(4.23e+01)1(2.20e+01)3(1.71e+01)2(1.70e+01)
144:2(4.92e+02)3(4.19e+02)1(4.03e+02)0(1.83e+02)
145:3(1.72e+02)2(1.66e+02)0(1.39e+02)1(8.50e+01)
146:1(2.18e+02)3(1.86e+02)2(1.56e+02)0(1.47e+02)
147:1(3.38e+02)2(2.92e+02)3(2.14e+02)0(2.11e+02)
148:0(3.61e+02)2(3.01e+02)3(2.66e+02)1(2.48e+02)
149:3(2.34e+02)0(2.19e+02)2(1.93e+02)1(1.82e+02)
150:1(1.76e+03)0(1.49e+03)2(1.30e+03)3(9.50e+02)
151:1(6.14e+03)2(3.29e+03)3(3.25e+03)0(3.23e+03)
152:0(2.20e+03)1(1.77e+03)2(1.74e+03)3(1.59e+03)
153:1(3.72e+02)3(3.50e+02)2(3.03e+02)0(2.57e+02)
154:1(1.98e+02)0(1.96e+02)3(1.65e+02)2(1.47e+02)
155:0(3.00e+02)2(2.92e+02)1(2.67e+02)3(1.79e+02)
156:1(3.50e+02)3(2.89e+02)2(2.86e+02)0(2.46e+02)
157:1(4.91e+02)2(4.24e+02)0(2.38e+02)3(2.24e+02)
158:2(5.18e+02)3(3.83e+02)0(3.03e+02)1(2.63e+02)
159:0(4.13e+02)1(2.79e+02)3(2.73e+02)2(1.78e+02)
160:1(5.18e+02)2(3.96e+02)0(3.25e+02)3(2.86e+02)
161:0(4.98e+02)2(3.46e+02)3(2.56e+02)1(2.26e+02)
162:1(1.44e+02)2(1.19e+02)0(9.95e+01)3(6.57e+01)
163:2(1.74e+02)3(1.48e+02)0(1.25e+02)1(7.07e+01)
164:1(3.25e+02)0(2.78e+02)2(2.65e+02)3(2.38e+02)
165:2(1.09e+03)0(1.08e+03)3(5.93e+02)1(4.83e+02)
166:2(1.39e+03)0(1.12e+03)1(1.03e+03)3(9.64e+02)
167:1(1.32e+03)0(1.12e+03)3(1.11e+03)2(1.03e+03)
168:1(6.41e+02)2(5.69e+02)0(4.82e+02)3(4.39e+02)
169:0(8.61e+02)3(6.86e+02)2(6.57e+02)1(6.14e+02)
170:3(6.10e+02)0(6.05e+02)2(5.47e+02)1(4.51e+02)
171:2(2.92e+02)1(2.90e+02)3(1.90e+02)0(1.13e+02)
172:0(1.82e+02)2(1.45e+02)3(9.78e+01)1(9.71e+01)
173:2(1.77e+02)0(1.77e+02)3(1.59e+02)1(1.13e+02)
174:2(7.18e+02)1(5.11e+02)3(4.59e+02)0(3.61e+02)
175:0(7.39e+02)2(7.37e+02)1(4.48e+02)3(4.18e+02)
176:2(7.52e+02)1(6.04e+02)3(5.75e+02)0(5.39e+02)
177:1(1.52e+03)0(1.27e+03)3(1.08e+03)2(9.97e+02)
178:1(1.93e+03)2(1.91e+03)0(1.82e+03)3(1.20e+03)
179:1(1.05e+03)2(9.92e+02)3(9.57e+02)0(5.42e+02)
180:3(1.77e+03)0(1.58e+03)1(1.58e+03)2(1.32e+03)
181:0(1.03e+03)2(8.27e+02)3(7.57e+02)1(6.67e+02)
182:2(1.06e+03)1(7.53e+02)3(7.50e+02)0(6.01e+02)
183:3(5.54e+02)0(5.41e+02)2(4.17e+02)1(4.07e+02)
184:2(2.39e+02)1(2.08e+02)3(1.57e+02)0(1.26e+02)
185:1(2.09e+02)2(1.96e+02)3(1.27e+02)0(1.22e+02)
186:0(5.08e+02)3(4.34e+02)1(4.01e+02)2(3.34e+02)
187:2(6.06e+02)0(5.92e+02)1(5.72e+02)3(4.85e+02)
188:1(1.04e+03)2(7.32e+02)3(6.90e+02)0(6.60e+02)
189:3(4.38e+02)1(3.54e+02)0(2.84e+02)2(2.70e+02)
190:2(3.59e+02)1(3.25e+02)0(2.36e+02)3(1.79e+02)
191:1(5.61e+02)3(5.41e+02)2(5.03e+02)0(2.94e+02)
192:1(7.39e+02)2(3.87e+02)3(3.33e+02)0(3.11e+02)
193:0(4.67e+02)3(3.18e+02)1(3.12e+02)2(2.54e+02)
194:2(5.25e+02)1(3.81e+02)0(3.51e+02)3(3.48e+02)
195:0(3.90e+02)1(2.92e+02)3(2.91e+02)2(1.74e+02)
196:0(3.44e+02)1(3.31e+02)2(3.20e+02)3(2.78e+02)
197:1(2.37e+02)0(2.33e+02)2(1.79e+02)3(1.49e+02)
198:1(1.89e+02)0(1.68e+02)3(1.63e+02)2(1.39e+02)
199:0(1.55e+02)2(1.04e+02)1(7.81e+01)3(7.55e+01)
200:2(1.89e+02)0(1.57e+02)1(1.15e+02)3(7.38e+01)INFO: s3mixw_io.c(233): Wrote /home/alex/repos/speech/an4/model_parameters/an4.cd_cont_initial/mixture_weights [201x1x8 array]
INFO: s3gau_io.c(228): Wrote /home/alex/repos/speech/an4/model_parameters/an4.cd_cont_initial/means [201x1x8 array]
INFO: s3gau_io.c(228): Wrote /home/alex/repos/speech/an4/model_parameters/an4.cd_cont_initial/variances [201x1x8 array]

Wed Dec 20 23:52:48 2017
