Current configuration:
[NAME]		[DEFLT]	[VALUE]
-dcountfn		/home/alex/repos/speech/an4/model_parameters/an4.cd_cont_20/mixture_weights
-example	no	no
-fullvar	no	no
-help		no	no
-inmeanfn		/home/alex/repos/speech/an4/model_parameters/an4.cd_cont_20/means
-inmixwfn		/home/alex/repos/speech/an4/model_parameters/an4.cd_cont_20/mixture_weights
-invarfn		/home/alex/repos/speech/an4/model_parameters/an4.cd_cont_20/variances
-ninc		1	1
-outmeanfn		/home/alex/repos/speech/an4/model_parameters/an4.cd_cont_initial/means
-outmixwfn		/home/alex/repos/speech/an4/model_parameters/an4.cd_cont_initial/mixture_weights
-outvarfn		/home/alex/repos/speech/an4/model_parameters/an4.cd_cont_initial/variances

INFO: main.c(86): Reading mixing weight file /home/alex/repos/speech/an4/model_parameters/an4.cd_cont_20/mixture_weights.
INFO: s3mixw_io.c(117): Read /home/alex/repos/speech/an4/model_parameters/an4.cd_cont_20/mixture_weights [201x1x1 array]
INFO: s3gau_io.c(169): Read /home/alex/repos/speech/an4/model_parameters/an4.cd_cont_20/means [201x1x1 array]
INFO: s3gau_io.c(169): Read /home/alex/repos/speech/an4/model_parameters/an4.cd_cont_20/variances [201x1x1 array]
INFO: s3gau_io.c(553): Read /home/alex/repos/speech/an4/model_parameters/an4.cd_cont_20/mixture_weights [201x1x1 array]
INFO: main.c(151): output n_density == 2
0:0(1.68e+03)
1:0(1.49e+03)
2:0(3.11e+03)
3:0(4.64e+01)
4:0(2.64e+01)
5:0(3.04e+01)
6:0(2.65e+03)
7:0(2.08e+03)
8:0(4.84e+03)
9:0(5.76e+02)
10:0(1.05e+03)
11:0(9.65e+02)
12:0(6.06e+02)
13:0(9.20e+02)
14:0(1.07e+03)
15:0(3.16e+03)
16:0(5.34e+03)
17:0(3.42e+03)
18:0(2.25e+03)
19:0(6.31e+02)
20:0(5.86e+02)
21:0(7.53e+02)
22:0(7.81e+02)
23:0(1.23e+03)
24:0(1.41e+03)
25:0(6.21e+02)
26:0(5.61e+02)
27:0(6.14e+03)
28:0(4.61e+03)
29:0(6.25e+03)
30:0(4.80e+02)
31:0(5.66e+02)
32:0(1.25e+03)
33:0(3.68e+03)
34:0(4.58e+03)
35:0(2.29e+03)
36:0(2.22e+03)
37:0(4.87e+03)
38:0(1.60e+03)
39:0(1.75e+02)
40:0(1.05e+02)
41:0(4.33e+01)
42:0(2.23e+03)
43:0(5.26e+02)
44:0(5.17e+02)
45:0(9.68e+02)
46:0(9.22e+02)
47:0(1.17e+03)
48:0(6.55e+03)
49:0(1.35e+04)
50:0(7.57e+03)
51:0(1.37e+03)
52:0(6.29e+02)
53:0(9.99e+02)
54:0(9.71e+02)
55:0(1.76e+03)
56:0(1.24e+03)
57:0(9.59e+02)
58:0(1.54e+03)
59:0(1.43e+03)
60:0(4.96e+02)
61:0(4.06e+02)
62:0(1.15e+03)
63:0(2.79e+03)
64:0(4.24e+03)
65:0(4.58e+03)
66:0(2.41e+03)
67:0(2.84e+03)
68:0(1.83e+03)
69:0(1.48e+03)
70:0(5.12e+02)
71:0(5.73e+02)
72:0(1.95e+03)
73:0(2.09e+03)
74:0(2.13e+03)
75:0(5.40e+03)
76:0(7.18e+03)
77:0(2.91e+03)
78:0(1.03e+04)
79:0(1.37e+04)
80:0(2.25e+04)
81:0(5.64e+03)
82:0(2.44e+03)
83:0(4.15e+03)
84:0(2.09e+03)
85:0(6.62e+02)
86:0(5.44e+02)
87:0(1.89e+03)
88:0(1.98e+03)
89:0(2.80e+03)
90:0(1.27e+03)
91:0(9.93e+02)
92:0(2.16e+03)
93:0(1.67e+03)
94:0(1.26e+03)
95:0(1.43e+03)
96:0(1.49e+03)
97:0(1.12e+03)
98:0(7.48e+02)
99:0(6.06e+02)
100:0(3.70e+02)
101:0(5.55e+02)
102:0(1.68e+03)
103:0(1.49e+03)
104:0(3.11e+03)
105:0(4.64e+01)
106:0(2.64e+01)
107:0(3.04e+01)
108:0(2.65e+03)
109:0(2.08e+03)
110:0(4.84e+03)
111:0(5.76e+02)
112:0(1.05e+03)
113:0(9.65e+02)
114:0(6.06e+02)
115:0(9.20e+02)
116:0(1.07e+03)
117:0(3.16e+03)
118:0(5.34e+03)
119:0(3.42e+03)
120:0(2.25e+03)
121:0(6.31e+02)
122:0(5.86e+02)
123:0(7.53e+02)
124:0(7.81e+02)
125:0(1.23e+03)
126:0(1.41e+03)
127:0(6.21e+02)
128:0(5.61e+02)
129:0(6.14e+03)
130:0(4.61e+03)
131:0(6.25e+03)
132:0(4.80e+02)
133:0(5.66e+02)
134:0(1.25e+03)
135:0(3.68e+03)
136:0(4.58e+03)
137:0(2.29e+03)
138:0(2.22e+03)
139:0(4.87e+03)
140:0(1.60e+03)
141:0(1.75e+02)
142:0(1.05e+02)
143:0(4.33e+01)
144:0(2.23e+03)
145:0(5.26e+02)
146:0(5.17e+02)
147:0(9.68e+02)
148:0(9.22e+02)
149:0(1.17e+03)
150:0(6.55e+03)
151:0(1.35e+04)
152:0(7.57e+03)
153:0(1.37e+03)
154:0(6.29e+02)
155:0(9.99e+02)
156:0(9.71e+02)
157:0(1.76e+03)
158:0(1.24e+03)
159:0(9.59e+02)
160:0(1.54e+03)
161:0(1.43e+03)
162:0(4.96e+02)
163:0(4.06e+02)
164:0(1.15e+03)
165:0(2.79e+03)
166:0(4.24e+03)
167:0(4.58e+03)
168:0(2.41e+03)
169:0(2.84e+03)
170:0(1.83e+03)
171:0(1.48e+03)
172:0(5.12e+02)
173:0(5.73e+02)
174:0(1.95e+03)
175:0(2.09e+03)
176:0(2.13e+03)
177:0(5.40e+03)
178:0(7.18e+03)
179:0(2.91e+03)
180:0(5.64e+03)
181:0(2.44e+03)
182:0(4.15e+03)
183:0(2.09e+03)
184:0(6.62e+02)
185:0(5.44e+02)
186:0(1.89e+03)
187:0(1.98e+03)
188:0(2.80e+03)
189:0(1.27e+03)
190:0(9.93e+02)
191:0(2.16e+03)
192:0(1.67e+03)
193:0(1.26e+03)
194:0(1.43e+03)
195:0(1.49e+03)
196:0(1.12e+03)
197:0(7.48e+02)
198:0(6.06e+02)
199:0(3.70e+02)
200:0(5.55e+02)INFO: s3mixw_io.c(233): Wrote /home/alex/repos/speech/an4/model_parameters/an4.cd_cont_initial/mixture_weights [201x1x2 array]
INFO: s3gau_io.c(228): Wrote /home/alex/repos/speech/an4/model_parameters/an4.cd_cont_initial/means [201x1x2 array]
INFO: s3gau_io.c(228): Wrote /home/alex/repos/speech/an4/model_parameters/an4.cd_cont_initial/variances [201x1x2 array]

Wed Dec 20 23:52:27 2017
