Current configuration:
[NAME]		[DEFLT]	[VALUE]
-dcountfn		/home/alex/repos/speech/an4/model_parameters/an4.cd_cont_20/mixture_weights
-example	no	no
-fullvar	no	no
-help		no	no
-inmeanfn		/home/alex/repos/speech/an4/model_parameters/an4.cd_cont_20/means
-inmixwfn		/home/alex/repos/speech/an4/model_parameters/an4.cd_cont_20/mixture_weights
-invarfn		/home/alex/repos/speech/an4/model_parameters/an4.cd_cont_20/variances
-ninc		1	2
-outmeanfn		/home/alex/repos/speech/an4/model_parameters/an4.cd_cont_initial/means
-outmixwfn		/home/alex/repos/speech/an4/model_parameters/an4.cd_cont_initial/mixture_weights
-outvarfn		/home/alex/repos/speech/an4/model_parameters/an4.cd_cont_initial/variances

INFO: main.c(86): Reading mixing weight file /home/alex/repos/speech/an4/model_parameters/an4.cd_cont_20/mixture_weights.
INFO: s3mixw_io.c(117): Read /home/alex/repos/speech/an4/model_parameters/an4.cd_cont_20/mixture_weights [201x1x2 array]
INFO: s3gau_io.c(169): Read /home/alex/repos/speech/an4/model_parameters/an4.cd_cont_20/means [201x1x2 array]
INFO: s3gau_io.c(169): Read /home/alex/repos/speech/an4/model_parameters/an4.cd_cont_20/variances [201x1x2 array]
INFO: s3gau_io.c(553): Read /home/alex/repos/speech/an4/model_parameters/an4.cd_cont_20/mixture_weights [201x1x2 array]
INFO: main.c(151): output n_density == 4
0:0(1.21e+03)1(4.10e+02)
1:1(7.18e+02)0(7.12e+02)
2:1(1.53e+03)0(1.31e+03)
3:1(2.60e+01)0(2.02e+01)
4:1(1.43e+01)0(1.20e+01)
5:0(1.72e+01)1(1.40e+01)
6:1(1.43e+03)0(9.53e+02)
7:1(1.41e+03)0(1.01e+03)
8:1(2.87e+03)0(1.87e+03)
9:1(4.90e+02)0(3.58e+02)
10:1(5.10e+02)0(4.78e+02)
11:1(5.69e+02)0(3.87e+02)
12:0(1.96e+02)1(9.30e+01)
13:1(4.71e+02)0(4.42e+02)
14:1(2.72e+02)0(2.43e+02)
15:0(1.69e+03)1(1.12e+03)
16:1(2.60e+03)0(2.60e+03)
17:0(2.19e+03)1(2.04e+03)
18:1(1.05e+03)0(6.09e+02)
19:1(4.19e+02)0(2.56e+02)
20:0(3.69e+02)1(1.58e+02)
21:1(3.35e+02)0(3.27e+02)
22:0(5.04e+02)1(3.57e+02)
23:1(6.77e+02)0(5.98e+02)
24:1(8.50e+02)0(6.06e+02)
25:1(4.26e+02)0(1.46e+02)
26:1(4.08e+02)0(2.28e+02)
27:0(3.49e+03)1(2.63e+03)
28:0(2.55e+03)1(8.75e+02)
29:0(2.96e+03)1(2.95e+03)
30:0(2.72e+02)1(2.18e+02)
31:1(4.25e+02)0(1.99e+02)
32:0(6.71e+02)1(5.58e+02)
33:1(1.60e+03)0(1.49e+03)
34:1(2.08e+03)0(2.02e+03)
35:0(1.47e+03)1(1.20e+03)
36:0(1.08e+03)1(9.80e+02)
37:1(2.43e+03)0(2.24e+03)
38:1(8.66e+02)0(6.52e+02)
39:0(1.23e+02)1(6.71e+01)
40:1(6.52e+01)0(4.60e+01)
41:0(3.88e+01)1(3.32e+01)
42:1(1.08e+03)0(7.01e+02)
43:0(3.46e+02)1(2.53e+02)
44:0(3.42e+02)1(3.22e+02)
45:1(5.63e+02)0(4.27e+02)
46:0(6.63e+02)1(4.65e+02)
47:1(4.51e+02)0(3.60e+02)
48:1(2.94e+03)0(2.74e+03)
49:1(8.14e+03)0(7.13e+03)
50:0(4.03e+03)1(3.30e+03)
51:0(8.49e+02)1(5.25e+02)
52:1(3.65e+02)0(3.55e+02)
53:0(5.81e+02)1(4.18e+02)
54:1(6.22e+02)0(5.49e+02)
55:1(8.73e+02)0(6.33e+02)
56:0(7.68e+02)1(6.62e+02)
57:0(5.78e+02)1(5.08e+02)
58:1(8.02e+02)0(6.39e+02)
59:0(7.61e+02)1(5.52e+02)
60:1(2.56e+02)0(1.99e+02)
61:0(2.99e+02)1(2.11e+02)
62:0(6.31e+02)1(4.71e+02)
63:0(2.04e+03)1(1.12e+03)
64:0(2.51e+03)1(2.02e+03)
65:0(2.51e+03)1(2.01e+03)
66:0(1.18e+03)1(1.05e+03)
67:0(1.49e+03)1(1.21e+03)
68:0(1.20e+03)1(9.63e+02)
69:1(6.69e+02)0(3.83e+02)
70:0(3.24e+02)1(2.14e+02)
71:0(3.01e+02)1(3.00e+02)
72:1(1.35e+03)0(7.83e+02)
73:0(1.36e+03)1(9.62e+02)
74:1(1.23e+03)0(1.05e+03)
75:0(2.43e+03)1(2.40e+03)
76:0(4.15e+03)1(2.93e+03)
77:1(1.69e+03)0(1.42e+03)
78:0(9.06e+03)1(6.77e+03)
79:1(8.04e+03)0(5.72e+03)
80:1(9.83e+03)0(9.59e+03)
81:0(3.23e+03)1(2.96e+03)
82:0(1.77e+03)1(1.28e+03)
83:1(1.94e+03)0(1.36e+03)
84:0(9.96e+02)1(9.43e+02)
85:1(4.27e+02)0(2.91e+02)
86:1(3.42e+02)0(2.52e+02)
87:0(8.34e+02)1(6.89e+02)
88:0(1.39e+03)1(9.91e+02)
89:1(1.64e+03)0(1.26e+03)
90:1(6.99e+02)0(6.57e+02)
91:1(6.23e+02)0(4.06e+02)
92:1(1.02e+03)0(8.89e+02)
93:1(9.44e+02)0(7.33e+02)
94:0(7.15e+02)1(6.32e+02)
95:0(7.65e+02)1(7.55e+02)
96:1(7.35e+02)0(6.67e+02)
97:0(6.34e+02)1(5.93e+02)
98:1(3.82e+02)0(3.68e+02)
99:1(3.45e+02)0(3.22e+02)
100:0(2.21e+02)1(1.32e+02)
101:0(3.36e+02)1(2.10e+02)
102:0(1.21e+03)1(4.10e+02)
103:1(7.18e+02)0(7.12e+02)
104:1(1.53e+03)0(1.31e+03)
105:1(2.60e+01)0(2.02e+01)
106:1(1.43e+01)0(1.20e+01)
107:0(1.72e+01)1(1.40e+01)
108:1(1.43e+03)0(9.53e+02)
109:1(1.41e+03)0(1.01e+03)
110:1(2.87e+03)0(1.87e+03)
111:1(4.90e+02)0(3.58e+02)
112:1(5.10e+02)0(4.78e+02)
113:1(5.69e+02)0(3.87e+02)
114:0(1.96e+02)1(9.30e+01)
115:1(4.71e+02)0(4.42e+02)
116:1(2.72e+02)0(2.43e+02)
117:0(1.69e+03)1(1.12e+03)
118:1(2.60e+03)0(2.60e+03)
119:0(2.19e+03)1(2.04e+03)
120:1(1.05e+03)0(6.09e+02)
121:1(4.19e+02)0(2.56e+02)
122:0(3.69e+02)1(1.58e+02)
123:1(3.35e+02)0(3.27e+02)
124:0(5.04e+02)1(3.57e+02)
125:1(6.77e+02)0(5.98e+02)
126:1(8.50e+02)0(6.06e+02)
127:1(4.26e+02)0(1.46e+02)
128:1(4.08e+02)0(2.28e+02)
129:0(3.49e+03)1(2.63e+03)
130:0(2.55e+03)1(8.75e+02)
131:0(2.96e+03)1(2.95e+03)
132:0(2.72e+02)1(2.18e+02)
133:1(4.25e+02)0(1.99e+02)
134:0(6.71e+02)1(5.58e+02)
135:1(1.60e+03)0(1.49e+03)
136:1(2.08e+03)0(2.02e+03)
137:0(1.47e+03)1(1.20e+03)
138:0(1.08e+03)1(9.80e+02)
139:1(2.43e+03)0(2.24e+03)
140:1(8.66e+02)0(6.52e+02)
141:0(1.23e+02)1(6.71e+01)
142:1(6.52e+01)0(4.60e+01)
143:0(3.88e+01)1(3.32e+01)
144:1(1.08e+03)0(7.01e+02)
145:0(3.46e+02)1(2.53e+02)
146:0(3.42e+02)1(3.22e+02)
147:1(5.63e+02)0(4.27e+02)
148:0(6.63e+02)1(4.65e+02)
149:1(4.51e+02)0(3.60e+02)
150:1(2.94e+03)0(2.74e+03)
151:1(8.14e+03)0(7.13e+03)
152:0(4.03e+03)1(3.30e+03)
153:0(8.49e+02)1(5.25e+02)
154:1(3.65e+02)0(3.55e+02)
155:0(5.81e+02)1(4.18e+02)
156:1(6.22e+02)0(5.49e+02)
157:1(8.73e+02)0(6.33e+02)
158:0(7.68e+02)1(6.62e+02)
159:0(5.78e+02)1(5.08e+02)
160:1(8.02e+02)0(6.39e+02)
161:0(7.61e+02)1(5.52e+02)
162:1(2.56e+02)0(1.99e+02)
163:0(2.99e+02)1(2.11e+02)
164:0(6.31e+02)1(4.71e+02)
165:0(2.04e+03)1(1.12e+03)
166:0(2.51e+03)1(2.02e+03)
167:0(2.51e+03)1(2.01e+03)
168:0(1.18e+03)1(1.05e+03)
169:0(1.49e+03)1(1.21e+03)
170:0(1.20e+03)1(9.63e+02)
171:1(6.69e+02)0(3.83e+02)
172:0(3.24e+02)1(2.14e+02)
173:0(3.01e+02)1(3.00e+02)
174:1(1.35e+03)0(7.83e+02)
175:0(1.36e+03)1(9.62e+02)
176:1(1.23e+03)0(1.05e+03)
177:0(2.43e+03)1(2.40e+03)
178:0(4.15e+03)1(2.93e+03)
179:1(1.69e+03)0(1.42e+03)
180:0(3.23e+03)1(2.96e+03)
181:0(1.77e+03)1(1.28e+03)
182:1(1.94e+03)0(1.36e+03)
183:0(9.96e+02)1(9.43e+02)
184:1(4.27e+02)0(2.91e+02)
185:1(3.42e+02)0(2.52e+02)
186:0(8.34e+02)1(6.89e+02)
187:0(1.39e+03)1(9.91e+02)
188:1(1.64e+03)0(1.26e+03)
189:1(6.99e+02)0(6.57e+02)
190:1(6.23e+02)0(4.06e+02)
191:1(1.02e+03)0(8.89e+02)
192:1(9.44e+02)0(7.33e+02)
193:0(7.15e+02)1(6.32e+02)
194:0(7.65e+02)1(7.55e+02)
195:1(7.35e+02)0(6.67e+02)
196:0(6.34e+02)1(5.93e+02)
197:1(3.82e+02)0(3.68e+02)
198:1(3.45e+02)0(3.22e+02)
199:0(2.21e+02)1(1.32e+02)
200:0(3.36e+02)1(2.10e+02)INFO: s3mixw_io.c(233): Wrote /home/alex/repos/speech/an4/model_parameters/an4.cd_cont_initial/mixture_weights [201x1x4 array]
INFO: s3gau_io.c(228): Wrote /home/alex/repos/speech/an4/model_parameters/an4.cd_cont_initial/means [201x1x4 array]
INFO: s3gau_io.c(228): Wrote /home/alex/repos/speech/an4/model_parameters/an4.cd_cont_initial/variances [201x1x4 array]

Wed Dec 20 23:52:36 2017
