        INFO: pocketsphinx.c(152): Parsed model-specific feature parameters from /home/alex/repos/speech/recognizer/model_parameters/recognizer.ci_cont/feat.params
Current configuration:
[NAME]			[DEFLT]		[VALUE]
-agc			none		none
-agcthresh		2.0		2.000000e+00
-allphone				
-allphone_ci		no		no
-alpha			0.97		9.700000e-01
-ascale			20.0		2.000000e+01
-aw			1		1
-backtrace		no		no
-beam			1e-48		1.000000e-80
-bestpath		yes		yes
-bestpathlw		9.5		1.000000e+01
-ceplen			13		13
-cmn			live		batch
-cmninit		40,3,-1		40,3,-1
-compallsen		no		no
-debug					0
-dict					/home/alex/repos/speech/recognizer/etc/recognizer.dic
-dictcase		no		no
-dither			no		no
-doublebw		no		no
-ds			1		1
-fdict					
-feat			1s_c_d_dd	1s_c_d_dd
-featparams				
-fillprob		1e-8		1.000000e-08
-frate			100		100
-fsg					
-fsgusealtpron		yes		yes
-fsgusefiller		yes		yes
-fwdflat		yes		yes
-fwdflatbeam		1e-64		1.000000e-80
-fwdflatefwid		4		4
-fwdflatlw		8.5		1.000000e+01
-fwdflatsfwin		25		25
-fwdflatwbeam		7e-29		1.000000e-40
-fwdtree		yes		yes
-hmm					/home/alex/repos/speech/recognizer/model_parameters/recognizer.ci_cont
-input_endian		little		little
-jsgf					
-keyphrase				
-kws					
-kws_delay		10		10
-kws_plp		1e-1		1.000000e-01
-kws_threshold		1		1.000000e+00
-latsize		5000		5000
-lda					
-ldadim			0		0
-lifter			0		22
-lm					/home/alex/repos/speech/recognizer/etc/recognizer.lm.DMP
-lmctl					
-lmname					
-logbase		1.0001		1.000100e+00
-logfn					
-logspec		no		no
-lowerf			133.33334	1.300000e+02
-lpbeam			1e-40		1.000000e-80
-lponlybeam		7e-29		1.000000e-80
-lw			6.5		1.000000e+01
-maxhmmpf		30000		30000
-maxwpf			-1		-1
-mdef					
-mean					
-mfclogdir				
-min_endfr		0		0
-mixw					
-mixwfloor		0.0000001	1.000000e-07
-mllr					
-mmap			yes		yes
-ncep			13		13
-nfft			512		512
-nfilt			40		25
-nwpen			1.0		1.000000e+00
-pbeam			1e-48		1.000000e-80
-pip			1.0		1.000000e+00
-pl_beam		1e-10		1.000000e-10
-pl_pbeam		1e-10		1.000000e-10
-pl_pip			1.0		1.000000e+00
-pl_weight		3.0		3.000000e+00
-pl_window		5		5
-rawlogdir				
-remove_dc		no		no
-remove_noise		yes		yes
-remove_silence		yes		yes
-round_filters		yes		yes
-samprate		16000		1.600000e+04
-seed			-1		-1
-sendump				
-senlogdir				
-senmgau				
-silprob		0.005		5.000000e-03
-smoothspec		no		no
-svspec					
-tmat					
-tmatfloor		0.0001		1.000000e-04
-topn			4		4
-topn_beam		0		0
-toprule				
-transform		legacy		dct
-unit_area		yes		yes
-upperf			6855.4976	6.800000e+03
-uw			1.0		1.000000e+00
-vad_postspeech		50		50
-vad_prespeech		20		20
-vad_startspeech	10		10
-vad_threshold		2.0		2.000000e+00
-var					
-varfloor		0.0001		1.000000e-04
-varnorm		no		no
-verbose		no		no
-warp_params				
-warp_type		inverse_linear	inverse_linear
-wbeam			7e-29		1.000000e-40
-wip			0.65		2.000000e-01
-wlen			0.025625	2.562500e-02

INFO: feat.c(715): Initializing feature stream to type: '1s_c_d_dd', ceplen=13, CMN='batch', VARNORM='no', AGC='none'
INFO: mdef.c(518): Reading model definition: /home/alex/repos/speech/recognizer/model_parameters/recognizer.ci_cont/mdef
INFO: bin_mdef.c(181): Allocating 64 * 8 bytes (0 KiB) for CD tree
INFO: tmat.c(149): Reading HMM transition probability matrices: /home/alex/repos/speech/recognizer/model_parameters/recognizer.ci_cont/transition_matrices
INFO: acmod.c(113): Attempting to use PTM computation module
INFO: ms_gauden.c(127): Reading mixture gaussian parameter: /home/alex/repos/speech/recognizer/model_parameters/recognizer.ci_cont/means
INFO: ms_gauden.c(242): 45 codebook, 1 feature, size: 
INFO: ms_gauden.c(244):  4x39
INFO: ms_gauden.c(127): Reading mixture gaussian parameter: /home/alex/repos/speech/recognizer/model_parameters/recognizer.ci_cont/variances
INFO: ms_gauden.c(242): 45 codebook, 1 feature, size: 
INFO: ms_gauden.c(244):  4x39
INFO: ms_gauden.c(304): 0 variance values floored
INFO: ptm_mgau.c(808): Number of codebooks doesn't match number of ciphones, doesn't look like PTM: 45 != 15
INFO: acmod.c(115): Attempting to use semi-continuous computation module
INFO: ms_gauden.c(127): Reading mixture gaussian parameter: /home/alex/repos/speech/recognizer/model_parameters/recognizer.ci_cont/means
INFO: ms_gauden.c(242): 45 codebook, 1 feature, size: 
INFO: ms_gauden.c(244):  4x39
INFO: ms_gauden.c(127): Reading mixture gaussian parameter: /home/alex/repos/speech/recognizer/model_parameters/recognizer.ci_cont/variances
INFO: ms_gauden.c(242): 45 codebook, 1 feature, size: 
INFO: ms_gauden.c(244):  4x39
INFO: ms_gauden.c(304): 0 variance values floored
INFO: acmod.c(117): Falling back to general multi-stream GMM computation
INFO: ms_gauden.c(127): Reading mixture gaussian parameter: /home/alex/repos/speech/recognizer/model_parameters/recognizer.ci_cont/means
INFO: ms_gauden.c(242): 45 codebook, 1 feature, size: 
INFO: ms_gauden.c(244):  4x39
INFO: ms_gauden.c(127): Reading mixture gaussian parameter: /home/alex/repos/speech/recognizer/model_parameters/recognizer.ci_cont/variances
INFO: ms_gauden.c(242): 45 codebook, 1 feature, size: 
INFO: ms_gauden.c(244):  4x39
INFO: ms_gauden.c(304): 0 variance values floored
INFO: ms_senone.c(149): Reading senone mixture weights: /home/alex/repos/speech/recognizer/model_parameters/recognizer.ci_cont/mixture_weights
INFO: ms_senone.c(200): Truncating senone logs3(pdf) values by 10 bits
INFO: ms_senone.c(207): Not transposing mixture weights in memory
INFO: ms_senone.c(268): Read mixture weights for 45 senones: 1 features x 4 codewords
INFO: ms_senone.c(320): Mapping senones to individual codebooks
INFO: ms_mgau.c(144): The value of topn: 4
INFO: phone_loop_search.c(114): State beam -225 Phone exit beam -225 Insertion penalty 0
INFO: dict.c(320): Allocating 4109 * 32 bytes (128 KiB) for word entries
INFO: dict.c(333): Reading main dictionary: /home/alex/repos/speech/recognizer/etc/recognizer.dic
INFO: dict.c(213): Dictionary size 10, allocated 0 KiB for strings, 0 KiB for phones
INFO: dict.c(336): 10 words read
INFO: dict.c(358): Reading filler dictionary: /home/alex/repos/speech/recognizer/model_parameters/recognizer.ci_cont/noisedict
INFO: dict.c(213): Dictionary size 13, allocated 0 KiB for strings, 0 KiB for phones
INFO: dict.c(361): 3 words read
INFO: dict2pid.c(396): Building PID tables for dictionary
INFO: dict2pid.c(406): Allocating 15^3 * 2 bytes (6 KiB) for word-initial triphones
INFO: dict2pid.c(132): Allocated 5520 bytes (5 KiB) for word-final triphones
INFO: dict2pid.c(196): Allocated 5520 bytes (5 KiB) for single-phone word triphones
INFO: ngram_model_trie.c(354): Trying to read LM in trie binary format
INFO: ngram_model_trie.c(365): Header doesn't match
INFO: ngram_model_trie.c(177): Trying to read LM in arpa format
INFO: ngram_model_trie.c(193): LM of order 3
INFO: ngram_model_trie.c(195): #1-grams: 12
INFO: ngram_model_trie.c(195): #2-grams: 20
INFO: ngram_model_trie.c(195): #3-grams: 10
INFO: lm_trie.c(474): Training quantizer
INFO: lm_trie.c(482): Building LM trie
INFO: ngram_search_fwdtree.c(74): Initializing search tree
INFO: ngram_search_fwdtree.c(101): 5 unique initial diphones
INFO: ngram_search_fwdtree.c(186): Creating search channels
INFO: ngram_search_fwdtree.c(323): Max nonroot chan increased to 128
INFO: ngram_search_fwdtree.c(333): Created 0 root, 0 non-root channels, 3 single-phone words
INFO: ngram_search_fwdflat.c(157): fwdflat: min_ef_width = 4, max_sf_win = 25
INFO: batch.c(729): Decoding 'speaker_1/ab09'
INFO: cmn.c(133): CMN: 28.02 12.96 -8.54 -5.92 -23.79 -4.31  1.69 -1.17 -3.52  2.76  2.27 -2.12 -3.34 
INFO: ngram_search_fwdtree.c(1550):      174 words recognized (2/fr)
INFO: ngram_search_fwdtree.c(1552):      231 senones evaluated (3/fr)
INFO: ngram_search_fwdtree.c(1556):      228 channels searched (2/fr), 0 1st, 228 last
INFO: ngram_search_fwdtree.c(1559):      228 words for which last channels evaluated (2/fr)
INFO: ngram_search_fwdtree.c(1561):        0 candidate words for entering last phone (0/fr)
INFO: ngram_search_fwdtree.c(1564): fwdtree 0.00 CPU 0.005 xRT
INFO: ngram_search_fwdtree.c(1567): fwdtree 0.00 wall 0.003 xRT
INFO: ngram_search_fwdflat.c(302): Utterance vocabulary contains 2 words
INFO: ngram_search_fwdflat.c(948):      177 words recognized (2/fr)
INFO: ngram_search_fwdflat.c(950):      234 senones evaluated (3/fr)
INFO: ngram_search_fwdflat.c(952):      228 channels searched (2/fr)
INFO: ngram_search_fwdflat.c(954):      228 words searched (2/fr)
INFO: ngram_search_fwdflat.c(957):       63 word transitions (0/fr)
INFO: ngram_search_fwdflat.c(960): fwdflat 0.00 CPU 0.000 xRT
INFO: ngram_search_fwdflat.c(963): fwdflat 0.00 wall 0.000 xRT
INFO: ngram_search.c(1250): lattice start node <s>.0 end node </s>.11
INFO: ngram_search.c(1276): Eliminated 0 nodes before end node
INFO: ngram_search.c(1381): Lattice has 6 nodes, 5 links
INFO: ps_lattice.c(1380): Bestpath score: -427
INFO: ps_lattice.c(1384): Normalizer P(O) = alpha(</s>:11:77) = -35512
INFO: ps_lattice.c(1441): Joint P(O,S) = -39406 P(S|O) = -3894
INFO: ngram_search.c(872): bestpath 0.00 CPU 0.000 xRT
INFO: ngram_search.c(875): bestpath 0.00 wall 0.000 xRT
INFO: batch.c(761): speaker_1/ab09: 0.78 seconds speech, 0.00 seconds CPU, 0.00 seconds wall
INFO: batch.c(763): speaker_1/ab09: 0.01 xRT (CPU), 0.00 xRT (elapsed)
 (speaker_1/ab09 -561)
speaker_1/ab09 done --------------------------------------
INFO: batch.c(729): Decoding 'speaker_2/ab10'
INFO: cmn.c(133): CMN: 23.09 14.95  3.10 -13.57 -16.08  1.12 -1.80  8.07  4.59 -1.84 -1.92 -2.86 -2.20 
INFO: ngram_search_fwdtree.c(1550):      242 words recognized (2/fr)
INFO: ngram_search_fwdtree.c(1552):      363 senones evaluated (3/fr)
INFO: ngram_search_fwdtree.c(1556):      357 channels searched (2/fr), 0 1st, 357 last
INFO: ngram_search_fwdtree.c(1559):      357 words for which last channels evaluated (2/fr)
INFO: ngram_search_fwdtree.c(1561):        0 candidate words for entering last phone (0/fr)
INFO: ngram_search_fwdtree.c(1564): fwdtree 0.00 CPU 0.000 xRT
INFO: ngram_search_fwdtree.c(1567): fwdtree 0.00 wall 0.001 xRT
INFO: ngram_search_fwdflat.c(302): Utterance vocabulary contains 2 words
INFO: ngram_search_fwdflat.c(948):      296 words recognized (2/fr)
INFO: ngram_search_fwdflat.c(950):      363 senones evaluated (3/fr)
INFO: ngram_search_fwdflat.c(952):      357 channels searched (2/fr)
INFO: ngram_search_fwdflat.c(954):      357 words searched (2/fr)
INFO: ngram_search_fwdflat.c(957):       76 word transitions (0/fr)
INFO: ngram_search_fwdflat.c(960): fwdflat 0.00 CPU 0.000 xRT
INFO: ngram_search_fwdflat.c(963): fwdflat 0.00 wall 0.000 xRT
INFO: ngram_search.c(1250): lattice start node <s>.0 end node </s>.39
INFO: ngram_search.c(1276): Eliminated 0 nodes before end node
INFO: ngram_search.c(1381): Lattice has 10 nodes, 9 links
INFO: ps_lattice.c(1380): Bestpath score: -419
INFO: ps_lattice.c(1384): Normalizer P(O) = alpha(</s>:39:120) = -33812
INFO: ps_lattice.c(1441): Joint P(O,S) = -39048 P(S|O) = -5236
INFO: ngram_search.c(872): bestpath 0.00 CPU 0.000 xRT
INFO: ngram_search.c(875): bestpath 0.00 wall 0.000 xRT
INFO: batch.c(761): speaker_2/ab10: 1.21 seconds speech, 0.00 seconds CPU, 0.00 seconds wall
INFO: batch.c(763): speaker_2/ab10: 0.00 xRT (CPU), 0.00 xRT (elapsed)
 (speaker_2/ab10 -554)
speaker_2/ab10 done --------------------------------------
INFO: batch.c(729): Decoding 'speaker_1/ae09'
INFO: cmn.c(133): CMN: 36.65 15.92 -9.79 28.75 -4.74 -26.30 -21.60 -5.56  7.29 -6.08  0.58 -2.82  0.07 
INFO: ngram_search_fwdtree.c(1550):      163 words recognized (3/fr)
INFO: ngram_search_fwdtree.c(1552):      192 senones evaluated (3/fr)
INFO: ngram_search_fwdtree.c(1556):      186 channels searched (2/fr), 0 1st, 186 last
INFO: ngram_search_fwdtree.c(1559):      186 words for which last channels evaluated (2/fr)
INFO: ngram_search_fwdtree.c(1561):        0 candidate words for entering last phone (0/fr)
INFO: ngram_search_fwdtree.c(1564): fwdtree 0.00 CPU 0.000 xRT
INFO: ngram_search_fwdtree.c(1567): fwdtree 0.00 wall 0.001 xRT
INFO: ngram_search_fwdflat.c(302): Utterance vocabulary contains 2 words
INFO: ngram_search_fwdflat.c(948):      164 words recognized (3/fr)
INFO: ngram_search_fwdflat.c(950):      192 senones evaluated (3/fr)
INFO: ngram_search_fwdflat.c(952):      186 channels searched (2/fr)
INFO: ngram_search_fwdflat.c(954):      186 words searched (2/fr)
INFO: ngram_search_fwdflat.c(957):       59 word transitions (0/fr)
INFO: ngram_search_fwdflat.c(960): fwdflat 0.00 CPU 0.000 xRT
INFO: ngram_search_fwdflat.c(963): fwdflat 0.00 wall 0.000 xRT
INFO: ngram_search.c(1250): lattice start node <s>.0 end node </s>.7
INFO: ngram_search.c(1276): Eliminated 0 nodes before end node
INFO: ngram_search.c(1381): Lattice has 6 nodes, 3 links
INFO: ps_lattice.c(1380): Bestpath score: -343
INFO: ps_lattice.c(1384): Normalizer P(O) = alpha(</s>:7:63) = -34575
INFO: ps_lattice.c(1441): Joint P(O,S) = -37153 P(S|O) = -2578
INFO: ngram_search.c(872): bestpath 0.00 CPU 0.000 xRT
INFO: ngram_search.c(875): bestpath 0.00 wall 0.000 xRT
INFO: batch.c(761): speaker_1/ae09: 0.64 seconds speech, 0.00 seconds CPU, 0.00 seconds wall
INFO: batch.c(763): speaker_1/ae09: 0.01 xRT (CPU), 0.00 xRT (elapsed)
 (speaker_1/ae09 -517)
speaker_1/ae09 done --------------------------------------
INFO: batch.c(729): Decoding 'speaker_2/ae10'
INFO: cmn.c(133): CMN: 34.29 10.70  0.41  8.76 -16.87 -18.75 -17.11 -7.05  8.70 -3.79 10.42  1.41  0.18 
INFO: ngram_search_fwdtree.c(1550):      277 words recognized (2/fr)
INFO: ngram_search_fwdtree.c(1552):      387 senones evaluated (3/fr)
INFO: ngram_search_fwdtree.c(1556):      381 channels searched (2/fr), 0 1st, 381 last
INFO: ngram_search_fwdtree.c(1559):      381 words for which last channels evaluated (2/fr)
INFO: ngram_search_fwdtree.c(1561):        0 candidate words for entering last phone (0/fr)
INFO: ngram_search_fwdtree.c(1564): fwdtree 0.00 CPU 0.000 xRT
INFO: ngram_search_fwdtree.c(1567): fwdtree 0.00 wall 0.001 xRT
INFO: ngram_search_fwdflat.c(302): Utterance vocabulary contains 2 words
INFO: ngram_search_fwdflat.c(948):      326 words recognized (3/fr)
INFO: ngram_search_fwdflat.c(950):      387 senones evaluated (3/fr)
INFO: ngram_search_fwdflat.c(952):      381 channels searched (2/fr)
INFO: ngram_search_fwdflat.c(954):      381 words searched (2/fr)
INFO: ngram_search_fwdflat.c(957):       76 word transitions (0/fr)
INFO: ngram_search_fwdflat.c(960): fwdflat 0.00 CPU 0.000 xRT
INFO: ngram_search_fwdflat.c(963): fwdflat 0.00 wall 0.000 xRT
INFO: ngram_search.c(1250): lattice start node <s>.0 end node </s>.58
INFO: ngram_search.c(1276): Eliminated 0 nodes before end node
INFO: ngram_search.c(1381): Lattice has 10 nodes, 11 links
INFO: ps_lattice.c(1380): Bestpath score: -522
INFO: ps_lattice.c(1384): Normalizer P(O) = alpha(</s>:58:128) = -40082
INFO: ps_lattice.c(1441): Joint P(O,S) = -51643 P(S|O) = -11561
INFO: ngram_search.c(872): bestpath 0.00 CPU 0.000 xRT
INFO: ngram_search.c(875): bestpath 0.00 wall 0.000 xRT
INFO: batch.c(761): speaker_2/ae10: 1.29 seconds speech, 0.00 seconds CPU, 0.00 seconds wall
INFO: batch.c(763): speaker_2/ae10: 0.00 xRT (CPU), 0.00 xRT (elapsed)
 (speaker_2/ae10 -800)
speaker_2/ae10 done --------------------------------------
INFO: batch.c(729): Decoding 'speaker_1/ak09'
INFO: cmn.c(133): CMN: 30.07 11.38 -9.70 -11.02 -26.56 -5.02  7.10  0.75 -4.56  5.71  7.42  0.62 -9.96 
INFO: ngram_search_fwdtree.c(1550):      129 words recognized (2/fr)
INFO: ngram_search_fwdtree.c(1552):      198 senones evaluated (3/fr)
INFO: ngram_search_fwdtree.c(1556):      192 channels searched (2/fr), 0 1st, 192 last
INFO: ngram_search_fwdtree.c(1559):      192 words for which last channels evaluated (2/fr)
INFO: ngram_search_fwdtree.c(1561):        0 candidate words for entering last phone (0/fr)
INFO: ngram_search_fwdtree.c(1564): fwdtree 0.00 CPU 0.000 xRT
INFO: ngram_search_fwdtree.c(1567): fwdtree 0.00 wall 0.001 xRT
INFO: ngram_search_fwdflat.c(302): Utterance vocabulary contains 2 words
INFO: ngram_search_fwdflat.c(948):      135 words recognized (2/fr)
INFO: ngram_search_fwdflat.c(950):      198 senones evaluated (3/fr)
INFO: ngram_search_fwdflat.c(952):      192 channels searched (2/fr)
INFO: ngram_search_fwdflat.c(954):      192 words searched (2/fr)
INFO: ngram_search_fwdflat.c(957):       76 word transitions (1/fr)
INFO: ngram_search_fwdflat.c(960): fwdflat 0.00 CPU 0.000 xRT
INFO: ngram_search_fwdflat.c(963): fwdflat 0.00 wall 0.000 xRT
INFO: ngram_search.c(1250): lattice start node <s>.0 end node </s>.13
INFO: ngram_search.c(1276): Eliminated 0 nodes before end node
INFO: ngram_search.c(1381): Lattice has 8 nodes, 5 links
INFO: ps_lattice.c(1380): Bestpath score: -509
INFO: ps_lattice.c(1384): Normalizer P(O) = alpha(</s>:13:65) = -39217
INFO: ps_lattice.c(1441): Joint P(O,S) = -42017 P(S|O) = -2800
INFO: ngram_search.c(872): bestpath 0.00 CPU 0.000 xRT
INFO: ngram_search.c(875): bestpath 0.00 wall 0.000 xRT
INFO: batch.c(761): speaker_1/ak09: 0.66 seconds speech, 0.00 seconds CPU, 0.00 seconds wall
INFO: batch.c(763): speaker_1/ak09: 0.00 xRT (CPU), 0.00 xRT (elapsed)
 (speaker_1/ak09 -612)
speaker_1/ak09 done --------------------------------------
INFO: batch.c(729): Decoding 'speaker_2/ak10'
INFO: cmn.c(133): CMN: 28.82  8.52 -4.21 -8.03 -22.50  4.91  6.75  0.38 -3.42  2.46  6.09 -8.46 -5.48 
INFO: ngram_search_fwdtree.c(1550):      242 words recognized (2/fr)
INFO: ngram_search_fwdtree.c(1552):      366 senones evaluated (3/fr)
INFO: ngram_search_fwdtree.c(1556):      288 channels searched (2/fr), 0 1st, 288 last
INFO: ngram_search_fwdtree.c(1559):      288 words for which last channels evaluated (2/fr)
INFO: ngram_search_fwdtree.c(1561):        0 candidate words for entering last phone (0/fr)
INFO: ngram_search_fwdtree.c(1564): fwdtree 0.00 CPU 0.000 xRT
INFO: ngram_search_fwdtree.c(1567): fwdtree 0.00 wall 0.001 xRT
INFO: ngram_search_fwdflat.c(302): Utterance vocabulary contains 2 words
INFO: ngram_search_fwdflat.c(948):      297 words recognized (2/fr)
INFO: ngram_search_fwdflat.c(950):      366 senones evaluated (3/fr)
INFO: ngram_search_fwdflat.c(952):      360 channels searched (2/fr)
INFO: ngram_search_fwdflat.c(954):      360 words searched (2/fr)
INFO: ngram_search_fwdflat.c(957):       76 word transitions (0/fr)
INFO: ngram_search_fwdflat.c(960): fwdflat 0.00 CPU 0.000 xRT
INFO: ngram_search_fwdflat.c(963): fwdflat 0.00 wall 0.000 xRT
INFO: ngram_search.c(1250): lattice start node <s>.0 end node </s>.46
INFO: ngram_search.c(1276): Eliminated 0 nodes before end node
INFO: ngram_search.c(1381): Lattice has 9 nodes, 7 links
INFO: ps_lattice.c(1380): Bestpath score: -518
INFO: ps_lattice.c(1384): Normalizer P(O) = alpha(</s>:46:121) = -39384
INFO: ps_lattice.c(1441): Joint P(O,S) = -43861 P(S|O) = -4477
INFO: ngram_search.c(872): bestpath 0.00 CPU 0.000 xRT
INFO: ngram_search.c(875): bestpath 0.00 wall 0.000 xRT
INFO: batch.c(761): speaker_2/ak10: 1.22 seconds speech, 0.00 seconds CPU, 0.00 seconds wall
INFO: batch.c(763): speaker_2/ak10: 0.00 xRT (CPU), 0.00 xRT (elapsed)
 (speaker_2/ak10 -648)
speaker_2/ak10 done --------------------------------------
INFO: batch.c(729): Decoding 'speaker_1/ba09'
INFO: cmn.c(133): CMN: 32.24 16.94 -8.37 -5.82 -26.93 -11.57 13.37 -3.60 -6.49  8.25 10.27  0.32 -3.34 
INFO: ngram_search_fwdtree.c(1550):      136 words recognized (2/fr)
INFO: ngram_search_fwdtree.c(1552):      213 senones evaluated (3/fr)
INFO: ngram_search_fwdtree.c(1556):      207 channels searched (2/fr), 0 1st, 207 last
INFO: ngram_search_fwdtree.c(1559):      207 words for which last channels evaluated (2/fr)
INFO: ngram_search_fwdtree.c(1561):        0 candidate words for entering last phone (0/fr)
INFO: ngram_search_fwdtree.c(1564): fwdtree 0.00 CPU 0.006 xRT
INFO: ngram_search_fwdtree.c(1567): fwdtree 0.00 wall 0.001 xRT
INFO: ngram_search_fwdflat.c(302): Utterance vocabulary contains 2 words
INFO: ngram_search_fwdflat.c(948):      168 words recognized (2/fr)
INFO: ngram_search_fwdflat.c(950):      213 senones evaluated (3/fr)
INFO: ngram_search_fwdflat.c(952):      207 channels searched (2/fr)
INFO: ngram_search_fwdflat.c(954):      207 words searched (2/fr)
INFO: ngram_search_fwdflat.c(957):       75 word transitions (1/fr)
INFO: ngram_search_fwdflat.c(960): fwdflat 0.00 CPU 0.000 xRT
INFO: ngram_search_fwdflat.c(963): fwdflat 0.00 wall 0.000 xRT
INFO: ngram_search.c(1250): lattice start node <s>.0 end node </s>.23
INFO: ngram_search.c(1276): Eliminated 0 nodes before end node
INFO: ngram_search.c(1381): Lattice has 7 nodes, 7 links
INFO: ps_lattice.c(1380): Bestpath score: -429
INFO: ps_lattice.c(1384): Normalizer P(O) = alpha(</s>:23:70) = -36439
INFO: ps_lattice.c(1441): Joint P(O,S) = -40686 P(S|O) = -4247
INFO: ngram_search.c(872): bestpath 0.00 CPU 0.000 xRT
INFO: ngram_search.c(875): bestpath 0.00 wall 0.000 xRT
INFO: batch.c(761): speaker_1/ba09: 0.71 seconds speech, 0.00 seconds CPU, 0.00 seconds wall
INFO: batch.c(763): speaker_1/ba09: 0.01 xRT (CPU), 0.00 xRT (elapsed)
 (speaker_1/ba09 -586)
speaker_1/ba09 done --------------------------------------
INFO: batch.c(729): Decoding 'speaker_2/ba10'
INFO: cmn.c(133): CMN: 29.87  9.71 -3.27 -7.67 -22.30  4.43  8.23  4.42 -0.24 -1.49 -3.46 -14.73 -2.71 
INFO: ngram_search_fwdtree.c(1550):      263 words recognized (2/fr)
INFO: ngram_search_fwdtree.c(1552):      393 senones evaluated (3/fr)
INFO: ngram_search_fwdtree.c(1556):      317 channels searched (2/fr), 0 1st, 317 last
INFO: ngram_search_fwdtree.c(1559):      317 words for which last channels evaluated (2/fr)
INFO: ngram_search_fwdtree.c(1561):        0 candidate words for entering last phone (0/fr)
INFO: ngram_search_fwdtree.c(1564): fwdtree 0.00 CPU 0.000 xRT
INFO: ngram_search_fwdtree.c(1567): fwdtree 0.00 wall 0.001 xRT
INFO: ngram_search_fwdflat.c(302): Utterance vocabulary contains 2 words
INFO: ngram_search_fwdflat.c(948):      311 words recognized (2/fr)
INFO: ngram_search_fwdflat.c(950):      393 senones evaluated (3/fr)
INFO: ngram_search_fwdflat.c(952):      387 channels searched (2/fr)
INFO: ngram_search_fwdflat.c(954):      387 words searched (2/fr)
INFO: ngram_search_fwdflat.c(957):       76 word transitions (0/fr)
INFO: ngram_search_fwdflat.c(960): fwdflat 0.00 CPU 0.000 xRT
INFO: ngram_search_fwdflat.c(963): fwdflat 0.00 wall 0.000 xRT
INFO: ngram_search.c(1250): lattice start node <s>.0 end node </s>.57
INFO: ngram_search.c(1276): Eliminated 0 nodes before end node
INFO: ngram_search.c(1381): Lattice has 7 nodes, 5 links
INFO: ps_lattice.c(1380): Bestpath score: -512
INFO: ps_lattice.c(1384): Normalizer P(O) = alpha(</s>:57:130) = -43755
INFO: ps_lattice.c(1441): Joint P(O,S) = -48162 P(S|O) = -4407
INFO: ngram_search.c(872): bestpath 0.00 CPU 0.000 xRT
INFO: ngram_search.c(875): bestpath 0.00 wall 0.000 xRT
INFO: batch.c(761): speaker_2/ba10: 1.31 seconds speech, 0.00 seconds CPU, 0.00 seconds wall
INFO: batch.c(763): speaker_2/ba10: 0.00 xRT (CPU), 0.00 xRT (elapsed)
 (speaker_2/ba10 -732)
speaker_2/ba10 done --------------------------------------
INFO: batch.c(729): Decoding 'speaker_1/ma09'
INFO: cmn.c(133): CMN: 32.34 15.59 -4.93 -0.72 -22.66  0.12 12.93 -8.53  1.53 11.52 10.57  0.13 -5.79 
INFO: ngram_search_fwdtree.c(1550):      136 words recognized (2/fr)
INFO: ngram_search_fwdtree.c(1552):      207 senones evaluated (3/fr)
INFO: ngram_search_fwdtree.c(1556):      201 channels searched (2/fr), 0 1st, 201 last
INFO: ngram_search_fwdtree.c(1559):      201 words for which last channels evaluated (2/fr)
INFO: ngram_search_fwdtree.c(1561):        0 candidate words for entering last phone (0/fr)
INFO: ngram_search_fwdtree.c(1564): fwdtree 0.00 CPU 0.000 xRT
INFO: ngram_search_fwdtree.c(1567): fwdtree 0.00 wall 0.001 xRT
INFO: ngram_search_fwdflat.c(302): Utterance vocabulary contains 2 words
INFO: ngram_search_fwdflat.c(948):      168 words recognized (2/fr)
INFO: ngram_search_fwdflat.c(950):      207 senones evaluated (3/fr)
INFO: ngram_search_fwdflat.c(952):      201 channels searched (2/fr)
INFO: ngram_search_fwdflat.c(954):      201 words searched (2/fr)
INFO: ngram_search_fwdflat.c(957):       71 word transitions (1/fr)
INFO: ngram_search_fwdflat.c(960): fwdflat 0.00 CPU 0.000 xRT
INFO: ngram_search_fwdflat.c(963): fwdflat 0.00 wall 0.000 xRT
INFO: ngram_search.c(1250): lattice start node <s>.0 end node </s>.19
INFO: ngram_search.c(1276): Eliminated 0 nodes before end node
INFO: ngram_search.c(1381): Lattice has 5 nodes, 3 links
INFO: ps_lattice.c(1380): Bestpath score: -418
INFO: ps_lattice.c(1384): Normalizer P(O) = alpha(</s>:19:68) = -34047
INFO: ps_lattice.c(1441): Joint P(O,S) = -37973 P(S|O) = -3926
INFO: ngram_search.c(872): bestpath 0.00 CPU 0.000 xRT
INFO: ngram_search.c(875): bestpath 0.00 wall 0.000 xRT
INFO: batch.c(761): speaker_1/ma09: 0.69 seconds speech, 0.00 seconds CPU, 0.00 seconds wall
INFO: batch.c(763): speaker_1/ma09: 0.00 xRT (CPU), 0.00 xRT (elapsed)
 (speaker_1/ma09 -533)
speaker_1/ma09 done --------------------------------------
INFO: batch.c(729): Decoding 'speaker_2/ma10'
INFO: cmn.c(133): CMN: 28.37 10.61 -1.91 -6.84 -24.36  7.75  6.05 -0.69 -1.72  1.91 -1.90 -4.94 -4.17 
INFO: ngram_search_fwdtree.c(1550):      242 words recognized (2/fr)
INFO: ngram_search_fwdtree.c(1552):      363 senones evaluated (3/fr)
INFO: ngram_search_fwdtree.c(1556):      289 channels searched (2/fr), 0 1st, 289 last
INFO: ngram_search_fwdtree.c(1559):      289 words for which last channels evaluated (2/fr)
INFO: ngram_search_fwdtree.c(1561):        0 candidate words for entering last phone (0/fr)
INFO: ngram_search_fwdtree.c(1564): fwdtree 0.00 CPU 0.000 xRT
INFO: ngram_search_fwdtree.c(1567): fwdtree 0.00 wall 0.001 xRT
INFO: ngram_search_fwdflat.c(302): Utterance vocabulary contains 2 words
INFO: ngram_search_fwdflat.c(948):      292 words recognized (2/fr)
INFO: ngram_search_fwdflat.c(950):      363 senones evaluated (3/fr)
INFO: ngram_search_fwdflat.c(952):      357 channels searched (2/fr)
INFO: ngram_search_fwdflat.c(954):      357 words searched (2/fr)
INFO: ngram_search_fwdflat.c(957):       76 word transitions (0/fr)
INFO: ngram_search_fwdflat.c(960): fwdflat 0.00 CPU 0.003 xRT
INFO: ngram_search_fwdflat.c(963): fwdflat 0.00 wall 0.000 xRT
INFO: ngram_search.c(1250): lattice start node <s>.0 end node </s>.46
INFO: ngram_search.c(1276): Eliminated 0 nodes before end node
INFO: ngram_search.c(1381): Lattice has 11 nodes, 9 links
INFO: ps_lattice.c(1380): Bestpath score: -513
INFO: ps_lattice.c(1384): Normalizer P(O) = alpha(</s>:46:120) = -42855
INFO: ps_lattice.c(1441): Joint P(O,S) = -47137 P(S|O) = -4282
INFO: ngram_search.c(872): bestpath 0.00 CPU 0.000 xRT
INFO: ngram_search.c(875): bestpath 0.00 wall 0.000 xRT
INFO: batch.c(761): speaker_2/ma10: 1.21 seconds speech, 0.00 seconds CPU, 0.00 seconds wall
INFO: batch.c(763): speaker_2/ma10: 0.00 xRT (CPU), 0.00 xRT (elapsed)
 (speaker_2/ma10 -712)
speaker_2/ma10 done --------------------------------------
INFO: batch.c(729): Decoding 'speaker_1/sonamu09'
INFO: cmn.c(133): CMN: 28.76 16.62 10.80 -1.92 -20.71 -1.46  6.75 -1.07  1.75 -2.66  0.28 -0.27 -3.38 
INFO: ngram_search_fwdtree.c(1550):      191 words recognized (2/fr)
INFO: ngram_search_fwdtree.c(1552):      255 senones evaluated (3/fr)
INFO: ngram_search_fwdtree.c(1556):      249 channels searched (2/fr), 0 1st, 249 last
INFO: ngram_search_fwdtree.c(1559):      249 words for which last channels evaluated (2/fr)
INFO: ngram_search_fwdtree.c(1561):        0 candidate words for entering last phone (0/fr)
INFO: ngram_search_fwdtree.c(1564): fwdtree 0.00 CPU 0.000 xRT
INFO: ngram_search_fwdtree.c(1567): fwdtree 0.00 wall 0.001 xRT
INFO: ngram_search_fwdflat.c(302): Utterance vocabulary contains 2 words
INFO: ngram_search_fwdflat.c(948):      193 words recognized (2/fr)
INFO: ngram_search_fwdflat.c(950):      255 senones evaluated (3/fr)
INFO: ngram_search_fwdflat.c(952):      249 channels searched (2/fr)
INFO: ngram_search_fwdflat.c(954):      249 words searched (2/fr)
INFO: ngram_search_fwdflat.c(957):       63 word transitions (0/fr)
INFO: ngram_search_fwdflat.c(960): fwdflat 0.00 CPU 0.000 xRT
INFO: ngram_search_fwdflat.c(963): fwdflat 0.00 wall 0.000 xRT
INFO: ngram_search.c(1250): lattice start node <s>.0 end node </s>.11
INFO: ngram_search.c(1276): Eliminated 0 nodes before end node
INFO: ngram_search.c(1381): Lattice has 6 nodes, 3 links
INFO: ps_lattice.c(1380): Bestpath score: -356
INFO: ps_lattice.c(1384): Normalizer P(O) = alpha(</s>:11:84) = -33601
INFO: ps_lattice.c(1441): Joint P(O,S) = -37871 P(S|O) = -4270
INFO: ngram_search.c(872): bestpath 0.00 CPU 0.000 xRT
INFO: ngram_search.c(875): bestpath 0.00 wall 0.000 xRT
INFO: batch.c(761): speaker_1/sonamu09: 0.85 seconds speech, 0.00 seconds CPU, 0.00 seconds wall
INFO: batch.c(763): speaker_1/sonamu09: 0.00 xRT (CPU), 0.00 xRT (elapsed)
 (speaker_1/sonamu09 -531)
speaker_1/sonamu09 done --------------------------------------
INFO: batch.c(729): Decoding 'speaker_2/sonamu10'
INFO: cmn.c(133): CMN: 32.66 11.66  1.29 -6.21 -19.33  5.49  3.19 -8.35  5.51  5.98  5.39 -7.54 -13.60 
INFO: ngram_search_fwdtree.c(1550):      303 words recognized (2/fr)
INFO: ngram_search_fwdtree.c(1552):      477 senones evaluated (3/fr)
INFO: ngram_search_fwdtree.c(1556):      373 channels searched (2/fr), 0 1st, 373 last
INFO: ngram_search_fwdtree.c(1559):      373 words for which last channels evaluated (2/fr)
INFO: ngram_search_fwdtree.c(1561):        0 candidate words for entering last phone (0/fr)
INFO: ngram_search_fwdtree.c(1564): fwdtree 0.00 CPU 0.000 xRT
INFO: ngram_search_fwdtree.c(1567): fwdtree 0.00 wall 0.001 xRT
INFO: ngram_search_fwdflat.c(302): Utterance vocabulary contains 2 words
INFO: ngram_search_fwdflat.c(948):      372 words recognized (2/fr)
INFO: ngram_search_fwdflat.c(950):      477 senones evaluated (3/fr)
INFO: ngram_search_fwdflat.c(952):      471 channels searched (2/fr)
INFO: ngram_search_fwdflat.c(954):      471 words searched (2/fr)
INFO: ngram_search_fwdflat.c(957):       76 word transitions (0/fr)
INFO: ngram_search_fwdflat.c(960): fwdflat 0.00 CPU 0.000 xRT
INFO: ngram_search_fwdflat.c(963): fwdflat 0.00 wall 0.000 xRT
INFO: ngram_search.c(1250): lattice start node <s>.0 end node </s>.55
INFO: ngram_search.c(1276): Eliminated 0 nodes before end node
INFO: ngram_search.c(1381): Lattice has 12 nodes, 9 links
INFO: ps_lattice.c(1380): Bestpath score: -787
INFO: ps_lattice.c(1384): Normalizer P(O) = alpha(</s>:55:158) = -55504
INFO: ps_lattice.c(1441): Joint P(O,S) = -64085 P(S|O) = -8581
INFO: ngram_search.c(872): bestpath 0.00 CPU 0.000 xRT
INFO: ngram_search.c(875): bestpath 0.00 wall 0.000 xRT
INFO: batch.c(761): speaker_2/sonamu10: 1.59 seconds speech, 0.00 seconds CPU, 0.00 seconds wall
INFO: batch.c(763): speaker_2/sonamu10: 0.00 xRT (CPU), 0.00 xRT (elapsed)
 (speaker_2/sonamu10 -1043)
speaker_2/sonamu10 done --------------------------------------
INFO: batch.c(729): Decoding 'speaker_1/sonamun09'
INFO: cmn.c(133): CMN: 28.28 14.80 10.95 -1.17 -17.30 -0.37  6.81 -0.03 -3.86 -1.44 -2.34 -3.58  0.83 
INFO: ngram_search_fwdtree.c(1550):      213 words recognized (2/fr)
INFO: ngram_search_fwdtree.c(1552):      306 senones evaluated (3/fr)
INFO: ngram_search_fwdtree.c(1556):      300 channels searched (2/fr), 0 1st, 300 last
INFO: ngram_search_fwdtree.c(1559):      300 words for which last channels evaluated (2/fr)
INFO: ngram_search_fwdtree.c(1561):        0 candidate words for entering last phone (0/fr)
INFO: ngram_search_fwdtree.c(1564): fwdtree 0.00 CPU 0.000 xRT
INFO: ngram_search_fwdtree.c(1567): fwdtree 0.00 wall 0.001 xRT
INFO: ngram_search_fwdflat.c(302): Utterance vocabulary contains 2 words
INFO: ngram_search_fwdflat.c(948):      225 words recognized (2/fr)
INFO: ngram_search_fwdflat.c(950):      306 senones evaluated (3/fr)
INFO: ngram_search_fwdflat.c(952):      300 channels searched (2/fr)
INFO: ngram_search_fwdflat.c(954):      300 words searched (2/fr)
INFO: ngram_search_fwdflat.c(957):       76 word transitions (0/fr)
INFO: ngram_search_fwdflat.c(960): fwdflat 0.00 CPU 0.000 xRT
INFO: ngram_search_fwdflat.c(963): fwdflat 0.00 wall 0.000 xRT
INFO: ngram_search.c(1250): lattice start node <s>.0 end node </s>.29
INFO: ngram_search.c(1276): Eliminated 0 nodes before end node
INFO: ngram_search.c(1381): Lattice has 6 nodes, 3 links
INFO: ps_lattice.c(1380): Bestpath score: -582
INFO: ps_lattice.c(1384): Normalizer P(O) = alpha(</s>:29:101) = -44381
INFO: ps_lattice.c(1441): Joint P(O,S) = -49133 P(S|O) = -4752
INFO: ngram_search.c(872): bestpath 0.00 CPU 0.000 xRT
INFO: ngram_search.c(875): bestpath 0.00 wall 0.000 xRT
INFO: batch.c(761): speaker_1/sonamun09: 1.02 seconds speech, 0.00 seconds CPU, 0.00 seconds wall
INFO: batch.c(763): speaker_1/sonamun09: 0.00 xRT (CPU), 0.00 xRT (elapsed)
 (speaker_1/sonamun09 -751)
speaker_1/sonamun09 done --------------------------------------
INFO: batch.c(729): Decoding 'speaker_2/sonamun10'
INFO: cmn.c(133): CMN: 33.63 11.10  4.19  1.72 -17.76  7.81  2.59 -12.18  3.96  8.36  3.32 -8.37 -11.94 
INFO: ngram_search_fwdtree.c(1550):      294 words recognized (2/fr)
INFO: ngram_search_fwdtree.c(1552):      477 senones evaluated (3/fr)
INFO: ngram_search_fwdtree.c(1556):      471 channels searched (2/fr), 0 1st, 471 last
INFO: ngram_search_fwdtree.c(1559):      471 words for which last channels evaluated (2/fr)
INFO: ngram_search_fwdtree.c(1561):        0 candidate words for entering last phone (0/fr)
INFO: ngram_search_fwdtree.c(1564): fwdtree 0.00 CPU 0.000 xRT
INFO: ngram_search_fwdtree.c(1567): fwdtree 0.00 wall 0.001 xRT
INFO: ngram_search_fwdflat.c(302): Utterance vocabulary contains 2 words
INFO: ngram_search_fwdflat.c(948):      359 words recognized (2/fr)
INFO: ngram_search_fwdflat.c(950):      477 senones evaluated (3/fr)
INFO: ngram_search_fwdflat.c(952):      471 channels searched (2/fr)
INFO: ngram_search_fwdflat.c(954):      471 words searched (2/fr)
INFO: ngram_search_fwdflat.c(957):       76 word transitions (0/fr)
INFO: ngram_search_fwdflat.c(960): fwdflat 0.00 CPU 0.000 xRT
INFO: ngram_search_fwdflat.c(963): fwdflat 0.00 wall 0.000 xRT
INFO: ngram_search.c(1250): lattice start node <s>.0 end node </s>.54
INFO: ngram_search.c(1276): Eliminated 0 nodes before end node
INFO: ngram_search.c(1381): Lattice has 12 nodes, 11 links
INFO: ps_lattice.c(1380): Bestpath score: -596
INFO: ps_lattice.c(1384): Normalizer P(O) = alpha(</s>:54:158) = -41804
INFO: ps_lattice.c(1441): Joint P(O,S) = -51694 P(S|O) = -9890
INFO: ngram_search.c(872): bestpath 0.00 CPU 0.000 xRT
INFO: ngram_search.c(875): bestpath 0.00 wall 0.000 xRT
INFO: batch.c(761): speaker_2/sonamun10: 1.59 seconds speech, 0.00 seconds CPU, 0.00 seconds wall
INFO: batch.c(763): speaker_2/sonamun10: 0.00 xRT (CPU), 0.00 xRT (elapsed)
 (speaker_2/sonamun10 -801)
speaker_2/sonamun10 done --------------------------------------
INFO: batch.c(729): Decoding 'speaker_1/ya09'
INFO: cmn.c(133): CMN: 37.47  0.32 -7.01 -3.65 -18.04  7.92 -3.42 -3.76  0.57  4.10  6.92 -1.27 -4.81 
INFO: ngram_search_fwdtree.c(1550):      162 words recognized (2/fr)
INFO: ngram_search_fwdtree.c(1552):      273 senones evaluated (3/fr)
INFO: ngram_search_fwdtree.c(1556):      267 channels searched (2/fr), 0 1st, 267 last
INFO: ngram_search_fwdtree.c(1559):      267 words for which last channels evaluated (2/fr)
INFO: ngram_search_fwdtree.c(1561):        0 candidate words for entering last phone (0/fr)
INFO: ngram_search_fwdtree.c(1564): fwdtree 0.00 CPU 0.000 xRT
INFO: ngram_search_fwdtree.c(1567): fwdtree 0.00 wall 0.001 xRT
INFO: ngram_search_fwdflat.c(302): Utterance vocabulary contains 2 words
INFO: ngram_search_fwdflat.c(948):      196 words recognized (2/fr)
INFO: ngram_search_fwdflat.c(950):      273 senones evaluated (3/fr)
INFO: ngram_search_fwdflat.c(952):      267 channels searched (2/fr)
INFO: ngram_search_fwdflat.c(954):      267 words searched (2/fr)
INFO: ngram_search_fwdflat.c(957):       76 word transitions (0/fr)
INFO: ngram_search_fwdflat.c(960): fwdflat 0.00 CPU 0.000 xRT
INFO: ngram_search_fwdflat.c(963): fwdflat 0.00 wall 0.000 xRT
INFO: ngram_search.c(1250): lattice start node <s>.0 end node </s>.32
INFO: ngram_search.c(1276): Eliminated 0 nodes before end node
INFO: ngram_search.c(1381): Lattice has 8 nodes, 5 links
INFO: ps_lattice.c(1380): Bestpath score: -434
INFO: ps_lattice.c(1384): Normalizer P(O) = alpha(</s>:32:90) = -33836
INFO: ps_lattice.c(1441): Joint P(O,S) = -39457 P(S|O) = -5621
INFO: ngram_search.c(872): bestpath 0.00 CPU 0.000 xRT
INFO: ngram_search.c(875): bestpath 0.00 wall 0.000 xRT
INFO: batch.c(761): speaker_1/ya09: 0.91 seconds speech, 0.00 seconds CPU, 0.00 seconds wall
INFO: batch.c(763): speaker_1/ya09: 0.00 xRT (CPU), 0.00 xRT (elapsed)
 (speaker_1/ya09 -562)
speaker_1/ya09 done --------------------------------------
INFO: batch.c(729): Decoding 'speaker_2/ya10'
INFO: cmn.c(133): CMN: 29.67  7.24 -4.47 -6.58 -14.68  0.26  3.99 -0.96  6.50  2.12  4.31 -8.43 -7.98 
INFO: ngram_search_fwdtree.c(1550):      271 words recognized (2/fr)
INFO: ngram_search_fwdtree.c(1552):      402 senones evaluated (3/fr)
INFO: ngram_search_fwdtree.c(1556):      324 channels searched (2/fr), 0 1st, 324 last
INFO: ngram_search_fwdtree.c(1559):      324 words for which last channels evaluated (2/fr)
INFO: ngram_search_fwdtree.c(1561):        0 candidate words for entering last phone (0/fr)
INFO: ngram_search_fwdtree.c(1564): fwdtree 0.00 CPU 0.003 xRT
INFO: ngram_search_fwdtree.c(1567): fwdtree 0.00 wall 0.001 xRT
INFO: ngram_search_fwdflat.c(302): Utterance vocabulary contains 2 words
INFO: ngram_search_fwdflat.c(948):      322 words recognized (2/fr)
INFO: ngram_search_fwdflat.c(950):      402 senones evaluated (3/fr)
INFO: ngram_search_fwdflat.c(952):      396 channels searched (2/fr)
INFO: ngram_search_fwdflat.c(954):      396 words searched (2/fr)
INFO: ngram_search_fwdflat.c(957):       76 word transitions (0/fr)
INFO: ngram_search_fwdflat.c(960): fwdflat 0.00 CPU 0.000 xRT
INFO: ngram_search_fwdflat.c(963): fwdflat 0.00 wall 0.000 xRT
INFO: ngram_search.c(1250): lattice start node <s>.0 end node </s>.57
INFO: ngram_search.c(1276): Eliminated 0 nodes before end node
INFO: ngram_search.c(1381): Lattice has 10 nodes, 7 links
INFO: ps_lattice.c(1380): Bestpath score: -509
INFO: ps_lattice.c(1384): Normalizer P(O) = alpha(</s>:57:133) = -46620
INFO: ps_lattice.c(1441): Joint P(O,S) = -51643 P(S|O) = -5023
INFO: ngram_search.c(872): bestpath 0.00 CPU 0.000 xRT
INFO: ngram_search.c(875): bestpath 0.00 wall 0.000 xRT
INFO: batch.c(761): speaker_2/ya10: 1.34 seconds speech, 0.00 seconds CPU, 0.00 seconds wall
INFO: batch.c(763): speaker_2/ya10: 0.00 xRT (CPU), 0.00 xRT (elapsed)
 (speaker_2/ya10 -800)
speaker_2/ya10 done --------------------------------------
INFO: batch.c(729): Decoding 'speaker_1/yee09'
INFO: cmn.c(133): CMN: 31.91  7.49 10.56 43.66 -12.92 -11.40  4.34 -4.74  1.55 -3.22  5.58  6.57 -13.86 
INFO: ngram_search_fwdtree.c(1550):      163 words recognized (3/fr)
INFO: ngram_search_fwdtree.c(1552):      192 senones evaluated (3/fr)
INFO: ngram_search_fwdtree.c(1556):      186 channels searched (2/fr), 0 1st, 186 last
INFO: ngram_search_fwdtree.c(1559):      186 words for which last channels evaluated (2/fr)
INFO: ngram_search_fwdtree.c(1561):        0 candidate words for entering last phone (0/fr)
INFO: ngram_search_fwdtree.c(1564): fwdtree 0.00 CPU 0.000 xRT
INFO: ngram_search_fwdtree.c(1567): fwdtree 0.00 wall 0.001 xRT
INFO: ngram_search_fwdflat.c(302): Utterance vocabulary contains 2 words
INFO: ngram_search_fwdflat.c(948):      164 words recognized (3/fr)
INFO: ngram_search_fwdflat.c(950):      192 senones evaluated (3/fr)
INFO: ngram_search_fwdflat.c(952):      186 channels searched (2/fr)
INFO: ngram_search_fwdflat.c(954):      186 words searched (2/fr)
INFO: ngram_search_fwdflat.c(957):       57 word transitions (0/fr)
INFO: ngram_search_fwdflat.c(960): fwdflat 0.00 CPU 0.000 xRT
INFO: ngram_search_fwdflat.c(963): fwdflat 0.00 wall 0.000 xRT
INFO: ngram_search.c(1250): lattice start node <s>.0 end node </s>.5
INFO: ngram_search.c(1276): Eliminated 0 nodes before end node
INFO: ngram_search.c(1381): Lattice has 5 nodes, 1 links
INFO: ps_lattice.c(1380): Bestpath score: -394
INFO: ps_lattice.c(1384): Normalizer P(O) = alpha(</s>:5:63) = -37870
INFO: ps_lattice.c(1441): Joint P(O,S) = -37870 P(S|O) = 0
INFO: ngram_search.c(872): bestpath 0.00 CPU 0.000 xRT
INFO: ngram_search.c(875): bestpath 0.00 wall 0.000 xRT
INFO: batch.c(761): speaker_1/yee09: 0.64 seconds speech, 0.00 seconds CPU, 0.00 seconds wall
INFO: batch.c(763): speaker_1/yee09: 0.00 xRT (CPU), 0.00 xRT (elapsed)
 (speaker_1/yee09 -531)
speaker_1/yee09 done --------------------------------------
INFO: batch.c(729): Decoding 'speaker_2/yee10'
INFO: cmn.c(133): CMN: 25.10 -2.94 20.22 22.35 -6.67 -3.73  2.62 -4.48 -1.44  0.96  1.88 -12.05 -3.57 
INFO: ngram_search_fwdtree.c(1550):      266 words recognized (2/fr)
INFO: ngram_search_fwdtree.c(1552):      393 senones evaluated (3/fr)
INFO: ngram_search_fwdtree.c(1556):      317 channels searched (2/fr), 0 1st, 317 last
INFO: ngram_search_fwdtree.c(1559):      317 words for which last channels evaluated (2/fr)
INFO: ngram_search_fwdtree.c(1561):        0 candidate words for entering last phone (0/fr)
INFO: ngram_search_fwdtree.c(1564): fwdtree 0.00 CPU 0.000 xRT
INFO: ngram_search_fwdtree.c(1567): fwdtree 0.00 wall 0.001 xRT
INFO: ngram_search_fwdflat.c(302): Utterance vocabulary contains 2 words
INFO: ngram_search_fwdflat.c(948):      312 words recognized (2/fr)
INFO: ngram_search_fwdflat.c(950):      393 senones evaluated (3/fr)
INFO: ngram_search_fwdflat.c(952):      387 channels searched (2/fr)
INFO: ngram_search_fwdflat.c(954):      387 words searched (2/fr)
INFO: ngram_search_fwdflat.c(957):       76 word transitions (0/fr)
INFO: ngram_search_fwdflat.c(960): fwdflat 0.00 CPU 0.000 xRT
INFO: ngram_search_fwdflat.c(963): fwdflat 0.00 wall 0.000 xRT
INFO: ngram_search.c(1250): lattice start node <s>.0 end node </s>.57
INFO: ngram_search.c(1276): Eliminated 0 nodes before end node
INFO: ngram_search.c(1381): Lattice has 9 nodes, 7 links
INFO: ps_lattice.c(1380): Bestpath score: -372
INFO: ps_lattice.c(1384): Normalizer P(O) = alpha(</s>:57:130) = -40206
INFO: ps_lattice.c(1441): Joint P(O,S) = -46216 P(S|O) = -6010
INFO: ngram_search.c(872): bestpath 0.00 CPU 0.000 xRT
INFO: ngram_search.c(875): bestpath 0.00 wall 0.000 xRT
INFO: batch.c(761): speaker_2/yee10: 1.31 seconds speech, 0.00 seconds CPU, 0.00 seconds wall
INFO: batch.c(763): speaker_2/yee10: 0.00 xRT (CPU), 0.00 xRT (elapsed)
 (speaker_2/yee10 -694)
speaker_2/yee10 done --------------------------------------
INFO: batch.c(729): Decoding 'speaker_1/yo09'
INFO: cmn.c(133): CMN: 32.93  6.23  6.05  0.42 -8.32 -1.43 -0.01 -2.16  1.75 -8.18 -7.50 -3.22 -3.84 
INFO: ngram_search_fwdtree.c(1550):      139 words recognized (2/fr)
INFO: ngram_search_fwdtree.c(1552):      243 senones evaluated (3/fr)
INFO: ngram_search_fwdtree.c(1556):      237 channels searched (2/fr), 0 1st, 237 last
INFO: ngram_search_fwdtree.c(1559):      237 words for which last channels evaluated (2/fr)
INFO: ngram_search_fwdtree.c(1561):        0 candidate words for entering last phone (0/fr)
INFO: ngram_search_fwdtree.c(1564): fwdtree 0.00 CPU 0.000 xRT
INFO: ngram_search_fwdtree.c(1567): fwdtree 0.00 wall 0.001 xRT
INFO: ngram_search_fwdflat.c(302): Utterance vocabulary contains 2 words
INFO: ngram_search_fwdflat.c(948):      182 words recognized (2/fr)
INFO: ngram_search_fwdflat.c(950):      243 senones evaluated (3/fr)
INFO: ngram_search_fwdflat.c(952):      237 channels searched (2/fr)
INFO: ngram_search_fwdflat.c(954):      237 words searched (2/fr)
INFO: ngram_search_fwdflat.c(957):       71 word transitions (0/fr)
INFO: ngram_search_fwdflat.c(960): fwdflat 0.00 CPU 0.000 xRT
INFO: ngram_search_fwdflat.c(963): fwdflat 0.00 wall 0.000 xRT
INFO: ngram_search.c(1250): lattice start node <s>.0 end node </s>.19
INFO: ngram_search.c(1276): Eliminated 0 nodes before end node
INFO: ngram_search.c(1381): Lattice has 6 nodes, 3 links
INFO: ps_lattice.c(1380): Bestpath score: -329
INFO: ps_lattice.c(1384): Normalizer P(O) = alpha(</s>:19:80) = -30292
INFO: ps_lattice.c(1441): Joint P(O,S) = -34491 P(S|O) = -4199
INFO: ngram_search.c(872): bestpath 0.00 CPU 0.000 xRT
INFO: ngram_search.c(875): bestpath 0.00 wall 0.000 xRT
INFO: batch.c(761): speaker_1/yo09: 0.81 seconds speech, 0.00 seconds CPU, 0.00 seconds wall
INFO: batch.c(763): speaker_1/yo09: 0.00 xRT (CPU), 0.00 xRT (elapsed)
 (speaker_1/yo09 -465)
speaker_1/yo09 done --------------------------------------
INFO: batch.c(729): Decoding 'speaker_2/yo10'
INFO: cmn.c(133): CMN: 30.66 13.72 11.20  4.43 -23.79 -12.09 -9.58 -5.96  4.69 -2.42  4.81 -8.95 -0.54 
INFO: ngram_search_fwdtree.c(1550):      242 words recognized (2/fr)
INFO: ngram_search_fwdtree.c(1552):      360 senones evaluated (3/fr)
INFO: ngram_search_fwdtree.c(1556):      354 channels searched (2/fr), 0 1st, 354 last
INFO: ngram_search_fwdtree.c(1559):      354 words for which last channels evaluated (2/fr)
INFO: ngram_search_fwdtree.c(1561):        0 candidate words for entering last phone (0/fr)
INFO: ngram_search_fwdtree.c(1564): fwdtree 0.00 CPU 0.003 xRT
INFO: ngram_search_fwdtree.c(1567): fwdtree 0.00 wall 0.001 xRT
INFO: ngram_search_fwdflat.c(302): Utterance vocabulary contains 2 words
INFO: ngram_search_fwdflat.c(948):      286 words recognized (2/fr)
INFO: ngram_search_fwdflat.c(950):      360 senones evaluated (3/fr)
INFO: ngram_search_fwdflat.c(952):      354 channels searched (2/fr)
INFO: ngram_search_fwdflat.c(954):      354 words searched (2/fr)
INFO: ngram_search_fwdflat.c(957):       76 word transitions (0/fr)
INFO: ngram_search_fwdflat.c(960): fwdflat 0.00 CPU 0.000 xRT
INFO: ngram_search_fwdflat.c(963): fwdflat 0.00 wall 0.000 xRT
INFO: ngram_search.c(1250): lattice start node <s>.0 end node </s>.50
INFO: ngram_search.c(1276): Eliminated 0 nodes before end node
INFO: ngram_search.c(1381): Lattice has 9 nodes, 9 links
INFO: ps_lattice.c(1380): Bestpath score: -703
INFO: ps_lattice.c(1384): Normalizer P(O) = alpha(</s>:50:119) = -49120
INFO: ps_lattice.c(1441): Joint P(O,S) = -58555 P(S|O) = -9435
INFO: ngram_search.c(872): bestpath 0.00 CPU 0.000 xRT
INFO: ngram_search.c(875): bestpath 0.00 wall 0.000 xRT
INFO: batch.c(761): speaker_2/yo10: 1.20 seconds speech, 0.00 seconds CPU, 0.00 seconds wall
INFO: batch.c(763): speaker_2/yo10: 0.00 xRT (CPU), 0.00 xRT (elapsed)
 (speaker_2/yo10 -935)
speaker_2/yo10 done --------------------------------------
INFO: batch.c(778): TOTAL 20.98 seconds speech, 0.02 seconds CPU, 0.02 seconds wall
INFO: batch.c(780): AVERAGE 0.00 xRT (CPU), 0.00 xRT (elapsed)
INFO: ngram_search_fwdtree.c(429): TOTAL fwdtree 0.02 CPU 0.001 xRT
INFO: ngram_search_fwdtree.c(432): TOTAL fwdtree 0.02 wall 0.001 xRT
INFO: ngram_search_fwdflat.c(176): TOTAL fwdflat 0.00 CPU 0.000 xRT
INFO: ngram_search_fwdflat.c(179): TOTAL fwdflat 0.00 wall 0.000 xRT
INFO: ngram_search.c(303): TOTAL bestpath 0.00 CPU 0.000 xRT
INFO: ngram_search.c(306): TOTAL bestpath 0.00 wall 0.000 xRT
Wed Dec 20 23:51:31 2017
