        INFO: main.c(229): Compiled on Dec 18 2017 at 21:35:00
Current configuration:
[NAME]		[DEFLT]		[VALUE]
-2passvar	no		yes
-abeam		1e-100		1.000000e-90
-accumdir			/home/alex/repos/speech/recognizer/bwaccumdir/recognizer_buff_1
-agc		none		none
-agcthresh	2.0		2.000000e+00
-bbeam		1e-100		1.000000e-10
-cb2mllrfn	.1cls.		.1cls.
-cepdir				/home/alex/repos/speech/recognizer/feat
-cepext		mfc		mfc
-ceplen		13		13
-ckptintv			0
-cmn		live		batch
-cmninit	40,3,-1		40,3,-1
-ctlfn				/home/alex/repos/speech/recognizer/etc/recognizer_train.fileids
-diagfull	no		no
-dictfn				/home/alex/repos/speech/recognizer/etc/recognizer.dic
-example	no		no
-fdictfn			/home/alex/repos/speech/recognizer/etc/recognizer.filler
-feat		1s_c_d_dd	1s_c_d_dd
-fullvar	no		no
-help		no		no
-hmmdir				
-latdir				
-latext				
-lda				
-ldadim		0		0
-lsnfn				/home/alex/repos/speech/recognizer/etc/recognizer_train.transcription
-lw		11.5		1.150000e+01
-maxuttlen	0		0
-meanfn				/home/alex/repos/speech/recognizer/model_parameters/recognizer.falign_ci_cont/means
-meanreest	yes		yes
-mixwfn				/home/alex/repos/speech/recognizer/model_parameters/recognizer.falign_ci_cont/mixture_weights
-mixwreest	yes		yes
-mllrmat			
-mmie		no		no
-mmie_type	rand		rand
-moddeffn			/home/alex/repos/speech/recognizer/model_architecture/recognizer.falign_ci.mdef
-mwfloor	0.00001		1.000000e-08
-npart				1
-nskip				0
-outphsegdir			
-outputfullpath	no		yes
-part				1
-pdumpdir			
-phsegdir			
-phsegext	phseg		phseg
-runlen		-1		-1
-sentdir			
-sentext	sent		sent
-spthresh	0.0		0.000000e+00
-svspec				
-timing		yes		no
-tmatfn				/home/alex/repos/speech/recognizer/model_parameters/recognizer.falign_ci_cont/transition_matrices
-tmatreest	yes		yes
-topn		4		1
-tpfloor	0.0001		1.000000e-04
-ts2cbfn			.cont.
-varfloor	0.00001		1.000000e-04
-varfn				/home/alex/repos/speech/recognizer/model_parameters/recognizer.falign_ci_cont/variances
-varnorm	no		no
-varreest	yes		yes
-viterbi	no		no

INFO: feat.c(715): Initializing feature stream to type: '1s_c_d_dd', ceplen=13, CMN='batch', VARNORM='no', AGC='none'
INFO: main.c(318): Reading /home/alex/repos/speech/recognizer/model_architecture/recognizer.falign_ci.mdef
INFO: model_def_io.c(573): Model definition info:
INFO: model_def_io.c(574): 15 total models defined (15 base, 0 tri)
INFO: model_def_io.c(575): 60 total states
INFO: model_def_io.c(576): 45 total tied states
INFO: model_def_io.c(577): 45 total tied CI states
INFO: model_def_io.c(578): 15 total tied transition matrices
INFO: model_def_io.c(579): 4 max state/model
INFO: model_def_io.c(580): 4 min state/model
INFO: s3mixw_io.c(117): Read /home/alex/repos/speech/recognizer/model_parameters/recognizer.falign_ci_cont/mixture_weights [45x1x1 array]
INFO: s3tmat_io.c(118): Read /home/alex/repos/speech/recognizer/model_parameters/recognizer.falign_ci_cont/transition_matrices [15x3x4 array]
INFO: mod_inv.c(301): inserting tprob floor 1.000000e-04 and renormalizing
INFO: s3gau_io.c(169): Read /home/alex/repos/speech/recognizer/model_parameters/recognizer.falign_ci_cont/means [45x1x1 array]
INFO: s3gau_io.c(169): Read /home/alex/repos/speech/recognizer/model_parameters/recognizer.falign_ci_cont/variances [45x1x1 array]
INFO: gauden.c(176): 45 total mgau
INFO: gauden.c(150): 1 feature streams (|0|=39 )
INFO: gauden.c(187): 1 total densities
INFO: gauden.c(90): min_var=1.000000e-04
INFO: gauden.c(165): compute 1 densities/frame
INFO: main.c(431): Will reestimate mixing weights.
INFO: main.c(433): Will reestimate means.
INFO: main.c(435): Will reestimate variances.
INFO: main.c(443): Will reestimate transition matrices
INFO: main.c(456): Reading main dictionary: /home/alex/repos/speech/recognizer/etc/recognizer.dic
INFO: lexicon.c(221): 10 entries added from /home/alex/repos/speech/recognizer/etc/recognizer.dic
INFO: main.c(466): Reading filler dictionary: /home/alex/repos/speech/recognizer/etc/recognizer.filler
INFO: lexicon.c(221): 3 entries added from /home/alex/repos/speech/recognizer/etc/recognizer.filler
INFO: corpus.c(1062): Will process all remaining utts starting at 0
INFO: main.c(665): Reestimation: Baum-Welch
INFO: cmn.c(133): CMN: 25.13  3.81  3.06 -15.65 -17.88 -4.42 -3.43 -2.39  4.90  2.54  4.66 -0.17 -5.13 
column defns
	<seq>
	<id>
	<n_frame_in>
	<n_frame_del>
	<n_state_shmm>
	<avg_states_alpha>
	<avg_states_beta>
	<avg_states_reest>
	<avg_posterior_prune>
	<frame_log_lik>
	<utt_log_lik>
	... timing info ... 
utt>     0            speaker_1/ab00   86    0INFO: cvt2triphone.c(199): no multiphones defined, no conversion done
    16 7  1 2 2.120325e-12 -1.381447e+02 -1.188045e+04
INFO: cmn.c(133): CMN: 27.60 14.09 -4.48 -14.35 -28.00 -6.55  7.13  1.30  2.68  4.70  4.57 -1.44 -7.48 
utt>     1            speaker_1/ab01   73    0    16 6  1 2 2.116993e-12 -1.459514e+02 -1.065445e+04
INFO: cmn.c(133): CMN: 31.16 13.22 -8.96 -10.06 -30.24 -7.87 10.40 -1.06 -0.98  4.70  7.27  4.65 -7.44 
utt>     2            speaker_1/ab02   65    0    16 6  1 3 4.634122e-12 -1.418027e+02 -9.217176e+03
INFO: cmn.c(133): CMN: 31.37  4.93 -11.73 -4.66 -13.98  5.36 -2.87 -0.86 -4.47  1.31  3.84  3.84 -4.27 
utt>     3            speaker_1/ab03   87    0    16 6  1 2 2.690218e-12 -1.461714e+02 -1.271692e+04
INFO: cmn.c(133): CMN: 28.63 13.34 -4.91 -10.37 -27.38 -7.75  7.26 -2.21 -3.83 -1.25  6.52  2.53 -4.78 
utt>     4            speaker_1/ab04   65    0    16 6  1 3 4.805657e-13 -1.378999e+02 -8.963492e+03
INFO: cmn.c(133): CMN: 30.38 11.95 -8.56 -6.24 -32.31 -6.75  8.80 -1.95 -2.16  4.46 10.78  3.38 -7.09 
utt>     5            speaker_1/ab05   62    0    16 5  1 2 1.225327e-12 -1.514025e+02 -9.386954e+03
INFO: cmn.c(133): CMN: 25.11  7.71 -6.50 -8.79 -22.33 -4.92  5.94  1.60  2.45  6.49  4.81 -1.51 -7.24 
utt>     6            speaker_1/ab06  102    0    16 7  1 2 1.739988e-12 -1.370800e+02 -1.398216e+04
INFO: cmn.c(133): CMN: 25.32 10.74 -8.12 -7.34 -20.55 -5.15  4.29  0.40  0.27  2.55  4.50 -0.82 -4.27 
utt>     7            speaker_1/ab07   94    0    16 6  1 2 4.034058e-12 -1.362928e+02 -1.281152e+04
INFO: cmn.c(133): CMN: 27.03  8.86 -10.74 -7.48 -16.80 -3.86  5.46 -0.80 -6.11  3.10  3.66 -5.50 -5.65 
utt>     8            speaker_1/ab08   89    0    16 7  1 2 4.003104e-13 -1.425603e+02 -1.268787e+04
INFO: cmn.c(133): CMN: 21.36 13.07  3.25 -9.84 -18.90  2.66  5.87  6.56  3.19 -0.50 -2.01 -9.20 -2.40 
utt>     9            speaker_2/ab11  115    0    16 7  1 3 2.448854e-12 -1.409053e+02 -1.620411e+04
INFO: cmn.c(133): CMN: 26.39 13.76 -1.00 -13.05 -23.16  2.40  5.95  9.28  1.56  6.75  7.70 -5.18 -2.70 
utt>    10            speaker_2/ab12  110    0    16 7  1 3 2.771680e-12 -1.397283e+02 -1.537011e+04
INFO: cmn.c(133): CMN: 22.09 12.46  1.13 -8.99 -16.62  1.47  2.37  2.41  0.58  2.61  2.56 -8.62 -8.36 
utt>    11            speaker_2/ab13  127    0    16 8  1 2 2.124820e-12 -1.423351e+02 -1.807656e+04
INFO: cmn.c(133): CMN: 24.62  9.68 -1.43 -9.94 -22.32  2.40  3.22  5.71  3.43  5.49  4.60 -4.96 -4.77 
utt>    12            speaker_2/ab14  122    0    16 8  1 2 2.277904e-12 -1.393411e+02 -1.699961e+04
INFO: cmn.c(133): CMN: 38.18  6.36 -11.49 16.81 -11.66 -7.33 -13.79 -0.72  2.00  1.53  3.86 -0.60 -0.76 
utt>    13            speaker_1/ae00   85    0    12 5  1 2 1.674448e-12 -1.429346e+02 -1.214944e+04
INFO: cmn.c(133): CMN: 28.87  9.29 -6.45 16.16 -11.00 -20.80 -4.81 -6.64  5.43  2.84 -1.93  0.99 -1.94 
utt>    14            speaker_1/ae01   94    0    12 7  1 2 1.038899e-12 -1.393100e+02 -1.309514e+04
INFO: cmn.c(133): CMN: 29.95  9.72 -5.85 18.18 -8.68 -20.05 -14.46 -4.88  8.37 -2.55 -3.32 -4.03  2.10 
utt>    15            speaker_1/ae02   88    0    12 7  1 2 4.502329e-13 -1.416698e+02 -1.246694e+04
INFO: cmn.c(133): CMN: 29.13  8.67 -8.44 15.92 -8.52 -18.50 -9.09 -3.41  4.74 -1.05 -4.64 -3.73 -0.57 
utt>    16            speaker_1/ae03  107    0    12 7  1 2 8.703350e-13 -1.365413e+02 -1.460992e+04
INFO: cmn.c(133): CMN: 29.21  9.08 -5.92 16.78 -8.70 -20.25 -13.68 -2.15  7.02 -1.03 -1.95 -4.47  1.12 
utt>    17            speaker_1/ae04   86    0    12 7  1 2 1.370844e-13 -1.391825e+02 -1.196970e+04
INFO: cmn.c(133): CMN: 28.65  7.31 -6.33 18.25 -11.21 -18.14 -12.81 -3.75  8.27  3.07  0.16 -5.23  1.14 
utt>    18            speaker_1/ae05   83    0    12 7  1 2 7.737847e-13 -1.409708e+02 -1.170058e+04
INFO: cmn.c(133): CMN: 36.00 13.69 -7.53 30.07 -7.59 -27.00 -16.99 -2.81  7.19 -2.59 -1.20 -5.70 -0.15 
utt>    19            speaker_1/ae06   64    0    12 5  1 2 1.371025e-12 -1.417212e+02 -9.070154e+03
INFO: cmn.c(133): CMN: 35.68 13.75 -14.95 26.29 -7.50 -31.71 -15.11 -5.73  6.08  0.06 -0.72 -0.60  3.50 
utt>    20            speaker_1/ae07   64    0    12 7  1 2 1.495485e-12 -1.438011e+02 -9.203274e+03
INFO: cmn.c(133): CMN: 40.42 17.26 -14.15 29.08 -4.06 -31.48 -21.96 -1.84 10.47  0.17  0.58 -3.62  0.58 
utt>    21            speaker_1/ae08   54    0    12 6  1 2 2.273507e-12 -1.537580e+02 -8.302932e+03
INFO: cmn.c(133): CMN: 34.15  9.98 -0.34 11.65 -13.42 -19.01 -17.82 -4.45  9.49  3.68  8.47  3.37  6.09 
utt>    22            speaker_2/ae11  130    0    12 7  1 2 2.393626e-12 -1.395672e+02 -1.814373e+04
INFO: cmn.c(133): CMN: 34.83 10.34  0.70  7.67 -16.16 -21.14 -17.84  2.91 14.32  9.37 17.45  6.32  5.67 
utt>    23            speaker_2/ae12  129    0    12 7  1 2 1.797265e-12 -1.384375e+02 -1.785844e+04
INFO: cmn.c(133): CMN: 33.15  7.58 -2.47  7.10 -13.80 -19.48 -13.76  1.63 11.39  1.43  8.62 -1.92 -1.40 
utt>    24            speaker_2/ae13  131    0    12 7  1 2 8.088847e-13 -1.373368e+02 -1.799113e+04
INFO: cmn.c(133): CMN: 28.25  2.83 -0.76  8.98 -10.01 -12.79 -11.97  2.24  8.46  0.66  9.13 -1.99  0.78 
utt>    25            speaker_2/ae14  151    0    12 8  1 1 9.259037e-13 -1.381031e+02 -2.085357e+04
INFO: cmn.c(133): CMN: 33.14 13.70 -12.13 -11.04 -29.01 -4.24  7.11 -1.54 -3.37  3.00  9.89  3.94 -8.31 
utt>    26            speaker_1/ak00   63    0    16 6  1 3 2.252134e-13 -1.397358e+02 -8.803357e+03
INFO: cmn.c(133): CMN: 26.66  5.91  4.02 -22.65 -12.35 -0.60 -2.90 -0.35  3.34 -3.81 -1.65  2.47 -2.00 
utt>    27            speaker_1/ak01   88    0    16 5  1 2 1.299030e-12 -1.401496e+02 -1.233317e+04
INFO: cmn.c(133): CMN: 26.42  4.36 -9.48 -8.25 -14.69  4.19 -1.92 -1.55 -5.16 -2.66  5.00  1.11 -4.03 
utt>    28            speaker_1/ak02  112    0    16 7  1 2 2.944715e-12 -1.370815e+02 -1.535313e+04
INFO: cmn.c(133): CMN: 27.14 12.87 -10.00 -9.07 -17.99 -4.03  2.30 -2.01 -0.28 -1.17  3.11  0.36 -8.04 
utt>    29            speaker_1/ak03   77    0    16 6  1 3 2.650494e-12 -1.394128e+02 -1.073479e+04
INFO: cmn.c(133): CMN: 24.61  8.96 -8.68 -10.60 -15.52 -0.61  3.95 -1.64 -2.54  1.18  3.95 -1.95 -5.87 
utt>    30            speaker_1/ak04   88    0    16 6  1 2 2.491043e-12 -1.363547e+02 -1.199921e+04
INFO: cmn.c(133): CMN: 26.19  8.36 -11.06 -8.48 -15.85 -3.96  0.78 -1.93  0.71  4.87  2.76 -2.05 -7.64 
utt>    31            speaker_1/ak05   94    0    16 8  1 2 1.844652e-12 -1.417157e+02 -1.332128e+04
INFO: cmn.c(133): CMN: 34.33 11.96 -12.49 -8.59 -24.89 -7.42  5.05  0.47 -3.34  3.74  6.16  1.14 -9.71 
utt>    32            speaker_1/ak06   67    0    16 7  1 3 7.908566e-13 -1.397126e+02 -9.360741e+03
INFO: cmn.c(133): CMN: 27.95 10.19 -8.42 -10.53 -22.51 -7.48  5.64  1.22 -2.66  3.78  9.30  0.46 -6.15 
utt>    33            speaker_1/ak07   74    0    16 7  1 3 2.335439e-12 -1.404175e+02 -1.039089e+04
INFO: cmn.c(133): CMN: 32.57 14.31 -15.93 -11.76 -25.76 -9.16  8.13  0.75 -3.85  6.90 13.47 -4.24 -9.40 
utt>    34            speaker_1/ak08   62    0    16 6  1 3 1.167465e-12 -1.421915e+02 -8.815872e+03
INFO: cmn.c(133): CMN: 28.39  7.48 -2.83 -7.84 -21.55  1.79  4.19  1.61 -0.62 -0.66  7.76 -8.49 -5.97 
utt>    35            speaker_2/ak11  131    0    16 7  1 2 1.704604e-12 -1.393078e+02 -1.824932e+04
INFO: cmn.c(133): CMN: 24.44  7.19 -5.31 -7.37 -19.12 -2.97  3.19  1.21  1.96 -0.29  7.39 -4.35 -6.49 
utt>    36            speaker_2/ak12  147    0    16 7  1 2 2.181042e-12 -1.421060e+02 -2.088958e+04
INFO: cmn.c(133): CMN: 26.48  7.67 -5.78 -7.03 -17.35  6.49  3.42  3.79 -2.98  1.96  6.01 -6.33 -4.80 
utt>    37            speaker_2/ak13  142    0    16 7  1 2 7.545785e-13 -1.378347e+02 -1.957253e+04
INFO: cmn.c(133): CMN: 27.64  7.42 -3.50 -4.81 -22.86  1.59  4.00  3.15 -0.71 -0.83  6.41 -5.50 -7.76 
utt>    38            speaker_2/ak14  137    0    16 7  1 2 1.174421e-12 -1.377139e+02 -1.886681e+04
INFO: cmn.c(133): CMN: 29.09  3.23  3.59 -16.65 -18.86 -1.95  7.39  3.37  1.84  2.15  5.13 -5.17 -6.49 
utt>    39            speaker_1/ba00   94    0    16 7  1 3 1.366415e-12 -1.378312e+02 -1.295613e+04
INFO: cmn.c(133): CMN: 34.70  8.36 -12.09 -8.06 -20.86  3.54  6.92  0.40 -7.19  1.20  4.94 -0.28 -8.86 
utt>    40            speaker_1/ba01   89    0    16 8  1 3 1.555627e-12 -1.404822e+02 -1.250292e+04
INFO: cmn.c(133): CMN: 39.14  6.73 -10.72 -8.87 -19.34  0.67  7.14  4.22 -5.03 -2.19 10.90  1.43 -2.96 
utt>    41            speaker_1/ba02   92    0    16 8  1 3 2.264066e-13 -1.464135e+02 -1.347004e+04
INFO: cmn.c(133): CMN: 31.37 12.59 -6.25 -9.32 -27.60 -4.33 11.52  3.32 -4.48  2.30  2.71 -4.02 -7.39 
utt>    42            speaker_1/ba03   79    0    16 7  1 3 1.317769e-12 -1.415123e+02 -1.117947e+04
INFO: cmn.c(133): CMN: 33.45 14.95 -10.53 -6.32 -27.44 -8.18  7.62 -3.00 -3.86  4.93  5.08 -0.06 -8.23 
utt>    43            speaker_1/ba04   84    0    16 7  1 2 3.612376e-12 -1.405689e+02 -1.180779e+04
INFO: cmn.c(133): CMN: 33.54 20.08 -1.56 -6.29 -35.33 -6.30 14.82 -2.73 -7.81  3.47  7.07 -6.58 -3.28 
utt>    44            speaker_1/ba05   64    0    16 7  1 3 1.374113e-12 -1.412655e+02 -9.040992e+03
INFO: cmn.c(133): CMN: 30.85 15.28 -5.87 -14.15 -23.68 -1.45  6.18 -4.65 -3.68  8.36  7.33 -3.48 -6.45 
utt>    45            speaker_1/ba06   77    0    16 7  1 2 2.564309e-12 -1.401942e+02 -1.079495e+04
INFO: cmn.c(133): CMN: 33.76 18.53 -6.88 -12.27 -25.09 -12.50 12.03 -2.04 -6.35  3.99 11.40 -2.94 -8.29 
utt>    46            speaker_1/ba07   72    0    16 7  1 2 1.563037e-12 -1.425862e+02 -1.026621e+04
INFO: cmn.c(133): CMN: 34.24 18.70 -6.70 -10.62 -25.43 -8.43  9.54  3.88 -5.46  2.03 10.97  1.61 -6.19 
utt>    47            speaker_1/ba08   65    0    16 7  1 2 2.883805e-12 -1.422304e+02 -9.244976e+03
INFO: cmn.c(133): CMN: 33.94  8.19 -4.36 -12.66 -22.76  1.60 10.11  2.15  3.45  3.37  3.89 -9.87 -4.32 
utt>    48            speaker_2/ba11  137    0    16 9  1 2 1.245676e-12 -1.404795e+02 -1.924569e+04
INFO: cmn.c(133): CMN: 34.63  8.15 -5.27 -12.22 -24.47  0.18  6.47  1.52  2.79  2.48  4.76 -5.58 -3.78 
utt>    49            speaker_2/ba12  125    0    16 8  1 2 5.266653e-13 -1.399775e+02 -1.749719e+04
INFO: cmn.c(133): CMN: 32.84  6.03 -5.08 -8.07 -22.01  2.05  9.18  1.82 -0.53  2.15  1.72 -6.75 -5.72 
utt>    50            speaker_2/ba13  143    0    16 9  1 2 1.034316e-12 -1.390060e+02 -1.987786e+04
INFO: cmn.c(133): CMN: 34.18  3.81 -5.53 -12.24 -23.00  0.70  9.34  4.49  4.02  3.62  3.33 -9.29 -6.40 
utt>    51            speaker_2/ba14  141    0    16 9  1 2 1.121262e-12 -1.413437e+02 -1.992946e+04
INFO: cmn.c(133): CMN: 29.56  4.48  7.43 -11.54 -19.03 -1.47  5.32 -0.57  2.74  1.91  1.32 -5.54 -2.26 
utt>    52            speaker_1/ma00   94    0    16 6  1 2 9.717864e-13 -1.385899e+02 -1.302745e+04
INFO: cmn.c(133): CMN: 37.95 13.70 -8.11 -0.96 -22.08  3.11 18.79 -1.75 -8.58  6.75 -3.56  9.08 -6.46 
utt>    53            speaker_1/ma01   73    0    16 7  1 3 2.485371e-12 -1.450635e+02 -1.058964e+04
INFO: cmn.c(133): CMN: 32.57 17.27 -3.72 -3.29 -27.59 -6.35 15.33 -5.46 -2.55 14.84  5.43  2.35 -3.39 
utt>    54            speaker_1/ma02   74    0    16 7  1 2 2.369726e-13 -1.396784e+02 -1.033620e+04
INFO: cmn.c(133): CMN: 25.80 11.32 -1.29 -6.72 -16.86 -0.59  9.81 -2.00 -2.71 10.49  1.79 -3.29 -3.10 
utt>    55            speaker_1/ma03   98    0    16 8  1 3 1.305758e-12 -1.402701e+02 -1.374647e+04
INFO: cmn.c(133): CMN: 30.24 15.65 -2.59 -3.26 -22.62  0.81 13.95 -8.42 -1.71 12.02  6.86  0.39 -3.54 
utt>    56            speaker_1/ma04   84    0    16 7  1 2 1.468815e-12 -1.379448e+02 -1.158736e+04
INFO: cmn.c(133): CMN: 35.30 20.32 -1.72  1.25 -29.80  0.72 21.23 -10.54 -1.17 17.40  7.52  4.14 -1.36 
utt>    57            speaker_1/ma05   59    0    16 7  1 2 2.528539e-12 -1.431333e+02 -8.444866e+03
INFO: cmn.c(133): CMN: 31.97 17.71  0.19 -1.16 -26.71 -1.04 18.23 -10.91  0.46 16.10  9.69  2.38 -2.73 
utt>    58            speaker_1/ma06   66    0    16 7  1 2 2.078170e-12 -1.419460e+02 -9.368433e+03
INFO: cmn.c(133): CMN: 32.73 19.07 -0.36 -2.17 -24.18 -2.68 15.57 -8.86 -1.75 16.22  9.04  4.58 -1.93 
utt>    59            speaker_1/ma07   67    0    16 7  1 2 2.971416e-13 -1.405796e+02 -9.418834e+03
INFO: cmn.c(133): CMN: 33.46 20.00 -1.80  0.27 -24.66 -5.41 20.01 -12.02 -7.30 20.95  9.36  4.46  0.74 
utt>    60            speaker_1/ma08   74    0    16 7  1 2 6.575745e-13 -1.408827e+02 -1.042532e+04
INFO: cmn.c(133): CMN: 29.85 11.98 -4.10 -7.91 -19.70  6.06 -2.38 -1.61 -1.29  5.77  0.03 -3.10 -3.59 
utt>    61            speaker_2/ma11  136    0    16 8  1 2 2.768239e-12 -1.417624e+02 -1.927969e+04
INFO: cmn.c(133): CMN: 32.32  9.61 -3.40 -5.08 -28.09  9.98  7.48  5.31 -3.08 -1.36 -5.06 -9.56 -4.27 
utt>    62            speaker_2/ma12  121    0    16 7  1 2 1.521182e-12 -1.407709e+02 -1.703328e+04
INFO: cmn.c(133): CMN: 30.34  8.10 -2.25 -5.09 -26.61  8.33  5.76  2.69 -2.17 -1.20 -2.82 -7.23 -3.67 
utt>    63            speaker_2/ma13  136    0    16 7  1 2 1.729803e-12 -1.416987e+02 -1.927103e+04
INFO: cmn.c(133): CMN: 30.40  8.34 -1.10 -3.96 -24.48  7.35  5.09  3.46 -5.02 -3.05 -5.62 -8.18 -2.36 
utt>    64            speaker_2/ma14  133    0    16 7  1 2 1.539822e-12 -1.418329e+02 -1.886378e+04
INFO: cmn.c(133): CMN: 36.96 10.39 -5.11  2.01 -18.54  2.90  7.47  7.71 -2.16  2.58  1.27 -2.14 -2.72 
utt>    65        speaker_1/sonamu00   98    0    32 9  2 4 3.266744e-12 -1.432308e+02 -1.403662e+04
INFO: cmn.c(133): CMN: 34.91  8.47 -4.02  2.30 -15.20  1.08  3.54  6.63 -1.48 -3.16  1.95 -2.20 -1.21 
utt>    66        speaker_1/sonamu01  106    0    32 9  1 3 3.448800e-12 -1.443441e+02 -1.530048e+04
INFO: cmn.c(133): CMN: 34.72  7.85 -3.77  0.09 -17.86  3.57  5.19  2.28 -0.41 -0.45  2.45 -1.16  0.61 
utt>    67        speaker_1/sonamu02  106    0    32 8  1 3 1.997014e-12 -1.426683e+02 -1.512284e+04
INFO: cmn.c(133): CMN: 27.41 13.17  5.46  0.95 -19.84  0.77  6.94 -0.18  2.80  0.88 -7.98 -4.45  0.79 
utt>    68        speaker_1/sonamu03  115    0    32 9  1 3 2.238242e-12 -1.380667e+02 -1.587767e+04
INFO: cmn.c(133): CMN: 31.13 14.54  2.69  1.79 -20.43  0.87  8.59  2.24 -0.03  3.53 -7.67 -5.99  2.25 
utt>    69        speaker_1/sonamu04  108    0    32 9  1 3 1.504603e-12 -1.396568e+02 -1.508294e+04
INFO: cmn.c(133): CMN: 28.75 14.74  5.99 -3.75 -13.41  0.33  0.36  2.22  0.92  1.75 -1.65 -3.58  1.03 
utt>    70        speaker_1/sonamu05  115    0    32 9  2 3 3.935656e-12 -1.401383e+02 -1.611591e+04
INFO: cmn.c(133): CMN: 31.91 15.30  6.45  0.65 -27.30 -1.03 10.18 -1.13 -1.47 -0.32 -1.60 -1.29  0.53 
utt>    71        speaker_1/sonamu06  106    0    32 9  1 3 2.672797e-12 -1.394729e+02 -1.478413e+04
INFO: cmn.c(133): CMN: 32.10 16.70  3.86 -0.76 -24.56 -1.77  8.53 -2.83  4.37 -0.98 -2.09 -2.12  0.37 
utt>    72        speaker_1/sonamu07  101    0    32 10  2 4 2.845516e-12 -1.390480e+02 -1.404385e+04
INFO: cmn.c(133): CMN: 28.78 12.07  6.85  0.11 -23.18  0.66  5.65  1.61  2.33 -0.04 -3.12 -2.20 -2.51 
utt>    73        speaker_1/sonamu08  115    0    32 9  2 3 4.425264e-12 -1.375948e+02 -1.582341e+04
INFO: cmn.c(133): CMN: 34.79 10.69  2.34 -5.00 -23.48  6.76 -0.61 -3.03  5.13  6.23  8.65 -6.57 -10.59 
utt>    74        speaker_2/sonamu11  142    0    32 10  1 3 3.379420e-12 -1.414216e+02 -2.008187e+04
INFO: cmn.c(133): CMN: 32.53 11.20  2.29 -4.50 -21.85  6.20  0.81 -1.93  4.28  3.29  4.21 -7.38 -7.51 
utt>    75        speaker_2/sonamu12  159    0    32 10  1 3 1.703498e-12 -1.394202e+02 -2.216781e+04
INFO: cmn.c(133): CMN: 34.62  9.53 -1.12 -4.52 -22.20  7.11  0.92 -1.27  2.68  3.39  6.25 -6.09 -7.14 
utt>    76        speaker_2/sonamu13  153    0    32 10  1 3 2.562065e-12 -1.389174e+02 -2.125436e+04
INFO: cmn.c(133): CMN: 32.12  9.53  0.25 -5.77 -20.58  6.22  0.17 -9.64  6.49  9.79  5.82 -10.85 -13.72 
utt>    77        speaker_2/sonamu14  159    0    32 10  1 2 2.159708e-12 -1.394361e+02 -2.217034e+04
INFO: cmn.c(133): CMN: 30.85  9.29 19.74 -3.44 -13.49 -0.63  2.52  7.58  0.83  3.15  2.05 -8.33  1.98 
utt>    78       speaker_1/sonamun00  108    0    36 10  2 4 1.088125e-12 -1.412007e+02 -1.524967e+04
INFO: cmn.c(133): CMN: 41.13  8.31  4.30 -0.32 -12.27  9.69  6.80  2.89 -3.80 -1.67  2.54 -5.38  0.66 
utt>    79       speaker_1/sonamun01  102    0    36 10  2 4 4.495889e-12 -1.483568e+02 -1.513240e+04
INFO: cmn.c(133): CMN: 39.88  8.61 -3.50  4.21 -13.93  4.17 11.95  3.65 -4.31  2.29  0.66 -6.47 -2.84 
utt>    80       speaker_1/sonamun02  118    0    36 10  1 3 4.537857e-12 -1.439120e+02 -1.698162e+04
INFO: cmn.c(133): CMN: 38.82 11.49 -5.39  6.87 -14.70  2.16  9.89  4.43 -6.55  0.91  2.44 -4.51 -2.05 
utt>    81       speaker_1/sonamun03  116    0    36 10  1 3 3.187538e-12 -1.438459e+02 -1.668612e+04
INFO: cmn.c(133): CMN: 39.64 10.80 -1.22  3.39 -11.84  6.35  9.62 -1.07 -4.34  2.62  1.31 -4.79 -1.86 
utt>    82       speaker_1/sonamun04  124    0    36 9  1 3 5.006081e-12 -1.447145e+02 -1.794460e+04
INFO: cmn.c(133): CMN: 38.21  6.93  3.35  1.84 -9.07  2.10  9.18  3.96 -6.12 -0.43  2.09 -4.49 -3.41 
utt>    83       speaker_1/sonamun05  115    0    36 10  1 3 4.869729e-12 -1.443362e+02 -1.659866e+04
INFO: cmn.c(133): CMN: 36.30  6.98  2.02  2.00 -10.24  4.88  8.84  3.29 -1.59 -1.17  2.57 -3.99 -3.70 
utt>    84       speaker_1/sonamun06  114    0    36 10  2 3 6.220501e-12 -1.422864e+02 -1.622065e+04
INFO: cmn.c(133): CMN: 26.29 14.16  4.54 -1.29 -13.87 -0.76  4.20  0.74 -3.18  3.72 -4.67 -5.17  2.72 
utt>    85       speaker_1/sonamun07  141    0    36 11  1 3 3.166560e-12 -1.400859e+02 -1.975212e+04
INFO: cmn.c(133): CMN: 25.07 13.82  6.61  0.11 -9.98 -3.02  2.95  3.60 -3.01  3.64  1.41 -4.17 -0.02 
utt>    86       speaker_1/sonamun08  132    0    36 12  1 3 4.413224e-12 -1.414716e+02 -1.867426e+04
INFO: cmn.c(133): CMN: 32.24 13.55  3.08  2.70 -17.43  6.37  0.06 -8.67  7.94  8.89  3.40 -11.90 -9.14 
utt>    87       speaker_2/sonamun11  155    0    36 10  1 3 1.705795e-12 -1.410275e+02 -2.185927e+04
INFO: cmn.c(133): CMN: 32.49 10.79  0.85  4.16 -20.22  9.70 -0.44 -11.04  4.99  4.89  5.00 -9.01 -5.21 
utt>    88       speaker_2/sonamun12  156    0    36 10  1 3 1.248363e-12 -1.424269e+02 -2.221859e+04
INFO: cmn.c(133): CMN: 30.38 10.64  2.12  1.68 -17.37  8.03  1.97 -12.09  6.91  6.84  4.66 -5.90 -6.52 
utt>    89       speaker_2/sonamun13  168    0    36 10  1 2 3.473917e-12 -1.402322e+02 -2.355901e+04
INFO: cmn.c(133): CMN: 33.79 10.22  3.14  1.73 -20.62 10.47  1.10 -13.38  2.63  1.69  2.87 -9.43 -8.82 
utt>    90       speaker_2/sonamun14  145    0    36 10  1 3 3.943830e-12 -1.428351e+02 -2.071109e+04
INFO: cmn.c(133): CMN: 35.01  7.76 -12.24  0.83 -13.09  0.52  0.37 -7.97  0.78  7.63  2.18 -1.47 -5.14 
utt>    91            speaker_1/ya00   94    0    12 7  1 2 1.994739e-12 -1.493143e+02 -1.403555e+04
INFO: cmn.c(133): CMN: 38.36  8.49 -14.23  2.98 -11.01  1.19 -0.62 -7.60  2.11  7.61  1.85 -2.33 -3.89 
utt>    92            speaker_1/ya01   80    0    12 6  1 2 2.134950e-12 -1.446776e+02 -1.157421e+04
INFO: cmn.c(133): CMN: 29.05 12.31 -8.12 -0.06 -15.37 -9.94  1.81 -6.85  1.46 11.28  1.71 -2.16 -7.28 
utt>    93            speaker_1/ya02   96    0    12 8  1 2 2.440650e-12 -1.389578e+02 -1.333995e+04
INFO: cmn.c(133): CMN: 39.33 21.09 -18.82  5.24 -8.86 -14.81 -2.94 -5.23  1.99 10.23  9.20 -7.87 -8.88 
utt>    94            speaker_1/ya03   55    0    12 6  1 2 6.077867e-13 -1.430732e+02 -7.869026e+03
INFO: cmn.c(133): CMN: 40.39 17.28 -19.27  7.12 -17.11 -7.91 -0.90 -9.09  4.97 11.60  8.11 -6.26 -6.46 
utt>    95            speaker_1/ya04   62    0    12 5  1 2 5.512564e-13 -1.440949e+02 -8.933883e+03
INFO: cmn.c(133): CMN: 35.68 13.05 -12.89  3.61 -13.59 -7.42 -1.61 -8.04  5.45  6.00  6.01 -2.01 -8.19 
utt>    96            speaker_1/ya05   64    0    12 6  1 2 1.798291e-12 -1.421683e+02 -9.098773e+03
INFO: cmn.c(133): CMN: 34.11 10.13 -11.26  3.20 -12.39 -7.41 -3.80 -3.93 -2.02 12.49  1.92 -3.69 -6.59 
utt>    97            speaker_1/ya06   81    0    12 6  1 2 3.400605e-14 -1.483531e+02 -1.201660e+04
INFO: cmn.c(133): CMN: 34.09 11.28 -16.56  1.47 -13.82 -4.37 -5.40 -4.90  4.51  5.62  6.61 -6.49 -6.42 
utt>    98            speaker_1/ya07   76    0    12 6  1 2 1.716350e-12 -1.446807e+02 -1.099573e+04
INFO: cmn.c(133): CMN: 36.77 18.74 -14.54  3.56 -12.00 -4.68 -2.47 -4.92  5.23 10.01  7.61 -4.71 -9.31 
utt>    99            speaker_1/ya08   69    0    12 6  1 2 5.590126e-13 -1.417644e+02 -9.781746e+03
INFO: cmn.c(133): CMN: 27.46  8.14 -1.51 -4.97 -14.92  3.28  0.68 -1.33  1.81  0.12  4.11 -9.74 -5.26 
utt>   100            speaker_2/ya11  138    0    12 7  1 2 1.248818e-12 -1.410466e+02 -1.946442e+04
INFO: cmn.c(133): CMN: 31.61 15.16 -3.05 -8.53 -23.57 -7.10 -6.30 -3.30  3.97  7.63 13.25  0.55  2.44 
utt>   101            speaker_2/ya12  158    0    12 8  1 1 8.486480e-13 -1.407741e+02 -2.224231e+04
INFO: cmn.c(133): CMN: 32.37 12.34 -2.24 -8.71 -24.43 -6.63 -7.00 -4.60  5.63 10.40 17.51 -1.79  0.10 
utt>   102            speaker_2/ya13  136    0    12 7  1 2 1.644687e-12 -1.391720e+02 -1.892739e+04
INFO: cmn.c(133): CMN: 30.73 16.21  0.28 -6.67 -25.92 -8.72 -5.76 -0.83  4.18 10.38 15.48 -0.07  1.70 
utt>   103            speaker_2/ya14  141    0    12 7  1 2 1.850408e-12 -1.427850e+02 -2.013269e+04
INFO: cmn.c(133): CMN: 32.14 -1.70  2.93 28.40 -10.95 -2.83 -0.72 -3.04  7.94 -0.43 -4.35  0.62 -10.50 
utt>   104           speaker_1/yee00   92    0    12 6  1 2 2.631718e-12 -1.426461e+02 -1.312344e+04
INFO: cmn.c(133): CMN: 28.03  5.18  6.56 30.63 -13.28 -11.56  9.27 -9.24  2.17  2.49 -1.45  6.44 -10.39 
utt>   105           speaker_1/yee01   81    0    12 7  1 2 1.015576e-12 -1.395031e+02 -1.129975e+04
INFO: cmn.c(133): CMN: 29.96  8.71 11.06 39.60 -11.23 -12.33 10.32 -6.94  4.15  0.11  2.48  8.11 -11.38 
utt>   106           speaker_1/yee02   67    0    12 6  1 2 1.135162e-12 -1.401080e+02 -9.387239e+03
INFO: cmn.c(133): CMN: 25.58  4.06  5.09 28.58 -10.60 -12.20  5.69 -5.10 -1.62 -1.81 -0.01  3.91 -8.97 
utt>   107           speaker_1/yee03  100    0    12 7  1 2 1.687117e-12 -1.400113e+02 -1.400113e+04
INFO: cmn.c(133): CMN: 28.53  5.75  5.04 36.82 -12.05 -17.08  8.63 -3.78 -1.78 -0.24  0.71  2.82 -10.38 
utt>   108           speaker_1/yee04   73    0    12 7  1 2 1.119126e-12 -1.376790e+02 -1.005057e+04
INFO: cmn.c(133): CMN: 25.88  7.73  4.40 30.09 -9.56 -12.40  4.55 -3.74  2.20 -1.50 -0.94  3.80 -9.58 
utt>   109           speaker_1/yee05   92    0    12 7  1 2 2.572669e-13 -1.384056e+02 -1.273332e+04
INFO: cmn.c(133): CMN: 23.91  6.95  8.52 24.39 -9.18 -7.76 -2.18 -3.65 -0.06 -0.62 -0.17  4.24 -9.18 
utt>   110           speaker_1/yee06   92    0    12 7  1 2 8.885825e-13 -1.398931e+02 -1.287016e+04
INFO: cmn.c(133): CMN: 30.88  4.77  7.34 44.38 -13.92 -16.42  6.95 -5.22 -1.23 -2.39  3.58  7.11 -14.55 
utt>   111           speaker_1/yee07   64    0    12 6  1 1 2.912723e-13 -1.533789e+02 -9.816247e+03
INFO: cmn.c(133): CMN: 29.77  5.10  8.40 35.64 -11.70 -11.43  4.29 -3.57  1.04 -0.95  2.66  5.30 -9.04 
utt>   112           speaker_1/yee08   65    0    12 6  1 2 1.091691e-12 -1.437796e+02 -9.345673e+03
INFO: cmn.c(133): CMN: 25.92 -0.68 21.00 19.66 -12.93 -9.44 -2.98 -1.23  4.25  4.42  4.16 -12.92 -5.61 
utt>   113           speaker_2/yee11  134    0    12 7  1 2 1.836054e-13 -1.412487e+02 -1.892732e+04
INFO: cmn.c(133): CMN: 25.66  0.74 20.00 15.59 -12.82 -8.85  1.52 -0.67  4.39  4.96  1.84 -12.46 -6.37 
utt>   114           speaker_2/yee12  143    0    12 8  1 1 1.209744e-12 -1.397255e+02 -1.998074e+04
INFO: cmn.c(133): CMN: 23.94  0.77 20.65 15.34 -13.25 -7.82 -1.75 -2.08  1.81  4.89  2.43 -11.47 -7.12 
utt>   115           speaker_2/yee13  158    0    12 8  1 2 1.264542e-13 -1.392945e+02 -2.200853e+04
INFO: cmn.c(133): CMN: 27.04 -1.33 23.71 19.86 -11.03 -4.41 -0.49 -1.56  2.02  7.29  3.68 -12.59 -3.19 
utt>   116           speaker_2/yee14  124    0    12 7  1 2 8.584626e-13 -1.443306e+02 -1.789700e+04
INFO: cmn.c(133): CMN: 29.27  8.02 -4.59  5.54 -4.93 -7.03  2.31  5.39 -2.76  0.45 -6.02 -5.42  1.59 
utt>   117            speaker_1/yo00   95    0    12 7  1 2 2.944346e-12 -1.475292e+02 -1.401527e+04
INFO: cmn.c(133): CMN: 29.96 15.36 -4.66  8.06 -1.14 -5.75 -0.67 -1.15 -2.66 -4.80 -12.07 -5.95 -0.38 
utt>   118            speaker_1/yo01   77    0    12 6  1 2 3.012466e-12 -1.477364e+02 -1.137570e+04
INFO: cmn.c(133): CMN: 26.53 16.82 10.14  5.63 -9.23 -16.13 -1.70 -3.35 -5.49 -1.48 -11.66 -10.04 -1.39 
utt>   119            speaker_1/yo02   83    0    12 7  1 2 1.630313e-12 -1.401547e+02 -1.163284e+04
INFO: cmn.c(133): CMN: 31.61 20.63  5.16 15.13 -4.54 -18.30  0.35 -0.28 -7.70 -11.13 -15.32 -8.78  3.51 
utt>   120            speaker_1/yo03   58    0    12 6  1 2 1.399781e-12 -1.469198e+02 -8.521349e+03
INFO: cmn.c(133): CMN: 25.87 13.40  4.44  6.38 -8.48 -13.04 -2.51 -2.17 -6.08 -7.35 -13.29 -6.43  0.86 
utt>   121            speaker_1/yo04   77    0    12 8  1 2 1.530417e-12 -1.428312e+02 -1.099800e+04
INFO: cmn.c(133): CMN: 30.26 16.19  8.12 14.06 -6.46 -12.17 -3.07 -2.74 -8.82 -10.22 -12.22 -8.51  3.68 
utt>   122            speaker_1/yo05   62    0    12 5  1 1 4.956674e-13 -1.553044e+02 -9.628875e+03
INFO: cmn.c(133): CMN: 32.51 24.51  8.64 10.26 -1.04 -17.49 -0.74  3.40 -10.93 -7.68 -9.68 -6.47 -2.62 
utt>   123            speaker_1/yo06   60    0    12 5  1 2 2.211406e-12 -1.472746e+02 -8.836477e+03
INFO: cmn.c(133): CMN: 30.74 21.23  9.63  9.71 -2.27 -16.43 -2.48 -2.83 -6.83 -6.68 -13.06 -9.75 -0.10 
utt>   124            speaker_1/yo07   67    0    12 6  1 2 4.755113e-13 -1.424116e+02 -9.541576e+03
INFO: cmn.c(133): CMN: 27.82 17.04  4.96  5.26 -4.21 -11.73 -3.92 -1.33 -0.60 -5.40 -12.09 -10.02 -2.16 
utt>   125            speaker_1/yo08   84    0    12 7  1 2 1.387960e-12 -1.417254e+02 -1.190494e+04
INFO: cmn.c(133): CMN: 26.51 12.40 11.44  2.31 -18.80 -11.54 -5.86 -4.72 10.32 -3.20  4.58 -9.78 -7.06 
utt>   126            speaker_2/yo11  131    0    12 7  1 2 8.541916e-13 -1.417529e+02 -1.856963e+04
INFO: cmn.c(133): CMN: 27.04 14.43 12.42  1.91 -20.86 -9.90 -8.25 -4.56  3.82 -4.99  0.99 -10.40 -6.60 
utt>   127            speaker_2/yo12  129    0    12 7  1 1 8.813324e-13 -1.394538e+02 -1.798954e+04
INFO: cmn.c(133): CMN: 27.97 12.99 12.25  1.61 -22.93 -9.92 -7.91 -3.80  3.39 -4.79  2.48 -9.87 -7.18 
utt>   128            speaker_2/yo13  138    0    12 7  1 1 1.309518e-12 -1.408159e+02 -1.943260e+04
INFO: cmn.c(133): CMN: 28.08 13.70  9.48  0.87 -19.86 -8.15 -8.73 -1.03  2.40 -5.77 -0.75 -10.04 -4.96 
utt>   129            speaker_2/yo14  136    0    12 7  1 1 4.756375e-13 -1.382595e+02 -1.880329e+04
overall> stats 13231 (-0) -1.412453e+02 -1.868817e+06

INFO: s3mixw_io.c(233): Wrote /home/alex/repos/speech/recognizer/bwaccumdir/recognizer_buff_1/mixw_counts [45x1x1 array]
INFO: s3tmat_io.c(176): Wrote /home/alex/repos/speech/recognizer/bwaccumdir/recognizer_buff_1/tmat_counts [15x3x4 array]
INFO: s3gau_io.c(485): Wrote /home/alex/repos/speech/recognizer/bwaccumdir/recognizer_buff_1/gauden_counts with means with vars (2pass) [45x1x1 vector arrays]
INFO: main.c(999): Counts saved to /home/alex/repos/speech/recognizer/bwaccumdir/recognizer_buff_1
Wed Dec 20 23:44:40 2017
