        INFO: main.c(229): Compiled on Dec 18 2017 at 21:35:00
Current configuration:
[NAME]		[DEFLT]		[VALUE]
-2passvar	no		yes
-abeam		1e-100		1.000000e-90
-accumdir			/home/alex/repos/speech/recognizer/bwaccumdir/recognizer_buff_1
-agc		none		none
-agcthresh	2.0		2.000000e+00
-bbeam		1e-100		1.000000e-10
-cb2mllrfn	.1cls.		.1cls.
-cepdir				/home/alex/repos/speech/recognizer/feat
-cepext		mfc		mfc
-ceplen		13		13
-ckptintv			0
-cmn		live		batch
-cmninit	40,3,-1		40,3,-1
-ctlfn				/home/alex/repos/speech/recognizer/etc/recognizer_train.fileids
-diagfull	no		no
-dictfn				/home/alex/repos/speech/recognizer/etc/recognizer.dic
-example	no		no
-fdictfn			/home/alex/repos/speech/recognizer/etc/recognizer.filler
-feat		1s_c_d_dd	1s_c_d_dd
-fullvar	no		no
-help		no		no
-hmmdir				
-latdir				
-latext				
-lda				
-ldadim		0		0
-lsnfn				/home/alex/repos/speech/recognizer/etc/recognizer_train.transcription
-lw		11.5		1.150000e+01
-maxuttlen	0		0
-meanfn				/home/alex/repos/speech/recognizer/model_parameters/recognizer.ci_cont/means
-meanreest	yes		yes
-mixwfn				/home/alex/repos/speech/recognizer/model_parameters/recognizer.ci_cont/mixture_weights
-mixwreest	yes		yes
-mllrmat			
-mmie		no		no
-mmie_type	rand		rand
-moddeffn			/home/alex/repos/speech/recognizer/model_architecture/recognizer.ci.mdef
-mwfloor	0.00001		1.000000e-08
-npart				1
-nskip				0
-outphsegdir			
-outputfullpath	no		no
-part				1
-pdumpdir			
-phsegdir			
-phsegext	phseg		phseg
-runlen		-1		-1
-sentdir			
-sentext	sent		sent
-spthresh	0.0		0.000000e+00
-svspec				
-timing		yes		no
-tmatfn				/home/alex/repos/speech/recognizer/model_parameters/recognizer.ci_cont/transition_matrices
-tmatreest	yes		yes
-topn		4		4
-tpfloor	0.0001		1.000000e-04
-ts2cbfn			.cont.
-varfloor	0.00001		1.000000e-04
-varfn				/home/alex/repos/speech/recognizer/model_parameters/recognizer.ci_cont/variances
-varnorm	no		no
-varreest	yes		yes
-viterbi	no		no

INFO: feat.c(715): Initializing feature stream to type: '1s_c_d_dd', ceplen=13, CMN='batch', VARNORM='no', AGC='none'
INFO: main.c(318): Reading /home/alex/repos/speech/recognizer/model_architecture/recognizer.ci.mdef
INFO: model_def_io.c(573): Model definition info:
INFO: model_def_io.c(574): 15 total models defined (15 base, 0 tri)
INFO: model_def_io.c(575): 60 total states
INFO: model_def_io.c(576): 45 total tied states
INFO: model_def_io.c(577): 45 total tied CI states
INFO: model_def_io.c(578): 15 total tied transition matrices
INFO: model_def_io.c(579): 4 max state/model
INFO: model_def_io.c(580): 4 min state/model
INFO: s3mixw_io.c(117): Read /home/alex/repos/speech/recognizer/model_parameters/recognizer.ci_cont/mixture_weights [45x1x4 array]
INFO: s3tmat_io.c(118): Read /home/alex/repos/speech/recognizer/model_parameters/recognizer.ci_cont/transition_matrices [15x3x4 array]
INFO: mod_inv.c(301): inserting tprob floor 1.000000e-04 and renormalizing
INFO: s3gau_io.c(169): Read /home/alex/repos/speech/recognizer/model_parameters/recognizer.ci_cont/means [45x1x4 array]
INFO: s3gau_io.c(169): Read /home/alex/repos/speech/recognizer/model_parameters/recognizer.ci_cont/variances [45x1x4 array]
INFO: gauden.c(176): 45 total mgau
INFO: gauden.c(150): 1 feature streams (|0|=39 )
INFO: gauden.c(187): 4 total densities
INFO: gauden.c(90): min_var=1.000000e-04
INFO: gauden.c(165): compute 4 densities/frame
INFO: main.c(431): Will reestimate mixing weights.
INFO: main.c(433): Will reestimate means.
INFO: main.c(435): Will reestimate variances.
INFO: main.c(443): Will reestimate transition matrices
INFO: main.c(456): Reading main dictionary: /home/alex/repos/speech/recognizer/etc/recognizer.dic
INFO: lexicon.c(221): 10 entries added from /home/alex/repos/speech/recognizer/etc/recognizer.dic
INFO: main.c(466): Reading filler dictionary: /home/alex/repos/speech/recognizer/etc/recognizer.filler
INFO: lexicon.c(221): 3 entries added from /home/alex/repos/speech/recognizer/etc/recognizer.filler
INFO: corpus.c(1062): Will process all remaining utts starting at 0
INFO: main.c(665): Reestimation: Baum-Welch
INFO: cmn.c(133): CMN: 25.13  3.81  3.06 -15.65 -17.88 -4.42 -3.43 -2.39  4.90  2.54  4.66 -0.17 -5.13 
column defns
	<seq>
	<id>
	<n_frame_in>
	<n_frame_del>
	<n_state_shmm>
	<avg_states_alpha>
	<avg_states_beta>
	<avg_states_reest>
	<avg_posterior_prune>
	<frame_log_lik>
	<utt_log_lik>
	... timing info ... 
utt>     0                      ab00   86    0INFO: cvt2triphone.c(199): no multiphones defined, no conversion done
    16 6  1 2 1.990885e-12 -1.359192e+02 -1.168905e+04
INFO: cmn.c(133): CMN: 27.60 14.09 -4.48 -14.35 -28.00 -6.55  7.13  1.30  2.68  4.70  4.57 -1.44 -7.48 
utt>     1                      ab01   73    0    16 5  1 2 4.537775e-12 -1.411024e+02 -1.030047e+04
INFO: cmn.c(133): CMN: 31.16 13.22 -8.96 -10.06 -30.24 -7.87 10.40 -1.06 -0.98  4.70  7.27  4.65 -7.44 
utt>     2                      ab02   65    0    16 5  1 2 1.748771e-12 -1.377358e+02 -8.952826e+03
INFO: cmn.c(133): CMN: 31.37  4.93 -11.73 -4.66 -13.98  5.36 -2.87 -0.86 -4.47  1.31  3.84  3.84 -4.27 
utt>     3                      ab03   87    0    16 5  1 2 1.851217e-12 -1.435749e+02 -1.249102e+04
INFO: cmn.c(133): CMN: 28.63 13.34 -4.91 -10.37 -27.38 -7.75  7.26 -2.21 -3.83 -1.25  6.52  2.53 -4.78 
utt>     4                      ab04   65    0    16 5  1 2 3.185254e-12 -1.334419e+02 -8.673722e+03
INFO: cmn.c(133): CMN: 30.38 11.95 -8.56 -6.24 -32.31 -6.75  8.80 -1.95 -2.16  4.46 10.78  3.38 -7.09 
utt>     5                      ab05   62    0    16 5  1 2 2.435268e-12 -1.414354e+02 -8.768997e+03
INFO: cmn.c(133): CMN: 25.11  7.71 -6.50 -8.79 -22.33 -4.92  5.94  1.60  2.45  6.49  4.81 -1.51 -7.24 
utt>     6                      ab06  102    0    16 6  1 2 1.786542e-12 -1.339762e+02 -1.366557e+04
INFO: cmn.c(133): CMN: 25.32 10.74 -8.12 -7.34 -20.55 -5.15  4.29  0.40  0.27  2.55  4.50 -0.82 -4.27 
utt>     7                      ab07   94    0    16 6  1 2 2.719156e-12 -1.327360e+02 -1.247719e+04
INFO: cmn.c(133): CMN: 27.03  8.86 -10.74 -7.48 -16.80 -3.86  5.46 -0.80 -6.11  3.10  3.66 -5.50 -5.65 
utt>     8                      ab08   89    0    16 6  1 2 8.131389e-13 -1.395838e+02 -1.242296e+04
INFO: cmn.c(133): CMN: 21.36 13.07  3.25 -9.84 -18.90  2.66  5.87  6.56  3.19 -0.50 -2.01 -9.20 -2.40 
utt>     9                      ab11  115    0    16 6  1 2 1.130665e-12 -1.375832e+02 -1.582207e+04
INFO: cmn.c(133): CMN: 26.39 13.76 -1.00 -13.05 -23.16  2.40  5.95  9.28  1.56  6.75  7.70 -5.18 -2.70 
utt>    10                      ab12  110    0    16 6  1 2 1.676623e-12 -1.359151e+02 -1.495066e+04
INFO: cmn.c(133): CMN: 22.09 12.46  1.13 -8.99 -16.62  1.47  2.37  2.41  0.58  2.61  2.56 -8.62 -8.36 
utt>    11                      ab13  127    0    16 6  1 2 2.293872e-12 -1.392110e+02 -1.767979e+04
INFO: cmn.c(133): CMN: 24.62  9.68 -1.43 -9.94 -22.32  2.40  3.22  5.71  3.43  5.49  4.60 -4.96 -4.77 
utt>    12                      ab14  122    0    16 6  1 2 2.791133e-12 -1.351576e+02 -1.648923e+04
INFO: cmn.c(133): CMN: 38.18  6.36 -11.49 16.81 -11.66 -7.33 -13.79 -0.72  2.00  1.53  3.86 -0.60 -0.76 
utt>    13                      ae00   85    0    12 5  1 2 3.005853e-12 -1.420604e+02 -1.207513e+04
INFO: cmn.c(133): CMN: 28.87  9.29 -6.45 16.16 -11.00 -20.80 -4.81 -6.64  5.43  2.84 -1.93  0.99 -1.94 
utt>    14                      ae01   94    0    12 7  1 1 2.498202e-12 -1.353224e+02 -1.272031e+04
INFO: cmn.c(133): CMN: 29.95  9.72 -5.85 18.18 -8.68 -20.05 -14.46 -4.88  8.37 -2.55 -3.32 -4.03  2.10 
utt>    15                      ae02   88    0    12 7  1 2 3.165390e-13 -1.371793e+02 -1.207178e+04
INFO: cmn.c(133): CMN: 29.13  8.67 -8.44 15.92 -8.52 -18.50 -9.09 -3.41  4.74 -1.05 -4.64 -3.73 -0.57 
utt>    16                      ae03  107    0    12 7  1 1 4.322223e-13 -1.323218e+02 -1.415843e+04
INFO: cmn.c(133): CMN: 29.21  9.08 -5.92 16.78 -8.70 -20.25 -13.68 -2.15  7.02 -1.03 -1.95 -4.47  1.12 
utt>    17                      ae04   86    0    12 7  1 2 5.120331e-13 -1.338829e+02 -1.151393e+04
INFO: cmn.c(133): CMN: 28.65  7.31 -6.33 18.25 -11.21 -18.14 -12.81 -3.75  8.27  3.07  0.16 -5.23  1.14 
utt>    18                      ae05   83    0    12 7  1 2 6.807968e-13 -1.361603e+02 -1.130130e+04
INFO: cmn.c(133): CMN: 36.00 13.69 -7.53 30.07 -7.59 -27.00 -16.99 -2.81  7.19 -2.59 -1.20 -5.70 -0.15 
utt>    19                      ae06   64    0    12 5  1 2 1.223759e-12 -1.373861e+02 -8.792711e+03
INFO: cmn.c(133): CMN: 35.68 13.75 -14.95 26.29 -7.50 -31.71 -15.11 -5.73  6.08  0.06 -0.72 -0.60  3.50 
utt>    20                      ae07   64    0    12 6  1 2 1.519503e-13 -1.364348e+02 -8.731825e+03
INFO: cmn.c(133): CMN: 40.42 17.26 -14.15 29.08 -4.06 -31.48 -21.96 -1.84 10.47  0.17  0.58 -3.62  0.58 
utt>    21                      ae08   54    0    12 6  1 1 1.762685e-12 -1.421348e+02 -7.675281e+03
INFO: cmn.c(133): CMN: 34.15  9.98 -0.34 11.65 -13.42 -19.01 -17.82 -4.45  9.49  3.68  8.47  3.37  6.09 
utt>    22                      ae11  130    0    12 7  1 2 1.296033e-12 -1.369739e+02 -1.780660e+04
INFO: cmn.c(133): CMN: 34.83 10.34  0.70  7.67 -16.16 -21.14 -17.84  2.91 14.32  9.37 17.45  6.32  5.67 
utt>    23                      ae12  129    0    12 7  1 2 1.163353e-12 -1.355589e+02 -1.748710e+04
INFO: cmn.c(133): CMN: 33.15  7.58 -2.47  7.10 -13.80 -19.48 -13.76  1.63 11.39  1.43  8.62 -1.92 -1.40 
utt>    24                      ae13  131    0    12 7  1 2 7.229159e-13 -1.344676e+02 -1.761525e+04
INFO: cmn.c(133): CMN: 28.25  2.83 -0.76  8.98 -10.01 -12.79 -11.97  2.24  8.46  0.66  9.13 -1.99  0.78 
utt>    25                      ae14  151    0    12 8  1 1 4.593538e-13 -1.355417e+02 -2.046680e+04
INFO: cmn.c(133): CMN: 33.14 13.70 -12.13 -11.04 -29.01 -4.24  7.11 -1.54 -3.37  3.00  9.89  3.94 -8.31 
utt>    26                      ak00   63    0    16 5  1 2 1.999752e-12 -1.353031e+02 -8.524093e+03
INFO: cmn.c(133): CMN: 26.66  5.91  4.02 -22.65 -12.35 -0.60 -2.90 -0.35  3.34 -3.81 -1.65  2.47 -2.00 
utt>    27                      ak01   88    0    16 5  1 2 4.658795e-13 -1.386666e+02 -1.220266e+04
INFO: cmn.c(133): CMN: 26.42  4.36 -9.48 -8.25 -14.69  4.19 -1.92 -1.55 -5.16 -2.66  5.00  1.11 -4.03 
utt>    28                      ak02  112    0    16 6  1 2 1.784950e-13 -1.350722e+02 -1.512809e+04
INFO: cmn.c(133): CMN: 27.14 12.87 -10.00 -9.07 -17.99 -4.03  2.30 -2.01 -0.28 -1.17  3.11  0.36 -8.04 
utt>    29                      ak03   77    0    16 5  1 2 1.419417e-12 -1.359604e+02 -1.046895e+04
INFO: cmn.c(133): CMN: 24.61  8.96 -8.68 -10.60 -15.52 -0.61  3.95 -1.64 -2.54  1.18  3.95 -1.95 -5.87 
utt>    30                      ak04   88    0    16 6  1 2 1.492543e-12 -1.329980e+02 -1.170382e+04
INFO: cmn.c(133): CMN: 26.19  8.36 -11.06 -8.48 -15.85 -3.96  0.78 -1.93  0.71  4.87  2.76 -2.05 -7.64 
utt>    31                      ak05   94    0    16 6  1 2 1.100711e-12 -1.385901e+02 -1.302747e+04
INFO: cmn.c(133): CMN: 34.33 11.96 -12.49 -8.59 -24.89 -7.42  5.05  0.47 -3.34  3.74  6.16  1.14 -9.71 
utt>    32                      ak06   67    0    16 6  1 2 2.872777e-12 -1.352006e+02 -9.058440e+03
INFO: cmn.c(133): CMN: 27.95 10.19 -8.42 -10.53 -22.51 -7.48  5.64  1.22 -2.66  3.78  9.30  0.46 -6.15 
utt>    33                      ak07   74    0    16 6  1 2 2.516893e-12 -1.367298e+02 -1.011801e+04
INFO: cmn.c(133): CMN: 32.57 14.31 -15.93 -11.76 -25.76 -9.16  8.13  0.75 -3.85  6.90 13.47 -4.24 -9.40 
utt>    34                      ak08   62    0    16 5  1 2 2.801849e-12 -1.384528e+02 -8.584073e+03
INFO: cmn.c(133): CMN: 28.39  7.48 -2.83 -7.84 -21.55  1.79  4.19  1.61 -0.62 -0.66  7.76 -8.49 -5.97 
utt>    35                      ak11  131    0    16 6  1 1 1.751806e-12 -1.358348e+02 -1.779436e+04
INFO: cmn.c(133): CMN: 24.44  7.19 -5.31 -7.37 -19.12 -2.97  3.19  1.21  1.96 -0.29  7.39 -4.35 -6.49 
utt>    36                      ak12  147    0    16 6  1 2 7.236329e-13 -1.394055e+02 -2.049261e+04
INFO: cmn.c(133): CMN: 26.48  7.67 -5.78 -7.03 -17.35  6.49  3.42  3.79 -2.98  1.96  6.01 -6.33 -4.80 
utt>    37                      ak13  142    0    16 6  1 1 6.567304e-13 -1.346170e+02 -1.911561e+04
INFO: cmn.c(133): CMN: 27.64  7.42 -3.50 -4.81 -22.86  1.59  4.00  3.15 -0.71 -0.83  6.41 -5.50 -7.76 
utt>    38                      ak14  137    0    16 6  1 1 4.530311e-13 -1.339616e+02 -1.835274e+04
INFO: cmn.c(133): CMN: 29.09  3.23  3.59 -16.65 -18.86 -1.95  7.39  3.37  1.84  2.15  5.13 -5.17 -6.49 
utt>    39                      ba00   94    0    16 6  1 2 2.539355e-12 -1.360079e+02 -1.278474e+04
INFO: cmn.c(133): CMN: 34.70  8.36 -12.09 -8.06 -20.86  3.54  6.92  0.40 -7.19  1.20  4.94 -0.28 -8.86 
utt>    40                      ba01   89    0    16 6  1 2 6.664625e-13 -1.380074e+02 -1.228266e+04
INFO: cmn.c(133): CMN: 39.14  6.73 -10.72 -8.87 -19.34  0.67  7.14  4.22 -5.03 -2.19 10.90  1.43 -2.96 
utt>    41                      ba02   92    0    16 6  1 2 1.315606e-12 -1.436413e+02 -1.321500e+04
INFO: cmn.c(133): CMN: 31.37 12.59 -6.25 -9.32 -27.60 -4.33 11.52  3.32 -4.48  2.30  2.71 -4.02 -7.39 
utt>    42                      ba03   79    0    16 6  1 2 2.246724e-12 -1.387089e+02 -1.095800e+04
INFO: cmn.c(133): CMN: 33.45 14.95 -10.53 -6.32 -27.44 -8.18  7.62 -3.00 -3.86  4.93  5.08 -0.06 -8.23 
utt>    43                      ba04   84    0    16 6  1 2 2.568374e-12 -1.375743e+02 -1.155624e+04
INFO: cmn.c(133): CMN: 33.54 20.08 -1.56 -6.29 -35.33 -6.30 14.82 -2.73 -7.81  3.47  7.07 -6.58 -3.28 
utt>    44                      ba05   64    0    16 7  1 2 1.754363e-12 -1.389835e+02 -8.894943e+03
INFO: cmn.c(133): CMN: 30.85 15.28 -5.87 -14.15 -23.68 -1.45  6.18 -4.65 -3.68  8.36  7.33 -3.48 -6.45 
utt>    45                      ba06   77    0    16 7  1 2 1.669736e-12 -1.376794e+02 -1.060132e+04
INFO: cmn.c(133): CMN: 33.76 18.53 -6.88 -12.27 -25.09 -12.50 12.03 -2.04 -6.35  3.99 11.40 -2.94 -8.29 
utt>    46                      ba07   72    0    16 6  1 2 1.313906e-12 -1.401740e+02 -1.009253e+04
INFO: cmn.c(133): CMN: 34.24 18.70 -6.70 -10.62 -25.43 -8.43  9.54  3.88 -5.46  2.03 10.97  1.61 -6.19 
utt>    47                      ba08   65    0    16 6  1 2 3.953099e-12 -1.400793e+02 -9.105153e+03
INFO: cmn.c(133): CMN: 33.94  8.19 -4.36 -12.66 -22.76  1.60 10.11  2.15  3.45  3.37  3.89 -9.87 -4.32 
utt>    48                      ba11  137    0    16 7  1 1 1.130562e-12 -1.375214e+02 -1.884044e+04
INFO: cmn.c(133): CMN: 34.63  8.15 -5.27 -12.22 -24.47  0.18  6.47  1.52  2.79  2.48  4.76 -5.58 -3.78 
utt>    49                      ba12  125    0    16 7  1 2 7.579976e-13 -1.373717e+02 -1.717147e+04
INFO: cmn.c(133): CMN: 32.84  6.03 -5.08 -8.07 -22.01  2.05  9.18  1.82 -0.53  2.15  1.72 -6.75 -5.72 
utt>    50                      ba13  143    0    16 6  1 1 4.408426e-13 -1.356462e+02 -1.939741e+04
INFO: cmn.c(133): CMN: 34.18  3.81 -5.53 -12.24 -23.00  0.70  9.34  4.49  4.02  3.62  3.33 -9.29 -6.40 
utt>    51                      ba14  141    0    16 7  1 1 1.897821e-12 -1.388136e+02 -1.957271e+04
INFO: cmn.c(133): CMN: 29.56  4.48  7.43 -11.54 -19.03 -1.47  5.32 -0.57  2.74  1.91  1.32 -5.54 -2.26 
utt>    52                      ma00   94    0    16 6  1 2 1.732169e-12 -1.362997e+02 -1.281217e+04
INFO: cmn.c(133): CMN: 37.95 13.70 -8.11 -0.96 -22.08  3.11 18.79 -1.75 -8.58  6.75 -3.56  9.08 -6.46 
utt>    53                      ma01   73    0    16 6  1 2 2.389266e-12 -1.435687e+02 -1.048051e+04
INFO: cmn.c(133): CMN: 32.57 17.27 -3.72 -3.29 -27.59 -6.35 15.33 -5.46 -2.55 14.84  5.43  2.35 -3.39 
utt>    54                      ma02   74    0    16 6  1 2 1.368076e-12 -1.365598e+02 -1.010543e+04
INFO: cmn.c(133): CMN: 25.80 11.32 -1.29 -6.72 -16.86 -0.59  9.81 -2.00 -2.71 10.49  1.79 -3.29 -3.10 
utt>    55                      ma03   98    0    16 7  1 2 9.391584e-13 -1.372926e+02 -1.345467e+04
INFO: cmn.c(133): CMN: 30.24 15.65 -2.59 -3.26 -22.62  0.81 13.95 -8.42 -1.71 12.02  6.86  0.39 -3.54 
utt>    56                      ma04   84    0    16 6  1 2 2.224477e-12 -1.344081e+02 -1.129028e+04
INFO: cmn.c(133): CMN: 35.30 20.32 -1.72  1.25 -29.80  0.72 21.23 -10.54 -1.17 17.40  7.52  4.14 -1.36 
utt>    57                      ma05   59    0    16 6  1 2 3.444692e-12 -1.389048e+02 -8.195386e+03
INFO: cmn.c(133): CMN: 31.97 17.71  0.19 -1.16 -26.71 -1.04 18.23 -10.91  0.46 16.10  9.69  2.38 -2.73 
utt>    58                      ma06   66    0    16 6  1 2 1.834005e-12 -1.386178e+02 -9.148777e+03
INFO: cmn.c(133): CMN: 32.73 19.07 -0.36 -2.17 -24.18 -2.68 15.57 -8.86 -1.75 16.22  9.04  4.58 -1.93 
utt>    59                      ma07   67    0    16 6  1 2 3.382014e-12 -1.363635e+02 -9.136355e+03
INFO: cmn.c(133): CMN: 33.46 20.00 -1.80  0.27 -24.66 -5.41 20.01 -12.02 -7.30 20.95  9.36  4.46  0.74 
utt>    60                      ma08   74    0    16 6  1 2 8.609235e-13 -1.373358e+02 -1.016285e+04
INFO: cmn.c(133): CMN: 29.85 11.98 -4.10 -7.91 -19.70  6.06 -2.38 -1.61 -1.29  5.77  0.03 -3.10 -3.59 
utt>    61                      ma11  136    0    16 6  1 1 1.580017e-12 -1.387418e+02 -1.886889e+04
INFO: cmn.c(133): CMN: 32.32  9.61 -3.40 -5.08 -28.09  9.98  7.48  5.31 -3.08 -1.36 -5.06 -9.56 -4.27 
utt>    62                      ma12  121    0    16 6  1 2 1.183888e-12 -1.373945e+02 -1.662473e+04
INFO: cmn.c(133): CMN: 30.34  8.10 -2.25 -5.09 -26.61  8.33  5.76  2.69 -2.17 -1.20 -2.82 -7.23 -3.67 
utt>    63                      ma13  136    0    16 6  1 1 8.416658e-13 -1.381279e+02 -1.878539e+04
INFO: cmn.c(133): CMN: 30.40  8.34 -1.10 -3.96 -24.48  7.35  5.09  3.46 -5.02 -3.05 -5.62 -8.18 -2.36 
utt>    64                      ma14  133    0    16 6  1 1 1.285930e-12 -1.383052e+02 -1.839460e+04
INFO: cmn.c(133): CMN: 36.96 10.39 -5.11  2.01 -18.54  2.90  7.47  7.71 -2.16  2.58  1.27 -2.14 -2.72 
utt>    65                  sonamu00   98    0    32 7  1 3 1.906682e-12 -1.385142e+02 -1.357439e+04
INFO: cmn.c(133): CMN: 34.91  8.47 -4.02  2.30 -15.20  1.08  3.54  6.63 -1.48 -3.16  1.95 -2.20 -1.21 
utt>    66                  sonamu01  106    0    32 7  1 2 3.866979e-12 -1.386430e+02 -1.469615e+04
INFO: cmn.c(133): CMN: 34.72  7.85 -3.77  0.09 -17.86  3.57  5.19  2.28 -0.41 -0.45  2.45 -1.16  0.61 
utt>    67                  sonamu02  106    0    32 7  1 2 3.356047e-12 -1.376109e+02 -1.458676e+04
INFO: cmn.c(133): CMN: 27.41 13.17  5.46  0.95 -19.84  0.77  6.94 -0.18  2.80  0.88 -7.98 -4.45  0.79 
utt>    68                  sonamu03  115    0    32 8  1 3 4.082532e-12 -1.348302e+02 -1.550548e+04
INFO: cmn.c(133): CMN: 31.13 14.54  2.69  1.79 -20.43  0.87  8.59  2.24 -0.03  3.53 -7.67 -5.99  2.25 
utt>    69                  sonamu04  108    0    32 8  1 2 2.664902e-12 -1.352454e+02 -1.460651e+04
INFO: cmn.c(133): CMN: 28.75 14.74  5.99 -3.75 -13.41  0.33  0.36  2.22  0.92  1.75 -1.65 -3.58  1.03 
utt>    70                  sonamu05  115    0    32 8  1 3 3.261109e-12 -1.376339e+02 -1.582789e+04
INFO: cmn.c(133): CMN: 31.91 15.30  6.45  0.65 -27.30 -1.03 10.18 -1.13 -1.47 -0.32 -1.60 -1.29  0.53 
utt>    71                  sonamu06  106    0    32 8  1 3 4.170593e-12 -1.352939e+02 -1.434115e+04
INFO: cmn.c(133): CMN: 32.10 16.70  3.86 -0.76 -24.56 -1.77  8.53 -2.83  4.37 -0.98 -2.09 -2.12  0.37 
utt>    72                  sonamu07  101    0    32 9  1 3 2.573004e-12 -1.355104e+02 -1.368655e+04
INFO: cmn.c(133): CMN: 28.78 12.07  6.85  0.11 -23.18  0.66  5.65  1.61  2.33 -0.04 -3.12 -2.20 -2.51 
utt>    73                  sonamu08  115    0    32 8  1 3 2.232175e-12 -1.338494e+02 -1.539268e+04
INFO: cmn.c(133): CMN: 34.79 10.69  2.34 -5.00 -23.48  6.76 -0.61 -3.03  5.13  6.23  8.65 -6.57 -10.59 
utt>    74                  sonamu11  142    0    32 7  1 2 1.806366e-12 -1.360538e+02 -1.931964e+04
INFO: cmn.c(133): CMN: 32.53 11.20  2.29 -4.50 -21.85  6.20  0.81 -1.93  4.28  3.29  4.21 -7.38 -7.51 
utt>    75                  sonamu12  159    0    32 8  1 2 1.623166e-12 -1.351491e+02 -2.148870e+04
INFO: cmn.c(133): CMN: 34.62  9.53 -1.12 -4.52 -22.20  7.11  0.92 -1.27  2.68  3.39  6.25 -6.09 -7.14 
utt>    76                  sonamu13  153    0    32 8  1 2 1.740549e-12 -1.354327e+02 -2.072120e+04
INFO: cmn.c(133): CMN: 32.12  9.53  0.25 -5.77 -20.58  6.22  0.17 -9.64  6.49  9.79  5.82 -10.85 -13.72 
utt>    77                  sonamu14  159    0    32 8  1 2 1.574826e-12 -1.361626e+02 -2.164986e+04
INFO: cmn.c(133): CMN: 30.85  9.29 19.74 -3.44 -13.49 -0.63  2.52  7.58  0.83  3.15  2.05 -8.33  1.98 
utt>    78                 sonamun00  108    0    36 8  2 3 1.110718e-12 -1.384397e+02 -1.495149e+04
INFO: cmn.c(133): CMN: 41.13  8.31  4.30 -0.32 -12.27  9.69  6.80  2.89 -3.80 -1.67  2.54 -5.38  0.66 
utt>    79                 sonamun01  102    0    36 7  1 2 1.271755e-12 -1.420529e+02 -1.448939e+04
INFO: cmn.c(133): CMN: 39.88  8.61 -3.50  4.21 -13.93  4.17 11.95  3.65 -4.31  2.29  0.66 -6.47 -2.84 
utt>    80                 sonamun02  118    0    36 7  1 2 1.982207e-12 -1.379889e+02 -1.628269e+04
INFO: cmn.c(133): CMN: 38.82 11.49 -5.39  6.87 -14.70  2.16  9.89  4.43 -6.55  0.91  2.44 -4.51 -2.05 
utt>    81                 sonamun03  116    0    36 7  1 2 2.952366e-12 -1.370439e+02 -1.589709e+04
INFO: cmn.c(133): CMN: 39.64 10.80 -1.22  3.39 -11.84  6.35  9.62 -1.07 -4.34  2.62  1.31 -4.79 -1.86 
utt>    82                 sonamun04  124    0    36 7  1 2 2.036841e-12 -1.401960e+02 -1.738431e+04
INFO: cmn.c(133): CMN: 38.21  6.93  3.35  1.84 -9.07  2.10  9.18  3.96 -6.12 -0.43  2.09 -4.49 -3.41 
utt>    83                 sonamun05  115    0    36 7  1 2 3.065080e-12 -1.388077e+02 -1.596288e+04
INFO: cmn.c(133): CMN: 36.30  6.98  2.02  2.00 -10.24  4.88  8.84  3.29 -1.59 -1.17  2.57 -3.99 -3.70 
utt>    84                 sonamun06  114    0    36 7  1 2 1.212954e-12 -1.355236e+02 -1.544969e+04
INFO: cmn.c(133): CMN: 26.29 14.16  4.54 -1.29 -13.87 -0.76  4.20  0.74 -3.18  3.72 -4.67 -5.17  2.72 
utt>    85                 sonamun07  141    0    36 9  1 2 2.813502e-12 -1.371593e+02 -1.933946e+04
INFO: cmn.c(133): CMN: 25.07 13.82  6.61  0.11 -9.98 -3.02  2.95  3.60 -3.01  3.64  1.41 -4.17 -0.02 
utt>    86                 sonamun08  132    0    36 10  1 3 2.791477e-12 -1.390674e+02 -1.835690e+04
INFO: cmn.c(133): CMN: 32.24 13.55  3.08  2.70 -17.43  6.37  0.06 -8.67  7.94  8.89  3.40 -11.90 -9.14 
utt>    87                 sonamun11  155    0    36 8  1 2 8.650029e-13 -1.366084e+02 -2.117430e+04
INFO: cmn.c(133): CMN: 32.49 10.79  0.85  4.16 -20.22  9.70 -0.44 -11.04  4.99  4.89  5.00 -9.01 -5.21 
utt>    88                 sonamun12  156    0    36 8  1 2 2.849793e-12 -1.374734e+02 -2.144584e+04
INFO: cmn.c(133): CMN: 30.38 10.64  2.12  1.68 -17.37  8.03  1.97 -12.09  6.91  6.84  4.66 -5.90 -6.52 
utt>    89                 sonamun13  168    0    36 8  1 2 3.117929e-12 -1.366291e+02 -2.295368e+04
INFO: cmn.c(133): CMN: 33.79 10.22  3.14  1.73 -20.62 10.47  1.10 -13.38  2.63  1.69  2.87 -9.43 -8.82 
utt>    90                 sonamun14  145    0    36 8  1 2 1.360939e-12 -1.381583e+02 -2.003295e+04
INFO: cmn.c(133): CMN: 35.01  7.76 -12.24  0.83 -13.09  0.52  0.37 -7.97  0.78  7.63  2.18 -1.47 -5.14 
utt>    91                      ya00   94    0    12 6  1 2 1.157486e-12 -1.461984e+02 -1.374265e+04
INFO: cmn.c(133): CMN: 38.36  8.49 -14.23  2.98 -11.01  1.19 -0.62 -7.60  2.11  7.61  1.85 -2.33 -3.89 
utt>    92                      ya01   80    0    12 6  1 2 1.714718e-12 -1.418910e+02 -1.135128e+04
INFO: cmn.c(133): CMN: 29.05 12.31 -8.12 -0.06 -15.37 -9.94  1.81 -6.85  1.46 11.28  1.71 -2.16 -7.28 
utt>    93                      ya02   96    0    12 8  1 2 1.987213e-12 -1.353252e+02 -1.299122e+04
INFO: cmn.c(133): CMN: 39.33 21.09 -18.82  5.24 -8.86 -14.81 -2.94 -5.23  1.99 10.23  9.20 -7.87 -8.88 
utt>    94                      ya03   55    0    12 5  1 2 1.733696e-13 -1.399130e+02 -7.695212e+03
INFO: cmn.c(133): CMN: 40.39 17.28 -19.27  7.12 -17.11 -7.91 -0.90 -9.09  4.97 11.60  8.11 -6.26 -6.46 
utt>    95                      ya04   62    0    12 5  1 2 1.640305e-12 -1.386886e+02 -8.598696e+03
INFO: cmn.c(133): CMN: 35.68 13.05 -12.89  3.61 -13.59 -7.42 -1.61 -8.04  5.45  6.00  6.01 -2.01 -8.19 
utt>    96                      ya05   64    0    12 6  1 2 5.451471e-13 -1.374029e+02 -8.793783e+03
INFO: cmn.c(133): CMN: 34.11 10.13 -11.26  3.20 -12.39 -7.41 -3.80 -3.93 -2.02 12.49  1.92 -3.69 -6.59 
utt>    97                      ya06   81    0    12 6  1 2 1.360582e-12 -1.438280e+02 -1.165007e+04
INFO: cmn.c(133): CMN: 34.09 11.28 -16.56  1.47 -13.82 -4.37 -5.40 -4.90  4.51  5.62  6.61 -6.49 -6.42 
utt>    98                      ya07   76    0    12 6  1 2 1.558110e-12 -1.383886e+02 -1.051753e+04
INFO: cmn.c(133): CMN: 36.77 18.74 -14.54  3.56 -12.00 -4.68 -2.47 -4.92  5.23 10.01  7.61 -4.71 -9.31 
utt>    99                      ya08   69    0    12 5  1 2 1.783762e-12 -1.381251e+02 -9.530629e+03
INFO: cmn.c(133): CMN: 27.46  8.14 -1.51 -4.97 -14.92  3.28  0.68 -1.33  1.81  0.12  4.11 -9.74 -5.26 
utt>   100                      ya11  138    0    12 7  1 1 1.312563e-12 -1.372845e+02 -1.894526e+04
INFO: cmn.c(133): CMN: 31.61 15.16 -3.05 -8.53 -23.57 -7.10 -6.30 -3.30  3.97  7.63 13.25  0.55  2.44 
utt>   101                      ya12  158    0    12 7  1 1 1.661051e-13 -1.374777e+02 -2.172148e+04
INFO: cmn.c(133): CMN: 32.37 12.34 -2.24 -8.71 -24.43 -6.63 -7.00 -4.60  5.63 10.40 17.51 -1.79  0.10 
utt>   102                      ya13  136    0    12 7  1 2 7.734425e-13 -1.360205e+02 -1.849879e+04
INFO: cmn.c(133): CMN: 30.73 16.21  0.28 -6.67 -25.92 -8.72 -5.76 -0.83  4.18 10.38 15.48 -0.07  1.70 
utt>   103                      ya14  141    0    12 7  1 1 5.648917e-13 -1.385152e+02 -1.953064e+04
INFO: cmn.c(133): CMN: 32.14 -1.70  2.93 28.40 -10.95 -2.83 -0.72 -3.04  7.94 -0.43 -4.35  0.62 -10.50 
utt>   104                     yee00   92    0    12 6  1 1 1.538700e-12 -1.409618e+02 -1.296849e+04
INFO: cmn.c(133): CMN: 28.03  5.18  6.56 30.63 -13.28 -11.56  9.27 -9.24  2.17  2.49 -1.45  6.44 -10.39 
utt>   105                     yee01   81    0    12 6  1 2 7.945904e-13 -1.338342e+02 -1.084057e+04
INFO: cmn.c(133): CMN: 29.96  8.71 11.06 39.60 -11.23 -12.33 10.32 -6.94  4.15  0.11  2.48  8.11 -11.38 
utt>   106                     yee02   67    0    12 5  1 2 3.091976e-12 -1.337471e+02 -8.961054e+03
INFO: cmn.c(133): CMN: 25.58  4.06  5.09 28.58 -10.60 -12.20  5.69 -5.10 -1.62 -1.81 -0.01  3.91 -8.97 
utt>   107                     yee03  100    0    12 7  1 1 9.598132e-13 -1.338132e+02 -1.338132e+04
INFO: cmn.c(133): CMN: 28.53  5.75  5.04 36.82 -12.05 -17.08  8.63 -3.78 -1.78 -0.24  0.71  2.82 -10.38 
utt>   108                     yee04   73    0    12 6  1 1 1.285762e-12 -1.315951e+02 -9.606445e+03
INFO: cmn.c(133): CMN: 25.88  7.73  4.40 30.09 -9.56 -12.40  4.55 -3.74  2.20 -1.50 -0.94  3.80 -9.58 
utt>   109                     yee05   92    0    12 6  1 1 2.328069e-12 -1.328921e+02 -1.222608e+04
INFO: cmn.c(133): CMN: 23.91  6.95  8.52 24.39 -9.18 -7.76 -2.18 -3.65 -0.06 -0.62 -0.17  4.24 -9.18 
utt>   110                     yee06   92    0    12 7  1 2 7.150837e-13 -1.363405e+02 -1.254333e+04
INFO: cmn.c(133): CMN: 30.88  4.77  7.34 44.38 -13.92 -16.42  6.95 -5.22 -1.23 -2.39  3.58  7.11 -14.55 
utt>   111                     yee07   64    0    12 5  1 1 1.592308e-12 -1.410194e+02 -9.025240e+03
INFO: cmn.c(133): CMN: 29.77  5.10  8.40 35.64 -11.70 -11.43  4.29 -3.57  1.04 -0.95  2.66  5.30 -9.04 
utt>   112                     yee08   65    0    12 5  1 2 1.714583e-12 -1.374396e+02 -8.933573e+03
INFO: cmn.c(133): CMN: 25.92 -0.68 21.00 19.66 -12.93 -9.44 -2.98 -1.23  4.25  4.42  4.16 -12.92 -5.61 
utt>   113                     yee11  134    0    12 7  1 1 8.054392e-13 -1.371035e+02 -1.837187e+04
INFO: cmn.c(133): CMN: 25.66  0.74 20.00 15.59 -12.82 -8.85  1.52 -0.67  4.39  4.96  1.84 -12.46 -6.37 
utt>   114                     yee12  143    0    12 7  1 1 8.486927e-13 -1.357721e+02 -1.941541e+04
INFO: cmn.c(133): CMN: 23.94  0.77 20.65 15.34 -13.25 -7.82 -1.75 -2.08  1.81  4.89  2.43 -11.47 -7.12 
utt>   115                     yee13  158    0    12 8  1 1 4.630666e-13 -1.358506e+02 -2.146440e+04
INFO: cmn.c(133): CMN: 27.04 -1.33 23.71 19.86 -11.03 -4.41 -0.49 -1.56  2.02  7.29  3.68 -12.59 -3.19 
utt>   116                     yee14  124    0    12 7  1 1 1.025487e-12 -1.392886e+02 -1.727178e+04
INFO: cmn.c(133): CMN: 29.27  8.02 -4.59  5.54 -4.93 -7.03  2.31  5.39 -2.76  0.45 -6.02 -5.42  1.59 
utt>   117                      yo00   95    0    12 7  1 2 1.148692e-12 -1.437044e+02 -1.365192e+04
INFO: cmn.c(133): CMN: 29.96 15.36 -4.66  8.06 -1.14 -5.75 -0.67 -1.15 -2.66 -4.80 -12.07 -5.95 -0.38 
utt>   118                      yo01   77    0    12 6  1 2 1.645146e-12 -1.442698e+02 -1.110877e+04
INFO: cmn.c(133): CMN: 26.53 16.82 10.14  5.63 -9.23 -16.13 -1.70 -3.35 -5.49 -1.48 -11.66 -10.04 -1.39 
utt>   119                      yo02   83    0    12 6  1 1 1.548535e-12 -1.363514e+02 -1.131716e+04
INFO: cmn.c(133): CMN: 31.61 20.63  5.16 15.13 -4.54 -18.30  0.35 -0.28 -7.70 -11.13 -15.32 -8.78  3.51 
utt>   120                      yo03   58    0    12 5  1 2 5.770235e-13 -1.409952e+02 -8.177721e+03
INFO: cmn.c(133): CMN: 25.87 13.40  4.44  6.38 -8.48 -13.04 -2.51 -2.17 -6.08 -7.35 -13.29 -6.43  0.86 
utt>   121                      yo04   77    0    12 8  1 2 2.199768e-12 -1.389457e+02 -1.069882e+04
INFO: cmn.c(133): CMN: 30.26 16.19  8.12 14.06 -6.46 -12.17 -3.07 -2.74 -8.82 -10.22 -12.22 -8.51  3.68 
utt>   122                      yo05   62    0    12 5  1 2 3.954701e-13 -1.457759e+02 -9.038106e+03
INFO: cmn.c(133): CMN: 32.51 24.51  8.64 10.26 -1.04 -17.49 -0.74  3.40 -10.93 -7.68 -9.68 -6.47 -2.62 
utt>   123                      yo06   60    0    12 5  1 2 1.465579e-12 -1.427923e+02 -8.567538e+03
INFO: cmn.c(133): CMN: 30.74 21.23  9.63  9.71 -2.27 -16.43 -2.48 -2.83 -6.83 -6.68 -13.06 -9.75 -0.10 
utt>   124                      yo07   67    0    12 5  1 2 2.419998e-12 -1.367434e+02 -9.161810e+03
INFO: cmn.c(133): CMN: 27.82 17.04  4.96  5.26 -4.21 -11.73 -3.92 -1.33 -0.60 -5.40 -12.09 -10.02 -2.16 
utt>   125                      yo08   84    0    12 7  1 2 6.926545e-13 -1.381155e+02 -1.160170e+04
INFO: cmn.c(133): CMN: 26.51 12.40 11.44  2.31 -18.80 -11.54 -5.86 -4.72 10.32 -3.20  4.58 -9.78 -7.06 
utt>   126                      yo11  131    0    12 7  1 2 4.472431e-13 -1.385213e+02 -1.814629e+04
INFO: cmn.c(133): CMN: 27.04 14.43 12.42  1.91 -20.86 -9.90 -8.25 -4.56  3.82 -4.99  0.99 -10.40 -6.60 
utt>   127                      yo12  129    0    12 7  1 2 4.341553e-13 -1.361912e+02 -1.756867e+04
INFO: cmn.c(133): CMN: 27.97 12.99 12.25  1.61 -22.93 -9.92 -7.91 -3.80  3.39 -4.79  2.48 -9.87 -7.18 
utt>   128                      yo13  138    0    12 7  1 1 1.349400e-12 -1.374935e+02 -1.897411e+04
INFO: cmn.c(133): CMN: 28.08 13.70  9.48  0.87 -19.86 -8.15 -8.73 -1.03  2.40 -5.77 -0.75 -10.04 -4.96 
utt>   129                      yo14  136    0    12 7  1 2 9.806878e-13 -1.351689e+02 -1.838297e+04
overall> stats 13231 (-0) -1.373588e+02 -1.817394e+06

INFO: s3mixw_io.c(233): Wrote /home/alex/repos/speech/recognizer/bwaccumdir/recognizer_buff_1/mixw_counts [45x1x4 array]
INFO: s3tmat_io.c(176): Wrote /home/alex/repos/speech/recognizer/bwaccumdir/recognizer_buff_1/tmat_counts [15x3x4 array]
INFO: s3gau_io.c(485): Wrote /home/alex/repos/speech/recognizer/bwaccumdir/recognizer_buff_1/gauden_counts with means with vars (2pass) [45x1x4 vector arrays]
INFO: main.c(999): Counts saved to /home/alex/repos/speech/recognizer/bwaccumdir/recognizer_buff_1
Wed Dec 20 23:51:31 2017
