Current configuration:
[NAME]		[DEFLT]		[VALUE]
-accumdir			/home/alex/repos/speech/recognizer/bwaccumdir/recognizer_buff_1
-agc		none		none
-agcthresh	2.0		2.000000e+00
-cepdir				/home/alex/repos/speech/recognizer/feat
-cepext		mfc		mfc
-ceplen		13		13
-cmn		live		batch
-cmninit	40,3,-1		40,3,-1
-ctlfn				/home/alex/repos/speech/recognizer/etc/recognizer_train.fileids
-dictfn				
-example	no		no
-fdictfn			
-feat		1s_c_d_dd	1s_c_d_dd
-fullvar	no		no
-help		no		no
-lda				
-ldadim		0		0
-lsnfn				
-meanfn				/home/alex/repos/speech/recognizer/model_parameters/recognizer.ci_cont_flatinitial/globalmean
-moddeffn			
-npart				1
-nskip				0
-part				1
-runlen				0
-scaleseg	no		no
-segdir				
-segext		v8_seg		v8_seg
-svspec				
-ts2cbfn			
-varnorm	no		no

INFO: feat.c(715): Initializing feature stream to type: '1s_c_d_dd', ceplen=13, CMN='batch', VARNORM='no', AGC='none'
INFO: corpus.c(1062): Will process all remaining utts starting at 0
INFO: init_gau.c(145): Computing 1x1x1 variance estimates
INFO: s3gau_io.c(169): Read /home/alex/repos/speech/recognizer/model_parameters/recognizer.ci_cont_flatinitial/globalmean [1x1x1 array]
INFO: cmn.c(133): CMN: 25.13  3.81  3.06 -15.65 -17.88 -4.42 -3.43 -2.39  4.90  2.54  4.66 -0.17 -5.13 
INFO: cmn.c(133): CMN: 27.60 14.09 -4.48 -14.35 -28.00 -6.55  7.13  1.30  2.68  4.70  4.57 -1.44 -7.48 
INFO: cmn.c(133): CMN: 31.16 13.22 -8.96 -10.06 -30.24 -7.87 10.40 -1.06 -0.98  4.70  7.27  4.65 -7.44 
INFO: cmn.c(133): CMN: 31.37  4.93 -11.73 -4.66 -13.98  5.36 -2.87 -0.86 -4.47  1.31  3.84  3.84 -4.27 
INFO: cmn.c(133): CMN: 28.63 13.34 -4.91 -10.37 -27.38 -7.75  7.26 -2.21 -3.83 -1.25  6.52  2.53 -4.78 
INFO: cmn.c(133): CMN: 30.38 11.95 -8.56 -6.24 -32.31 -6.75  8.80 -1.95 -2.16  4.46 10.78  3.38 -7.09 
INFO: cmn.c(133): CMN: 25.11  7.71 -6.50 -8.79 -22.33 -4.92  5.94  1.60  2.45  6.49  4.81 -1.51 -7.24 
INFO: cmn.c(133): CMN: 25.32 10.74 -8.12 -7.34 -20.55 -5.15  4.29  0.40  0.27  2.55  4.50 -0.82 -4.27 
INFO: cmn.c(133): CMN: 27.03  8.86 -10.74 -7.48 -16.80 -3.86  5.46 -0.80 -6.11  3.10  3.66 -5.50 -5.65 
INFO: cmn.c(133): CMN: 21.36 13.07  3.25 -9.84 -18.90  2.66  5.87  6.56  3.19 -0.50 -2.01 -9.20 -2.40 
INFO: cmn.c(133): CMN: 26.39 13.76 -1.00 -13.05 -23.16  2.40  5.95  9.28  1.56  6.75  7.70 -5.18 -2.70 
INFO: cmn.c(133): CMN: 22.09 12.46  1.13 -8.99 -16.62  1.47  2.37  2.41  0.58  2.61  2.56 -8.62 -8.36 
INFO: cmn.c(133): CMN: 24.62  9.68 -1.43 -9.94 -22.32  2.40  3.22  5.71  3.43  5.49  4.60 -4.96 -4.77 
INFO: cmn.c(133): CMN: 38.18  6.36 -11.49 16.81 -11.66 -7.33 -13.79 -0.72  2.00  1.53  3.86 -0.60 -0.76 
INFO: cmn.c(133): CMN: 28.87  9.29 -6.45 16.16 -11.00 -20.80 -4.81 -6.64  5.43  2.84 -1.93  0.99 -1.94 
INFO: cmn.c(133): CMN: 29.95  9.72 -5.85 18.18 -8.68 -20.05 -14.46 -4.88  8.37 -2.55 -3.32 -4.03  2.10 
INFO: cmn.c(133): CMN: 29.13  8.67 -8.44 15.92 -8.52 -18.50 -9.09 -3.41  4.74 -1.05 -4.64 -3.73 -0.57 
INFO: cmn.c(133): CMN: 29.21  9.08 -5.92 16.78 -8.70 -20.25 -13.68 -2.15  7.02 -1.03 -1.95 -4.47  1.12 
INFO: cmn.c(133): CMN: 28.65  7.31 -6.33 18.25 -11.21 -18.14 -12.81 -3.75  8.27  3.07  0.16 -5.23  1.14 
INFO: cmn.c(133): CMN: 36.00 13.69 -7.53 30.07 -7.59 -27.00 -16.99 -2.81  7.19 -2.59 -1.20 -5.70 -0.15 
INFO: cmn.c(133): CMN: 35.68 13.75 -14.95 26.29 -7.50 -31.71 -15.11 -5.73  6.08  0.06 -0.72 -0.60  3.50 
INFO: cmn.c(133): CMN: 40.42 17.26 -14.15 29.08 -4.06 -31.48 -21.96 -1.84 10.47  0.17  0.58 -3.62  0.58 
INFO: cmn.c(133): CMN: 34.15  9.98 -0.34 11.65 -13.42 -19.01 -17.82 -4.45  9.49  3.68  8.47  3.37  6.09 
INFO: cmn.c(133): CMN: 34.83 10.34  0.70  7.67 -16.16 -21.14 -17.84  2.91 14.32  9.37 17.45  6.32  5.67 
INFO: cmn.c(133): CMN: 33.15  7.58 -2.47  7.10 -13.80 -19.48 -13.76  1.63 11.39  1.43  8.62 -1.92 -1.40 
INFO: cmn.c(133): CMN: 28.25  2.83 -0.76  8.98 -10.01 -12.79 -11.97  2.24  8.46  0.66  9.13 -1.99  0.78 
INFO: cmn.c(133): CMN: 33.14 13.70 -12.13 -11.04 -29.01 -4.24  7.11 -1.54 -3.37  3.00  9.89  3.94 -8.31 
INFO: cmn.c(133): CMN: 26.66  5.91  4.02 -22.65 -12.35 -0.60 -2.90 -0.35  3.34 -3.81 -1.65  2.47 -2.00 
INFO: cmn.c(133): CMN: 26.42  4.36 -9.48 -8.25 -14.69  4.19 -1.92 -1.55 -5.16 -2.66  5.00  1.11 -4.03 
INFO: cmn.c(133): CMN: 27.14 12.87 -10.00 -9.07 -17.99 -4.03  2.30 -2.01 -0.28 -1.17  3.11  0.36 -8.04 
INFO: cmn.c(133): CMN: 24.61  8.96 -8.68 -10.60 -15.52 -0.61  3.95 -1.64 -2.54  1.18  3.95 -1.95 -5.87 
INFO: cmn.c(133): CMN: 26.19  8.36 -11.06 -8.48 -15.85 -3.96  0.78 -1.93  0.71  4.87  2.76 -2.05 -7.64 
INFO: cmn.c(133): CMN: 34.33 11.96 -12.49 -8.59 -24.89 -7.42  5.05  0.47 -3.34  3.74  6.16  1.14 -9.71 
INFO: cmn.c(133): CMN: 27.95 10.19 -8.42 -10.53 -22.51 -7.48  5.64  1.22 -2.66  3.78  9.30  0.46 -6.15 
INFO: cmn.c(133): CMN: 32.57 14.31 -15.93 -11.76 -25.76 -9.16  8.13  0.75 -3.85  6.90 13.47 -4.24 -9.40 
INFO: cmn.c(133): CMN: 28.39  7.48 -2.83 -7.84 -21.55  1.79  4.19  1.61 -0.62 -0.66  7.76 -8.49 -5.97 
INFO: cmn.c(133): CMN: 24.44  7.19 -5.31 -7.37 -19.12 -2.97  3.19  1.21  1.96 -0.29  7.39 -4.35 -6.49 
INFO: cmn.c(133): CMN: 26.48  7.67 -5.78 -7.03 -17.35  6.49  3.42  3.79 -2.98  1.96  6.01 -6.33 -4.80 
INFO: cmn.c(133): CMN: 27.64  7.42 -3.50 -4.81 -22.86  1.59  4.00  3.15 -0.71 -0.83  6.41 -5.50 -7.76 
INFO: cmn.c(133): CMN: 29.09  3.23  3.59 -16.65 -18.86 -1.95  7.39  3.37  1.84  2.15  5.13 -5.17 -6.49 
INFO: cmn.c(133): CMN: 34.70  8.36 -12.09 -8.06 -20.86  3.54  6.92  0.40 -7.19  1.20  4.94 -0.28 -8.86 
INFO: cmn.c(133): CMN: 39.14  6.73 -10.72 -8.87 -19.34  0.67  7.14  4.22 -5.03 -2.19 10.90  1.43 -2.96 
INFO: cmn.c(133): CMN: 31.37 12.59 -6.25 -9.32 -27.60 -4.33 11.52  3.32 -4.48  2.30  2.71 -4.02 -7.39 
INFO: cmn.c(133): CMN: 33.45 14.95 -10.53 -6.32 -27.44 -8.18  7.62 -3.00 -3.86  4.93  5.08 -0.06 -8.23 
INFO: cmn.c(133): CMN: 33.54 20.08 -1.56 -6.29 -35.33 -6.30 14.82 -2.73 -7.81  3.47  7.07 -6.58 -3.28 
INFO: cmn.c(133): CMN: 30.85 15.28 -5.87 -14.15 -23.68 -1.45  6.18 -4.65 -3.68  8.36  7.33 -3.48 -6.45 
INFO: cmn.c(133): CMN: 33.76 18.53 -6.88 -12.27 -25.09 -12.50 12.03 -2.04 -6.35  3.99 11.40 -2.94 -8.29 
INFO: cmn.c(133): CMN: 34.24 18.70 -6.70 -10.62 -25.43 -8.43  9.54  3.88 -5.46  2.03 10.97  1.61 -6.19 
INFO: cmn.c(133): CMN: 33.94  8.19 -4.36 -12.66 -22.76  1.60 10.11  2.15  3.45  3.37  3.89 -9.87 -4.32 
INFO: cmn.c(133): CMN: 34.63  8.15 -5.27 -12.22 -24.47  0.18  6.47  1.52  2.79  2.48  4.76 -5.58 -3.78 
INFO: cmn.c(133): CMN: 32.84  6.03 -5.08 -8.07 -22.01  2.05  9.18  1.82 -0.53  2.15  1.72 -6.75 -5.72 
INFO: cmn.c(133): CMN: 34.18  3.81 -5.53 -12.24 -23.00  0.70  9.34  4.49  4.02  3.62  3.33 -9.29 -6.40 
INFO: cmn.c(133): CMN: 29.56  4.48  7.43 -11.54 -19.03 -1.47  5.32 -0.57  2.74  1.91  1.32 -5.54 -2.26 
INFO: cmn.c(133): CMN: 37.95 13.70 -8.11 -0.96 -22.08  3.11 18.79 -1.75 -8.58  6.75 -3.56  9.08 -6.46 
INFO: cmn.c(133): CMN: 32.57 17.27 -3.72 -3.29 -27.59 -6.35 15.33 -5.46 -2.55 14.84  5.43  2.35 -3.39 
INFO: cmn.c(133): CMN: 25.80 11.32 -1.29 -6.72 -16.86 -0.59  9.81 -2.00 -2.71 10.49  1.79 -3.29 -3.10 
INFO: cmn.c(133): CMN: 30.24 15.65 -2.59 -3.26 -22.62  0.81 13.95 -8.42 -1.71 12.02  6.86  0.39 -3.54 
INFO: cmn.c(133): CMN: 35.30 20.32 -1.72  1.25 -29.80  0.72 21.23 -10.54 -1.17 17.40  7.52  4.14 -1.36 
INFO: cmn.c(133): CMN: 31.97 17.71  0.19 -1.16 -26.71 -1.04 18.23 -10.91  0.46 16.10  9.69  2.38 -2.73 
INFO: cmn.c(133): CMN: 32.73 19.07 -0.36 -2.17 -24.18 -2.68 15.57 -8.86 -1.75 16.22  9.04  4.58 -1.93 
INFO: cmn.c(133): CMN: 33.46 20.00 -1.80  0.27 -24.66 -5.41 20.01 -12.02 -7.30 20.95  9.36  4.46  0.74 
INFO: cmn.c(133): CMN: 29.85 11.98 -4.10 -7.91 -19.70  6.06 -2.38 -1.61 -1.29  5.77  0.03 -3.10 -3.59 
INFO: cmn.c(133): CMN: 32.32  9.61 -3.40 -5.08 -28.09  9.98  7.48  5.31 -3.08 -1.36 -5.06 -9.56 -4.27 
INFO: cmn.c(133): CMN: 30.34  8.10 -2.25 -5.09 -26.61  8.33  5.76  2.69 -2.17 -1.20 -2.82 -7.23 -3.67 
INFO: cmn.c(133): CMN: 30.40  8.34 -1.10 -3.96 -24.48  7.35  5.09  3.46 -5.02 -3.05 -5.62 -8.18 -2.36 
INFO: cmn.c(133): CMN: 36.96 10.39 -5.11  2.01 -18.54  2.90  7.47  7.71 -2.16  2.58  1.27 -2.14 -2.72 
INFO: cmn.c(133): CMN: 34.91  8.47 -4.02  2.30 -15.20  1.08  3.54  6.63 -1.48 -3.16  1.95 -2.20 -1.21 
INFO: cmn.c(133): CMN: 34.72  7.85 -3.77  0.09 -17.86  3.57  5.19  2.28 -0.41 -0.45  2.45 -1.16  0.61 
INFO: cmn.c(133): CMN: 27.41 13.17  5.46  0.95 -19.84  0.77  6.94 -0.18  2.80  0.88 -7.98 -4.45  0.79 
INFO: cmn.c(133): CMN: 31.13 14.54  2.69  1.79 -20.43  0.87  8.59  2.24 -0.03  3.53 -7.67 -5.99  2.25 
INFO: cmn.c(133): CMN: 28.75 14.74  5.99 -3.75 -13.41  0.33  0.36  2.22  0.92  1.75 -1.65 -3.58  1.03 
INFO: cmn.c(133): CMN: 31.91 15.30  6.45  0.65 -27.30 -1.03 10.18 -1.13 -1.47 -0.32 -1.60 -1.29  0.53 
INFO: cmn.c(133): CMN: 32.10 16.70  3.86 -0.76 -24.56 -1.77  8.53 -2.83  4.37 -0.98 -2.09 -2.12  0.37 
INFO: cmn.c(133): CMN: 28.78 12.07  6.85  0.11 -23.18  0.66  5.65  1.61  2.33 -0.04 -3.12 -2.20 -2.51 
INFO: cmn.c(133): CMN: 34.79 10.69  2.34 -5.00 -23.48  6.76 -0.61 -3.03  5.13  6.23  8.65 -6.57 -10.59 
INFO: cmn.c(133): CMN: 32.53 11.20  2.29 -4.50 -21.85  6.20  0.81 -1.93  4.28  3.29  4.21 -7.38 -7.51 
INFO: cmn.c(133): CMN: 34.62  9.53 -1.12 -4.52 -22.20  7.11  0.92 -1.27  2.68  3.39  6.25 -6.09 -7.14 
INFO: cmn.c(133): CMN: 32.12  9.53  0.25 -5.77 -20.58  6.22  0.17 -9.64  6.49  9.79  5.82 -10.85 -13.72 
INFO: cmn.c(133): CMN: 30.85  9.29 19.74 -3.44 -13.49 -0.63  2.52  7.58  0.83  3.15  2.05 -8.33  1.98 
INFO: cmn.c(133): CMN: 41.13  8.31  4.30 -0.32 -12.27  9.69  6.80  2.89 -3.80 -1.67  2.54 -5.38  0.66 
INFO: cmn.c(133): CMN: 39.88  8.61 -3.50  4.21 -13.93  4.17 11.95  3.65 -4.31  2.29  0.66 -6.47 -2.84 
INFO: cmn.c(133): CMN: 38.82 11.49 -5.39  6.87 -14.70  2.16  9.89  4.43 -6.55  0.91  2.44 -4.51 -2.05 
INFO: cmn.c(133): CMN: 39.64 10.80 -1.22  3.39 -11.84  6.35  9.62 -1.07 -4.34  2.62  1.31 -4.79 -1.86 
INFO: cmn.c(133): CMN: 38.21  6.93  3.35  1.84 -9.07  2.10  9.18  3.96 -6.12 -0.43  2.09 -4.49 -3.41 
INFO: cmn.c(133): CMN: 36.30  6.98  2.02  2.00 -10.24  4.88  8.84  3.29 -1.59 -1.17  2.57 -3.99 -3.70 
INFO: cmn.c(133): CMN: 26.29 14.16  4.54 -1.29 -13.87 -0.76  4.20  0.74 -3.18  3.72 -4.67 -5.17  2.72 
INFO: cmn.c(133): CMN: 25.07 13.82  6.61  0.11 -9.98 -3.02  2.95  3.60 -3.01  3.64  1.41 -4.17 -0.02 
INFO: cmn.c(133): CMN: 32.24 13.55  3.08  2.70 -17.43  6.37  0.06 -8.67  7.94  8.89  3.40 -11.90 -9.14 
INFO: cmn.c(133): CMN: 32.49 10.79  0.85  4.16 -20.22  9.70 -0.44 -11.04  4.99  4.89  5.00 -9.01 -5.21 
INFO: cmn.c(133): CMN: 30.38 10.64  2.12  1.68 -17.37  8.03  1.97 -12.09  6.91  6.84  4.66 -5.90 -6.52 
INFO: cmn.c(133): CMN: 33.79 10.22  3.14  1.73 -20.62 10.47  1.10 -13.38  2.63  1.69  2.87 -9.43 -8.82 
INFO: cmn.c(133): CMN: 35.01  7.76 -12.24  0.83 -13.09  0.52  0.37 -7.97  0.78  7.63  2.18 -1.47 -5.14 
INFO: cmn.c(133): CMN: 38.36  8.49 -14.23  2.98 -11.01  1.19 -0.62 -7.60  2.11  7.61  1.85 -2.33 -3.89 
INFO: cmn.c(133): CMN: 29.05 12.31 -8.12 -0.06 -15.37 -9.94  1.81 -6.85  1.46 11.28  1.71 -2.16 -7.28 
INFO: cmn.c(133): CMN: 39.33 21.09 -18.82  5.24 -8.86 -14.81 -2.94 -5.23  1.99 10.23  9.20 -7.87 -8.88 
INFO: cmn.c(133): CMN: 40.39 17.28 -19.27  7.12 -17.11 -7.91 -0.90 -9.09  4.97 11.60  8.11 -6.26 -6.46 
INFO: cmn.c(133): CMN: 35.68 13.05 -12.89  3.61 -13.59 -7.42 -1.61 -8.04  5.45  6.00  6.01 -2.01 -8.19 
INFO: cmn.c(133): CMN: 34.11 10.13 -11.26  3.20 -12.39 -7.41 -3.80 -3.93 -2.02 12.49  1.92 -3.69 -6.59 
INFO: cmn.c(133): CMN: 34.09 11.28 -16.56  1.47 -13.82 -4.37 -5.40 -4.90  4.51  5.62  6.61 -6.49 -6.42 
[100] INFO: cmn.c(133): CMN: 36.77 18.74 -14.54  3.56 -12.00 -4.68 -2.47 -4.92  5.23 10.01  7.61 -4.71 -9.31 
INFO: cmn.c(133): CMN: 27.46  8.14 -1.51 -4.97 -14.92  3.28  0.68 -1.33  1.81  0.12  4.11 -9.74 -5.26 
INFO: cmn.c(133): CMN: 31.61 15.16 -3.05 -8.53 -23.57 -7.10 -6.30 -3.30  3.97  7.63 13.25  0.55  2.44 
INFO: cmn.c(133): CMN: 32.37 12.34 -2.24 -8.71 -24.43 -6.63 -7.00 -4.60  5.63 10.40 17.51 -1.79  0.10 
INFO: cmn.c(133): CMN: 30.73 16.21  0.28 -6.67 -25.92 -8.72 -5.76 -0.83  4.18 10.38 15.48 -0.07  1.70 
INFO: cmn.c(133): CMN: 32.14 -1.70  2.93 28.40 -10.95 -2.83 -0.72 -3.04  7.94 -0.43 -4.35  0.62 -10.50 
INFO: cmn.c(133): CMN: 28.03  5.18  6.56 30.63 -13.28 -11.56  9.27 -9.24  2.17  2.49 -1.45  6.44 -10.39 
INFO: cmn.c(133): CMN: 29.96  8.71 11.06 39.60 -11.23 -12.33 10.32 -6.94  4.15  0.11  2.48  8.11 -11.38 
INFO: cmn.c(133): CMN: 25.58  4.06  5.09 28.58 -10.60 -12.20  5.69 -5.10 -1.62 -1.81 -0.01  3.91 -8.97 
INFO: cmn.c(133): CMN: 28.53  5.75  5.04 36.82 -12.05 -17.08  8.63 -3.78 -1.78 -0.24  0.71  2.82 -10.38 
INFO: cmn.c(133): CMN: 25.88  7.73  4.40 30.09 -9.56 -12.40  4.55 -3.74  2.20 -1.50 -0.94  3.80 -9.58 
INFO: cmn.c(133): CMN: 23.91  6.95  8.52 24.39 -9.18 -7.76 -2.18 -3.65 -0.06 -0.62 -0.17  4.24 -9.18 
INFO: cmn.c(133): CMN: 30.88  4.77  7.34 44.38 -13.92 -16.42  6.95 -5.22 -1.23 -2.39  3.58  7.11 -14.55 
INFO: cmn.c(133): CMN: 29.77  5.10  8.40 35.64 -11.70 -11.43  4.29 -3.57  1.04 -0.95  2.66  5.30 -9.04 
INFO: cmn.c(133): CMN: 25.92 -0.68 21.00 19.66 -12.93 -9.44 -2.98 -1.23  4.25  4.42  4.16 -12.92 -5.61 
INFO: cmn.c(133): CMN: 25.66  0.74 20.00 15.59 -12.82 -8.85  1.52 -0.67  4.39  4.96  1.84 -12.46 -6.37 
INFO: cmn.c(133): CMN: 23.94  0.77 20.65 15.34 -13.25 -7.82 -1.75 -2.08  1.81  4.89  2.43 -11.47 -7.12 
INFO: cmn.c(133): CMN: 27.04 -1.33 23.71 19.86 -11.03 -4.41 -0.49 -1.56  2.02  7.29  3.68 -12.59 -3.19 
INFO: cmn.c(133): CMN: 29.27  8.02 -4.59  5.54 -4.93 -7.03  2.31  5.39 -2.76  0.45 -6.02 -5.42  1.59 
INFO: cmn.c(133): CMN: 29.96 15.36 -4.66  8.06 -1.14 -5.75 -0.67 -1.15 -2.66 -4.80 -12.07 -5.95 -0.38 
INFO: cmn.c(133): CMN: 26.53 16.82 10.14  5.63 -9.23 -16.13 -1.70 -3.35 -5.49 -1.48 -11.66 -10.04 -1.39 
INFO: cmn.c(133): CMN: 31.61 20.63  5.16 15.13 -4.54 -18.30  0.35 -0.28 -7.70 -11.13 -15.32 -8.78  3.51 
INFO: cmn.c(133): CMN: 25.87 13.40  4.44  6.38 -8.48 -13.04 -2.51 -2.17 -6.08 -7.35 -13.29 -6.43  0.86 
INFO: cmn.c(133): CMN: 30.26 16.19  8.12 14.06 -6.46 -12.17 -3.07 -2.74 -8.82 -10.22 -12.22 -8.51  3.68 
INFO: cmn.c(133): CMN: 32.51 24.51  8.64 10.26 -1.04 -17.49 -0.74  3.40 -10.93 -7.68 -9.68 -6.47 -2.62 
INFO: cmn.c(133): CMN: 30.74 21.23  9.63  9.71 -2.27 -16.43 -2.48 -2.83 -6.83 -6.68 -13.06 -9.75 -0.10 
INFO: cmn.c(133): CMN: 27.82 17.04  4.96  5.26 -4.21 -11.73 -3.92 -1.33 -0.60 -5.40 -12.09 -10.02 -2.16 
INFO: cmn.c(133): CMN: 26.51 12.40 11.44  2.31 -18.80 -11.54 -5.86 -4.72 10.32 -3.20  4.58 -9.78 -7.06 
INFO: cmn.c(133): CMN: 27.04 14.43 12.42  1.91 -20.86 -9.90 -8.25 -4.56  3.82 -4.99  0.99 -10.40 -6.60 
INFO: cmn.c(133): CMN: 27.97 12.99 12.25  1.61 -22.93 -9.92 -7.91 -3.80  3.39 -4.79  2.48 -9.87 -7.18 
INFO: cmn.c(133): CMN: 28.08 13.70  9.48  0.87 -19.86 -8.15 -8.73 -1.03  2.40 -5.77 -0.75 -10.04 -4.96 
INFO: s3gau_io.c(485): Wrote /home/alex/repos/speech/recognizer/bwaccumdir/recognizer_buff_1/gauden_counts with vars (2pass) [1x1x1 vector arrays]
Wed Dec 20 23:51:29 2017
