Current configuration:
[NAME]		[DEFLT]	[VALUE]
-dcountfn		/home/alex/repos/speech/recognizer/model_parameters/recognizer.ci_cont/mixture_weights
-example	no	no
-fullvar	no	no
-help		no	no
-inmeanfn		/home/alex/repos/speech/recognizer/model_parameters/recognizer.ci_cont/means
-inmixwfn		/home/alex/repos/speech/recognizer/model_parameters/recognizer.ci_cont/mixture_weights
-invarfn		/home/alex/repos/speech/recognizer/model_parameters/recognizer.ci_cont/variances
-ninc		1	2
-outmeanfn		/home/alex/repos/speech/recognizer/model_parameters/recognizer.ci_cont_initial/means
-outmixwfn		/home/alex/repos/speech/recognizer/model_parameters/recognizer.ci_cont_initial/mixture_weights
-outvarfn		/home/alex/repos/speech/recognizer/model_parameters/recognizer.ci_cont_initial/variances

INFO: main.c(86): Reading mixing weight file /home/alex/repos/speech/recognizer/model_parameters/recognizer.ci_cont/mixture_weights.
INFO: s3mixw_io.c(117): Read /home/alex/repos/speech/recognizer/model_parameters/recognizer.ci_cont/mixture_weights [45x1x2 array]
INFO: s3gau_io.c(169): Read /home/alex/repos/speech/recognizer/model_parameters/recognizer.ci_cont/means [45x1x2 array]
INFO: s3gau_io.c(169): Read /home/alex/repos/speech/recognizer/model_parameters/recognizer.ci_cont/variances [45x1x2 array]
INFO: s3gau_io.c(553): Read /home/alex/repos/speech/recognizer/model_parameters/recognizer.ci_cont/mixture_weights [45x1x2 array]
INFO: main.c(151): output n_density == 4
0:0(1.01e+03)1(3.23e+02)
1:0(1.43e+03)1(1.30e+03)
2:1(1.69e+03)0(6.85e+02)
3:0(1.58e+02)1(1.12e+02)
4:0(1.43e+02)1(9.69e+01)
5:1(4.63e+02)0(4.50e+02)
6:0(2.75e+01)1(1.80e+01)
7:1(2.50e+01)0(2.30e+01)
8:1(3.58e+01)0(2.01e+01)
9:0(4.77e+01)1(2.32e+01)
10:1(4.27e+01)0(3.56e+01)
11:0(8.59e+01)1(6.15e+01)
12:1(3.17e+01)0(2.48e+01)
13:0(4.42e+01)1(2.98e+01)
14:1(1.70e+02)0(1.49e+02)
15:0(3.14e+01)1(2.00e+01)
16:1(4.19e+01)0(3.80e+01)
17:1(8.71e+01)0(7.71e+01)
18:1(2.89e+01)0(1.90e+01)
19:0(4.66e+01)1(1.61e+01)
20:1(2.11e+02)0(9.75e+01)
21:0(1.05e+02)1(6.51e+01)
22:0(5.79e+01)1(2.10e+01)
23:1(1.49e+02)0(1.44e+02)
24:0(4.75e+01)1(1.66e+01)
25:1(6.75e+01)0(5.83e+01)
26:1(1.72e+02)0(1.40e+02)
27:1(8.24e+01)0(3.96e+01)
28:0(7.35e+01)1(6.60e+01)
29:0(7.04e+01)1(5.32e+01)
30:1(8.10e+01)0(6.48e+01)
31:0(4.60e+01)1(3.78e+01)
32:1(1.18e+02)0(9.41e+01)
33:0(2.90e+01)1(1.90e+01)
34:0(4.98e+01)1(3.78e+01)
35:0(1.14e+02)1(1.09e+02)
36:1(2.42e+01)0(1.34e+01)
37:0(3.33e+01)1(2.86e+01)
38:1(5.35e+01)0(4.24e+01)
39:1(3.30e+02)0(3.18e+02)
40:1(4.36e+01)0(2.46e+01)
41:0(2.79e+01)1(1.39e+01)
42:0(1.30e+02)1(4.13e+01)
43:1(1.14e+02)0(1.10e+02)
44:0(1.05e+02)1(6.72e+01)INFO: s3mixw_io.c(233): Wrote /home/alex/repos/speech/recognizer/model_parameters/recognizer.ci_cont_initial/mixture_weights [45x1x4 array]
INFO: s3gau_io.c(228): Wrote /home/alex/repos/speech/recognizer/model_parameters/recognizer.ci_cont_initial/means [45x1x4 array]
INFO: s3gau_io.c(228): Wrote /home/alex/repos/speech/recognizer/model_parameters/recognizer.ci_cont_initial/variances [45x1x4 array]

Wed Dec 20 23:51:30 2017
