Current configuration:
[NAME]		[DEFLT]	[VALUE]
-dictfn			/home/alex/repos/speech/an4/etc/an4.dic
-example	no	no
-fdictfn		/home/alex/repos/speech/an4/etc/an4.filler
-help		no	no
-ignorewpos	no	no
-inCDmdef		
-inCImdef		
-lsnfn			/home/alex/repos/speech/an4/etc/an4_train.transcription
-maxtriphones	100000	100000
-minocc		1	1
-n_state_pm	3	3
-oalltphnmdef		
-ocimdef		
-ocountfn		
-ountiedmdef		/home/alex/repos/speech/an4/model_architecture/an4.untied.mdef
-phnlstfn		/home/alex/repos/speech/an4/etc/an4.phone
-triphnlstfn		

INFO: main.c(95): Will write untied mdef file /home/alex/repos/speech/an4/model_architecture/an4.untied.mdef
INFO: mk_mdef_gen.c(189): 0 single word triphones in input phone list
INFO: mk_mdef_gen.c(190): 0 word beginning triphones in input phone list
INFO: mk_mdef_gen.c(191): 0 word internal triphones in input phone list
INFO: mk_mdef_gen.c(192): 0 word ending triphones in input phone list
INFO: mk_mdef_gen.c(280): Reading dict /home/alex/repos/speech/an4/etc/an4.dic
INFO: mk_mdef_gen.c(322): 130 words in dict /home/alex/repos/speech/an4/etc/an4.dic
INFO: mk_mdef_gen.c(280): Reading dict /home/alex/repos/speech/an4/etc/an4.filler
INFO: mk_mdef_gen.c(322): 3 words in dict /home/alex/repos/speech/an4/etc/an4.filler
INFO: mk_mdef_gen.c(442): 133 words in dictionary
INFO: mk_mdef_gen.c(443): 2900 unique single word triphones in dictionary
INFO: mk_mdef_gen.c(444): 1420 unique word beginning triphones in dictionary
INFO: mk_mdef_gen.c(445): 167 unique word internal triphones in dictionary
INFO: mk_mdef_gen.c(446): 1885 unique word ending triphones in dictionary
INFO: mk_mdef_gen.c(479): Out of vocabulary words in transcript will be mapped to SIL!
INFO: mk_mdef_gen.c(593): 8286 words in transcripts
INFO: mk_mdef_gen.c(594): 851 single word triphones in transcripts
INFO: mk_mdef_gen.c(595): 4591 word beginning triphones in transcripts
INFO: mk_mdef_gen.c(596): 4280 word internal triphones in transcripts
INFO: mk_mdef_gen.c(597): 4591 word ending triphones in transcripts
INFO: mk_mdef_gen.c(640): 14313 triphones extracted from transcripts
INFO: mk_mdef_gen.c(641): 1584 unique triphones extracted from transcripts
INFO: mk_mdef_gen.c(642): 473 triphones occur once in the transcripts
INFO: mk_mdef_gen.c(643): 263 triphones occur twice in the transcripts
INFO: mk_mdef_gen.c(644): 175 triphones occur thrice in the transcripts
INFO: mk_mdef_gen.c(645): The rest of the triphones occur more than three times
INFO: mk_mdef_gen.c(646): Count threshold is 1
INFO: mk_mdef_gen.c(897): 34 n_base, 1584 n_tri
INFO: mk_mdef_gen.c(969): Wrote mdef file /home/alex/repos/speech/an4/model_architecture/an4.untied.mdef
Wed Dec 20 23:52:08 2017
