Current configuration:
[NAME]		[DEFLT]		[VALUE]
-accumdir			/home/alex/repos/speech/an4/bwaccumdir/an4_buff_1
-agc		none		none
-agcthresh	2.0		2.000000e+00
-cepdir				/home/alex/repos/speech/an4/feat
-cepext		mfc		mfc
-ceplen		13		13
-cmn		live		batch
-cmninit	40,3,-1		40,3,-1
-ctlfn				/home/alex/repos/speech/an4/etc/an4_train.fileids
-dictfn				
-example	no		no
-fdictfn			
-feat		1s_c_d_dd	1s_c_d_dd
-fullvar	no		no
-help		no		no
-lda				
-ldadim		0		0
-lsnfn				
-meanfn				/home/alex/repos/speech/an4/model_parameters/an4.ci_cont_flatinitial/globalmean
-moddeffn			
-npart				1
-nskip				0
-part				1
-runlen				0
-scaleseg	no		no
-segdir				
-segext		v8_seg		v8_seg
-svspec				
-ts2cbfn			
-varnorm	no		no

INFO: feat.c(715): Initializing feature stream to type: '1s_c_d_dd', ceplen=13, CMN='batch', VARNORM='no', AGC='none'
INFO: corpus.c(1062): Will process all remaining utts starting at 0
INFO: init_gau.c(145): Computing 1x1x1 variance estimates
INFO: s3gau_io.c(169): Read /home/alex/repos/speech/an4/model_parameters/an4.ci_cont_flatinitial/globalmean [1x1x1 array]
INFO: cmn.c(133): CMN: 27.49 -3.59  3.75 -0.30 -0.87 -5.74 -5.25 -0.84 -1.40  4.68 -9.71 -1.12  5.31 
INFO: cmn.c(133): CMN: 31.64  2.18 -1.84 -4.91 -5.02  3.29 -13.93  1.59 -9.23  8.45 -6.47 -2.49  8.77 
INFO: cmn.c(133): CMN: 29.10 -4.35  2.79 -0.62 -2.05 -5.96 -6.57 -2.10 -2.77  3.63 -8.87  0.41  6.05 
INFO: cmn.c(133): CMN: 41.65 -1.54  3.46  8.25 -4.14 -5.34 -10.67  4.45 -11.83  4.98 -8.17 -0.08  3.34 
INFO: cmn.c(133): CMN: 34.13 -3.07  2.66  9.77 -7.56 -7.60  0.51  2.25 -7.92  3.53 -4.60  0.23 -0.09 
INFO: cmn.c(133): CMN: 37.71  7.28  1.43  9.93 -11.31 -6.93  0.50  2.96  1.82  0.72 -2.83  4.22 -2.29 
INFO: cmn.c(133): CMN: 38.21 10.01  5.67  8.70 -8.57  0.27 -1.17  1.27 -17.49  4.14 -1.03 -2.16  2.77 
INFO: cmn.c(133): CMN: 37.94 -2.79  7.86 13.73 -8.79 -6.47  0.72  0.60 -10.50  4.41 -1.15 -1.54  1.99 
INFO: cmn.c(133): CMN: 39.20  0.44  2.65  7.81 -6.81 -10.27 -0.78  4.46 -6.87 -5.18 -1.57  1.83 -0.55 
INFO: cmn.c(133): CMN: 49.26 -4.64 11.26 20.23  1.57 -5.97 -1.50 -2.29 -11.90  0.45 -11.20 -6.88  4.52 
INFO: cmn.c(133): CMN: 46.85  0.84  1.90  3.92 -0.98  2.14 -12.39  0.28 -4.45 -2.95  0.08 -3.45  6.31 
INFO: cmn.c(133): CMN: 53.48  1.41 -3.04  9.04 -5.36 -1.39 -8.63  1.23 -7.73  3.43 -2.83 -2.22  1.54 
INFO: cmn.c(133): CMN: 48.58 -1.69  1.83 17.31 -3.65 -1.96 -5.72  0.63 -6.40  0.57 -5.75 -3.53  4.91 
INFO: cmn.c(133): CMN: 42.70  6.30  0.74  7.91 -8.49  1.24 -5.78 -2.17 -6.56  1.60 -6.61  4.77  1.82 
INFO: cmn.c(133): CMN: 47.40  6.67 -3.25 11.87 -9.46  0.99 -5.54  2.43 -8.57  2.96 -5.33 -1.50  1.77 
INFO: cmn.c(133): CMN: 47.96  4.56  1.04 15.70 -7.74  2.09 -6.59  1.04 -8.90  2.02 -8.67  0.30 -1.42 
INFO: cmn.c(133): CMN: 43.49 -7.54  2.67  7.59  2.45 -2.68 -7.99  2.04 -3.48 -1.38 -6.27  1.90  5.79 
INFO: cmn.c(133): CMN: 44.75 -0.40 -0.03 12.86 -4.45 -1.59 -7.95  1.74 -7.54  1.59 -5.08  2.68  1.06 
INFO: cmn.c(133): CMN: 50.60 -0.38 -0.77 16.15 -5.40 -6.98 -8.15  2.19 -4.57  2.98 -7.57  1.04 -0.84 
INFO: cmn.c(133): CMN: 47.27 11.80 -1.36 -4.88 -8.81  4.82 -10.97  1.82 -3.87  4.16 -1.47 -0.67  3.21 
INFO: cmn.c(133): CMN: 48.21 -0.25 -0.17 10.97  0.72  1.78 -14.39  2.90 -5.77 -5.29 -5.80 -4.24  4.25 
INFO: cmn.c(133): CMN: 45.26  0.79 -2.55  9.92  0.73 -1.58 -9.69 -0.02 -4.73  3.23 -6.59  3.65  2.55 
INFO: cmn.c(133): CMN: 50.85  5.24 -1.83  9.39 -15.53  3.47 -12.83  1.17  6.64 -5.34 -3.42 10.35  1.68 
INFO: cmn.c(133): CMN: 47.02 -8.57  7.86 15.72 -11.13 -0.79 -8.42  0.92 -4.53 -5.59 -5.11  4.32  1.12 
INFO: cmn.c(133): CMN: 55.00  1.92  0.14 14.69 -15.93 -1.49 -12.33 -2.37  0.19 -4.17 -2.22  6.44  1.52 
INFO: cmn.c(133): CMN: 51.82  5.33 -3.92 21.66 -14.67 -1.48 -8.13  4.12  0.87 -10.98 -2.28  7.02  0.40 
INFO: cmn.c(133): CMN: 52.93 -0.18  3.75 14.64 -13.75 -0.74 -8.97  1.73 -6.71 -5.66 -1.59  5.82 -1.53 
INFO: cmn.c(133): CMN: 45.57  9.33 -0.42 11.49 -18.14  5.41 -7.11 -1.56  0.77 -8.58 -1.62  4.44  2.41 
INFO: cmn.c(133): CMN: 45.19  5.29  0.19 10.95 -9.17 -0.88 -4.62 -2.24 -0.62 -6.65 -1.32  1.05  2.56 
INFO: cmn.c(133): CMN: 47.91  4.92 -8.67  7.20 -11.53  2.78 -5.77 -7.84  9.67 -0.87 -4.72  0.68  1.83 
INFO: cmn.c(133): CMN: 48.35 13.36 -4.09  8.63 -25.89  5.21 -5.11 -9.67  3.19 -8.28  1.36  1.79 -1.14 
INFO: cmn.c(133): CMN: 48.48  1.37  3.48 20.65 -15.92  2.16 -3.98 -5.09 -4.96 -5.03 -1.00 -1.88  0.07 
INFO: cmn.c(133): CMN: 48.70  7.81  2.19  9.58 -13.90  3.30 -4.13 -11.85  4.61 -0.13 -2.60  6.41 -2.15 
INFO: cmn.c(133): CMN: 48.78 -1.00 -0.35  9.37 -9.55 -2.92 -9.32 -0.71  1.84 -3.92 -3.95  8.30 -0.28 
INFO: cmn.c(133): CMN: 49.82 -2.05  4.14  8.48 -9.41  1.71 -9.45  2.18 -0.82 -5.59 -1.27  8.51 -0.65 
INFO: cmn.c(133): CMN: 42.32  3.30 -4.29 10.00 -10.59  3.10 -0.52 -1.58 -0.14  4.06  0.80 -3.56  9.21 
INFO: cmn.c(133): CMN: 44.60 -5.45  2.04 16.99 -13.59  1.24 -2.35 -2.24 -4.97  1.33 -0.25 -1.17  7.75 
INFO: cmn.c(133): CMN: 40.99  6.62 -5.78  6.58 -10.39  4.18 -9.28 -0.57 -4.34  7.89  0.15 -0.94  7.81 
INFO: cmn.c(133): CMN: 42.82  1.34  3.35 18.34 -15.38  4.36 -2.95 -4.04 -5.53  2.83  1.16 -3.79  9.32 
INFO: cmn.c(133): CMN: 46.68  2.63 -3.70  8.52 -13.04 -0.40 -7.43  1.96 -3.20  1.19  0.45 -4.37  8.10 
INFO: cmn.c(133): CMN: 47.34 -1.60 -3.15 20.22 -16.12 -6.25  1.71 -2.66 -3.16  1.98 -0.71 -1.20  5.21 
INFO: cmn.c(133): CMN: 45.04 -3.41 -2.43 25.69 -17.43 -3.51 -2.04 -6.94 -2.53 -0.46  0.44 -0.11  5.42 
INFO: cmn.c(133): CMN: 42.93  1.19 -4.39  4.26 -4.11  0.32 -7.17 -0.03 -0.93  3.53 -1.04 -2.59  8.39 
INFO: cmn.c(133): CMN: 45.14  3.59 -7.73 18.99 -17.95  1.47  0.53 -3.87 -2.90  4.84 -1.85 -4.03  6.85 
INFO: cmn.c(133): CMN: 44.15 -5.49  3.04 24.87 -14.71  2.34  0.93 -6.70 -3.73  1.28  0.61 -4.19  8.31 
INFO: cmn.c(133): CMN: 44.14  4.40 -4.17 14.52 -9.87  1.27 -3.80 -5.79 -0.77 -1.37 -2.60 -2.68  5.91 
INFO: cmn.c(133): CMN: 45.09 -4.27  0.26 22.51 -7.75 -3.43 -4.51 -0.79 -5.90  0.20  1.67 -1.07  7.42 
INFO: cmn.c(133): CMN: 45.34 -8.77  2.55 22.41 -9.44 -0.71 -4.43 -3.47 -4.92 -2.21  3.26 -1.44  6.40 
INFO: cmn.c(133): CMN: 46.60  8.46 -7.63 10.35 -7.12  4.29 -10.40  4.54  2.33 -1.07 -1.81 -4.90  7.85 
INFO: cmn.c(133): CMN: 46.63  0.67  5.27 22.29 -4.95 -0.71 -6.75  5.50 -11.85  1.29 -2.92 -4.12  9.87 
INFO: cmn.c(133): CMN: 49.04  5.82  0.14 14.34 -7.39 -0.79 -8.25  4.75 -5.05  0.24  1.13 -2.59  6.98 
INFO: cmn.c(133): CMN: 50.14 -1.24  7.31 16.29 -8.21 -0.50 -2.60  1.54 -5.04  5.92 -2.44 -1.88 10.44 
INFO: cmn.c(133): CMN: 48.86  4.17  4.97 19.11 -8.21  1.88 -7.43 -0.50 -4.41  2.14 -2.64 -1.72  9.50 
INFO: cmn.c(133): CMN: 41.69  6.60  4.73 27.60 -8.43  6.95  1.18 -2.04 -8.24 -1.34 -1.62 -5.02  6.38 
INFO: cmn.c(133): CMN: 44.28  6.36  3.11 16.60 -13.40  2.00 -3.15 -0.11 -4.99 -0.94  0.55 -0.09  7.36 
INFO: cmn.c(133): CMN: 47.37 -4.26  3.91 16.71 -2.74 -0.19 -10.49  6.68 -8.69 -2.36 -1.33 -1.43  8.07 
INFO: cmn.c(133): CMN: 44.91  2.04  0.30 13.07 -12.08 -1.29 -1.26 -3.24 -1.38  4.64 -1.79 -0.07  6.93 
INFO: cmn.c(133): CMN: 44.18  0.81  4.98 23.17 -12.77 -1.22  3.58 -6.36 -4.14 -0.60 -0.34 -3.70 10.43 
INFO: cmn.c(133): CMN: 48.47  4.91  1.29 14.37 -8.34  5.03 -9.86  2.29 -0.03  2.98 -2.36 -3.69  9.74 
INFO: cmn.c(133): CMN: 47.46  4.63  3.51 13.03 -5.11  2.67 -6.80  3.37 -4.38 -2.32 -0.53 -2.33  9.71 
INFO: cmn.c(133): CMN: 44.60 -1.91  4.27 11.57 -4.23  0.12 -5.28  6.92 -5.23  1.56  1.45 -2.26  7.77 
INFO: cmn.c(133): CMN: 41.74 -3.65  0.40  2.71 -3.05  0.70 -1.00 -2.79 -3.66 -2.24 -4.25 -0.41  1.07 
INFO: cmn.c(133): CMN: 49.71  1.23 -3.22 11.04 -9.85 -4.74 -1.67  3.59  2.90 -0.08 -3.45  2.76  4.52 
INFO: cmn.c(133): CMN: 49.22  1.09 -0.00 10.81 -19.26  4.22 -5.62  4.33 -6.77  2.12 -5.73  1.79  1.63 
INFO: cmn.c(133): CMN: 47.02  3.62 -1.30 13.53 -15.44  3.11 -0.87 -0.95 -4.87  2.62 -3.33  0.10  3.33 
INFO: cmn.c(133): CMN: 36.83 -1.19 -2.15 -4.43 -4.47  5.44 -0.96 -3.39  1.24 -2.59 -3.01  4.46 -1.74 
INFO: cmn.c(133): CMN: 52.62  6.52 -3.85  5.84 -19.74 -5.55 -2.49  2.00 -2.87 10.40 -4.94  3.71 -4.18 
INFO: cmn.c(133): CMN: 51.48  2.96  0.47 12.27 -14.40 -1.92 -10.81 -3.25 -13.86  6.36 -7.75 -0.30 -0.69 
INFO: cmn.c(133): CMN: 45.68 -2.34 -5.32  1.67 -5.11 -0.91 -0.70  1.43 -0.89 -1.85 -4.08 -0.39 -0.58 
INFO: cmn.c(133): CMN: 51.85  4.37 -4.83  9.17 -18.94 -1.04 -5.28  4.26  2.07  2.51 -2.15  2.58 -2.23 
INFO: cmn.c(133): CMN: 50.56 -2.55  2.53 12.94 -11.83 -5.61 -2.95  0.34 -5.95  3.81 -7.49  6.02 -2.18 
INFO: cmn.c(133): CMN: 39.04  0.32 -3.96  3.48 -4.83 -0.00 -5.13 -0.08 -1.15 -1.88 -6.36  1.35 -4.64 
INFO: cmn.c(133): CMN: 48.08 -1.69 -0.38  8.50 -8.31 -2.83 -8.17  4.98 -4.86 -2.25 -3.57  3.94 -0.39 
INFO: cmn.c(133): CMN: 46.96 -2.08 -0.54 12.43 -5.59 -2.72 -6.67  5.91  0.75 -2.23 -2.43  4.92 -3.03 
INFO: cmn.c(133): CMN: 32.85  6.10 -4.98 -4.07 -8.46  6.58  3.97  0.42  5.84  0.74 -5.03  5.31  3.73 
INFO: cmn.c(133): CMN: 43.46  4.02 -6.93 12.67 -6.03 -3.51 -5.55  4.12 -3.97  0.63 -7.97  5.30  4.19 
INFO: cmn.c(133): CMN: 40.38  2.47 -4.70  7.42 -5.55 -2.86 -0.58  0.89 -1.16  1.57 -8.14  3.98  1.19 
INFO: cmn.c(133): CMN: 48.18  8.76 -11.18  9.76 -13.24  1.17 -7.88 -0.75  0.20  6.52 -6.18  2.82  2.52 
INFO: cmn.c(133): CMN: 40.64 -2.69  0.91 14.35 -6.93 -1.49 -4.58  5.05 -1.53  2.50 -4.58  2.82  5.07 
INFO: cmn.c(133): CMN: 42.84  7.46 -1.24  4.47 -9.22 -0.80 -1.21 -1.27  0.86  6.40 -6.20  3.77  4.22 
INFO: cmn.c(133): CMN: 46.12  5.01 -3.83 15.05 -10.28 -6.42 -6.86  6.46 -4.79  5.31 -11.61  6.12  4.41 
INFO: cmn.c(133): CMN: 36.39  4.42 -5.28 15.74 -5.93 -2.69 -4.39  3.27 -4.28  0.31 -6.21  6.26  2.54 
INFO: cmn.c(133): CMN: 40.47  5.78  0.64 21.17 -9.55 -4.56 -3.72  3.68 -8.01 -3.18 -6.21  3.88  1.12 
INFO: cmn.c(133): CMN: 46.74 10.94 -6.91 17.17 -19.15 -2.22 -6.93  4.20 -7.74  3.91 -6.25  2.74 -0.12 
INFO: cmn.c(133): CMN: 42.40  3.74 -4.48  6.95 -4.78 -2.64 -4.90 -0.07 -2.42  5.72 -6.43  2.90  4.75 
INFO: cmn.c(133): CMN: 44.17  7.21 -5.63  7.64 -9.94 -4.13 -3.55 -2.02 -4.61  3.86 -7.28  7.58  1.60 
INFO: cmn.c(133): CMN: 41.39  3.05  0.03 11.80 -5.74 -6.12 -2.29  1.80  0.53  2.58 -2.89  5.16  2.35 
INFO: cmn.c(133): CMN: 45.59  2.79  4.76 22.92 -7.01  6.53 -5.88  4.68 -12.97  6.19 -6.25 -2.49 -1.14 
INFO: cmn.c(133): CMN: 38.56  5.31 -0.87  6.43 -3.91  4.65 -0.69  2.74 -3.75  6.78 -4.45  1.52 -5.14 
INFO: cmn.c(133): CMN: 48.23  3.72  2.25 12.04 -4.18  3.63 -8.92  4.83 -6.86  7.55 -7.57  0.54 -0.94 
INFO: cmn.c(133): CMN: 47.28  0.81  1.81  7.67 -3.65  2.87 -3.28  2.44 -4.57  5.12 -5.31 -1.90  0.55 
INFO: cmn.c(133): CMN: 47.80  1.73  1.00 17.99 -6.19 -2.06 -7.44  5.95 -9.82  0.33  0.87 -2.80 -0.14 
INFO: cmn.c(133): CMN: 52.50  0.97 -5.01 15.00 -12.06 -6.17 -8.40  7.89 -11.30  3.77 -0.91 -4.79 -1.17 
INFO: cmn.c(133): CMN: 48.01 -5.35  8.05 25.55 -15.45  0.55 -3.01  0.48 -11.85  2.58 -4.71 -3.76  0.73 
INFO: cmn.c(133): CMN: 43.47  1.52  2.35  5.80  2.38 -1.93 -0.61  6.27 -3.64  2.02 -6.99  3.29 -3.88 
INFO: cmn.c(133): CMN: 48.91 -2.38  7.35 18.77 -11.36  2.00 -5.05  4.11 -8.02  5.50 -4.21 -5.30  2.13 
INFO: cmn.c(133): CMN: 51.20  2.54  3.46 12.16 -15.70  2.97 -8.69  3.42 -5.16  5.90 -3.65 -3.95  2.61 
INFO: cmn.c(133): CMN: 45.90 -3.63  3.28 10.49  1.91 -4.00 -6.88  1.49 -1.65  1.57 -8.24 -1.13  2.40 
INFO: cmn.c(133): CMN: 45.84  2.12  1.92 13.89 -0.36  1.19 -11.61  3.60 -6.28  6.91 -7.35 -0.98  1.09 
[100] INFO: cmn.c(133): CMN: 45.60  1.93  7.70 11.68  1.59 -3.00 -4.01  3.36 -4.19  6.50 -9.26  3.07  0.37 
INFO: cmn.c(133): CMN: 47.07  3.82 -3.07 10.56 -8.65  1.71 -12.41 -0.16 -1.66  3.78 -5.39 -0.07  4.07 
INFO: cmn.c(133): CMN: 48.63  3.29 -2.13 24.60 -7.83 -4.36 -7.60  7.46 -5.25 -3.60 -5.09  0.15  6.38 
INFO: cmn.c(133): CMN: 49.99  1.78  0.84 16.22 -7.33 -3.61 -8.93  6.68 -6.00 -1.06 -4.97  0.99  5.51 
INFO: cmn.c(133): CMN: 50.94  2.54 -1.82 14.70 -9.42 -3.87 -11.12  7.72 -1.64  2.70 -6.97  3.04  6.29 
INFO: cmn.c(133): CMN: 42.46  1.05 -2.88 16.51 -5.67  4.53 -9.30  4.30 -2.72 -1.73 -2.67  4.13  2.63 
INFO: cmn.c(133): CMN: 51.34  7.27 -6.10  8.53 -14.19  3.12 -12.31  1.50  0.38  7.06 -7.87  1.98  4.15 
INFO: cmn.c(133): CMN: 49.24  6.61 -8.68 12.15 -15.32 -0.64 -15.63  4.09 -2.66  6.96 -3.16  4.21  3.99 
INFO: cmn.c(133): CMN: 44.38  5.18 -3.42  2.97 -6.98  7.58 -6.91  0.40 -1.64  5.09 -7.54  1.54  5.54 
INFO: cmn.c(133): CMN: 45.48 14.28 -1.24 20.87 -18.70  6.26 -6.27  0.61 -10.47 -3.76 -0.01 -1.29  4.54 
INFO: cmn.c(133): CMN: 47.51 -1.00  0.92 21.56 -10.84 -2.19 -8.73  7.73 -11.34 -1.61 -3.80 -1.70  7.30 
INFO: cmn.c(133): CMN: 47.81  3.82 -1.91  7.74 -7.87  5.16 -3.62  0.15  3.56  0.06 -4.00 -3.51  8.29 
INFO: cmn.c(133): CMN: 48.23  3.95 -4.36  5.54 -9.79  4.77 -5.54 -0.07 -6.17 -2.30 -0.96  1.18  1.80 
INFO: cmn.c(133): CMN: 48.46  0.46 -3.70  9.42 -0.95 -1.18 -5.27  4.35 -0.94 -3.29 -2.09 -1.17  6.08 
INFO: cmn.c(133): CMN: 46.70  6.47 -3.20  2.49 -3.33 -2.87  2.83 -2.88  1.88  1.97  0.69 -4.75  7.85 
INFO: cmn.c(133): CMN: 37.13  0.81 -2.17 -1.57  0.40  2.38 -2.50  0.15 -2.10 -0.88 -0.25 -7.30  6.28 
INFO: cmn.c(133): CMN: 38.38 -0.63  2.91 11.54 -1.95 -1.56  2.25 -3.42 -5.40 -4.64 -2.14 -1.53  3.30 
INFO: cmn.c(133): CMN: 37.88 -7.00  0.81 -0.31 -5.13  6.42  1.23 -2.26 -2.62  1.92 -2.85 -1.74  1.55 
INFO: cmn.c(133): CMN: 43.84  2.33 -0.65 10.45 -5.30 -5.50  6.02 -4.85  1.00 -2.15  0.60 -5.78  4.02 
INFO: cmn.c(133): CMN: 43.97  3.92 -0.06  4.56 -2.88 -8.77  3.31 -2.28 -2.66 -1.71  1.87 -5.14  6.10 
INFO: cmn.c(133): CMN: 43.42  4.07 -2.32 11.76 -1.66 -10.81  6.06 -5.28 -5.27 -0.44  1.84 -2.18  6.04 
INFO: cmn.c(133): CMN: 45.40  3.10 -2.84 15.06  3.18 -6.14  1.96 -2.29 -5.17 -2.47 -2.31 -2.92  5.49 
INFO: cmn.c(133): CMN: 46.78  8.45  1.59  8.99 -3.14 -10.47 11.65 -7.36  2.39 -1.22  2.29 -4.71  8.42 
INFO: cmn.c(133): CMN: 46.98  2.29  1.31 16.56 -2.46 -11.06  8.22 -6.11 -3.51  1.07 -1.74 -3.60  8.06 
INFO: cmn.c(133): CMN: 43.45  9.85 -0.67  5.97  2.30 -0.60  3.40 -5.18  0.11  1.93  2.24 -3.64  7.52 
INFO: cmn.c(133): CMN: 44.19  5.27  1.00 15.65 -0.45 -8.65  6.54 -7.97 -3.84 -1.37 -0.82 -1.71  4.98 
INFO: cmn.c(133): CMN: 46.23  4.07 -0.19  1.70  0.68 -5.33  2.96 -0.35  2.16  0.80 -1.66 -2.42  2.74 
INFO: cmn.c(133): CMN: 45.96 -4.68  2.01 14.37 -4.96  5.71 -13.50  9.40 -5.41  5.61 -4.26  5.91  5.40 
INFO: cmn.c(133): CMN: 44.80  0.06 -1.62 11.56 -3.59  7.89 -13.87 13.87  0.01  2.45  1.43  3.29  5.10 
INFO: cmn.c(133): CMN: 45.20  0.79 -3.96 12.26 -5.82  6.82 -12.40 13.13 -6.00  2.81  0.68 -0.07  6.35 
INFO: cmn.c(133): CMN: 39.53  7.55 -2.79  4.67 -5.80  8.56 -7.41  8.12 -1.61  3.09 -0.68  3.42  0.75 
INFO: cmn.c(133): CMN: 43.22 -8.51  6.44 14.58 -9.36  6.29 -4.84  8.38 -7.61 -0.02 -0.51  0.28  7.25 
INFO: cmn.c(133): CMN: 41.00 -4.52  6.99 12.75 -4.73  0.58 -4.91  8.05 -7.50  7.98 -4.78  9.11  2.32 
INFO: cmn.c(133): CMN: 41.89  2.39  3.58 11.73 -10.86  4.32 -1.01 12.07 -7.37  9.00 -3.82  7.84  3.09 
INFO: cmn.c(133): CMN: 43.18  1.51  0.15  5.19 -2.08 -0.40 -8.30  8.42 -6.21  1.52 -1.02  1.54  2.11 
INFO: cmn.c(133): CMN: 41.22 -2.53  8.77 23.43 -15.81  7.36 -0.58  1.11 -7.73  6.37 -2.28 -0.40 11.16 
INFO: cmn.c(133): CMN: 42.13 -6.90  6.09  2.43 -2.21  3.12 -5.67 10.92 -3.91  6.00 -4.04  3.77  6.85 
INFO: cmn.c(133): CMN: 42.21 -4.75  5.17  6.27 -2.25  7.52 -5.42  9.00  2.97  5.25 -0.04  2.84  6.88 
INFO: cmn.c(133): CMN: 42.61  5.55 -3.75 11.20 -8.13  2.87 -3.56  7.98 -1.68  3.22  4.03  5.17  5.31 
INFO: cmn.c(133): CMN: 46.71  0.52  6.15 17.34 -12.35  2.80 -10.69  4.58 -9.22  9.07 -3.61  0.54  6.00 
INFO: cmn.c(133): CMN: 46.80 -7.21 11.96 25.13 -16.78  6.27 -4.75  2.12 -8.66  6.81 -2.76  1.48  5.18 
INFO: cmn.c(133): CMN: 39.05 -2.98 -2.13  8.51 -11.46  0.38 -7.37  2.50 -0.46  1.81  1.27 -3.25 -0.75 
INFO: cmn.c(133): CMN: 47.88  1.59 -1.36  6.86 -14.41 10.22 -10.67  3.14 -0.60  7.42 -4.05  3.45  2.97 
INFO: cmn.c(133): CMN: 39.62 -4.77  7.96 24.19 -15.06  1.82 -12.16  0.72 -7.44  5.61  1.68 -0.21  3.60 
INFO: cmn.c(133): CMN: 44.23 -3.87  5.15 15.30 -16.13 10.32 -10.22  1.78 -3.83  9.46 -3.12  0.95  5.17 
INFO: cmn.c(133): CMN: 51.54 -2.23  2.77 24.40 -23.12  3.03 -7.97  9.14 -7.56 10.14 -2.66  0.29  2.41 
INFO: cmn.c(133): CMN: 47.55  0.06  0.54 17.97 -22.93  2.69 -3.36  7.98 -4.85  5.97 -2.07  0.26  2.95 
INFO: cmn.c(133): CMN: 47.36 -2.93  6.49 19.31 -15.61  1.87 -8.74  7.57 -6.80  2.58 -3.18  4.20  8.18 
INFO: cmn.c(133): CMN: 52.42  0.60 -1.35 21.33 -24.87  6.55 -11.06  8.85 -8.99 11.31 -5.61 -0.95  1.99 
INFO: cmn.c(133): CMN: 44.71 -2.81  2.65 16.55 -15.81  4.56 -9.84  3.35 -9.89  4.93 -4.87 -0.97  0.06 
INFO: cmn.c(133): CMN: 46.41  2.26 -1.58 17.30 -14.64  3.72 -11.37  7.78 -6.33  5.92 -3.00  2.13  4.25 
INFO: cmn.c(133): CMN: 49.45 -1.24 -4.71 16.05 -13.29  0.18 -11.50  5.55 -4.48  4.77 -2.93  1.75  3.25 
INFO: cmn.c(133): CMN: 47.07 -1.56  1.88 18.27 -13.99 -1.35 -10.25  4.25 -8.07  3.51 -0.98  1.61  3.95 
INFO: cmn.c(133): CMN: 45.35  2.96  0.31  9.53 -3.31 -3.17 -6.93 -4.06 -2.15 -0.09 -3.39  3.74  4.49 
INFO: cmn.c(133): CMN: 45.76  1.62 -0.10  3.07 -5.41  2.99 -6.51 -6.83  1.62 -2.40 -3.85  5.50  0.93 
INFO: cmn.c(133): CMN: 46.03 -0.15 -3.95  6.85 -8.87 -0.83 -3.38 -7.57 -3.33 -0.86 -6.27  5.71  1.65 
INFO: cmn.c(133): CMN: 33.15  1.09 -4.14 -0.28 -0.27  3.19 -7.58 -0.76 -1.55 -6.60 -3.35 -1.68 -1.41 
INFO: cmn.c(133): CMN: 43.63  7.75 -3.03 -4.65 -8.67  0.47 -9.19 -4.97 -4.39  5.06 -4.12  2.23  2.92 
INFO: cmn.c(133): CMN: 41.51  1.94  3.00  4.39 -13.93  2.21 -0.59 -8.61 -1.23  2.57 -3.96  1.21  0.78 
INFO: cmn.c(133): CMN: 44.90  1.32 -1.88  6.45 -10.98 -0.31 -3.45 -9.03  0.67  1.04 -8.64  2.12 -4.10 
INFO: cmn.c(133): CMN: 43.49 -0.90 -3.21 -3.46 -7.44  0.81 -5.31 -5.10 -2.27  4.57 -5.02 -0.14 -1.86 
INFO: cmn.c(133): CMN: 43.76 -1.34 -0.41 16.52 -9.69 -6.36 -8.46 -6.11 -9.99 -4.21 -2.56 -1.18 -2.29 
INFO: cmn.c(133): CMN: 44.46 -3.59  1.86 18.61 -10.74 -3.90 -3.52 -4.01 -9.83 -1.80 -4.86 -2.70 -0.14 
INFO: cmn.c(133): CMN: 43.21  2.36 -0.28  0.75 -5.09  3.36 -3.81 -7.96 -6.56  5.46 -2.92 -1.29 -3.00 
INFO: cmn.c(133): CMN: 42.48  7.01 -2.87 -4.89 -8.47  5.92 -9.48 -0.03 -7.23  3.43 -3.73 -2.14 -0.27 
INFO: cmn.c(133): CMN: 38.15 -2.47 -2.73  7.85  3.43 -0.70 -6.46  0.76 -4.17 -6.15 -6.69  0.08 -2.51 
INFO: cmn.c(133): CMN: 42.96  6.13 -5.09  9.27 -7.54  3.46 -0.20  6.78  0.68 -1.04 -3.61 -5.49  7.84 
INFO: cmn.c(133): CMN: 46.00  2.23  8.08 18.73 -5.92 -5.66  0.42 -0.58 -9.66  1.16 -8.69 -2.00  6.66 
INFO: cmn.c(133): CMN: 47.03  2.06  8.55 15.52 -6.49 -1.68  0.94 -1.37 -3.28  2.13 -6.63 -1.49  5.83 
INFO: cmn.c(133): CMN: 45.68 -1.70 10.74 20.58 -7.64  1.06  0.59  2.38 -5.97  0.24 -8.05 -0.62  3.72 
INFO: cmn.c(133): CMN: 47.93  2.43  1.69 12.42 -10.62 -4.17 -0.66 -1.02  1.08  2.42 -6.21 -3.02  3.28 
INFO: cmn.c(133): CMN: 43.60  7.92  6.95 20.93 -8.84  0.60  3.03 -0.13 -3.89  2.52 -5.43  2.19  4.66 
INFO: cmn.c(133): CMN: 44.70 11.08  1.62  9.98 -11.90 -5.73  0.36  2.71 -0.55  3.84 -1.51 -0.51  4.45 
INFO: cmn.c(133): CMN: 46.88 -1.49  1.92  2.03 -4.94 -1.94 -5.47  4.02 -1.04  0.28 -2.24 -0.62  2.36 
INFO: cmn.c(133): CMN: 44.28  6.23 10.92 12.26 -8.80 -0.81  5.56 -10.23  6.18 -1.51 -6.24  4.55  3.68 
INFO: cmn.c(133): CMN: 46.20 -2.98 10.04 18.87 -8.06 -2.18  2.24 -1.84 -3.90  5.94 -7.34  0.81  7.13 
INFO: cmn.c(133): CMN: 47.41  4.73  3.74  7.91 -5.36 -0.33 -3.27  4.25  5.52 -0.24 -3.16 -4.36  5.38 
INFO: cmn.c(133): CMN: 47.78  7.27  0.69  6.20 -5.63 -4.12 -6.64  5.94  0.89 -2.63 -3.41 -0.61  5.31 
INFO: cmn.c(133): CMN: 48.18  0.01  8.90  8.28 -4.96 -2.92 -4.02  6.66 -2.01 -0.33 -6.69 -0.25  4.67 
INFO: cmn.c(133): CMN: 48.73 -0.60 14.31 16.20 -14.40  6.08 -0.82 -3.76 -5.03 -0.98 -1.67 -4.10  5.89 
INFO: cmn.c(133): CMN: 40.11 -8.20  6.40 16.50 -6.77  7.30 -5.75 -3.92 -5.67 -2.74 -0.74 -0.98  2.75 
INFO: cmn.c(133): CMN: 48.89 -0.26  3.21  2.68 -11.61  0.96 -1.37 -2.72  0.74  8.22 -6.27 -1.40  2.15 
INFO: cmn.c(133): CMN: 42.62  5.28  3.70  8.08 -12.69 10.84 -5.91 -3.67 -2.51  3.89 -4.52 -2.58  1.15 
INFO: cmn.c(133): CMN: 41.91 -0.83  1.10  0.84 -11.25  7.36 -4.00  1.73 -0.73 -0.96 -2.31 -0.82  1.70 
INFO: cmn.c(133): CMN: 46.35 -10.17 10.68 18.74 -11.35  4.05 -2.90 -0.32 -4.32  2.19 -3.44  3.74  4.56 
INFO: cmn.c(133): CMN: 48.84  0.40  9.57 12.52 -16.76  8.41 -10.53 -5.80 -0.76  0.31 -1.71 -1.22  5.47 
INFO: cmn.c(133): CMN: 47.27 -3.07  5.27  5.16 -6.06  2.63 -4.20 -0.37 -1.21  1.35 -3.55  1.13  3.29 
INFO: cmn.c(133): CMN: 49.14 -1.73  7.24 12.66 -18.56  6.87 -10.02 -3.73 -2.12 -0.09  1.21  1.04  6.58 
INFO: cmn.c(133): CMN: 49.08 -7.00  8.81 14.80 -15.82  4.62 -4.35  0.04 -3.53  1.71 -1.90 -1.14  4.99 
INFO: cmn.c(133): CMN: 47.26 -1.98  4.62 12.11 -7.37  8.15 -11.92  0.20 -2.96  0.43 -3.24  0.89  4.84 
INFO: cmn.c(133): CMN: 49.90 -1.95  8.24  2.36 -4.92  2.17 -11.30  3.12 -1.49 -1.22 -4.68  2.00  4.10 
INFO: cmn.c(133): CMN: 48.47 -5.51 10.05 19.34 -7.32 -0.35 -7.04  0.35 -5.85 -0.08  0.63  2.23  6.65 
INFO: cmn.c(133): CMN: 52.94 -4.41  2.46  8.28 -4.61 -7.15  4.34  1.72 -0.49 -8.00  0.49  0.03  4.37 
INFO: cmn.c(133): CMN: 49.59 -2.41 -1.19  6.97 -1.64 -3.45 -1.04  4.80  2.66 -4.41 -1.86  1.02  4.78 
INFO: cmn.c(133): CMN: 45.62 -2.23 -7.97 -5.13 -5.32  1.98  1.15  4.12 -0.78 -1.41 -0.08 -0.23  1.64 
INFO: cmn.c(133): CMN: 49.36 -4.29 10.58 16.65 -5.73 -6.47  4.36  4.32 -6.61 -3.38 -3.22 -1.32  6.56 
INFO: cmn.c(133): CMN: 51.29 -3.20 -0.99 11.82 -4.18 -7.45  1.58  3.88 -4.24 -2.95 -4.36  0.21  5.63 
INFO: cmn.c(133): CMN: 52.95 -2.87  4.88 15.75 -8.11 -6.10  2.57  0.57 -6.70 -3.88 -2.04 -3.17  5.57 
INFO: cmn.c(133): CMN: 54.28 -1.44  0.98  3.69 -11.18 -4.55  2.44  2.96 -3.50 -0.05  1.47 -0.31  8.50 
INFO: cmn.c(133): CMN: 50.09  2.89  2.59  1.21 -1.78 -2.09 -2.36  5.61 -3.82 -7.67 -2.73 -0.22  4.99 
[200] INFO: cmn.c(133): CMN: 52.98  2.90  2.90  7.42 -14.54 -3.63 -0.41  3.62 -6.08 -1.19  0.11 -2.02  3.86 
INFO: cmn.c(133): CMN: 51.40 -4.92  6.61 19.46 -8.48 -1.97  2.29 -0.01 -9.88 -1.31 -4.36 -2.80  7.08 
INFO: cmn.c(133): CMN: 51.72 -1.96 -3.17  5.52  1.59 -1.69 -1.25  2.10  0.04 -6.11 -3.41  0.77  6.89 
INFO: cmn.c(133): CMN: 51.50  1.63 -0.69  3.51 -4.30 -2.51 -2.67  4.99 -1.01 -5.26 -0.19 -0.16  5.29 
INFO: cmn.c(133): CMN: 48.60 -10.59  0.76  3.43  3.87 -6.73 -2.45  5.91 -0.59 -3.48 -0.51 -1.12  8.27 
INFO: cmn.c(133): CMN: 46.03 -1.99 12.21 23.71 -10.49  9.14 -6.79  5.33 -6.52  1.24 -4.35  5.04  5.37 
INFO: cmn.c(133): CMN: 49.59  0.07 11.11 14.78 -11.24  5.22 -8.15  2.85 -3.18  1.58 -3.14  4.29  3.22 
INFO: cmn.c(133): CMN: 37.16 -1.26  6.95 15.99 -2.31  8.32 -1.33 -2.53 -8.76  2.70 -4.94  8.59  0.78 
INFO: cmn.c(133): CMN: 48.24  0.80 11.28 10.62 -10.22  4.66 -2.94  3.39 -0.94  3.49 -4.48  2.14  1.31 
INFO: cmn.c(133): CMN: 48.17 -0.97  6.17  8.30 -10.89  1.58 -4.74  3.47  3.43  1.60 -1.49  3.56  1.66 
INFO: cmn.c(133): CMN: 45.69  8.97  1.65  6.47 -15.05  6.15 -2.54  2.81  5.43 -0.02  0.96  0.29  1.58 
INFO: cmn.c(133): CMN: 43.81 -1.93  7.62 13.17 -14.07  7.09 -2.08  3.96  3.82 -3.56 -0.84  0.68  3.03 
INFO: cmn.c(133): CMN: 43.36  4.75  7.56  8.10 -13.34 11.64  0.25  0.06  0.78  0.53 -2.08  1.64  2.20 
INFO: cmn.c(133): CMN: 47.47  1.29 14.33 15.34 -20.49 11.29 -3.45  0.08 -0.75 -0.70 -3.61  0.44  3.47 
INFO: cmn.c(133): CMN: 48.01  7.68  3.67  6.22 -15.08  7.55 -4.06 -0.28  2.14  2.10 -3.09  2.17  2.30 
INFO: cmn.c(133): CMN: 46.22  3.98  9.01  7.88 -12.09  3.48 -7.98  2.96  3.71  2.70 -4.51  6.18  3.73 
INFO: cmn.c(133): CMN: 49.24  3.22  4.14 10.68 -5.42  3.94 -7.18  3.45  0.49 -0.06 -4.04  5.01  1.94 
INFO: cmn.c(133): CMN: 45.96 -6.88 11.49  6.00 -1.93  3.15 -1.00  2.62 -0.70 -0.76 -2.90  3.58  2.79 
INFO: cmn.c(133): CMN: 45.88  7.53 -4.27 14.57 -13.13  0.26 -2.39 -3.66  1.78  0.97  3.85  0.83  4.09 
INFO: cmn.c(133): CMN: 42.20  3.99 -0.62 10.37 -3.89 -0.60 -5.67 -2.91  2.56 -7.14  1.20 -3.76  1.81 
INFO: cmn.c(133): CMN: 42.17  8.69  1.84 12.79 -6.26  1.35 -2.81 -2.11  4.47  2.40  2.31  1.42  9.08 
INFO: cmn.c(133): CMN: 39.58  1.70  6.13 14.38 -0.89  2.49 -3.07 -6.05  4.43 -4.43  3.19  2.19  5.20 
INFO: cmn.c(133): CMN: 39.38 -3.31 -1.45 10.40 -1.44 -0.24 -4.20 -3.64  2.93 -6.42  2.86  2.79  2.52 
INFO: cmn.c(133): CMN: 40.62  3.96  4.48 18.18 -7.75  2.45  0.50 -1.34  0.52  0.96  8.12 -0.78  4.14 
INFO: cmn.c(133): CMN: 43.42  8.20 -0.75 16.15 -12.81  1.01 -0.54 -4.14  3.30  0.61  3.59 -0.87  5.34 
INFO: cmn.c(133): CMN: 41.68  8.09 -3.04 17.45 -1.56  4.44 -10.43 -3.00  1.07 -2.87  3.50 -4.83  6.54 
INFO: cmn.c(133): CMN: 40.32  4.22  1.50 19.50 -14.20  2.72  0.85 -8.17 -2.49  0.14  1.02 -1.09  3.05 
INFO: cmn.c(133): CMN: 41.30  1.81  4.78 21.69 -9.68  1.77  1.54 -4.84 -1.50  3.82  4.11  0.21  6.28 
INFO: cmn.c(133): CMN: 42.97 10.86  1.33 12.19 -9.29  3.98 -0.26 -1.07  6.88  3.10 -0.42 -1.93  9.64 
INFO: cmn.c(133): CMN: 40.56 10.47 -0.31 13.37 -3.97  4.02 -3.35 -3.21  3.29 -1.17  3.35 -2.21  7.55 
INFO: cmn.c(133): CMN: 42.20  7.43  4.82 17.05 -6.65 -0.67  0.30 -5.00 -0.93  1.54  4.59  0.51  5.77 
INFO: cmn.c(133): CMN: 38.92  2.50 -0.91 -1.85 -1.91  6.11  0.28 -1.96 -7.03 -5.20  4.19  0.53  2.37 
INFO: cmn.c(133): CMN: 44.96  1.86  2.63 13.17  3.75 -1.08 -4.94  4.19 -9.09  3.60 -3.32  0.92  6.77 
INFO: cmn.c(133): CMN: 45.22  1.44  4.11 15.78 -3.45 -2.76 -3.26  3.70 -14.35  3.26 -4.84  2.47  6.84 
INFO: cmn.c(133): CMN: 43.83  8.27  1.90 12.78 -6.79  3.81 -4.43  4.41 -11.73  1.44 -2.12  1.98  6.53 
INFO: cmn.c(133): CMN: 42.65 -4.61  5.67  8.87  1.06 -1.28 -6.44  6.49 -7.66  0.26 -0.74  3.93  6.31 
INFO: cmn.c(133): CMN: 44.95  5.56  0.12  6.35  0.98  2.67 -3.43  2.90 -12.15  0.28 -0.61  1.33  8.00 
INFO: cmn.c(133): CMN: 43.84  3.86 -0.90  7.24 -1.35 -2.61 -4.51  7.91 -11.61  0.18  0.02  4.53  4.13 
INFO: cmn.c(133): CMN: 45.53  6.18 -3.06  8.26 -1.04  4.23 -11.70  6.67 -8.78 -2.93  1.67  5.43  3.86 
INFO: cmn.c(133): CMN: 43.34  1.96  0.53 18.00 -8.87  1.61 -1.96  1.60 -15.52  5.76 -0.57  0.88 10.14 
INFO: cmn.c(133): CMN: 45.72  1.15  8.02 21.48 -8.00 -2.31 -3.64  3.69 -19.11  6.09 -0.82  2.74  5.85 
INFO: cmn.c(133): CMN: 44.08  7.44  0.43 10.05 -0.33 -0.57 -3.11  6.56 -8.58 -0.08 -2.21  2.05  2.82 
INFO: cmn.c(133): CMN: 43.63  0.44  4.55 10.17  3.53 -1.64 -6.37  4.88 -8.06 -2.88 -1.63  4.14  5.25 
INFO: cmn.c(133): CMN: 42.31  3.91  5.92 11.46 -0.39 -2.65  1.95  0.86 -12.00  5.63 -3.90  3.07  5.03 
INFO: cmn.c(133): CMN: 44.57 -2.97 -0.40  8.28  0.17 -4.50 -3.72  1.12  2.76 -2.58 -1.18  1.03  5.50 
INFO: cmn.c(133): CMN: 50.92  5.96 -2.30 12.98 -7.24  0.61 -0.98 -0.62 -0.24 -0.23 -2.71 -3.74  4.14 
INFO: cmn.c(133): CMN: 47.42  4.14  5.00 14.77 -9.68 -1.74 -1.04 -5.12 -0.88 -2.99 -1.34  1.60  6.13 
INFO: cmn.c(133): CMN: 45.33  0.61  0.85  7.37 -1.79 -2.36 -8.23  4.87  3.88 -4.58 -3.01  4.43  5.02 
INFO: cmn.c(133): CMN: 38.68 -2.87  5.90  6.75 -6.18 -0.07 -1.80  1.82  0.26 -0.98  1.18 -0.02  3.96 
INFO: cmn.c(133): CMN: 45.23 -2.99  8.38 25.28 -14.27  0.13  4.87 -3.33 -3.37  0.60 -3.73 -0.40  6.18 
INFO: cmn.c(133): CMN: 48.62  7.68 -2.03 14.07 -14.53  0.66  2.27 -4.58 -1.33 -1.82 -0.57 -1.00  6.32 
INFO: cmn.c(133): CMN: 44.17 -1.28  3.62  8.75 -3.42  1.48 -3.56 -1.10  1.06 -5.17 -3.25 -0.44  6.11 
INFO: cmn.c(133): CMN: 45.62  7.32  6.78 22.38 -14.75 -1.82  4.78 -6.74 -3.31 -3.47 -2.84 -1.41  6.10 
INFO: cmn.c(133): CMN: 50.26  5.97  4.77 18.04 -12.11 -3.43 -1.12 -7.19 -3.02 -4.04 -2.51 -1.87  5.89 
INFO: cmn.c(133): CMN: 47.12  6.13 -0.22  8.26 -9.45  2.05 -2.35 -0.45  2.53  0.23 -2.93 -0.01  5.87 
INFO: cmn.c(133): CMN: 46.61  3.20  5.93  8.62 -4.52  1.62 -4.57  1.83  1.90 -7.15  0.83  0.21  7.87 
INFO: cmn.c(133): CMN: 49.10  5.44 -6.07 11.72 -5.47 -0.30 -5.42  1.06  0.73  0.02 -1.14 -3.25  5.99 
INFO: cmn.c(133): CMN: 48.31  2.09  4.20 15.23 -11.66  4.86 -2.39  3.24 -6.80  6.40 -7.18  2.66 -1.73 
INFO: cmn.c(133): CMN: 42.07  6.34 -5.68  0.46 -7.62  7.48  1.89  4.16 -0.54  1.92 -2.07  0.25  0.86 
INFO: cmn.c(133): CMN: 41.06  7.13 -1.65 -0.64 -8.03  6.78  0.63  4.67 -2.00  0.67 -4.22 -1.58  3.29 
INFO: cmn.c(133): CMN: 47.85  3.22  7.93 19.28 -6.58  3.85 -2.98  6.23 -8.40  3.03 -7.35 -0.13 -1.26 
INFO: cmn.c(133): CMN: 44.40 -2.91  9.59  1.99 -2.39  3.42  1.05  3.85 -2.02 -1.07 -2.89 -0.30  1.96 
INFO: cmn.c(133): CMN: 50.97  2.62  5.55 16.75 -10.81  4.87  0.08  5.57 -8.00  8.75 -6.45 -1.93  2.25 
INFO: cmn.c(133): CMN: 50.48  7.74  3.60 15.46 -11.68  3.20 -1.55  9.26 -11.93  6.70 -6.88 -1.92  0.10 
INFO: cmn.c(133): CMN: 44.55  1.74 -3.19 11.34 -1.46  5.36 -4.49  6.58 -2.42 -1.00 -2.89 -1.14  0.12 
INFO: cmn.c(133): CMN: 51.63  2.78  5.55 15.34 -14.83  5.26 -4.16  8.26 -9.70  7.82 -7.06  0.35 -1.67 
INFO: cmn.c(133): CMN: 53.87  3.20  0.03 11.68 -12.54  2.30 -3.26  8.45 -11.07  9.92 -9.28  2.15 -1.75 
INFO: cmn.c(133): CMN: 47.89  4.07 -1.40  9.31 -6.77  4.50 -4.34  9.64 -4.99  0.95 -3.26 -2.66  0.21 
INFO: cmn.c(133): CMN: 49.43  7.93 -2.10  6.09 -5.88  7.37 -4.01  9.15 -5.86  2.78 -5.34 -2.75 -0.09 
INFO: cmn.c(133): CMN: 47.28  1.95 -0.11 15.73 -1.75 -1.18 -1.70 -4.79  1.25 -9.33 -0.91 -3.88 -1.65 
INFO: cmn.c(133): CMN: 46.84 10.75 -4.12 11.60 -4.01  1.33  2.79 -7.21  3.04 -4.58 -0.64  2.22 -7.30 
INFO: cmn.c(133): CMN: 44.12  1.66  0.68 18.72  1.69 -0.83 -2.29 -2.96 -0.34 -5.50 -4.78  1.43 -4.20 
INFO: cmn.c(133): CMN: 44.59  4.21 -1.90 10.03 -0.04  1.77 -7.08 -6.02  4.24 -3.51 -1.45 -2.05 -1.49 
INFO: cmn.c(133): CMN: 46.24  4.78 -5.62  8.70  0.83  0.90 -7.67 -5.32  4.90 -4.24 -5.07 -0.58 -2.40 
INFO: cmn.c(133): CMN: 44.56  7.11 -3.37 15.57 -3.59 -1.30  0.63 -4.24  3.08 -8.55 -0.69 -2.28 -1.03 
INFO: cmn.c(133): CMN: 42.17  6.75 -1.92  7.42 -7.58  0.91 -4.11 -0.64  3.20 -6.33 -0.49  6.37 -0.94 
INFO: cmn.c(133): CMN: 40.71  5.98  1.60  7.66 -3.62  1.21  4.80 -8.70  1.46  1.65 -5.24 -6.29 -0.78 
INFO: cmn.c(133): CMN: 42.15  9.28 -0.97 20.87 -6.12 -3.26  3.09 -3.90 -1.12 -10.01  2.21  0.75 -3.74 
INFO: cmn.c(133): CMN: 45.61 12.00 -2.83 14.30 -5.09  0.76 -1.25 -2.96  2.92 -7.51 -3.58  4.34 -6.00 
INFO: cmn.c(133): CMN: 42.79  0.24 -0.77  5.95 -3.18  3.05 -5.44 -4.40  1.13 -1.62  2.13 -2.35  1.43 
INFO: cmn.c(133): CMN: 44.09  5.47  1.33 11.00 -1.59  0.93  0.84 -4.56 -0.57 -2.49 -1.02 -4.32 -5.47 
INFO: cmn.c(133): CMN: 45.15  3.65 -1.09  6.38 -4.21  0.01 -1.35  0.87 -0.36 -0.58 -2.93 -3.68 -0.51 
INFO: cmn.c(133): CMN: 48.03 -1.45 -0.77  5.55 -5.23 -2.87 -4.92 -7.89  3.65 -2.84  2.67 -8.28 -3.08 
INFO: cmn.c(133): CMN: 46.02 -3.63  3.47 20.57 -0.21 -1.47 -2.29 -7.31  0.71 -12.85  2.99 -6.16 -3.89 
INFO: cmn.c(133): CMN: 43.93 -6.18  1.32 13.11 -3.42 -2.05 -7.68 -3.94  2.90 -3.17 -2.25 -7.07 -1.82 
INFO: cmn.c(133): CMN: 45.23  0.49 -0.87 12.69 -4.98  0.89 -4.09 -6.80  2.44 -4.50  1.81 -6.53 -1.88 
INFO: cmn.c(133): CMN: 37.03  0.12 -2.49 19.59 -3.75  0.18 -6.05 -4.80  2.88 -2.39 -0.64 -6.89 -4.13 
INFO: cmn.c(133): CMN: 48.19  4.62 -4.81 30.83 -9.28  1.58 -4.48 -4.31  1.19 -11.98  0.45 -4.22 -10.22 
INFO: cmn.c(133): CMN: 47.94  9.39 -4.51 23.05 -8.75  3.03 -4.70 -4.25  4.93 -12.97  1.59 -1.37 -4.62 
INFO: cmn.c(133): CMN: 46.69  4.28 -8.17 15.33 -2.91 -2.35 -4.81 -8.16  3.23 -7.50 -4.72 -2.92 -4.17 
INFO: cmn.c(133): CMN: 48.25  3.94 -2.21 20.98 -6.07 -1.19 -4.49 -6.88  3.72 -10.44  2.94 -4.38 -2.05 
INFO: cmn.c(133): CMN: 42.19 -7.11 -1.54 25.34 -5.65 -5.23 -1.56 -3.41  1.90 -6.97 -3.93 -3.13 -7.11 
INFO: cmn.c(133): CMN: 45.46  6.40 -2.65  8.50 -11.77 -0.61  1.71 -6.25 -1.24 -1.41  2.90 -4.33 -4.68 
INFO: cmn.c(133): CMN: 45.43  1.73 -0.95 12.08 -8.83  0.09 -2.92 -6.33  3.05 -9.72  0.16 -4.70 -4.73 
INFO: cmn.c(133): CMN: 44.45  0.20  0.52 15.05 -6.12 -3.08 -1.88 -4.97  2.71 -5.75 -0.76 -5.44 -1.88 
INFO: cmn.c(133): CMN: 45.79  1.43 -5.49 10.13 -9.12  4.95 -9.77  0.92  5.00 -7.00 -1.88 -0.84 -1.14 
INFO: cmn.c(133): CMN: 46.45  0.36  2.86 14.13 -9.33  5.75  0.57  2.65 -1.45 -6.03 -3.25 -3.60 -1.18 
INFO: cmn.c(133): CMN: 49.72  1.62 -7.32 16.23 -9.71  1.80 -6.13  4.07  1.23 -4.06 -2.14 -0.85  1.18 
INFO: cmn.c(133): CMN: 47.55  2.44 -0.96 17.38 -13.97  2.95 -0.55 -0.29 -1.69 -4.46 -2.14 -3.71 -3.60 
INFO: cmn.c(133): CMN: 47.56  3.62 -2.92 10.76 -11.49  9.28 -10.06  0.97  0.43 -7.99 -2.39 -3.98  1.68 
[300] INFO: cmn.c(133): CMN: 46.90  3.26 -3.74 19.01 -12.40  3.25 -0.12  3.44 -7.25 -5.51  1.86 -0.23 -7.02 
INFO: cmn.c(133): CMN: 49.78  8.15 -13.59 17.95 -10.36 -0.47 -2.98 -0.87 -2.14 -4.36  1.84  4.19 -2.29 
INFO: cmn.c(133): CMN: 46.32  7.57 -3.20  9.02 -13.77  7.96 -5.24 -2.68 -3.96 -6.12  0.40  1.37 -3.56 
INFO: cmn.c(133): CMN: 48.23  7.60 -5.18 22.03 -15.18 -2.99 -5.15  1.19 -3.92 -8.81  2.52  1.80 -1.77 
INFO: cmn.c(133): CMN: 50.61  6.30 -5.37 23.21 -13.11  2.75 -0.64 -4.14 -4.42 -6.13  0.14 -4.51 -0.18 
INFO: cmn.c(133): CMN: 47.84  4.31 -7.62  8.46 -9.13  6.52 -9.25 -1.55  2.90 -5.79  0.15 -3.21 -2.97 
INFO: cmn.c(133): CMN: 50.13  3.59 -5.56  5.43 -12.93  6.71 -7.68 -2.87  2.19 -6.36  2.22 -3.96 -1.67 
INFO: cmn.c(133): CMN: 49.34 -5.24  1.64  7.80 -3.67  5.62 -7.97  0.82  0.35 -6.08  2.05 -2.57  2.06 
INFO: cmn.c(133): CMN: 42.45  3.26 -4.87  3.05 -14.57  4.42  0.41 -1.14 -5.72 -0.16  4.82 -2.00  2.70 
INFO: cmn.c(133): CMN: 38.44  0.68 -1.79 25.63 -2.82  7.16 -4.52 -1.97  2.46 -5.53 -0.43  0.14  1.26 
INFO: cmn.c(133): CMN: 46.80  6.72 -6.31 19.76 -10.05  6.08 -7.79 -5.94  2.62 -8.27  2.29 -2.88 -0.41 
INFO: cmn.c(133): CMN: 41.20  4.96 -6.64  4.43 -9.72  4.84 -7.00 -8.27 -0.36 -1.57  5.57 -0.98  3.85 
INFO: cmn.c(133): CMN: 49.10  9.41 -8.28 22.09 -13.12  1.04 -3.86 -3.27  2.46 -5.68  5.31 -2.05  1.04 
INFO: cmn.c(133): CMN: 46.50 10.98 -8.06 23.74 -12.22 -0.88 -4.44 -7.12  2.15 -5.63 -0.26 -2.39 -0.32 
INFO: cmn.c(133): CMN: 46.62  4.01 -7.73 20.65 -11.35 -0.57 -6.37 -3.79  2.41 -6.00 -0.95 -0.68  0.31 
INFO: cmn.c(133): CMN: 46.38 -3.82 -2.39 19.96 -2.45 -0.32 -8.09 -3.62  2.54 -7.54 -4.82 -0.46 -1.87 
INFO: cmn.c(133): CMN: 49.25  8.17 -8.23 35.76 -16.88 -0.26 -3.51 -4.99  5.24 -10.78  0.24 -1.32  0.11 
INFO: cmn.c(133): CMN: 47.07  7.78 -7.44 35.29 -13.48 -1.06 -3.60 -4.64  3.11 -10.93 -0.88  1.89 -2.70 
INFO: cmn.c(133): CMN: 46.20  9.86 -8.29 16.19 -9.62  1.33 -3.22 -5.77 -1.10 -9.24  3.02  0.71  1.39 
INFO: cmn.c(133): CMN: 48.15  8.26 -6.35 14.11 -14.79 -0.23 -3.15 -4.99 -1.14 -2.27 -2.04 -0.27  2.12 
INFO: cmn.c(133): CMN: 42.39 -5.75  0.87  3.85 -5.15  6.50 -4.36 -6.71 -0.26 -3.54  0.72  3.57 -1.11 
INFO: cmn.c(133): CMN: 40.48  2.28 -3.91 20.99  5.13  1.30 -8.91 -3.58  1.76 -3.75 -7.93 -0.27 -3.24 
INFO: cmn.c(133): CMN: 43.55  7.82 -1.74 11.61 -4.25  0.60 -5.77  2.58 -4.92 -2.93  3.52 -2.86 -3.07 
INFO: cmn.c(133): CMN: 44.12 -4.00  1.65 10.21  0.25  6.17 -15.92 -2.79  1.34 -0.56 -4.22 -4.04  1.01 
INFO: cmn.c(133): CMN: 37.48  8.98 -5.70  4.66 -6.92  1.33  0.88 -7.78 -0.41 -1.66  5.16 -1.66 -1.44 
INFO: cmn.c(133): CMN: 42.13  9.83 -1.27 19.16 -7.19  2.80 -9.92  3.80 -9.81 -1.29  2.70 -2.77 -3.92 
INFO: cmn.c(133): CMN: 43.85  0.35 -0.23  8.24 -5.49  2.08 -15.35  4.63 -4.18 -2.50  1.90 -2.03 -3.24 
INFO: cmn.c(133): CMN: 45.45 10.14 -7.12  7.63 -2.12 -1.40 -11.76  2.85 -5.88  5.25  1.75 -7.43 -4.89 
INFO: cmn.c(133): CMN: 44.95  7.84 -1.25 22.30 -4.96 -6.90 -5.03  3.18 -11.14 -3.67  0.95 -0.09 -2.79 
INFO: cmn.c(133): CMN: 46.11  2.44 -2.19 26.37 -6.07 -2.82 -8.13  4.33 -8.34 -6.16  1.14 -5.45 -1.25 
INFO: cmn.c(133): CMN: 43.44  3.95 -2.56 11.02 -0.32  3.60 -8.93 -1.37 -3.86 -0.28 -2.85 -5.36 -2.46 
INFO: cmn.c(133): CMN: 44.04  1.70 -1.15  7.68 -2.97  4.42 -9.93 -0.80 -2.16  1.19 -0.67 -3.32 -2.49 
INFO: cmn.c(133): CMN: 42.46  0.82  1.26 12.99 -1.94  1.93 -9.83  3.02 -5.74 -2.52 -2.97 -4.18 -1.92 
INFO: cmn.c(133): CMN: 38.33 -3.25 -3.61 -1.28 -6.12 11.19 -12.11 -1.63  0.48  1.94 -1.79  1.94  1.80 
INFO: cmn.c(133): CMN: 45.85 -4.35 -1.50 21.65 -15.90  4.62 -4.79 -3.19  1.44 -4.24  5.39 -6.77  2.92 
INFO: cmn.c(133): CMN: 46.56  6.74 -6.51 13.51 -16.75  7.08 -4.13 -6.14  3.02  1.78  1.29  0.86  0.92 
INFO: cmn.c(133): CMN: 36.45  6.33 -6.18  6.14 -14.67  7.82 -0.58 -3.49 -1.84 -4.16  1.89 -5.07  3.66 
INFO: cmn.c(133): CMN: 37.03 -10.55 -2.09  5.10 -6.47 -0.39 -4.63  0.20  0.61 -3.58 -1.13  0.35  4.01 
INFO: cmn.c(133): CMN: 44.16  2.83 -1.50 19.38 -19.50  1.47  1.40 -3.74  1.51 -5.05  1.40 -3.97  3.62 
INFO: cmn.c(133): CMN: 45.22 -0.75 -0.94 19.88 -17.52 -0.58  3.93 -4.68 -0.45 -7.39  8.36 -5.25  2.32 
INFO: cmn.c(133): CMN: 42.66  4.93 -2.03 18.74 -9.02  4.21 -9.66 -4.02  1.89 -6.71 -2.21 -5.11  3.30 
INFO: cmn.c(133): CMN: 47.57  1.81 -0.15 25.73 -18.89  4.58 -1.58 -3.14 -2.49 -3.09  2.34 -5.51  6.26 
INFO: cmn.c(133): CMN: 46.20  5.72  1.34 23.05 -19.39  6.04 -0.74  1.32 -5.52 -4.50  4.59 -4.75  2.24 
INFO: cmn.c(133): CMN: 45.46  7.55 -4.16  5.88 -21.57  8.15 -8.50 -1.61 -3.26 -0.30 -1.46 -1.57  2.43 
INFO: cmn.c(133): CMN: 43.86 -0.00 -5.11 11.07 -9.10  4.74 -8.20 -0.05  0.77 -1.21 -1.91 -2.90  1.58 
INFO: cmn.c(133): CMN: 39.86 -5.48  2.19 14.89 -9.52  0.49 -6.44 -0.23 -0.21 -3.38 -1.52 -0.72  1.78 
INFO: cmn.c(133): CMN: 47.44 12.05 -5.83  7.69 -7.64 -8.31  8.36 -5.10  3.96  2.93 -3.33  0.54 -6.84 
INFO: cmn.c(133): CMN: 46.63  7.83 -6.06  8.02 -2.01 -1.57 -0.41 -4.42  8.30 -4.40 -4.80  2.34  0.32 
INFO: cmn.c(133): CMN: 42.80  7.13 -2.00  0.47 -13.92  4.04  1.41 -0.18 -1.69  3.33 -2.51  3.37 -2.49 
INFO: cmn.c(133): CMN: 50.49  6.18 -3.66 13.45 -1.85 -4.62  1.41 -5.12 -0.16 -1.73  0.07 -0.28 -1.41 
INFO: cmn.c(133): CMN: 45.61 -2.70 -0.45  8.60 -5.61  5.70 -5.34 -5.66  7.42 -2.26 -1.40 -1.83 -0.38 
INFO: cmn.c(133): CMN: 47.60 14.82 -6.92  9.09 -12.45 -2.69  2.22  0.69  4.40 -3.89  0.61 -0.38  0.82 
INFO: cmn.c(133): CMN: 40.56 15.19 -4.66 -1.84 -9.20 -0.11  1.07 -4.42  6.77 -3.82 -0.69  1.66  0.98 
INFO: cmn.c(133): CMN: 54.22 -0.09 -5.43  8.84 -11.90  0.47 -3.34 -7.96  5.85 -2.30 -2.73 -2.86 -2.72 
INFO: cmn.c(133): CMN: 50.45  2.84 -1.65 20.07 -7.74 -4.66  0.58  2.10 -1.98 -3.56  3.03 -3.32 -1.99 
INFO: cmn.c(133): CMN: 50.21  3.84 -2.66 24.16 -6.16 -1.64  4.11  2.06 -2.78 -4.77  2.26 -4.67 -3.87 
INFO: cmn.c(133): CMN: 54.20  4.53 -2.16 10.45 -14.32  3.05 -1.27 -8.07  1.55 -6.24  0.55 -0.98 -2.50 
INFO: cmn.c(133): CMN: 51.89  3.20 -5.87 15.94 -4.77  1.88 -1.98 -6.86  3.53 -5.48 -4.17 -0.21 -2.97 
INFO: cmn.c(133): CMN: 51.86  9.44 -2.93 15.64 -7.16 -3.66  0.67 -5.60  3.76 -4.11 -2.99 -0.39 -1.28 
INFO: cmn.c(133): CMN: 40.55  3.71 -3.83 -0.98 -4.54  7.03 -7.41 -0.16  0.40  0.43 -4.37 -1.26 -5.94 
INFO: cmn.c(133): CMN: 40.67  7.23 -1.80 -0.64 -8.61  3.96 -3.06 -0.16  0.42 -1.16 -3.43 -1.05 -5.35 
INFO: cmn.c(133): CMN: 42.59  5.61 -1.65  1.41 -3.76  0.13 -2.89  3.20 -7.65 -2.79 -3.08 -1.57 -2.13 
INFO: cmn.c(133): CMN: 41.61  2.37  3.12 11.88  5.16  2.23 -2.01  2.09  3.27 -5.48 -6.63 -5.38 -4.77 
INFO: cmn.c(133): CMN: 42.86  5.89 -1.11  0.12 -5.98  3.25 -0.89  6.08 -3.85  4.04  0.06 -3.04 -3.22 
INFO: cmn.c(133): CMN: 46.77  7.07  1.73  4.25  2.92 -2.51 -9.67 10.55 -1.76 -0.18 -3.18  1.90 -3.91 
INFO: cmn.c(133): CMN: 49.64  3.45  3.96  7.68  2.86 -2.06 -13.69  7.26 -4.39 -2.53 -4.05 -0.70  0.06 
INFO: cmn.c(133): CMN: 48.51  3.98  6.39 11.26 -2.36  7.43 -7.23 -6.97  1.03 -0.21 -2.16 -9.14 -4.78 
INFO: cmn.c(133): CMN: 47.05  9.83  4.85 12.37  2.57 -3.60 -8.29  9.19 -9.75 -1.54  0.54 -6.58 -3.01 
INFO: cmn.c(133): CMN: 46.08 -1.54  4.00 23.77  4.22 -6.57 -4.15 10.51 -1.48 -5.06 -6.62 -5.93 -4.26 
INFO: cmn.c(133): CMN: 47.09 10.27  3.31  2.28 -2.92  0.26 -6.55  3.21 -5.36  0.89  0.68 -5.23 -8.78 
INFO: cmn.c(133): CMN: 46.45 10.91  1.97  5.59  0.51  5.29 -11.63  2.15 -1.02 -3.58 -0.54 -5.24 -4.24 
INFO: cmn.c(133): CMN: 44.87  8.16  3.33  7.33 -2.52  2.16 -11.58  4.22 -0.33 -4.96 -3.76 -5.09 -5.41 
INFO: cmn.c(133): CMN: 38.87 -3.88 -3.88 17.86 -2.51  3.64 -11.57 -0.58  2.72 -12.37 -4.58 -4.33 -1.59 
INFO: cmn.c(133): CMN: 45.45  1.87 -4.56 33.34 -3.91  2.66 -4.55 -7.13  8.45 -24.52  9.22 -8.98 -1.56 
INFO: cmn.c(133): CMN: 35.41 -1.48 -2.32 20.76 -3.14  6.98 -4.47 -2.93  5.21 -14.11 -2.19 -1.71 -2.58 
INFO: cmn.c(133): CMN: 46.67  7.70 -8.32  7.24 -20.69  7.45 -13.27 -6.63  5.47 -15.08 10.84 -5.07  6.14 
INFO: cmn.c(133): CMN: 47.00  2.37 -5.15 24.91 -5.83  5.05 -11.58 -1.89  0.79 -16.61 10.41 -10.86  0.18 
INFO: cmn.c(133): CMN: 42.53 -0.61  2.78 24.30 -6.27  1.47 -3.95 -3.44  4.34 -19.76  5.54 -10.75 -0.29 
INFO: cmn.c(133): CMN: 48.46  1.70 -2.58 37.68 -7.86  0.58 -1.28 -3.72  8.29 -28.43 10.93 -12.08 -1.52 
INFO: cmn.c(133): CMN: 50.52 -4.62 -3.44 16.54 -6.13  2.80 -6.28 -1.75  7.71 -11.46  0.61 -4.95 -0.14 
INFO: cmn.c(133): CMN: 49.54 13.03 -8.44 21.73 -11.59  7.45 -11.39 -5.12  4.66 -22.47  5.04 -8.95 -0.21 
INFO: cmn.c(133): CMN: 49.83 -1.31 -1.66 30.01 -9.92  0.93 -6.85 -4.95  5.37 -21.38  6.11 -8.01  1.72 
INFO: cmn.c(133): CMN: 48.19  3.75 -2.65 11.69 -12.97  7.25 -7.25 -5.98 -1.16 -12.81  8.80 -8.33  0.57 
INFO: cmn.c(133): CMN: 49.42 -0.22 -2.91 20.54 -5.72  3.33 -7.05 -7.24  6.31 -18.16  5.16 -4.87 -3.68 
INFO: cmn.c(133): CMN: 42.47 -0.70 -1.32 14.77 -7.91  1.64 -7.69  0.90 -0.56 -10.57  1.14 -6.63  2.04 
INFO: cmn.c(133): CMN: 46.07  4.05 -8.63  9.71 -7.67 -1.55 -6.63 -5.72 -1.52  3.60 -3.37  1.39 -5.94 
INFO: cmn.c(133): CMN: 46.83  1.78 -6.33 17.82 -8.99  5.84 -4.48 -4.94 -3.67  2.19 -3.26 -0.83 -2.90 
INFO: cmn.c(133): CMN: 47.63  4.22 -5.76 11.82 -11.11  2.26 -7.96 -5.48 -2.84  2.31 -2.36 -0.15 -1.66 
INFO: cmn.c(133): CMN: 49.25 13.87 -9.92 15.22 -23.99  1.46  1.42 -12.52 -1.21  2.82 -3.84  0.31 -4.35 
INFO: cmn.c(133): CMN: 47.61  7.32 -9.29 22.41 -17.53  4.06 -4.17 -5.07 -5.49 -3.31 -4.14  0.04 -4.11 
INFO: cmn.c(133): CMN: 47.15  8.69  0.28  7.34 -12.39  3.88 -2.21 -5.79  1.50  2.42  1.43 -2.06 -2.02 
INFO: cmn.c(133): CMN: 50.33  8.86 -3.75 23.90 -12.45  5.01 -8.62 -5.39 -2.07 -0.93 -1.79 -2.21 -0.37 
INFO: cmn.c(133): CMN: 48.23  3.33 -3.40 14.76 -7.45  3.00 -0.63 -3.16  2.75 -6.55 -2.13 -0.87 -3.53 
INFO: cmn.c(133): CMN: 52.02  1.44 -2.23 23.01 -9.11  6.06 -4.99 -4.61 -2.33 -5.70 -1.37 -3.62 -1.39 
INFO: cmn.c(133): CMN: 52.58  1.21 -2.02 18.65 -7.36  4.75 -5.23 -3.26  1.67 -2.42 -3.54 -0.61 -4.64 
INFO: cmn.c(133): CMN: 42.16  6.47 -1.85  5.89 -14.38  5.35 -0.47 -6.27 -2.34  3.14  0.34 -2.85 -3.29 
INFO: cmn.c(133): CMN: 43.51  4.39 -3.77 13.88 -7.78  2.88 -6.07 -5.53 -0.13 -2.01 -3.36 -3.82 -3.18 
INFO: cmn.c(133): CMN: 43.02  2.81 -5.17  8.68 -4.96  7.44 -5.12 -7.96  1.86 -0.69 -1.36 -2.43 -3.31 
INFO: cmn.c(133): CMN: 45.62  4.11  4.21  6.59 -1.97  5.16 -1.97 -2.91 -7.39 -3.24  1.30 -2.94  0.41 
INFO: cmn.c(133): CMN: 44.42  4.01  1.30 13.46 -1.25  5.56 -5.94  0.73 -4.36 -5.12  1.32 -3.53  1.59 
[400] INFO: cmn.c(133): CMN: 46.45  3.57  3.95 12.43  1.88 -3.35 -5.57  3.08 -6.75 -2.94  0.47 -3.54  3.99 
INFO: cmn.c(133): CMN: 52.27 -4.65  6.86  7.36  0.43  1.38 -8.71  0.94 -5.18  1.05  1.29 -4.26  5.73 
INFO: cmn.c(133): CMN: 44.83  5.74  3.88  7.77  1.68  2.19 -4.31  1.93 -1.18 -2.41  2.05 -3.22  2.10 
INFO: cmn.c(133): CMN: 47.72  3.85 -0.82  1.28 -5.52 -0.34 -6.48 -5.27  6.08 -10.96 -0.05  4.78  4.81 
INFO: cmn.c(133): CMN: 30.88 -1.46  6.35 17.82  1.99 -1.10 -2.61  4.28 -2.42 -3.92 -3.23  2.22 -3.55 
INFO: cmn.c(133): CMN: 39.33  0.52 -0.63  4.67 -1.11  2.90 -6.07  1.93 -0.93  2.42  3.41 -6.69  4.66 
INFO: cmn.c(133): CMN: 28.53 -0.73  2.28 12.90  0.75 -0.67 -3.53  1.49 -2.04 -3.06  1.10 -0.61  2.93 
INFO: cmn.c(133): CMN: 49.54  1.90  4.60 16.18  3.51 -2.79 -2.36  1.07 -1.22 -5.98 -1.63  1.65 -0.65 
INFO: cmn.c(133): CMN: 47.58  0.74  8.01  4.42 -5.96  4.69 -3.31 -0.19 -6.85 -2.62  4.40 -3.70  0.97 
INFO: cmn.c(133): CMN: 49.53  8.12  5.91  0.95 -5.56  5.89 -5.07 -4.26 -3.07  1.54  2.66 -3.47  1.30 
INFO: cmn.c(133): CMN: 46.73  4.34  3.18  6.07  2.73  1.81 -1.93 -2.90 -2.56 -1.59  2.96 -3.96  3.30 
INFO: cmn.c(133): CMN: 46.75  0.42 -3.85  8.44 -7.23 10.53 -10.99 -3.00 -0.66  1.14 -7.34  2.02  2.59 
INFO: cmn.c(133): CMN: 49.21 -5.46 -0.19 34.13 -7.16  3.26 -9.93  6.16 -3.93 -4.74 -5.28 -2.22 -1.65 
INFO: cmn.c(133): CMN: 44.65  6.11 -6.34 11.69 -8.42 12.41 -6.17 -3.33  4.44  1.07 -8.42 -0.59  3.00 
INFO: cmn.c(133): CMN: 48.05 -8.53  4.12 30.20 -6.88  8.04 -7.34  9.83 -4.56 -6.32  0.66 -1.74 -0.50 
INFO: cmn.c(133): CMN: 45.46  0.40 -0.48 18.24 -2.52 11.49 -8.54  1.46  2.79 -4.30 -6.63 -2.49  2.03 
INFO: cmn.c(133): CMN: 49.76  4.33 -3.80 17.20 -5.98  3.32 -11.87  2.13 -6.14 -0.81 -3.98  4.76  3.34 
INFO: cmn.c(133): CMN: 46.69  1.90 -2.05 22.60 -7.74  5.59 -8.60  3.00 -3.44 -0.81 -3.47  1.24  1.32 
INFO: cmn.c(133): CMN: 43.53 -6.93  2.76  6.98 -9.16  9.44 -7.65 -1.15 -0.46 -0.24 -1.65  0.29  5.62 
INFO: cmn.c(133): CMN: 50.41 -1.39  2.05 16.86 -8.18  7.51 -12.31  4.19 -2.19 -0.60 -3.73  3.04  4.14 
INFO: cmn.c(133): CMN: 49.01 -3.40  0.91 20.10 -4.80  1.09 -12.08  5.70 -3.94 -0.67 -6.89  3.41 -0.44 
INFO: cmn.c(133): CMN: 45.17 13.36 -1.61  6.58 -10.51  6.84 -8.59 -0.55 -4.54 -1.42 -0.11  3.45  5.21 
INFO: cmn.c(133): CMN: 45.16 -1.03  4.25 10.15 -6.83  7.48 -11.12 -1.54  1.38 -6.62 -3.34 -0.83  5.57 
INFO: cmn.c(133): CMN: 46.81 -3.89  1.73 19.62 -2.85  4.22 -11.22  3.07 -3.88 -1.31 -6.62 -2.07  4.28 
INFO: cmn.c(133): CMN: 42.01 -13.16  4.16  5.43 -3.36  3.89 -7.46 -2.31 -0.46  0.73 -2.78  1.09 -1.81 
INFO: cmn.c(133): CMN: 42.66 -5.56  0.81 13.77  0.28 -2.99 -2.52 -0.75 -1.32 -2.99 -0.89 -0.74 -3.18 
INFO: cmn.c(133): CMN: 42.21 -2.96 -3.75  1.37 -1.49  2.41 -8.34 -3.90  1.40  0.72 -1.30  0.03 -0.06 
INFO: cmn.c(133): CMN: 38.48 -2.34 -1.04 16.47 -1.37  1.84 -2.48  0.16  1.00 -1.94 -0.85  0.46 -2.86 
INFO: cmn.c(133): CMN: 42.08  8.97 -4.07  6.55 -6.57  1.95  1.84 -4.58  1.24 -2.17 -4.15 -0.43 -5.53 
INFO: cmn.c(133): CMN: 41.48  1.47  2.76 10.24  0.89 -2.32 -0.12 -1.50 -1.77 -0.88 -2.46  1.97 -7.25 
INFO: cmn.c(133): CMN: 41.45  1.17  3.60 15.12  6.45 -8.28 -2.93  6.35 -9.54  8.08 -7.27  3.60 -7.60 
INFO: cmn.c(133): CMN: 43.21 -3.07 -0.46 12.93  2.07 -0.07 -3.98  2.72 -1.57 -1.56 -2.81 -1.27 -4.79 
INFO: cmn.c(133): CMN: 43.56  1.93  2.88 25.27  3.80  1.57  1.25 -1.08 -1.36 -4.00 -4.57  1.92 -11.62 
INFO: cmn.c(133): CMN: 42.90 -5.12  3.64 17.21  1.50 -1.27 -2.31  1.92 -6.06  2.28 -4.04  0.63 -5.25 
INFO: cmn.c(133): CMN: 42.28  4.28 -0.36 10.74  0.01  1.68 -1.91 -2.98  0.55 -0.28  0.70 -3.13 -4.70 
INFO: cmn.c(133): CMN: 42.07 -2.51  0.58 11.60 -0.48 -0.91 -5.03  0.52 -1.57 -2.26  0.04 -1.50 -2.51 
INFO: cmn.c(133): CMN: 40.52 -0.10 -2.56 10.82 -0.57 -2.71 -1.55  2.47 -1.90 -1.47  1.60 -2.28 -2.66 
INFO: cmn.c(133): CMN: 49.32  9.05 -4.41 13.68 -0.57 -3.75 -4.69 -5.05 -2.69  0.53 -5.75 -0.18 -3.66 
INFO: cmn.c(133): CMN: 46.43  9.35 -0.29 21.70  0.68 -4.04  2.28 -0.41 -4.60  2.91 -2.69 -1.72 -6.91 
INFO: cmn.c(133): CMN: 47.47  3.70  4.61 27.61  2.39 -7.97 -1.28  1.67 -8.46 -2.06 -6.43 -2.04 -3.63 
INFO: cmn.c(133): CMN: 45.27  7.76 -5.21 16.80  2.28 -2.59 -8.40 -4.89  1.51 -3.17 -5.67  0.06 -2.12 
INFO: cmn.c(133): CMN: 47.52  9.79 -5.98  7.39 -3.01 -1.07 -2.89 -5.69 -2.72  3.55 -3.19  1.88 -4.70 
INFO: cmn.c(133): CMN: 46.97 10.29  0.30 19.08 -4.35 -3.59 -3.17 -0.10 -10.19 -2.96 -3.56  1.59 -1.52 
INFO: cmn.c(133): CMN: 43.71  5.78  0.49 19.01 -2.15  0.67 -0.77 -0.90 -6.35 -0.81  0.27  1.77 -5.93 
INFO: cmn.c(133): CMN: 45.52  6.01 -3.67 16.25  0.82  3.34 -0.97 -2.10 -1.06 -6.06 -3.55 -0.10 -3.04 
INFO: cmn.c(133): CMN: 47.15  7.02 -2.83 21.70 -1.56 -5.73 -0.90 -4.28 -1.06 -3.32 -3.53  3.32 -4.11 
INFO: cmn.c(133): CMN: 49.00  5.60 -1.53 22.74 -0.51 -3.83 -0.58 -2.19 -4.67  0.74 -3.08  2.67 -6.16 
INFO: cmn.c(133): CMN: 47.09 10.81 -1.04  9.58 -5.01 -0.29  0.11 -3.25 -0.54 -0.66 -4.27  3.46 -4.45 
INFO: cmn.c(133): CMN: 46.12  3.75 -0.13 13.36 -0.68  3.28 -8.06 -7.94  1.52 -3.97 -3.34 -2.62 -4.01 
INFO: cmn.c(133): CMN: 43.87 -2.78  2.35  8.99  1.45 -3.60 -4.46 -1.19 -0.67  1.33 -6.38 -1.09 -0.62 
INFO: cmn.c(133): CMN: 43.62  4.52 -6.96 20.83 -3.37  3.23 -15.98  4.60 -4.36 -4.58  0.23 -4.22 -2.68 
INFO: cmn.c(133): CMN: 32.00  2.92 -3.08  8.43 -4.03  5.20 -5.96  6.23 -7.17  6.24 -0.27 -3.12 -0.14 
INFO: cmn.c(133): CMN: 40.03 -2.05 -3.74 32.71 -5.78  5.72 -8.28  8.72  1.51 -13.30  2.43 -4.42 -2.00 
INFO: cmn.c(133): CMN: 26.99  0.84 -3.22 15.51 -0.44  3.48 -3.66  2.75 -1.56 -6.22 -2.00 -0.57 -3.38 
INFO: cmn.c(133): CMN: 34.30  3.74 -4.61  6.77 -7.23  4.22 -3.31  4.07 -10.88  9.49 -0.73 -3.71  0.01 
INFO: cmn.c(133): CMN: 43.72  3.32 -4.95 27.22 -11.50  2.36 -9.07  5.93 -7.19 -4.52 -1.73 -1.07 -4.66 
INFO: cmn.c(133): CMN: 43.19 -2.17  0.27 16.24 -9.43  7.97 -15.05  9.65 -8.43  0.06 -3.21  1.36 -6.04 
INFO: cmn.c(133): CMN: 40.61 -5.90  2.32 12.95 -2.06  8.40 -14.46  4.51 -3.90 -0.73 -4.67 -0.64 -2.21 
INFO: cmn.c(133): CMN: 43.14 -4.36  1.97 27.52 -2.67  3.79 -15.07  5.42 -5.70 -2.23 -0.30 -4.42 -5.77 
INFO: cmn.c(133): CMN: 43.62 -2.53 -0.78 28.80 -8.54  3.67 -10.73  3.27 -4.32 -7.94  1.10 -4.48 -3.55 
INFO: cmn.c(133): CMN: 42.73  3.51 -2.39 10.25 -10.37  9.61 -12.95  3.05 -9.84  1.91  0.62 -0.84 -7.34 
INFO: cmn.c(133): CMN: 45.19  4.88 -7.40 17.77 -10.78 10.33 -18.47  4.70 -7.62 -8.50 -1.20 -4.40 -1.90 
INFO: cmn.c(133): CMN: 42.09 -2.21 -2.16  6.02 -5.62  7.02 -16.85  5.34 -8.33 -3.93 -1.06 -1.49 -1.35 
INFO: cmn.c(133): CMN: 36.97  1.71 -2.18  8.33  2.47  6.90  2.32 -1.59 -1.54 -1.74 -3.84 -2.55  0.60 
INFO: cmn.c(133): CMN: 46.27  3.48 -4.05 13.28  2.96 -0.29 -0.97 -3.31 -2.86 -3.94 -3.74  1.73 -3.09 
INFO: cmn.c(133): CMN: 38.89 -0.25  1.29 -4.02 -7.21  5.39  4.36  3.39 -8.31  3.01 -0.33  1.08 -0.45 
INFO: cmn.c(133): CMN: 45.88  9.64 -8.18 11.67  6.29 -0.55  3.92 -6.65 -4.28  1.61 -4.97 -0.06 -1.83 
INFO: cmn.c(133): CMN: 46.32  5.85 -7.14 17.08  9.15 -4.81  2.86 -5.25 -4.00  2.79 -4.74 -1.79 -3.35 
INFO: cmn.c(133): CMN: 45.45  4.51 -1.43 17.05  8.28 -9.73 -0.66 -3.40 -1.73 -0.59 -6.23 -0.11 -1.52 
INFO: cmn.c(133): CMN: 45.74  5.34 -4.61 10.66  5.08 -7.86 -3.27  1.90 -2.48 -4.11 -2.98  5.17 -3.15 
INFO: cmn.c(133): CMN: 45.25  4.63 -0.33  5.15  5.03  2.80 -0.05 -1.74 -5.01  1.17 -5.15  1.64 -1.49 
INFO: cmn.c(133): CMN: 44.11 -2.24  1.39 25.90  9.85 -8.71  3.65  0.30 -2.20 -0.95 -8.90  4.30 -1.74 
INFO: cmn.c(133): CMN: 43.92 -4.61 -2.45 22.00  2.10 -0.19 -1.28 -0.54  0.66 -5.68 -4.80  0.96 -0.21 
INFO: cmn.c(133): CMN: 45.47  9.31 -1.51  6.63  0.73  1.04  0.46 -2.59 -4.54  1.69 -3.56 -1.27 -3.62 
INFO: cmn.c(133): CMN: 45.65  1.71 -4.03 17.83  8.01 -3.92  0.20 -2.45 -0.03 -4.89 -7.78  0.19 -4.07 
INFO: cmn.c(133): CMN: 44.18  2.42 -1.66 11.85  4.31 -1.77 -1.11 -0.69 -2.41  1.94 -4.39  0.46 -1.21 
INFO: cmn.c(133): CMN: 41.05 10.81 -3.57 11.37 -13.05  5.32 -0.03 -5.78 -7.63 -4.67 -2.97 -6.00 -2.60 
INFO: cmn.c(133): CMN: 47.14  6.20 -1.23 15.00 -10.59  4.12 -5.86 -2.56 -5.66 -4.30 -2.84 -4.55 -2.74 
INFO: cmn.c(133): CMN: 41.91  6.70 -2.21 11.62 -2.03  5.32 -7.73 -5.03 -3.90 -8.35 -2.55 -4.31 -3.33 
INFO: cmn.c(133): CMN: 37.76 -2.44  0.60 12.33  1.23  5.43 -5.65 -4.31 -1.45 -7.39 -4.00  0.89 -2.81 
INFO: cmn.c(133): CMN: 42.71  5.20 -4.98 23.37 -6.18  0.79 -7.04 -5.72 -3.18 -7.72 -0.11 -2.24 -7.21 
INFO: cmn.c(133): CMN: 40.86  3.25  1.31 24.30 -7.50  2.59  1.76 -4.12 -3.78 -7.97 -2.34 -4.20 -3.85 
INFO: cmn.c(133): CMN: 46.45  2.67 -4.31 21.13 -9.76  4.04 -10.69 -1.55 -2.27 -8.47 -0.15 -2.36 -3.52 
INFO: cmn.c(133): CMN: 40.48  0.23  0.51 12.44 -5.58  4.18 -4.33 -8.44 -5.76 -7.32  1.11 -5.32 -4.79 
INFO: cmn.c(133): CMN: 45.82  9.29 -2.56 19.28 -6.90  0.59 -5.57 -6.37  0.55 -5.59  1.20 -1.41 -7.44 
INFO: cmn.c(133): CMN: 44.06  0.97  0.19 27.15 -6.81 -0.93 -2.93 -2.75 -3.41 -6.74 -2.26 -2.82 -6.33 
INFO: cmn.c(133): CMN: 44.95 11.53  0.10 14.58 -4.08  2.91 -1.19 -7.37  0.36 -9.05  0.51 -3.05 -9.49 
INFO: cmn.c(133): CMN: 47.93 -0.57 -1.93 16.49 -5.01  6.35 -15.76 -4.67  4.04 -8.08  3.35 -6.84 -5.42 
INFO: cmn.c(133): CMN: 42.33  6.07 -0.56  8.00 -6.44  2.50 -4.56 -1.70 -3.22 -4.14 -1.90 -3.72 -4.30 
INFO: cmn.c(133): CMN: 42.47 -1.46  1.70 25.69  3.09 -7.28 -2.74 -2.58  2.23 -12.39  1.02 -0.69 -6.09 
INFO: cmn.c(133): CMN: 45.35  4.46 -2.51 19.37  3.09 -9.08 -3.04 -11.15  6.85 -12.00  0.23  2.42 -2.09 
INFO: cmn.c(133): CMN: 42.97  6.23 -3.60 15.69  5.40 -8.76 -5.18 -5.31  3.59 -3.03  0.03  2.46 -1.02 
INFO: cmn.c(133): CMN: 43.49 -0.58  5.90 21.86  6.19 -6.77 -2.75 -1.82 -0.15 -4.79  4.97 -0.71 -6.69 
INFO: cmn.c(133): CMN: 42.93  4.67 -3.20 15.17  2.23 -11.18 -4.13 -9.62  3.65 -8.61  1.14  1.39 -4.56 
INFO: cmn.c(133): CMN: 44.27  8.42  1.59 16.86 -3.17 -9.79 -4.79 -4.77 -3.68 -10.23  4.73 -1.37 -0.95 
INFO: cmn.c(133): CMN: 42.01 11.34 -3.28 -0.94 -8.97 -5.68 -3.12 -8.18  3.40  0.58  9.04  0.79 -1.17 
INFO: cmn.c(133): CMN: 43.32  5.85 -1.49  6.90 -4.65 -0.54 -2.61 -8.25  0.98 -1.14  2.38 -2.04 -3.15 
INFO: cmn.c(133): CMN: 48.60 10.53 -6.11  6.26 -2.04 -10.27 -1.49 -12.69  0.73 -3.33  4.38  1.86 -3.83 
INFO: cmn.c(133): CMN: 43.80  1.42  2.10 20.37 -0.12 -6.06 -2.88 -3.12 -1.91 -8.96  0.85 -0.22 -5.20 
INFO: cmn.c(133): CMN: 44.32  5.30  0.78  5.01 -6.51 -3.41  1.64 -6.53 -6.30 -0.20  5.62  0.47 -1.85 
[500] INFO: cmn.c(133): CMN: 44.60  5.20 -0.27 10.95 -1.66 -2.72 -5.28 -8.60  2.84 -5.77  1.12 -1.15 -4.27 
INFO: cmn.c(133): CMN: 41.69  5.63  1.11 15.07  2.03 -7.10 -2.76 -6.52  1.10 -3.48 -0.66 -0.90 -1.57 
INFO: cmn.c(133): CMN: 46.72  4.18 -3.30 19.45 -9.85  7.03 -2.59 -12.78 12.47 -2.54 -2.49 -3.25  0.76 
INFO: cmn.c(133): CMN: 44.03 11.09 -5.46 14.37 -11.43  2.65 -1.27 -12.42 11.00 -3.27 -2.92 -1.71  1.24 
INFO: cmn.c(133): CMN: 44.79  3.76 -2.28 16.46 -10.21  4.61 -2.84 -8.96 10.25 -1.67 -1.48 -2.19  0.91 
INFO: cmn.c(133): CMN: 39.80 13.39 -4.92 16.19 -10.89  6.44  0.63 -8.34  7.05 -5.39  4.93 -2.32  2.31 
INFO: cmn.c(133): CMN: 42.47 -1.27 -5.45  8.86 -6.39  8.39 -6.72 -11.74  6.75 -4.24 -0.30  2.71  3.75 
INFO: cmn.c(133): CMN: 41.52  2.92 -6.42 20.22 -12.96 -1.77  0.45 -4.21  6.44 -3.38  3.12 -1.12 -1.89 
INFO: cmn.c(133): CMN: 45.00  3.68 -5.14 39.51 -13.62  2.30  2.67 -11.26 13.67 -9.53  6.35 -6.81  5.51 
INFO: cmn.c(133): CMN: 44.98  8.57 -4.70 24.41 -7.43  7.65 -0.08 -17.15 14.36 -5.06  0.50 -6.39 -0.34 
INFO: cmn.c(133): CMN: 42.50  6.16 -8.01 19.94 -13.15  2.02 -4.01 -6.99 11.82 -5.92  3.43 -1.48 -0.85 
INFO: cmn.c(133): CMN: 46.71  3.60 -7.02 30.60 -12.09 -1.46 -0.64 -5.11  8.73 -6.94  1.82 -1.59 -2.40 
INFO: cmn.c(133): CMN: 47.14 11.76 -9.62 18.95 -13.76  1.72  4.01 -11.53 10.42 -4.36  2.86 -3.30 -2.32 
INFO: cmn.c(133): CMN: 46.38  7.24 -5.82 18.49 -10.87  3.97 -2.45 -10.66  8.07 -4.81 -1.34 -1.50  0.12 
INFO: cmn.c(133): CMN: 45.53  2.90 -2.18 17.80 -11.29  5.40 -1.19 -8.78 11.87 -6.20  2.68 -3.77 -2.21 
INFO: cmn.c(133): CMN: 38.20  6.87 -1.75  1.89 -5.85  2.59 -4.58 -1.04 -3.21 -2.11  1.02  3.04 -3.91 
INFO: cmn.c(133): CMN: 39.33  7.83 -2.80  5.60 -4.74  5.84 -5.37 -1.68 -4.36 -3.90  0.95  6.30 -1.53 
INFO: cmn.c(133): CMN: 49.84  6.80  0.55 12.11 -10.02 -1.50 -11.96  0.33  1.58 -2.92 -0.99  3.76 -4.56 
INFO: cmn.c(133): CMN: 42.95 -2.54  0.32  0.69 -7.68  3.98 -4.65 -1.39 -1.88  4.01  1.30  2.39 -4.09 
INFO: cmn.c(133): CMN: 42.82 -3.84  1.53  4.07 -4.64  0.04 -8.51  1.07 -1.90  1.68  0.22 -0.00 -1.81 
INFO: cmn.c(133): CMN: 52.91 -0.92 -6.60 27.85 -8.06 -2.87 -15.88 -0.19 -0.85 -2.28 -3.23  5.01 -3.30 
INFO: cmn.c(133): CMN: 49.46  1.83 -5.04 21.18 -8.33 -2.22 -15.41 -0.43  0.06 -5.04 -0.22  3.25  3.45 
INFO: cmn.c(133): CMN: 50.24  0.67 -1.85  5.27 -9.64  7.08 -13.42 -3.66  1.98  0.45 -2.03  1.46 -0.40 
INFO: cmn.c(133): CMN: 47.71  1.13 -3.35 22.16 -7.27  1.99 -10.97 -2.38  5.23 -1.94  0.41 -0.82  1.71 
INFO: cmn.c(133): CMN: 47.10 -5.28  4.02 23.75 -8.10  1.07 -8.04  0.15 -0.48 -2.68 -1.63  3.13 -3.72 
INFO: cmn.c(133): CMN: 49.30 -2.16 -1.10  9.60 -3.65  5.84 -15.22  0.35 -1.51  1.85 -3.04  2.08 -0.52 
INFO: cmn.c(133): CMN: 49.69 -9.93  1.81 12.07 -1.25  1.26 -19.13  2.17 -0.42  0.32 -8.61  2.17 -0.86 
INFO: cmn.c(133): CMN: 49.78  0.35 -4.14 20.25 -6.86  2.08 -16.59  4.09 -0.05  0.41 -3.38 -3.97  2.54 
INFO: cmn.c(133): CMN: 47.34  7.16  2.79 10.51  3.55 -3.55 -2.01 -2.66 -4.68  1.63 -1.55  2.18 -4.80 
INFO: cmn.c(133): CMN: 45.96  4.62  5.79  4.57  3.27  1.76 -9.02 -0.31 -4.09 -2.84 -3.00  0.60 -2.63 
INFO: cmn.c(133): CMN: 53.61  3.54  7.89  5.81 -5.61 -0.75 -4.21 -6.70 -9.73 -3.06 -0.50 -3.00 -5.51 
INFO: cmn.c(133): CMN: 48.84  7.19 -3.13  1.82  2.35 -2.59 -5.99 -6.12 -4.96  1.05  1.12  3.45 -4.96 
INFO: cmn.c(133): CMN: 37.00  8.42  3.34 -2.14 -7.38  3.22  2.03 -4.05 -0.50  5.23  3.66  2.95 -3.05 
INFO: cmn.c(133): CMN: 43.90 -2.54  7.67 17.43 10.35 -5.68 -10.27  1.49 -11.37  3.13 -3.69  2.29 -3.70 
INFO: cmn.c(133): CMN: 47.58 -1.89  9.18 20.65  8.72 -8.38 -15.72 10.91 -15.15 -2.81 -1.31 -0.44 -1.85 
INFO: cmn.c(133): CMN: 43.98 -1.06  3.10  9.23  6.41  4.80 -8.51 -1.17 -3.08  3.50 -1.32 -0.70 -1.86 
INFO: cmn.c(133): CMN: 45.05 -0.83 14.55 26.86 11.71 -8.21 -0.54  9.37 -14.35  4.19  0.21 -3.33 -2.71 
INFO: cmn.c(133): CMN: 48.33  2.02  6.85 21.26  5.32 -1.78 -7.51  5.73 -9.51 -2.84  0.67 -1.13 -5.33 
INFO: cmn.c(133): CMN: 46.33  9.58  4.88  6.81  2.03  0.57 -4.25 -0.86 -3.33 -3.10  0.24  1.25 -7.85 
INFO: cmn.c(133): CMN: 46.34  1.62 -0.35  8.04  3.47  2.36 -13.23 -2.46 -1.80 -6.40  0.10  1.33 -4.76 
INFO: cmn.c(133): CMN: 48.97  0.47  5.23  8.35 -1.28 -0.81 -9.50 -3.07 -2.25 -6.22 -2.27 -1.93 -4.05 
INFO: cmn.c(133): CMN: 46.99 -6.89  7.11 19.27 -2.65  5.62 -16.96  8.14 -3.38 -7.87 -2.65 -3.15 -1.57 
INFO: cmn.c(133): CMN: 41.21  7.52 -4.57  7.85 -5.09  4.35 -10.57 -0.31 -2.17 -9.02  2.13 -6.59 -0.78 
INFO: cmn.c(133): CMN: 44.50  4.25  0.67 12.27 -4.35  4.16 -10.26 -0.90 -1.10 -8.99  5.99 -3.80 -1.34 
INFO: cmn.c(133): CMN: 42.93  0.81  2.98 24.86 -8.66  4.99 -11.75  2.91 -0.29 -7.59 -2.86  1.15 -2.98 
INFO: cmn.c(133): CMN: 47.16  4.26 -1.03 18.22 -14.14  8.49 -17.66  6.70 -3.17 -7.39  4.88 -2.35  3.39 
INFO: cmn.c(133): CMN: 41.72 -4.21 -4.86 18.57 -8.21  2.63 -13.92  1.29 -2.77 -4.29  1.30 -3.65 -3.43 
INFO: cmn.c(133): CMN: 46.00  2.18  1.84  5.50 -4.51  7.38 -11.58 -7.07  3.87 -10.26  2.15 -5.31 -4.06 
INFO: cmn.c(133): CMN: 44.45  0.44  0.69 31.99 -11.29  8.92 -13.70  8.49 -3.07 -9.76 -2.10  0.35 -6.37 
INFO: cmn.c(133): CMN: 48.44  1.12 -2.56 27.00 -11.36  6.11 -15.53  4.04 -0.82 -6.96 -0.56 -1.91 -1.70 
INFO: cmn.c(133): CMN: 42.36  9.05 -2.56  9.27 -5.22  1.47 -6.70 -0.20 -0.60 -10.61  6.60 -6.66 -5.69 
INFO: cmn.c(133): CMN: 46.78  6.23 -1.43 14.11 -6.82  3.73 -11.48  1.23  3.32 -19.12  4.92 -7.58 -1.70 
INFO: cmn.c(133): CMN: 47.27 -4.28  3.98  7.72 -6.95 10.20 -16.89 -2.66 -4.79 -8.17  6.54 -8.89 -1.50 
INFO: cmn.c(133): CMN: 48.96  7.10 -9.81 24.22 -7.17 -5.90 -0.72 -4.70  2.01 -7.77  2.25  0.17 -1.37 
INFO: cmn.c(133): CMN: 42.71  5.37 -9.13 20.77  2.80 -2.22 -1.27 -5.35  2.90 -3.31  0.46 -1.78  1.10 
INFO: cmn.c(133): CMN: 47.12  6.58 -6.32 27.73 -6.12 -2.76  4.58 -5.69  4.09 -8.34  3.62 -4.70 -1.44 
INFO: cmn.c(133): CMN: 36.72  0.64 -7.69  3.19 -8.11  1.27  1.66 -2.41  2.33 -2.30  0.12  2.10 -3.70 
INFO: cmn.c(133): CMN: 48.38  5.47 -10.33 29.05 -7.47 -3.50  2.29 -6.85  2.61 -9.89  3.34 -5.85 -3.59 
INFO: cmn.c(133): CMN: 43.66  8.71 -6.97 18.92 -0.59 -4.96 -0.06 -3.14  3.95 -2.43  6.34 -2.76  1.77 
INFO: cmn.c(133): CMN: 48.45 10.08 -14.35 29.10 -10.96 -11.37 -0.22 -3.42 -0.71 -8.01  8.11 -2.59  4.77 
INFO: cmn.c(133): CMN: 36.12  8.98 -6.85 18.66 -0.42 -1.88  1.13 -4.50 -1.38 -1.90 -2.93 -2.22  2.63 
INFO: cmn.c(133): CMN: 42.98  2.99 -6.39 27.71 -8.09 -7.68 -1.78 -2.44 -2.50 -7.52  5.30 -6.42  4.41 
INFO: cmn.c(133): CMN: 44.41 15.45 -16.80 23.27 -15.15 -4.38 -0.33  2.13  2.38 -5.42  8.06 -1.63  1.20 
INFO: cmn.c(133): CMN: 42.58 14.56 -10.34 17.02 -13.04 -1.18 -0.10 -5.19 -9.86 -7.89 12.02 -7.29  9.98 
INFO: cmn.c(133): CMN: 46.36  7.87 -10.55 15.31 -7.36  0.89 -1.12 -4.35  1.83 -7.08  6.12 -5.34  0.51 
INFO: cmn.c(133): CMN: 45.59  3.70 -9.63 15.48 -1.82 -2.69 -0.72  1.37  3.96 -6.69  7.35 -7.12  0.96 
INFO: cmn.c(133): CMN: 40.84  8.69 -6.37 31.30 -3.08 -4.58 -6.10 -2.75 -2.21 -5.48  1.74 -1.51 -1.07 
INFO: cmn.c(133): CMN: 41.29  3.91 -3.33 17.48 -3.29  1.38 -13.32 -0.06  0.92 -5.74  1.34 -2.89  1.71 
INFO: cmn.c(133): CMN: 36.18 -1.66 -0.76 -3.41 -3.71 -0.50  0.34  0.48 -4.49  1.90  3.48  2.29  1.42 
INFO: cmn.c(133): CMN: 32.91 10.13 -9.28  7.09 -6.33  4.62 -3.92 -3.29  1.17 -6.79  4.65  2.58  7.03 
INFO: cmn.c(133): CMN: 40.33  1.24 -3.02 19.41  0.37 -1.57 -10.78 -0.81  1.77 -5.76 -1.47 -4.17  0.24 
INFO: cmn.c(133): CMN: 41.92  3.48 -4.59 44.01 -17.52 -10.45 -1.89 -0.06 -1.78 -12.09  6.36 -2.16 -2.40 
INFO: cmn.c(133): CMN: 41.04  1.28 -3.98 25.74 -8.46 -3.44 -7.15 -1.62 -1.09 -5.12  2.88 -0.72  0.94 
INFO: cmn.c(133): CMN: 44.49  6.35 -3.48 26.93 -9.23 -4.60 -10.34 -1.36 -1.94 -4.49  1.43  0.44  0.13 
INFO: cmn.c(133): CMN: 44.18  6.89 -7.75 23.68 -9.54 -3.58 -12.33 -0.22 -2.35 -5.07  3.20 -0.23  3.79 
INFO: cmn.c(133): CMN: 30.88  5.69 -2.47 12.94 -2.49  1.90 -3.72  0.96  0.41 -4.23  1.58  0.96  1.33 
INFO: cmn.c(133): CMN: 41.11  8.37 -5.74 21.11 -7.55  2.66 -11.65 -6.59  3.91 -11.14  3.65 -1.58  2.08 
INFO: cmn.c(133): CMN: 39.99  5.57 -3.87 22.15 -1.91 -1.87 -12.71 -3.31  3.32 -6.59 -0.66 -1.35  0.99 
INFO: cmn.c(133): CMN: 48.95  4.23 -0.53 15.22 -0.96  1.79  1.14 -6.59  5.50 -3.30 -1.63  1.77 -3.13 
INFO: cmn.c(133): CMN: 48.14  7.82 -0.83 15.90 -0.66  2.51 -5.47 -4.39  1.31 -9.23 -5.11  4.21 -6.02 
INFO: cmn.c(133): CMN: 47.71  1.79  2.55  5.94  1.29  0.13 -8.44 -0.36  1.88 -3.94 -1.36  1.15 -2.52 
INFO: cmn.c(133): CMN: 48.69 -1.31  0.62 19.27 -4.35  1.07 -3.20 -6.40  5.02 -6.64 -1.41 -0.78  0.60 
INFO: cmn.c(133): CMN: 37.56  9.55 -1.63  4.73 -7.79  3.69  2.60 -0.11  0.23 -1.85  5.77  0.81  1.67 
INFO: cmn.c(133): CMN: 47.54  8.88 -4.74  5.40 -12.28  7.16 -2.21 -6.79  2.00 -6.08  4.35 -0.57 -0.27 
INFO: cmn.c(133): CMN: 46.75 -3.06 -1.06 19.32 -8.03  2.64 -9.15 -3.53  2.04 -10.04  0.15 -5.08  0.28 
INFO: cmn.c(133): CMN: 44.60  3.93 -0.29  4.18 -3.21  8.16 -1.72 -6.14  4.57 -7.05  1.78 -2.36 -3.11 
INFO: cmn.c(133): CMN: 49.33  2.86  2.67 17.79 -9.61 -1.17 -3.86 -2.24  5.58 -13.07  4.26 -0.32 -4.17 
INFO: cmn.c(133): CMN: 47.86 -1.12  1.23 20.99 -3.88 -1.86 -6.86 -0.63  5.52 -10.50  0.56 -0.38 -4.94 
INFO: cmn.c(133): CMN: 49.28  3.85  2.23  6.02 -3.00  0.07  1.18 -8.88  3.43 -2.46  4.42 -0.20 -3.24 
INFO: cmn.c(133): CMN: 50.41  2.75  1.01  7.53 -5.08  2.89 -3.66 -1.71  5.46 -8.84  0.86  1.36 -3.74 
INFO: cmn.c(133): CMN: 47.50 -3.72  2.90  9.47  3.46  0.48  0.97 -3.85  0.19  0.25  5.70 -1.25 -1.30 
INFO: cmn.c(133): CMN: 49.79 -8.68  7.33 19.07 -0.88  0.78 -1.48 -2.30 -1.02 -3.98  1.34 -3.52 -2.77 
INFO: cmn.c(133): CMN: 40.06 -4.93 -4.21  6.18 -0.66  9.38 -9.87 -7.81  2.67 -3.53 -0.13 -0.06  3.29 
INFO: cmn.c(133): CMN: 38.49 10.63 -6.28  9.58 -0.89  0.46  2.94 -10.31 -2.48 -4.67  7.61 -6.64  1.90 
INFO: cmn.c(133): CMN: 48.92 -5.39  3.57 29.44  2.85 -4.34  2.20 -5.90  3.47 -11.82  1.26 -2.72 -5.49 
INFO: cmn.c(133): CMN: 39.11 -8.11  3.91  7.82 -1.67  4.42 -4.64 -5.27 -1.48  0.84  5.11 -0.30 -1.76 
INFO: cmn.c(133): CMN: 39.78 -7.51  2.54 18.60  2.86 -3.91 -1.10 -0.61  1.28 -7.86  4.76 -1.51 -4.02 
INFO: cmn.c(133): CMN: 43.23 -5.51 -4.33 19.50  3.29 -6.39 -4.64 -4.09  7.63 -11.77  5.35 -4.65 -1.09 
INFO: cmn.c(133): CMN: 43.64 -2.82 -0.31 23.33  5.79 -9.67  7.41 -4.60  1.83 -7.46  3.58 -0.10 -6.80 
INFO: cmn.c(133): CMN: 44.73 -1.33 -0.07 23.18  4.40 -7.15  4.03 -4.78  2.67 -7.92  3.25 -0.09 -6.47 
[600] INFO: cmn.c(133): CMN: 45.55  1.97 -4.62 11.43 -2.57  4.58 -4.51 -9.53  2.51 -4.36  5.51 -4.56 -2.29 
INFO: cmn.c(133): CMN: 45.70  7.03 -3.79 12.07  1.57 -0.68 -1.18 -4.43 -0.81 -7.67  7.51 -7.99 -1.41 
INFO: cmn.c(133): CMN: 45.09  0.95 -5.03 19.23  4.88 -2.50 -3.95 -7.42  5.08 -10.57  1.77 -5.82 -1.57 
INFO: cmn.c(133): CMN: 45.94  3.34 -4.11 12.48 -12.49  3.24 -2.93 -0.13 -2.76 -6.70  5.78 -3.24 -3.17 
INFO: cmn.c(133): CMN: 43.79  2.91 -1.20  9.56 -1.87  2.86 -15.42  5.03  3.82  1.57  2.56 -3.48  0.98 
INFO: cmn.c(133): CMN: 41.69  8.87 -2.67  1.25 -7.51  5.94 -9.67  1.73  2.59  4.79 -3.47  3.11 -2.98 
INFO: cmn.c(133): CMN: 44.64  6.06 -0.52 17.05 -3.72  1.67 -0.69  4.38 -5.57 -1.89  3.46 -2.27 -3.76 
INFO: cmn.c(133): CMN: 43.03  0.67  0.14 27.60 -10.51 -5.90 -0.47 -3.09 -6.00 -9.09  6.54 -4.88 -3.20 
INFO: cmn.c(133): CMN: 43.67 -1.18  5.51 27.30 -9.18  0.86  1.67  3.41 -6.24 -3.52  3.47 -3.81 -3.59 
INFO: cmn.c(133): CMN: 48.52 11.63 -8.76 14.18 -20.29  2.42 -14.13  9.41 -5.11 -1.41  8.17 -1.30  2.02 
INFO: cmn.c(133): CMN: 48.57  1.85 -1.64 20.03 -8.92 -1.63 -5.57  6.57 -3.16 -0.74  5.26 -3.46  0.97 
INFO: cmn.c(133): CMN: 43.73  2.54  2.59 25.30 -8.85  1.82 -4.27  4.87 -4.49 -1.59  5.42 -3.52 -0.72 
INFO: cmn.c(133): CMN: 46.39  1.93  0.55 21.72 -8.69  0.83 -1.55 -0.74 -1.70 -7.90  3.11 -4.61 -1.66 
INFO: cmn.c(133): CMN: 45.74  7.41  1.28  5.31 -6.16  7.00 -8.18  6.43 -1.26  0.01  7.35 -6.25 -2.79 
INFO: cmn.c(133): CMN: 47.23 11.89 -10.31  3.99 -7.19  6.50 -8.97  5.50  2.12  1.48  5.39 -4.88 -1.18 
INFO: cmn.c(133): CMN: 45.92  0.25 -4.92 10.85 -1.10  3.13 -7.69  3.66  0.74 -3.62  4.59 -4.09 -0.68 
INFO: cmn.c(133): CMN: 47.64  1.83 -7.22 12.61 -10.77  0.84 -4.05 -0.18  1.09 -4.61  0.25  3.31 -3.37 
INFO: cmn.c(133): CMN: 45.99  7.40 -3.80 12.61 -7.91  6.30 -8.25  3.18  3.71 -2.14 -1.19 -2.21  3.12 
INFO: cmn.c(133): CMN: 49.71  2.96 -2.82 12.14 -4.18  5.12 -8.17  3.57 -1.22 -3.47  2.94 -4.16  0.51 
INFO: cmn.c(133): CMN: 39.87 -8.78  0.86  0.31 -7.89  7.58 -3.04  2.34  1.53  1.42 -2.04 -0.86 -2.81 
INFO: cmn.c(133): CMN: 50.10  3.21 -9.96 23.27 -10.73  4.04 -7.41  6.67 -2.24 -1.69  5.07  0.61 -1.44 
INFO: cmn.c(133): CMN: 43.54 -4.46 -1.75 20.63 -7.56  1.63 -9.01  5.94  1.04 -4.88  3.19 -1.84  2.11 
INFO: cmn.c(133): CMN: 40.35 -6.60 -1.10 25.65 -7.25  0.95 -5.62  4.67 -1.51 -3.70  0.16  0.32 -2.14 
INFO: cmn.c(133): CMN: 41.48 -9.64  3.45 18.80 -4.41  2.95 -5.27  6.71 -1.89 -3.10  1.18 -2.69  1.95 
INFO: cmn.c(133): CMN: 42.66 -9.06  1.75 22.18 -8.62  1.23 -4.21  2.17 -1.42 -5.76 -0.62 -6.11 -1.32 
INFO: cmn.c(133): CMN: 45.00  2.23 -3.99  7.24 -5.80  4.87 -1.56 -3.51  1.00 -4.24  2.10 -3.42 -1.02 
INFO: cmn.c(133): CMN: 44.68  2.14 -5.72  8.67 -7.88  2.25 -6.47 -3.61 -1.51 -8.88  3.60 -2.91 -3.18 
INFO: cmn.c(133): CMN: 42.03 -11.58  1.84 12.75 -2.85  3.34 -9.29  6.96  0.90 -1.08 -0.70 -3.20  2.10 
INFO: cmn.c(133): CMN: 47.48  2.80 -0.08  8.05 -0.70 -2.53 -3.18 -3.31 -1.43 -3.27 -0.68 -2.80 -2.17 
INFO: cmn.c(133): CMN: 44.04  1.82  1.47  4.09  2.51  3.35 -6.80 -5.85 -2.60 -0.94  1.48 -3.38 -1.40 
INFO: cmn.c(133): CMN: 46.72  0.69  1.78 17.46  6.04  1.77 -4.06 -1.00 -0.48 -5.11 -1.86 -0.54 -4.58 
INFO: cmn.c(133): CMN: 37.95  2.27  0.84 -0.12  0.05  0.31 -4.78 -8.94 -4.21  2.44 -3.43  3.86  1.16 
INFO: cmn.c(133): CMN: 45.84  7.92 -3.90  6.07  2.24  0.58 -6.73 -2.38 -3.38  1.44 -1.88  0.54 -4.01 
INFO: cmn.c(133): CMN: 49.43  5.33 -3.94  8.31  2.31 -1.31 -11.75  0.12 -2.62  4.32 -1.78  1.31 -0.72 
INFO: cmn.c(133): CMN: 47.67  0.50  1.63 17.14 -0.57 -1.29 -6.36  5.02 -2.49 -3.28  0.94 -1.91 -2.47 
INFO: cmn.c(133): CMN: 44.50  0.34  2.52 -1.05  2.51  3.24 -9.50 -1.82 -2.50  2.98 -2.50  1.28 -5.79 
INFO: cmn.c(133): CMN: 49.80  4.96 -0.82 11.19  5.19 -4.48 -6.85 -2.40  0.16 -2.86 -1.33  1.97 -2.10 
INFO: cmn.c(133): CMN: 46.89 -1.89  1.88 20.50  0.98 -0.77 -2.12 -1.57  0.45 -4.44 -3.73  0.46 -4.56 
INFO: cmn.c(133): CMN: 44.76  0.88  0.48  6.96  0.89  4.49 -5.91 -3.39 -0.61 -3.00 -3.95 -0.09 -3.67 
INFO: cmn.c(133): CMN: 46.18  8.37  1.84  0.67 -3.97 -1.03 -0.87 -3.19 -0.31 -0.54 -9.81  1.61 -1.95 
INFO: cmn.c(133): CMN: 47.04 -2.95  2.91  4.39  4.85 -0.07 -7.58 -0.53 -1.01 -1.87 -2.43 -0.79 -4.52 
INFO: cmn.c(133): CMN: 44.25 -2.08  1.12 29.86 -9.84  3.19 -2.66 -1.75 -0.95 -3.80  7.07 -3.73  0.99 
INFO: cmn.c(133): CMN: 41.29 -4.15  4.61 19.90 -7.67  3.95  0.65 -4.58  0.67 -3.47  4.10 -1.93 -1.47 
INFO: cmn.c(133): CMN: 45.38  3.34 -7.47  7.94 -8.85  4.58 -11.46 -2.02  0.34 -4.19  1.96 -3.06 -1.46 
INFO: cmn.c(133): CMN: 38.57 -6.00  1.75  6.37 -1.39 -1.38 -10.29 -2.47 -0.53  0.06 -0.85 -2.67  4.18 
INFO: cmn.c(133): CMN: 36.65  9.91 -6.18  5.91 -12.70  1.95 -2.34 -2.06 -3.18 -3.26  3.06  1.60  0.28 
INFO: cmn.c(133): CMN: 44.60 -1.04  0.46 17.10 -10.59 -2.52 -1.12 -1.21 -2.73 -1.48  4.63 -5.51 -0.30 
INFO: cmn.c(133): CMN: 45.02  3.06 -6.45 18.75 -12.97 -6.64 -4.44 -0.92 -8.00 -0.45  8.62 -0.94  1.99 
INFO: cmn.c(133): CMN: 40.15  0.70 -0.42 16.10  1.06  0.94 -5.51  1.97 -7.01 -8.16  3.54 -2.55 -0.88 
INFO: cmn.c(133): CMN: 36.01  1.69  4.01 20.92 -11.79  7.81  0.32 -6.76 -2.27 -1.62  4.37 -2.30  0.03 
INFO: cmn.c(133): CMN: 43.10 -5.83  2.18 23.99 -9.89  2.46 -2.00 -1.39 -2.87 -4.53  4.80 -5.29 -0.21 
INFO: cmn.c(133): CMN: 43.47  6.81 -4.66  8.54 -7.40  1.26 -9.31  1.08 -4.94 -0.92  8.01 -4.66 -1.28 
INFO: cmn.c(133): CMN: 44.74 -1.61  0.41  8.99 -5.00 -0.61 -11.47  2.22 -3.84 -0.20 -0.45 -3.14  1.65 
INFO: cmn.c(133): CMN: 43.23 -0.10  0.48  8.54 -9.13 -1.58 -7.88  3.71 -3.21 -1.72 -0.17  0.76  3.53 
INFO: cmn.c(133): CMN: 41.66 -3.41  2.13  3.25 -16.43  8.96 -1.84 -3.88  0.44  1.86  0.78  6.54  1.37 
INFO: cmn.c(133): CMN: 45.04  0.07  1.58 15.12 -7.11 12.01 -11.59 -9.25  4.27 -5.61  0.96 -1.77 -4.49 
INFO: cmn.c(133): CMN: 42.91  8.98 -9.76  9.76 -3.18  9.16 -11.38 -5.36  2.21  1.96 -1.62  2.28 -4.78 
INFO: cmn.c(133): CMN: 45.41  0.18 -3.46 28.98 -2.50  7.40 -6.92 -4.25  9.78 -12.24  0.26 -1.53 -2.17 
INFO: cmn.c(133): CMN: 46.19 -0.47 -1.55 24.04 -5.47  7.56 -8.19 -4.32  6.60 -10.54  2.11 -1.75 -3.09 
INFO: cmn.c(133): CMN: 49.07  6.22 -6.63 19.21 -9.60 10.62 -14.77 -6.44  6.36 -7.12  4.12 -0.83 -0.91 
INFO: cmn.c(133): CMN: 46.80  8.75 -9.73 22.19 -4.17  2.41 -15.66 -6.69  6.45 -4.62 -3.90 -2.10 -0.14 
INFO: cmn.c(133): CMN: 45.34 -2.15 -3.49 10.42 -1.04 11.76 -12.65 -8.61  9.99 -0.05 -2.23 -2.07 -6.45 
INFO: cmn.c(133): CMN: 43.64  4.89 -5.73 32.92 -1.17 -1.20 -1.57 -2.93  3.64 -11.18  1.10  3.30 -2.82 
INFO: cmn.c(133): CMN: 47.53  5.10 -6.77 17.58 -3.13  5.81 -14.19 -8.96  3.17 -4.31  0.26 -1.25  0.01 
INFO: cmn.c(133): CMN: 44.73 10.44 -2.81  9.05 -11.95  5.99 -2.40 -4.07 -1.76  0.48 -2.48  3.13 -2.29 
INFO: cmn.c(133): CMN: 46.55  2.59 -1.79 18.69 -2.34 10.26 -8.98 -8.70  8.13 -5.39 -0.76 -2.77 -3.09 
INFO: cmn.c(133): CMN: 45.83  8.93 -4.66 16.83 -8.83  4.97 -10.58 -1.18  2.31 -5.39 -0.23  1.39 -4.04 
INFO: cmn.c(133): CMN: 44.15 -6.50  1.03 26.67 -0.85 -3.92  2.42 -6.50 -0.35 -9.31 -3.00  2.57 -7.46 
INFO: cmn.c(133): CMN: 37.75 -0.51 -4.36  5.67 -5.46 -3.24 -1.03 -2.44  0.50 -7.39  1.61  6.30 -4.85 
INFO: cmn.c(133): CMN: 48.71 -1.58 -4.37  7.97 -2.93  1.38 -6.90 -7.98  3.98 -6.94 -0.16  0.36 -5.65 
INFO: cmn.c(133): CMN: 46.34 -0.77 -1.22  6.22 -3.14  1.71 -4.56 -8.86  3.72 -7.41 -3.22  3.18 -3.46 
INFO: cmn.c(133): CMN: 42.10 -8.47  4.81  7.90 -3.18  1.46 -1.92 -5.99 -0.87 -5.44  0.10  3.25 -2.37 
INFO: cmn.c(133): CMN: 46.92  0.50 -2.37 16.50 -4.48 -2.31 -4.28 -7.16  9.37 -9.66  5.10  1.82 -1.21 
INFO: cmn.c(133): CMN: 48.51  1.07  2.81 26.10 -3.90 -5.42  0.29 -6.36  8.75 -11.96 -2.00  7.89 -8.81 
INFO: cmn.c(133): CMN: 46.10 -2.82  6.46 13.12  2.41  2.14 -4.64 -9.96  0.78 -4.01 -9.00 -0.58 -3.05 
INFO: cmn.c(133): CMN: 44.83 -0.86  6.59 21.50 -3.31 -3.34 -0.22 -0.90 -0.64 -9.66  5.27  2.53 -7.83 
INFO: cmn.c(133): CMN: 45.57 -3.73  3.05 23.92 -1.82 -2.47  2.14 -3.04  1.06 -4.21 -2.46  5.90 -9.49 
INFO: cmn.c(133): CMN: 47.57  3.22  2.14  7.13  1.68 -4.25 -2.78 -1.29 -0.91 -1.64 -2.55  2.97 -7.18 
INFO: cmn.c(133): CMN: 47.59  6.41  0.80 10.66  1.71 -4.27 -2.32 -4.03  2.02 -5.52 -7.16  5.99 -8.56 
INFO: cmn.c(133): CMN: 47.98  3.57 -0.75 10.37  1.73 -2.18 -0.31 -7.13  1.74 -3.31 -9.07  7.54 -7.85 
INFO: cmn.c(133): CMN: 38.74  4.03 -3.08  7.34 -1.15 -4.16 -6.62 -2.69 -3.95 -1.29  3.89 -4.84  2.52 
INFO: cmn.c(133): CMN: 38.57 -7.59  5.86 20.18  4.08 -7.70 -6.70  2.50 -4.36 -4.92 -0.12 -5.69  2.84 
INFO: cmn.c(133): CMN: 38.73 -5.44  1.43 13.77  1.85 -3.09 -8.98  2.44 -6.35 -3.03  3.61 -8.11  1.50 
INFO: cmn.c(133): CMN: 34.87 -0.73 -1.04  4.25 -12.14  2.66 -6.24  2.47 -4.81 -4.11  3.61 -6.92 10.55 
INFO: cmn.c(133): CMN: 39.89 -4.84 -2.20 19.55  1.63 -9.03 -11.99  4.25 -0.44 -5.85  1.11 -5.97  4.34 
INFO: cmn.c(133): CMN: 38.61 -3.31  1.12 17.22  3.55 -12.94 -5.93  1.17 -0.92 -3.37 -0.38 -5.62  4.48 
INFO: cmn.c(133): CMN: 42.86  4.70 -2.01  2.07 -0.29 -6.06 -1.61 -1.47  1.02 -1.80  3.31 -3.17  2.52 
INFO: cmn.c(133): CMN: 44.16 -1.64  2.45 20.36  1.72 -6.48 -6.00  3.37 -3.83 -5.68  2.48 -6.35  3.77 
INFO: cmn.c(133): CMN: 47.12 -3.63 -3.95 14.26 10.00 -5.51 -9.98 -2.73 -2.55 -5.79  0.14 -7.70  0.94 
INFO: cmn.c(133): CMN: 43.59  0.81  0.38 17.23 -2.76 -5.31 -3.19  0.49 -1.76 -3.68  0.37 -4.33  5.13 
INFO: cmn.c(133): CMN: 44.57  5.47 -1.79 12.82  5.95 -7.66 -9.40  1.66 -3.05 -3.27  4.03 -8.05  6.93 
INFO: cmn.c(133): CMN: 44.74 -4.60  0.18  7.07  7.06 -0.92 -9.68  0.63  2.33 -6.31 -1.90 -5.54  3.07 
INFO: cmn.c(133): CMN: 40.75  1.54 -6.45 11.37  3.83 -4.06 -7.68 -1.48  0.43 -4.85 -1.17 -4.51  3.17 
INFO: cmn.c(133): CMN: 43.35 -1.69 -2.40 15.74  5.25 -6.89 -8.10  4.18 -5.16 -9.14 -3.08 -6.96  4.09 
INFO: cmn.c(133): CMN: 40.71  7.21  4.56  5.77  2.31  4.20 -9.19 -3.10 -3.62 -4.72  1.92 -1.20 -4.70 
INFO: cmn.c(133): CMN: 41.57  2.40  7.06 16.26  5.28 -1.33 -7.41  3.43 -6.83 -3.95  4.86 -4.44 -6.17 
INFO: cmn.c(133): CMN: 36.45 -4.03  9.45 10.36  2.13  4.13 -4.34 -2.89  2.77  0.30  1.09 -5.88 -4.30 
INFO: cmn.c(133): CMN: 39.75  6.95  7.37  7.96  4.70  2.38 -10.77 -1.33 -3.23 -3.34  1.95 -3.17 -5.08 
INFO: cmn.c(133): CMN: 29.18  8.75  5.30  3.87 -6.28  5.37 -1.42  0.67 -1.65 -4.56  1.83  1.50 -5.70 
INFO: cmn.c(133): CMN: 44.54  0.39  5.09 14.20 -0.54 -1.18 -10.21 -0.70 -0.78 -4.13  5.57 -0.38 -5.41 
[700] INFO: cmn.c(133): CMN: 40.02  8.23  2.83 11.20  5.50 -1.70 -12.27 -0.47  5.66 -1.42  2.98 -0.04 -1.05 
INFO: cmn.c(133): CMN: 38.02  7.60  1.38  2.36 -2.39  5.84 -4.65 -3.36  6.03 -8.50 -2.49  1.46  0.34 
INFO: cmn.c(133): CMN: 38.36 -0.01  5.20 23.46  6.24 -3.40 -10.90  2.10 -1.80 -4.67  4.23 -6.72 -8.02 
INFO: cmn.c(133): CMN: 41.26 16.55  3.73  2.86 -6.48  1.17 -8.24 -0.77 -5.14 -8.98  8.47  5.07 -6.67 
INFO: cmn.c(133): CMN: 36.48 12.47  6.93  6.14  0.82  1.36 -8.86  2.53 -4.46 -4.27  4.39 -1.23 -5.52 
INFO: cmn.c(133): CMN: 37.54  3.58  3.31 10.44  6.72 -0.76 -12.91 -1.61  0.93 -2.18 -1.61 -0.69 -7.90 
INFO: cmn.c(133): CMN: 36.47  0.98  5.49 15.05  5.64  1.09 -10.32 -4.76  5.99 -4.19 -0.89 -5.29 -3.05 
INFO: cmn.c(133): CMN: 50.93  6.29  0.28  5.95 -6.82  8.91 -11.15 -7.18  2.33 -10.65  7.66 -2.29 -1.09 
INFO: cmn.c(133): CMN: 50.15  6.92 -4.76 20.72 -4.29  6.42 -12.93 -7.26  5.15 -17.06 12.95 -6.20  1.94 
INFO: cmn.c(133): CMN: 41.90  1.49 -1.84  0.90 -0.57  8.69 -13.45 -9.36 -4.90 -6.76  6.05 -0.28  0.97 
INFO: cmn.c(133): CMN: 48.95  3.53 -0.75 16.23 -3.11  7.00 -9.94 -0.96  3.84 -12.87  9.22 -6.31  0.02 
INFO: cmn.c(133): CMN: 38.88  2.21 -0.94 22.23  2.82  4.97 -5.35 -4.16 -1.29 -10.38  2.82 -1.44  2.34 
INFO: cmn.c(133): CMN: 46.75  3.17 -1.71 12.56 -4.57  4.60 -14.99 -0.05 -0.70 -9.60 10.91 -4.85  1.66 
INFO: cmn.c(133): CMN: 49.00  1.43 -1.67 27.95 -3.59  2.83 -10.59  3.91 -1.27 -13.43  8.31 -6.74  1.01 
INFO: cmn.c(133): CMN: 46.70 10.91 -2.20 12.10 -7.68  7.09 -4.96 -3.41 -7.27 -9.60 18.55 -5.05 -3.83 
INFO: cmn.c(133): CMN: 49.67  6.79 -2.42 24.91 -10.58  7.59 -12.34  2.17 -0.48 -11.97 10.66 -4.81 -0.20 
INFO: cmn.c(133): CMN: 49.98  6.71 -2.91 21.91 -9.62 10.11 -8.42  0.45  0.75 -9.63 10.69 -2.39 -1.22 
INFO: cmn.c(133): CMN: 49.32 10.50 -1.82  2.72 -12.56  9.86 -10.52 -0.54 -3.50 -8.14 11.16 -1.85 -3.07 
INFO: cmn.c(133): CMN: 48.56  9.26 -4.53  9.59 -6.83  8.40 -8.10 -1.96  0.66 -9.34 12.14 -5.69 -3.77 
INFO: cmn.c(133): CMN: 48.01  2.89 -2.94 10.77 -3.21  9.50 -11.32  0.43  0.98 -8.38  5.06 -4.55 -0.09 
INFO: cmn.c(133): CMN: 40.55 -3.23  8.86 20.78 -5.54 -5.90  5.65 -5.20 -1.73 -5.06 -3.30 -0.50 -8.34 
INFO: cmn.c(133): CMN: 31.84  2.07  3.23 -2.23 -9.37 -2.82 -2.79 -2.43 -2.50 -1.49 -3.82  0.81 -0.08 
INFO: cmn.c(133): CMN: 38.88  0.59  4.54 12.09 -1.24 -7.86  0.72 -8.59 -0.40 -2.90 -1.08 -3.78 -0.95 
INFO: cmn.c(133): CMN: 42.03  9.09 -1.39  7.16 -7.61 -10.79 -2.55 -6.56  0.09 -4.08  1.78  1.16 -0.56 
INFO: cmn.c(133): CMN: 36.73  5.49  0.53 14.34 -5.39  0.61 -4.98 -8.80  0.40 -1.87 -4.54 -4.64  0.46 
INFO: cmn.c(133): CMN: 40.87  6.94  2.14  5.06 -4.61 -6.49  3.98 -5.66 -3.15 -2.36  1.84 -1.53 -4.11 
INFO: cmn.c(133): CMN: 41.05  3.93  0.77 10.87 -1.89 -13.62 10.68 -7.30  3.65 -1.32  3.64 -3.64 -6.82 
INFO: cmn.c(133): CMN: 41.65  5.59  3.36 13.66 -0.18 -14.46  6.45 -7.89  2.42 -4.66 -2.21 -10.30 -0.66 
INFO: cmn.c(133): CMN: 41.05  5.71  3.67 10.21 -9.85 -5.87  8.76 -5.49 -9.12 -5.20 -0.92  1.92 -4.50 
INFO: cmn.c(133): CMN: 40.89 -3.16  6.61 20.46 -3.99 -8.87  4.96 -4.34 -2.93 -1.08 -4.54  4.61 -8.68 
INFO: cmn.c(133): CMN: 42.78 10.44  0.91  9.17 -5.13 -6.62  5.37 -6.45 -1.12 -1.56 -1.99 -4.15 -3.89 
INFO: cmn.c(133): CMN: 41.08  1.88  0.64 10.64 -2.72 -5.90 -0.74 -5.27 -1.19 -0.85 -0.00  0.14 -6.28 
INFO: cmn.c(133): CMN: 40.59  5.91  6.63 14.54 -7.90 -7.58  1.44 -8.12  3.24 -8.52  1.10 -5.51 -4.10 
INFO: cmn.c(133): CMN: 47.52  5.73 -2.79 17.12 -3.80 -5.38 -0.28 -1.59 -0.25 -1.78 -2.60 -3.10  6.21 
INFO: cmn.c(133): CMN: 47.22  2.94  1.72 13.85 -8.64 -2.78  0.45 -4.18 -0.18 -5.24 -1.73 -1.72  0.03 
INFO: cmn.c(133): CMN: 44.02 -8.96  5.40  9.22 -3.79  1.67 -12.64  4.48 -2.15 -0.21 -1.75 -2.81  6.31 
INFO: cmn.c(133): CMN: 45.70 -0.09 -0.67 15.24 -2.27 -2.67 -6.52 -3.19 -0.78 -1.03 -1.14 -4.76  5.46 
INFO: cmn.c(133): CMN: 46.73  3.69  5.34 16.77 -10.76 -1.86  7.85 -6.37  1.69 -4.25 -1.92 -4.32 -0.67 
INFO: cmn.c(133): CMN: 46.96 11.29 -1.59  6.44 -13.96  0.37  5.30 -4.97 -3.40  1.67 -2.97  4.73 -0.78 
INFO: cmn.c(133): CMN: 45.11  1.46  0.21 21.97 -5.68 -12.82 -4.18  3.65 -1.20 -2.68  2.18 -1.76  8.15 
INFO: cmn.c(133): CMN: 43.51  2.42  6.07  0.77 -11.20  4.90  0.28 -7.99 -3.51  4.32  3.58 -6.50  4.60 
INFO: cmn.c(133): CMN: 44.24 -0.46  4.34 20.22 -3.36 -5.47  3.74 -1.28 -3.69 -3.35 -2.17 -0.52 -2.45 
INFO: cmn.c(133): CMN: 43.28  6.99  0.73  5.89 -7.18 -0.94  0.69 -4.17 -2.30 -0.57  3.34 -3.06  3.44 
INFO: cmn.c(133): CMN: 45.94 -0.14  3.97  9.14 -8.88 -1.27 -3.86 -0.45 -3.95 -3.00 -2.59 -3.88  3.87 
INFO: cmn.c(133): CMN: 45.31 -0.01  4.91  6.92 -9.67  1.27 -0.23 -2.75  1.30 -4.18  3.68 -1.99  5.54 
INFO: cmn.c(133): CMN: 44.68 -1.48  1.04 26.04 -3.68 -0.97 -3.55 -5.60  2.92 -15.39  6.55 -8.47 -7.29 
INFO: cmn.c(133): CMN: 34.40 -2.63 -0.72 -0.33 -12.31  7.96 -5.63  4.95 -1.25 -1.58  6.06  2.39 -5.10 
INFO: cmn.c(133): CMN: 43.76  2.58 -5.62 13.55 -5.96  6.46 -12.71 -9.77  6.96 -10.66  4.87 -4.27 -3.83 
INFO: cmn.c(133): CMN: 42.67  7.69 -8.72 17.07 -4.71  3.87 -7.78 -7.41  9.92 -14.70  3.08  0.98 -9.70 
INFO: cmn.c(133): CMN: 46.58 -1.46 -2.80 23.60 -1.17 -1.42 -14.70  0.72  2.11 -12.67 -0.28 -2.01 -3.48 
INFO: cmn.c(133): CMN: 50.76 10.91 -13.40 29.83 -6.71 -0.77 -13.96 -12.60 13.30 -18.89  8.50 -8.14  4.12 
INFO: cmn.c(133): CMN: 46.54  8.42 -8.51 22.87 -8.01  8.90 -11.66 -10.18  6.73 -19.17  4.51  2.32 -3.34 
INFO: cmn.c(133): CMN: 39.39  5.73 -3.35 14.97 -7.12  3.92 -6.01 -4.08  1.63 -12.20  9.01 -5.03 -1.40 
INFO: cmn.c(133): CMN: 46.78 11.37 -9.18 30.03 -10.06  0.19 -10.86 -7.75  2.87 -21.20  9.79 -3.20 -3.01 
INFO: cmn.c(133): CMN: 49.46  6.49 -6.51 25.24 -10.17 -3.17 -4.72 -6.29  1.36 -17.54 11.19 -7.46 -2.58 
INFO: cmn.c(133): CMN: 42.93  0.83 -1.78  9.27 -2.27  6.55 -19.72 -4.99 -1.07 -8.92  2.57 -4.18 -0.82 
INFO: cmn.c(133): CMN: 45.07  8.34 -11.02 16.72 -9.70  2.30 -10.57 -12.94  5.86 -14.35  5.23 -1.16 -6.91 
INFO: cmn.c(133): CMN: 41.62  3.06 -2.95 19.44 -5.22  1.67 -11.33 -2.48  4.81 -12.81  1.61 -3.25 -2.31 
INFO: cmn.c(133): CMN: 46.88  2.78 -6.83 13.23 -9.57  5.16 -8.75 -8.95  3.28 -5.66 -0.57  2.88 -3.26 
INFO: cmn.c(133): CMN: 39.13 12.03 -3.96  7.80 -6.40 -0.02  5.00 -9.70 -4.01 -7.34  4.06  4.38 -3.37 
INFO: cmn.c(133): CMN: 49.83  0.13 -5.81 21.01 -1.42  3.88 -11.38 -10.31  0.57 -9.45  0.02 -1.58  1.06 
INFO: cmn.c(133): CMN: 42.12  0.28 -3.13  0.23 -6.12  6.73 -9.58 -9.23 -3.90  2.89 -0.11  7.08  1.12 
INFO: cmn.c(133): CMN: 44.88  6.99 -7.19 13.41 -3.18  1.03 -9.26 -17.16  6.07 -4.65 -2.13 -2.10  3.74 
INFO: cmn.c(133): CMN: 45.91  1.27 -7.34 16.28 -6.89  0.35 -3.83 -12.96  0.30 -11.35  3.72  5.67  1.47 
INFO: cmn.c(133): CMN: 45.06  9.37 -8.50 12.28 -9.64 -3.78 -2.65 -9.86  8.29 -10.13  4.33  4.19  1.72 
INFO: cmn.c(133): CMN: 42.25  3.24 -5.23 10.93 -2.72  2.78 -3.03 -8.98  0.44 -7.85  1.33  1.73 -3.04 
INFO: cmn.c(133): CMN: 41.69  3.22 -2.49 21.34 -5.60 -3.98  4.89 -11.01  3.90 -9.80  3.53  0.32  0.70 
INFO: cmn.c(133): CMN: 47.54  1.22 -8.29 27.33 -3.29 -2.84 -1.89 -12.87  4.62 -13.11  5.98 -3.93  1.27 
INFO: cmn.c(133): CMN: 46.84  5.72 -3.19  6.39 -9.33  2.80  0.05 -14.00  1.00 -7.40  6.03  1.97 -5.43 
INFO: cmn.c(133): CMN: 46.90  4.55 -6.39 16.43 -2.77  4.39 -5.94 -11.66  4.48 -12.56  2.60 -1.86  0.11 
INFO: cmn.c(133): CMN: 47.05  1.86 -5.75 14.35 -2.31  2.33 -8.02 -10.13  2.51 -8.66 -0.35 -1.09 -2.06 
INFO: cmn.c(133): CMN: 44.26 -8.84 -0.29 11.83 -9.23  8.73 -13.71  2.69 -4.32 -2.55 -1.07 -3.80 -0.42 
INFO: cmn.c(133): CMN: 46.24 -4.89 -2.35 12.99 -8.47 14.48 -13.71 -1.02 -1.40 -5.37  4.62 -3.71 -1.24 
INFO: cmn.c(133): CMN: 44.85 -10.08 -3.73  6.01 -19.11  9.42 -6.95  4.12 -5.67 -0.17  5.21 -1.29 -5.75 
INFO: cmn.c(133): CMN: 49.08  2.21 -5.83 14.48 -13.25 10.93 -18.09  8.56  4.44 -7.30  1.81  1.86 -0.99 
INFO: cmn.c(133): CMN: 47.89 -0.13 -5.83 14.53 -7.53 13.68 -13.59  2.57  1.02 -6.03  1.70 -3.24 -1.50 
INFO: cmn.c(133): CMN: 47.19  1.00 -1.98 15.52 -18.02 14.04 -13.36  5.89  1.67 -4.33 -5.17  1.13 -1.42 
INFO: cmn.c(133): CMN: 49.59 -1.01 -6.53 16.96 -18.44 10.70 -19.97  8.12  5.15 -8.59  1.21  1.03 -0.43 
INFO: cmn.c(133): CMN: 47.21 -11.33  1.04 10.18 -5.48 10.03 -13.38  7.83 -4.93 -0.14 -1.38 -3.08 -0.37 
INFO: cmn.c(133): CMN: 47.04  3.60 -9.20 22.46 -16.90  6.36 -9.68 10.31  2.18 -5.06 -0.84  1.98 -5.23 
INFO: cmn.c(133): CMN: 47.66 -6.44 -2.97 29.45 -14.21  6.21 -14.73  6.66 -1.80 -9.58 -1.16 -0.75 -3.37 
INFO: cmn.c(133): CMN: 47.01 -5.23 -0.85 10.99 -14.68 10.81 -10.03  6.41 -7.88 -4.71  0.87 -1.80 -1.46 
INFO: cmn.c(133): CMN: 48.16 -5.70 -3.30  5.40 -10.58  7.58 -11.20  5.57 -4.23 -1.53  1.63 -2.47 -3.84 
INFO: cmn.c(133): CMN: 44.68  1.95 -12.53  6.40 -15.87  5.92 -8.54  4.11 -2.13 -0.67  1.39  1.65 -6.46 
INFO: cmn.c(133): CMN: 41.22  0.23 -3.52 11.77 -0.17  6.99 -11.88 -5.59 -0.32 -5.96 -3.74 -5.48  0.67 
INFO: cmn.c(133): CMN: 37.48  4.04 -6.23  6.15 -6.88  1.57 -3.15 -6.30 -1.65 -6.37  3.06 -0.03 -3.19 
INFO: cmn.c(133): CMN: 49.10 -1.52 -6.66 17.80 -9.78  2.14 -3.90 -4.61  0.21  0.35  2.56 -1.37 -0.58 
INFO: cmn.c(133): CMN: 42.90 -9.45  1.46  4.79 -1.57  6.53 -11.43 -6.37 -0.51  0.85 -1.55 -4.36  2.64 
INFO: cmn.c(133): CMN: 47.49  3.33 -7.95 18.75 -2.59 -7.69 -6.10 -2.02 -2.93 -1.97  1.47 -3.95 -1.52 
INFO: cmn.c(133): CMN: 45.27 -6.07 -5.04 25.04 -7.94 -0.78  0.37 -3.46  2.21  0.93 -2.47  2.17 -3.49 
INFO: cmn.c(133): CMN: 51.79  1.71 -8.75 16.64 -9.79 -0.75 -3.49 -7.75  7.38 -4.28  3.05 -3.06  0.12 
INFO: cmn.c(133): CMN: 48.90  5.91 -1.53 11.80 -8.88  2.31  4.27 -11.38  4.60 -7.26  0.60 -3.60 -7.06 
INFO: cmn.c(133): CMN: 46.94 -7.53  0.71 36.06 -6.33 -5.86  5.78 -7.61  2.67 -2.90  1.88 -3.51 -1.49 
INFO: cmn.c(133): CMN: 46.99 -5.98 -2.88 26.13 -8.58 -0.88  4.68 -8.08  1.60 -3.41  1.69 -3.18 -2.62 
INFO: cmn.c(133): CMN: 49.80  2.51 -6.57 11.61 -10.43  3.88  0.14 -12.33  7.22 -5.09 -0.27  1.15 -2.39 
INFO: cmn.c(133): CMN: 50.66  1.94 -8.16 17.37 -5.99  2.90  0.21 -14.41  7.45 -9.73 -1.21 -0.75 -6.25 
INFO: cmn.c(133): CMN: 49.18  2.20 -5.05  6.24 -7.65  7.08 -7.09 -11.12  2.84 -2.41  3.15 -5.96  0.99 
INFO: cmn.c(133): CMN: 44.29  1.11 -2.12 12.00 -4.05  1.73 -6.71 -0.02  5.45 -1.56 -4.71 -4.17 -1.75 
INFO: cmn.c(133): CMN: 40.46 -6.38 13.24 10.42  0.18  0.83 -6.24  6.50  0.53 -5.82 -1.83 -2.18  3.65 
INFO: cmn.c(133): CMN: 44.88  3.45  6.69 12.43 -1.44  3.56 -2.19  0.67  2.03 -4.68  0.50 -5.65 -0.60 
[800] INFO: cmn.c(133): CMN: 45.77  7.04  5.56 19.87  2.45 -1.16  2.15  0.16 -1.72 -7.08  0.68 -3.42 -7.02 
INFO: cmn.c(133): CMN: 35.83  0.22  3.31 20.43  4.55  6.27  1.87  2.39  4.07 -10.19 -1.26  4.05 -2.14 
INFO: cmn.c(133): CMN: 43.51 -0.23  6.54 23.28  2.63  3.86  0.21  3.40  0.37 -9.08  2.49 -3.95 -1.49 
INFO: cmn.c(133): CMN: 39.76 -1.83 11.91 28.66  3.35 -1.54  7.28  2.55 -4.20  1.12 -3.72  0.76 -2.85 
INFO: cmn.c(133): CMN: 44.41  9.15 -4.70  2.75 -6.65  5.03  0.62 -2.35  1.10  0.85  7.70 -9.25  1.03 
INFO: cmn.c(133): CMN: 44.11  7.83  2.68 18.08  2.45 -6.28 -1.84  3.30  0.97 -8.70  7.54 -1.15 -3.52 
INFO: cmn.c(133): CMN: 44.61 -1.89  9.32 25.72 -0.23  1.33 -1.62  2.44  0.12 -10.74  0.04 -1.78 -4.20 
INFO: cmn.c(133): CMN: 41.64 -2.09  3.33  9.55  2.27  3.57 -9.84  3.85  1.45 -6.46  3.62 -5.14 -1.46 
INFO: cmn.c(133): CMN: 41.32 -6.36  6.84  7.52  4.59 -1.68 -9.10  3.89 -0.55 -6.06 -1.33 -6.42  1.12 
INFO: cmn.c(133): CMN: 40.74  0.71  3.41 15.93  3.93  0.33 -4.22  4.30 -4.19 -2.85  2.29 -9.27 -0.14 
INFO: cmn.c(133): CMN: 37.08 -4.68  9.68  0.51  0.83 -2.44 -3.61 -2.03 -6.57 -0.32 -1.59 -0.50 -2.78 
INFO: cmn.c(133): CMN: 43.98 10.42  4.04  1.09 -2.00 -5.55 -10.89  0.64 -5.46 -1.45 -1.95 -3.64  1.19 
INFO: cmn.c(133): CMN: 41.93  7.52  2.21  7.24  2.55  0.30 -9.73  1.56 -4.87 -0.28 -3.82 -3.58  1.02 
INFO: cmn.c(133): CMN: 48.15  3.66  8.97 11.32  4.51 -10.36 -7.08  3.81 -11.31 -2.12 -7.28 -3.07 -4.36 
INFO: cmn.c(133): CMN: 45.46 12.96  2.98  2.46  1.70 -3.03 -11.66  3.41 -8.79 -4.08 -3.85 -1.75 -4.00 
INFO: cmn.c(133): CMN: 46.79  4.02  2.08  1.61  2.73  0.09 -8.51  2.61 -11.59 -0.41 -3.30 -0.50 -0.02 
INFO: cmn.c(133): CMN: 44.16  0.17 13.10 15.91 10.81 -9.22  3.76  4.42 -14.31  1.62 -4.86 -6.47 -5.91 
INFO: cmn.c(133): CMN: 46.57 11.39  1.75  1.79  2.76 -3.11 -15.12  7.02 -8.99  1.81 -4.59 -5.54  1.32 
INFO: cmn.c(133): CMN: 41.12  1.22 13.04 11.78  3.41 -8.64 -2.54  6.10 -13.88  2.50 -6.44 -3.47 -3.86 
INFO: cmn.c(133): CMN: 42.91  3.12 12.69 14.78  4.15 -3.12 -3.63  4.87 -11.77 -3.08 -3.59 -4.76 -5.30 
INFO: cmn.c(133): CMN: 41.52  7.43  3.63  3.23  2.61  0.27 -11.00  2.86 -6.27 -2.79 -2.35 -4.41 -3.33 
INFO: cmn.c(133): CMN: 45.37  4.33  6.07  9.11  9.53 -2.83 -8.98  6.27 -9.02 -2.71 -3.68 -1.62  0.64 
INFO: cmn.c(133): CMN: 43.83  6.44  3.33  5.38  7.24 -3.63 -10.38  7.22 -7.61  2.18 -3.06 -4.26 -0.73 
INFO: cmn.c(133): CMN: 40.44  6.21  0.73 14.91  3.67  2.39 -2.28 -0.14 -13.73 -0.54 -8.31  3.71 -3.28 
INFO: cmn.c(133): CMN: 48.51 -2.08  0.01  8.39 -6.74  1.87 -13.42  1.06 -6.09 -3.63 -3.15  1.40 -5.52 
INFO: cmn.c(133): CMN: 50.58  2.66  2.54 19.03 -1.48 -7.03 -12.33  5.34 -16.36 -0.90 -8.18  3.40 -4.82 
INFO: cmn.c(133): CMN: 41.19  4.46 -0.47 18.57  2.55 -1.47 -6.62  1.91 -13.31  1.68 -9.70  4.59 -1.07 
INFO: cmn.c(133): CMN: 42.40  0.47  3.54 -5.86 -10.93 11.93 -3.18  0.76 -4.33  1.58  1.93  3.17 -4.21 
INFO: cmn.c(133): CMN: 48.13 11.27 -2.01  8.50 -0.80 -8.72 -10.17  7.57 -14.11 -2.51 -2.65  2.35 -4.30 
INFO: cmn.c(133): CMN: 47.43  0.91  5.74 20.73 -0.34 -7.05 -5.91  8.37 -17.81  7.01 -14.06  3.34 -1.85 
INFO: cmn.c(133): CMN: 45.14  4.93  2.59 10.63  1.17  2.76 -7.63  3.22 -11.33 -0.62 -4.42 -1.53 -2.15 
INFO: cmn.c(133): CMN: 45.16  8.52  0.75 15.53 -3.45 -3.91 -3.80  7.68 -14.74 -2.31 -4.39 -1.55 -2.01 
INFO: cmn.c(133): CMN: 48.41  7.70  0.39 16.86 -1.28 -6.71 -10.13  6.48 -14.29 -2.15 -8.24  1.43 -2.74 
INFO: cmn.c(133): CMN: 46.04  3.30  2.86 -0.01 -4.35 -0.81 -6.55  1.38 -9.37 -1.65  4.05 -1.98  1.90 
INFO: cmn.c(133): CMN: 48.27  9.08  2.22  1.52 -3.21  2.27 -12.31  0.99 -8.22 -4.06 -1.24 -0.26 -3.68 
INFO: cmn.c(133): CMN: 46.09  7.16  1.93  8.11 -7.99 -1.16 -8.01  3.60 -11.54 -8.12 -2.98  0.67 -1.58 
INFO: cmn.c(133): CMN: 34.71  2.88 -4.86 27.63 -5.52  4.61 -10.27 -2.45  1.61 -10.75 -2.77 -1.16  0.01 
INFO: cmn.c(133): CMN: 31.08  6.98 -4.65 14.06 -4.38  5.51 -4.05 -8.40  1.95 -6.37 -5.34  0.17 -1.27 
INFO: cmn.c(133): CMN: 27.73 11.35  1.71  8.73 -11.97  0.37  7.18  1.15 -3.52  2.64 -6.27  6.50 -4.24 
INFO: cmn.c(133): CMN: 31.67  3.14 -0.50 23.62 -9.93  4.24 -3.81 -4.38  1.55 -8.48 -0.28  0.82 -5.16 
INFO: cmn.c(133): CMN: 33.21  2.13 -1.65  8.34 -4.77  6.06 -12.50 -6.94  2.86 -1.85  0.30 -1.42 -3.46 
INFO: cmn.c(133): CMN: 29.61  6.91  1.52 28.62 -15.02  5.48  0.07 -1.55 -1.23 -6.09  4.62 -1.35 -3.92 
INFO: cmn.c(133): CMN: 31.25 -2.09  7.77 42.45 -14.41  5.17  1.59  3.10 -2.96 -5.10  3.16  0.73 -9.50 
INFO: cmn.c(133): CMN: 31.30  8.18  2.29 17.60 -6.73 -4.15 -0.37 -3.72 -1.17 -8.40 -3.36  0.61 -3.14 
INFO: cmn.c(133): CMN: 31.15  3.21 -4.89 15.47 -6.79 -0.17 -7.76 -2.74  1.37 -3.75  2.42  2.89 -6.90 
INFO: cmn.c(133): CMN: 35.30  9.36 -9.77 23.00 -9.80  1.83 -6.31 -4.80  4.69 -1.01 -3.98  7.71 -5.52 
INFO: cmn.c(133): CMN: 36.08 11.25 -3.86  8.96 -14.12  1.13 -4.77 -5.00 -1.05 -5.12  3.96  2.47 -3.83 
INFO: cmn.c(133): CMN: 33.52 -2.11  3.28 20.12 -8.23  9.19 -16.76 -2.33  1.62 -8.87  2.02 -4.39 -1.18 
INFO: cmn.c(133): CMN: 32.56  9.24 -7.02 14.73 -6.31  3.05 -6.53 -2.62 -0.08 -6.33 -3.17  0.57 -2.43 
INFO: cmn.c(133): CMN: 34.95 -3.14  3.45 10.26 -7.32  6.89 -2.11 -7.20  4.32 -3.72  0.92 -1.53  0.30 
INFO: cmn.c(133): CMN: 37.66 -4.43 -0.26 12.53 -8.70  7.67  0.26 -9.68 -0.01 -0.83 -1.57  2.29 -0.91 
INFO: cmn.c(133): CMN: 40.40  2.20  4.26 12.93 -5.48  6.42  1.99 -12.86 -0.66 -7.79 -2.84  0.53 -3.28 
INFO: cmn.c(133): CMN: 36.23 -2.36 -0.13  5.24 -8.46  7.38  0.87 -10.00 -0.07 -1.49  0.11  2.13  0.04 
INFO: cmn.c(133): CMN: 38.31 -2.39  6.78 27.66 -4.26  1.74  6.62 -3.07 -2.52 -12.26  4.64 -3.32 -2.36 
INFO: cmn.c(133): CMN: 40.51  1.22  0.84 27.31 -4.77  0.13 -0.54 -12.67  2.83 -11.60  0.41  0.27 -0.50 
INFO: cmn.c(133): CMN: 39.84 -3.89  7.10 29.43 -2.64  5.83  4.97  1.30  3.33 -5.43  1.55 -3.41 -2.39 
INFO: cmn.c(133): CMN: 42.51 -0.10  5.32  8.83 -9.18  7.02 -2.99 -9.48  3.31 -6.43 -2.28 -1.35 -3.48 
INFO: cmn.c(133): CMN: 39.73  1.21  1.99 30.44  2.30  0.44  3.97 -4.15  0.45 -7.42 -1.94 -0.25 -3.69 
INFO: cmn.c(133): CMN: 40.36  1.34  1.39 25.54 -3.17  1.26  3.04 -8.48  1.25 -6.49 -3.48  1.00 -3.07 
INFO: cmn.c(133): CMN: 41.48 -0.09 -1.25 16.47 -1.08  0.38  2.02 -4.35  2.24 -5.66 -1.44  0.14 -2.20 
INFO: cmn.c(133): CMN: 40.58 -1.05  2.93 13.30 -4.84  3.17 -0.38 -8.24  2.41 -5.93 -1.72  0.45 -3.37 
INFO: cmn.c(133): CMN: 40.89 -10.95  1.50 13.31 -6.03  8.93 -4.05 -7.37  3.12 -2.54 -0.30 -4.24 -2.50 
INFO: cmn.c(133): CMN: 51.15  4.58  3.00  1.92 -5.35 -2.66 -14.76  3.42 -4.29 -4.18  5.82 -2.30 -0.88 
INFO: cmn.c(133): CMN: 42.89  3.07 -1.14 -0.64  0.74  0.64 -10.59 -0.10 -1.89  0.48  7.41  3.30 -6.48 
INFO: cmn.c(133): CMN: 49.82  7.29 -0.67  1.23 -0.00  1.64 -18.06  1.26 -4.05 -3.50  4.04  3.20 -3.23 
INFO: cmn.c(133): CMN: 48.68 -2.90  1.83 14.18  1.90 -2.10 -12.37  4.62 -6.65 -3.97 -1.10  3.69 -4.53 
INFO: cmn.c(133): CMN: 55.29 -3.33 10.41 14.79  2.25  4.37 -18.89  9.39 -0.68 -10.56  0.01  6.69 -6.95 
INFO: cmn.c(133): CMN: 51.57 -5.90  7.74 15.02  3.35  3.88 -19.50  8.48 -7.28 -5.18 -1.50  6.46 -4.02 
INFO: cmn.c(133): CMN: 51.96  1.09  6.98 -1.08 -2.93  9.32 -18.45  3.31 -1.75 -7.74  3.64  7.67 -10.44 
INFO: cmn.c(133): CMN: 52.21 -0.87  2.06  8.98  5.03  2.41 -20.82  2.42 -1.69 -5.65 -6.33  3.80 -8.29 
INFO: cmn.c(133): CMN: 50.36  2.46  5.89  7.87 -0.09  7.65 -20.58  6.60 -2.56 -5.74  3.45  8.41 -8.68 
INFO: cmn.c(133): CMN: 47.00  5.23 -2.11  8.37 -0.20 -5.39  4.72 -2.24  3.60 -1.02 -5.17 -2.19  1.96 
INFO: cmn.c(133): CMN: 47.17  3.21  5.18 17.56 -3.89 -3.34  3.64 -7.63 -1.95 -9.12  1.07 -0.27 -5.30 
INFO: cmn.c(133): CMN: 37.66 -1.47  6.54  7.13 -4.70 -1.33 -2.07 -2.98  1.22 -8.63  2.84 -1.70  2.96 
INFO: cmn.c(133): CMN: 49.44  6.28  1.12 19.57 -2.98 -8.64  2.93 -2.64 -0.34 -3.41 -1.10 -0.71 -3.11 
INFO: cmn.c(133): CMN: 44.45  1.26  3.51  6.81  2.83 -1.75 -0.13 -4.73 -0.30 -2.27 -2.29 -1.90  2.34 
INFO: cmn.c(133): CMN: 50.35 11.15 -0.87 14.34 -1.99 -0.38  1.14 -9.61 -0.10 -11.20  1.61 -3.17 -2.95 
INFO: cmn.c(133): CMN: 47.88 -8.29  9.33 26.09 -2.77  1.61  8.71  0.14 -6.51 -2.52 -1.36 -5.00 -2.74 
INFO: cmn.c(133): CMN: 46.30  1.59 -1.53  6.33  1.38  1.34 -3.69 -0.93 -0.61 -3.98 -0.48 -1.73  0.90 
INFO: cmn.c(133): CMN: 51.38  2.73  3.23 17.17 -4.73 -3.43  2.03 -8.36 -1.57 -4.72 -1.38  0.15 -1.47 
INFO: cmn.c(133): CMN: 53.92  2.67  3.06 20.83 -3.88 -6.21  2.39 -4.72 -3.20 -8.43  1.81 -2.24 -4.41 
INFO: cmn.c(133): CMN: 50.77  3.59 -0.12  4.76 -6.14 -1.02 -0.83 -6.42  3.59  0.24  0.69 -2.56 -0.41 
INFO: cmn.c(133): CMN: 49.21  4.66 -1.06 10.95 -0.34  0.44 -2.84 -2.83  1.44 -4.93 -2.17 -1.66 -0.72 
INFO: cmn.c(133): CMN: 48.43 -5.59  2.24 15.18  1.42 -2.79 -2.93  2.20 -4.02 -7.75 -1.79 -0.12 -1.02 
INFO: cmn.c(133): CMN: 43.37  7.24 -2.11 21.39 -9.46  9.08 -1.93 -0.88 -1.59 -8.33  0.60 -4.08 -2.71 
INFO: cmn.c(133): CMN: 45.04 10.80 -4.01 11.92 -13.06  4.52 -3.37 -1.01 -0.51 -5.08  4.86 -6.00 -1.86 
INFO: cmn.c(133): CMN: 46.05  4.53 -1.27 22.01 -5.27  5.44 -10.61  0.09 -1.56 -2.87 -0.09 -8.29 -1.48 
INFO: cmn.c(133): CMN: 36.75  0.28  0.56 -0.90 -9.74 12.19  1.21 -2.92 -1.04 -0.42  3.01 -1.13 -1.01 
INFO: cmn.c(133): CMN: 45.33  0.05  0.07 15.04 -5.97 11.45 -10.10  0.64 -1.45 -2.27 -0.06 -5.50  1.36 
INFO: cmn.c(133): CMN: 41.26  5.63 -4.29 22.32 -9.31  6.20 -5.26  2.70 -0.66 -2.47  1.12 -1.65 -0.94 
INFO: cmn.c(133): CMN: 46.22  4.41 -3.35 20.78 -13.78  6.46  0.33 -5.32  1.57 -10.78  9.27 -4.23 -3.34 
INFO: cmn.c(133): CMN: 44.35  2.60  2.17  7.38 -3.75  5.15 -10.01 -1.15 -1.23  1.13  1.23 -4.63 -0.66 
INFO: cmn.c(133): CMN: 43.65 10.20 -1.02 18.15 -15.58  4.02 -1.16  1.00 -3.79 -4.03  6.24 -6.00 -1.74 
INFO: cmn.c(133): CMN: 44.87 14.13 -10.06 17.81 -7.56  3.85 -3.18 -3.71  2.06 -5.35  3.10 -2.88  0.06 
INFO: cmn.c(133): CMN: 44.71 14.07 -1.08  6.57 -10.84 -4.57  1.98 -12.44  0.61 -3.33  0.22 -2.57 -1.21 
INFO: cmn.c(133): CMN: 45.08  5.54  0.07 10.82 -12.41  5.51 -7.75 -0.74 -2.58 -0.93  4.06 -7.52 -1.23 
INFO: cmn.c(133): CMN: 45.61  2.72 -0.98 12.89 -8.08  7.56 -10.38  0.57 -2.25 -3.65  3.71 -9.23 -1.85 
INFO: cmn.c(133): CMN: 51.24  0.68  1.02 12.88 -4.26  3.03 -4.82 -2.99  3.93  0.53  2.00 -0.66 -0.42 
INFO: cmn.c(133): CMN: 44.40 -1.08  1.08  7.96 -7.66 -0.40 -6.26 -3.85  2.68 -2.51 -0.99  0.50 -1.90 
INFO: cmn.c(133): CMN: 51.85 -1.27  3.36 21.48 -4.80  1.06 -6.09 -3.96  5.16 -4.75  0.94 -0.74  0.75 
[900] INFO: cmn.c(133): CMN: 44.69 -2.43  0.28  7.92 -3.97  1.16 -5.95 -4.12  1.35  0.59 -2.65  0.46  1.33 
INFO: cmn.c(133): CMN: 49.00  1.01  2.02 23.27 -8.70  5.24 -4.04 -3.51  3.80 -5.34  4.41  0.31 -3.05 
INFO: cmn.c(133): CMN: 48.07  2.47  1.53 30.11 -10.10  7.15 -3.25 -0.84  1.65 -0.99  2.15  2.83 -4.93 
INFO: cmn.c(133): CMN: 46.54  3.36 -3.69 19.55 -13.05  2.92 -3.49 -1.10  1.40 -2.17  0.72  2.73 -3.71 
INFO: cmn.c(133): CMN: 43.36 12.60 -4.00  8.89 -11.23 -0.54 -8.54 -2.84  1.02 -2.24  0.05  3.78  0.36 
INFO: cmn.c(133): CMN: 47.22  0.14  7.55 32.13 -11.15  6.18 -4.20 -0.57  4.53 -7.38  2.83  4.07 -6.77 
INFO: cmn.c(133): CMN: 50.70  1.35  3.06 27.16 -11.57  4.70 -2.42 -4.15  7.42 -6.10  1.26  0.65 -4.01 
INFO: cmn.c(133): CMN: 52.41  6.31 -0.46 22.79 -7.13  1.77 -4.44 -3.36  2.67 -5.45  0.99 -3.28 -2.58 
INFO: cmn.c(133): CMN: 51.07  3.44  0.10  9.56 -5.11  3.60 -8.53 -2.11  0.76 -2.88  1.21 -3.11  0.33 
INFO: cmn.c(133): CMN: 51.47  3.29 -0.96 17.62 -10.09  1.12 -5.19  0.16  1.55 -2.99  2.52 -2.08  0.74 
INFO: cmn.c(133): CMN: 45.72 -4.54  4.49 20.14  2.05 -6.77 -4.63 -0.92 -3.11  1.24 -1.14 -2.56 -2.30 
INFO: cmn.c(133): CMN: 45.90  2.24  0.84 15.70  3.17 -4.63 -6.92 -2.54 -3.86  5.32 -5.16 -5.99 -2.22 
INFO: cmn.c(133): CMN: 43.00 -0.96  5.23 13.61 -1.31 -1.01 -5.41 -2.14 -6.07  0.03 -0.93 -5.25 -1.30 
INFO: cmn.c(133): CMN: 41.63 -7.41  6.27  8.57 -6.34  3.91 -2.42 -1.78  0.79 -1.22  0.72 -1.76  2.43 
INFO: cmn.c(133): CMN: 35.22 -0.88  4.12 17.05  1.51 -3.75 -2.72 -3.57 -3.18 -0.53 -2.54  0.63 -2.34 
INFO: cmn.c(133): CMN: 42.60  0.07  0.36 15.49  0.28 -5.17 -4.28 -3.35 -6.54  5.75 -0.72 -2.25 -0.70 
INFO: cmn.c(133): CMN: 43.25 -2.98  5.26 19.83 -1.66 -8.47 -1.70 -2.72 -7.32  0.54 -4.58  1.03 -2.96 
INFO: cmn.c(133): CMN: 40.07  3.43  5.57 19.09  5.76 -5.01  7.27 -3.39 -4.41 -4.14 -0.45 -3.97 -3.23 
INFO: cmn.c(133): CMN: 44.09  9.20  5.36 15.65 -3.38 -7.27 10.00  2.05 -9.26 -0.43 -1.62 -7.10  0.52 
INFO: cmn.c(133): CMN: 42.30 -0.89  5.78 24.35  3.55 -5.64  0.31  2.35 -7.56 -1.63  0.46 -1.89 -4.23 
INFO: cmn.c(133): CMN: 42.85  6.16  1.12  9.21 -0.19 -3.55  3.43 -3.62 -7.34  5.95 -3.98 -1.26 -2.39 
INFO: cmn.c(133): CMN: 40.91  8.17  0.35 11.59  1.10 -3.08 -1.10 -8.50  0.04 -11.38 -3.36  0.22 -0.65 
INFO: cmn.c(133): CMN: 41.90  1.20  6.49  9.87 -3.76 -2.25 -1.61 -2.96 -5.82  3.70 -5.76 -0.05  3.03 
INFO: cmn.c(133): CMN: 47.28  3.92  3.00 -1.35 -7.47  6.94 -9.82  2.15 -8.92  6.89 -2.37 -1.25 -2.52 
INFO: cmn.c(133): CMN: 46.55  0.18  7.70  8.57 -9.34  8.06 -5.07  0.09 -13.01  6.09 -2.42  1.19 -1.91 
INFO: cmn.c(133): CMN: 40.69  0.12  4.61  6.36 -8.36  7.37 -5.53  1.23 -9.96  3.43 -1.93 -2.36  0.56 
INFO: cmn.c(133): CMN: 36.07  0.72  5.02 -1.47 -9.33 10.79 -1.08  1.05 -8.14  6.27  3.59  1.33 -6.07 
INFO: cmn.c(133): CMN: 43.95 -0.44  4.76  8.82 -7.33  8.92 -7.53 -2.16 -14.76  8.12 -2.05 -2.59  0.94 
INFO: cmn.c(133): CMN: 49.12  1.12  8.14 13.40 -6.72 -2.80 -3.15 -4.18 -20.05  4.90 -3.61 -0.53  2.50 
INFO: cmn.c(133): CMN: 44.75 -7.17  8.07 25.89 -1.92 -6.31 -0.84  0.25 -10.18 -1.42 -2.55 -4.18 -3.65 
INFO: cmn.c(133): CMN: 42.61  5.93  0.54  3.21 -6.68 14.75 -7.06 -5.90 -11.62 15.03 -2.33 -4.53  1.46 
INFO: cmn.c(133): CMN: 46.83  7.09  4.84  5.08 -5.68 -1.75  0.33  1.08 -16.37  4.61 -3.68  6.71 -3.39 
INFO: cmn.c(133): CMN: 45.00  4.52  8.51 14.49 -6.78  1.68 -3.38  4.24 -18.50  2.82 -2.08  1.90 -1.75 
INFO: cmn.c(133): CMN: 50.13  7.63  2.85 -3.95 -15.43  8.60 -3.97  0.60 -16.79 15.79  0.35  3.56 -5.92 
INFO: cmn.c(133): CMN: 47.11  1.64  0.76  3.49 -5.93 10.41 -6.05 -0.50 -12.70  8.86 -2.79 -1.61  0.89 
INFO: cmn.c(133): CMN: 44.98  1.30  2.28  6.66 -4.97 10.87 -6.18 -2.36 -11.08  7.86 -4.06 -4.79  3.23 
INFO: cmn.c(133): CMN: 43.39  4.71 -2.90 19.85 -12.32  2.72 -15.17  1.45 -3.40 -5.37  2.80 -4.17  4.40 
INFO: cmn.c(133): CMN: 34.08 -2.25 -0.42  0.01 -8.84 11.47 -11.62 -7.24  3.86 -6.34  4.96 -1.28  2.34 
INFO: cmn.c(133): CMN: 41.77  1.54  4.07 22.43 -4.62  2.07 -3.72  4.36 -2.75 -4.94  5.13 -4.16 -0.61 
INFO: cmn.c(133): CMN: 39.94  8.77 -2.66 17.72 -9.88  2.83 -6.21  1.25 -1.31 -10.68  1.84  0.62 -0.62 
INFO: cmn.c(133): CMN: 38.05 -5.79  1.96 13.85 -1.49  1.01 -9.90 -1.37 -0.52 -4.52  2.25 -0.22 -1.00 
INFO: cmn.c(133): CMN: 44.83  9.50 -8.49 22.31 -6.56  5.42 -10.65 -7.74  4.55 -13.02  3.57 -0.76  3.57 
INFO: cmn.c(133): CMN: 45.53  6.90 -5.13 27.89 -8.28  2.16 -10.45  0.16  1.10 -12.09  7.21 -2.42 -0.22 
INFO: cmn.c(133): CMN: 34.51  1.72 -3.17 14.38 -5.31  2.37 -4.10  0.08 -5.11 -2.49  2.50 -2.43  0.89 
INFO: cmn.c(133): CMN: 42.37 -1.74  1.10 34.10 -1.55  2.15 -3.45 -0.28  3.51 -8.71  1.24  0.39 -1.68 
INFO: cmn.c(133): CMN: 46.57  2.48 -3.23 20.67 -9.20 -0.97 -9.73  3.60 -3.10 -5.49  4.96 -2.34 -0.91 
INFO: cmn.c(133): CMN: 38.45 15.81 -1.69  0.86 -13.79  2.90 -9.38 -0.09  2.62 -6.79  7.32 -4.11  1.31 
INFO: cmn.c(133): CMN: 42.79  2.97 -3.94  1.56 -8.71  5.36 -12.70 -1.14  3.69 -5.29  5.89 -4.14  0.26 
INFO: cmn.c(133): CMN: 40.04  4.74 -0.28 13.04 -7.52  5.72 -4.44 -0.46 -0.80 -9.26 13.47 -5.95  0.01 
INFO: s3gau_io.c(485): Wrote /home/alex/repos/speech/an4/bwaccumdir/an4_buff_1/gauden_counts with vars (2pass) [1x1x1 vector arrays]
Wed Dec 20 23:51:58 2017
