Current configuration:
[NAME]		[DEFLT]	[VALUE]
-allphones	no	no
-example	no	no
-help		no	no
-itreedir		/home/alex/repos/speech/an4/trees/an4.unpruned
-minocc		0.0	0.000000e+00
-moddeffn		/home/alex/repos/speech/an4/model_architecture/an4.alltriphones.mdef
-nseno			20
-otreedir		/home/alex/repos/speech/an4/trees/an4.20
-psetfn			/home/alex/repos/speech/an4/model_architecture/an4.tree_questions

INFO: main.c(76): Reading: /home/alex/repos/speech/an4/model_architecture/an4.alltriphones.mdef
INFO: model_def_io.c(573): Model definition info:
INFO: model_def_io.c(574): 6406 total models defined (34 base, 6372 tri)
INFO: model_def_io.c(575): 25624 total states
INFO: model_def_io.c(576): 19218 total tied states
INFO: model_def_io.c(577): 102 total tied CI states
INFO: model_def_io.c(578): 34 total tied transition matrices
INFO: model_def_io.c(579): 4 max state/model
INFO: model_def_io.c(580): 4 min state/model
INFO: main.c(82): Reading: /home/alex/repos/speech/an4/model_architecture/an4.tree_questions
INFO: main.c(185): AA-0	17 [0 < 0.000000e+00]
INFO: main.c(185): AA-1	17 [0 < 0.000000e+00]
INFO: main.c(185): AA-2	17 [0 < 0.000000e+00]
INFO: main.c(185): AE-0	5 [0 < 0.000000e+00]
INFO: main.c(185): AE-1	5 [0 < 0.000000e+00]
INFO: main.c(185): AE-2	5 [0 < 0.000000e+00]
INFO: main.c(185): AH-0	87 [0 < 0.000000e+00]
INFO: main.c(185): AH-1	87 [0 < 0.000000e+00]
INFO: main.c(185): AH-2	87 [0 < 0.000000e+00]
INFO: main.c(185): AO-0	1 [0 < 0.000000e+00]
INFO: main.c(185): AO-1	1 [0 < 0.000000e+00]
INFO: main.c(185): AO-2	1 [0 < 0.000000e+00]
INFO: main.c(185): AW-0	2 [0 < 0.000000e+00]
INFO: main.c(185): AW-1	2 [0 < 0.000000e+00]
INFO: main.c(185): AW-2	2 [0 < 0.000000e+00]
INFO: main.c(185): AY-0	77 [0 < 0.000000e+00]
INFO: main.c(185): AY-1	77 [0 < 0.000000e+00]
INFO: main.c(185): AY-2	77 [0 < 0.000000e+00]
INFO: main.c(185): B-0	16 [0 < 0.000000e+00]
INFO: main.c(185): B-1	16 [0 < 0.000000e+00]
INFO: main.c(185): B-2	16 [0 < 0.000000e+00]
INFO: main.c(185): CH-0	20 [0 < 0.000000e+00]
INFO: main.c(185): CH-1	20 [0 < 0.000000e+00]
INFO: main.c(185): CH-2	20 [0 < 0.000000e+00]
INFO: main.c(185): D-0	33 [0 < 0.000000e+00]
INFO: main.c(185): D-1	33 [0 < 0.000000e+00]
INFO: main.c(185): D-2	33 [0 < 0.000000e+00]
INFO: main.c(185): EH-0	70 [0 < 0.000000e+00]
INFO: main.c(185): EH-1	70 [0 < 0.000000e+00]
INFO: main.c(185): EH-2	70 [0 < 0.000000e+00]
INFO: main.c(185): ER-0	16 [0 < 0.000000e+00]
INFO: main.c(185): ER-1	16 [0 < 0.000000e+00]
INFO: main.c(185): ER-2	16 [0 < 0.000000e+00]
INFO: main.c(185): EY-0	58 [0 < 0.000000e+00]
INFO: main.c(185): EY-1	58 [0 < 0.000000e+00]
INFO: main.c(185): EY-2	58 [0 < 0.000000e+00]
INFO: main.c(185): F-0	60 [0 < 0.000000e+00]
INFO: main.c(185): F-1	60 [0 < 0.000000e+00]
INFO: main.c(185): F-2	60 [0 < 0.000000e+00]
INFO: main.c(185): G-0	2 [0 < 0.000000e+00]
INFO: main.c(185): G-1	2 [0 < 0.000000e+00]
INFO: main.c(185): G-2	2 [0 < 0.000000e+00]
INFO: main.c(185): HH-0	19 [0 < 0.000000e+00]
INFO: main.c(185): HH-1	19 [0 < 0.000000e+00]
INFO: main.c(185): HH-2	19 [0 < 0.000000e+00]
INFO: main.c(185): IH-0	9 [0 < 0.000000e+00]
INFO: main.c(185): IH-1	9 [0 < 0.000000e+00]
INFO: main.c(185): IH-2	9 [0 < 0.000000e+00]
INFO: main.c(185): IY-0	195 [0 < 0.000000e+00]
INFO: main.c(185): IY-1	195 [0 < 0.000000e+00]
INFO: main.c(185): IY-2	195 [0 < 0.000000e+00]
INFO: main.c(185): JH-0	14 [0 < 0.000000e+00]
INFO: main.c(185): JH-1	14 [0 < 0.000000e+00]
INFO: main.c(185): JH-2	14 [0 < 0.000000e+00]
INFO: main.c(185): K-0	17 [0 < 0.000000e+00]
INFO: main.c(185): K-1	17 [0 < 0.000000e+00]
INFO: main.c(185): K-2	17 [0 < 0.000000e+00]
INFO: main.c(185): L-0	22 [0 < 0.000000e+00]
INFO: main.c(185): L-1	22 [0 < 0.000000e+00]
INFO: main.c(185): L-2	22 [0 < 0.000000e+00]
INFO: main.c(185): M-0	19 [0 < 0.000000e+00]
INFO: main.c(185): M-1	19 [0 < 0.000000e+00]
INFO: main.c(185): M-2	19 [0 < 0.000000e+00]
INFO: main.c(185): N-0	73 [0 < 0.000000e+00]
INFO: main.c(185): N-1	73 [0 < 0.000000e+00]
INFO: main.c(185): N-2	73 [0 < 0.000000e+00]
INFO: main.c(185): OW-0	95 [0 < 0.000000e+00]
INFO: main.c(185): OW-1	95 [0 < 0.000000e+00]
INFO: main.c(185): OW-2	95 [0 < 0.000000e+00]
INFO: main.c(185): P-0	16 [0 < 0.000000e+00]
INFO: main.c(185): P-1	16 [0 < 0.000000e+00]
INFO: main.c(185): P-2	16 [0 < 0.000000e+00]
INFO: main.c(185): R-0	38 [0 < 0.000000e+00]
INFO: main.c(185): R-1	38 [0 < 0.000000e+00]
INFO: main.c(185): R-2	38 [0 < 0.000000e+00]
INFO: main.c(185): S-0	92 [0 < 0.000000e+00]
INFO: main.c(185): S-1	92 [0 < 0.000000e+00]
INFO: main.c(185): S-2	92 [0 < 0.000000e+00]
INFO: main.c(185): T-0	70 [0 < 0.000000e+00]
INFO: main.c(185): T-1	70 [0 < 0.000000e+00]
INFO: main.c(185): T-2	70 [0 < 0.000000e+00]
INFO: main.c(185): TH-0	38 [0 < 0.000000e+00]
INFO: main.c(185): TH-1	38 [0 < 0.000000e+00]
INFO: main.c(185): TH-2	38 [0 < 0.000000e+00]
INFO: main.c(185): UW-0	28 [0 < 0.000000e+00]
INFO: main.c(185): UW-1	28 [0 < 0.000000e+00]
INFO: main.c(185): UW-2	28 [0 < 0.000000e+00]
INFO: main.c(185): V-0	25 [0 < 0.000000e+00]
INFO: main.c(185): V-1	25 [0 < 0.000000e+00]
INFO: main.c(185): V-2	25 [0 < 0.000000e+00]
INFO: main.c(185): W-0	15 [0 < 0.000000e+00]
INFO: main.c(185): W-1	15 [0 < 0.000000e+00]
INFO: main.c(185): W-2	15 [0 < 0.000000e+00]
INFO: main.c(185): Y-0	15 [0 < 0.000000e+00]
INFO: main.c(185): Y-1	15 [0 < 0.000000e+00]
INFO: main.c(185): Y-2	15 [0 < 0.000000e+00]
INFO: main.c(185): Z-0	20 [0 < 0.000000e+00]
INFO: main.c(185): Z-1	20 [0 < 0.000000e+00]
INFO: main.c(185): Z-2	20 [0 < 0.000000e+00]
INFO: main.c(270): Prior to pruning n_seno= 3852
INFO: main.c(278): n_twig= 1212
INFO: main.c(308): Pruning 3832 nodes
INFO: main.c(341): Root node extracted (AE 2) from heap
INFO: main.c(341): Root node extracted (G 2) from heap
INFO: main.c(341): Root node extracted (AE 1) from heap
INFO: main.c(341): Root node extracted (G 1) from heap
INFO: main.c(341): Root node extracted (JH 1) from heap
INFO: main.c(341): Root node extracted (AW 0) from heap
INFO: main.c(341): Root node extracted (CH 1) from heap
INFO: main.c(341): Root node extracted (AW 1) from heap
INFO: main.c(341): Root node extracted (JH 2) from heap
INFO: main.c(341): Root node extracted (Z 1) from heap
INFO: main.c(341): Root node extracted (AE 0) from heap
INFO: main.c(341): Root node extracted (M 1) from heap
INFO: main.c(341): Root node extracted (M 2) from heap
INFO: main.c(341): Root node extracted (G 0) from heap
INFO: main.c(341): Root node extracted (AW 2) from heap
INFO: main.c(341): Root node extracted (TH 1) from heap
INFO: main.c(341): Root node extracted (TH 0) from heap
INFO: main.c(341): Root node extracted (Z 2) from heap
INFO: main.c(341): Root node extracted (ER 2) from heap
INFO: main.c(341): Root node extracted (CH 0) from heap
INFO: main.c(341): Root node extracted (M 0) from heap
INFO: main.c(341): Root node extracted (Z 0) from heap
INFO: main.c(341): Root node extracted (TH 2) from heap
INFO: main.c(341): Root node extracted (P 1) from heap
INFO: main.c(341): Root node extracted (ER 1) from heap
INFO: main.c(341): Root node extracted (JH 0) from heap
INFO: main.c(341): Root node extracted (P 2) from heap
INFO: main.c(341): Root node extracted (CH 2) from heap
INFO: main.c(341): Root node extracted (D 2) from heap
INFO: main.c(341): Root node extracted (ER 0) from heap
INFO: main.c(341): Root node extracted (AA 1) from heap
INFO: main.c(341): Root node extracted (D 1) from heap
INFO: main.c(341): Root node extracted (OW 2) from heap
INFO: main.c(341): Root node extracted (W 1) from heap
INFO: main.c(341): Root node extracted (AA 2) from heap
INFO: main.c(341): Root node extracted (EY 2) from heap
INFO: main.c(341): Root node extracted (T 1) from heap
INFO: main.c(341): Root node extracted (B 1) from heap
INFO: main.c(341): Root node extracted (OW 0) from heap
INFO: main.c(341): Root node extracted (W 2) from heap
INFO: main.c(341): Root node extracted (Y 2) from heap
INFO: main.c(341): Root node extracted (F 1) from heap
INFO: main.c(341): Root node extracted (L 0) from heap
INFO: main.c(341): Root node extracted (K 0) from heap
INFO: main.c(341): Root node extracted (Y 1) from heap
INFO: main.c(341): Root node extracted (HH 0) from heap
INFO: main.c(341): Root node extracted (B 2) from heap
INFO: main.c(341): Root node extracted (K 1) from heap
INFO: main.c(341): Root node extracted (HH 2) from heap
INFO: main.c(341): Root node extracted (P 0) from heap
INFO: main.c(341): Root node extracted (HH 1) from heap
INFO: main.c(341): Root node extracted (L 2) from heap
INFO: main.c(341): Root node extracted (OW 1) from heap
INFO: main.c(341): Root node extracted (Y 0) from heap
INFO: main.c(341): Root node extracted (V 1) from heap
INFO: main.c(341): Root node extracted (F 2) from heap
INFO: main.c(341): Root node extracted (D 0) from heap
INFO: main.c(341): Root node extracted (UW 2) from heap
INFO: main.c(341): Root node extracted (F 0) from heap
INFO: main.c(341): Root node extracted (IH 1) from heap
INFO: main.c(341): Root node extracted (IH 2) from heap
INFO: main.c(341): Root node extracted (V 0) from heap
INFO: main.c(341): Root node extracted (AA 0) from heap
INFO: main.c(341): Root node extracted (V 2) from heap
INFO: main.c(341): Root node extracted (EY 1) from heap
INFO: main.c(341): Root node extracted (W 0) from heap
INFO: main.c(341): Root node extracted (EY 0) from heap
INFO: main.c(341): Root node extracted (T 0) from heap
INFO: main.c(341): Root node extracted (B 0) from heap
INFO: main.c(341): Root node extracted (AY 2) from heap
INFO: main.c(341): Root node extracted (AY 1) from heap
INFO: main.c(341): Root node extracted (T 2) from heap
INFO: main.c(341): Root node extracted (K 2) from heap
INFO: main.c(341): Root node extracted (IH 0) from heap
INFO: main.c(341): Root node extracted (S 1) from heap
INFO: main.c(341): Root node extracted (N 2) from heap
INFO: main.c(341): Root node extracted (L 1) from heap
INFO: main.c(341): Root node extracted (IY 2) from heap
INFO: main.c(341): Root node extracted (S 2) from heap
INFO: main.c(341): Root node extracted (EH 2) from heap
INFO: main.c(341): Root node extracted (N 0) from heap
INFO: main.c(341): Root node extracted (R 1) from heap
INFO: main.c(341): Root node extracted (UW 0) from heap
INFO: main.c(341): Root node extracted (N 1) from heap
INFO: main.c(341): Root node extracted (EH 0) from heap
INFO: main.c(341): Root node extracted (EH 1) from heap
INFO: main.c(341): Root node extracted (S 0) from heap
INFO: main.c(341): Root node extracted (R 2) from heap
INFO: main.c(341): Root node extracted (UW 1) from heap
INFO: main.c(341): Root node extracted (AH 1) from heap
INFO: main.c(341): Root node extracted (AY 0) from heap
INFO: main.c(341): Root node extracted (IY 0) from heap
INFO: main.c(341): Root node extracted (AH 0) from heap
INFO: main.c(341): Root node extracted (IY 1) from heap
INFO: main.c(341): Root node extracted (R 0) from heap
INFO: main.c(341): Root node extracted (AH 2) from heap
WARN: "main.c", line 365: 20 seno's not generated because heap ran out
INFO: main.c(386): AA-0	1
INFO: main.c(386): AA-1	1
INFO: main.c(386): AA-2	1
INFO: main.c(386): AE-0	1
INFO: main.c(386): AE-1	1
INFO: main.c(386): AE-2	1
INFO: main.c(386): AH-0	1
INFO: main.c(386): AH-1	1
INFO: main.c(386): AH-2	1
INFO: main.c(386): AO-0	1
INFO: main.c(386): AO-1	1
INFO: main.c(386): AO-2	1
INFO: main.c(386): AW-0	1
INFO: main.c(386): AW-1	1
INFO: main.c(386): AW-2	1
INFO: main.c(386): AY-0	1
INFO: main.c(386): AY-1	1
INFO: main.c(386): AY-2	1
INFO: main.c(386): B-0	1
INFO: main.c(386): B-1	1
INFO: main.c(386): B-2	1
INFO: main.c(386): CH-0	1
INFO: main.c(386): CH-1	1
INFO: main.c(386): CH-2	1
INFO: main.c(386): D-0	1
INFO: main.c(386): D-1	1
INFO: main.c(386): D-2	1
INFO: main.c(386): EH-0	1
INFO: main.c(386): EH-1	1
INFO: main.c(386): EH-2	1
INFO: main.c(386): ER-0	1
INFO: main.c(386): ER-1	1
INFO: main.c(386): ER-2	1
INFO: main.c(386): EY-0	1
INFO: main.c(386): EY-1	1
INFO: main.c(386): EY-2	1
INFO: main.c(386): F-0	1
INFO: main.c(386): F-1	1
INFO: main.c(386): F-2	1
INFO: main.c(386): G-0	1
INFO: main.c(386): G-1	1
INFO: main.c(386): G-2	1
INFO: main.c(386): HH-0	1
INFO: main.c(386): HH-1	1
INFO: main.c(386): HH-2	1
INFO: main.c(386): IH-0	1
INFO: main.c(386): IH-1	1
INFO: main.c(386): IH-2	1
INFO: main.c(386): IY-0	1
INFO: main.c(386): IY-1	1
INFO: main.c(386): IY-2	1
INFO: main.c(386): JH-0	1
INFO: main.c(386): JH-1	1
INFO: main.c(386): JH-2	1
INFO: main.c(386): K-0	1
INFO: main.c(386): K-1	1
INFO: main.c(386): K-2	1
INFO: main.c(386): L-0	1
INFO: main.c(386): L-1	1
INFO: main.c(386): L-2	1
INFO: main.c(386): M-0	1
INFO: main.c(386): M-1	1
INFO: main.c(386): M-2	1
INFO: main.c(386): N-0	1
INFO: main.c(386): N-1	1
INFO: main.c(386): N-2	1
INFO: main.c(386): OW-0	1
INFO: main.c(386): OW-1	1
INFO: main.c(386): OW-2	1
INFO: main.c(386): P-0	1
INFO: main.c(386): P-1	1
INFO: main.c(386): P-2	1
INFO: main.c(386): R-0	1
INFO: main.c(386): R-1	1
INFO: main.c(386): R-2	1
INFO: main.c(386): S-0	1
INFO: main.c(386): S-1	1
INFO: main.c(386): S-2	1
INFO: main.c(386): T-0	1
INFO: main.c(386): T-1	1
INFO: main.c(386): T-2	1
INFO: main.c(386): TH-0	1
INFO: main.c(386): TH-1	1
INFO: main.c(386): TH-2	1
INFO: main.c(386): UW-0	1
INFO: main.c(386): UW-1	1
INFO: main.c(386): UW-2	1
INFO: main.c(386): V-0	1
INFO: main.c(386): V-1	1
INFO: main.c(386): V-2	1
INFO: main.c(386): W-0	1
INFO: main.c(386): W-1	1
INFO: main.c(386): W-2	1
INFO: main.c(386): Y-0	1
INFO: main.c(386): Y-1	1
INFO: main.c(386): Y-2	1
INFO: main.c(386): Z-0	1
INFO: main.c(386): Z-1	1
INFO: main.c(386): Z-2	1
Wed Dec 20 23:52:25 2017
